<?xml version="1.0" encoding="UTF-8"?>
<testsuites name="Inspect_Regression_Suite" time="2081.066" tests="68" failures="6" skips="0" errors="0">
   <testsuite name="RegisterUser_Regression" tests="30" failures="3" errors="0" time="1211.753" skips="0" timestamp="2021-02-18 19:09:20" hostname="ashok - OMTPGCN1132568L" id="Test Suites/Regression_Suite/RegisterUser_Suite/RegisterUser_Regression">
      <properties>
         <property name="deviceName" value=""/>
         <property name="devicePlatform" value=""/>
         <property name="logFolder" value="E:\\Inspect\\15022021\\SiteInspectAutomation\\Reports\\20210218_190906\\Regression_Suite\\RegisterUser_Suite\\RegisterUser_Regression\\20210218_190907"/>
         <property name="logFiles" value="E:\\Inspect\\15022021\\SiteInspectAutomation\\Reports\\20210218_190906\\Regression_Suite\\RegisterUser_Suite\\RegisterUser_Regression\\20210218_190907\\execution0.log"/>
         <property name="attachments" value="E:\\Inspect\\15022021\\SiteInspectAutomation\\Reports\\20210218_190906\\Regression_Suite\\RegisterUser_Suite\\RegisterUser_Regression\\20210218_190907\\1613656110771.png, E:\\Inspect\\15022021\\SiteInspectAutomation\\Reports\\20210218_190906\\Regression_Suite\\RegisterUser_Suite\\RegisterUser_Regression\\20210218_190907\\1613656180332.png, E:\\Inspect\\15022021\\SiteInspectAutomation\\Reports\\20210218_190906\\Regression_Suite\\RegisterUser_Suite\\RegisterUser_Regression\\20210218_190907\\1613656771048.png"/>
         <property name="hostName" value="ashok - OMTPGCN1132568L"/>
         <property name="os" value="Windows 10 64bit"/>
         <property name="katalonVersion" value="7.8.2.208"/>
         <property name="browser" value="Chrome 86.0.4240.75"/>
         <property name="hostAddress" value="192.168.1.11"/>
         <property name="sessionId" value="4335973661edd804ccdeb664b3a7f3c0"/>
         <property name="seleniumVersion" value="3.141.59"/>
         <property name="proxyInformation" value="ProxyInformation { proxyOption=NO_PROXY, proxyServerType=HTTP, username=, password=********, proxyServerAddress=, proxyServerPort=0, executionList=&quot;&quot;, isApplyToDesiredCapabilities=true }"/>
         <property name="platform" value="Windows 10"/>
      </properties>
      <testcase name="Test Cases/UploadDiffFiles_RegisterUser/TC_As a register user, Upload Adobe PhotoShop File and verify Uploded file in Submission Page" time="43.073" classname="Test Cases/UploadDiffFiles_RegisterUser/TC_As a register user, Upload Adobe PhotoShop File and verify Uploded file in Submission Page" status="PASSED">
         <system-out><![CDATA[2021-02-18 19:09:22 - [TEST_CASE][PASSED] - Test Cases/UploadDiffFiles_RegisterUser/TC_As a register user, Upload Adobe PhotoShop File and verify Uploded file in Submission Page: Test Cases/UploadDiffFiles_RegisterUser/TC_As a register user, Upload Adobe PhotoShop File and verify Uploded file in Submission Page

2021-02-18 19:09:22 - [TEST_STEP][PASSED] - excelTestData = findTestData("Data Files/TestData/InspectTestData"): null

2021-02-18 19:09:22 - [TEST_STEP][PASSED] - rigisterUN = excelTestData.getValue(6, 23): null

2021-02-18 19:09:22 - [TEST_STEP][PASSED] - rigisterPW = excelTestData.getValue(3, 23): null

2021-02-18 19:09:22 - [TEST_STEP][PASSED] - customKeywords.commanFunctions.uploadFileOfRegisterUser(309, rigisterUN, rigisterPW): customKeywords.commanFunctions.uploadFileOfRegisterUser is PASSED

2021-02-18 19:09:23 - [MESSAGE][INFO] - Starting 'Chrome' driver

2021-02-18 19:09:23 - [MESSAGE][INFO] - Action delay is set to 0 milliseconds

2021-02-18 19:09:34 - [MESSAGE][PASSED] - Browser is opened with url: 'https://Inspect.Stage.site.sa'

2021-02-18 19:09:36 - [MESSAGE][PASSED] - Current window maximized

2021-02-18 19:09:36 - [MESSAGE][PASSED] - Wait for page load successfully

2021-02-18 19:09:36 - [MESSAGE][PASSED] - Object 'Object Repository/LoginAndRigisterUser/LoginLink' is clickable

2021-02-18 19:09:37 - [MESSAGE][INFO] - Clicked on element with JS

2021-02-18 19:09:37 - [MESSAGE][PASSED] - Keys 'Os-anelapatla@projects.site.sa' sent to object: 'Object Repository/LoginAndRigisterUser/UserName_Email_Input'

2021-02-18 19:09:38 - [MESSAGE][PASSED] - Keys 'Test@12345' sent to object: 'Object Repository/LoginAndRigisterUser/Password_Input'

2021-02-18 19:09:39 - [MESSAGE][PASSED] - Delayed 1 second(s)

2021-02-18 19:09:39 - [MESSAGE][PASSED] - Object 'Object Repository/LoginAndRigisterUser/LoginBtn' is clickable

2021-02-18 19:09:39 - [MESSAGE][INFO] - Clicked on element with JS

2021-02-18 19:09:42 - [MESSAGE][PASSED] - Keys '0' sent to object: 'Object Repository/LoginAndRigisterUser/otpOne'

2021-02-18 19:09:42 - [MESSAGE][PASSED] - Keys '0' sent to object: 'Object Repository/LoginAndRigisterUser/otpTwo'

2021-02-18 19:09:43 - [MESSAGE][PASSED] - Keys '0' sent to object: 'Object Repository/LoginAndRigisterUser/otpThree'

2021-02-18 19:09:44 - [MESSAGE][PASSED] - Keys '0' sent to object: 'Object Repository/LoginAndRigisterUser/otpFour'

2021-02-18 19:09:45 - [MESSAGE][PASSED] - Keys '0' sent to object: 'Object Repository/LoginAndRigisterUser/otpFive'

2021-02-18 19:09:46 - [MESSAGE][INFO] - Clicked on element with JS

2021-02-18 19:09:48 - [MESSAGE][PASSED] - Object: 'Object Repository/HomePage/ChooseAFile' is clicked on

2021-02-18 19:09:50 - [MESSAGE][PASSED] - Delayed 2 second(s)

2021-02-18 19:09:52 - [MESSAGE][INFO] - Image Uploaded Sucsessfully

2021-02-18 19:09:54 - [MESSAGE][PASSED] - Delayed 2 second(s)

2021-02-18 19:09:55 - [MESSAGE][PASSED] - Text 'Adobe PhotoShop' is present on page 

2021-02-18 19:09:56 - [MESSAGE][PASSED] - Object: 'Object Repository/HomePage/Window7RadioBtn' is clicked on

2021-02-18 19:09:58 - [MESSAGE][PASSED] - Scroll to object 'Object Repository/HomePage/startAnalysis_EnableBtn' successfully

2021-02-18 19:09:58 - [MESSAGE][PASSED] - Object: 'Object Repository/HomePage/startAnalysis_EnableBtn' is clicked on

2021-02-18 19:10:01 - [MESSAGE][PASSED] - Object 'Object Repository/SubmissionPage/Submission_SearchIcon' is visible

2021-02-18 19:10:01 - [MESSAGE][PASSED] - Object 'Object Repository/SubmissionPage/Submission_SearchIcon' is visible

2021-02-18 19:10:02 - [MESSAGE][PASSED] - Actual object 'Adobe PhotoShop.psd' and expected object 'Adobe PhotoShop.psd' are equal

2021-02-18 19:10:02 - [MESSAGE][PASSED] - customKeywords.commanFunctions.uploadFileOfRegisterUser is PASSED

2021-02-18 19:10:02 - [TEST_STEP][PASSED] - customKeywords.commanFunctions.logOutAndcloseBrowser(): customKeywords.commanFunctions.logOutAndcloseBrowser is PASSED

2021-02-18 19:10:02 - [MESSAGE][PASSED] - Object 'Object Repository/LoginAndRigisterUser/AdminDD' is clickable

2021-02-18 19:10:02 - [MESSAGE][INFO] - Clicked on element with JS

2021-02-18 19:10:03 - [MESSAGE][INFO] - Clicked on element with JS

2021-02-18 19:10:04 - [MESSAGE][PASSED] - Delayed 1 second(s)

2021-02-18 19:10:05 - [MESSAGE][PASSED] - Browser is closed

2021-02-18 19:10:05 - [MESSAGE][PASSED] - customKeywords.commanFunctions.logOutAndcloseBrowser is PASSED]]></system-out>
         <system-err><![CDATA[]]></system-err>
      </testcase>
      <testcase name="Test Cases/UploadDiffFiles_RegisterUser/TC_As a register user, Upload Basic Audio File and verify Uploded file in Submission Page" time="39.028" classname="Test Cases/UploadDiffFiles_RegisterUser/TC_As a register user, Upload Basic Audio File and verify Uploded file in Submission Page" status="PASSED">
         <system-out><![CDATA[2021-02-18 19:10:05 - [TEST_CASE][PASSED] - Test Cases/UploadDiffFiles_RegisterUser/TC_As a register user, Upload Basic Audio File and verify Uploded file in Submission Page: Test Cases/UploadDiffFiles_RegisterUser/TC_As a register user, Upload Basic Audio File and verify Uploded file in Submission Page

2021-02-18 19:10:05 - [TEST_STEP][PASSED] - excelTestData = findTestData("Data Files/TestData/InspectTestData"): null

2021-02-18 19:10:05 - [TEST_STEP][PASSED] - rigisterUN = excelTestData.getValue(2, 23): null

2021-02-18 19:10:05 - [TEST_STEP][PASSED] - rigisterPW = excelTestData.getValue(3, 23): null

2021-02-18 19:10:05 - [TEST_STEP][PASSED] - customKeywords.commanFunctions.uploadFileOfRegisterUser(264, rigisterUN, rigisterPW): customKeywords.commanFunctions.uploadFileOfRegisterUser is PASSED

2021-02-18 19:10:05 - [MESSAGE][INFO] - Starting 'Chrome' driver

2021-02-18 19:10:05 - [MESSAGE][INFO] - Action delay is set to 0 milliseconds

2021-02-18 19:10:15 - [MESSAGE][PASSED] - Browser is opened with url: 'https://Inspect.Stage.site.sa'

2021-02-18 19:10:17 - [MESSAGE][PASSED] - Current window maximized

2021-02-18 19:10:17 - [MESSAGE][PASSED] - Wait for page load successfully

2021-02-18 19:10:17 - [MESSAGE][PASSED] - Object 'Object Repository/LoginAndRigisterUser/LoginLink' is clickable

2021-02-18 19:10:18 - [MESSAGE][INFO] - Clicked on element with JS

2021-02-18 19:10:18 - [MESSAGE][PASSED] - Keys 'Os-ARahman@projects.site.sa' sent to object: 'Object Repository/LoginAndRigisterUser/UserName_Email_Input'

2021-02-18 19:10:19 - [MESSAGE][PASSED] - Keys 'Test@12345' sent to object: 'Object Repository/LoginAndRigisterUser/Password_Input'

2021-02-18 19:10:20 - [MESSAGE][PASSED] - Delayed 1 second(s)

2021-02-18 19:10:20 - [MESSAGE][PASSED] - Object 'Object Repository/LoginAndRigisterUser/LoginBtn' is clickable

2021-02-18 19:10:20 - [MESSAGE][INFO] - Clicked on element with JS

2021-02-18 19:10:23 - [MESSAGE][PASSED] - Keys '0' sent to object: 'Object Repository/LoginAndRigisterUser/otpOne'

2021-02-18 19:10:24 - [MESSAGE][PASSED] - Keys '0' sent to object: 'Object Repository/LoginAndRigisterUser/otpTwo'

2021-02-18 19:10:25 - [MESSAGE][PASSED] - Keys '0' sent to object: 'Object Repository/LoginAndRigisterUser/otpThree'

2021-02-18 19:10:25 - [MESSAGE][PASSED] - Keys '0' sent to object: 'Object Repository/LoginAndRigisterUser/otpFour'

2021-02-18 19:10:26 - [MESSAGE][PASSED] - Keys '0' sent to object: 'Object Repository/LoginAndRigisterUser/otpFive'

2021-02-18 19:10:27 - [MESSAGE][INFO] - Clicked on element with JS

2021-02-18 19:10:29 - [MESSAGE][PASSED] - Object: 'Object Repository/HomePage/ChooseAFile' is clicked on

2021-02-18 19:10:31 - [MESSAGE][PASSED] - Delayed 2 second(s)

2021-02-18 19:10:33 - [MESSAGE][INFO] - Image Uploaded Sucsessfully

2021-02-18 19:10:35 - [MESSAGE][PASSED] - Delayed 2 second(s)

2021-02-18 19:10:36 - [MESSAGE][PASSED] - Text 'BasicAudio' is present on page 

2021-02-18 19:10:36 - [MESSAGE][PASSED] - Object: 'Object Repository/HomePage/Window7RadioBtn' is clicked on

2021-02-18 19:10:37 - [MESSAGE][PASSED] - Scroll to object 'Object Repository/HomePage/startAnalysis_EnableBtn' successfully

2021-02-18 19:10:38 - [MESSAGE][PASSED] - Object: 'Object Repository/HomePage/startAnalysis_EnableBtn' is clicked on

2021-02-18 19:10:40 - [MESSAGE][PASSED] - Object 'Object Repository/SubmissionPage/Submission_SearchIcon' is visible

2021-02-18 19:10:40 - [MESSAGE][PASSED] - Object 'Object Repository/SubmissionPage/Submission_SearchIcon' is visible

2021-02-18 19:10:41 - [MESSAGE][PASSED] - Actual object 'BasicAudio.au' and expected object 'BasicAudio.au' are equal

2021-02-18 19:10:41 - [MESSAGE][PASSED] - customKeywords.commanFunctions.uploadFileOfRegisterUser is PASSED

2021-02-18 19:10:41 - [TEST_STEP][PASSED] - customKeywords.commanFunctions.logOutAndcloseBrowser(): customKeywords.commanFunctions.logOutAndcloseBrowser is PASSED

2021-02-18 19:10:41 - [MESSAGE][PASSED] - Object 'Object Repository/LoginAndRigisterUser/AdminDD' is clickable

2021-02-18 19:10:42 - [MESSAGE][INFO] - Clicked on element with JS

2021-02-18 19:10:42 - [MESSAGE][INFO] - Clicked on element with JS

2021-02-18 19:10:43 - [MESSAGE][PASSED] - Delayed 1 second(s)

2021-02-18 19:10:44 - [MESSAGE][PASSED] - Browser is closed

2021-02-18 19:10:44 - [MESSAGE][PASSED] - customKeywords.commanFunctions.logOutAndcloseBrowser is PASSED]]></system-out>
         <system-err><![CDATA[]]></system-err>
      </testcase>
      <testcase name="Test Cases/UploadDiffFiles_RegisterUser/TC_As a register user, Upload CSV File and verify Uploded file in Submission Page" time="38.756" classname="Test Cases/UploadDiffFiles_RegisterUser/TC_As a register user, Upload CSV File and verify Uploded file in Submission Page" status="PASSED">
         <system-out><![CDATA[2021-02-18 19:10:44 - [TEST_CASE][PASSED] - Test Cases/UploadDiffFiles_RegisterUser/TC_As a register user, Upload CSV File and verify Uploded file in Submission Page: Test Cases/UploadDiffFiles_RegisterUser/TC_As a register user, Upload CSV File and verify Uploded file in Submission Page

2021-02-18 19:10:44 - [TEST_STEP][PASSED] - excelTestData = findTestData("Data Files/TestData/InspectTestData"): null

2021-02-18 19:10:44 - [TEST_STEP][PASSED] - rigisterUN = excelTestData.getValue(2, 23): null

2021-02-18 19:10:44 - [TEST_STEP][PASSED] - rigisterPW = excelTestData.getValue(3, 23): null

2021-02-18 19:10:44 - [TEST_STEP][PASSED] - customKeywords.commanFunctions.uploadFileOfRegisterUser(208, rigisterUN, rigisterPW): customKeywords.commanFunctions.uploadFileOfRegisterUser is PASSED

2021-02-18 19:10:44 - [MESSAGE][INFO] - Starting 'Chrome' driver

2021-02-18 19:10:44 - [MESSAGE][INFO] - Action delay is set to 0 milliseconds

2021-02-18 19:10:53 - [MESSAGE][PASSED] - Browser is opened with url: 'https://Inspect.Stage.site.sa'

2021-02-18 19:10:55 - [MESSAGE][PASSED] - Current window maximized

2021-02-18 19:10:55 - [MESSAGE][PASSED] - Wait for page load successfully

2021-02-18 19:10:56 - [MESSAGE][PASSED] - Object 'Object Repository/LoginAndRigisterUser/LoginLink' is clickable

2021-02-18 19:10:56 - [MESSAGE][INFO] - Clicked on element with JS

2021-02-18 19:10:57 - [MESSAGE][PASSED] - Keys 'Os-ARahman@projects.site.sa' sent to object: 'Object Repository/LoginAndRigisterUser/UserName_Email_Input'

2021-02-18 19:10:57 - [MESSAGE][PASSED] - Keys 'Test@12345' sent to object: 'Object Repository/LoginAndRigisterUser/Password_Input'

2021-02-18 19:10:58 - [MESSAGE][PASSED] - Delayed 1 second(s)

2021-02-18 19:10:59 - [MESSAGE][PASSED] - Object 'Object Repository/LoginAndRigisterUser/LoginBtn' is clickable

2021-02-18 19:10:59 - [MESSAGE][INFO] - Clicked on element with JS

2021-02-18 19:11:01 - [MESSAGE][PASSED] - Keys '0' sent to object: 'Object Repository/LoginAndRigisterUser/otpOne'

2021-02-18 19:11:02 - [MESSAGE][PASSED] - Keys '0' sent to object: 'Object Repository/LoginAndRigisterUser/otpTwo'

2021-02-18 19:11:03 - [MESSAGE][PASSED] - Keys '0' sent to object: 'Object Repository/LoginAndRigisterUser/otpThree'

2021-02-18 19:11:03 - [MESSAGE][PASSED] - Keys '0' sent to object: 'Object Repository/LoginAndRigisterUser/otpFour'

2021-02-18 19:11:05 - [MESSAGE][PASSED] - Keys '0' sent to object: 'Object Repository/LoginAndRigisterUser/otpFive'

2021-02-18 19:11:05 - [MESSAGE][INFO] - Clicked on element with JS

2021-02-18 19:11:07 - [MESSAGE][PASSED] - Object: 'Object Repository/HomePage/ChooseAFile' is clicked on

2021-02-18 19:11:09 - [MESSAGE][PASSED] - Delayed 2 second(s)

2021-02-18 19:11:11 - [MESSAGE][INFO] - Image Uploaded Sucsessfully

2021-02-18 19:11:13 - [MESSAGE][PASSED] - Delayed 2 second(s)

2021-02-18 19:11:14 - [MESSAGE][PASSED] - Text 'SampleCSVFile' is present on page 

2021-02-18 19:11:15 - [MESSAGE][PASSED] - Object: 'Object Repository/HomePage/Window7RadioBtn' is clicked on

2021-02-18 19:11:16 - [MESSAGE][PASSED] - Scroll to object 'Object Repository/HomePage/startAnalysis_EnableBtn' successfully

2021-02-18 19:11:17 - [MESSAGE][PASSED] - Object: 'Object Repository/HomePage/startAnalysis_EnableBtn' is clicked on

2021-02-18 19:11:19 - [MESSAGE][PASSED] - Object 'Object Repository/SubmissionPage/Submission_SearchIcon' is visible

2021-02-18 19:11:19 - [MESSAGE][PASSED] - Object 'Object Repository/SubmissionPage/Submission_SearchIcon' is visible

2021-02-18 19:11:20 - [MESSAGE][PASSED] - Actual object 'SampleCSVFile.csv' and expected object 'SampleCSVFile.csv' are equal

2021-02-18 19:11:20 - [MESSAGE][PASSED] - customKeywords.commanFunctions.uploadFileOfRegisterUser is PASSED

2021-02-18 19:11:20 - [TEST_STEP][PASSED] - customKeywords.commanFunctions.logOutAndcloseBrowser(): customKeywords.commanFunctions.logOutAndcloseBrowser is PASSED

2021-02-18 19:11:20 - [MESSAGE][PASSED] - Object 'Object Repository/LoginAndRigisterUser/AdminDD' is clickable

2021-02-18 19:11:20 - [MESSAGE][INFO] - Clicked on element with JS

2021-02-18 19:11:21 - [MESSAGE][INFO] - Clicked on element with JS

2021-02-18 19:11:22 - [MESSAGE][PASSED] - Delayed 1 second(s)

2021-02-18 19:11:23 - [MESSAGE][PASSED] - Browser is closed

2021-02-18 19:11:23 - [MESSAGE][PASSED] - customKeywords.commanFunctions.logOutAndcloseBrowser is PASSED]]></system-out>
         <system-err><![CDATA[]]></system-err>
      </testcase>
      <testcase name="Test Cases/UploadDiffFiles_RegisterUser/TC_As a register user, Upload Exe File and verify Uploded file in Submission Page" time="47.297" classname="Test Cases/UploadDiffFiles_RegisterUser/TC_As a register user, Upload Exe File and verify Uploded file in Submission Page" status="PASSED">
         <system-out><![CDATA[2021-02-18 19:11:23 - [TEST_CASE][PASSED] - Test Cases/UploadDiffFiles_RegisterUser/TC_As a register user, Upload Exe File and verify Uploded file in Submission Page: Test Cases/UploadDiffFiles_RegisterUser/TC_As a register user, Upload Exe File and verify Uploded file in Submission Page

2021-02-18 19:11:23 - [TEST_STEP][PASSED] - excelTestData = findTestData("Data Files/TestData/InspectTestData"): null

2021-02-18 19:11:23 - [TEST_STEP][PASSED] - rigisterUN = excelTestData.getValue(6, 23): null

2021-02-18 19:11:23 - [TEST_STEP][PASSED] - rigisterPW = excelTestData.getValue(3, 23): null

2021-02-18 19:11:23 - [TEST_STEP][PASSED] - customKeywords.commanFunctions.uploadFileOfRegisterUser(204, rigisterUN, rigisterPW): customKeywords.commanFunctions.uploadFileOfRegisterUser is PASSED

2021-02-18 19:11:23 - [MESSAGE][INFO] - Starting 'Chrome' driver

2021-02-18 19:11:23 - [MESSAGE][INFO] - Action delay is set to 0 milliseconds

2021-02-18 19:11:32 - [MESSAGE][PASSED] - Browser is opened with url: 'https://Inspect.Stage.site.sa'

2021-02-18 19:11:34 - [MESSAGE][PASSED] - Current window maximized

2021-02-18 19:11:34 - [MESSAGE][PASSED] - Wait for page load successfully

2021-02-18 19:11:35 - [MESSAGE][PASSED] - Object 'Object Repository/LoginAndRigisterUser/LoginLink' is clickable

2021-02-18 19:11:35 - [MESSAGE][INFO] - Clicked on element with JS

2021-02-18 19:11:36 - [MESSAGE][PASSED] - Keys 'Os-anelapatla@projects.site.sa' sent to object: 'Object Repository/LoginAndRigisterUser/UserName_Email_Input'

2021-02-18 19:11:36 - [MESSAGE][PASSED] - Keys 'Test@12345' sent to object: 'Object Repository/LoginAndRigisterUser/Password_Input'

2021-02-18 19:11:37 - [MESSAGE][PASSED] - Delayed 1 second(s)

2021-02-18 19:11:37 - [MESSAGE][PASSED] - Object 'Object Repository/LoginAndRigisterUser/LoginBtn' is clickable

2021-02-18 19:11:38 - [MESSAGE][INFO] - Clicked on element with JS

2021-02-18 19:11:46 - [MESSAGE][PASSED] - Keys '0' sent to object: 'Object Repository/LoginAndRigisterUser/otpOne'

2021-02-18 19:11:47 - [MESSAGE][PASSED] - Keys '0' sent to object: 'Object Repository/LoginAndRigisterUser/otpTwo'

2021-02-18 19:11:48 - [MESSAGE][PASSED] - Keys '0' sent to object: 'Object Repository/LoginAndRigisterUser/otpThree'

2021-02-18 19:11:49 - [MESSAGE][PASSED] - Keys '0' sent to object: 'Object Repository/LoginAndRigisterUser/otpFour'

2021-02-18 19:11:49 - [MESSAGE][PASSED] - Keys '0' sent to object: 'Object Repository/LoginAndRigisterUser/otpFive'

2021-02-18 19:11:50 - [MESSAGE][INFO] - Clicked on element with JS

2021-02-18 19:11:53 - [MESSAGE][PASSED] - Object: 'Object Repository/HomePage/ChooseAFile' is clicked on

2021-02-18 19:11:55 - [MESSAGE][PASSED] - Delayed 2 second(s)

2021-02-18 19:11:57 - [MESSAGE][INFO] - Image Uploaded Sucsessfully

2021-02-18 19:11:59 - [MESSAGE][PASSED] - Delayed 2 second(s)

2021-02-18 19:12:00 - [MESSAGE][PASSED] - Text 'readerdc_en_ka_cra_install' is present on page 

2021-02-18 19:12:00 - [MESSAGE][PASSED] - Object: 'Object Repository/HomePage/Window7RadioBtn' is clicked on

2021-02-18 19:12:01 - [MESSAGE][PASSED] - Scroll to object 'Object Repository/HomePage/startAnalysis_EnableBtn' successfully

2021-02-18 19:12:01 - [MESSAGE][PASSED] - Object: 'Object Repository/HomePage/startAnalysis_EnableBtn' is clicked on

2021-02-18 19:12:06 - [MESSAGE][PASSED] - Object 'Object Repository/SubmissionPage/Submission_SearchIcon' is visible

2021-02-18 19:12:06 - [MESSAGE][PASSED] - Object 'Object Repository/SubmissionPage/Submission_SearchIcon' is visible

2021-02-18 19:12:07 - [MESSAGE][PASSED] - Actual object 'readerdc_en_ka_cra_install.exe' and expected object 'readerdc_en_ka_cra_install.exe' are equal

2021-02-18 19:12:07 - [MESSAGE][PASSED] - customKeywords.commanFunctions.uploadFileOfRegisterUser is PASSED

2021-02-18 19:12:07 - [TEST_STEP][PASSED] - customKeywords.commanFunctions.logOutAndcloseBrowser(): customKeywords.commanFunctions.logOutAndcloseBrowser is PASSED

2021-02-18 19:12:07 - [MESSAGE][PASSED] - Object 'Object Repository/LoginAndRigisterUser/AdminDD' is clickable

2021-02-18 19:12:07 - [MESSAGE][INFO] - Clicked on element with JS

2021-02-18 19:12:08 - [MESSAGE][INFO] - Clicked on element with JS

2021-02-18 19:12:09 - [MESSAGE][PASSED] - Delayed 1 second(s)

2021-02-18 19:12:10 - [MESSAGE][PASSED] - Browser is closed

2021-02-18 19:12:10 - [MESSAGE][PASSED] - customKeywords.commanFunctions.logOutAndcloseBrowser is PASSED]]></system-out>
         <system-err><![CDATA[]]></system-err>
      </testcase>
      <testcase name="Test Cases/UploadDiffFiles_RegisterUser/TC_As a register user, Upload Graphics Interchange Format File and verify Uploded file in Submission Page" time="38.759" classname="Test Cases/UploadDiffFiles_RegisterUser/TC_As a register user, Upload Graphics Interchange Format File and verify Uploded file in Submission Page" status="PASSED">
         <system-out><![CDATA[2021-02-18 19:12:10 - [TEST_CASE][PASSED] - Test Cases/UploadDiffFiles_RegisterUser/TC_As a register user, Upload Graphics Interchange Format File and verify Uploded file in Submission Page: Test Cases/UploadDiffFiles_RegisterUser/TC_As a register user, Upload Graphics Interchange Format File and verify Uploded file in Submission Page

2021-02-18 19:12:10 - [TEST_STEP][PASSED] - excelTestData = findTestData("Data Files/TestData/InspectTestData"): null

2021-02-18 19:12:10 - [TEST_STEP][PASSED] - rigisterUN = excelTestData.getValue(2, 23): null

2021-02-18 19:12:10 - [TEST_STEP][PASSED] - rigisterPW = excelTestData.getValue(3, 23): null

2021-02-18 19:12:10 - [TEST_STEP][PASSED] - customKeywords.commanFunctions.uploadFileOfRegisterUser(288, rigisterUN, rigisterPW): customKeywords.commanFunctions.uploadFileOfRegisterUser is PASSED

2021-02-18 19:12:10 - [MESSAGE][INFO] - Starting 'Chrome' driver

2021-02-18 19:12:10 - [MESSAGE][INFO] - Action delay is set to 0 milliseconds

2021-02-18 19:12:19 - [MESSAGE][PASSED] - Browser is opened with url: 'https://Inspect.Stage.site.sa'

2021-02-18 19:12:21 - [MESSAGE][PASSED] - Current window maximized

2021-02-18 19:12:21 - [MESSAGE][PASSED] - Wait for page load successfully

2021-02-18 19:12:22 - [MESSAGE][PASSED] - Object 'Object Repository/LoginAndRigisterUser/LoginLink' is clickable

2021-02-18 19:12:22 - [MESSAGE][INFO] - Clicked on element with JS

2021-02-18 19:12:23 - [MESSAGE][PASSED] - Keys 'Os-ARahman@projects.site.sa' sent to object: 'Object Repository/LoginAndRigisterUser/UserName_Email_Input'

2021-02-18 19:12:23 - [MESSAGE][PASSED] - Keys 'Test@12345' sent to object: 'Object Repository/LoginAndRigisterUser/Password_Input'

2021-02-18 19:12:24 - [MESSAGE][PASSED] - Delayed 1 second(s)

2021-02-18 19:12:25 - [MESSAGE][PASSED] - Object 'Object Repository/LoginAndRigisterUser/LoginBtn' is clickable

2021-02-18 19:12:25 - [MESSAGE][INFO] - Clicked on element with JS

2021-02-18 19:12:27 - [MESSAGE][PASSED] - Keys '0' sent to object: 'Object Repository/LoginAndRigisterUser/otpOne'

2021-02-18 19:12:27 - [MESSAGE][PASSED] - Keys '0' sent to object: 'Object Repository/LoginAndRigisterUser/otpTwo'

2021-02-18 19:12:28 - [MESSAGE][PASSED] - Keys '0' sent to object: 'Object Repository/LoginAndRigisterUser/otpThree'

2021-02-18 19:12:29 - [MESSAGE][PASSED] - Keys '0' sent to object: 'Object Repository/LoginAndRigisterUser/otpFour'

2021-02-18 19:12:29 - [MESSAGE][PASSED] - Keys '0' sent to object: 'Object Repository/LoginAndRigisterUser/otpFive'

2021-02-18 19:12:30 - [MESSAGE][INFO] - Clicked on element with JS

2021-02-18 19:12:32 - [MESSAGE][PASSED] - Object: 'Object Repository/HomePage/ChooseAFile' is clicked on

2021-02-18 19:12:34 - [MESSAGE][PASSED] - Delayed 2 second(s)

2021-02-18 19:12:36 - [MESSAGE][INFO] - Image Uploaded Sucsessfully

2021-02-18 19:12:38 - [MESSAGE][PASSED] - Delayed 2 second(s)

2021-02-18 19:12:39 - [MESSAGE][PASSED] - Text 'Graphics Interchange Format.gif' is present on page 

2021-02-18 19:12:40 - [MESSAGE][PASSED] - Object: 'Object Repository/HomePage/Window7RadioBtn' is clicked on

2021-02-18 19:12:41 - [MESSAGE][PASSED] - Scroll to object 'Object Repository/HomePage/startAnalysis_EnableBtn' successfully

2021-02-18 19:12:43 - [MESSAGE][PASSED] - Object: 'Object Repository/HomePage/startAnalysis_EnableBtn' is clicked on

2021-02-18 19:12:45 - [MESSAGE][PASSED] - Object 'Object Repository/SubmissionPage/Submission_SearchIcon' is visible

2021-02-18 19:12:45 - [MESSAGE][PASSED] - Object 'Object Repository/SubmissionPage/Submission_SearchIcon' is visible

2021-02-18 19:12:46 - [MESSAGE][PASSED] - Actual object 'Graphics Interchange Format.gif' and expected object 'Graphics Interchange Format.gif' are equal

2021-02-18 19:12:46 - [MESSAGE][PASSED] - customKeywords.commanFunctions.uploadFileOfRegisterUser is PASSED

2021-02-18 19:12:46 - [TEST_STEP][PASSED] - customKeywords.commanFunctions.logOutAndcloseBrowser(): customKeywords.commanFunctions.logOutAndcloseBrowser is PASSED

2021-02-18 19:12:46 - [MESSAGE][PASSED] - Object 'Object Repository/LoginAndRigisterUser/AdminDD' is clickable

2021-02-18 19:12:46 - [MESSAGE][INFO] - Clicked on element with JS

2021-02-18 19:12:47 - [MESSAGE][INFO] - Clicked on element with JS

2021-02-18 19:12:48 - [MESSAGE][PASSED] - Delayed 1 second(s)

2021-02-18 19:12:49 - [MESSAGE][PASSED] - Browser is closed

2021-02-18 19:12:49 - [MESSAGE][PASSED] - customKeywords.commanFunctions.logOutAndcloseBrowser is PASSED]]></system-out>
         <system-err><![CDATA[]]></system-err>
      </testcase>
      <testcase name="Test Cases/UploadDiffFiles_RegisterUser/TC_As a register user, Upload Jar File and verify Uploded file in Submission Page" time="39.102" classname="Test Cases/UploadDiffFiles_RegisterUser/TC_As a register user, Upload Jar File and verify Uploded file in Submission Page" status="PASSED">
         <system-out><![CDATA[2021-02-18 19:12:49 - [TEST_CASE][PASSED] - Test Cases/UploadDiffFiles_RegisterUser/TC_As a register user, Upload Jar File and verify Uploded file in Submission Page: Test Cases/UploadDiffFiles_RegisterUser/TC_As a register user, Upload Jar File and verify Uploded file in Submission Page

2021-02-18 19:12:49 - [TEST_STEP][PASSED] - excelTestData = findTestData("Data Files/TestData/InspectTestData"): null

2021-02-18 19:12:49 - [TEST_STEP][PASSED] - rigisterUN = excelTestData.getValue(6, 23): null

2021-02-18 19:12:49 - [TEST_STEP][PASSED] - rigisterPW = excelTestData.getValue(3, 23): null

2021-02-18 19:12:49 - [TEST_STEP][PASSED] - customKeywords.commanFunctions.uploadFileOfRegisterUser(192, rigisterUN, rigisterPW): customKeywords.commanFunctions.uploadFileOfRegisterUser is PASSED

2021-02-18 19:12:49 - [MESSAGE][INFO] - Starting 'Chrome' driver

2021-02-18 19:12:49 - [MESSAGE][INFO] - Action delay is set to 0 milliseconds

2021-02-18 19:12:58 - [MESSAGE][PASSED] - Browser is opened with url: 'https://Inspect.Stage.site.sa'

2021-02-18 19:13:00 - [MESSAGE][PASSED] - Current window maximized

2021-02-18 19:13:00 - [MESSAGE][PASSED] - Wait for page load successfully

2021-02-18 19:13:01 - [MESSAGE][PASSED] - Object 'Object Repository/LoginAndRigisterUser/LoginLink' is clickable

2021-02-18 19:13:01 - [MESSAGE][INFO] - Clicked on element with JS

2021-02-18 19:13:02 - [MESSAGE][PASSED] - Keys 'Os-anelapatla@projects.site.sa' sent to object: 'Object Repository/LoginAndRigisterUser/UserName_Email_Input'

2021-02-18 19:13:02 - [MESSAGE][PASSED] - Keys 'Test@12345' sent to object: 'Object Repository/LoginAndRigisterUser/Password_Input'

2021-02-18 19:13:03 - [MESSAGE][PASSED] - Delayed 1 second(s)

2021-02-18 19:13:04 - [MESSAGE][PASSED] - Object 'Object Repository/LoginAndRigisterUser/LoginBtn' is clickable

2021-02-18 19:13:04 - [MESSAGE][INFO] - Clicked on element with JS

2021-02-18 19:13:06 - [MESSAGE][PASSED] - Keys '0' sent to object: 'Object Repository/LoginAndRigisterUser/otpOne'

2021-02-18 19:13:07 - [MESSAGE][PASSED] - Keys '0' sent to object: 'Object Repository/LoginAndRigisterUser/otpTwo'

2021-02-18 19:13:08 - [MESSAGE][PASSED] - Keys '0' sent to object: 'Object Repository/LoginAndRigisterUser/otpThree'

2021-02-18 19:13:09 - [MESSAGE][PASSED] - Keys '0' sent to object: 'Object Repository/LoginAndRigisterUser/otpFour'

2021-02-18 19:13:10 - [MESSAGE][PASSED] - Keys '0' sent to object: 'Object Repository/LoginAndRigisterUser/otpFive'

2021-02-18 19:13:10 - [MESSAGE][INFO] - Clicked on element with JS

2021-02-18 19:13:13 - [MESSAGE][PASSED] - Object: 'Object Repository/HomePage/ChooseAFile' is clicked on

2021-02-18 19:13:15 - [MESSAGE][PASSED] - Delayed 2 second(s)

2021-02-18 19:13:17 - [MESSAGE][INFO] - Image Uploaded Sucsessfully

2021-02-18 19:13:19 - [MESSAGE][PASSED] - Delayed 2 second(s)

2021-02-18 19:13:20 - [MESSAGE][PASSED] - Text 'commonsCode' is present on page 

2021-02-18 19:13:21 - [MESSAGE][PASSED] - Object: 'Object Repository/HomePage/Window7RadioBtn' is clicked on

2021-02-18 19:13:22 - [MESSAGE][PASSED] - Scroll to object 'Object Repository/HomePage/startAnalysis_EnableBtn' successfully

2021-02-18 19:13:22 - [MESSAGE][PASSED] - Object: 'Object Repository/HomePage/startAnalysis_EnableBtn' is clicked on

2021-02-18 19:13:24 - [MESSAGE][PASSED] - Object 'Object Repository/SubmissionPage/Submission_SearchIcon' is visible

2021-02-18 19:13:24 - [MESSAGE][PASSED] - Object 'Object Repository/SubmissionPage/Submission_SearchIcon' is visible

2021-02-18 19:13:25 - [MESSAGE][PASSED] - Actual object 'commonsCode.jar' and expected object 'commonsCode.jar' are equal

2021-02-18 19:13:25 - [MESSAGE][PASSED] - customKeywords.commanFunctions.uploadFileOfRegisterUser is PASSED

2021-02-18 19:13:25 - [TEST_STEP][PASSED] - customKeywords.commanFunctions.logOutAndcloseBrowser(): customKeywords.commanFunctions.logOutAndcloseBrowser is PASSED

2021-02-18 19:13:25 - [MESSAGE][PASSED] - Object 'Object Repository/LoginAndRigisterUser/AdminDD' is clickable

2021-02-18 19:13:25 - [MESSAGE][INFO] - Clicked on element with JS

2021-02-18 19:13:26 - [MESSAGE][INFO] - Clicked on element with JS

2021-02-18 19:13:27 - [MESSAGE][PASSED] - Delayed 1 second(s)

2021-02-18 19:13:28 - [MESSAGE][PASSED] - Browser is closed

2021-02-18 19:13:28 - [MESSAGE][PASSED] - customKeywords.commanFunctions.logOutAndcloseBrowser is PASSED]]></system-out>
         <system-err><![CDATA[]]></system-err>
      </testcase>
      <testcase name="Test Cases/UploadDiffFiles_RegisterUser/TC_As a register user, Upload Java File and verify Uploded file in Submission Page" time="42.747" classname="Test Cases/UploadDiffFiles_RegisterUser/TC_As a register user, Upload Java File and verify Uploded file in Submission Page" status="PASSED">
         <system-out><![CDATA[2021-02-18 19:13:28 - [TEST_CASE][PASSED] - Test Cases/UploadDiffFiles_RegisterUser/TC_As a register user, Upload Java File and verify Uploded file in Submission Page: Test Cases/UploadDiffFiles_RegisterUser/TC_As a register user, Upload Java File and verify Uploded file in Submission Page

2021-02-18 19:13:28 - [TEST_STEP][PASSED] - excelTestData = findTestData("Data Files/TestData/InspectTestData"): null

2021-02-18 19:13:28 - [TEST_STEP][PASSED] - rigisterUN = excelTestData.getValue(2, 23): null

2021-02-18 19:13:28 - [TEST_STEP][PASSED] - rigisterPW = excelTestData.getValue(3, 23): null

2021-02-18 19:13:28 - [TEST_STEP][PASSED] - customKeywords.commanFunctions.uploadFileOfRegisterUser(276, rigisterUN, rigisterPW): customKeywords.commanFunctions.uploadFileOfRegisterUser is PASSED

2021-02-18 19:13:28 - [MESSAGE][INFO] - Starting 'Chrome' driver

2021-02-18 19:13:28 - [MESSAGE][INFO] - Action delay is set to 0 milliseconds

2021-02-18 19:13:38 - [MESSAGE][PASSED] - Browser is opened with url: 'https://Inspect.Stage.site.sa'

2021-02-18 19:13:40 - [MESSAGE][PASSED] - Current window maximized

2021-02-18 19:13:40 - [MESSAGE][PASSED] - Wait for page load successfully

2021-02-18 19:13:40 - [MESSAGE][PASSED] - Object 'Object Repository/LoginAndRigisterUser/LoginLink' is clickable

2021-02-18 19:13:40 - [MESSAGE][INFO] - Clicked on element with JS

2021-02-18 19:13:41 - [MESSAGE][PASSED] - Keys 'Os-ARahman@projects.site.sa' sent to object: 'Object Repository/LoginAndRigisterUser/UserName_Email_Input'

2021-02-18 19:13:42 - [MESSAGE][PASSED] - Keys 'Test@12345' sent to object: 'Object Repository/LoginAndRigisterUser/Password_Input'

2021-02-18 19:13:43 - [MESSAGE][PASSED] - Delayed 1 second(s)

2021-02-18 19:13:43 - [MESSAGE][PASSED] - Object 'Object Repository/LoginAndRigisterUser/LoginBtn' is clickable

2021-02-18 19:13:43 - [MESSAGE][INFO] - Clicked on element with JS

2021-02-18 19:13:45 - [MESSAGE][PASSED] - Keys '0' sent to object: 'Object Repository/LoginAndRigisterUser/otpOne'

2021-02-18 19:13:46 - [MESSAGE][PASSED] - Keys '0' sent to object: 'Object Repository/LoginAndRigisterUser/otpTwo'

2021-02-18 19:13:48 - [MESSAGE][PASSED] - Keys '0' sent to object: 'Object Repository/LoginAndRigisterUser/otpThree'

2021-02-18 19:13:48 - [MESSAGE][PASSED] - Keys '0' sent to object: 'Object Repository/LoginAndRigisterUser/otpFour'

2021-02-18 19:13:49 - [MESSAGE][PASSED] - Keys '0' sent to object: 'Object Repository/LoginAndRigisterUser/otpFive'

2021-02-18 19:13:50 - [MESSAGE][INFO] - Clicked on element with JS

2021-02-18 19:13:53 - [MESSAGE][PASSED] - Object: 'Object Repository/HomePage/ChooseAFile' is clicked on

2021-02-18 19:13:55 - [MESSAGE][PASSED] - Delayed 2 second(s)

2021-02-18 19:13:57 - [MESSAGE][INFO] - Image Uploaded Sucsessfully

2021-02-18 19:13:59 - [MESSAGE][PASSED] - Delayed 2 second(s)

2021-02-18 19:14:00 - [MESSAGE][PASSED] - Text 'Java files' is present on page 

2021-02-18 19:14:01 - [MESSAGE][PASSED] - Object: 'Object Repository/HomePage/Window7RadioBtn' is clicked on

2021-02-18 19:14:03 - [MESSAGE][PASSED] - Scroll to object 'Object Repository/HomePage/startAnalysis_EnableBtn' successfully

2021-02-18 19:14:04 - [MESSAGE][PASSED] - Object: 'Object Repository/HomePage/startAnalysis_EnableBtn' is clicked on

2021-02-18 19:14:07 - [MESSAGE][PASSED] - Object 'Object Repository/SubmissionPage/Submission_SearchIcon' is visible

2021-02-18 19:14:07 - [MESSAGE][PASSED] - Object 'Object Repository/SubmissionPage/Submission_SearchIcon' is visible

2021-02-18 19:14:07 - [MESSAGE][PASSED] - Actual object 'Java files.java' and expected object 'Java files.java' are equal

2021-02-18 19:14:07 - [MESSAGE][PASSED] - customKeywords.commanFunctions.uploadFileOfRegisterUser is PASSED

2021-02-18 19:14:07 - [TEST_STEP][PASSED] - customKeywords.commanFunctions.logOutAndcloseBrowser(): customKeywords.commanFunctions.logOutAndcloseBrowser is PASSED

2021-02-18 19:14:08 - [MESSAGE][PASSED] - Object 'Object Repository/LoginAndRigisterUser/AdminDD' is clickable

2021-02-18 19:14:08 - [MESSAGE][INFO] - Clicked on element with JS

2021-02-18 19:14:09 - [MESSAGE][INFO] - Clicked on element with JS

2021-02-18 19:14:10 - [MESSAGE][PASSED] - Delayed 1 second(s)

2021-02-18 19:14:10 - [MESSAGE][PASSED] - Browser is closed

2021-02-18 19:14:10 - [MESSAGE][PASSED] - customKeywords.commanFunctions.logOutAndcloseBrowser is PASSED]]></system-out>
         <system-err><![CDATA[]]></system-err>
      </testcase>
      <testcase name="Test Cases/UploadDiffFiles_RegisterUser/TC_As a register user, Upload JPEG graphic File and verify Uploded file in Submission Page" time="39.675" classname="Test Cases/UploadDiffFiles_RegisterUser/TC_As a register user, Upload JPEG graphic File and verify Uploded file in Submission Page" status="PASSED">
         <system-out><![CDATA[2021-02-18 19:14:10 - [TEST_CASE][PASSED] - Test Cases/UploadDiffFiles_RegisterUser/TC_As a register user, Upload JPEG graphic File and verify Uploded file in Submission Page: Test Cases/UploadDiffFiles_RegisterUser/TC_As a register user, Upload JPEG graphic File and verify Uploded file in Submission Page

2021-02-18 19:14:11 - [TEST_STEP][PASSED] - excelTestData = findTestData("Data Files/TestData/InspectTestData"): null

2021-02-18 19:14:11 - [TEST_STEP][PASSED] - rigisterUN = excelTestData.getValue(2, 23): null

2021-02-18 19:14:11 - [TEST_STEP][PASSED] - rigisterPW = excelTestData.getValue(3, 23): null

2021-02-18 19:14:11 - [TEST_STEP][PASSED] - customKeywords.commanFunctions.uploadFileOfRegisterUser(292, rigisterUN, rigisterPW): customKeywords.commanFunctions.uploadFileOfRegisterUser is PASSED

2021-02-18 19:14:11 - [MESSAGE][INFO] - Starting 'Chrome' driver

2021-02-18 19:14:11 - [MESSAGE][INFO] - Action delay is set to 0 milliseconds

2021-02-18 19:14:20 - [MESSAGE][PASSED] - Browser is opened with url: 'https://Inspect.Stage.site.sa'

2021-02-18 19:14:22 - [MESSAGE][PASSED] - Current window maximized

2021-02-18 19:14:22 - [MESSAGE][PASSED] - Wait for page load successfully

2021-02-18 19:14:22 - [MESSAGE][PASSED] - Object 'Object Repository/LoginAndRigisterUser/LoginLink' is clickable

2021-02-18 19:14:23 - [MESSAGE][INFO] - Clicked on element with JS

2021-02-18 19:14:23 - [MESSAGE][PASSED] - Keys 'Os-ARahman@projects.site.sa' sent to object: 'Object Repository/LoginAndRigisterUser/UserName_Email_Input'

2021-02-18 19:14:24 - [MESSAGE][PASSED] - Keys 'Test@12345' sent to object: 'Object Repository/LoginAndRigisterUser/Password_Input'

2021-02-18 19:14:25 - [MESSAGE][PASSED] - Delayed 1 second(s)

2021-02-18 19:14:25 - [MESSAGE][PASSED] - Object 'Object Repository/LoginAndRigisterUser/LoginBtn' is clickable

2021-02-18 19:14:25 - [MESSAGE][INFO] - Clicked on element with JS

2021-02-18 19:14:27 - [MESSAGE][PASSED] - Keys '0' sent to object: 'Object Repository/LoginAndRigisterUser/otpOne'

2021-02-18 19:14:28 - [MESSAGE][PASSED] - Keys '0' sent to object: 'Object Repository/LoginAndRigisterUser/otpTwo'

2021-02-18 19:14:28 - [MESSAGE][PASSED] - Keys '0' sent to object: 'Object Repository/LoginAndRigisterUser/otpThree'

2021-02-18 19:14:30 - [MESSAGE][PASSED] - Keys '0' sent to object: 'Object Repository/LoginAndRigisterUser/otpFour'

2021-02-18 19:14:30 - [MESSAGE][PASSED] - Keys '0' sent to object: 'Object Repository/LoginAndRigisterUser/otpFive'

2021-02-18 19:14:31 - [MESSAGE][INFO] - Clicked on element with JS

2021-02-18 19:14:34 - [MESSAGE][PASSED] - Object: 'Object Repository/HomePage/ChooseAFile' is clicked on

2021-02-18 19:14:36 - [MESSAGE][PASSED] - Delayed 2 second(s)

2021-02-18 19:14:38 - [MESSAGE][INFO] - Image Uploaded Sucsessfully

2021-02-18 19:14:40 - [MESSAGE][PASSED] - Delayed 2 second(s)

2021-02-18 19:14:41 - [MESSAGE][PASSED] - Text 'JPEG graphic' is present on page 

2021-02-18 19:14:42 - [MESSAGE][PASSED] - Object: 'Object Repository/HomePage/Window7RadioBtn' is clicked on

2021-02-18 19:14:44 - [MESSAGE][PASSED] - Scroll to object 'Object Repository/HomePage/startAnalysis_EnableBtn' successfully

2021-02-18 19:14:45 - [MESSAGE][PASSED] - Object: 'Object Repository/HomePage/startAnalysis_EnableBtn' is clicked on

2021-02-18 19:14:46 - [MESSAGE][PASSED] - Object 'Object Repository/SubmissionPage/Submission_SearchIcon' is visible

2021-02-18 19:14:47 - [MESSAGE][PASSED] - Object 'Object Repository/SubmissionPage/Submission_SearchIcon' is visible

2021-02-18 19:14:47 - [MESSAGE][PASSED] - Actual object 'JPEG graphic.jpg' and expected object 'JPEG graphic.jpg' are equal

2021-02-18 19:14:47 - [MESSAGE][PASSED] - customKeywords.commanFunctions.uploadFileOfRegisterUser is PASSED

2021-02-18 19:14:47 - [TEST_STEP][PASSED] - customKeywords.commanFunctions.logOutAndcloseBrowser(): customKeywords.commanFunctions.logOutAndcloseBrowser is PASSED

2021-02-18 19:14:48 - [MESSAGE][PASSED] - Object 'Object Repository/LoginAndRigisterUser/AdminDD' is clickable

2021-02-18 19:14:48 - [MESSAGE][INFO] - Clicked on element with JS

2021-02-18 19:14:48 - [MESSAGE][INFO] - Clicked on element with JS

2021-02-18 19:14:49 - [MESSAGE][PASSED] - Delayed 1 second(s)

2021-02-18 19:14:50 - [MESSAGE][PASSED] - Browser is closed

2021-02-18 19:14:50 - [MESSAGE][PASSED] - customKeywords.commanFunctions.logOutAndcloseBrowser is PASSED]]></system-out>
         <system-err><![CDATA[]]></system-err>
      </testcase>
      <testcase name="Test Cases/UploadDiffFiles_RegisterUser/TC_As a register user, Upload MacPaint File and verify Uploded file in Submission Page" time="36.641" classname="Test Cases/UploadDiffFiles_RegisterUser/TC_As a register user, Upload MacPaint File and verify Uploded file in Submission Page" status="PASSED">
         <system-out><![CDATA[2021-02-18 19:14:50 - [TEST_CASE][PASSED] - Test Cases/UploadDiffFiles_RegisterUser/TC_As a register user, Upload MacPaint File and verify Uploded file in Submission Page: Test Cases/UploadDiffFiles_RegisterUser/TC_As a register user, Upload MacPaint File and verify Uploded file in Submission Page

2021-02-18 19:14:50 - [TEST_STEP][PASSED] - excelTestData = findTestData("Data Files/TestData/InspectTestData"): null

2021-02-18 19:14:50 - [TEST_STEP][PASSED] - rigisterUN = excelTestData.getValue(6, 23): null

2021-02-18 19:14:50 - [TEST_STEP][PASSED] - rigisterPW = excelTestData.getValue(3, 23): null

2021-02-18 19:14:50 - [TEST_STEP][PASSED] - customKeywords.commanFunctions.uploadFileOfRegisterUser(296, rigisterUN, rigisterPW): customKeywords.commanFunctions.uploadFileOfRegisterUser is PASSED

2021-02-18 19:14:50 - [MESSAGE][INFO] - Starting 'Chrome' driver

2021-02-18 19:14:50 - [MESSAGE][INFO] - Action delay is set to 0 milliseconds

2021-02-18 19:14:59 - [MESSAGE][PASSED] - Browser is opened with url: 'https://Inspect.Stage.site.sa'

2021-02-18 19:15:02 - [MESSAGE][PASSED] - Current window maximized

2021-02-18 19:15:02 - [MESSAGE][PASSED] - Wait for page load successfully

2021-02-18 19:15:02 - [MESSAGE][PASSED] - Object 'Object Repository/LoginAndRigisterUser/LoginLink' is clickable

2021-02-18 19:15:02 - [MESSAGE][INFO] - Clicked on element with JS

2021-02-18 19:15:03 - [MESSAGE][PASSED] - Keys 'Os-anelapatla@projects.site.sa' sent to object: 'Object Repository/LoginAndRigisterUser/UserName_Email_Input'

2021-02-18 19:15:03 - [MESSAGE][PASSED] - Keys 'Test@12345' sent to object: 'Object Repository/LoginAndRigisterUser/Password_Input'

2021-02-18 19:15:04 - [MESSAGE][PASSED] - Delayed 1 second(s)

2021-02-18 19:15:05 - [MESSAGE][PASSED] - Object 'Object Repository/LoginAndRigisterUser/LoginBtn' is clickable

2021-02-18 19:15:05 - [MESSAGE][INFO] - Clicked on element with JS

2021-02-18 19:15:07 - [MESSAGE][PASSED] - Keys '0' sent to object: 'Object Repository/LoginAndRigisterUser/otpOne'

2021-02-18 19:15:08 - [MESSAGE][PASSED] - Keys '0' sent to object: 'Object Repository/LoginAndRigisterUser/otpTwo'

2021-02-18 19:15:08 - [MESSAGE][PASSED] - Keys '0' sent to object: 'Object Repository/LoginAndRigisterUser/otpThree'

2021-02-18 19:15:09 - [MESSAGE][PASSED] - Keys '0' sent to object: 'Object Repository/LoginAndRigisterUser/otpFour'

2021-02-18 19:15:10 - [MESSAGE][PASSED] - Keys '0' sent to object: 'Object Repository/LoginAndRigisterUser/otpFive'

2021-02-18 19:15:10 - [MESSAGE][INFO] - Clicked on element with JS

2021-02-18 19:15:13 - [MESSAGE][PASSED] - Object: 'Object Repository/HomePage/ChooseAFile' is clicked on

2021-02-18 19:15:15 - [MESSAGE][PASSED] - Delayed 2 second(s)

2021-02-18 19:15:17 - [MESSAGE][INFO] - Image Uploaded Sucsessfully

2021-02-18 19:15:19 - [MESSAGE][PASSED] - Delayed 2 second(s)

2021-02-18 19:15:19 - [MESSAGE][PASSED] - Text 'MacPaint' is present on page 

2021-02-18 19:15:20 - [MESSAGE][PASSED] - Object: 'Object Repository/HomePage/Window7RadioBtn' is clicked on

2021-02-18 19:15:21 - [MESSAGE][PASSED] - Scroll to object 'Object Repository/HomePage/startAnalysis_EnableBtn' successfully

2021-02-18 19:15:21 - [MESSAGE][PASSED] - Object: 'Object Repository/HomePage/startAnalysis_EnableBtn' is clicked on

2021-02-18 19:15:23 - [MESSAGE][PASSED] - Object 'Object Repository/SubmissionPage/Submission_SearchIcon' is visible

2021-02-18 19:15:23 - [MESSAGE][PASSED] - Object 'Object Repository/SubmissionPage/Submission_SearchIcon' is visible

2021-02-18 19:15:24 - [MESSAGE][PASSED] - Actual object 'MacPaint.mac' and expected object 'MacPaint.mac' are equal

2021-02-18 19:15:24 - [MESSAGE][PASSED] - customKeywords.commanFunctions.uploadFileOfRegisterUser is PASSED

2021-02-18 19:15:24 - [TEST_STEP][PASSED] - customKeywords.commanFunctions.logOutAndcloseBrowser(): customKeywords.commanFunctions.logOutAndcloseBrowser is PASSED

2021-02-18 19:15:24 - [MESSAGE][PASSED] - Object 'Object Repository/LoginAndRigisterUser/AdminDD' is clickable

2021-02-18 19:15:25 - [MESSAGE][INFO] - Clicked on element with JS

2021-02-18 19:15:25 - [MESSAGE][INFO] - Clicked on element with JS

2021-02-18 19:15:26 - [MESSAGE][PASSED] - Delayed 1 second(s)

2021-02-18 19:15:27 - [MESSAGE][PASSED] - Browser is closed

2021-02-18 19:15:27 - [MESSAGE][PASSED] - customKeywords.commanFunctions.logOutAndcloseBrowser is PASSED]]></system-out>
         <system-err><![CDATA[]]></system-err>
      </testcase>
      <testcase name="Test Cases/UploadDiffFiles_RegisterUser/TC_As a register user, Upload Microsoft Word File and verify Uploded file in Submission Page" time="37.711" classname="Test Cases/UploadDiffFiles_RegisterUser/TC_As a register user, Upload Microsoft Word File and verify Uploded file in Submission Page" status="PASSED">
         <system-out><![CDATA[2021-02-18 19:15:27 - [TEST_CASE][PASSED] - Test Cases/UploadDiffFiles_RegisterUser/TC_As a register user, Upload Microsoft Word File and verify Uploded file in Submission Page: Test Cases/UploadDiffFiles_RegisterUser/TC_As a register user, Upload Microsoft Word File and verify Uploded file in Submission Page

2021-02-18 19:15:27 - [TEST_STEP][PASSED] - excelTestData = findTestData("Data Files/TestData/InspectTestData"): null

2021-02-18 19:15:27 - [TEST_STEP][PASSED] - rigisterUN = excelTestData.getValue(2, 23): null

2021-02-18 19:15:27 - [TEST_STEP][PASSED] - rigisterPW = excelTestData.getValue(3, 23): null

2021-02-18 19:15:27 - [TEST_STEP][PASSED] - customKeywords.commanFunctions.uploadFileOfRegisterUser(284, rigisterUN, rigisterPW): customKeywords.commanFunctions.uploadFileOfRegisterUser is PASSED

2021-02-18 19:15:27 - [MESSAGE][INFO] - Starting 'Chrome' driver

2021-02-18 19:15:27 - [MESSAGE][INFO] - Action delay is set to 0 milliseconds

2021-02-18 19:15:36 - [MESSAGE][PASSED] - Browser is opened with url: 'https://Inspect.Stage.site.sa'

2021-02-18 19:15:39 - [MESSAGE][PASSED] - Current window maximized

2021-02-18 19:15:39 - [MESSAGE][PASSED] - Wait for page load successfully

2021-02-18 19:15:39 - [MESSAGE][PASSED] - Object 'Object Repository/LoginAndRigisterUser/LoginLink' is clickable

2021-02-18 19:15:39 - [MESSAGE][INFO] - Clicked on element with JS

2021-02-18 19:15:40 - [MESSAGE][PASSED] - Keys 'Os-ARahman@projects.site.sa' sent to object: 'Object Repository/LoginAndRigisterUser/UserName_Email_Input'

2021-02-18 19:15:41 - [MESSAGE][PASSED] - Keys 'Test@12345' sent to object: 'Object Repository/LoginAndRigisterUser/Password_Input'

2021-02-18 19:15:42 - [MESSAGE][PASSED] - Delayed 1 second(s)

2021-02-18 19:15:42 - [MESSAGE][PASSED] - Object 'Object Repository/LoginAndRigisterUser/LoginBtn' is clickable

2021-02-18 19:15:42 - [MESSAGE][INFO] - Clicked on element with JS

2021-02-18 19:15:44 - [MESSAGE][PASSED] - Keys '0' sent to object: 'Object Repository/LoginAndRigisterUser/otpOne'

2021-02-18 19:15:45 - [MESSAGE][PASSED] - Keys '0' sent to object: 'Object Repository/LoginAndRigisterUser/otpTwo'

2021-02-18 19:15:47 - [MESSAGE][PASSED] - Keys '0' sent to object: 'Object Repository/LoginAndRigisterUser/otpThree'

2021-02-18 19:15:47 - [MESSAGE][PASSED] - Keys '0' sent to object: 'Object Repository/LoginAndRigisterUser/otpFour'

2021-02-18 19:15:48 - [MESSAGE][PASSED] - Keys '0' sent to object: 'Object Repository/LoginAndRigisterUser/otpFive'

2021-02-18 19:15:49 - [MESSAGE][INFO] - Clicked on element with JS

2021-02-18 19:15:51 - [MESSAGE][PASSED] - Object: 'Object Repository/HomePage/ChooseAFile' is clicked on

2021-02-18 19:15:53 - [MESSAGE][PASSED] - Delayed 2 second(s)

2021-02-18 19:15:55 - [MESSAGE][INFO] - Image Uploaded Sucsessfully

2021-02-18 19:15:57 - [MESSAGE][PASSED] - Delayed 2 second(s)

2021-02-18 19:15:57 - [MESSAGE][PASSED] - Text 'Microsoft Word' is present on page 

2021-02-18 19:15:58 - [MESSAGE][PASSED] - Object: 'Object Repository/HomePage/Window7RadioBtn' is clicked on

2021-02-18 19:15:59 - [MESSAGE][PASSED] - Scroll to object 'Object Repository/HomePage/startAnalysis_EnableBtn' successfully

2021-02-18 19:15:59 - [MESSAGE][PASSED] - Object: 'Object Repository/HomePage/startAnalysis_EnableBtn' is clicked on

2021-02-18 19:16:01 - [MESSAGE][PASSED] - Object 'Object Repository/SubmissionPage/Submission_SearchIcon' is visible

2021-02-18 19:16:01 - [MESSAGE][PASSED] - Object 'Object Repository/SubmissionPage/Submission_SearchIcon' is visible

2021-02-18 19:16:02 - [MESSAGE][PASSED] - Actual object 'Microsoft Word.doc' and expected object 'Microsoft Word.doc' are equal

2021-02-18 19:16:02 - [MESSAGE][PASSED] - customKeywords.commanFunctions.uploadFileOfRegisterUser is PASSED

2021-02-18 19:16:02 - [TEST_STEP][PASSED] - customKeywords.commanFunctions.logOutAndcloseBrowser(): customKeywords.commanFunctions.logOutAndcloseBrowser is PASSED

2021-02-18 19:16:02 - [MESSAGE][PASSED] - Object 'Object Repository/LoginAndRigisterUser/AdminDD' is clickable

2021-02-18 19:16:02 - [MESSAGE][INFO] - Clicked on element with JS

2021-02-18 19:16:03 - [MESSAGE][INFO] - Clicked on element with JS

2021-02-18 19:16:04 - [MESSAGE][PASSED] - Delayed 1 second(s)

2021-02-18 19:16:04 - [MESSAGE][PASSED] - Browser is closed

2021-02-18 19:16:04 - [MESSAGE][PASSED] - customKeywords.commanFunctions.logOutAndcloseBrowser is PASSED]]></system-out>
         <system-err><![CDATA[]]></system-err>
      </testcase>
      <testcase name="Test Cases/UploadDiffFiles_RegisterUser/TC_As a register user, Upload MS Access database File and verify Uploded file in Submission Page" time="38.88" classname="Test Cases/UploadDiffFiles_RegisterUser/TC_As a register user, Upload MS Access database File and verify Uploded file in Submission Page" status="PASSED">
         <system-out><![CDATA[2021-02-18 19:16:04 - [TEST_CASE][PASSED] - Test Cases/UploadDiffFiles_RegisterUser/TC_As a register user, Upload MS Access database File and verify Uploded file in Submission Page: Test Cases/UploadDiffFiles_RegisterUser/TC_As a register user, Upload MS Access database File and verify Uploded file in Submission Page

2021-02-18 19:16:05 - [TEST_STEP][PASSED] - excelTestData = findTestData("Data Files/TestData/InspectTestData"): null

2021-02-18 19:16:05 - [TEST_STEP][PASSED] - rigisterUN = excelTestData.getValue(6, 23): null

2021-02-18 19:16:05 - [TEST_STEP][PASSED] - rigisterPW = excelTestData.getValue(3, 23): null

2021-02-18 19:16:05 - [TEST_STEP][PASSED] - customKeywords.commanFunctions.uploadFileOfRegisterUser(305, rigisterUN, rigisterPW): customKeywords.commanFunctions.uploadFileOfRegisterUser is PASSED

2021-02-18 19:16:05 - [MESSAGE][INFO] - Starting 'Chrome' driver

2021-02-18 19:16:05 - [MESSAGE][INFO] - Action delay is set to 0 milliseconds

2021-02-18 19:16:15 - [MESSAGE][PASSED] - Browser is opened with url: 'https://Inspect.Stage.site.sa'

2021-02-18 19:16:17 - [MESSAGE][PASSED] - Current window maximized

2021-02-18 19:16:17 - [MESSAGE][PASSED] - Wait for page load successfully

2021-02-18 19:16:18 - [MESSAGE][PASSED] - Object 'Object Repository/LoginAndRigisterUser/LoginLink' is clickable

2021-02-18 19:16:18 - [MESSAGE][INFO] - Clicked on element with JS

2021-02-18 19:16:19 - [MESSAGE][PASSED] - Keys 'Os-anelapatla@projects.site.sa' sent to object: 'Object Repository/LoginAndRigisterUser/UserName_Email_Input'

2021-02-18 19:16:19 - [MESSAGE][PASSED] - Keys 'Test@12345' sent to object: 'Object Repository/LoginAndRigisterUser/Password_Input'

2021-02-18 19:16:20 - [MESSAGE][PASSED] - Delayed 1 second(s)

2021-02-18 19:16:21 - [MESSAGE][PASSED] - Object 'Object Repository/LoginAndRigisterUser/LoginBtn' is clickable

2021-02-18 19:16:21 - [MESSAGE][INFO] - Clicked on element with JS

2021-02-18 19:16:23 - [MESSAGE][PASSED] - Keys '0' sent to object: 'Object Repository/LoginAndRigisterUser/otpOne'

2021-02-18 19:16:24 - [MESSAGE][PASSED] - Keys '0' sent to object: 'Object Repository/LoginAndRigisterUser/otpTwo'

2021-02-18 19:16:25 - [MESSAGE][PASSED] - Keys '0' sent to object: 'Object Repository/LoginAndRigisterUser/otpThree'

2021-02-18 19:16:26 - [MESSAGE][PASSED] - Keys '0' sent to object: 'Object Repository/LoginAndRigisterUser/otpFour'

2021-02-18 19:16:27 - [MESSAGE][PASSED] - Keys '0' sent to object: 'Object Repository/LoginAndRigisterUser/otpFive'

2021-02-18 19:16:27 - [MESSAGE][INFO] - Clicked on element with JS

2021-02-18 19:16:30 - [MESSAGE][PASSED] - Object: 'Object Repository/HomePage/ChooseAFile' is clicked on

2021-02-18 19:16:32 - [MESSAGE][PASSED] - Delayed 2 second(s)

2021-02-18 19:16:34 - [MESSAGE][INFO] - Image Uploaded Sucsessfully

2021-02-18 19:16:36 - [MESSAGE][PASSED] - Delayed 2 second(s)

2021-02-18 19:16:36 - [MESSAGE][PASSED] - Text 'MS Access database' is present on page 

2021-02-18 19:16:37 - [MESSAGE][PASSED] - Object: 'Object Repository/HomePage/Window7RadioBtn' is clicked on

2021-02-18 19:16:38 - [MESSAGE][PASSED] - Scroll to object 'Object Repository/HomePage/startAnalysis_EnableBtn' successfully

2021-02-18 19:16:38 - [MESSAGE][PASSED] - Object: 'Object Repository/HomePage/startAnalysis_EnableBtn' is clicked on

2021-02-18 19:16:40 - [MESSAGE][PASSED] - Object 'Object Repository/SubmissionPage/Submission_SearchIcon' is visible

2021-02-18 19:16:40 - [MESSAGE][PASSED] - Object 'Object Repository/SubmissionPage/Submission_SearchIcon' is visible

2021-02-18 19:16:40 - [MESSAGE][PASSED] - Actual object 'MS Access database.mdb' and expected object 'MS Access database.mdb' are equal

2021-02-18 19:16:40 - [MESSAGE][PASSED] - customKeywords.commanFunctions.uploadFileOfRegisterUser is PASSED

2021-02-18 19:16:40 - [TEST_STEP][PASSED] - customKeywords.commanFunctions.logOutAndcloseBrowser(): customKeywords.commanFunctions.logOutAndcloseBrowser is PASSED

2021-02-18 19:16:41 - [MESSAGE][PASSED] - Object 'Object Repository/LoginAndRigisterUser/AdminDD' is clickable

2021-02-18 19:16:41 - [MESSAGE][INFO] - Clicked on element with JS

2021-02-18 19:16:42 - [MESSAGE][INFO] - Clicked on element with JS

2021-02-18 19:16:43 - [MESSAGE][PASSED] - Delayed 1 second(s)

2021-02-18 19:16:43 - [MESSAGE][PASSED] - Browser is closed

2021-02-18 19:16:43 - [MESSAGE][PASSED] - customKeywords.commanFunctions.logOutAndcloseBrowser is PASSED]]></system-out>
         <system-err><![CDATA[]]></system-err>
      </testcase>
      <testcase name="Test Cases/UploadDiffFiles_RegisterUser/TC_As a register user, Upload MS Works File and verify Uploded file in Submission Page" time="38.415" classname="Test Cases/UploadDiffFiles_RegisterUser/TC_As a register user, Upload MS Works File and verify Uploded file in Submission Page" status="PASSED">
         <system-out><![CDATA[2021-02-18 19:16:43 - [TEST_CASE][PASSED] - Test Cases/UploadDiffFiles_RegisterUser/TC_As a register user, Upload MS Works File and verify Uploded file in Submission Page: Test Cases/UploadDiffFiles_RegisterUser/TC_As a register user, Upload MS Works File and verify Uploded file in Submission Page

2021-02-18 19:16:43 - [TEST_STEP][PASSED] - excelTestData = findTestData("Data Files/TestData/InspectTestData"): null

2021-02-18 19:16:43 - [TEST_STEP][PASSED] - rigisterUN = excelTestData.getValue(6, 23): null

2021-02-18 19:16:43 - [TEST_STEP][PASSED] - rigisterPW = excelTestData.getValue(3, 23): null

2021-02-18 19:16:43 - [TEST_STEP][PASSED] - customKeywords.commanFunctions.uploadFileOfRegisterUser(325, rigisterUN, rigisterPW): customKeywords.commanFunctions.uploadFileOfRegisterUser is PASSED

2021-02-18 19:16:44 - [MESSAGE][INFO] - Starting 'Chrome' driver

2021-02-18 19:16:44 - [MESSAGE][INFO] - Action delay is set to 0 milliseconds

2021-02-18 19:16:53 - [MESSAGE][PASSED] - Browser is opened with url: 'https://Inspect.Stage.site.sa'

2021-02-18 19:16:55 - [MESSAGE][PASSED] - Current window maximized

2021-02-18 19:16:55 - [MESSAGE][PASSED] - Wait for page load successfully

2021-02-18 19:16:55 - [MESSAGE][PASSED] - Object 'Object Repository/LoginAndRigisterUser/LoginLink' is clickable

2021-02-18 19:16:56 - [MESSAGE][INFO] - Clicked on element with JS

2021-02-18 19:16:56 - [MESSAGE][PASSED] - Keys 'Os-anelapatla@projects.site.sa' sent to object: 'Object Repository/LoginAndRigisterUser/UserName_Email_Input'

2021-02-18 19:16:57 - [MESSAGE][PASSED] - Keys 'Test@12345' sent to object: 'Object Repository/LoginAndRigisterUser/Password_Input'

2021-02-18 19:16:58 - [MESSAGE][PASSED] - Delayed 1 second(s)

2021-02-18 19:16:58 - [MESSAGE][PASSED] - Object 'Object Repository/LoginAndRigisterUser/LoginBtn' is clickable

2021-02-18 19:16:58 - [MESSAGE][INFO] - Clicked on element with JS

2021-02-18 19:17:00 - [MESSAGE][PASSED] - Keys '0' sent to object: 'Object Repository/LoginAndRigisterUser/otpOne'

2021-02-18 19:17:02 - [MESSAGE][PASSED] - Keys '0' sent to object: 'Object Repository/LoginAndRigisterUser/otpTwo'

2021-02-18 19:17:02 - [MESSAGE][PASSED] - Keys '0' sent to object: 'Object Repository/LoginAndRigisterUser/otpThree'

2021-02-18 19:17:03 - [MESSAGE][PASSED] - Keys '0' sent to object: 'Object Repository/LoginAndRigisterUser/otpFour'

2021-02-18 19:17:03 - [MESSAGE][PASSED] - Keys '0' sent to object: 'Object Repository/LoginAndRigisterUser/otpFive'

2021-02-18 19:17:04 - [MESSAGE][INFO] - Clicked on element with JS

2021-02-18 19:17:07 - [MESSAGE][PASSED] - Object: 'Object Repository/HomePage/ChooseAFile' is clicked on

2021-02-18 19:17:09 - [MESSAGE][PASSED] - Delayed 2 second(s)

2021-02-18 19:17:11 - [MESSAGE][INFO] - Image Uploaded Sucsessfully

2021-02-18 19:17:13 - [MESSAGE][PASSED] - Delayed 2 second(s)

2021-02-18 19:17:14 - [MESSAGE][PASSED] - Text 'MS Works' is present on page 

2021-02-18 19:17:15 - [MESSAGE][PASSED] - Object: 'Object Repository/HomePage/Window7RadioBtn' is clicked on

2021-02-18 19:17:16 - [MESSAGE][PASSED] - Scroll to object 'Object Repository/HomePage/startAnalysis_EnableBtn' successfully

2021-02-18 19:17:17 - [MESSAGE][PASSED] - Object: 'Object Repository/HomePage/startAnalysis_EnableBtn' is clicked on

2021-02-18 19:17:18 - [MESSAGE][PASSED] - Object 'Object Repository/SubmissionPage/Submission_SearchIcon' is visible

2021-02-18 19:17:19 - [MESSAGE][PASSED] - Object 'Object Repository/SubmissionPage/Submission_SearchIcon' is visible

2021-02-18 19:17:19 - [MESSAGE][PASSED] - Actual object 'MS Works.wks' and expected object 'MS Works.wks' are equal

2021-02-18 19:17:19 - [MESSAGE][PASSED] - customKeywords.commanFunctions.uploadFileOfRegisterUser is PASSED

2021-02-18 19:17:19 - [TEST_STEP][PASSED] - customKeywords.commanFunctions.logOutAndcloseBrowser(): customKeywords.commanFunctions.logOutAndcloseBrowser is PASSED

2021-02-18 19:17:19 - [MESSAGE][PASSED] - Object 'Object Repository/LoginAndRigisterUser/AdminDD' is clickable

2021-02-18 19:17:20 - [MESSAGE][INFO] - Clicked on element with JS

2021-02-18 19:17:20 - [MESSAGE][INFO] - Clicked on element with JS

2021-02-18 19:17:21 - [MESSAGE][PASSED] - Delayed 1 second(s)

2021-02-18 19:17:22 - [MESSAGE][PASSED] - Browser is closed

2021-02-18 19:17:22 - [MESSAGE][PASSED] - customKeywords.commanFunctions.logOutAndcloseBrowser is PASSED]]></system-out>
         <system-err><![CDATA[]]></system-err>
      </testcase>
      <testcase name="Test Cases/UploadDiffFiles_RegisterUser/TC_As a register user, Upload Multimedia File and verify Uploded file in Submission Page" time="36.523" classname="Test Cases/UploadDiffFiles_RegisterUser/TC_As a register user, Upload Multimedia File and verify Uploded file in Submission Page" status="PASSED">
         <system-out><![CDATA[2021-02-18 19:17:22 - [TEST_CASE][PASSED] - Test Cases/UploadDiffFiles_RegisterUser/TC_As a register user, Upload Multimedia File and verify Uploded file in Submission Page: Test Cases/UploadDiffFiles_RegisterUser/TC_As a register user, Upload Multimedia File and verify Uploded file in Submission Page

2021-02-18 19:17:22 - [TEST_STEP][PASSED] - excelTestData = findTestData("Data Files/TestData/InspectTestData"): null

2021-02-18 19:17:22 - [TEST_STEP][PASSED] - rigisterUN = excelTestData.getValue(2, 23): null

2021-02-18 19:17:22 - [TEST_STEP][PASSED] - rigisterPW = excelTestData.getValue(3, 23): null

2021-02-18 19:17:22 - [TEST_STEP][PASSED] - customKeywords.commanFunctions.uploadFileOfRegisterUser(280, rigisterUN, rigisterPW): customKeywords.commanFunctions.uploadFileOfRegisterUser is PASSED

2021-02-18 19:17:22 - [MESSAGE][INFO] - Starting 'Chrome' driver

2021-02-18 19:17:22 - [MESSAGE][INFO] - Action delay is set to 0 milliseconds

2021-02-18 19:17:31 - [MESSAGE][PASSED] - Browser is opened with url: 'https://Inspect.Stage.site.sa'

2021-02-18 19:17:33 - [MESSAGE][PASSED] - Current window maximized

2021-02-18 19:17:33 - [MESSAGE][PASSED] - Wait for page load successfully

2021-02-18 19:17:34 - [MESSAGE][PASSED] - Object 'Object Repository/LoginAndRigisterUser/LoginLink' is clickable

2021-02-18 19:17:34 - [MESSAGE][INFO] - Clicked on element with JS

2021-02-18 19:17:34 - [MESSAGE][PASSED] - Keys 'Os-ARahman@projects.site.sa' sent to object: 'Object Repository/LoginAndRigisterUser/UserName_Email_Input'

2021-02-18 19:17:35 - [MESSAGE][PASSED] - Keys 'Test@12345' sent to object: 'Object Repository/LoginAndRigisterUser/Password_Input'

2021-02-18 19:17:36 - [MESSAGE][PASSED] - Delayed 1 second(s)

2021-02-18 19:17:36 - [MESSAGE][PASSED] - Object 'Object Repository/LoginAndRigisterUser/LoginBtn' is clickable

2021-02-18 19:17:37 - [MESSAGE][INFO] - Clicked on element with JS

2021-02-18 19:17:39 - [MESSAGE][PASSED] - Keys '0' sent to object: 'Object Repository/LoginAndRigisterUser/otpOne'

2021-02-18 19:17:39 - [MESSAGE][PASSED] - Keys '0' sent to object: 'Object Repository/LoginAndRigisterUser/otpTwo'

2021-02-18 19:17:40 - [MESSAGE][PASSED] - Keys '0' sent to object: 'Object Repository/LoginAndRigisterUser/otpThree'

2021-02-18 19:17:41 - [MESSAGE][PASSED] - Keys '0' sent to object: 'Object Repository/LoginAndRigisterUser/otpFour'

2021-02-18 19:17:41 - [MESSAGE][PASSED] - Keys '0' sent to object: 'Object Repository/LoginAndRigisterUser/otpFive'

2021-02-18 19:17:42 - [MESSAGE][INFO] - Clicked on element with JS

2021-02-18 19:17:44 - [MESSAGE][PASSED] - Object: 'Object Repository/HomePage/ChooseAFile' is clicked on

2021-02-18 19:17:46 - [MESSAGE][PASSED] - Delayed 2 second(s)

2021-02-18 19:17:48 - [MESSAGE][INFO] - Image Uploaded Sucsessfully

2021-02-18 19:17:50 - [MESSAGE][PASSED] - Delayed 2 second(s)

2021-02-18 19:17:51 - [MESSAGE][PASSED] - Text 'Multimedia' is present on page 

2021-02-18 19:17:52 - [MESSAGE][PASSED] - Object: 'Object Repository/HomePage/Window7RadioBtn' is clicked on

2021-02-18 19:17:52 - [MESSAGE][PASSED] - Scroll to object 'Object Repository/HomePage/startAnalysis_EnableBtn' successfully

2021-02-18 19:17:53 - [MESSAGE][PASSED] - Object: 'Object Repository/HomePage/startAnalysis_EnableBtn' is clicked on

2021-02-18 19:17:55 - [MESSAGE][PASSED] - Object 'Object Repository/SubmissionPage/Submission_SearchIcon' is visible

2021-02-18 19:17:55 - [MESSAGE][PASSED] - Object 'Object Repository/SubmissionPage/Submission_SearchIcon' is visible

2021-02-18 19:17:55 - [MESSAGE][PASSED] - Actual object 'Multimedia.avi' and expected object 'Multimedia.avi' are equal

2021-02-18 19:17:55 - [MESSAGE][PASSED] - customKeywords.commanFunctions.uploadFileOfRegisterUser is PASSED

2021-02-18 19:17:55 - [TEST_STEP][PASSED] - customKeywords.commanFunctions.logOutAndcloseBrowser(): customKeywords.commanFunctions.logOutAndcloseBrowser is PASSED

2021-02-18 19:17:56 - [MESSAGE][PASSED] - Object 'Object Repository/LoginAndRigisterUser/AdminDD' is clickable

2021-02-18 19:17:56 - [MESSAGE][INFO] - Clicked on element with JS

2021-02-18 19:17:57 - [MESSAGE][INFO] - Clicked on element with JS

2021-02-18 19:17:58 - [MESSAGE][PASSED] - Delayed 1 second(s)

2021-02-18 19:17:58 - [MESSAGE][PASSED] - Browser is closed

2021-02-18 19:17:58 - [MESSAGE][PASSED] - customKeywords.commanFunctions.logOutAndcloseBrowser is PASSED]]></system-out>
         <system-err><![CDATA[]]></system-err>
      </testcase>
      <testcase name="Test Cases/UploadDiffFiles_RegisterUser/TC_As a register user, Upload PaintShop Pro File and verify Uploded file in Submission Page" time="33.555" classname="Test Cases/UploadDiffFiles_RegisterUser/TC_As a register user, Upload PaintShop Pro File and verify Uploded file in Submission Page" status="FAILED">
         <failure type="FAILED" message="Test Cases/UploadDiffFiles_RegisterUser/TC_As a register user, Upload PaintShop Pro File and verify Uploded file in Submission Page FAILED.
Reason:
com.kms.katalon.core.exception.StepFailedException: Unable to verify text 'PaintShop Pro' is present 
	at com.kms.katalon.core.webui.keyword.internal.WebUIKeywordMain.stepFailed(WebUIKeywordMain.groovy:64)
	at com.kms.katalon.core.webui.keyword.internal.WebUIKeywordMain.runKeyword(WebUIKeywordMain.groovy:26)
	at com.kms.katalon.core.webui.keyword.builtin.VerifyTextPresentKeyword.verifyTextPresent(VerifyTextPresentKeyword.groovy:83)
	at com.kms.katalon.core.webui.keyword.builtin.VerifyTextPresentKeyword.execute(VerifyTextPresentKeyword.groovy:68)
	at com.kms.katalon.core.keyword.internal.KeywordExecutor.executeKeywordForPlatform(KeywordExecutor.groovy:73)
	at com.kms.katalon.core.webui.keyword.WebUiBuiltInKeywords.verifyTextPresent(WebUiBuiltInKeywords.groovy:1720)
	at com.kms.katalon.core.webui.keyword.WebUiBuiltInKeywords$verifyTextPresent$6.call(Unknown Source)
	at customKeywords.commanFunctions.UploadReqFile(commanFunctions.groovy:282)
	at customKeywords.commanFunctions.uploadFileOfRegisterUser(commanFunctions.groovy:761)
	at customKeywords.commanFunctions.invokeMethod(commanFunctions.groovy)
	at com.kms.katalon.core.main.CustomKeywordDelegatingMetaClass.invokeStaticMethod(CustomKeywordDelegatingMetaClass.java:50)
	at TC_As a register user, Upload PaintShop Pro File and verify Uploded file in Submission Page.run(TC_As a register user, Upload PaintShop Pro File and verify Uploded file in Submission Page:16)
	at com.kms.katalon.core.main.ScriptEngine.run(ScriptEngine.java:194)
	at com.kms.katalon.core.main.ScriptEngine.runScriptAsRawText(ScriptEngine.java:119)
	at com.kms.katalon.core.main.TestCaseExecutor.runScript(TestCaseExecutor.java:394)
	at com.kms.katalon.core.main.TestCaseExecutor.doExecute(TestCaseExecutor.java:385)
	at com.kms.katalon.core.main.TestCaseExecutor.processExecutionPhase(TestCaseExecutor.java:364)
	at com.kms.katalon.core.main.TestCaseExecutor.accessMainPhase(TestCaseExecutor.java:356)
	at com.kms.katalon.core.main.TestCaseExecutor.execute(TestCaseExecutor.java:251)
	at com.kms.katalon.core.main.TestSuiteExecutor.accessTestCaseMainPhase(TestSuiteExecutor.java:203)
	at com.kms.katalon.core.main.TestSuiteExecutor.accessTestSuiteMainPhase(TestSuiteExecutor.java:152)
	at com.kms.katalon.core.main.TestSuiteExecutor.execute(TestSuiteExecutor.java:95)
	at com.kms.katalon.core.main.TestCaseMain.startTestSuite(TestCaseMain.java:157)
	at com.kms.katalon.core.main.TestCaseMain$startTestSuite$0.call(Unknown Source)
	at TempTestSuite1613655547890.run(TempTestSuite1613655547890.groovy:39)
Caused by: com.kms.katalon.core.exception.StepFailedException: Text 'PaintShop Pro' is not present on page 
	at com.kms.katalon.core.webui.keyword.internal.WebUIKeywordMain.stepFailed(WebUIKeywordMain.groovy:64)
	at com.kms.katalon.core.webui.keyword.builtin.VerifyTextPresentKeyword$_verifyTextPresent_closure1.doCall(VerifyTextPresentKeyword.groovy:79)
	at com.kms.katalon.core.webui.keyword.builtin.VerifyTextPresentKeyword$_verifyTextPresent_closure1.call(VerifyTextPresentKeyword.groovy)
	at com.kms.katalon.core.webui.keyword.internal.WebUIKeywordMain.runKeyword(WebUIKeywordMain.groovy:20)
	... 23 more
"/>
         <system-out><![CDATA[2021-02-18 19:17:58 - [TEST_CASE][FAILED] - Test Cases/UploadDiffFiles_RegisterUser/TC_As a register user, Upload PaintShop Pro File and verify Uploded file in Submission Page: Test Cases/UploadDiffFiles_RegisterUser/TC_As a register user, Upload PaintShop Pro File and verify Uploded file in Submission Page FAILED.
Reason:
com.kms.katalon.core.exception.StepFailedException: Unable to verify text 'PaintShop Pro' is present 
	at com.kms.katalon.core.webui.keyword.internal.WebUIKeywordMain.stepFailed(WebUIKeywordMain.groovy:64)
	at com.kms.katalon.core.webui.keyword.internal.WebUIKeywordMain.runKeyword(WebUIKeywordMain.groovy:26)
	at com.kms.katalon.core.webui.keyword.builtin.VerifyTextPresentKeyword.verifyTextPresent(VerifyTextPresentKeyword.groovy:83)
	at com.kms.katalon.core.webui.keyword.builtin.VerifyTextPresentKeyword.execute(VerifyTextPresentKeyword.groovy:68)
	at com.kms.katalon.core.keyword.internal.KeywordExecutor.executeKeywordForPlatform(KeywordExecutor.groovy:73)
	at com.kms.katalon.core.webui.keyword.WebUiBuiltInKeywords.verifyTextPresent(WebUiBuiltInKeywords.groovy:1720)
	at com.kms.katalon.core.webui.keyword.WebUiBuiltInKeywords$verifyTextPresent$6.call(Unknown Source)
	at customKeywords.commanFunctions.UploadReqFile(commanFunctions.groovy:282)
	at customKeywords.commanFunctions.uploadFileOfRegisterUser(commanFunctions.groovy:761)
	at customKeywords.commanFunctions.invokeMethod(commanFunctions.groovy)
	at com.kms.katalon.core.main.CustomKeywordDelegatingMetaClass.invokeStaticMethod(CustomKeywordDelegatingMetaClass.java:50)
	at TC_As a register user, Upload PaintShop Pro File and verify Uploded file in Submission Page.run(TC_As a register user, Upload PaintShop Pro File and verify Uploded file in Submission Page:16)
	at com.kms.katalon.core.main.ScriptEngine.run(ScriptEngine.java:194)
	at com.kms.katalon.core.main.ScriptEngine.runScriptAsRawText(ScriptEngine.java:119)
	at com.kms.katalon.core.main.TestCaseExecutor.runScript(TestCaseExecutor.java:394)
	at com.kms.katalon.core.main.TestCaseExecutor.doExecute(TestCaseExecutor.java:385)
	at com.kms.katalon.core.main.TestCaseExecutor.processExecutionPhase(TestCaseExecutor.java:364)
	at com.kms.katalon.core.main.TestCaseExecutor.accessMainPhase(TestCaseExecutor.java:356)
	at com.kms.katalon.core.main.TestCaseExecutor.execute(TestCaseExecutor.java:251)
	at com.kms.katalon.core.main.TestSuiteExecutor.accessTestCaseMainPhase(TestSuiteExecutor.java:203)
	at com.kms.katalon.core.main.TestSuiteExecutor.accessTestSuiteMainPhase(TestSuiteExecutor.java:152)
	at com.kms.katalon.core.main.TestSuiteExecutor.execute(TestSuiteExecutor.java:95)
	at com.kms.katalon.core.main.TestCaseMain.startTestSuite(TestCaseMain.java:157)
	at com.kms.katalon.core.main.TestCaseMain$startTestSuite$0.call(Unknown Source)
	at TempTestSuite1613655547890.run(TempTestSuite1613655547890.groovy:39)
Caused by: com.kms.katalon.core.exception.StepFailedException: Text 'PaintShop Pro' is not present on page 
	at com.kms.katalon.core.webui.keyword.internal.WebUIKeywordMain.stepFailed(WebUIKeywordMain.groovy:64)
	at com.kms.katalon.core.webui.keyword.builtin.VerifyTextPresentKeyword$_verifyTextPresent_closure1.doCall(VerifyTextPresentKeyword.groovy:79)
	at com.kms.katalon.core.webui.keyword.builtin.VerifyTextPresentKeyword$_verifyTextPresent_closure1.call(VerifyTextPresentKeyword.groovy)
	at com.kms.katalon.core.webui.keyword.internal.WebUIKeywordMain.runKeyword(WebUIKeywordMain.groovy:20)
	... 23 more


2021-02-18 19:17:58 - [TEST_STEP][PASSED] - excelTestData = findTestData("Data Files/TestData/InspectTestData"): null

2021-02-18 19:17:58 - [TEST_STEP][PASSED] - rigisterUN = excelTestData.getValue(6, 23): null

2021-02-18 19:17:58 - [TEST_STEP][PASSED] - rigisterPW = excelTestData.getValue(3, 23): null

2021-02-18 19:17:58 - [TEST_STEP][FAILED] - customKeywords.commanFunctions.uploadFileOfRegisterUser(313, rigisterUN, rigisterPW): Unable to verify text 'PaintShop Pro' is present 

2021-02-18 19:17:59 - [MESSAGE][INFO] - Starting 'Chrome' driver

2021-02-18 19:17:59 - [MESSAGE][INFO] - Action delay is set to 0 milliseconds

2021-02-18 19:18:08 - [MESSAGE][PASSED] - Browser is opened with url: 'https://Inspect.Stage.site.sa'

2021-02-18 19:18:10 - [MESSAGE][PASSED] - Current window maximized

2021-02-18 19:18:10 - [MESSAGE][PASSED] - Wait for page load successfully

2021-02-18 19:18:10 - [MESSAGE][PASSED] - Object 'Object Repository/LoginAndRigisterUser/LoginLink' is clickable

2021-02-18 19:18:11 - [MESSAGE][INFO] - Clicked on element with JS

2021-02-18 19:18:11 - [MESSAGE][PASSED] - Keys 'Os-anelapatla@projects.site.sa' sent to object: 'Object Repository/LoginAndRigisterUser/UserName_Email_Input'

2021-02-18 19:18:12 - [MESSAGE][PASSED] - Keys 'Test@12345' sent to object: 'Object Repository/LoginAndRigisterUser/Password_Input'

2021-02-18 19:18:13 - [MESSAGE][PASSED] - Delayed 1 second(s)

2021-02-18 19:18:13 - [MESSAGE][PASSED] - Object 'Object Repository/LoginAndRigisterUser/LoginBtn' is clickable

2021-02-18 19:18:13 - [MESSAGE][INFO] - Clicked on element with JS

2021-02-18 19:18:15 - [MESSAGE][PASSED] - Keys '0' sent to object: 'Object Repository/LoginAndRigisterUser/otpOne'

2021-02-18 19:18:16 - [MESSAGE][PASSED] - Keys '0' sent to object: 'Object Repository/LoginAndRigisterUser/otpTwo'

2021-02-18 19:18:18 - [MESSAGE][PASSED] - Keys '0' sent to object: 'Object Repository/LoginAndRigisterUser/otpThree'

2021-02-18 19:18:18 - [MESSAGE][PASSED] - Keys '0' sent to object: 'Object Repository/LoginAndRigisterUser/otpFour'

2021-02-18 19:18:19 - [MESSAGE][PASSED] - Keys '0' sent to object: 'Object Repository/LoginAndRigisterUser/otpFive'

2021-02-18 19:18:20 - [MESSAGE][INFO] - Clicked on element with JS

2021-02-18 19:18:23 - [MESSAGE][PASSED] - Object: 'Object Repository/HomePage/ChooseAFile' is clicked on

2021-02-18 19:18:25 - [MESSAGE][PASSED] - Delayed 2 second(s)

2021-02-18 19:18:27 - [MESSAGE][INFO] - Image Uploaded Sucsessfully

2021-02-18 19:18:29 - [MESSAGE][PASSED] - Delayed 2 second(s)

2021-02-18 19:18:30 - [MESSAGE][FAILED] - Text 'PaintShop Pro' is not present on page  (Root cause: com.kms.katalon.core.exception.StepFailedException: Text 'PaintShop Pro' is not present on page 
	at com.kms.katalon.core.webui.keyword.internal.WebUIKeywordMain.stepFailed(WebUIKeywordMain.groovy:64)
	at com.kms.katalon.core.webui.keyword.builtin.VerifyTextPresentKeyword$_verifyTextPresent_closure1.doCall(VerifyTextPresentKeyword.groovy:79)
	at com.kms.katalon.core.webui.keyword.builtin.VerifyTextPresentKeyword$_verifyTextPresent_closure1.call(VerifyTextPresentKeyword.groovy)
	at com.kms.katalon.core.webui.keyword.internal.WebUIKeywordMain.runKeyword(WebUIKeywordMain.groovy:20)
	at com.kms.katalon.core.webui.keyword.builtin.VerifyTextPresentKeyword.verifyTextPresent(VerifyTextPresentKeyword.groovy:83)
	at com.kms.katalon.core.webui.keyword.builtin.VerifyTextPresentKeyword.execute(VerifyTextPresentKeyword.groovy:68)
	at com.kms.katalon.core.keyword.internal.KeywordExecutor.executeKeywordForPlatform(KeywordExecutor.groovy:73)
	at com.kms.katalon.core.webui.keyword.WebUiBuiltInKeywords.verifyTextPresent(WebUiBuiltInKeywords.groovy:1720)
	at com.kms.katalon.core.webui.keyword.WebUiBuiltInKeywords$verifyTextPresent$6.call(Unknown Source)
	at customKeywords.commanFunctions.UploadReqFile(commanFunctions.groovy:282)
	at customKeywords.commanFunctions.uploadFileOfRegisterUser(commanFunctions.groovy:761)
	at customKeywords.commanFunctions.invokeMethod(commanFunctions.groovy)
	at com.kms.katalon.core.main.CustomKeywordDelegatingMetaClass.invokeStaticMethod(CustomKeywordDelegatingMetaClass.java:50)
	at TC_As a register user, Upload PaintShop Pro File and verify Uploded file in Submission Page.run(TC_As a register user, Upload PaintShop Pro File and verify Uploded file in Submission Page:16)
	at com.kms.katalon.core.main.ScriptEngine.run(ScriptEngine.java:194)
	at com.kms.katalon.core.main.ScriptEngine.runScriptAsRawText(ScriptEngine.java:119)
	at com.kms.katalon.core.main.TestCaseExecutor.runScript(TestCaseExecutor.java:394)
	at com.kms.katalon.core.main.TestCaseExecutor.doExecute(TestCaseExecutor.java:385)
	at com.kms.katalon.core.main.TestCaseExecutor.processExecutionPhase(TestCaseExecutor.java:364)
	at com.kms.katalon.core.main.TestCaseExecutor.accessMainPhase(TestCaseExecutor.java:356)
	at com.kms.katalon.core.main.TestCaseExecutor.execute(TestCaseExecutor.java:251)
	at com.kms.katalon.core.main.TestSuiteExecutor.accessTestCaseMainPhase(TestSuiteExecutor.java:203)
	at com.kms.katalon.core.main.TestSuiteExecutor.accessTestSuiteMainPhase(TestSuiteExecutor.java:152)
	at com.kms.katalon.core.main.TestSuiteExecutor.execute(TestSuiteExecutor.java:95)
	at com.kms.katalon.core.main.TestCaseMain.startTestSuite(TestCaseMain.java:157)
	at com.kms.katalon.core.main.TestCaseMain$startTestSuite$0.call(Unknown Source)
	at TempTestSuite1613655547890.run(TempTestSuite1613655547890.groovy:39)
)

2021-02-18 19:18:31 - [MESSAGE][FAILED] - Unable to verify text 'PaintShop Pro' is present  (Root cause: com.kms.katalon.core.exception.StepFailedException: Unable to verify text 'PaintShop Pro' is present 
	at com.kms.katalon.core.webui.keyword.internal.WebUIKeywordMain.stepFailed(WebUIKeywordMain.groovy:64)
	at com.kms.katalon.core.webui.keyword.internal.WebUIKeywordMain.runKeyword(WebUIKeywordMain.groovy:26)
	at com.kms.katalon.core.webui.keyword.builtin.VerifyTextPresentKeyword.verifyTextPresent(VerifyTextPresentKeyword.groovy:83)
	at com.kms.katalon.core.webui.keyword.builtin.VerifyTextPresentKeyword.execute(VerifyTextPresentKeyword.groovy:68)
	at com.kms.katalon.core.keyword.internal.KeywordExecutor.executeKeywordForPlatform(KeywordExecutor.groovy:73)
	at com.kms.katalon.core.webui.keyword.WebUiBuiltInKeywords.verifyTextPresent(WebUiBuiltInKeywords.groovy:1720)
	at com.kms.katalon.core.webui.keyword.WebUiBuiltInKeywords$verifyTextPresent$6.call(Unknown Source)
	at customKeywords.commanFunctions.UploadReqFile(commanFunctions.groovy:282)
	at customKeywords.commanFunctions.uploadFileOfRegisterUser(commanFunctions.groovy:761)
	at customKeywords.commanFunctions.invokeMethod(commanFunctions.groovy)
	at com.kms.katalon.core.main.CustomKeywordDelegatingMetaClass.invokeStaticMethod(CustomKeywordDelegatingMetaClass.java:50)
	at TC_As a register user, Upload PaintShop Pro File and verify Uploded file in Submission Page.run(TC_As a register user, Upload PaintShop Pro File and verify Uploded file in Submission Page:16)
	at com.kms.katalon.core.main.ScriptEngine.run(ScriptEngine.java:194)
	at com.kms.katalon.core.main.ScriptEngine.runScriptAsRawText(ScriptEngine.java:119)
	at com.kms.katalon.core.main.TestCaseExecutor.runScript(TestCaseExecutor.java:394)
	at com.kms.katalon.core.main.TestCaseExecutor.doExecute(TestCaseExecutor.java:385)
	at com.kms.katalon.core.main.TestCaseExecutor.processExecutionPhase(TestCaseExecutor.java:364)
	at com.kms.katalon.core.main.TestCaseExecutor.accessMainPhase(TestCaseExecutor.java:356)
	at com.kms.katalon.core.main.TestCaseExecutor.execute(TestCaseExecutor.java:251)
	at com.kms.katalon.core.main.TestSuiteExecutor.accessTestCaseMainPhase(TestSuiteExecutor.java:203)
	at com.kms.katalon.core.main.TestSuiteExecutor.accessTestSuiteMainPhase(TestSuiteExecutor.java:152)
	at com.kms.katalon.core.main.TestSuiteExecutor.execute(TestSuiteExecutor.java:95)
	at com.kms.katalon.core.main.TestCaseMain.startTestSuite(TestCaseMain.java:157)
	at com.kms.katalon.core.main.TestCaseMain$startTestSuite$0.call(Unknown Source)
	at TempTestSuite1613655547890.run(TempTestSuite1613655547890.groovy:39)
Caused by: com.kms.katalon.core.exception.StepFailedException: Text 'PaintShop Pro' is not present on page 
	at com.kms.katalon.core.webui.keyword.internal.WebUIKeywordMain.stepFailed(WebUIKeywordMain.groovy:64)
	at com.kms.katalon.core.webui.keyword.builtin.VerifyTextPresentKeyword$_verifyTextPresent_closure1.doCall(VerifyTextPresentKeyword.groovy:79)
	at com.kms.katalon.core.webui.keyword.builtin.VerifyTextPresentKeyword$_verifyTextPresent_closure1.call(VerifyTextPresentKeyword.groovy)
	at com.kms.katalon.core.webui.keyword.internal.WebUIKeywordMain.runKeyword(WebUIKeywordMain.groovy:20)
	... 23 more
)
[[ATTACHMENT|E:\\Inspect\\15022021\\SiteInspectAutomation\\Reports\\20210218_190906\\Regression_Suite\\RegisterUser_Suite\\RegisterUser_Regression\\20210218_190907\\1613656110771.png]]

2021-02-18 19:18:31 - [MESSAGE][FAILED] - Unable to verify text 'PaintShop Pro' is present 

2021-02-18 19:18:31 - [TEST_STEP][PASSED] - Start tear down : tearDownMethodIfFailed: Method 'tearDownMethodIfFailed' complete successfully

2021-02-18 19:18:31 - [TEST_STEP][PASSED] - customKeywords.commanFunctions.onlyCloseBrowser(): customKeywords.commanFunctions.onlyCloseBrowser is PASSED

2021-02-18 19:18:32 - [MESSAGE][PASSED] - Browser is closed

2021-02-18 19:18:32 - [MESSAGE][PASSED] - customKeywords.commanFunctions.onlyCloseBrowser is PASSED

2021-02-18 19:18:32 - [TEST_STEP][PASSED] - logInfo("[--------This is tearDownIfFailed method------]"): [--------This is tearDownIfFailed method------]

2021-02-18 19:18:32 - [MESSAGE][INFO] - [--------This is tearDownIfFailed method------]

2021-02-18 19:18:32 - [MESSAGE][PASSED] - Method 'tearDownMethodIfFailed' complete successfully]]></system-out>
         <system-err><![CDATA[2021-02-18 19:17:58 - [TEST_CASE][FAILED] - Test Cases/UploadDiffFiles_RegisterUser/TC_As a register user, Upload PaintShop Pro File and verify Uploded file in Submission Page: Test Cases/UploadDiffFiles_RegisterUser/TC_As a register user, Upload PaintShop Pro File and verify Uploded file in Submission Page FAILED.
Reason:
com.kms.katalon.core.exception.StepFailedException: Unable to verify text 'PaintShop Pro' is present 
	at com.kms.katalon.core.webui.keyword.internal.WebUIKeywordMain.stepFailed(WebUIKeywordMain.groovy:64)
	at com.kms.katalon.core.webui.keyword.internal.WebUIKeywordMain.runKeyword(WebUIKeywordMain.groovy:26)
	at com.kms.katalon.core.webui.keyword.builtin.VerifyTextPresentKeyword.verifyTextPresent(VerifyTextPresentKeyword.groovy:83)
	at com.kms.katalon.core.webui.keyword.builtin.VerifyTextPresentKeyword.execute(VerifyTextPresentKeyword.groovy:68)
	at com.kms.katalon.core.keyword.internal.KeywordExecutor.executeKeywordForPlatform(KeywordExecutor.groovy:73)
	at com.kms.katalon.core.webui.keyword.WebUiBuiltInKeywords.verifyTextPresent(WebUiBuiltInKeywords.groovy:1720)
	at com.kms.katalon.core.webui.keyword.WebUiBuiltInKeywords$verifyTextPresent$6.call(Unknown Source)
	at customKeywords.commanFunctions.UploadReqFile(commanFunctions.groovy:282)
	at customKeywords.commanFunctions.uploadFileOfRegisterUser(commanFunctions.groovy:761)
	at customKeywords.commanFunctions.invokeMethod(commanFunctions.groovy)
	at com.kms.katalon.core.main.CustomKeywordDelegatingMetaClass.invokeStaticMethod(CustomKeywordDelegatingMetaClass.java:50)
	at TC_As a register user, Upload PaintShop Pro File and verify Uploded file in Submission Page.run(TC_As a register user, Upload PaintShop Pro File and verify Uploded file in Submission Page:16)
	at com.kms.katalon.core.main.ScriptEngine.run(ScriptEngine.java:194)
	at com.kms.katalon.core.main.ScriptEngine.runScriptAsRawText(ScriptEngine.java:119)
	at com.kms.katalon.core.main.TestCaseExecutor.runScript(TestCaseExecutor.java:394)
	at com.kms.katalon.core.main.TestCaseExecutor.doExecute(TestCaseExecutor.java:385)
	at com.kms.katalon.core.main.TestCaseExecutor.processExecutionPhase(TestCaseExecutor.java:364)
	at com.kms.katalon.core.main.TestCaseExecutor.accessMainPhase(TestCaseExecutor.java:356)
	at com.kms.katalon.core.main.TestCaseExecutor.execute(TestCaseExecutor.java:251)
	at com.kms.katalon.core.main.TestSuiteExecutor.accessTestCaseMainPhase(TestSuiteExecutor.java:203)
	at com.kms.katalon.core.main.TestSuiteExecutor.accessTestSuiteMainPhase(TestSuiteExecutor.java:152)
	at com.kms.katalon.core.main.TestSuiteExecutor.execute(TestSuiteExecutor.java:95)
	at com.kms.katalon.core.main.TestCaseMain.startTestSuite(TestCaseMain.java:157)
	at com.kms.katalon.core.main.TestCaseMain$startTestSuite$0.call(Unknown Source)
	at TempTestSuite1613655547890.run(TempTestSuite1613655547890.groovy:39)
Caused by: com.kms.katalon.core.exception.StepFailedException: Text 'PaintShop Pro' is not present on page 
	at com.kms.katalon.core.webui.keyword.internal.WebUIKeywordMain.stepFailed(WebUIKeywordMain.groovy:64)
	at com.kms.katalon.core.webui.keyword.builtin.VerifyTextPresentKeyword$_verifyTextPresent_closure1.doCall(VerifyTextPresentKeyword.groovy:79)
	at com.kms.katalon.core.webui.keyword.builtin.VerifyTextPresentKeyword$_verifyTextPresent_closure1.call(VerifyTextPresentKeyword.groovy)
	at com.kms.katalon.core.webui.keyword.internal.WebUIKeywordMain.runKeyword(WebUIKeywordMain.groovy:20)
	... 23 more]]></system-err>
      </testcase>
      <testcase name="Test Cases/UploadDiffFiles_RegisterUser/TC_As a register user, Upload PC batch file File and verify Uploded file in Submission Page" time="37.48" classname="Test Cases/UploadDiffFiles_RegisterUser/TC_As a register user, Upload PC batch file File and verify Uploded file in Submission Page" status="PASSED">
         <system-out><![CDATA[2021-02-18 19:18:32 - [TEST_CASE][PASSED] - Test Cases/UploadDiffFiles_RegisterUser/TC_As a register user, Upload PC batch file File and verify Uploded file in Submission Page: Test Cases/UploadDiffFiles_RegisterUser/TC_As a register user, Upload PC batch file File and verify Uploded file in Submission Page

2021-02-18 19:18:32 - [TEST_STEP][PASSED] - excelTestData = findTestData("Data Files/TestData/InspectTestData"): null

2021-02-18 19:18:32 - [TEST_STEP][PASSED] - rigisterUN = excelTestData.getValue(2, 23): null

2021-02-18 19:18:32 - [TEST_STEP][PASSED] - rigisterPW = excelTestData.getValue(3, 23): null

2021-02-18 19:18:32 - [TEST_STEP][PASSED] - customKeywords.commanFunctions.uploadFileOfRegisterUser(268, rigisterUN, rigisterPW): customKeywords.commanFunctions.uploadFileOfRegisterUser is PASSED

2021-02-18 19:18:32 - [MESSAGE][INFO] - Starting 'Chrome' driver

2021-02-18 19:18:32 - [MESSAGE][INFO] - Action delay is set to 0 milliseconds

2021-02-18 19:18:41 - [MESSAGE][PASSED] - Browser is opened with url: 'https://Inspect.Stage.site.sa'

2021-02-18 19:18:43 - [MESSAGE][PASSED] - Current window maximized

2021-02-18 19:18:43 - [MESSAGE][PASSED] - Wait for page load successfully

2021-02-18 19:18:44 - [MESSAGE][PASSED] - Object 'Object Repository/LoginAndRigisterUser/LoginLink' is clickable

2021-02-18 19:18:44 - [MESSAGE][INFO] - Clicked on element with JS

2021-02-18 19:18:45 - [MESSAGE][PASSED] - Keys 'Os-ARahman@projects.site.sa' sent to object: 'Object Repository/LoginAndRigisterUser/UserName_Email_Input'

2021-02-18 19:18:45 - [MESSAGE][PASSED] - Keys 'Test@12345' sent to object: 'Object Repository/LoginAndRigisterUser/Password_Input'

2021-02-18 19:18:46 - [MESSAGE][PASSED] - Delayed 1 second(s)

2021-02-18 19:18:46 - [MESSAGE][PASSED] - Object 'Object Repository/LoginAndRigisterUser/LoginBtn' is clickable

2021-02-18 19:18:47 - [MESSAGE][INFO] - Clicked on element with JS

2021-02-18 19:18:49 - [MESSAGE][PASSED] - Keys '0' sent to object: 'Object Repository/LoginAndRigisterUser/otpOne'

2021-02-18 19:18:50 - [MESSAGE][PASSED] - Keys '0' sent to object: 'Object Repository/LoginAndRigisterUser/otpTwo'

2021-02-18 19:18:51 - [MESSAGE][PASSED] - Keys '0' sent to object: 'Object Repository/LoginAndRigisterUser/otpThree'

2021-02-18 19:18:52 - [MESSAGE][PASSED] - Keys '0' sent to object: 'Object Repository/LoginAndRigisterUser/otpFour'

2021-02-18 19:18:53 - [MESSAGE][PASSED] - Keys '0' sent to object: 'Object Repository/LoginAndRigisterUser/otpFive'

2021-02-18 19:18:53 - [MESSAGE][INFO] - Clicked on element with JS

2021-02-18 19:18:56 - [MESSAGE][PASSED] - Object: 'Object Repository/HomePage/ChooseAFile' is clicked on

2021-02-18 19:18:58 - [MESSAGE][PASSED] - Delayed 2 second(s)

2021-02-18 19:19:00 - [MESSAGE][INFO] - Image Uploaded Sucsessfully

2021-02-18 19:19:02 - [MESSAGE][PASSED] - Delayed 2 second(s)

2021-02-18 19:19:02 - [MESSAGE][PASSED] - Text 'PC batch file' is present on page 

2021-02-18 19:19:03 - [MESSAGE][PASSED] - Object: 'Object Repository/HomePage/Window7RadioBtn' is clicked on

2021-02-18 19:19:04 - [MESSAGE][PASSED] - Scroll to object 'Object Repository/HomePage/startAnalysis_EnableBtn' successfully

2021-02-18 19:19:04 - [MESSAGE][PASSED] - Object: 'Object Repository/HomePage/startAnalysis_EnableBtn' is clicked on

2021-02-18 19:19:06 - [MESSAGE][PASSED] - Object 'Object Repository/SubmissionPage/Submission_SearchIcon' is visible

2021-02-18 19:19:06 - [MESSAGE][PASSED] - Object 'Object Repository/SubmissionPage/Submission_SearchIcon' is visible

2021-02-18 19:19:06 - [MESSAGE][PASSED] - Actual object 'PC batch file.bat' and expected object 'PC batch file.bat' are equal

2021-02-18 19:19:06 - [MESSAGE][PASSED] - customKeywords.commanFunctions.uploadFileOfRegisterUser is PASSED

2021-02-18 19:19:06 - [TEST_STEP][PASSED] - customKeywords.commanFunctions.logOutAndcloseBrowser(): customKeywords.commanFunctions.logOutAndcloseBrowser is PASSED

2021-02-18 19:19:07 - [MESSAGE][PASSED] - Object 'Object Repository/LoginAndRigisterUser/AdminDD' is clickable

2021-02-18 19:19:07 - [MESSAGE][INFO] - Clicked on element with JS

2021-02-18 19:19:08 - [MESSAGE][INFO] - Clicked on element with JS

2021-02-18 19:19:09 - [MESSAGE][PASSED] - Delayed 1 second(s)

2021-02-18 19:19:09 - [MESSAGE][PASSED] - Browser is closed

2021-02-18 19:19:09 - [MESSAGE][PASSED] - customKeywords.commanFunctions.logOutAndcloseBrowser is PASSED]]></system-out>
         <system-err><![CDATA[]]></system-err>
      </testcase>
      <testcase name="Test Cases/UploadDiffFiles_RegisterUser/TC_As a register user, Upload PC Zip Compressed Archive File and verify Uploded file in Submission Page" time="31.638" classname="Test Cases/UploadDiffFiles_RegisterUser/TC_As a register user, Upload PC Zip Compressed Archive File and verify Uploded file in Submission Page" status="FAILED">
         <failure type="FAILED" message="Test Cases/UploadDiffFiles_RegisterUser/TC_As a register user, Upload PC Zip Compressed Archive File and verify Uploded file in Submission Page FAILED.
Reason:
com.kms.katalon.core.exception.StepFailedException: Unable to verify text 'PC Zip Compressed Archive' is present 
	at com.kms.katalon.core.webui.keyword.internal.WebUIKeywordMain.stepFailed(WebUIKeywordMain.groovy:64)
	at com.kms.katalon.core.webui.keyword.internal.WebUIKeywordMain.runKeyword(WebUIKeywordMain.groovy:26)
	at com.kms.katalon.core.webui.keyword.builtin.VerifyTextPresentKeyword.verifyTextPresent(VerifyTextPresentKeyword.groovy:83)
	at com.kms.katalon.core.webui.keyword.builtin.VerifyTextPresentKeyword.execute(VerifyTextPresentKeyword.groovy:68)
	at com.kms.katalon.core.keyword.internal.KeywordExecutor.executeKeywordForPlatform(KeywordExecutor.groovy:73)
	at com.kms.katalon.core.webui.keyword.WebUiBuiltInKeywords.verifyTextPresent(WebUiBuiltInKeywords.groovy:1720)
	at com.kms.katalon.core.webui.keyword.WebUiBuiltInKeywords$verifyTextPresent$6.call(Unknown Source)
	at customKeywords.commanFunctions.UploadReqFile(commanFunctions.groovy:282)
	at customKeywords.commanFunctions.uploadFileOfRegisterUser(commanFunctions.groovy:761)
	at customKeywords.commanFunctions.invokeMethod(commanFunctions.groovy)
	at com.kms.katalon.core.main.CustomKeywordDelegatingMetaClass.invokeStaticMethod(CustomKeywordDelegatingMetaClass.java:50)
	at TC_As a register user, Upload PC Zip Compressed Archive File and verify Uploded file in Submission Page.run(TC_As a register user, Upload PC Zip Compressed Archive File and verify Uploded file in Submission Page:16)
	at com.kms.katalon.core.main.ScriptEngine.run(ScriptEngine.java:194)
	at com.kms.katalon.core.main.ScriptEngine.runScriptAsRawText(ScriptEngine.java:119)
	at com.kms.katalon.core.main.TestCaseExecutor.runScript(TestCaseExecutor.java:394)
	at com.kms.katalon.core.main.TestCaseExecutor.doExecute(TestCaseExecutor.java:385)
	at com.kms.katalon.core.main.TestCaseExecutor.processExecutionPhase(TestCaseExecutor.java:364)
	at com.kms.katalon.core.main.TestCaseExecutor.accessMainPhase(TestCaseExecutor.java:356)
	at com.kms.katalon.core.main.TestCaseExecutor.execute(TestCaseExecutor.java:251)
	at com.kms.katalon.core.main.TestSuiteExecutor.accessTestCaseMainPhase(TestSuiteExecutor.java:203)
	at com.kms.katalon.core.main.TestSuiteExecutor.accessTestSuiteMainPhase(TestSuiteExecutor.java:152)
	at com.kms.katalon.core.main.TestSuiteExecutor.execute(TestSuiteExecutor.java:95)
	at com.kms.katalon.core.main.TestCaseMain.startTestSuite(TestCaseMain.java:157)
	at com.kms.katalon.core.main.TestCaseMain$startTestSuite$0.call(Unknown Source)
	at TempTestSuite1613655547890.run(TempTestSuite1613655547890.groovy:39)
Caused by: com.kms.katalon.core.exception.StepFailedException: Text 'PC Zip Compressed Archive' is not present on page 
	at com.kms.katalon.core.webui.keyword.internal.WebUIKeywordMain.stepFailed(WebUIKeywordMain.groovy:64)
	at com.kms.katalon.core.webui.keyword.builtin.VerifyTextPresentKeyword$_verifyTextPresent_closure1.doCall(VerifyTextPresentKeyword.groovy:79)
	at com.kms.katalon.core.webui.keyword.builtin.VerifyTextPresentKeyword$_verifyTextPresent_closure1.call(VerifyTextPresentKeyword.groovy)
	at com.kms.katalon.core.webui.keyword.internal.WebUIKeywordMain.runKeyword(WebUIKeywordMain.groovy:20)
	... 23 more
"/>
         <system-out><![CDATA[2021-02-18 19:19:09 - [TEST_CASE][FAILED] - Test Cases/UploadDiffFiles_RegisterUser/TC_As a register user, Upload PC Zip Compressed Archive File and verify Uploded file in Submission Page: Test Cases/UploadDiffFiles_RegisterUser/TC_As a register user, Upload PC Zip Compressed Archive File and verify Uploded file in Submission Page FAILED.
Reason:
com.kms.katalon.core.exception.StepFailedException: Unable to verify text 'PC Zip Compressed Archive' is present 
	at com.kms.katalon.core.webui.keyword.internal.WebUIKeywordMain.stepFailed(WebUIKeywordMain.groovy:64)
	at com.kms.katalon.core.webui.keyword.internal.WebUIKeywordMain.runKeyword(WebUIKeywordMain.groovy:26)
	at com.kms.katalon.core.webui.keyword.builtin.VerifyTextPresentKeyword.verifyTextPresent(VerifyTextPresentKeyword.groovy:83)
	at com.kms.katalon.core.webui.keyword.builtin.VerifyTextPresentKeyword.execute(VerifyTextPresentKeyword.groovy:68)
	at com.kms.katalon.core.keyword.internal.KeywordExecutor.executeKeywordForPlatform(KeywordExecutor.groovy:73)
	at com.kms.katalon.core.webui.keyword.WebUiBuiltInKeywords.verifyTextPresent(WebUiBuiltInKeywords.groovy:1720)
	at com.kms.katalon.core.webui.keyword.WebUiBuiltInKeywords$verifyTextPresent$6.call(Unknown Source)
	at customKeywords.commanFunctions.UploadReqFile(commanFunctions.groovy:282)
	at customKeywords.commanFunctions.uploadFileOfRegisterUser(commanFunctions.groovy:761)
	at customKeywords.commanFunctions.invokeMethod(commanFunctions.groovy)
	at com.kms.katalon.core.main.CustomKeywordDelegatingMetaClass.invokeStaticMethod(CustomKeywordDelegatingMetaClass.java:50)
	at TC_As a register user, Upload PC Zip Compressed Archive File and verify Uploded file in Submission Page.run(TC_As a register user, Upload PC Zip Compressed Archive File and verify Uploded file in Submission Page:16)
	at com.kms.katalon.core.main.ScriptEngine.run(ScriptEngine.java:194)
	at com.kms.katalon.core.main.ScriptEngine.runScriptAsRawText(ScriptEngine.java:119)
	at com.kms.katalon.core.main.TestCaseExecutor.runScript(TestCaseExecutor.java:394)
	at com.kms.katalon.core.main.TestCaseExecutor.doExecute(TestCaseExecutor.java:385)
	at com.kms.katalon.core.main.TestCaseExecutor.processExecutionPhase(TestCaseExecutor.java:364)
	at com.kms.katalon.core.main.TestCaseExecutor.accessMainPhase(TestCaseExecutor.java:356)
	at com.kms.katalon.core.main.TestCaseExecutor.execute(TestCaseExecutor.java:251)
	at com.kms.katalon.core.main.TestSuiteExecutor.accessTestCaseMainPhase(TestSuiteExecutor.java:203)
	at com.kms.katalon.core.main.TestSuiteExecutor.accessTestSuiteMainPhase(TestSuiteExecutor.java:152)
	at com.kms.katalon.core.main.TestSuiteExecutor.execute(TestSuiteExecutor.java:95)
	at com.kms.katalon.core.main.TestCaseMain.startTestSuite(TestCaseMain.java:157)
	at com.kms.katalon.core.main.TestCaseMain$startTestSuite$0.call(Unknown Source)
	at TempTestSuite1613655547890.run(TempTestSuite1613655547890.groovy:39)
Caused by: com.kms.katalon.core.exception.StepFailedException: Text 'PC Zip Compressed Archive' is not present on page 
	at com.kms.katalon.core.webui.keyword.internal.WebUIKeywordMain.stepFailed(WebUIKeywordMain.groovy:64)
	at com.kms.katalon.core.webui.keyword.builtin.VerifyTextPresentKeyword$_verifyTextPresent_closure1.doCall(VerifyTextPresentKeyword.groovy:79)
	at com.kms.katalon.core.webui.keyword.builtin.VerifyTextPresentKeyword$_verifyTextPresent_closure1.call(VerifyTextPresentKeyword.groovy)
	at com.kms.katalon.core.webui.keyword.internal.WebUIKeywordMain.runKeyword(WebUIKeywordMain.groovy:20)
	... 23 more


2021-02-18 19:19:09 - [TEST_STEP][PASSED] - excelTestData = findTestData("Data Files/TestData/InspectTestData"): null

2021-02-18 19:19:09 - [TEST_STEP][PASSED] - rigisterUN = excelTestData.getValue(6, 23): null

2021-02-18 19:19:09 - [TEST_STEP][PASSED] - rigisterPW = excelTestData.getValue(3, 23): null

2021-02-18 19:19:09 - [TEST_STEP][FAILED] - customKeywords.commanFunctions.uploadFileOfRegisterUser(329, rigisterUN, rigisterPW): Unable to verify text 'PC Zip Compressed Archive' is present 

2021-02-18 19:19:10 - [MESSAGE][INFO] - Starting 'Chrome' driver

2021-02-18 19:19:10 - [MESSAGE][INFO] - Action delay is set to 0 milliseconds

2021-02-18 19:19:19 - [MESSAGE][PASSED] - Browser is opened with url: 'https://Inspect.Stage.site.sa'

2021-02-18 19:19:21 - [MESSAGE][PASSED] - Current window maximized

2021-02-18 19:19:21 - [MESSAGE][PASSED] - Wait for page load successfully

2021-02-18 19:19:21 - [MESSAGE][PASSED] - Object 'Object Repository/LoginAndRigisterUser/LoginLink' is clickable

2021-02-18 19:19:22 - [MESSAGE][INFO] - Clicked on element with JS

2021-02-18 19:19:22 - [MESSAGE][PASSED] - Keys 'Os-anelapatla@projects.site.sa' sent to object: 'Object Repository/LoginAndRigisterUser/UserName_Email_Input'

2021-02-18 19:19:23 - [MESSAGE][PASSED] - Keys 'Test@12345' sent to object: 'Object Repository/LoginAndRigisterUser/Password_Input'

2021-02-18 19:19:24 - [MESSAGE][PASSED] - Delayed 1 second(s)

2021-02-18 19:19:24 - [MESSAGE][PASSED] - Object 'Object Repository/LoginAndRigisterUser/LoginBtn' is clickable

2021-02-18 19:19:24 - [MESSAGE][INFO] - Clicked on element with JS

2021-02-18 19:19:26 - [MESSAGE][PASSED] - Keys '0' sent to object: 'Object Repository/LoginAndRigisterUser/otpOne'

2021-02-18 19:19:28 - [MESSAGE][PASSED] - Keys '0' sent to object: 'Object Repository/LoginAndRigisterUser/otpTwo'

2021-02-18 19:19:28 - [MESSAGE][PASSED] - Keys '0' sent to object: 'Object Repository/LoginAndRigisterUser/otpThree'

2021-02-18 19:19:29 - [MESSAGE][PASSED] - Keys '0' sent to object: 'Object Repository/LoginAndRigisterUser/otpFour'

2021-02-18 19:19:29 - [MESSAGE][PASSED] - Keys '0' sent to object: 'Object Repository/LoginAndRigisterUser/otpFive'

2021-02-18 19:19:30 - [MESSAGE][INFO] - Clicked on element with JS

2021-02-18 19:19:33 - [MESSAGE][PASSED] - Object: 'Object Repository/HomePage/ChooseAFile' is clicked on

2021-02-18 19:19:35 - [MESSAGE][PASSED] - Delayed 2 second(s)

2021-02-18 19:19:37 - [MESSAGE][INFO] - Image Uploaded Sucsessfully

2021-02-18 19:19:39 - [MESSAGE][PASSED] - Delayed 2 second(s)

2021-02-18 19:19:40 - [MESSAGE][FAILED] - Text 'PC Zip Compressed Archive' is not present on page  (Root cause: com.kms.katalon.core.exception.StepFailedException: Text 'PC Zip Compressed Archive' is not present on page 
	at com.kms.katalon.core.webui.keyword.internal.WebUIKeywordMain.stepFailed(WebUIKeywordMain.groovy:64)
	at com.kms.katalon.core.webui.keyword.builtin.VerifyTextPresentKeyword$_verifyTextPresent_closure1.doCall(VerifyTextPresentKeyword.groovy:79)
	at com.kms.katalon.core.webui.keyword.builtin.VerifyTextPresentKeyword$_verifyTextPresent_closure1.call(VerifyTextPresentKeyword.groovy)
	at com.kms.katalon.core.webui.keyword.internal.WebUIKeywordMain.runKeyword(WebUIKeywordMain.groovy:20)
	at com.kms.katalon.core.webui.keyword.builtin.VerifyTextPresentKeyword.verifyTextPresent(VerifyTextPresentKeyword.groovy:83)
	at com.kms.katalon.core.webui.keyword.builtin.VerifyTextPresentKeyword.execute(VerifyTextPresentKeyword.groovy:68)
	at com.kms.katalon.core.keyword.internal.KeywordExecutor.executeKeywordForPlatform(KeywordExecutor.groovy:73)
	at com.kms.katalon.core.webui.keyword.WebUiBuiltInKeywords.verifyTextPresent(WebUiBuiltInKeywords.groovy:1720)
	at com.kms.katalon.core.webui.keyword.WebUiBuiltInKeywords$verifyTextPresent$6.call(Unknown Source)
	at customKeywords.commanFunctions.UploadReqFile(commanFunctions.groovy:282)
	at customKeywords.commanFunctions.uploadFileOfRegisterUser(commanFunctions.groovy:761)
	at customKeywords.commanFunctions.invokeMethod(commanFunctions.groovy)
	at com.kms.katalon.core.main.CustomKeywordDelegatingMetaClass.invokeStaticMethod(CustomKeywordDelegatingMetaClass.java:50)
	at TC_As a register user, Upload PC Zip Compressed Archive File and verify Uploded file in Submission Page.run(TC_As a register user, Upload PC Zip Compressed Archive File and verify Uploded file in Submission Page:16)
	at com.kms.katalon.core.main.ScriptEngine.run(ScriptEngine.java:194)
	at com.kms.katalon.core.main.ScriptEngine.runScriptAsRawText(ScriptEngine.java:119)
	at com.kms.katalon.core.main.TestCaseExecutor.runScript(TestCaseExecutor.java:394)
	at com.kms.katalon.core.main.TestCaseExecutor.doExecute(TestCaseExecutor.java:385)
	at com.kms.katalon.core.main.TestCaseExecutor.processExecutionPhase(TestCaseExecutor.java:364)
	at com.kms.katalon.core.main.TestCaseExecutor.accessMainPhase(TestCaseExecutor.java:356)
	at com.kms.katalon.core.main.TestCaseExecutor.execute(TestCaseExecutor.java:251)
	at com.kms.katalon.core.main.TestSuiteExecutor.accessTestCaseMainPhase(TestSuiteExecutor.java:203)
	at com.kms.katalon.core.main.TestSuiteExecutor.accessTestSuiteMainPhase(TestSuiteExecutor.java:152)
	at com.kms.katalon.core.main.TestSuiteExecutor.execute(TestSuiteExecutor.java:95)
	at com.kms.katalon.core.main.TestCaseMain.startTestSuite(TestCaseMain.java:157)
	at com.kms.katalon.core.main.TestCaseMain$startTestSuite$0.call(Unknown Source)
	at TempTestSuite1613655547890.run(TempTestSuite1613655547890.groovy:39)
)

2021-02-18 19:19:40 - [MESSAGE][FAILED] - Unable to verify text 'PC Zip Compressed Archive' is present  (Root cause: com.kms.katalon.core.exception.StepFailedException: Unable to verify text 'PC Zip Compressed Archive' is present 
	at com.kms.katalon.core.webui.keyword.internal.WebUIKeywordMain.stepFailed(WebUIKeywordMain.groovy:64)
	at com.kms.katalon.core.webui.keyword.internal.WebUIKeywordMain.runKeyword(WebUIKeywordMain.groovy:26)
	at com.kms.katalon.core.webui.keyword.builtin.VerifyTextPresentKeyword.verifyTextPresent(VerifyTextPresentKeyword.groovy:83)
	at com.kms.katalon.core.webui.keyword.builtin.VerifyTextPresentKeyword.execute(VerifyTextPresentKeyword.groovy:68)
	at com.kms.katalon.core.keyword.internal.KeywordExecutor.executeKeywordForPlatform(KeywordExecutor.groovy:73)
	at com.kms.katalon.core.webui.keyword.WebUiBuiltInKeywords.verifyTextPresent(WebUiBuiltInKeywords.groovy:1720)
	at com.kms.katalon.core.webui.keyword.WebUiBuiltInKeywords$verifyTextPresent$6.call(Unknown Source)
	at customKeywords.commanFunctions.UploadReqFile(commanFunctions.groovy:282)
	at customKeywords.commanFunctions.uploadFileOfRegisterUser(commanFunctions.groovy:761)
	at customKeywords.commanFunctions.invokeMethod(commanFunctions.groovy)
	at com.kms.katalon.core.main.CustomKeywordDelegatingMetaClass.invokeStaticMethod(CustomKeywordDelegatingMetaClass.java:50)
	at TC_As a register user, Upload PC Zip Compressed Archive File and verify Uploded file in Submission Page.run(TC_As a register user, Upload PC Zip Compressed Archive File and verify Uploded file in Submission Page:16)
	at com.kms.katalon.core.main.ScriptEngine.run(ScriptEngine.java:194)
	at com.kms.katalon.core.main.ScriptEngine.runScriptAsRawText(ScriptEngine.java:119)
	at com.kms.katalon.core.main.TestCaseExecutor.runScript(TestCaseExecutor.java:394)
	at com.kms.katalon.core.main.TestCaseExecutor.doExecute(TestCaseExecutor.java:385)
	at com.kms.katalon.core.main.TestCaseExecutor.processExecutionPhase(TestCaseExecutor.java:364)
	at com.kms.katalon.core.main.TestCaseExecutor.accessMainPhase(TestCaseExecutor.java:356)
	at com.kms.katalon.core.main.TestCaseExecutor.execute(TestCaseExecutor.java:251)
	at com.kms.katalon.core.main.TestSuiteExecutor.accessTestCaseMainPhase(TestSuiteExecutor.java:203)
	at com.kms.katalon.core.main.TestSuiteExecutor.accessTestSuiteMainPhase(TestSuiteExecutor.java:152)
	at com.kms.katalon.core.main.TestSuiteExecutor.execute(TestSuiteExecutor.java:95)
	at com.kms.katalon.core.main.TestCaseMain.startTestSuite(TestCaseMain.java:157)
	at com.kms.katalon.core.main.TestCaseMain$startTestSuite$0.call(Unknown Source)
	at TempTestSuite1613655547890.run(TempTestSuite1613655547890.groovy:39)
Caused by: com.kms.katalon.core.exception.StepFailedException: Text 'PC Zip Compressed Archive' is not present on page 
	at com.kms.katalon.core.webui.keyword.internal.WebUIKeywordMain.stepFailed(WebUIKeywordMain.groovy:64)
	at com.kms.katalon.core.webui.keyword.builtin.VerifyTextPresentKeyword$_verifyTextPresent_closure1.doCall(VerifyTextPresentKeyword.groovy:79)
	at com.kms.katalon.core.webui.keyword.builtin.VerifyTextPresentKeyword$_verifyTextPresent_closure1.call(VerifyTextPresentKeyword.groovy)
	at com.kms.katalon.core.webui.keyword.internal.WebUIKeywordMain.runKeyword(WebUIKeywordMain.groovy:20)
	... 23 more
)
[[ATTACHMENT|E:\\Inspect\\15022021\\SiteInspectAutomation\\Reports\\20210218_190906\\Regression_Suite\\RegisterUser_Suite\\RegisterUser_Regression\\20210218_190907\\1613656180332.png]]

2021-02-18 19:19:40 - [MESSAGE][FAILED] - Unable to verify text 'PC Zip Compressed Archive' is present 

2021-02-18 19:19:40 - [TEST_STEP][PASSED] - Start tear down : tearDownMethodIfFailed: Method 'tearDownMethodIfFailed' complete successfully

2021-02-18 19:19:40 - [TEST_STEP][PASSED] - customKeywords.commanFunctions.onlyCloseBrowser(): customKeywords.commanFunctions.onlyCloseBrowser is PASSED

2021-02-18 19:19:41 - [MESSAGE][PASSED] - Browser is closed

2021-02-18 19:19:41 - [MESSAGE][PASSED] - customKeywords.commanFunctions.onlyCloseBrowser is PASSED

2021-02-18 19:19:41 - [TEST_STEP][PASSED] - logInfo("[--------This is tearDownIfFailed method------]"): [--------This is tearDownIfFailed method------]

2021-02-18 19:19:41 - [MESSAGE][INFO] - [--------This is tearDownIfFailed method------]

2021-02-18 19:19:41 - [MESSAGE][PASSED] - Method 'tearDownMethodIfFailed' complete successfully]]></system-out>
         <system-err><![CDATA[2021-02-18 19:19:09 - [TEST_CASE][FAILED] - Test Cases/UploadDiffFiles_RegisterUser/TC_As a register user, Upload PC Zip Compressed Archive File and verify Uploded file in Submission Page: Test Cases/UploadDiffFiles_RegisterUser/TC_As a register user, Upload PC Zip Compressed Archive File and verify Uploded file in Submission Page FAILED.
Reason:
com.kms.katalon.core.exception.StepFailedException: Unable to verify text 'PC Zip Compressed Archive' is present 
	at com.kms.katalon.core.webui.keyword.internal.WebUIKeywordMain.stepFailed(WebUIKeywordMain.groovy:64)
	at com.kms.katalon.core.webui.keyword.internal.WebUIKeywordMain.runKeyword(WebUIKeywordMain.groovy:26)
	at com.kms.katalon.core.webui.keyword.builtin.VerifyTextPresentKeyword.verifyTextPresent(VerifyTextPresentKeyword.groovy:83)
	at com.kms.katalon.core.webui.keyword.builtin.VerifyTextPresentKeyword.execute(VerifyTextPresentKeyword.groovy:68)
	at com.kms.katalon.core.keyword.internal.KeywordExecutor.executeKeywordForPlatform(KeywordExecutor.groovy:73)
	at com.kms.katalon.core.webui.keyword.WebUiBuiltInKeywords.verifyTextPresent(WebUiBuiltInKeywords.groovy:1720)
	at com.kms.katalon.core.webui.keyword.WebUiBuiltInKeywords$verifyTextPresent$6.call(Unknown Source)
	at customKeywords.commanFunctions.UploadReqFile(commanFunctions.groovy:282)
	at customKeywords.commanFunctions.uploadFileOfRegisterUser(commanFunctions.groovy:761)
	at customKeywords.commanFunctions.invokeMethod(commanFunctions.groovy)
	at com.kms.katalon.core.main.CustomKeywordDelegatingMetaClass.invokeStaticMethod(CustomKeywordDelegatingMetaClass.java:50)
	at TC_As a register user, Upload PC Zip Compressed Archive File and verify Uploded file in Submission Page.run(TC_As a register user, Upload PC Zip Compressed Archive File and verify Uploded file in Submission Page:16)
	at com.kms.katalon.core.main.ScriptEngine.run(ScriptEngine.java:194)
	at com.kms.katalon.core.main.ScriptEngine.runScriptAsRawText(ScriptEngine.java:119)
	at com.kms.katalon.core.main.TestCaseExecutor.runScript(TestCaseExecutor.java:394)
	at com.kms.katalon.core.main.TestCaseExecutor.doExecute(TestCaseExecutor.java:385)
	at com.kms.katalon.core.main.TestCaseExecutor.processExecutionPhase(TestCaseExecutor.java:364)
	at com.kms.katalon.core.main.TestCaseExecutor.accessMainPhase(TestCaseExecutor.java:356)
	at com.kms.katalon.core.main.TestCaseExecutor.execute(TestCaseExecutor.java:251)
	at com.kms.katalon.core.main.TestSuiteExecutor.accessTestCaseMainPhase(TestSuiteExecutor.java:203)
	at com.kms.katalon.core.main.TestSuiteExecutor.accessTestSuiteMainPhase(TestSuiteExecutor.java:152)
	at com.kms.katalon.core.main.TestSuiteExecutor.execute(TestSuiteExecutor.java:95)
	at com.kms.katalon.core.main.TestCaseMain.startTestSuite(TestCaseMain.java:157)
	at com.kms.katalon.core.main.TestCaseMain$startTestSuite$0.call(Unknown Source)
	at TempTestSuite1613655547890.run(TempTestSuite1613655547890.groovy:39)
Caused by: com.kms.katalon.core.exception.StepFailedException: Text 'PC Zip Compressed Archive' is not present on page 
	at com.kms.katalon.core.webui.keyword.internal.WebUIKeywordMain.stepFailed(WebUIKeywordMain.groovy:64)
	at com.kms.katalon.core.webui.keyword.builtin.VerifyTextPresentKeyword$_verifyTextPresent_closure1.doCall(VerifyTextPresentKeyword.groovy:79)
	at com.kms.katalon.core.webui.keyword.builtin.VerifyTextPresentKeyword$_verifyTextPresent_closure1.call(VerifyTextPresentKeyword.groovy)
	at com.kms.katalon.core.webui.keyword.internal.WebUIKeywordMain.runKeyword(WebUIKeywordMain.groovy:20)
	... 23 more]]></system-err>
      </testcase>
      <testcase name="Test Cases/UploadDiffFiles_RegisterUser/TC_As a register user, Upload PDF File and verify Uploded file in Submission Page" time="40.956" classname="Test Cases/UploadDiffFiles_RegisterUser/TC_As a register user, Upload PDF File and verify Uploded file in Submission Page" status="PASSED">
         <system-out><![CDATA[2021-02-18 19:19:41 - [TEST_CASE][PASSED] - Test Cases/UploadDiffFiles_RegisterUser/TC_As a register user, Upload PDF File and verify Uploded file in Submission Page: Test Cases/UploadDiffFiles_RegisterUser/TC_As a register user, Upload PDF File and verify Uploded file in Submission Page

2021-02-18 19:19:41 - [TEST_STEP][PASSED] - excelTestData = findTestData("Data Files/TestData/InspectTestData"): null

2021-02-18 19:19:41 - [TEST_STEP][PASSED] - rigisterUN = excelTestData.getValue(6, 23): null

2021-02-18 19:19:41 - [TEST_STEP][PASSED] - rigisterPW = excelTestData.getValue(3, 23): null

2021-02-18 19:19:41 - [TEST_STEP][PASSED] - customKeywords.commanFunctions.uploadFileOfRegisterUser(220, rigisterUN, rigisterPW): customKeywords.commanFunctions.uploadFileOfRegisterUser is PASSED

2021-02-18 19:19:41 - [MESSAGE][INFO] - Starting 'Chrome' driver

2021-02-18 19:19:41 - [MESSAGE][INFO] - Action delay is set to 0 milliseconds

2021-02-18 19:19:50 - [MESSAGE][PASSED] - Browser is opened with url: 'https://Inspect.Stage.site.sa'

2021-02-18 19:19:52 - [MESSAGE][PASSED] - Current window maximized

2021-02-18 19:19:52 - [MESSAGE][PASSED] - Wait for page load successfully

2021-02-18 19:19:53 - [MESSAGE][PASSED] - Object 'Object Repository/LoginAndRigisterUser/LoginLink' is clickable

2021-02-18 19:19:53 - [MESSAGE][INFO] - Clicked on element with JS

2021-02-18 19:19:54 - [MESSAGE][PASSED] - Keys 'Os-anelapatla@projects.site.sa' sent to object: 'Object Repository/LoginAndRigisterUser/UserName_Email_Input'

2021-02-18 19:19:54 - [MESSAGE][PASSED] - Keys 'Test@12345' sent to object: 'Object Repository/LoginAndRigisterUser/Password_Input'

2021-02-18 19:19:55 - [MESSAGE][PASSED] - Delayed 1 second(s)

2021-02-18 19:19:56 - [MESSAGE][PASSED] - Object 'Object Repository/LoginAndRigisterUser/LoginBtn' is clickable

2021-02-18 19:19:56 - [MESSAGE][INFO] - Clicked on element with JS

2021-02-18 19:19:58 - [MESSAGE][PASSED] - Keys '0' sent to object: 'Object Repository/LoginAndRigisterUser/otpOne'

2021-02-18 19:19:59 - [MESSAGE][PASSED] - Keys '0' sent to object: 'Object Repository/LoginAndRigisterUser/otpTwo'

2021-02-18 19:20:00 - [MESSAGE][PASSED] - Keys '0' sent to object: 'Object Repository/LoginAndRigisterUser/otpThree'

2021-02-18 19:20:01 - [MESSAGE][PASSED] - Keys '0' sent to object: 'Object Repository/LoginAndRigisterUser/otpFour'

2021-02-18 19:20:02 - [MESSAGE][PASSED] - Keys '0' sent to object: 'Object Repository/LoginAndRigisterUser/otpFive'

2021-02-18 19:20:02 - [MESSAGE][INFO] - Clicked on element with JS

2021-02-18 19:20:04 - [MESSAGE][PASSED] - Object: 'Object Repository/HomePage/ChooseAFile' is clicked on

2021-02-18 19:20:06 - [MESSAGE][PASSED] - Delayed 2 second(s)

2021-02-18 19:20:08 - [MESSAGE][INFO] - Image Uploaded Sucsessfully

2021-02-18 19:20:10 - [MESSAGE][PASSED] - Delayed 2 second(s)

2021-02-18 19:20:11 - [MESSAGE][PASSED] - Text 'SampleTestPDF' is present on page 

2021-02-18 19:20:13 - [MESSAGE][PASSED] - Object: 'Object Repository/HomePage/Window7RadioBtn' is clicked on

2021-02-18 19:20:14 - [MESSAGE][PASSED] - Scroll to object 'Object Repository/HomePage/startAnalysis_EnableBtn' successfully

2021-02-18 19:20:14 - [MESSAGE][PASSED] - Object: 'Object Repository/HomePage/startAnalysis_EnableBtn' is clicked on

2021-02-18 19:20:18 - [MESSAGE][PASSED] - Object 'Object Repository/SubmissionPage/Submission_SearchIcon' is visible

2021-02-18 19:20:18 - [MESSAGE][PASSED] - Object 'Object Repository/SubmissionPage/Submission_SearchIcon' is visible

2021-02-18 19:20:19 - [MESSAGE][PASSED] - Actual object 'SampleTestPDF.pdf' and expected object 'SampleTestPDF.pdf' are equal

2021-02-18 19:20:19 - [MESSAGE][PASSED] - customKeywords.commanFunctions.uploadFileOfRegisterUser is PASSED

2021-02-18 19:20:19 - [TEST_STEP][PASSED] - customKeywords.commanFunctions.logOutAndcloseBrowser(): customKeywords.commanFunctions.logOutAndcloseBrowser is PASSED

2021-02-18 19:20:19 - [MESSAGE][PASSED] - Object 'Object Repository/LoginAndRigisterUser/AdminDD' is clickable

2021-02-18 19:20:20 - [MESSAGE][INFO] - Clicked on element with JS

2021-02-18 19:20:20 - [MESSAGE][INFO] - Clicked on element with JS

2021-02-18 19:20:21 - [MESSAGE][PASSED] - Delayed 1 second(s)

2021-02-18 19:20:22 - [MESSAGE][PASSED] - Browser is closed

2021-02-18 19:20:22 - [MESSAGE][PASSED] - customKeywords.commanFunctions.logOutAndcloseBrowser is PASSED]]></system-out>
         <system-err><![CDATA[]]></system-err>
      </testcase>
      <testcase name="Test Cases/UploadDiffFiles_RegisterUser/TC_As a register user, Upload PNG File and verify Uploded file in Submission Page" time="106.702" classname="Test Cases/UploadDiffFiles_RegisterUser/TC_As a register user, Upload PNG File and verify Uploded file in Submission Page" status="PASSED">
         <system-out><![CDATA[2021-02-18 19:20:22 - [TEST_CASE][PASSED] - Test Cases/UploadDiffFiles_RegisterUser/TC_As a register user, Upload PNG File and verify Uploded file in Submission Page: Test Cases/UploadDiffFiles_RegisterUser/TC_As a register user, Upload PNG File and verify Uploded file in Submission Page

2021-02-18 19:20:22 - [TEST_STEP][PASSED] - excelTestData = findTestData("Data Files/TestData/InspectTestData"): null

2021-02-18 19:20:22 - [TEST_STEP][PASSED] - userEmail = excelTestData.getValue(2, 23): null

2021-02-18 19:20:22 - [TEST_STEP][PASSED] - customKeywords.commanFunctions.uploadFileOfPublicUser(216, userEmail): customKeywords.commanFunctions.uploadFileOfPublicUser is PASSED

2021-02-18 19:20:22 - [MESSAGE][INFO] - Starting 'Chrome' driver

2021-02-18 19:20:22 - [MESSAGE][INFO] - Action delay is set to 0 milliseconds

2021-02-18 19:20:31 - [MESSAGE][PASSED] - Browser is opened with url: 'https://Inspect.Stage.site.sa'

2021-02-18 19:20:34 - [MESSAGE][PASSED] - Current window maximized

2021-02-18 19:20:34 - [MESSAGE][PASSED] - Wait for page load successfully

2021-02-18 19:20:34 - [MESSAGE][PASSED] - Object: 'Object Repository/HomePage/ChooseAFile' is clicked on

2021-02-18 19:20:36 - [MESSAGE][PASSED] - Delayed 2 second(s)

2021-02-18 19:20:38 - [MESSAGE][INFO] - Image Uploaded Sucsessfully

2021-02-18 19:20:40 - [MESSAGE][PASSED] - Delayed 2 second(s)

2021-02-18 19:20:40 - [MESSAGE][PASSED] - Text 'SamplePNGImage' is present on page 

2021-02-18 19:20:41 - [MESSAGE][PASSED] - Keys 'Os-ARahman@projects.site.sa' sent to object: 'Object Repository/PublicUserHomePage/email_Input'

2021-02-18 19:20:41 - [MESSAGE][PASSED] - Object: 'Object Repository/PublicUserHomePage/SiteInspectTermsOfUse_CheckBox' is clicked on

2021-02-18 19:20:42 - [MESSAGE][PASSED] - Object: 'Object Repository/HomePage/startAnalysis_EnableBtn' is clicked on

2021-02-18 19:20:43 - [MESSAGE][PASSED] - Text 'Your submission was successful
The analysis results will be delivered to you via email' is present on page 

2021-02-18 19:20:43 - [MESSAGE][PASSED] - customKeywords.commanFunctions.uploadFileOfPublicUser is PASSED

2021-02-18 19:20:43 - [TEST_STEP][PASSED] - customKeywords.commanFunctions.logOutAndcloseBrowser(): customKeywords.commanFunctions.logOutAndcloseBrowser is PASSED

2021-02-18 19:21:05 - [MESSAGE][INFO] - Unable to find the element located by 'By.xpath: //*[@class='ant-dropdown-trigger ant-dropdown-link']'. Please recheck the objects properties to make sure the desired element is located. 

2021-02-18 19:21:05 - [MESSAGE][WARNING] - [SELF-HEALING] Failed to find element with id 'Object Repository/LoginAndRigisterUser/AdminDD'. Try using Self-healing.

2021-02-18 19:21:05 - [MESSAGE][ERROR] - [SELF-HEALING] java.lang.IllegalStateException: Expected BEGIN_OBJECT but was STRING at line 1 column 1 path $

2021-02-18 19:21:05 - [MESSAGE][WARNING] - [SELF-HEALING] Cannot find elements when the XPath is null.

2021-02-18 19:21:05 - [MESSAGE][WARNING] - [SELF-HEALING] Cannot find elements when the selector is null

2021-02-18 19:21:05 - [MESSAGE][WARNING] - Web element with id: 'Object Repository/LoginAndRigisterUser/AdminDD' located by '//*[@class='ant-dropdown-trigger ant-dropdown-link']' not found

2021-02-18 19:21:36 - [MESSAGE][INFO] - Unable to find the element located by 'By.xpath: //*[@class='ant-dropdown-trigger ant-dropdown-link']'. Please recheck the objects properties to make sure the desired element is located. 

2021-02-18 19:21:36 - [MESSAGE][WARNING] - [SELF-HEALING] Failed to find element with id 'Object Repository/LoginAndRigisterUser/AdminDD'. Try using Self-healing.

2021-02-18 19:21:36 - [MESSAGE][ERROR] - [SELF-HEALING] java.lang.IllegalStateException: Expected BEGIN_OBJECT but was STRING at line 1 column 1 path $

2021-02-18 19:21:36 - [MESSAGE][WARNING] - [SELF-HEALING] Cannot find elements when the XPath is null.

2021-02-18 19:21:36 - [MESSAGE][WARNING] - [SELF-HEALING] Cannot find elements when the selector is null

2021-02-18 19:21:36 - [MESSAGE][INFO] - Exception while clicking on element with JSWeb element with id: 'Object Repository/LoginAndRigisterUser/AdminDD' located by '//*[@class='ant-dropdown-trigger ant-dropdown-link']' not found

2021-02-18 19:22:07 - [MESSAGE][INFO] - Unable to find the element located by 'By.xpath: //li[contains(text(),'Logout')]'. Please recheck the objects properties to make sure the desired element is located. 

2021-02-18 19:22:07 - [MESSAGE][WARNING] - [SELF-HEALING] Failed to find element with id 'Object Repository/LoginAndRigisterUser/Logout'. Try using Self-healing.

2021-02-18 19:22:07 - [MESSAGE][ERROR] - [SELF-HEALING] java.lang.IllegalStateException: Expected BEGIN_OBJECT but was STRING at line 1 column 1 path $

2021-02-18 19:22:07 - [MESSAGE][WARNING] - [SELF-HEALING] Cannot find elements when the XPath is null.

2021-02-18 19:22:07 - [MESSAGE][WARNING] - [SELF-HEALING] Cannot find elements when the selector is null

2021-02-18 19:22:07 - [MESSAGE][INFO] - Exception while clicking on element with JSWeb element with id: 'Object Repository/LoginAndRigisterUser/Logout' located by '//li[contains(text(),'Logout')]' not found

2021-02-18 19:22:08 - [MESSAGE][PASSED] - Delayed 1 second(s)

2021-02-18 19:22:09 - [MESSAGE][PASSED] - Browser is closed

2021-02-18 19:22:09 - [MESSAGE][PASSED] - customKeywords.commanFunctions.logOutAndcloseBrowser is PASSED]]></system-out>
         <system-err><![CDATA[]]></system-err>
      </testcase>
      <testcase name="Test Cases/UploadDiffFiles_RegisterUser/TC_As a register user, Upload PowerPoint File and verify Uploded file in Submission Page" time="38.822" classname="Test Cases/UploadDiffFiles_RegisterUser/TC_As a register user, Upload PowerPoint File and verify Uploded file in Submission Page" status="PASSED">
         <system-out><![CDATA[2021-02-18 19:22:09 - [TEST_CASE][PASSED] - Test Cases/UploadDiffFiles_RegisterUser/TC_As a register user, Upload PowerPoint File and verify Uploded file in Submission Page: Test Cases/UploadDiffFiles_RegisterUser/TC_As a register user, Upload PowerPoint File and verify Uploded file in Submission Page

2021-02-18 19:22:09 - [TEST_STEP][PASSED] - excelTestData = findTestData("Data Files/TestData/InspectTestData"): null

2021-02-18 19:22:09 - [TEST_STEP][PASSED] - rigisterUN = excelTestData.getValue(6, 23): null

2021-02-18 19:22:09 - [TEST_STEP][PASSED] - rigisterPW = excelTestData.getValue(3, 23): null

2021-02-18 19:22:09 - [TEST_STEP][PASSED] - customKeywords.commanFunctions.uploadFileOfRegisterUser(200, rigisterUN, rigisterPW): customKeywords.commanFunctions.uploadFileOfRegisterUser is PASSED

2021-02-18 19:22:09 - [MESSAGE][INFO] - Starting 'Chrome' driver

2021-02-18 19:22:09 - [MESSAGE][INFO] - Action delay is set to 0 milliseconds

2021-02-18 19:22:18 - [MESSAGE][PASSED] - Browser is opened with url: 'https://Inspect.Stage.site.sa'

2021-02-18 19:22:20 - [MESSAGE][PASSED] - Current window maximized

2021-02-18 19:22:20 - [MESSAGE][PASSED] - Wait for page load successfully

2021-02-18 19:22:20 - [MESSAGE][PASSED] - Object 'Object Repository/LoginAndRigisterUser/LoginLink' is clickable

2021-02-18 19:22:21 - [MESSAGE][INFO] - Clicked on element with JS

2021-02-18 19:22:21 - [MESSAGE][PASSED] - Keys 'Os-anelapatla@projects.site.sa' sent to object: 'Object Repository/LoginAndRigisterUser/UserName_Email_Input'

2021-02-18 19:22:22 - [MESSAGE][PASSED] - Keys 'Test@12345' sent to object: 'Object Repository/LoginAndRigisterUser/Password_Input'

2021-02-18 19:22:23 - [MESSAGE][PASSED] - Delayed 1 second(s)

2021-02-18 19:22:23 - [MESSAGE][PASSED] - Object 'Object Repository/LoginAndRigisterUser/LoginBtn' is clickable

2021-02-18 19:22:23 - [MESSAGE][INFO] - Clicked on element with JS

2021-02-18 19:22:26 - [MESSAGE][PASSED] - Keys '0' sent to object: 'Object Repository/LoginAndRigisterUser/otpOne'

2021-02-18 19:22:26 - [MESSAGE][PASSED] - Keys '0' sent to object: 'Object Repository/LoginAndRigisterUser/otpTwo'

2021-02-18 19:22:27 - [MESSAGE][PASSED] - Keys '0' sent to object: 'Object Repository/LoginAndRigisterUser/otpThree'

2021-02-18 19:22:27 - [MESSAGE][PASSED] - Keys '0' sent to object: 'Object Repository/LoginAndRigisterUser/otpFour'

2021-02-18 19:22:28 - [MESSAGE][PASSED] - Keys '0' sent to object: 'Object Repository/LoginAndRigisterUser/otpFive'

2021-02-18 19:22:29 - [MESSAGE][INFO] - Clicked on element with JS

2021-02-18 19:22:31 - [MESSAGE][PASSED] - Object: 'Object Repository/HomePage/ChooseAFile' is clicked on

2021-02-18 19:22:33 - [MESSAGE][PASSED] - Delayed 2 second(s)

2021-02-18 19:22:35 - [MESSAGE][INFO] - Image Uploaded Sucsessfully

2021-02-18 19:22:37 - [MESSAGE][PASSED] - Delayed 2 second(s)

2021-02-18 19:22:38 - [MESSAGE][PASSED] - Text 'POwerPoint' is present on page 

2021-02-18 19:22:39 - [MESSAGE][PASSED] - Object: 'Object Repository/HomePage/Window7RadioBtn' is clicked on

2021-02-18 19:22:40 - [MESSAGE][PASSED] - Scroll to object 'Object Repository/HomePage/startAnalysis_EnableBtn' successfully

2021-02-18 19:22:42 - [MESSAGE][PASSED] - Object: 'Object Repository/HomePage/startAnalysis_EnableBtn' is clicked on

2021-02-18 19:22:44 - [MESSAGE][PASSED] - Object 'Object Repository/SubmissionPage/Submission_SearchIcon' is visible

2021-02-18 19:22:44 - [MESSAGE][PASSED] - Object 'Object Repository/SubmissionPage/Submission_SearchIcon' is visible

2021-02-18 19:22:44 - [MESSAGE][PASSED] - Actual object 'POwerPoint.pptx' and expected object 'POwerPoint.pptx' are equal

2021-02-18 19:22:44 - [MESSAGE][PASSED] - customKeywords.commanFunctions.uploadFileOfRegisterUser is PASSED

2021-02-18 19:22:44 - [TEST_STEP][PASSED] - customKeywords.commanFunctions.logOutAndcloseBrowser(): customKeywords.commanFunctions.logOutAndcloseBrowser is PASSED

2021-02-18 19:22:45 - [MESSAGE][PASSED] - Object 'Object Repository/LoginAndRigisterUser/AdminDD' is clickable

2021-02-18 19:22:45 - [MESSAGE][INFO] - Clicked on element with JS

2021-02-18 19:22:46 - [MESSAGE][INFO] - Clicked on element with JS

2021-02-18 19:22:47 - [MESSAGE][PASSED] - Delayed 1 second(s)

2021-02-18 19:22:47 - [MESSAGE][PASSED] - Browser is closed

2021-02-18 19:22:47 - [MESSAGE][PASSED] - customKeywords.commanFunctions.logOutAndcloseBrowser is PASSED]]></system-out>
         <system-err><![CDATA[]]></system-err>
      </testcase>
      <testcase name="Test Cases/UploadDiffFiles_RegisterUser/TC_As a register user, Upload RealAudio File and verify Uploded file in Submission Page" time="37.396" classname="Test Cases/UploadDiffFiles_RegisterUser/TC_As a register user, Upload RealAudio File and verify Uploded file in Submission Page" status="PASSED">
         <system-out><![CDATA[2021-02-18 19:22:47 - [TEST_CASE][PASSED] - Test Cases/UploadDiffFiles_RegisterUser/TC_As a register user, Upload RealAudio File and verify Uploded file in Submission Page: Test Cases/UploadDiffFiles_RegisterUser/TC_As a register user, Upload RealAudio File and verify Uploded file in Submission Page

2021-02-18 19:22:48 - [TEST_STEP][PASSED] - excelTestData = findTestData("Data Files/TestData/InspectTestData"): null

2021-02-18 19:22:48 - [TEST_STEP][PASSED] - rigisterUN = excelTestData.getValue(6, 23): null

2021-02-18 19:22:48 - [TEST_STEP][PASSED] - rigisterPW = excelTestData.getValue(3, 23): null

2021-02-18 19:22:48 - [TEST_STEP][PASSED] - customKeywords.commanFunctions.uploadFileOfRegisterUser(317, rigisterUN, rigisterPW): customKeywords.commanFunctions.uploadFileOfRegisterUser is PASSED

2021-02-18 19:22:48 - [MESSAGE][INFO] - Starting 'Chrome' driver

2021-02-18 19:22:48 - [MESSAGE][INFO] - Action delay is set to 0 milliseconds

2021-02-18 19:22:57 - [MESSAGE][PASSED] - Browser is opened with url: 'https://Inspect.Stage.site.sa'

2021-02-18 19:22:59 - [MESSAGE][PASSED] - Current window maximized

2021-02-18 19:22:59 - [MESSAGE][PASSED] - Wait for page load successfully

2021-02-18 19:22:59 - [MESSAGE][PASSED] - Object 'Object Repository/LoginAndRigisterUser/LoginLink' is clickable

2021-02-18 19:23:00 - [MESSAGE][INFO] - Clicked on element with JS

2021-02-18 19:23:00 - [MESSAGE][PASSED] - Keys 'Os-anelapatla@projects.site.sa' sent to object: 'Object Repository/LoginAndRigisterUser/UserName_Email_Input'

2021-02-18 19:23:01 - [MESSAGE][PASSED] - Keys 'Test@12345' sent to object: 'Object Repository/LoginAndRigisterUser/Password_Input'

2021-02-18 19:23:02 - [MESSAGE][PASSED] - Delayed 1 second(s)

2021-02-18 19:23:02 - [MESSAGE][PASSED] - Object 'Object Repository/LoginAndRigisterUser/LoginBtn' is clickable

2021-02-18 19:23:02 - [MESSAGE][INFO] - Clicked on element with JS

2021-02-18 19:23:04 - [MESSAGE][PASSED] - Keys '0' sent to object: 'Object Repository/LoginAndRigisterUser/otpOne'

2021-02-18 19:23:06 - [MESSAGE][PASSED] - Keys '0' sent to object: 'Object Repository/LoginAndRigisterUser/otpTwo'

2021-02-18 19:23:06 - [MESSAGE][PASSED] - Keys '0' sent to object: 'Object Repository/LoginAndRigisterUser/otpThree'

2021-02-18 19:23:07 - [MESSAGE][PASSED] - Keys '0' sent to object: 'Object Repository/LoginAndRigisterUser/otpFour'

2021-02-18 19:23:08 - [MESSAGE][PASSED] - Keys '0' sent to object: 'Object Repository/LoginAndRigisterUser/otpFive'

2021-02-18 19:23:09 - [MESSAGE][INFO] - Clicked on element with JS

2021-02-18 19:23:11 - [MESSAGE][PASSED] - Object: 'Object Repository/HomePage/ChooseAFile' is clicked on

2021-02-18 19:23:13 - [MESSAGE][PASSED] - Delayed 2 second(s)

2021-02-18 19:23:15 - [MESSAGE][INFO] - Image Uploaded Sucsessfully

2021-02-18 19:23:17 - [MESSAGE][PASSED] - Delayed 2 second(s)

2021-02-18 19:23:18 - [MESSAGE][PASSED] - Text 'RealAudio' is present on page 

2021-02-18 19:23:18 - [MESSAGE][PASSED] - Object: 'Object Repository/HomePage/Window7RadioBtn' is clicked on

2021-02-18 19:23:19 - [MESSAGE][PASSED] - Scroll to object 'Object Repository/HomePage/startAnalysis_EnableBtn' successfully

2021-02-18 19:23:20 - [MESSAGE][PASSED] - Object: 'Object Repository/HomePage/startAnalysis_EnableBtn' is clicked on

2021-02-18 19:23:21 - [MESSAGE][PASSED] - Object 'Object Repository/SubmissionPage/Submission_SearchIcon' is visible

2021-02-18 19:23:22 - [MESSAGE][PASSED] - Object 'Object Repository/SubmissionPage/Submission_SearchIcon' is visible

2021-02-18 19:23:22 - [MESSAGE][PASSED] - Actual object 'RealAudio.ra' and expected object 'RealAudio.ra' are equal

2021-02-18 19:23:22 - [MESSAGE][PASSED] - customKeywords.commanFunctions.uploadFileOfRegisterUser is PASSED

2021-02-18 19:23:22 - [TEST_STEP][PASSED] - customKeywords.commanFunctions.logOutAndcloseBrowser(): customKeywords.commanFunctions.logOutAndcloseBrowser is PASSED

2021-02-18 19:23:22 - [MESSAGE][PASSED] - Object 'Object Repository/LoginAndRigisterUser/AdminDD' is clickable

2021-02-18 19:23:23 - [MESSAGE][INFO] - Clicked on element with JS

2021-02-18 19:23:23 - [MESSAGE][INFO] - Clicked on element with JS

2021-02-18 19:23:24 - [MESSAGE][PASSED] - Delayed 1 second(s)

2021-02-18 19:23:25 - [MESSAGE][PASSED] - Browser is closed

2021-02-18 19:23:25 - [MESSAGE][PASSED] - customKeywords.commanFunctions.logOutAndcloseBrowser is PASSED]]></system-out>
         <system-err><![CDATA[]]></system-err>
      </testcase>
      <testcase name="Test Cases/UploadDiffFiles_RegisterUser/TC_As a register user, Upload Txt File and verify Uploded file in Submission Page" time="38.082" classname="Test Cases/UploadDiffFiles_RegisterUser/TC_As a register user, Upload Txt File and verify Uploded file in Submission Page" status="PASSED">
         <system-out><![CDATA[2021-02-18 19:23:25 - [TEST_CASE][PASSED] - Test Cases/UploadDiffFiles_RegisterUser/TC_As a register user, Upload Txt File and verify Uploded file in Submission Page: Test Cases/UploadDiffFiles_RegisterUser/TC_As a register user, Upload Txt File and verify Uploded file in Submission Page

2021-02-18 19:23:25 - [TEST_STEP][PASSED] - excelTestData = findTestData("Data Files/TestData/InspectTestData"): null

2021-02-18 19:23:25 - [TEST_STEP][PASSED] - rigisterUN = excelTestData.getValue(6, 23): null

2021-02-18 19:23:25 - [TEST_STEP][PASSED] - rigisterPW = excelTestData.getValue(3, 23): null

2021-02-18 19:23:25 - [TEST_STEP][PASSED] - customKeywords.commanFunctions.uploadFileOfRegisterUser(196, rigisterUN, rigisterPW): customKeywords.commanFunctions.uploadFileOfRegisterUser is PASSED

2021-02-18 19:23:25 - [MESSAGE][INFO] - Starting 'Chrome' driver

2021-02-18 19:23:25 - [MESSAGE][INFO] - Action delay is set to 0 milliseconds

2021-02-18 19:23:34 - [MESSAGE][PASSED] - Browser is opened with url: 'https://Inspect.Stage.site.sa'

2021-02-18 19:23:37 - [MESSAGE][PASSED] - Current window maximized

2021-02-18 19:23:37 - [MESSAGE][PASSED] - Wait for page load successfully

2021-02-18 19:23:37 - [MESSAGE][PASSED] - Object 'Object Repository/LoginAndRigisterUser/LoginLink' is clickable

2021-02-18 19:23:37 - [MESSAGE][INFO] - Clicked on element with JS

2021-02-18 19:23:38 - [MESSAGE][PASSED] - Keys 'Os-anelapatla@projects.site.sa' sent to object: 'Object Repository/LoginAndRigisterUser/UserName_Email_Input'

2021-02-18 19:23:38 - [MESSAGE][PASSED] - Keys 'Test@12345' sent to object: 'Object Repository/LoginAndRigisterUser/Password_Input'

2021-02-18 19:23:39 - [MESSAGE][PASSED] - Delayed 1 second(s)

2021-02-18 19:23:40 - [MESSAGE][PASSED] - Object 'Object Repository/LoginAndRigisterUser/LoginBtn' is clickable

2021-02-18 19:23:40 - [MESSAGE][INFO] - Clicked on element with JS

2021-02-18 19:23:42 - [MESSAGE][PASSED] - Keys '0' sent to object: 'Object Repository/LoginAndRigisterUser/otpOne'

2021-02-18 19:23:43 - [MESSAGE][PASSED] - Keys '0' sent to object: 'Object Repository/LoginAndRigisterUser/otpTwo'

2021-02-18 19:23:43 - [MESSAGE][PASSED] - Keys '0' sent to object: 'Object Repository/LoginAndRigisterUser/otpThree'

2021-02-18 19:23:44 - [MESSAGE][PASSED] - Keys '0' sent to object: 'Object Repository/LoginAndRigisterUser/otpFour'

2021-02-18 19:23:45 - [MESSAGE][PASSED] - Keys '0' sent to object: 'Object Repository/LoginAndRigisterUser/otpFive'

2021-02-18 19:23:46 - [MESSAGE][INFO] - Clicked on element with JS

2021-02-18 19:23:48 - [MESSAGE][PASSED] - Object: 'Object Repository/HomePage/ChooseAFile' is clicked on

2021-02-18 19:23:50 - [MESSAGE][PASSED] - Delayed 2 second(s)

2021-02-18 19:23:52 - [MESSAGE][INFO] - Image Uploaded Sucsessfully

2021-02-18 19:23:54 - [MESSAGE][PASSED] - Delayed 2 second(s)

2021-02-18 19:23:55 - [MESSAGE][PASSED] - Text 'NotePad' is present on page 

2021-02-18 19:23:56 - [MESSAGE][PASSED] - Object: 'Object Repository/HomePage/Window7RadioBtn' is clicked on

2021-02-18 19:23:57 - [MESSAGE][PASSED] - Scroll to object 'Object Repository/HomePage/startAnalysis_EnableBtn' successfully

2021-02-18 19:23:58 - [MESSAGE][PASSED] - Object: 'Object Repository/HomePage/startAnalysis_EnableBtn' is clicked on

2021-02-18 19:23:59 - [MESSAGE][PASSED] - Object 'Object Repository/SubmissionPage/Submission_SearchIcon' is visible

2021-02-18 19:24:00 - [MESSAGE][PASSED] - Object 'Object Repository/SubmissionPage/Submission_SearchIcon' is visible

2021-02-18 19:24:00 - [MESSAGE][PASSED] - Actual object 'NotePad.txt' and expected object 'NotePad.txt' are equal

2021-02-18 19:24:00 - [MESSAGE][PASSED] - customKeywords.commanFunctions.uploadFileOfRegisterUser is PASSED

2021-02-18 19:24:00 - [TEST_STEP][PASSED] - customKeywords.commanFunctions.logOutAndcloseBrowser(): customKeywords.commanFunctions.logOutAndcloseBrowser is PASSED

2021-02-18 19:24:00 - [MESSAGE][PASSED] - Object 'Object Repository/LoginAndRigisterUser/AdminDD' is clickable

2021-02-18 19:24:01 - [MESSAGE][INFO] - Clicked on element with JS

2021-02-18 19:24:01 - [MESSAGE][INFO] - Clicked on element with JS

2021-02-18 19:24:02 - [MESSAGE][PASSED] - Delayed 1 second(s)

2021-02-18 19:24:03 - [MESSAGE][PASSED] - Browser is closed

2021-02-18 19:24:03 - [MESSAGE][PASSED] - customKeywords.commanFunctions.logOutAndcloseBrowser is PASSED]]></system-out>
         <system-err><![CDATA[]]></system-err>
      </testcase>
      <testcase name="Test Cases/UploadDiffFiles_RegisterUser/TC_As a register user, Upload Web page imagemap File and verify Uploded file in Submission Page" time="36.931" classname="Test Cases/UploadDiffFiles_RegisterUser/TC_As a register user, Upload Web page imagemap File and verify Uploded file in Submission Page" status="PASSED">
         <system-out><![CDATA[2021-02-18 19:24:03 - [TEST_CASE][PASSED] - Test Cases/UploadDiffFiles_RegisterUser/TC_As a register user, Upload Web page imagemap File and verify Uploded file in Submission Page: Test Cases/UploadDiffFiles_RegisterUser/TC_As a register user, Upload Web page imagemap File and verify Uploded file in Submission Page

2021-02-18 19:24:03 - [TEST_STEP][PASSED] - excelTestData = findTestData("Data Files/TestData/InspectTestData"): null

2021-02-18 19:24:03 - [TEST_STEP][PASSED] - rigisterUN = excelTestData.getValue(6, 23): null

2021-02-18 19:24:03 - [TEST_STEP][PASSED] - rigisterPW = excelTestData.getValue(3, 23): null

2021-02-18 19:24:03 - [TEST_STEP][PASSED] - customKeywords.commanFunctions.uploadFileOfRegisterUser(301, rigisterUN, rigisterPW): customKeywords.commanFunctions.uploadFileOfRegisterUser is PASSED

2021-02-18 19:24:03 - [MESSAGE][INFO] - Starting 'Chrome' driver

2021-02-18 19:24:03 - [MESSAGE][INFO] - Action delay is set to 0 milliseconds

2021-02-18 19:24:13 - [MESSAGE][PASSED] - Browser is opened with url: 'https://Inspect.Stage.site.sa'

2021-02-18 19:24:15 - [MESSAGE][PASSED] - Current window maximized

2021-02-18 19:24:15 - [MESSAGE][PASSED] - Wait for page load successfully

2021-02-18 19:24:15 - [MESSAGE][PASSED] - Object 'Object Repository/LoginAndRigisterUser/LoginLink' is clickable

2021-02-18 19:24:15 - [MESSAGE][INFO] - Clicked on element with JS

2021-02-18 19:24:16 - [MESSAGE][PASSED] - Keys 'Os-anelapatla@projects.site.sa' sent to object: 'Object Repository/LoginAndRigisterUser/UserName_Email_Input'

2021-02-18 19:24:16 - [MESSAGE][PASSED] - Keys 'Test@12345' sent to object: 'Object Repository/LoginAndRigisterUser/Password_Input'

2021-02-18 19:24:17 - [MESSAGE][PASSED] - Delayed 1 second(s)

2021-02-18 19:24:18 - [MESSAGE][PASSED] - Object 'Object Repository/LoginAndRigisterUser/LoginBtn' is clickable

2021-02-18 19:24:18 - [MESSAGE][INFO] - Clicked on element with JS

2021-02-18 19:24:20 - [MESSAGE][PASSED] - Keys '0' sent to object: 'Object Repository/LoginAndRigisterUser/otpOne'

2021-02-18 19:24:21 - [MESSAGE][PASSED] - Keys '0' sent to object: 'Object Repository/LoginAndRigisterUser/otpTwo'

2021-02-18 19:24:22 - [MESSAGE][PASSED] - Keys '0' sent to object: 'Object Repository/LoginAndRigisterUser/otpThree'

2021-02-18 19:24:23 - [MESSAGE][PASSED] - Keys '0' sent to object: 'Object Repository/LoginAndRigisterUser/otpFour'

2021-02-18 19:24:23 - [MESSAGE][PASSED] - Keys '0' sent to object: 'Object Repository/LoginAndRigisterUser/otpFive'

2021-02-18 19:24:24 - [MESSAGE][INFO] - Clicked on element with JS

2021-02-18 19:24:26 - [MESSAGE][PASSED] - Object: 'Object Repository/HomePage/ChooseAFile' is clicked on

2021-02-18 19:24:28 - [MESSAGE][PASSED] - Delayed 2 second(s)

2021-02-18 19:24:30 - [MESSAGE][INFO] - Image Uploaded Sucsessfully

2021-02-18 19:24:32 - [MESSAGE][PASSED] - Delayed 2 second(s)

2021-02-18 19:24:33 - [MESSAGE][PASSED] - Text 'Web page imagemap' is present on page 

2021-02-18 19:24:34 - [MESSAGE][PASSED] - Object: 'Object Repository/HomePage/Window7RadioBtn' is clicked on

2021-02-18 19:24:34 - [MESSAGE][PASSED] - Scroll to object 'Object Repository/HomePage/startAnalysis_EnableBtn' successfully

2021-02-18 19:24:35 - [MESSAGE][PASSED] - Object: 'Object Repository/HomePage/startAnalysis_EnableBtn' is clicked on

2021-02-18 19:24:36 - [MESSAGE][PASSED] - Object 'Object Repository/SubmissionPage/Submission_SearchIcon' is visible

2021-02-18 19:24:37 - [MESSAGE][PASSED] - Object 'Object Repository/SubmissionPage/Submission_SearchIcon' is visible

2021-02-18 19:24:37 - [MESSAGE][PASSED] - Actual object 'Web page imagemap.map' and expected object 'Web page imagemap.map' are equal

2021-02-18 19:24:37 - [MESSAGE][PASSED] - customKeywords.commanFunctions.uploadFileOfRegisterUser is PASSED

2021-02-18 19:24:37 - [TEST_STEP][PASSED] - customKeywords.commanFunctions.logOutAndcloseBrowser(): customKeywords.commanFunctions.logOutAndcloseBrowser is PASSED

2021-02-18 19:24:37 - [MESSAGE][PASSED] - Object 'Object Repository/LoginAndRigisterUser/AdminDD' is clickable

2021-02-18 19:24:38 - [MESSAGE][INFO] - Clicked on element with JS

2021-02-18 19:24:38 - [MESSAGE][INFO] - Clicked on element with JS

2021-02-18 19:24:39 - [MESSAGE][PASSED] - Delayed 1 second(s)

2021-02-18 19:24:40 - [MESSAGE][PASSED] - Browser is closed

2021-02-18 19:24:40 - [MESSAGE][PASSED] - customKeywords.commanFunctions.logOutAndcloseBrowser is PASSED]]></system-out>
         <system-err><![CDATA[]]></system-err>
      </testcase>
      <testcase name="Test Cases/UploadDiffFiles_RegisterUser/TC_As a register user, Upload Windows BitMap File and verify Uploded file in Submission Page" time="40.341" classname="Test Cases/UploadDiffFiles_RegisterUser/TC_As a register user, Upload Windows BitMap File and verify Uploded file in Submission Page" status="PASSED">
         <system-out><![CDATA[2021-02-18 19:24:40 - [TEST_CASE][PASSED] - Test Cases/UploadDiffFiles_RegisterUser/TC_As a register user, Upload Windows BitMap File and verify Uploded file in Submission Page: Test Cases/UploadDiffFiles_RegisterUser/TC_As a register user, Upload Windows BitMap File and verify Uploded file in Submission Page

2021-02-18 19:24:40 - [TEST_STEP][PASSED] - excelTestData = findTestData("Data Files/TestData/InspectTestData"): null

2021-02-18 19:24:40 - [TEST_STEP][PASSED] - rigisterUN = excelTestData.getValue(2, 23): null

2021-02-18 19:24:40 - [TEST_STEP][PASSED] - rigisterPW = excelTestData.getValue(3, 23): null

2021-02-18 19:24:40 - [TEST_STEP][PASSED] - customKeywords.commanFunctions.uploadFileOfRegisterUser(272, rigisterUN, rigisterPW): customKeywords.commanFunctions.uploadFileOfRegisterUser is PASSED

2021-02-18 19:24:40 - [MESSAGE][INFO] - Starting 'Chrome' driver

2021-02-18 19:24:40 - [MESSAGE][INFO] - Action delay is set to 0 milliseconds

2021-02-18 19:24:49 - [MESSAGE][PASSED] - Browser is opened with url: 'https://Inspect.Stage.site.sa'

2021-02-18 19:24:51 - [MESSAGE][PASSED] - Current window maximized

2021-02-18 19:24:51 - [MESSAGE][PASSED] - Wait for page load successfully

2021-02-18 19:24:52 - [MESSAGE][PASSED] - Object 'Object Repository/LoginAndRigisterUser/LoginLink' is clickable

2021-02-18 19:24:52 - [MESSAGE][INFO] - Clicked on element with JS

2021-02-18 19:24:53 - [MESSAGE][PASSED] - Keys 'Os-ARahman@projects.site.sa' sent to object: 'Object Repository/LoginAndRigisterUser/UserName_Email_Input'

2021-02-18 19:24:53 - [MESSAGE][PASSED] - Keys 'Test@12345' sent to object: 'Object Repository/LoginAndRigisterUser/Password_Input'

2021-02-18 19:24:54 - [MESSAGE][PASSED] - Delayed 1 second(s)

2021-02-18 19:24:54 - [MESSAGE][PASSED] - Object 'Object Repository/LoginAndRigisterUser/LoginBtn' is clickable

2021-02-18 19:24:55 - [MESSAGE][INFO] - Clicked on element with JS

2021-02-18 19:24:57 - [MESSAGE][PASSED] - Keys '0' sent to object: 'Object Repository/LoginAndRigisterUser/otpOne'

2021-02-18 19:24:57 - [MESSAGE][PASSED] - Keys '0' sent to object: 'Object Repository/LoginAndRigisterUser/otpTwo'

2021-02-18 19:24:58 - [MESSAGE][PASSED] - Keys '0' sent to object: 'Object Repository/LoginAndRigisterUser/otpThree'

2021-02-18 19:24:59 - [MESSAGE][PASSED] - Keys '0' sent to object: 'Object Repository/LoginAndRigisterUser/otpFour'

2021-02-18 19:25:00 - [MESSAGE][PASSED] - Keys '0' sent to object: 'Object Repository/LoginAndRigisterUser/otpFive'

2021-02-18 19:25:01 - [MESSAGE][INFO] - Clicked on element with JS

2021-02-18 19:25:03 - [MESSAGE][PASSED] - Object: 'Object Repository/HomePage/ChooseAFile' is clicked on

2021-02-18 19:25:05 - [MESSAGE][PASSED] - Delayed 2 second(s)

2021-02-18 19:25:07 - [MESSAGE][INFO] - Image Uploaded Sucsessfully

2021-02-18 19:25:09 - [MESSAGE][PASSED] - Delayed 2 second(s)

2021-02-18 19:25:10 - [MESSAGE][PASSED] - Text 'Windows BitMap.bmp' is present on page 

2021-02-18 19:25:11 - [MESSAGE][PASSED] - Object: 'Object Repository/HomePage/Window7RadioBtn' is clicked on

2021-02-18 19:25:13 - [MESSAGE][PASSED] - Scroll to object 'Object Repository/HomePage/startAnalysis_EnableBtn' successfully

2021-02-18 19:25:14 - [MESSAGE][PASSED] - Object: 'Object Repository/HomePage/startAnalysis_EnableBtn' is clicked on

2021-02-18 19:25:17 - [MESSAGE][PASSED] - Object 'Object Repository/SubmissionPage/Submission_SearchIcon' is visible

2021-02-18 19:25:17 - [MESSAGE][PASSED] - Object 'Object Repository/SubmissionPage/Submission_SearchIcon' is visible

2021-02-18 19:25:17 - [MESSAGE][PASSED] - Actual object 'Windows BitMap.bmp' and expected object 'Windows BitMap.bmp' are equal

2021-02-18 19:25:17 - [MESSAGE][PASSED] - customKeywords.commanFunctions.uploadFileOfRegisterUser is PASSED

2021-02-18 19:25:17 - [TEST_STEP][PASSED] - customKeywords.commanFunctions.logOutAndcloseBrowser(): customKeywords.commanFunctions.logOutAndcloseBrowser is PASSED

2021-02-18 19:25:18 - [MESSAGE][PASSED] - Object 'Object Repository/LoginAndRigisterUser/AdminDD' is clickable

2021-02-18 19:25:18 - [MESSAGE][INFO] - Clicked on element with JS

2021-02-18 19:25:19 - [MESSAGE][INFO] - Clicked on element with JS

2021-02-18 19:25:20 - [MESSAGE][PASSED] - Delayed 1 second(s)

2021-02-18 19:25:20 - [MESSAGE][PASSED] - Browser is closed

2021-02-18 19:25:20 - [MESSAGE][PASSED] - customKeywords.commanFunctions.logOutAndcloseBrowser is PASSED]]></system-out>
         <system-err><![CDATA[]]></system-err>
      </testcase>
      <testcase name="Test Cases/UploadDiffFiles_RegisterUser/TC_As a register user, Upload Windows sound File and verify Uploded file in Submission Page" time="37.523" classname="Test Cases/UploadDiffFiles_RegisterUser/TC_As a register user, Upload Windows sound File and verify Uploded file in Submission Page" status="PASSED">
         <system-out><![CDATA[2021-02-18 19:25:20 - [TEST_CASE][PASSED] - Test Cases/UploadDiffFiles_RegisterUser/TC_As a register user, Upload Windows sound File and verify Uploded file in Submission Page: Test Cases/UploadDiffFiles_RegisterUser/TC_As a register user, Upload Windows sound File and verify Uploded file in Submission Page

2021-02-18 19:25:20 - [TEST_STEP][PASSED] - excelTestData = findTestData("Data Files/TestData/InspectTestData"): null

2021-02-18 19:25:20 - [TEST_STEP][PASSED] - rigisterUN = excelTestData.getValue(6, 23): null

2021-02-18 19:25:20 - [TEST_STEP][PASSED] - rigisterPW = excelTestData.getValue(3, 23): null

2021-02-18 19:25:20 - [TEST_STEP][PASSED] - customKeywords.commanFunctions.uploadFileOfRegisterUser(321, rigisterUN, rigisterPW): customKeywords.commanFunctions.uploadFileOfRegisterUser is PASSED

2021-02-18 19:25:21 - [MESSAGE][INFO] - Starting 'Chrome' driver

2021-02-18 19:25:21 - [MESSAGE][INFO] - Action delay is set to 0 milliseconds

2021-02-18 19:25:29 - [MESSAGE][PASSED] - Browser is opened with url: 'https://Inspect.Stage.site.sa'

2021-02-18 19:25:32 - [MESSAGE][PASSED] - Current window maximized

2021-02-18 19:25:32 - [MESSAGE][PASSED] - Wait for page load successfully

2021-02-18 19:25:32 - [MESSAGE][PASSED] - Object 'Object Repository/LoginAndRigisterUser/LoginLink' is clickable

2021-02-18 19:25:32 - [MESSAGE][INFO] - Clicked on element with JS

2021-02-18 19:25:33 - [MESSAGE][PASSED] - Keys 'Os-anelapatla@projects.site.sa' sent to object: 'Object Repository/LoginAndRigisterUser/UserName_Email_Input'

2021-02-18 19:25:33 - [MESSAGE][PASSED] - Keys 'Test@12345' sent to object: 'Object Repository/LoginAndRigisterUser/Password_Input'

2021-02-18 19:25:34 - [MESSAGE][PASSED] - Delayed 1 second(s)

2021-02-18 19:25:35 - [MESSAGE][PASSED] - Object 'Object Repository/LoginAndRigisterUser/LoginBtn' is clickable

2021-02-18 19:25:35 - [MESSAGE][INFO] - Clicked on element with JS

2021-02-18 19:25:37 - [MESSAGE][PASSED] - Keys '0' sent to object: 'Object Repository/LoginAndRigisterUser/otpOne'

2021-02-18 19:25:38 - [MESSAGE][PASSED] - Keys '0' sent to object: 'Object Repository/LoginAndRigisterUser/otpTwo'

2021-02-18 19:25:38 - [MESSAGE][PASSED] - Keys '0' sent to object: 'Object Repository/LoginAndRigisterUser/otpThree'

2021-02-18 19:25:40 - [MESSAGE][PASSED] - Keys '0' sent to object: 'Object Repository/LoginAndRigisterUser/otpFour'

2021-02-18 19:25:40 - [MESSAGE][PASSED] - Keys '0' sent to object: 'Object Repository/LoginAndRigisterUser/otpFive'

2021-02-18 19:25:41 - [MESSAGE][INFO] - Clicked on element with JS

2021-02-18 19:25:44 - [MESSAGE][PASSED] - Object: 'Object Repository/HomePage/ChooseAFile' is clicked on

2021-02-18 19:25:46 - [MESSAGE][PASSED] - Delayed 2 second(s)

2021-02-18 19:25:48 - [MESSAGE][INFO] - Image Uploaded Sucsessfully

2021-02-18 19:25:50 - [MESSAGE][PASSED] - Delayed 2 second(s)

2021-02-18 19:25:51 - [MESSAGE][PASSED] - Text 'Windows sound' is present on page 

2021-02-18 19:25:52 - [MESSAGE][PASSED] - Object: 'Object Repository/HomePage/Window7RadioBtn' is clicked on

2021-02-18 19:25:52 - [MESSAGE][PASSED] - Scroll to object 'Object Repository/HomePage/startAnalysis_EnableBtn' successfully

2021-02-18 19:25:53 - [MESSAGE][PASSED] - Object: 'Object Repository/HomePage/startAnalysis_EnableBtn' is clicked on

2021-02-18 19:25:54 - [MESSAGE][PASSED] - Object 'Object Repository/SubmissionPage/Submission_SearchIcon' is visible

2021-02-18 19:25:54 - [MESSAGE][PASSED] - Object 'Object Repository/SubmissionPage/Submission_SearchIcon' is visible

2021-02-18 19:25:55 - [MESSAGE][PASSED] - Actual object 'Windows sound.wav' and expected object 'Windows sound.wav' are equal

2021-02-18 19:25:55 - [MESSAGE][PASSED] - customKeywords.commanFunctions.uploadFileOfRegisterUser is PASSED

2021-02-18 19:25:55 - [TEST_STEP][PASSED] - customKeywords.commanFunctions.logOutAndcloseBrowser(): customKeywords.commanFunctions.logOutAndcloseBrowser is PASSED

2021-02-18 19:25:55 - [MESSAGE][PASSED] - Object 'Object Repository/LoginAndRigisterUser/AdminDD' is clickable

2021-02-18 19:25:55 - [MESSAGE][INFO] - Clicked on element with JS

2021-02-18 19:25:56 - [MESSAGE][INFO] - Clicked on element with JS

2021-02-18 19:25:57 - [MESSAGE][PASSED] - Delayed 1 second(s)

2021-02-18 19:25:58 - [MESSAGE][PASSED] - Browser is closed

2021-02-18 19:25:58 - [MESSAGE][PASSED] - customKeywords.commanFunctions.logOutAndcloseBrowser is PASSED]]></system-out>
         <system-err><![CDATA[]]></system-err>
      </testcase>
      <testcase name="Test Cases/UploadDiffFiles_RegisterUser/TC_As a register user, Upload WordPad File and verify Uploded file in Submission Page" time="44.371" classname="Test Cases/UploadDiffFiles_RegisterUser/TC_As a register user, Upload WordPad File and verify Uploded file in Submission Page" status="PASSED">
         <system-out><![CDATA[2021-02-18 19:25:58 - [TEST_CASE][PASSED] - Test Cases/UploadDiffFiles_RegisterUser/TC_As a register user, Upload WordPad File and verify Uploded file in Submission Page: Test Cases/UploadDiffFiles_RegisterUser/TC_As a register user, Upload WordPad File and verify Uploded file in Submission Page

2021-02-18 19:25:58 - [TEST_STEP][PASSED] - excelTestData = findTestData("Data Files/TestData/InspectTestData"): null

2021-02-18 19:25:58 - [TEST_STEP][PASSED] - rigisterUN = excelTestData.getValue(2, 23): null

2021-02-18 19:25:58 - [TEST_STEP][PASSED] - rigisterPW = excelTestData.getValue(3, 23): null

2021-02-18 19:25:58 - [TEST_STEP][PASSED] - customKeywords.commanFunctions.uploadFileOfRegisterUser(260, rigisterUN, rigisterPW): customKeywords.commanFunctions.uploadFileOfRegisterUser is PASSED

2021-02-18 19:25:58 - [MESSAGE][INFO] - Starting 'Chrome' driver

2021-02-18 19:25:58 - [MESSAGE][INFO] - Action delay is set to 0 milliseconds

2021-02-18 19:26:07 - [MESSAGE][PASSED] - Browser is opened with url: 'https://Inspect.Stage.site.sa'

2021-02-18 19:26:10 - [MESSAGE][PASSED] - Current window maximized

2021-02-18 19:26:10 - [MESSAGE][PASSED] - Wait for page load successfully

2021-02-18 19:26:10 - [MESSAGE][PASSED] - Object 'Object Repository/LoginAndRigisterUser/LoginLink' is clickable

2021-02-18 19:26:10 - [MESSAGE][INFO] - Clicked on element with JS

2021-02-18 19:26:11 - [MESSAGE][PASSED] - Keys 'Os-ARahman@projects.site.sa' sent to object: 'Object Repository/LoginAndRigisterUser/UserName_Email_Input'

2021-02-18 19:26:12 - [MESSAGE][PASSED] - Keys 'Test@12345' sent to object: 'Object Repository/LoginAndRigisterUser/Password_Input'

2021-02-18 19:26:13 - [MESSAGE][PASSED] - Delayed 1 second(s)

2021-02-18 19:26:15 - [MESSAGE][PASSED] - Object 'Object Repository/LoginAndRigisterUser/LoginBtn' is clickable

2021-02-18 19:26:17 - [MESSAGE][INFO] - Clicked on element with JS

2021-02-18 19:26:20 - [MESSAGE][PASSED] - Keys '0' sent to object: 'Object Repository/LoginAndRigisterUser/otpOne'

2021-02-18 19:26:21 - [MESSAGE][PASSED] - Keys '0' sent to object: 'Object Repository/LoginAndRigisterUser/otpTwo'

2021-02-18 19:26:22 - [MESSAGE][PASSED] - Keys '0' sent to object: 'Object Repository/LoginAndRigisterUser/otpThree'

2021-02-18 19:26:22 - [MESSAGE][PASSED] - Keys '0' sent to object: 'Object Repository/LoginAndRigisterUser/otpFour'

2021-02-18 19:26:23 - [MESSAGE][PASSED] - Keys '0' sent to object: 'Object Repository/LoginAndRigisterUser/otpFive'

2021-02-18 19:26:24 - [MESSAGE][INFO] - Clicked on element with JS

2021-02-18 19:26:28 - [MESSAGE][PASSED] - Object: 'Object Repository/HomePage/ChooseAFile' is clicked on

2021-02-18 19:26:30 - [MESSAGE][PASSED] - Delayed 2 second(s)

2021-02-18 19:26:32 - [MESSAGE][INFO] - Image Uploaded Sucsessfully

2021-02-18 19:26:34 - [MESSAGE][PASSED] - Delayed 2 second(s)

2021-02-18 19:26:34 - [MESSAGE][PASSED] - Text 'WordPad' is present on page 

2021-02-18 19:26:35 - [MESSAGE][PASSED] - Object: 'Object Repository/HomePage/Window7RadioBtn' is clicked on

2021-02-18 19:26:36 - [MESSAGE][PASSED] - Scroll to object 'Object Repository/HomePage/startAnalysis_EnableBtn' successfully

2021-02-18 19:26:37 - [MESSAGE][PASSED] - Object: 'Object Repository/HomePage/startAnalysis_EnableBtn' is clicked on

2021-02-18 19:26:39 - [MESSAGE][PASSED] - Object 'Object Repository/SubmissionPage/Submission_SearchIcon' is visible

2021-02-18 19:26:39 - [MESSAGE][PASSED] - Object 'Object Repository/SubmissionPage/Submission_SearchIcon' is visible

2021-02-18 19:26:39 - [MESSAGE][PASSED] - Actual object 'WordPad.rtf' and expected object 'WordPad.rtf' are equal

2021-02-18 19:26:39 - [MESSAGE][PASSED] - customKeywords.commanFunctions.uploadFileOfRegisterUser is PASSED

2021-02-18 19:26:39 - [TEST_STEP][PASSED] - customKeywords.commanFunctions.logOutAndcloseBrowser(): customKeywords.commanFunctions.logOutAndcloseBrowser is PASSED

2021-02-18 19:26:40 - [MESSAGE][PASSED] - Object 'Object Repository/LoginAndRigisterUser/AdminDD' is clickable

2021-02-18 19:26:40 - [MESSAGE][INFO] - Clicked on element with JS

2021-02-18 19:26:41 - [MESSAGE][INFO] - Clicked on element with JS

2021-02-18 19:26:42 - [MESSAGE][PASSED] - Delayed 1 second(s)

2021-02-18 19:26:42 - [MESSAGE][PASSED] - Browser is closed

2021-02-18 19:26:42 - [MESSAGE][PASSED] - customKeywords.commanFunctions.logOutAndcloseBrowser is PASSED]]></system-out>
         <system-err><![CDATA[]]></system-err>
      </testcase>
      <testcase name="Test Cases/UploadDiffFiles_RegisterUser/TC_As a register user, Upload Xlsx File and verify Uploded file in Submission Page" time="38.483" classname="Test Cases/UploadDiffFiles_RegisterUser/TC_As a register user, Upload Xlsx File and verify Uploded file in Submission Page" status="PASSED">
         <system-out><![CDATA[2021-02-18 19:26:42 - [TEST_CASE][PASSED] - Test Cases/UploadDiffFiles_RegisterUser/TC_As a register user, Upload Xlsx File and verify Uploded file in Submission Page: Test Cases/UploadDiffFiles_RegisterUser/TC_As a register user, Upload Xlsx File and verify Uploded file in Submission Page

2021-02-18 19:26:42 - [TEST_STEP][PASSED] - excelTestData = findTestData("Data Files/TestData/InspectTestData"): null

2021-02-18 19:26:42 - [TEST_STEP][PASSED] - rigisterUN = excelTestData.getValue(6, 23): null

2021-02-18 19:26:42 - [TEST_STEP][PASSED] - rigisterPW = excelTestData.getValue(3, 23): null

2021-02-18 19:26:42 - [TEST_STEP][PASSED] - customKeywords.commanFunctions.uploadFileOfRegisterUser(212, rigisterUN, rigisterPW): customKeywords.commanFunctions.uploadFileOfRegisterUser is PASSED

2021-02-18 19:26:42 - [MESSAGE][INFO] - Starting 'Chrome' driver

2021-02-18 19:26:42 - [MESSAGE][INFO] - Action delay is set to 0 milliseconds

2021-02-18 19:26:52 - [MESSAGE][PASSED] - Browser is opened with url: 'https://Inspect.Stage.site.sa'

2021-02-18 19:26:54 - [MESSAGE][PASSED] - Current window maximized

2021-02-18 19:26:54 - [MESSAGE][PASSED] - Wait for page load successfully

2021-02-18 19:26:55 - [MESSAGE][PASSED] - Object 'Object Repository/LoginAndRigisterUser/LoginLink' is clickable

2021-02-18 19:26:55 - [MESSAGE][INFO] - Clicked on element with JS

2021-02-18 19:26:56 - [MESSAGE][PASSED] - Keys 'Os-anelapatla@projects.site.sa' sent to object: 'Object Repository/LoginAndRigisterUser/UserName_Email_Input'

2021-02-18 19:26:56 - [MESSAGE][PASSED] - Keys 'Test@12345' sent to object: 'Object Repository/LoginAndRigisterUser/Password_Input'

2021-02-18 19:26:57 - [MESSAGE][PASSED] - Delayed 1 second(s)

2021-02-18 19:26:57 - [MESSAGE][PASSED] - Object 'Object Repository/LoginAndRigisterUser/LoginBtn' is clickable

2021-02-18 19:26:58 - [MESSAGE][INFO] - Clicked on element with JS

2021-02-18 19:27:00 - [MESSAGE][PASSED] - Keys '0' sent to object: 'Object Repository/LoginAndRigisterUser/otpOne'

2021-02-18 19:27:00 - [MESSAGE][PASSED] - Keys '0' sent to object: 'Object Repository/LoginAndRigisterUser/otpTwo'

2021-02-18 19:27:01 - [MESSAGE][PASSED] - Keys '0' sent to object: 'Object Repository/LoginAndRigisterUser/otpThree'

2021-02-18 19:27:02 - [MESSAGE][PASSED] - Keys '0' sent to object: 'Object Repository/LoginAndRigisterUser/otpFour'

2021-02-18 19:27:04 - [MESSAGE][PASSED] - Keys '0' sent to object: 'Object Repository/LoginAndRigisterUser/otpFive'

2021-02-18 19:27:04 - [MESSAGE][INFO] - Clicked on element with JS

2021-02-18 19:27:07 - [MESSAGE][PASSED] - Object: 'Object Repository/HomePage/ChooseAFile' is clicked on

2021-02-18 19:27:09 - [MESSAGE][PASSED] - Delayed 2 second(s)

2021-02-18 19:27:11 - [MESSAGE][INFO] - Image Uploaded Sucsessfully

2021-02-18 19:27:13 - [MESSAGE][PASSED] - Delayed 2 second(s)

2021-02-18 19:27:14 - [MESSAGE][PASSED] - Text 'sampleExcel' is present on page 

2021-02-18 19:27:15 - [MESSAGE][PASSED] - Object: 'Object Repository/HomePage/Window7RadioBtn' is clicked on

2021-02-18 19:27:15 - [MESSAGE][PASSED] - Scroll to object 'Object Repository/HomePage/startAnalysis_EnableBtn' successfully

2021-02-18 19:27:16 - [MESSAGE][PASSED] - Object: 'Object Repository/HomePage/startAnalysis_EnableBtn' is clicked on

2021-02-18 19:27:17 - [MESSAGE][PASSED] - Object 'Object Repository/SubmissionPage/Submission_SearchIcon' is visible

2021-02-18 19:27:17 - [MESSAGE][PASSED] - Object 'Object Repository/SubmissionPage/Submission_SearchIcon' is visible

2021-02-18 19:27:18 - [MESSAGE][PASSED] - Actual object 'sampleExcel.xlsx' and expected object 'sampleExcel.xlsx' are equal

2021-02-18 19:27:18 - [MESSAGE][PASSED] - customKeywords.commanFunctions.uploadFileOfRegisterUser is PASSED

2021-02-18 19:27:18 - [TEST_STEP][PASSED] - customKeywords.commanFunctions.logOutAndcloseBrowser(): customKeywords.commanFunctions.logOutAndcloseBrowser is PASSED

2021-02-18 19:27:18 - [MESSAGE][PASSED] - Object 'Object Repository/LoginAndRigisterUser/AdminDD' is clickable

2021-02-18 19:27:18 - [MESSAGE][INFO] - Clicked on element with JS

2021-02-18 19:27:19 - [MESSAGE][INFO] - Clicked on element with JS

2021-02-18 19:27:20 - [MESSAGE][PASSED] - Delayed 1 second(s)

2021-02-18 19:27:21 - [MESSAGE][PASSED] - Browser is closed

2021-02-18 19:27:21 - [MESSAGE][PASSED] - customKeywords.commanFunctions.logOutAndcloseBrowser is PASSED]]></system-out>
         <system-err><![CDATA[]]></system-err>
      </testcase>
      <testcase name="Test Cases/UploadDiffURLs_RegisterUser/TC_As a register user, Successfully submit the URL" time="32.696" classname="Test Cases/UploadDiffURLs_RegisterUser/TC_As a register user, Successfully submit the URL" status="PASSED">
         <system-out><![CDATA[2021-02-18 19:27:21 - [TEST_CASE][PASSED] - Test Cases/UploadDiffURLs_RegisterUser/TC_As a register user, Successfully submit the URL: Test Cases/UploadDiffURLs_RegisterUser/TC_As a register user, Successfully submit the URL

2021-02-18 19:27:21 - [TEST_STEP][PASSED] - excelTestData = findTestData("Data Files/TestData/InspectTestData"): null

2021-02-18 19:27:21 - [TEST_STEP][PASSED] - sampleURL = excelTestData.getValue(2, 382): null

2021-02-18 19:27:21 - [TEST_STEP][PASSED] - rigisterUN = excelTestData.getValue(6, 23): null

2021-02-18 19:27:21 - [TEST_STEP][PASSED] - rigisterPW = excelTestData.getValue(3, 23): null

2021-02-18 19:27:21 - [TEST_STEP][PASSED] - customKeywords.commanFunctions.enterURLOfRegisterUser(sampleURL, rigisterUN, rigisterPW): customKeywords.commanFunctions.enterURLOfRegisterUser is PASSED

2021-02-18 19:27:21 - [MESSAGE][INFO] - Starting 'Chrome' driver

2021-02-18 19:27:21 - [MESSAGE][INFO] - Action delay is set to 0 milliseconds

2021-02-18 19:27:30 - [MESSAGE][PASSED] - Browser is opened with url: 'https://Inspect.Stage.site.sa'

2021-02-18 19:27:32 - [MESSAGE][PASSED] - Current window maximized

2021-02-18 19:27:32 - [MESSAGE][PASSED] - Wait for page load successfully

2021-02-18 19:27:33 - [MESSAGE][PASSED] - Object 'Object Repository/LoginAndRigisterUser/LoginLink' is clickable

2021-02-18 19:27:33 - [MESSAGE][INFO] - Clicked on element with JS

2021-02-18 19:27:34 - [MESSAGE][PASSED] - Keys 'Os-anelapatla@projects.site.sa' sent to object: 'Object Repository/LoginAndRigisterUser/UserName_Email_Input'

2021-02-18 19:27:34 - [MESSAGE][PASSED] - Keys 'Test@12345' sent to object: 'Object Repository/LoginAndRigisterUser/Password_Input'

2021-02-18 19:27:35 - [MESSAGE][PASSED] - Delayed 1 second(s)

2021-02-18 19:27:35 - [MESSAGE][PASSED] - Object 'Object Repository/LoginAndRigisterUser/LoginBtn' is clickable

2021-02-18 19:27:36 - [MESSAGE][INFO] - Clicked on element with JS

2021-02-18 19:27:38 - [MESSAGE][PASSED] - Keys '0' sent to object: 'Object Repository/LoginAndRigisterUser/otpOne'

2021-02-18 19:27:39 - [MESSAGE][PASSED] - Keys '0' sent to object: 'Object Repository/LoginAndRigisterUser/otpTwo'

2021-02-18 19:27:40 - [MESSAGE][PASSED] - Keys '0' sent to object: 'Object Repository/LoginAndRigisterUser/otpThree'

2021-02-18 19:27:41 - [MESSAGE][PASSED] - Keys '0' sent to object: 'Object Repository/LoginAndRigisterUser/otpFour'

2021-02-18 19:27:42 - [MESSAGE][PASSED] - Keys '0' sent to object: 'Object Repository/LoginAndRigisterUser/otpFive'

2021-02-18 19:27:42 - [MESSAGE][INFO] - Clicked on element with JS

2021-02-18 19:27:45 - [MESSAGE][PASSED] - Object: 'Object Repository/HomePage/URL_Tab' is clicked on

2021-02-18 19:27:46 - [MESSAGE][PASSED] - Keys 'http://www.company.com' sent to object: 'Object Repository/HomePage/PleaseEnterURL_Input'

2021-02-18 19:27:47 - [MESSAGE][PASSED] - Object: 'Object Repository/HomePage/Window10RadioBtn' is clicked on

2021-02-18 19:27:48 - [MESSAGE][PASSED] - Object: 'Object Repository/HomePage/startAnalysis_EnableBtn' is clicked on

2021-02-18 19:27:49 - [MESSAGE][PASSED] - Text 'Your submission was successful, the analysis results will be delivered to you via email' is present on page 

2021-02-18 19:27:50 - [MESSAGE][PASSED] - Object 'Object Repository/SubmissionPage/Submission_SearchIcon' is visible

2021-02-18 19:27:50 - [MESSAGE][PASSED] - Object 'Object Repository/SubmissionPage/Submission_SearchIcon' is visible

2021-02-18 19:27:50 - [MESSAGE][PASSED] - Actual object 'http://www.company.com' and expected object 'http://www.company.com' are equal

2021-02-18 19:27:50 - [MESSAGE][PASSED] - customKeywords.commanFunctions.enterURLOfRegisterUser is PASSED

2021-02-18 19:27:50 - [TEST_STEP][PASSED] - customKeywords.commanFunctions.logOutAndcloseBrowser(): customKeywords.commanFunctions.logOutAndcloseBrowser is PASSED

2021-02-18 19:27:51 - [MESSAGE][PASSED] - Object 'Object Repository/LoginAndRigisterUser/AdminDD' is clickable

2021-02-18 19:27:51 - [MESSAGE][INFO] - Clicked on element with JS

2021-02-18 19:27:52 - [MESSAGE][INFO] - Clicked on element with JS

2021-02-18 19:27:53 - [MESSAGE][PASSED] - Delayed 1 second(s)

2021-02-18 19:27:53 - [MESSAGE][PASSED] - Browser is closed

2021-02-18 19:27:53 - [MESSAGE][PASSED] - customKeywords.commanFunctions.logOutAndcloseBrowser is PASSED]]></system-out>
         <system-err><![CDATA[]]></system-err>
      </testcase>
      <testcase name="Test Cases/UploadDiffURLs_RegisterUser/TC_As a register user, Successfully submit the URLWithPathParameters" time="32.094" classname="Test Cases/UploadDiffURLs_RegisterUser/TC_As a register user, Successfully submit the URLWithPathParameters" status="PASSED">
         <system-out><![CDATA[2021-02-18 19:27:53 - [TEST_CASE][PASSED] - Test Cases/UploadDiffURLs_RegisterUser/TC_As a register user, Successfully submit the URLWithPathParameters: Test Cases/UploadDiffURLs_RegisterUser/TC_As a register user, Successfully submit the URLWithPathParameters

2021-02-18 19:27:53 - [TEST_STEP][PASSED] - excelTestData = findTestData("Data Files/TestData/InspectTestData"): null

2021-02-18 19:27:53 - [TEST_STEP][PASSED] - sampleURL = excelTestData.getValue(2, 386): null

2021-02-18 19:27:53 - [TEST_STEP][PASSED] - rigisterUN = excelTestData.getValue(6, 23): null

2021-02-18 19:27:53 - [TEST_STEP][PASSED] - rigisterPW = excelTestData.getValue(3, 23): null

2021-02-18 19:27:53 - [TEST_STEP][PASSED] - customKeywords.commanFunctions.enterURLOfRegisterUser(sampleURL, rigisterUN, rigisterPW): customKeywords.commanFunctions.enterURLOfRegisterUser is PASSED

2021-02-18 19:27:54 - [MESSAGE][INFO] - Starting 'Chrome' driver

2021-02-18 19:27:54 - [MESSAGE][INFO] - Action delay is set to 0 milliseconds

2021-02-18 19:28:03 - [MESSAGE][PASSED] - Browser is opened with url: 'https://Inspect.Stage.site.sa'

2021-02-18 19:28:05 - [MESSAGE][PASSED] - Current window maximized

2021-02-18 19:28:05 - [MESSAGE][PASSED] - Wait for page load successfully

2021-02-18 19:28:06 - [MESSAGE][PASSED] - Object 'Object Repository/LoginAndRigisterUser/LoginLink' is clickable

2021-02-18 19:28:06 - [MESSAGE][INFO] - Clicked on element with JS

2021-02-18 19:28:07 - [MESSAGE][PASSED] - Keys 'Os-anelapatla@projects.site.sa' sent to object: 'Object Repository/LoginAndRigisterUser/UserName_Email_Input'

2021-02-18 19:28:07 - [MESSAGE][PASSED] - Keys 'Test@12345' sent to object: 'Object Repository/LoginAndRigisterUser/Password_Input'

2021-02-18 19:28:08 - [MESSAGE][PASSED] - Delayed 1 second(s)

2021-02-18 19:28:08 - [MESSAGE][PASSED] - Object 'Object Repository/LoginAndRigisterUser/LoginBtn' is clickable

2021-02-18 19:28:09 - [MESSAGE][INFO] - Clicked on element with JS

2021-02-18 19:28:11 - [MESSAGE][PASSED] - Keys '0' sent to object: 'Object Repository/LoginAndRigisterUser/otpOne'

2021-02-18 19:28:12 - [MESSAGE][PASSED] - Keys '0' sent to object: 'Object Repository/LoginAndRigisterUser/otpTwo'

2021-02-18 19:28:13 - [MESSAGE][PASSED] - Keys '0' sent to object: 'Object Repository/LoginAndRigisterUser/otpThree'

2021-02-18 19:28:14 - [MESSAGE][PASSED] - Keys '0' sent to object: 'Object Repository/LoginAndRigisterUser/otpFour'

2021-02-18 19:28:15 - [MESSAGE][PASSED] - Keys '0' sent to object: 'Object Repository/LoginAndRigisterUser/otpFive'

2021-02-18 19:28:15 - [MESSAGE][INFO] - Clicked on element with JS

2021-02-18 19:28:17 - [MESSAGE][PASSED] - Object: 'Object Repository/HomePage/URL_Tab' is clicked on

2021-02-18 19:28:18 - [MESSAGE][PASSED] - Keys 'http://www.company.com/showOrder.php' sent to object: 'Object Repository/HomePage/PleaseEnterURL_Input'

2021-02-18 19:28:19 - [MESSAGE][PASSED] - Object: 'Object Repository/HomePage/Window10RadioBtn' is clicked on

2021-02-18 19:28:20 - [MESSAGE][PASSED] - Object: 'Object Repository/HomePage/startAnalysis_EnableBtn' is clicked on

2021-02-18 19:28:22 - [MESSAGE][PASSED] - Text 'Your submission was successful, the analysis results will be delivered to you via email' is present on page 

2021-02-18 19:28:22 - [MESSAGE][PASSED] - Object 'Object Repository/SubmissionPage/Submission_SearchIcon' is visible

2021-02-18 19:28:22 - [MESSAGE][PASSED] - Object 'Object Repository/SubmissionPage/Submission_SearchIcon' is visible

2021-02-18 19:28:22 - [MESSAGE][PASSED] - Actual object 'http://www.company.com/showOrder.php' and expected object 'http://www.company.com/showOrder.php' are equal

2021-02-18 19:28:22 - [MESSAGE][PASSED] - customKeywords.commanFunctions.enterURLOfRegisterUser is PASSED

2021-02-18 19:28:22 - [TEST_STEP][PASSED] - customKeywords.commanFunctions.logOutAndcloseBrowser(): customKeywords.commanFunctions.logOutAndcloseBrowser is PASSED

2021-02-18 19:28:23 - [MESSAGE][PASSED] - Object 'Object Repository/LoginAndRigisterUser/AdminDD' is clickable

2021-02-18 19:28:23 - [MESSAGE][INFO] - Clicked on element with JS

2021-02-18 19:28:24 - [MESSAGE][INFO] - Clicked on element with JS

2021-02-18 19:28:25 - [MESSAGE][PASSED] - Delayed 1 second(s)

2021-02-18 19:28:25 - [MESSAGE][PASSED] - Browser is closed

2021-02-18 19:28:25 - [MESSAGE][PASSED] - customKeywords.commanFunctions.logOutAndcloseBrowser is PASSED]]></system-out>
         <system-err><![CDATA[]]></system-err>
      </testcase>
      <testcase name="Test Cases/UploadDiffURLs_RegisterUser/TC_As a register user, Successfully submit the URLWithQueryParameters" time="31.873" classname="Test Cases/UploadDiffURLs_RegisterUser/TC_As a register user, Successfully submit the URLWithQueryParameters" status="PASSED">
         <system-out><![CDATA[2021-02-18 19:28:25 - [TEST_CASE][PASSED] - Test Cases/UploadDiffURLs_RegisterUser/TC_As a register user, Successfully submit the URLWithQueryParameters: Test Cases/UploadDiffURLs_RegisterUser/TC_As a register user, Successfully submit the URLWithQueryParameters

2021-02-18 19:28:26 - [TEST_STEP][PASSED] - excelTestData = findTestData("Data Files/TestData/InspectTestData"): null

2021-02-18 19:28:26 - [TEST_STEP][PASSED] - sampleURL = excelTestData.getValue(2, 390): null

2021-02-18 19:28:26 - [TEST_STEP][PASSED] - rigisterUN = excelTestData.getValue(6, 23): null

2021-02-18 19:28:26 - [TEST_STEP][PASSED] - rigisterPW = excelTestData.getValue(3, 23): null

2021-02-18 19:28:26 - [TEST_STEP][PASSED] - customKeywords.commanFunctions.enterURLOfRegisterUser(sampleURL, rigisterUN, rigisterPW): customKeywords.commanFunctions.enterURLOfRegisterUser is PASSED

2021-02-18 19:28:26 - [MESSAGE][INFO] - Starting 'Chrome' driver

2021-02-18 19:28:26 - [MESSAGE][INFO] - Action delay is set to 0 milliseconds

2021-02-18 19:28:35 - [MESSAGE][PASSED] - Browser is opened with url: 'https://Inspect.Stage.site.sa'

2021-02-18 19:28:37 - [MESSAGE][PASSED] - Current window maximized

2021-02-18 19:28:37 - [MESSAGE][PASSED] - Wait for page load successfully

2021-02-18 19:28:38 - [MESSAGE][PASSED] - Object 'Object Repository/LoginAndRigisterUser/LoginLink' is clickable

2021-02-18 19:28:38 - [MESSAGE][INFO] - Clicked on element with JS

2021-02-18 19:28:39 - [MESSAGE][PASSED] - Keys 'Os-anelapatla@projects.site.sa' sent to object: 'Object Repository/LoginAndRigisterUser/UserName_Email_Input'

2021-02-18 19:28:39 - [MESSAGE][PASSED] - Keys 'Test@12345' sent to object: 'Object Repository/LoginAndRigisterUser/Password_Input'

2021-02-18 19:28:40 - [MESSAGE][PASSED] - Delayed 1 second(s)

2021-02-18 19:28:40 - [MESSAGE][PASSED] - Object 'Object Repository/LoginAndRigisterUser/LoginBtn' is clickable

2021-02-18 19:28:41 - [MESSAGE][INFO] - Clicked on element with JS

2021-02-18 19:28:43 - [MESSAGE][PASSED] - Keys '0' sent to object: 'Object Repository/LoginAndRigisterUser/otpOne'

2021-02-18 19:28:44 - [MESSAGE][PASSED] - Keys '0' sent to object: 'Object Repository/LoginAndRigisterUser/otpTwo'

2021-02-18 19:28:45 - [MESSAGE][PASSED] - Keys '0' sent to object: 'Object Repository/LoginAndRigisterUser/otpThree'

2021-02-18 19:28:46 - [MESSAGE][PASSED] - Keys '0' sent to object: 'Object Repository/LoginAndRigisterUser/otpFour'

2021-02-18 19:28:47 - [MESSAGE][PASSED] - Keys '0' sent to object: 'Object Repository/LoginAndRigisterUser/otpFive'

2021-02-18 19:28:47 - [MESSAGE][INFO] - Clicked on element with JS

2021-02-18 19:28:49 - [MESSAGE][PASSED] - Object: 'Object Repository/HomePage/URL_Tab' is clicked on

2021-02-18 19:28:50 - [MESSAGE][PASSED] - Keys 'http://www.company.com/showOrder.php?order=4621047' sent to object: 'Object Repository/HomePage/PleaseEnterURL_Input'

2021-02-18 19:28:51 - [MESSAGE][PASSED] - Object: 'Object Repository/HomePage/Window10RadioBtn' is clicked on

2021-02-18 19:28:52 - [MESSAGE][PASSED] - Object: 'Object Repository/HomePage/startAnalysis_EnableBtn' is clicked on

2021-02-18 19:28:53 - [MESSAGE][PASSED] - Text 'Your submission was successful, the analysis results will be delivered to you via email' is present on page 

2021-02-18 19:28:54 - [MESSAGE][PASSED] - Object 'Object Repository/SubmissionPage/Submission_SearchIcon' is visible

2021-02-18 19:28:54 - [MESSAGE][PASSED] - Object 'Object Repository/SubmissionPage/Submission_SearchIcon' is visible

2021-02-18 19:28:54 - [MESSAGE][PASSED] - Actual object 'http://www.company.com/showOrder.php?order=4621047' and expected object 'http://www.company.com/showOrder.php?order=4621047' are equal

2021-02-18 19:28:54 - [MESSAGE][PASSED] - customKeywords.commanFunctions.enterURLOfRegisterUser is PASSED

2021-02-18 19:28:54 - [TEST_STEP][PASSED] - customKeywords.commanFunctions.logOutAndcloseBrowser(): customKeywords.commanFunctions.logOutAndcloseBrowser is PASSED

2021-02-18 19:28:55 - [MESSAGE][PASSED] - Object 'Object Repository/LoginAndRigisterUser/AdminDD' is clickable

2021-02-18 19:28:55 - [MESSAGE][INFO] - Clicked on element with JS

2021-02-18 19:28:56 - [MESSAGE][INFO] - Clicked on element with JS

2021-02-18 19:28:57 - [MESSAGE][PASSED] - Delayed 1 second(s)

2021-02-18 19:28:57 - [MESSAGE][PASSED] - Browser is closed

2021-02-18 19:28:57 - [MESSAGE][PASSED] - customKeywords.commanFunctions.logOutAndcloseBrowser is PASSED]]></system-out>
         <system-err><![CDATA[]]></system-err>
      </testcase>
      <testcase name="Test Cases/UploadDiffURLs_RegisterUser/TC_As register user , Trigger URL validation with invalid formats" time="34.414" classname="Test Cases/UploadDiffURLs_RegisterUser/TC_As register user , Trigger URL validation with invalid formats" status="FAILED">
         <failure type="FAILED" message="Test Cases/UploadDiffURLs_RegisterUser/TC_As register user , Trigger URL validation with invalid formats FAILED.
Reason:
com.kms.katalon.core.exception.StepFailedException: Unable to verify text 'URL format is not valid.' is present 
	at com.kms.katalon.core.webui.keyword.internal.WebUIKeywordMain.stepFailed(WebUIKeywordMain.groovy:64)
	at com.kms.katalon.core.webui.keyword.internal.WebUIKeywordMain.runKeyword(WebUIKeywordMain.groovy:26)
	at com.kms.katalon.core.webui.keyword.builtin.VerifyTextPresentKeyword.verifyTextPresent(VerifyTextPresentKeyword.groovy:83)
	at com.kms.katalon.core.webui.keyword.builtin.VerifyTextPresentKeyword.execute(VerifyTextPresentKeyword.groovy:68)
	at com.kms.katalon.core.keyword.internal.KeywordExecutor.executeKeywordForPlatform(KeywordExecutor.groovy:73)
	at com.kms.katalon.core.webui.keyword.WebUiBuiltInKeywords.verifyTextPresent(WebUiBuiltInKeywords.groovy:1720)
	at com.kms.katalon.core.webui.keyword.WebUiBuiltInKeywords$verifyTextPresent$6.call(Unknown Source)
	at TC_As register user , Trigger URL validation with invalid formats.run(TC_As register user , Trigger URL validation with invalid formats:41)
	at com.kms.katalon.core.main.ScriptEngine.run(ScriptEngine.java:194)
	at com.kms.katalon.core.main.ScriptEngine.runScriptAsRawText(ScriptEngine.java:119)
	at com.kms.katalon.core.main.TestCaseExecutor.runScript(TestCaseExecutor.java:394)
	at com.kms.katalon.core.main.TestCaseExecutor.doExecute(TestCaseExecutor.java:385)
	at com.kms.katalon.core.main.TestCaseExecutor.processExecutionPhase(TestCaseExecutor.java:364)
	at com.kms.katalon.core.main.TestCaseExecutor.accessMainPhase(TestCaseExecutor.java:356)
	at com.kms.katalon.core.main.TestCaseExecutor.execute(TestCaseExecutor.java:251)
	at com.kms.katalon.core.main.TestSuiteExecutor.accessTestCaseMainPhase(TestSuiteExecutor.java:203)
	at com.kms.katalon.core.main.TestSuiteExecutor.accessTestSuiteMainPhase(TestSuiteExecutor.java:152)
	at com.kms.katalon.core.main.TestSuiteExecutor.execute(TestSuiteExecutor.java:95)
	at com.kms.katalon.core.main.TestCaseMain.startTestSuite(TestCaseMain.java:157)
	at com.kms.katalon.core.main.TestCaseMain$startTestSuite$0.call(Unknown Source)
	at TempTestSuite1613655547890.run(TempTestSuite1613655547890.groovy:39)
Caused by: com.kms.katalon.core.exception.StepFailedException: Text 'URL format is not valid.' is not present on page 
	at com.kms.katalon.core.webui.keyword.internal.WebUIKeywordMain.stepFailed(WebUIKeywordMain.groovy:64)
	at com.kms.katalon.core.webui.keyword.builtin.VerifyTextPresentKeyword$_verifyTextPresent_closure1.doCall(VerifyTextPresentKeyword.groovy:79)
	at com.kms.katalon.core.webui.keyword.builtin.VerifyTextPresentKeyword$_verifyTextPresent_closure1.call(VerifyTextPresentKeyword.groovy)
	at com.kms.katalon.core.webui.keyword.internal.WebUIKeywordMain.runKeyword(WebUIKeywordMain.groovy:20)
	... 19 more
"/>
         <system-out><![CDATA[2021-02-18 19:28:57 - [TEST_CASE][FAILED] - Test Cases/UploadDiffURLs_RegisterUser/TC_As register user , Trigger URL validation with invalid formats: Test Cases/UploadDiffURLs_RegisterUser/TC_As register user , Trigger URL validation with invalid formats FAILED.
Reason:
com.kms.katalon.core.exception.StepFailedException: Unable to verify text 'URL format is not valid.' is present 
	at com.kms.katalon.core.webui.keyword.internal.WebUIKeywordMain.stepFailed(WebUIKeywordMain.groovy:64)
	at com.kms.katalon.core.webui.keyword.internal.WebUIKeywordMain.runKeyword(WebUIKeywordMain.groovy:26)
	at com.kms.katalon.core.webui.keyword.builtin.VerifyTextPresentKeyword.verifyTextPresent(VerifyTextPresentKeyword.groovy:83)
	at com.kms.katalon.core.webui.keyword.builtin.VerifyTextPresentKeyword.execute(VerifyTextPresentKeyword.groovy:68)
	at com.kms.katalon.core.keyword.internal.KeywordExecutor.executeKeywordForPlatform(KeywordExecutor.groovy:73)
	at com.kms.katalon.core.webui.keyword.WebUiBuiltInKeywords.verifyTextPresent(WebUiBuiltInKeywords.groovy:1720)
	at com.kms.katalon.core.webui.keyword.WebUiBuiltInKeywords$verifyTextPresent$6.call(Unknown Source)
	at TC_As register user , Trigger URL validation with invalid formats.run(TC_As register user , Trigger URL validation with invalid formats:41)
	at com.kms.katalon.core.main.ScriptEngine.run(ScriptEngine.java:194)
	at com.kms.katalon.core.main.ScriptEngine.runScriptAsRawText(ScriptEngine.java:119)
	at com.kms.katalon.core.main.TestCaseExecutor.runScript(TestCaseExecutor.java:394)
	at com.kms.katalon.core.main.TestCaseExecutor.doExecute(TestCaseExecutor.java:385)
	at com.kms.katalon.core.main.TestCaseExecutor.processExecutionPhase(TestCaseExecutor.java:364)
	at com.kms.katalon.core.main.TestCaseExecutor.accessMainPhase(TestCaseExecutor.java:356)
	at com.kms.katalon.core.main.TestCaseExecutor.execute(TestCaseExecutor.java:251)
	at com.kms.katalon.core.main.TestSuiteExecutor.accessTestCaseMainPhase(TestSuiteExecutor.java:203)
	at com.kms.katalon.core.main.TestSuiteExecutor.accessTestSuiteMainPhase(TestSuiteExecutor.java:152)
	at com.kms.katalon.core.main.TestSuiteExecutor.execute(TestSuiteExecutor.java:95)
	at com.kms.katalon.core.main.TestCaseMain.startTestSuite(TestCaseMain.java:157)
	at com.kms.katalon.core.main.TestCaseMain$startTestSuite$0.call(Unknown Source)
	at TempTestSuite1613655547890.run(TempTestSuite1613655547890.groovy:39)
Caused by: com.kms.katalon.core.exception.StepFailedException: Text 'URL format is not valid.' is not present on page 
	at com.kms.katalon.core.webui.keyword.internal.WebUIKeywordMain.stepFailed(WebUIKeywordMain.groovy:64)
	at com.kms.katalon.core.webui.keyword.builtin.VerifyTextPresentKeyword$_verifyTextPresent_closure1.doCall(VerifyTextPresentKeyword.groovy:79)
	at com.kms.katalon.core.webui.keyword.builtin.VerifyTextPresentKeyword$_verifyTextPresent_closure1.call(VerifyTextPresentKeyword.groovy)
	at com.kms.katalon.core.webui.keyword.internal.WebUIKeywordMain.runKeyword(WebUIKeywordMain.groovy:20)
	... 19 more


2021-02-18 19:28:57 - [TEST_STEP][PASSED] - excelTestData = findTestData("Data Files/TestData/InspectTestData"): null

2021-02-18 19:28:57 - [TEST_STEP][PASSED] - obj = findTestObject("LoginAndRigisterUser/LoginLink"): null

2021-02-18 19:28:57 - [TEST_STEP][PASSED] - customKeywords.commanFunctions.openBrowser(): customKeywords.commanFunctions.openBrowser is PASSED

2021-02-18 19:28:58 - [MESSAGE][INFO] - Starting 'Chrome' driver

2021-02-18 19:28:58 - [MESSAGE][INFO] - Action delay is set to 0 milliseconds

2021-02-18 19:29:07 - [MESSAGE][PASSED] - Browser is opened with url: 'https://Inspect.Stage.site.sa'

2021-02-18 19:29:09 - [MESSAGE][PASSED] - Current window maximized

2021-02-18 19:29:09 - [MESSAGE][PASSED] - Wait for page load successfully

2021-02-18 19:29:09 - [MESSAGE][PASSED] - customKeywords.commanFunctions.openBrowser is PASSED

2021-02-18 19:29:09 - [TEST_STEP][PASSED] - waitForElementClickable(findTestObject("LoginAndRigisterUser/LoginLink"), TimeOut): Object 'Object Repository/LoginAndRigisterUser/LoginLink' is clickable

2021-02-18 19:29:09 - [MESSAGE][PASSED] - Object 'Object Repository/LoginAndRigisterUser/LoginLink' is clickable

2021-02-18 19:29:09 - [TEST_STEP][PASSED] - customKeywords.commanFunctions.clickElementWithJS(obj): customKeywords.commanFunctions.clickElementWithJS is PASSED

2021-02-18 19:29:10 - [MESSAGE][INFO] - Clicked on element with JS

2021-02-18 19:29:10 - [MESSAGE][PASSED] - customKeywords.commanFunctions.clickElementWithJS is PASSED

2021-02-18 19:29:10 - [TEST_STEP][PASSED] - rigisterUN = excelTestData.getValue(2, 23): null

2021-02-18 19:29:10 - [TEST_STEP][PASSED] - rigisterPW = excelTestData.getValue(3, 23): null

2021-02-18 19:29:10 - [TEST_STEP][PASSED] - customKeywords.commanFunctions.logIntoBrowserWithReqCredentials(rigisterUN, rigisterPW): customKeywords.commanFunctions.logIntoBrowserWithReqCredentials is PASSED

2021-02-18 19:29:10 - [MESSAGE][PASSED] - Keys 'Os-ARahman@projects.site.sa' sent to object: 'Object Repository/LoginAndRigisterUser/UserName_Email_Input'

2021-02-18 19:29:11 - [MESSAGE][PASSED] - Keys 'Test@12345' sent to object: 'Object Repository/LoginAndRigisterUser/Password_Input'

2021-02-18 19:29:12 - [MESSAGE][PASSED] - Delayed 1 second(s)

2021-02-18 19:29:12 - [MESSAGE][PASSED] - Object 'Object Repository/LoginAndRigisterUser/LoginBtn' is clickable

2021-02-18 19:29:12 - [MESSAGE][INFO] - Clicked on element with JS

2021-02-18 19:29:12 - [MESSAGE][PASSED] - customKeywords.commanFunctions.logIntoBrowserWithReqCredentials is PASSED

2021-02-18 19:29:12 - [TEST_STEP][PASSED] - customKeywords.commanFunctions.otpLogin(): customKeywords.commanFunctions.otpLogin is PASSED

2021-02-18 19:29:15 - [MESSAGE][PASSED] - Keys '0' sent to object: 'Object Repository/LoginAndRigisterUser/otpOne'

2021-02-18 19:29:16 - [MESSAGE][PASSED] - Keys '0' sent to object: 'Object Repository/LoginAndRigisterUser/otpTwo'

2021-02-18 19:29:17 - [MESSAGE][PASSED] - Keys '0' sent to object: 'Object Repository/LoginAndRigisterUser/otpThree'

2021-02-18 19:29:18 - [MESSAGE][PASSED] - Keys '0' sent to object: 'Object Repository/LoginAndRigisterUser/otpFour'

2021-02-18 19:29:18 - [MESSAGE][PASSED] - Keys '0' sent to object: 'Object Repository/LoginAndRigisterUser/otpFive'

2021-02-18 19:29:19 - [MESSAGE][INFO] - Clicked on element with JS

2021-02-18 19:29:19 - [MESSAGE][PASSED] - customKeywords.commanFunctions.otpLogin is PASSED

2021-02-18 19:29:19 - [TEST_STEP][PASSED] - click(findTestObject("Object Repository/HomePage/URL_Tab")): Object: 'Object Repository/HomePage/URL_Tab' is clicked on

2021-02-18 19:29:22 - [MESSAGE][PASSED] - Object: 'Object Repository/HomePage/URL_Tab' is clicked on

2021-02-18 19:29:22 - [TEST_STEP][PASSED] - ErrorValidationMessage = excelTestData.getValue(3, 42): null

2021-02-18 19:29:22 - [TEST_STEP][FAILED] - for ([i = 42, i <= 46, (i++)]): Unable to verify text 'URL format is not valid.' is present  (Root cause: com.kms.katalon.core.exception.StepFailedException: Unable to verify text 'URL format is not valid.' is present 
	at com.kms.katalon.core.webui.keyword.internal.WebUIKeywordMain.stepFailed(WebUIKeywordMain.groovy:64)
	at com.kms.katalon.core.webui.keyword.internal.WebUIKeywordMain.runKeyword(WebUIKeywordMain.groovy:26)
	at com.kms.katalon.core.webui.keyword.builtin.VerifyTextPresentKeyword.verifyTextPresent(VerifyTextPresentKeyword.groovy:83)
	at com.kms.katalon.core.webui.keyword.builtin.VerifyTextPresentKeyword.execute(VerifyTextPresentKeyword.groovy:68)
	at com.kms.katalon.core.keyword.internal.KeywordExecutor.executeKeywordForPlatform(KeywordExecutor.groovy:73)
	at com.kms.katalon.core.webui.keyword.WebUiBuiltInKeywords.verifyTextPresent(WebUiBuiltInKeywords.groovy:1720)
	at com.kms.katalon.core.webui.keyword.WebUiBuiltInKeywords$verifyTextPresent$6.call(Unknown Source)
	at TC_As register user , Trigger URL validation with invalid formats.run(TC_As register user , Trigger URL validation with invalid formats:41)
	at com.kms.katalon.core.main.ScriptEngine.run(ScriptEngine.java:194)
	at com.kms.katalon.core.main.ScriptEngine.runScriptAsRawText(ScriptEngine.java:119)
	at com.kms.katalon.core.main.TestCaseExecutor.runScript(TestCaseExecutor.java:394)
	at com.kms.katalon.core.main.TestCaseExecutor.doExecute(TestCaseExecutor.java:385)
	at com.kms.katalon.core.main.TestCaseExecutor.processExecutionPhase(TestCaseExecutor.java:364)
	at com.kms.katalon.core.main.TestCaseExecutor.accessMainPhase(TestCaseExecutor.java:356)
	at com.kms.katalon.core.main.TestCaseExecutor.execute(TestCaseExecutor.java:251)
	at com.kms.katalon.core.main.TestSuiteExecutor.accessTestCaseMainPhase(TestSuiteExecutor.java:203)
	at com.kms.katalon.core.main.TestSuiteExecutor.accessTestSuiteMainPhase(TestSuiteExecutor.java:152)
	at com.kms.katalon.core.main.TestSuiteExecutor.execute(TestSuiteExecutor.java:95)
	at com.kms.katalon.core.main.TestCaseMain.startTestSuite(TestCaseMain.java:157)
	at com.kms.katalon.core.main.TestCaseMain$startTestSuite$0.call(Unknown Source)
	at TempTestSuite1613655547890.run(TempTestSuite1613655547890.groovy:39)
Caused by: com.kms.katalon.core.exception.StepFailedException: Text 'URL format is not valid.' is not present on page 
	at com.kms.katalon.core.webui.keyword.internal.WebUIKeywordMain.stepFailed(WebUIKeywordMain.groovy:64)
	at com.kms.katalon.core.webui.keyword.builtin.VerifyTextPresentKeyword$_verifyTextPresent_closure1.doCall(VerifyTextPresentKeyword.groovy:79)
	at com.kms.katalon.core.webui.keyword.builtin.VerifyTextPresentKeyword$_verifyTextPresent_closure1.call(VerifyTextPresentKeyword.groovy)
	at com.kms.katalon.core.webui.keyword.internal.WebUIKeywordMain.runKeyword(WebUIKeywordMain.groovy:20)
	... 19 more
)

2021-02-18 19:29:22 - [TEST_STEP][PASSED] - IncorrectURLs = excelTestData.getValue(2, i): null

2021-02-18 19:29:22 - [TEST_STEP][PASSED] - sendKeys(findTestObject("Object Repository/HomePage/PleaseEnterURL_Input"), IncorrectURLs): Keys 'https://www.slideshare.net/socialogilvy ' sent to object: 'Object Repository/HomePage/PleaseEnterURL_Input'

2021-02-18 19:29:23 - [MESSAGE][PASSED] - Keys 'https://www.slideshare.net/socialogilvy ' sent to object: 'Object Repository/HomePage/PleaseEnterURL_Input'

2021-02-18 19:29:23 - [TEST_STEP][PASSED] - verifyTextPresent(ErrorValidationMessage, false): Text 'URL format is not valid.' is present on page 

2021-02-18 19:29:24 - [MESSAGE][PASSED] - Text 'URL format is not valid.' is present on page 

2021-02-18 19:29:24 - [TEST_STEP][PASSED] - clearText(findTestObject("Object Repository/HomePage/PleaseEnterURL_Input")): Text of object 'Object Repository/HomePage/PleaseEnterURL_Input' is cleared

2021-02-18 19:29:24 - [MESSAGE][PASSED] - Text of object 'Object Repository/HomePage/PleaseEnterURL_Input' is cleared

2021-02-18 19:29:24 - [TEST_STEP][PASSED] - IncorrectURLs = excelTestData.getValue(2, i): null

2021-02-18 19:29:24 - [TEST_STEP][PASSED] - sendKeys(findTestObject("Object Repository/HomePage/PleaseEnterURL_Input"), IncorrectURLs): Keys 'htps://www.slideshare.net/socialogilvy' sent to object: 'Object Repository/HomePage/PleaseEnterURL_Input'

2021-02-18 19:29:26 - [MESSAGE][PASSED] - Keys 'htps://www.slideshare.net/socialogilvy' sent to object: 'Object Repository/HomePage/PleaseEnterURL_Input'

2021-02-18 19:29:26 - [TEST_STEP][PASSED] - verifyTextPresent(ErrorValidationMessage, false): Text 'URL format is not valid.' is present on page 

2021-02-18 19:29:27 - [MESSAGE][PASSED] - Text 'URL format is not valid.' is present on page 

2021-02-18 19:29:27 - [TEST_STEP][PASSED] - clearText(findTestObject("Object Repository/HomePage/PleaseEnterURL_Input")): Text of object 'Object Repository/HomePage/PleaseEnterURL_Input' is cleared

2021-02-18 19:29:28 - [MESSAGE][PASSED] - Text of object 'Object Repository/HomePage/PleaseEnterURL_Input' is cleared

2021-02-18 19:29:28 - [TEST_STEP][PASSED] - IncorrectURLs = excelTestData.getValue(2, i): null

2021-02-18 19:29:28 - [TEST_STEP][PASSED] - sendKeys(findTestObject("Object Repository/HomePage/PleaseEnterURL_Input"), IncorrectURLs): Keys 'https://ww.slideshare.net/socialogilvy' sent to object: 'Object Repository/HomePage/PleaseEnterURL_Input'

2021-02-18 19:29:30 - [MESSAGE][PASSED] - Keys 'https://ww.slideshare.net/socialogilvy' sent to object: 'Object Repository/HomePage/PleaseEnterURL_Input'

2021-02-18 19:29:30 - [TEST_STEP][FAILED] - verifyTextPresent(ErrorValidationMessage, false): Unable to verify text 'URL format is not valid.' is present  (Root cause: com.kms.katalon.core.exception.StepFailedException: Unable to verify text 'URL format is not valid.' is present 
	at com.kms.katalon.core.webui.keyword.internal.WebUIKeywordMain.stepFailed(WebUIKeywordMain.groovy:64)
	at com.kms.katalon.core.webui.keyword.internal.WebUIKeywordMain.runKeyword(WebUIKeywordMain.groovy:26)
	at com.kms.katalon.core.webui.keyword.builtin.VerifyTextPresentKeyword.verifyTextPresent(VerifyTextPresentKeyword.groovy:83)
	at com.kms.katalon.core.webui.keyword.builtin.VerifyTextPresentKeyword.execute(VerifyTextPresentKeyword.groovy:68)
	at com.kms.katalon.core.keyword.internal.KeywordExecutor.executeKeywordForPlatform(KeywordExecutor.groovy:73)
	at com.kms.katalon.core.webui.keyword.WebUiBuiltInKeywords.verifyTextPresent(WebUiBuiltInKeywords.groovy:1720)
	at com.kms.katalon.core.webui.keyword.WebUiBuiltInKeywords$verifyTextPresent$6.call(Unknown Source)
	at TC_As register user , Trigger URL validation with invalid formats.run(TC_As register user , Trigger URL validation with invalid formats:41)
	at com.kms.katalon.core.main.ScriptEngine.run(ScriptEngine.java:194)
	at com.kms.katalon.core.main.ScriptEngine.runScriptAsRawText(ScriptEngine.java:119)
	at com.kms.katalon.core.main.TestCaseExecutor.runScript(TestCaseExecutor.java:394)
	at com.kms.katalon.core.main.TestCaseExecutor.doExecute(TestCaseExecutor.java:385)
	at com.kms.katalon.core.main.TestCaseExecutor.processExecutionPhase(TestCaseExecutor.java:364)
	at com.kms.katalon.core.main.TestCaseExecutor.accessMainPhase(TestCaseExecutor.java:356)
	at com.kms.katalon.core.main.TestCaseExecutor.execute(TestCaseExecutor.java:251)
	at com.kms.katalon.core.main.TestSuiteExecutor.accessTestCaseMainPhase(TestSuiteExecutor.java:203)
	at com.kms.katalon.core.main.TestSuiteExecutor.accessTestSuiteMainPhase(TestSuiteExecutor.java:152)
	at com.kms.katalon.core.main.TestSuiteExecutor.execute(TestSuiteExecutor.java:95)
	at com.kms.katalon.core.main.TestCaseMain.startTestSuite(TestCaseMain.java:157)
	at com.kms.katalon.core.main.TestCaseMain$startTestSuite$0.call(Unknown Source)
	at TempTestSuite1613655547890.run(TempTestSuite1613655547890.groovy:39)
Caused by: com.kms.katalon.core.exception.StepFailedException: Text 'URL format is not valid.' is not present on page 
	at com.kms.katalon.core.webui.keyword.internal.WebUIKeywordMain.stepFailed(WebUIKeywordMain.groovy:64)
	at com.kms.katalon.core.webui.keyword.builtin.VerifyTextPresentKeyword$_verifyTextPresent_closure1.doCall(VerifyTextPresentKeyword.groovy:79)
	at com.kms.katalon.core.webui.keyword.builtin.VerifyTextPresentKeyword$_verifyTextPresent_closure1.call(VerifyTextPresentKeyword.groovy)
	at com.kms.katalon.core.webui.keyword.internal.WebUIKeywordMain.runKeyword(WebUIKeywordMain.groovy:20)
	... 19 more
)

2021-02-18 19:29:31 - [MESSAGE][FAILED] - Text 'URL format is not valid.' is not present on page  (Root cause: com.kms.katalon.core.exception.StepFailedException: Text 'URL format is not valid.' is not present on page 
	at com.kms.katalon.core.webui.keyword.internal.WebUIKeywordMain.stepFailed(WebUIKeywordMain.groovy:64)
	at com.kms.katalon.core.webui.keyword.builtin.VerifyTextPresentKeyword$_verifyTextPresent_closure1.doCall(VerifyTextPresentKeyword.groovy:79)
	at com.kms.katalon.core.webui.keyword.builtin.VerifyTextPresentKeyword$_verifyTextPresent_closure1.call(VerifyTextPresentKeyword.groovy)
	at com.kms.katalon.core.webui.keyword.internal.WebUIKeywordMain.runKeyword(WebUIKeywordMain.groovy:20)
	at com.kms.katalon.core.webui.keyword.builtin.VerifyTextPresentKeyword.verifyTextPresent(VerifyTextPresentKeyword.groovy:83)
	at com.kms.katalon.core.webui.keyword.builtin.VerifyTextPresentKeyword.execute(VerifyTextPresentKeyword.groovy:68)
	at com.kms.katalon.core.keyword.internal.KeywordExecutor.executeKeywordForPlatform(KeywordExecutor.groovy:73)
	at com.kms.katalon.core.webui.keyword.WebUiBuiltInKeywords.verifyTextPresent(WebUiBuiltInKeywords.groovy:1720)
	at com.kms.katalon.core.webui.keyword.WebUiBuiltInKeywords$verifyTextPresent$6.call(Unknown Source)
	at TC_As register user , Trigger URL validation with invalid formats.run(TC_As register user , Trigger URL validation with invalid formats:41)
	at com.kms.katalon.core.main.ScriptEngine.run(ScriptEngine.java:194)
	at com.kms.katalon.core.main.ScriptEngine.runScriptAsRawText(ScriptEngine.java:119)
	at com.kms.katalon.core.main.TestCaseExecutor.runScript(TestCaseExecutor.java:394)
	at com.kms.katalon.core.main.TestCaseExecutor.doExecute(TestCaseExecutor.java:385)
	at com.kms.katalon.core.main.TestCaseExecutor.processExecutionPhase(TestCaseExecutor.java:364)
	at com.kms.katalon.core.main.TestCaseExecutor.accessMainPhase(TestCaseExecutor.java:356)
	at com.kms.katalon.core.main.TestCaseExecutor.execute(TestCaseExecutor.java:251)
	at com.kms.katalon.core.main.TestSuiteExecutor.accessTestCaseMainPhase(TestSuiteExecutor.java:203)
	at com.kms.katalon.core.main.TestSuiteExecutor.accessTestSuiteMainPhase(TestSuiteExecutor.java:152)
	at com.kms.katalon.core.main.TestSuiteExecutor.execute(TestSuiteExecutor.java:95)
	at com.kms.katalon.core.main.TestCaseMain.startTestSuite(TestCaseMain.java:157)
	at com.kms.katalon.core.main.TestCaseMain$startTestSuite$0.call(Unknown Source)
	at TempTestSuite1613655547890.run(TempTestSuite1613655547890.groovy:39)
)

2021-02-18 19:29:31 - [MESSAGE][FAILED] - Unable to verify text 'URL format is not valid.' is present  (Root cause: com.kms.katalon.core.exception.StepFailedException: Unable to verify text 'URL format is not valid.' is present 
	at com.kms.katalon.core.webui.keyword.internal.WebUIKeywordMain.stepFailed(WebUIKeywordMain.groovy:64)
	at com.kms.katalon.core.webui.keyword.internal.WebUIKeywordMain.runKeyword(WebUIKeywordMain.groovy:26)
	at com.kms.katalon.core.webui.keyword.builtin.VerifyTextPresentKeyword.verifyTextPresent(VerifyTextPresentKeyword.groovy:83)
	at com.kms.katalon.core.webui.keyword.builtin.VerifyTextPresentKeyword.execute(VerifyTextPresentKeyword.groovy:68)
	at com.kms.katalon.core.keyword.internal.KeywordExecutor.executeKeywordForPlatform(KeywordExecutor.groovy:73)
	at com.kms.katalon.core.webui.keyword.WebUiBuiltInKeywords.verifyTextPresent(WebUiBuiltInKeywords.groovy:1720)
	at com.kms.katalon.core.webui.keyword.WebUiBuiltInKeywords$verifyTextPresent$6.call(Unknown Source)
	at TC_As register user , Trigger URL validation with invalid formats.run(TC_As register user , Trigger URL validation with invalid formats:41)
	at com.kms.katalon.core.main.ScriptEngine.run(ScriptEngine.java:194)
	at com.kms.katalon.core.main.ScriptEngine.runScriptAsRawText(ScriptEngine.java:119)
	at com.kms.katalon.core.main.TestCaseExecutor.runScript(TestCaseExecutor.java:394)
	at com.kms.katalon.core.main.TestCaseExecutor.doExecute(TestCaseExecutor.java:385)
	at com.kms.katalon.core.main.TestCaseExecutor.processExecutionPhase(TestCaseExecutor.java:364)
	at com.kms.katalon.core.main.TestCaseExecutor.accessMainPhase(TestCaseExecutor.java:356)
	at com.kms.katalon.core.main.TestCaseExecutor.execute(TestCaseExecutor.java:251)
	at com.kms.katalon.core.main.TestSuiteExecutor.accessTestCaseMainPhase(TestSuiteExecutor.java:203)
	at com.kms.katalon.core.main.TestSuiteExecutor.accessTestSuiteMainPhase(TestSuiteExecutor.java:152)
	at com.kms.katalon.core.main.TestSuiteExecutor.execute(TestSuiteExecutor.java:95)
	at com.kms.katalon.core.main.TestCaseMain.startTestSuite(TestCaseMain.java:157)
	at com.kms.katalon.core.main.TestCaseMain$startTestSuite$0.call(Unknown Source)
	at TempTestSuite1613655547890.run(TempTestSuite1613655547890.groovy:39)
Caused by: com.kms.katalon.core.exception.StepFailedException: Text 'URL format is not valid.' is not present on page 
	at com.kms.katalon.core.webui.keyword.internal.WebUIKeywordMain.stepFailed(WebUIKeywordMain.groovy:64)
	at com.kms.katalon.core.webui.keyword.builtin.VerifyTextPresentKeyword$_verifyTextPresent_closure1.doCall(VerifyTextPresentKeyword.groovy:79)
	at com.kms.katalon.core.webui.keyword.builtin.VerifyTextPresentKeyword$_verifyTextPresent_closure1.call(VerifyTextPresentKeyword.groovy)
	at com.kms.katalon.core.webui.keyword.internal.WebUIKeywordMain.runKeyword(WebUIKeywordMain.groovy:20)
	... 19 more
)
[[ATTACHMENT|E:\\Inspect\\15022021\\SiteInspectAutomation\\Reports\\20210218_190906\\Regression_Suite\\RegisterUser_Suite\\RegisterUser_Regression\\20210218_190907\\1613656771048.png]]

2021-02-18 19:29:31 - [TEST_STEP][PASSED] - Start tear down : tearDownMethodIfFailed: Method 'tearDownMethodIfFailed' complete successfully

2021-02-18 19:29:31 - [TEST_STEP][PASSED] - customKeywords.commanFunctions.onlyCloseBrowser(): customKeywords.commanFunctions.onlyCloseBrowser is PASSED

2021-02-18 19:29:32 - [MESSAGE][PASSED] - Browser is closed

2021-02-18 19:29:32 - [MESSAGE][PASSED] - customKeywords.commanFunctions.onlyCloseBrowser is PASSED

2021-02-18 19:29:32 - [TEST_STEP][PASSED] - logInfo("[--------This is tearDownIfFailed method------]"): [--------This is tearDownIfFailed method------]

2021-02-18 19:29:32 - [MESSAGE][INFO] - [--------This is tearDownIfFailed method------]

2021-02-18 19:29:32 - [MESSAGE][PASSED] - Method 'tearDownMethodIfFailed' complete successfully]]></system-out>
         <system-err><![CDATA[2021-02-18 19:28:57 - [TEST_CASE][FAILED] - Test Cases/UploadDiffURLs_RegisterUser/TC_As register user , Trigger URL validation with invalid formats: Test Cases/UploadDiffURLs_RegisterUser/TC_As register user , Trigger URL validation with invalid formats FAILED.
Reason:
com.kms.katalon.core.exception.StepFailedException: Unable to verify text 'URL format is not valid.' is present 
	at com.kms.katalon.core.webui.keyword.internal.WebUIKeywordMain.stepFailed(WebUIKeywordMain.groovy:64)
	at com.kms.katalon.core.webui.keyword.internal.WebUIKeywordMain.runKeyword(WebUIKeywordMain.groovy:26)
	at com.kms.katalon.core.webui.keyword.builtin.VerifyTextPresentKeyword.verifyTextPresent(VerifyTextPresentKeyword.groovy:83)
	at com.kms.katalon.core.webui.keyword.builtin.VerifyTextPresentKeyword.execute(VerifyTextPresentKeyword.groovy:68)
	at com.kms.katalon.core.keyword.internal.KeywordExecutor.executeKeywordForPlatform(KeywordExecutor.groovy:73)
	at com.kms.katalon.core.webui.keyword.WebUiBuiltInKeywords.verifyTextPresent(WebUiBuiltInKeywords.groovy:1720)
	at com.kms.katalon.core.webui.keyword.WebUiBuiltInKeywords$verifyTextPresent$6.call(Unknown Source)
	at TC_As register user , Trigger URL validation with invalid formats.run(TC_As register user , Trigger URL validation with invalid formats:41)
	at com.kms.katalon.core.main.ScriptEngine.run(ScriptEngine.java:194)
	at com.kms.katalon.core.main.ScriptEngine.runScriptAsRawText(ScriptEngine.java:119)
	at com.kms.katalon.core.main.TestCaseExecutor.runScript(TestCaseExecutor.java:394)
	at com.kms.katalon.core.main.TestCaseExecutor.doExecute(TestCaseExecutor.java:385)
	at com.kms.katalon.core.main.TestCaseExecutor.processExecutionPhase(TestCaseExecutor.java:364)
	at com.kms.katalon.core.main.TestCaseExecutor.accessMainPhase(TestCaseExecutor.java:356)
	at com.kms.katalon.core.main.TestCaseExecutor.execute(TestCaseExecutor.java:251)
	at com.kms.katalon.core.main.TestSuiteExecutor.accessTestCaseMainPhase(TestSuiteExecutor.java:203)
	at com.kms.katalon.core.main.TestSuiteExecutor.accessTestSuiteMainPhase(TestSuiteExecutor.java:152)
	at com.kms.katalon.core.main.TestSuiteExecutor.execute(TestSuiteExecutor.java:95)
	at com.kms.katalon.core.main.TestCaseMain.startTestSuite(TestCaseMain.java:157)
	at com.kms.katalon.core.main.TestCaseMain$startTestSuite$0.call(Unknown Source)
	at TempTestSuite1613655547890.run(TempTestSuite1613655547890.groovy:39)
Caused by: com.kms.katalon.core.exception.StepFailedException: Text 'URL format is not valid.' is not present on page 
	at com.kms.katalon.core.webui.keyword.internal.WebUIKeywordMain.stepFailed(WebUIKeywordMain.groovy:64)
	at com.kms.katalon.core.webui.keyword.builtin.VerifyTextPresentKeyword$_verifyTextPresent_closure1.doCall(VerifyTextPresentKeyword.groovy:79)
	at com.kms.katalon.core.webui.keyword.builtin.VerifyTextPresentKeyword$_verifyTextPresent_closure1.call(VerifyTextPresentKeyword.groovy)
	at com.kms.katalon.core.webui.keyword.internal.WebUIKeywordMain.runKeyword(WebUIKeywordMain.groovy:20)
	... 19 more]]></system-err>
      </testcase>
      <system-out><![CDATA[2021-02-18 19:09:20 - [TEST_SUITE][FAILED] - RegisterUser_Regression: Test Cases/UploadDiffFiles_RegisterUser/TC_As a register user, Upload PaintShop Pro File and verify Uploded file in Submission Page FAILED.
Reason:
com.kms.katalon.core.exception.StepFailedException: Unable to verify text 'PaintShop Pro' is present 
	at com.kms.katalon.core.webui.keyword.internal.WebUIKeywordMain.stepFailed(WebUIKeywordMain.groovy:64)
	at com.kms.katalon.core.webui.keyword.internal.WebUIKeywordMain.runKeyword(WebUIKeywordMain.groovy:26)
	at com.kms.katalon.core.webui.keyword.builtin.VerifyTextPresentKeyword.verifyTextPresent(VerifyTextPresentKeyword.groovy:83)
	at com.kms.katalon.core.webui.keyword.builtin.VerifyTextPresentKeyword.execute(VerifyTextPresentKeyword.groovy:68)
	at com.kms.katalon.core.keyword.internal.KeywordExecutor.executeKeywordForPlatform(KeywordExecutor.groovy:73)
	at com.kms.katalon.core.webui.keyword.WebUiBuiltInKeywords.verifyTextPresent(WebUiBuiltInKeywords.groovy:1720)
	at com.kms.katalon.core.webui.keyword.WebUiBuiltInKeywords$verifyTextPresent$6.call(Unknown Source)
	at customKeywords.commanFunctions.UploadReqFile(commanFunctions.groovy:282)
	at customKeywords.commanFunctions.uploadFileOfRegisterUser(commanFunctions.groovy:761)
	at customKeywords.commanFunctions.invokeMethod(commanFunctions.groovy)
	at com.kms.katalon.core.main.CustomKeywordDelegatingMetaClass.invokeStaticMethod(CustomKeywordDelegatingMetaClass.java:50)
	at TC_As a register user, Upload PaintShop Pro File and verify Uploded file in Submission Page.run(TC_As a register user, Upload PaintShop Pro File and verify Uploded file in Submission Page:16)
	at com.kms.katalon.core.main.ScriptEngine.run(ScriptEngine.java:194)
	at com.kms.katalon.core.main.ScriptEngine.runScriptAsRawText(ScriptEngine.java:119)
	at com.kms.katalon.core.main.TestCaseExecutor.runScript(TestCaseExecutor.java:394)
	at com.kms.katalon.core.main.TestCaseExecutor.doExecute(TestCaseExecutor.java:385)
	at com.kms.katalon.core.main.TestCaseExecutor.processExecutionPhase(TestCaseExecutor.java:364)
	at com.kms.katalon.core.main.TestCaseExecutor.accessMainPhase(TestCaseExecutor.java:356)
	at com.kms.katalon.core.main.TestCaseExecutor.execute(TestCaseExecutor.java:251)
	at com.kms.katalon.core.main.TestSuiteExecutor.accessTestCaseMainPhase(TestSuiteExecutor.java:203)
	at com.kms.katalon.core.main.TestSuiteExecutor.accessTestSuiteMainPhase(TestSuiteExecutor.java:152)
	at com.kms.katalon.core.main.TestSuiteExecutor.execute(TestSuiteExecutor.java:95)
	at com.kms.katalon.core.main.TestCaseMain.startTestSuite(TestCaseMain.java:157)
	at com.kms.katalon.core.main.TestCaseMain$startTestSuite$0.call(Unknown Source)
	at TempTestSuite1613655547890.run(TempTestSuite1613655547890.groovy:39)
Caused by: com.kms.katalon.core.exception.StepFailedException: Text 'PaintShop Pro' is not present on page 
	at com.kms.katalon.core.webui.keyword.internal.WebUIKeywordMain.stepFailed(WebUIKeywordMain.groovy:64)
	at com.kms.katalon.core.webui.keyword.builtin.VerifyTextPresentKeyword$_verifyTextPresent_closure1.doCall(VerifyTextPresentKeyword.groovy:79)
	at com.kms.katalon.core.webui.keyword.builtin.VerifyTextPresentKeyword$_verifyTextPresent_closure1.call(VerifyTextPresentKeyword.groovy)
	at com.kms.katalon.core.webui.keyword.internal.WebUIKeywordMain.runKeyword(WebUIKeywordMain.groovy:20)
	... 23 more]]></system-out>
      <system-err><![CDATA[2021-02-18 19:09:20 - [TEST_SUITE][FAILED] - RegisterUser_Regression: Test Cases/UploadDiffFiles_RegisterUser/TC_As a register user, Upload PaintShop Pro File and verify Uploded file in Submission Page FAILED.
Reason:
com.kms.katalon.core.exception.StepFailedException: Unable to verify text 'PaintShop Pro' is present 
	at com.kms.katalon.core.webui.keyword.internal.WebUIKeywordMain.stepFailed(WebUIKeywordMain.groovy:64)
	at com.kms.katalon.core.webui.keyword.internal.WebUIKeywordMain.runKeyword(WebUIKeywordMain.groovy:26)
	at com.kms.katalon.core.webui.keyword.builtin.VerifyTextPresentKeyword.verifyTextPresent(VerifyTextPresentKeyword.groovy:83)
	at com.kms.katalon.core.webui.keyword.builtin.VerifyTextPresentKeyword.execute(VerifyTextPresentKeyword.groovy:68)
	at com.kms.katalon.core.keyword.internal.KeywordExecutor.executeKeywordForPlatform(KeywordExecutor.groovy:73)
	at com.kms.katalon.core.webui.keyword.WebUiBuiltInKeywords.verifyTextPresent(WebUiBuiltInKeywords.groovy:1720)
	at com.kms.katalon.core.webui.keyword.WebUiBuiltInKeywords$verifyTextPresent$6.call(Unknown Source)
	at customKeywords.commanFunctions.UploadReqFile(commanFunctions.groovy:282)
	at customKeywords.commanFunctions.uploadFileOfRegisterUser(commanFunctions.groovy:761)
	at customKeywords.commanFunctions.invokeMethod(commanFunctions.groovy)
	at com.kms.katalon.core.main.CustomKeywordDelegatingMetaClass.invokeStaticMethod(CustomKeywordDelegatingMetaClass.java:50)
	at TC_As a register user, Upload PaintShop Pro File and verify Uploded file in Submission Page.run(TC_As a register user, Upload PaintShop Pro File and verify Uploded file in Submission Page:16)
	at com.kms.katalon.core.main.ScriptEngine.run(ScriptEngine.java:194)
	at com.kms.katalon.core.main.ScriptEngine.runScriptAsRawText(ScriptEngine.java:119)
	at com.kms.katalon.core.main.TestCaseExecutor.runScript(TestCaseExecutor.java:394)
	at com.kms.katalon.core.main.TestCaseExecutor.doExecute(TestCaseExecutor.java:385)
	at com.kms.katalon.core.main.TestCaseExecutor.processExecutionPhase(TestCaseExecutor.java:364)
	at com.kms.katalon.core.main.TestCaseExecutor.accessMainPhase(TestCaseExecutor.java:356)
	at com.kms.katalon.core.main.TestCaseExecutor.execute(TestCaseExecutor.java:251)
	at com.kms.katalon.core.main.TestSuiteExecutor.accessTestCaseMainPhase(TestSuiteExecutor.java:203)
	at com.kms.katalon.core.main.TestSuiteExecutor.accessTestSuiteMainPhase(TestSuiteExecutor.java:152)
	at com.kms.katalon.core.main.TestSuiteExecutor.execute(TestSuiteExecutor.java:95)
	at com.kms.katalon.core.main.TestCaseMain.startTestSuite(TestCaseMain.java:157)
	at com.kms.katalon.core.main.TestCaseMain$startTestSuite$0.call(Unknown Source)
	at TempTestSuite1613655547890.run(TempTestSuite1613655547890.groovy:39)
Caused by: com.kms.katalon.core.exception.StepFailedException: Text 'PaintShop Pro' is not present on page 
	at com.kms.katalon.core.webui.keyword.internal.WebUIKeywordMain.stepFailed(WebUIKeywordMain.groovy:64)
	at com.kms.katalon.core.webui.keyword.builtin.VerifyTextPresentKeyword$_verifyTextPresent_closure1.doCall(VerifyTextPresentKeyword.groovy:79)
	at com.kms.katalon.core.webui.keyword.builtin.VerifyTextPresentKeyword$_verifyTextPresent_closure1.call(VerifyTextPresentKeyword.groovy)
	at com.kms.katalon.core.webui.keyword.internal.WebUIKeywordMain.runKeyword(WebUIKeywordMain.groovy:20)
	... 23 more]]></system-err>
   </testsuite>
   <testsuite name="PublicUser_URL" tests="4" failures="1" errors="0" time="73.371" skips="0" timestamp="2021-02-18 19:29:43" hostname="ashok - OMTPGCN1132568L" id="Test Suites/Regression_Suite/PublicUser_Suite/PublicUser_URL">
      <properties>
         <property name="deviceName" value=""/>
         <property name="devicePlatform" value=""/>
         <property name="logFolder" value="E:\\Inspect\\15022021\\SiteInspectAutomation\\Reports\\20210218_190906\\Regression_Suite\\PublicUser_Suite\\PublicUser_URL\\20210218_190909"/>
         <property name="logFiles" value="E:\\Inspect\\15022021\\SiteInspectAutomation\\Reports\\20210218_190906\\Regression_Suite\\PublicUser_Suite\\PublicUser_URL\\20210218_190909\\execution0.log"/>
         <property name="attachments" value="E:\\Inspect\\15022021\\SiteInspectAutomation\\Reports\\20210218_190906\\Regression_Suite\\PublicUser_Suite\\PublicUser_URL\\20210218_190909\\1613656855732.png"/>
         <property name="hostName" value="ashok - OMTPGCN1132568L"/>
         <property name="os" value="Windows 10 64bit"/>
         <property name="katalonVersion" value="7.8.2.208"/>
         <property name="browser" value="Chrome 86.0.4240.75"/>
         <property name="hostAddress" value="192.168.1.11"/>
         <property name="sessionId" value="9de4245c5c19ba2207cf1dbd6e204150"/>
         <property name="seleniumVersion" value="3.141.59"/>
         <property name="proxyInformation" value="ProxyInformation { proxyOption=NO_PROXY, proxyServerType=HTTP, username=, password=********, proxyServerAddress=, proxyServerPort=0, executionList=&quot;&quot;, isApplyToDesiredCapabilities=true }"/>
         <property name="platform" value="Windows 10"/>
      </properties>
      <testcase name="Test Cases/UploadDiffURLs_PublicUser/TC_As a public user, Successfully submit the URL" time="18.783" classname="Test Cases/UploadDiffURLs_PublicUser/TC_As a public user, Successfully submit the URL" status="PASSED">
         <system-out><![CDATA[2021-02-18 19:29:45 - [TEST_CASE][PASSED] - Test Cases/UploadDiffURLs_PublicUser/TC_As a public user, Successfully submit the URL: Test Cases/UploadDiffURLs_PublicUser/TC_As a public user, Successfully submit the URL

2021-02-18 19:29:45 - [TEST_STEP][PASSED] - excelTestData = findTestData("Data Files/TestData/InspectTestData"): null

2021-02-18 19:29:45 - [TEST_STEP][PASSED] - sampleURL = excelTestData.getValue(2, 370): null

2021-02-18 19:29:45 - [TEST_STEP][PASSED] - userEmail = excelTestData.getValue(6, 23): null

2021-02-18 19:29:45 - [TEST_STEP][PASSED] - customKeywords.commanFunctions.enterURLOfPublicUser(sampleURL, userEmail): Object: 'Object Repository/PublicUserHomePage/OKPopUpBtn' is clicked on

2021-02-18 19:29:46 - [MESSAGE][INFO] - Starting 'Chrome' driver

2021-02-18 19:29:46 - [MESSAGE][INFO] - Action delay is set to 0 milliseconds

2021-02-18 19:29:55 - [MESSAGE][PASSED] - Browser is opened with url: 'https://Inspect.Stage.site.sa'

2021-02-18 19:29:58 - [MESSAGE][PASSED] - Current window maximized

2021-02-18 19:29:58 - [MESSAGE][PASSED] - Wait for page load successfully

2021-02-18 19:29:58 - [MESSAGE][PASSED] - Object: 'Object Repository/PublicUserHomePage/UrlTab' is clicked on

2021-02-18 19:29:59 - [MESSAGE][PASSED] - Keys 'http://www.company.com' sent to object: 'Object Repository/HomePage/PleaseEnterURL_Input'

2021-02-18 19:29:59 - [MESSAGE][PASSED] - Keys 'Os-anelapatla@projects.site.sa' sent to object: 'Object Repository/PublicUserHomePage/email_Input'

2021-02-18 19:30:00 - [MESSAGE][PASSED] - Object: 'Object Repository/PublicUserHomePage/SiteInspectTermsOfUse_CheckBox' is clicked on

2021-02-18 19:30:00 - [MESSAGE][INFO] - Finding element is enabled

2021-02-18 19:30:00 - [MESSAGE][PASSED] - Element is Enabled

2021-02-18 19:30:01 - [MESSAGE][PASSED] - Object: 'Object Repository/HomePage/startAnalysis_EnableBtn' is clicked on

2021-02-18 19:30:02 - [MESSAGE][PASSED] - Object 'Object Repository/PublicUserHomePage/OKPopUpBtn' is present

2021-02-18 19:30:02 - [MESSAGE][PASSED] - Text 'Your submission was successful
The analysis results will be delivered to you via email' is present on page 

2021-02-18 19:30:02 - [MESSAGE][PASSED] - Object: 'Object Repository/PublicUserHomePage/OKPopUpBtn' is clicked on

2021-02-18 19:30:02 - [TEST_STEP][PASSED] - customKeywords.commanFunctions.onlyCloseBrowser(): customKeywords.commanFunctions.onlyCloseBrowser is PASSED

2021-02-18 19:30:03 - [MESSAGE][PASSED] - Browser is closed

2021-02-18 19:30:03 - [MESSAGE][PASSED] - customKeywords.commanFunctions.onlyCloseBrowser is PASSED]]></system-out>
         <system-err><![CDATA[]]></system-err>
      </testcase>
      <testcase name="Test Cases/UploadDiffURLs_PublicUser/TC_As a public user, Successfully submit the URLWithPathParameters" time="18.513" classname="Test Cases/UploadDiffURLs_PublicUser/TC_As a public user, Successfully submit the URLWithPathParameters" status="PASSED">
         <system-out><![CDATA[2021-02-18 19:30:03 - [TEST_CASE][PASSED] - Test Cases/UploadDiffURLs_PublicUser/TC_As a public user, Successfully submit the URLWithPathParameters: Test Cases/UploadDiffURLs_PublicUser/TC_As a public user, Successfully submit the URLWithPathParameters

2021-02-18 19:30:03 - [TEST_STEP][PASSED] - excelTestData = findTestData("Data Files/TestData/InspectTestData"): null

2021-02-18 19:30:03 - [TEST_STEP][PASSED] - sampleURL = excelTestData.getValue(2, 374): null

2021-02-18 19:30:03 - [TEST_STEP][PASSED] - userEmail = excelTestData.getValue(6, 23): null

2021-02-18 19:30:03 - [TEST_STEP][PASSED] - customKeywords.commanFunctions.enterURLOfPublicUser(sampleURL, userEmail): Object: 'Object Repository/PublicUserHomePage/OKPopUpBtn' is clicked on

2021-02-18 19:30:04 - [MESSAGE][INFO] - Starting 'Chrome' driver

2021-02-18 19:30:04 - [MESSAGE][INFO] - Action delay is set to 0 milliseconds

2021-02-18 19:30:13 - [MESSAGE][PASSED] - Browser is opened with url: 'https://Inspect.Stage.site.sa'

2021-02-18 19:30:15 - [MESSAGE][PASSED] - Current window maximized

2021-02-18 19:30:16 - [MESSAGE][PASSED] - Wait for page load successfully

2021-02-18 19:30:16 - [MESSAGE][PASSED] - Object: 'Object Repository/PublicUserHomePage/UrlTab' is clicked on

2021-02-18 19:30:17 - [MESSAGE][PASSED] - Keys 'http://www.company.com/showOrder.php' sent to object: 'Object Repository/HomePage/PleaseEnterURL_Input'

2021-02-18 19:30:17 - [MESSAGE][PASSED] - Keys 'Os-anelapatla@projects.site.sa' sent to object: 'Object Repository/PublicUserHomePage/email_Input'

2021-02-18 19:30:18 - [MESSAGE][PASSED] - Object: 'Object Repository/PublicUserHomePage/SiteInspectTermsOfUse_CheckBox' is clicked on

2021-02-18 19:30:18 - [MESSAGE][INFO] - Finding element is enabled

2021-02-18 19:30:18 - [MESSAGE][PASSED] - Element is Enabled

2021-02-18 19:30:19 - [MESSAGE][PASSED] - Object: 'Object Repository/HomePage/startAnalysis_EnableBtn' is clicked on

2021-02-18 19:30:20 - [MESSAGE][PASSED] - Object 'Object Repository/PublicUserHomePage/OKPopUpBtn' is present

2021-02-18 19:30:21 - [MESSAGE][PASSED] - Text 'Your submission was successful
The analysis results will be delivered to you via email' is present on page 

2021-02-18 19:30:21 - [MESSAGE][PASSED] - Object: 'Object Repository/PublicUserHomePage/OKPopUpBtn' is clicked on

2021-02-18 19:30:21 - [TEST_STEP][PASSED] - customKeywords.commanFunctions.onlyCloseBrowser(): customKeywords.commanFunctions.onlyCloseBrowser is PASSED

2021-02-18 19:30:22 - [MESSAGE][PASSED] - Browser is closed

2021-02-18 19:30:22 - [MESSAGE][PASSED] - customKeywords.commanFunctions.onlyCloseBrowser is PASSED]]></system-out>
         <system-err><![CDATA[]]></system-err>
      </testcase>
      <testcase name="Test Cases/UploadDiffURLs_PublicUser/TC_As a public user, Successfully submit the URLWithQueryParameters" time="17.391" classname="Test Cases/UploadDiffURLs_PublicUser/TC_As a public user, Successfully submit the URLWithQueryParameters" status="PASSED">
         <system-out><![CDATA[2021-02-18 19:30:22 - [TEST_CASE][PASSED] - Test Cases/UploadDiffURLs_PublicUser/TC_As a public user, Successfully submit the URLWithQueryParameters: Test Cases/UploadDiffURLs_PublicUser/TC_As a public user, Successfully submit the URLWithQueryParameters

2021-02-18 19:30:22 - [TEST_STEP][PASSED] - excelTestData = findTestData("Data Files/TestData/InspectTestData"): null

2021-02-18 19:30:22 - [TEST_STEP][PASSED] - sampleURL = excelTestData.getValue(2, 378): null

2021-02-18 19:30:22 - [TEST_STEP][PASSED] - userEmail = excelTestData.getValue(6, 23): null

2021-02-18 19:30:22 - [TEST_STEP][PASSED] - customKeywords.commanFunctions.enterURLOfPublicUser(sampleURL, userEmail): Object: 'Object Repository/PublicUserHomePage/OKPopUpBtn' is clicked on

2021-02-18 19:30:22 - [MESSAGE][INFO] - Starting 'Chrome' driver

2021-02-18 19:30:22 - [MESSAGE][INFO] - Action delay is set to 0 milliseconds

2021-02-18 19:30:32 - [MESSAGE][PASSED] - Browser is opened with url: 'https://Inspect.Stage.site.sa'

2021-02-18 19:30:34 - [MESSAGE][PASSED] - Current window maximized

2021-02-18 19:30:34 - [MESSAGE][PASSED] - Wait for page load successfully

2021-02-18 19:30:34 - [MESSAGE][PASSED] - Object: 'Object Repository/PublicUserHomePage/UrlTab' is clicked on

2021-02-18 19:30:35 - [MESSAGE][PASSED] - Keys 'http://www.company.com/showOrder.php?order=4621047' sent to object: 'Object Repository/HomePage/PleaseEnterURL_Input'

2021-02-18 19:30:35 - [MESSAGE][PASSED] - Keys 'Os-anelapatla@projects.site.sa' sent to object: 'Object Repository/PublicUserHomePage/email_Input'

2021-02-18 19:30:36 - [MESSAGE][PASSED] - Object: 'Object Repository/PublicUserHomePage/SiteInspectTermsOfUse_CheckBox' is clicked on

2021-02-18 19:30:36 - [MESSAGE][INFO] - Finding element is enabled

2021-02-18 19:30:36 - [MESSAGE][PASSED] - Element is Enabled

2021-02-18 19:30:37 - [MESSAGE][PASSED] - Object: 'Object Repository/HomePage/startAnalysis_EnableBtn' is clicked on

2021-02-18 19:30:38 - [MESSAGE][PASSED] - Object 'Object Repository/PublicUserHomePage/OKPopUpBtn' is present

2021-02-18 19:30:38 - [MESSAGE][PASSED] - Text 'Your submission was successful
The analysis results will be delivered to you via email' is present on page 

2021-02-18 19:30:38 - [MESSAGE][PASSED] - Object: 'Object Repository/PublicUserHomePage/OKPopUpBtn' is clicked on

2021-02-18 19:30:38 - [TEST_STEP][PASSED] - customKeywords.commanFunctions.onlyCloseBrowser(): customKeywords.commanFunctions.onlyCloseBrowser is PASSED

2021-02-18 19:30:39 - [MESSAGE][PASSED] - Browser is closed

2021-02-18 19:30:39 - [MESSAGE][PASSED] - customKeywords.commanFunctions.onlyCloseBrowser is PASSED]]></system-out>
         <system-err><![CDATA[]]></system-err>
      </testcase>
      <testcase name="Test Cases/UploadDiffURLs_PublicUser/TC_As public user , Trigger URL validation with invalid formats" time="17.16" classname="Test Cases/UploadDiffURLs_PublicUser/TC_As public user , Trigger URL validation with invalid formats" status="FAILED">
         <failure type="FAILED" message="Test Cases/UploadDiffURLs_PublicUser/TC_As public user , Trigger URL validation with invalid formats FAILED.
Reason:
com.kms.katalon.core.exception.StepFailedException: Unable to verify text 'URL format is not valid.' is present 
	at com.kms.katalon.core.webui.keyword.internal.WebUIKeywordMain.stepFailed(WebUIKeywordMain.groovy:64)
	at com.kms.katalon.core.webui.keyword.internal.WebUIKeywordMain.runKeyword(WebUIKeywordMain.groovy:26)
	at com.kms.katalon.core.webui.keyword.builtin.VerifyTextPresentKeyword.verifyTextPresent(VerifyTextPresentKeyword.groovy:83)
	at com.kms.katalon.core.webui.keyword.builtin.VerifyTextPresentKeyword.execute(VerifyTextPresentKeyword.groovy:68)
	at com.kms.katalon.core.keyword.internal.KeywordExecutor.executeKeywordForPlatform(KeywordExecutor.groovy:73)
	at com.kms.katalon.core.webui.keyword.WebUiBuiltInKeywords.verifyTextPresent(WebUiBuiltInKeywords.groovy:1720)
	at com.kms.katalon.core.webui.keyword.WebUiBuiltInKeywords$verifyTextPresent$6.call(Unknown Source)
	at TC_As public user , Trigger URL validation with invalid formats.run(TC_As public user , Trigger URL validation with invalid formats:24)
	at com.kms.katalon.core.main.ScriptEngine.run(ScriptEngine.java:194)
	at com.kms.katalon.core.main.ScriptEngine.runScriptAsRawText(ScriptEngine.java:119)
	at com.kms.katalon.core.main.TestCaseExecutor.runScript(TestCaseExecutor.java:394)
	at com.kms.katalon.core.main.TestCaseExecutor.doExecute(TestCaseExecutor.java:385)
	at com.kms.katalon.core.main.TestCaseExecutor.processExecutionPhase(TestCaseExecutor.java:364)
	at com.kms.katalon.core.main.TestCaseExecutor.accessMainPhase(TestCaseExecutor.java:356)
	at com.kms.katalon.core.main.TestCaseExecutor.execute(TestCaseExecutor.java:251)
	at com.kms.katalon.core.main.TestSuiteExecutor.accessTestCaseMainPhase(TestSuiteExecutor.java:203)
	at com.kms.katalon.core.main.TestSuiteExecutor.accessTestSuiteMainPhase(TestSuiteExecutor.java:152)
	at com.kms.katalon.core.main.TestSuiteExecutor.execute(TestSuiteExecutor.java:95)
	at com.kms.katalon.core.main.TestCaseMain.startTestSuite(TestCaseMain.java:157)
	at com.kms.katalon.core.main.TestCaseMain$startTestSuite$0.call(Unknown Source)
	at TempTestSuite1613655549270.run(TempTestSuite1613655549270.groovy:39)
Caused by: com.kms.katalon.core.exception.StepFailedException: Text 'URL format is not valid.' is not present on page 
	at com.kms.katalon.core.webui.keyword.internal.WebUIKeywordMain.stepFailed(WebUIKeywordMain.groovy:64)
	at com.kms.katalon.core.webui.keyword.builtin.VerifyTextPresentKeyword$_verifyTextPresent_closure1.doCall(VerifyTextPresentKeyword.groovy:79)
	at com.kms.katalon.core.webui.keyword.builtin.VerifyTextPresentKeyword$_verifyTextPresent_closure1.call(VerifyTextPresentKeyword.groovy)
	at com.kms.katalon.core.webui.keyword.internal.WebUIKeywordMain.runKeyword(WebUIKeywordMain.groovy:20)
	... 19 more
"/>
         <system-out><![CDATA[2021-02-18 19:30:39 - [TEST_CASE][FAILED] - Test Cases/UploadDiffURLs_PublicUser/TC_As public user , Trigger URL validation with invalid formats: Test Cases/UploadDiffURLs_PublicUser/TC_As public user , Trigger URL validation with invalid formats FAILED.
Reason:
com.kms.katalon.core.exception.StepFailedException: Unable to verify text 'URL format is not valid.' is present 
	at com.kms.katalon.core.webui.keyword.internal.WebUIKeywordMain.stepFailed(WebUIKeywordMain.groovy:64)
	at com.kms.katalon.core.webui.keyword.internal.WebUIKeywordMain.runKeyword(WebUIKeywordMain.groovy:26)
	at com.kms.katalon.core.webui.keyword.builtin.VerifyTextPresentKeyword.verifyTextPresent(VerifyTextPresentKeyword.groovy:83)
	at com.kms.katalon.core.webui.keyword.builtin.VerifyTextPresentKeyword.execute(VerifyTextPresentKeyword.groovy:68)
	at com.kms.katalon.core.keyword.internal.KeywordExecutor.executeKeywordForPlatform(KeywordExecutor.groovy:73)
	at com.kms.katalon.core.webui.keyword.WebUiBuiltInKeywords.verifyTextPresent(WebUiBuiltInKeywords.groovy:1720)
	at com.kms.katalon.core.webui.keyword.WebUiBuiltInKeywords$verifyTextPresent$6.call(Unknown Source)
	at TC_As public user , Trigger URL validation with invalid formats.run(TC_As public user , Trigger URL validation with invalid formats:24)
	at com.kms.katalon.core.main.ScriptEngine.run(ScriptEngine.java:194)
	at com.kms.katalon.core.main.ScriptEngine.runScriptAsRawText(ScriptEngine.java:119)
	at com.kms.katalon.core.main.TestCaseExecutor.runScript(TestCaseExecutor.java:394)
	at com.kms.katalon.core.main.TestCaseExecutor.doExecute(TestCaseExecutor.java:385)
	at com.kms.katalon.core.main.TestCaseExecutor.processExecutionPhase(TestCaseExecutor.java:364)
	at com.kms.katalon.core.main.TestCaseExecutor.accessMainPhase(TestCaseExecutor.java:356)
	at com.kms.katalon.core.main.TestCaseExecutor.execute(TestCaseExecutor.java:251)
	at com.kms.katalon.core.main.TestSuiteExecutor.accessTestCaseMainPhase(TestSuiteExecutor.java:203)
	at com.kms.katalon.core.main.TestSuiteExecutor.accessTestSuiteMainPhase(TestSuiteExecutor.java:152)
	at com.kms.katalon.core.main.TestSuiteExecutor.execute(TestSuiteExecutor.java:95)
	at com.kms.katalon.core.main.TestCaseMain.startTestSuite(TestCaseMain.java:157)
	at com.kms.katalon.core.main.TestCaseMain$startTestSuite$0.call(Unknown Source)
	at TempTestSuite1613655549270.run(TempTestSuite1613655549270.groovy:39)
Caused by: com.kms.katalon.core.exception.StepFailedException: Text 'URL format is not valid.' is not present on page 
	at com.kms.katalon.core.webui.keyword.internal.WebUIKeywordMain.stepFailed(WebUIKeywordMain.groovy:64)
	at com.kms.katalon.core.webui.keyword.builtin.VerifyTextPresentKeyword$_verifyTextPresent_closure1.doCall(VerifyTextPresentKeyword.groovy:79)
	at com.kms.katalon.core.webui.keyword.builtin.VerifyTextPresentKeyword$_verifyTextPresent_closure1.call(VerifyTextPresentKeyword.groovy)
	at com.kms.katalon.core.webui.keyword.internal.WebUIKeywordMain.runKeyword(WebUIKeywordMain.groovy:20)
	... 19 more


2021-02-18 19:30:39 - [TEST_STEP][PASSED] - customKeywords.commanFunctions.openBrowser(): customKeywords.commanFunctions.openBrowser is PASSED

2021-02-18 19:30:39 - [MESSAGE][INFO] - Starting 'Chrome' driver

2021-02-18 19:30:39 - [MESSAGE][INFO] - Action delay is set to 0 milliseconds

2021-02-18 19:30:49 - [MESSAGE][PASSED] - Browser is opened with url: 'https://Inspect.Stage.site.sa'

2021-02-18 19:30:51 - [MESSAGE][PASSED] - Current window maximized

2021-02-18 19:30:51 - [MESSAGE][PASSED] - Wait for page load successfully

2021-02-18 19:30:51 - [MESSAGE][PASSED] - customKeywords.commanFunctions.openBrowser is PASSED

2021-02-18 19:30:51 - [TEST_STEP][PASSED] - excelTestData = findTestData("Data Files/TestData/InspectTestData"): null

2021-02-18 19:30:51 - [TEST_STEP][PASSED] - click(findTestObject("Object Repository/PublicUserHomePage/UrlTab")): Object: 'Object Repository/PublicUserHomePage/UrlTab' is clicked on

2021-02-18 19:30:51 - [MESSAGE][PASSED] - Object: 'Object Repository/PublicUserHomePage/UrlTab' is clicked on

2021-02-18 19:30:51 - [TEST_STEP][PASSED] - ErrorValidationMessage = excelTestData.getValue(3, 42): null

2021-02-18 19:30:51 - [TEST_STEP][FAILED] - for ([i = 42, i <= 46, (i++)]): Unable to verify text 'URL format is not valid.' is present  (Root cause: com.kms.katalon.core.exception.StepFailedException: Unable to verify text 'URL format is not valid.' is present 
	at com.kms.katalon.core.webui.keyword.internal.WebUIKeywordMain.stepFailed(WebUIKeywordMain.groovy:64)
	at com.kms.katalon.core.webui.keyword.internal.WebUIKeywordMain.runKeyword(WebUIKeywordMain.groovy:26)
	at com.kms.katalon.core.webui.keyword.builtin.VerifyTextPresentKeyword.verifyTextPresent(VerifyTextPresentKeyword.groovy:83)
	at com.kms.katalon.core.webui.keyword.builtin.VerifyTextPresentKeyword.execute(VerifyTextPresentKeyword.groovy:68)
	at com.kms.katalon.core.keyword.internal.KeywordExecutor.executeKeywordForPlatform(KeywordExecutor.groovy:73)
	at com.kms.katalon.core.webui.keyword.WebUiBuiltInKeywords.verifyTextPresent(WebUiBuiltInKeywords.groovy:1720)
	at com.kms.katalon.core.webui.keyword.WebUiBuiltInKeywords$verifyTextPresent$6.call(Unknown Source)
	at TC_As public user , Trigger URL validation with invalid formats.run(TC_As public user , Trigger URL validation with invalid formats:24)
	at com.kms.katalon.core.main.ScriptEngine.run(ScriptEngine.java:194)
	at com.kms.katalon.core.main.ScriptEngine.runScriptAsRawText(ScriptEngine.java:119)
	at com.kms.katalon.core.main.TestCaseExecutor.runScript(TestCaseExecutor.java:394)
	at com.kms.katalon.core.main.TestCaseExecutor.doExecute(TestCaseExecutor.java:385)
	at com.kms.katalon.core.main.TestCaseExecutor.processExecutionPhase(TestCaseExecutor.java:364)
	at com.kms.katalon.core.main.TestCaseExecutor.accessMainPhase(TestCaseExecutor.java:356)
	at com.kms.katalon.core.main.TestCaseExecutor.execute(TestCaseExecutor.java:251)
	at com.kms.katalon.core.main.TestSuiteExecutor.accessTestCaseMainPhase(TestSuiteExecutor.java:203)
	at com.kms.katalon.core.main.TestSuiteExecutor.accessTestSuiteMainPhase(TestSuiteExecutor.java:152)
	at com.kms.katalon.core.main.TestSuiteExecutor.execute(TestSuiteExecutor.java:95)
	at com.kms.katalon.core.main.TestCaseMain.startTestSuite(TestCaseMain.java:157)
	at com.kms.katalon.core.main.TestCaseMain$startTestSuite$0.call(Unknown Source)
	at TempTestSuite1613655549270.run(TempTestSuite1613655549270.groovy:39)
Caused by: com.kms.katalon.core.exception.StepFailedException: Text 'URL format is not valid.' is not present on page 
	at com.kms.katalon.core.webui.keyword.internal.WebUIKeywordMain.stepFailed(WebUIKeywordMain.groovy:64)
	at com.kms.katalon.core.webui.keyword.builtin.VerifyTextPresentKeyword$_verifyTextPresent_closure1.doCall(VerifyTextPresentKeyword.groovy:79)
	at com.kms.katalon.core.webui.keyword.builtin.VerifyTextPresentKeyword$_verifyTextPresent_closure1.call(VerifyTextPresentKeyword.groovy)
	at com.kms.katalon.core.webui.keyword.internal.WebUIKeywordMain.runKeyword(WebUIKeywordMain.groovy:20)
	... 19 more
)

2021-02-18 19:30:51 - [TEST_STEP][PASSED] - IncorrectURLs = excelTestData.getValue(2, i): null

2021-02-18 19:30:51 - [TEST_STEP][PASSED] - sendKeys(findTestObject("Object Repository/HomePage/PleaseEnterURL_Input"), IncorrectURLs): Keys 'https://www.slideshare.net/socialogilvy ' sent to object: 'Object Repository/HomePage/PleaseEnterURL_Input'

2021-02-18 19:30:52 - [MESSAGE][PASSED] - Keys 'https://www.slideshare.net/socialogilvy ' sent to object: 'Object Repository/HomePage/PleaseEnterURL_Input'

2021-02-18 19:30:52 - [TEST_STEP][PASSED] - verifyTextPresent(ErrorValidationMessage, false): Text 'URL format is not valid.' is present on page 

2021-02-18 19:30:52 - [MESSAGE][PASSED] - Text 'URL format is not valid.' is present on page 

2021-02-18 19:30:52 - [TEST_STEP][PASSED] - clearText(findTestObject("Object Repository/HomePage/PleaseEnterURL_Input")): Text of object 'Object Repository/HomePage/PleaseEnterURL_Input' is cleared

2021-02-18 19:30:53 - [MESSAGE][PASSED] - Text of object 'Object Repository/HomePage/PleaseEnterURL_Input' is cleared

2021-02-18 19:30:53 - [TEST_STEP][PASSED] - IncorrectURLs = excelTestData.getValue(2, i): null

2021-02-18 19:30:53 - [TEST_STEP][PASSED] - sendKeys(findTestObject("Object Repository/HomePage/PleaseEnterURL_Input"), IncorrectURLs): Keys 'htps://www.slideshare.net/socialogilvy' sent to object: 'Object Repository/HomePage/PleaseEnterURL_Input'

2021-02-18 19:30:53 - [MESSAGE][PASSED] - Keys 'htps://www.slideshare.net/socialogilvy' sent to object: 'Object Repository/HomePage/PleaseEnterURL_Input'

2021-02-18 19:30:53 - [TEST_STEP][PASSED] - verifyTextPresent(ErrorValidationMessage, false): Text 'URL format is not valid.' is present on page 

2021-02-18 19:30:54 - [MESSAGE][PASSED] - Text 'URL format is not valid.' is present on page 

2021-02-18 19:30:54 - [TEST_STEP][PASSED] - clearText(findTestObject("Object Repository/HomePage/PleaseEnterURL_Input")): Text of object 'Object Repository/HomePage/PleaseEnterURL_Input' is cleared

2021-02-18 19:30:54 - [MESSAGE][PASSED] - Text of object 'Object Repository/HomePage/PleaseEnterURL_Input' is cleared

2021-02-18 19:30:54 - [TEST_STEP][PASSED] - IncorrectURLs = excelTestData.getValue(2, i): null

2021-02-18 19:30:54 - [TEST_STEP][PASSED] - sendKeys(findTestObject("Object Repository/HomePage/PleaseEnterURL_Input"), IncorrectURLs): Keys 'https://ww.slideshare.net/socialogilvy' sent to object: 'Object Repository/HomePage/PleaseEnterURL_Input'

2021-02-18 19:30:55 - [MESSAGE][PASSED] - Keys 'https://ww.slideshare.net/socialogilvy' sent to object: 'Object Repository/HomePage/PleaseEnterURL_Input'

2021-02-18 19:30:55 - [TEST_STEP][FAILED] - verifyTextPresent(ErrorValidationMessage, false): Unable to verify text 'URL format is not valid.' is present  (Root cause: com.kms.katalon.core.exception.StepFailedException: Unable to verify text 'URL format is not valid.' is present 
	at com.kms.katalon.core.webui.keyword.internal.WebUIKeywordMain.stepFailed(WebUIKeywordMain.groovy:64)
	at com.kms.katalon.core.webui.keyword.internal.WebUIKeywordMain.runKeyword(WebUIKeywordMain.groovy:26)
	at com.kms.katalon.core.webui.keyword.builtin.VerifyTextPresentKeyword.verifyTextPresent(VerifyTextPresentKeyword.groovy:83)
	at com.kms.katalon.core.webui.keyword.builtin.VerifyTextPresentKeyword.execute(VerifyTextPresentKeyword.groovy:68)
	at com.kms.katalon.core.keyword.internal.KeywordExecutor.executeKeywordForPlatform(KeywordExecutor.groovy:73)
	at com.kms.katalon.core.webui.keyword.WebUiBuiltInKeywords.verifyTextPresent(WebUiBuiltInKeywords.groovy:1720)
	at com.kms.katalon.core.webui.keyword.WebUiBuiltInKeywords$verifyTextPresent$6.call(Unknown Source)
	at TC_As public user , Trigger URL validation with invalid formats.run(TC_As public user , Trigger URL validation with invalid formats:24)
	at com.kms.katalon.core.main.ScriptEngine.run(ScriptEngine.java:194)
	at com.kms.katalon.core.main.ScriptEngine.runScriptAsRawText(ScriptEngine.java:119)
	at com.kms.katalon.core.main.TestCaseExecutor.runScript(TestCaseExecutor.java:394)
	at com.kms.katalon.core.main.TestCaseExecutor.doExecute(TestCaseExecutor.java:385)
	at com.kms.katalon.core.main.TestCaseExecutor.processExecutionPhase(TestCaseExecutor.java:364)
	at com.kms.katalon.core.main.TestCaseExecutor.accessMainPhase(TestCaseExecutor.java:356)
	at com.kms.katalon.core.main.TestCaseExecutor.execute(TestCaseExecutor.java:251)
	at com.kms.katalon.core.main.TestSuiteExecutor.accessTestCaseMainPhase(TestSuiteExecutor.java:203)
	at com.kms.katalon.core.main.TestSuiteExecutor.accessTestSuiteMainPhase(TestSuiteExecutor.java:152)
	at com.kms.katalon.core.main.TestSuiteExecutor.execute(TestSuiteExecutor.java:95)
	at com.kms.katalon.core.main.TestCaseMain.startTestSuite(TestCaseMain.java:157)
	at com.kms.katalon.core.main.TestCaseMain$startTestSuite$0.call(Unknown Source)
	at TempTestSuite1613655549270.run(TempTestSuite1613655549270.groovy:39)
Caused by: com.kms.katalon.core.exception.StepFailedException: Text 'URL format is not valid.' is not present on page 
	at com.kms.katalon.core.webui.keyword.internal.WebUIKeywordMain.stepFailed(WebUIKeywordMain.groovy:64)
	at com.kms.katalon.core.webui.keyword.builtin.VerifyTextPresentKeyword$_verifyTextPresent_closure1.doCall(VerifyTextPresentKeyword.groovy:79)
	at com.kms.katalon.core.webui.keyword.builtin.VerifyTextPresentKeyword$_verifyTextPresent_closure1.call(VerifyTextPresentKeyword.groovy)
	at com.kms.katalon.core.webui.keyword.internal.WebUIKeywordMain.runKeyword(WebUIKeywordMain.groovy:20)
	... 19 more
)

2021-02-18 19:30:55 - [MESSAGE][FAILED] - Text 'URL format is not valid.' is not present on page  (Root cause: com.kms.katalon.core.exception.StepFailedException: Text 'URL format is not valid.' is not present on page 
	at com.kms.katalon.core.webui.keyword.internal.WebUIKeywordMain.stepFailed(WebUIKeywordMain.groovy:64)
	at com.kms.katalon.core.webui.keyword.builtin.VerifyTextPresentKeyword$_verifyTextPresent_closure1.doCall(VerifyTextPresentKeyword.groovy:79)
	at com.kms.katalon.core.webui.keyword.builtin.VerifyTextPresentKeyword$_verifyTextPresent_closure1.call(VerifyTextPresentKeyword.groovy)
	at com.kms.katalon.core.webui.keyword.internal.WebUIKeywordMain.runKeyword(WebUIKeywordMain.groovy:20)
	at com.kms.katalon.core.webui.keyword.builtin.VerifyTextPresentKeyword.verifyTextPresent(VerifyTextPresentKeyword.groovy:83)
	at com.kms.katalon.core.webui.keyword.builtin.VerifyTextPresentKeyword.execute(VerifyTextPresentKeyword.groovy:68)
	at com.kms.katalon.core.keyword.internal.KeywordExecutor.executeKeywordForPlatform(KeywordExecutor.groovy:73)
	at com.kms.katalon.core.webui.keyword.WebUiBuiltInKeywords.verifyTextPresent(WebUiBuiltInKeywords.groovy:1720)
	at com.kms.katalon.core.webui.keyword.WebUiBuiltInKeywords$verifyTextPresent$6.call(Unknown Source)
	at TC_As public user , Trigger URL validation with invalid formats.run(TC_As public user , Trigger URL validation with invalid formats:24)
	at com.kms.katalon.core.main.ScriptEngine.run(ScriptEngine.java:194)
	at com.kms.katalon.core.main.ScriptEngine.runScriptAsRawText(ScriptEngine.java:119)
	at com.kms.katalon.core.main.TestCaseExecutor.runScript(TestCaseExecutor.java:394)
	at com.kms.katalon.core.main.TestCaseExecutor.doExecute(TestCaseExecutor.java:385)
	at com.kms.katalon.core.main.TestCaseExecutor.processExecutionPhase(TestCaseExecutor.java:364)
	at com.kms.katalon.core.main.TestCaseExecutor.accessMainPhase(TestCaseExecutor.java:356)
	at com.kms.katalon.core.main.TestCaseExecutor.execute(TestCaseExecutor.java:251)
	at com.kms.katalon.core.main.TestSuiteExecutor.accessTestCaseMainPhase(TestSuiteExecutor.java:203)
	at com.kms.katalon.core.main.TestSuiteExecutor.accessTestSuiteMainPhase(TestSuiteExecutor.java:152)
	at com.kms.katalon.core.main.TestSuiteExecutor.execute(TestSuiteExecutor.java:95)
	at com.kms.katalon.core.main.TestCaseMain.startTestSuite(TestCaseMain.java:157)
	at com.kms.katalon.core.main.TestCaseMain$startTestSuite$0.call(Unknown Source)
	at TempTestSuite1613655549270.run(TempTestSuite1613655549270.groovy:39)
)

2021-02-18 19:30:56 - [MESSAGE][FAILED] - Unable to verify text 'URL format is not valid.' is present  (Root cause: com.kms.katalon.core.exception.StepFailedException: Unable to verify text 'URL format is not valid.' is present 
	at com.kms.katalon.core.webui.keyword.internal.WebUIKeywordMain.stepFailed(WebUIKeywordMain.groovy:64)
	at com.kms.katalon.core.webui.keyword.internal.WebUIKeywordMain.runKeyword(WebUIKeywordMain.groovy:26)
	at com.kms.katalon.core.webui.keyword.builtin.VerifyTextPresentKeyword.verifyTextPresent(VerifyTextPresentKeyword.groovy:83)
	at com.kms.katalon.core.webui.keyword.builtin.VerifyTextPresentKeyword.execute(VerifyTextPresentKeyword.groovy:68)
	at com.kms.katalon.core.keyword.internal.KeywordExecutor.executeKeywordForPlatform(KeywordExecutor.groovy:73)
	at com.kms.katalon.core.webui.keyword.WebUiBuiltInKeywords.verifyTextPresent(WebUiBuiltInKeywords.groovy:1720)
	at com.kms.katalon.core.webui.keyword.WebUiBuiltInKeywords$verifyTextPresent$6.call(Unknown Source)
	at TC_As public user , Trigger URL validation with invalid formats.run(TC_As public user , Trigger URL validation with invalid formats:24)
	at com.kms.katalon.core.main.ScriptEngine.run(ScriptEngine.java:194)
	at com.kms.katalon.core.main.ScriptEngine.runScriptAsRawText(ScriptEngine.java:119)
	at com.kms.katalon.core.main.TestCaseExecutor.runScript(TestCaseExecutor.java:394)
	at com.kms.katalon.core.main.TestCaseExecutor.doExecute(TestCaseExecutor.java:385)
	at com.kms.katalon.core.main.TestCaseExecutor.processExecutionPhase(TestCaseExecutor.java:364)
	at com.kms.katalon.core.main.TestCaseExecutor.accessMainPhase(TestCaseExecutor.java:356)
	at com.kms.katalon.core.main.TestCaseExecutor.execute(TestCaseExecutor.java:251)
	at com.kms.katalon.core.main.TestSuiteExecutor.accessTestCaseMainPhase(TestSuiteExecutor.java:203)
	at com.kms.katalon.core.main.TestSuiteExecutor.accessTestSuiteMainPhase(TestSuiteExecutor.java:152)
	at com.kms.katalon.core.main.TestSuiteExecutor.execute(TestSuiteExecutor.java:95)
	at com.kms.katalon.core.main.TestCaseMain.startTestSuite(TestCaseMain.java:157)
	at com.kms.katalon.core.main.TestCaseMain$startTestSuite$0.call(Unknown Source)
	at TempTestSuite1613655549270.run(TempTestSuite1613655549270.groovy:39)
Caused by: com.kms.katalon.core.exception.StepFailedException: Text 'URL format is not valid.' is not present on page 
	at com.kms.katalon.core.webui.keyword.internal.WebUIKeywordMain.stepFailed(WebUIKeywordMain.groovy:64)
	at com.kms.katalon.core.webui.keyword.builtin.VerifyTextPresentKeyword$_verifyTextPresent_closure1.doCall(VerifyTextPresentKeyword.groovy:79)
	at com.kms.katalon.core.webui.keyword.builtin.VerifyTextPresentKeyword$_verifyTextPresent_closure1.call(VerifyTextPresentKeyword.groovy)
	at com.kms.katalon.core.webui.keyword.internal.WebUIKeywordMain.runKeyword(WebUIKeywordMain.groovy:20)
	... 19 more
)
[[ATTACHMENT|E:\\Inspect\\15022021\\SiteInspectAutomation\\Reports\\20210218_190906\\Regression_Suite\\PublicUser_Suite\\PublicUser_URL\\20210218_190909\\1613656855732.png]]

2021-02-18 19:30:56 - [TEST_STEP][PASSED] - Start tear down : tearDownMethodIfFailed: Method 'tearDownMethodIfFailed' complete successfully

2021-02-18 19:30:56 - [TEST_STEP][PASSED] - customKeywords.commanFunctions.onlyCloseBrowser(): customKeywords.commanFunctions.onlyCloseBrowser is PASSED

2021-02-18 19:30:56 - [MESSAGE][PASSED] - Browser is closed

2021-02-18 19:30:56 - [MESSAGE][PASSED] - customKeywords.commanFunctions.onlyCloseBrowser is PASSED

2021-02-18 19:30:56 - [TEST_STEP][PASSED] - logInfo("[--------This is tearDownIfFailed method------]"): [--------This is tearDownIfFailed method------]

2021-02-18 19:30:56 - [MESSAGE][INFO] - [--------This is tearDownIfFailed method------]

2021-02-18 19:30:56 - [MESSAGE][PASSED] - Method 'tearDownMethodIfFailed' complete successfully]]></system-out>
         <system-err><![CDATA[2021-02-18 19:30:39 - [TEST_CASE][FAILED] - Test Cases/UploadDiffURLs_PublicUser/TC_As public user , Trigger URL validation with invalid formats: Test Cases/UploadDiffURLs_PublicUser/TC_As public user , Trigger URL validation with invalid formats FAILED.
Reason:
com.kms.katalon.core.exception.StepFailedException: Unable to verify text 'URL format is not valid.' is present 
	at com.kms.katalon.core.webui.keyword.internal.WebUIKeywordMain.stepFailed(WebUIKeywordMain.groovy:64)
	at com.kms.katalon.core.webui.keyword.internal.WebUIKeywordMain.runKeyword(WebUIKeywordMain.groovy:26)
	at com.kms.katalon.core.webui.keyword.builtin.VerifyTextPresentKeyword.verifyTextPresent(VerifyTextPresentKeyword.groovy:83)
	at com.kms.katalon.core.webui.keyword.builtin.VerifyTextPresentKeyword.execute(VerifyTextPresentKeyword.groovy:68)
	at com.kms.katalon.core.keyword.internal.KeywordExecutor.executeKeywordForPlatform(KeywordExecutor.groovy:73)
	at com.kms.katalon.core.webui.keyword.WebUiBuiltInKeywords.verifyTextPresent(WebUiBuiltInKeywords.groovy:1720)
	at com.kms.katalon.core.webui.keyword.WebUiBuiltInKeywords$verifyTextPresent$6.call(Unknown Source)
	at TC_As public user , Trigger URL validation with invalid formats.run(TC_As public user , Trigger URL validation with invalid formats:24)
	at com.kms.katalon.core.main.ScriptEngine.run(ScriptEngine.java:194)
	at com.kms.katalon.core.main.ScriptEngine.runScriptAsRawText(ScriptEngine.java:119)
	at com.kms.katalon.core.main.TestCaseExecutor.runScript(TestCaseExecutor.java:394)
	at com.kms.katalon.core.main.TestCaseExecutor.doExecute(TestCaseExecutor.java:385)
	at com.kms.katalon.core.main.TestCaseExecutor.processExecutionPhase(TestCaseExecutor.java:364)
	at com.kms.katalon.core.main.TestCaseExecutor.accessMainPhase(TestCaseExecutor.java:356)
	at com.kms.katalon.core.main.TestCaseExecutor.execute(TestCaseExecutor.java:251)
	at com.kms.katalon.core.main.TestSuiteExecutor.accessTestCaseMainPhase(TestSuiteExecutor.java:203)
	at com.kms.katalon.core.main.TestSuiteExecutor.accessTestSuiteMainPhase(TestSuiteExecutor.java:152)
	at com.kms.katalon.core.main.TestSuiteExecutor.execute(TestSuiteExecutor.java:95)
	at com.kms.katalon.core.main.TestCaseMain.startTestSuite(TestCaseMain.java:157)
	at com.kms.katalon.core.main.TestCaseMain$startTestSuite$0.call(Unknown Source)
	at TempTestSuite1613655549270.run(TempTestSuite1613655549270.groovy:39)
Caused by: com.kms.katalon.core.exception.StepFailedException: Text 'URL format is not valid.' is not present on page 
	at com.kms.katalon.core.webui.keyword.internal.WebUIKeywordMain.stepFailed(WebUIKeywordMain.groovy:64)
	at com.kms.katalon.core.webui.keyword.builtin.VerifyTextPresentKeyword$_verifyTextPresent_closure1.doCall(VerifyTextPresentKeyword.groovy:79)
	at com.kms.katalon.core.webui.keyword.builtin.VerifyTextPresentKeyword$_verifyTextPresent_closure1.call(VerifyTextPresentKeyword.groovy)
	at com.kms.katalon.core.webui.keyword.internal.WebUIKeywordMain.runKeyword(WebUIKeywordMain.groovy:20)
	... 19 more]]></system-err>
      </testcase>
      <system-out><![CDATA[2021-02-18 19:29:43 - [TEST_SUITE][FAILED] - PublicUser_URL: Test Cases/UploadDiffURLs_PublicUser/TC_As public user , Trigger URL validation with invalid formats FAILED.
Reason:
com.kms.katalon.core.exception.StepFailedException: Unable to verify text 'URL format is not valid.' is present 
	at com.kms.katalon.core.webui.keyword.internal.WebUIKeywordMain.stepFailed(WebUIKeywordMain.groovy:64)
	at com.kms.katalon.core.webui.keyword.internal.WebUIKeywordMain.runKeyword(WebUIKeywordMain.groovy:26)
	at com.kms.katalon.core.webui.keyword.builtin.VerifyTextPresentKeyword.verifyTextPresent(VerifyTextPresentKeyword.groovy:83)
	at com.kms.katalon.core.webui.keyword.builtin.VerifyTextPresentKeyword.execute(VerifyTextPresentKeyword.groovy:68)
	at com.kms.katalon.core.keyword.internal.KeywordExecutor.executeKeywordForPlatform(KeywordExecutor.groovy:73)
	at com.kms.katalon.core.webui.keyword.WebUiBuiltInKeywords.verifyTextPresent(WebUiBuiltInKeywords.groovy:1720)
	at com.kms.katalon.core.webui.keyword.WebUiBuiltInKeywords$verifyTextPresent$6.call(Unknown Source)
	at TC_As public user , Trigger URL validation with invalid formats.run(TC_As public user , Trigger URL validation with invalid formats:24)
	at com.kms.katalon.core.main.ScriptEngine.run(ScriptEngine.java:194)
	at com.kms.katalon.core.main.ScriptEngine.runScriptAsRawText(ScriptEngine.java:119)
	at com.kms.katalon.core.main.TestCaseExecutor.runScript(TestCaseExecutor.java:394)
	at com.kms.katalon.core.main.TestCaseExecutor.doExecute(TestCaseExecutor.java:385)
	at com.kms.katalon.core.main.TestCaseExecutor.processExecutionPhase(TestCaseExecutor.java:364)
	at com.kms.katalon.core.main.TestCaseExecutor.accessMainPhase(TestCaseExecutor.java:356)
	at com.kms.katalon.core.main.TestCaseExecutor.execute(TestCaseExecutor.java:251)
	at com.kms.katalon.core.main.TestSuiteExecutor.accessTestCaseMainPhase(TestSuiteExecutor.java:203)
	at com.kms.katalon.core.main.TestSuiteExecutor.accessTestSuiteMainPhase(TestSuiteExecutor.java:152)
	at com.kms.katalon.core.main.TestSuiteExecutor.execute(TestSuiteExecutor.java:95)
	at com.kms.katalon.core.main.TestCaseMain.startTestSuite(TestCaseMain.java:157)
	at com.kms.katalon.core.main.TestCaseMain$startTestSuite$0.call(Unknown Source)
	at TempTestSuite1613655549270.run(TempTestSuite1613655549270.groovy:39)
Caused by: com.kms.katalon.core.exception.StepFailedException: Text 'URL format is not valid.' is not present on page 
	at com.kms.katalon.core.webui.keyword.internal.WebUIKeywordMain.stepFailed(WebUIKeywordMain.groovy:64)
	at com.kms.katalon.core.webui.keyword.builtin.VerifyTextPresentKeyword$_verifyTextPresent_closure1.doCall(VerifyTextPresentKeyword.groovy:79)
	at com.kms.katalon.core.webui.keyword.builtin.VerifyTextPresentKeyword$_verifyTextPresent_closure1.call(VerifyTextPresentKeyword.groovy)
	at com.kms.katalon.core.webui.keyword.internal.WebUIKeywordMain.runKeyword(WebUIKeywordMain.groovy:20)
	... 19 more]]></system-out>
      <system-err><![CDATA[2021-02-18 19:29:43 - [TEST_SUITE][FAILED] - PublicUser_URL: Test Cases/UploadDiffURLs_PublicUser/TC_As public user , Trigger URL validation with invalid formats FAILED.
Reason:
com.kms.katalon.core.exception.StepFailedException: Unable to verify text 'URL format is not valid.' is present 
	at com.kms.katalon.core.webui.keyword.internal.WebUIKeywordMain.stepFailed(WebUIKeywordMain.groovy:64)
	at com.kms.katalon.core.webui.keyword.internal.WebUIKeywordMain.runKeyword(WebUIKeywordMain.groovy:26)
	at com.kms.katalon.core.webui.keyword.builtin.VerifyTextPresentKeyword.verifyTextPresent(VerifyTextPresentKeyword.groovy:83)
	at com.kms.katalon.core.webui.keyword.builtin.VerifyTextPresentKeyword.execute(VerifyTextPresentKeyword.groovy:68)
	at com.kms.katalon.core.keyword.internal.KeywordExecutor.executeKeywordForPlatform(KeywordExecutor.groovy:73)
	at com.kms.katalon.core.webui.keyword.WebUiBuiltInKeywords.verifyTextPresent(WebUiBuiltInKeywords.groovy:1720)
	at com.kms.katalon.core.webui.keyword.WebUiBuiltInKeywords$verifyTextPresent$6.call(Unknown Source)
	at TC_As public user , Trigger URL validation with invalid formats.run(TC_As public user , Trigger URL validation with invalid formats:24)
	at com.kms.katalon.core.main.ScriptEngine.run(ScriptEngine.java:194)
	at com.kms.katalon.core.main.ScriptEngine.runScriptAsRawText(ScriptEngine.java:119)
	at com.kms.katalon.core.main.TestCaseExecutor.runScript(TestCaseExecutor.java:394)
	at com.kms.katalon.core.main.TestCaseExecutor.doExecute(TestCaseExecutor.java:385)
	at com.kms.katalon.core.main.TestCaseExecutor.processExecutionPhase(TestCaseExecutor.java:364)
	at com.kms.katalon.core.main.TestCaseExecutor.accessMainPhase(TestCaseExecutor.java:356)
	at com.kms.katalon.core.main.TestCaseExecutor.execute(TestCaseExecutor.java:251)
	at com.kms.katalon.core.main.TestSuiteExecutor.accessTestCaseMainPhase(TestSuiteExecutor.java:203)
	at com.kms.katalon.core.main.TestSuiteExecutor.accessTestSuiteMainPhase(TestSuiteExecutor.java:152)
	at com.kms.katalon.core.main.TestSuiteExecutor.execute(TestSuiteExecutor.java:95)
	at com.kms.katalon.core.main.TestCaseMain.startTestSuite(TestCaseMain.java:157)
	at com.kms.katalon.core.main.TestCaseMain$startTestSuite$0.call(Unknown Source)
	at TempTestSuite1613655549270.run(TempTestSuite1613655549270.groovy:39)
Caused by: com.kms.katalon.core.exception.StepFailedException: Text 'URL format is not valid.' is not present on page 
	at com.kms.katalon.core.webui.keyword.internal.WebUIKeywordMain.stepFailed(WebUIKeywordMain.groovy:64)
	at com.kms.katalon.core.webui.keyword.builtin.VerifyTextPresentKeyword$_verifyTextPresent_closure1.doCall(VerifyTextPresentKeyword.groovy:79)
	at com.kms.katalon.core.webui.keyword.builtin.VerifyTextPresentKeyword$_verifyTextPresent_closure1.call(VerifyTextPresentKeyword.groovy)
	at com.kms.katalon.core.webui.keyword.internal.WebUIKeywordMain.runKeyword(WebUIKeywordMain.groovy:20)
	... 19 more]]></system-err>
   </testsuite>
   <testsuite name="PublicUser_UploadFiles" tests="26" failures="2" errors="0" time="587.024" skips="0" timestamp="2021-02-18 19:31:08" hostname="ashok - OMTPGCN1132568L" id="Test Suites/Regression_Suite/PublicUser_Suite/PublicUser_UploadFiles">
      <properties>
         <property name="deviceName" value=""/>
         <property name="devicePlatform" value=""/>
         <property name="logFolder" value="E:\\Inspect\\15022021\\SiteInspectAutomation\\Reports\\20210218_190906\\Regression_Suite\\PublicUser_Suite\\PublicUser_UploadFiles\\20210218_190911"/>
         <property name="logFiles" value="E:\\Inspect\\15022021\\SiteInspectAutomation\\Reports\\20210218_190906\\Regression_Suite\\PublicUser_Suite\\PublicUser_UploadFiles\\20210218_190911\\execution0.log"/>
         <property name="attachments" value="E:\\Inspect\\15022021\\SiteInspectAutomation\\Reports\\20210218_190906\\Regression_Suite\\PublicUser_Suite\\PublicUser_UploadFiles\\20210218_190911\\1613656889921.png, E:\\Inspect\\15022021\\SiteInspectAutomation\\Reports\\20210218_190906\\Regression_Suite\\PublicUser_Suite\\PublicUser_UploadFiles\\20210218_190911\\1613657232318.png"/>
         <property name="hostName" value="ashok - OMTPGCN1132568L"/>
         <property name="os" value="Windows 10 64bit"/>
         <property name="katalonVersion" value="7.8.2.208"/>
         <property name="browser" value="Chrome 86.0.4240.75"/>
         <property name="hostAddress" value="192.168.1.11"/>
         <property name="sessionId" value="6da388f967a5658328827f5b3d3f0f9d"/>
         <property name="seleniumVersion" value="3.141.59"/>
         <property name="proxyInformation" value="ProxyInformation { proxyOption=NO_PROXY, proxyServerType=HTTP, username=, password=********, proxyServerAddress=, proxyServerPort=0, executionList=&quot;&quot;, isApplyToDesiredCapabilities=true }"/>
         <property name="platform" value="Windows 10"/>
      </properties>
      <testcase name="Test Cases/UploadDiffFiles_PublicUser/TC_As a public user, Upload Adobe PhotoShop File" time="22.261" classname="Test Cases/UploadDiffFiles_PublicUser/TC_As a public user, Upload Adobe PhotoShop File" status="FAILED">
         <failure type="FAILED" message="Test Cases/UploadDiffFiles_PublicUser/TC_As a public user, Upload Adobe PhotoShop File FAILED.
Reason:
com.kms.katalon.core.exception.StepFailedException: Unable to verify text 'Adobe PhotoShop' is present 
	at com.kms.katalon.core.webui.keyword.internal.WebUIKeywordMain.stepFailed(WebUIKeywordMain.groovy:64)
	at com.kms.katalon.core.webui.keyword.internal.WebUIKeywordMain.runKeyword(WebUIKeywordMain.groovy:26)
	at com.kms.katalon.core.webui.keyword.builtin.VerifyTextPresentKeyword.verifyTextPresent(VerifyTextPresentKeyword.groovy:83)
	at com.kms.katalon.core.webui.keyword.builtin.VerifyTextPresentKeyword.execute(VerifyTextPresentKeyword.groovy:68)
	at com.kms.katalon.core.keyword.internal.KeywordExecutor.executeKeywordForPlatform(KeywordExecutor.groovy:73)
	at com.kms.katalon.core.webui.keyword.WebUiBuiltInKeywords.verifyTextPresent(WebUiBuiltInKeywords.groovy:1720)
	at com.kms.katalon.core.webui.keyword.WebUiBuiltInKeywords$verifyTextPresent$3.call(Unknown Source)
	at customKeywords.commanFunctions.UploadReqFile(commanFunctions.groovy:282)
	at customKeywords.commanFunctions.uploadFileOfPublicUser(commanFunctions.groovy:656)
	at customKeywords.commanFunctions.invokeMethod(commanFunctions.groovy)
	at com.kms.katalon.core.main.CustomKeywordDelegatingMetaClass.invokeStaticMethod(CustomKeywordDelegatingMetaClass.java:50)
	at TC_As a public user, Upload Adobe PhotoShop File.run(TC_As a public user, Upload Adobe PhotoShop File:14)
	at com.kms.katalon.core.main.ScriptEngine.run(ScriptEngine.java:194)
	at com.kms.katalon.core.main.ScriptEngine.runScriptAsRawText(ScriptEngine.java:119)
	at com.kms.katalon.core.main.TestCaseExecutor.runScript(TestCaseExecutor.java:394)
	at com.kms.katalon.core.main.TestCaseExecutor.doExecute(TestCaseExecutor.java:385)
	at com.kms.katalon.core.main.TestCaseExecutor.processExecutionPhase(TestCaseExecutor.java:364)
	at com.kms.katalon.core.main.TestCaseExecutor.accessMainPhase(TestCaseExecutor.java:356)
	at com.kms.katalon.core.main.TestCaseExecutor.execute(TestCaseExecutor.java:251)
	at com.kms.katalon.core.main.TestSuiteExecutor.accessTestCaseMainPhase(TestSuiteExecutor.java:203)
	at com.kms.katalon.core.main.TestSuiteExecutor.accessTestSuiteMainPhase(TestSuiteExecutor.java:152)
	at com.kms.katalon.core.main.TestSuiteExecutor.execute(TestSuiteExecutor.java:95)
	at com.kms.katalon.core.main.TestCaseMain.startTestSuite(TestCaseMain.java:157)
	at com.kms.katalon.core.main.TestCaseMain$startTestSuite$0.call(Unknown Source)
	at TempTestSuite1613655551628.run(TempTestSuite1613655551628.groovy:39)
Caused by: com.kms.katalon.core.exception.StepFailedException: Text 'Adobe PhotoShop' is not present on page 
	at com.kms.katalon.core.webui.keyword.internal.WebUIKeywordMain.stepFailed(WebUIKeywordMain.groovy:64)
	at com.kms.katalon.core.webui.keyword.builtin.VerifyTextPresentKeyword$_verifyTextPresent_closure1.doCall(VerifyTextPresentKeyword.groovy:79)
	at com.kms.katalon.core.webui.keyword.builtin.VerifyTextPresentKeyword$_verifyTextPresent_closure1.call(VerifyTextPresentKeyword.groovy)
	at com.kms.katalon.core.webui.keyword.internal.WebUIKeywordMain.runKeyword(WebUIKeywordMain.groovy:20)
	... 23 more
"/>
         <system-out><![CDATA[2021-02-18 19:31:09 - [TEST_CASE][FAILED] - Test Cases/UploadDiffFiles_PublicUser/TC_As a public user, Upload Adobe PhotoShop File: Test Cases/UploadDiffFiles_PublicUser/TC_As a public user, Upload Adobe PhotoShop File FAILED.
Reason:
com.kms.katalon.core.exception.StepFailedException: Unable to verify text 'Adobe PhotoShop' is present 
	at com.kms.katalon.core.webui.keyword.internal.WebUIKeywordMain.stepFailed(WebUIKeywordMain.groovy:64)
	at com.kms.katalon.core.webui.keyword.internal.WebUIKeywordMain.runKeyword(WebUIKeywordMain.groovy:26)
	at com.kms.katalon.core.webui.keyword.builtin.VerifyTextPresentKeyword.verifyTextPresent(VerifyTextPresentKeyword.groovy:83)
	at com.kms.katalon.core.webui.keyword.builtin.VerifyTextPresentKeyword.execute(VerifyTextPresentKeyword.groovy:68)
	at com.kms.katalon.core.keyword.internal.KeywordExecutor.executeKeywordForPlatform(KeywordExecutor.groovy:73)
	at com.kms.katalon.core.webui.keyword.WebUiBuiltInKeywords.verifyTextPresent(WebUiBuiltInKeywords.groovy:1720)
	at com.kms.katalon.core.webui.keyword.WebUiBuiltInKeywords$verifyTextPresent$3.call(Unknown Source)
	at customKeywords.commanFunctions.UploadReqFile(commanFunctions.groovy:282)
	at customKeywords.commanFunctions.uploadFileOfPublicUser(commanFunctions.groovy:656)
	at customKeywords.commanFunctions.invokeMethod(commanFunctions.groovy)
	at com.kms.katalon.core.main.CustomKeywordDelegatingMetaClass.invokeStaticMethod(CustomKeywordDelegatingMetaClass.java:50)
	at TC_As a public user, Upload Adobe PhotoShop File.run(TC_As a public user, Upload Adobe PhotoShop File:14)
	at com.kms.katalon.core.main.ScriptEngine.run(ScriptEngine.java:194)
	at com.kms.katalon.core.main.ScriptEngine.runScriptAsRawText(ScriptEngine.java:119)
	at com.kms.katalon.core.main.TestCaseExecutor.runScript(TestCaseExecutor.java:394)
	at com.kms.katalon.core.main.TestCaseExecutor.doExecute(TestCaseExecutor.java:385)
	at com.kms.katalon.core.main.TestCaseExecutor.processExecutionPhase(TestCaseExecutor.java:364)
	at com.kms.katalon.core.main.TestCaseExecutor.accessMainPhase(TestCaseExecutor.java:356)
	at com.kms.katalon.core.main.TestCaseExecutor.execute(TestCaseExecutor.java:251)
	at com.kms.katalon.core.main.TestSuiteExecutor.accessTestCaseMainPhase(TestSuiteExecutor.java:203)
	at com.kms.katalon.core.main.TestSuiteExecutor.accessTestSuiteMainPhase(TestSuiteExecutor.java:152)
	at com.kms.katalon.core.main.TestSuiteExecutor.execute(TestSuiteExecutor.java:95)
	at com.kms.katalon.core.main.TestCaseMain.startTestSuite(TestCaseMain.java:157)
	at com.kms.katalon.core.main.TestCaseMain$startTestSuite$0.call(Unknown Source)
	at TempTestSuite1613655551628.run(TempTestSuite1613655551628.groovy:39)
Caused by: com.kms.katalon.core.exception.StepFailedException: Text 'Adobe PhotoShop' is not present on page 
	at com.kms.katalon.core.webui.keyword.internal.WebUIKeywordMain.stepFailed(WebUIKeywordMain.groovy:64)
	at com.kms.katalon.core.webui.keyword.builtin.VerifyTextPresentKeyword$_verifyTextPresent_closure1.doCall(VerifyTextPresentKeyword.groovy:79)
	at com.kms.katalon.core.webui.keyword.builtin.VerifyTextPresentKeyword$_verifyTextPresent_closure1.call(VerifyTextPresentKeyword.groovy)
	at com.kms.katalon.core.webui.keyword.internal.WebUIKeywordMain.runKeyword(WebUIKeywordMain.groovy:20)
	... 23 more


2021-02-18 19:31:09 - [TEST_STEP][PASSED] - excelTestData = findTestData("Data Files/TestData/InspectTestData"): null

2021-02-18 19:31:10 - [TEST_STEP][PASSED] - userEmail = excelTestData.getValue(2, 23): null

2021-02-18 19:31:10 - [TEST_STEP][FAILED] - customKeywords.commanFunctions.uploadFileOfPublicUser(346, userEmail): Unable to verify text 'Adobe PhotoShop' is present 

2021-02-18 19:31:10 - [MESSAGE][INFO] - Starting 'Chrome' driver

2021-02-18 19:31:10 - [MESSAGE][INFO] - Action delay is set to 0 milliseconds

2021-02-18 19:31:20 - [MESSAGE][PASSED] - Browser is opened with url: 'https://Inspect.Stage.site.sa'

2021-02-18 19:31:22 - [MESSAGE][PASSED] - Current window maximized

2021-02-18 19:31:22 - [MESSAGE][PASSED] - Wait for page load successfully

2021-02-18 19:31:23 - [MESSAGE][PASSED] - Object: 'Object Repository/HomePage/ChooseAFile' is clicked on

2021-02-18 19:31:25 - [MESSAGE][PASSED] - Delayed 2 second(s)

2021-02-18 19:31:27 - [MESSAGE][INFO] - Image Uploaded Sucsessfully

2021-02-18 19:31:29 - [MESSAGE][PASSED] - Delayed 2 second(s)

2021-02-18 19:31:29 - [MESSAGE][FAILED] - Text 'Adobe PhotoShop' is not present on page  (Root cause: com.kms.katalon.core.exception.StepFailedException: Text 'Adobe PhotoShop' is not present on page 
	at com.kms.katalon.core.webui.keyword.internal.WebUIKeywordMain.stepFailed(WebUIKeywordMain.groovy:64)
	at com.kms.katalon.core.webui.keyword.builtin.VerifyTextPresentKeyword$_verifyTextPresent_closure1.doCall(VerifyTextPresentKeyword.groovy:79)
	at com.kms.katalon.core.webui.keyword.builtin.VerifyTextPresentKeyword$_verifyTextPresent_closure1.call(VerifyTextPresentKeyword.groovy)
	at com.kms.katalon.core.webui.keyword.internal.WebUIKeywordMain.runKeyword(WebUIKeywordMain.groovy:20)
	at com.kms.katalon.core.webui.keyword.builtin.VerifyTextPresentKeyword.verifyTextPresent(VerifyTextPresentKeyword.groovy:83)
	at com.kms.katalon.core.webui.keyword.builtin.VerifyTextPresentKeyword.execute(VerifyTextPresentKeyword.groovy:68)
	at com.kms.katalon.core.keyword.internal.KeywordExecutor.executeKeywordForPlatform(KeywordExecutor.groovy:73)
	at com.kms.katalon.core.webui.keyword.WebUiBuiltInKeywords.verifyTextPresent(WebUiBuiltInKeywords.groovy:1720)
	at com.kms.katalon.core.webui.keyword.WebUiBuiltInKeywords$verifyTextPresent$3.call(Unknown Source)
	at customKeywords.commanFunctions.UploadReqFile(commanFunctions.groovy:282)
	at customKeywords.commanFunctions.uploadFileOfPublicUser(commanFunctions.groovy:656)
	at customKeywords.commanFunctions.invokeMethod(commanFunctions.groovy)
	at com.kms.katalon.core.main.CustomKeywordDelegatingMetaClass.invokeStaticMethod(CustomKeywordDelegatingMetaClass.java:50)
	at TC_As a public user, Upload Adobe PhotoShop File.run(TC_As a public user, Upload Adobe PhotoShop File:14)
	at com.kms.katalon.core.main.ScriptEngine.run(ScriptEngine.java:194)
	at com.kms.katalon.core.main.ScriptEngine.runScriptAsRawText(ScriptEngine.java:119)
	at com.kms.katalon.core.main.TestCaseExecutor.runScript(TestCaseExecutor.java:394)
	at com.kms.katalon.core.main.TestCaseExecutor.doExecute(TestCaseExecutor.java:385)
	at com.kms.katalon.core.main.TestCaseExecutor.processExecutionPhase(TestCaseExecutor.java:364)
	at com.kms.katalon.core.main.TestCaseExecutor.accessMainPhase(TestCaseExecutor.java:356)
	at com.kms.katalon.core.main.TestCaseExecutor.execute(TestCaseExecutor.java:251)
	at com.kms.katalon.core.main.TestSuiteExecutor.accessTestCaseMainPhase(TestSuiteExecutor.java:203)
	at com.kms.katalon.core.main.TestSuiteExecutor.accessTestSuiteMainPhase(TestSuiteExecutor.java:152)
	at com.kms.katalon.core.main.TestSuiteExecutor.execute(TestSuiteExecutor.java:95)
	at com.kms.katalon.core.main.TestCaseMain.startTestSuite(TestCaseMain.java:157)
	at com.kms.katalon.core.main.TestCaseMain$startTestSuite$0.call(Unknown Source)
	at TempTestSuite1613655551628.run(TempTestSuite1613655551628.groovy:39)
)

2021-02-18 19:31:30 - [MESSAGE][FAILED] - Unable to verify text 'Adobe PhotoShop' is present  (Root cause: com.kms.katalon.core.exception.StepFailedException: Unable to verify text 'Adobe PhotoShop' is present 
	at com.kms.katalon.core.webui.keyword.internal.WebUIKeywordMain.stepFailed(WebUIKeywordMain.groovy:64)
	at com.kms.katalon.core.webui.keyword.internal.WebUIKeywordMain.runKeyword(WebUIKeywordMain.groovy:26)
	at com.kms.katalon.core.webui.keyword.builtin.VerifyTextPresentKeyword.verifyTextPresent(VerifyTextPresentKeyword.groovy:83)
	at com.kms.katalon.core.webui.keyword.builtin.VerifyTextPresentKeyword.execute(VerifyTextPresentKeyword.groovy:68)
	at com.kms.katalon.core.keyword.internal.KeywordExecutor.executeKeywordForPlatform(KeywordExecutor.groovy:73)
	at com.kms.katalon.core.webui.keyword.WebUiBuiltInKeywords.verifyTextPresent(WebUiBuiltInKeywords.groovy:1720)
	at com.kms.katalon.core.webui.keyword.WebUiBuiltInKeywords$verifyTextPresent$3.call(Unknown Source)
	at customKeywords.commanFunctions.UploadReqFile(commanFunctions.groovy:282)
	at customKeywords.commanFunctions.uploadFileOfPublicUser(commanFunctions.groovy:656)
	at customKeywords.commanFunctions.invokeMethod(commanFunctions.groovy)
	at com.kms.katalon.core.main.CustomKeywordDelegatingMetaClass.invokeStaticMethod(CustomKeywordDelegatingMetaClass.java:50)
	at TC_As a public user, Upload Adobe PhotoShop File.run(TC_As a public user, Upload Adobe PhotoShop File:14)
	at com.kms.katalon.core.main.ScriptEngine.run(ScriptEngine.java:194)
	at com.kms.katalon.core.main.ScriptEngine.runScriptAsRawText(ScriptEngine.java:119)
	at com.kms.katalon.core.main.TestCaseExecutor.runScript(TestCaseExecutor.java:394)
	at com.kms.katalon.core.main.TestCaseExecutor.doExecute(TestCaseExecutor.java:385)
	at com.kms.katalon.core.main.TestCaseExecutor.processExecutionPhase(TestCaseExecutor.java:364)
	at com.kms.katalon.core.main.TestCaseExecutor.accessMainPhase(TestCaseExecutor.java:356)
	at com.kms.katalon.core.main.TestCaseExecutor.execute(TestCaseExecutor.java:251)
	at com.kms.katalon.core.main.TestSuiteExecutor.accessTestCaseMainPhase(TestSuiteExecutor.java:203)
	at com.kms.katalon.core.main.TestSuiteExecutor.accessTestSuiteMainPhase(TestSuiteExecutor.java:152)
	at com.kms.katalon.core.main.TestSuiteExecutor.execute(TestSuiteExecutor.java:95)
	at com.kms.katalon.core.main.TestCaseMain.startTestSuite(TestCaseMain.java:157)
	at com.kms.katalon.core.main.TestCaseMain$startTestSuite$0.call(Unknown Source)
	at TempTestSuite1613655551628.run(TempTestSuite1613655551628.groovy:39)
Caused by: com.kms.katalon.core.exception.StepFailedException: Text 'Adobe PhotoShop' is not present on page 
	at com.kms.katalon.core.webui.keyword.internal.WebUIKeywordMain.stepFailed(WebUIKeywordMain.groovy:64)
	at com.kms.katalon.core.webui.keyword.builtin.VerifyTextPresentKeyword$_verifyTextPresent_closure1.doCall(VerifyTextPresentKeyword.groovy:79)
	at com.kms.katalon.core.webui.keyword.builtin.VerifyTextPresentKeyword$_verifyTextPresent_closure1.call(VerifyTextPresentKeyword.groovy)
	at com.kms.katalon.core.webui.keyword.internal.WebUIKeywordMain.runKeyword(WebUIKeywordMain.groovy:20)
	... 23 more
)
[[ATTACHMENT|E:\\Inspect\\15022021\\SiteInspectAutomation\\Reports\\20210218_190906\\Regression_Suite\\PublicUser_Suite\\PublicUser_UploadFiles\\20210218_190911\\1613656889921.png]]

2021-02-18 19:31:30 - [MESSAGE][FAILED] - Unable to verify text 'Adobe PhotoShop' is present 

2021-02-18 19:31:30 - [TEST_STEP][PASSED] - Start tear down : tearDownMethodIfFailed: Method 'tearDownMethodIfFailed' complete successfully

2021-02-18 19:31:30 - [TEST_STEP][PASSED] - customKeywords.commanFunctions.onlyCloseBrowser(): customKeywords.commanFunctions.onlyCloseBrowser is PASSED

2021-02-18 19:31:31 - [MESSAGE][PASSED] - Browser is closed

2021-02-18 19:31:31 - [MESSAGE][PASSED] - customKeywords.commanFunctions.onlyCloseBrowser is PASSED

2021-02-18 19:31:31 - [TEST_STEP][PASSED] - logInfo("[--------This is tearDownIfFailed method------]"): [--------This is tearDownIfFailed method------]

2021-02-18 19:31:31 - [MESSAGE][INFO] - [--------This is tearDownIfFailed method------]

2021-02-18 19:31:31 - [MESSAGE][PASSED] - Method 'tearDownMethodIfFailed' complete successfully]]></system-out>
         <system-err><![CDATA[2021-02-18 19:31:09 - [TEST_CASE][FAILED] - Test Cases/UploadDiffFiles_PublicUser/TC_As a public user, Upload Adobe PhotoShop File: Test Cases/UploadDiffFiles_PublicUser/TC_As a public user, Upload Adobe PhotoShop File FAILED.
Reason:
com.kms.katalon.core.exception.StepFailedException: Unable to verify text 'Adobe PhotoShop' is present 
	at com.kms.katalon.core.webui.keyword.internal.WebUIKeywordMain.stepFailed(WebUIKeywordMain.groovy:64)
	at com.kms.katalon.core.webui.keyword.internal.WebUIKeywordMain.runKeyword(WebUIKeywordMain.groovy:26)
	at com.kms.katalon.core.webui.keyword.builtin.VerifyTextPresentKeyword.verifyTextPresent(VerifyTextPresentKeyword.groovy:83)
	at com.kms.katalon.core.webui.keyword.builtin.VerifyTextPresentKeyword.execute(VerifyTextPresentKeyword.groovy:68)
	at com.kms.katalon.core.keyword.internal.KeywordExecutor.executeKeywordForPlatform(KeywordExecutor.groovy:73)
	at com.kms.katalon.core.webui.keyword.WebUiBuiltInKeywords.verifyTextPresent(WebUiBuiltInKeywords.groovy:1720)
	at com.kms.katalon.core.webui.keyword.WebUiBuiltInKeywords$verifyTextPresent$3.call(Unknown Source)
	at customKeywords.commanFunctions.UploadReqFile(commanFunctions.groovy:282)
	at customKeywords.commanFunctions.uploadFileOfPublicUser(commanFunctions.groovy:656)
	at customKeywords.commanFunctions.invokeMethod(commanFunctions.groovy)
	at com.kms.katalon.core.main.CustomKeywordDelegatingMetaClass.invokeStaticMethod(CustomKeywordDelegatingMetaClass.java:50)
	at TC_As a public user, Upload Adobe PhotoShop File.run(TC_As a public user, Upload Adobe PhotoShop File:14)
	at com.kms.katalon.core.main.ScriptEngine.run(ScriptEngine.java:194)
	at com.kms.katalon.core.main.ScriptEngine.runScriptAsRawText(ScriptEngine.java:119)
	at com.kms.katalon.core.main.TestCaseExecutor.runScript(TestCaseExecutor.java:394)
	at com.kms.katalon.core.main.TestCaseExecutor.doExecute(TestCaseExecutor.java:385)
	at com.kms.katalon.core.main.TestCaseExecutor.processExecutionPhase(TestCaseExecutor.java:364)
	at com.kms.katalon.core.main.TestCaseExecutor.accessMainPhase(TestCaseExecutor.java:356)
	at com.kms.katalon.core.main.TestCaseExecutor.execute(TestCaseExecutor.java:251)
	at com.kms.katalon.core.main.TestSuiteExecutor.accessTestCaseMainPhase(TestSuiteExecutor.java:203)
	at com.kms.katalon.core.main.TestSuiteExecutor.accessTestSuiteMainPhase(TestSuiteExecutor.java:152)
	at com.kms.katalon.core.main.TestSuiteExecutor.execute(TestSuiteExecutor.java:95)
	at com.kms.katalon.core.main.TestCaseMain.startTestSuite(TestCaseMain.java:157)
	at com.kms.katalon.core.main.TestCaseMain$startTestSuite$0.call(Unknown Source)
	at TempTestSuite1613655551628.run(TempTestSuite1613655551628.groovy:39)
Caused by: com.kms.katalon.core.exception.StepFailedException: Text 'Adobe PhotoShop' is not present on page 
	at com.kms.katalon.core.webui.keyword.internal.WebUIKeywordMain.stepFailed(WebUIKeywordMain.groovy:64)
	at com.kms.katalon.core.webui.keyword.builtin.VerifyTextPresentKeyword$_verifyTextPresent_closure1.doCall(VerifyTextPresentKeyword.groovy:79)
	at com.kms.katalon.core.webui.keyword.builtin.VerifyTextPresentKeyword$_verifyTextPresent_closure1.call(VerifyTextPresentKeyword.groovy)
	at com.kms.katalon.core.webui.keyword.internal.WebUIKeywordMain.runKeyword(WebUIKeywordMain.groovy:20)
	... 23 more]]></system-err>
      </testcase>
      <testcase name="Test Cases/UploadDiffFiles_PublicUser/TC_As a public user, Upload Basic Audio File" time="23.079" classname="Test Cases/UploadDiffFiles_PublicUser/TC_As a public user, Upload Basic Audio File" status="PASSED">
         <system-out><![CDATA[2021-02-18 19:31:31 - [TEST_CASE][PASSED] - Test Cases/UploadDiffFiles_PublicUser/TC_As a public user, Upload Basic Audio File: Test Cases/UploadDiffFiles_PublicUser/TC_As a public user, Upload Basic Audio File

2021-02-18 19:31:31 - [TEST_STEP][PASSED] - excelTestData = findTestData("Data Files/TestData/InspectTestData"): null

2021-02-18 19:31:31 - [TEST_STEP][PASSED] - userEmail = excelTestData.getValue(2, 23): null

2021-02-18 19:31:31 - [TEST_STEP][PASSED] - customKeywords.commanFunctions.uploadFileOfPublicUser(228, userEmail): customKeywords.commanFunctions.uploadFileOfPublicUser is PASSED

2021-02-18 19:31:32 - [MESSAGE][INFO] - Starting 'Chrome' driver

2021-02-18 19:31:32 - [MESSAGE][INFO] - Action delay is set to 0 milliseconds

2021-02-18 19:31:41 - [MESSAGE][PASSED] - Browser is opened with url: 'https://Inspect.Stage.site.sa'

2021-02-18 19:31:43 - [MESSAGE][PASSED] - Current window maximized

2021-02-18 19:31:43 - [MESSAGE][PASSED] - Wait for page load successfully

2021-02-18 19:31:44 - [MESSAGE][PASSED] - Object: 'Object Repository/HomePage/ChooseAFile' is clicked on

2021-02-18 19:31:46 - [MESSAGE][PASSED] - Delayed 2 second(s)

2021-02-18 19:31:48 - [MESSAGE][INFO] - Image Uploaded Sucsessfully

2021-02-18 19:31:50 - [MESSAGE][PASSED] - Delayed 2 second(s)

2021-02-18 19:31:50 - [MESSAGE][PASSED] - Text 'BasicAudio' is present on page 

2021-02-18 19:31:51 - [MESSAGE][PASSED] - Keys 'Os-ARahman@projects.site.sa' sent to object: 'Object Repository/PublicUserHomePage/email_Input'

2021-02-18 19:31:51 - [MESSAGE][PASSED] - Object: 'Object Repository/PublicUserHomePage/SiteInspectTermsOfUse_CheckBox' is clicked on

2021-02-18 19:31:52 - [MESSAGE][PASSED] - Object: 'Object Repository/HomePage/startAnalysis_EnableBtn' is clicked on

2021-02-18 19:31:53 - [MESSAGE][PASSED] - Text 'Your submission was successful
The analysis results will be delivered to you via email' is present on page 

2021-02-18 19:31:53 - [MESSAGE][PASSED] - customKeywords.commanFunctions.uploadFileOfPublicUser is PASSED

2021-02-18 19:31:53 - [TEST_STEP][PASSED] - customKeywords.commanFunctions.onlyCloseBrowser(): customKeywords.commanFunctions.onlyCloseBrowser is PASSED

2021-02-18 19:31:54 - [MESSAGE][PASSED] - Browser is closed

2021-02-18 19:31:54 - [MESSAGE][PASSED] - customKeywords.commanFunctions.onlyCloseBrowser is PASSED]]></system-out>
         <system-err><![CDATA[]]></system-err>
      </testcase>
      <testcase name="Test Cases/UploadDiffFiles_PublicUser/TC_As a public user, Upload CSV File" time="22.435" classname="Test Cases/UploadDiffFiles_PublicUser/TC_As a public user, Upload CSV File" status="PASSED">
         <system-out><![CDATA[2021-02-18 19:31:54 - [TEST_CASE][PASSED] - Test Cases/UploadDiffFiles_PublicUser/TC_As a public user, Upload CSV File: Test Cases/UploadDiffFiles_PublicUser/TC_As a public user, Upload CSV File

2021-02-18 19:31:54 - [TEST_STEP][PASSED] - excelTestData = findTestData("Data Files/TestData/InspectTestData"): null

2021-02-18 19:31:54 - [TEST_STEP][PASSED] - userEmail = excelTestData.getValue(2, 23): null

2021-02-18 19:31:54 - [TEST_STEP][PASSED] - customKeywords.commanFunctions.uploadFileOfPublicUser(176, userEmail): customKeywords.commanFunctions.uploadFileOfPublicUser is PASSED

2021-02-18 19:31:55 - [MESSAGE][INFO] - Starting 'Chrome' driver

2021-02-18 19:31:55 - [MESSAGE][INFO] - Action delay is set to 0 milliseconds

2021-02-18 19:32:04 - [MESSAGE][PASSED] - Browser is opened with url: 'https://Inspect.Stage.site.sa'

2021-02-18 19:32:06 - [MESSAGE][PASSED] - Current window maximized

2021-02-18 19:32:06 - [MESSAGE][PASSED] - Wait for page load successfully

2021-02-18 19:32:07 - [MESSAGE][PASSED] - Object: 'Object Repository/HomePage/ChooseAFile' is clicked on

2021-02-18 19:32:09 - [MESSAGE][PASSED] - Delayed 2 second(s)

2021-02-18 19:32:11 - [MESSAGE][INFO] - Image Uploaded Sucsessfully

2021-02-18 19:32:13 - [MESSAGE][PASSED] - Delayed 2 second(s)

2021-02-18 19:32:13 - [MESSAGE][PASSED] - Text 'SampleCSVFile' is present on page 

2021-02-18 19:32:14 - [MESSAGE][PASSED] - Keys 'Os-ARahman@projects.site.sa' sent to object: 'Object Repository/PublicUserHomePage/email_Input'

2021-02-18 19:32:14 - [MESSAGE][PASSED] - Object: 'Object Repository/PublicUserHomePage/SiteInspectTermsOfUse_CheckBox' is clicked on

2021-02-18 19:32:15 - [MESSAGE][PASSED] - Object: 'Object Repository/HomePage/startAnalysis_EnableBtn' is clicked on

2021-02-18 19:32:16 - [MESSAGE][PASSED] - Text 'Your submission was successful
The analysis results will be delivered to you via email' is present on page 

2021-02-18 19:32:16 - [MESSAGE][PASSED] - customKeywords.commanFunctions.uploadFileOfPublicUser is PASSED

2021-02-18 19:32:16 - [TEST_STEP][PASSED] - customKeywords.commanFunctions.onlyCloseBrowser(): customKeywords.commanFunctions.onlyCloseBrowser is PASSED

2021-02-18 19:32:17 - [MESSAGE][PASSED] - Browser is closed

2021-02-18 19:32:17 - [MESSAGE][PASSED] - customKeywords.commanFunctions.onlyCloseBrowser is PASSED]]></system-out>
         <system-err><![CDATA[]]></system-err>
      </testcase>
      <testcase name="Test Cases/UploadDiffFiles_PublicUser/TC_As a public user, Upload Exe File" time="23.744" classname="Test Cases/UploadDiffFiles_PublicUser/TC_As a public user, Upload Exe File" status="PASSED">
         <system-out><![CDATA[2021-02-18 19:32:17 - [TEST_CASE][PASSED] - Test Cases/UploadDiffFiles_PublicUser/TC_As a public user, Upload Exe File: Test Cases/UploadDiffFiles_PublicUser/TC_As a public user, Upload Exe File

2021-02-18 19:32:17 - [TEST_STEP][PASSED] - excelTestData = findTestData("Data Files/TestData/InspectTestData"): null

2021-02-18 19:32:17 - [TEST_STEP][PASSED] - userEmail = excelTestData.getValue(2, 23): null

2021-02-18 19:32:17 - [TEST_STEP][PASSED] - customKeywords.commanFunctions.uploadFileOfPublicUser(172, userEmail): customKeywords.commanFunctions.uploadFileOfPublicUser is PASSED

2021-02-18 19:32:17 - [MESSAGE][INFO] - Starting 'Chrome' driver

2021-02-18 19:32:17 - [MESSAGE][INFO] - Action delay is set to 0 milliseconds

2021-02-18 19:32:26 - [MESSAGE][PASSED] - Browser is opened with url: 'https://Inspect.Stage.site.sa'

2021-02-18 19:32:28 - [MESSAGE][PASSED] - Current window maximized

2021-02-18 19:32:28 - [MESSAGE][PASSED] - Wait for page load successfully

2021-02-18 19:32:29 - [MESSAGE][PASSED] - Object: 'Object Repository/HomePage/ChooseAFile' is clicked on

2021-02-18 19:32:31 - [MESSAGE][PASSED] - Delayed 2 second(s)

2021-02-18 19:32:33 - [MESSAGE][INFO] - Image Uploaded Sucsessfully

2021-02-18 19:32:35 - [MESSAGE][PASSED] - Delayed 2 second(s)

2021-02-18 19:32:35 - [MESSAGE][PASSED] - Text 'readerdc_en_ka_cra_install' is present on page 

2021-02-18 19:32:36 - [MESSAGE][PASSED] - Keys 'Os-ARahman@projects.site.sa' sent to object: 'Object Repository/PublicUserHomePage/email_Input'

2021-02-18 19:32:36 - [MESSAGE][PASSED] - Object: 'Object Repository/PublicUserHomePage/SiteInspectTermsOfUse_CheckBox' is clicked on

2021-02-18 19:32:37 - [MESSAGE][PASSED] - Object: 'Object Repository/HomePage/startAnalysis_EnableBtn' is clicked on

2021-02-18 19:32:40 - [MESSAGE][PASSED] - Text 'Your submission was successful
The analysis results will be delivered to you via email' is present on page 

2021-02-18 19:32:40 - [MESSAGE][PASSED] - customKeywords.commanFunctions.uploadFileOfPublicUser is PASSED

2021-02-18 19:32:40 - [TEST_STEP][PASSED] - customKeywords.commanFunctions.onlyCloseBrowser(): customKeywords.commanFunctions.onlyCloseBrowser is PASSED

2021-02-18 19:32:41 - [MESSAGE][PASSED] - Browser is closed

2021-02-18 19:32:41 - [MESSAGE][PASSED] - customKeywords.commanFunctions.onlyCloseBrowser is PASSED]]></system-out>
         <system-err><![CDATA[]]></system-err>
      </testcase>
      <testcase name="Test Cases/UploadDiffFiles_PublicUser/TC_As a public user, Upload Graphics Interchange Format File" time="22.345" classname="Test Cases/UploadDiffFiles_PublicUser/TC_As a public user, Upload Graphics Interchange Format File" status="PASSED">
         <system-out><![CDATA[2021-02-18 19:32:41 - [TEST_CASE][PASSED] - Test Cases/UploadDiffFiles_PublicUser/TC_As a public user, Upload Graphics Interchange Format File: Test Cases/UploadDiffFiles_PublicUser/TC_As a public user, Upload Graphics Interchange Format File

2021-02-18 19:32:41 - [TEST_STEP][PASSED] - excelTestData = findTestData("Data Files/TestData/InspectTestData"): null

2021-02-18 19:32:41 - [TEST_STEP][PASSED] - userEmail = excelTestData.getValue(2, 23): null

2021-02-18 19:32:41 - [TEST_STEP][PASSED] - customKeywords.commanFunctions.uploadFileOfPublicUser(252, userEmail): customKeywords.commanFunctions.uploadFileOfPublicUser is PASSED

2021-02-18 19:32:41 - [MESSAGE][INFO] - Starting 'Chrome' driver

2021-02-18 19:32:41 - [MESSAGE][INFO] - Action delay is set to 0 milliseconds

2021-02-18 19:32:50 - [MESSAGE][PASSED] - Browser is opened with url: 'https://Inspect.Stage.site.sa'

2021-02-18 19:32:52 - [MESSAGE][PASSED] - Current window maximized

2021-02-18 19:32:52 - [MESSAGE][PASSED] - Wait for page load successfully

2021-02-18 19:32:53 - [MESSAGE][PASSED] - Object: 'Object Repository/HomePage/ChooseAFile' is clicked on

2021-02-18 19:32:55 - [MESSAGE][PASSED] - Delayed 2 second(s)

2021-02-18 19:32:57 - [MESSAGE][INFO] - Image Uploaded Sucsessfully

2021-02-18 19:32:59 - [MESSAGE][PASSED] - Delayed 2 second(s)

2021-02-18 19:32:59 - [MESSAGE][PASSED] - Text 'Graphics Interchange Format.gif' is present on page 

2021-02-18 19:32:59 - [MESSAGE][PASSED] - Keys 'Os-ARahman@projects.site.sa' sent to object: 'Object Repository/PublicUserHomePage/email_Input'

2021-02-18 19:33:00 - [MESSAGE][PASSED] - Object: 'Object Repository/PublicUserHomePage/SiteInspectTermsOfUse_CheckBox' is clicked on

2021-02-18 19:33:00 - [MESSAGE][PASSED] - Object: 'Object Repository/HomePage/startAnalysis_EnableBtn' is clicked on

2021-02-18 19:33:02 - [MESSAGE][PASSED] - Text 'Your submission was successful
The analysis results will be delivered to you via email' is present on page 

2021-02-18 19:33:02 - [MESSAGE][PASSED] - customKeywords.commanFunctions.uploadFileOfPublicUser is PASSED

2021-02-18 19:33:02 - [TEST_STEP][PASSED] - customKeywords.commanFunctions.onlyCloseBrowser(): customKeywords.commanFunctions.onlyCloseBrowser is PASSED

2021-02-18 19:33:03 - [MESSAGE][PASSED] - Browser is closed

2021-02-18 19:33:03 - [MESSAGE][PASSED] - customKeywords.commanFunctions.onlyCloseBrowser is PASSED]]></system-out>
         <system-err><![CDATA[]]></system-err>
      </testcase>
      <testcase name="Test Cases/UploadDiffFiles_PublicUser/TC_As a public user, Upload Jar File" time="25.404" classname="Test Cases/UploadDiffFiles_PublicUser/TC_As a public user, Upload Jar File" status="PASSED">
         <system-out><![CDATA[2021-02-18 19:33:03 - [TEST_CASE][PASSED] - Test Cases/UploadDiffFiles_PublicUser/TC_As a public user, Upload Jar File: Test Cases/UploadDiffFiles_PublicUser/TC_As a public user, Upload Jar File

2021-02-18 19:33:03 - [TEST_STEP][PASSED] - excelTestData = findTestData("Data Files/TestData/InspectTestData"): null

2021-02-18 19:33:03 - [TEST_STEP][PASSED] - userEmail = excelTestData.getValue(2, 23): null

2021-02-18 19:33:03 - [TEST_STEP][PASSED] - customKeywords.commanFunctions.uploadFileOfPublicUser(160, userEmail): customKeywords.commanFunctions.uploadFileOfPublicUser is PASSED

2021-02-18 19:33:03 - [MESSAGE][INFO] - Starting 'Chrome' driver

2021-02-18 19:33:03 - [MESSAGE][INFO] - Action delay is set to 0 milliseconds

2021-02-18 19:33:13 - [MESSAGE][PASSED] - Browser is opened with url: 'https://Inspect.Stage.site.sa'

2021-02-18 19:33:15 - [MESSAGE][PASSED] - Current window maximized

2021-02-18 19:33:15 - [MESSAGE][PASSED] - Wait for page load successfully

2021-02-18 19:33:15 - [MESSAGE][PASSED] - Object: 'Object Repository/HomePage/ChooseAFile' is clicked on

2021-02-18 19:33:17 - [MESSAGE][PASSED] - Delayed 2 second(s)

2021-02-18 19:33:19 - [MESSAGE][INFO] - Image Uploaded Sucsessfully

2021-02-18 19:33:21 - [MESSAGE][PASSED] - Delayed 2 second(s)

2021-02-18 19:33:22 - [MESSAGE][PASSED] - Text 'commonsCode' is present on page 

2021-02-18 19:33:22 - [MESSAGE][PASSED] - Keys 'Os-ARahman@projects.site.sa' sent to object: 'Object Repository/PublicUserHomePage/email_Input'

2021-02-18 19:33:22 - [MESSAGE][PASSED] - Object: 'Object Repository/PublicUserHomePage/SiteInspectTermsOfUse_CheckBox' is clicked on

2021-02-18 19:33:23 - [MESSAGE][PASSED] - Object: 'Object Repository/HomePage/startAnalysis_EnableBtn' is clicked on

2021-02-18 19:33:28 - [MESSAGE][PASSED] - Text 'Your submission was successful
The analysis results will be delivered to you via email' is present on page 

2021-02-18 19:33:28 - [MESSAGE][PASSED] - customKeywords.commanFunctions.uploadFileOfPublicUser is PASSED

2021-02-18 19:33:28 - [TEST_STEP][PASSED] - customKeywords.commanFunctions.onlyCloseBrowser(): customKeywords.commanFunctions.onlyCloseBrowser is PASSED

2021-02-18 19:33:28 - [MESSAGE][PASSED] - Browser is closed

2021-02-18 19:33:28 - [MESSAGE][PASSED] - customKeywords.commanFunctions.onlyCloseBrowser is PASSED]]></system-out>
         <system-err><![CDATA[]]></system-err>
      </testcase>
      <testcase name="Test Cases/UploadDiffFiles_PublicUser/TC_As a public user, Upload Java File" time="21.779" classname="Test Cases/UploadDiffFiles_PublicUser/TC_As a public user, Upload Java File" status="PASSED">
         <system-out><![CDATA[2021-02-18 19:33:28 - [TEST_CASE][PASSED] - Test Cases/UploadDiffFiles_PublicUser/TC_As a public user, Upload Java File: Test Cases/UploadDiffFiles_PublicUser/TC_As a public user, Upload Java File

2021-02-18 19:33:28 - [TEST_STEP][PASSED] - excelTestData = findTestData("Data Files/TestData/InspectTestData"): null

2021-02-18 19:33:28 - [TEST_STEP][PASSED] - userEmail = excelTestData.getValue(2, 23): null

2021-02-18 19:33:28 - [TEST_STEP][PASSED] - customKeywords.commanFunctions.uploadFileOfPublicUser(180, userEmail): customKeywords.commanFunctions.uploadFileOfPublicUser is PASSED

2021-02-18 19:33:29 - [MESSAGE][INFO] - Starting 'Chrome' driver

2021-02-18 19:33:29 - [MESSAGE][INFO] - Action delay is set to 0 milliseconds

2021-02-18 19:33:38 - [MESSAGE][PASSED] - Browser is opened with url: 'https://Inspect.Stage.site.sa'

2021-02-18 19:33:40 - [MESSAGE][PASSED] - Current window maximized

2021-02-18 19:33:40 - [MESSAGE][PASSED] - Wait for page load successfully

2021-02-18 19:33:40 - [MESSAGE][PASSED] - Object: 'Object Repository/HomePage/ChooseAFile' is clicked on

2021-02-18 19:33:42 - [MESSAGE][PASSED] - Delayed 2 second(s)

2021-02-18 19:33:44 - [MESSAGE][INFO] - Image Uploaded Sucsessfully

2021-02-18 19:33:46 - [MESSAGE][PASSED] - Delayed 2 second(s)

2021-02-18 19:33:47 - [MESSAGE][PASSED] - Text 'sampleExcel' is present on page 

2021-02-18 19:33:47 - [MESSAGE][PASSED] - Keys 'Os-ARahman@projects.site.sa' sent to object: 'Object Repository/PublicUserHomePage/email_Input'

2021-02-18 19:33:48 - [MESSAGE][PASSED] - Object: 'Object Repository/PublicUserHomePage/SiteInspectTermsOfUse_CheckBox' is clicked on

2021-02-18 19:33:48 - [MESSAGE][PASSED] - Object: 'Object Repository/HomePage/startAnalysis_EnableBtn' is clicked on

2021-02-18 19:33:49 - [MESSAGE][PASSED] - Text 'Your submission was successful
The analysis results will be delivered to you via email' is present on page 

2021-02-18 19:33:49 - [MESSAGE][PASSED] - customKeywords.commanFunctions.uploadFileOfPublicUser is PASSED

2021-02-18 19:33:49 - [TEST_STEP][PASSED] - customKeywords.commanFunctions.onlyCloseBrowser(): customKeywords.commanFunctions.onlyCloseBrowser is PASSED

2021-02-18 19:33:50 - [MESSAGE][PASSED] - Browser is closed

2021-02-18 19:33:50 - [MESSAGE][PASSED] - customKeywords.commanFunctions.onlyCloseBrowser is PASSED]]></system-out>
         <system-err><![CDATA[]]></system-err>
      </testcase>
      <testcase name="Test Cases/UploadDiffFiles_PublicUser/TC_As a public user, Upload JPEG graphic File" time="22.927" classname="Test Cases/UploadDiffFiles_PublicUser/TC_As a public user, Upload JPEG graphic File" status="PASSED">
         <system-out><![CDATA[2021-02-18 19:33:50 - [TEST_CASE][PASSED] - Test Cases/UploadDiffFiles_PublicUser/TC_As a public user, Upload JPEG graphic File: Test Cases/UploadDiffFiles_PublicUser/TC_As a public user, Upload JPEG graphic File

2021-02-18 19:33:50 - [TEST_STEP][PASSED] - excelTestData = findTestData("Data Files/TestData/InspectTestData"): null

2021-02-18 19:33:50 - [TEST_STEP][PASSED] - userEmail = excelTestData.getValue(2, 23): null

2021-02-18 19:33:50 - [TEST_STEP][PASSED] - customKeywords.commanFunctions.uploadFileOfPublicUser(256, userEmail): customKeywords.commanFunctions.uploadFileOfPublicUser is PASSED

2021-02-18 19:33:50 - [MESSAGE][INFO] - Starting 'Chrome' driver

2021-02-18 19:33:50 - [MESSAGE][INFO] - Action delay is set to 0 milliseconds

2021-02-18 19:34:00 - [MESSAGE][PASSED] - Browser is opened with url: 'https://Inspect.Stage.site.sa'

2021-02-18 19:34:02 - [MESSAGE][PASSED] - Current window maximized

2021-02-18 19:34:02 - [MESSAGE][PASSED] - Wait for page load successfully

2021-02-18 19:34:03 - [MESSAGE][PASSED] - Object: 'Object Repository/HomePage/ChooseAFile' is clicked on

2021-02-18 19:34:05 - [MESSAGE][PASSED] - Delayed 2 second(s)

2021-02-18 19:34:07 - [MESSAGE][INFO] - Image Uploaded Sucsessfully

2021-02-18 19:34:09 - [MESSAGE][PASSED] - Delayed 2 second(s)

2021-02-18 19:34:09 - [MESSAGE][PASSED] - Text 'JPEG graphic' is present on page 

2021-02-18 19:34:09 - [MESSAGE][PASSED] - Keys 'Os-ARahman@projects.site.sa' sent to object: 'Object Repository/PublicUserHomePage/email_Input'

2021-02-18 19:34:10 - [MESSAGE][PASSED] - Object: 'Object Repository/PublicUserHomePage/SiteInspectTermsOfUse_CheckBox' is clicked on

2021-02-18 19:34:10 - [MESSAGE][PASSED] - Object: 'Object Repository/HomePage/startAnalysis_EnableBtn' is clicked on

2021-02-18 19:34:12 - [MESSAGE][PASSED] - Text 'Your submission was successful
The analysis results will be delivered to you via email' is present on page 

2021-02-18 19:34:12 - [MESSAGE][PASSED] - customKeywords.commanFunctions.uploadFileOfPublicUser is PASSED

2021-02-18 19:34:12 - [TEST_STEP][PASSED] - customKeywords.commanFunctions.onlyCloseBrowser(): customKeywords.commanFunctions.onlyCloseBrowser is PASSED

2021-02-18 19:34:13 - [MESSAGE][PASSED] - Browser is closed

2021-02-18 19:34:13 - [MESSAGE][PASSED] - customKeywords.commanFunctions.onlyCloseBrowser is PASSED]]></system-out>
         <system-err><![CDATA[]]></system-err>
      </testcase>
      <testcase name="Test Cases/UploadDiffFiles_PublicUser/TC_As a public user, Upload MacPaint.mac File" time="22.325" classname="Test Cases/UploadDiffFiles_PublicUser/TC_As a public user, Upload MacPaint.mac File" status="PASSED">
         <system-out><![CDATA[2021-02-18 19:34:13 - [TEST_CASE][PASSED] - Test Cases/UploadDiffFiles_PublicUser/TC_As a public user, Upload MacPaint.mac File: Test Cases/UploadDiffFiles_PublicUser/TC_As a public user, Upload MacPaint.mac File

2021-02-18 19:34:13 - [TEST_STEP][PASSED] - excelTestData = findTestData("Data Files/TestData/InspectTestData"): null

2021-02-18 19:34:13 - [TEST_STEP][PASSED] - userEmail = excelTestData.getValue(2, 23): null

2021-02-18 19:34:13 - [TEST_STEP][PASSED] - customKeywords.commanFunctions.uploadFileOfPublicUser(333, userEmail): customKeywords.commanFunctions.uploadFileOfPublicUser is PASSED

2021-02-18 19:34:13 - [MESSAGE][INFO] - Starting 'Chrome' driver

2021-02-18 19:34:13 - [MESSAGE][INFO] - Action delay is set to 0 milliseconds

2021-02-18 19:34:22 - [MESSAGE][PASSED] - Browser is opened with url: 'https://Inspect.Stage.site.sa'

2021-02-18 19:34:25 - [MESSAGE][PASSED] - Current window maximized

2021-02-18 19:34:25 - [MESSAGE][PASSED] - Wait for page load successfully

2021-02-18 19:34:25 - [MESSAGE][PASSED] - Object: 'Object Repository/HomePage/ChooseAFile' is clicked on

2021-02-18 19:34:27 - [MESSAGE][PASSED] - Delayed 2 second(s)

2021-02-18 19:34:29 - [MESSAGE][INFO] - Image Uploaded Sucsessfully

2021-02-18 19:34:31 - [MESSAGE][PASSED] - Delayed 2 second(s)

2021-02-18 19:34:31 - [MESSAGE][PASSED] - Text 'MacPaint' is present on page 

2021-02-18 19:34:32 - [MESSAGE][PASSED] - Keys 'Os-ARahman@projects.site.sa' sent to object: 'Object Repository/PublicUserHomePage/email_Input'

2021-02-18 19:34:32 - [MESSAGE][PASSED] - Object: 'Object Repository/PublicUserHomePage/SiteInspectTermsOfUse_CheckBox' is clicked on

2021-02-18 19:34:33 - [MESSAGE][PASSED] - Object: 'Object Repository/HomePage/startAnalysis_EnableBtn' is clicked on

2021-02-18 19:34:35 - [MESSAGE][PASSED] - Text 'Your submission was successful
The analysis results will be delivered to you via email' is present on page 

2021-02-18 19:34:35 - [MESSAGE][PASSED] - customKeywords.commanFunctions.uploadFileOfPublicUser is PASSED

2021-02-18 19:34:35 - [TEST_STEP][PASSED] - customKeywords.commanFunctions.onlyCloseBrowser(): customKeywords.commanFunctions.onlyCloseBrowser is PASSED

2021-02-18 19:34:35 - [MESSAGE][PASSED] - Browser is closed

2021-02-18 19:34:35 - [MESSAGE][PASSED] - customKeywords.commanFunctions.onlyCloseBrowser is PASSED]]></system-out>
         <system-err><![CDATA[]]></system-err>
      </testcase>
      <testcase name="Test Cases/UploadDiffFiles_PublicUser/TC_As a public user, Upload Microsoft Word File" time="22.73" classname="Test Cases/UploadDiffFiles_PublicUser/TC_As a public user, Upload Microsoft Word File" status="PASSED">
         <system-out><![CDATA[2021-02-18 19:34:35 - [TEST_CASE][PASSED] - Test Cases/UploadDiffFiles_PublicUser/TC_As a public user, Upload Microsoft Word File: Test Cases/UploadDiffFiles_PublicUser/TC_As a public user, Upload Microsoft Word File

2021-02-18 19:34:35 - [TEST_STEP][PASSED] - excelTestData = findTestData("Data Files/TestData/InspectTestData"): null

2021-02-18 19:34:35 - [TEST_STEP][PASSED] - userEmail = excelTestData.getValue(2, 23): null

2021-02-18 19:34:35 - [TEST_STEP][PASSED] - customKeywords.commanFunctions.uploadFileOfPublicUser(248, userEmail): customKeywords.commanFunctions.uploadFileOfPublicUser is PASSED

2021-02-18 19:34:36 - [MESSAGE][INFO] - Starting 'Chrome' driver

2021-02-18 19:34:36 - [MESSAGE][INFO] - Action delay is set to 0 milliseconds

2021-02-18 19:34:45 - [MESSAGE][PASSED] - Browser is opened with url: 'https://Inspect.Stage.site.sa'

2021-02-18 19:34:47 - [MESSAGE][PASSED] - Current window maximized

2021-02-18 19:34:47 - [MESSAGE][PASSED] - Wait for page load successfully

2021-02-18 19:34:48 - [MESSAGE][PASSED] - Object: 'Object Repository/HomePage/ChooseAFile' is clicked on

2021-02-18 19:34:50 - [MESSAGE][PASSED] - Delayed 2 second(s)

2021-02-18 19:34:52 - [MESSAGE][INFO] - Image Uploaded Sucsessfully

2021-02-18 19:34:54 - [MESSAGE][PASSED] - Delayed 2 second(s)

2021-02-18 19:34:54 - [MESSAGE][PASSED] - Text 'Microsoft Word' is present on page 

2021-02-18 19:34:55 - [MESSAGE][PASSED] - Keys 'Os-ARahman@projects.site.sa' sent to object: 'Object Repository/PublicUserHomePage/email_Input'

2021-02-18 19:34:55 - [MESSAGE][PASSED] - Object: 'Object Repository/PublicUserHomePage/SiteInspectTermsOfUse_CheckBox' is clicked on

2021-02-18 19:34:56 - [MESSAGE][PASSED] - Object: 'Object Repository/HomePage/startAnalysis_EnableBtn' is clicked on

2021-02-18 19:34:57 - [MESSAGE][PASSED] - Text 'Your submission was successful
The analysis results will be delivered to you via email' is present on page 

2021-02-18 19:34:57 - [MESSAGE][PASSED] - customKeywords.commanFunctions.uploadFileOfPublicUser is PASSED

2021-02-18 19:34:57 - [TEST_STEP][PASSED] - customKeywords.commanFunctions.onlyCloseBrowser(): customKeywords.commanFunctions.onlyCloseBrowser is PASSED

2021-02-18 19:34:58 - [MESSAGE][PASSED] - Browser is closed

2021-02-18 19:34:58 - [MESSAGE][PASSED] - customKeywords.commanFunctions.onlyCloseBrowser is PASSED]]></system-out>
         <system-err><![CDATA[]]></system-err>
      </testcase>
      <testcase name="Test Cases/UploadDiffFiles_PublicUser/TC_As a public user, Upload MS Access database File" time="22.755" classname="Test Cases/UploadDiffFiles_PublicUser/TC_As a public user, Upload MS Access database File" status="PASSED">
         <system-out><![CDATA[2021-02-18 19:34:58 - [TEST_CASE][PASSED] - Test Cases/UploadDiffFiles_PublicUser/TC_As a public user, Upload MS Access database File: Test Cases/UploadDiffFiles_PublicUser/TC_As a public user, Upload MS Access database File

2021-02-18 19:34:58 - [TEST_STEP][PASSED] - excelTestData = findTestData("Data Files/TestData/InspectTestData"): null

2021-02-18 19:34:58 - [TEST_STEP][PASSED] - userEmail = excelTestData.getValue(2, 23): null

2021-02-18 19:34:58 - [TEST_STEP][PASSED] - customKeywords.commanFunctions.uploadFileOfPublicUser(342, userEmail): customKeywords.commanFunctions.uploadFileOfPublicUser is PASSED

2021-02-18 19:34:58 - [MESSAGE][INFO] - Starting 'Chrome' driver

2021-02-18 19:34:58 - [MESSAGE][INFO] - Action delay is set to 0 milliseconds

2021-02-18 19:35:08 - [MESSAGE][PASSED] - Browser is opened with url: 'https://Inspect.Stage.site.sa'

2021-02-18 19:35:10 - [MESSAGE][PASSED] - Current window maximized

2021-02-18 19:35:10 - [MESSAGE][PASSED] - Wait for page load successfully

2021-02-18 19:35:10 - [MESSAGE][PASSED] - Object: 'Object Repository/HomePage/ChooseAFile' is clicked on

2021-02-18 19:35:12 - [MESSAGE][PASSED] - Delayed 2 second(s)

2021-02-18 19:35:14 - [MESSAGE][INFO] - Image Uploaded Sucsessfully

2021-02-18 19:35:16 - [MESSAGE][PASSED] - Delayed 2 second(s)

2021-02-18 19:35:17 - [MESSAGE][PASSED] - Text 'MS Access database' is present on page 

2021-02-18 19:35:17 - [MESSAGE][PASSED] - Keys 'Os-ARahman@projects.site.sa' sent to object: 'Object Repository/PublicUserHomePage/email_Input'

2021-02-18 19:35:18 - [MESSAGE][PASSED] - Object: 'Object Repository/PublicUserHomePage/SiteInspectTermsOfUse_CheckBox' is clicked on

2021-02-18 19:35:18 - [MESSAGE][PASSED] - Object: 'Object Repository/HomePage/startAnalysis_EnableBtn' is clicked on

2021-02-18 19:35:20 - [MESSAGE][PASSED] - Text 'Your submission was successful
The analysis results will be delivered to you via email' is present on page 

2021-02-18 19:35:20 - [MESSAGE][PASSED] - customKeywords.commanFunctions.uploadFileOfPublicUser is PASSED

2021-02-18 19:35:20 - [TEST_STEP][PASSED] - customKeywords.commanFunctions.onlyCloseBrowser(): customKeywords.commanFunctions.onlyCloseBrowser is PASSED

2021-02-18 19:35:21 - [MESSAGE][PASSED] - Browser is closed

2021-02-18 19:35:21 - [MESSAGE][PASSED] - customKeywords.commanFunctions.onlyCloseBrowser is PASSED]]></system-out>
         <system-err><![CDATA[]]></system-err>
      </testcase>
      <testcase name="Test Cases/UploadDiffFiles_PublicUser/TC_As a public user, Upload MS Works File" time="21.754" classname="Test Cases/UploadDiffFiles_PublicUser/TC_As a public user, Upload MS Works File" status="PASSED">
         <system-out><![CDATA[2021-02-18 19:35:21 - [TEST_CASE][PASSED] - Test Cases/UploadDiffFiles_PublicUser/TC_As a public user, Upload MS Works File: Test Cases/UploadDiffFiles_PublicUser/TC_As a public user, Upload MS Works File

2021-02-18 19:35:21 - [TEST_STEP][PASSED] - excelTestData = findTestData("Data Files/TestData/InspectTestData"): null

2021-02-18 19:35:21 - [TEST_STEP][PASSED] - userEmail = excelTestData.getValue(2, 23): null

2021-02-18 19:35:21 - [TEST_STEP][PASSED] - customKeywords.commanFunctions.uploadFileOfPublicUser(362, userEmail): customKeywords.commanFunctions.uploadFileOfPublicUser is PASSED

2021-02-18 19:35:21 - [MESSAGE][INFO] - Starting 'Chrome' driver

2021-02-18 19:35:21 - [MESSAGE][INFO] - Action delay is set to 0 milliseconds

2021-02-18 19:35:30 - [MESSAGE][PASSED] - Browser is opened with url: 'https://Inspect.Stage.site.sa'

2021-02-18 19:35:33 - [MESSAGE][PASSED] - Current window maximized

2021-02-18 19:35:33 - [MESSAGE][PASSED] - Wait for page load successfully

2021-02-18 19:35:33 - [MESSAGE][PASSED] - Object: 'Object Repository/HomePage/ChooseAFile' is clicked on

2021-02-18 19:35:35 - [MESSAGE][PASSED] - Delayed 2 second(s)

2021-02-18 19:35:37 - [MESSAGE][INFO] - Image Uploaded Sucsessfully

2021-02-18 19:35:39 - [MESSAGE][PASSED] - Delayed 2 second(s)

2021-02-18 19:35:39 - [MESSAGE][PASSED] - Text 'MS Works' is present on page 

2021-02-18 19:35:40 - [MESSAGE][PASSED] - Keys 'Os-ARahman@projects.site.sa' sent to object: 'Object Repository/PublicUserHomePage/email_Input'

2021-02-18 19:35:40 - [MESSAGE][PASSED] - Object: 'Object Repository/PublicUserHomePage/SiteInspectTermsOfUse_CheckBox' is clicked on

2021-02-18 19:35:41 - [MESSAGE][PASSED] - Object: 'Object Repository/HomePage/startAnalysis_EnableBtn' is clicked on

2021-02-18 19:35:42 - [MESSAGE][PASSED] - Text 'Your submission was successful
The analysis results will be delivered to you via email' is present on page 

2021-02-18 19:35:42 - [MESSAGE][PASSED] - customKeywords.commanFunctions.uploadFileOfPublicUser is PASSED

2021-02-18 19:35:42 - [TEST_STEP][PASSED] - customKeywords.commanFunctions.onlyCloseBrowser(): customKeywords.commanFunctions.onlyCloseBrowser is PASSED

2021-02-18 19:35:43 - [MESSAGE][PASSED] - Browser is closed

2021-02-18 19:35:43 - [MESSAGE][PASSED] - customKeywords.commanFunctions.onlyCloseBrowser is PASSED]]></system-out>
         <system-err><![CDATA[]]></system-err>
      </testcase>
      <testcase name="Test Cases/UploadDiffFiles_PublicUser/TC_As a public user, Upload Multimedia File" time="22.577" classname="Test Cases/UploadDiffFiles_PublicUser/TC_As a public user, Upload Multimedia File" status="PASSED">
         <system-out><![CDATA[2021-02-18 19:35:43 - [TEST_CASE][PASSED] - Test Cases/UploadDiffFiles_PublicUser/TC_As a public user, Upload Multimedia File: Test Cases/UploadDiffFiles_PublicUser/TC_As a public user, Upload Multimedia File

2021-02-18 19:35:43 - [TEST_STEP][PASSED] - excelTestData = findTestData("Data Files/TestData/InspectTestData"): null

2021-02-18 19:35:43 - [TEST_STEP][PASSED] - userEmail = excelTestData.getValue(2, 23): null

2021-02-18 19:35:43 - [TEST_STEP][PASSED] - customKeywords.commanFunctions.uploadFileOfPublicUser(244, userEmail): customKeywords.commanFunctions.uploadFileOfPublicUser is PASSED

2021-02-18 19:35:43 - [MESSAGE][INFO] - Starting 'Chrome' driver

2021-02-18 19:35:43 - [MESSAGE][INFO] - Action delay is set to 0 milliseconds

2021-02-18 19:35:52 - [MESSAGE][PASSED] - Browser is opened with url: 'https://Inspect.Stage.site.sa'

2021-02-18 19:35:54 - [MESSAGE][PASSED] - Current window maximized

2021-02-18 19:35:54 - [MESSAGE][PASSED] - Wait for page load successfully

2021-02-18 19:35:55 - [MESSAGE][PASSED] - Object: 'Object Repository/HomePage/ChooseAFile' is clicked on

2021-02-18 19:35:57 - [MESSAGE][PASSED] - Delayed 2 second(s)

2021-02-18 19:35:59 - [MESSAGE][INFO] - Image Uploaded Sucsessfully

2021-02-18 19:36:01 - [MESSAGE][PASSED] - Delayed 2 second(s)

2021-02-18 19:36:01 - [MESSAGE][PASSED] - Text 'Multimedia' is present on page 

2021-02-18 19:36:02 - [MESSAGE][PASSED] - Keys 'Os-ARahman@projects.site.sa' sent to object: 'Object Repository/PublicUserHomePage/email_Input'

2021-02-18 19:36:02 - [MESSAGE][PASSED] - Object: 'Object Repository/PublicUserHomePage/SiteInspectTermsOfUse_CheckBox' is clicked on

2021-02-18 19:36:03 - [MESSAGE][PASSED] - Object: 'Object Repository/HomePage/startAnalysis_EnableBtn' is clicked on

2021-02-18 19:36:04 - [MESSAGE][PASSED] - Text 'Your submission was successful
The analysis results will be delivered to you via email' is present on page 

2021-02-18 19:36:04 - [MESSAGE][PASSED] - customKeywords.commanFunctions.uploadFileOfPublicUser is PASSED

2021-02-18 19:36:04 - [TEST_STEP][PASSED] - customKeywords.commanFunctions.onlyCloseBrowser(): customKeywords.commanFunctions.onlyCloseBrowser is PASSED

2021-02-18 19:36:05 - [MESSAGE][PASSED] - Browser is closed

2021-02-18 19:36:05 - [MESSAGE][PASSED] - customKeywords.commanFunctions.onlyCloseBrowser is PASSED]]></system-out>
         <system-err><![CDATA[]]></system-err>
      </testcase>
      <testcase name="Test Cases/UploadDiffFiles_PublicUser/TC_As a public user, Upload PaintShop Pro File" time="22.576" classname="Test Cases/UploadDiffFiles_PublicUser/TC_As a public user, Upload PaintShop Pro File" status="PASSED">
         <system-out><![CDATA[2021-02-18 19:36:05 - [TEST_CASE][PASSED] - Test Cases/UploadDiffFiles_PublicUser/TC_As a public user, Upload PaintShop Pro File: Test Cases/UploadDiffFiles_PublicUser/TC_As a public user, Upload PaintShop Pro File

2021-02-18 19:36:05 - [TEST_STEP][PASSED] - excelTestData = findTestData("Data Files/TestData/InspectTestData"): null

2021-02-18 19:36:05 - [TEST_STEP][PASSED] - userEmail = excelTestData.getValue(2, 23): null

2021-02-18 19:36:05 - [TEST_STEP][PASSED] - customKeywords.commanFunctions.uploadFileOfPublicUser(350, userEmail): customKeywords.commanFunctions.uploadFileOfPublicUser is PASSED

2021-02-18 19:36:05 - [MESSAGE][INFO] - Starting 'Chrome' driver

2021-02-18 19:36:05 - [MESSAGE][INFO] - Action delay is set to 0 milliseconds

2021-02-18 19:36:15 - [MESSAGE][PASSED] - Browser is opened with url: 'https://Inspect.Stage.site.sa'

2021-02-18 19:36:17 - [MESSAGE][PASSED] - Current window maximized

2021-02-18 19:36:17 - [MESSAGE][PASSED] - Wait for page load successfully

2021-02-18 19:36:18 - [MESSAGE][PASSED] - Object: 'Object Repository/HomePage/ChooseAFile' is clicked on

2021-02-18 19:36:20 - [MESSAGE][PASSED] - Delayed 2 second(s)

2021-02-18 19:36:22 - [MESSAGE][INFO] - Image Uploaded Sucsessfully

2021-02-18 19:36:24 - [MESSAGE][PASSED] - Delayed 2 second(s)

2021-02-18 19:36:24 - [MESSAGE][PASSED] - Text 'PaintShop Pro' is present on page 

2021-02-18 19:36:24 - [MESSAGE][PASSED] - Keys 'Os-ARahman@projects.site.sa' sent to object: 'Object Repository/PublicUserHomePage/email_Input'

2021-02-18 19:36:25 - [MESSAGE][PASSED] - Object: 'Object Repository/PublicUserHomePage/SiteInspectTermsOfUse_CheckBox' is clicked on

2021-02-18 19:36:25 - [MESSAGE][PASSED] - Object: 'Object Repository/HomePage/startAnalysis_EnableBtn' is clicked on

2021-02-18 19:36:27 - [MESSAGE][PASSED] - Text 'Your submission was successful
The analysis results will be delivered to you via email' is present on page 

2021-02-18 19:36:27 - [MESSAGE][PASSED] - customKeywords.commanFunctions.uploadFileOfPublicUser is PASSED

2021-02-18 19:36:27 - [TEST_STEP][PASSED] - customKeywords.commanFunctions.onlyCloseBrowser(): customKeywords.commanFunctions.onlyCloseBrowser is PASSED

2021-02-18 19:36:28 - [MESSAGE][PASSED] - Browser is closed

2021-02-18 19:36:28 - [MESSAGE][PASSED] - customKeywords.commanFunctions.onlyCloseBrowser is PASSED]]></system-out>
         <system-err><![CDATA[]]></system-err>
      </testcase>
      <testcase name="Test Cases/UploadDiffFiles_PublicUser/TC_As a public user, Upload PC batch file File" time="22.241" classname="Test Cases/UploadDiffFiles_PublicUser/TC_As a public user, Upload PC batch file File" status="PASSED">
         <system-out><![CDATA[2021-02-18 19:36:28 - [TEST_CASE][PASSED] - Test Cases/UploadDiffFiles_PublicUser/TC_As a public user, Upload PC batch file File: Test Cases/UploadDiffFiles_PublicUser/TC_As a public user, Upload PC batch file File

2021-02-18 19:36:28 - [TEST_STEP][PASSED] - excelTestData = findTestData("Data Files/TestData/InspectTestData"): null

2021-02-18 19:36:28 - [TEST_STEP][PASSED] - userEmail = excelTestData.getValue(2, 23): null

2021-02-18 19:36:28 - [TEST_STEP][PASSED] - customKeywords.commanFunctions.uploadFileOfPublicUser(232, userEmail): customKeywords.commanFunctions.uploadFileOfPublicUser is PASSED

2021-02-18 19:36:28 - [MESSAGE][INFO] - Starting 'Chrome' driver

2021-02-18 19:36:28 - [MESSAGE][INFO] - Action delay is set to 0 milliseconds

2021-02-18 19:36:37 - [MESSAGE][PASSED] - Browser is opened with url: 'https://Inspect.Stage.site.sa'

2021-02-18 19:36:39 - [MESSAGE][PASSED] - Current window maximized

2021-02-18 19:36:39 - [MESSAGE][PASSED] - Wait for page load successfully

2021-02-18 19:36:40 - [MESSAGE][PASSED] - Object: 'Object Repository/HomePage/ChooseAFile' is clicked on

2021-02-18 19:36:42 - [MESSAGE][PASSED] - Delayed 2 second(s)

2021-02-18 19:36:44 - [MESSAGE][INFO] - Image Uploaded Sucsessfully

2021-02-18 19:36:46 - [MESSAGE][PASSED] - Delayed 2 second(s)

2021-02-18 19:36:46 - [MESSAGE][PASSED] - Text 'PC batch file' is present on page 

2021-02-18 19:36:46 - [MESSAGE][PASSED] - Keys 'Os-ARahman@projects.site.sa' sent to object: 'Object Repository/PublicUserHomePage/email_Input'

2021-02-18 19:36:47 - [MESSAGE][PASSED] - Object: 'Object Repository/PublicUserHomePage/SiteInspectTermsOfUse_CheckBox' is clicked on

2021-02-18 19:36:48 - [MESSAGE][PASSED] - Object: 'Object Repository/HomePage/startAnalysis_EnableBtn' is clicked on

2021-02-18 19:36:49 - [MESSAGE][PASSED] - Text 'Your submission was successful
The analysis results will be delivered to you via email' is present on page 

2021-02-18 19:36:49 - [MESSAGE][PASSED] - customKeywords.commanFunctions.uploadFileOfPublicUser is PASSED

2021-02-18 19:36:49 - [TEST_STEP][PASSED] - customKeywords.commanFunctions.onlyCloseBrowser(): customKeywords.commanFunctions.onlyCloseBrowser is PASSED

2021-02-18 19:36:50 - [MESSAGE][PASSED] - Browser is closed

2021-02-18 19:36:50 - [MESSAGE][PASSED] - customKeywords.commanFunctions.onlyCloseBrowser is PASSED]]></system-out>
         <system-err><![CDATA[]]></system-err>
      </testcase>
      <testcase name="Test Cases/UploadDiffFiles_PublicUser/TC_As a public user, Upload PC Zip Compressed Archive File" time="22.953" classname="Test Cases/UploadDiffFiles_PublicUser/TC_As a public user, Upload PC Zip Compressed Archive File" status="FAILED">
         <failure type="FAILED" message="Test Cases/UploadDiffFiles_PublicUser/TC_As a public user, Upload PC Zip Compressed Archive File FAILED.
Reason:
com.kms.katalon.core.exception.StepFailedException: Unable to verify text 'Your submission was successful
The analysis results will be delivered to you via email' is present 
	at com.kms.katalon.core.webui.keyword.internal.WebUIKeywordMain.stepFailed(WebUIKeywordMain.groovy:64)
	at com.kms.katalon.core.webui.keyword.internal.WebUIKeywordMain.runKeyword(WebUIKeywordMain.groovy:26)
	at com.kms.katalon.core.webui.keyword.builtin.VerifyTextPresentKeyword.verifyTextPresent(VerifyTextPresentKeyword.groovy:83)
	at com.kms.katalon.core.webui.keyword.builtin.VerifyTextPresentKeyword.execute(VerifyTextPresentKeyword.groovy:68)
	at com.kms.katalon.core.keyword.internal.KeywordExecutor.executeKeywordForPlatform(KeywordExecutor.groovy:73)
	at com.kms.katalon.core.webui.keyword.WebUiBuiltInKeywords.verifyTextPresent(WebUiBuiltInKeywords.groovy:1720)
	at com.kms.katalon.core.webui.keyword.WebUiBuiltInKeywords$verifyTextPresent$3.call(Unknown Source)
	at customKeywords.commanFunctions.uploadFileOfPublicUser(commanFunctions.groovy:668)
	at customKeywords.commanFunctions.invokeMethod(commanFunctions.groovy)
	at com.kms.katalon.core.main.CustomKeywordDelegatingMetaClass.invokeStaticMethod(CustomKeywordDelegatingMetaClass.java:50)
	at TC_As a public user, Upload PC Zip Compressed Archive File.run(TC_As a public user, Upload PC Zip Compressed Archive File:14)
	at com.kms.katalon.core.main.ScriptEngine.run(ScriptEngine.java:194)
	at com.kms.katalon.core.main.ScriptEngine.runScriptAsRawText(ScriptEngine.java:119)
	at com.kms.katalon.core.main.TestCaseExecutor.runScript(TestCaseExecutor.java:394)
	at com.kms.katalon.core.main.TestCaseExecutor.doExecute(TestCaseExecutor.java:385)
	at com.kms.katalon.core.main.TestCaseExecutor.processExecutionPhase(TestCaseExecutor.java:364)
	at com.kms.katalon.core.main.TestCaseExecutor.accessMainPhase(TestCaseExecutor.java:356)
	at com.kms.katalon.core.main.TestCaseExecutor.execute(TestCaseExecutor.java:251)
	at com.kms.katalon.core.main.TestSuiteExecutor.accessTestCaseMainPhase(TestSuiteExecutor.java:203)
	at com.kms.katalon.core.main.TestSuiteExecutor.accessTestSuiteMainPhase(TestSuiteExecutor.java:152)
	at com.kms.katalon.core.main.TestSuiteExecutor.execute(TestSuiteExecutor.java:95)
	at com.kms.katalon.core.main.TestCaseMain.startTestSuite(TestCaseMain.java:157)
	at com.kms.katalon.core.main.TestCaseMain$startTestSuite$0.call(Unknown Source)
	at TempTestSuite1613655551628.run(TempTestSuite1613655551628.groovy:39)
Caused by: com.kms.katalon.core.exception.StepFailedException: Text 'Your submission was successful
The analysis results will be delivered to you via email' is not present on page 
	at com.kms.katalon.core.webui.keyword.internal.WebUIKeywordMain.stepFailed(WebUIKeywordMain.groovy:64)
	at com.kms.katalon.core.webui.keyword.builtin.VerifyTextPresentKeyword$_verifyTextPresent_closure1.doCall(VerifyTextPresentKeyword.groovy:79)
	at com.kms.katalon.core.webui.keyword.builtin.VerifyTextPresentKeyword$_verifyTextPresent_closure1.call(VerifyTextPresentKeyword.groovy)
	at com.kms.katalon.core.webui.keyword.internal.WebUIKeywordMain.runKeyword(WebUIKeywordMain.groovy:20)
	... 22 more
"/>
         <system-out><![CDATA[2021-02-18 19:36:50 - [TEST_CASE][FAILED] - Test Cases/UploadDiffFiles_PublicUser/TC_As a public user, Upload PC Zip Compressed Archive File: Test Cases/UploadDiffFiles_PublicUser/TC_As a public user, Upload PC Zip Compressed Archive File FAILED.
Reason:
com.kms.katalon.core.exception.StepFailedException: Unable to verify text 'Your submission was successful
The analysis results will be delivered to you via email' is present 
	at com.kms.katalon.core.webui.keyword.internal.WebUIKeywordMain.stepFailed(WebUIKeywordMain.groovy:64)
	at com.kms.katalon.core.webui.keyword.internal.WebUIKeywordMain.runKeyword(WebUIKeywordMain.groovy:26)
	at com.kms.katalon.core.webui.keyword.builtin.VerifyTextPresentKeyword.verifyTextPresent(VerifyTextPresentKeyword.groovy:83)
	at com.kms.katalon.core.webui.keyword.builtin.VerifyTextPresentKeyword.execute(VerifyTextPresentKeyword.groovy:68)
	at com.kms.katalon.core.keyword.internal.KeywordExecutor.executeKeywordForPlatform(KeywordExecutor.groovy:73)
	at com.kms.katalon.core.webui.keyword.WebUiBuiltInKeywords.verifyTextPresent(WebUiBuiltInKeywords.groovy:1720)
	at com.kms.katalon.core.webui.keyword.WebUiBuiltInKeywords$verifyTextPresent$3.call(Unknown Source)
	at customKeywords.commanFunctions.uploadFileOfPublicUser(commanFunctions.groovy:668)
	at customKeywords.commanFunctions.invokeMethod(commanFunctions.groovy)
	at com.kms.katalon.core.main.CustomKeywordDelegatingMetaClass.invokeStaticMethod(CustomKeywordDelegatingMetaClass.java:50)
	at TC_As a public user, Upload PC Zip Compressed Archive File.run(TC_As a public user, Upload PC Zip Compressed Archive File:14)
	at com.kms.katalon.core.main.ScriptEngine.run(ScriptEngine.java:194)
	at com.kms.katalon.core.main.ScriptEngine.runScriptAsRawText(ScriptEngine.java:119)
	at com.kms.katalon.core.main.TestCaseExecutor.runScript(TestCaseExecutor.java:394)
	at com.kms.katalon.core.main.TestCaseExecutor.doExecute(TestCaseExecutor.java:385)
	at com.kms.katalon.core.main.TestCaseExecutor.processExecutionPhase(TestCaseExecutor.java:364)
	at com.kms.katalon.core.main.TestCaseExecutor.accessMainPhase(TestCaseExecutor.java:356)
	at com.kms.katalon.core.main.TestCaseExecutor.execute(TestCaseExecutor.java:251)
	at com.kms.katalon.core.main.TestSuiteExecutor.accessTestCaseMainPhase(TestSuiteExecutor.java:203)
	at com.kms.katalon.core.main.TestSuiteExecutor.accessTestSuiteMainPhase(TestSuiteExecutor.java:152)
	at com.kms.katalon.core.main.TestSuiteExecutor.execute(TestSuiteExecutor.java:95)
	at com.kms.katalon.core.main.TestCaseMain.startTestSuite(TestCaseMain.java:157)
	at com.kms.katalon.core.main.TestCaseMain$startTestSuite$0.call(Unknown Source)
	at TempTestSuite1613655551628.run(TempTestSuite1613655551628.groovy:39)
Caused by: com.kms.katalon.core.exception.StepFailedException: Text 'Your submission was successful
The analysis results will be delivered to you via email' is not present on page 
	at com.kms.katalon.core.webui.keyword.internal.WebUIKeywordMain.stepFailed(WebUIKeywordMain.groovy:64)
	at com.kms.katalon.core.webui.keyword.builtin.VerifyTextPresentKeyword$_verifyTextPresent_closure1.doCall(VerifyTextPresentKeyword.groovy:79)
	at com.kms.katalon.core.webui.keyword.builtin.VerifyTextPresentKeyword$_verifyTextPresent_closure1.call(VerifyTextPresentKeyword.groovy)
	at com.kms.katalon.core.webui.keyword.internal.WebUIKeywordMain.runKeyword(WebUIKeywordMain.groovy:20)
	... 22 more


2021-02-18 19:36:50 - [TEST_STEP][PASSED] - excelTestData = findTestData("Data Files/TestData/InspectTestData"): null

2021-02-18 19:36:50 - [TEST_STEP][PASSED] - userEmail = excelTestData.getValue(2, 23): null

2021-02-18 19:36:50 - [TEST_STEP][FAILED] - customKeywords.commanFunctions.uploadFileOfPublicUser(366, userEmail): Unable to verify text 'Your submission was successful
The analysis results will be delivered to you via email' is present 

2021-02-18 19:36:50 - [MESSAGE][INFO] - Starting 'Chrome' driver

2021-02-18 19:36:50 - [MESSAGE][INFO] - Action delay is set to 0 milliseconds

2021-02-18 19:36:59 - [MESSAGE][PASSED] - Browser is opened with url: 'https://Inspect.Stage.site.sa'

2021-02-18 19:37:02 - [MESSAGE][PASSED] - Current window maximized

2021-02-18 19:37:02 - [MESSAGE][PASSED] - Wait for page load successfully

2021-02-18 19:37:02 - [MESSAGE][PASSED] - Object: 'Object Repository/HomePage/ChooseAFile' is clicked on

2021-02-18 19:37:04 - [MESSAGE][PASSED] - Delayed 2 second(s)

2021-02-18 19:37:06 - [MESSAGE][INFO] - Image Uploaded Sucsessfully

2021-02-18 19:37:08 - [MESSAGE][PASSED] - Delayed 2 second(s)

2021-02-18 19:37:08 - [MESSAGE][PASSED] - Text 'PC Zip Compressed Archive' is present on page 

2021-02-18 19:37:09 - [MESSAGE][PASSED] - Keys 'Os-ARahman@projects.site.sa' sent to object: 'Object Repository/PublicUserHomePage/email_Input'

2021-02-18 19:37:09 - [MESSAGE][PASSED] - Object: 'Object Repository/PublicUserHomePage/SiteInspectTermsOfUse_CheckBox' is clicked on

2021-02-18 19:37:10 - [MESSAGE][PASSED] - Object: 'Object Repository/HomePage/startAnalysis_EnableBtn' is clicked on

2021-02-18 19:37:12 - [MESSAGE][FAILED] - Text 'Your submission was successful
The analysis results will be delivered to you via email' is not present on page  (Root cause: com.kms.katalon.core.exception.StepFailedException: Text 'Your submission was successful
The analysis results will be delivered to you via email' is not present on page 
	at com.kms.katalon.core.webui.keyword.internal.WebUIKeywordMain.stepFailed(WebUIKeywordMain.groovy:64)
	at com.kms.katalon.core.webui.keyword.builtin.VerifyTextPresentKeyword$_verifyTextPresent_closure1.doCall(VerifyTextPresentKeyword.groovy:79)
	at com.kms.katalon.core.webui.keyword.builtin.VerifyTextPresentKeyword$_verifyTextPresent_closure1.call(VerifyTextPresentKeyword.groovy)
	at com.kms.katalon.core.webui.keyword.internal.WebUIKeywordMain.runKeyword(WebUIKeywordMain.groovy:20)
	at com.kms.katalon.core.webui.keyword.builtin.VerifyTextPresentKeyword.verifyTextPresent(VerifyTextPresentKeyword.groovy:83)
	at com.kms.katalon.core.webui.keyword.builtin.VerifyTextPresentKeyword.execute(VerifyTextPresentKeyword.groovy:68)
	at com.kms.katalon.core.keyword.internal.KeywordExecutor.executeKeywordForPlatform(KeywordExecutor.groovy:73)
	at com.kms.katalon.core.webui.keyword.WebUiBuiltInKeywords.verifyTextPresent(WebUiBuiltInKeywords.groovy:1720)
	at com.kms.katalon.core.webui.keyword.WebUiBuiltInKeywords$verifyTextPresent$3.call(Unknown Source)
	at customKeywords.commanFunctions.uploadFileOfPublicUser(commanFunctions.groovy:668)
	at customKeywords.commanFunctions.invokeMethod(commanFunctions.groovy)
	at com.kms.katalon.core.main.CustomKeywordDelegatingMetaClass.invokeStaticMethod(CustomKeywordDelegatingMetaClass.java:50)
	at TC_As a public user, Upload PC Zip Compressed Archive File.run(TC_As a public user, Upload PC Zip Compressed Archive File:14)
	at com.kms.katalon.core.main.ScriptEngine.run(ScriptEngine.java:194)
	at com.kms.katalon.core.main.ScriptEngine.runScriptAsRawText(ScriptEngine.java:119)
	at com.kms.katalon.core.main.TestCaseExecutor.runScript(TestCaseExecutor.java:394)
	at com.kms.katalon.core.main.TestCaseExecutor.doExecute(TestCaseExecutor.java:385)
	at com.kms.katalon.core.main.TestCaseExecutor.processExecutionPhase(TestCaseExecutor.java:364)
	at com.kms.katalon.core.main.TestCaseExecutor.accessMainPhase(TestCaseExecutor.java:356)
	at com.kms.katalon.core.main.TestCaseExecutor.execute(TestCaseExecutor.java:251)
	at com.kms.katalon.core.main.TestSuiteExecutor.accessTestCaseMainPhase(TestSuiteExecutor.java:203)
	at com.kms.katalon.core.main.TestSuiteExecutor.accessTestSuiteMainPhase(TestSuiteExecutor.java:152)
	at com.kms.katalon.core.main.TestSuiteExecutor.execute(TestSuiteExecutor.java:95)
	at com.kms.katalon.core.main.TestCaseMain.startTestSuite(TestCaseMain.java:157)
	at com.kms.katalon.core.main.TestCaseMain$startTestSuite$0.call(Unknown Source)
	at TempTestSuite1613655551628.run(TempTestSuite1613655551628.groovy:39)
)

2021-02-18 19:37:12 - [MESSAGE][FAILED] - Unable to verify text 'Your submission was successful
The analysis results will be delivered to you via email' is present  (Root cause: com.kms.katalon.core.exception.StepFailedException: Unable to verify text 'Your submission was successful
The analysis results will be delivered to you via email' is present 
	at com.kms.katalon.core.webui.keyword.internal.WebUIKeywordMain.stepFailed(WebUIKeywordMain.groovy:64)
	at com.kms.katalon.core.webui.keyword.internal.WebUIKeywordMain.runKeyword(WebUIKeywordMain.groovy:26)
	at com.kms.katalon.core.webui.keyword.builtin.VerifyTextPresentKeyword.verifyTextPresent(VerifyTextPresentKeyword.groovy:83)
	at com.kms.katalon.core.webui.keyword.builtin.VerifyTextPresentKeyword.execute(VerifyTextPresentKeyword.groovy:68)
	at com.kms.katalon.core.keyword.internal.KeywordExecutor.executeKeywordForPlatform(KeywordExecutor.groovy:73)
	at com.kms.katalon.core.webui.keyword.WebUiBuiltInKeywords.verifyTextPresent(WebUiBuiltInKeywords.groovy:1720)
	at com.kms.katalon.core.webui.keyword.WebUiBuiltInKeywords$verifyTextPresent$3.call(Unknown Source)
	at customKeywords.commanFunctions.uploadFileOfPublicUser(commanFunctions.groovy:668)
	at customKeywords.commanFunctions.invokeMethod(commanFunctions.groovy)
	at com.kms.katalon.core.main.CustomKeywordDelegatingMetaClass.invokeStaticMethod(CustomKeywordDelegatingMetaClass.java:50)
	at TC_As a public user, Upload PC Zip Compressed Archive File.run(TC_As a public user, Upload PC Zip Compressed Archive File:14)
	at com.kms.katalon.core.main.ScriptEngine.run(ScriptEngine.java:194)
	at com.kms.katalon.core.main.ScriptEngine.runScriptAsRawText(ScriptEngine.java:119)
	at com.kms.katalon.core.main.TestCaseExecutor.runScript(TestCaseExecutor.java:394)
	at com.kms.katalon.core.main.TestCaseExecutor.doExecute(TestCaseExecutor.java:385)
	at com.kms.katalon.core.main.TestCaseExecutor.processExecutionPhase(TestCaseExecutor.java:364)
	at com.kms.katalon.core.main.TestCaseExecutor.accessMainPhase(TestCaseExecutor.java:356)
	at com.kms.katalon.core.main.TestCaseExecutor.execute(TestCaseExecutor.java:251)
	at com.kms.katalon.core.main.TestSuiteExecutor.accessTestCaseMainPhase(TestSuiteExecutor.java:203)
	at com.kms.katalon.core.main.TestSuiteExecutor.accessTestSuiteMainPhase(TestSuiteExecutor.java:152)
	at com.kms.katalon.core.main.TestSuiteExecutor.execute(TestSuiteExecutor.java:95)
	at com.kms.katalon.core.main.TestCaseMain.startTestSuite(TestCaseMain.java:157)
	at com.kms.katalon.core.main.TestCaseMain$startTestSuite$0.call(Unknown Source)
	at TempTestSuite1613655551628.run(TempTestSuite1613655551628.groovy:39)
Caused by: com.kms.katalon.core.exception.StepFailedException: Text 'Your submission was successful
The analysis results will be delivered to you via email' is not present on page 
	at com.kms.katalon.core.webui.keyword.internal.WebUIKeywordMain.stepFailed(WebUIKeywordMain.groovy:64)
	at com.kms.katalon.core.webui.keyword.builtin.VerifyTextPresentKeyword$_verifyTextPresent_closure1.doCall(VerifyTextPresentKeyword.groovy:79)
	at com.kms.katalon.core.webui.keyword.builtin.VerifyTextPresentKeyword$_verifyTextPresent_closure1.call(VerifyTextPresentKeyword.groovy)
	at com.kms.katalon.core.webui.keyword.internal.WebUIKeywordMain.runKeyword(WebUIKeywordMain.groovy:20)
	... 22 more
)
[[ATTACHMENT|E:\\Inspect\\15022021\\SiteInspectAutomation\\Reports\\20210218_190906\\Regression_Suite\\PublicUser_Suite\\PublicUser_UploadFiles\\20210218_190911\\1613657232318.png]]

2021-02-18 19:37:12 - [MESSAGE][FAILED] - Unable to verify text 'Your submission was successful
The analysis results will be delivered to you via email' is present 

2021-02-18 19:37:12 - [TEST_STEP][PASSED] - Start tear down : tearDownMethodIfFailed: Method 'tearDownMethodIfFailed' complete successfully

2021-02-18 19:37:12 - [TEST_STEP][PASSED] - customKeywords.commanFunctions.onlyCloseBrowser(): customKeywords.commanFunctions.onlyCloseBrowser is PASSED

2021-02-18 19:37:13 - [MESSAGE][PASSED] - Browser is closed

2021-02-18 19:37:13 - [MESSAGE][PASSED] - customKeywords.commanFunctions.onlyCloseBrowser is PASSED

2021-02-18 19:37:13 - [TEST_STEP][PASSED] - logInfo("[--------This is tearDownIfFailed method------]"): [--------This is tearDownIfFailed method------]

2021-02-18 19:37:13 - [MESSAGE][INFO] - [--------This is tearDownIfFailed method------]

2021-02-18 19:37:13 - [MESSAGE][PASSED] - Method 'tearDownMethodIfFailed' complete successfully]]></system-out>
         <system-err><![CDATA[2021-02-18 19:36:50 - [TEST_CASE][FAILED] - Test Cases/UploadDiffFiles_PublicUser/TC_As a public user, Upload PC Zip Compressed Archive File: Test Cases/UploadDiffFiles_PublicUser/TC_As a public user, Upload PC Zip Compressed Archive File FAILED.
Reason:
com.kms.katalon.core.exception.StepFailedException: Unable to verify text 'Your submission was successful
The analysis results will be delivered to you via email' is present 
	at com.kms.katalon.core.webui.keyword.internal.WebUIKeywordMain.stepFailed(WebUIKeywordMain.groovy:64)
	at com.kms.katalon.core.webui.keyword.internal.WebUIKeywordMain.runKeyword(WebUIKeywordMain.groovy:26)
	at com.kms.katalon.core.webui.keyword.builtin.VerifyTextPresentKeyword.verifyTextPresent(VerifyTextPresentKeyword.groovy:83)
	at com.kms.katalon.core.webui.keyword.builtin.VerifyTextPresentKeyword.execute(VerifyTextPresentKeyword.groovy:68)
	at com.kms.katalon.core.keyword.internal.KeywordExecutor.executeKeywordForPlatform(KeywordExecutor.groovy:73)
	at com.kms.katalon.core.webui.keyword.WebUiBuiltInKeywords.verifyTextPresent(WebUiBuiltInKeywords.groovy:1720)
	at com.kms.katalon.core.webui.keyword.WebUiBuiltInKeywords$verifyTextPresent$3.call(Unknown Source)
	at customKeywords.commanFunctions.uploadFileOfPublicUser(commanFunctions.groovy:668)
	at customKeywords.commanFunctions.invokeMethod(commanFunctions.groovy)
	at com.kms.katalon.core.main.CustomKeywordDelegatingMetaClass.invokeStaticMethod(CustomKeywordDelegatingMetaClass.java:50)
	at TC_As a public user, Upload PC Zip Compressed Archive File.run(TC_As a public user, Upload PC Zip Compressed Archive File:14)
	at com.kms.katalon.core.main.ScriptEngine.run(ScriptEngine.java:194)
	at com.kms.katalon.core.main.ScriptEngine.runScriptAsRawText(ScriptEngine.java:119)
	at com.kms.katalon.core.main.TestCaseExecutor.runScript(TestCaseExecutor.java:394)
	at com.kms.katalon.core.main.TestCaseExecutor.doExecute(TestCaseExecutor.java:385)
	at com.kms.katalon.core.main.TestCaseExecutor.processExecutionPhase(TestCaseExecutor.java:364)
	at com.kms.katalon.core.main.TestCaseExecutor.accessMainPhase(TestCaseExecutor.java:356)
	at com.kms.katalon.core.main.TestCaseExecutor.execute(TestCaseExecutor.java:251)
	at com.kms.katalon.core.main.TestSuiteExecutor.accessTestCaseMainPhase(TestSuiteExecutor.java:203)
	at com.kms.katalon.core.main.TestSuiteExecutor.accessTestSuiteMainPhase(TestSuiteExecutor.java:152)
	at com.kms.katalon.core.main.TestSuiteExecutor.execute(TestSuiteExecutor.java:95)
	at com.kms.katalon.core.main.TestCaseMain.startTestSuite(TestCaseMain.java:157)
	at com.kms.katalon.core.main.TestCaseMain$startTestSuite$0.call(Unknown Source)
	at TempTestSuite1613655551628.run(TempTestSuite1613655551628.groovy:39)
Caused by: com.kms.katalon.core.exception.StepFailedException: Text 'Your submission was successful
The analysis results will be delivered to you via email' is not present on page 
	at com.kms.katalon.core.webui.keyword.internal.WebUIKeywordMain.stepFailed(WebUIKeywordMain.groovy:64)
	at com.kms.katalon.core.webui.keyword.builtin.VerifyTextPresentKeyword$_verifyTextPresent_closure1.doCall(VerifyTextPresentKeyword.groovy:79)
	at com.kms.katalon.core.webui.keyword.builtin.VerifyTextPresentKeyword$_verifyTextPresent_closure1.call(VerifyTextPresentKeyword.groovy)
	at com.kms.katalon.core.webui.keyword.internal.WebUIKeywordMain.runKeyword(WebUIKeywordMain.groovy:20)
	... 22 more]]></system-err>
      </testcase>
      <testcase name="Test Cases/UploadDiffFiles_PublicUser/TC_As a public user, Upload PDF File" time="21.859" classname="Test Cases/UploadDiffFiles_PublicUser/TC_As a public user, Upload PDF File" status="PASSED">
         <system-out><![CDATA[2021-02-18 19:37:13 - [TEST_CASE][PASSED] - Test Cases/UploadDiffFiles_PublicUser/TC_As a public user, Upload PDF File: Test Cases/UploadDiffFiles_PublicUser/TC_As a public user, Upload PDF File

2021-02-18 19:37:13 - [TEST_STEP][PASSED] - excelTestData = findTestData("Data Files/TestData/InspectTestData"): null

2021-02-18 19:37:13 - [TEST_STEP][PASSED] - userEmail = excelTestData.getValue(2, 23): null

2021-02-18 19:37:13 - [TEST_STEP][PASSED] - customKeywords.commanFunctions.uploadFileOfPublicUser(188, userEmail): customKeywords.commanFunctions.uploadFileOfPublicUser is PASSED

2021-02-18 19:37:13 - [MESSAGE][INFO] - Starting 'Chrome' driver

2021-02-18 19:37:13 - [MESSAGE][INFO] - Action delay is set to 0 milliseconds

2021-02-18 19:37:23 - [MESSAGE][PASSED] - Browser is opened with url: 'https://Inspect.Stage.site.sa'

2021-02-18 19:37:25 - [MESSAGE][PASSED] - Current window maximized

2021-02-18 19:37:25 - [MESSAGE][PASSED] - Wait for page load successfully

2021-02-18 19:37:25 - [MESSAGE][PASSED] - Object: 'Object Repository/HomePage/ChooseAFile' is clicked on

2021-02-18 19:37:27 - [MESSAGE][PASSED] - Delayed 2 second(s)

2021-02-18 19:37:29 - [MESSAGE][INFO] - Image Uploaded Sucsessfully

2021-02-18 19:37:31 - [MESSAGE][PASSED] - Delayed 2 second(s)

2021-02-18 19:37:31 - [MESSAGE][PASSED] - Text 'SampleTestPDF' is present on page 

2021-02-18 19:37:32 - [MESSAGE][PASSED] - Keys 'Os-ARahman@projects.site.sa' sent to object: 'Object Repository/PublicUserHomePage/email_Input'

2021-02-18 19:37:32 - [MESSAGE][PASSED] - Object: 'Object Repository/PublicUserHomePage/SiteInspectTermsOfUse_CheckBox' is clicked on

2021-02-18 19:37:33 - [MESSAGE][PASSED] - Object: 'Object Repository/HomePage/startAnalysis_EnableBtn' is clicked on

2021-02-18 19:37:34 - [MESSAGE][PASSED] - Text 'Your submission was successful
The analysis results will be delivered to you via email' is present on page 

2021-02-18 19:37:34 - [MESSAGE][PASSED] - customKeywords.commanFunctions.uploadFileOfPublicUser is PASSED

2021-02-18 19:37:34 - [TEST_STEP][PASSED] - customKeywords.commanFunctions.onlyCloseBrowser(): customKeywords.commanFunctions.onlyCloseBrowser is PASSED

2021-02-18 19:37:35 - [MESSAGE][PASSED] - Browser is closed

2021-02-18 19:37:35 - [MESSAGE][PASSED] - customKeywords.commanFunctions.onlyCloseBrowser is PASSED]]></system-out>
         <system-err><![CDATA[]]></system-err>
      </testcase>
      <testcase name="Test Cases/UploadDiffFiles_PublicUser/TC_As a public user, Upload PNG File" time="22.158" classname="Test Cases/UploadDiffFiles_PublicUser/TC_As a public user, Upload PNG File" status="PASSED">
         <system-out><![CDATA[2021-02-18 19:37:35 - [TEST_CASE][PASSED] - Test Cases/UploadDiffFiles_PublicUser/TC_As a public user, Upload PNG File: Test Cases/UploadDiffFiles_PublicUser/TC_As a public user, Upload PNG File

2021-02-18 19:37:35 - [TEST_STEP][PASSED] - excelTestData = findTestData("Data Files/TestData/InspectTestData"): null

2021-02-18 19:37:35 - [TEST_STEP][PASSED] - userEmail = excelTestData.getValue(2, 23): null

2021-02-18 19:37:35 - [TEST_STEP][PASSED] - customKeywords.commanFunctions.uploadFileOfPublicUser(184, userEmail): customKeywords.commanFunctions.uploadFileOfPublicUser is PASSED

2021-02-18 19:37:35 - [MESSAGE][INFO] - Starting 'Chrome' driver

2021-02-18 19:37:35 - [MESSAGE][INFO] - Action delay is set to 0 milliseconds

2021-02-18 19:37:44 - [MESSAGE][PASSED] - Browser is opened with url: 'https://Inspect.Stage.site.sa'

2021-02-18 19:37:46 - [MESSAGE][PASSED] - Current window maximized

2021-02-18 19:37:46 - [MESSAGE][PASSED] - Wait for page load successfully

2021-02-18 19:37:47 - [MESSAGE][PASSED] - Object: 'Object Repository/HomePage/ChooseAFile' is clicked on

2021-02-18 19:37:49 - [MESSAGE][PASSED] - Delayed 2 second(s)

2021-02-18 19:37:51 - [MESSAGE][INFO] - Image Uploaded Sucsessfully

2021-02-18 19:37:53 - [MESSAGE][PASSED] - Delayed 2 second(s)

2021-02-18 19:37:53 - [MESSAGE][PASSED] - Text 'SamplePNGImage' is present on page 

2021-02-18 19:37:54 - [MESSAGE][PASSED] - Keys 'Os-ARahman@projects.site.sa' sent to object: 'Object Repository/PublicUserHomePage/email_Input'

2021-02-18 19:37:54 - [MESSAGE][PASSED] - Object: 'Object Repository/PublicUserHomePage/SiteInspectTermsOfUse_CheckBox' is clicked on

2021-02-18 19:37:55 - [MESSAGE][PASSED] - Object: 'Object Repository/HomePage/startAnalysis_EnableBtn' is clicked on

2021-02-18 19:37:56 - [MESSAGE][PASSED] - Text 'Your submission was successful
The analysis results will be delivered to you via email' is present on page 

2021-02-18 19:37:56 - [MESSAGE][PASSED] - customKeywords.commanFunctions.uploadFileOfPublicUser is PASSED

2021-02-18 19:37:56 - [TEST_STEP][PASSED] - customKeywords.commanFunctions.onlyCloseBrowser(): customKeywords.commanFunctions.onlyCloseBrowser is PASSED

2021-02-18 19:37:57 - [MESSAGE][PASSED] - Browser is closed

2021-02-18 19:37:57 - [MESSAGE][PASSED] - customKeywords.commanFunctions.onlyCloseBrowser is PASSED]]></system-out>
         <system-err><![CDATA[]]></system-err>
      </testcase>
      <testcase name="Test Cases/UploadDiffFiles_PublicUser/TC_As a public user, Upload PowerPoint File" time="22.046" classname="Test Cases/UploadDiffFiles_PublicUser/TC_As a public user, Upload PowerPoint File" status="PASSED">
         <system-out><![CDATA[2021-02-18 19:37:57 - [TEST_CASE][PASSED] - Test Cases/UploadDiffFiles_PublicUser/TC_As a public user, Upload PowerPoint File: Test Cases/UploadDiffFiles_PublicUser/TC_As a public user, Upload PowerPoint File

2021-02-18 19:37:57 - [TEST_STEP][PASSED] - excelTestData = findTestData("Data Files/TestData/InspectTestData"): null

2021-02-18 19:37:57 - [TEST_STEP][PASSED] - userEmail = excelTestData.getValue(2, 23): null

2021-02-18 19:37:57 - [TEST_STEP][PASSED] - customKeywords.commanFunctions.uploadFileOfPublicUser(168, userEmail): customKeywords.commanFunctions.uploadFileOfPublicUser is PASSED

2021-02-18 19:37:57 - [MESSAGE][INFO] - Starting 'Chrome' driver

2021-02-18 19:37:57 - [MESSAGE][INFO] - Action delay is set to 0 milliseconds

2021-02-18 19:38:07 - [MESSAGE][PASSED] - Browser is opened with url: 'https://Inspect.Stage.site.sa'

2021-02-18 19:38:09 - [MESSAGE][PASSED] - Current window maximized

2021-02-18 19:38:09 - [MESSAGE][PASSED] - Wait for page load successfully

2021-02-18 19:38:09 - [MESSAGE][PASSED] - Object: 'Object Repository/HomePage/ChooseAFile' is clicked on

2021-02-18 19:38:11 - [MESSAGE][PASSED] - Delayed 2 second(s)

2021-02-18 19:38:13 - [MESSAGE][INFO] - Image Uploaded Sucsessfully

2021-02-18 19:38:15 - [MESSAGE][PASSED] - Delayed 2 second(s)

2021-02-18 19:38:16 - [MESSAGE][PASSED] - Text 'POwerPoint' is present on page 

2021-02-18 19:38:16 - [MESSAGE][PASSED] - Keys 'Os-ARahman@projects.site.sa' sent to object: 'Object Repository/PublicUserHomePage/email_Input'

2021-02-18 19:38:16 - [MESSAGE][PASSED] - Object: 'Object Repository/PublicUserHomePage/SiteInspectTermsOfUse_CheckBox' is clicked on

2021-02-18 19:38:17 - [MESSAGE][PASSED] - Object: 'Object Repository/HomePage/startAnalysis_EnableBtn' is clicked on

2021-02-18 19:38:18 - [MESSAGE][PASSED] - Text 'Your submission was successful
The analysis results will be delivered to you via email' is present on page 

2021-02-18 19:38:18 - [MESSAGE][PASSED] - customKeywords.commanFunctions.uploadFileOfPublicUser is PASSED

2021-02-18 19:38:18 - [TEST_STEP][PASSED] - customKeywords.commanFunctions.onlyCloseBrowser(): customKeywords.commanFunctions.onlyCloseBrowser is PASSED

2021-02-18 19:38:19 - [MESSAGE][PASSED] - Browser is closed

2021-02-18 19:38:19 - [MESSAGE][PASSED] - customKeywords.commanFunctions.onlyCloseBrowser is PASSED]]></system-out>
         <system-err><![CDATA[]]></system-err>
      </testcase>
      <testcase name="Test Cases/UploadDiffFiles_PublicUser/TC_As a public user, Upload RealAudio File" time="22.263" classname="Test Cases/UploadDiffFiles_PublicUser/TC_As a public user, Upload RealAudio File" status="PASSED">
         <system-out><![CDATA[2021-02-18 19:38:19 - [TEST_CASE][PASSED] - Test Cases/UploadDiffFiles_PublicUser/TC_As a public user, Upload RealAudio File: Test Cases/UploadDiffFiles_PublicUser/TC_As a public user, Upload RealAudio File

2021-02-18 19:38:19 - [TEST_STEP][PASSED] - excelTestData = findTestData("Data Files/TestData/InspectTestData"): null

2021-02-18 19:38:19 - [TEST_STEP][PASSED] - userEmail = excelTestData.getValue(2, 23): null

2021-02-18 19:38:19 - [TEST_STEP][PASSED] - customKeywords.commanFunctions.uploadFileOfPublicUser(354, userEmail): customKeywords.commanFunctions.uploadFileOfPublicUser is PASSED

2021-02-18 19:38:19 - [MESSAGE][INFO] - Starting 'Chrome' driver

2021-02-18 19:38:19 - [MESSAGE][INFO] - Action delay is set to 0 milliseconds

2021-02-18 19:38:28 - [MESSAGE][PASSED] - Browser is opened with url: 'https://Inspect.Stage.site.sa'

2021-02-18 19:38:31 - [MESSAGE][PASSED] - Current window maximized

2021-02-18 19:38:31 - [MESSAGE][PASSED] - Wait for page load successfully

2021-02-18 19:38:31 - [MESSAGE][PASSED] - Object: 'Object Repository/HomePage/ChooseAFile' is clicked on

2021-02-18 19:38:33 - [MESSAGE][PASSED] - Delayed 2 second(s)

2021-02-18 19:38:35 - [MESSAGE][INFO] - Image Uploaded Sucsessfully

2021-02-18 19:38:37 - [MESSAGE][PASSED] - Delayed 2 second(s)

2021-02-18 19:38:37 - [MESSAGE][PASSED] - Text 'RealAudio' is present on page 

2021-02-18 19:38:38 - [MESSAGE][PASSED] - Keys 'Os-ARahman@projects.site.sa' sent to object: 'Object Repository/PublicUserHomePage/email_Input'

2021-02-18 19:38:38 - [MESSAGE][PASSED] - Object: 'Object Repository/PublicUserHomePage/SiteInspectTermsOfUse_CheckBox' is clicked on

2021-02-18 19:38:39 - [MESSAGE][PASSED] - Object: 'Object Repository/HomePage/startAnalysis_EnableBtn' is clicked on

2021-02-18 19:38:41 - [MESSAGE][PASSED] - Text 'Your submission was successful
The analysis results will be delivered to you via email' is present on page 

2021-02-18 19:38:41 - [MESSAGE][PASSED] - customKeywords.commanFunctions.uploadFileOfPublicUser is PASSED

2021-02-18 19:38:41 - [TEST_STEP][PASSED] - customKeywords.commanFunctions.onlyCloseBrowser(): customKeywords.commanFunctions.onlyCloseBrowser is PASSED

2021-02-18 19:38:41 - [MESSAGE][PASSED] - Browser is closed

2021-02-18 19:38:41 - [MESSAGE][PASSED] - customKeywords.commanFunctions.onlyCloseBrowser is PASSED]]></system-out>
         <system-err><![CDATA[]]></system-err>
      </testcase>
      <testcase name="Test Cases/UploadDiffFiles_PublicUser/TC_As a public user, Upload Txt File" time="21.865" classname="Test Cases/UploadDiffFiles_PublicUser/TC_As a public user, Upload Txt File" status="PASSED">
         <system-out><![CDATA[2021-02-18 19:38:41 - [TEST_CASE][PASSED] - Test Cases/UploadDiffFiles_PublicUser/TC_As a public user, Upload Txt File: Test Cases/UploadDiffFiles_PublicUser/TC_As a public user, Upload Txt File

2021-02-18 19:38:41 - [TEST_STEP][PASSED] - excelTestData = findTestData("Data Files/TestData/InspectTestData"): null

2021-02-18 19:38:41 - [TEST_STEP][PASSED] - userEmail = excelTestData.getValue(2, 23): null

2021-02-18 19:38:41 - [TEST_STEP][PASSED] - customKeywords.commanFunctions.uploadFileOfPublicUser(164, userEmail): customKeywords.commanFunctions.uploadFileOfPublicUser is PASSED

2021-02-18 19:38:42 - [MESSAGE][INFO] - Starting 'Chrome' driver

2021-02-18 19:38:42 - [MESSAGE][INFO] - Action delay is set to 0 milliseconds

2021-02-18 19:38:51 - [MESSAGE][PASSED] - Browser is opened with url: 'https://Inspect.Stage.site.sa'

2021-02-18 19:38:53 - [MESSAGE][PASSED] - Current window maximized

2021-02-18 19:38:53 - [MESSAGE][PASSED] - Wait for page load successfully

2021-02-18 19:38:53 - [MESSAGE][PASSED] - Object: 'Object Repository/HomePage/ChooseAFile' is clicked on

2021-02-18 19:38:55 - [MESSAGE][PASSED] - Delayed 2 second(s)

2021-02-18 19:38:57 - [MESSAGE][INFO] - Image Uploaded Sucsessfully

2021-02-18 19:38:59 - [MESSAGE][PASSED] - Delayed 2 second(s)

2021-02-18 19:39:00 - [MESSAGE][PASSED] - Text 'NotePad' is present on page 

2021-02-18 19:39:00 - [MESSAGE][PASSED] - Keys 'Os-ARahman@projects.site.sa' sent to object: 'Object Repository/PublicUserHomePage/email_Input'

2021-02-18 19:39:01 - [MESSAGE][PASSED] - Object: 'Object Repository/PublicUserHomePage/SiteInspectTermsOfUse_CheckBox' is clicked on

2021-02-18 19:39:01 - [MESSAGE][PASSED] - Object: 'Object Repository/HomePage/startAnalysis_EnableBtn' is clicked on

2021-02-18 19:39:02 - [MESSAGE][PASSED] - Text 'Your submission was successful
The analysis results will be delivered to you via email' is present on page 

2021-02-18 19:39:02 - [MESSAGE][PASSED] - customKeywords.commanFunctions.uploadFileOfPublicUser is PASSED

2021-02-18 19:39:02 - [TEST_STEP][PASSED] - customKeywords.commanFunctions.onlyCloseBrowser(): customKeywords.commanFunctions.onlyCloseBrowser is PASSED

2021-02-18 19:39:03 - [MESSAGE][PASSED] - Browser is closed

2021-02-18 19:39:03 - [MESSAGE][PASSED] - customKeywords.commanFunctions.onlyCloseBrowser is PASSED]]></system-out>
         <system-err><![CDATA[]]></system-err>
      </testcase>
      <testcase name="Test Cases/UploadDiffFiles_PublicUser/TC_As a public user, Upload Web page imagemap.map File" time="22.684" classname="Test Cases/UploadDiffFiles_PublicUser/TC_As a public user, Upload Web page imagemap.map File" status="PASSED">
         <system-out><![CDATA[2021-02-18 19:39:03 - [TEST_CASE][PASSED] - Test Cases/UploadDiffFiles_PublicUser/TC_As a public user, Upload Web page imagemap.map File: Test Cases/UploadDiffFiles_PublicUser/TC_As a public user, Upload Web page imagemap.map File

2021-02-18 19:39:03 - [TEST_STEP][PASSED] - excelTestData = findTestData("Data Files/TestData/InspectTestData"): null

2021-02-18 19:39:03 - [TEST_STEP][PASSED] - userEmail = excelTestData.getValue(2, 23): null

2021-02-18 19:39:03 - [TEST_STEP][PASSED] - customKeywords.commanFunctions.uploadFileOfPublicUser(338, userEmail): customKeywords.commanFunctions.uploadFileOfPublicUser is PASSED

2021-02-18 19:39:03 - [MESSAGE][INFO] - Starting 'Chrome' driver

2021-02-18 19:39:03 - [MESSAGE][INFO] - Action delay is set to 0 milliseconds

2021-02-18 19:39:13 - [MESSAGE][PASSED] - Browser is opened with url: 'https://Inspect.Stage.site.sa'

2021-02-18 19:39:15 - [MESSAGE][PASSED] - Current window maximized

2021-02-18 19:39:15 - [MESSAGE][PASSED] - Wait for page load successfully

2021-02-18 19:39:16 - [MESSAGE][PASSED] - Object: 'Object Repository/HomePage/ChooseAFile' is clicked on

2021-02-18 19:39:18 - [MESSAGE][PASSED] - Delayed 2 second(s)

2021-02-18 19:39:20 - [MESSAGE][INFO] - Image Uploaded Sucsessfully

2021-02-18 19:39:22 - [MESSAGE][PASSED] - Delayed 2 second(s)

2021-02-18 19:39:22 - [MESSAGE][PASSED] - Text 'Web page imagemap' is present on page 

2021-02-18 19:39:22 - [MESSAGE][PASSED] - Keys 'Os-ARahman@projects.site.sa' sent to object: 'Object Repository/PublicUserHomePage/email_Input'

2021-02-18 19:39:23 - [MESSAGE][PASSED] - Object: 'Object Repository/PublicUserHomePage/SiteInspectTermsOfUse_CheckBox' is clicked on

2021-02-18 19:39:23 - [MESSAGE][PASSED] - Object: 'Object Repository/HomePage/startAnalysis_EnableBtn' is clicked on

2021-02-18 19:39:25 - [MESSAGE][PASSED] - Text 'Your submission was successful
The analysis results will be delivered to you via email' is present on page 

2021-02-18 19:39:25 - [MESSAGE][PASSED] - customKeywords.commanFunctions.uploadFileOfPublicUser is PASSED

2021-02-18 19:39:25 - [TEST_STEP][PASSED] - customKeywords.commanFunctions.onlyCloseBrowser(): customKeywords.commanFunctions.onlyCloseBrowser is PASSED

2021-02-18 19:39:26 - [MESSAGE][PASSED] - Browser is closed

2021-02-18 19:39:26 - [MESSAGE][PASSED] - customKeywords.commanFunctions.onlyCloseBrowser is PASSED]]></system-out>
         <system-err><![CDATA[]]></system-err>
      </testcase>
      <testcase name="Test Cases/UploadDiffFiles_PublicUser/TC_As a public user, Upload Windows BitMap File" time="22.802" classname="Test Cases/UploadDiffFiles_PublicUser/TC_As a public user, Upload Windows BitMap File" status="PASSED">
         <system-out><![CDATA[2021-02-18 19:39:26 - [TEST_CASE][PASSED] - Test Cases/UploadDiffFiles_PublicUser/TC_As a public user, Upload Windows BitMap File: Test Cases/UploadDiffFiles_PublicUser/TC_As a public user, Upload Windows BitMap File

2021-02-18 19:39:26 - [TEST_STEP][PASSED] - excelTestData = findTestData("Data Files/TestData/InspectTestData"): null

2021-02-18 19:39:26 - [TEST_STEP][PASSED] - userEmail = excelTestData.getValue(2, 23): null

2021-02-18 19:39:26 - [TEST_STEP][PASSED] - customKeywords.commanFunctions.uploadFileOfPublicUser(236, userEmail): customKeywords.commanFunctions.uploadFileOfPublicUser is PASSED

2021-02-18 19:39:26 - [MESSAGE][INFO] - Starting 'Chrome' driver

2021-02-18 19:39:26 - [MESSAGE][INFO] - Action delay is set to 0 milliseconds

2021-02-18 19:39:36 - [MESSAGE][PASSED] - Browser is opened with url: 'https://Inspect.Stage.site.sa'

2021-02-18 19:39:38 - [MESSAGE][PASSED] - Current window maximized

2021-02-18 19:39:38 - [MESSAGE][PASSED] - Wait for page load successfully

2021-02-18 19:39:38 - [MESSAGE][PASSED] - Object: 'Object Repository/HomePage/ChooseAFile' is clicked on

2021-02-18 19:39:40 - [MESSAGE][PASSED] - Delayed 2 second(s)

2021-02-18 19:39:42 - [MESSAGE][INFO] - Image Uploaded Sucsessfully

2021-02-18 19:39:44 - [MESSAGE][PASSED] - Delayed 2 second(s)

2021-02-18 19:39:45 - [MESSAGE][PASSED] - Text 'Windows BitMap.bmp' is present on page 

2021-02-18 19:39:45 - [MESSAGE][PASSED] - Keys 'Os-ARahman@projects.site.sa' sent to object: 'Object Repository/PublicUserHomePage/email_Input'

2021-02-18 19:39:46 - [MESSAGE][PASSED] - Object: 'Object Repository/PublicUserHomePage/SiteInspectTermsOfUse_CheckBox' is clicked on

2021-02-18 19:39:46 - [MESSAGE][PASSED] - Object: 'Object Repository/HomePage/startAnalysis_EnableBtn' is clicked on

2021-02-18 19:39:48 - [MESSAGE][PASSED] - Text 'Your submission was successful
The analysis results will be delivered to you via email' is present on page 

2021-02-18 19:39:48 - [MESSAGE][PASSED] - customKeywords.commanFunctions.uploadFileOfPublicUser is PASSED

2021-02-18 19:39:48 - [TEST_STEP][PASSED] - customKeywords.commanFunctions.onlyCloseBrowser(): customKeywords.commanFunctions.onlyCloseBrowser is PASSED

2021-02-18 19:39:49 - [MESSAGE][PASSED] - Browser is closed

2021-02-18 19:39:49 - [MESSAGE][PASSED] - customKeywords.commanFunctions.onlyCloseBrowser is PASSED]]></system-out>
         <system-err><![CDATA[]]></system-err>
      </testcase>
      <testcase name="Test Cases/UploadDiffFiles_PublicUser/TC_As a public user, Upload Windows sound File" time="21.699" classname="Test Cases/UploadDiffFiles_PublicUser/TC_As a public user, Upload Windows sound File" status="PASSED">
         <system-out><![CDATA[2021-02-18 19:39:49 - [TEST_CASE][PASSED] - Test Cases/UploadDiffFiles_PublicUser/TC_As a public user, Upload Windows sound File: Test Cases/UploadDiffFiles_PublicUser/TC_As a public user, Upload Windows sound File

2021-02-18 19:39:49 - [TEST_STEP][PASSED] - excelTestData = findTestData("Data Files/TestData/InspectTestData"): null

2021-02-18 19:39:49 - [TEST_STEP][PASSED] - userEmail = excelTestData.getValue(2, 23): null

2021-02-18 19:39:49 - [TEST_STEP][PASSED] - customKeywords.commanFunctions.uploadFileOfPublicUser(358, userEmail): customKeywords.commanFunctions.uploadFileOfPublicUser is PASSED

2021-02-18 19:39:49 - [MESSAGE][INFO] - Starting 'Chrome' driver

2021-02-18 19:39:49 - [MESSAGE][INFO] - Action delay is set to 0 milliseconds

2021-02-18 19:39:58 - [MESSAGE][PASSED] - Browser is opened with url: 'https://Inspect.Stage.site.sa'

2021-02-18 19:40:00 - [MESSAGE][PASSED] - Current window maximized

2021-02-18 19:40:00 - [MESSAGE][PASSED] - Wait for page load successfully

2021-02-18 19:40:01 - [MESSAGE][PASSED] - Object: 'Object Repository/HomePage/ChooseAFile' is clicked on

2021-02-18 19:40:03 - [MESSAGE][PASSED] - Delayed 2 second(s)

2021-02-18 19:40:05 - [MESSAGE][INFO] - Image Uploaded Sucsessfully

2021-02-18 19:40:07 - [MESSAGE][PASSED] - Delayed 2 second(s)

2021-02-18 19:40:07 - [MESSAGE][PASSED] - Text 'Windows sound' is present on page 

2021-02-18 19:40:07 - [MESSAGE][PASSED] - Keys 'Os-ARahman@projects.site.sa' sent to object: 'Object Repository/PublicUserHomePage/email_Input'

2021-02-18 19:40:08 - [MESSAGE][PASSED] - Object: 'Object Repository/PublicUserHomePage/SiteInspectTermsOfUse_CheckBox' is clicked on

2021-02-18 19:40:09 - [MESSAGE][PASSED] - Object: 'Object Repository/HomePage/startAnalysis_EnableBtn' is clicked on

2021-02-18 19:40:10 - [MESSAGE][PASSED] - Text 'Your submission was successful
The analysis results will be delivered to you via email' is present on page 

2021-02-18 19:40:10 - [MESSAGE][PASSED] - customKeywords.commanFunctions.uploadFileOfPublicUser is PASSED

2021-02-18 19:40:10 - [TEST_STEP][PASSED] - customKeywords.commanFunctions.onlyCloseBrowser(): customKeywords.commanFunctions.onlyCloseBrowser is PASSED

2021-02-18 19:40:10 - [MESSAGE][PASSED] - Browser is closed

2021-02-18 19:40:10 - [MESSAGE][PASSED] - customKeywords.commanFunctions.onlyCloseBrowser is PASSED]]></system-out>
         <system-err><![CDATA[]]></system-err>
      </testcase>
      <testcase name="Test Cases/UploadDiffFiles_PublicUser/TC_As a public user, Upload WordPad File" time="22.172" classname="Test Cases/UploadDiffFiles_PublicUser/TC_As a public user, Upload WordPad File" status="PASSED">
         <system-out><![CDATA[2021-02-18 19:40:10 - [TEST_CASE][PASSED] - Test Cases/UploadDiffFiles_PublicUser/TC_As a public user, Upload WordPad File: Test Cases/UploadDiffFiles_PublicUser/TC_As a public user, Upload WordPad File

2021-02-18 19:40:10 - [TEST_STEP][PASSED] - excelTestData = findTestData("Data Files/TestData/InspectTestData"): null

2021-02-18 19:40:10 - [TEST_STEP][PASSED] - userEmail = excelTestData.getValue(2, 23): null

2021-02-18 19:40:10 - [TEST_STEP][PASSED] - customKeywords.commanFunctions.uploadFileOfPublicUser(224, userEmail): customKeywords.commanFunctions.uploadFileOfPublicUser is PASSED

2021-02-18 19:40:11 - [MESSAGE][INFO] - Starting 'Chrome' driver

2021-02-18 19:40:11 - [MESSAGE][INFO] - Action delay is set to 0 milliseconds

2021-02-18 19:40:20 - [MESSAGE][PASSED] - Browser is opened with url: 'https://Inspect.Stage.site.sa'

2021-02-18 19:40:22 - [MESSAGE][PASSED] - Current window maximized

2021-02-18 19:40:22 - [MESSAGE][PASSED] - Wait for page load successfully

2021-02-18 19:40:22 - [MESSAGE][PASSED] - Object: 'Object Repository/HomePage/ChooseAFile' is clicked on

2021-02-18 19:40:24 - [MESSAGE][PASSED] - Delayed 2 second(s)

2021-02-18 19:40:26 - [MESSAGE][INFO] - Image Uploaded Sucsessfully

2021-02-18 19:40:28 - [MESSAGE][PASSED] - Delayed 2 second(s)

2021-02-18 19:40:29 - [MESSAGE][PASSED] - Text 'WordPad' is present on page 

2021-02-18 19:40:29 - [MESSAGE][PASSED] - Keys 'Os-ARahman@projects.site.sa' sent to object: 'Object Repository/PublicUserHomePage/email_Input'

2021-02-18 19:40:29 - [MESSAGE][PASSED] - Object: 'Object Repository/PublicUserHomePage/SiteInspectTermsOfUse_CheckBox' is clicked on

2021-02-18 19:40:30 - [MESSAGE][PASSED] - Object: 'Object Repository/HomePage/startAnalysis_EnableBtn' is clicked on

2021-02-18 19:40:32 - [MESSAGE][PASSED] - Text 'Your submission was successful
The analysis results will be delivered to you via email' is present on page 

2021-02-18 19:40:32 - [MESSAGE][PASSED] - customKeywords.commanFunctions.uploadFileOfPublicUser is PASSED

2021-02-18 19:40:32 - [TEST_STEP][PASSED] - customKeywords.commanFunctions.onlyCloseBrowser(): customKeywords.commanFunctions.onlyCloseBrowser is PASSED

2021-02-18 19:40:33 - [MESSAGE][PASSED] - Browser is closed

2021-02-18 19:40:33 - [MESSAGE][PASSED] - customKeywords.commanFunctions.onlyCloseBrowser is PASSED]]></system-out>
         <system-err><![CDATA[]]></system-err>
      </testcase>
      <testcase name="Test Cases/UploadDiffFiles_PublicUser/TC_As a public user, Upload Xlsx File" time="21.88" classname="Test Cases/UploadDiffFiles_PublicUser/TC_As a public user, Upload Xlsx File" status="PASSED">
         <system-out><![CDATA[2021-02-18 19:40:33 - [TEST_CASE][PASSED] - Test Cases/UploadDiffFiles_PublicUser/TC_As a public user, Upload Xlsx File: Test Cases/UploadDiffFiles_PublicUser/TC_As a public user, Upload Xlsx File

2021-02-18 19:40:33 - [TEST_STEP][PASSED] - excelTestData = findTestData("Data Files/TestData/InspectTestData"): null

2021-02-18 19:40:33 - [TEST_STEP][PASSED] - userEmail = excelTestData.getValue(2, 23): null

2021-02-18 19:40:33 - [TEST_STEP][PASSED] - customKeywords.commanFunctions.uploadFileOfPublicUser(180, userEmail): customKeywords.commanFunctions.uploadFileOfPublicUser is PASSED

2021-02-18 19:40:33 - [MESSAGE][INFO] - Starting 'Chrome' driver

2021-02-18 19:40:33 - [MESSAGE][INFO] - Action delay is set to 0 milliseconds

2021-02-18 19:40:42 - [MESSAGE][PASSED] - Browser is opened with url: 'https://Inspect.Stage.site.sa'

2021-02-18 19:40:44 - [MESSAGE][PASSED] - Current window maximized

2021-02-18 19:40:44 - [MESSAGE][PASSED] - Wait for page load successfully

2021-02-18 19:40:45 - [MESSAGE][PASSED] - Object: 'Object Repository/HomePage/ChooseAFile' is clicked on

2021-02-18 19:40:47 - [MESSAGE][PASSED] - Delayed 2 second(s)

2021-02-18 19:40:49 - [MESSAGE][INFO] - Image Uploaded Sucsessfully

2021-02-18 19:40:51 - [MESSAGE][PASSED] - Delayed 2 second(s)

2021-02-18 19:40:51 - [MESSAGE][PASSED] - Text 'sampleExcel' is present on page 

2021-02-18 19:40:51 - [MESSAGE][PASSED] - Keys 'Os-ARahman@projects.site.sa' sent to object: 'Object Repository/PublicUserHomePage/email_Input'

2021-02-18 19:40:52 - [MESSAGE][PASSED] - Object: 'Object Repository/PublicUserHomePage/SiteInspectTermsOfUse_CheckBox' is clicked on

2021-02-18 19:40:53 - [MESSAGE][PASSED] - Object: 'Object Repository/HomePage/startAnalysis_EnableBtn' is clicked on

2021-02-18 19:40:54 - [MESSAGE][PASSED] - Text 'Your submission was successful
The analysis results will be delivered to you via email' is present on page 

2021-02-18 19:40:54 - [MESSAGE][PASSED] - customKeywords.commanFunctions.uploadFileOfPublicUser is PASSED

2021-02-18 19:40:54 - [TEST_STEP][PASSED] - customKeywords.commanFunctions.onlyCloseBrowser(): customKeywords.commanFunctions.onlyCloseBrowser is PASSED

2021-02-18 19:40:54 - [MESSAGE][PASSED] - Browser is closed

2021-02-18 19:40:54 - [MESSAGE][PASSED] - customKeywords.commanFunctions.onlyCloseBrowser is PASSED]]></system-out>
         <system-err><![CDATA[]]></system-err>
      </testcase>
      <system-out><![CDATA[2021-02-18 19:31:08 - [TEST_SUITE][FAILED] - PublicUser_UploadFiles: Test Cases/UploadDiffFiles_PublicUser/TC_As a public user, Upload Adobe PhotoShop File FAILED.
Reason:
com.kms.katalon.core.exception.StepFailedException: Unable to verify text 'Adobe PhotoShop' is present 
	at com.kms.katalon.core.webui.keyword.internal.WebUIKeywordMain.stepFailed(WebUIKeywordMain.groovy:64)
	at com.kms.katalon.core.webui.keyword.internal.WebUIKeywordMain.runKeyword(WebUIKeywordMain.groovy:26)
	at com.kms.katalon.core.webui.keyword.builtin.VerifyTextPresentKeyword.verifyTextPresent(VerifyTextPresentKeyword.groovy:83)
	at com.kms.katalon.core.webui.keyword.builtin.VerifyTextPresentKeyword.execute(VerifyTextPresentKeyword.groovy:68)
	at com.kms.katalon.core.keyword.internal.KeywordExecutor.executeKeywordForPlatform(KeywordExecutor.groovy:73)
	at com.kms.katalon.core.webui.keyword.WebUiBuiltInKeywords.verifyTextPresent(WebUiBuiltInKeywords.groovy:1720)
	at com.kms.katalon.core.webui.keyword.WebUiBuiltInKeywords$verifyTextPresent$3.call(Unknown Source)
	at customKeywords.commanFunctions.UploadReqFile(commanFunctions.groovy:282)
	at customKeywords.commanFunctions.uploadFileOfPublicUser(commanFunctions.groovy:656)
	at customKeywords.commanFunctions.invokeMethod(commanFunctions.groovy)
	at com.kms.katalon.core.main.CustomKeywordDelegatingMetaClass.invokeStaticMethod(CustomKeywordDelegatingMetaClass.java:50)
	at TC_As a public user, Upload Adobe PhotoShop File.run(TC_As a public user, Upload Adobe PhotoShop File:14)
	at com.kms.katalon.core.main.ScriptEngine.run(ScriptEngine.java:194)
	at com.kms.katalon.core.main.ScriptEngine.runScriptAsRawText(ScriptEngine.java:119)
	at com.kms.katalon.core.main.TestCaseExecutor.runScript(TestCaseExecutor.java:394)
	at com.kms.katalon.core.main.TestCaseExecutor.doExecute(TestCaseExecutor.java:385)
	at com.kms.katalon.core.main.TestCaseExecutor.processExecutionPhase(TestCaseExecutor.java:364)
	at com.kms.katalon.core.main.TestCaseExecutor.accessMainPhase(TestCaseExecutor.java:356)
	at com.kms.katalon.core.main.TestCaseExecutor.execute(TestCaseExecutor.java:251)
	at com.kms.katalon.core.main.TestSuiteExecutor.accessTestCaseMainPhase(TestSuiteExecutor.java:203)
	at com.kms.katalon.core.main.TestSuiteExecutor.accessTestSuiteMainPhase(TestSuiteExecutor.java:152)
	at com.kms.katalon.core.main.TestSuiteExecutor.execute(TestSuiteExecutor.java:95)
	at com.kms.katalon.core.main.TestCaseMain.startTestSuite(TestCaseMain.java:157)
	at com.kms.katalon.core.main.TestCaseMain$startTestSuite$0.call(Unknown Source)
	at TempTestSuite1613655551628.run(TempTestSuite1613655551628.groovy:39)
Caused by: com.kms.katalon.core.exception.StepFailedException: Text 'Adobe PhotoShop' is not present on page 
	at com.kms.katalon.core.webui.keyword.internal.WebUIKeywordMain.stepFailed(WebUIKeywordMain.groovy:64)
	at com.kms.katalon.core.webui.keyword.builtin.VerifyTextPresentKeyword$_verifyTextPresent_closure1.doCall(VerifyTextPresentKeyword.groovy:79)
	at com.kms.katalon.core.webui.keyword.builtin.VerifyTextPresentKeyword$_verifyTextPresent_closure1.call(VerifyTextPresentKeyword.groovy)
	at com.kms.katalon.core.webui.keyword.internal.WebUIKeywordMain.runKeyword(WebUIKeywordMain.groovy:20)
	... 23 more]]></system-out>
      <system-err><![CDATA[2021-02-18 19:31:08 - [TEST_SUITE][FAILED] - PublicUser_UploadFiles: Test Cases/UploadDiffFiles_PublicUser/TC_As a public user, Upload Adobe PhotoShop File FAILED.
Reason:
com.kms.katalon.core.exception.StepFailedException: Unable to verify text 'Adobe PhotoShop' is present 
	at com.kms.katalon.core.webui.keyword.internal.WebUIKeywordMain.stepFailed(WebUIKeywordMain.groovy:64)
	at com.kms.katalon.core.webui.keyword.internal.WebUIKeywordMain.runKeyword(WebUIKeywordMain.groovy:26)
	at com.kms.katalon.core.webui.keyword.builtin.VerifyTextPresentKeyword.verifyTextPresent(VerifyTextPresentKeyword.groovy:83)
	at com.kms.katalon.core.webui.keyword.builtin.VerifyTextPresentKeyword.execute(VerifyTextPresentKeyword.groovy:68)
	at com.kms.katalon.core.keyword.internal.KeywordExecutor.executeKeywordForPlatform(KeywordExecutor.groovy:73)
	at com.kms.katalon.core.webui.keyword.WebUiBuiltInKeywords.verifyTextPresent(WebUiBuiltInKeywords.groovy:1720)
	at com.kms.katalon.core.webui.keyword.WebUiBuiltInKeywords$verifyTextPresent$3.call(Unknown Source)
	at customKeywords.commanFunctions.UploadReqFile(commanFunctions.groovy:282)
	at customKeywords.commanFunctions.uploadFileOfPublicUser(commanFunctions.groovy:656)
	at customKeywords.commanFunctions.invokeMethod(commanFunctions.groovy)
	at com.kms.katalon.core.main.CustomKeywordDelegatingMetaClass.invokeStaticMethod(CustomKeywordDelegatingMetaClass.java:50)
	at TC_As a public user, Upload Adobe PhotoShop File.run(TC_As a public user, Upload Adobe PhotoShop File:14)
	at com.kms.katalon.core.main.ScriptEngine.run(ScriptEngine.java:194)
	at com.kms.katalon.core.main.ScriptEngine.runScriptAsRawText(ScriptEngine.java:119)
	at com.kms.katalon.core.main.TestCaseExecutor.runScript(TestCaseExecutor.java:394)
	at com.kms.katalon.core.main.TestCaseExecutor.doExecute(TestCaseExecutor.java:385)
	at com.kms.katalon.core.main.TestCaseExecutor.processExecutionPhase(TestCaseExecutor.java:364)
	at com.kms.katalon.core.main.TestCaseExecutor.accessMainPhase(TestCaseExecutor.java:356)
	at com.kms.katalon.core.main.TestCaseExecutor.execute(TestCaseExecutor.java:251)
	at com.kms.katalon.core.main.TestSuiteExecutor.accessTestCaseMainPhase(TestSuiteExecutor.java:203)
	at com.kms.katalon.core.main.TestSuiteExecutor.accessTestSuiteMainPhase(TestSuiteExecutor.java:152)
	at com.kms.katalon.core.main.TestSuiteExecutor.execute(TestSuiteExecutor.java:95)
	at com.kms.katalon.core.main.TestCaseMain.startTestSuite(TestCaseMain.java:157)
	at com.kms.katalon.core.main.TestCaseMain$startTestSuite$0.call(Unknown Source)
	at TempTestSuite1613655551628.run(TempTestSuite1613655551628.groovy:39)
Caused by: com.kms.katalon.core.exception.StepFailedException: Text 'Adobe PhotoShop' is not present on page 
	at com.kms.katalon.core.webui.keyword.internal.WebUIKeywordMain.stepFailed(WebUIKeywordMain.groovy:64)
	at com.kms.katalon.core.webui.keyword.builtin.VerifyTextPresentKeyword$_verifyTextPresent_closure1.doCall(VerifyTextPresentKeyword.groovy:79)
	at com.kms.katalon.core.webui.keyword.builtin.VerifyTextPresentKeyword$_verifyTextPresent_closure1.call(VerifyTextPresentKeyword.groovy)
	at com.kms.katalon.core.webui.keyword.internal.WebUIKeywordMain.runKeyword(WebUIKeywordMain.groovy:20)
	... 23 more]]></system-err>
   </testsuite>
   <testsuite name="Login_Suite" tests="8" failures="0" errors="0" time="174.052" skips="0" timestamp="2021-02-18 19:41:05" hostname="ashok - OMTPGCN1132568L" id="Test Suites/LogIn_RigisterUserAndForgotPwd_Module/Login_Suite">
      <properties>
         <property name="deviceName" value=""/>
         <property name="devicePlatform" value=""/>
         <property name="logFolder" value="E:\\Inspect\\15022021\\SiteInspectAutomation\\Reports\\20210218_190906\\LogIn_RigisterUserAndForgotPwd_Module\\Login_Suite\\20210218_190913"/>
         <property name="logFiles" value="E:\\Inspect\\15022021\\SiteInspectAutomation\\Reports\\20210218_190906\\LogIn_RigisterUserAndForgotPwd_Module\\Login_Suite\\20210218_190913\\execution0.log"/>
         <property name="attachments" value=""/>
         <property name="hostName" value="ashok - OMTPGCN1132568L"/>
         <property name="os" value="Windows 10 64bit"/>
         <property name="katalonVersion" value="7.8.2.208"/>
         <property name="browser" value="Chrome 86.0.4240.75"/>
         <property name="hostAddress" value="192.168.1.11"/>
         <property name="sessionId" value="3f8fa978522011729d62ef484aa3eb35"/>
         <property name="seleniumVersion" value="3.141.59"/>
         <property name="proxyInformation" value="ProxyInformation { proxyOption=NO_PROXY, proxyServerType=HTTP, username=, password=********, proxyServerAddress=, proxyServerPort=0, executionList=&quot;&quot;, isApplyToDesiredCapabilities=true }"/>
         <property name="platform" value="Windows 10"/>
      </properties>
      <testcase name="Test Cases/TC_Login_RegisterUserAndForgotYourPassword/BasicTCs/CSP-T74_1.0_As a User, I want to verify that system send me a forget my password link when I request" time="19.475" classname="Test Cases/TC_Login_RegisterUserAndForgotYourPassword/BasicTCs/CSP-T74_1.0_As a User, I want to verify that system send me a forget my password link when I request" status="PASSED">
         <system-out><![CDATA[2021-02-18 19:41:07 - [TEST_CASE][PASSED] - Test Cases/TC_Login_RegisterUserAndForgotYourPassword/BasicTCs/CSP-T74_1.0_As a User, I want to verify that system send me a forget my password link when I request: Test Cases/TC_Login_RegisterUserAndForgotYourPassword/BasicTCs/CSP-T74_1.0_As a User, I want to verify that system send me a forget my password link when I request

2021-02-18 19:41:07 - [TEST_STEP][PASSED] - excelTestData = findTestData("Data Files/TestData/InspectTestData"): null

2021-02-18 19:41:07 - [TEST_STEP][PASSED] - validationMessage = excelTestData.getValue(2, 8): null

2021-02-18 19:41:07 - [TEST_STEP][PASSED] - obj = findTestObject("LoginAndRigisterUser/LoginLink"): null

2021-02-18 19:41:07 - [TEST_STEP][PASSED] - forgotPwd = findTestObject("Object Repository/LoginAndRigisterUser/ForgotPwd"): null

2021-02-18 19:41:07 - [TEST_STEP][PASSED] - ForgotPwdSubmitBtn = findTestObject("Object Repository/LoginAndRigisterUser/ForgotPwdSubmitBtn"): null

2021-02-18 19:41:07 - [TEST_STEP][PASSED] - customKeywords.commanFunctions.openBrowser(): customKeywords.commanFunctions.openBrowser is PASSED

2021-02-18 19:41:08 - [MESSAGE][INFO] - Starting 'Chrome' driver

2021-02-18 19:41:08 - [MESSAGE][INFO] - Action delay is set to 0 milliseconds

2021-02-18 19:41:18 - [MESSAGE][PASSED] - Browser is opened with url: 'https://Inspect.Stage.site.sa'

2021-02-18 19:41:20 - [MESSAGE][PASSED] - Current window maximized

2021-02-18 19:41:20 - [MESSAGE][PASSED] - Wait for page load successfully

2021-02-18 19:41:20 - [MESSAGE][PASSED] - customKeywords.commanFunctions.openBrowser is PASSED

2021-02-18 19:41:20 - [TEST_STEP][PASSED] - waitForElementClickable(findTestObject("LoginAndRigisterUser/LoginLink"), TimeOut): Object 'Object Repository/LoginAndRigisterUser/LoginLink' is clickable

2021-02-18 19:41:21 - [MESSAGE][PASSED] - Object 'Object Repository/LoginAndRigisterUser/LoginLink' is clickable

2021-02-18 19:41:21 - [TEST_STEP][PASSED] - customKeywords.commanFunctions.clickElementWithJS(obj): customKeywords.commanFunctions.clickElementWithJS is PASSED

2021-02-18 19:41:21 - [MESSAGE][INFO] - Clicked on element with JS

2021-02-18 19:41:21 - [MESSAGE][PASSED] - customKeywords.commanFunctions.clickElementWithJS is PASSED

2021-02-18 19:41:21 - [TEST_STEP][PASSED] - waitForElementClickable(findTestObject("Object Repository/LoginAndRigisterUser/ForgotPwd"), TimeOut): Object 'Object Repository/LoginAndRigisterUser/ForgotPwd' is clickable

2021-02-18 19:41:22 - [MESSAGE][PASSED] - Object 'Object Repository/LoginAndRigisterUser/ForgotPwd' is clickable

2021-02-18 19:41:22 - [TEST_STEP][PASSED] - customKeywords.commanFunctions.clickElementWithJS(forgotPwd): customKeywords.commanFunctions.clickElementWithJS is PASSED

2021-02-18 19:41:22 - [MESSAGE][INFO] - Clicked on element with JS

2021-02-18 19:41:22 - [MESSAGE][PASSED] - customKeywords.commanFunctions.clickElementWithJS is PASSED

2021-02-18 19:41:22 - [TEST_STEP][PASSED] - sendKeys(findTestObject("Object Repository/LoginAndRigisterUser/ForgotPwd_Email_Input"), AdminUserName): Keys 'admin@example.com' sent to object: 'Object Repository/LoginAndRigisterUser/ForgotPwd_Email_Input'

2021-02-18 19:41:23 - [MESSAGE][PASSED] - Keys 'admin@example.com' sent to object: 'Object Repository/LoginAndRigisterUser/ForgotPwd_Email_Input'

2021-02-18 19:41:23 - [TEST_STEP][PASSED] - customKeywords.commanFunctions.clickElementWithJS(ForgotPwdSubmitBtn): customKeywords.commanFunctions.clickElementWithJS is PASSED

2021-02-18 19:41:23 - [MESSAGE][INFO] - Clicked on element with JS

2021-02-18 19:41:23 - [MESSAGE][PASSED] - customKeywords.commanFunctions.clickElementWithJS is PASSED

2021-02-18 19:41:23 - [TEST_STEP][PASSED] - verifyTextPresent(validationMessage, false): Text 'An email with a reset link was sent to your email. Please click on the link to reset your password' is present on page 

2021-02-18 19:41:25 - [MESSAGE][PASSED] - Text 'An email with a reset link was sent to your email. Please click on the link to reset your password' is present on page 

2021-02-18 19:41:25 - [TEST_STEP][PASSED] - customKeywords.commanFunctions.onlyCloseBrowser(): customKeywords.commanFunctions.onlyCloseBrowser is PASSED

2021-02-18 19:41:26 - [MESSAGE][PASSED] - Browser is closed

2021-02-18 19:41:26 - [MESSAGE][PASSED] - customKeywords.commanFunctions.onlyCloseBrowser is PASSED]]></system-out>
         <system-err><![CDATA[]]></system-err>
      </testcase>
      <testcase name="Test Cases/TC_Login_RegisterUserAndForgotYourPassword/BasicTCs/CSP-T75_1.0_As a User, I want to verify that System detects incorrect user email" time="16.143" classname="Test Cases/TC_Login_RegisterUserAndForgotYourPassword/BasicTCs/CSP-T75_1.0_As a User, I want to verify that System detects incorrect user email" status="PASSED">
         <system-out><![CDATA[2021-02-18 19:41:26 - [TEST_CASE][PASSED] - Test Cases/TC_Login_RegisterUserAndForgotYourPassword/BasicTCs/CSP-T75_1.0_As a User, I want to verify that System detects incorrect user email: Test Cases/TC_Login_RegisterUserAndForgotYourPassword/BasicTCs/CSP-T75_1.0_As a User, I want to verify that System detects incorrect user email

2021-02-18 19:41:26 - [TEST_STEP][PASSED] - excelTestData = findTestData("Data Files/TestData/InspectTestData"): null

2021-02-18 19:41:26 - [TEST_STEP][PASSED] - validationMessage = excelTestData.getValue(2, 12): null

2021-02-18 19:41:26 - [TEST_STEP][PASSED] - obj = findTestObject("LoginAndRigisterUser/LoginLink"): null

2021-02-18 19:41:26 - [TEST_STEP][PASSED] - forgotPwd = findTestObject("Object Repository/LoginAndRigisterUser/ForgotPwd"): null

2021-02-18 19:41:26 - [TEST_STEP][PASSED] - ForgotPwdSubmitBtn = findTestObject("Object Repository/LoginAndRigisterUser/ForgotPwdSubmitBtn"): null

2021-02-18 19:41:26 - [TEST_STEP][PASSED] - customKeywords.commanFunctions.openBrowser(): customKeywords.commanFunctions.openBrowser is PASSED

2021-02-18 19:41:27 - [MESSAGE][INFO] - Starting 'Chrome' driver

2021-02-18 19:41:27 - [MESSAGE][INFO] - Action delay is set to 0 milliseconds

2021-02-18 19:41:36 - [MESSAGE][PASSED] - Browser is opened with url: 'https://Inspect.Stage.site.sa'

2021-02-18 19:41:38 - [MESSAGE][PASSED] - Current window maximized

2021-02-18 19:41:38 - [MESSAGE][PASSED] - Wait for page load successfully

2021-02-18 19:41:38 - [MESSAGE][PASSED] - customKeywords.commanFunctions.openBrowser is PASSED

2021-02-18 19:41:38 - [TEST_STEP][PASSED] - waitForElementClickable(findTestObject("LoginAndRigisterUser/LoginLink"), TimeOut): Object 'Object Repository/LoginAndRigisterUser/LoginLink' is clickable

2021-02-18 19:41:38 - [MESSAGE][PASSED] - Object 'Object Repository/LoginAndRigisterUser/LoginLink' is clickable

2021-02-18 19:41:38 - [TEST_STEP][PASSED] - customKeywords.commanFunctions.clickElementWithJS(obj): customKeywords.commanFunctions.clickElementWithJS is PASSED

2021-02-18 19:41:39 - [MESSAGE][INFO] - Clicked on element with JS

2021-02-18 19:41:39 - [MESSAGE][PASSED] - customKeywords.commanFunctions.clickElementWithJS is PASSED

2021-02-18 19:41:39 - [TEST_STEP][PASSED] - waitForElementClickable(findTestObject("Object Repository/LoginAndRigisterUser/ForgotPwd"), TimeOut): Object 'Object Repository/LoginAndRigisterUser/ForgotPwd' is clickable

2021-02-18 19:41:39 - [MESSAGE][PASSED] - Object 'Object Repository/LoginAndRigisterUser/ForgotPwd' is clickable

2021-02-18 19:41:39 - [TEST_STEP][PASSED] - customKeywords.commanFunctions.clickElementWithJS(forgotPwd): customKeywords.commanFunctions.clickElementWithJS is PASSED

2021-02-18 19:41:40 - [MESSAGE][INFO] - Clicked on element with JS

2021-02-18 19:41:40 - [MESSAGE][PASSED] - customKeywords.commanFunctions.clickElementWithJS is PASSED

2021-02-18 19:41:40 - [TEST_STEP][PASSED] - str = customKeywords.commanFunctions.getRandomAlphaString(5): customKeywords.commanFunctions.getRandomAlphaString is PASSED

2021-02-18 19:41:40 - [MESSAGE][PASSED] - customKeywords.commanFunctions.getRandomAlphaString is PASSED

2021-02-18 19:41:40 - [TEST_STEP][PASSED] - email = "test_" + str + "@email.com": null

2021-02-18 19:41:40 - [TEST_STEP][PASSED] - sendKeys(findTestObject("Object Repository/LoginAndRigisterUser/ForgotPwd_Email_Input"), email): Keys 'test_mnnoz@email.com' sent to object: 'Object Repository/LoginAndRigisterUser/ForgotPwd_Email_Input'

2021-02-18 19:41:40 - [MESSAGE][PASSED] - Keys 'test_mnnoz@email.com' sent to object: 'Object Repository/LoginAndRigisterUser/ForgotPwd_Email_Input'

2021-02-18 19:41:40 - [TEST_STEP][PASSED] - customKeywords.commanFunctions.clickElementWithJS(ForgotPwdSubmitBtn): customKeywords.commanFunctions.clickElementWithJS is PASSED

2021-02-18 19:41:41 - [MESSAGE][INFO] - Clicked on element with JS

2021-02-18 19:41:41 - [MESSAGE][PASSED] - customKeywords.commanFunctions.clickElementWithJS is PASSED

2021-02-18 19:41:41 - [TEST_STEP][PASSED] - verifyTextPresent(validationMessage, false): Text 'The user credentials provided is incorrect' is present on page 

2021-02-18 19:41:42 - [MESSAGE][PASSED] - Text 'The user credentials provided is incorrect' is present on page 

2021-02-18 19:41:42 - [TEST_STEP][PASSED] - customKeywords.commanFunctions.onlyCloseBrowser(): customKeywords.commanFunctions.onlyCloseBrowser is PASSED

2021-02-18 19:41:42 - [MESSAGE][PASSED] - Browser is closed

2021-02-18 19:41:42 - [MESSAGE][PASSED] - customKeywords.commanFunctions.onlyCloseBrowser is PASSED]]></system-out>
         <system-err><![CDATA[]]></system-err>
      </testcase>
      <testcase name="Test Cases/TC_Login_RegisterUserAndForgotYourPassword/BasicTCs/TC_LoginUserWithInValidCredentialsAndVerifyErrorMsg" time="17.018" classname="Test Cases/TC_Login_RegisterUserAndForgotYourPassword/BasicTCs/TC_LoginUserWithInValidCredentialsAndVerifyErrorMsg" status="PASSED">
         <system-out><![CDATA[2021-02-18 19:41:42 - [TEST_CASE][PASSED] - Test Cases/TC_Login_RegisterUserAndForgotYourPassword/BasicTCs/TC_LoginUserWithInValidCredentialsAndVerifyErrorMsg: Test Cases/TC_Login_RegisterUserAndForgotYourPassword/BasicTCs/TC_LoginUserWithInValidCredentialsAndVerifyErrorMsg

2021-02-18 19:41:42 - [TEST_STEP][PASSED] - excelTestData = findTestData("Data Files/TestData/InspectTestData"): null

2021-02-18 19:41:42 - [TEST_STEP][PASSED] - validationMessage = excelTestData.getValue(2, 4): null

2021-02-18 19:41:42 - [TEST_STEP][PASSED] - obj = findTestObject("LoginAndRigisterUser/LoginLink"): null

2021-02-18 19:41:42 - [TEST_STEP][PASSED] - LoginBtn = findTestObject("Object Repository/LoginAndRigisterUser/LoginBtn"): null

2021-02-18 19:41:42 - [TEST_STEP][PASSED] - customKeywords.commanFunctions.openBrowser(): customKeywords.commanFunctions.openBrowser is PASSED

2021-02-18 19:41:43 - [MESSAGE][INFO] - Starting 'Chrome' driver

2021-02-18 19:41:43 - [MESSAGE][INFO] - Action delay is set to 0 milliseconds

2021-02-18 19:41:52 - [MESSAGE][PASSED] - Browser is opened with url: 'https://Inspect.Stage.site.sa'

2021-02-18 19:41:54 - [MESSAGE][PASSED] - Current window maximized

2021-02-18 19:41:54 - [MESSAGE][PASSED] - Wait for page load successfully

2021-02-18 19:41:54 - [MESSAGE][PASSED] - customKeywords.commanFunctions.openBrowser is PASSED

2021-02-18 19:41:54 - [TEST_STEP][PASSED] - waitForElementClickable(findTestObject("LoginAndRigisterUser/LoginLink"), TimeOut): Object 'Object Repository/LoginAndRigisterUser/LoginLink' is clickable

2021-02-18 19:41:55 - [MESSAGE][PASSED] - Object 'Object Repository/LoginAndRigisterUser/LoginLink' is clickable

2021-02-18 19:41:55 - [TEST_STEP][PASSED] - customKeywords.commanFunctions.clickElementWithJS(obj): customKeywords.commanFunctions.clickElementWithJS is PASSED

2021-02-18 19:41:55 - [MESSAGE][INFO] - Clicked on element with JS

2021-02-18 19:41:55 - [MESSAGE][PASSED] - customKeywords.commanFunctions.clickElementWithJS is PASSED

2021-02-18 19:41:55 - [TEST_STEP][PASSED] - strOne = customKeywords.commanFunctions.getRandomAlphaString(5): customKeywords.commanFunctions.getRandomAlphaString is PASSED

2021-02-18 19:41:55 - [MESSAGE][PASSED] - customKeywords.commanFunctions.getRandomAlphaString is PASSED

2021-02-18 19:41:55 - [TEST_STEP][PASSED] - email = "test_" + strOne + "@email.com": null

2021-02-18 19:41:55 - [TEST_STEP][PASSED] - str = customKeywords.commanFunctions.getRandomAlphaString(5): customKeywords.commanFunctions.getRandomAlphaString is PASSED

2021-02-18 19:41:56 - [MESSAGE][PASSED] - customKeywords.commanFunctions.getRandomAlphaString is PASSED

2021-02-18 19:41:56 - [TEST_STEP][PASSED] - password = "Test@" + str: null

2021-02-18 19:41:56 - [TEST_STEP][PASSED] - sendKeys(findTestObject("Object Repository/LoginAndRigisterUser/UserName_Email_Input"), email): Keys 'test_yebmz@email.com' sent to object: 'Object Repository/LoginAndRigisterUser/UserName_Email_Input'

2021-02-18 19:41:56 - [MESSAGE][PASSED] - Keys 'test_yebmz@email.com' sent to object: 'Object Repository/LoginAndRigisterUser/UserName_Email_Input'

2021-02-18 19:41:56 - [TEST_STEP][PASSED] - sendKeys(findTestObject("Object Repository/LoginAndRigisterUser/Password_Input"), password): Keys 'Test@evdih' sent to object: 'Object Repository/LoginAndRigisterUser/Password_Input'

2021-02-18 19:41:56 - [MESSAGE][PASSED] - Keys 'Test@evdih' sent to object: 'Object Repository/LoginAndRigisterUser/Password_Input'

2021-02-18 19:41:56 - [TEST_STEP][PASSED] - waitForElementClickable(LoginBtn, TimeOut): Object 'Object Repository/LoginAndRigisterUser/LoginBtn' is clickable

2021-02-18 19:41:57 - [MESSAGE][PASSED] - Object 'Object Repository/LoginAndRigisterUser/LoginBtn' is clickable

2021-02-18 19:41:57 - [TEST_STEP][PASSED] - customKeywords.commanFunctions.clickElementWithJS(LoginBtn): customKeywords.commanFunctions.clickElementWithJS is PASSED

2021-02-18 19:41:57 - [MESSAGE][INFO] - Clicked on element with JS

2021-02-18 19:41:57 - [MESSAGE][PASSED] - customKeywords.commanFunctions.clickElementWithJS is PASSED

2021-02-18 19:41:57 - [TEST_STEP][PASSED] - verifyTextPresent(validationMessage, false): Text 'Incorrect email or password' is present on page 

2021-02-18 19:41:59 - [MESSAGE][PASSED] - Text 'Incorrect email or password' is present on page 

2021-02-18 19:41:59 - [TEST_STEP][PASSED] - customKeywords.commanFunctions.onlyCloseBrowser(): customKeywords.commanFunctions.onlyCloseBrowser is PASSED

2021-02-18 19:41:59 - [MESSAGE][PASSED] - Browser is closed

2021-02-18 19:41:59 - [MESSAGE][PASSED] - customKeywords.commanFunctions.onlyCloseBrowser is PASSED]]></system-out>
         <system-err><![CDATA[]]></system-err>
      </testcase>
      <testcase name="Test Cases/TC_Login_RegisterUserAndForgotYourPassword/BasicTCs/TC_LoginUserWithInValidPasswordAndVerifyLoginShouldNotSucss" time="16.391" classname="Test Cases/TC_Login_RegisterUserAndForgotYourPassword/BasicTCs/TC_LoginUserWithInValidPasswordAndVerifyLoginShouldNotSucss" status="PASSED">
         <system-out><![CDATA[2021-02-18 19:41:59 - [TEST_CASE][PASSED] - Test Cases/TC_Login_RegisterUserAndForgotYourPassword/BasicTCs/TC_LoginUserWithInValidPasswordAndVerifyLoginShouldNotSucss: Test Cases/TC_Login_RegisterUserAndForgotYourPassword/BasicTCs/TC_LoginUserWithInValidPasswordAndVerifyLoginShouldNotSucss

2021-02-18 19:41:59 - [TEST_STEP][PASSED] - excelTestData = findTestData("Data Files/TestData/InspectTestData"): null

2021-02-18 19:41:59 - [TEST_STEP][PASSED] - validationMessage = excelTestData.getValue(2, 4): null

2021-02-18 19:41:59 - [TEST_STEP][PASSED] - obj = findTestObject("LoginAndRigisterUser/LoginLink"): null

2021-02-18 19:41:59 - [TEST_STEP][PASSED] - LoginBtn = findTestObject("Object Repository/LoginAndRigisterUser/LoginBtn"): null

2021-02-18 19:41:59 - [TEST_STEP][PASSED] - customKeywords.commanFunctions.openBrowser(): customKeywords.commanFunctions.openBrowser is PASSED

2021-02-18 19:42:00 - [MESSAGE][INFO] - Starting 'Chrome' driver

2021-02-18 19:42:00 - [MESSAGE][INFO] - Action delay is set to 0 milliseconds

2021-02-18 19:42:09 - [MESSAGE][PASSED] - Browser is opened with url: 'https://Inspect.Stage.site.sa'

2021-02-18 19:42:11 - [MESSAGE][PASSED] - Current window maximized

2021-02-18 19:42:11 - [MESSAGE][PASSED] - Wait for page load successfully

2021-02-18 19:42:11 - [MESSAGE][PASSED] - customKeywords.commanFunctions.openBrowser is PASSED

2021-02-18 19:42:11 - [TEST_STEP][PASSED] - waitForElementClickable(findTestObject("LoginAndRigisterUser/LoginLink"), TimeOut): Object 'Object Repository/LoginAndRigisterUser/LoginLink' is clickable

2021-02-18 19:42:11 - [MESSAGE][PASSED] - Object 'Object Repository/LoginAndRigisterUser/LoginLink' is clickable

2021-02-18 19:42:11 - [TEST_STEP][PASSED] - customKeywords.commanFunctions.clickElementWithJS(obj): customKeywords.commanFunctions.clickElementWithJS is PASSED

2021-02-18 19:42:12 - [MESSAGE][INFO] - Clicked on element with JS

2021-02-18 19:42:12 - [MESSAGE][PASSED] - customKeywords.commanFunctions.clickElementWithJS is PASSED

2021-02-18 19:42:12 - [TEST_STEP][PASSED] - str = customKeywords.commanFunctions.getRandomAlphaString(5): customKeywords.commanFunctions.getRandomAlphaString is PASSED

2021-02-18 19:42:12 - [MESSAGE][PASSED] - customKeywords.commanFunctions.getRandomAlphaString is PASSED

2021-02-18 19:42:12 - [TEST_STEP][PASSED] - password = "Test@" + str: null

2021-02-18 19:42:12 - [TEST_STEP][PASSED] - sendKeys(findTestObject("Object Repository/LoginAndRigisterUser/UserName_Email_Input"), AdminUserName): Keys 'admin@example.com' sent to object: 'Object Repository/LoginAndRigisterUser/UserName_Email_Input'

2021-02-18 19:42:12 - [MESSAGE][PASSED] - Keys 'admin@example.com' sent to object: 'Object Repository/LoginAndRigisterUser/UserName_Email_Input'

2021-02-18 19:42:12 - [TEST_STEP][PASSED] - sendKeys(findTestObject("Object Repository/LoginAndRigisterUser/Password_Input"), password): Keys 'Test@gxhmu' sent to object: 'Object Repository/LoginAndRigisterUser/Password_Input'

2021-02-18 19:42:13 - [MESSAGE][PASSED] - Keys 'Test@gxhmu' sent to object: 'Object Repository/LoginAndRigisterUser/Password_Input'

2021-02-18 19:42:13 - [TEST_STEP][PASSED] - waitForElementClickable(LoginBtn, TimeOut): Object 'Object Repository/LoginAndRigisterUser/LoginBtn' is clickable

2021-02-18 19:42:13 - [MESSAGE][PASSED] - Object 'Object Repository/LoginAndRigisterUser/LoginBtn' is clickable

2021-02-18 19:42:13 - [TEST_STEP][PASSED] - customKeywords.commanFunctions.clickElementWithJS(LoginBtn): customKeywords.commanFunctions.clickElementWithJS is PASSED

2021-02-18 19:42:14 - [MESSAGE][INFO] - Clicked on element with JS

2021-02-18 19:42:14 - [MESSAGE][PASSED] - customKeywords.commanFunctions.clickElementWithJS is PASSED

2021-02-18 19:42:14 - [TEST_STEP][PASSED] - verifyTextPresent(validationMessage, false): Text 'Incorrect email or password' is present on page 

2021-02-18 19:42:15 - [MESSAGE][PASSED] - Text 'Incorrect email or password' is present on page 

2021-02-18 19:42:15 - [TEST_STEP][PASSED] - customKeywords.commanFunctions.onlyCloseBrowser(): customKeywords.commanFunctions.onlyCloseBrowser is PASSED

2021-02-18 19:42:16 - [MESSAGE][PASSED] - Browser is closed

2021-02-18 19:42:16 - [MESSAGE][PASSED] - customKeywords.commanFunctions.onlyCloseBrowser is PASSED]]></system-out>
         <system-err><![CDATA[]]></system-err>
      </testcase>
      <testcase name="Test Cases/TC_Login_RegisterUserAndForgotYourPassword/BasicTCs/TC_LoginUserWithInValidUserNameAndVerifyLoginShouldNotSucss" time="17.212" classname="Test Cases/TC_Login_RegisterUserAndForgotYourPassword/BasicTCs/TC_LoginUserWithInValidUserNameAndVerifyLoginShouldNotSucss" status="PASSED">
         <system-out><![CDATA[2021-02-18 19:42:16 - [TEST_CASE][PASSED] - Test Cases/TC_Login_RegisterUserAndForgotYourPassword/BasicTCs/TC_LoginUserWithInValidUserNameAndVerifyLoginShouldNotSucss: Test Cases/TC_Login_RegisterUserAndForgotYourPassword/BasicTCs/TC_LoginUserWithInValidUserNameAndVerifyLoginShouldNotSucss

2021-02-18 19:42:16 - [TEST_STEP][PASSED] - excelTestData = findTestData("Data Files/TestData/InspectTestData"): null

2021-02-18 19:42:16 - [TEST_STEP][PASSED] - validationMessage = excelTestData.getValue(2, 4): null

2021-02-18 19:42:16 - [TEST_STEP][PASSED] - obj = findTestObject("LoginAndRigisterUser/LoginLink"): null

2021-02-18 19:42:16 - [TEST_STEP][PASSED] - LoginBtn = findTestObject("Object Repository/LoginAndRigisterUser/LoginBtn"): null

2021-02-18 19:42:16 - [TEST_STEP][PASSED] - customKeywords.commanFunctions.openBrowser(): customKeywords.commanFunctions.openBrowser is PASSED

2021-02-18 19:42:16 - [MESSAGE][INFO] - Starting 'Chrome' driver

2021-02-18 19:42:16 - [MESSAGE][INFO] - Action delay is set to 0 milliseconds

2021-02-18 19:42:25 - [MESSAGE][PASSED] - Browser is opened with url: 'https://Inspect.Stage.site.sa'

2021-02-18 19:42:27 - [MESSAGE][PASSED] - Current window maximized

2021-02-18 19:42:27 - [MESSAGE][PASSED] - Wait for page load successfully

2021-02-18 19:42:27 - [MESSAGE][PASSED] - customKeywords.commanFunctions.openBrowser is PASSED

2021-02-18 19:42:27 - [TEST_STEP][PASSED] - waitForElementClickable(findTestObject("LoginAndRigisterUser/LoginLink"), TimeOut): Object 'Object Repository/LoginAndRigisterUser/LoginLink' is clickable

2021-02-18 19:42:28 - [MESSAGE][PASSED] - Object 'Object Repository/LoginAndRigisterUser/LoginLink' is clickable

2021-02-18 19:42:28 - [TEST_STEP][PASSED] - customKeywords.commanFunctions.clickElementWithJS(obj): customKeywords.commanFunctions.clickElementWithJS is PASSED

2021-02-18 19:42:28 - [MESSAGE][INFO] - Clicked on element with JS

2021-02-18 19:42:28 - [MESSAGE][PASSED] - customKeywords.commanFunctions.clickElementWithJS is PASSED

2021-02-18 19:42:28 - [TEST_STEP][PASSED] - str = customKeywords.commanFunctions.getRandomAlphaString(5): customKeywords.commanFunctions.getRandomAlphaString is PASSED

2021-02-18 19:42:28 - [MESSAGE][PASSED] - customKeywords.commanFunctions.getRandomAlphaString is PASSED

2021-02-18 19:42:28 - [TEST_STEP][PASSED] - email = "test_" + str + "@email.com": null

2021-02-18 19:42:28 - [TEST_STEP][PASSED] - sendKeys(findTestObject("Object Repository/LoginAndRigisterUser/UserName_Email_Input"), email): Keys 'test_ivpcc@email.com' sent to object: 'Object Repository/LoginAndRigisterUser/UserName_Email_Input'

2021-02-18 19:42:29 - [MESSAGE][PASSED] - Keys 'test_ivpcc@email.com' sent to object: 'Object Repository/LoginAndRigisterUser/UserName_Email_Input'

2021-02-18 19:42:29 - [TEST_STEP][PASSED] - sendKeys(findTestObject("Object Repository/LoginAndRigisterUser/Password_Input"), AdminPassWord): Keys 'Aa@12345' sent to object: 'Object Repository/LoginAndRigisterUser/Password_Input'

2021-02-18 19:42:29 - [MESSAGE][PASSED] - Keys 'Aa@12345' sent to object: 'Object Repository/LoginAndRigisterUser/Password_Input'

2021-02-18 19:42:29 - [TEST_STEP][PASSED] - waitForElementClickable(LoginBtn, TimeOut): Object 'Object Repository/LoginAndRigisterUser/LoginBtn' is clickable

2021-02-18 19:42:30 - [MESSAGE][PASSED] - Object 'Object Repository/LoginAndRigisterUser/LoginBtn' is clickable

2021-02-18 19:42:30 - [TEST_STEP][PASSED] - customKeywords.commanFunctions.clickElementWithJS(LoginBtn): customKeywords.commanFunctions.clickElementWithJS is PASSED

2021-02-18 19:42:30 - [MESSAGE][INFO] - Clicked on element with JS

2021-02-18 19:42:30 - [MESSAGE][PASSED] - customKeywords.commanFunctions.clickElementWithJS is PASSED

2021-02-18 19:42:30 - [TEST_STEP][PASSED] - verifyTextPresent(validationMessage, false): Text 'Incorrect email or password' is present on page 

2021-02-18 19:42:32 - [MESSAGE][PASSED] - Text 'Incorrect email or password' is present on page 

2021-02-18 19:42:32 - [TEST_STEP][PASSED] - customKeywords.commanFunctions.onlyCloseBrowser(): customKeywords.commanFunctions.onlyCloseBrowser is PASSED

2021-02-18 19:42:33 - [MESSAGE][PASSED] - Browser is closed

2021-02-18 19:42:33 - [MESSAGE][PASSED] - customKeywords.commanFunctions.onlyCloseBrowser is PASSED]]></system-out>
         <system-err><![CDATA[]]></system-err>
      </testcase>
      <testcase name="Test Cases/TC_Login_RegisterUserAndForgotYourPassword/BasicTCs/TC_LoginUserWithValidCredentialsAndVerifyLoginSucss" time="28.502" classname="Test Cases/TC_Login_RegisterUserAndForgotYourPassword/BasicTCs/TC_LoginUserWithValidCredentialsAndVerifyLoginSucss" status="PASSED">
         <system-out><![CDATA[2021-02-18 19:42:33 - [TEST_CASE][PASSED] - Test Cases/TC_Login_RegisterUserAndForgotYourPassword/BasicTCs/TC_LoginUserWithValidCredentialsAndVerifyLoginSucss: Test Cases/TC_Login_RegisterUserAndForgotYourPassword/BasicTCs/TC_LoginUserWithValidCredentialsAndVerifyLoginSucss

2021-02-18 19:42:33 - [TEST_STEP][PASSED] - callTestCase(findTestCase("TC_Login_RegisterUserAndForgotYourPassword/CommanTCs/TC_LoginToBrowserAsAdmin"), null): Call Test Case 'Test Cases/TC_Login_RegisterUserAndForgotYourPassword/CommanTCs/TC_LoginToBrowserAsAdmin' successfully

2021-02-18 19:42:33 - [TEST_CASE][PASSED] - Test Cases/TC_Login_RegisterUserAndForgotYourPassword/CommanTCs/TC_LoginToBrowserAsAdmin: Test Cases/TC_Login_RegisterUserAndForgotYourPassword/CommanTCs/TC_LoginToBrowserAsAdmin

2021-02-18 19:42:33 - [TEST_STEP][PASSED] - obj = findTestObject("LoginAndRigisterUser/LoginLink"): null

2021-02-18 19:42:33 - [TEST_STEP][PASSED] - customKeywords.commanFunctions.openBrowser(): customKeywords.commanFunctions.openBrowser is PASSED

2021-02-18 19:42:33 - [MESSAGE][INFO] - Starting 'Chrome' driver

2021-02-18 19:42:33 - [MESSAGE][INFO] - Action delay is set to 0 milliseconds

2021-02-18 19:42:43 - [MESSAGE][PASSED] - Browser is opened with url: 'https://Inspect.Stage.site.sa'

2021-02-18 19:42:45 - [MESSAGE][PASSED] - Current window maximized

2021-02-18 19:42:45 - [MESSAGE][PASSED] - Wait for page load successfully

2021-02-18 19:42:45 - [MESSAGE][PASSED] - customKeywords.commanFunctions.openBrowser is PASSED

2021-02-18 19:42:45 - [TEST_STEP][PASSED] - waitForElementClickable(findTestObject("LoginAndRigisterUser/LoginLink"), TimeOut): Object 'Object Repository/LoginAndRigisterUser/LoginLink' is clickable

2021-02-18 19:42:45 - [MESSAGE][PASSED] - Object 'Object Repository/LoginAndRigisterUser/LoginLink' is clickable

2021-02-18 19:42:45 - [TEST_STEP][PASSED] - customKeywords.commanFunctions.clickElementWithJS(obj): customKeywords.commanFunctions.clickElementWithJS is PASSED

2021-02-18 19:42:46 - [MESSAGE][INFO] - Clicked on element with JS

2021-02-18 19:42:46 - [MESSAGE][PASSED] - customKeywords.commanFunctions.clickElementWithJS is PASSED

2021-02-18 19:42:46 - [TEST_STEP][PASSED] - customKeywords.commanFunctions.logIntoBrowser(): customKeywords.commanFunctions.logIntoBrowser is PASSED

2021-02-18 19:42:46 - [MESSAGE][PASSED] - Keys 'admin@example.com' sent to object: 'Object Repository/LoginAndRigisterUser/UserName_Email_Input'

2021-02-18 19:42:47 - [MESSAGE][PASSED] - Keys 'Aa@12345' sent to object: 'Object Repository/LoginAndRigisterUser/Password_Input'

2021-02-18 19:42:48 - [MESSAGE][PASSED] - Delayed 1 second(s)

2021-02-18 19:42:48 - [MESSAGE][PASSED] - Object 'Object Repository/LoginAndRigisterUser/LoginBtn' is clickable

2021-02-18 19:42:48 - [MESSAGE][INFO] - Clicked on element with JS

2021-02-18 19:42:48 - [MESSAGE][PASSED] - customKeywords.commanFunctions.logIntoBrowser is PASSED

2021-02-18 19:42:48 - [TEST_STEP][PASSED] - customKeywords.commanFunctions.otpLogin(): customKeywords.commanFunctions.otpLogin is PASSED

2021-02-18 19:42:50 - [MESSAGE][PASSED] - Keys '0' sent to object: 'Object Repository/LoginAndRigisterUser/otpOne'

2021-02-18 19:42:51 - [MESSAGE][PASSED] - Keys '0' sent to object: 'Object Repository/LoginAndRigisterUser/otpTwo'

2021-02-18 19:42:51 - [MESSAGE][PASSED] - Keys '0' sent to object: 'Object Repository/LoginAndRigisterUser/otpThree'

2021-02-18 19:42:52 - [MESSAGE][PASSED] - Keys '0' sent to object: 'Object Repository/LoginAndRigisterUser/otpFour'

2021-02-18 19:42:53 - [MESSAGE][PASSED] - Keys '0' sent to object: 'Object Repository/LoginAndRigisterUser/otpFive'

2021-02-18 19:42:54 - [MESSAGE][INFO] - Clicked on element with JS

2021-02-18 19:42:54 - [MESSAGE][PASSED] - customKeywords.commanFunctions.otpLogin is PASSED

2021-02-18 19:42:54 - [MESSAGE][PASSED] - Call Test Case 'Test Cases/TC_Login_RegisterUserAndForgotYourPassword/CommanTCs/TC_LoginToBrowserAsAdmin' successfully

2021-02-18 19:42:54 - [TEST_STEP][PASSED] - customKeywords.commanFunctions.logOutAndcloseBrowser(): customKeywords.commanFunctions.logOutAndcloseBrowser is PASSED

2021-02-18 19:42:58 - [MESSAGE][PASSED] - Object 'Object Repository/LoginAndRigisterUser/AdminDD' is clickable

2021-02-18 19:42:59 - [MESSAGE][INFO] - Clicked on element with JS

2021-02-18 19:43:00 - [MESSAGE][INFO] - Clicked on element with JS

2021-02-18 19:43:01 - [MESSAGE][PASSED] - Delayed 1 second(s)

2021-02-18 19:43:01 - [MESSAGE][PASSED] - Browser is closed

2021-02-18 19:43:01 - [MESSAGE][PASSED] - customKeywords.commanFunctions.logOutAndcloseBrowser is PASSED]]></system-out>
         <system-err><![CDATA[]]></system-err>
      </testcase>
      <testcase name="Test Cases/TC_Login_RegisterUserAndForgotYourPassword/BasicTCs/TC_RigisterUserWithValidTestDataAndVerifyClickHereToResendEmailLink" time="30.454" classname="Test Cases/TC_Login_RegisterUserAndForgotYourPassword/BasicTCs/TC_RigisterUserWithValidTestDataAndVerifyClickHereToResendEmailLink" status="PASSED">
         <system-out><![CDATA[2021-02-18 19:43:01 - [TEST_CASE][PASSED] - Test Cases/TC_Login_RegisterUserAndForgotYourPassword/BasicTCs/TC_RigisterUserWithValidTestDataAndVerifyClickHereToResendEmailLink: Test Cases/TC_Login_RegisterUserAndForgotYourPassword/BasicTCs/TC_RigisterUserWithValidTestDataAndVerifyClickHereToResendEmailLink

2021-02-18 19:43:02 - [TEST_STEP][PASSED] - excelTestData = findTestData("Data Files/TestData/InspectTestData"): null

2021-02-18 19:43:02 - [TEST_STEP][PASSED] - clickHereToResendEmai = findTestObject("Object Repository/LoginAndRigisterUser/clickHereToResendEmai"): null

2021-02-18 19:43:02 - [TEST_STEP][PASSED] - ClickHereToResendLinkValidationMessage = excelTestData.getValue(2, 19): null

2021-02-18 19:43:02 - [TEST_STEP][PASSED] - callTestCase(findTestCase("TC_Login_RegisterUserAndForgotYourPassword/CommanTCs/TC_RigisterUserWithValidTestDataAndVerify"), null): Call Test Case 'Test Cases/TC_Login_RegisterUserAndForgotYourPassword/CommanTCs/TC_RigisterUserWithValidTestDataAndVerify' successfully

2021-02-18 19:43:02 - [TEST_CASE][PASSED] - Test Cases/TC_Login_RegisterUserAndForgotYourPassword/CommanTCs/TC_RigisterUserWithValidTestDataAndVerify: Test Cases/TC_Login_RegisterUserAndForgotYourPassword/CommanTCs/TC_RigisterUserWithValidTestDataAndVerify

2021-02-18 19:43:02 - [TEST_STEP][PASSED] - excelTestData = findTestData("Data Files/TestData/InspectTestData"): null

2021-02-18 19:43:02 - [TEST_STEP][PASSED] - obj = findTestObject("LoginAndRigisterUser/LoginLink"): null

2021-02-18 19:43:02 - [TEST_STEP][PASSED] - RigisterBtn = findTestObject("Object Repository/LoginAndRigisterUser/RegisterBtn"): null

2021-02-18 19:43:02 - [TEST_STEP][PASSED] - CheckBoxTermsAndCondition = findTestObject("Object Repository/LoginAndRigisterUser/Reg_SiteInspectTermsOfUse_CheckBox"): null

2021-02-18 19:43:02 - [TEST_STEP][PASSED] - rigisterHereLink = findTestObject("Object Repository/LoginAndRigisterUser/RigisterHere"): null

2021-02-18 19:43:02 - [TEST_STEP][PASSED] - customKeywords.commanFunctions.openBrowser(): customKeywords.commanFunctions.openBrowser is PASSED

2021-02-18 19:43:02 - [MESSAGE][INFO] - Starting 'Chrome' driver

2021-02-18 19:43:02 - [MESSAGE][INFO] - Action delay is set to 0 milliseconds

2021-02-18 19:43:12 - [MESSAGE][PASSED] - Browser is opened with url: 'https://Inspect.Stage.site.sa'

2021-02-18 19:43:14 - [MESSAGE][PASSED] - Current window maximized

2021-02-18 19:43:14 - [MESSAGE][PASSED] - Wait for page load successfully

2021-02-18 19:43:14 - [MESSAGE][PASSED] - customKeywords.commanFunctions.openBrowser is PASSED

2021-02-18 19:43:14 - [TEST_STEP][PASSED] - waitForElementClickable(findTestObject("LoginAndRigisterUser/LoginLink"), TimeOut): Object 'Object Repository/LoginAndRigisterUser/LoginLink' is clickable

2021-02-18 19:43:14 - [MESSAGE][PASSED] - Object 'Object Repository/LoginAndRigisterUser/LoginLink' is clickable

2021-02-18 19:43:14 - [TEST_STEP][PASSED] - customKeywords.commanFunctions.clickElementWithJS(obj): customKeywords.commanFunctions.clickElementWithJS is PASSED

2021-02-18 19:43:15 - [MESSAGE][INFO] - Clicked on element with JS

2021-02-18 19:43:15 - [MESSAGE][PASSED] - customKeywords.commanFunctions.clickElementWithJS is PASSED

2021-02-18 19:43:15 - [TEST_STEP][PASSED] - customKeywords.commanFunctions.clickElementWithJS(rigisterHereLink): customKeywords.commanFunctions.clickElementWithJS is PASSED

2021-02-18 19:43:15 - [MESSAGE][INFO] - Clicked on element with JS

2021-02-18 19:43:15 - [MESSAGE][PASSED] - customKeywords.commanFunctions.clickElementWithJS is PASSED

2021-02-18 19:43:15 - [TEST_STEP][PASSED] - firstName = excelTestData.getValue(2, 16): null

2021-02-18 19:43:15 - [TEST_STEP][PASSED] - lastName = excelTestData.getValue(3, 16): null

2021-02-18 19:43:15 - [TEST_STEP][PASSED] - mobileNum = excelTestData.getValue(4, 16): null

2021-02-18 19:43:15 - [TEST_STEP][PASSED] - email = excelTestData.getValue(5, 16): null

2021-02-18 19:43:15 - [TEST_STEP][PASSED] - validationMessage = excelTestData.getValue(6, 16): null

2021-02-18 19:43:15 - [TEST_STEP][PASSED] - ClickHereToResendLink = excelTestData.getValue(7, 16): null

2021-02-18 19:43:15 - [TEST_STEP][PASSED] - sendKeys(findTestObject("Object Repository/LoginAndRigisterUser/FirstName_Input"), firstName): Keys 'Ashok' sent to object: 'Object Repository/LoginAndRigisterUser/FirstName_Input'

2021-02-18 19:43:16 - [MESSAGE][PASSED] - Keys 'Ashok' sent to object: 'Object Repository/LoginAndRigisterUser/FirstName_Input'

2021-02-18 19:43:16 - [TEST_STEP][PASSED] - sendKeys(findTestObject("Object Repository/LoginAndRigisterUser/LastName_Input"), lastName): Keys 'Abdul' sent to object: 'Object Repository/LoginAndRigisterUser/LastName_Input'

2021-02-18 19:43:17 - [MESSAGE][PASSED] - Keys 'Abdul' sent to object: 'Object Repository/LoginAndRigisterUser/LastName_Input'

2021-02-18 19:43:17 - [TEST_STEP][PASSED] - RandomNum = customKeywords.commanFunctions.getRandomNumbers(): customKeywords.commanFunctions.getRandomNumbers is PASSED

2021-02-18 19:43:17 - [MESSAGE][PASSED] - customKeywords.commanFunctions.getRandomNumbers is PASSED

2021-02-18 19:43:17 - [TEST_STEP][PASSED] - mobileNumber = "0" + mobileNum + RandomNum: null

2021-02-18 19:43:17 - [TEST_STEP][PASSED] - sendKeys(findTestObject("Object Repository/LoginAndRigisterUser/MobileNumber_Input"), mobileNumber): Keys '0573419956' sent to object: 'Object Repository/LoginAndRigisterUser/MobileNumber_Input'

2021-02-18 19:43:17 - [MESSAGE][PASSED] - Keys '0573419956' sent to object: 'Object Repository/LoginAndRigisterUser/MobileNumber_Input'

2021-02-18 19:43:17 - [TEST_STEP][PASSED] - str = customKeywords.commanFunctions.getRandomAlphaString(4): customKeywords.commanFunctions.getRandomAlphaString is PASSED

2021-02-18 19:43:17 - [MESSAGE][PASSED] - customKeywords.commanFunctions.getRandomAlphaString is PASSED

2021-02-18 19:43:17 - [TEST_STEP][PASSED] - emailID = "test_" + str + "@email.com": null

2021-02-18 19:43:17 - [TEST_STEP][PASSED] - sendKeys(findTestObject("Object Repository/LoginAndRigisterUser/Reg_Email_Input"), emailID): Keys 'test_knpf@email.com' sent to object: 'Object Repository/LoginAndRigisterUser/Reg_Email_Input'

2021-02-18 19:43:18 - [MESSAGE][PASSED] - Keys 'test_knpf@email.com' sent to object: 'Object Repository/LoginAndRigisterUser/Reg_Email_Input'

2021-02-18 19:43:18 - [TEST_STEP][PASSED] - sendKeys(findTestObject("Object Repository/LoginAndRigisterUser/ReEnter_Email_Input"), emailID): Keys 'test_knpf@email.com' sent to object: 'Object Repository/LoginAndRigisterUser/ReEnter_Email_Input'

2021-02-18 19:43:18 - [MESSAGE][PASSED] - Keys 'test_knpf@email.com' sent to object: 'Object Repository/LoginAndRigisterUser/ReEnter_Email_Input'

2021-02-18 19:43:18 - [TEST_STEP][PASSED] - customKeywords.commanFunctions.clickElementWithJS(CheckBoxTermsAndCondition): customKeywords.commanFunctions.clickElementWithJS is PASSED

2021-02-18 19:43:19 - [MESSAGE][INFO] - Clicked on element with JS

2021-02-18 19:43:19 - [MESSAGE][PASSED] - customKeywords.commanFunctions.clickElementWithJS is PASSED

2021-02-18 19:43:19 - [TEST_STEP][PASSED] - customKeywords.commanFunctions.clickElementWithJS(RigisterBtn): customKeywords.commanFunctions.clickElementWithJS is PASSED

2021-02-18 19:43:19 - [MESSAGE][INFO] - Clicked on element with JS

2021-02-18 19:43:19 - [MESSAGE][PASSED] - customKeywords.commanFunctions.clickElementWithJS is PASSED

2021-02-18 19:43:19 - [TEST_STEP][PASSED] - customKeywords.commanFunctions.otpRigistration(): customKeywords.commanFunctions.otpRigistration is PASSED

2021-02-18 19:43:21 - [MESSAGE][PASSED] - Keys '0' sent to object: 'Object Repository/LoginAndRigisterUser/otpOne'

2021-02-18 19:43:22 - [MESSAGE][PASSED] - Keys '0' sent to object: 'Object Repository/LoginAndRigisterUser/otpTwo'

2021-02-18 19:43:22 - [MESSAGE][PASSED] - Keys '0' sent to object: 'Object Repository/LoginAndRigisterUser/otpThree'

2021-02-18 19:43:23 - [MESSAGE][PASSED] - Keys '0' sent to object: 'Object Repository/LoginAndRigisterUser/otpFour'

2021-02-18 19:43:24 - [MESSAGE][PASSED] - Keys '0' sent to object: 'Object Repository/LoginAndRigisterUser/otpFive'

2021-02-18 19:43:25 - [MESSAGE][INFO] - Clicked on element with JS

2021-02-18 19:43:25 - [MESSAGE][PASSED] - customKeywords.commanFunctions.otpRigistration is PASSED

2021-02-18 19:43:25 - [TEST_STEP][PASSED] - verifyTextPresent(validationMessage, false): Text 'Thank you for your registration. To verify your email, please follow the instructions sent to you by email.' is present on page 

2021-02-18 19:43:27 - [MESSAGE][PASSED] - Text 'Thank you for your registration. To verify your email, please follow the instructions sent to you by email.' is present on page 

2021-02-18 19:43:27 - [TEST_STEP][PASSED] - verifyTextPresent(ClickHereToResendLink, false): Text 'Click here to resend the email' is present on page 

2021-02-18 19:43:27 - [MESSAGE][PASSED] - Text 'Click here to resend the email' is present on page 

2021-02-18 19:43:27 - [TEST_STEP][PASSED] - delay(2): Delayed 2 second(s)

2021-02-18 19:43:29 - [MESSAGE][PASSED] - Delayed 2 second(s)

2021-02-18 19:43:29 - [MESSAGE][PASSED] - Call Test Case 'Test Cases/TC_Login_RegisterUserAndForgotYourPassword/CommanTCs/TC_RigisterUserWithValidTestDataAndVerify' successfully

2021-02-18 19:43:29 - [TEST_STEP][PASSED] - customKeywords.commanFunctions.clickElementWithJS(clickHereToResendEmai): customKeywords.commanFunctions.clickElementWithJS is PASSED

2021-02-18 19:43:30 - [MESSAGE][INFO] - Clicked on element with JS

2021-02-18 19:43:30 - [MESSAGE][PASSED] - customKeywords.commanFunctions.clickElementWithJS is PASSED

2021-02-18 19:43:30 - [TEST_STEP][PASSED] - verifyTextPresent(ClickHereToResendLinkValidationMessage, false): Text 'A verification email has been sent to your email address' is present on page 

2021-02-18 19:43:31 - [MESSAGE][PASSED] - Text 'A verification email has been sent to your email address' is present on page 

2021-02-18 19:43:31 - [TEST_STEP][PASSED] - customKeywords.commanFunctions.onlyCloseBrowser(): customKeywords.commanFunctions.onlyCloseBrowser is PASSED

2021-02-18 19:43:32 - [MESSAGE][PASSED] - Browser is closed

2021-02-18 19:43:32 - [MESSAGE][PASSED] - customKeywords.commanFunctions.onlyCloseBrowser is PASSED]]></system-out>
         <system-err><![CDATA[]]></system-err>
      </testcase>
      <testcase name="Test Cases/TC_Login_RegisterUserAndForgotYourPassword/BasicTCs/TC_RigisterUserWithValidTestDataAndVerifyValidationMsg" time="27.306" classname="Test Cases/TC_Login_RegisterUserAndForgotYourPassword/BasicTCs/TC_RigisterUserWithValidTestDataAndVerifyValidationMsg" status="PASSED">
         <system-out><![CDATA[2021-02-18 19:43:32 - [TEST_CASE][PASSED] - Test Cases/TC_Login_RegisterUserAndForgotYourPassword/BasicTCs/TC_RigisterUserWithValidTestDataAndVerifyValidationMsg: Test Cases/TC_Login_RegisterUserAndForgotYourPassword/BasicTCs/TC_RigisterUserWithValidTestDataAndVerifyValidationMsg

2021-02-18 19:43:32 - [TEST_STEP][PASSED] - callTestCase(findTestCase("TC_Login_RegisterUserAndForgotYourPassword/CommanTCs/TC_RigisterUserWithValidTestDataAndVerify"), null): Call Test Case 'Test Cases/TC_Login_RegisterUserAndForgotYourPassword/CommanTCs/TC_RigisterUserWithValidTestDataAndVerify' successfully

2021-02-18 19:43:32 - [TEST_CASE][PASSED] - Test Cases/TC_Login_RegisterUserAndForgotYourPassword/CommanTCs/TC_RigisterUserWithValidTestDataAndVerify: Test Cases/TC_Login_RegisterUserAndForgotYourPassword/CommanTCs/TC_RigisterUserWithValidTestDataAndVerify

2021-02-18 19:43:32 - [TEST_STEP][PASSED] - excelTestData = findTestData("Data Files/TestData/InspectTestData"): null

2021-02-18 19:43:32 - [TEST_STEP][PASSED] - obj = findTestObject("LoginAndRigisterUser/LoginLink"): null

2021-02-18 19:43:32 - [TEST_STEP][PASSED] - RigisterBtn = findTestObject("Object Repository/LoginAndRigisterUser/RegisterBtn"): null

2021-02-18 19:43:32 - [TEST_STEP][PASSED] - CheckBoxTermsAndCondition = findTestObject("Object Repository/LoginAndRigisterUser/Reg_SiteInspectTermsOfUse_CheckBox"): null

2021-02-18 19:43:32 - [TEST_STEP][PASSED] - rigisterHereLink = findTestObject("Object Repository/LoginAndRigisterUser/RigisterHere"): null

2021-02-18 19:43:32 - [TEST_STEP][PASSED] - customKeywords.commanFunctions.openBrowser(): customKeywords.commanFunctions.openBrowser is PASSED

2021-02-18 19:43:32 - [MESSAGE][INFO] - Starting 'Chrome' driver

2021-02-18 19:43:32 - [MESSAGE][INFO] - Action delay is set to 0 milliseconds

2021-02-18 19:43:42 - [MESSAGE][PASSED] - Browser is opened with url: 'https://Inspect.Stage.site.sa'

2021-02-18 19:43:44 - [MESSAGE][PASSED] - Current window maximized

2021-02-18 19:43:44 - [MESSAGE][PASSED] - Wait for page load successfully

2021-02-18 19:43:44 - [MESSAGE][PASSED] - customKeywords.commanFunctions.openBrowser is PASSED

2021-02-18 19:43:44 - [TEST_STEP][PASSED] - waitForElementClickable(findTestObject("LoginAndRigisterUser/LoginLink"), TimeOut): Object 'Object Repository/LoginAndRigisterUser/LoginLink' is clickable

2021-02-18 19:43:44 - [MESSAGE][PASSED] - Object 'Object Repository/LoginAndRigisterUser/LoginLink' is clickable

2021-02-18 19:43:44 - [TEST_STEP][PASSED] - customKeywords.commanFunctions.clickElementWithJS(obj): customKeywords.commanFunctions.clickElementWithJS is PASSED

2021-02-18 19:43:45 - [MESSAGE][INFO] - Clicked on element with JS

2021-02-18 19:43:45 - [MESSAGE][PASSED] - customKeywords.commanFunctions.clickElementWithJS is PASSED

2021-02-18 19:43:45 - [TEST_STEP][PASSED] - customKeywords.commanFunctions.clickElementWithJS(rigisterHereLink): customKeywords.commanFunctions.clickElementWithJS is PASSED

2021-02-18 19:43:45 - [MESSAGE][INFO] - Clicked on element with JS

2021-02-18 19:43:45 - [MESSAGE][PASSED] - customKeywords.commanFunctions.clickElementWithJS is PASSED

2021-02-18 19:43:45 - [TEST_STEP][PASSED] - firstName = excelTestData.getValue(2, 16): null

2021-02-18 19:43:45 - [TEST_STEP][PASSED] - lastName = excelTestData.getValue(3, 16): null

2021-02-18 19:43:45 - [TEST_STEP][PASSED] - mobileNum = excelTestData.getValue(4, 16): null

2021-02-18 19:43:45 - [TEST_STEP][PASSED] - email = excelTestData.getValue(5, 16): null

2021-02-18 19:43:45 - [TEST_STEP][PASSED] - validationMessage = excelTestData.getValue(6, 16): null

2021-02-18 19:43:45 - [TEST_STEP][PASSED] - ClickHereToResendLink = excelTestData.getValue(7, 16): null

2021-02-18 19:43:45 - [TEST_STEP][PASSED] - sendKeys(findTestObject("Object Repository/LoginAndRigisterUser/FirstName_Input"), firstName): Keys 'Ashok' sent to object: 'Object Repository/LoginAndRigisterUser/FirstName_Input'

2021-02-18 19:43:46 - [MESSAGE][PASSED] - Keys 'Ashok' sent to object: 'Object Repository/LoginAndRigisterUser/FirstName_Input'

2021-02-18 19:43:46 - [TEST_STEP][PASSED] - sendKeys(findTestObject("Object Repository/LoginAndRigisterUser/LastName_Input"), lastName): Keys 'Abdul' sent to object: 'Object Repository/LoginAndRigisterUser/LastName_Input'

2021-02-18 19:43:46 - [MESSAGE][PASSED] - Keys 'Abdul' sent to object: 'Object Repository/LoginAndRigisterUser/LastName_Input'

2021-02-18 19:43:46 - [TEST_STEP][PASSED] - RandomNum = customKeywords.commanFunctions.getRandomNumbers(): customKeywords.commanFunctions.getRandomNumbers is PASSED

2021-02-18 19:43:46 - [MESSAGE][PASSED] - customKeywords.commanFunctions.getRandomNumbers is PASSED

2021-02-18 19:43:46 - [TEST_STEP][PASSED] - mobileNumber = "0" + mobileNum + RandomNum: null

2021-02-18 19:43:46 - [TEST_STEP][PASSED] - sendKeys(findTestObject("Object Repository/LoginAndRigisterUser/MobileNumber_Input"), mobileNumber): Keys '0573486660' sent to object: 'Object Repository/LoginAndRigisterUser/MobileNumber_Input'

2021-02-18 19:43:47 - [MESSAGE][PASSED] - Keys '0573486660' sent to object: 'Object Repository/LoginAndRigisterUser/MobileNumber_Input'

2021-02-18 19:43:47 - [TEST_STEP][PASSED] - str = customKeywords.commanFunctions.getRandomAlphaString(4): customKeywords.commanFunctions.getRandomAlphaString is PASSED

2021-02-18 19:43:47 - [MESSAGE][PASSED] - customKeywords.commanFunctions.getRandomAlphaString is PASSED

2021-02-18 19:43:47 - [TEST_STEP][PASSED] - emailID = "test_" + str + "@email.com": null

2021-02-18 19:43:47 - [TEST_STEP][PASSED] - sendKeys(findTestObject("Object Repository/LoginAndRigisterUser/Reg_Email_Input"), emailID): Keys 'test_oefh@email.com' sent to object: 'Object Repository/LoginAndRigisterUser/Reg_Email_Input'

2021-02-18 19:43:47 - [MESSAGE][PASSED] - Keys 'test_oefh@email.com' sent to object: 'Object Repository/LoginAndRigisterUser/Reg_Email_Input'

2021-02-18 19:43:47 - [TEST_STEP][PASSED] - sendKeys(findTestObject("Object Repository/LoginAndRigisterUser/ReEnter_Email_Input"), emailID): Keys 'test_oefh@email.com' sent to object: 'Object Repository/LoginAndRigisterUser/ReEnter_Email_Input'

2021-02-18 19:43:48 - [MESSAGE][PASSED] - Keys 'test_oefh@email.com' sent to object: 'Object Repository/LoginAndRigisterUser/ReEnter_Email_Input'

2021-02-18 19:43:48 - [TEST_STEP][PASSED] - customKeywords.commanFunctions.clickElementWithJS(CheckBoxTermsAndCondition): customKeywords.commanFunctions.clickElementWithJS is PASSED

2021-02-18 19:43:48 - [MESSAGE][INFO] - Clicked on element with JS

2021-02-18 19:43:48 - [MESSAGE][PASSED] - customKeywords.commanFunctions.clickElementWithJS is PASSED

2021-02-18 19:43:48 - [TEST_STEP][PASSED] - customKeywords.commanFunctions.clickElementWithJS(RigisterBtn): customKeywords.commanFunctions.clickElementWithJS is PASSED

2021-02-18 19:43:49 - [MESSAGE][INFO] - Clicked on element with JS

2021-02-18 19:43:49 - [MESSAGE][PASSED] - customKeywords.commanFunctions.clickElementWithJS is PASSED

2021-02-18 19:43:49 - [TEST_STEP][PASSED] - customKeywords.commanFunctions.otpRigistration(): customKeywords.commanFunctions.otpRigistration is PASSED

2021-02-18 19:43:51 - [MESSAGE][PASSED] - Keys '0' sent to object: 'Object Repository/LoginAndRigisterUser/otpOne'

2021-02-18 19:43:51 - [MESSAGE][PASSED] - Keys '0' sent to object: 'Object Repository/LoginAndRigisterUser/otpTwo'

2021-02-18 19:43:52 - [MESSAGE][PASSED] - Keys '0' sent to object: 'Object Repository/LoginAndRigisterUser/otpThree'

2021-02-18 19:43:52 - [MESSAGE][PASSED] - Keys '0' sent to object: 'Object Repository/LoginAndRigisterUser/otpFour'

2021-02-18 19:43:53 - [MESSAGE][PASSED] - Keys '0' sent to object: 'Object Repository/LoginAndRigisterUser/otpFive'

2021-02-18 19:43:54 - [MESSAGE][INFO] - Clicked on element with JS

2021-02-18 19:43:54 - [MESSAGE][PASSED] - customKeywords.commanFunctions.otpRigistration is PASSED

2021-02-18 19:43:54 - [TEST_STEP][PASSED] - verifyTextPresent(validationMessage, false): Text 'Thank you for your registration. To verify your email, please follow the instructions sent to you by email.' is present on page 

2021-02-18 19:43:56 - [MESSAGE][PASSED] - Text 'Thank you for your registration. To verify your email, please follow the instructions sent to you by email.' is present on page 

2021-02-18 19:43:56 - [TEST_STEP][PASSED] - verifyTextPresent(ClickHereToResendLink, false): Text 'Click here to resend the email' is present on page 

2021-02-18 19:43:56 - [MESSAGE][PASSED] - Text 'Click here to resend the email' is present on page 

2021-02-18 19:43:56 - [TEST_STEP][PASSED] - delay(2): Delayed 2 second(s)

2021-02-18 19:43:58 - [MESSAGE][PASSED] - Delayed 2 second(s)

2021-02-18 19:43:58 - [MESSAGE][PASSED] - Call Test Case 'Test Cases/TC_Login_RegisterUserAndForgotYourPassword/CommanTCs/TC_RigisterUserWithValidTestDataAndVerify' successfully

2021-02-18 19:43:58 - [TEST_STEP][PASSED] - customKeywords.commanFunctions.onlyCloseBrowser(): customKeywords.commanFunctions.onlyCloseBrowser is PASSED

2021-02-18 19:43:59 - [MESSAGE][PASSED] - Browser is closed

2021-02-18 19:43:59 - [MESSAGE][PASSED] - customKeywords.commanFunctions.onlyCloseBrowser is PASSED]]></system-out>
         <system-err><![CDATA[]]></system-err>
      </testcase>
      <system-out><![CDATA[2021-02-18 19:41:05 - [TEST_SUITE][PASSED] - Login_Suite: Test Cases/TC_Login_RegisterUserAndForgotYourPassword/BasicTCs/TC_RigisterUserWithValidTestDataAndVerifyValidationMsg]]></system-out>
      <system-err><![CDATA[]]></system-err>
   </testsuite>
</testsuites>
