<?xml version="1.0" encoding="UTF-8"?>
<testsuites name="Suite_LogIn_RigisterUserAndForgotPwd_Module" time="223.947" tests="7" failures="0" skips="0" errors="0">
   <testsuite name="Suite_LogIn_RigisterUserAndForgotPwd_Module" tests="7" failures="0" errors="0" time="223.947" skips="0" timestamp="2021-02-01 11:18:59" hostname="araha - LAPTOP-CLOFSUPE" id="Test Suites/LogIn_RigisterUserAndForgotPwd_Module/Suite_LogIn_RigisterUserAndForgotPwd_Module">
      <properties>
         <property name="deviceName" value=""/>
         <property name="devicePlatform" value=""/>
         <property name="logFolder" value="C:\\Users\\araha\\Katalon Studio\\InspectAutomation\\Reports\\20210201_111835\\LogIn_RigisterUserAndForgotPwd_Module\\Suite_LogIn_RigisterUserAndForgotPwd_Module\\20210201_111835"/>
         <property name="logFiles" value="C:\\Users\\araha\\Katalon Studio\\InspectAutomation\\Reports\\20210201_111835\\LogIn_RigisterUserAndForgotPwd_Module\\Suite_LogIn_RigisterUserAndForgotPwd_Module\\20210201_111835\\execution0.log"/>
         <property name="attachments" value=""/>
         <property name="hostName" value="araha - LAPTOP-CLOFSUPE"/>
         <property name="os" value="Windows 10 64bit"/>
         <property name="katalonVersion" value="7.8.2.208"/>
         <property name="browser" value="Chrome 86.0.4240.75"/>
         <property name="hostAddress" value="192.168.1.4"/>
         <property name="sessionId" value="b0a4d8f5cf6d0384e673c0858108109e"/>
         <property name="seleniumVersion" value="3.141.59"/>
         <property name="proxyInformation" value="ProxyInformation { proxyOption=NO_PROXY, proxyServerType=HTTP, username=, password=********, proxyServerAddress=, proxyServerPort=0, executionList=&quot;&quot;, isApplyToDesiredCapabilities=true }"/>
         <property name="platform" value="Windows 10"/>
      </properties>
      <testcase name="Test Cases/TC_Login_RigisterUserAndForgotYourPassword/TC_ForgotPwdInValidEmailValidation" time="41.746" classname="Test Cases/TC_Login_RigisterUserAndForgotYourPassword/TC_ForgotPwdInValidEmailValidation" status="PASSED">
         <system-out><![CDATA[2021-02-01 11:19:01 - [TEST_CASE][PASSED] - Test Cases/TC_Login_RigisterUserAndForgotYourPassword/TC_ForgotPwdInValidEmailValidation: Test Cases/TC_Login_RigisterUserAndForgotYourPassword/TC_ForgotPwdInValidEmailValidation

2021-02-01 11:19:01 - [TEST_STEP][PASSED] - excelTestData = findTestData("Data Files/TestData/InspectTestData"): null

2021-02-01 11:19:02 - [TEST_STEP][PASSED] - validationMessage = excelTestData.getValue(2, 12): null

2021-02-01 11:19:02 - [TEST_STEP][PASSED] - obj = findTestObject("LoginAndRigisterUser/LoginLink"): null

2021-02-01 11:19:02 - [TEST_STEP][PASSED] - forgotPwd = findTestObject("Object Repository/LoginAndRigisterUser/ForgotPwd"): null

2021-02-01 11:19:02 - [TEST_STEP][PASSED] - ForgotPwdSubmitBtn = findTestObject("Object Repository/LoginAndRigisterUser/ForgotPwdSubmitBtn"): null

2021-02-01 11:19:02 - [TEST_STEP][PASSED] - customKeywords.commanFunctions.openBrowser(): customKeywords.commanFunctions.openBrowser is PASSED

2021-02-01 11:19:03 - [MESSAGE][INFO] - Starting 'Chrome' driver

2021-02-01 11:19:03 - [MESSAGE][INFO] - Action delay is set to 0 milliseconds

2021-02-01 11:19:31 - [MESSAGE][PASSED] - Browser is opened with url: 'https://Inspect.Stage.site.sa'

2021-02-01 11:19:34 - [MESSAGE][PASSED] - Current window maximized

2021-02-01 11:19:34 - [MESSAGE][PASSED] - Wait for page load successfully

2021-02-01 11:19:34 - [MESSAGE][PASSED] - customKeywords.commanFunctions.openBrowser is PASSED

2021-02-01 11:19:34 - [TEST_STEP][PASSED] - waitForElementClickable(findTestObject("LoginAndRigisterUser/LoginLink"), TimeOut): Object 'Object Repository/LoginAndRigisterUser/LoginLink' is clickable

2021-02-01 11:19:34 - [MESSAGE][PASSED] - Object 'Object Repository/LoginAndRigisterUser/LoginLink' is clickable

2021-02-01 11:19:34 - [TEST_STEP][PASSED] - customKeywords.commanFunctions.clickElementWithJS(obj): customKeywords.commanFunctions.clickElementWithJS is PASSED

2021-02-01 11:19:35 - [MESSAGE][INFO] - Clicked on element with JS

2021-02-01 11:19:35 - [MESSAGE][PASSED] - customKeywords.commanFunctions.clickElementWithJS is PASSED

2021-02-01 11:19:35 - [TEST_STEP][PASSED] - waitForElementClickable(findTestObject("Object Repository/LoginAndRigisterUser/ForgotPwd"), TimeOut): Object 'Object Repository/LoginAndRigisterUser/ForgotPwd' is clickable

2021-02-01 11:19:36 - [MESSAGE][PASSED] - Object 'Object Repository/LoginAndRigisterUser/ForgotPwd' is clickable

2021-02-01 11:19:36 - [TEST_STEP][PASSED] - customKeywords.commanFunctions.clickElementWithJS(forgotPwd): customKeywords.commanFunctions.clickElementWithJS is PASSED

2021-02-01 11:19:37 - [MESSAGE][INFO] - Clicked on element with JS

2021-02-01 11:19:37 - [MESSAGE][PASSED] - customKeywords.commanFunctions.clickElementWithJS is PASSED

2021-02-01 11:19:37 - [TEST_STEP][PASSED] - str = customKeywords.commanFunctions.getRandomAlphaString(5): customKeywords.commanFunctions.getRandomAlphaString is PASSED

2021-02-01 11:19:37 - [MESSAGE][PASSED] - customKeywords.commanFunctions.getRandomAlphaString is PASSED

2021-02-01 11:19:37 - [TEST_STEP][PASSED] - email = "test_" + str + "@email.com": null

2021-02-01 11:19:37 - [TEST_STEP][PASSED] - sendKeys(findTestObject("Object Repository/LoginAndRigisterUser/ForgotPwd_Email_Input"), email): Keys 'test_tafbd@email.com' sent to object: 'Object Repository/LoginAndRigisterUser/ForgotPwd_Email_Input'

2021-02-01 11:19:38 - [MESSAGE][PASSED] - Keys 'test_tafbd@email.com' sent to object: 'Object Repository/LoginAndRigisterUser/ForgotPwd_Email_Input'

2021-02-01 11:19:38 - [TEST_STEP][PASSED] - customKeywords.commanFunctions.clickElementWithJS(ForgotPwdSubmitBtn): customKeywords.commanFunctions.clickElementWithJS is PASSED

2021-02-01 11:19:39 - [MESSAGE][INFO] - Clicked on element with JS

2021-02-01 11:19:39 - [MESSAGE][PASSED] - customKeywords.commanFunctions.clickElementWithJS is PASSED

2021-02-01 11:19:39 - [TEST_STEP][PASSED] - verifyTextPresent(validationMessage, false): Text 'The user credentials provided is incorrect' is present on page 

2021-02-01 11:19:41 - [MESSAGE][PASSED] - Text 'The user credentials provided is incorrect' is present on page 

2021-02-01 11:19:41 - [TEST_STEP][PASSED] - customKeywords.commanFunctions.onlyCloseBrowser(): customKeywords.commanFunctions.onlyCloseBrowser is PASSED

2021-02-01 11:19:42 - [MESSAGE][PASSED] - Browser is closed

2021-02-01 11:19:42 - [MESSAGE][PASSED] - customKeywords.commanFunctions.onlyCloseBrowser is PASSED]]></system-out>
         <system-err><![CDATA[]]></system-err>
      </testcase>
      <testcase name="Test Cases/TC_Login_RigisterUserAndForgotYourPassword/TC_ForgotPwdValidEmailValidation" time="24.962" classname="Test Cases/TC_Login_RigisterUserAndForgotYourPassword/TC_ForgotPwdValidEmailValidation" status="PASSED">
         <system-out><![CDATA[2021-02-01 11:19:42 - [TEST_CASE][PASSED] - Test Cases/TC_Login_RigisterUserAndForgotYourPassword/TC_ForgotPwdValidEmailValidation: Test Cases/TC_Login_RigisterUserAndForgotYourPassword/TC_ForgotPwdValidEmailValidation

2021-02-01 11:19:43 - [TEST_STEP][PASSED] - excelTestData = findTestData("Data Files/TestData/InspectTestData"): null

2021-02-01 11:19:43 - [TEST_STEP][PASSED] - validationMessage = excelTestData.getValue(2, 8): null

2021-02-01 11:19:43 - [TEST_STEP][PASSED] - obj = findTestObject("LoginAndRigisterUser/LoginLink"): null

2021-02-01 11:19:43 - [TEST_STEP][PASSED] - forgotPwd = findTestObject("Object Repository/LoginAndRigisterUser/ForgotPwd"): null

2021-02-01 11:19:43 - [TEST_STEP][PASSED] - ForgotPwdSubmitBtn = findTestObject("Object Repository/LoginAndRigisterUser/ForgotPwdSubmitBtn"): null

2021-02-01 11:19:43 - [TEST_STEP][PASSED] - customKeywords.commanFunctions.openBrowser(): customKeywords.commanFunctions.openBrowser is PASSED

2021-02-01 11:19:43 - [MESSAGE][INFO] - Starting 'Chrome' driver

2021-02-01 11:19:43 - [MESSAGE][INFO] - Action delay is set to 0 milliseconds

2021-02-01 11:19:58 - [MESSAGE][PASSED] - Browser is opened with url: 'https://Inspect.Stage.site.sa'

2021-02-01 11:20:00 - [MESSAGE][PASSED] - Current window maximized

2021-02-01 11:20:00 - [MESSAGE][PASSED] - Wait for page load successfully

2021-02-01 11:20:00 - [MESSAGE][PASSED] - customKeywords.commanFunctions.openBrowser is PASSED

2021-02-01 11:20:00 - [TEST_STEP][PASSED] - waitForElementClickable(findTestObject("LoginAndRigisterUser/LoginLink"), TimeOut): Object 'Object Repository/LoginAndRigisterUser/LoginLink' is clickable

2021-02-01 11:20:01 - [MESSAGE][PASSED] - Object 'Object Repository/LoginAndRigisterUser/LoginLink' is clickable

2021-02-01 11:20:01 - [TEST_STEP][PASSED] - customKeywords.commanFunctions.clickElementWithJS(obj): customKeywords.commanFunctions.clickElementWithJS is PASSED

2021-02-01 11:20:01 - [MESSAGE][INFO] - Clicked on element with JS

2021-02-01 11:20:01 - [MESSAGE][PASSED] - customKeywords.commanFunctions.clickElementWithJS is PASSED

2021-02-01 11:20:01 - [TEST_STEP][PASSED] - waitForElementClickable(findTestObject("Object Repository/LoginAndRigisterUser/ForgotPwd"), TimeOut): Object 'Object Repository/LoginAndRigisterUser/ForgotPwd' is clickable

2021-02-01 11:20:02 - [MESSAGE][PASSED] - Object 'Object Repository/LoginAndRigisterUser/ForgotPwd' is clickable

2021-02-01 11:20:02 - [TEST_STEP][PASSED] - customKeywords.commanFunctions.clickElementWithJS(forgotPwd): customKeywords.commanFunctions.clickElementWithJS is PASSED

2021-02-01 11:20:03 - [MESSAGE][INFO] - Clicked on element with JS

2021-02-01 11:20:03 - [MESSAGE][PASSED] - customKeywords.commanFunctions.clickElementWithJS is PASSED

2021-02-01 11:20:03 - [TEST_STEP][PASSED] - sendKeys(findTestObject("Object Repository/LoginAndRigisterUser/ForgotPwd_Email_Input"), AdminUserName): Keys 'admin@example.com' sent to object: 'Object Repository/LoginAndRigisterUser/ForgotPwd_Email_Input'

2021-02-01 11:20:03 - [MESSAGE][PASSED] - Keys 'admin@example.com' sent to object: 'Object Repository/LoginAndRigisterUser/ForgotPwd_Email_Input'

2021-02-01 11:20:03 - [TEST_STEP][PASSED] - customKeywords.commanFunctions.clickElementWithJS(ForgotPwdSubmitBtn): customKeywords.commanFunctions.clickElementWithJS is PASSED

2021-02-01 11:20:04 - [MESSAGE][INFO] - Clicked on element with JS

2021-02-01 11:20:04 - [MESSAGE][PASSED] - customKeywords.commanFunctions.clickElementWithJS is PASSED

2021-02-01 11:20:04 - [TEST_STEP][PASSED] - verifyTextPresent(validationMessage, false): Text 'An email with a reset link was sent to your email. Please click on the link to reset your password' is present on page 

2021-02-01 11:20:06 - [MESSAGE][PASSED] - Text 'An email with a reset link was sent to your email. Please click on the link to reset your password' is present on page 

2021-02-01 11:20:06 - [TEST_STEP][PASSED] - customKeywords.commanFunctions.onlyCloseBrowser(): customKeywords.commanFunctions.onlyCloseBrowser is PASSED

2021-02-01 11:20:07 - [MESSAGE][PASSED] - Browser is closed

2021-02-01 11:20:07 - [MESSAGE][PASSED] - customKeywords.commanFunctions.onlyCloseBrowser is PASSED]]></system-out>
         <system-err><![CDATA[]]></system-err>
      </testcase>
      <testcase name="Test Cases/TC_Login_RigisterUserAndForgotYourPassword/TC_LoginUserWithInValidCredentialsAndVerifyErrorMsg" time="25.261" classname="Test Cases/TC_Login_RigisterUserAndForgotYourPassword/TC_LoginUserWithInValidCredentialsAndVerifyErrorMsg" status="PASSED">
         <system-out><![CDATA[2021-02-01 11:20:07 - [TEST_CASE][PASSED] - Test Cases/TC_Login_RigisterUserAndForgotYourPassword/TC_LoginUserWithInValidCredentialsAndVerifyErrorMsg: Test Cases/TC_Login_RigisterUserAndForgotYourPassword/TC_LoginUserWithInValidCredentialsAndVerifyErrorMsg

2021-02-01 11:20:08 - [TEST_STEP][PASSED] - excelTestData = findTestData("Data Files/TestData/InspectTestData"): null

2021-02-01 11:20:08 - [TEST_STEP][PASSED] - validationMessage = excelTestData.getValue(2, 4): null

2021-02-01 11:20:08 - [TEST_STEP][PASSED] - obj = findTestObject("LoginAndRigisterUser/LoginLink"): null

2021-02-01 11:20:08 - [TEST_STEP][PASSED] - LoginBtn = findTestObject("Object Repository/LoginAndRigisterUser/LoginBtn"): null

2021-02-01 11:20:08 - [TEST_STEP][PASSED] - customKeywords.commanFunctions.openBrowser(): customKeywords.commanFunctions.openBrowser is PASSED

2021-02-01 11:20:08 - [MESSAGE][INFO] - Starting 'Chrome' driver

2021-02-01 11:20:08 - [MESSAGE][INFO] - Action delay is set to 0 milliseconds

2021-02-01 11:20:23 - [MESSAGE][PASSED] - Browser is opened with url: 'https://Inspect.Stage.site.sa'

2021-02-01 11:20:25 - [MESSAGE][PASSED] - Current window maximized

2021-02-01 11:20:25 - [MESSAGE][PASSED] - Wait for page load successfully

2021-02-01 11:20:25 - [MESSAGE][PASSED] - customKeywords.commanFunctions.openBrowser is PASSED

2021-02-01 11:20:25 - [TEST_STEP][PASSED] - waitForElementClickable(findTestObject("LoginAndRigisterUser/LoginLink"), TimeOut): Object 'Object Repository/LoginAndRigisterUser/LoginLink' is clickable

2021-02-01 11:20:25 - [MESSAGE][PASSED] - Object 'Object Repository/LoginAndRigisterUser/LoginLink' is clickable

2021-02-01 11:20:25 - [TEST_STEP][PASSED] - customKeywords.commanFunctions.clickElementWithJS(obj): customKeywords.commanFunctions.clickElementWithJS is PASSED

2021-02-01 11:20:26 - [MESSAGE][INFO] - Clicked on element with JS

2021-02-01 11:20:26 - [MESSAGE][PASSED] - customKeywords.commanFunctions.clickElementWithJS is PASSED

2021-02-01 11:20:26 - [TEST_STEP][PASSED] - strOne = customKeywords.commanFunctions.getRandomAlphaString(5): customKeywords.commanFunctions.getRandomAlphaString is PASSED

2021-02-01 11:20:27 - [MESSAGE][PASSED] - customKeywords.commanFunctions.getRandomAlphaString is PASSED

2021-02-01 11:20:27 - [TEST_STEP][PASSED] - email = "test_" + strOne + "@email.com": null

2021-02-01 11:20:27 - [TEST_STEP][PASSED] - str = customKeywords.commanFunctions.getRandomAlphaString(5): customKeywords.commanFunctions.getRandomAlphaString is PASSED

2021-02-01 11:20:27 - [MESSAGE][PASSED] - customKeywords.commanFunctions.getRandomAlphaString is PASSED

2021-02-01 11:20:27 - [TEST_STEP][PASSED] - password = "Test@" + str: null

2021-02-01 11:20:27 - [TEST_STEP][PASSED] - sendKeys(findTestObject("Object Repository/LoginAndRigisterUser/UserName_Email_Input"), email): Keys 'test_fogjs@email.com' sent to object: 'Object Repository/LoginAndRigisterUser/UserName_Email_Input'

2021-02-01 11:20:28 - [MESSAGE][PASSED] - Keys 'test_fogjs@email.com' sent to object: 'Object Repository/LoginAndRigisterUser/UserName_Email_Input'

2021-02-01 11:20:28 - [TEST_STEP][PASSED] - sendKeys(findTestObject("Object Repository/LoginAndRigisterUser/Password_Input"), password): Keys 'Test@gugli' sent to object: 'Object Repository/LoginAndRigisterUser/Password_Input'

2021-02-01 11:20:29 - [MESSAGE][PASSED] - Keys 'Test@gugli' sent to object: 'Object Repository/LoginAndRigisterUser/Password_Input'

2021-02-01 11:20:29 - [TEST_STEP][PASSED] - waitForElementClickable(LoginBtn, TimeOut): Object 'Object Repository/LoginAndRigisterUser/LoginBtn' is clickable

2021-02-01 11:20:29 - [MESSAGE][PASSED] - Object 'Object Repository/LoginAndRigisterUser/LoginBtn' is clickable

2021-02-01 11:20:29 - [TEST_STEP][PASSED] - customKeywords.commanFunctions.clickElementWithJS(LoginBtn): customKeywords.commanFunctions.clickElementWithJS is PASSED

2021-02-01 11:20:30 - [MESSAGE][INFO] - Clicked on element with JS

2021-02-01 11:20:30 - [MESSAGE][PASSED] - customKeywords.commanFunctions.clickElementWithJS is PASSED

2021-02-01 11:20:30 - [TEST_STEP][PASSED] - verifyTextPresent(validationMessage, false): Text 'Incorrect email or password' is present on page 

2021-02-01 11:20:32 - [MESSAGE][PASSED] - Text 'Incorrect email or password' is present on page 

2021-02-01 11:20:32 - [TEST_STEP][PASSED] - customKeywords.commanFunctions.onlyCloseBrowser(): customKeywords.commanFunctions.onlyCloseBrowser is PASSED

2021-02-01 11:20:33 - [MESSAGE][PASSED] - Browser is closed

2021-02-01 11:20:33 - [MESSAGE][PASSED] - customKeywords.commanFunctions.onlyCloseBrowser is PASSED]]></system-out>
         <system-err><![CDATA[]]></system-err>
      </testcase>
      <testcase name="Test Cases/TC_Login_RigisterUserAndForgotYourPassword/TC_LoginUserWithInValidPasswordAndVerifyLoginShouldNotSucss" time="24.944" classname="Test Cases/TC_Login_RigisterUserAndForgotYourPassword/TC_LoginUserWithInValidPasswordAndVerifyLoginShouldNotSucss" status="PASSED">
         <system-out><![CDATA[2021-02-01 11:20:33 - [TEST_CASE][PASSED] - Test Cases/TC_Login_RigisterUserAndForgotYourPassword/TC_LoginUserWithInValidPasswordAndVerifyLoginShouldNotSucss: Test Cases/TC_Login_RigisterUserAndForgotYourPassword/TC_LoginUserWithInValidPasswordAndVerifyLoginShouldNotSucss

2021-02-01 11:20:33 - [TEST_STEP][PASSED] - excelTestData = findTestData("Data Files/TestData/InspectTestData"): null

2021-02-01 11:20:33 - [TEST_STEP][PASSED] - validationMessage = excelTestData.getValue(2, 4): null

2021-02-01 11:20:33 - [TEST_STEP][PASSED] - obj = findTestObject("LoginAndRigisterUser/LoginLink"): null

2021-02-01 11:20:33 - [TEST_STEP][PASSED] - LoginBtn = findTestObject("Object Repository/LoginAndRigisterUser/LoginBtn"): null

2021-02-01 11:20:33 - [TEST_STEP][PASSED] - customKeywords.commanFunctions.openBrowser(): customKeywords.commanFunctions.openBrowser is PASSED

2021-02-01 11:20:33 - [MESSAGE][INFO] - Starting 'Chrome' driver

2021-02-01 11:20:33 - [MESSAGE][INFO] - Action delay is set to 0 milliseconds

2021-02-01 11:20:48 - [MESSAGE][PASSED] - Browser is opened with url: 'https://Inspect.Stage.site.sa'

2021-02-01 11:20:50 - [MESSAGE][PASSED] - Current window maximized

2021-02-01 11:20:50 - [MESSAGE][PASSED] - Wait for page load successfully

2021-02-01 11:20:50 - [MESSAGE][PASSED] - customKeywords.commanFunctions.openBrowser is PASSED

2021-02-01 11:20:50 - [TEST_STEP][PASSED] - waitForElementClickable(findTestObject("LoginAndRigisterUser/LoginLink"), TimeOut): Object 'Object Repository/LoginAndRigisterUser/LoginLink' is clickable

2021-02-01 11:20:51 - [MESSAGE][PASSED] - Object 'Object Repository/LoginAndRigisterUser/LoginLink' is clickable

2021-02-01 11:20:51 - [TEST_STEP][PASSED] - customKeywords.commanFunctions.clickElementWithJS(obj): customKeywords.commanFunctions.clickElementWithJS is PASSED

2021-02-01 11:20:52 - [MESSAGE][INFO] - Clicked on element with JS

2021-02-01 11:20:52 - [MESSAGE][PASSED] - customKeywords.commanFunctions.clickElementWithJS is PASSED

2021-02-01 11:20:52 - [TEST_STEP][PASSED] - str = customKeywords.commanFunctions.getRandomAlphaString(5): customKeywords.commanFunctions.getRandomAlphaString is PASSED

2021-02-01 11:20:52 - [MESSAGE][PASSED] - customKeywords.commanFunctions.getRandomAlphaString is PASSED

2021-02-01 11:20:52 - [TEST_STEP][PASSED] - password = "Test@" + str: null

2021-02-01 11:20:52 - [TEST_STEP][PASSED] - sendKeys(findTestObject("Object Repository/LoginAndRigisterUser/UserName_Email_Input"), AdminUserName): Keys 'admin@example.com' sent to object: 'Object Repository/LoginAndRigisterUser/UserName_Email_Input'

2021-02-01 11:20:53 - [MESSAGE][PASSED] - Keys 'admin@example.com' sent to object: 'Object Repository/LoginAndRigisterUser/UserName_Email_Input'

2021-02-01 11:20:53 - [TEST_STEP][PASSED] - sendKeys(findTestObject("Object Repository/LoginAndRigisterUser/Password_Input"), password): Keys 'Test@xfxwg' sent to object: 'Object Repository/LoginAndRigisterUser/Password_Input'

2021-02-01 11:20:54 - [MESSAGE][PASSED] - Keys 'Test@xfxwg' sent to object: 'Object Repository/LoginAndRigisterUser/Password_Input'

2021-02-01 11:20:54 - [TEST_STEP][PASSED] - waitForElementClickable(LoginBtn, TimeOut): Object 'Object Repository/LoginAndRigisterUser/LoginBtn' is clickable

2021-02-01 11:20:54 - [MESSAGE][PASSED] - Object 'Object Repository/LoginAndRigisterUser/LoginBtn' is clickable

2021-02-01 11:20:54 - [TEST_STEP][PASSED] - customKeywords.commanFunctions.clickElementWithJS(LoginBtn): customKeywords.commanFunctions.clickElementWithJS is PASSED

2021-02-01 11:20:55 - [MESSAGE][INFO] - Clicked on element with JS

2021-02-01 11:20:55 - [MESSAGE][PASSED] - customKeywords.commanFunctions.clickElementWithJS is PASSED

2021-02-01 11:20:55 - [TEST_STEP][PASSED] - verifyTextPresent(validationMessage, false): Text 'Incorrect email or password' is present on page 

2021-02-01 11:20:57 - [MESSAGE][PASSED] - Text 'Incorrect email or password' is present on page 

2021-02-01 11:20:57 - [TEST_STEP][PASSED] - customKeywords.commanFunctions.onlyCloseBrowser(): customKeywords.commanFunctions.onlyCloseBrowser is PASSED

2021-02-01 11:20:58 - [MESSAGE][PASSED] - Browser is closed

2021-02-01 11:20:58 - [MESSAGE][PASSED] - customKeywords.commanFunctions.onlyCloseBrowser is PASSED]]></system-out>
         <system-err><![CDATA[]]></system-err>
      </testcase>
      <testcase name="Test Cases/TC_Login_RigisterUserAndForgotYourPassword/TC_LoginUserWithInValidUserNameAndVerifyLoginShouldNotSucss" time="24.891" classname="Test Cases/TC_Login_RigisterUserAndForgotYourPassword/TC_LoginUserWithInValidUserNameAndVerifyLoginShouldNotSucss" status="PASSED">
         <system-out><![CDATA[2021-02-01 11:20:58 - [TEST_CASE][PASSED] - Test Cases/TC_Login_RigisterUserAndForgotYourPassword/TC_LoginUserWithInValidUserNameAndVerifyLoginShouldNotSucss: Test Cases/TC_Login_RigisterUserAndForgotYourPassword/TC_LoginUserWithInValidUserNameAndVerifyLoginShouldNotSucss

2021-02-01 11:20:58 - [TEST_STEP][PASSED] - excelTestData = findTestData("Data Files/TestData/InspectTestData"): null

2021-02-01 11:20:58 - [TEST_STEP][PASSED] - validationMessage = excelTestData.getValue(2, 4): null

2021-02-01 11:20:58 - [TEST_STEP][PASSED] - obj = findTestObject("LoginAndRigisterUser/LoginLink"): null

2021-02-01 11:20:58 - [TEST_STEP][PASSED] - LoginBtn = findTestObject("Object Repository/LoginAndRigisterUser/LoginBtn"): null

2021-02-01 11:20:58 - [TEST_STEP][PASSED] - customKeywords.commanFunctions.openBrowser(): customKeywords.commanFunctions.openBrowser is PASSED

2021-02-01 11:20:58 - [MESSAGE][INFO] - Starting 'Chrome' driver

2021-02-01 11:20:58 - [MESSAGE][INFO] - Action delay is set to 0 milliseconds

2021-02-01 11:21:13 - [MESSAGE][PASSED] - Browser is opened with url: 'https://Inspect.Stage.site.sa'

2021-02-01 11:21:16 - [MESSAGE][PASSED] - Current window maximized

2021-02-01 11:21:16 - [MESSAGE][PASSED] - Wait for page load successfully

2021-02-01 11:21:16 - [MESSAGE][PASSED] - customKeywords.commanFunctions.openBrowser is PASSED

2021-02-01 11:21:16 - [TEST_STEP][PASSED] - waitForElementClickable(findTestObject("LoginAndRigisterUser/LoginLink"), TimeOut): Object 'Object Repository/LoginAndRigisterUser/LoginLink' is clickable

2021-02-01 11:21:16 - [MESSAGE][PASSED] - Object 'Object Repository/LoginAndRigisterUser/LoginLink' is clickable

2021-02-01 11:21:16 - [TEST_STEP][PASSED] - customKeywords.commanFunctions.clickElementWithJS(obj): customKeywords.commanFunctions.clickElementWithJS is PASSED

2021-02-01 11:21:17 - [MESSAGE][INFO] - Clicked on element with JS

2021-02-01 11:21:17 - [MESSAGE][PASSED] - customKeywords.commanFunctions.clickElementWithJS is PASSED

2021-02-01 11:21:17 - [TEST_STEP][PASSED] - str = customKeywords.commanFunctions.getRandomAlphaString(5): customKeywords.commanFunctions.getRandomAlphaString is PASSED

2021-02-01 11:21:17 - [MESSAGE][PASSED] - customKeywords.commanFunctions.getRandomAlphaString is PASSED

2021-02-01 11:21:17 - [TEST_STEP][PASSED] - email = "test_" + str + "@email.com": null

2021-02-01 11:21:17 - [TEST_STEP][PASSED] - sendKeys(findTestObject("Object Repository/LoginAndRigisterUser/UserName_Email_Input"), email): Keys 'test_uvqeg@email.com' sent to object: 'Object Repository/LoginAndRigisterUser/UserName_Email_Input'

2021-02-01 11:21:18 - [MESSAGE][PASSED] - Keys 'test_uvqeg@email.com' sent to object: 'Object Repository/LoginAndRigisterUser/UserName_Email_Input'

2021-02-01 11:21:18 - [TEST_STEP][PASSED] - sendKeys(findTestObject("Object Repository/LoginAndRigisterUser/Password_Input"), AdminPassWord): Keys 'Aa@12345' sent to object: 'Object Repository/LoginAndRigisterUser/Password_Input'

2021-02-01 11:21:19 - [MESSAGE][PASSED] - Keys 'Aa@12345' sent to object: 'Object Repository/LoginAndRigisterUser/Password_Input'

2021-02-01 11:21:19 - [TEST_STEP][PASSED] - waitForElementClickable(LoginBtn, TimeOut): Object 'Object Repository/LoginAndRigisterUser/LoginBtn' is clickable

2021-02-01 11:21:19 - [MESSAGE][PASSED] - Object 'Object Repository/LoginAndRigisterUser/LoginBtn' is clickable

2021-02-01 11:21:19 - [TEST_STEP][PASSED] - customKeywords.commanFunctions.clickElementWithJS(LoginBtn): customKeywords.commanFunctions.clickElementWithJS is PASSED

2021-02-01 11:21:20 - [MESSAGE][INFO] - Clicked on element with JS

2021-02-01 11:21:20 - [MESSAGE][PASSED] - customKeywords.commanFunctions.clickElementWithJS is PASSED

2021-02-01 11:21:20 - [TEST_STEP][PASSED] - verifyTextPresent(validationMessage, false): Text 'Incorrect email or password' is present on page 

2021-02-01 11:21:21 - [MESSAGE][PASSED] - Text 'Incorrect email or password' is present on page 

2021-02-01 11:21:21 - [TEST_STEP][PASSED] - customKeywords.commanFunctions.onlyCloseBrowser(): customKeywords.commanFunctions.onlyCloseBrowser is PASSED

2021-02-01 11:21:23 - [MESSAGE][PASSED] - Browser is closed

2021-02-01 11:21:23 - [MESSAGE][PASSED] - customKeywords.commanFunctions.onlyCloseBrowser is PASSED]]></system-out>
         <system-err><![CDATA[]]></system-err>
      </testcase>
      <testcase name="Test Cases/TC_Login_RigisterUserAndForgotYourPassword/TC_LoginUserWithValidCredentialsAndVerifyLoginSucss" time="39.812" classname="Test Cases/TC_Login_RigisterUserAndForgotYourPassword/TC_LoginUserWithValidCredentialsAndVerifyLoginSucss" status="PASSED">
         <system-out><![CDATA[2021-02-01 11:21:23 - [TEST_CASE][PASSED] - Test Cases/TC_Login_RigisterUserAndForgotYourPassword/TC_LoginUserWithValidCredentialsAndVerifyLoginSucss: Test Cases/TC_Login_RigisterUserAndForgotYourPassword/TC_LoginUserWithValidCredentialsAndVerifyLoginSucss

2021-02-01 11:21:23 - [TEST_STEP][PASSED] - obj = findTestObject("LoginAndRigisterUser/LoginLink"): null

2021-02-01 11:21:23 - [TEST_STEP][PASSED] - customKeywords.commanFunctions.openBrowser(): customKeywords.commanFunctions.openBrowser is PASSED

2021-02-01 11:21:23 - [MESSAGE][INFO] - Starting 'Chrome' driver

2021-02-01 11:21:23 - [MESSAGE][INFO] - Action delay is set to 0 milliseconds

2021-02-01 11:21:39 - [MESSAGE][PASSED] - Browser is opened with url: 'https://Inspect.Stage.site.sa'

2021-02-01 11:21:41 - [MESSAGE][PASSED] - Current window maximized

2021-02-01 11:21:41 - [MESSAGE][PASSED] - Wait for page load successfully

2021-02-01 11:21:41 - [MESSAGE][PASSED] - customKeywords.commanFunctions.openBrowser is PASSED

2021-02-01 11:21:41 - [TEST_STEP][PASSED] - waitForElementClickable(findTestObject("LoginAndRigisterUser/LoginLink"), TimeOut): Object 'Object Repository/LoginAndRigisterUser/LoginLink' is clickable

2021-02-01 11:21:42 - [MESSAGE][PASSED] - Object 'Object Repository/LoginAndRigisterUser/LoginLink' is clickable

2021-02-01 11:21:42 - [TEST_STEP][PASSED] - customKeywords.commanFunctions.clickElementWithJS(obj): customKeywords.commanFunctions.clickElementWithJS is PASSED

2021-02-01 11:21:43 - [MESSAGE][INFO] - Clicked on element with JS

2021-02-01 11:21:43 - [MESSAGE][PASSED] - customKeywords.commanFunctions.clickElementWithJS is PASSED

2021-02-01 11:21:43 - [TEST_STEP][PASSED] - customKeywords.commanFunctions.logIntoBrowser(): customKeywords.commanFunctions.logIntoBrowser is PASSED

2021-02-01 11:21:44 - [MESSAGE][PASSED] - Keys 'admin@example.com' sent to object: 'Object Repository/LoginAndRigisterUser/UserName_Email_Input'

2021-02-01 11:21:44 - [MESSAGE][PASSED] - Keys 'Aa@12345' sent to object: 'Object Repository/LoginAndRigisterUser/Password_Input'

2021-02-01 11:21:46 - [MESSAGE][PASSED] - Delayed 1 second(s)

2021-02-01 11:21:46 - [MESSAGE][PASSED] - Object 'Object Repository/LoginAndRigisterUser/LoginBtn' is clickable

2021-02-01 11:21:46 - [MESSAGE][INFO] - Clicked on element with JS

2021-02-01 11:21:46 - [MESSAGE][PASSED] - customKeywords.commanFunctions.logIntoBrowser is PASSED

2021-02-01 11:21:46 - [TEST_STEP][PASSED] - customKeywords.commanFunctions.otpLogin(): customKeywords.commanFunctions.otpLogin is PASSED

2021-02-01 11:21:49 - [MESSAGE][PASSED] - Keys '0' sent to object: 'Object Repository/LoginAndRigisterUser/otpOne'

2021-02-01 11:21:49 - [MESSAGE][PASSED] - Keys '0' sent to object: 'Object Repository/LoginAndRigisterUser/otpTwo'

2021-02-01 11:21:51 - [MESSAGE][PASSED] - Keys '0' sent to object: 'Object Repository/LoginAndRigisterUser/otpThree'

2021-02-01 11:21:52 - [MESSAGE][PASSED] - Keys '0' sent to object: 'Object Repository/LoginAndRigisterUser/otpFour'

2021-02-01 11:21:53 - [MESSAGE][PASSED] - Keys '0' sent to object: 'Object Repository/LoginAndRigisterUser/otpFive'

2021-02-01 11:21:53 - [MESSAGE][INFO] - Clicked on element with JS

2021-02-01 11:21:53 - [MESSAGE][PASSED] - customKeywords.commanFunctions.otpLogin is PASSED

2021-02-01 11:21:53 - [TEST_STEP][PASSED] - customKeywords.commanFunctions.logOutAndcloseBrowser(): customKeywords.commanFunctions.logOutAndcloseBrowser is PASSED

2021-02-01 11:21:57 - [MESSAGE][PASSED] - Object 'Object Repository/LoginAndRigisterUser/AdminDD' is clickable

2021-02-01 11:21:59 - [MESSAGE][INFO] - Clicked on element with JS

2021-02-01 11:22:01 - [MESSAGE][INFO] - Clicked on element with JS

2021-02-01 11:22:02 - [MESSAGE][PASSED] - Delayed 1 second(s)

2021-02-01 11:22:02 - [MESSAGE][PASSED] - Browser is closed

2021-02-01 11:22:02 - [MESSAGE][PASSED] - customKeywords.commanFunctions.logOutAndcloseBrowser is PASSED]]></system-out>
         <system-err><![CDATA[]]></system-err>
      </testcase>
      <testcase name="Test Cases/TC_Login_RigisterUserAndForgotYourPassword/TC_RigisterUserWithValidTestDataAndVerify" time="39.731" classname="Test Cases/TC_Login_RigisterUserAndForgotYourPassword/TC_RigisterUserWithValidTestDataAndVerify" status="PASSED">
         <system-out><![CDATA[2021-02-01 11:22:02 - [TEST_CASE][PASSED] - Test Cases/TC_Login_RigisterUserAndForgotYourPassword/TC_RigisterUserWithValidTestDataAndVerify: Test Cases/TC_Login_RigisterUserAndForgotYourPassword/TC_RigisterUserWithValidTestDataAndVerify

2021-02-01 11:22:03 - [TEST_STEP][PASSED] - excelTestData = findTestData("Data Files/TestData/InspectTestData"): null

2021-02-01 11:22:03 - [TEST_STEP][PASSED] - obj = findTestObject("LoginAndRigisterUser/LoginLink"): null

2021-02-01 11:22:03 - [TEST_STEP][PASSED] - RigisterBtn = findTestObject("Object Repository/LoginAndRigisterUser/RegisterBtn"): null

2021-02-01 11:22:03 - [TEST_STEP][PASSED] - CheckBoxTermsAndCondition = findTestObject("Object Repository/LoginAndRigisterUser/Reg_SiteInspectTermsOfUse_CheckBox"): null

2021-02-01 11:22:03 - [TEST_STEP][PASSED] - rigisterHereLink = findTestObject("Object Repository/LoginAndRigisterUser/RigisterHere"): null

2021-02-01 11:22:03 - [TEST_STEP][PASSED] - customKeywords.commanFunctions.openBrowser(): customKeywords.commanFunctions.openBrowser is PASSED

2021-02-01 11:22:03 - [MESSAGE][INFO] - Starting 'Chrome' driver

2021-02-01 11:22:03 - [MESSAGE][INFO] - Action delay is set to 0 milliseconds

2021-02-01 11:22:17 - [MESSAGE][PASSED] - Browser is opened with url: 'https://Inspect.Stage.site.sa'

2021-02-01 11:22:19 - [MESSAGE][PASSED] - Current window maximized

2021-02-01 11:22:19 - [MESSAGE][PASSED] - Wait for page load successfully

2021-02-01 11:22:19 - [MESSAGE][PASSED] - customKeywords.commanFunctions.openBrowser is PASSED

2021-02-01 11:22:19 - [TEST_STEP][PASSED] - waitForElementClickable(findTestObject("LoginAndRigisterUser/LoginLink"), TimeOut): Object 'Object Repository/LoginAndRigisterUser/LoginLink' is clickable

2021-02-01 11:22:20 - [MESSAGE][PASSED] - Object 'Object Repository/LoginAndRigisterUser/LoginLink' is clickable

2021-02-01 11:22:20 - [TEST_STEP][PASSED] - customKeywords.commanFunctions.clickElementWithJS(obj): customKeywords.commanFunctions.clickElementWithJS is PASSED

2021-02-01 11:22:21 - [MESSAGE][INFO] - Clicked on element with JS

2021-02-01 11:22:21 - [MESSAGE][PASSED] - customKeywords.commanFunctions.clickElementWithJS is PASSED

2021-02-01 11:22:21 - [TEST_STEP][PASSED] - customKeywords.commanFunctions.clickElementWithJS(rigisterHereLink): customKeywords.commanFunctions.clickElementWithJS is PASSED

2021-02-01 11:22:22 - [MESSAGE][INFO] - Clicked on element with JS

2021-02-01 11:22:22 - [MESSAGE][PASSED] - customKeywords.commanFunctions.clickElementWithJS is PASSED

2021-02-01 11:22:22 - [TEST_STEP][PASSED] - firstName = excelTestData.getValue(2, 16): null

2021-02-01 11:22:22 - [TEST_STEP][PASSED] - lastName = excelTestData.getValue(3, 16): null

2021-02-01 11:22:22 - [TEST_STEP][PASSED] - mobileNum = excelTestData.getValue(4, 16): null

2021-02-01 11:22:22 - [TEST_STEP][PASSED] - email = excelTestData.getValue(5, 16): null

2021-02-01 11:22:22 - [TEST_STEP][PASSED] - validationMessage = excelTestData.getValue(6, 16): null

2021-02-01 11:22:22 - [TEST_STEP][PASSED] - ClickHereToResendLink = excelTestData.getValue(7, 16): null

2021-02-01 11:22:22 - [TEST_STEP][PASSED] - sendKeys(findTestObject("Object Repository/LoginAndRigisterUser/FirstName_Input"), firstName): Keys 'Ashok' sent to object: 'Object Repository/LoginAndRigisterUser/FirstName_Input'

2021-02-01 11:22:22 - [MESSAGE][PASSED] - Keys 'Ashok' sent to object: 'Object Repository/LoginAndRigisterUser/FirstName_Input'

2021-02-01 11:22:22 - [TEST_STEP][PASSED] - sendKeys(findTestObject("Object Repository/LoginAndRigisterUser/LastName_Input"), lastName): Keys 'Abdul' sent to object: 'Object Repository/LoginAndRigisterUser/LastName_Input'

2021-02-01 11:22:23 - [MESSAGE][PASSED] - Keys 'Abdul' sent to object: 'Object Repository/LoginAndRigisterUser/LastName_Input'

2021-02-01 11:22:23 - [TEST_STEP][PASSED] - RandomNum = customKeywords.commanFunctions.getRandomNumbers(): customKeywords.commanFunctions.getRandomNumbers is PASSED

2021-02-01 11:22:24 - [MESSAGE][PASSED] - customKeywords.commanFunctions.getRandomNumbers is PASSED

2021-02-01 11:22:24 - [TEST_STEP][PASSED] - mobileNumber = "0" + mobileNum + RandomNum: null

2021-02-01 11:22:24 - [TEST_STEP][PASSED] - sendKeys(findTestObject("Object Repository/LoginAndRigisterUser/MobileNumber_Input"), mobileNumber): Keys '0573458835' sent to object: 'Object Repository/LoginAndRigisterUser/MobileNumber_Input'

2021-02-01 11:22:24 - [MESSAGE][PASSED] - Keys '0573458835' sent to object: 'Object Repository/LoginAndRigisterUser/MobileNumber_Input'

2021-02-01 11:22:24 - [TEST_STEP][PASSED] - str = customKeywords.commanFunctions.getRandomAlphaString(4): customKeywords.commanFunctions.getRandomAlphaString is PASSED

2021-02-01 11:22:25 - [MESSAGE][PASSED] - customKeywords.commanFunctions.getRandomAlphaString is PASSED

2021-02-01 11:22:25 - [TEST_STEP][PASSED] - emailID = "test_" + str + "@email.com": null

2021-02-01 11:22:25 - [TEST_STEP][PASSED] - sendKeys(findTestObject("Object Repository/LoginAndRigisterUser/Reg_Email_Input"), emailID): Keys 'test_rihm@email.com' sent to object: 'Object Repository/LoginAndRigisterUser/Reg_Email_Input'

2021-02-01 11:22:25 - [MESSAGE][PASSED] - Keys 'test_rihm@email.com' sent to object: 'Object Repository/LoginAndRigisterUser/Reg_Email_Input'

2021-02-01 11:22:25 - [TEST_STEP][PASSED] - sendKeys(findTestObject("Object Repository/LoginAndRigisterUser/ReEnter_Email_Input"), emailID): Keys 'test_rihm@email.com' sent to object: 'Object Repository/LoginAndRigisterUser/ReEnter_Email_Input'

2021-02-01 11:22:26 - [MESSAGE][PASSED] - Keys 'test_rihm@email.com' sent to object: 'Object Repository/LoginAndRigisterUser/ReEnter_Email_Input'

2021-02-01 11:22:26 - [TEST_STEP][PASSED] - customKeywords.commanFunctions.clickElementWithJS(CheckBoxTermsAndCondition): customKeywords.commanFunctions.clickElementWithJS is PASSED

2021-02-01 11:22:27 - [MESSAGE][INFO] - Clicked on element with JS

2021-02-01 11:22:27 - [MESSAGE][PASSED] - customKeywords.commanFunctions.clickElementWithJS is PASSED

2021-02-01 11:22:27 - [TEST_STEP][PASSED] - customKeywords.commanFunctions.clickElementWithJS(RigisterBtn): customKeywords.commanFunctions.clickElementWithJS is PASSED

2021-02-01 11:22:28 - [MESSAGE][INFO] - Clicked on element with JS

2021-02-01 11:22:28 - [MESSAGE][PASSED] - customKeywords.commanFunctions.clickElementWithJS is PASSED

2021-02-01 11:22:28 - [TEST_STEP][PASSED] - customKeywords.commanFunctions.otpRigistration(): customKeywords.commanFunctions.otpRigistration is PASSED

2021-02-01 11:22:30 - [MESSAGE][PASSED] - Keys '0' sent to object: 'Object Repository/LoginAndRigisterUser/otpOne'

2021-02-01 11:22:31 - [MESSAGE][PASSED] - Keys '0' sent to object: 'Object Repository/LoginAndRigisterUser/otpTwo'

2021-02-01 11:22:32 - [MESSAGE][PASSED] - Keys '0' sent to object: 'Object Repository/LoginAndRigisterUser/otpThree'

2021-02-01 11:22:33 - [MESSAGE][PASSED] - Keys '0' sent to object: 'Object Repository/LoginAndRigisterUser/otpFour'

2021-02-01 11:22:34 - [MESSAGE][PASSED] - Keys '0' sent to object: 'Object Repository/LoginAndRigisterUser/otpFive'

2021-02-01 11:22:35 - [MESSAGE][INFO] - Clicked on element with JS

2021-02-01 11:22:35 - [MESSAGE][PASSED] - customKeywords.commanFunctions.otpRigistration is PASSED

2021-02-01 11:22:35 - [TEST_STEP][PASSED] - verifyTextPresent(validationMessage, false): Text 'Thank you for your registration. To verify your email, please follow the instructions sent to you by email.' is present on page 

2021-02-01 11:22:38 - [MESSAGE][PASSED] - Text 'Thank you for your registration. To verify your email, please follow the instructions sent to you by email.' is present on page 

2021-02-01 11:22:38 - [TEST_STEP][PASSED] - verifyTextPresent(ClickHereToResendLink, false): Text 'Click here to resend the email' is present on page 

2021-02-01 11:22:39 - [MESSAGE][PASSED] - Text 'Click here to resend the email' is present on page 

2021-02-01 11:22:39 - [TEST_STEP][PASSED] - delay(2): Delayed 2 second(s)

2021-02-01 11:22:41 - [MESSAGE][PASSED] - Delayed 2 second(s)

2021-02-01 11:22:41 - [TEST_STEP][PASSED] - customKeywords.commanFunctions.onlyCloseBrowser(): customKeywords.commanFunctions.onlyCloseBrowser is PASSED

2021-02-01 11:22:42 - [MESSAGE][PASSED] - Browser is closed

2021-02-01 11:22:42 - [MESSAGE][PASSED] - customKeywords.commanFunctions.onlyCloseBrowser is PASSED]]></system-out>
         <system-err><![CDATA[]]></system-err>
      </testcase>
      <system-out><![CDATA[2021-02-01 11:18:59 - [TEST_SUITE][PASSED] - Suite_LogIn_RigisterUserAndForgotPwd_Module: Test Cases/TC_Login_RigisterUserAndForgotYourPassword/TC_RigisterUserWithValidTestDataAndVerify]]></system-out>
      <system-err><![CDATA[]]></system-err>
   </testsuite>
</testsuites>
