<?xml version="1.0" encoding="UTF-8"?>
<testsuites name="Inspect_Regression_Suite" time="2229.823" tests="68" failures="4" skips="0" errors="0">
   <testsuite name="RegisterUser_Regression" tests="30" failures="2" errors="0" time="1269.67" skips="0" timestamp="2021-02-16 17:24:51" hostname="ashok - OMTPGCN1132568L" id="Test Suites/Regression_Suite/RegisterUser_Suite/RegisterUser_Regression">
      <properties>
         <property name="deviceName" value=""/>
         <property name="devicePlatform" value=""/>
         <property name="logFolder" value="E:\\Inspect\\15022021\\SiteInspectAutomation\\Reports\\20210216_172436\\Regression_Suite\\RegisterUser_Suite\\RegisterUser_Regression\\20210216_172437"/>
         <property name="logFiles" value="E:\\Inspect\\15022021\\SiteInspectAutomation\\Reports\\20210216_172436\\Regression_Suite\\RegisterUser_Suite\\RegisterUser_Regression\\20210216_172437\\execution0.log"/>
         <property name="attachments" value="E:\\Inspect\\15022021\\SiteInspectAutomation\\Reports\\20210216_172436\\Regression_Suite\\RegisterUser_Suite\\RegisterUser_Regression\\20210216_172437\\1613477136229.png, E:\\Inspect\\15022021\\SiteInspectAutomation\\Reports\\20210216_172436\\Regression_Suite\\RegisterUser_Suite\\RegisterUser_Regression\\20210216_172437\\1613477760048.png"/>
         <property name="hostName" value="ashok - OMTPGCN1132568L"/>
         <property name="os" value="Windows 10 64bit"/>
         <property name="katalonVersion" value="7.8.2.208"/>
         <property name="browser" value="Chrome 86.0.4240.75"/>
         <property name="hostAddress" value="192.168.1.2"/>
         <property name="sessionId" value="60bf2f17d8088b5d83e50cbcbd02588c"/>
         <property name="seleniumVersion" value="3.141.59"/>
         <property name="proxyInformation" value="ProxyInformation { proxyOption=NO_PROXY, proxyServerType=HTTP, username=, password=********, proxyServerAddress=, proxyServerPort=0, executionList=&quot;&quot;, isApplyToDesiredCapabilities=true }"/>
         <property name="platform" value="Windows 10"/>
      </properties>
      <testcase name="Test Cases/UploadDiffFiles_RegisterUser/TC_As a register user, Upload Adobe PhotoShop File and verify Uploded file in Submission Page" time="42.138" classname="Test Cases/UploadDiffFiles_RegisterUser/TC_As a register user, Upload Adobe PhotoShop File and verify Uploded file in Submission Page" status="PASSED">
         <system-out><![CDATA[2021-02-16 17:24:53 - [TEST_CASE][PASSED] - Test Cases/UploadDiffFiles_RegisterUser/TC_As a register user, Upload Adobe PhotoShop File and verify Uploded file in Submission Page: Test Cases/UploadDiffFiles_RegisterUser/TC_As a register user, Upload Adobe PhotoShop File and verify Uploded file in Submission Page

2021-02-16 17:24:53 - [TEST_STEP][PASSED] - excelTestData = findTestData("Data Files/TestData/InspectTestData"): null

2021-02-16 17:24:53 - [TEST_STEP][PASSED] - rigisterUN = excelTestData.getValue(6, 23): null

2021-02-16 17:24:53 - [TEST_STEP][PASSED] - rigisterPW = excelTestData.getValue(3, 23): null

2021-02-16 17:24:53 - [TEST_STEP][PASSED] - customKeywords.commanFunctions.uploadFileOfRegisterUser(309, rigisterUN, rigisterPW): customKeywords.commanFunctions.uploadFileOfRegisterUser is PASSED

2021-02-16 17:24:54 - [MESSAGE][INFO] - Starting 'Chrome' driver

2021-02-16 17:24:54 - [MESSAGE][INFO] - Action delay is set to 0 milliseconds

2021-02-16 17:25:05 - [MESSAGE][PASSED] - Browser is opened with url: 'https://Inspect.Stage.site.sa'

2021-02-16 17:25:07 - [MESSAGE][PASSED] - Current window maximized

2021-02-16 17:25:07 - [MESSAGE][PASSED] - Wait for page load successfully

2021-02-16 17:25:08 - [MESSAGE][PASSED] - Object 'Object Repository/LoginAndRigisterUser/LoginLink' is clickable

2021-02-16 17:25:08 - [MESSAGE][INFO] - Clicked on element with JS

2021-02-16 17:25:08 - [MESSAGE][PASSED] - Keys 'Os-anelapatla@projects.site.sa' sent to object: 'Object Repository/LoginAndRigisterUser/UserName_Email_Input'

2021-02-16 17:25:09 - [MESSAGE][PASSED] - Keys 'Test@12345' sent to object: 'Object Repository/LoginAndRigisterUser/Password_Input'

2021-02-16 17:25:10 - [MESSAGE][PASSED] - Delayed 1 second(s)

2021-02-16 17:25:10 - [MESSAGE][PASSED] - Object 'Object Repository/LoginAndRigisterUser/LoginBtn' is clickable

2021-02-16 17:25:10 - [MESSAGE][INFO] - Clicked on element with JS

2021-02-16 17:25:12 - [MESSAGE][PASSED] - Keys '0' sent to object: 'Object Repository/LoginAndRigisterUser/otpOne'

2021-02-16 17:25:13 - [MESSAGE][PASSED] - Keys '0' sent to object: 'Object Repository/LoginAndRigisterUser/otpTwo'

2021-02-16 17:25:13 - [MESSAGE][PASSED] - Keys '0' sent to object: 'Object Repository/LoginAndRigisterUser/otpThree'

2021-02-16 17:25:14 - [MESSAGE][PASSED] - Keys '0' sent to object: 'Object Repository/LoginAndRigisterUser/otpFour'

2021-02-16 17:25:15 - [MESSAGE][PASSED] - Keys '0' sent to object: 'Object Repository/LoginAndRigisterUser/otpFive'

2021-02-16 17:25:15 - [MESSAGE][INFO] - Clicked on element with JS

2021-02-16 17:25:18 - [MESSAGE][PASSED] - Object: 'Object Repository/HomePage/ChooseAFile' is clicked on

2021-02-16 17:25:20 - [MESSAGE][PASSED] - Delayed 2 second(s)

2021-02-16 17:25:22 - [MESSAGE][INFO] - Image Uploaded Sucsessfully

2021-02-16 17:25:24 - [MESSAGE][PASSED] - Delayed 2 second(s)

2021-02-16 17:25:25 - [MESSAGE][PASSED] - Text 'Adobe PhotoShop' is present on page 

2021-02-16 17:25:26 - [MESSAGE][PASSED] - Object: 'Object Repository/HomePage/Window7RadioBtn' is clicked on

2021-02-16 17:25:27 - [MESSAGE][PASSED] - Scroll to object 'Object Repository/HomePage/startAnalysis_EnableBtn' successfully

2021-02-16 17:25:29 - [MESSAGE][PASSED] - Object: 'Object Repository/HomePage/startAnalysis_EnableBtn' is clicked on

2021-02-16 17:25:31 - [MESSAGE][PASSED] - Object 'Object Repository/SubmissionPage/Submission_SearchIcon' is visible

2021-02-16 17:25:32 - [MESSAGE][PASSED] - Object 'Object Repository/SubmissionPage/Submission_SearchIcon' is visible

2021-02-16 17:25:32 - [MESSAGE][PASSED] - Actual object 'Adobe PhotoShop.psd' and expected object 'Adobe PhotoShop.psd' are equal

2021-02-16 17:25:32 - [MESSAGE][PASSED] - customKeywords.commanFunctions.uploadFileOfRegisterUser is PASSED

2021-02-16 17:25:32 - [TEST_STEP][PASSED] - customKeywords.commanFunctions.logOutAndcloseBrowser(): customKeywords.commanFunctions.logOutAndcloseBrowser is PASSED

2021-02-16 17:25:32 - [MESSAGE][PASSED] - Object 'Object Repository/LoginAndRigisterUser/AdminDD' is clickable

2021-02-16 17:25:33 - [MESSAGE][INFO] - Clicked on element with JS

2021-02-16 17:25:33 - [MESSAGE][INFO] - Clicked on element with JS

2021-02-16 17:25:34 - [MESSAGE][PASSED] - Delayed 1 second(s)

2021-02-16 17:25:35 - [MESSAGE][PASSED] - Browser is closed

2021-02-16 17:25:35 - [MESSAGE][PASSED] - customKeywords.commanFunctions.logOutAndcloseBrowser is PASSED]]></system-out>
         <system-err><![CDATA[]]></system-err>
      </testcase>
      <testcase name="Test Cases/UploadDiffFiles_RegisterUser/TC_As a register user, Upload Basic Audio File and verify Uploded file in Submission Page" time="40.982" classname="Test Cases/UploadDiffFiles_RegisterUser/TC_As a register user, Upload Basic Audio File and verify Uploded file in Submission Page" status="PASSED">
         <system-out><![CDATA[2021-02-16 17:25:35 - [TEST_CASE][PASSED] - Test Cases/UploadDiffFiles_RegisterUser/TC_As a register user, Upload Basic Audio File and verify Uploded file in Submission Page: Test Cases/UploadDiffFiles_RegisterUser/TC_As a register user, Upload Basic Audio File and verify Uploded file in Submission Page

2021-02-16 17:25:35 - [TEST_STEP][PASSED] - excelTestData = findTestData("Data Files/TestData/InspectTestData"): null

2021-02-16 17:25:35 - [TEST_STEP][PASSED] - rigisterUN = excelTestData.getValue(2, 23): null

2021-02-16 17:25:35 - [TEST_STEP][PASSED] - rigisterPW = excelTestData.getValue(3, 23): null

2021-02-16 17:25:35 - [TEST_STEP][PASSED] - customKeywords.commanFunctions.uploadFileOfRegisterUser(264, rigisterUN, rigisterPW): customKeywords.commanFunctions.uploadFileOfRegisterUser is PASSED

2021-02-16 17:25:35 - [MESSAGE][INFO] - Starting 'Chrome' driver

2021-02-16 17:25:35 - [MESSAGE][INFO] - Action delay is set to 0 milliseconds

2021-02-16 17:25:46 - [MESSAGE][PASSED] - Browser is opened with url: 'https://Inspect.Stage.site.sa'

2021-02-16 17:25:48 - [MESSAGE][PASSED] - Current window maximized

2021-02-16 17:25:49 - [MESSAGE][PASSED] - Wait for page load successfully

2021-02-16 17:25:49 - [MESSAGE][PASSED] - Object 'Object Repository/LoginAndRigisterUser/LoginLink' is clickable

2021-02-16 17:25:49 - [MESSAGE][INFO] - Clicked on element with JS

2021-02-16 17:25:50 - [MESSAGE][PASSED] - Keys 'Os-ARahman@projects.site.sa' sent to object: 'Object Repository/LoginAndRigisterUser/UserName_Email_Input'

2021-02-16 17:25:50 - [MESSAGE][PASSED] - Keys 'Test@12345' sent to object: 'Object Repository/LoginAndRigisterUser/Password_Input'

2021-02-16 17:25:51 - [MESSAGE][PASSED] - Delayed 1 second(s)

2021-02-16 17:25:52 - [MESSAGE][PASSED] - Object 'Object Repository/LoginAndRigisterUser/LoginBtn' is clickable

2021-02-16 17:25:52 - [MESSAGE][INFO] - Clicked on element with JS

2021-02-16 17:25:54 - [MESSAGE][PASSED] - Keys '0' sent to object: 'Object Repository/LoginAndRigisterUser/otpOne'

2021-02-16 17:25:54 - [MESSAGE][PASSED] - Keys '0' sent to object: 'Object Repository/LoginAndRigisterUser/otpTwo'

2021-02-16 17:25:55 - [MESSAGE][PASSED] - Keys '0' sent to object: 'Object Repository/LoginAndRigisterUser/otpThree'

2021-02-16 17:25:55 - [MESSAGE][PASSED] - Keys '0' sent to object: 'Object Repository/LoginAndRigisterUser/otpFour'

2021-02-16 17:25:56 - [MESSAGE][PASSED] - Keys '0' sent to object: 'Object Repository/LoginAndRigisterUser/otpFive'

2021-02-16 17:25:57 - [MESSAGE][INFO] - Clicked on element with JS

2021-02-16 17:25:59 - [MESSAGE][PASSED] - Object: 'Object Repository/HomePage/ChooseAFile' is clicked on

2021-02-16 17:26:01 - [MESSAGE][PASSED] - Delayed 2 second(s)

2021-02-16 17:26:03 - [MESSAGE][INFO] - Image Uploaded Sucsessfully

2021-02-16 17:26:05 - [MESSAGE][PASSED] - Delayed 2 second(s)

2021-02-16 17:26:06 - [MESSAGE][PASSED] - Text 'BasicAudio' is present on page 

2021-02-16 17:26:07 - [MESSAGE][PASSED] - Object: 'Object Repository/HomePage/Window7RadioBtn' is clicked on

2021-02-16 17:26:08 - [MESSAGE][PASSED] - Scroll to object 'Object Repository/HomePage/startAnalysis_EnableBtn' successfully

2021-02-16 17:26:10 - [MESSAGE][PASSED] - Object: 'Object Repository/HomePage/startAnalysis_EnableBtn' is clicked on

2021-02-16 17:26:12 - [MESSAGE][PASSED] - Object 'Object Repository/SubmissionPage/Submission_SearchIcon' is visible

2021-02-16 17:26:12 - [MESSAGE][PASSED] - Object 'Object Repository/SubmissionPage/Submission_SearchIcon' is visible

2021-02-16 17:26:13 - [MESSAGE][PASSED] - Actual object 'BasicAudio.au' and expected object 'BasicAudio.au' are equal

2021-02-16 17:26:13 - [MESSAGE][PASSED] - customKeywords.commanFunctions.uploadFileOfRegisterUser is PASSED

2021-02-16 17:26:13 - [TEST_STEP][PASSED] - customKeywords.commanFunctions.logOutAndcloseBrowser(): customKeywords.commanFunctions.logOutAndcloseBrowser is PASSED

2021-02-16 17:26:13 - [MESSAGE][PASSED] - Object 'Object Repository/LoginAndRigisterUser/AdminDD' is clickable

2021-02-16 17:26:14 - [MESSAGE][INFO] - Clicked on element with JS

2021-02-16 17:26:14 - [MESSAGE][INFO] - Clicked on element with JS

2021-02-16 17:26:15 - [MESSAGE][PASSED] - Delayed 1 second(s)

2021-02-16 17:26:16 - [MESSAGE][PASSED] - Browser is closed

2021-02-16 17:26:16 - [MESSAGE][PASSED] - customKeywords.commanFunctions.logOutAndcloseBrowser is PASSED]]></system-out>
         <system-err><![CDATA[]]></system-err>
      </testcase>
      <testcase name="Test Cases/UploadDiffFiles_RegisterUser/TC_As a register user, Upload CSV File and verify Uploded file in Submission Page" time="39.938" classname="Test Cases/UploadDiffFiles_RegisterUser/TC_As a register user, Upload CSV File and verify Uploded file in Submission Page" status="PASSED">
         <system-out><![CDATA[2021-02-16 17:26:16 - [TEST_CASE][PASSED] - Test Cases/UploadDiffFiles_RegisterUser/TC_As a register user, Upload CSV File and verify Uploded file in Submission Page: Test Cases/UploadDiffFiles_RegisterUser/TC_As a register user, Upload CSV File and verify Uploded file in Submission Page

2021-02-16 17:26:16 - [TEST_STEP][PASSED] - excelTestData = findTestData("Data Files/TestData/InspectTestData"): null

2021-02-16 17:26:16 - [TEST_STEP][PASSED] - rigisterUN = excelTestData.getValue(2, 23): null

2021-02-16 17:26:16 - [TEST_STEP][PASSED] - rigisterPW = excelTestData.getValue(3, 23): null

2021-02-16 17:26:16 - [TEST_STEP][PASSED] - customKeywords.commanFunctions.uploadFileOfRegisterUser(208, rigisterUN, rigisterPW): customKeywords.commanFunctions.uploadFileOfRegisterUser is PASSED

2021-02-16 17:26:16 - [MESSAGE][INFO] - Starting 'Chrome' driver

2021-02-16 17:26:16 - [MESSAGE][INFO] - Action delay is set to 0 milliseconds

2021-02-16 17:26:26 - [MESSAGE][PASSED] - Browser is opened with url: 'https://Inspect.Stage.site.sa'

2021-02-16 17:26:29 - [MESSAGE][PASSED] - Current window maximized

2021-02-16 17:26:29 - [MESSAGE][PASSED] - Wait for page load successfully

2021-02-16 17:26:29 - [MESSAGE][PASSED] - Object 'Object Repository/LoginAndRigisterUser/LoginLink' is clickable

2021-02-16 17:26:29 - [MESSAGE][INFO] - Clicked on element with JS

2021-02-16 17:26:30 - [MESSAGE][PASSED] - Keys 'Os-ARahman@projects.site.sa' sent to object: 'Object Repository/LoginAndRigisterUser/UserName_Email_Input'

2021-02-16 17:26:30 - [MESSAGE][PASSED] - Keys 'Test@12345' sent to object: 'Object Repository/LoginAndRigisterUser/Password_Input'

2021-02-16 17:26:31 - [MESSAGE][PASSED] - Delayed 1 second(s)

2021-02-16 17:26:32 - [MESSAGE][PASSED] - Object 'Object Repository/LoginAndRigisterUser/LoginBtn' is clickable

2021-02-16 17:26:32 - [MESSAGE][INFO] - Clicked on element with JS

2021-02-16 17:26:34 - [MESSAGE][PASSED] - Keys '0' sent to object: 'Object Repository/LoginAndRigisterUser/otpOne'

2021-02-16 17:26:35 - [MESSAGE][PASSED] - Keys '0' sent to object: 'Object Repository/LoginAndRigisterUser/otpTwo'

2021-02-16 17:26:35 - [MESSAGE][PASSED] - Keys '0' sent to object: 'Object Repository/LoginAndRigisterUser/otpThree'

2021-02-16 17:26:36 - [MESSAGE][PASSED] - Keys '0' sent to object: 'Object Repository/LoginAndRigisterUser/otpFour'

2021-02-16 17:26:37 - [MESSAGE][PASSED] - Keys '0' sent to object: 'Object Repository/LoginAndRigisterUser/otpFive'

2021-02-16 17:26:38 - [MESSAGE][INFO] - Clicked on element with JS

2021-02-16 17:26:41 - [MESSAGE][PASSED] - Object: 'Object Repository/HomePage/ChooseAFile' is clicked on

2021-02-16 17:26:43 - [MESSAGE][PASSED] - Delayed 2 second(s)

2021-02-16 17:26:45 - [MESSAGE][INFO] - Image Uploaded Sucsessfully

2021-02-16 17:26:47 - [MESSAGE][PASSED] - Delayed 2 second(s)

2021-02-16 17:26:48 - [MESSAGE][PASSED] - Text 'SampleCSVFile' is present on page 

2021-02-16 17:26:49 - [MESSAGE][PASSED] - Object: 'Object Repository/HomePage/Window7RadioBtn' is clicked on

2021-02-16 17:26:50 - [MESSAGE][PASSED] - Scroll to object 'Object Repository/HomePage/startAnalysis_EnableBtn' successfully

2021-02-16 17:26:51 - [MESSAGE][PASSED] - Object: 'Object Repository/HomePage/startAnalysis_EnableBtn' is clicked on

2021-02-16 17:26:52 - [MESSAGE][PASSED] - Object 'Object Repository/SubmissionPage/Submission_SearchIcon' is visible

2021-02-16 17:26:53 - [MESSAGE][PASSED] - Object 'Object Repository/SubmissionPage/Submission_SearchIcon' is visible

2021-02-16 17:26:53 - [MESSAGE][PASSED] - Actual object 'SampleCSVFile.csv' and expected object 'SampleCSVFile.csv' are equal

2021-02-16 17:26:53 - [MESSAGE][PASSED] - customKeywords.commanFunctions.uploadFileOfRegisterUser is PASSED

2021-02-16 17:26:53 - [TEST_STEP][PASSED] - customKeywords.commanFunctions.logOutAndcloseBrowser(): customKeywords.commanFunctions.logOutAndcloseBrowser is PASSED

2021-02-16 17:26:53 - [MESSAGE][PASSED] - Object 'Object Repository/LoginAndRigisterUser/AdminDD' is clickable

2021-02-16 17:26:54 - [MESSAGE][INFO] - Clicked on element with JS

2021-02-16 17:26:54 - [MESSAGE][INFO] - Clicked on element with JS

2021-02-16 17:26:55 - [MESSAGE][PASSED] - Delayed 1 second(s)

2021-02-16 17:26:56 - [MESSAGE][PASSED] - Browser is closed

2021-02-16 17:26:56 - [MESSAGE][PASSED] - customKeywords.commanFunctions.logOutAndcloseBrowser is PASSED]]></system-out>
         <system-err><![CDATA[]]></system-err>
      </testcase>
      <testcase name="Test Cases/UploadDiffFiles_RegisterUser/TC_As a register user, Upload Exe File and verify Uploded file in Submission Page" time="42.122" classname="Test Cases/UploadDiffFiles_RegisterUser/TC_As a register user, Upload Exe File and verify Uploded file in Submission Page" status="PASSED">
         <system-out><![CDATA[2021-02-16 17:26:56 - [TEST_CASE][PASSED] - Test Cases/UploadDiffFiles_RegisterUser/TC_As a register user, Upload Exe File and verify Uploded file in Submission Page: Test Cases/UploadDiffFiles_RegisterUser/TC_As a register user, Upload Exe File and verify Uploded file in Submission Page

2021-02-16 17:26:56 - [TEST_STEP][PASSED] - excelTestData = findTestData("Data Files/TestData/InspectTestData"): null

2021-02-16 17:26:56 - [TEST_STEP][PASSED] - rigisterUN = excelTestData.getValue(6, 23): null

2021-02-16 17:26:56 - [TEST_STEP][PASSED] - rigisterPW = excelTestData.getValue(3, 23): null

2021-02-16 17:26:56 - [TEST_STEP][PASSED] - customKeywords.commanFunctions.uploadFileOfRegisterUser(204, rigisterUN, rigisterPW): customKeywords.commanFunctions.uploadFileOfRegisterUser is PASSED

2021-02-16 17:26:56 - [MESSAGE][INFO] - Starting 'Chrome' driver

2021-02-16 17:26:56 - [MESSAGE][INFO] - Action delay is set to 0 milliseconds

2021-02-16 17:27:07 - [MESSAGE][PASSED] - Browser is opened with url: 'https://Inspect.Stage.site.sa'

2021-02-16 17:27:09 - [MESSAGE][PASSED] - Current window maximized

2021-02-16 17:27:09 - [MESSAGE][PASSED] - Wait for page load successfully

2021-02-16 17:27:09 - [MESSAGE][PASSED] - Object 'Object Repository/LoginAndRigisterUser/LoginLink' is clickable

2021-02-16 17:27:09 - [MESSAGE][INFO] - Clicked on element with JS

2021-02-16 17:27:10 - [MESSAGE][PASSED] - Keys 'Os-anelapatla@projects.site.sa' sent to object: 'Object Repository/LoginAndRigisterUser/UserName_Email_Input'

2021-02-16 17:27:11 - [MESSAGE][PASSED] - Keys 'Test@12345' sent to object: 'Object Repository/LoginAndRigisterUser/Password_Input'

2021-02-16 17:27:12 - [MESSAGE][PASSED] - Delayed 1 second(s)

2021-02-16 17:27:12 - [MESSAGE][PASSED] - Object 'Object Repository/LoginAndRigisterUser/LoginBtn' is clickable

2021-02-16 17:27:12 - [MESSAGE][INFO] - Clicked on element with JS

2021-02-16 17:27:14 - [MESSAGE][PASSED] - Keys '0' sent to object: 'Object Repository/LoginAndRigisterUser/otpOne'

2021-02-16 17:27:15 - [MESSAGE][PASSED] - Keys '0' sent to object: 'Object Repository/LoginAndRigisterUser/otpTwo'

2021-02-16 17:27:17 - [MESSAGE][PASSED] - Keys '0' sent to object: 'Object Repository/LoginAndRigisterUser/otpThree'

2021-02-16 17:27:17 - [MESSAGE][PASSED] - Keys '0' sent to object: 'Object Repository/LoginAndRigisterUser/otpFour'

2021-02-16 17:27:18 - [MESSAGE][PASSED] - Keys '0' sent to object: 'Object Repository/LoginAndRigisterUser/otpFive'

2021-02-16 17:27:19 - [MESSAGE][INFO] - Clicked on element with JS

2021-02-16 17:27:21 - [MESSAGE][PASSED] - Object: 'Object Repository/HomePage/ChooseAFile' is clicked on

2021-02-16 17:27:23 - [MESSAGE][PASSED] - Delayed 2 second(s)

2021-02-16 17:27:25 - [MESSAGE][INFO] - Image Uploaded Sucsessfully

2021-02-16 17:27:27 - [MESSAGE][PASSED] - Delayed 2 second(s)

2021-02-16 17:27:27 - [MESSAGE][PASSED] - Text 'readerdc_en_ka_cra_install' is present on page 

2021-02-16 17:27:28 - [MESSAGE][PASSED] - Object: 'Object Repository/HomePage/Window7RadioBtn' is clicked on

2021-02-16 17:27:29 - [MESSAGE][PASSED] - Scroll to object 'Object Repository/HomePage/startAnalysis_EnableBtn' successfully

2021-02-16 17:27:29 - [MESSAGE][PASSED] - Object: 'Object Repository/HomePage/startAnalysis_EnableBtn' is clicked on

2021-02-16 17:27:34 - [MESSAGE][PASSED] - Object 'Object Repository/SubmissionPage/Submission_SearchIcon' is visible

2021-02-16 17:27:35 - [MESSAGE][PASSED] - Object 'Object Repository/SubmissionPage/Submission_SearchIcon' is visible

2021-02-16 17:27:35 - [MESSAGE][PASSED] - Actual object 'readerdc_en_ka_cra_install.exe' and expected object 'readerdc_en_ka_cra_install.exe' are equal

2021-02-16 17:27:35 - [MESSAGE][PASSED] - customKeywords.commanFunctions.uploadFileOfRegisterUser is PASSED

2021-02-16 17:27:35 - [TEST_STEP][PASSED] - customKeywords.commanFunctions.logOutAndcloseBrowser(): customKeywords.commanFunctions.logOutAndcloseBrowser is PASSED

2021-02-16 17:27:35 - [MESSAGE][PASSED] - Object 'Object Repository/LoginAndRigisterUser/AdminDD' is clickable

2021-02-16 17:27:36 - [MESSAGE][INFO] - Clicked on element with JS

2021-02-16 17:27:36 - [MESSAGE][INFO] - Clicked on element with JS

2021-02-16 17:27:37 - [MESSAGE][PASSED] - Delayed 1 second(s)

2021-02-16 17:27:38 - [MESSAGE][PASSED] - Browser is closed

2021-02-16 17:27:38 - [MESSAGE][PASSED] - customKeywords.commanFunctions.logOutAndcloseBrowser is PASSED]]></system-out>
         <system-err><![CDATA[]]></system-err>
      </testcase>
      <testcase name="Test Cases/UploadDiffFiles_RegisterUser/TC_As a register user, Upload Graphics Interchange Format File and verify Uploded file in Submission Page" time="42.119" classname="Test Cases/UploadDiffFiles_RegisterUser/TC_As a register user, Upload Graphics Interchange Format File and verify Uploded file in Submission Page" status="PASSED">
         <system-out><![CDATA[2021-02-16 17:27:38 - [TEST_CASE][PASSED] - Test Cases/UploadDiffFiles_RegisterUser/TC_As a register user, Upload Graphics Interchange Format File and verify Uploded file in Submission Page: Test Cases/UploadDiffFiles_RegisterUser/TC_As a register user, Upload Graphics Interchange Format File and verify Uploded file in Submission Page

2021-02-16 17:27:38 - [TEST_STEP][PASSED] - excelTestData = findTestData("Data Files/TestData/InspectTestData"): null

2021-02-16 17:27:38 - [TEST_STEP][PASSED] - rigisterUN = excelTestData.getValue(2, 23): null

2021-02-16 17:27:38 - [TEST_STEP][PASSED] - rigisterPW = excelTestData.getValue(3, 23): null

2021-02-16 17:27:38 - [TEST_STEP][PASSED] - customKeywords.commanFunctions.uploadFileOfRegisterUser(288, rigisterUN, rigisterPW): customKeywords.commanFunctions.uploadFileOfRegisterUser is PASSED

2021-02-16 17:27:38 - [MESSAGE][INFO] - Starting 'Chrome' driver

2021-02-16 17:27:38 - [MESSAGE][INFO] - Action delay is set to 0 milliseconds

2021-02-16 17:27:50 - [MESSAGE][PASSED] - Browser is opened with url: 'https://Inspect.Stage.site.sa'

2021-02-16 17:27:52 - [MESSAGE][PASSED] - Current window maximized

2021-02-16 17:27:52 - [MESSAGE][PASSED] - Wait for page load successfully

2021-02-16 17:27:53 - [MESSAGE][PASSED] - Object 'Object Repository/LoginAndRigisterUser/LoginLink' is clickable

2021-02-16 17:27:53 - [MESSAGE][INFO] - Clicked on element with JS

2021-02-16 17:27:54 - [MESSAGE][PASSED] - Keys 'Os-ARahman@projects.site.sa' sent to object: 'Object Repository/LoginAndRigisterUser/UserName_Email_Input'

2021-02-16 17:27:54 - [MESSAGE][PASSED] - Keys 'Test@12345' sent to object: 'Object Repository/LoginAndRigisterUser/Password_Input'

2021-02-16 17:27:55 - [MESSAGE][PASSED] - Delayed 1 second(s)

2021-02-16 17:27:55 - [MESSAGE][PASSED] - Object 'Object Repository/LoginAndRigisterUser/LoginBtn' is clickable

2021-02-16 17:27:56 - [MESSAGE][INFO] - Clicked on element with JS

2021-02-16 17:27:58 - [MESSAGE][PASSED] - Keys '0' sent to object: 'Object Repository/LoginAndRigisterUser/otpOne'

2021-02-16 17:27:59 - [MESSAGE][PASSED] - Keys '0' sent to object: 'Object Repository/LoginAndRigisterUser/otpTwo'

2021-02-16 17:28:00 - [MESSAGE][PASSED] - Keys '0' sent to object: 'Object Repository/LoginAndRigisterUser/otpThree'

2021-02-16 17:28:01 - [MESSAGE][PASSED] - Keys '0' sent to object: 'Object Repository/LoginAndRigisterUser/otpFour'

2021-02-16 17:28:02 - [MESSAGE][PASSED] - Keys '0' sent to object: 'Object Repository/LoginAndRigisterUser/otpFive'

2021-02-16 17:28:02 - [MESSAGE][INFO] - Clicked on element with JS

2021-02-16 17:28:05 - [MESSAGE][PASSED] - Object: 'Object Repository/HomePage/ChooseAFile' is clicked on

2021-02-16 17:28:07 - [MESSAGE][PASSED] - Delayed 2 second(s)

2021-02-16 17:28:09 - [MESSAGE][INFO] - Image Uploaded Sucsessfully

2021-02-16 17:28:11 - [MESSAGE][PASSED] - Delayed 2 second(s)

2021-02-16 17:28:11 - [MESSAGE][PASSED] - Text 'Graphics Interchange Format.gif' is present on page 

2021-02-16 17:28:12 - [MESSAGE][PASSED] - Object: 'Object Repository/HomePage/Window7RadioBtn' is clicked on

2021-02-16 17:28:12 - [MESSAGE][PASSED] - Scroll to object 'Object Repository/HomePage/startAnalysis_EnableBtn' successfully

2021-02-16 17:28:13 - [MESSAGE][PASSED] - Object: 'Object Repository/HomePage/startAnalysis_EnableBtn' is clicked on

2021-02-16 17:28:16 - [MESSAGE][PASSED] - Object 'Object Repository/SubmissionPage/Submission_SearchIcon' is visible

2021-02-16 17:28:16 - [MESSAGE][PASSED] - Object 'Object Repository/SubmissionPage/Submission_SearchIcon' is visible

2021-02-16 17:28:16 - [MESSAGE][PASSED] - Actual object 'Graphics Interchange Format.gif' and expected object 'Graphics Interchange Format.gif' are equal

2021-02-16 17:28:16 - [MESSAGE][PASSED] - customKeywords.commanFunctions.uploadFileOfRegisterUser is PASSED

2021-02-16 17:28:16 - [TEST_STEP][PASSED] - customKeywords.commanFunctions.logOutAndcloseBrowser(): customKeywords.commanFunctions.logOutAndcloseBrowser is PASSED

2021-02-16 17:28:17 - [MESSAGE][PASSED] - Object 'Object Repository/LoginAndRigisterUser/AdminDD' is clickable

2021-02-16 17:28:17 - [MESSAGE][INFO] - Clicked on element with JS

2021-02-16 17:28:18 - [MESSAGE][INFO] - Clicked on element with JS

2021-02-16 17:28:19 - [MESSAGE][PASSED] - Delayed 1 second(s)

2021-02-16 17:28:20 - [MESSAGE][PASSED] - Browser is closed

2021-02-16 17:28:20 - [MESSAGE][PASSED] - customKeywords.commanFunctions.logOutAndcloseBrowser is PASSED]]></system-out>
         <system-err><![CDATA[]]></system-err>
      </testcase>
      <testcase name="Test Cases/UploadDiffFiles_RegisterUser/TC_As a register user, Upload Jar File and verify Uploded file in Submission Page" time="43.877" classname="Test Cases/UploadDiffFiles_RegisterUser/TC_As a register user, Upload Jar File and verify Uploded file in Submission Page" status="PASSED">
         <system-out><![CDATA[2021-02-16 17:28:20 - [TEST_CASE][PASSED] - Test Cases/UploadDiffFiles_RegisterUser/TC_As a register user, Upload Jar File and verify Uploded file in Submission Page: Test Cases/UploadDiffFiles_RegisterUser/TC_As a register user, Upload Jar File and verify Uploded file in Submission Page

2021-02-16 17:28:20 - [TEST_STEP][PASSED] - excelTestData = findTestData("Data Files/TestData/InspectTestData"): null

2021-02-16 17:28:20 - [TEST_STEP][PASSED] - rigisterUN = excelTestData.getValue(6, 23): null

2021-02-16 17:28:20 - [TEST_STEP][PASSED] - rigisterPW = excelTestData.getValue(3, 23): null

2021-02-16 17:28:20 - [TEST_STEP][PASSED] - customKeywords.commanFunctions.uploadFileOfRegisterUser(192, rigisterUN, rigisterPW): customKeywords.commanFunctions.uploadFileOfRegisterUser is PASSED

2021-02-16 17:28:20 - [MESSAGE][INFO] - Starting 'Chrome' driver

2021-02-16 17:28:20 - [MESSAGE][INFO] - Action delay is set to 0 milliseconds

2021-02-16 17:28:31 - [MESSAGE][PASSED] - Browser is opened with url: 'https://Inspect.Stage.site.sa'

2021-02-16 17:28:33 - [MESSAGE][PASSED] - Current window maximized

2021-02-16 17:28:33 - [MESSAGE][PASSED] - Wait for page load successfully

2021-02-16 17:28:33 - [MESSAGE][PASSED] - Object 'Object Repository/LoginAndRigisterUser/LoginLink' is clickable

2021-02-16 17:28:34 - [MESSAGE][INFO] - Clicked on element with JS

2021-02-16 17:28:34 - [MESSAGE][PASSED] - Keys 'Os-anelapatla@projects.site.sa' sent to object: 'Object Repository/LoginAndRigisterUser/UserName_Email_Input'

2021-02-16 17:28:35 - [MESSAGE][PASSED] - Keys 'Test@12345' sent to object: 'Object Repository/LoginAndRigisterUser/Password_Input'

2021-02-16 17:28:36 - [MESSAGE][PASSED] - Delayed 1 second(s)

2021-02-16 17:28:36 - [MESSAGE][PASSED] - Object 'Object Repository/LoginAndRigisterUser/LoginBtn' is clickable

2021-02-16 17:28:37 - [MESSAGE][INFO] - Clicked on element with JS

2021-02-16 17:28:39 - [MESSAGE][PASSED] - Keys '0' sent to object: 'Object Repository/LoginAndRigisterUser/otpOne'

2021-02-16 17:28:40 - [MESSAGE][PASSED] - Keys '0' sent to object: 'Object Repository/LoginAndRigisterUser/otpTwo'

2021-02-16 17:28:41 - [MESSAGE][PASSED] - Keys '0' sent to object: 'Object Repository/LoginAndRigisterUser/otpThree'

2021-02-16 17:28:42 - [MESSAGE][PASSED] - Keys '0' sent to object: 'Object Repository/LoginAndRigisterUser/otpFour'

2021-02-16 17:28:43 - [MESSAGE][PASSED] - Keys '0' sent to object: 'Object Repository/LoginAndRigisterUser/otpFive'

2021-02-16 17:28:44 - [MESSAGE][INFO] - Clicked on element with JS

2021-02-16 17:28:46 - [MESSAGE][PASSED] - Object: 'Object Repository/HomePage/ChooseAFile' is clicked on

2021-02-16 17:28:48 - [MESSAGE][PASSED] - Delayed 2 second(s)

2021-02-16 17:28:50 - [MESSAGE][INFO] - Image Uploaded Sucsessfully

2021-02-16 17:28:52 - [MESSAGE][PASSED] - Delayed 2 second(s)

2021-02-16 17:28:53 - [MESSAGE][PASSED] - Text 'commonsCode' is present on page 

2021-02-16 17:28:54 - [MESSAGE][PASSED] - Object: 'Object Repository/HomePage/Window7RadioBtn' is clicked on

2021-02-16 17:28:56 - [MESSAGE][PASSED] - Scroll to object 'Object Repository/HomePage/startAnalysis_EnableBtn' successfully

2021-02-16 17:28:57 - [MESSAGE][PASSED] - Object: 'Object Repository/HomePage/startAnalysis_EnableBtn' is clicked on

2021-02-16 17:29:00 - [MESSAGE][PASSED] - Object 'Object Repository/SubmissionPage/Submission_SearchIcon' is visible

2021-02-16 17:29:01 - [MESSAGE][PASSED] - Object 'Object Repository/SubmissionPage/Submission_SearchIcon' is visible

2021-02-16 17:29:01 - [MESSAGE][PASSED] - Actual object 'commonsCode.jar' and expected object 'commonsCode.jar' are equal

2021-02-16 17:29:01 - [MESSAGE][PASSED] - customKeywords.commanFunctions.uploadFileOfRegisterUser is PASSED

2021-02-16 17:29:01 - [TEST_STEP][PASSED] - customKeywords.commanFunctions.logOutAndcloseBrowser(): customKeywords.commanFunctions.logOutAndcloseBrowser is PASSED

2021-02-16 17:29:01 - [MESSAGE][PASSED] - Object 'Object Repository/LoginAndRigisterUser/AdminDD' is clickable

2021-02-16 17:29:02 - [MESSAGE][INFO] - Clicked on element with JS

2021-02-16 17:29:02 - [MESSAGE][INFO] - Clicked on element with JS

2021-02-16 17:29:03 - [MESSAGE][PASSED] - Delayed 1 second(s)

2021-02-16 17:29:04 - [MESSAGE][PASSED] - Browser is closed

2021-02-16 17:29:04 - [MESSAGE][PASSED] - customKeywords.commanFunctions.logOutAndcloseBrowser is PASSED]]></system-out>
         <system-err><![CDATA[]]></system-err>
      </testcase>
      <testcase name="Test Cases/UploadDiffFiles_RegisterUser/TC_As a register user, Upload Java File and verify Uploded file in Submission Page" time="40.666" classname="Test Cases/UploadDiffFiles_RegisterUser/TC_As a register user, Upload Java File and verify Uploded file in Submission Page" status="PASSED">
         <system-out><![CDATA[2021-02-16 17:29:04 - [TEST_CASE][PASSED] - Test Cases/UploadDiffFiles_RegisterUser/TC_As a register user, Upload Java File and verify Uploded file in Submission Page: Test Cases/UploadDiffFiles_RegisterUser/TC_As a register user, Upload Java File and verify Uploded file in Submission Page

2021-02-16 17:29:04 - [TEST_STEP][PASSED] - excelTestData = findTestData("Data Files/TestData/InspectTestData"): null

2021-02-16 17:29:04 - [TEST_STEP][PASSED] - rigisterUN = excelTestData.getValue(2, 23): null

2021-02-16 17:29:04 - [TEST_STEP][PASSED] - rigisterPW = excelTestData.getValue(3, 23): null

2021-02-16 17:29:04 - [TEST_STEP][PASSED] - customKeywords.commanFunctions.uploadFileOfRegisterUser(276, rigisterUN, rigisterPW): customKeywords.commanFunctions.uploadFileOfRegisterUser is PASSED

2021-02-16 17:29:04 - [MESSAGE][INFO] - Starting 'Chrome' driver

2021-02-16 17:29:04 - [MESSAGE][INFO] - Action delay is set to 0 milliseconds

2021-02-16 17:29:15 - [MESSAGE][PASSED] - Browser is opened with url: 'https://Inspect.Stage.site.sa'

2021-02-16 17:29:17 - [MESSAGE][PASSED] - Current window maximized

2021-02-16 17:29:17 - [MESSAGE][PASSED] - Wait for page load successfully

2021-02-16 17:29:18 - [MESSAGE][PASSED] - Object 'Object Repository/LoginAndRigisterUser/LoginLink' is clickable

2021-02-16 17:29:18 - [MESSAGE][INFO] - Clicked on element with JS

2021-02-16 17:29:18 - [MESSAGE][PASSED] - Keys 'Os-ARahman@projects.site.sa' sent to object: 'Object Repository/LoginAndRigisterUser/UserName_Email_Input'

2021-02-16 17:29:19 - [MESSAGE][PASSED] - Keys 'Test@12345' sent to object: 'Object Repository/LoginAndRigisterUser/Password_Input'

2021-02-16 17:29:20 - [MESSAGE][PASSED] - Delayed 1 second(s)

2021-02-16 17:29:20 - [MESSAGE][PASSED] - Object 'Object Repository/LoginAndRigisterUser/LoginBtn' is clickable

2021-02-16 17:29:21 - [MESSAGE][INFO] - Clicked on element with JS

2021-02-16 17:29:23 - [MESSAGE][PASSED] - Keys '0' sent to object: 'Object Repository/LoginAndRigisterUser/otpOne'

2021-02-16 17:29:23 - [MESSAGE][PASSED] - Keys '0' sent to object: 'Object Repository/LoginAndRigisterUser/otpTwo'

2021-02-16 17:29:24 - [MESSAGE][PASSED] - Keys '0' sent to object: 'Object Repository/LoginAndRigisterUser/otpThree'

2021-02-16 17:29:25 - [MESSAGE][PASSED] - Keys '0' sent to object: 'Object Repository/LoginAndRigisterUser/otpFour'

2021-02-16 17:29:26 - [MESSAGE][PASSED] - Keys '0' sent to object: 'Object Repository/LoginAndRigisterUser/otpFive'

2021-02-16 17:29:27 - [MESSAGE][INFO] - Clicked on element with JS

2021-02-16 17:29:29 - [MESSAGE][PASSED] - Object: 'Object Repository/HomePage/ChooseAFile' is clicked on

2021-02-16 17:29:31 - [MESSAGE][PASSED] - Delayed 2 second(s)

2021-02-16 17:29:33 - [MESSAGE][INFO] - Image Uploaded Sucsessfully

2021-02-16 17:29:35 - [MESSAGE][PASSED] - Delayed 2 second(s)

2021-02-16 17:29:36 - [MESSAGE][PASSED] - Text 'Java files' is present on page 

2021-02-16 17:29:37 - [MESSAGE][PASSED] - Object: 'Object Repository/HomePage/Window7RadioBtn' is clicked on

2021-02-16 17:29:37 - [MESSAGE][PASSED] - Scroll to object 'Object Repository/HomePage/startAnalysis_EnableBtn' successfully

2021-02-16 17:29:39 - [MESSAGE][PASSED] - Object: 'Object Repository/HomePage/startAnalysis_EnableBtn' is clicked on

2021-02-16 17:29:41 - [MESSAGE][PASSED] - Object 'Object Repository/SubmissionPage/Submission_SearchIcon' is visible

2021-02-16 17:29:41 - [MESSAGE][PASSED] - Object 'Object Repository/SubmissionPage/Submission_SearchIcon' is visible

2021-02-16 17:29:42 - [MESSAGE][PASSED] - Actual object 'Java files.java' and expected object 'Java files.java' are equal

2021-02-16 17:29:42 - [MESSAGE][PASSED] - customKeywords.commanFunctions.uploadFileOfRegisterUser is PASSED

2021-02-16 17:29:42 - [TEST_STEP][PASSED] - customKeywords.commanFunctions.logOutAndcloseBrowser(): customKeywords.commanFunctions.logOutAndcloseBrowser is PASSED

2021-02-16 17:29:42 - [MESSAGE][PASSED] - Object 'Object Repository/LoginAndRigisterUser/AdminDD' is clickable

2021-02-16 17:29:42 - [MESSAGE][INFO] - Clicked on element with JS

2021-02-16 17:29:43 - [MESSAGE][INFO] - Clicked on element with JS

2021-02-16 17:29:44 - [MESSAGE][PASSED] - Delayed 1 second(s)

2021-02-16 17:29:45 - [MESSAGE][PASSED] - Browser is closed

2021-02-16 17:29:45 - [MESSAGE][PASSED] - customKeywords.commanFunctions.logOutAndcloseBrowser is PASSED]]></system-out>
         <system-err><![CDATA[]]></system-err>
      </testcase>
      <testcase name="Test Cases/UploadDiffFiles_RegisterUser/TC_As a register user, Upload JPEG graphic File and verify Uploded file in Submission Page" time="41.45" classname="Test Cases/UploadDiffFiles_RegisterUser/TC_As a register user, Upload JPEG graphic File and verify Uploded file in Submission Page" status="PASSED">
         <system-out><![CDATA[2021-02-16 17:29:45 - [TEST_CASE][PASSED] - Test Cases/UploadDiffFiles_RegisterUser/TC_As a register user, Upload JPEG graphic File and verify Uploded file in Submission Page: Test Cases/UploadDiffFiles_RegisterUser/TC_As a register user, Upload JPEG graphic File and verify Uploded file in Submission Page

2021-02-16 17:29:45 - [TEST_STEP][PASSED] - excelTestData = findTestData("Data Files/TestData/InspectTestData"): null

2021-02-16 17:29:45 - [TEST_STEP][PASSED] - rigisterUN = excelTestData.getValue(2, 23): null

2021-02-16 17:29:45 - [TEST_STEP][PASSED] - rigisterPW = excelTestData.getValue(3, 23): null

2021-02-16 17:29:45 - [TEST_STEP][PASSED] - customKeywords.commanFunctions.uploadFileOfRegisterUser(292, rigisterUN, rigisterPW): customKeywords.commanFunctions.uploadFileOfRegisterUser is PASSED

2021-02-16 17:29:45 - [MESSAGE][INFO] - Starting 'Chrome' driver

2021-02-16 17:29:45 - [MESSAGE][INFO] - Action delay is set to 0 milliseconds

2021-02-16 17:29:55 - [MESSAGE][PASSED] - Browser is opened with url: 'https://Inspect.Stage.site.sa'

2021-02-16 17:29:57 - [MESSAGE][PASSED] - Current window maximized

2021-02-16 17:29:57 - [MESSAGE][PASSED] - Wait for page load successfully

2021-02-16 17:29:58 - [MESSAGE][PASSED] - Object 'Object Repository/LoginAndRigisterUser/LoginLink' is clickable

2021-02-16 17:29:58 - [MESSAGE][INFO] - Clicked on element with JS

2021-02-16 17:29:59 - [MESSAGE][PASSED] - Keys 'Os-ARahman@projects.site.sa' sent to object: 'Object Repository/LoginAndRigisterUser/UserName_Email_Input'

2021-02-16 17:29:59 - [MESSAGE][PASSED] - Keys 'Test@12345' sent to object: 'Object Repository/LoginAndRigisterUser/Password_Input'

2021-02-16 17:30:00 - [MESSAGE][PASSED] - Delayed 1 second(s)

2021-02-16 17:30:01 - [MESSAGE][PASSED] - Object 'Object Repository/LoginAndRigisterUser/LoginBtn' is clickable

2021-02-16 17:30:01 - [MESSAGE][INFO] - Clicked on element with JS

2021-02-16 17:30:03 - [MESSAGE][PASSED] - Keys '0' sent to object: 'Object Repository/LoginAndRigisterUser/otpOne'

2021-02-16 17:30:03 - [MESSAGE][PASSED] - Keys '0' sent to object: 'Object Repository/LoginAndRigisterUser/otpTwo'

2021-02-16 17:30:04 - [MESSAGE][PASSED] - Keys '0' sent to object: 'Object Repository/LoginAndRigisterUser/otpThree'

2021-02-16 17:30:05 - [MESSAGE][PASSED] - Keys '0' sent to object: 'Object Repository/LoginAndRigisterUser/otpFour'

2021-02-16 17:30:06 - [MESSAGE][PASSED] - Keys '0' sent to object: 'Object Repository/LoginAndRigisterUser/otpFive'

2021-02-16 17:30:07 - [MESSAGE][INFO] - Clicked on element with JS

2021-02-16 17:30:09 - [MESSAGE][PASSED] - Object: 'Object Repository/HomePage/ChooseAFile' is clicked on

2021-02-16 17:30:11 - [MESSAGE][PASSED] - Delayed 2 second(s)

2021-02-16 17:30:13 - [MESSAGE][INFO] - Image Uploaded Sucsessfully

2021-02-16 17:30:15 - [MESSAGE][PASSED] - Delayed 2 second(s)

2021-02-16 17:30:16 - [MESSAGE][PASSED] - Text 'JPEG graphic' is present on page 

2021-02-16 17:30:17 - [MESSAGE][PASSED] - Object: 'Object Repository/HomePage/Window7RadioBtn' is clicked on

2021-02-16 17:30:19 - [MESSAGE][PASSED] - Scroll to object 'Object Repository/HomePage/startAnalysis_EnableBtn' successfully

2021-02-16 17:30:20 - [MESSAGE][PASSED] - Object: 'Object Repository/HomePage/startAnalysis_EnableBtn' is clicked on

2021-02-16 17:30:22 - [MESSAGE][PASSED] - Object 'Object Repository/SubmissionPage/Submission_SearchIcon' is visible

2021-02-16 17:30:23 - [MESSAGE][PASSED] - Object 'Object Repository/SubmissionPage/Submission_SearchIcon' is visible

2021-02-16 17:30:23 - [MESSAGE][PASSED] - Actual object 'JPEG graphic.jpg' and expected object 'JPEG graphic.jpg' are equal

2021-02-16 17:30:23 - [MESSAGE][PASSED] - customKeywords.commanFunctions.uploadFileOfRegisterUser is PASSED

2021-02-16 17:30:23 - [TEST_STEP][PASSED] - customKeywords.commanFunctions.logOutAndcloseBrowser(): customKeywords.commanFunctions.logOutAndcloseBrowser is PASSED

2021-02-16 17:30:23 - [MESSAGE][PASSED] - Object 'Object Repository/LoginAndRigisterUser/AdminDD' is clickable

2021-02-16 17:30:24 - [MESSAGE][INFO] - Clicked on element with JS

2021-02-16 17:30:24 - [MESSAGE][INFO] - Clicked on element with JS

2021-02-16 17:30:25 - [MESSAGE][PASSED] - Delayed 1 second(s)

2021-02-16 17:30:26 - [MESSAGE][PASSED] - Browser is closed

2021-02-16 17:30:26 - [MESSAGE][PASSED] - customKeywords.commanFunctions.logOutAndcloseBrowser is PASSED]]></system-out>
         <system-err><![CDATA[]]></system-err>
      </testcase>
      <testcase name="Test Cases/UploadDiffFiles_RegisterUser/TC_As a register user, Upload MacPaint File and verify Uploded file in Submission Page" time="38.625" classname="Test Cases/UploadDiffFiles_RegisterUser/TC_As a register user, Upload MacPaint File and verify Uploded file in Submission Page" status="PASSED">
         <system-out><![CDATA[2021-02-16 17:30:26 - [TEST_CASE][PASSED] - Test Cases/UploadDiffFiles_RegisterUser/TC_As a register user, Upload MacPaint File and verify Uploded file in Submission Page: Test Cases/UploadDiffFiles_RegisterUser/TC_As a register user, Upload MacPaint File and verify Uploded file in Submission Page

2021-02-16 17:30:26 - [TEST_STEP][PASSED] - excelTestData = findTestData("Data Files/TestData/InspectTestData"): null

2021-02-16 17:30:26 - [TEST_STEP][PASSED] - rigisterUN = excelTestData.getValue(6, 23): null

2021-02-16 17:30:26 - [TEST_STEP][PASSED] - rigisterPW = excelTestData.getValue(3, 23): null

2021-02-16 17:30:26 - [TEST_STEP][PASSED] - customKeywords.commanFunctions.uploadFileOfRegisterUser(296, rigisterUN, rigisterPW): customKeywords.commanFunctions.uploadFileOfRegisterUser is PASSED

2021-02-16 17:30:26 - [MESSAGE][INFO] - Starting 'Chrome' driver

2021-02-16 17:30:26 - [MESSAGE][INFO] - Action delay is set to 0 milliseconds

2021-02-16 17:30:36 - [MESSAGE][PASSED] - Browser is opened with url: 'https://Inspect.Stage.site.sa'

2021-02-16 17:30:38 - [MESSAGE][PASSED] - Current window maximized

2021-02-16 17:30:38 - [MESSAGE][PASSED] - Wait for page load successfully

2021-02-16 17:30:39 - [MESSAGE][PASSED] - Object 'Object Repository/LoginAndRigisterUser/LoginLink' is clickable

2021-02-16 17:30:39 - [MESSAGE][INFO] - Clicked on element with JS

2021-02-16 17:30:40 - [MESSAGE][PASSED] - Keys 'Os-anelapatla@projects.site.sa' sent to object: 'Object Repository/LoginAndRigisterUser/UserName_Email_Input'

2021-02-16 17:30:40 - [MESSAGE][PASSED] - Keys 'Test@12345' sent to object: 'Object Repository/LoginAndRigisterUser/Password_Input'

2021-02-16 17:30:41 - [MESSAGE][PASSED] - Delayed 1 second(s)

2021-02-16 17:30:42 - [MESSAGE][PASSED] - Object 'Object Repository/LoginAndRigisterUser/LoginBtn' is clickable

2021-02-16 17:30:42 - [MESSAGE][INFO] - Clicked on element with JS

2021-02-16 17:30:44 - [MESSAGE][PASSED] - Keys '0' sent to object: 'Object Repository/LoginAndRigisterUser/otpOne'

2021-02-16 17:30:45 - [MESSAGE][PASSED] - Keys '0' sent to object: 'Object Repository/LoginAndRigisterUser/otpTwo'

2021-02-16 17:30:47 - [MESSAGE][PASSED] - Keys '0' sent to object: 'Object Repository/LoginAndRigisterUser/otpThree'

2021-02-16 17:30:47 - [MESSAGE][PASSED] - Keys '0' sent to object: 'Object Repository/LoginAndRigisterUser/otpFour'

2021-02-16 17:30:48 - [MESSAGE][PASSED] - Keys '0' sent to object: 'Object Repository/LoginAndRigisterUser/otpFive'

2021-02-16 17:30:49 - [MESSAGE][INFO] - Clicked on element with JS

2021-02-16 17:30:51 - [MESSAGE][PASSED] - Object: 'Object Repository/HomePage/ChooseAFile' is clicked on

2021-02-16 17:30:53 - [MESSAGE][PASSED] - Delayed 2 second(s)

2021-02-16 17:30:55 - [MESSAGE][INFO] - Image Uploaded Sucsessfully

2021-02-16 17:30:57 - [MESSAGE][PASSED] - Delayed 2 second(s)

2021-02-16 17:30:57 - [MESSAGE][PASSED] - Text 'MacPaint' is present on page 

2021-02-16 17:30:58 - [MESSAGE][PASSED] - Object: 'Object Repository/HomePage/Window7RadioBtn' is clicked on

2021-02-16 17:30:59 - [MESSAGE][PASSED] - Scroll to object 'Object Repository/HomePage/startAnalysis_EnableBtn' successfully

2021-02-16 17:30:59 - [MESSAGE][PASSED] - Object: 'Object Repository/HomePage/startAnalysis_EnableBtn' is clicked on

2021-02-16 17:31:01 - [MESSAGE][PASSED] - Object 'Object Repository/SubmissionPage/Submission_SearchIcon' is visible

2021-02-16 17:31:01 - [MESSAGE][PASSED] - Object 'Object Repository/SubmissionPage/Submission_SearchIcon' is visible

2021-02-16 17:31:02 - [MESSAGE][PASSED] - Actual object 'MacPaint.mac' and expected object 'MacPaint.mac' are equal

2021-02-16 17:31:02 - [MESSAGE][PASSED] - customKeywords.commanFunctions.uploadFileOfRegisterUser is PASSED

2021-02-16 17:31:02 - [TEST_STEP][PASSED] - customKeywords.commanFunctions.logOutAndcloseBrowser(): customKeywords.commanFunctions.logOutAndcloseBrowser is PASSED

2021-02-16 17:31:02 - [MESSAGE][PASSED] - Object 'Object Repository/LoginAndRigisterUser/AdminDD' is clickable

2021-02-16 17:31:02 - [MESSAGE][INFO] - Clicked on element with JS

2021-02-16 17:31:03 - [MESSAGE][INFO] - Clicked on element with JS

2021-02-16 17:31:04 - [MESSAGE][PASSED] - Delayed 1 second(s)

2021-02-16 17:31:05 - [MESSAGE][PASSED] - Browser is closed

2021-02-16 17:31:05 - [MESSAGE][PASSED] - customKeywords.commanFunctions.logOutAndcloseBrowser is PASSED]]></system-out>
         <system-err><![CDATA[]]></system-err>
      </testcase>
      <testcase name="Test Cases/UploadDiffFiles_RegisterUser/TC_As a register user, Upload Microsoft Word File and verify Uploded file in Submission Page" time="39.622" classname="Test Cases/UploadDiffFiles_RegisterUser/TC_As a register user, Upload Microsoft Word File and verify Uploded file in Submission Page" status="PASSED">
         <system-out><![CDATA[2021-02-16 17:31:05 - [TEST_CASE][PASSED] - Test Cases/UploadDiffFiles_RegisterUser/TC_As a register user, Upload Microsoft Word File and verify Uploded file in Submission Page: Test Cases/UploadDiffFiles_RegisterUser/TC_As a register user, Upload Microsoft Word File and verify Uploded file in Submission Page

2021-02-16 17:31:05 - [TEST_STEP][PASSED] - excelTestData = findTestData("Data Files/TestData/InspectTestData"): null

2021-02-16 17:31:05 - [TEST_STEP][PASSED] - rigisterUN = excelTestData.getValue(2, 23): null

2021-02-16 17:31:05 - [TEST_STEP][PASSED] - rigisterPW = excelTestData.getValue(3, 23): null

2021-02-16 17:31:05 - [TEST_STEP][PASSED] - customKeywords.commanFunctions.uploadFileOfRegisterUser(284, rigisterUN, rigisterPW): customKeywords.commanFunctions.uploadFileOfRegisterUser is PASSED

2021-02-16 17:31:05 - [MESSAGE][INFO] - Starting 'Chrome' driver

2021-02-16 17:31:05 - [MESSAGE][INFO] - Action delay is set to 0 milliseconds

2021-02-16 17:31:15 - [MESSAGE][PASSED] - Browser is opened with url: 'https://Inspect.Stage.site.sa'

2021-02-16 17:31:17 - [MESSAGE][PASSED] - Current window maximized

2021-02-16 17:31:17 - [MESSAGE][PASSED] - Wait for page load successfully

2021-02-16 17:31:18 - [MESSAGE][PASSED] - Object 'Object Repository/LoginAndRigisterUser/LoginLink' is clickable

2021-02-16 17:31:18 - [MESSAGE][INFO] - Clicked on element with JS

2021-02-16 17:31:19 - [MESSAGE][PASSED] - Keys 'Os-ARahman@projects.site.sa' sent to object: 'Object Repository/LoginAndRigisterUser/UserName_Email_Input'

2021-02-16 17:31:19 - [MESSAGE][PASSED] - Keys 'Test@12345' sent to object: 'Object Repository/LoginAndRigisterUser/Password_Input'

2021-02-16 17:31:20 - [MESSAGE][PASSED] - Delayed 1 second(s)

2021-02-16 17:31:20 - [MESSAGE][PASSED] - Object 'Object Repository/LoginAndRigisterUser/LoginBtn' is clickable

2021-02-16 17:31:21 - [MESSAGE][INFO] - Clicked on element with JS

2021-02-16 17:31:23 - [MESSAGE][PASSED] - Keys '0' sent to object: 'Object Repository/LoginAndRigisterUser/otpOne'

2021-02-16 17:31:24 - [MESSAGE][PASSED] - Keys '0' sent to object: 'Object Repository/LoginAndRigisterUser/otpTwo'

2021-02-16 17:31:25 - [MESSAGE][PASSED] - Keys '0' sent to object: 'Object Repository/LoginAndRigisterUser/otpThree'

2021-02-16 17:31:26 - [MESSAGE][PASSED] - Keys '0' sent to object: 'Object Repository/LoginAndRigisterUser/otpFour'

2021-02-16 17:31:27 - [MESSAGE][PASSED] - Keys '0' sent to object: 'Object Repository/LoginAndRigisterUser/otpFive'

2021-02-16 17:31:28 - [MESSAGE][INFO] - Clicked on element with JS

2021-02-16 17:31:30 - [MESSAGE][PASSED] - Object: 'Object Repository/HomePage/ChooseAFile' is clicked on

2021-02-16 17:31:32 - [MESSAGE][PASSED] - Delayed 2 second(s)

2021-02-16 17:31:34 - [MESSAGE][INFO] - Image Uploaded Sucsessfully

2021-02-16 17:31:36 - [MESSAGE][PASSED] - Delayed 2 second(s)

2021-02-16 17:31:36 - [MESSAGE][PASSED] - Text 'Microsoft Word' is present on page 

2021-02-16 17:31:37 - [MESSAGE][PASSED] - Object: 'Object Repository/HomePage/Window7RadioBtn' is clicked on

2021-02-16 17:31:38 - [MESSAGE][PASSED] - Scroll to object 'Object Repository/HomePage/startAnalysis_EnableBtn' successfully

2021-02-16 17:31:39 - [MESSAGE][PASSED] - Object: 'Object Repository/HomePage/startAnalysis_EnableBtn' is clicked on

2021-02-16 17:31:41 - [MESSAGE][PASSED] - Object 'Object Repository/SubmissionPage/Submission_SearchIcon' is visible

2021-02-16 17:31:41 - [MESSAGE][PASSED] - Object 'Object Repository/SubmissionPage/Submission_SearchIcon' is visible

2021-02-16 17:31:41 - [MESSAGE][PASSED] - Actual object 'Microsoft Word.doc' and expected object 'Microsoft Word.doc' are equal

2021-02-16 17:31:41 - [MESSAGE][PASSED] - customKeywords.commanFunctions.uploadFileOfRegisterUser is PASSED

2021-02-16 17:31:41 - [TEST_STEP][PASSED] - customKeywords.commanFunctions.logOutAndcloseBrowser(): customKeywords.commanFunctions.logOutAndcloseBrowser is PASSED

2021-02-16 17:31:42 - [MESSAGE][PASSED] - Object 'Object Repository/LoginAndRigisterUser/AdminDD' is clickable

2021-02-16 17:31:42 - [MESSAGE][INFO] - Clicked on element with JS

2021-02-16 17:31:43 - [MESSAGE][INFO] - Clicked on element with JS

2021-02-16 17:31:44 - [MESSAGE][PASSED] - Delayed 1 second(s)

2021-02-16 17:31:44 - [MESSAGE][PASSED] - Browser is closed

2021-02-16 17:31:44 - [MESSAGE][PASSED] - customKeywords.commanFunctions.logOutAndcloseBrowser is PASSED]]></system-out>
         <system-err><![CDATA[]]></system-err>
      </testcase>
      <testcase name="Test Cases/UploadDiffFiles_RegisterUser/TC_As a register user, Upload MS Access database File and verify Uploded file in Submission Page" time="38.383" classname="Test Cases/UploadDiffFiles_RegisterUser/TC_As a register user, Upload MS Access database File and verify Uploded file in Submission Page" status="PASSED">
         <system-out><![CDATA[2021-02-16 17:31:44 - [TEST_CASE][PASSED] - Test Cases/UploadDiffFiles_RegisterUser/TC_As a register user, Upload MS Access database File and verify Uploded file in Submission Page: Test Cases/UploadDiffFiles_RegisterUser/TC_As a register user, Upload MS Access database File and verify Uploded file in Submission Page

2021-02-16 17:31:44 - [TEST_STEP][PASSED] - excelTestData = findTestData("Data Files/TestData/InspectTestData"): null

2021-02-16 17:31:44 - [TEST_STEP][PASSED] - rigisterUN = excelTestData.getValue(6, 23): null

2021-02-16 17:31:44 - [TEST_STEP][PASSED] - rigisterPW = excelTestData.getValue(3, 23): null

2021-02-16 17:31:44 - [TEST_STEP][PASSED] - customKeywords.commanFunctions.uploadFileOfRegisterUser(305, rigisterUN, rigisterPW): customKeywords.commanFunctions.uploadFileOfRegisterUser is PASSED

2021-02-16 17:31:45 - [MESSAGE][INFO] - Starting 'Chrome' driver

2021-02-16 17:31:45 - [MESSAGE][INFO] - Action delay is set to 0 milliseconds

2021-02-16 17:31:55 - [MESSAGE][PASSED] - Browser is opened with url: 'https://Inspect.Stage.site.sa'

2021-02-16 17:31:57 - [MESSAGE][PASSED] - Current window maximized

2021-02-16 17:31:57 - [MESSAGE][PASSED] - Wait for page load successfully

2021-02-16 17:31:57 - [MESSAGE][PASSED] - Object 'Object Repository/LoginAndRigisterUser/LoginLink' is clickable

2021-02-16 17:31:57 - [MESSAGE][INFO] - Clicked on element with JS

2021-02-16 17:31:58 - [MESSAGE][PASSED] - Keys 'Os-anelapatla@projects.site.sa' sent to object: 'Object Repository/LoginAndRigisterUser/UserName_Email_Input'

2021-02-16 17:31:59 - [MESSAGE][PASSED] - Keys 'Test@12345' sent to object: 'Object Repository/LoginAndRigisterUser/Password_Input'

2021-02-16 17:32:00 - [MESSAGE][PASSED] - Delayed 1 second(s)

2021-02-16 17:32:00 - [MESSAGE][PASSED] - Object 'Object Repository/LoginAndRigisterUser/LoginBtn' is clickable

2021-02-16 17:32:00 - [MESSAGE][INFO] - Clicked on element with JS

2021-02-16 17:32:02 - [MESSAGE][PASSED] - Keys '0' sent to object: 'Object Repository/LoginAndRigisterUser/otpOne'

2021-02-16 17:32:03 - [MESSAGE][PASSED] - Keys '0' sent to object: 'Object Repository/LoginAndRigisterUser/otpTwo'

2021-02-16 17:32:03 - [MESSAGE][PASSED] - Keys '0' sent to object: 'Object Repository/LoginAndRigisterUser/otpThree'

2021-02-16 17:32:04 - [MESSAGE][PASSED] - Keys '0' sent to object: 'Object Repository/LoginAndRigisterUser/otpFour'

2021-02-16 17:32:05 - [MESSAGE][PASSED] - Keys '0' sent to object: 'Object Repository/LoginAndRigisterUser/otpFive'

2021-02-16 17:32:05 - [MESSAGE][INFO] - Clicked on element with JS

2021-02-16 17:32:08 - [MESSAGE][PASSED] - Object: 'Object Repository/HomePage/ChooseAFile' is clicked on

2021-02-16 17:32:10 - [MESSAGE][PASSED] - Delayed 2 second(s)

2021-02-16 17:32:12 - [MESSAGE][INFO] - Image Uploaded Sucsessfully

2021-02-16 17:32:14 - [MESSAGE][PASSED] - Delayed 2 second(s)

2021-02-16 17:32:15 - [MESSAGE][PASSED] - Text 'MS Access database' is present on page 

2021-02-16 17:32:16 - [MESSAGE][PASSED] - Object: 'Object Repository/HomePage/Window7RadioBtn' is clicked on

2021-02-16 17:32:17 - [MESSAGE][PASSED] - Scroll to object 'Object Repository/HomePage/startAnalysis_EnableBtn' successfully

2021-02-16 17:32:17 - [MESSAGE][PASSED] - Object: 'Object Repository/HomePage/startAnalysis_EnableBtn' is clicked on

2021-02-16 17:32:19 - [MESSAGE][PASSED] - Object 'Object Repository/SubmissionPage/Submission_SearchIcon' is visible

2021-02-16 17:32:19 - [MESSAGE][PASSED] - Object 'Object Repository/SubmissionPage/Submission_SearchIcon' is visible

2021-02-16 17:32:20 - [MESSAGE][PASSED] - Actual object 'MS Access database.mdb' and expected object 'MS Access database.mdb' are equal

2021-02-16 17:32:20 - [MESSAGE][PASSED] - customKeywords.commanFunctions.uploadFileOfRegisterUser is PASSED

2021-02-16 17:32:20 - [TEST_STEP][PASSED] - customKeywords.commanFunctions.logOutAndcloseBrowser(): customKeywords.commanFunctions.logOutAndcloseBrowser is PASSED

2021-02-16 17:32:20 - [MESSAGE][PASSED] - Object 'Object Repository/LoginAndRigisterUser/AdminDD' is clickable

2021-02-16 17:32:20 - [MESSAGE][INFO] - Clicked on element with JS

2021-02-16 17:32:21 - [MESSAGE][INFO] - Clicked on element with JS

2021-02-16 17:32:22 - [MESSAGE][PASSED] - Delayed 1 second(s)

2021-02-16 17:32:23 - [MESSAGE][PASSED] - Browser is closed

2021-02-16 17:32:23 - [MESSAGE][PASSED] - customKeywords.commanFunctions.logOutAndcloseBrowser is PASSED]]></system-out>
         <system-err><![CDATA[]]></system-err>
      </testcase>
      <testcase name="Test Cases/UploadDiffFiles_RegisterUser/TC_As a register user, Upload MS Works File and verify Uploded file in Submission Page" time="39.784" classname="Test Cases/UploadDiffFiles_RegisterUser/TC_As a register user, Upload MS Works File and verify Uploded file in Submission Page" status="PASSED">
         <system-out><![CDATA[2021-02-16 17:32:23 - [TEST_CASE][PASSED] - Test Cases/UploadDiffFiles_RegisterUser/TC_As a register user, Upload MS Works File and verify Uploded file in Submission Page: Test Cases/UploadDiffFiles_RegisterUser/TC_As a register user, Upload MS Works File and verify Uploded file in Submission Page

2021-02-16 17:32:23 - [TEST_STEP][PASSED] - excelTestData = findTestData("Data Files/TestData/InspectTestData"): null

2021-02-16 17:32:23 - [TEST_STEP][PASSED] - rigisterUN = excelTestData.getValue(6, 23): null

2021-02-16 17:32:23 - [TEST_STEP][PASSED] - rigisterPW = excelTestData.getValue(3, 23): null

2021-02-16 17:32:23 - [TEST_STEP][PASSED] - customKeywords.commanFunctions.uploadFileOfRegisterUser(325, rigisterUN, rigisterPW): customKeywords.commanFunctions.uploadFileOfRegisterUser is PASSED

2021-02-16 17:32:23 - [MESSAGE][INFO] - Starting 'Chrome' driver

2021-02-16 17:32:23 - [MESSAGE][INFO] - Action delay is set to 0 milliseconds

2021-02-16 17:32:33 - [MESSAGE][PASSED] - Browser is opened with url: 'https://Inspect.Stage.site.sa'

2021-02-16 17:32:35 - [MESSAGE][PASSED] - Current window maximized

2021-02-16 17:32:35 - [MESSAGE][PASSED] - Wait for page load successfully

2021-02-16 17:32:36 - [MESSAGE][PASSED] - Object 'Object Repository/LoginAndRigisterUser/LoginLink' is clickable

2021-02-16 17:32:36 - [MESSAGE][INFO] - Clicked on element with JS

2021-02-16 17:32:37 - [MESSAGE][PASSED] - Keys 'Os-anelapatla@projects.site.sa' sent to object: 'Object Repository/LoginAndRigisterUser/UserName_Email_Input'

2021-02-16 17:32:37 - [MESSAGE][PASSED] - Keys 'Test@12345' sent to object: 'Object Repository/LoginAndRigisterUser/Password_Input'

2021-02-16 17:32:38 - [MESSAGE][PASSED] - Delayed 1 second(s)

2021-02-16 17:32:38 - [MESSAGE][PASSED] - Object 'Object Repository/LoginAndRigisterUser/LoginBtn' is clickable

2021-02-16 17:32:39 - [MESSAGE][INFO] - Clicked on element with JS

2021-02-16 17:32:41 - [MESSAGE][PASSED] - Keys '0' sent to object: 'Object Repository/LoginAndRigisterUser/otpOne'

2021-02-16 17:32:42 - [MESSAGE][PASSED] - Keys '0' sent to object: 'Object Repository/LoginAndRigisterUser/otpTwo'

2021-02-16 17:32:43 - [MESSAGE][PASSED] - Keys '0' sent to object: 'Object Repository/LoginAndRigisterUser/otpThree'

2021-02-16 17:32:44 - [MESSAGE][PASSED] - Keys '0' sent to object: 'Object Repository/LoginAndRigisterUser/otpFour'

2021-02-16 17:32:45 - [MESSAGE][PASSED] - Keys '0' sent to object: 'Object Repository/LoginAndRigisterUser/otpFive'

2021-02-16 17:32:45 - [MESSAGE][INFO] - Clicked on element with JS

2021-02-16 17:32:48 - [MESSAGE][PASSED] - Object: 'Object Repository/HomePage/ChooseAFile' is clicked on

2021-02-16 17:32:50 - [MESSAGE][PASSED] - Delayed 2 second(s)

2021-02-16 17:32:52 - [MESSAGE][INFO] - Image Uploaded Sucsessfully

2021-02-16 17:32:54 - [MESSAGE][PASSED] - Delayed 2 second(s)

2021-02-16 17:32:55 - [MESSAGE][PASSED] - Text 'MS Works' is present on page 

2021-02-16 17:32:56 - [MESSAGE][PASSED] - Object: 'Object Repository/HomePage/Window7RadioBtn' is clicked on

2021-02-16 17:32:57 - [MESSAGE][PASSED] - Scroll to object 'Object Repository/HomePage/startAnalysis_EnableBtn' successfully

2021-02-16 17:32:57 - [MESSAGE][PASSED] - Object: 'Object Repository/HomePage/startAnalysis_EnableBtn' is clicked on

2021-02-16 17:32:59 - [MESSAGE][PASSED] - Object 'Object Repository/SubmissionPage/Submission_SearchIcon' is visible

2021-02-16 17:32:59 - [MESSAGE][PASSED] - Object 'Object Repository/SubmissionPage/Submission_SearchIcon' is visible

2021-02-16 17:33:00 - [MESSAGE][PASSED] - Actual object 'MS Works.wks' and expected object 'MS Works.wks' are equal

2021-02-16 17:33:00 - [MESSAGE][PASSED] - customKeywords.commanFunctions.uploadFileOfRegisterUser is PASSED

2021-02-16 17:33:00 - [TEST_STEP][PASSED] - customKeywords.commanFunctions.logOutAndcloseBrowser(): customKeywords.commanFunctions.logOutAndcloseBrowser is PASSED

2021-02-16 17:33:00 - [MESSAGE][PASSED] - Object 'Object Repository/LoginAndRigisterUser/AdminDD' is clickable

2021-02-16 17:33:00 - [MESSAGE][INFO] - Clicked on element with JS

2021-02-16 17:33:01 - [MESSAGE][INFO] - Clicked on element with JS

2021-02-16 17:33:02 - [MESSAGE][PASSED] - Delayed 1 second(s)

2021-02-16 17:33:02 - [MESSAGE][PASSED] - Browser is closed

2021-02-16 17:33:02 - [MESSAGE][PASSED] - customKeywords.commanFunctions.logOutAndcloseBrowser is PASSED]]></system-out>
         <system-err><![CDATA[]]></system-err>
      </testcase>
      <testcase name="Test Cases/UploadDiffFiles_RegisterUser/TC_As a register user, Upload Multimedia File and verify Uploded file in Submission Page" time="42.056" classname="Test Cases/UploadDiffFiles_RegisterUser/TC_As a register user, Upload Multimedia File and verify Uploded file in Submission Page" status="PASSED">
         <system-out><![CDATA[2021-02-16 17:33:02 - [TEST_CASE][PASSED] - Test Cases/UploadDiffFiles_RegisterUser/TC_As a register user, Upload Multimedia File and verify Uploded file in Submission Page: Test Cases/UploadDiffFiles_RegisterUser/TC_As a register user, Upload Multimedia File and verify Uploded file in Submission Page

2021-02-16 17:33:03 - [TEST_STEP][PASSED] - excelTestData = findTestData("Data Files/TestData/InspectTestData"): null

2021-02-16 17:33:03 - [TEST_STEP][PASSED] - rigisterUN = excelTestData.getValue(2, 23): null

2021-02-16 17:33:03 - [TEST_STEP][PASSED] - rigisterPW = excelTestData.getValue(3, 23): null

2021-02-16 17:33:03 - [TEST_STEP][PASSED] - customKeywords.commanFunctions.uploadFileOfRegisterUser(280, rigisterUN, rigisterPW): customKeywords.commanFunctions.uploadFileOfRegisterUser is PASSED

2021-02-16 17:33:03 - [MESSAGE][INFO] - Starting 'Chrome' driver

2021-02-16 17:33:03 - [MESSAGE][INFO] - Action delay is set to 0 milliseconds

2021-02-16 17:33:13 - [MESSAGE][PASSED] - Browser is opened with url: 'https://Inspect.Stage.site.sa'

2021-02-16 17:33:16 - [MESSAGE][PASSED] - Current window maximized

2021-02-16 17:33:16 - [MESSAGE][PASSED] - Wait for page load successfully

2021-02-16 17:33:16 - [MESSAGE][PASSED] - Object 'Object Repository/LoginAndRigisterUser/LoginLink' is clickable

2021-02-16 17:33:16 - [MESSAGE][INFO] - Clicked on element with JS

2021-02-16 17:33:17 - [MESSAGE][PASSED] - Keys 'Os-ARahman@projects.site.sa' sent to object: 'Object Repository/LoginAndRigisterUser/UserName_Email_Input'

2021-02-16 17:33:17 - [MESSAGE][PASSED] - Keys 'Test@12345' sent to object: 'Object Repository/LoginAndRigisterUser/Password_Input'

2021-02-16 17:33:18 - [MESSAGE][PASSED] - Delayed 1 second(s)

2021-02-16 17:33:19 - [MESSAGE][PASSED] - Object 'Object Repository/LoginAndRigisterUser/LoginBtn' is clickable

2021-02-16 17:33:19 - [MESSAGE][INFO] - Clicked on element with JS

2021-02-16 17:33:21 - [MESSAGE][PASSED] - Keys '0' sent to object: 'Object Repository/LoginAndRigisterUser/otpOne'

2021-02-16 17:33:22 - [MESSAGE][PASSED] - Keys '0' sent to object: 'Object Repository/LoginAndRigisterUser/otpTwo'

2021-02-16 17:33:23 - [MESSAGE][PASSED] - Keys '0' sent to object: 'Object Repository/LoginAndRigisterUser/otpThree'

2021-02-16 17:33:24 - [MESSAGE][PASSED] - Keys '0' sent to object: 'Object Repository/LoginAndRigisterUser/otpFour'

2021-02-16 17:33:24 - [MESSAGE][PASSED] - Keys '0' sent to object: 'Object Repository/LoginAndRigisterUser/otpFive'

2021-02-16 17:33:25 - [MESSAGE][INFO] - Clicked on element with JS

2021-02-16 17:33:28 - [MESSAGE][PASSED] - Object: 'Object Repository/HomePage/ChooseAFile' is clicked on

2021-02-16 17:33:30 - [MESSAGE][PASSED] - Delayed 2 second(s)

2021-02-16 17:33:32 - [MESSAGE][INFO] - Image Uploaded Sucsessfully

2021-02-16 17:33:34 - [MESSAGE][PASSED] - Delayed 2 second(s)

2021-02-16 17:33:35 - [MESSAGE][PASSED] - Text 'Multimedia' is present on page 

2021-02-16 17:33:36 - [MESSAGE][PASSED] - Object: 'Object Repository/HomePage/Window7RadioBtn' is clicked on

2021-02-16 17:33:37 - [MESSAGE][PASSED] - Scroll to object 'Object Repository/HomePage/startAnalysis_EnableBtn' successfully

2021-02-16 17:33:39 - [MESSAGE][PASSED] - Object: 'Object Repository/HomePage/startAnalysis_EnableBtn' is clicked on

2021-02-16 17:33:41 - [MESSAGE][PASSED] - Object 'Object Repository/SubmissionPage/Submission_SearchIcon' is visible

2021-02-16 17:33:41 - [MESSAGE][PASSED] - Object 'Object Repository/SubmissionPage/Submission_SearchIcon' is visible

2021-02-16 17:33:41 - [MESSAGE][PASSED] - Actual object 'Multimedia.avi' and expected object 'Multimedia.avi' are equal

2021-02-16 17:33:41 - [MESSAGE][PASSED] - customKeywords.commanFunctions.uploadFileOfRegisterUser is PASSED

2021-02-16 17:33:41 - [TEST_STEP][PASSED] - customKeywords.commanFunctions.logOutAndcloseBrowser(): customKeywords.commanFunctions.logOutAndcloseBrowser is PASSED

2021-02-16 17:33:42 - [MESSAGE][PASSED] - Object 'Object Repository/LoginAndRigisterUser/AdminDD' is clickable

2021-02-16 17:33:42 - [MESSAGE][INFO] - Clicked on element with JS

2021-02-16 17:33:43 - [MESSAGE][INFO] - Clicked on element with JS

2021-02-16 17:33:44 - [MESSAGE][PASSED] - Delayed 1 second(s)

2021-02-16 17:33:44 - [MESSAGE][PASSED] - Browser is closed

2021-02-16 17:33:44 - [MESSAGE][PASSED] - customKeywords.commanFunctions.logOutAndcloseBrowser is PASSED]]></system-out>
         <system-err><![CDATA[]]></system-err>
      </testcase>
      <testcase name="Test Cases/UploadDiffFiles_RegisterUser/TC_As a register user, Upload PaintShop Pro File and verify Uploded file in Submission Page" time="38.67" classname="Test Cases/UploadDiffFiles_RegisterUser/TC_As a register user, Upload PaintShop Pro File and verify Uploded file in Submission Page" status="PASSED">
         <system-out><![CDATA[2021-02-16 17:33:45 - [TEST_CASE][PASSED] - Test Cases/UploadDiffFiles_RegisterUser/TC_As a register user, Upload PaintShop Pro File and verify Uploded file in Submission Page: Test Cases/UploadDiffFiles_RegisterUser/TC_As a register user, Upload PaintShop Pro File and verify Uploded file in Submission Page

2021-02-16 17:33:45 - [TEST_STEP][PASSED] - excelTestData = findTestData("Data Files/TestData/InspectTestData"): null

2021-02-16 17:33:45 - [TEST_STEP][PASSED] - rigisterUN = excelTestData.getValue(6, 23): null

2021-02-16 17:33:45 - [TEST_STEP][PASSED] - rigisterPW = excelTestData.getValue(3, 23): null

2021-02-16 17:33:45 - [TEST_STEP][PASSED] - customKeywords.commanFunctions.uploadFileOfRegisterUser(313, rigisterUN, rigisterPW): customKeywords.commanFunctions.uploadFileOfRegisterUser is PASSED

2021-02-16 17:33:45 - [MESSAGE][INFO] - Starting 'Chrome' driver

2021-02-16 17:33:45 - [MESSAGE][INFO] - Action delay is set to 0 milliseconds

2021-02-16 17:33:55 - [MESSAGE][PASSED] - Browser is opened with url: 'https://Inspect.Stage.site.sa'

2021-02-16 17:33:57 - [MESSAGE][PASSED] - Current window maximized

2021-02-16 17:33:57 - [MESSAGE][PASSED] - Wait for page load successfully

2021-02-16 17:33:58 - [MESSAGE][PASSED] - Object 'Object Repository/LoginAndRigisterUser/LoginLink' is clickable

2021-02-16 17:33:58 - [MESSAGE][INFO] - Clicked on element with JS

2021-02-16 17:33:58 - [MESSAGE][PASSED] - Keys 'Os-anelapatla@projects.site.sa' sent to object: 'Object Repository/LoginAndRigisterUser/UserName_Email_Input'

2021-02-16 17:33:59 - [MESSAGE][PASSED] - Keys 'Test@12345' sent to object: 'Object Repository/LoginAndRigisterUser/Password_Input'

2021-02-16 17:34:00 - [MESSAGE][PASSED] - Delayed 1 second(s)

2021-02-16 17:34:00 - [MESSAGE][PASSED] - Object 'Object Repository/LoginAndRigisterUser/LoginBtn' is clickable

2021-02-16 17:34:01 - [MESSAGE][INFO] - Clicked on element with JS

2021-02-16 17:34:03 - [MESSAGE][PASSED] - Keys '0' sent to object: 'Object Repository/LoginAndRigisterUser/otpOne'

2021-02-16 17:34:04 - [MESSAGE][PASSED] - Keys '0' sent to object: 'Object Repository/LoginAndRigisterUser/otpTwo'

2021-02-16 17:34:05 - [MESSAGE][PASSED] - Keys '0' sent to object: 'Object Repository/LoginAndRigisterUser/otpThree'

2021-02-16 17:34:06 - [MESSAGE][PASSED] - Keys '0' sent to object: 'Object Repository/LoginAndRigisterUser/otpFour'

2021-02-16 17:34:07 - [MESSAGE][PASSED] - Keys '0' sent to object: 'Object Repository/LoginAndRigisterUser/otpFive'

2021-02-16 17:34:07 - [MESSAGE][INFO] - Clicked on element with JS

2021-02-16 17:34:09 - [MESSAGE][PASSED] - Object: 'Object Repository/HomePage/ChooseAFile' is clicked on

2021-02-16 17:34:11 - [MESSAGE][PASSED] - Delayed 2 second(s)

2021-02-16 17:34:13 - [MESSAGE][INFO] - Image Uploaded Sucsessfully

2021-02-16 17:34:15 - [MESSAGE][PASSED] - Delayed 2 second(s)

2021-02-16 17:34:16 - [MESSAGE][PASSED] - Text 'PaintShop Pro' is present on page 

2021-02-16 17:34:16 - [MESSAGE][PASSED] - Object: 'Object Repository/HomePage/Window7RadioBtn' is clicked on

2021-02-16 17:34:17 - [MESSAGE][PASSED] - Scroll to object 'Object Repository/HomePage/startAnalysis_EnableBtn' successfully

2021-02-16 17:34:18 - [MESSAGE][PASSED] - Object: 'Object Repository/HomePage/startAnalysis_EnableBtn' is clicked on

2021-02-16 17:34:20 - [MESSAGE][PASSED] - Object 'Object Repository/SubmissionPage/Submission_SearchIcon' is visible

2021-02-16 17:34:20 - [MESSAGE][PASSED] - Object 'Object Repository/SubmissionPage/Submission_SearchIcon' is visible

2021-02-16 17:34:20 - [MESSAGE][PASSED] - Actual object 'PaintShop Pro.psp' and expected object 'PaintShop Pro.psp' are equal

2021-02-16 17:34:20 - [MESSAGE][PASSED] - customKeywords.commanFunctions.uploadFileOfRegisterUser is PASSED

2021-02-16 17:34:20 - [TEST_STEP][PASSED] - customKeywords.commanFunctions.logOutAndcloseBrowser(): customKeywords.commanFunctions.logOutAndcloseBrowser is PASSED

2021-02-16 17:34:21 - [MESSAGE][PASSED] - Object 'Object Repository/LoginAndRigisterUser/AdminDD' is clickable

2021-02-16 17:34:21 - [MESSAGE][INFO] - Clicked on element with JS

2021-02-16 17:34:22 - [MESSAGE][INFO] - Clicked on element with JS

2021-02-16 17:34:23 - [MESSAGE][PASSED] - Delayed 1 second(s)

2021-02-16 17:34:23 - [MESSAGE][PASSED] - Browser is closed

2021-02-16 17:34:23 - [MESSAGE][PASSED] - customKeywords.commanFunctions.logOutAndcloseBrowser is PASSED]]></system-out>
         <system-err><![CDATA[]]></system-err>
      </testcase>
      <testcase name="Test Cases/UploadDiffFiles_RegisterUser/TC_As a register user, Upload PC batch file File and verify Uploded file in Submission Page" time="41.133" classname="Test Cases/UploadDiffFiles_RegisterUser/TC_As a register user, Upload PC batch file File and verify Uploded file in Submission Page" status="PASSED">
         <system-out><![CDATA[2021-02-16 17:34:23 - [TEST_CASE][PASSED] - Test Cases/UploadDiffFiles_RegisterUser/TC_As a register user, Upload PC batch file File and verify Uploded file in Submission Page: Test Cases/UploadDiffFiles_RegisterUser/TC_As a register user, Upload PC batch file File and verify Uploded file in Submission Page

2021-02-16 17:34:23 - [TEST_STEP][PASSED] - excelTestData = findTestData("Data Files/TestData/InspectTestData"): null

2021-02-16 17:34:23 - [TEST_STEP][PASSED] - rigisterUN = excelTestData.getValue(2, 23): null

2021-02-16 17:34:23 - [TEST_STEP][PASSED] - rigisterPW = excelTestData.getValue(3, 23): null

2021-02-16 17:34:23 - [TEST_STEP][PASSED] - customKeywords.commanFunctions.uploadFileOfRegisterUser(268, rigisterUN, rigisterPW): customKeywords.commanFunctions.uploadFileOfRegisterUser is PASSED

2021-02-16 17:34:23 - [MESSAGE][INFO] - Starting 'Chrome' driver

2021-02-16 17:34:23 - [MESSAGE][INFO] - Action delay is set to 0 milliseconds

2021-02-16 17:34:34 - [MESSAGE][PASSED] - Browser is opened with url: 'https://Inspect.Stage.site.sa'

2021-02-16 17:34:36 - [MESSAGE][PASSED] - Current window maximized

2021-02-16 17:34:36 - [MESSAGE][PASSED] - Wait for page load successfully

2021-02-16 17:34:37 - [MESSAGE][PASSED] - Object 'Object Repository/LoginAndRigisterUser/LoginLink' is clickable

2021-02-16 17:34:37 - [MESSAGE][INFO] - Clicked on element with JS

2021-02-16 17:34:38 - [MESSAGE][PASSED] - Keys 'Os-ARahman@projects.site.sa' sent to object: 'Object Repository/LoginAndRigisterUser/UserName_Email_Input'

2021-02-16 17:34:38 - [MESSAGE][PASSED] - Keys 'Test@12345' sent to object: 'Object Repository/LoginAndRigisterUser/Password_Input'

2021-02-16 17:34:39 - [MESSAGE][PASSED] - Delayed 1 second(s)

2021-02-16 17:34:40 - [MESSAGE][PASSED] - Object 'Object Repository/LoginAndRigisterUser/LoginBtn' is clickable

2021-02-16 17:34:40 - [MESSAGE][INFO] - Clicked on element with JS

2021-02-16 17:34:42 - [MESSAGE][PASSED] - Keys '0' sent to object: 'Object Repository/LoginAndRigisterUser/otpOne'

2021-02-16 17:34:43 - [MESSAGE][PASSED] - Keys '0' sent to object: 'Object Repository/LoginAndRigisterUser/otpTwo'

2021-02-16 17:34:44 - [MESSAGE][PASSED] - Keys '0' sent to object: 'Object Repository/LoginAndRigisterUser/otpThree'

2021-02-16 17:34:45 - [MESSAGE][PASSED] - Keys '0' sent to object: 'Object Repository/LoginAndRigisterUser/otpFour'

2021-02-16 17:34:46 - [MESSAGE][PASSED] - Keys '0' sent to object: 'Object Repository/LoginAndRigisterUser/otpFive'

2021-02-16 17:34:47 - [MESSAGE][INFO] - Clicked on element with JS

2021-02-16 17:34:49 - [MESSAGE][PASSED] - Object: 'Object Repository/HomePage/ChooseAFile' is clicked on

2021-02-16 17:34:51 - [MESSAGE][PASSED] - Delayed 2 second(s)

2021-02-16 17:34:53 - [MESSAGE][INFO] - Image Uploaded Sucsessfully

2021-02-16 17:34:55 - [MESSAGE][PASSED] - Delayed 2 second(s)

2021-02-16 17:34:56 - [MESSAGE][PASSED] - Text 'PC batch file' is present on page 

2021-02-16 17:34:57 - [MESSAGE][PASSED] - Object: 'Object Repository/HomePage/Window7RadioBtn' is clicked on

2021-02-16 17:34:58 - [MESSAGE][PASSED] - Scroll to object 'Object Repository/HomePage/startAnalysis_EnableBtn' successfully

2021-02-16 17:34:59 - [MESSAGE][PASSED] - Object: 'Object Repository/HomePage/startAnalysis_EnableBtn' is clicked on

2021-02-16 17:35:01 - [MESSAGE][PASSED] - Object 'Object Repository/SubmissionPage/Submission_SearchIcon' is visible

2021-02-16 17:35:01 - [MESSAGE][PASSED] - Object 'Object Repository/SubmissionPage/Submission_SearchIcon' is visible

2021-02-16 17:35:01 - [MESSAGE][PASSED] - Actual object 'PC batch file.bat' and expected object 'PC batch file.bat' are equal

2021-02-16 17:35:01 - [MESSAGE][PASSED] - customKeywords.commanFunctions.uploadFileOfRegisterUser is PASSED

2021-02-16 17:35:01 - [TEST_STEP][PASSED] - customKeywords.commanFunctions.logOutAndcloseBrowser(): customKeywords.commanFunctions.logOutAndcloseBrowser is PASSED

2021-02-16 17:35:02 - [MESSAGE][PASSED] - Object 'Object Repository/LoginAndRigisterUser/AdminDD' is clickable

2021-02-16 17:35:02 - [MESSAGE][INFO] - Clicked on element with JS

2021-02-16 17:35:03 - [MESSAGE][INFO] - Clicked on element with JS

2021-02-16 17:35:04 - [MESSAGE][PASSED] - Delayed 1 second(s)

2021-02-16 17:35:04 - [MESSAGE][PASSED] - Browser is closed

2021-02-16 17:35:04 - [MESSAGE][PASSED] - customKeywords.commanFunctions.logOutAndcloseBrowser is PASSED]]></system-out>
         <system-err><![CDATA[]]></system-err>
      </testcase>
      <testcase name="Test Cases/UploadDiffFiles_RegisterUser/TC_As a register user, Upload PC Zip Compressed Archive File and verify Uploded file in Submission Page" time="32.588" classname="Test Cases/UploadDiffFiles_RegisterUser/TC_As a register user, Upload PC Zip Compressed Archive File and verify Uploded file in Submission Page" status="FAILED">
         <failure type="FAILED" message="Test Cases/UploadDiffFiles_RegisterUser/TC_As a register user, Upload PC Zip Compressed Archive File and verify Uploded file in Submission Page FAILED.
Reason:
com.kms.katalon.core.exception.StepFailedException: Unable to verify text 'PC Zip Compressed Archive' is present 
	at com.kms.katalon.core.webui.keyword.internal.WebUIKeywordMain.stepFailed(WebUIKeywordMain.groovy:64)
	at com.kms.katalon.core.webui.keyword.internal.WebUIKeywordMain.runKeyword(WebUIKeywordMain.groovy:26)
	at com.kms.katalon.core.webui.keyword.builtin.VerifyTextPresentKeyword.verifyTextPresent(VerifyTextPresentKeyword.groovy:83)
	at com.kms.katalon.core.webui.keyword.builtin.VerifyTextPresentKeyword.execute(VerifyTextPresentKeyword.groovy:68)
	at com.kms.katalon.core.keyword.internal.KeywordExecutor.executeKeywordForPlatform(KeywordExecutor.groovy:73)
	at com.kms.katalon.core.webui.keyword.WebUiBuiltInKeywords.verifyTextPresent(WebUiBuiltInKeywords.groovy:1720)
	at com.kms.katalon.core.webui.keyword.WebUiBuiltInKeywords$verifyTextPresent$6.call(Unknown Source)
	at customKeywords.commanFunctions.UploadReqFile(commanFunctions.groovy:282)
	at customKeywords.commanFunctions.uploadFileOfRegisterUser(commanFunctions.groovy:761)
	at customKeywords.commanFunctions.invokeMethod(commanFunctions.groovy)
	at com.kms.katalon.core.main.CustomKeywordDelegatingMetaClass.invokeStaticMethod(CustomKeywordDelegatingMetaClass.java:50)
	at TC_As a register user, Upload PC Zip Compressed Archive File and verify Uploded file in Submission Page.run(TC_As a register user, Upload PC Zip Compressed Archive File and verify Uploded file in Submission Page:16)
	at com.kms.katalon.core.main.ScriptEngine.run(ScriptEngine.java:194)
	at com.kms.katalon.core.main.ScriptEngine.runScriptAsRawText(ScriptEngine.java:119)
	at com.kms.katalon.core.main.TestCaseExecutor.runScript(TestCaseExecutor.java:394)
	at com.kms.katalon.core.main.TestCaseExecutor.doExecute(TestCaseExecutor.java:385)
	at com.kms.katalon.core.main.TestCaseExecutor.processExecutionPhase(TestCaseExecutor.java:364)
	at com.kms.katalon.core.main.TestCaseExecutor.accessMainPhase(TestCaseExecutor.java:356)
	at com.kms.katalon.core.main.TestCaseExecutor.execute(TestCaseExecutor.java:251)
	at com.kms.katalon.core.main.TestSuiteExecutor.accessTestCaseMainPhase(TestSuiteExecutor.java:203)
	at com.kms.katalon.core.main.TestSuiteExecutor.accessTestSuiteMainPhase(TestSuiteExecutor.java:152)
	at com.kms.katalon.core.main.TestSuiteExecutor.execute(TestSuiteExecutor.java:95)
	at com.kms.katalon.core.main.TestCaseMain.startTestSuite(TestCaseMain.java:157)
	at com.kms.katalon.core.main.TestCaseMain$startTestSuite$0.call(Unknown Source)
	at TempTestSuite1613476477502.run(TempTestSuite1613476477502.groovy:39)
Caused by: com.kms.katalon.core.exception.StepFailedException: Text 'PC Zip Compressed Archive' is not present on page 
	at com.kms.katalon.core.webui.keyword.internal.WebUIKeywordMain.stepFailed(WebUIKeywordMain.groovy:64)
	at com.kms.katalon.core.webui.keyword.builtin.VerifyTextPresentKeyword$_verifyTextPresent_closure1.doCall(VerifyTextPresentKeyword.groovy:79)
	at com.kms.katalon.core.webui.keyword.builtin.VerifyTextPresentKeyword$_verifyTextPresent_closure1.call(VerifyTextPresentKeyword.groovy)
	at com.kms.katalon.core.webui.keyword.internal.WebUIKeywordMain.runKeyword(WebUIKeywordMain.groovy:20)
	... 23 more
"/>
         <system-out><![CDATA[2021-02-16 17:35:04 - [TEST_CASE][FAILED] - Test Cases/UploadDiffFiles_RegisterUser/TC_As a register user, Upload PC Zip Compressed Archive File and verify Uploded file in Submission Page: Test Cases/UploadDiffFiles_RegisterUser/TC_As a register user, Upload PC Zip Compressed Archive File and verify Uploded file in Submission Page FAILED.
Reason:
com.kms.katalon.core.exception.StepFailedException: Unable to verify text 'PC Zip Compressed Archive' is present 
	at com.kms.katalon.core.webui.keyword.internal.WebUIKeywordMain.stepFailed(WebUIKeywordMain.groovy:64)
	at com.kms.katalon.core.webui.keyword.internal.WebUIKeywordMain.runKeyword(WebUIKeywordMain.groovy:26)
	at com.kms.katalon.core.webui.keyword.builtin.VerifyTextPresentKeyword.verifyTextPresent(VerifyTextPresentKeyword.groovy:83)
	at com.kms.katalon.core.webui.keyword.builtin.VerifyTextPresentKeyword.execute(VerifyTextPresentKeyword.groovy:68)
	at com.kms.katalon.core.keyword.internal.KeywordExecutor.executeKeywordForPlatform(KeywordExecutor.groovy:73)
	at com.kms.katalon.core.webui.keyword.WebUiBuiltInKeywords.verifyTextPresent(WebUiBuiltInKeywords.groovy:1720)
	at com.kms.katalon.core.webui.keyword.WebUiBuiltInKeywords$verifyTextPresent$6.call(Unknown Source)
	at customKeywords.commanFunctions.UploadReqFile(commanFunctions.groovy:282)
	at customKeywords.commanFunctions.uploadFileOfRegisterUser(commanFunctions.groovy:761)
	at customKeywords.commanFunctions.invokeMethod(commanFunctions.groovy)
	at com.kms.katalon.core.main.CustomKeywordDelegatingMetaClass.invokeStaticMethod(CustomKeywordDelegatingMetaClass.java:50)
	at TC_As a register user, Upload PC Zip Compressed Archive File and verify Uploded file in Submission Page.run(TC_As a register user, Upload PC Zip Compressed Archive File and verify Uploded file in Submission Page:16)
	at com.kms.katalon.core.main.ScriptEngine.run(ScriptEngine.java:194)
	at com.kms.katalon.core.main.ScriptEngine.runScriptAsRawText(ScriptEngine.java:119)
	at com.kms.katalon.core.main.TestCaseExecutor.runScript(TestCaseExecutor.java:394)
	at com.kms.katalon.core.main.TestCaseExecutor.doExecute(TestCaseExecutor.java:385)
	at com.kms.katalon.core.main.TestCaseExecutor.processExecutionPhase(TestCaseExecutor.java:364)
	at com.kms.katalon.core.main.TestCaseExecutor.accessMainPhase(TestCaseExecutor.java:356)
	at com.kms.katalon.core.main.TestCaseExecutor.execute(TestCaseExecutor.java:251)
	at com.kms.katalon.core.main.TestSuiteExecutor.accessTestCaseMainPhase(TestSuiteExecutor.java:203)
	at com.kms.katalon.core.main.TestSuiteExecutor.accessTestSuiteMainPhase(TestSuiteExecutor.java:152)
	at com.kms.katalon.core.main.TestSuiteExecutor.execute(TestSuiteExecutor.java:95)
	at com.kms.katalon.core.main.TestCaseMain.startTestSuite(TestCaseMain.java:157)
	at com.kms.katalon.core.main.TestCaseMain$startTestSuite$0.call(Unknown Source)
	at TempTestSuite1613476477502.run(TempTestSuite1613476477502.groovy:39)
Caused by: com.kms.katalon.core.exception.StepFailedException: Text 'PC Zip Compressed Archive' is not present on page 
	at com.kms.katalon.core.webui.keyword.internal.WebUIKeywordMain.stepFailed(WebUIKeywordMain.groovy:64)
	at com.kms.katalon.core.webui.keyword.builtin.VerifyTextPresentKeyword$_verifyTextPresent_closure1.doCall(VerifyTextPresentKeyword.groovy:79)
	at com.kms.katalon.core.webui.keyword.builtin.VerifyTextPresentKeyword$_verifyTextPresent_closure1.call(VerifyTextPresentKeyword.groovy)
	at com.kms.katalon.core.webui.keyword.internal.WebUIKeywordMain.runKeyword(WebUIKeywordMain.groovy:20)
	... 23 more


2021-02-16 17:35:04 - [TEST_STEP][PASSED] - excelTestData = findTestData("Data Files/TestData/InspectTestData"): null

2021-02-16 17:35:04 - [TEST_STEP][PASSED] - rigisterUN = excelTestData.getValue(6, 23): null

2021-02-16 17:35:04 - [TEST_STEP][PASSED] - rigisterPW = excelTestData.getValue(3, 23): null

2021-02-16 17:35:04 - [TEST_STEP][FAILED] - customKeywords.commanFunctions.uploadFileOfRegisterUser(329, rigisterUN, rigisterPW): Unable to verify text 'PC Zip Compressed Archive' is present 

2021-02-16 17:35:05 - [MESSAGE][INFO] - Starting 'Chrome' driver

2021-02-16 17:35:05 - [MESSAGE][INFO] - Action delay is set to 0 milliseconds

2021-02-16 17:35:15 - [MESSAGE][PASSED] - Browser is opened with url: 'https://Inspect.Stage.site.sa'

2021-02-16 17:35:17 - [MESSAGE][PASSED] - Current window maximized

2021-02-16 17:35:17 - [MESSAGE][PASSED] - Wait for page load successfully

2021-02-16 17:35:17 - [MESSAGE][PASSED] - Object 'Object Repository/LoginAndRigisterUser/LoginLink' is clickable

2021-02-16 17:35:18 - [MESSAGE][INFO] - Clicked on element with JS

2021-02-16 17:35:18 - [MESSAGE][PASSED] - Keys 'Os-anelapatla@projects.site.sa' sent to object: 'Object Repository/LoginAndRigisterUser/UserName_Email_Input'

2021-02-16 17:35:19 - [MESSAGE][PASSED] - Keys 'Test@12345' sent to object: 'Object Repository/LoginAndRigisterUser/Password_Input'

2021-02-16 17:35:20 - [MESSAGE][PASSED] - Delayed 1 second(s)

2021-02-16 17:35:20 - [MESSAGE][PASSED] - Object 'Object Repository/LoginAndRigisterUser/LoginBtn' is clickable

2021-02-16 17:35:20 - [MESSAGE][INFO] - Clicked on element with JS

2021-02-16 17:35:23 - [MESSAGE][PASSED] - Keys '0' sent to object: 'Object Repository/LoginAndRigisterUser/otpOne'

2021-02-16 17:35:24 - [MESSAGE][PASSED] - Keys '0' sent to object: 'Object Repository/LoginAndRigisterUser/otpTwo'

2021-02-16 17:35:25 - [MESSAGE][PASSED] - Keys '0' sent to object: 'Object Repository/LoginAndRigisterUser/otpThree'

2021-02-16 17:35:26 - [MESSAGE][PASSED] - Keys '0' sent to object: 'Object Repository/LoginAndRigisterUser/otpFour'

2021-02-16 17:35:27 - [MESSAGE][PASSED] - Keys '0' sent to object: 'Object Repository/LoginAndRigisterUser/otpFive'

2021-02-16 17:35:27 - [MESSAGE][INFO] - Clicked on element with JS

2021-02-16 17:35:29 - [MESSAGE][PASSED] - Object: 'Object Repository/HomePage/ChooseAFile' is clicked on

2021-02-16 17:35:31 - [MESSAGE][PASSED] - Delayed 2 second(s)

2021-02-16 17:35:33 - [MESSAGE][INFO] - Image Uploaded Sucsessfully

2021-02-16 17:35:35 - [MESSAGE][PASSED] - Delayed 2 second(s)

2021-02-16 17:35:36 - [MESSAGE][FAILED] - Text 'PC Zip Compressed Archive' is not present on page  (Root cause: com.kms.katalon.core.exception.StepFailedException: Text 'PC Zip Compressed Archive' is not present on page 
	at com.kms.katalon.core.webui.keyword.internal.WebUIKeywordMain.stepFailed(WebUIKeywordMain.groovy:64)
	at com.kms.katalon.core.webui.keyword.builtin.VerifyTextPresentKeyword$_verifyTextPresent_closure1.doCall(VerifyTextPresentKeyword.groovy:79)
	at com.kms.katalon.core.webui.keyword.builtin.VerifyTextPresentKeyword$_verifyTextPresent_closure1.call(VerifyTextPresentKeyword.groovy)
	at com.kms.katalon.core.webui.keyword.internal.WebUIKeywordMain.runKeyword(WebUIKeywordMain.groovy:20)
	at com.kms.katalon.core.webui.keyword.builtin.VerifyTextPresentKeyword.verifyTextPresent(VerifyTextPresentKeyword.groovy:83)
	at com.kms.katalon.core.webui.keyword.builtin.VerifyTextPresentKeyword.execute(VerifyTextPresentKeyword.groovy:68)
	at com.kms.katalon.core.keyword.internal.KeywordExecutor.executeKeywordForPlatform(KeywordExecutor.groovy:73)
	at com.kms.katalon.core.webui.keyword.WebUiBuiltInKeywords.verifyTextPresent(WebUiBuiltInKeywords.groovy:1720)
	at com.kms.katalon.core.webui.keyword.WebUiBuiltInKeywords$verifyTextPresent$6.call(Unknown Source)
	at customKeywords.commanFunctions.UploadReqFile(commanFunctions.groovy:282)
	at customKeywords.commanFunctions.uploadFileOfRegisterUser(commanFunctions.groovy:761)
	at customKeywords.commanFunctions.invokeMethod(commanFunctions.groovy)
	at com.kms.katalon.core.main.CustomKeywordDelegatingMetaClass.invokeStaticMethod(CustomKeywordDelegatingMetaClass.java:50)
	at TC_As a register user, Upload PC Zip Compressed Archive File and verify Uploded file in Submission Page.run(TC_As a register user, Upload PC Zip Compressed Archive File and verify Uploded file in Submission Page:16)
	at com.kms.katalon.core.main.ScriptEngine.run(ScriptEngine.java:194)
	at com.kms.katalon.core.main.ScriptEngine.runScriptAsRawText(ScriptEngine.java:119)
	at com.kms.katalon.core.main.TestCaseExecutor.runScript(TestCaseExecutor.java:394)
	at com.kms.katalon.core.main.TestCaseExecutor.doExecute(TestCaseExecutor.java:385)
	at com.kms.katalon.core.main.TestCaseExecutor.processExecutionPhase(TestCaseExecutor.java:364)
	at com.kms.katalon.core.main.TestCaseExecutor.accessMainPhase(TestCaseExecutor.java:356)
	at com.kms.katalon.core.main.TestCaseExecutor.execute(TestCaseExecutor.java:251)
	at com.kms.katalon.core.main.TestSuiteExecutor.accessTestCaseMainPhase(TestSuiteExecutor.java:203)
	at com.kms.katalon.core.main.TestSuiteExecutor.accessTestSuiteMainPhase(TestSuiteExecutor.java:152)
	at com.kms.katalon.core.main.TestSuiteExecutor.execute(TestSuiteExecutor.java:95)
	at com.kms.katalon.core.main.TestCaseMain.startTestSuite(TestCaseMain.java:157)
	at com.kms.katalon.core.main.TestCaseMain$startTestSuite$0.call(Unknown Source)
	at TempTestSuite1613476477502.run(TempTestSuite1613476477502.groovy:39)
)

2021-02-16 17:35:36 - [MESSAGE][FAILED] - Unable to verify text 'PC Zip Compressed Archive' is present  (Root cause: com.kms.katalon.core.exception.StepFailedException: Unable to verify text 'PC Zip Compressed Archive' is present 
	at com.kms.katalon.core.webui.keyword.internal.WebUIKeywordMain.stepFailed(WebUIKeywordMain.groovy:64)
	at com.kms.katalon.core.webui.keyword.internal.WebUIKeywordMain.runKeyword(WebUIKeywordMain.groovy:26)
	at com.kms.katalon.core.webui.keyword.builtin.VerifyTextPresentKeyword.verifyTextPresent(VerifyTextPresentKeyword.groovy:83)
	at com.kms.katalon.core.webui.keyword.builtin.VerifyTextPresentKeyword.execute(VerifyTextPresentKeyword.groovy:68)
	at com.kms.katalon.core.keyword.internal.KeywordExecutor.executeKeywordForPlatform(KeywordExecutor.groovy:73)
	at com.kms.katalon.core.webui.keyword.WebUiBuiltInKeywords.verifyTextPresent(WebUiBuiltInKeywords.groovy:1720)
	at com.kms.katalon.core.webui.keyword.WebUiBuiltInKeywords$verifyTextPresent$6.call(Unknown Source)
	at customKeywords.commanFunctions.UploadReqFile(commanFunctions.groovy:282)
	at customKeywords.commanFunctions.uploadFileOfRegisterUser(commanFunctions.groovy:761)
	at customKeywords.commanFunctions.invokeMethod(commanFunctions.groovy)
	at com.kms.katalon.core.main.CustomKeywordDelegatingMetaClass.invokeStaticMethod(CustomKeywordDelegatingMetaClass.java:50)
	at TC_As a register user, Upload PC Zip Compressed Archive File and verify Uploded file in Submission Page.run(TC_As a register user, Upload PC Zip Compressed Archive File and verify Uploded file in Submission Page:16)
	at com.kms.katalon.core.main.ScriptEngine.run(ScriptEngine.java:194)
	at com.kms.katalon.core.main.ScriptEngine.runScriptAsRawText(ScriptEngine.java:119)
	at com.kms.katalon.core.main.TestCaseExecutor.runScript(TestCaseExecutor.java:394)
	at com.kms.katalon.core.main.TestCaseExecutor.doExecute(TestCaseExecutor.java:385)
	at com.kms.katalon.core.main.TestCaseExecutor.processExecutionPhase(TestCaseExecutor.java:364)
	at com.kms.katalon.core.main.TestCaseExecutor.accessMainPhase(TestCaseExecutor.java:356)
	at com.kms.katalon.core.main.TestCaseExecutor.execute(TestCaseExecutor.java:251)
	at com.kms.katalon.core.main.TestSuiteExecutor.accessTestCaseMainPhase(TestSuiteExecutor.java:203)
	at com.kms.katalon.core.main.TestSuiteExecutor.accessTestSuiteMainPhase(TestSuiteExecutor.java:152)
	at com.kms.katalon.core.main.TestSuiteExecutor.execute(TestSuiteExecutor.java:95)
	at com.kms.katalon.core.main.TestCaseMain.startTestSuite(TestCaseMain.java:157)
	at com.kms.katalon.core.main.TestCaseMain$startTestSuite$0.call(Unknown Source)
	at TempTestSuite1613476477502.run(TempTestSuite1613476477502.groovy:39)
Caused by: com.kms.katalon.core.exception.StepFailedException: Text 'PC Zip Compressed Archive' is not present on page 
	at com.kms.katalon.core.webui.keyword.internal.WebUIKeywordMain.stepFailed(WebUIKeywordMain.groovy:64)
	at com.kms.katalon.core.webui.keyword.builtin.VerifyTextPresentKeyword$_verifyTextPresent_closure1.doCall(VerifyTextPresentKeyword.groovy:79)
	at com.kms.katalon.core.webui.keyword.builtin.VerifyTextPresentKeyword$_verifyTextPresent_closure1.call(VerifyTextPresentKeyword.groovy)
	at com.kms.katalon.core.webui.keyword.internal.WebUIKeywordMain.runKeyword(WebUIKeywordMain.groovy:20)
	... 23 more
)
[[ATTACHMENT|E:\\Inspect\\15022021\\SiteInspectAutomation\\Reports\\20210216_172436\\Regression_Suite\\RegisterUser_Suite\\RegisterUser_Regression\\20210216_172437\\1613477136229.png]]

2021-02-16 17:35:36 - [MESSAGE][FAILED] - Unable to verify text 'PC Zip Compressed Archive' is present 

2021-02-16 17:35:36 - [TEST_STEP][PASSED] - Start tear down : tearDownMethodIfFailed: Method 'tearDownMethodIfFailed' complete successfully

2021-02-16 17:35:36 - [TEST_STEP][PASSED] - customKeywords.commanFunctions.onlyCloseBrowser(): customKeywords.commanFunctions.onlyCloseBrowser is PASSED

2021-02-16 17:35:37 - [MESSAGE][PASSED] - Browser is closed

2021-02-16 17:35:37 - [MESSAGE][PASSED] - customKeywords.commanFunctions.onlyCloseBrowser is PASSED

2021-02-16 17:35:37 - [TEST_STEP][PASSED] - logInfo("[--------This is tearDownIfFailed method------]"): [--------This is tearDownIfFailed method------]

2021-02-16 17:35:37 - [MESSAGE][INFO] - [--------This is tearDownIfFailed method------]

2021-02-16 17:35:37 - [MESSAGE][PASSED] - Method 'tearDownMethodIfFailed' complete successfully]]></system-out>
         <system-err><![CDATA[2021-02-16 17:35:04 - [TEST_CASE][FAILED] - Test Cases/UploadDiffFiles_RegisterUser/TC_As a register user, Upload PC Zip Compressed Archive File and verify Uploded file in Submission Page: Test Cases/UploadDiffFiles_RegisterUser/TC_As a register user, Upload PC Zip Compressed Archive File and verify Uploded file in Submission Page FAILED.
Reason:
com.kms.katalon.core.exception.StepFailedException: Unable to verify text 'PC Zip Compressed Archive' is present 
	at com.kms.katalon.core.webui.keyword.internal.WebUIKeywordMain.stepFailed(WebUIKeywordMain.groovy:64)
	at com.kms.katalon.core.webui.keyword.internal.WebUIKeywordMain.runKeyword(WebUIKeywordMain.groovy:26)
	at com.kms.katalon.core.webui.keyword.builtin.VerifyTextPresentKeyword.verifyTextPresent(VerifyTextPresentKeyword.groovy:83)
	at com.kms.katalon.core.webui.keyword.builtin.VerifyTextPresentKeyword.execute(VerifyTextPresentKeyword.groovy:68)
	at com.kms.katalon.core.keyword.internal.KeywordExecutor.executeKeywordForPlatform(KeywordExecutor.groovy:73)
	at com.kms.katalon.core.webui.keyword.WebUiBuiltInKeywords.verifyTextPresent(WebUiBuiltInKeywords.groovy:1720)
	at com.kms.katalon.core.webui.keyword.WebUiBuiltInKeywords$verifyTextPresent$6.call(Unknown Source)
	at customKeywords.commanFunctions.UploadReqFile(commanFunctions.groovy:282)
	at customKeywords.commanFunctions.uploadFileOfRegisterUser(commanFunctions.groovy:761)
	at customKeywords.commanFunctions.invokeMethod(commanFunctions.groovy)
	at com.kms.katalon.core.main.CustomKeywordDelegatingMetaClass.invokeStaticMethod(CustomKeywordDelegatingMetaClass.java:50)
	at TC_As a register user, Upload PC Zip Compressed Archive File and verify Uploded file in Submission Page.run(TC_As a register user, Upload PC Zip Compressed Archive File and verify Uploded file in Submission Page:16)
	at com.kms.katalon.core.main.ScriptEngine.run(ScriptEngine.java:194)
	at com.kms.katalon.core.main.ScriptEngine.runScriptAsRawText(ScriptEngine.java:119)
	at com.kms.katalon.core.main.TestCaseExecutor.runScript(TestCaseExecutor.java:394)
	at com.kms.katalon.core.main.TestCaseExecutor.doExecute(TestCaseExecutor.java:385)
	at com.kms.katalon.core.main.TestCaseExecutor.processExecutionPhase(TestCaseExecutor.java:364)
	at com.kms.katalon.core.main.TestCaseExecutor.accessMainPhase(TestCaseExecutor.java:356)
	at com.kms.katalon.core.main.TestCaseExecutor.execute(TestCaseExecutor.java:251)
	at com.kms.katalon.core.main.TestSuiteExecutor.accessTestCaseMainPhase(TestSuiteExecutor.java:203)
	at com.kms.katalon.core.main.TestSuiteExecutor.accessTestSuiteMainPhase(TestSuiteExecutor.java:152)
	at com.kms.katalon.core.main.TestSuiteExecutor.execute(TestSuiteExecutor.java:95)
	at com.kms.katalon.core.main.TestCaseMain.startTestSuite(TestCaseMain.java:157)
	at com.kms.katalon.core.main.TestCaseMain$startTestSuite$0.call(Unknown Source)
	at TempTestSuite1613476477502.run(TempTestSuite1613476477502.groovy:39)
Caused by: com.kms.katalon.core.exception.StepFailedException: Text 'PC Zip Compressed Archive' is not present on page 
	at com.kms.katalon.core.webui.keyword.internal.WebUIKeywordMain.stepFailed(WebUIKeywordMain.groovy:64)
	at com.kms.katalon.core.webui.keyword.builtin.VerifyTextPresentKeyword$_verifyTextPresent_closure1.doCall(VerifyTextPresentKeyword.groovy:79)
	at com.kms.katalon.core.webui.keyword.builtin.VerifyTextPresentKeyword$_verifyTextPresent_closure1.call(VerifyTextPresentKeyword.groovy)
	at com.kms.katalon.core.webui.keyword.internal.WebUIKeywordMain.runKeyword(WebUIKeywordMain.groovy:20)
	... 23 more]]></system-err>
      </testcase>
      <testcase name="Test Cases/UploadDiffFiles_RegisterUser/TC_As a register user, Upload PDF File and verify Uploded file in Submission Page" time="39.091" classname="Test Cases/UploadDiffFiles_RegisterUser/TC_As a register user, Upload PDF File and verify Uploded file in Submission Page" status="PASSED">
         <system-out><![CDATA[2021-02-16 17:35:37 - [TEST_CASE][PASSED] - Test Cases/UploadDiffFiles_RegisterUser/TC_As a register user, Upload PDF File and verify Uploded file in Submission Page: Test Cases/UploadDiffFiles_RegisterUser/TC_As a register user, Upload PDF File and verify Uploded file in Submission Page

2021-02-16 17:35:37 - [TEST_STEP][PASSED] - excelTestData = findTestData("Data Files/TestData/InspectTestData"): null

2021-02-16 17:35:37 - [TEST_STEP][PASSED] - rigisterUN = excelTestData.getValue(6, 23): null

2021-02-16 17:35:37 - [TEST_STEP][PASSED] - rigisterPW = excelTestData.getValue(3, 23): null

2021-02-16 17:35:37 - [TEST_STEP][PASSED] - customKeywords.commanFunctions.uploadFileOfRegisterUser(220, rigisterUN, rigisterPW): customKeywords.commanFunctions.uploadFileOfRegisterUser is PASSED

2021-02-16 17:35:37 - [MESSAGE][INFO] - Starting 'Chrome' driver

2021-02-16 17:35:37 - [MESSAGE][INFO] - Action delay is set to 0 milliseconds

2021-02-16 17:35:48 - [MESSAGE][PASSED] - Browser is opened with url: 'https://Inspect.Stage.site.sa'

2021-02-16 17:35:51 - [MESSAGE][PASSED] - Current window maximized

2021-02-16 17:35:51 - [MESSAGE][PASSED] - Wait for page load successfully

2021-02-16 17:35:51 - [MESSAGE][PASSED] - Object 'Object Repository/LoginAndRigisterUser/LoginLink' is clickable

2021-02-16 17:35:51 - [MESSAGE][INFO] - Clicked on element with JS

2021-02-16 17:35:52 - [MESSAGE][PASSED] - Keys 'Os-anelapatla@projects.site.sa' sent to object: 'Object Repository/LoginAndRigisterUser/UserName_Email_Input'

2021-02-16 17:35:52 - [MESSAGE][PASSED] - Keys 'Test@12345' sent to object: 'Object Repository/LoginAndRigisterUser/Password_Input'

2021-02-16 17:35:54 - [MESSAGE][PASSED] - Delayed 1 second(s)

2021-02-16 17:35:54 - [MESSAGE][PASSED] - Object 'Object Repository/LoginAndRigisterUser/LoginBtn' is clickable

2021-02-16 17:35:54 - [MESSAGE][INFO] - Clicked on element with JS

2021-02-16 17:35:56 - [MESSAGE][PASSED] - Keys '0' sent to object: 'Object Repository/LoginAndRigisterUser/otpOne'

2021-02-16 17:35:57 - [MESSAGE][PASSED] - Keys '0' sent to object: 'Object Repository/LoginAndRigisterUser/otpTwo'

2021-02-16 17:35:57 - [MESSAGE][PASSED] - Keys '0' sent to object: 'Object Repository/LoginAndRigisterUser/otpThree'

2021-02-16 17:35:58 - [MESSAGE][PASSED] - Keys '0' sent to object: 'Object Repository/LoginAndRigisterUser/otpFour'

2021-02-16 17:35:59 - [MESSAGE][PASSED] - Keys '0' sent to object: 'Object Repository/LoginAndRigisterUser/otpFive'

2021-02-16 17:35:59 - [MESSAGE][INFO] - Clicked on element with JS

2021-02-16 17:36:02 - [MESSAGE][PASSED] - Object: 'Object Repository/HomePage/ChooseAFile' is clicked on

2021-02-16 17:36:04 - [MESSAGE][PASSED] - Delayed 2 second(s)

2021-02-16 17:36:06 - [MESSAGE][INFO] - Image Uploaded Sucsessfully

2021-02-16 17:36:08 - [MESSAGE][PASSED] - Delayed 2 second(s)

2021-02-16 17:36:08 - [MESSAGE][PASSED] - Text 'SampleTestPDF' is present on page 

2021-02-16 17:36:09 - [MESSAGE][PASSED] - Object: 'Object Repository/HomePage/Window7RadioBtn' is clicked on

2021-02-16 17:36:10 - [MESSAGE][PASSED] - Scroll to object 'Object Repository/HomePage/startAnalysis_EnableBtn' successfully

2021-02-16 17:36:11 - [MESSAGE][PASSED] - Object: 'Object Repository/HomePage/startAnalysis_EnableBtn' is clicked on

2021-02-16 17:36:12 - [MESSAGE][PASSED] - Object 'Object Repository/SubmissionPage/Submission_SearchIcon' is visible

2021-02-16 17:36:13 - [MESSAGE][PASSED] - Object 'Object Repository/SubmissionPage/Submission_SearchIcon' is visible

2021-02-16 17:36:13 - [MESSAGE][PASSED] - Actual object 'SampleTestPDF.pdf' and expected object 'SampleTestPDF.pdf' are equal

2021-02-16 17:36:13 - [MESSAGE][PASSED] - customKeywords.commanFunctions.uploadFileOfRegisterUser is PASSED

2021-02-16 17:36:13 - [TEST_STEP][PASSED] - customKeywords.commanFunctions.logOutAndcloseBrowser(): customKeywords.commanFunctions.logOutAndcloseBrowser is PASSED

2021-02-16 17:36:13 - [MESSAGE][PASSED] - Object 'Object Repository/LoginAndRigisterUser/AdminDD' is clickable

2021-02-16 17:36:14 - [MESSAGE][INFO] - Clicked on element with JS

2021-02-16 17:36:14 - [MESSAGE][INFO] - Clicked on element with JS

2021-02-16 17:36:15 - [MESSAGE][PASSED] - Delayed 1 second(s)

2021-02-16 17:36:16 - [MESSAGE][PASSED] - Browser is closed

2021-02-16 17:36:16 - [MESSAGE][PASSED] - customKeywords.commanFunctions.logOutAndcloseBrowser is PASSED]]></system-out>
         <system-err><![CDATA[]]></system-err>
      </testcase>
      <testcase name="Test Cases/UploadDiffFiles_RegisterUser/TC_As a register user, Upload PNG File and verify Uploded file in Submission Page" time="108.43" classname="Test Cases/UploadDiffFiles_RegisterUser/TC_As a register user, Upload PNG File and verify Uploded file in Submission Page" status="PASSED">
         <system-out><![CDATA[2021-02-16 17:36:16 - [TEST_CASE][PASSED] - Test Cases/UploadDiffFiles_RegisterUser/TC_As a register user, Upload PNG File and verify Uploded file in Submission Page: Test Cases/UploadDiffFiles_RegisterUser/TC_As a register user, Upload PNG File and verify Uploded file in Submission Page

2021-02-16 17:36:16 - [TEST_STEP][PASSED] - excelTestData = findTestData("Data Files/TestData/InspectTestData"): null

2021-02-16 17:36:16 - [TEST_STEP][PASSED] - userEmail = excelTestData.getValue(2, 23): null

2021-02-16 17:36:16 - [TEST_STEP][PASSED] - customKeywords.commanFunctions.uploadFileOfPublicUser(216, userEmail): customKeywords.commanFunctions.uploadFileOfPublicUser is PASSED

2021-02-16 17:36:16 - [MESSAGE][INFO] - Starting 'Chrome' driver

2021-02-16 17:36:16 - [MESSAGE][INFO] - Action delay is set to 0 milliseconds

2021-02-16 17:36:27 - [MESSAGE][PASSED] - Browser is opened with url: 'https://Inspect.Stage.site.sa'

2021-02-16 17:36:29 - [MESSAGE][PASSED] - Current window maximized

2021-02-16 17:36:29 - [MESSAGE][PASSED] - Wait for page load successfully

2021-02-16 17:36:30 - [MESSAGE][PASSED] - Object: 'Object Repository/HomePage/ChooseAFile' is clicked on

2021-02-16 17:36:32 - [MESSAGE][PASSED] - Delayed 2 second(s)

2021-02-16 17:36:34 - [MESSAGE][INFO] - Image Uploaded Sucsessfully

2021-02-16 17:36:36 - [MESSAGE][PASSED] - Delayed 2 second(s)

2021-02-16 17:36:36 - [MESSAGE][PASSED] - Text 'SamplePNGImage' is present on page 

2021-02-16 17:36:36 - [MESSAGE][PASSED] - Keys 'Os-ARahman@projects.site.sa' sent to object: 'Object Repository/PublicUserHomePage/email_Input'

2021-02-16 17:36:37 - [MESSAGE][PASSED] - Object: 'Object Repository/PublicUserHomePage/SiteInspectTermsOfUse_CheckBox' is clicked on

2021-02-16 17:36:37 - [MESSAGE][PASSED] - Object: 'Object Repository/HomePage/startAnalysis_EnableBtn' is clicked on

2021-02-16 17:36:39 - [MESSAGE][PASSED] - Text 'Your submission was successful
The analysis results will be delivered to you via email' is present on page 

2021-02-16 17:36:39 - [MESSAGE][PASSED] - customKeywords.commanFunctions.uploadFileOfPublicUser is PASSED

2021-02-16 17:36:39 - [TEST_STEP][PASSED] - customKeywords.commanFunctions.logOutAndcloseBrowser(): customKeywords.commanFunctions.logOutAndcloseBrowser is PASSED

2021-02-16 17:37:00 - [MESSAGE][INFO] - Unable to find the element located by 'By.xpath: //*[@class='ant-dropdown-trigger ant-dropdown-link']'. Please recheck the objects properties to make sure the desired element is located. 

2021-02-16 17:37:00 - [MESSAGE][WARNING] - [SELF-HEALING] Failed to find element with id 'Object Repository/LoginAndRigisterUser/AdminDD'. Try using Self-healing.

2021-02-16 17:37:00 - [MESSAGE][WARNING] - [SELF-HEALING] Cannot find elements when the XPath is null.

2021-02-16 17:37:00 - [MESSAGE][WARNING] - [SELF-HEALING] Cannot find elements when the selector is null

2021-02-16 17:37:00 - [MESSAGE][WARNING] - Web element with id: 'Object Repository/LoginAndRigisterUser/AdminDD' located by '//*[@class='ant-dropdown-trigger ant-dropdown-link']' not found

2021-02-16 17:37:32 - [MESSAGE][INFO] - Unable to find the element located by 'By.xpath: //*[@class='ant-dropdown-trigger ant-dropdown-link']'. Please recheck the objects properties to make sure the desired element is located. 

2021-02-16 17:37:32 - [MESSAGE][WARNING] - [SELF-HEALING] Failed to find element with id 'Object Repository/LoginAndRigisterUser/AdminDD'. Try using Self-healing.

2021-02-16 17:37:32 - [MESSAGE][WARNING] - [SELF-HEALING] Cannot find elements when the XPath is null.

2021-02-16 17:37:32 - [MESSAGE][WARNING] - [SELF-HEALING] Cannot find elements when the selector is null

2021-02-16 17:37:32 - [MESSAGE][INFO] - Exception while clicking on element with JSWeb element with id: 'Object Repository/LoginAndRigisterUser/AdminDD' located by '//*[@class='ant-dropdown-trigger ant-dropdown-link']' not found

2021-02-16 17:38:03 - [MESSAGE][INFO] - Unable to find the element located by 'By.xpath: //li[contains(text(),'Logout')]'. Please recheck the objects properties to make sure the desired element is located. 

2021-02-16 17:38:03 - [MESSAGE][WARNING] - [SELF-HEALING] Failed to find element with id 'Object Repository/LoginAndRigisterUser/Logout'. Try using Self-healing.

2021-02-16 17:38:03 - [MESSAGE][WARNING] - [SELF-HEALING] Cannot find elements when the XPath is null.

2021-02-16 17:38:03 - [MESSAGE][WARNING] - [SELF-HEALING] Cannot find elements when the selector is null

2021-02-16 17:38:03 - [MESSAGE][INFO] - Exception while clicking on element with JSWeb element with id: 'Object Repository/LoginAndRigisterUser/Logout' located by '//li[contains(text(),'Logout')]' not found

2021-02-16 17:38:04 - [MESSAGE][PASSED] - Delayed 1 second(s)

2021-02-16 17:38:04 - [MESSAGE][PASSED] - Browser is closed

2021-02-16 17:38:04 - [MESSAGE][PASSED] - customKeywords.commanFunctions.logOutAndcloseBrowser is PASSED]]></system-out>
         <system-err><![CDATA[]]></system-err>
      </testcase>
      <testcase name="Test Cases/UploadDiffFiles_RegisterUser/TC_As a register user, Upload PowerPoint File and verify Uploded file in Submission Page" time="38.221" classname="Test Cases/UploadDiffFiles_RegisterUser/TC_As a register user, Upload PowerPoint File and verify Uploded file in Submission Page" status="PASSED">
         <system-out><![CDATA[2021-02-16 17:38:04 - [TEST_CASE][PASSED] - Test Cases/UploadDiffFiles_RegisterUser/TC_As a register user, Upload PowerPoint File and verify Uploded file in Submission Page: Test Cases/UploadDiffFiles_RegisterUser/TC_As a register user, Upload PowerPoint File and verify Uploded file in Submission Page

2021-02-16 17:38:05 - [TEST_STEP][PASSED] - excelTestData = findTestData("Data Files/TestData/InspectTestData"): null

2021-02-16 17:38:05 - [TEST_STEP][PASSED] - rigisterUN = excelTestData.getValue(6, 23): null

2021-02-16 17:38:05 - [TEST_STEP][PASSED] - rigisterPW = excelTestData.getValue(3, 23): null

2021-02-16 17:38:05 - [TEST_STEP][PASSED] - customKeywords.commanFunctions.uploadFileOfRegisterUser(200, rigisterUN, rigisterPW): customKeywords.commanFunctions.uploadFileOfRegisterUser is PASSED

2021-02-16 17:38:05 - [MESSAGE][INFO] - Starting 'Chrome' driver

2021-02-16 17:38:05 - [MESSAGE][INFO] - Action delay is set to 0 milliseconds

2021-02-16 17:38:15 - [MESSAGE][PASSED] - Browser is opened with url: 'https://Inspect.Stage.site.sa'

2021-02-16 17:38:17 - [MESSAGE][PASSED] - Current window maximized

2021-02-16 17:38:17 - [MESSAGE][PASSED] - Wait for page load successfully

2021-02-16 17:38:18 - [MESSAGE][PASSED] - Object 'Object Repository/LoginAndRigisterUser/LoginLink' is clickable

2021-02-16 17:38:18 - [MESSAGE][INFO] - Clicked on element with JS

2021-02-16 17:38:19 - [MESSAGE][PASSED] - Keys 'Os-anelapatla@projects.site.sa' sent to object: 'Object Repository/LoginAndRigisterUser/UserName_Email_Input'

2021-02-16 17:38:19 - [MESSAGE][PASSED] - Keys 'Test@12345' sent to object: 'Object Repository/LoginAndRigisterUser/Password_Input'

2021-02-16 17:38:20 - [MESSAGE][PASSED] - Delayed 1 second(s)

2021-02-16 17:38:20 - [MESSAGE][PASSED] - Object 'Object Repository/LoginAndRigisterUser/LoginBtn' is clickable

2021-02-16 17:38:21 - [MESSAGE][INFO] - Clicked on element with JS

2021-02-16 17:38:23 - [MESSAGE][PASSED] - Keys '0' sent to object: 'Object Repository/LoginAndRigisterUser/otpOne'

2021-02-16 17:38:23 - [MESSAGE][PASSED] - Keys '0' sent to object: 'Object Repository/LoginAndRigisterUser/otpTwo'

2021-02-16 17:38:24 - [MESSAGE][PASSED] - Keys '0' sent to object: 'Object Repository/LoginAndRigisterUser/otpThree'

2021-02-16 17:38:25 - [MESSAGE][PASSED] - Keys '0' sent to object: 'Object Repository/LoginAndRigisterUser/otpFour'

2021-02-16 17:38:25 - [MESSAGE][PASSED] - Keys '0' sent to object: 'Object Repository/LoginAndRigisterUser/otpFive'

2021-02-16 17:38:26 - [MESSAGE][INFO] - Clicked on element with JS

2021-02-16 17:38:28 - [MESSAGE][PASSED] - Object: 'Object Repository/HomePage/ChooseAFile' is clicked on

2021-02-16 17:38:30 - [MESSAGE][PASSED] - Delayed 2 second(s)

2021-02-16 17:38:32 - [MESSAGE][INFO] - Image Uploaded Sucsessfully

2021-02-16 17:38:34 - [MESSAGE][PASSED] - Delayed 2 second(s)

2021-02-16 17:38:35 - [MESSAGE][PASSED] - Text 'POwerPoint' is present on page 

2021-02-16 17:38:35 - [MESSAGE][PASSED] - Object: 'Object Repository/HomePage/Window7RadioBtn' is clicked on

2021-02-16 17:38:36 - [MESSAGE][PASSED] - Scroll to object 'Object Repository/HomePage/startAnalysis_EnableBtn' successfully

2021-02-16 17:38:37 - [MESSAGE][PASSED] - Object: 'Object Repository/HomePage/startAnalysis_EnableBtn' is clicked on

2021-02-16 17:38:39 - [MESSAGE][PASSED] - Object 'Object Repository/SubmissionPage/Submission_SearchIcon' is visible

2021-02-16 17:38:39 - [MESSAGE][PASSED] - Object 'Object Repository/SubmissionPage/Submission_SearchIcon' is visible

2021-02-16 17:38:40 - [MESSAGE][PASSED] - Actual object 'POwerPoint.pptx' and expected object 'POwerPoint.pptx' are equal

2021-02-16 17:38:40 - [MESSAGE][PASSED] - customKeywords.commanFunctions.uploadFileOfRegisterUser is PASSED

2021-02-16 17:38:40 - [TEST_STEP][PASSED] - customKeywords.commanFunctions.logOutAndcloseBrowser(): customKeywords.commanFunctions.logOutAndcloseBrowser is PASSED

2021-02-16 17:38:40 - [MESSAGE][PASSED] - Object 'Object Repository/LoginAndRigisterUser/AdminDD' is clickable

2021-02-16 17:38:40 - [MESSAGE][INFO] - Clicked on element with JS

2021-02-16 17:38:41 - [MESSAGE][INFO] - Clicked on element with JS

2021-02-16 17:38:42 - [MESSAGE][PASSED] - Delayed 1 second(s)

2021-02-16 17:38:43 - [MESSAGE][PASSED] - Browser is closed

2021-02-16 17:38:43 - [MESSAGE][PASSED] - customKeywords.commanFunctions.logOutAndcloseBrowser is PASSED]]></system-out>
         <system-err><![CDATA[]]></system-err>
      </testcase>
      <testcase name="Test Cases/UploadDiffFiles_RegisterUser/TC_As a register user, Upload RealAudio File and verify Uploded file in Submission Page" time="39.704" classname="Test Cases/UploadDiffFiles_RegisterUser/TC_As a register user, Upload RealAudio File and verify Uploded file in Submission Page" status="PASSED">
         <system-out><![CDATA[2021-02-16 17:38:43 - [TEST_CASE][PASSED] - Test Cases/UploadDiffFiles_RegisterUser/TC_As a register user, Upload RealAudio File and verify Uploded file in Submission Page: Test Cases/UploadDiffFiles_RegisterUser/TC_As a register user, Upload RealAudio File and verify Uploded file in Submission Page

2021-02-16 17:38:43 - [TEST_STEP][PASSED] - excelTestData = findTestData("Data Files/TestData/InspectTestData"): null

2021-02-16 17:38:43 - [TEST_STEP][PASSED] - rigisterUN = excelTestData.getValue(6, 23): null

2021-02-16 17:38:43 - [TEST_STEP][PASSED] - rigisterPW = excelTestData.getValue(3, 23): null

2021-02-16 17:38:43 - [TEST_STEP][PASSED] - customKeywords.commanFunctions.uploadFileOfRegisterUser(317, rigisterUN, rigisterPW): customKeywords.commanFunctions.uploadFileOfRegisterUser is PASSED

2021-02-16 17:38:43 - [MESSAGE][INFO] - Starting 'Chrome' driver

2021-02-16 17:38:43 - [MESSAGE][INFO] - Action delay is set to 0 milliseconds

2021-02-16 17:38:53 - [MESSAGE][PASSED] - Browser is opened with url: 'https://Inspect.Stage.site.sa'

2021-02-16 17:38:55 - [MESSAGE][PASSED] - Current window maximized

2021-02-16 17:38:55 - [MESSAGE][PASSED] - Wait for page load successfully

2021-02-16 17:38:55 - [MESSAGE][PASSED] - Object 'Object Repository/LoginAndRigisterUser/LoginLink' is clickable

2021-02-16 17:38:56 - [MESSAGE][INFO] - Clicked on element with JS

2021-02-16 17:38:56 - [MESSAGE][PASSED] - Keys 'Os-anelapatla@projects.site.sa' sent to object: 'Object Repository/LoginAndRigisterUser/UserName_Email_Input'

2021-02-16 17:38:57 - [MESSAGE][PASSED] - Keys 'Test@12345' sent to object: 'Object Repository/LoginAndRigisterUser/Password_Input'

2021-02-16 17:38:58 - [MESSAGE][PASSED] - Delayed 1 second(s)

2021-02-16 17:38:58 - [MESSAGE][PASSED] - Object 'Object Repository/LoginAndRigisterUser/LoginBtn' is clickable

2021-02-16 17:38:58 - [MESSAGE][INFO] - Clicked on element with JS

2021-02-16 17:39:01 - [MESSAGE][PASSED] - Keys '0' sent to object: 'Object Repository/LoginAndRigisterUser/otpOne'

2021-02-16 17:39:02 - [MESSAGE][PASSED] - Keys '0' sent to object: 'Object Repository/LoginAndRigisterUser/otpTwo'

2021-02-16 17:39:03 - [MESSAGE][PASSED] - Keys '0' sent to object: 'Object Repository/LoginAndRigisterUser/otpThree'

2021-02-16 17:39:04 - [MESSAGE][PASSED] - Keys '0' sent to object: 'Object Repository/LoginAndRigisterUser/otpFour'

2021-02-16 17:39:05 - [MESSAGE][PASSED] - Keys '0' sent to object: 'Object Repository/LoginAndRigisterUser/otpFive'

2021-02-16 17:39:06 - [MESSAGE][INFO] - Clicked on element with JS

2021-02-16 17:39:08 - [MESSAGE][PASSED] - Object: 'Object Repository/HomePage/ChooseAFile' is clicked on

2021-02-16 17:39:10 - [MESSAGE][PASSED] - Delayed 2 second(s)

2021-02-16 17:39:12 - [MESSAGE][INFO] - Image Uploaded Sucsessfully

2021-02-16 17:39:14 - [MESSAGE][PASSED] - Delayed 2 second(s)

2021-02-16 17:39:14 - [MESSAGE][PASSED] - Text 'RealAudio' is present on page 

2021-02-16 17:39:15 - [MESSAGE][PASSED] - Object: 'Object Repository/HomePage/Window7RadioBtn' is clicked on

2021-02-16 17:39:16 - [MESSAGE][PASSED] - Scroll to object 'Object Repository/HomePage/startAnalysis_EnableBtn' successfully

2021-02-16 17:39:17 - [MESSAGE][PASSED] - Object: 'Object Repository/HomePage/startAnalysis_EnableBtn' is clicked on

2021-02-16 17:39:19 - [MESSAGE][PASSED] - Object 'Object Repository/SubmissionPage/Submission_SearchIcon' is visible

2021-02-16 17:39:19 - [MESSAGE][PASSED] - Object 'Object Repository/SubmissionPage/Submission_SearchIcon' is visible

2021-02-16 17:39:19 - [MESSAGE][PASSED] - Actual object 'RealAudio.ra' and expected object 'RealAudio.ra' are equal

2021-02-16 17:39:19 - [MESSAGE][PASSED] - customKeywords.commanFunctions.uploadFileOfRegisterUser is PASSED

2021-02-16 17:39:19 - [TEST_STEP][PASSED] - customKeywords.commanFunctions.logOutAndcloseBrowser(): customKeywords.commanFunctions.logOutAndcloseBrowser is PASSED

2021-02-16 17:39:20 - [MESSAGE][PASSED] - Object 'Object Repository/LoginAndRigisterUser/AdminDD' is clickable

2021-02-16 17:39:20 - [MESSAGE][INFO] - Clicked on element with JS

2021-02-16 17:39:21 - [MESSAGE][INFO] - Clicked on element with JS

2021-02-16 17:39:22 - [MESSAGE][PASSED] - Delayed 1 second(s)

2021-02-16 17:39:22 - [MESSAGE][PASSED] - Browser is closed

2021-02-16 17:39:22 - [MESSAGE][PASSED] - customKeywords.commanFunctions.logOutAndcloseBrowser is PASSED]]></system-out>
         <system-err><![CDATA[]]></system-err>
      </testcase>
      <testcase name="Test Cases/UploadDiffFiles_RegisterUser/TC_As a register user, Upload Txt File and verify Uploded file in Submission Page" time="37.902" classname="Test Cases/UploadDiffFiles_RegisterUser/TC_As a register user, Upload Txt File and verify Uploded file in Submission Page" status="PASSED">
         <system-out><![CDATA[2021-02-16 17:39:22 - [TEST_CASE][PASSED] - Test Cases/UploadDiffFiles_RegisterUser/TC_As a register user, Upload Txt File and verify Uploded file in Submission Page: Test Cases/UploadDiffFiles_RegisterUser/TC_As a register user, Upload Txt File and verify Uploded file in Submission Page

2021-02-16 17:39:22 - [TEST_STEP][PASSED] - excelTestData = findTestData("Data Files/TestData/InspectTestData"): null

2021-02-16 17:39:22 - [TEST_STEP][PASSED] - rigisterUN = excelTestData.getValue(6, 23): null

2021-02-16 17:39:22 - [TEST_STEP][PASSED] - rigisterPW = excelTestData.getValue(3, 23): null

2021-02-16 17:39:22 - [TEST_STEP][PASSED] - customKeywords.commanFunctions.uploadFileOfRegisterUser(196, rigisterUN, rigisterPW): customKeywords.commanFunctions.uploadFileOfRegisterUser is PASSED

2021-02-16 17:39:23 - [MESSAGE][INFO] - Starting 'Chrome' driver

2021-02-16 17:39:23 - [MESSAGE][INFO] - Action delay is set to 0 milliseconds

2021-02-16 17:39:33 - [MESSAGE][PASSED] - Browser is opened with url: 'https://Inspect.Stage.site.sa'

2021-02-16 17:39:35 - [MESSAGE][PASSED] - Current window maximized

2021-02-16 17:39:35 - [MESSAGE][PASSED] - Wait for page load successfully

2021-02-16 17:39:35 - [MESSAGE][PASSED] - Object 'Object Repository/LoginAndRigisterUser/LoginLink' is clickable

2021-02-16 17:39:36 - [MESSAGE][INFO] - Clicked on element with JS

2021-02-16 17:39:36 - [MESSAGE][PASSED] - Keys 'Os-anelapatla@projects.site.sa' sent to object: 'Object Repository/LoginAndRigisterUser/UserName_Email_Input'

2021-02-16 17:39:37 - [MESSAGE][PASSED] - Keys 'Test@12345' sent to object: 'Object Repository/LoginAndRigisterUser/Password_Input'

2021-02-16 17:39:38 - [MESSAGE][PASSED] - Delayed 1 second(s)

2021-02-16 17:39:38 - [MESSAGE][PASSED] - Object 'Object Repository/LoginAndRigisterUser/LoginBtn' is clickable

2021-02-16 17:39:38 - [MESSAGE][INFO] - Clicked on element with JS

2021-02-16 17:39:40 - [MESSAGE][PASSED] - Keys '0' sent to object: 'Object Repository/LoginAndRigisterUser/otpOne'

2021-02-16 17:39:41 - [MESSAGE][PASSED] - Keys '0' sent to object: 'Object Repository/LoginAndRigisterUser/otpTwo'

2021-02-16 17:39:42 - [MESSAGE][PASSED] - Keys '0' sent to object: 'Object Repository/LoginAndRigisterUser/otpThree'

2021-02-16 17:39:42 - [MESSAGE][PASSED] - Keys '0' sent to object: 'Object Repository/LoginAndRigisterUser/otpFour'

2021-02-16 17:39:43 - [MESSAGE][PASSED] - Keys '0' sent to object: 'Object Repository/LoginAndRigisterUser/otpFive'

2021-02-16 17:39:43 - [MESSAGE][INFO] - Clicked on element with JS

2021-02-16 17:39:46 - [MESSAGE][PASSED] - Object: 'Object Repository/HomePage/ChooseAFile' is clicked on

2021-02-16 17:39:48 - [MESSAGE][PASSED] - Delayed 2 second(s)

2021-02-16 17:39:50 - [MESSAGE][INFO] - Image Uploaded Sucsessfully

2021-02-16 17:39:52 - [MESSAGE][PASSED] - Delayed 2 second(s)

2021-02-16 17:39:53 - [MESSAGE][PASSED] - Text 'NotePad' is present on page 

2021-02-16 17:39:54 - [MESSAGE][PASSED] - Object: 'Object Repository/HomePage/Window7RadioBtn' is clicked on

2021-02-16 17:39:54 - [MESSAGE][PASSED] - Scroll to object 'Object Repository/HomePage/startAnalysis_EnableBtn' successfully

2021-02-16 17:39:55 - [MESSAGE][PASSED] - Object: 'Object Repository/HomePage/startAnalysis_EnableBtn' is clicked on

2021-02-16 17:39:57 - [MESSAGE][PASSED] - Object 'Object Repository/SubmissionPage/Submission_SearchIcon' is visible

2021-02-16 17:39:57 - [MESSAGE][PASSED] - Object 'Object Repository/SubmissionPage/Submission_SearchIcon' is visible

2021-02-16 17:39:57 - [MESSAGE][PASSED] - Actual object 'NotePad.txt' and expected object 'NotePad.txt' are equal

2021-02-16 17:39:57 - [MESSAGE][PASSED] - customKeywords.commanFunctions.uploadFileOfRegisterUser is PASSED

2021-02-16 17:39:57 - [TEST_STEP][PASSED] - customKeywords.commanFunctions.logOutAndcloseBrowser(): customKeywords.commanFunctions.logOutAndcloseBrowser is PASSED

2021-02-16 17:39:58 - [MESSAGE][PASSED] - Object 'Object Repository/LoginAndRigisterUser/AdminDD' is clickable

2021-02-16 17:39:58 - [MESSAGE][INFO] - Clicked on element with JS

2021-02-16 17:39:59 - [MESSAGE][INFO] - Clicked on element with JS

2021-02-16 17:40:00 - [MESSAGE][PASSED] - Delayed 1 second(s)

2021-02-16 17:40:00 - [MESSAGE][PASSED] - Browser is closed

2021-02-16 17:40:00 - [MESSAGE][PASSED] - customKeywords.commanFunctions.logOutAndcloseBrowser is PASSED]]></system-out>
         <system-err><![CDATA[]]></system-err>
      </testcase>
      <testcase name="Test Cases/UploadDiffFiles_RegisterUser/TC_As a register user, Upload Web page imagemap File and verify Uploded file in Submission Page" time="39.759" classname="Test Cases/UploadDiffFiles_RegisterUser/TC_As a register user, Upload Web page imagemap File and verify Uploded file in Submission Page" status="PASSED">
         <system-out><![CDATA[2021-02-16 17:40:00 - [TEST_CASE][PASSED] - Test Cases/UploadDiffFiles_RegisterUser/TC_As a register user, Upload Web page imagemap File and verify Uploded file in Submission Page: Test Cases/UploadDiffFiles_RegisterUser/TC_As a register user, Upload Web page imagemap File and verify Uploded file in Submission Page

2021-02-16 17:40:00 - [TEST_STEP][PASSED] - excelTestData = findTestData("Data Files/TestData/InspectTestData"): null

2021-02-16 17:40:00 - [TEST_STEP][PASSED] - rigisterUN = excelTestData.getValue(6, 23): null

2021-02-16 17:40:00 - [TEST_STEP][PASSED] - rigisterPW = excelTestData.getValue(3, 23): null

2021-02-16 17:40:00 - [TEST_STEP][PASSED] - customKeywords.commanFunctions.uploadFileOfRegisterUser(301, rigisterUN, rigisterPW): customKeywords.commanFunctions.uploadFileOfRegisterUser is PASSED

2021-02-16 17:40:01 - [MESSAGE][INFO] - Starting 'Chrome' driver

2021-02-16 17:40:01 - [MESSAGE][INFO] - Action delay is set to 0 milliseconds

2021-02-16 17:40:13 - [MESSAGE][PASSED] - Browser is opened with url: 'https://Inspect.Stage.site.sa'

2021-02-16 17:40:15 - [MESSAGE][PASSED] - Current window maximized

2021-02-16 17:40:15 - [MESSAGE][PASSED] - Wait for page load successfully

2021-02-16 17:40:15 - [MESSAGE][PASSED] - Object 'Object Repository/LoginAndRigisterUser/LoginLink' is clickable

2021-02-16 17:40:15 - [MESSAGE][INFO] - Clicked on element with JS

2021-02-16 17:40:16 - [MESSAGE][PASSED] - Keys 'Os-anelapatla@projects.site.sa' sent to object: 'Object Repository/LoginAndRigisterUser/UserName_Email_Input'

2021-02-16 17:40:17 - [MESSAGE][PASSED] - Keys 'Test@12345' sent to object: 'Object Repository/LoginAndRigisterUser/Password_Input'

2021-02-16 17:40:18 - [MESSAGE][PASSED] - Delayed 1 second(s)

2021-02-16 17:40:18 - [MESSAGE][PASSED] - Object 'Object Repository/LoginAndRigisterUser/LoginBtn' is clickable

2021-02-16 17:40:18 - [MESSAGE][INFO] - Clicked on element with JS

2021-02-16 17:40:20 - [MESSAGE][PASSED] - Keys '0' sent to object: 'Object Repository/LoginAndRigisterUser/otpOne'

2021-02-16 17:40:21 - [MESSAGE][PASSED] - Keys '0' sent to object: 'Object Repository/LoginAndRigisterUser/otpTwo'

2021-02-16 17:40:22 - [MESSAGE][PASSED] - Keys '0' sent to object: 'Object Repository/LoginAndRigisterUser/otpThree'

2021-02-16 17:40:23 - [MESSAGE][PASSED] - Keys '0' sent to object: 'Object Repository/LoginAndRigisterUser/otpFour'

2021-02-16 17:40:24 - [MESSAGE][PASSED] - Keys '0' sent to object: 'Object Repository/LoginAndRigisterUser/otpFive'

2021-02-16 17:40:25 - [MESSAGE][INFO] - Clicked on element with JS

2021-02-16 17:40:27 - [MESSAGE][PASSED] - Object: 'Object Repository/HomePage/ChooseAFile' is clicked on

2021-02-16 17:40:29 - [MESSAGE][PASSED] - Delayed 2 second(s)

2021-02-16 17:40:31 - [MESSAGE][INFO] - Image Uploaded Sucsessfully

2021-02-16 17:40:33 - [MESSAGE][PASSED] - Delayed 2 second(s)

2021-02-16 17:40:33 - [MESSAGE][PASSED] - Text 'Web page imagemap' is present on page 

2021-02-16 17:40:34 - [MESSAGE][PASSED] - Object: 'Object Repository/HomePage/Window7RadioBtn' is clicked on

2021-02-16 17:40:34 - [MESSAGE][PASSED] - Scroll to object 'Object Repository/HomePage/startAnalysis_EnableBtn' successfully

2021-02-16 17:40:35 - [MESSAGE][PASSED] - Object: 'Object Repository/HomePage/startAnalysis_EnableBtn' is clicked on

2021-02-16 17:40:36 - [MESSAGE][PASSED] - Object 'Object Repository/SubmissionPage/Submission_SearchIcon' is visible

2021-02-16 17:40:37 - [MESSAGE][PASSED] - Object 'Object Repository/SubmissionPage/Submission_SearchIcon' is visible

2021-02-16 17:40:37 - [MESSAGE][PASSED] - Actual object 'Web page imagemap.map' and expected object 'Web page imagemap.map' are equal

2021-02-16 17:40:37 - [MESSAGE][PASSED] - customKeywords.commanFunctions.uploadFileOfRegisterUser is PASSED

2021-02-16 17:40:37 - [TEST_STEP][PASSED] - customKeywords.commanFunctions.logOutAndcloseBrowser(): customKeywords.commanFunctions.logOutAndcloseBrowser is PASSED

2021-02-16 17:40:38 - [MESSAGE][PASSED] - Object 'Object Repository/LoginAndRigisterUser/AdminDD' is clickable

2021-02-16 17:40:38 - [MESSAGE][INFO] - Clicked on element with JS

2021-02-16 17:40:38 - [MESSAGE][INFO] - Clicked on element with JS

2021-02-16 17:40:39 - [MESSAGE][PASSED] - Delayed 1 second(s)

2021-02-16 17:40:40 - [MESSAGE][PASSED] - Browser is closed

2021-02-16 17:40:40 - [MESSAGE][PASSED] - customKeywords.commanFunctions.logOutAndcloseBrowser is PASSED]]></system-out>
         <system-err><![CDATA[]]></system-err>
      </testcase>
      <testcase name="Test Cases/UploadDiffFiles_RegisterUser/TC_As a register user, Upload Windows BitMap File and verify Uploded file in Submission Page" time="38.278" classname="Test Cases/UploadDiffFiles_RegisterUser/TC_As a register user, Upload Windows BitMap File and verify Uploded file in Submission Page" status="PASSED">
         <system-out><![CDATA[2021-02-16 17:40:40 - [TEST_CASE][PASSED] - Test Cases/UploadDiffFiles_RegisterUser/TC_As a register user, Upload Windows BitMap File and verify Uploded file in Submission Page: Test Cases/UploadDiffFiles_RegisterUser/TC_As a register user, Upload Windows BitMap File and verify Uploded file in Submission Page

2021-02-16 17:40:40 - [TEST_STEP][PASSED] - excelTestData = findTestData("Data Files/TestData/InspectTestData"): null

2021-02-16 17:40:40 - [TEST_STEP][PASSED] - rigisterUN = excelTestData.getValue(2, 23): null

2021-02-16 17:40:40 - [TEST_STEP][PASSED] - rigisterPW = excelTestData.getValue(3, 23): null

2021-02-16 17:40:40 - [TEST_STEP][PASSED] - customKeywords.commanFunctions.uploadFileOfRegisterUser(272, rigisterUN, rigisterPW): customKeywords.commanFunctions.uploadFileOfRegisterUser is PASSED

2021-02-16 17:40:40 - [MESSAGE][INFO] - Starting 'Chrome' driver

2021-02-16 17:40:40 - [MESSAGE][INFO] - Action delay is set to 0 milliseconds

2021-02-16 17:40:50 - [MESSAGE][PASSED] - Browser is opened with url: 'https://Inspect.Stage.site.sa'

2021-02-16 17:40:52 - [MESSAGE][PASSED] - Current window maximized

2021-02-16 17:40:52 - [MESSAGE][PASSED] - Wait for page load successfully

2021-02-16 17:40:53 - [MESSAGE][PASSED] - Object 'Object Repository/LoginAndRigisterUser/LoginLink' is clickable

2021-02-16 17:40:53 - [MESSAGE][INFO] - Clicked on element with JS

2021-02-16 17:40:54 - [MESSAGE][PASSED] - Keys 'Os-ARahman@projects.site.sa' sent to object: 'Object Repository/LoginAndRigisterUser/UserName_Email_Input'

2021-02-16 17:40:54 - [MESSAGE][PASSED] - Keys 'Test@12345' sent to object: 'Object Repository/LoginAndRigisterUser/Password_Input'

2021-02-16 17:40:55 - [MESSAGE][PASSED] - Delayed 1 second(s)

2021-02-16 17:40:56 - [MESSAGE][PASSED] - Object 'Object Repository/LoginAndRigisterUser/LoginBtn' is clickable

2021-02-16 17:40:56 - [MESSAGE][INFO] - Clicked on element with JS

2021-02-16 17:40:58 - [MESSAGE][PASSED] - Keys '0' sent to object: 'Object Repository/LoginAndRigisterUser/otpOne'

2021-02-16 17:40:59 - [MESSAGE][PASSED] - Keys '0' sent to object: 'Object Repository/LoginAndRigisterUser/otpTwo'

2021-02-16 17:41:00 - [MESSAGE][PASSED] - Keys '0' sent to object: 'Object Repository/LoginAndRigisterUser/otpThree'

2021-02-16 17:41:01 - [MESSAGE][PASSED] - Keys '0' sent to object: 'Object Repository/LoginAndRigisterUser/otpFour'

2021-02-16 17:41:02 - [MESSAGE][PASSED] - Keys '0' sent to object: 'Object Repository/LoginAndRigisterUser/otpFive'

2021-02-16 17:41:02 - [MESSAGE][INFO] - Clicked on element with JS

2021-02-16 17:41:04 - [MESSAGE][PASSED] - Object: 'Object Repository/HomePage/ChooseAFile' is clicked on

2021-02-16 17:41:06 - [MESSAGE][PASSED] - Delayed 2 second(s)

2021-02-16 17:41:08 - [MESSAGE][INFO] - Image Uploaded Sucsessfully

2021-02-16 17:41:10 - [MESSAGE][PASSED] - Delayed 2 second(s)

2021-02-16 17:41:11 - [MESSAGE][PASSED] - Text 'Windows BitMap.bmp' is present on page 

2021-02-16 17:41:11 - [MESSAGE][PASSED] - Object: 'Object Repository/HomePage/Window7RadioBtn' is clicked on

2021-02-16 17:41:12 - [MESSAGE][PASSED] - Scroll to object 'Object Repository/HomePage/startAnalysis_EnableBtn' successfully

2021-02-16 17:41:13 - [MESSAGE][PASSED] - Object: 'Object Repository/HomePage/startAnalysis_EnableBtn' is clicked on

2021-02-16 17:41:15 - [MESSAGE][PASSED] - Object 'Object Repository/SubmissionPage/Submission_SearchIcon' is visible

2021-02-16 17:41:15 - [MESSAGE][PASSED] - Object 'Object Repository/SubmissionPage/Submission_SearchIcon' is visible

2021-02-16 17:41:15 - [MESSAGE][PASSED] - Actual object 'Windows BitMap.bmp' and expected object 'Windows BitMap.bmp' are equal

2021-02-16 17:41:15 - [MESSAGE][PASSED] - customKeywords.commanFunctions.uploadFileOfRegisterUser is PASSED

2021-02-16 17:41:15 - [TEST_STEP][PASSED] - customKeywords.commanFunctions.logOutAndcloseBrowser(): customKeywords.commanFunctions.logOutAndcloseBrowser is PASSED

2021-02-16 17:41:16 - [MESSAGE][PASSED] - Object 'Object Repository/LoginAndRigisterUser/AdminDD' is clickable

2021-02-16 17:41:16 - [MESSAGE][INFO] - Clicked on element with JS

2021-02-16 17:41:17 - [MESSAGE][INFO] - Clicked on element with JS

2021-02-16 17:41:18 - [MESSAGE][PASSED] - Delayed 1 second(s)

2021-02-16 17:41:18 - [MESSAGE][PASSED] - Browser is closed

2021-02-16 17:41:18 - [MESSAGE][PASSED] - customKeywords.commanFunctions.logOutAndcloseBrowser is PASSED]]></system-out>
         <system-err><![CDATA[]]></system-err>
      </testcase>
      <testcase name="Test Cases/UploadDiffFiles_RegisterUser/TC_As a register user, Upload Windows sound File and verify Uploded file in Submission Page" time="38.537" classname="Test Cases/UploadDiffFiles_RegisterUser/TC_As a register user, Upload Windows sound File and verify Uploded file in Submission Page" status="PASSED">
         <system-out><![CDATA[2021-02-16 17:41:18 - [TEST_CASE][PASSED] - Test Cases/UploadDiffFiles_RegisterUser/TC_As a register user, Upload Windows sound File and verify Uploded file in Submission Page: Test Cases/UploadDiffFiles_RegisterUser/TC_As a register user, Upload Windows sound File and verify Uploded file in Submission Page

2021-02-16 17:41:18 - [TEST_STEP][PASSED] - excelTestData = findTestData("Data Files/TestData/InspectTestData"): null

2021-02-16 17:41:18 - [TEST_STEP][PASSED] - rigisterUN = excelTestData.getValue(6, 23): null

2021-02-16 17:41:18 - [TEST_STEP][PASSED] - rigisterPW = excelTestData.getValue(3, 23): null

2021-02-16 17:41:18 - [TEST_STEP][PASSED] - customKeywords.commanFunctions.uploadFileOfRegisterUser(321, rigisterUN, rigisterPW): customKeywords.commanFunctions.uploadFileOfRegisterUser is PASSED

2021-02-16 17:41:19 - [MESSAGE][INFO] - Starting 'Chrome' driver

2021-02-16 17:41:19 - [MESSAGE][INFO] - Action delay is set to 0 milliseconds

2021-02-16 17:41:29 - [MESSAGE][PASSED] - Browser is opened with url: 'https://Inspect.Stage.site.sa'

2021-02-16 17:41:31 - [MESSAGE][PASSED] - Current window maximized

2021-02-16 17:41:31 - [MESSAGE][PASSED] - Wait for page load successfully

2021-02-16 17:41:31 - [MESSAGE][PASSED] - Object 'Object Repository/LoginAndRigisterUser/LoginLink' is clickable

2021-02-16 17:41:31 - [MESSAGE][INFO] - Clicked on element with JS

2021-02-16 17:41:32 - [MESSAGE][PASSED] - Keys 'Os-anelapatla@projects.site.sa' sent to object: 'Object Repository/LoginAndRigisterUser/UserName_Email_Input'

2021-02-16 17:41:33 - [MESSAGE][PASSED] - Keys 'Test@12345' sent to object: 'Object Repository/LoginAndRigisterUser/Password_Input'

2021-02-16 17:41:34 - [MESSAGE][PASSED] - Delayed 1 second(s)

2021-02-16 17:41:34 - [MESSAGE][PASSED] - Object 'Object Repository/LoginAndRigisterUser/LoginBtn' is clickable

2021-02-16 17:41:34 - [MESSAGE][INFO] - Clicked on element with JS

2021-02-16 17:41:36 - [MESSAGE][PASSED] - Keys '0' sent to object: 'Object Repository/LoginAndRigisterUser/otpOne'

2021-02-16 17:41:37 - [MESSAGE][PASSED] - Keys '0' sent to object: 'Object Repository/LoginAndRigisterUser/otpTwo'

2021-02-16 17:41:39 - [MESSAGE][PASSED] - Keys '0' sent to object: 'Object Repository/LoginAndRigisterUser/otpThree'

2021-02-16 17:41:39 - [MESSAGE][PASSED] - Keys '0' sent to object: 'Object Repository/LoginAndRigisterUser/otpFour'

2021-02-16 17:41:40 - [MESSAGE][PASSED] - Keys '0' sent to object: 'Object Repository/LoginAndRigisterUser/otpFive'

2021-02-16 17:41:41 - [MESSAGE][INFO] - Clicked on element with JS

2021-02-16 17:41:43 - [MESSAGE][PASSED] - Object: 'Object Repository/HomePage/ChooseAFile' is clicked on

2021-02-16 17:41:45 - [MESSAGE][PASSED] - Delayed 2 second(s)

2021-02-16 17:41:47 - [MESSAGE][INFO] - Image Uploaded Sucsessfully

2021-02-16 17:41:49 - [MESSAGE][PASSED] - Delayed 2 second(s)

2021-02-16 17:41:50 - [MESSAGE][PASSED] - Text 'Windows sound' is present on page 

2021-02-16 17:41:51 - [MESSAGE][PASSED] - Object: 'Object Repository/HomePage/Window7RadioBtn' is clicked on

2021-02-16 17:41:51 - [MESSAGE][PASSED] - Scroll to object 'Object Repository/HomePage/startAnalysis_EnableBtn' successfully

2021-02-16 17:41:51 - [MESSAGE][PASSED] - Object: 'Object Repository/HomePage/startAnalysis_EnableBtn' is clicked on

2021-02-16 17:41:53 - [MESSAGE][PASSED] - Object 'Object Repository/SubmissionPage/Submission_SearchIcon' is visible

2021-02-16 17:41:54 - [MESSAGE][PASSED] - Object 'Object Repository/SubmissionPage/Submission_SearchIcon' is visible

2021-02-16 17:41:54 - [MESSAGE][PASSED] - Actual object 'Windows sound.wav' and expected object 'Windows sound.wav' are equal

2021-02-16 17:41:54 - [MESSAGE][PASSED] - customKeywords.commanFunctions.uploadFileOfRegisterUser is PASSED

2021-02-16 17:41:54 - [TEST_STEP][PASSED] - customKeywords.commanFunctions.logOutAndcloseBrowser(): customKeywords.commanFunctions.logOutAndcloseBrowser is PASSED

2021-02-16 17:41:54 - [MESSAGE][PASSED] - Object 'Object Repository/LoginAndRigisterUser/AdminDD' is clickable

2021-02-16 17:41:55 - [MESSAGE][INFO] - Clicked on element with JS

2021-02-16 17:41:55 - [MESSAGE][INFO] - Clicked on element with JS

2021-02-16 17:41:56 - [MESSAGE][PASSED] - Delayed 1 second(s)

2021-02-16 17:41:57 - [MESSAGE][PASSED] - Browser is closed

2021-02-16 17:41:57 - [MESSAGE][PASSED] - customKeywords.commanFunctions.logOutAndcloseBrowser is PASSED]]></system-out>
         <system-err><![CDATA[]]></system-err>
      </testcase>
      <testcase name="Test Cases/UploadDiffFiles_RegisterUser/TC_As a register user, Upload WordPad File and verify Uploded file in Submission Page" time="49.435" classname="Test Cases/UploadDiffFiles_RegisterUser/TC_As a register user, Upload WordPad File and verify Uploded file in Submission Page" status="PASSED">
         <system-out><![CDATA[2021-02-16 17:41:57 - [TEST_CASE][PASSED] - Test Cases/UploadDiffFiles_RegisterUser/TC_As a register user, Upload WordPad File and verify Uploded file in Submission Page: Test Cases/UploadDiffFiles_RegisterUser/TC_As a register user, Upload WordPad File and verify Uploded file in Submission Page

2021-02-16 17:41:57 - [TEST_STEP][PASSED] - excelTestData = findTestData("Data Files/TestData/InspectTestData"): null

2021-02-16 17:41:57 - [TEST_STEP][PASSED] - rigisterUN = excelTestData.getValue(2, 23): null

2021-02-16 17:41:57 - [TEST_STEP][PASSED] - rigisterPW = excelTestData.getValue(3, 23): null

2021-02-16 17:41:57 - [TEST_STEP][PASSED] - customKeywords.commanFunctions.uploadFileOfRegisterUser(260, rigisterUN, rigisterPW): customKeywords.commanFunctions.uploadFileOfRegisterUser is PASSED

2021-02-16 17:41:57 - [MESSAGE][INFO] - Starting 'Chrome' driver

2021-02-16 17:41:57 - [MESSAGE][INFO] - Action delay is set to 0 milliseconds

2021-02-16 17:42:19 - [MESSAGE][PASSED] - Browser is opened with url: 'https://Inspect.Stage.site.sa'

2021-02-16 17:42:21 - [MESSAGE][PASSED] - Current window maximized

2021-02-16 17:42:21 - [MESSAGE][PASSED] - Wait for page load successfully

2021-02-16 17:42:21 - [MESSAGE][PASSED] - Object 'Object Repository/LoginAndRigisterUser/LoginLink' is clickable

2021-02-16 17:42:22 - [MESSAGE][INFO] - Clicked on element with JS

2021-02-16 17:42:22 - [MESSAGE][PASSED] - Keys 'Os-ARahman@projects.site.sa' sent to object: 'Object Repository/LoginAndRigisterUser/UserName_Email_Input'

2021-02-16 17:42:23 - [MESSAGE][PASSED] - Keys 'Test@12345' sent to object: 'Object Repository/LoginAndRigisterUser/Password_Input'

2021-02-16 17:42:24 - [MESSAGE][PASSED] - Delayed 1 second(s)

2021-02-16 17:42:24 - [MESSAGE][PASSED] - Object 'Object Repository/LoginAndRigisterUser/LoginBtn' is clickable

2021-02-16 17:42:24 - [MESSAGE][INFO] - Clicked on element with JS

2021-02-16 17:42:26 - [MESSAGE][PASSED] - Keys '0' sent to object: 'Object Repository/LoginAndRigisterUser/otpOne'

2021-02-16 17:42:27 - [MESSAGE][PASSED] - Keys '0' sent to object: 'Object Repository/LoginAndRigisterUser/otpTwo'

2021-02-16 17:42:28 - [MESSAGE][PASSED] - Keys '0' sent to object: 'Object Repository/LoginAndRigisterUser/otpThree'

2021-02-16 17:42:28 - [MESSAGE][PASSED] - Keys '0' sent to object: 'Object Repository/LoginAndRigisterUser/otpFour'

2021-02-16 17:42:29 - [MESSAGE][PASSED] - Keys '0' sent to object: 'Object Repository/LoginAndRigisterUser/otpFive'

2021-02-16 17:42:29 - [MESSAGE][INFO] - Clicked on element with JS

2021-02-16 17:42:32 - [MESSAGE][PASSED] - Object: 'Object Repository/HomePage/ChooseAFile' is clicked on

2021-02-16 17:42:34 - [MESSAGE][PASSED] - Delayed 2 second(s)

2021-02-16 17:42:36 - [MESSAGE][INFO] - Image Uploaded Sucsessfully

2021-02-16 17:42:38 - [MESSAGE][PASSED] - Delayed 2 second(s)

2021-02-16 17:42:39 - [MESSAGE][PASSED] - Text 'WordPad' is present on page 

2021-02-16 17:42:40 - [MESSAGE][PASSED] - Object: 'Object Repository/HomePage/Window7RadioBtn' is clicked on

2021-02-16 17:42:40 - [MESSAGE][PASSED] - Scroll to object 'Object Repository/HomePage/startAnalysis_EnableBtn' successfully

2021-02-16 17:42:41 - [MESSAGE][PASSED] - Object: 'Object Repository/HomePage/startAnalysis_EnableBtn' is clicked on

2021-02-16 17:42:43 - [MESSAGE][PASSED] - Object 'Object Repository/SubmissionPage/Submission_SearchIcon' is visible

2021-02-16 17:42:43 - [MESSAGE][PASSED] - Object 'Object Repository/SubmissionPage/Submission_SearchIcon' is visible

2021-02-16 17:42:43 - [MESSAGE][PASSED] - Actual object 'WordPad.rtf' and expected object 'WordPad.rtf' are equal

2021-02-16 17:42:43 - [MESSAGE][PASSED] - customKeywords.commanFunctions.uploadFileOfRegisterUser is PASSED

2021-02-16 17:42:43 - [TEST_STEP][PASSED] - customKeywords.commanFunctions.logOutAndcloseBrowser(): customKeywords.commanFunctions.logOutAndcloseBrowser is PASSED

2021-02-16 17:42:44 - [MESSAGE][PASSED] - Object 'Object Repository/LoginAndRigisterUser/AdminDD' is clickable

2021-02-16 17:42:44 - [MESSAGE][INFO] - Clicked on element with JS

2021-02-16 17:42:45 - [MESSAGE][INFO] - Clicked on element with JS

2021-02-16 17:42:46 - [MESSAGE][PASSED] - Delayed 1 second(s)

2021-02-16 17:42:46 - [MESSAGE][PASSED] - Browser is closed

2021-02-16 17:42:46 - [MESSAGE][PASSED] - customKeywords.commanFunctions.logOutAndcloseBrowser is PASSED]]></system-out>
         <system-err><![CDATA[]]></system-err>
      </testcase>
      <testcase name="Test Cases/UploadDiffFiles_RegisterUser/TC_As a register user, Upload Xlsx File and verify Uploded file in Submission Page" time="39.073" classname="Test Cases/UploadDiffFiles_RegisterUser/TC_As a register user, Upload Xlsx File and verify Uploded file in Submission Page" status="PASSED">
         <system-out><![CDATA[2021-02-16 17:42:46 - [TEST_CASE][PASSED] - Test Cases/UploadDiffFiles_RegisterUser/TC_As a register user, Upload Xlsx File and verify Uploded file in Submission Page: Test Cases/UploadDiffFiles_RegisterUser/TC_As a register user, Upload Xlsx File and verify Uploded file in Submission Page

2021-02-16 17:42:46 - [TEST_STEP][PASSED] - excelTestData = findTestData("Data Files/TestData/InspectTestData"): null

2021-02-16 17:42:46 - [TEST_STEP][PASSED] - rigisterUN = excelTestData.getValue(6, 23): null

2021-02-16 17:42:46 - [TEST_STEP][PASSED] - rigisterPW = excelTestData.getValue(3, 23): null

2021-02-16 17:42:46 - [TEST_STEP][PASSED] - customKeywords.commanFunctions.uploadFileOfRegisterUser(212, rigisterUN, rigisterPW): customKeywords.commanFunctions.uploadFileOfRegisterUser is PASSED

2021-02-16 17:42:47 - [MESSAGE][INFO] - Starting 'Chrome' driver

2021-02-16 17:42:47 - [MESSAGE][INFO] - Action delay is set to 0 milliseconds

2021-02-16 17:42:57 - [MESSAGE][PASSED] - Browser is opened with url: 'https://Inspect.Stage.site.sa'

2021-02-16 17:42:59 - [MESSAGE][PASSED] - Current window maximized

2021-02-16 17:42:59 - [MESSAGE][PASSED] - Wait for page load successfully

2021-02-16 17:42:59 - [MESSAGE][PASSED] - Object 'Object Repository/LoginAndRigisterUser/LoginLink' is clickable

2021-02-16 17:42:59 - [MESSAGE][INFO] - Clicked on element with JS

2021-02-16 17:43:00 - [MESSAGE][PASSED] - Keys 'Os-anelapatla@projects.site.sa' sent to object: 'Object Repository/LoginAndRigisterUser/UserName_Email_Input'

2021-02-16 17:43:01 - [MESSAGE][PASSED] - Keys 'Test@12345' sent to object: 'Object Repository/LoginAndRigisterUser/Password_Input'

2021-02-16 17:43:02 - [MESSAGE][PASSED] - Delayed 1 second(s)

2021-02-16 17:43:02 - [MESSAGE][PASSED] - Object 'Object Repository/LoginAndRigisterUser/LoginBtn' is clickable

2021-02-16 17:43:02 - [MESSAGE][INFO] - Clicked on element with JS

2021-02-16 17:43:04 - [MESSAGE][PASSED] - Keys '0' sent to object: 'Object Repository/LoginAndRigisterUser/otpOne'

2021-02-16 17:43:05 - [MESSAGE][PASSED] - Keys '0' sent to object: 'Object Repository/LoginAndRigisterUser/otpTwo'

2021-02-16 17:43:07 - [MESSAGE][PASSED] - Keys '0' sent to object: 'Object Repository/LoginAndRigisterUser/otpThree'

2021-02-16 17:43:07 - [MESSAGE][PASSED] - Keys '0' sent to object: 'Object Repository/LoginAndRigisterUser/otpFour'

2021-02-16 17:43:08 - [MESSAGE][PASSED] - Keys '0' sent to object: 'Object Repository/LoginAndRigisterUser/otpFive'

2021-02-16 17:43:09 - [MESSAGE][INFO] - Clicked on element with JS

2021-02-16 17:43:11 - [MESSAGE][PASSED] - Object: 'Object Repository/HomePage/ChooseAFile' is clicked on

2021-02-16 17:43:13 - [MESSAGE][PASSED] - Delayed 2 second(s)

2021-02-16 17:43:15 - [MESSAGE][INFO] - Image Uploaded Sucsessfully

2021-02-16 17:43:17 - [MESSAGE][PASSED] - Delayed 2 second(s)

2021-02-16 17:43:17 - [MESSAGE][PASSED] - Text 'sampleExcel' is present on page 

2021-02-16 17:43:19 - [MESSAGE][PASSED] - Object: 'Object Repository/HomePage/Window7RadioBtn' is clicked on

2021-02-16 17:43:19 - [MESSAGE][PASSED] - Scroll to object 'Object Repository/HomePage/startAnalysis_EnableBtn' successfully

2021-02-16 17:43:20 - [MESSAGE][PASSED] - Object: 'Object Repository/HomePage/startAnalysis_EnableBtn' is clicked on

2021-02-16 17:43:22 - [MESSAGE][PASSED] - Object 'Object Repository/SubmissionPage/Submission_SearchIcon' is visible

2021-02-16 17:43:22 - [MESSAGE][PASSED] - Object 'Object Repository/SubmissionPage/Submission_SearchIcon' is visible

2021-02-16 17:43:22 - [MESSAGE][PASSED] - Actual object 'sampleExcel.xlsx' and expected object 'sampleExcel.xlsx' are equal

2021-02-16 17:43:22 - [MESSAGE][PASSED] - customKeywords.commanFunctions.uploadFileOfRegisterUser is PASSED

2021-02-16 17:43:22 - [TEST_STEP][PASSED] - customKeywords.commanFunctions.logOutAndcloseBrowser(): customKeywords.commanFunctions.logOutAndcloseBrowser is PASSED

2021-02-16 17:43:23 - [MESSAGE][PASSED] - Object 'Object Repository/LoginAndRigisterUser/AdminDD' is clickable

2021-02-16 17:43:23 - [MESSAGE][INFO] - Clicked on element with JS

2021-02-16 17:43:24 - [MESSAGE][INFO] - Clicked on element with JS

2021-02-16 17:43:25 - [MESSAGE][PASSED] - Delayed 1 second(s)

2021-02-16 17:43:25 - [MESSAGE][PASSED] - Browser is closed

2021-02-16 17:43:25 - [MESSAGE][PASSED] - customKeywords.commanFunctions.logOutAndcloseBrowser is PASSED]]></system-out>
         <system-err><![CDATA[]]></system-err>
      </testcase>
      <testcase name="Test Cases/UploadDiffURLs_RegisterUser/TC_As a register user, Successfully submit the URL" time="36.001" classname="Test Cases/UploadDiffURLs_RegisterUser/TC_As a register user, Successfully submit the URL" status="PASSED">
         <system-out><![CDATA[2021-02-16 17:43:25 - [TEST_CASE][PASSED] - Test Cases/UploadDiffURLs_RegisterUser/TC_As a register user, Successfully submit the URL: Test Cases/UploadDiffURLs_RegisterUser/TC_As a register user, Successfully submit the URL

2021-02-16 17:43:25 - [TEST_STEP][PASSED] - excelTestData = findTestData("Data Files/TestData/InspectTestData"): null

2021-02-16 17:43:25 - [TEST_STEP][PASSED] - sampleURL = excelTestData.getValue(2, 382): null

2021-02-16 17:43:25 - [TEST_STEP][PASSED] - rigisterUN = excelTestData.getValue(6, 23): null

2021-02-16 17:43:25 - [TEST_STEP][PASSED] - rigisterPW = excelTestData.getValue(3, 23): null

2021-02-16 17:43:25 - [TEST_STEP][PASSED] - customKeywords.commanFunctions.enterURLOfRegisterUser(sampleURL, rigisterUN, rigisterPW): customKeywords.commanFunctions.enterURLOfRegisterUser is PASSED

2021-02-16 17:43:26 - [MESSAGE][INFO] - Starting 'Chrome' driver

2021-02-16 17:43:26 - [MESSAGE][INFO] - Action delay is set to 0 milliseconds

2021-02-16 17:43:37 - [MESSAGE][PASSED] - Browser is opened with url: 'https://Inspect.Stage.site.sa'

2021-02-16 17:43:39 - [MESSAGE][PASSED] - Current window maximized

2021-02-16 17:43:39 - [MESSAGE][PASSED] - Wait for page load successfully

2021-02-16 17:43:40 - [MESSAGE][PASSED] - Object 'Object Repository/LoginAndRigisterUser/LoginLink' is clickable

2021-02-16 17:43:40 - [MESSAGE][INFO] - Clicked on element with JS

2021-02-16 17:43:41 - [MESSAGE][PASSED] - Keys 'Os-anelapatla@projects.site.sa' sent to object: 'Object Repository/LoginAndRigisterUser/UserName_Email_Input'

2021-02-16 17:43:41 - [MESSAGE][PASSED] - Keys 'Test@12345' sent to object: 'Object Repository/LoginAndRigisterUser/Password_Input'

2021-02-16 17:43:42 - [MESSAGE][PASSED] - Delayed 1 second(s)

2021-02-16 17:43:42 - [MESSAGE][PASSED] - Object 'Object Repository/LoginAndRigisterUser/LoginBtn' is clickable

2021-02-16 17:43:43 - [MESSAGE][INFO] - Clicked on element with JS

2021-02-16 17:43:45 - [MESSAGE][PASSED] - Keys '0' sent to object: 'Object Repository/LoginAndRigisterUser/otpOne'

2021-02-16 17:43:45 - [MESSAGE][PASSED] - Keys '0' sent to object: 'Object Repository/LoginAndRigisterUser/otpTwo'

2021-02-16 17:43:46 - [MESSAGE][PASSED] - Keys '0' sent to object: 'Object Repository/LoginAndRigisterUser/otpThree'

2021-02-16 17:43:47 - [MESSAGE][PASSED] - Keys '0' sent to object: 'Object Repository/LoginAndRigisterUser/otpFour'

2021-02-16 17:43:48 - [MESSAGE][PASSED] - Keys '0' sent to object: 'Object Repository/LoginAndRigisterUser/otpFive'

2021-02-16 17:43:49 - [MESSAGE][INFO] - Clicked on element with JS

2021-02-16 17:43:51 - [MESSAGE][PASSED] - Object: 'Object Repository/HomePage/URL_Tab' is clicked on

2021-02-16 17:43:53 - [MESSAGE][PASSED] - Keys 'http://www.company.com' sent to object: 'Object Repository/HomePage/PleaseEnterURL_Input'

2021-02-16 17:43:54 - [MESSAGE][PASSED] - Object: 'Object Repository/HomePage/Window10RadioBtn' is clicked on

2021-02-16 17:43:55 - [MESSAGE][PASSED] - Object: 'Object Repository/HomePage/startAnalysis_EnableBtn' is clicked on

2021-02-16 17:43:57 - [MESSAGE][PASSED] - Text 'Your submission was successful, the analysis results will be delivered to you via email' is present on page 

2021-02-16 17:43:57 - [MESSAGE][PASSED] - Object 'Object Repository/SubmissionPage/Submission_SearchIcon' is visible

2021-02-16 17:43:58 - [MESSAGE][PASSED] - Object 'Object Repository/SubmissionPage/Submission_SearchIcon' is visible

2021-02-16 17:43:58 - [MESSAGE][PASSED] - Actual object 'http://www.company.com' and expected object 'http://www.company.com' are equal

2021-02-16 17:43:58 - [MESSAGE][PASSED] - customKeywords.commanFunctions.enterURLOfRegisterUser is PASSED

2021-02-16 17:43:58 - [TEST_STEP][PASSED] - customKeywords.commanFunctions.logOutAndcloseBrowser(): customKeywords.commanFunctions.logOutAndcloseBrowser is PASSED

2021-02-16 17:43:58 - [MESSAGE][PASSED] - Object 'Object Repository/LoginAndRigisterUser/AdminDD' is clickable

2021-02-16 17:43:59 - [MESSAGE][INFO] - Clicked on element with JS

2021-02-16 17:44:00 - [MESSAGE][INFO] - Clicked on element with JS

2021-02-16 17:44:01 - [MESSAGE][PASSED] - Delayed 1 second(s)

2021-02-16 17:44:01 - [MESSAGE][PASSED] - Browser is closed

2021-02-16 17:44:01 - [MESSAGE][PASSED] - customKeywords.commanFunctions.logOutAndcloseBrowser is PASSED]]></system-out>
         <system-err><![CDATA[]]></system-err>
      </testcase>
      <testcase name="Test Cases/UploadDiffURLs_RegisterUser/TC_As a register user, Successfully submit the URLWithPathParameters" time="33.018" classname="Test Cases/UploadDiffURLs_RegisterUser/TC_As a register user, Successfully submit the URLWithPathParameters" status="PASSED">
         <system-out><![CDATA[2021-02-16 17:44:01 - [TEST_CASE][PASSED] - Test Cases/UploadDiffURLs_RegisterUser/TC_As a register user, Successfully submit the URLWithPathParameters: Test Cases/UploadDiffURLs_RegisterUser/TC_As a register user, Successfully submit the URLWithPathParameters

2021-02-16 17:44:01 - [TEST_STEP][PASSED] - excelTestData = findTestData("Data Files/TestData/InspectTestData"): null

2021-02-16 17:44:01 - [TEST_STEP][PASSED] - sampleURL = excelTestData.getValue(2, 386): null

2021-02-16 17:44:01 - [TEST_STEP][PASSED] - rigisterUN = excelTestData.getValue(6, 23): null

2021-02-16 17:44:01 - [TEST_STEP][PASSED] - rigisterPW = excelTestData.getValue(3, 23): null

2021-02-16 17:44:01 - [TEST_STEP][PASSED] - customKeywords.commanFunctions.enterURLOfRegisterUser(sampleURL, rigisterUN, rigisterPW): customKeywords.commanFunctions.enterURLOfRegisterUser is PASSED

2021-02-16 17:44:02 - [MESSAGE][INFO] - Starting 'Chrome' driver

2021-02-16 17:44:02 - [MESSAGE][INFO] - Action delay is set to 0 milliseconds

2021-02-16 17:44:12 - [MESSAGE][PASSED] - Browser is opened with url: 'https://Inspect.Stage.site.sa'

2021-02-16 17:44:14 - [MESSAGE][PASSED] - Current window maximized

2021-02-16 17:44:14 - [MESSAGE][PASSED] - Wait for page load successfully

2021-02-16 17:44:15 - [MESSAGE][PASSED] - Object 'Object Repository/LoginAndRigisterUser/LoginLink' is clickable

2021-02-16 17:44:15 - [MESSAGE][INFO] - Clicked on element with JS

2021-02-16 17:44:15 - [MESSAGE][PASSED] - Keys 'Os-anelapatla@projects.site.sa' sent to object: 'Object Repository/LoginAndRigisterUser/UserName_Email_Input'

2021-02-16 17:44:16 - [MESSAGE][PASSED] - Keys 'Test@12345' sent to object: 'Object Repository/LoginAndRigisterUser/Password_Input'

2021-02-16 17:44:17 - [MESSAGE][PASSED] - Delayed 1 second(s)

2021-02-16 17:44:17 - [MESSAGE][PASSED] - Object 'Object Repository/LoginAndRigisterUser/LoginBtn' is clickable

2021-02-16 17:44:18 - [MESSAGE][INFO] - Clicked on element with JS

2021-02-16 17:44:20 - [MESSAGE][PASSED] - Keys '0' sent to object: 'Object Repository/LoginAndRigisterUser/otpOne'

2021-02-16 17:44:21 - [MESSAGE][PASSED] - Keys '0' sent to object: 'Object Repository/LoginAndRigisterUser/otpTwo'

2021-02-16 17:44:22 - [MESSAGE][PASSED] - Keys '0' sent to object: 'Object Repository/LoginAndRigisterUser/otpThree'

2021-02-16 17:44:23 - [MESSAGE][PASSED] - Keys '0' sent to object: 'Object Repository/LoginAndRigisterUser/otpFour'

2021-02-16 17:44:24 - [MESSAGE][PASSED] - Keys '0' sent to object: 'Object Repository/LoginAndRigisterUser/otpFive'

2021-02-16 17:44:24 - [MESSAGE][INFO] - Clicked on element with JS

2021-02-16 17:44:26 - [MESSAGE][PASSED] - Object: 'Object Repository/HomePage/URL_Tab' is clicked on

2021-02-16 17:44:27 - [MESSAGE][PASSED] - Keys 'http://www.company.com/showOrder.php' sent to object: 'Object Repository/HomePage/PleaseEnterURL_Input'

2021-02-16 17:44:28 - [MESSAGE][PASSED] - Object: 'Object Repository/HomePage/Window10RadioBtn' is clicked on

2021-02-16 17:44:29 - [MESSAGE][PASSED] - Object: 'Object Repository/HomePage/startAnalysis_EnableBtn' is clicked on

2021-02-16 17:44:31 - [MESSAGE][PASSED] - Text 'Your submission was successful, the analysis results will be delivered to you via email' is present on page 

2021-02-16 17:44:31 - [MESSAGE][PASSED] - Object 'Object Repository/SubmissionPage/Submission_SearchIcon' is visible

2021-02-16 17:44:31 - [MESSAGE][PASSED] - Object 'Object Repository/SubmissionPage/Submission_SearchIcon' is visible

2021-02-16 17:44:31 - [MESSAGE][PASSED] - Actual object 'http://www.company.com/showOrder.php' and expected object 'http://www.company.com/showOrder.php' are equal

2021-02-16 17:44:31 - [MESSAGE][PASSED] - customKeywords.commanFunctions.enterURLOfRegisterUser is PASSED

2021-02-16 17:44:31 - [TEST_STEP][PASSED] - customKeywords.commanFunctions.logOutAndcloseBrowser(): customKeywords.commanFunctions.logOutAndcloseBrowser is PASSED

2021-02-16 17:44:32 - [MESSAGE][PASSED] - Object 'Object Repository/LoginAndRigisterUser/AdminDD' is clickable

2021-02-16 17:44:32 - [MESSAGE][INFO] - Clicked on element with JS

2021-02-16 17:44:33 - [MESSAGE][INFO] - Clicked on element with JS

2021-02-16 17:44:34 - [MESSAGE][PASSED] - Delayed 1 second(s)

2021-02-16 17:44:34 - [MESSAGE][PASSED] - Browser is closed

2021-02-16 17:44:34 - [MESSAGE][PASSED] - customKeywords.commanFunctions.logOutAndcloseBrowser is PASSED]]></system-out>
         <system-err><![CDATA[]]></system-err>
      </testcase>
      <testcase name="Test Cases/UploadDiffURLs_RegisterUser/TC_As a register user, Successfully submit the URLWithQueryParameters" time="43.829" classname="Test Cases/UploadDiffURLs_RegisterUser/TC_As a register user, Successfully submit the URLWithQueryParameters" status="PASSED">
         <system-out><![CDATA[2021-02-16 17:44:34 - [TEST_CASE][PASSED] - Test Cases/UploadDiffURLs_RegisterUser/TC_As a register user, Successfully submit the URLWithQueryParameters: Test Cases/UploadDiffURLs_RegisterUser/TC_As a register user, Successfully submit the URLWithQueryParameters

2021-02-16 17:44:34 - [TEST_STEP][PASSED] - excelTestData = findTestData("Data Files/TestData/InspectTestData"): null

2021-02-16 17:44:35 - [TEST_STEP][PASSED] - sampleURL = excelTestData.getValue(2, 390): null

2021-02-16 17:44:35 - [TEST_STEP][PASSED] - rigisterUN = excelTestData.getValue(6, 23): null

2021-02-16 17:44:35 - [TEST_STEP][PASSED] - rigisterPW = excelTestData.getValue(3, 23): null

2021-02-16 17:44:35 - [TEST_STEP][PASSED] - customKeywords.commanFunctions.enterURLOfRegisterUser(sampleURL, rigisterUN, rigisterPW): customKeywords.commanFunctions.enterURLOfRegisterUser is PASSED

2021-02-16 17:44:35 - [MESSAGE][INFO] - Starting 'Chrome' driver

2021-02-16 17:44:35 - [MESSAGE][INFO] - Action delay is set to 0 milliseconds

2021-02-16 17:44:54 - [MESSAGE][PASSED] - Browser is opened with url: 'https://Inspect.Stage.site.sa'

2021-02-16 17:44:56 - [MESSAGE][PASSED] - Current window maximized

2021-02-16 17:44:56 - [MESSAGE][PASSED] - Wait for page load successfully

2021-02-16 17:44:56 - [MESSAGE][PASSED] - Object 'Object Repository/LoginAndRigisterUser/LoginLink' is clickable

2021-02-16 17:44:57 - [MESSAGE][INFO] - Clicked on element with JS

2021-02-16 17:44:57 - [MESSAGE][PASSED] - Keys 'Os-anelapatla@projects.site.sa' sent to object: 'Object Repository/LoginAndRigisterUser/UserName_Email_Input'

2021-02-16 17:44:58 - [MESSAGE][PASSED] - Keys 'Test@12345' sent to object: 'Object Repository/LoginAndRigisterUser/Password_Input'

2021-02-16 17:44:59 - [MESSAGE][PASSED] - Delayed 1 second(s)

2021-02-16 17:44:59 - [MESSAGE][PASSED] - Object 'Object Repository/LoginAndRigisterUser/LoginBtn' is clickable

2021-02-16 17:45:00 - [MESSAGE][INFO] - Clicked on element with JS

2021-02-16 17:45:02 - [MESSAGE][PASSED] - Keys '0' sent to object: 'Object Repository/LoginAndRigisterUser/otpOne'

2021-02-16 17:45:02 - [MESSAGE][PASSED] - Keys '0' sent to object: 'Object Repository/LoginAndRigisterUser/otpTwo'

2021-02-16 17:45:03 - [MESSAGE][PASSED] - Keys '0' sent to object: 'Object Repository/LoginAndRigisterUser/otpThree'

2021-02-16 17:45:04 - [MESSAGE][PASSED] - Keys '0' sent to object: 'Object Repository/LoginAndRigisterUser/otpFour'

2021-02-16 17:45:04 - [MESSAGE][PASSED] - Keys '0' sent to object: 'Object Repository/LoginAndRigisterUser/otpFive'

2021-02-16 17:45:05 - [MESSAGE][INFO] - Clicked on element with JS

2021-02-16 17:45:07 - [MESSAGE][PASSED] - Object: 'Object Repository/HomePage/URL_Tab' is clicked on

2021-02-16 17:45:08 - [MESSAGE][PASSED] - Keys 'http://www.company.com/showOrder.php?order=4621047' sent to object: 'Object Repository/HomePage/PleaseEnterURL_Input'

2021-02-16 17:45:10 - [MESSAGE][PASSED] - Object: 'Object Repository/HomePage/Window10RadioBtn' is clicked on

2021-02-16 17:45:12 - [MESSAGE][PASSED] - Object: 'Object Repository/HomePage/startAnalysis_EnableBtn' is clicked on

2021-02-16 17:45:14 - [MESSAGE][PASSED] - Text 'Your submission was successful, the analysis results will be delivered to you via email' is present on page 

2021-02-16 17:45:15 - [MESSAGE][PASSED] - Object 'Object Repository/SubmissionPage/Submission_SearchIcon' is visible

2021-02-16 17:45:15 - [MESSAGE][PASSED] - Object 'Object Repository/SubmissionPage/Submission_SearchIcon' is visible

2021-02-16 17:45:15 - [MESSAGE][PASSED] - Actual object 'http://www.company.com/showOrder.php?order=4621047' and expected object 'http://www.company.com/showOrder.php?order=4621047' are equal

2021-02-16 17:45:15 - [MESSAGE][PASSED] - customKeywords.commanFunctions.enterURLOfRegisterUser is PASSED

2021-02-16 17:45:15 - [TEST_STEP][PASSED] - customKeywords.commanFunctions.logOutAndcloseBrowser(): customKeywords.commanFunctions.logOutAndcloseBrowser is PASSED

2021-02-16 17:45:16 - [MESSAGE][PASSED] - Object 'Object Repository/LoginAndRigisterUser/AdminDD' is clickable

2021-02-16 17:45:16 - [MESSAGE][INFO] - Clicked on element with JS

2021-02-16 17:45:17 - [MESSAGE][INFO] - Clicked on element with JS

2021-02-16 17:45:18 - [MESSAGE][PASSED] - Delayed 1 second(s)

2021-02-16 17:45:18 - [MESSAGE][PASSED] - Browser is closed

2021-02-16 17:45:18 - [MESSAGE][PASSED] - customKeywords.commanFunctions.logOutAndcloseBrowser is PASSED]]></system-out>
         <system-err><![CDATA[]]></system-err>
      </testcase>
      <testcase name="Test Cases/UploadDiffURLs_RegisterUser/TC_As register user , Trigger URL validation with invalid formats" time="42.417" classname="Test Cases/UploadDiffURLs_RegisterUser/TC_As register user , Trigger URL validation with invalid formats" status="FAILED">
         <failure type="FAILED" message="Test Cases/UploadDiffURLs_RegisterUser/TC_As register user , Trigger URL validation with invalid formats FAILED.
Reason:
com.kms.katalon.core.exception.StepFailedException: Unable to verify text 'URL format is not valid.' is present 
	at com.kms.katalon.core.webui.keyword.internal.WebUIKeywordMain.stepFailed(WebUIKeywordMain.groovy:64)
	at com.kms.katalon.core.webui.keyword.internal.WebUIKeywordMain.runKeyword(WebUIKeywordMain.groovy:26)
	at com.kms.katalon.core.webui.keyword.builtin.VerifyTextPresentKeyword.verifyTextPresent(VerifyTextPresentKeyword.groovy:83)
	at com.kms.katalon.core.webui.keyword.builtin.VerifyTextPresentKeyword.execute(VerifyTextPresentKeyword.groovy:68)
	at com.kms.katalon.core.keyword.internal.KeywordExecutor.executeKeywordForPlatform(KeywordExecutor.groovy:73)
	at com.kms.katalon.core.webui.keyword.WebUiBuiltInKeywords.verifyTextPresent(WebUiBuiltInKeywords.groovy:1720)
	at com.kms.katalon.core.webui.keyword.WebUiBuiltInKeywords$verifyTextPresent$6.call(Unknown Source)
	at TC_As register user , Trigger URL validation with invalid formats.run(TC_As register user , Trigger URL validation with invalid formats:41)
	at com.kms.katalon.core.main.ScriptEngine.run(ScriptEngine.java:194)
	at com.kms.katalon.core.main.ScriptEngine.runScriptAsRawText(ScriptEngine.java:119)
	at com.kms.katalon.core.main.TestCaseExecutor.runScript(TestCaseExecutor.java:394)
	at com.kms.katalon.core.main.TestCaseExecutor.doExecute(TestCaseExecutor.java:385)
	at com.kms.katalon.core.main.TestCaseExecutor.processExecutionPhase(TestCaseExecutor.java:364)
	at com.kms.katalon.core.main.TestCaseExecutor.accessMainPhase(TestCaseExecutor.java:356)
	at com.kms.katalon.core.main.TestCaseExecutor.execute(TestCaseExecutor.java:251)
	at com.kms.katalon.core.main.TestSuiteExecutor.accessTestCaseMainPhase(TestSuiteExecutor.java:203)
	at com.kms.katalon.core.main.TestSuiteExecutor.accessTestSuiteMainPhase(TestSuiteExecutor.java:152)
	at com.kms.katalon.core.main.TestSuiteExecutor.execute(TestSuiteExecutor.java:95)
	at com.kms.katalon.core.main.TestCaseMain.startTestSuite(TestCaseMain.java:157)
	at com.kms.katalon.core.main.TestCaseMain$startTestSuite$0.call(Unknown Source)
	at TempTestSuite1613476477502.run(TempTestSuite1613476477502.groovy:39)
Caused by: com.kms.katalon.core.exception.StepFailedException: Text 'URL format is not valid.' is not present on page 
	at com.kms.katalon.core.webui.keyword.internal.WebUIKeywordMain.stepFailed(WebUIKeywordMain.groovy:64)
	at com.kms.katalon.core.webui.keyword.builtin.VerifyTextPresentKeyword$_verifyTextPresent_closure1.doCall(VerifyTextPresentKeyword.groovy:79)
	at com.kms.katalon.core.webui.keyword.builtin.VerifyTextPresentKeyword$_verifyTextPresent_closure1.call(VerifyTextPresentKeyword.groovy)
	at com.kms.katalon.core.webui.keyword.internal.WebUIKeywordMain.runKeyword(WebUIKeywordMain.groovy:20)
	... 19 more
"/>
         <system-out><![CDATA[2021-02-16 17:45:18 - [TEST_CASE][FAILED] - Test Cases/UploadDiffURLs_RegisterUser/TC_As register user , Trigger URL validation with invalid formats: Test Cases/UploadDiffURLs_RegisterUser/TC_As register user , Trigger URL validation with invalid formats FAILED.
Reason:
com.kms.katalon.core.exception.StepFailedException: Unable to verify text 'URL format is not valid.' is present 
	at com.kms.katalon.core.webui.keyword.internal.WebUIKeywordMain.stepFailed(WebUIKeywordMain.groovy:64)
	at com.kms.katalon.core.webui.keyword.internal.WebUIKeywordMain.runKeyword(WebUIKeywordMain.groovy:26)
	at com.kms.katalon.core.webui.keyword.builtin.VerifyTextPresentKeyword.verifyTextPresent(VerifyTextPresentKeyword.groovy:83)
	at com.kms.katalon.core.webui.keyword.builtin.VerifyTextPresentKeyword.execute(VerifyTextPresentKeyword.groovy:68)
	at com.kms.katalon.core.keyword.internal.KeywordExecutor.executeKeywordForPlatform(KeywordExecutor.groovy:73)
	at com.kms.katalon.core.webui.keyword.WebUiBuiltInKeywords.verifyTextPresent(WebUiBuiltInKeywords.groovy:1720)
	at com.kms.katalon.core.webui.keyword.WebUiBuiltInKeywords$verifyTextPresent$6.call(Unknown Source)
	at TC_As register user , Trigger URL validation with invalid formats.run(TC_As register user , Trigger URL validation with invalid formats:41)
	at com.kms.katalon.core.main.ScriptEngine.run(ScriptEngine.java:194)
	at com.kms.katalon.core.main.ScriptEngine.runScriptAsRawText(ScriptEngine.java:119)
	at com.kms.katalon.core.main.TestCaseExecutor.runScript(TestCaseExecutor.java:394)
	at com.kms.katalon.core.main.TestCaseExecutor.doExecute(TestCaseExecutor.java:385)
	at com.kms.katalon.core.main.TestCaseExecutor.processExecutionPhase(TestCaseExecutor.java:364)
	at com.kms.katalon.core.main.TestCaseExecutor.accessMainPhase(TestCaseExecutor.java:356)
	at com.kms.katalon.core.main.TestCaseExecutor.execute(TestCaseExecutor.java:251)
	at com.kms.katalon.core.main.TestSuiteExecutor.accessTestCaseMainPhase(TestSuiteExecutor.java:203)
	at com.kms.katalon.core.main.TestSuiteExecutor.accessTestSuiteMainPhase(TestSuiteExecutor.java:152)
	at com.kms.katalon.core.main.TestSuiteExecutor.execute(TestSuiteExecutor.java:95)
	at com.kms.katalon.core.main.TestCaseMain.startTestSuite(TestCaseMain.java:157)
	at com.kms.katalon.core.main.TestCaseMain$startTestSuite$0.call(Unknown Source)
	at TempTestSuite1613476477502.run(TempTestSuite1613476477502.groovy:39)
Caused by: com.kms.katalon.core.exception.StepFailedException: Text 'URL format is not valid.' is not present on page 
	at com.kms.katalon.core.webui.keyword.internal.WebUIKeywordMain.stepFailed(WebUIKeywordMain.groovy:64)
	at com.kms.katalon.core.webui.keyword.builtin.VerifyTextPresentKeyword$_verifyTextPresent_closure1.doCall(VerifyTextPresentKeyword.groovy:79)
	at com.kms.katalon.core.webui.keyword.builtin.VerifyTextPresentKeyword$_verifyTextPresent_closure1.call(VerifyTextPresentKeyword.groovy)
	at com.kms.katalon.core.webui.keyword.internal.WebUIKeywordMain.runKeyword(WebUIKeywordMain.groovy:20)
	... 19 more


2021-02-16 17:45:18 - [TEST_STEP][PASSED] - excelTestData = findTestData("Data Files/TestData/InspectTestData"): null

2021-02-16 17:45:18 - [TEST_STEP][PASSED] - obj = findTestObject("LoginAndRigisterUser/LoginLink"): null

2021-02-16 17:45:18 - [TEST_STEP][PASSED] - customKeywords.commanFunctions.openBrowser(): customKeywords.commanFunctions.openBrowser is PASSED

2021-02-16 17:45:19 - [MESSAGE][INFO] - Starting 'Chrome' driver

2021-02-16 17:45:19 - [MESSAGE][INFO] - Action delay is set to 0 milliseconds

2021-02-16 17:45:37 - [MESSAGE][PASSED] - Browser is opened with url: 'https://Inspect.Stage.site.sa'

2021-02-16 17:45:39 - [MESSAGE][PASSED] - Current window maximized

2021-02-16 17:45:39 - [MESSAGE][PASSED] - Wait for page load successfully

2021-02-16 17:45:39 - [MESSAGE][PASSED] - customKeywords.commanFunctions.openBrowser is PASSED

2021-02-16 17:45:39 - [TEST_STEP][PASSED] - waitForElementClickable(findTestObject("LoginAndRigisterUser/LoginLink"), TimeOut): Object 'Object Repository/LoginAndRigisterUser/LoginLink' is clickable

2021-02-16 17:45:40 - [MESSAGE][PASSED] - Object 'Object Repository/LoginAndRigisterUser/LoginLink' is clickable

2021-02-16 17:45:40 - [TEST_STEP][PASSED] - customKeywords.commanFunctions.clickElementWithJS(obj): customKeywords.commanFunctions.clickElementWithJS is PASSED

2021-02-16 17:45:40 - [MESSAGE][INFO] - Clicked on element with JS

2021-02-16 17:45:40 - [MESSAGE][PASSED] - customKeywords.commanFunctions.clickElementWithJS is PASSED

2021-02-16 17:45:40 - [TEST_STEP][PASSED] - rigisterUN = excelTestData.getValue(2, 23): null

2021-02-16 17:45:40 - [TEST_STEP][PASSED] - rigisterPW = excelTestData.getValue(3, 23): null

2021-02-16 17:45:40 - [TEST_STEP][PASSED] - customKeywords.commanFunctions.logIntoBrowserWithReqCredentials(rigisterUN, rigisterPW): customKeywords.commanFunctions.logIntoBrowserWithReqCredentials is PASSED

2021-02-16 17:45:41 - [MESSAGE][PASSED] - Keys 'Os-ARahman@projects.site.sa' sent to object: 'Object Repository/LoginAndRigisterUser/UserName_Email_Input'

2021-02-16 17:45:41 - [MESSAGE][PASSED] - Keys 'Test@12345' sent to object: 'Object Repository/LoginAndRigisterUser/Password_Input'

2021-02-16 17:45:42 - [MESSAGE][PASSED] - Delayed 1 second(s)

2021-02-16 17:45:43 - [MESSAGE][PASSED] - Object 'Object Repository/LoginAndRigisterUser/LoginBtn' is clickable

2021-02-16 17:45:43 - [MESSAGE][INFO] - Clicked on element with JS

2021-02-16 17:45:43 - [MESSAGE][PASSED] - customKeywords.commanFunctions.logIntoBrowserWithReqCredentials is PASSED

2021-02-16 17:45:43 - [TEST_STEP][PASSED] - customKeywords.commanFunctions.otpLogin(): customKeywords.commanFunctions.otpLogin is PASSED

2021-02-16 17:45:45 - [MESSAGE][PASSED] - Keys '0' sent to object: 'Object Repository/LoginAndRigisterUser/otpOne'

2021-02-16 17:45:46 - [MESSAGE][PASSED] - Keys '0' sent to object: 'Object Repository/LoginAndRigisterUser/otpTwo'

2021-02-16 17:45:48 - [MESSAGE][PASSED] - Keys '0' sent to object: 'Object Repository/LoginAndRigisterUser/otpThree'

2021-02-16 17:45:48 - [MESSAGE][PASSED] - Keys '0' sent to object: 'Object Repository/LoginAndRigisterUser/otpFour'

2021-02-16 17:45:49 - [MESSAGE][PASSED] - Keys '0' sent to object: 'Object Repository/LoginAndRigisterUser/otpFive'

2021-02-16 17:45:50 - [MESSAGE][INFO] - Clicked on element with JS

2021-02-16 17:45:50 - [MESSAGE][PASSED] - customKeywords.commanFunctions.otpLogin is PASSED

2021-02-16 17:45:50 - [TEST_STEP][PASSED] - click(findTestObject("Object Repository/HomePage/URL_Tab")): Object: 'Object Repository/HomePage/URL_Tab' is clicked on

2021-02-16 17:45:52 - [MESSAGE][PASSED] - Object: 'Object Repository/HomePage/URL_Tab' is clicked on

2021-02-16 17:45:52 - [TEST_STEP][PASSED] - ErrorValidationMessage = excelTestData.getValue(3, 42): null

2021-02-16 17:45:52 - [TEST_STEP][FAILED] - for ([i = 42, i <= 46, (i++)]): Unable to verify text 'URL format is not valid.' is present  (Root cause: com.kms.katalon.core.exception.StepFailedException: Unable to verify text 'URL format is not valid.' is present 
	at com.kms.katalon.core.webui.keyword.internal.WebUIKeywordMain.stepFailed(WebUIKeywordMain.groovy:64)
	at com.kms.katalon.core.webui.keyword.internal.WebUIKeywordMain.runKeyword(WebUIKeywordMain.groovy:26)
	at com.kms.katalon.core.webui.keyword.builtin.VerifyTextPresentKeyword.verifyTextPresent(VerifyTextPresentKeyword.groovy:83)
	at com.kms.katalon.core.webui.keyword.builtin.VerifyTextPresentKeyword.execute(VerifyTextPresentKeyword.groovy:68)
	at com.kms.katalon.core.keyword.internal.KeywordExecutor.executeKeywordForPlatform(KeywordExecutor.groovy:73)
	at com.kms.katalon.core.webui.keyword.WebUiBuiltInKeywords.verifyTextPresent(WebUiBuiltInKeywords.groovy:1720)
	at com.kms.katalon.core.webui.keyword.WebUiBuiltInKeywords$verifyTextPresent$6.call(Unknown Source)
	at TC_As register user , Trigger URL validation with invalid formats.run(TC_As register user , Trigger URL validation with invalid formats:41)
	at com.kms.katalon.core.main.ScriptEngine.run(ScriptEngine.java:194)
	at com.kms.katalon.core.main.ScriptEngine.runScriptAsRawText(ScriptEngine.java:119)
	at com.kms.katalon.core.main.TestCaseExecutor.runScript(TestCaseExecutor.java:394)
	at com.kms.katalon.core.main.TestCaseExecutor.doExecute(TestCaseExecutor.java:385)
	at com.kms.katalon.core.main.TestCaseExecutor.processExecutionPhase(TestCaseExecutor.java:364)
	at com.kms.katalon.core.main.TestCaseExecutor.accessMainPhase(TestCaseExecutor.java:356)
	at com.kms.katalon.core.main.TestCaseExecutor.execute(TestCaseExecutor.java:251)
	at com.kms.katalon.core.main.TestSuiteExecutor.accessTestCaseMainPhase(TestSuiteExecutor.java:203)
	at com.kms.katalon.core.main.TestSuiteExecutor.accessTestSuiteMainPhase(TestSuiteExecutor.java:152)
	at com.kms.katalon.core.main.TestSuiteExecutor.execute(TestSuiteExecutor.java:95)
	at com.kms.katalon.core.main.TestCaseMain.startTestSuite(TestCaseMain.java:157)
	at com.kms.katalon.core.main.TestCaseMain$startTestSuite$0.call(Unknown Source)
	at TempTestSuite1613476477502.run(TempTestSuite1613476477502.groovy:39)
Caused by: com.kms.katalon.core.exception.StepFailedException: Text 'URL format is not valid.' is not present on page 
	at com.kms.katalon.core.webui.keyword.internal.WebUIKeywordMain.stepFailed(WebUIKeywordMain.groovy:64)
	at com.kms.katalon.core.webui.keyword.builtin.VerifyTextPresentKeyword$_verifyTextPresent_closure1.doCall(VerifyTextPresentKeyword.groovy:79)
	at com.kms.katalon.core.webui.keyword.builtin.VerifyTextPresentKeyword$_verifyTextPresent_closure1.call(VerifyTextPresentKeyword.groovy)
	at com.kms.katalon.core.webui.keyword.internal.WebUIKeywordMain.runKeyword(WebUIKeywordMain.groovy:20)
	... 19 more
)

2021-02-16 17:45:52 - [TEST_STEP][PASSED] - IncorrectURLs = excelTestData.getValue(2, i): null

2021-02-16 17:45:52 - [TEST_STEP][PASSED] - sendKeys(findTestObject("Object Repository/HomePage/PleaseEnterURL_Input"), IncorrectURLs): Keys 'https://www.slideshare.net/socialogilvy ' sent to object: 'Object Repository/HomePage/PleaseEnterURL_Input'

2021-02-16 17:45:53 - [MESSAGE][PASSED] - Keys 'https://www.slideshare.net/socialogilvy ' sent to object: 'Object Repository/HomePage/PleaseEnterURL_Input'

2021-02-16 17:45:53 - [TEST_STEP][PASSED] - verifyTextPresent(ErrorValidationMessage, false): Text 'URL format is not valid.' is present on page 

2021-02-16 17:45:54 - [MESSAGE][PASSED] - Text 'URL format is not valid.' is present on page 

2021-02-16 17:45:54 - [TEST_STEP][PASSED] - clearText(findTestObject("Object Repository/HomePage/PleaseEnterURL_Input")): Text of object 'Object Repository/HomePage/PleaseEnterURL_Input' is cleared

2021-02-16 17:45:56 - [MESSAGE][PASSED] - Text of object 'Object Repository/HomePage/PleaseEnterURL_Input' is cleared

2021-02-16 17:45:56 - [TEST_STEP][PASSED] - IncorrectURLs = excelTestData.getValue(2, i): null

2021-02-16 17:45:56 - [TEST_STEP][PASSED] - sendKeys(findTestObject("Object Repository/HomePage/PleaseEnterURL_Input"), IncorrectURLs): Keys 'htps://www.slideshare.net/socialogilvy' sent to object: 'Object Repository/HomePage/PleaseEnterURL_Input'

2021-02-16 17:45:56 - [MESSAGE][PASSED] - Keys 'htps://www.slideshare.net/socialogilvy' sent to object: 'Object Repository/HomePage/PleaseEnterURL_Input'

2021-02-16 17:45:56 - [TEST_STEP][PASSED] - verifyTextPresent(ErrorValidationMessage, false): Text 'URL format is not valid.' is present on page 

2021-02-16 17:45:57 - [MESSAGE][PASSED] - Text 'URL format is not valid.' is present on page 

2021-02-16 17:45:57 - [TEST_STEP][PASSED] - clearText(findTestObject("Object Repository/HomePage/PleaseEnterURL_Input")): Text of object 'Object Repository/HomePage/PleaseEnterURL_Input' is cleared

2021-02-16 17:45:57 - [MESSAGE][PASSED] - Text of object 'Object Repository/HomePage/PleaseEnterURL_Input' is cleared

2021-02-16 17:45:57 - [TEST_STEP][PASSED] - IncorrectURLs = excelTestData.getValue(2, i): null

2021-02-16 17:45:57 - [TEST_STEP][PASSED] - sendKeys(findTestObject("Object Repository/HomePage/PleaseEnterURL_Input"), IncorrectURLs): Keys 'https://ww.slideshare.net/socialogilvy' sent to object: 'Object Repository/HomePage/PleaseEnterURL_Input'

2021-02-16 17:45:58 - [MESSAGE][PASSED] - Keys 'https://ww.slideshare.net/socialogilvy' sent to object: 'Object Repository/HomePage/PleaseEnterURL_Input'

2021-02-16 17:45:58 - [TEST_STEP][FAILED] - verifyTextPresent(ErrorValidationMessage, false): Unable to verify text 'URL format is not valid.' is present  (Root cause: com.kms.katalon.core.exception.StepFailedException: Unable to verify text 'URL format is not valid.' is present 
	at com.kms.katalon.core.webui.keyword.internal.WebUIKeywordMain.stepFailed(WebUIKeywordMain.groovy:64)
	at com.kms.katalon.core.webui.keyword.internal.WebUIKeywordMain.runKeyword(WebUIKeywordMain.groovy:26)
	at com.kms.katalon.core.webui.keyword.builtin.VerifyTextPresentKeyword.verifyTextPresent(VerifyTextPresentKeyword.groovy:83)
	at com.kms.katalon.core.webui.keyword.builtin.VerifyTextPresentKeyword.execute(VerifyTextPresentKeyword.groovy:68)
	at com.kms.katalon.core.keyword.internal.KeywordExecutor.executeKeywordForPlatform(KeywordExecutor.groovy:73)
	at com.kms.katalon.core.webui.keyword.WebUiBuiltInKeywords.verifyTextPresent(WebUiBuiltInKeywords.groovy:1720)
	at com.kms.katalon.core.webui.keyword.WebUiBuiltInKeywords$verifyTextPresent$6.call(Unknown Source)
	at TC_As register user , Trigger URL validation with invalid formats.run(TC_As register user , Trigger URL validation with invalid formats:41)
	at com.kms.katalon.core.main.ScriptEngine.run(ScriptEngine.java:194)
	at com.kms.katalon.core.main.ScriptEngine.runScriptAsRawText(ScriptEngine.java:119)
	at com.kms.katalon.core.main.TestCaseExecutor.runScript(TestCaseExecutor.java:394)
	at com.kms.katalon.core.main.TestCaseExecutor.doExecute(TestCaseExecutor.java:385)
	at com.kms.katalon.core.main.TestCaseExecutor.processExecutionPhase(TestCaseExecutor.java:364)
	at com.kms.katalon.core.main.TestCaseExecutor.accessMainPhase(TestCaseExecutor.java:356)
	at com.kms.katalon.core.main.TestCaseExecutor.execute(TestCaseExecutor.java:251)
	at com.kms.katalon.core.main.TestSuiteExecutor.accessTestCaseMainPhase(TestSuiteExecutor.java:203)
	at com.kms.katalon.core.main.TestSuiteExecutor.accessTestSuiteMainPhase(TestSuiteExecutor.java:152)
	at com.kms.katalon.core.main.TestSuiteExecutor.execute(TestSuiteExecutor.java:95)
	at com.kms.katalon.core.main.TestCaseMain.startTestSuite(TestCaseMain.java:157)
	at com.kms.katalon.core.main.TestCaseMain$startTestSuite$0.call(Unknown Source)
	at TempTestSuite1613476477502.run(TempTestSuite1613476477502.groovy:39)
Caused by: com.kms.katalon.core.exception.StepFailedException: Text 'URL format is not valid.' is not present on page 
	at com.kms.katalon.core.webui.keyword.internal.WebUIKeywordMain.stepFailed(WebUIKeywordMain.groovy:64)
	at com.kms.katalon.core.webui.keyword.builtin.VerifyTextPresentKeyword$_verifyTextPresent_closure1.doCall(VerifyTextPresentKeyword.groovy:79)
	at com.kms.katalon.core.webui.keyword.builtin.VerifyTextPresentKeyword$_verifyTextPresent_closure1.call(VerifyTextPresentKeyword.groovy)
	at com.kms.katalon.core.webui.keyword.internal.WebUIKeywordMain.runKeyword(WebUIKeywordMain.groovy:20)
	... 19 more
)

2021-02-16 17:46:00 - [MESSAGE][FAILED] - Text 'URL format is not valid.' is not present on page  (Root cause: com.kms.katalon.core.exception.StepFailedException: Text 'URL format is not valid.' is not present on page 
	at com.kms.katalon.core.webui.keyword.internal.WebUIKeywordMain.stepFailed(WebUIKeywordMain.groovy:64)
	at com.kms.katalon.core.webui.keyword.builtin.VerifyTextPresentKeyword$_verifyTextPresent_closure1.doCall(VerifyTextPresentKeyword.groovy:79)
	at com.kms.katalon.core.webui.keyword.builtin.VerifyTextPresentKeyword$_verifyTextPresent_closure1.call(VerifyTextPresentKeyword.groovy)
	at com.kms.katalon.core.webui.keyword.internal.WebUIKeywordMain.runKeyword(WebUIKeywordMain.groovy:20)
	at com.kms.katalon.core.webui.keyword.builtin.VerifyTextPresentKeyword.verifyTextPresent(VerifyTextPresentKeyword.groovy:83)
	at com.kms.katalon.core.webui.keyword.builtin.VerifyTextPresentKeyword.execute(VerifyTextPresentKeyword.groovy:68)
	at com.kms.katalon.core.keyword.internal.KeywordExecutor.executeKeywordForPlatform(KeywordExecutor.groovy:73)
	at com.kms.katalon.core.webui.keyword.WebUiBuiltInKeywords.verifyTextPresent(WebUiBuiltInKeywords.groovy:1720)
	at com.kms.katalon.core.webui.keyword.WebUiBuiltInKeywords$verifyTextPresent$6.call(Unknown Source)
	at TC_As register user , Trigger URL validation with invalid formats.run(TC_As register user , Trigger URL validation with invalid formats:41)
	at com.kms.katalon.core.main.ScriptEngine.run(ScriptEngine.java:194)
	at com.kms.katalon.core.main.ScriptEngine.runScriptAsRawText(ScriptEngine.java:119)
	at com.kms.katalon.core.main.TestCaseExecutor.runScript(TestCaseExecutor.java:394)
	at com.kms.katalon.core.main.TestCaseExecutor.doExecute(TestCaseExecutor.java:385)
	at com.kms.katalon.core.main.TestCaseExecutor.processExecutionPhase(TestCaseExecutor.java:364)
	at com.kms.katalon.core.main.TestCaseExecutor.accessMainPhase(TestCaseExecutor.java:356)
	at com.kms.katalon.core.main.TestCaseExecutor.execute(TestCaseExecutor.java:251)
	at com.kms.katalon.core.main.TestSuiteExecutor.accessTestCaseMainPhase(TestSuiteExecutor.java:203)
	at com.kms.katalon.core.main.TestSuiteExecutor.accessTestSuiteMainPhase(TestSuiteExecutor.java:152)
	at com.kms.katalon.core.main.TestSuiteExecutor.execute(TestSuiteExecutor.java:95)
	at com.kms.katalon.core.main.TestCaseMain.startTestSuite(TestCaseMain.java:157)
	at com.kms.katalon.core.main.TestCaseMain$startTestSuite$0.call(Unknown Source)
	at TempTestSuite1613476477502.run(TempTestSuite1613476477502.groovy:39)
)

2021-02-16 17:46:00 - [MESSAGE][FAILED] - Unable to verify text 'URL format is not valid.' is present  (Root cause: com.kms.katalon.core.exception.StepFailedException: Unable to verify text 'URL format is not valid.' is present 
	at com.kms.katalon.core.webui.keyword.internal.WebUIKeywordMain.stepFailed(WebUIKeywordMain.groovy:64)
	at com.kms.katalon.core.webui.keyword.internal.WebUIKeywordMain.runKeyword(WebUIKeywordMain.groovy:26)
	at com.kms.katalon.core.webui.keyword.builtin.VerifyTextPresentKeyword.verifyTextPresent(VerifyTextPresentKeyword.groovy:83)
	at com.kms.katalon.core.webui.keyword.builtin.VerifyTextPresentKeyword.execute(VerifyTextPresentKeyword.groovy:68)
	at com.kms.katalon.core.keyword.internal.KeywordExecutor.executeKeywordForPlatform(KeywordExecutor.groovy:73)
	at com.kms.katalon.core.webui.keyword.WebUiBuiltInKeywords.verifyTextPresent(WebUiBuiltInKeywords.groovy:1720)
	at com.kms.katalon.core.webui.keyword.WebUiBuiltInKeywords$verifyTextPresent$6.call(Unknown Source)
	at TC_As register user , Trigger URL validation with invalid formats.run(TC_As register user , Trigger URL validation with invalid formats:41)
	at com.kms.katalon.core.main.ScriptEngine.run(ScriptEngine.java:194)
	at com.kms.katalon.core.main.ScriptEngine.runScriptAsRawText(ScriptEngine.java:119)
	at com.kms.katalon.core.main.TestCaseExecutor.runScript(TestCaseExecutor.java:394)
	at com.kms.katalon.core.main.TestCaseExecutor.doExecute(TestCaseExecutor.java:385)
	at com.kms.katalon.core.main.TestCaseExecutor.processExecutionPhase(TestCaseExecutor.java:364)
	at com.kms.katalon.core.main.TestCaseExecutor.accessMainPhase(TestCaseExecutor.java:356)
	at com.kms.katalon.core.main.TestCaseExecutor.execute(TestCaseExecutor.java:251)
	at com.kms.katalon.core.main.TestSuiteExecutor.accessTestCaseMainPhase(TestSuiteExecutor.java:203)
	at com.kms.katalon.core.main.TestSuiteExecutor.accessTestSuiteMainPhase(TestSuiteExecutor.java:152)
	at com.kms.katalon.core.main.TestSuiteExecutor.execute(TestSuiteExecutor.java:95)
	at com.kms.katalon.core.main.TestCaseMain.startTestSuite(TestCaseMain.java:157)
	at com.kms.katalon.core.main.TestCaseMain$startTestSuite$0.call(Unknown Source)
	at TempTestSuite1613476477502.run(TempTestSuite1613476477502.groovy:39)
Caused by: com.kms.katalon.core.exception.StepFailedException: Text 'URL format is not valid.' is not present on page 
	at com.kms.katalon.core.webui.keyword.internal.WebUIKeywordMain.stepFailed(WebUIKeywordMain.groovy:64)
	at com.kms.katalon.core.webui.keyword.builtin.VerifyTextPresentKeyword$_verifyTextPresent_closure1.doCall(VerifyTextPresentKeyword.groovy:79)
	at com.kms.katalon.core.webui.keyword.builtin.VerifyTextPresentKeyword$_verifyTextPresent_closure1.call(VerifyTextPresentKeyword.groovy)
	at com.kms.katalon.core.webui.keyword.internal.WebUIKeywordMain.runKeyword(WebUIKeywordMain.groovy:20)
	... 19 more
)
[[ATTACHMENT|E:\\Inspect\\15022021\\SiteInspectAutomation\\Reports\\20210216_172436\\Regression_Suite\\RegisterUser_Suite\\RegisterUser_Regression\\20210216_172437\\1613477760048.png]]

2021-02-16 17:46:00 - [TEST_STEP][PASSED] - Start tear down : tearDownMethodIfFailed: Method 'tearDownMethodIfFailed' complete successfully

2021-02-16 17:46:00 - [TEST_STEP][PASSED] - customKeywords.commanFunctions.onlyCloseBrowser(): customKeywords.commanFunctions.onlyCloseBrowser is PASSED

2021-02-16 17:46:01 - [MESSAGE][PASSED] - Browser is closed

2021-02-16 17:46:01 - [MESSAGE][PASSED] - customKeywords.commanFunctions.onlyCloseBrowser is PASSED

2021-02-16 17:46:01 - [TEST_STEP][PASSED] - logInfo("[--------This is tearDownIfFailed method------]"): [--------This is tearDownIfFailed method------]

2021-02-16 17:46:01 - [MESSAGE][INFO] - [--------This is tearDownIfFailed method------]

2021-02-16 17:46:01 - [MESSAGE][PASSED] - Method 'tearDownMethodIfFailed' complete successfully]]></system-out>
         <system-err><![CDATA[2021-02-16 17:45:18 - [TEST_CASE][FAILED] - Test Cases/UploadDiffURLs_RegisterUser/TC_As register user , Trigger URL validation with invalid formats: Test Cases/UploadDiffURLs_RegisterUser/TC_As register user , Trigger URL validation with invalid formats FAILED.
Reason:
com.kms.katalon.core.exception.StepFailedException: Unable to verify text 'URL format is not valid.' is present 
	at com.kms.katalon.core.webui.keyword.internal.WebUIKeywordMain.stepFailed(WebUIKeywordMain.groovy:64)
	at com.kms.katalon.core.webui.keyword.internal.WebUIKeywordMain.runKeyword(WebUIKeywordMain.groovy:26)
	at com.kms.katalon.core.webui.keyword.builtin.VerifyTextPresentKeyword.verifyTextPresent(VerifyTextPresentKeyword.groovy:83)
	at com.kms.katalon.core.webui.keyword.builtin.VerifyTextPresentKeyword.execute(VerifyTextPresentKeyword.groovy:68)
	at com.kms.katalon.core.keyword.internal.KeywordExecutor.executeKeywordForPlatform(KeywordExecutor.groovy:73)
	at com.kms.katalon.core.webui.keyword.WebUiBuiltInKeywords.verifyTextPresent(WebUiBuiltInKeywords.groovy:1720)
	at com.kms.katalon.core.webui.keyword.WebUiBuiltInKeywords$verifyTextPresent$6.call(Unknown Source)
	at TC_As register user , Trigger URL validation with invalid formats.run(TC_As register user , Trigger URL validation with invalid formats:41)
	at com.kms.katalon.core.main.ScriptEngine.run(ScriptEngine.java:194)
	at com.kms.katalon.core.main.ScriptEngine.runScriptAsRawText(ScriptEngine.java:119)
	at com.kms.katalon.core.main.TestCaseExecutor.runScript(TestCaseExecutor.java:394)
	at com.kms.katalon.core.main.TestCaseExecutor.doExecute(TestCaseExecutor.java:385)
	at com.kms.katalon.core.main.TestCaseExecutor.processExecutionPhase(TestCaseExecutor.java:364)
	at com.kms.katalon.core.main.TestCaseExecutor.accessMainPhase(TestCaseExecutor.java:356)
	at com.kms.katalon.core.main.TestCaseExecutor.execute(TestCaseExecutor.java:251)
	at com.kms.katalon.core.main.TestSuiteExecutor.accessTestCaseMainPhase(TestSuiteExecutor.java:203)
	at com.kms.katalon.core.main.TestSuiteExecutor.accessTestSuiteMainPhase(TestSuiteExecutor.java:152)
	at com.kms.katalon.core.main.TestSuiteExecutor.execute(TestSuiteExecutor.java:95)
	at com.kms.katalon.core.main.TestCaseMain.startTestSuite(TestCaseMain.java:157)
	at com.kms.katalon.core.main.TestCaseMain$startTestSuite$0.call(Unknown Source)
	at TempTestSuite1613476477502.run(TempTestSuite1613476477502.groovy:39)
Caused by: com.kms.katalon.core.exception.StepFailedException: Text 'URL format is not valid.' is not present on page 
	at com.kms.katalon.core.webui.keyword.internal.WebUIKeywordMain.stepFailed(WebUIKeywordMain.groovy:64)
	at com.kms.katalon.core.webui.keyword.builtin.VerifyTextPresentKeyword$_verifyTextPresent_closure1.doCall(VerifyTextPresentKeyword.groovy:79)
	at com.kms.katalon.core.webui.keyword.builtin.VerifyTextPresentKeyword$_verifyTextPresent_closure1.call(VerifyTextPresentKeyword.groovy)
	at com.kms.katalon.core.webui.keyword.internal.WebUIKeywordMain.runKeyword(WebUIKeywordMain.groovy:20)
	... 19 more]]></system-err>
      </testcase>
      <system-out><![CDATA[2021-02-16 17:24:51 - [TEST_SUITE][FAILED] - RegisterUser_Regression: Test Cases/UploadDiffFiles_RegisterUser/TC_As a register user, Upload PC Zip Compressed Archive File and verify Uploded file in Submission Page FAILED.
Reason:
com.kms.katalon.core.exception.StepFailedException: Unable to verify text 'PC Zip Compressed Archive' is present 
	at com.kms.katalon.core.webui.keyword.internal.WebUIKeywordMain.stepFailed(WebUIKeywordMain.groovy:64)
	at com.kms.katalon.core.webui.keyword.internal.WebUIKeywordMain.runKeyword(WebUIKeywordMain.groovy:26)
	at com.kms.katalon.core.webui.keyword.builtin.VerifyTextPresentKeyword.verifyTextPresent(VerifyTextPresentKeyword.groovy:83)
	at com.kms.katalon.core.webui.keyword.builtin.VerifyTextPresentKeyword.execute(VerifyTextPresentKeyword.groovy:68)
	at com.kms.katalon.core.keyword.internal.KeywordExecutor.executeKeywordForPlatform(KeywordExecutor.groovy:73)
	at com.kms.katalon.core.webui.keyword.WebUiBuiltInKeywords.verifyTextPresent(WebUiBuiltInKeywords.groovy:1720)
	at com.kms.katalon.core.webui.keyword.WebUiBuiltInKeywords$verifyTextPresent$6.call(Unknown Source)
	at customKeywords.commanFunctions.UploadReqFile(commanFunctions.groovy:282)
	at customKeywords.commanFunctions.uploadFileOfRegisterUser(commanFunctions.groovy:761)
	at customKeywords.commanFunctions.invokeMethod(commanFunctions.groovy)
	at com.kms.katalon.core.main.CustomKeywordDelegatingMetaClass.invokeStaticMethod(CustomKeywordDelegatingMetaClass.java:50)
	at TC_As a register user, Upload PC Zip Compressed Archive File and verify Uploded file in Submission Page.run(TC_As a register user, Upload PC Zip Compressed Archive File and verify Uploded file in Submission Page:16)
	at com.kms.katalon.core.main.ScriptEngine.run(ScriptEngine.java:194)
	at com.kms.katalon.core.main.ScriptEngine.runScriptAsRawText(ScriptEngine.java:119)
	at com.kms.katalon.core.main.TestCaseExecutor.runScript(TestCaseExecutor.java:394)
	at com.kms.katalon.core.main.TestCaseExecutor.doExecute(TestCaseExecutor.java:385)
	at com.kms.katalon.core.main.TestCaseExecutor.processExecutionPhase(TestCaseExecutor.java:364)
	at com.kms.katalon.core.main.TestCaseExecutor.accessMainPhase(TestCaseExecutor.java:356)
	at com.kms.katalon.core.main.TestCaseExecutor.execute(TestCaseExecutor.java:251)
	at com.kms.katalon.core.main.TestSuiteExecutor.accessTestCaseMainPhase(TestSuiteExecutor.java:203)
	at com.kms.katalon.core.main.TestSuiteExecutor.accessTestSuiteMainPhase(TestSuiteExecutor.java:152)
	at com.kms.katalon.core.main.TestSuiteExecutor.execute(TestSuiteExecutor.java:95)
	at com.kms.katalon.core.main.TestCaseMain.startTestSuite(TestCaseMain.java:157)
	at com.kms.katalon.core.main.TestCaseMain$startTestSuite$0.call(Unknown Source)
	at TempTestSuite1613476477502.run(TempTestSuite1613476477502.groovy:39)
Caused by: com.kms.katalon.core.exception.StepFailedException: Text 'PC Zip Compressed Archive' is not present on page 
	at com.kms.katalon.core.webui.keyword.internal.WebUIKeywordMain.stepFailed(WebUIKeywordMain.groovy:64)
	at com.kms.katalon.core.webui.keyword.builtin.VerifyTextPresentKeyword$_verifyTextPresent_closure1.doCall(VerifyTextPresentKeyword.groovy:79)
	at com.kms.katalon.core.webui.keyword.builtin.VerifyTextPresentKeyword$_verifyTextPresent_closure1.call(VerifyTextPresentKeyword.groovy)
	at com.kms.katalon.core.webui.keyword.internal.WebUIKeywordMain.runKeyword(WebUIKeywordMain.groovy:20)
	... 23 more]]></system-out>
      <system-err><![CDATA[2021-02-16 17:24:51 - [TEST_SUITE][FAILED] - RegisterUser_Regression: Test Cases/UploadDiffFiles_RegisterUser/TC_As a register user, Upload PC Zip Compressed Archive File and verify Uploded file in Submission Page FAILED.
Reason:
com.kms.katalon.core.exception.StepFailedException: Unable to verify text 'PC Zip Compressed Archive' is present 
	at com.kms.katalon.core.webui.keyword.internal.WebUIKeywordMain.stepFailed(WebUIKeywordMain.groovy:64)
	at com.kms.katalon.core.webui.keyword.internal.WebUIKeywordMain.runKeyword(WebUIKeywordMain.groovy:26)
	at com.kms.katalon.core.webui.keyword.builtin.VerifyTextPresentKeyword.verifyTextPresent(VerifyTextPresentKeyword.groovy:83)
	at com.kms.katalon.core.webui.keyword.builtin.VerifyTextPresentKeyword.execute(VerifyTextPresentKeyword.groovy:68)
	at com.kms.katalon.core.keyword.internal.KeywordExecutor.executeKeywordForPlatform(KeywordExecutor.groovy:73)
	at com.kms.katalon.core.webui.keyword.WebUiBuiltInKeywords.verifyTextPresent(WebUiBuiltInKeywords.groovy:1720)
	at com.kms.katalon.core.webui.keyword.WebUiBuiltInKeywords$verifyTextPresent$6.call(Unknown Source)
	at customKeywords.commanFunctions.UploadReqFile(commanFunctions.groovy:282)
	at customKeywords.commanFunctions.uploadFileOfRegisterUser(commanFunctions.groovy:761)
	at customKeywords.commanFunctions.invokeMethod(commanFunctions.groovy)
	at com.kms.katalon.core.main.CustomKeywordDelegatingMetaClass.invokeStaticMethod(CustomKeywordDelegatingMetaClass.java:50)
	at TC_As a register user, Upload PC Zip Compressed Archive File and verify Uploded file in Submission Page.run(TC_As a register user, Upload PC Zip Compressed Archive File and verify Uploded file in Submission Page:16)
	at com.kms.katalon.core.main.ScriptEngine.run(ScriptEngine.java:194)
	at com.kms.katalon.core.main.ScriptEngine.runScriptAsRawText(ScriptEngine.java:119)
	at com.kms.katalon.core.main.TestCaseExecutor.runScript(TestCaseExecutor.java:394)
	at com.kms.katalon.core.main.TestCaseExecutor.doExecute(TestCaseExecutor.java:385)
	at com.kms.katalon.core.main.TestCaseExecutor.processExecutionPhase(TestCaseExecutor.java:364)
	at com.kms.katalon.core.main.TestCaseExecutor.accessMainPhase(TestCaseExecutor.java:356)
	at com.kms.katalon.core.main.TestCaseExecutor.execute(TestCaseExecutor.java:251)
	at com.kms.katalon.core.main.TestSuiteExecutor.accessTestCaseMainPhase(TestSuiteExecutor.java:203)
	at com.kms.katalon.core.main.TestSuiteExecutor.accessTestSuiteMainPhase(TestSuiteExecutor.java:152)
	at com.kms.katalon.core.main.TestSuiteExecutor.execute(TestSuiteExecutor.java:95)
	at com.kms.katalon.core.main.TestCaseMain.startTestSuite(TestCaseMain.java:157)
	at com.kms.katalon.core.main.TestCaseMain$startTestSuite$0.call(Unknown Source)
	at TempTestSuite1613476477502.run(TempTestSuite1613476477502.groovy:39)
Caused by: com.kms.katalon.core.exception.StepFailedException: Text 'PC Zip Compressed Archive' is not present on page 
	at com.kms.katalon.core.webui.keyword.internal.WebUIKeywordMain.stepFailed(WebUIKeywordMain.groovy:64)
	at com.kms.katalon.core.webui.keyword.builtin.VerifyTextPresentKeyword$_verifyTextPresent_closure1.doCall(VerifyTextPresentKeyword.groovy:79)
	at com.kms.katalon.core.webui.keyword.builtin.VerifyTextPresentKeyword$_verifyTextPresent_closure1.call(VerifyTextPresentKeyword.groovy)
	at com.kms.katalon.core.webui.keyword.internal.WebUIKeywordMain.runKeyword(WebUIKeywordMain.groovy:20)
	... 23 more]]></system-err>
   </testsuite>
   <testsuite name="PublicUser_URL" tests="4" failures="1" errors="0" time="88.682" skips="0" timestamp="2021-02-16 17:46:13" hostname="ashok - OMTPGCN1132568L" id="Test Suites/Regression_Suite/PublicUser_Suite/PublicUser_URL">
      <properties>
         <property name="deviceName" value=""/>
         <property name="devicePlatform" value=""/>
         <property name="logFolder" value="E:\\Inspect\\15022021\\SiteInspectAutomation\\Reports\\20210216_172436\\Regression_Suite\\PublicUser_Suite\\PublicUser_URL\\20210216_172439"/>
         <property name="logFiles" value="E:\\Inspect\\15022021\\SiteInspectAutomation\\Reports\\20210216_172436\\Regression_Suite\\PublicUser_Suite\\PublicUser_URL\\20210216_172439\\execution0.log"/>
         <property name="attachments" value="E:\\Inspect\\15022021\\SiteInspectAutomation\\Reports\\20210216_172436\\Regression_Suite\\PublicUser_Suite\\PublicUser_URL\\20210216_172439\\1613477861344.png"/>
         <property name="hostName" value="ashok - OMTPGCN1132568L"/>
         <property name="os" value="Windows 10 64bit"/>
         <property name="katalonVersion" value="7.8.2.208"/>
         <property name="browser" value="Chrome 86.0.4240.75"/>
         <property name="hostAddress" value="192.168.1.2"/>
         <property name="sessionId" value="5407c90b93c20079892198536980e5ea"/>
         <property name="seleniumVersion" value="3.141.59"/>
         <property name="proxyInformation" value="ProxyInformation { proxyOption=NO_PROXY, proxyServerType=HTTP, username=, password=********, proxyServerAddress=, proxyServerPort=0, executionList=&quot;&quot;, isApplyToDesiredCapabilities=true }"/>
         <property name="platform" value="Windows 10"/>
      </properties>
      <testcase name="Test Cases/UploadDiffURLs_PublicUser/TC_As a public user, Successfully submit the URL" time="20.614" classname="Test Cases/UploadDiffURLs_PublicUser/TC_As a public user, Successfully submit the URL" status="PASSED">
         <system-out><![CDATA[2021-02-16 17:46:15 - [TEST_CASE][PASSED] - Test Cases/UploadDiffURLs_PublicUser/TC_As a public user, Successfully submit the URL: Test Cases/UploadDiffURLs_PublicUser/TC_As a public user, Successfully submit the URL

2021-02-16 17:46:15 - [TEST_STEP][PASSED] - excelTestData = findTestData("Data Files/TestData/InspectTestData"): null

2021-02-16 17:46:16 - [TEST_STEP][PASSED] - sampleURL = excelTestData.getValue(2, 370): null

2021-02-16 17:46:16 - [TEST_STEP][PASSED] - userEmail = excelTestData.getValue(6, 23): null

2021-02-16 17:46:16 - [TEST_STEP][PASSED] - customKeywords.commanFunctions.enterURLOfPublicUser(sampleURL, userEmail): Object: 'Object Repository/PublicUserHomePage/OKPopUpBtn' is clicked on

2021-02-16 17:46:16 - [MESSAGE][INFO] - Starting 'Chrome' driver

2021-02-16 17:46:16 - [MESSAGE][INFO] - Action delay is set to 0 milliseconds

2021-02-16 17:46:28 - [MESSAGE][PASSED] - Browser is opened with url: 'https://Inspect.Stage.site.sa'

2021-02-16 17:46:30 - [MESSAGE][PASSED] - Current window maximized

2021-02-16 17:46:30 - [MESSAGE][PASSED] - Wait for page load successfully

2021-02-16 17:46:30 - [MESSAGE][PASSED] - Object: 'Object Repository/PublicUserHomePage/UrlTab' is clicked on

2021-02-16 17:46:31 - [MESSAGE][PASSED] - Keys 'http://www.company.com' sent to object: 'Object Repository/HomePage/PleaseEnterURL_Input'

2021-02-16 17:46:31 - [MESSAGE][PASSED] - Keys 'Os-anelapatla@projects.site.sa' sent to object: 'Object Repository/PublicUserHomePage/email_Input'

2021-02-16 17:46:32 - [MESSAGE][PASSED] - Object: 'Object Repository/PublicUserHomePage/SiteInspectTermsOfUse_CheckBox' is clicked on

2021-02-16 17:46:32 - [MESSAGE][INFO] - Finding element is enabled

2021-02-16 17:46:32 - [MESSAGE][PASSED] - Element is Enabled

2021-02-16 17:46:33 - [MESSAGE][PASSED] - Object: 'Object Repository/HomePage/startAnalysis_EnableBtn' is clicked on

2021-02-16 17:46:34 - [MESSAGE][PASSED] - Object 'Object Repository/PublicUserHomePage/OKPopUpBtn' is present

2021-02-16 17:46:34 - [MESSAGE][PASSED] - Text 'Your submission was successful
The analysis results will be delivered to you via email' is present on page 

2021-02-16 17:46:34 - [MESSAGE][PASSED] - Object: 'Object Repository/PublicUserHomePage/OKPopUpBtn' is clicked on

2021-02-16 17:46:34 - [TEST_STEP][PASSED] - customKeywords.commanFunctions.onlyCloseBrowser(): customKeywords.commanFunctions.onlyCloseBrowser is PASSED

2021-02-16 17:46:35 - [MESSAGE][PASSED] - Browser is closed

2021-02-16 17:46:35 - [MESSAGE][PASSED] - customKeywords.commanFunctions.onlyCloseBrowser is PASSED]]></system-out>
         <system-err><![CDATA[]]></system-err>
      </testcase>
      <testcase name="Test Cases/UploadDiffURLs_PublicUser/TC_As a public user, Successfully submit the URLWithPathParameters" time="24.691" classname="Test Cases/UploadDiffURLs_PublicUser/TC_As a public user, Successfully submit the URLWithPathParameters" status="PASSED">
         <system-out><![CDATA[2021-02-16 17:46:35 - [TEST_CASE][PASSED] - Test Cases/UploadDiffURLs_PublicUser/TC_As a public user, Successfully submit the URLWithPathParameters: Test Cases/UploadDiffURLs_PublicUser/TC_As a public user, Successfully submit the URLWithPathParameters

2021-02-16 17:46:36 - [TEST_STEP][PASSED] - excelTestData = findTestData("Data Files/TestData/InspectTestData"): null

2021-02-16 17:46:36 - [TEST_STEP][PASSED] - sampleURL = excelTestData.getValue(2, 374): null

2021-02-16 17:46:36 - [TEST_STEP][PASSED] - userEmail = excelTestData.getValue(6, 23): null

2021-02-16 17:46:36 - [TEST_STEP][PASSED] - customKeywords.commanFunctions.enterURLOfPublicUser(sampleURL, userEmail): Object: 'Object Repository/PublicUserHomePage/OKPopUpBtn' is clicked on

2021-02-16 17:46:36 - [MESSAGE][INFO] - Starting 'Chrome' driver

2021-02-16 17:46:36 - [MESSAGE][INFO] - Action delay is set to 0 milliseconds

2021-02-16 17:46:52 - [MESSAGE][PASSED] - Browser is opened with url: 'https://Inspect.Stage.site.sa'

2021-02-16 17:46:54 - [MESSAGE][PASSED] - Current window maximized

2021-02-16 17:46:54 - [MESSAGE][PASSED] - Wait for page load successfully

2021-02-16 17:46:55 - [MESSAGE][PASSED] - Object: 'Object Repository/PublicUserHomePage/UrlTab' is clicked on

2021-02-16 17:46:55 - [MESSAGE][PASSED] - Keys 'http://www.company.com/showOrder.php' sent to object: 'Object Repository/HomePage/PleaseEnterURL_Input'

2021-02-16 17:46:56 - [MESSAGE][PASSED] - Keys 'Os-anelapatla@projects.site.sa' sent to object: 'Object Repository/PublicUserHomePage/email_Input'

2021-02-16 17:46:56 - [MESSAGE][PASSED] - Object: 'Object Repository/PublicUserHomePage/SiteInspectTermsOfUse_CheckBox' is clicked on

2021-02-16 17:46:57 - [MESSAGE][INFO] - Finding element is enabled

2021-02-16 17:46:57 - [MESSAGE][PASSED] - Element is Enabled

2021-02-16 17:46:57 - [MESSAGE][PASSED] - Object: 'Object Repository/HomePage/startAnalysis_EnableBtn' is clicked on

2021-02-16 17:46:59 - [MESSAGE][PASSED] - Object 'Object Repository/PublicUserHomePage/OKPopUpBtn' is present

2021-02-16 17:46:59 - [MESSAGE][PASSED] - Text 'Your submission was successful
The analysis results will be delivered to you via email' is present on page 

2021-02-16 17:46:59 - [MESSAGE][PASSED] - Object: 'Object Repository/PublicUserHomePage/OKPopUpBtn' is clicked on

2021-02-16 17:46:59 - [TEST_STEP][PASSED] - customKeywords.commanFunctions.onlyCloseBrowser(): customKeywords.commanFunctions.onlyCloseBrowser is PASSED

2021-02-16 17:47:00 - [MESSAGE][PASSED] - Browser is closed

2021-02-16 17:47:00 - [MESSAGE][PASSED] - customKeywords.commanFunctions.onlyCloseBrowser is PASSED]]></system-out>
         <system-err><![CDATA[]]></system-err>
      </testcase>
      <testcase name="Test Cases/UploadDiffURLs_PublicUser/TC_As a public user, Successfully submit the URLWithQueryParameters" time="23.263" classname="Test Cases/UploadDiffURLs_PublicUser/TC_As a public user, Successfully submit the URLWithQueryParameters" status="PASSED">
         <system-out><![CDATA[2021-02-16 17:47:00 - [TEST_CASE][PASSED] - Test Cases/UploadDiffURLs_PublicUser/TC_As a public user, Successfully submit the URLWithQueryParameters: Test Cases/UploadDiffURLs_PublicUser/TC_As a public user, Successfully submit the URLWithQueryParameters

2021-02-16 17:47:00 - [TEST_STEP][PASSED] - excelTestData = findTestData("Data Files/TestData/InspectTestData"): null

2021-02-16 17:47:00 - [TEST_STEP][PASSED] - sampleURL = excelTestData.getValue(2, 378): null

2021-02-16 17:47:00 - [TEST_STEP][PASSED] - userEmail = excelTestData.getValue(6, 23): null

2021-02-16 17:47:00 - [TEST_STEP][PASSED] - customKeywords.commanFunctions.enterURLOfPublicUser(sampleURL, userEmail): Object: 'Object Repository/PublicUserHomePage/OKPopUpBtn' is clicked on

2021-02-16 17:47:00 - [MESSAGE][INFO] - Starting 'Chrome' driver

2021-02-16 17:47:00 - [MESSAGE][INFO] - Action delay is set to 0 milliseconds

2021-02-16 17:47:16 - [MESSAGE][PASSED] - Browser is opened with url: 'https://Inspect.Stage.site.sa'

2021-02-16 17:47:18 - [MESSAGE][PASSED] - Current window maximized

2021-02-16 17:47:18 - [MESSAGE][PASSED] - Wait for page load successfully

2021-02-16 17:47:18 - [MESSAGE][PASSED] - Object: 'Object Repository/PublicUserHomePage/UrlTab' is clicked on

2021-02-16 17:47:19 - [MESSAGE][PASSED] - Keys 'http://www.company.com/showOrder.php?order=4621047' sent to object: 'Object Repository/HomePage/PleaseEnterURL_Input'

2021-02-16 17:47:20 - [MESSAGE][PASSED] - Keys 'Os-anelapatla@projects.site.sa' sent to object: 'Object Repository/PublicUserHomePage/email_Input'

2021-02-16 17:47:20 - [MESSAGE][PASSED] - Object: 'Object Repository/PublicUserHomePage/SiteInspectTermsOfUse_CheckBox' is clicked on

2021-02-16 17:47:21 - [MESSAGE][INFO] - Finding element is enabled

2021-02-16 17:47:21 - [MESSAGE][PASSED] - Element is Enabled

2021-02-16 17:47:21 - [MESSAGE][PASSED] - Object: 'Object Repository/HomePage/startAnalysis_EnableBtn' is clicked on

2021-02-16 17:47:22 - [MESSAGE][PASSED] - Object 'Object Repository/PublicUserHomePage/OKPopUpBtn' is present

2021-02-16 17:47:22 - [MESSAGE][PASSED] - Text 'Your submission was successful
The analysis results will be delivered to you via email' is present on page 

2021-02-16 17:47:23 - [MESSAGE][PASSED] - Object: 'Object Repository/PublicUserHomePage/OKPopUpBtn' is clicked on

2021-02-16 17:47:23 - [TEST_STEP][PASSED] - customKeywords.commanFunctions.onlyCloseBrowser(): customKeywords.commanFunctions.onlyCloseBrowser is PASSED

2021-02-16 17:47:23 - [MESSAGE][PASSED] - Browser is closed

2021-02-16 17:47:23 - [MESSAGE][PASSED] - customKeywords.commanFunctions.onlyCloseBrowser is PASSED]]></system-out>
         <system-err><![CDATA[]]></system-err>
      </testcase>
      <testcase name="Test Cases/UploadDiffURLs_PublicUser/TC_As public user , Trigger URL validation with invalid formats" time="18.595" classname="Test Cases/UploadDiffURLs_PublicUser/TC_As public user , Trigger URL validation with invalid formats" status="FAILED">
         <failure type="FAILED" message="Test Cases/UploadDiffURLs_PublicUser/TC_As public user , Trigger URL validation with invalid formats FAILED.
Reason:
com.kms.katalon.core.exception.StepFailedException: Unable to verify text 'URL format is not valid.' is present 
	at com.kms.katalon.core.webui.keyword.internal.WebUIKeywordMain.stepFailed(WebUIKeywordMain.groovy:64)
	at com.kms.katalon.core.webui.keyword.internal.WebUIKeywordMain.runKeyword(WebUIKeywordMain.groovy:26)
	at com.kms.katalon.core.webui.keyword.builtin.VerifyTextPresentKeyword.verifyTextPresent(VerifyTextPresentKeyword.groovy:83)
	at com.kms.katalon.core.webui.keyword.builtin.VerifyTextPresentKeyword.execute(VerifyTextPresentKeyword.groovy:68)
	at com.kms.katalon.core.keyword.internal.KeywordExecutor.executeKeywordForPlatform(KeywordExecutor.groovy:73)
	at com.kms.katalon.core.webui.keyword.WebUiBuiltInKeywords.verifyTextPresent(WebUiBuiltInKeywords.groovy:1720)
	at com.kms.katalon.core.webui.keyword.WebUiBuiltInKeywords$verifyTextPresent$6.call(Unknown Source)
	at TC_As public user , Trigger URL validation with invalid formats.run(TC_As public user , Trigger URL validation with invalid formats:24)
	at com.kms.katalon.core.main.ScriptEngine.run(ScriptEngine.java:194)
	at com.kms.katalon.core.main.ScriptEngine.runScriptAsRawText(ScriptEngine.java:119)
	at com.kms.katalon.core.main.TestCaseExecutor.runScript(TestCaseExecutor.java:394)
	at com.kms.katalon.core.main.TestCaseExecutor.doExecute(TestCaseExecutor.java:385)
	at com.kms.katalon.core.main.TestCaseExecutor.processExecutionPhase(TestCaseExecutor.java:364)
	at com.kms.katalon.core.main.TestCaseExecutor.accessMainPhase(TestCaseExecutor.java:356)
	at com.kms.katalon.core.main.TestCaseExecutor.execute(TestCaseExecutor.java:251)
	at com.kms.katalon.core.main.TestSuiteExecutor.accessTestCaseMainPhase(TestSuiteExecutor.java:203)
	at com.kms.katalon.core.main.TestSuiteExecutor.accessTestSuiteMainPhase(TestSuiteExecutor.java:152)
	at com.kms.katalon.core.main.TestSuiteExecutor.execute(TestSuiteExecutor.java:95)
	at com.kms.katalon.core.main.TestCaseMain.startTestSuite(TestCaseMain.java:157)
	at com.kms.katalon.core.main.TestCaseMain$startTestSuite$0.call(Unknown Source)
	at TempTestSuite1613476479901.run(TempTestSuite1613476479901.groovy:39)
Caused by: com.kms.katalon.core.exception.StepFailedException: Text 'URL format is not valid.' is not present on page 
	at com.kms.katalon.core.webui.keyword.internal.WebUIKeywordMain.stepFailed(WebUIKeywordMain.groovy:64)
	at com.kms.katalon.core.webui.keyword.builtin.VerifyTextPresentKeyword$_verifyTextPresent_closure1.doCall(VerifyTextPresentKeyword.groovy:79)
	at com.kms.katalon.core.webui.keyword.builtin.VerifyTextPresentKeyword$_verifyTextPresent_closure1.call(VerifyTextPresentKeyword.groovy)
	at com.kms.katalon.core.webui.keyword.internal.WebUIKeywordMain.runKeyword(WebUIKeywordMain.groovy:20)
	... 19 more
"/>
         <system-out><![CDATA[2021-02-16 17:47:23 - [TEST_CASE][FAILED] - Test Cases/UploadDiffURLs_PublicUser/TC_As public user , Trigger URL validation with invalid formats: Test Cases/UploadDiffURLs_PublicUser/TC_As public user , Trigger URL validation with invalid formats FAILED.
Reason:
com.kms.katalon.core.exception.StepFailedException: Unable to verify text 'URL format is not valid.' is present 
	at com.kms.katalon.core.webui.keyword.internal.WebUIKeywordMain.stepFailed(WebUIKeywordMain.groovy:64)
	at com.kms.katalon.core.webui.keyword.internal.WebUIKeywordMain.runKeyword(WebUIKeywordMain.groovy:26)
	at com.kms.katalon.core.webui.keyword.builtin.VerifyTextPresentKeyword.verifyTextPresent(VerifyTextPresentKeyword.groovy:83)
	at com.kms.katalon.core.webui.keyword.builtin.VerifyTextPresentKeyword.execute(VerifyTextPresentKeyword.groovy:68)
	at com.kms.katalon.core.keyword.internal.KeywordExecutor.executeKeywordForPlatform(KeywordExecutor.groovy:73)
	at com.kms.katalon.core.webui.keyword.WebUiBuiltInKeywords.verifyTextPresent(WebUiBuiltInKeywords.groovy:1720)
	at com.kms.katalon.core.webui.keyword.WebUiBuiltInKeywords$verifyTextPresent$6.call(Unknown Source)
	at TC_As public user , Trigger URL validation with invalid formats.run(TC_As public user , Trigger URL validation with invalid formats:24)
	at com.kms.katalon.core.main.ScriptEngine.run(ScriptEngine.java:194)
	at com.kms.katalon.core.main.ScriptEngine.runScriptAsRawText(ScriptEngine.java:119)
	at com.kms.katalon.core.main.TestCaseExecutor.runScript(TestCaseExecutor.java:394)
	at com.kms.katalon.core.main.TestCaseExecutor.doExecute(TestCaseExecutor.java:385)
	at com.kms.katalon.core.main.TestCaseExecutor.processExecutionPhase(TestCaseExecutor.java:364)
	at com.kms.katalon.core.main.TestCaseExecutor.accessMainPhase(TestCaseExecutor.java:356)
	at com.kms.katalon.core.main.TestCaseExecutor.execute(TestCaseExecutor.java:251)
	at com.kms.katalon.core.main.TestSuiteExecutor.accessTestCaseMainPhase(TestSuiteExecutor.java:203)
	at com.kms.katalon.core.main.TestSuiteExecutor.accessTestSuiteMainPhase(TestSuiteExecutor.java:152)
	at com.kms.katalon.core.main.TestSuiteExecutor.execute(TestSuiteExecutor.java:95)
	at com.kms.katalon.core.main.TestCaseMain.startTestSuite(TestCaseMain.java:157)
	at com.kms.katalon.core.main.TestCaseMain$startTestSuite$0.call(Unknown Source)
	at TempTestSuite1613476479901.run(TempTestSuite1613476479901.groovy:39)
Caused by: com.kms.katalon.core.exception.StepFailedException: Text 'URL format is not valid.' is not present on page 
	at com.kms.katalon.core.webui.keyword.internal.WebUIKeywordMain.stepFailed(WebUIKeywordMain.groovy:64)
	at com.kms.katalon.core.webui.keyword.builtin.VerifyTextPresentKeyword$_verifyTextPresent_closure1.doCall(VerifyTextPresentKeyword.groovy:79)
	at com.kms.katalon.core.webui.keyword.builtin.VerifyTextPresentKeyword$_verifyTextPresent_closure1.call(VerifyTextPresentKeyword.groovy)
	at com.kms.katalon.core.webui.keyword.internal.WebUIKeywordMain.runKeyword(WebUIKeywordMain.groovy:20)
	... 19 more


2021-02-16 17:47:23 - [TEST_STEP][PASSED] - customKeywords.commanFunctions.openBrowser(): customKeywords.commanFunctions.openBrowser is PASSED

2021-02-16 17:47:24 - [MESSAGE][INFO] - Starting 'Chrome' driver

2021-02-16 17:47:24 - [MESSAGE][INFO] - Action delay is set to 0 milliseconds

2021-02-16 17:47:34 - [MESSAGE][PASSED] - Browser is opened with url: 'https://Inspect.Stage.site.sa'

2021-02-16 17:47:36 - [MESSAGE][PASSED] - Current window maximized

2021-02-16 17:47:36 - [MESSAGE][PASSED] - Wait for page load successfully

2021-02-16 17:47:36 - [MESSAGE][PASSED] - customKeywords.commanFunctions.openBrowser is PASSED

2021-02-16 17:47:36 - [TEST_STEP][PASSED] - excelTestData = findTestData("Data Files/TestData/InspectTestData"): null

2021-02-16 17:47:36 - [TEST_STEP][PASSED] - click(findTestObject("Object Repository/PublicUserHomePage/UrlTab")): Object: 'Object Repository/PublicUserHomePage/UrlTab' is clicked on

2021-02-16 17:47:37 - [MESSAGE][PASSED] - Object: 'Object Repository/PublicUserHomePage/UrlTab' is clicked on

2021-02-16 17:47:37 - [TEST_STEP][PASSED] - ErrorValidationMessage = excelTestData.getValue(3, 42): null

2021-02-16 17:47:37 - [TEST_STEP][FAILED] - for ([i = 42, i <= 46, (i++)]): Unable to verify text 'URL format is not valid.' is present  (Root cause: com.kms.katalon.core.exception.StepFailedException: Unable to verify text 'URL format is not valid.' is present 
	at com.kms.katalon.core.webui.keyword.internal.WebUIKeywordMain.stepFailed(WebUIKeywordMain.groovy:64)
	at com.kms.katalon.core.webui.keyword.internal.WebUIKeywordMain.runKeyword(WebUIKeywordMain.groovy:26)
	at com.kms.katalon.core.webui.keyword.builtin.VerifyTextPresentKeyword.verifyTextPresent(VerifyTextPresentKeyword.groovy:83)
	at com.kms.katalon.core.webui.keyword.builtin.VerifyTextPresentKeyword.execute(VerifyTextPresentKeyword.groovy:68)
	at com.kms.katalon.core.keyword.internal.KeywordExecutor.executeKeywordForPlatform(KeywordExecutor.groovy:73)
	at com.kms.katalon.core.webui.keyword.WebUiBuiltInKeywords.verifyTextPresent(WebUiBuiltInKeywords.groovy:1720)
	at com.kms.katalon.core.webui.keyword.WebUiBuiltInKeywords$verifyTextPresent$6.call(Unknown Source)
	at TC_As public user , Trigger URL validation with invalid formats.run(TC_As public user , Trigger URL validation with invalid formats:24)
	at com.kms.katalon.core.main.ScriptEngine.run(ScriptEngine.java:194)
	at com.kms.katalon.core.main.ScriptEngine.runScriptAsRawText(ScriptEngine.java:119)
	at com.kms.katalon.core.main.TestCaseExecutor.runScript(TestCaseExecutor.java:394)
	at com.kms.katalon.core.main.TestCaseExecutor.doExecute(TestCaseExecutor.java:385)
	at com.kms.katalon.core.main.TestCaseExecutor.processExecutionPhase(TestCaseExecutor.java:364)
	at com.kms.katalon.core.main.TestCaseExecutor.accessMainPhase(TestCaseExecutor.java:356)
	at com.kms.katalon.core.main.TestCaseExecutor.execute(TestCaseExecutor.java:251)
	at com.kms.katalon.core.main.TestSuiteExecutor.accessTestCaseMainPhase(TestSuiteExecutor.java:203)
	at com.kms.katalon.core.main.TestSuiteExecutor.accessTestSuiteMainPhase(TestSuiteExecutor.java:152)
	at com.kms.katalon.core.main.TestSuiteExecutor.execute(TestSuiteExecutor.java:95)
	at com.kms.katalon.core.main.TestCaseMain.startTestSuite(TestCaseMain.java:157)
	at com.kms.katalon.core.main.TestCaseMain$startTestSuite$0.call(Unknown Source)
	at TempTestSuite1613476479901.run(TempTestSuite1613476479901.groovy:39)
Caused by: com.kms.katalon.core.exception.StepFailedException: Text 'URL format is not valid.' is not present on page 
	at com.kms.katalon.core.webui.keyword.internal.WebUIKeywordMain.stepFailed(WebUIKeywordMain.groovy:64)
	at com.kms.katalon.core.webui.keyword.builtin.VerifyTextPresentKeyword$_verifyTextPresent_closure1.doCall(VerifyTextPresentKeyword.groovy:79)
	at com.kms.katalon.core.webui.keyword.builtin.VerifyTextPresentKeyword$_verifyTextPresent_closure1.call(VerifyTextPresentKeyword.groovy)
	at com.kms.katalon.core.webui.keyword.internal.WebUIKeywordMain.runKeyword(WebUIKeywordMain.groovy:20)
	... 19 more
)

2021-02-16 17:47:37 - [TEST_STEP][PASSED] - IncorrectURLs = excelTestData.getValue(2, i): null

2021-02-16 17:47:37 - [TEST_STEP][PASSED] - sendKeys(findTestObject("Object Repository/HomePage/PleaseEnterURL_Input"), IncorrectURLs): Keys 'https://www.slideshare.net/socialogilvy ' sent to object: 'Object Repository/HomePage/PleaseEnterURL_Input'

2021-02-16 17:47:37 - [MESSAGE][PASSED] - Keys 'https://www.slideshare.net/socialogilvy ' sent to object: 'Object Repository/HomePage/PleaseEnterURL_Input'

2021-02-16 17:47:37 - [TEST_STEP][PASSED] - verifyTextPresent(ErrorValidationMessage, false): Text 'URL format is not valid.' is present on page 

2021-02-16 17:47:38 - [MESSAGE][PASSED] - Text 'URL format is not valid.' is present on page 

2021-02-16 17:47:38 - [TEST_STEP][PASSED] - clearText(findTestObject("Object Repository/HomePage/PleaseEnterURL_Input")): Text of object 'Object Repository/HomePage/PleaseEnterURL_Input' is cleared

2021-02-16 17:47:38 - [MESSAGE][PASSED] - Text of object 'Object Repository/HomePage/PleaseEnterURL_Input' is cleared

2021-02-16 17:47:38 - [TEST_STEP][PASSED] - IncorrectURLs = excelTestData.getValue(2, i): null

2021-02-16 17:47:38 - [TEST_STEP][PASSED] - sendKeys(findTestObject("Object Repository/HomePage/PleaseEnterURL_Input"), IncorrectURLs): Keys 'htps://www.slideshare.net/socialogilvy' sent to object: 'Object Repository/HomePage/PleaseEnterURL_Input'

2021-02-16 17:47:39 - [MESSAGE][PASSED] - Keys 'htps://www.slideshare.net/socialogilvy' sent to object: 'Object Repository/HomePage/PleaseEnterURL_Input'

2021-02-16 17:47:39 - [TEST_STEP][PASSED] - verifyTextPresent(ErrorValidationMessage, false): Text 'URL format is not valid.' is present on page 

2021-02-16 17:47:39 - [MESSAGE][PASSED] - Text 'URL format is not valid.' is present on page 

2021-02-16 17:47:39 - [TEST_STEP][PASSED] - clearText(findTestObject("Object Repository/HomePage/PleaseEnterURL_Input")): Text of object 'Object Repository/HomePage/PleaseEnterURL_Input' is cleared

2021-02-16 17:47:40 - [MESSAGE][PASSED] - Text of object 'Object Repository/HomePage/PleaseEnterURL_Input' is cleared

2021-02-16 17:47:40 - [TEST_STEP][PASSED] - IncorrectURLs = excelTestData.getValue(2, i): null

2021-02-16 17:47:40 - [TEST_STEP][PASSED] - sendKeys(findTestObject("Object Repository/HomePage/PleaseEnterURL_Input"), IncorrectURLs): Keys 'https://ww.slideshare.net/socialogilvy' sent to object: 'Object Repository/HomePage/PleaseEnterURL_Input'

2021-02-16 17:47:40 - [MESSAGE][PASSED] - Keys 'https://ww.slideshare.net/socialogilvy' sent to object: 'Object Repository/HomePage/PleaseEnterURL_Input'

2021-02-16 17:47:40 - [TEST_STEP][FAILED] - verifyTextPresent(ErrorValidationMessage, false): Unable to verify text 'URL format is not valid.' is present  (Root cause: com.kms.katalon.core.exception.StepFailedException: Unable to verify text 'URL format is not valid.' is present 
	at com.kms.katalon.core.webui.keyword.internal.WebUIKeywordMain.stepFailed(WebUIKeywordMain.groovy:64)
	at com.kms.katalon.core.webui.keyword.internal.WebUIKeywordMain.runKeyword(WebUIKeywordMain.groovy:26)
	at com.kms.katalon.core.webui.keyword.builtin.VerifyTextPresentKeyword.verifyTextPresent(VerifyTextPresentKeyword.groovy:83)
	at com.kms.katalon.core.webui.keyword.builtin.VerifyTextPresentKeyword.execute(VerifyTextPresentKeyword.groovy:68)
	at com.kms.katalon.core.keyword.internal.KeywordExecutor.executeKeywordForPlatform(KeywordExecutor.groovy:73)
	at com.kms.katalon.core.webui.keyword.WebUiBuiltInKeywords.verifyTextPresent(WebUiBuiltInKeywords.groovy:1720)
	at com.kms.katalon.core.webui.keyword.WebUiBuiltInKeywords$verifyTextPresent$6.call(Unknown Source)
	at TC_As public user , Trigger URL validation with invalid formats.run(TC_As public user , Trigger URL validation with invalid formats:24)
	at com.kms.katalon.core.main.ScriptEngine.run(ScriptEngine.java:194)
	at com.kms.katalon.core.main.ScriptEngine.runScriptAsRawText(ScriptEngine.java:119)
	at com.kms.katalon.core.main.TestCaseExecutor.runScript(TestCaseExecutor.java:394)
	at com.kms.katalon.core.main.TestCaseExecutor.doExecute(TestCaseExecutor.java:385)
	at com.kms.katalon.core.main.TestCaseExecutor.processExecutionPhase(TestCaseExecutor.java:364)
	at com.kms.katalon.core.main.TestCaseExecutor.accessMainPhase(TestCaseExecutor.java:356)
	at com.kms.katalon.core.main.TestCaseExecutor.execute(TestCaseExecutor.java:251)
	at com.kms.katalon.core.main.TestSuiteExecutor.accessTestCaseMainPhase(TestSuiteExecutor.java:203)
	at com.kms.katalon.core.main.TestSuiteExecutor.accessTestSuiteMainPhase(TestSuiteExecutor.java:152)
	at com.kms.katalon.core.main.TestSuiteExecutor.execute(TestSuiteExecutor.java:95)
	at com.kms.katalon.core.main.TestCaseMain.startTestSuite(TestCaseMain.java:157)
	at com.kms.katalon.core.main.TestCaseMain$startTestSuite$0.call(Unknown Source)
	at TempTestSuite1613476479901.run(TempTestSuite1613476479901.groovy:39)
Caused by: com.kms.katalon.core.exception.StepFailedException: Text 'URL format is not valid.' is not present on page 
	at com.kms.katalon.core.webui.keyword.internal.WebUIKeywordMain.stepFailed(WebUIKeywordMain.groovy:64)
	at com.kms.katalon.core.webui.keyword.builtin.VerifyTextPresentKeyword$_verifyTextPresent_closure1.doCall(VerifyTextPresentKeyword.groovy:79)
	at com.kms.katalon.core.webui.keyword.builtin.VerifyTextPresentKeyword$_verifyTextPresent_closure1.call(VerifyTextPresentKeyword.groovy)
	at com.kms.katalon.core.webui.keyword.internal.WebUIKeywordMain.runKeyword(WebUIKeywordMain.groovy:20)
	... 19 more
)

2021-02-16 17:47:41 - [MESSAGE][FAILED] - Text 'URL format is not valid.' is not present on page  (Root cause: com.kms.katalon.core.exception.StepFailedException: Text 'URL format is not valid.' is not present on page 
	at com.kms.katalon.core.webui.keyword.internal.WebUIKeywordMain.stepFailed(WebUIKeywordMain.groovy:64)
	at com.kms.katalon.core.webui.keyword.builtin.VerifyTextPresentKeyword$_verifyTextPresent_closure1.doCall(VerifyTextPresentKeyword.groovy:79)
	at com.kms.katalon.core.webui.keyword.builtin.VerifyTextPresentKeyword$_verifyTextPresent_closure1.call(VerifyTextPresentKeyword.groovy)
	at com.kms.katalon.core.webui.keyword.internal.WebUIKeywordMain.runKeyword(WebUIKeywordMain.groovy:20)
	at com.kms.katalon.core.webui.keyword.builtin.VerifyTextPresentKeyword.verifyTextPresent(VerifyTextPresentKeyword.groovy:83)
	at com.kms.katalon.core.webui.keyword.builtin.VerifyTextPresentKeyword.execute(VerifyTextPresentKeyword.groovy:68)
	at com.kms.katalon.core.keyword.internal.KeywordExecutor.executeKeywordForPlatform(KeywordExecutor.groovy:73)
	at com.kms.katalon.core.webui.keyword.WebUiBuiltInKeywords.verifyTextPresent(WebUiBuiltInKeywords.groovy:1720)
	at com.kms.katalon.core.webui.keyword.WebUiBuiltInKeywords$verifyTextPresent$6.call(Unknown Source)
	at TC_As public user , Trigger URL validation with invalid formats.run(TC_As public user , Trigger URL validation with invalid formats:24)
	at com.kms.katalon.core.main.ScriptEngine.run(ScriptEngine.java:194)
	at com.kms.katalon.core.main.ScriptEngine.runScriptAsRawText(ScriptEngine.java:119)
	at com.kms.katalon.core.main.TestCaseExecutor.runScript(TestCaseExecutor.java:394)
	at com.kms.katalon.core.main.TestCaseExecutor.doExecute(TestCaseExecutor.java:385)
	at com.kms.katalon.core.main.TestCaseExecutor.processExecutionPhase(TestCaseExecutor.java:364)
	at com.kms.katalon.core.main.TestCaseExecutor.accessMainPhase(TestCaseExecutor.java:356)
	at com.kms.katalon.core.main.TestCaseExecutor.execute(TestCaseExecutor.java:251)
	at com.kms.katalon.core.main.TestSuiteExecutor.accessTestCaseMainPhase(TestSuiteExecutor.java:203)
	at com.kms.katalon.core.main.TestSuiteExecutor.accessTestSuiteMainPhase(TestSuiteExecutor.java:152)
	at com.kms.katalon.core.main.TestSuiteExecutor.execute(TestSuiteExecutor.java:95)
	at com.kms.katalon.core.main.TestCaseMain.startTestSuite(TestCaseMain.java:157)
	at com.kms.katalon.core.main.TestCaseMain$startTestSuite$0.call(Unknown Source)
	at TempTestSuite1613476479901.run(TempTestSuite1613476479901.groovy:39)
)

2021-02-16 17:47:41 - [MESSAGE][FAILED] - Unable to verify text 'URL format is not valid.' is present  (Root cause: com.kms.katalon.core.exception.StepFailedException: Unable to verify text 'URL format is not valid.' is present 
	at com.kms.katalon.core.webui.keyword.internal.WebUIKeywordMain.stepFailed(WebUIKeywordMain.groovy:64)
	at com.kms.katalon.core.webui.keyword.internal.WebUIKeywordMain.runKeyword(WebUIKeywordMain.groovy:26)
	at com.kms.katalon.core.webui.keyword.builtin.VerifyTextPresentKeyword.verifyTextPresent(VerifyTextPresentKeyword.groovy:83)
	at com.kms.katalon.core.webui.keyword.builtin.VerifyTextPresentKeyword.execute(VerifyTextPresentKeyword.groovy:68)
	at com.kms.katalon.core.keyword.internal.KeywordExecutor.executeKeywordForPlatform(KeywordExecutor.groovy:73)
	at com.kms.katalon.core.webui.keyword.WebUiBuiltInKeywords.verifyTextPresent(WebUiBuiltInKeywords.groovy:1720)
	at com.kms.katalon.core.webui.keyword.WebUiBuiltInKeywords$verifyTextPresent$6.call(Unknown Source)
	at TC_As public user , Trigger URL validation with invalid formats.run(TC_As public user , Trigger URL validation with invalid formats:24)
	at com.kms.katalon.core.main.ScriptEngine.run(ScriptEngine.java:194)
	at com.kms.katalon.core.main.ScriptEngine.runScriptAsRawText(ScriptEngine.java:119)
	at com.kms.katalon.core.main.TestCaseExecutor.runScript(TestCaseExecutor.java:394)
	at com.kms.katalon.core.main.TestCaseExecutor.doExecute(TestCaseExecutor.java:385)
	at com.kms.katalon.core.main.TestCaseExecutor.processExecutionPhase(TestCaseExecutor.java:364)
	at com.kms.katalon.core.main.TestCaseExecutor.accessMainPhase(TestCaseExecutor.java:356)
	at com.kms.katalon.core.main.TestCaseExecutor.execute(TestCaseExecutor.java:251)
	at com.kms.katalon.core.main.TestSuiteExecutor.accessTestCaseMainPhase(TestSuiteExecutor.java:203)
	at com.kms.katalon.core.main.TestSuiteExecutor.accessTestSuiteMainPhase(TestSuiteExecutor.java:152)
	at com.kms.katalon.core.main.TestSuiteExecutor.execute(TestSuiteExecutor.java:95)
	at com.kms.katalon.core.main.TestCaseMain.startTestSuite(TestCaseMain.java:157)
	at com.kms.katalon.core.main.TestCaseMain$startTestSuite$0.call(Unknown Source)
	at TempTestSuite1613476479901.run(TempTestSuite1613476479901.groovy:39)
Caused by: com.kms.katalon.core.exception.StepFailedException: Text 'URL format is not valid.' is not present on page 
	at com.kms.katalon.core.webui.keyword.internal.WebUIKeywordMain.stepFailed(WebUIKeywordMain.groovy:64)
	at com.kms.katalon.core.webui.keyword.builtin.VerifyTextPresentKeyword$_verifyTextPresent_closure1.doCall(VerifyTextPresentKeyword.groovy:79)
	at com.kms.katalon.core.webui.keyword.builtin.VerifyTextPresentKeyword$_verifyTextPresent_closure1.call(VerifyTextPresentKeyword.groovy)
	at com.kms.katalon.core.webui.keyword.internal.WebUIKeywordMain.runKeyword(WebUIKeywordMain.groovy:20)
	... 19 more
)
[[ATTACHMENT|E:\\Inspect\\15022021\\SiteInspectAutomation\\Reports\\20210216_172436\\Regression_Suite\\PublicUser_Suite\\PublicUser_URL\\20210216_172439\\1613477861344.png]]

2021-02-16 17:47:41 - [TEST_STEP][PASSED] - Start tear down : tearDownMethodIfFailed: Method 'tearDownMethodIfFailed' complete successfully

2021-02-16 17:47:41 - [TEST_STEP][PASSED] - customKeywords.commanFunctions.onlyCloseBrowser(): customKeywords.commanFunctions.onlyCloseBrowser is PASSED

2021-02-16 17:47:42 - [MESSAGE][PASSED] - Browser is closed

2021-02-16 17:47:42 - [MESSAGE][PASSED] - customKeywords.commanFunctions.onlyCloseBrowser is PASSED

2021-02-16 17:47:42 - [TEST_STEP][PASSED] - logInfo("[--------This is tearDownIfFailed method------]"): [--------This is tearDownIfFailed method------]

2021-02-16 17:47:42 - [MESSAGE][INFO] - [--------This is tearDownIfFailed method------]

2021-02-16 17:47:42 - [MESSAGE][PASSED] - Method 'tearDownMethodIfFailed' complete successfully]]></system-out>
         <system-err><![CDATA[2021-02-16 17:47:23 - [TEST_CASE][FAILED] - Test Cases/UploadDiffURLs_PublicUser/TC_As public user , Trigger URL validation with invalid formats: Test Cases/UploadDiffURLs_PublicUser/TC_As public user , Trigger URL validation with invalid formats FAILED.
Reason:
com.kms.katalon.core.exception.StepFailedException: Unable to verify text 'URL format is not valid.' is present 
	at com.kms.katalon.core.webui.keyword.internal.WebUIKeywordMain.stepFailed(WebUIKeywordMain.groovy:64)
	at com.kms.katalon.core.webui.keyword.internal.WebUIKeywordMain.runKeyword(WebUIKeywordMain.groovy:26)
	at com.kms.katalon.core.webui.keyword.builtin.VerifyTextPresentKeyword.verifyTextPresent(VerifyTextPresentKeyword.groovy:83)
	at com.kms.katalon.core.webui.keyword.builtin.VerifyTextPresentKeyword.execute(VerifyTextPresentKeyword.groovy:68)
	at com.kms.katalon.core.keyword.internal.KeywordExecutor.executeKeywordForPlatform(KeywordExecutor.groovy:73)
	at com.kms.katalon.core.webui.keyword.WebUiBuiltInKeywords.verifyTextPresent(WebUiBuiltInKeywords.groovy:1720)
	at com.kms.katalon.core.webui.keyword.WebUiBuiltInKeywords$verifyTextPresent$6.call(Unknown Source)
	at TC_As public user , Trigger URL validation with invalid formats.run(TC_As public user , Trigger URL validation with invalid formats:24)
	at com.kms.katalon.core.main.ScriptEngine.run(ScriptEngine.java:194)
	at com.kms.katalon.core.main.ScriptEngine.runScriptAsRawText(ScriptEngine.java:119)
	at com.kms.katalon.core.main.TestCaseExecutor.runScript(TestCaseExecutor.java:394)
	at com.kms.katalon.core.main.TestCaseExecutor.doExecute(TestCaseExecutor.java:385)
	at com.kms.katalon.core.main.TestCaseExecutor.processExecutionPhase(TestCaseExecutor.java:364)
	at com.kms.katalon.core.main.TestCaseExecutor.accessMainPhase(TestCaseExecutor.java:356)
	at com.kms.katalon.core.main.TestCaseExecutor.execute(TestCaseExecutor.java:251)
	at com.kms.katalon.core.main.TestSuiteExecutor.accessTestCaseMainPhase(TestSuiteExecutor.java:203)
	at com.kms.katalon.core.main.TestSuiteExecutor.accessTestSuiteMainPhase(TestSuiteExecutor.java:152)
	at com.kms.katalon.core.main.TestSuiteExecutor.execute(TestSuiteExecutor.java:95)
	at com.kms.katalon.core.main.TestCaseMain.startTestSuite(TestCaseMain.java:157)
	at com.kms.katalon.core.main.TestCaseMain$startTestSuite$0.call(Unknown Source)
	at TempTestSuite1613476479901.run(TempTestSuite1613476479901.groovy:39)
Caused by: com.kms.katalon.core.exception.StepFailedException: Text 'URL format is not valid.' is not present on page 
	at com.kms.katalon.core.webui.keyword.internal.WebUIKeywordMain.stepFailed(WebUIKeywordMain.groovy:64)
	at com.kms.katalon.core.webui.keyword.builtin.VerifyTextPresentKeyword$_verifyTextPresent_closure1.doCall(VerifyTextPresentKeyword.groovy:79)
	at com.kms.katalon.core.webui.keyword.builtin.VerifyTextPresentKeyword$_verifyTextPresent_closure1.call(VerifyTextPresentKeyword.groovy)
	at com.kms.katalon.core.webui.keyword.internal.WebUIKeywordMain.runKeyword(WebUIKeywordMain.groovy:20)
	... 19 more]]></system-err>
      </testcase>
      <system-out><![CDATA[2021-02-16 17:46:13 - [TEST_SUITE][FAILED] - PublicUser_URL: Test Cases/UploadDiffURLs_PublicUser/TC_As public user , Trigger URL validation with invalid formats FAILED.
Reason:
com.kms.katalon.core.exception.StepFailedException: Unable to verify text 'URL format is not valid.' is present 
	at com.kms.katalon.core.webui.keyword.internal.WebUIKeywordMain.stepFailed(WebUIKeywordMain.groovy:64)
	at com.kms.katalon.core.webui.keyword.internal.WebUIKeywordMain.runKeyword(WebUIKeywordMain.groovy:26)
	at com.kms.katalon.core.webui.keyword.builtin.VerifyTextPresentKeyword.verifyTextPresent(VerifyTextPresentKeyword.groovy:83)
	at com.kms.katalon.core.webui.keyword.builtin.VerifyTextPresentKeyword.execute(VerifyTextPresentKeyword.groovy:68)
	at com.kms.katalon.core.keyword.internal.KeywordExecutor.executeKeywordForPlatform(KeywordExecutor.groovy:73)
	at com.kms.katalon.core.webui.keyword.WebUiBuiltInKeywords.verifyTextPresent(WebUiBuiltInKeywords.groovy:1720)
	at com.kms.katalon.core.webui.keyword.WebUiBuiltInKeywords$verifyTextPresent$6.call(Unknown Source)
	at TC_As public user , Trigger URL validation with invalid formats.run(TC_As public user , Trigger URL validation with invalid formats:24)
	at com.kms.katalon.core.main.ScriptEngine.run(ScriptEngine.java:194)
	at com.kms.katalon.core.main.ScriptEngine.runScriptAsRawText(ScriptEngine.java:119)
	at com.kms.katalon.core.main.TestCaseExecutor.runScript(TestCaseExecutor.java:394)
	at com.kms.katalon.core.main.TestCaseExecutor.doExecute(TestCaseExecutor.java:385)
	at com.kms.katalon.core.main.TestCaseExecutor.processExecutionPhase(TestCaseExecutor.java:364)
	at com.kms.katalon.core.main.TestCaseExecutor.accessMainPhase(TestCaseExecutor.java:356)
	at com.kms.katalon.core.main.TestCaseExecutor.execute(TestCaseExecutor.java:251)
	at com.kms.katalon.core.main.TestSuiteExecutor.accessTestCaseMainPhase(TestSuiteExecutor.java:203)
	at com.kms.katalon.core.main.TestSuiteExecutor.accessTestSuiteMainPhase(TestSuiteExecutor.java:152)
	at com.kms.katalon.core.main.TestSuiteExecutor.execute(TestSuiteExecutor.java:95)
	at com.kms.katalon.core.main.TestCaseMain.startTestSuite(TestCaseMain.java:157)
	at com.kms.katalon.core.main.TestCaseMain$startTestSuite$0.call(Unknown Source)
	at TempTestSuite1613476479901.run(TempTestSuite1613476479901.groovy:39)
Caused by: com.kms.katalon.core.exception.StepFailedException: Text 'URL format is not valid.' is not present on page 
	at com.kms.katalon.core.webui.keyword.internal.WebUIKeywordMain.stepFailed(WebUIKeywordMain.groovy:64)
	at com.kms.katalon.core.webui.keyword.builtin.VerifyTextPresentKeyword$_verifyTextPresent_closure1.doCall(VerifyTextPresentKeyword.groovy:79)
	at com.kms.katalon.core.webui.keyword.builtin.VerifyTextPresentKeyword$_verifyTextPresent_closure1.call(VerifyTextPresentKeyword.groovy)
	at com.kms.katalon.core.webui.keyword.internal.WebUIKeywordMain.runKeyword(WebUIKeywordMain.groovy:20)
	... 19 more]]></system-out>
      <system-err><![CDATA[2021-02-16 17:46:13 - [TEST_SUITE][FAILED] - PublicUser_URL: Test Cases/UploadDiffURLs_PublicUser/TC_As public user , Trigger URL validation with invalid formats FAILED.
Reason:
com.kms.katalon.core.exception.StepFailedException: Unable to verify text 'URL format is not valid.' is present 
	at com.kms.katalon.core.webui.keyword.internal.WebUIKeywordMain.stepFailed(WebUIKeywordMain.groovy:64)
	at com.kms.katalon.core.webui.keyword.internal.WebUIKeywordMain.runKeyword(WebUIKeywordMain.groovy:26)
	at com.kms.katalon.core.webui.keyword.builtin.VerifyTextPresentKeyword.verifyTextPresent(VerifyTextPresentKeyword.groovy:83)
	at com.kms.katalon.core.webui.keyword.builtin.VerifyTextPresentKeyword.execute(VerifyTextPresentKeyword.groovy:68)
	at com.kms.katalon.core.keyword.internal.KeywordExecutor.executeKeywordForPlatform(KeywordExecutor.groovy:73)
	at com.kms.katalon.core.webui.keyword.WebUiBuiltInKeywords.verifyTextPresent(WebUiBuiltInKeywords.groovy:1720)
	at com.kms.katalon.core.webui.keyword.WebUiBuiltInKeywords$verifyTextPresent$6.call(Unknown Source)
	at TC_As public user , Trigger URL validation with invalid formats.run(TC_As public user , Trigger URL validation with invalid formats:24)
	at com.kms.katalon.core.main.ScriptEngine.run(ScriptEngine.java:194)
	at com.kms.katalon.core.main.ScriptEngine.runScriptAsRawText(ScriptEngine.java:119)
	at com.kms.katalon.core.main.TestCaseExecutor.runScript(TestCaseExecutor.java:394)
	at com.kms.katalon.core.main.TestCaseExecutor.doExecute(TestCaseExecutor.java:385)
	at com.kms.katalon.core.main.TestCaseExecutor.processExecutionPhase(TestCaseExecutor.java:364)
	at com.kms.katalon.core.main.TestCaseExecutor.accessMainPhase(TestCaseExecutor.java:356)
	at com.kms.katalon.core.main.TestCaseExecutor.execute(TestCaseExecutor.java:251)
	at com.kms.katalon.core.main.TestSuiteExecutor.accessTestCaseMainPhase(TestSuiteExecutor.java:203)
	at com.kms.katalon.core.main.TestSuiteExecutor.accessTestSuiteMainPhase(TestSuiteExecutor.java:152)
	at com.kms.katalon.core.main.TestSuiteExecutor.execute(TestSuiteExecutor.java:95)
	at com.kms.katalon.core.main.TestCaseMain.startTestSuite(TestCaseMain.java:157)
	at com.kms.katalon.core.main.TestCaseMain$startTestSuite$0.call(Unknown Source)
	at TempTestSuite1613476479901.run(TempTestSuite1613476479901.groovy:39)
Caused by: com.kms.katalon.core.exception.StepFailedException: Text 'URL format is not valid.' is not present on page 
	at com.kms.katalon.core.webui.keyword.internal.WebUIKeywordMain.stepFailed(WebUIKeywordMain.groovy:64)
	at com.kms.katalon.core.webui.keyword.builtin.VerifyTextPresentKeyword$_verifyTextPresent_closure1.doCall(VerifyTextPresentKeyword.groovy:79)
	at com.kms.katalon.core.webui.keyword.builtin.VerifyTextPresentKeyword$_verifyTextPresent_closure1.call(VerifyTextPresentKeyword.groovy)
	at com.kms.katalon.core.webui.keyword.internal.WebUIKeywordMain.runKeyword(WebUIKeywordMain.groovy:20)
	... 19 more]]></system-err>
   </testsuite>
   <testsuite name="PublicUser_UploadFiles" tests="26" failures="1" errors="0" time="640.289" skips="0" timestamp="2021-02-16 17:47:54" hostname="ashok - OMTPGCN1132568L" id="Test Suites/Regression_Suite/PublicUser_Suite/PublicUser_UploadFiles">
      <properties>
         <property name="deviceName" value=""/>
         <property name="devicePlatform" value=""/>
         <property name="logFolder" value="E:\\Inspect\\15022021\\SiteInspectAutomation\\Reports\\20210216_172436\\Regression_Suite\\PublicUser_Suite\\PublicUser_UploadFiles\\20210216_172441"/>
         <property name="logFiles" value="E:\\Inspect\\15022021\\SiteInspectAutomation\\Reports\\20210216_172436\\Regression_Suite\\PublicUser_Suite\\PublicUser_UploadFiles\\20210216_172441\\execution0.log"/>
         <property name="attachments" value="E:\\Inspect\\15022021\\SiteInspectAutomation\\Reports\\20210216_172436\\Regression_Suite\\PublicUser_Suite\\PublicUser_UploadFiles\\20210216_172441\\1613478261146.png"/>
         <property name="hostName" value="ashok - OMTPGCN1132568L"/>
         <property name="os" value="Windows 10 64bit"/>
         <property name="katalonVersion" value="7.8.2.208"/>
         <property name="browser" value="Chrome 86.0.4240.75"/>
         <property name="hostAddress" value="192.168.1.2"/>
         <property name="sessionId" value="05e1448f17c763cb38d95382023a363c"/>
         <property name="seleniumVersion" value="3.141.59"/>
         <property name="proxyInformation" value="ProxyInformation { proxyOption=NO_PROXY, proxyServerType=HTTP, username=, password=********, proxyServerAddress=, proxyServerPort=0, executionList=&quot;&quot;, isApplyToDesiredCapabilities=true }"/>
         <property name="platform" value="Windows 10"/>
      </properties>
      <testcase name="Test Cases/UploadDiffFiles_PublicUser/TC_As a public user, Upload Adobe PhotoShop File" time="25.339" classname="Test Cases/UploadDiffFiles_PublicUser/TC_As a public user, Upload Adobe PhotoShop File" status="PASSED">
         <system-out><![CDATA[2021-02-16 17:47:56 - [TEST_CASE][PASSED] - Test Cases/UploadDiffFiles_PublicUser/TC_As a public user, Upload Adobe PhotoShop File: Test Cases/UploadDiffFiles_PublicUser/TC_As a public user, Upload Adobe PhotoShop File

2021-02-16 17:47:56 - [TEST_STEP][PASSED] - excelTestData = findTestData("Data Files/TestData/InspectTestData"): null

2021-02-16 17:47:56 - [TEST_STEP][PASSED] - userEmail = excelTestData.getValue(2, 23): null

2021-02-16 17:47:56 - [TEST_STEP][PASSED] - customKeywords.commanFunctions.uploadFileOfPublicUser(346, userEmail): customKeywords.commanFunctions.uploadFileOfPublicUser is PASSED

2021-02-16 17:47:57 - [MESSAGE][INFO] - Starting 'Chrome' driver

2021-02-16 17:47:57 - [MESSAGE][INFO] - Action delay is set to 0 milliseconds

2021-02-16 17:48:08 - [MESSAGE][PASSED] - Browser is opened with url: 'https://Inspect.Stage.site.sa'

2021-02-16 17:48:10 - [MESSAGE][PASSED] - Current window maximized

2021-02-16 17:48:10 - [MESSAGE][PASSED] - Wait for page load successfully

2021-02-16 17:48:10 - [MESSAGE][PASSED] - Object: 'Object Repository/HomePage/ChooseAFile' is clicked on

2021-02-16 17:48:12 - [MESSAGE][PASSED] - Delayed 2 second(s)

2021-02-16 17:48:14 - [MESSAGE][INFO] - Image Uploaded Sucsessfully

2021-02-16 17:48:16 - [MESSAGE][PASSED] - Delayed 2 second(s)

2021-02-16 17:48:17 - [MESSAGE][PASSED] - Text 'Adobe PhotoShop' is present on page 

2021-02-16 17:48:17 - [MESSAGE][PASSED] - Keys 'Os-ARahman@projects.site.sa' sent to object: 'Object Repository/PublicUserHomePage/email_Input'

2021-02-16 17:48:18 - [MESSAGE][PASSED] - Object: 'Object Repository/PublicUserHomePage/SiteInspectTermsOfUse_CheckBox' is clicked on

2021-02-16 17:48:18 - [MESSAGE][PASSED] - Object: 'Object Repository/HomePage/startAnalysis_EnableBtn' is clicked on

2021-02-16 17:48:20 - [MESSAGE][PASSED] - Text 'Your submission was successful
The analysis results will be delivered to you via email' is present on page 

2021-02-16 17:48:20 - [MESSAGE][PASSED] - customKeywords.commanFunctions.uploadFileOfPublicUser is PASSED

2021-02-16 17:48:20 - [TEST_STEP][PASSED] - customKeywords.commanFunctions.onlyCloseBrowser(): customKeywords.commanFunctions.onlyCloseBrowser is PASSED

2021-02-16 17:48:21 - [MESSAGE][PASSED] - Browser is closed

2021-02-16 17:48:21 - [MESSAGE][PASSED] - customKeywords.commanFunctions.onlyCloseBrowser is PASSED]]></system-out>
         <system-err><![CDATA[]]></system-err>
      </testcase>
      <testcase name="Test Cases/UploadDiffFiles_PublicUser/TC_As a public user, Upload Basic Audio File" time="24.782" classname="Test Cases/UploadDiffFiles_PublicUser/TC_As a public user, Upload Basic Audio File" status="PASSED">
         <system-out><![CDATA[2021-02-16 17:48:21 - [TEST_CASE][PASSED] - Test Cases/UploadDiffFiles_PublicUser/TC_As a public user, Upload Basic Audio File: Test Cases/UploadDiffFiles_PublicUser/TC_As a public user, Upload Basic Audio File

2021-02-16 17:48:21 - [TEST_STEP][PASSED] - excelTestData = findTestData("Data Files/TestData/InspectTestData"): null

2021-02-16 17:48:21 - [TEST_STEP][PASSED] - userEmail = excelTestData.getValue(2, 23): null

2021-02-16 17:48:21 - [TEST_STEP][PASSED] - customKeywords.commanFunctions.uploadFileOfPublicUser(228, userEmail): customKeywords.commanFunctions.uploadFileOfPublicUser is PASSED

2021-02-16 17:48:21 - [MESSAGE][INFO] - Starting 'Chrome' driver

2021-02-16 17:48:21 - [MESSAGE][INFO] - Action delay is set to 0 milliseconds

2021-02-16 17:48:33 - [MESSAGE][PASSED] - Browser is opened with url: 'https://Inspect.Stage.site.sa'

2021-02-16 17:48:35 - [MESSAGE][PASSED] - Current window maximized

2021-02-16 17:48:35 - [MESSAGE][PASSED] - Wait for page load successfully

2021-02-16 17:48:35 - [MESSAGE][PASSED] - Object: 'Object Repository/HomePage/ChooseAFile' is clicked on

2021-02-16 17:48:37 - [MESSAGE][PASSED] - Delayed 2 second(s)

2021-02-16 17:48:39 - [MESSAGE][INFO] - Image Uploaded Sucsessfully

2021-02-16 17:48:41 - [MESSAGE][PASSED] - Delayed 2 second(s)

2021-02-16 17:48:41 - [MESSAGE][PASSED] - Text 'BasicAudio' is present on page 

2021-02-16 17:48:42 - [MESSAGE][PASSED] - Keys 'Os-ARahman@projects.site.sa' sent to object: 'Object Repository/PublicUserHomePage/email_Input'

2021-02-16 17:48:42 - [MESSAGE][PASSED] - Object: 'Object Repository/PublicUserHomePage/SiteInspectTermsOfUse_CheckBox' is clicked on

2021-02-16 17:48:43 - [MESSAGE][PASSED] - Object: 'Object Repository/HomePage/startAnalysis_EnableBtn' is clicked on

2021-02-16 17:48:45 - [MESSAGE][PASSED] - Text 'Your submission was successful
The analysis results will be delivered to you via email' is present on page 

2021-02-16 17:48:45 - [MESSAGE][PASSED] - customKeywords.commanFunctions.uploadFileOfPublicUser is PASSED

2021-02-16 17:48:45 - [TEST_STEP][PASSED] - customKeywords.commanFunctions.onlyCloseBrowser(): customKeywords.commanFunctions.onlyCloseBrowser is PASSED

2021-02-16 17:48:46 - [MESSAGE][PASSED] - Browser is closed

2021-02-16 17:48:46 - [MESSAGE][PASSED] - customKeywords.commanFunctions.onlyCloseBrowser is PASSED]]></system-out>
         <system-err><![CDATA[]]></system-err>
      </testcase>
      <testcase name="Test Cases/UploadDiffFiles_PublicUser/TC_As a public user, Upload CSV File" time="23.241" classname="Test Cases/UploadDiffFiles_PublicUser/TC_As a public user, Upload CSV File" status="PASSED">
         <system-out><![CDATA[2021-02-16 17:48:46 - [TEST_CASE][PASSED] - Test Cases/UploadDiffFiles_PublicUser/TC_As a public user, Upload CSV File: Test Cases/UploadDiffFiles_PublicUser/TC_As a public user, Upload CSV File

2021-02-16 17:48:46 - [TEST_STEP][PASSED] - excelTestData = findTestData("Data Files/TestData/InspectTestData"): null

2021-02-16 17:48:46 - [TEST_STEP][PASSED] - userEmail = excelTestData.getValue(2, 23): null

2021-02-16 17:48:46 - [TEST_STEP][PASSED] - customKeywords.commanFunctions.uploadFileOfPublicUser(176, userEmail): customKeywords.commanFunctions.uploadFileOfPublicUser is PASSED

2021-02-16 17:48:46 - [MESSAGE][INFO] - Starting 'Chrome' driver

2021-02-16 17:48:46 - [MESSAGE][INFO] - Action delay is set to 0 milliseconds

2021-02-16 17:48:57 - [MESSAGE][PASSED] - Browser is opened with url: 'https://Inspect.Stage.site.sa'

2021-02-16 17:48:59 - [MESSAGE][PASSED] - Current window maximized

2021-02-16 17:48:59 - [MESSAGE][PASSED] - Wait for page load successfully

2021-02-16 17:48:59 - [MESSAGE][PASSED] - Object: 'Object Repository/HomePage/ChooseAFile' is clicked on

2021-02-16 17:49:01 - [MESSAGE][PASSED] - Delayed 2 second(s)

2021-02-16 17:49:03 - [MESSAGE][INFO] - Image Uploaded Sucsessfully

2021-02-16 17:49:05 - [MESSAGE][PASSED] - Delayed 2 second(s)

2021-02-16 17:49:06 - [MESSAGE][PASSED] - Text 'SampleCSVFile' is present on page 

2021-02-16 17:49:06 - [MESSAGE][PASSED] - Keys 'Os-ARahman@projects.site.sa' sent to object: 'Object Repository/PublicUserHomePage/email_Input'

2021-02-16 17:49:07 - [MESSAGE][PASSED] - Object: 'Object Repository/PublicUserHomePage/SiteInspectTermsOfUse_CheckBox' is clicked on

2021-02-16 17:49:07 - [MESSAGE][PASSED] - Object: 'Object Repository/HomePage/startAnalysis_EnableBtn' is clicked on

2021-02-16 17:49:08 - [MESSAGE][PASSED] - Text 'Your submission was successful
The analysis results will be delivered to you via email' is present on page 

2021-02-16 17:49:08 - [MESSAGE][PASSED] - customKeywords.commanFunctions.uploadFileOfPublicUser is PASSED

2021-02-16 17:49:08 - [TEST_STEP][PASSED] - customKeywords.commanFunctions.onlyCloseBrowser(): customKeywords.commanFunctions.onlyCloseBrowser is PASSED

2021-02-16 17:49:09 - [MESSAGE][PASSED] - Browser is closed

2021-02-16 17:49:09 - [MESSAGE][PASSED] - customKeywords.commanFunctions.onlyCloseBrowser is PASSED]]></system-out>
         <system-err><![CDATA[]]></system-err>
      </testcase>
      <testcase name="Test Cases/UploadDiffFiles_PublicUser/TC_As a public user, Upload Exe File" time="25.805" classname="Test Cases/UploadDiffFiles_PublicUser/TC_As a public user, Upload Exe File" status="PASSED">
         <system-out><![CDATA[2021-02-16 17:49:09 - [TEST_CASE][PASSED] - Test Cases/UploadDiffFiles_PublicUser/TC_As a public user, Upload Exe File: Test Cases/UploadDiffFiles_PublicUser/TC_As a public user, Upload Exe File

2021-02-16 17:49:09 - [TEST_STEP][PASSED] - excelTestData = findTestData("Data Files/TestData/InspectTestData"): null

2021-02-16 17:49:09 - [TEST_STEP][PASSED] - userEmail = excelTestData.getValue(2, 23): null

2021-02-16 17:49:09 - [TEST_STEP][PASSED] - customKeywords.commanFunctions.uploadFileOfPublicUser(172, userEmail): customKeywords.commanFunctions.uploadFileOfPublicUser is PASSED

2021-02-16 17:49:09 - [MESSAGE][INFO] - Starting 'Chrome' driver

2021-02-16 17:49:09 - [MESSAGE][INFO] - Action delay is set to 0 milliseconds

2021-02-16 17:49:20 - [MESSAGE][PASSED] - Browser is opened with url: 'https://Inspect.Stage.site.sa'

2021-02-16 17:49:22 - [MESSAGE][PASSED] - Current window maximized

2021-02-16 17:49:22 - [MESSAGE][PASSED] - Wait for page load successfully

2021-02-16 17:49:22 - [MESSAGE][PASSED] - Object: 'Object Repository/HomePage/ChooseAFile' is clicked on

2021-02-16 17:49:24 - [MESSAGE][PASSED] - Delayed 2 second(s)

2021-02-16 17:49:26 - [MESSAGE][INFO] - Image Uploaded Sucsessfully

2021-02-16 17:49:28 - [MESSAGE][PASSED] - Delayed 2 second(s)

2021-02-16 17:49:29 - [MESSAGE][PASSED] - Text 'readerdc_en_ka_cra_install' is present on page 

2021-02-16 17:49:29 - [MESSAGE][PASSED] - Keys 'Os-ARahman@projects.site.sa' sent to object: 'Object Repository/PublicUserHomePage/email_Input'

2021-02-16 17:49:30 - [MESSAGE][PASSED] - Object: 'Object Repository/PublicUserHomePage/SiteInspectTermsOfUse_CheckBox' is clicked on

2021-02-16 17:49:30 - [MESSAGE][PASSED] - Object: 'Object Repository/HomePage/startAnalysis_EnableBtn' is clicked on

2021-02-16 17:49:34 - [MESSAGE][PASSED] - Text 'Your submission was successful
The analysis results will be delivered to you via email' is present on page 

2021-02-16 17:49:34 - [MESSAGE][PASSED] - customKeywords.commanFunctions.uploadFileOfPublicUser is PASSED

2021-02-16 17:49:34 - [TEST_STEP][PASSED] - customKeywords.commanFunctions.onlyCloseBrowser(): customKeywords.commanFunctions.onlyCloseBrowser is PASSED

2021-02-16 17:49:35 - [MESSAGE][PASSED] - Browser is closed

2021-02-16 17:49:35 - [MESSAGE][PASSED] - customKeywords.commanFunctions.onlyCloseBrowser is PASSED]]></system-out>
         <system-err><![CDATA[]]></system-err>
      </testcase>
      <testcase name="Test Cases/UploadDiffFiles_PublicUser/TC_As a public user, Upload Graphics Interchange Format File" time="25.121" classname="Test Cases/UploadDiffFiles_PublicUser/TC_As a public user, Upload Graphics Interchange Format File" status="PASSED">
         <system-out><![CDATA[2021-02-16 17:49:35 - [TEST_CASE][PASSED] - Test Cases/UploadDiffFiles_PublicUser/TC_As a public user, Upload Graphics Interchange Format File: Test Cases/UploadDiffFiles_PublicUser/TC_As a public user, Upload Graphics Interchange Format File

2021-02-16 17:49:35 - [TEST_STEP][PASSED] - excelTestData = findTestData("Data Files/TestData/InspectTestData"): null

2021-02-16 17:49:35 - [TEST_STEP][PASSED] - userEmail = excelTestData.getValue(2, 23): null

2021-02-16 17:49:35 - [TEST_STEP][PASSED] - customKeywords.commanFunctions.uploadFileOfPublicUser(252, userEmail): customKeywords.commanFunctions.uploadFileOfPublicUser is PASSED

2021-02-16 17:49:35 - [MESSAGE][INFO] - Starting 'Chrome' driver

2021-02-16 17:49:35 - [MESSAGE][INFO] - Action delay is set to 0 milliseconds

2021-02-16 17:49:47 - [MESSAGE][PASSED] - Browser is opened with url: 'https://Inspect.Stage.site.sa'

2021-02-16 17:49:49 - [MESSAGE][PASSED] - Current window maximized

2021-02-16 17:49:49 - [MESSAGE][PASSED] - Wait for page load successfully

2021-02-16 17:49:49 - [MESSAGE][PASSED] - Object: 'Object Repository/HomePage/ChooseAFile' is clicked on

2021-02-16 17:49:51 - [MESSAGE][PASSED] - Delayed 2 second(s)

2021-02-16 17:49:53 - [MESSAGE][INFO] - Image Uploaded Sucsessfully

2021-02-16 17:49:55 - [MESSAGE][PASSED] - Delayed 2 second(s)

2021-02-16 17:49:56 - [MESSAGE][PASSED] - Text 'Graphics Interchange Format.gif' is present on page 

2021-02-16 17:49:56 - [MESSAGE][PASSED] - Keys 'Os-ARahman@projects.site.sa' sent to object: 'Object Repository/PublicUserHomePage/email_Input'

2021-02-16 17:49:57 - [MESSAGE][PASSED] - Object: 'Object Repository/PublicUserHomePage/SiteInspectTermsOfUse_CheckBox' is clicked on

2021-02-16 17:49:57 - [MESSAGE][PASSED] - Object: 'Object Repository/HomePage/startAnalysis_EnableBtn' is clicked on

2021-02-16 17:49:59 - [MESSAGE][PASSED] - Text 'Your submission was successful
The analysis results will be delivered to you via email' is present on page 

2021-02-16 17:49:59 - [MESSAGE][PASSED] - customKeywords.commanFunctions.uploadFileOfPublicUser is PASSED

2021-02-16 17:49:59 - [TEST_STEP][PASSED] - customKeywords.commanFunctions.onlyCloseBrowser(): customKeywords.commanFunctions.onlyCloseBrowser is PASSED

2021-02-16 17:50:00 - [MESSAGE][PASSED] - Browser is closed

2021-02-16 17:50:00 - [MESSAGE][PASSED] - customKeywords.commanFunctions.onlyCloseBrowser is PASSED]]></system-out>
         <system-err><![CDATA[]]></system-err>
      </testcase>
      <testcase name="Test Cases/UploadDiffFiles_PublicUser/TC_As a public user, Upload Jar File" time="24.876" classname="Test Cases/UploadDiffFiles_PublicUser/TC_As a public user, Upload Jar File" status="PASSED">
         <system-out><![CDATA[2021-02-16 17:50:00 - [TEST_CASE][PASSED] - Test Cases/UploadDiffFiles_PublicUser/TC_As a public user, Upload Jar File: Test Cases/UploadDiffFiles_PublicUser/TC_As a public user, Upload Jar File

2021-02-16 17:50:00 - [TEST_STEP][PASSED] - excelTestData = findTestData("Data Files/TestData/InspectTestData"): null

2021-02-16 17:50:00 - [TEST_STEP][PASSED] - userEmail = excelTestData.getValue(2, 23): null

2021-02-16 17:50:00 - [TEST_STEP][PASSED] - customKeywords.commanFunctions.uploadFileOfPublicUser(160, userEmail): customKeywords.commanFunctions.uploadFileOfPublicUser is PASSED

2021-02-16 17:50:00 - [MESSAGE][INFO] - Starting 'Chrome' driver

2021-02-16 17:50:00 - [MESSAGE][INFO] - Action delay is set to 0 milliseconds

2021-02-16 17:50:11 - [MESSAGE][PASSED] - Browser is opened with url: 'https://Inspect.Stage.site.sa'

2021-02-16 17:50:13 - [MESSAGE][PASSED] - Current window maximized

2021-02-16 17:50:13 - [MESSAGE][PASSED] - Wait for page load successfully

2021-02-16 17:50:14 - [MESSAGE][PASSED] - Object: 'Object Repository/HomePage/ChooseAFile' is clicked on

2021-02-16 17:50:16 - [MESSAGE][PASSED] - Delayed 2 second(s)

2021-02-16 17:50:18 - [MESSAGE][INFO] - Image Uploaded Sucsessfully

2021-02-16 17:50:20 - [MESSAGE][PASSED] - Delayed 2 second(s)

2021-02-16 17:50:20 - [MESSAGE][PASSED] - Text 'commonsCode' is present on page 

2021-02-16 17:50:21 - [MESSAGE][PASSED] - Keys 'Os-ARahman@projects.site.sa' sent to object: 'Object Repository/PublicUserHomePage/email_Input'

2021-02-16 17:50:21 - [MESSAGE][PASSED] - Object: 'Object Repository/PublicUserHomePage/SiteInspectTermsOfUse_CheckBox' is clicked on

2021-02-16 17:50:22 - [MESSAGE][PASSED] - Object: 'Object Repository/HomePage/startAnalysis_EnableBtn' is clicked on

2021-02-16 17:50:24 - [MESSAGE][PASSED] - Text 'Your submission was successful
The analysis results will be delivered to you via email' is present on page 

2021-02-16 17:50:24 - [MESSAGE][PASSED] - customKeywords.commanFunctions.uploadFileOfPublicUser is PASSED

2021-02-16 17:50:24 - [TEST_STEP][PASSED] - customKeywords.commanFunctions.onlyCloseBrowser(): customKeywords.commanFunctions.onlyCloseBrowser is PASSED

2021-02-16 17:50:25 - [MESSAGE][PASSED] - Browser is closed

2021-02-16 17:50:25 - [MESSAGE][PASSED] - customKeywords.commanFunctions.onlyCloseBrowser is PASSED]]></system-out>
         <system-err><![CDATA[]]></system-err>
      </testcase>
      <testcase name="Test Cases/UploadDiffFiles_PublicUser/TC_As a public user, Upload Java File" time="23.415" classname="Test Cases/UploadDiffFiles_PublicUser/TC_As a public user, Upload Java File" status="PASSED">
         <system-out><![CDATA[2021-02-16 17:50:25 - [TEST_CASE][PASSED] - Test Cases/UploadDiffFiles_PublicUser/TC_As a public user, Upload Java File: Test Cases/UploadDiffFiles_PublicUser/TC_As a public user, Upload Java File

2021-02-16 17:50:25 - [TEST_STEP][PASSED] - excelTestData = findTestData("Data Files/TestData/InspectTestData"): null

2021-02-16 17:50:25 - [TEST_STEP][PASSED] - userEmail = excelTestData.getValue(2, 23): null

2021-02-16 17:50:25 - [TEST_STEP][PASSED] - customKeywords.commanFunctions.uploadFileOfPublicUser(180, userEmail): customKeywords.commanFunctions.uploadFileOfPublicUser is PASSED

2021-02-16 17:50:25 - [MESSAGE][INFO] - Starting 'Chrome' driver

2021-02-16 17:50:25 - [MESSAGE][INFO] - Action delay is set to 0 milliseconds

2021-02-16 17:50:36 - [MESSAGE][PASSED] - Browser is opened with url: 'https://Inspect.Stage.site.sa'

2021-02-16 17:50:38 - [MESSAGE][PASSED] - Current window maximized

2021-02-16 17:50:38 - [MESSAGE][PASSED] - Wait for page load successfully

2021-02-16 17:50:38 - [MESSAGE][PASSED] - Object: 'Object Repository/HomePage/ChooseAFile' is clicked on

2021-02-16 17:50:40 - [MESSAGE][PASSED] - Delayed 2 second(s)

2021-02-16 17:50:42 - [MESSAGE][INFO] - Image Uploaded Sucsessfully

2021-02-16 17:50:44 - [MESSAGE][PASSED] - Delayed 2 second(s)

2021-02-16 17:50:45 - [MESSAGE][PASSED] - Text 'sampleExcel' is present on page 

2021-02-16 17:50:45 - [MESSAGE][PASSED] - Keys 'Os-ARahman@projects.site.sa' sent to object: 'Object Repository/PublicUserHomePage/email_Input'

2021-02-16 17:50:46 - [MESSAGE][PASSED] - Object: 'Object Repository/PublicUserHomePage/SiteInspectTermsOfUse_CheckBox' is clicked on

2021-02-16 17:50:46 - [MESSAGE][PASSED] - Object: 'Object Repository/HomePage/startAnalysis_EnableBtn' is clicked on

2021-02-16 17:50:47 - [MESSAGE][PASSED] - Text 'Your submission was successful
The analysis results will be delivered to you via email' is present on page 

2021-02-16 17:50:47 - [MESSAGE][PASSED] - customKeywords.commanFunctions.uploadFileOfPublicUser is PASSED

2021-02-16 17:50:47 - [TEST_STEP][PASSED] - customKeywords.commanFunctions.onlyCloseBrowser(): customKeywords.commanFunctions.onlyCloseBrowser is PASSED

2021-02-16 17:50:48 - [MESSAGE][PASSED] - Browser is closed

2021-02-16 17:50:48 - [MESSAGE][PASSED] - customKeywords.commanFunctions.onlyCloseBrowser is PASSED]]></system-out>
         <system-err><![CDATA[]]></system-err>
      </testcase>
      <testcase name="Test Cases/UploadDiffFiles_PublicUser/TC_As a public user, Upload JPEG graphic File" time="23.328" classname="Test Cases/UploadDiffFiles_PublicUser/TC_As a public user, Upload JPEG graphic File" status="PASSED">
         <system-out><![CDATA[2021-02-16 17:50:48 - [TEST_CASE][PASSED] - Test Cases/UploadDiffFiles_PublicUser/TC_As a public user, Upload JPEG graphic File: Test Cases/UploadDiffFiles_PublicUser/TC_As a public user, Upload JPEG graphic File

2021-02-16 17:50:48 - [TEST_STEP][PASSED] - excelTestData = findTestData("Data Files/TestData/InspectTestData"): null

2021-02-16 17:50:48 - [TEST_STEP][PASSED] - userEmail = excelTestData.getValue(2, 23): null

2021-02-16 17:50:48 - [TEST_STEP][PASSED] - customKeywords.commanFunctions.uploadFileOfPublicUser(256, userEmail): customKeywords.commanFunctions.uploadFileOfPublicUser is PASSED

2021-02-16 17:50:48 - [MESSAGE][INFO] - Starting 'Chrome' driver

2021-02-16 17:50:48 - [MESSAGE][INFO] - Action delay is set to 0 milliseconds

2021-02-16 17:50:59 - [MESSAGE][PASSED] - Browser is opened with url: 'https://Inspect.Stage.site.sa'

2021-02-16 17:51:01 - [MESSAGE][PASSED] - Current window maximized

2021-02-16 17:51:01 - [MESSAGE][PASSED] - Wait for page load successfully

2021-02-16 17:51:01 - [MESSAGE][PASSED] - Object: 'Object Repository/HomePage/ChooseAFile' is clicked on

2021-02-16 17:51:03 - [MESSAGE][PASSED] - Delayed 2 second(s)

2021-02-16 17:51:05 - [MESSAGE][INFO] - Image Uploaded Sucsessfully

2021-02-16 17:51:07 - [MESSAGE][PASSED] - Delayed 2 second(s)

2021-02-16 17:51:07 - [MESSAGE][PASSED] - Text 'JPEG graphic' is present on page 

2021-02-16 17:51:08 - [MESSAGE][PASSED] - Keys 'Os-ARahman@projects.site.sa' sent to object: 'Object Repository/PublicUserHomePage/email_Input'

2021-02-16 17:51:08 - [MESSAGE][PASSED] - Object: 'Object Repository/PublicUserHomePage/SiteInspectTermsOfUse_CheckBox' is clicked on

2021-02-16 17:51:09 - [MESSAGE][PASSED] - Object: 'Object Repository/HomePage/startAnalysis_EnableBtn' is clicked on

2021-02-16 17:51:11 - [MESSAGE][PASSED] - Text 'Your submission was successful
The analysis results will be delivered to you via email' is present on page 

2021-02-16 17:51:11 - [MESSAGE][PASSED] - customKeywords.commanFunctions.uploadFileOfPublicUser is PASSED

2021-02-16 17:51:11 - [TEST_STEP][PASSED] - customKeywords.commanFunctions.onlyCloseBrowser(): customKeywords.commanFunctions.onlyCloseBrowser is PASSED

2021-02-16 17:51:12 - [MESSAGE][PASSED] - Browser is closed

2021-02-16 17:51:12 - [MESSAGE][PASSED] - customKeywords.commanFunctions.onlyCloseBrowser is PASSED]]></system-out>
         <system-err><![CDATA[]]></system-err>
      </testcase>
      <testcase name="Test Cases/UploadDiffFiles_PublicUser/TC_As a public user, Upload MacPaint.mac File" time="23.459" classname="Test Cases/UploadDiffFiles_PublicUser/TC_As a public user, Upload MacPaint.mac File" status="PASSED">
         <system-out><![CDATA[2021-02-16 17:51:12 - [TEST_CASE][PASSED] - Test Cases/UploadDiffFiles_PublicUser/TC_As a public user, Upload MacPaint.mac File: Test Cases/UploadDiffFiles_PublicUser/TC_As a public user, Upload MacPaint.mac File

2021-02-16 17:51:12 - [TEST_STEP][PASSED] - excelTestData = findTestData("Data Files/TestData/InspectTestData"): null

2021-02-16 17:51:12 - [TEST_STEP][PASSED] - userEmail = excelTestData.getValue(2, 23): null

2021-02-16 17:51:12 - [TEST_STEP][PASSED] - customKeywords.commanFunctions.uploadFileOfPublicUser(333, userEmail): customKeywords.commanFunctions.uploadFileOfPublicUser is PASSED

2021-02-16 17:51:12 - [MESSAGE][INFO] - Starting 'Chrome' driver

2021-02-16 17:51:12 - [MESSAGE][INFO] - Action delay is set to 0 milliseconds

2021-02-16 17:51:22 - [MESSAGE][PASSED] - Browser is opened with url: 'https://Inspect.Stage.site.sa'

2021-02-16 17:51:24 - [MESSAGE][PASSED] - Current window maximized

2021-02-16 17:51:24 - [MESSAGE][PASSED] - Wait for page load successfully

2021-02-16 17:51:25 - [MESSAGE][PASSED] - Object: 'Object Repository/HomePage/ChooseAFile' is clicked on

2021-02-16 17:51:27 - [MESSAGE][PASSED] - Delayed 2 second(s)

2021-02-16 17:51:29 - [MESSAGE][INFO] - Image Uploaded Sucsessfully

2021-02-16 17:51:31 - [MESSAGE][PASSED] - Delayed 2 second(s)

2021-02-16 17:51:31 - [MESSAGE][PASSED] - Text 'MacPaint' is present on page 

2021-02-16 17:51:31 - [MESSAGE][PASSED] - Keys 'Os-ARahman@projects.site.sa' sent to object: 'Object Repository/PublicUserHomePage/email_Input'

2021-02-16 17:51:32 - [MESSAGE][PASSED] - Object: 'Object Repository/PublicUserHomePage/SiteInspectTermsOfUse_CheckBox' is clicked on

2021-02-16 17:51:32 - [MESSAGE][PASSED] - Object: 'Object Repository/HomePage/startAnalysis_EnableBtn' is clicked on

2021-02-16 17:51:34 - [MESSAGE][PASSED] - Text 'Your submission was successful
The analysis results will be delivered to you via email' is present on page 

2021-02-16 17:51:34 - [MESSAGE][PASSED] - customKeywords.commanFunctions.uploadFileOfPublicUser is PASSED

2021-02-16 17:51:34 - [TEST_STEP][PASSED] - customKeywords.commanFunctions.onlyCloseBrowser(): customKeywords.commanFunctions.onlyCloseBrowser is PASSED

2021-02-16 17:51:35 - [MESSAGE][PASSED] - Browser is closed

2021-02-16 17:51:35 - [MESSAGE][PASSED] - customKeywords.commanFunctions.onlyCloseBrowser is PASSED]]></system-out>
         <system-err><![CDATA[]]></system-err>
      </testcase>
      <testcase name="Test Cases/UploadDiffFiles_PublicUser/TC_As a public user, Upload Microsoft Word File" time="23.65" classname="Test Cases/UploadDiffFiles_PublicUser/TC_As a public user, Upload Microsoft Word File" status="PASSED">
         <system-out><![CDATA[2021-02-16 17:51:35 - [TEST_CASE][PASSED] - Test Cases/UploadDiffFiles_PublicUser/TC_As a public user, Upload Microsoft Word File: Test Cases/UploadDiffFiles_PublicUser/TC_As a public user, Upload Microsoft Word File

2021-02-16 17:51:35 - [TEST_STEP][PASSED] - excelTestData = findTestData("Data Files/TestData/InspectTestData"): null

2021-02-16 17:51:35 - [TEST_STEP][PASSED] - userEmail = excelTestData.getValue(2, 23): null

2021-02-16 17:51:35 - [TEST_STEP][PASSED] - customKeywords.commanFunctions.uploadFileOfPublicUser(248, userEmail): customKeywords.commanFunctions.uploadFileOfPublicUser is PASSED

2021-02-16 17:51:35 - [MESSAGE][INFO] - Starting 'Chrome' driver

2021-02-16 17:51:35 - [MESSAGE][INFO] - Action delay is set to 0 milliseconds

2021-02-16 17:51:46 - [MESSAGE][PASSED] - Browser is opened with url: 'https://Inspect.Stage.site.sa'

2021-02-16 17:51:48 - [MESSAGE][PASSED] - Current window maximized

2021-02-16 17:51:48 - [MESSAGE][PASSED] - Wait for page load successfully

2021-02-16 17:51:48 - [MESSAGE][PASSED] - Object: 'Object Repository/HomePage/ChooseAFile' is clicked on

2021-02-16 17:51:50 - [MESSAGE][PASSED] - Delayed 2 second(s)

2021-02-16 17:51:52 - [MESSAGE][INFO] - Image Uploaded Sucsessfully

2021-02-16 17:51:54 - [MESSAGE][PASSED] - Delayed 2 second(s)

2021-02-16 17:51:55 - [MESSAGE][PASSED] - Text 'Microsoft Word' is present on page 

2021-02-16 17:51:55 - [MESSAGE][PASSED] - Keys 'Os-ARahman@projects.site.sa' sent to object: 'Object Repository/PublicUserHomePage/email_Input'

2021-02-16 17:51:55 - [MESSAGE][PASSED] - Object: 'Object Repository/PublicUserHomePage/SiteInspectTermsOfUse_CheckBox' is clicked on

2021-02-16 17:51:56 - [MESSAGE][PASSED] - Object: 'Object Repository/HomePage/startAnalysis_EnableBtn' is clicked on

2021-02-16 17:51:58 - [MESSAGE][PASSED] - Text 'Your submission was successful
The analysis results will be delivered to you via email' is present on page 

2021-02-16 17:51:58 - [MESSAGE][PASSED] - customKeywords.commanFunctions.uploadFileOfPublicUser is PASSED

2021-02-16 17:51:58 - [TEST_STEP][PASSED] - customKeywords.commanFunctions.onlyCloseBrowser(): customKeywords.commanFunctions.onlyCloseBrowser is PASSED

2021-02-16 17:51:59 - [MESSAGE][PASSED] - Browser is closed

2021-02-16 17:51:59 - [MESSAGE][PASSED] - customKeywords.commanFunctions.onlyCloseBrowser is PASSED]]></system-out>
         <system-err><![CDATA[]]></system-err>
      </testcase>
      <testcase name="Test Cases/UploadDiffFiles_PublicUser/TC_As a public user, Upload MS Access database File" time="23.378" classname="Test Cases/UploadDiffFiles_PublicUser/TC_As a public user, Upload MS Access database File" status="PASSED">
         <system-out><![CDATA[2021-02-16 17:51:59 - [TEST_CASE][PASSED] - Test Cases/UploadDiffFiles_PublicUser/TC_As a public user, Upload MS Access database File: Test Cases/UploadDiffFiles_PublicUser/TC_As a public user, Upload MS Access database File

2021-02-16 17:51:59 - [TEST_STEP][PASSED] - excelTestData = findTestData("Data Files/TestData/InspectTestData"): null

2021-02-16 17:51:59 - [TEST_STEP][PASSED] - userEmail = excelTestData.getValue(2, 23): null

2021-02-16 17:51:59 - [TEST_STEP][PASSED] - customKeywords.commanFunctions.uploadFileOfPublicUser(342, userEmail): customKeywords.commanFunctions.uploadFileOfPublicUser is PASSED

2021-02-16 17:51:59 - [MESSAGE][INFO] - Starting 'Chrome' driver

2021-02-16 17:51:59 - [MESSAGE][INFO] - Action delay is set to 0 milliseconds

2021-02-16 17:52:09 - [MESSAGE][PASSED] - Browser is opened with url: 'https://Inspect.Stage.site.sa'

2021-02-16 17:52:11 - [MESSAGE][PASSED] - Current window maximized

2021-02-16 17:52:11 - [MESSAGE][PASSED] - Wait for page load successfully

2021-02-16 17:52:12 - [MESSAGE][PASSED] - Object: 'Object Repository/HomePage/ChooseAFile' is clicked on

2021-02-16 17:52:14 - [MESSAGE][PASSED] - Delayed 2 second(s)

2021-02-16 17:52:16 - [MESSAGE][INFO] - Image Uploaded Sucsessfully

2021-02-16 17:52:18 - [MESSAGE][PASSED] - Delayed 2 second(s)

2021-02-16 17:52:18 - [MESSAGE][PASSED] - Text 'MS Access database' is present on page 

2021-02-16 17:52:18 - [MESSAGE][PASSED] - Keys 'Os-ARahman@projects.site.sa' sent to object: 'Object Repository/PublicUserHomePage/email_Input'

2021-02-16 17:52:19 - [MESSAGE][PASSED] - Object: 'Object Repository/PublicUserHomePage/SiteInspectTermsOfUse_CheckBox' is clicked on

2021-02-16 17:52:19 - [MESSAGE][PASSED] - Object: 'Object Repository/HomePage/startAnalysis_EnableBtn' is clicked on

2021-02-16 17:52:21 - [MESSAGE][PASSED] - Text 'Your submission was successful
The analysis results will be delivered to you via email' is present on page 

2021-02-16 17:52:21 - [MESSAGE][PASSED] - customKeywords.commanFunctions.uploadFileOfPublicUser is PASSED

2021-02-16 17:52:21 - [TEST_STEP][PASSED] - customKeywords.commanFunctions.onlyCloseBrowser(): customKeywords.commanFunctions.onlyCloseBrowser is PASSED

2021-02-16 17:52:22 - [MESSAGE][PASSED] - Browser is closed

2021-02-16 17:52:22 - [MESSAGE][PASSED] - customKeywords.commanFunctions.onlyCloseBrowser is PASSED]]></system-out>
         <system-err><![CDATA[]]></system-err>
      </testcase>
      <testcase name="Test Cases/UploadDiffFiles_PublicUser/TC_As a public user, Upload MS Works File" time="23.528" classname="Test Cases/UploadDiffFiles_PublicUser/TC_As a public user, Upload MS Works File" status="PASSED">
         <system-out><![CDATA[2021-02-16 17:52:22 - [TEST_CASE][PASSED] - Test Cases/UploadDiffFiles_PublicUser/TC_As a public user, Upload MS Works File: Test Cases/UploadDiffFiles_PublicUser/TC_As a public user, Upload MS Works File

2021-02-16 17:52:22 - [TEST_STEP][PASSED] - excelTestData = findTestData("Data Files/TestData/InspectTestData"): null

2021-02-16 17:52:22 - [TEST_STEP][PASSED] - userEmail = excelTestData.getValue(2, 23): null

2021-02-16 17:52:22 - [TEST_STEP][PASSED] - customKeywords.commanFunctions.uploadFileOfPublicUser(362, userEmail): customKeywords.commanFunctions.uploadFileOfPublicUser is PASSED

2021-02-16 17:52:22 - [MESSAGE][INFO] - Starting 'Chrome' driver

2021-02-16 17:52:22 - [MESSAGE][INFO] - Action delay is set to 0 milliseconds

2021-02-16 17:52:33 - [MESSAGE][PASSED] - Browser is opened with url: 'https://Inspect.Stage.site.sa'

2021-02-16 17:52:35 - [MESSAGE][PASSED] - Current window maximized

2021-02-16 17:52:35 - [MESSAGE][PASSED] - Wait for page load successfully

2021-02-16 17:52:36 - [MESSAGE][PASSED] - Object: 'Object Repository/HomePage/ChooseAFile' is clicked on

2021-02-16 17:52:38 - [MESSAGE][PASSED] - Delayed 2 second(s)

2021-02-16 17:52:40 - [MESSAGE][INFO] - Image Uploaded Sucsessfully

2021-02-16 17:52:42 - [MESSAGE][PASSED] - Delayed 2 second(s)

2021-02-16 17:52:42 - [MESSAGE][PASSED] - Text 'MS Works' is present on page 

2021-02-16 17:52:43 - [MESSAGE][PASSED] - Keys 'Os-ARahman@projects.site.sa' sent to object: 'Object Repository/PublicUserHomePage/email_Input'

2021-02-16 17:52:43 - [MESSAGE][PASSED] - Object: 'Object Repository/PublicUserHomePage/SiteInspectTermsOfUse_CheckBox' is clicked on

2021-02-16 17:52:44 - [MESSAGE][PASSED] - Object: 'Object Repository/HomePage/startAnalysis_EnableBtn' is clicked on

2021-02-16 17:52:45 - [MESSAGE][PASSED] - Text 'Your submission was successful
The analysis results will be delivered to you via email' is present on page 

2021-02-16 17:52:45 - [MESSAGE][PASSED] - customKeywords.commanFunctions.uploadFileOfPublicUser is PASSED

2021-02-16 17:52:45 - [TEST_STEP][PASSED] - customKeywords.commanFunctions.onlyCloseBrowser(): customKeywords.commanFunctions.onlyCloseBrowser is PASSED

2021-02-16 17:52:46 - [MESSAGE][PASSED] - Browser is closed

2021-02-16 17:52:46 - [MESSAGE][PASSED] - customKeywords.commanFunctions.onlyCloseBrowser is PASSED]]></system-out>
         <system-err><![CDATA[]]></system-err>
      </testcase>
      <testcase name="Test Cases/UploadDiffFiles_PublicUser/TC_As a public user, Upload Multimedia File" time="23.831" classname="Test Cases/UploadDiffFiles_PublicUser/TC_As a public user, Upload Multimedia File" status="PASSED">
         <system-out><![CDATA[2021-02-16 17:52:46 - [TEST_CASE][PASSED] - Test Cases/UploadDiffFiles_PublicUser/TC_As a public user, Upload Multimedia File: Test Cases/UploadDiffFiles_PublicUser/TC_As a public user, Upload Multimedia File

2021-02-16 17:52:46 - [TEST_STEP][PASSED] - excelTestData = findTestData("Data Files/TestData/InspectTestData"): null

2021-02-16 17:52:46 - [TEST_STEP][PASSED] - userEmail = excelTestData.getValue(2, 23): null

2021-02-16 17:52:46 - [TEST_STEP][PASSED] - customKeywords.commanFunctions.uploadFileOfPublicUser(244, userEmail): customKeywords.commanFunctions.uploadFileOfPublicUser is PASSED

2021-02-16 17:52:46 - [MESSAGE][INFO] - Starting 'Chrome' driver

2021-02-16 17:52:46 - [MESSAGE][INFO] - Action delay is set to 0 milliseconds

2021-02-16 17:52:57 - [MESSAGE][PASSED] - Browser is opened with url: 'https://Inspect.Stage.site.sa'

2021-02-16 17:52:59 - [MESSAGE][PASSED] - Current window maximized

2021-02-16 17:52:59 - [MESSAGE][PASSED] - Wait for page load successfully

2021-02-16 17:52:59 - [MESSAGE][PASSED] - Object: 'Object Repository/HomePage/ChooseAFile' is clicked on

2021-02-16 17:53:01 - [MESSAGE][PASSED] - Delayed 2 second(s)

2021-02-16 17:53:03 - [MESSAGE][INFO] - Image Uploaded Sucsessfully

2021-02-16 17:53:05 - [MESSAGE][PASSED] - Delayed 2 second(s)

2021-02-16 17:53:05 - [MESSAGE][PASSED] - Text 'Multimedia' is present on page 

2021-02-16 17:53:06 - [MESSAGE][PASSED] - Keys 'Os-ARahman@projects.site.sa' sent to object: 'Object Repository/PublicUserHomePage/email_Input'

2021-02-16 17:53:06 - [MESSAGE][PASSED] - Object: 'Object Repository/PublicUserHomePage/SiteInspectTermsOfUse_CheckBox' is clicked on

2021-02-16 17:53:07 - [MESSAGE][PASSED] - Object: 'Object Repository/HomePage/startAnalysis_EnableBtn' is clicked on

2021-02-16 17:53:09 - [MESSAGE][PASSED] - Text 'Your submission was successful
The analysis results will be delivered to you via email' is present on page 

2021-02-16 17:53:09 - [MESSAGE][PASSED] - customKeywords.commanFunctions.uploadFileOfPublicUser is PASSED

2021-02-16 17:53:09 - [TEST_STEP][PASSED] - customKeywords.commanFunctions.onlyCloseBrowser(): customKeywords.commanFunctions.onlyCloseBrowser is PASSED

2021-02-16 17:53:09 - [MESSAGE][PASSED] - Browser is closed

2021-02-16 17:53:09 - [MESSAGE][PASSED] - customKeywords.commanFunctions.onlyCloseBrowser is PASSED]]></system-out>
         <system-err><![CDATA[]]></system-err>
      </testcase>
      <testcase name="Test Cases/UploadDiffFiles_PublicUser/TC_As a public user, Upload PaintShop Pro File" time="24.081" classname="Test Cases/UploadDiffFiles_PublicUser/TC_As a public user, Upload PaintShop Pro File" status="PASSED">
         <system-out><![CDATA[2021-02-16 17:53:09 - [TEST_CASE][PASSED] - Test Cases/UploadDiffFiles_PublicUser/TC_As a public user, Upload PaintShop Pro File: Test Cases/UploadDiffFiles_PublicUser/TC_As a public user, Upload PaintShop Pro File

2021-02-16 17:53:09 - [TEST_STEP][PASSED] - excelTestData = findTestData("Data Files/TestData/InspectTestData"): null

2021-02-16 17:53:09 - [TEST_STEP][PASSED] - userEmail = excelTestData.getValue(2, 23): null

2021-02-16 17:53:09 - [TEST_STEP][PASSED] - customKeywords.commanFunctions.uploadFileOfPublicUser(350, userEmail): customKeywords.commanFunctions.uploadFileOfPublicUser is PASSED

2021-02-16 17:53:10 - [MESSAGE][INFO] - Starting 'Chrome' driver

2021-02-16 17:53:10 - [MESSAGE][INFO] - Action delay is set to 0 milliseconds

2021-02-16 17:53:20 - [MESSAGE][PASSED] - Browser is opened with url: 'https://Inspect.Stage.site.sa'

2021-02-16 17:53:23 - [MESSAGE][PASSED] - Current window maximized

2021-02-16 17:53:23 - [MESSAGE][PASSED] - Wait for page load successfully

2021-02-16 17:53:23 - [MESSAGE][PASSED] - Object: 'Object Repository/HomePage/ChooseAFile' is clicked on

2021-02-16 17:53:25 - [MESSAGE][PASSED] - Delayed 2 second(s)

2021-02-16 17:53:27 - [MESSAGE][INFO] - Image Uploaded Sucsessfully

2021-02-16 17:53:29 - [MESSAGE][PASSED] - Delayed 2 second(s)

2021-02-16 17:53:29 - [MESSAGE][PASSED] - Text 'PaintShop Pro' is present on page 

2021-02-16 17:53:30 - [MESSAGE][PASSED] - Keys 'Os-ARahman@projects.site.sa' sent to object: 'Object Repository/PublicUserHomePage/email_Input'

2021-02-16 17:53:30 - [MESSAGE][PASSED] - Object: 'Object Repository/PublicUserHomePage/SiteInspectTermsOfUse_CheckBox' is clicked on

2021-02-16 17:53:31 - [MESSAGE][PASSED] - Object: 'Object Repository/HomePage/startAnalysis_EnableBtn' is clicked on

2021-02-16 17:53:33 - [MESSAGE][PASSED] - Text 'Your submission was successful
The analysis results will be delivered to you via email' is present on page 

2021-02-16 17:53:33 - [MESSAGE][PASSED] - customKeywords.commanFunctions.uploadFileOfPublicUser is PASSED

2021-02-16 17:53:33 - [TEST_STEP][PASSED] - customKeywords.commanFunctions.onlyCloseBrowser(): customKeywords.commanFunctions.onlyCloseBrowser is PASSED

2021-02-16 17:53:33 - [MESSAGE][PASSED] - Browser is closed

2021-02-16 17:53:33 - [MESSAGE][PASSED] - customKeywords.commanFunctions.onlyCloseBrowser is PASSED]]></system-out>
         <system-err><![CDATA[]]></system-err>
      </testcase>
      <testcase name="Test Cases/UploadDiffFiles_PublicUser/TC_As a public user, Upload PC batch file File" time="24.37" classname="Test Cases/UploadDiffFiles_PublicUser/TC_As a public user, Upload PC batch file File" status="PASSED">
         <system-out><![CDATA[2021-02-16 17:53:33 - [TEST_CASE][PASSED] - Test Cases/UploadDiffFiles_PublicUser/TC_As a public user, Upload PC batch file File: Test Cases/UploadDiffFiles_PublicUser/TC_As a public user, Upload PC batch file File

2021-02-16 17:53:34 - [TEST_STEP][PASSED] - excelTestData = findTestData("Data Files/TestData/InspectTestData"): null

2021-02-16 17:53:34 - [TEST_STEP][PASSED] - userEmail = excelTestData.getValue(2, 23): null

2021-02-16 17:53:34 - [TEST_STEP][PASSED] - customKeywords.commanFunctions.uploadFileOfPublicUser(232, userEmail): customKeywords.commanFunctions.uploadFileOfPublicUser is PASSED

2021-02-16 17:53:34 - [MESSAGE][INFO] - Starting 'Chrome' driver

2021-02-16 17:53:34 - [MESSAGE][INFO] - Action delay is set to 0 milliseconds

2021-02-16 17:53:45 - [MESSAGE][PASSED] - Browser is opened with url: 'https://Inspect.Stage.site.sa'

2021-02-16 17:53:47 - [MESSAGE][PASSED] - Current window maximized

2021-02-16 17:53:47 - [MESSAGE][PASSED] - Wait for page load successfully

2021-02-16 17:53:47 - [MESSAGE][PASSED] - Object: 'Object Repository/HomePage/ChooseAFile' is clicked on

2021-02-16 17:53:49 - [MESSAGE][PASSED] - Delayed 2 second(s)

2021-02-16 17:53:51 - [MESSAGE][INFO] - Image Uploaded Sucsessfully

2021-02-16 17:53:53 - [MESSAGE][PASSED] - Delayed 2 second(s)

2021-02-16 17:53:54 - [MESSAGE][PASSED] - Text 'PC batch file' is present on page 

2021-02-16 17:53:54 - [MESSAGE][PASSED] - Keys 'Os-ARahman@projects.site.sa' sent to object: 'Object Repository/PublicUserHomePage/email_Input'

2021-02-16 17:53:55 - [MESSAGE][PASSED] - Object: 'Object Repository/PublicUserHomePage/SiteInspectTermsOfUse_CheckBox' is clicked on

2021-02-16 17:53:55 - [MESSAGE][PASSED] - Object: 'Object Repository/HomePage/startAnalysis_EnableBtn' is clicked on

2021-02-16 17:53:57 - [MESSAGE][PASSED] - Text 'Your submission was successful
The analysis results will be delivered to you via email' is present on page 

2021-02-16 17:53:57 - [MESSAGE][PASSED] - customKeywords.commanFunctions.uploadFileOfPublicUser is PASSED

2021-02-16 17:53:57 - [TEST_STEP][PASSED] - customKeywords.commanFunctions.onlyCloseBrowser(): customKeywords.commanFunctions.onlyCloseBrowser is PASSED

2021-02-16 17:53:58 - [MESSAGE][PASSED] - Browser is closed

2021-02-16 17:53:58 - [MESSAGE][PASSED] - customKeywords.commanFunctions.onlyCloseBrowser is PASSED]]></system-out>
         <system-err><![CDATA[]]></system-err>
      </testcase>
      <testcase name="Test Cases/UploadDiffFiles_PublicUser/TC_As a public user, Upload PC Zip Compressed Archive File" time="23.94" classname="Test Cases/UploadDiffFiles_PublicUser/TC_As a public user, Upload PC Zip Compressed Archive File" status="FAILED">
         <failure type="FAILED" message="Test Cases/UploadDiffFiles_PublicUser/TC_As a public user, Upload PC Zip Compressed Archive File FAILED.
Reason:
com.kms.katalon.core.exception.StepFailedException: Unable to verify text 'Your submission was successful
The analysis results will be delivered to you via email' is present 
	at com.kms.katalon.core.webui.keyword.internal.WebUIKeywordMain.stepFailed(WebUIKeywordMain.groovy:64)
	at com.kms.katalon.core.webui.keyword.internal.WebUIKeywordMain.runKeyword(WebUIKeywordMain.groovy:26)
	at com.kms.katalon.core.webui.keyword.builtin.VerifyTextPresentKeyword.verifyTextPresent(VerifyTextPresentKeyword.groovy:83)
	at com.kms.katalon.core.webui.keyword.builtin.VerifyTextPresentKeyword.execute(VerifyTextPresentKeyword.groovy:68)
	at com.kms.katalon.core.keyword.internal.KeywordExecutor.executeKeywordForPlatform(KeywordExecutor.groovy:73)
	at com.kms.katalon.core.webui.keyword.WebUiBuiltInKeywords.verifyTextPresent(WebUiBuiltInKeywords.groovy:1720)
	at com.kms.katalon.core.webui.keyword.WebUiBuiltInKeywords$verifyTextPresent$3.call(Unknown Source)
	at customKeywords.commanFunctions.uploadFileOfPublicUser(commanFunctions.groovy:668)
	at customKeywords.commanFunctions.invokeMethod(commanFunctions.groovy)
	at com.kms.katalon.core.main.CustomKeywordDelegatingMetaClass.invokeStaticMethod(CustomKeywordDelegatingMetaClass.java:50)
	at TC_As a public user, Upload PC Zip Compressed Archive File.run(TC_As a public user, Upload PC Zip Compressed Archive File:14)
	at com.kms.katalon.core.main.ScriptEngine.run(ScriptEngine.java:194)
	at com.kms.katalon.core.main.ScriptEngine.runScriptAsRawText(ScriptEngine.java:119)
	at com.kms.katalon.core.main.TestCaseExecutor.runScript(TestCaseExecutor.java:394)
	at com.kms.katalon.core.main.TestCaseExecutor.doExecute(TestCaseExecutor.java:385)
	at com.kms.katalon.core.main.TestCaseExecutor.processExecutionPhase(TestCaseExecutor.java:364)
	at com.kms.katalon.core.main.TestCaseExecutor.accessMainPhase(TestCaseExecutor.java:356)
	at com.kms.katalon.core.main.TestCaseExecutor.execute(TestCaseExecutor.java:251)
	at com.kms.katalon.core.main.TestSuiteExecutor.accessTestCaseMainPhase(TestSuiteExecutor.java:203)
	at com.kms.katalon.core.main.TestSuiteExecutor.accessTestSuiteMainPhase(TestSuiteExecutor.java:152)
	at com.kms.katalon.core.main.TestSuiteExecutor.execute(TestSuiteExecutor.java:95)
	at com.kms.katalon.core.main.TestCaseMain.startTestSuite(TestCaseMain.java:157)
	at com.kms.katalon.core.main.TestCaseMain$startTestSuite$0.call(Unknown Source)
	at TempTestSuite1613476481298.run(TempTestSuite1613476481298.groovy:39)
Caused by: com.kms.katalon.core.exception.StepFailedException: Text 'Your submission was successful
The analysis results will be delivered to you via email' is not present on page 
	at com.kms.katalon.core.webui.keyword.internal.WebUIKeywordMain.stepFailed(WebUIKeywordMain.groovy:64)
	at com.kms.katalon.core.webui.keyword.builtin.VerifyTextPresentKeyword$_verifyTextPresent_closure1.doCall(VerifyTextPresentKeyword.groovy:79)
	at com.kms.katalon.core.webui.keyword.builtin.VerifyTextPresentKeyword$_verifyTextPresent_closure1.call(VerifyTextPresentKeyword.groovy)
	at com.kms.katalon.core.webui.keyword.internal.WebUIKeywordMain.runKeyword(WebUIKeywordMain.groovy:20)
	... 22 more
"/>
         <system-out><![CDATA[2021-02-16 17:53:58 - [TEST_CASE][FAILED] - Test Cases/UploadDiffFiles_PublicUser/TC_As a public user, Upload PC Zip Compressed Archive File: Test Cases/UploadDiffFiles_PublicUser/TC_As a public user, Upload PC Zip Compressed Archive File FAILED.
Reason:
com.kms.katalon.core.exception.StepFailedException: Unable to verify text 'Your submission was successful
The analysis results will be delivered to you via email' is present 
	at com.kms.katalon.core.webui.keyword.internal.WebUIKeywordMain.stepFailed(WebUIKeywordMain.groovy:64)
	at com.kms.katalon.core.webui.keyword.internal.WebUIKeywordMain.runKeyword(WebUIKeywordMain.groovy:26)
	at com.kms.katalon.core.webui.keyword.builtin.VerifyTextPresentKeyword.verifyTextPresent(VerifyTextPresentKeyword.groovy:83)
	at com.kms.katalon.core.webui.keyword.builtin.VerifyTextPresentKeyword.execute(VerifyTextPresentKeyword.groovy:68)
	at com.kms.katalon.core.keyword.internal.KeywordExecutor.executeKeywordForPlatform(KeywordExecutor.groovy:73)
	at com.kms.katalon.core.webui.keyword.WebUiBuiltInKeywords.verifyTextPresent(WebUiBuiltInKeywords.groovy:1720)
	at com.kms.katalon.core.webui.keyword.WebUiBuiltInKeywords$verifyTextPresent$3.call(Unknown Source)
	at customKeywords.commanFunctions.uploadFileOfPublicUser(commanFunctions.groovy:668)
	at customKeywords.commanFunctions.invokeMethod(commanFunctions.groovy)
	at com.kms.katalon.core.main.CustomKeywordDelegatingMetaClass.invokeStaticMethod(CustomKeywordDelegatingMetaClass.java:50)
	at TC_As a public user, Upload PC Zip Compressed Archive File.run(TC_As a public user, Upload PC Zip Compressed Archive File:14)
	at com.kms.katalon.core.main.ScriptEngine.run(ScriptEngine.java:194)
	at com.kms.katalon.core.main.ScriptEngine.runScriptAsRawText(ScriptEngine.java:119)
	at com.kms.katalon.core.main.TestCaseExecutor.runScript(TestCaseExecutor.java:394)
	at com.kms.katalon.core.main.TestCaseExecutor.doExecute(TestCaseExecutor.java:385)
	at com.kms.katalon.core.main.TestCaseExecutor.processExecutionPhase(TestCaseExecutor.java:364)
	at com.kms.katalon.core.main.TestCaseExecutor.accessMainPhase(TestCaseExecutor.java:356)
	at com.kms.katalon.core.main.TestCaseExecutor.execute(TestCaseExecutor.java:251)
	at com.kms.katalon.core.main.TestSuiteExecutor.accessTestCaseMainPhase(TestSuiteExecutor.java:203)
	at com.kms.katalon.core.main.TestSuiteExecutor.accessTestSuiteMainPhase(TestSuiteExecutor.java:152)
	at com.kms.katalon.core.main.TestSuiteExecutor.execute(TestSuiteExecutor.java:95)
	at com.kms.katalon.core.main.TestCaseMain.startTestSuite(TestCaseMain.java:157)
	at com.kms.katalon.core.main.TestCaseMain$startTestSuite$0.call(Unknown Source)
	at TempTestSuite1613476481298.run(TempTestSuite1613476481298.groovy:39)
Caused by: com.kms.katalon.core.exception.StepFailedException: Text 'Your submission was successful
The analysis results will be delivered to you via email' is not present on page 
	at com.kms.katalon.core.webui.keyword.internal.WebUIKeywordMain.stepFailed(WebUIKeywordMain.groovy:64)
	at com.kms.katalon.core.webui.keyword.builtin.VerifyTextPresentKeyword$_verifyTextPresent_closure1.doCall(VerifyTextPresentKeyword.groovy:79)
	at com.kms.katalon.core.webui.keyword.builtin.VerifyTextPresentKeyword$_verifyTextPresent_closure1.call(VerifyTextPresentKeyword.groovy)
	at com.kms.katalon.core.webui.keyword.internal.WebUIKeywordMain.runKeyword(WebUIKeywordMain.groovy:20)
	... 22 more


2021-02-16 17:53:58 - [TEST_STEP][PASSED] - excelTestData = findTestData("Data Files/TestData/InspectTestData"): null

2021-02-16 17:53:58 - [TEST_STEP][PASSED] - userEmail = excelTestData.getValue(2, 23): null

2021-02-16 17:53:58 - [TEST_STEP][FAILED] - customKeywords.commanFunctions.uploadFileOfPublicUser(366, userEmail): Unable to verify text 'Your submission was successful
The analysis results will be delivered to you via email' is present 

2021-02-16 17:53:58 - [MESSAGE][INFO] - Starting 'Chrome' driver

2021-02-16 17:53:58 - [MESSAGE][INFO] - Action delay is set to 0 milliseconds

2021-02-16 17:54:08 - [MESSAGE][PASSED] - Browser is opened with url: 'https://Inspect.Stage.site.sa'

2021-02-16 17:54:11 - [MESSAGE][PASSED] - Current window maximized

2021-02-16 17:54:11 - [MESSAGE][PASSED] - Wait for page load successfully

2021-02-16 17:54:11 - [MESSAGE][PASSED] - Object: 'Object Repository/HomePage/ChooseAFile' is clicked on

2021-02-16 17:54:13 - [MESSAGE][PASSED] - Delayed 2 second(s)

2021-02-16 17:54:15 - [MESSAGE][INFO] - Image Uploaded Sucsessfully

2021-02-16 17:54:17 - [MESSAGE][PASSED] - Delayed 2 second(s)

2021-02-16 17:54:17 - [MESSAGE][PASSED] - Text 'PC Zip Compressed Archive' is present on page 

2021-02-16 17:54:18 - [MESSAGE][PASSED] - Keys 'Os-ARahman@projects.site.sa' sent to object: 'Object Repository/PublicUserHomePage/email_Input'

2021-02-16 17:54:18 - [MESSAGE][PASSED] - Object: 'Object Repository/PublicUserHomePage/SiteInspectTermsOfUse_CheckBox' is clicked on

2021-02-16 17:54:19 - [MESSAGE][PASSED] - Object: 'Object Repository/HomePage/startAnalysis_EnableBtn' is clicked on

2021-02-16 17:54:21 - [MESSAGE][FAILED] - Text 'Your submission was successful
The analysis results will be delivered to you via email' is not present on page  (Root cause: com.kms.katalon.core.exception.StepFailedException: Text 'Your submission was successful
The analysis results will be delivered to you via email' is not present on page 
	at com.kms.katalon.core.webui.keyword.internal.WebUIKeywordMain.stepFailed(WebUIKeywordMain.groovy:64)
	at com.kms.katalon.core.webui.keyword.builtin.VerifyTextPresentKeyword$_verifyTextPresent_closure1.doCall(VerifyTextPresentKeyword.groovy:79)
	at com.kms.katalon.core.webui.keyword.builtin.VerifyTextPresentKeyword$_verifyTextPresent_closure1.call(VerifyTextPresentKeyword.groovy)
	at com.kms.katalon.core.webui.keyword.internal.WebUIKeywordMain.runKeyword(WebUIKeywordMain.groovy:20)
	at com.kms.katalon.core.webui.keyword.builtin.VerifyTextPresentKeyword.verifyTextPresent(VerifyTextPresentKeyword.groovy:83)
	at com.kms.katalon.core.webui.keyword.builtin.VerifyTextPresentKeyword.execute(VerifyTextPresentKeyword.groovy:68)
	at com.kms.katalon.core.keyword.internal.KeywordExecutor.executeKeywordForPlatform(KeywordExecutor.groovy:73)
	at com.kms.katalon.core.webui.keyword.WebUiBuiltInKeywords.verifyTextPresent(WebUiBuiltInKeywords.groovy:1720)
	at com.kms.katalon.core.webui.keyword.WebUiBuiltInKeywords$verifyTextPresent$3.call(Unknown Source)
	at customKeywords.commanFunctions.uploadFileOfPublicUser(commanFunctions.groovy:668)
	at customKeywords.commanFunctions.invokeMethod(commanFunctions.groovy)
	at com.kms.katalon.core.main.CustomKeywordDelegatingMetaClass.invokeStaticMethod(CustomKeywordDelegatingMetaClass.java:50)
	at TC_As a public user, Upload PC Zip Compressed Archive File.run(TC_As a public user, Upload PC Zip Compressed Archive File:14)
	at com.kms.katalon.core.main.ScriptEngine.run(ScriptEngine.java:194)
	at com.kms.katalon.core.main.ScriptEngine.runScriptAsRawText(ScriptEngine.java:119)
	at com.kms.katalon.core.main.TestCaseExecutor.runScript(TestCaseExecutor.java:394)
	at com.kms.katalon.core.main.TestCaseExecutor.doExecute(TestCaseExecutor.java:385)
	at com.kms.katalon.core.main.TestCaseExecutor.processExecutionPhase(TestCaseExecutor.java:364)
	at com.kms.katalon.core.main.TestCaseExecutor.accessMainPhase(TestCaseExecutor.java:356)
	at com.kms.katalon.core.main.TestCaseExecutor.execute(TestCaseExecutor.java:251)
	at com.kms.katalon.core.main.TestSuiteExecutor.accessTestCaseMainPhase(TestSuiteExecutor.java:203)
	at com.kms.katalon.core.main.TestSuiteExecutor.accessTestSuiteMainPhase(TestSuiteExecutor.java:152)
	at com.kms.katalon.core.main.TestSuiteExecutor.execute(TestSuiteExecutor.java:95)
	at com.kms.katalon.core.main.TestCaseMain.startTestSuite(TestCaseMain.java:157)
	at com.kms.katalon.core.main.TestCaseMain$startTestSuite$0.call(Unknown Source)
	at TempTestSuite1613476481298.run(TempTestSuite1613476481298.groovy:39)
)

2021-02-16 17:54:21 - [MESSAGE][FAILED] - Unable to verify text 'Your submission was successful
The analysis results will be delivered to you via email' is present  (Root cause: com.kms.katalon.core.exception.StepFailedException: Unable to verify text 'Your submission was successful
The analysis results will be delivered to you via email' is present 
	at com.kms.katalon.core.webui.keyword.internal.WebUIKeywordMain.stepFailed(WebUIKeywordMain.groovy:64)
	at com.kms.katalon.core.webui.keyword.internal.WebUIKeywordMain.runKeyword(WebUIKeywordMain.groovy:26)
	at com.kms.katalon.core.webui.keyword.builtin.VerifyTextPresentKeyword.verifyTextPresent(VerifyTextPresentKeyword.groovy:83)
	at com.kms.katalon.core.webui.keyword.builtin.VerifyTextPresentKeyword.execute(VerifyTextPresentKeyword.groovy:68)
	at com.kms.katalon.core.keyword.internal.KeywordExecutor.executeKeywordForPlatform(KeywordExecutor.groovy:73)
	at com.kms.katalon.core.webui.keyword.WebUiBuiltInKeywords.verifyTextPresent(WebUiBuiltInKeywords.groovy:1720)
	at com.kms.katalon.core.webui.keyword.WebUiBuiltInKeywords$verifyTextPresent$3.call(Unknown Source)
	at customKeywords.commanFunctions.uploadFileOfPublicUser(commanFunctions.groovy:668)
	at customKeywords.commanFunctions.invokeMethod(commanFunctions.groovy)
	at com.kms.katalon.core.main.CustomKeywordDelegatingMetaClass.invokeStaticMethod(CustomKeywordDelegatingMetaClass.java:50)
	at TC_As a public user, Upload PC Zip Compressed Archive File.run(TC_As a public user, Upload PC Zip Compressed Archive File:14)
	at com.kms.katalon.core.main.ScriptEngine.run(ScriptEngine.java:194)
	at com.kms.katalon.core.main.ScriptEngine.runScriptAsRawText(ScriptEngine.java:119)
	at com.kms.katalon.core.main.TestCaseExecutor.runScript(TestCaseExecutor.java:394)
	at com.kms.katalon.core.main.TestCaseExecutor.doExecute(TestCaseExecutor.java:385)
	at com.kms.katalon.core.main.TestCaseExecutor.processExecutionPhase(TestCaseExecutor.java:364)
	at com.kms.katalon.core.main.TestCaseExecutor.accessMainPhase(TestCaseExecutor.java:356)
	at com.kms.katalon.core.main.TestCaseExecutor.execute(TestCaseExecutor.java:251)
	at com.kms.katalon.core.main.TestSuiteExecutor.accessTestCaseMainPhase(TestSuiteExecutor.java:203)
	at com.kms.katalon.core.main.TestSuiteExecutor.accessTestSuiteMainPhase(TestSuiteExecutor.java:152)
	at com.kms.katalon.core.main.TestSuiteExecutor.execute(TestSuiteExecutor.java:95)
	at com.kms.katalon.core.main.TestCaseMain.startTestSuite(TestCaseMain.java:157)
	at com.kms.katalon.core.main.TestCaseMain$startTestSuite$0.call(Unknown Source)
	at TempTestSuite1613476481298.run(TempTestSuite1613476481298.groovy:39)
Caused by: com.kms.katalon.core.exception.StepFailedException: Text 'Your submission was successful
The analysis results will be delivered to you via email' is not present on page 
	at com.kms.katalon.core.webui.keyword.internal.WebUIKeywordMain.stepFailed(WebUIKeywordMain.groovy:64)
	at com.kms.katalon.core.webui.keyword.builtin.VerifyTextPresentKeyword$_verifyTextPresent_closure1.doCall(VerifyTextPresentKeyword.groovy:79)
	at com.kms.katalon.core.webui.keyword.builtin.VerifyTextPresentKeyword$_verifyTextPresent_closure1.call(VerifyTextPresentKeyword.groovy)
	at com.kms.katalon.core.webui.keyword.internal.WebUIKeywordMain.runKeyword(WebUIKeywordMain.groovy:20)
	... 22 more
)
[[ATTACHMENT|E:\\Inspect\\15022021\\SiteInspectAutomation\\Reports\\20210216_172436\\Regression_Suite\\PublicUser_Suite\\PublicUser_UploadFiles\\20210216_172441\\1613478261146.png]]

2021-02-16 17:54:21 - [MESSAGE][FAILED] - Unable to verify text 'Your submission was successful
The analysis results will be delivered to you via email' is present 

2021-02-16 17:54:21 - [TEST_STEP][PASSED] - Start tear down : tearDownMethodIfFailed: Method 'tearDownMethodIfFailed' complete successfully

2021-02-16 17:54:21 - [TEST_STEP][PASSED] - customKeywords.commanFunctions.onlyCloseBrowser(): customKeywords.commanFunctions.onlyCloseBrowser is PASSED

2021-02-16 17:54:22 - [MESSAGE][PASSED] - Browser is closed

2021-02-16 17:54:22 - [MESSAGE][PASSED] - customKeywords.commanFunctions.onlyCloseBrowser is PASSED

2021-02-16 17:54:22 - [TEST_STEP][PASSED] - logInfo("[--------This is tearDownIfFailed method------]"): [--------This is tearDownIfFailed method------]

2021-02-16 17:54:22 - [MESSAGE][INFO] - [--------This is tearDownIfFailed method------]

2021-02-16 17:54:22 - [MESSAGE][PASSED] - Method 'tearDownMethodIfFailed' complete successfully]]></system-out>
         <system-err><![CDATA[2021-02-16 17:53:58 - [TEST_CASE][FAILED] - Test Cases/UploadDiffFiles_PublicUser/TC_As a public user, Upload PC Zip Compressed Archive File: Test Cases/UploadDiffFiles_PublicUser/TC_As a public user, Upload PC Zip Compressed Archive File FAILED.
Reason:
com.kms.katalon.core.exception.StepFailedException: Unable to verify text 'Your submission was successful
The analysis results will be delivered to you via email' is present 
	at com.kms.katalon.core.webui.keyword.internal.WebUIKeywordMain.stepFailed(WebUIKeywordMain.groovy:64)
	at com.kms.katalon.core.webui.keyword.internal.WebUIKeywordMain.runKeyword(WebUIKeywordMain.groovy:26)
	at com.kms.katalon.core.webui.keyword.builtin.VerifyTextPresentKeyword.verifyTextPresent(VerifyTextPresentKeyword.groovy:83)
	at com.kms.katalon.core.webui.keyword.builtin.VerifyTextPresentKeyword.execute(VerifyTextPresentKeyword.groovy:68)
	at com.kms.katalon.core.keyword.internal.KeywordExecutor.executeKeywordForPlatform(KeywordExecutor.groovy:73)
	at com.kms.katalon.core.webui.keyword.WebUiBuiltInKeywords.verifyTextPresent(WebUiBuiltInKeywords.groovy:1720)
	at com.kms.katalon.core.webui.keyword.WebUiBuiltInKeywords$verifyTextPresent$3.call(Unknown Source)
	at customKeywords.commanFunctions.uploadFileOfPublicUser(commanFunctions.groovy:668)
	at customKeywords.commanFunctions.invokeMethod(commanFunctions.groovy)
	at com.kms.katalon.core.main.CustomKeywordDelegatingMetaClass.invokeStaticMethod(CustomKeywordDelegatingMetaClass.java:50)
	at TC_As a public user, Upload PC Zip Compressed Archive File.run(TC_As a public user, Upload PC Zip Compressed Archive File:14)
	at com.kms.katalon.core.main.ScriptEngine.run(ScriptEngine.java:194)
	at com.kms.katalon.core.main.ScriptEngine.runScriptAsRawText(ScriptEngine.java:119)
	at com.kms.katalon.core.main.TestCaseExecutor.runScript(TestCaseExecutor.java:394)
	at com.kms.katalon.core.main.TestCaseExecutor.doExecute(TestCaseExecutor.java:385)
	at com.kms.katalon.core.main.TestCaseExecutor.processExecutionPhase(TestCaseExecutor.java:364)
	at com.kms.katalon.core.main.TestCaseExecutor.accessMainPhase(TestCaseExecutor.java:356)
	at com.kms.katalon.core.main.TestCaseExecutor.execute(TestCaseExecutor.java:251)
	at com.kms.katalon.core.main.TestSuiteExecutor.accessTestCaseMainPhase(TestSuiteExecutor.java:203)
	at com.kms.katalon.core.main.TestSuiteExecutor.accessTestSuiteMainPhase(TestSuiteExecutor.java:152)
	at com.kms.katalon.core.main.TestSuiteExecutor.execute(TestSuiteExecutor.java:95)
	at com.kms.katalon.core.main.TestCaseMain.startTestSuite(TestCaseMain.java:157)
	at com.kms.katalon.core.main.TestCaseMain$startTestSuite$0.call(Unknown Source)
	at TempTestSuite1613476481298.run(TempTestSuite1613476481298.groovy:39)
Caused by: com.kms.katalon.core.exception.StepFailedException: Text 'Your submission was successful
The analysis results will be delivered to you via email' is not present on page 
	at com.kms.katalon.core.webui.keyword.internal.WebUIKeywordMain.stepFailed(WebUIKeywordMain.groovy:64)
	at com.kms.katalon.core.webui.keyword.builtin.VerifyTextPresentKeyword$_verifyTextPresent_closure1.doCall(VerifyTextPresentKeyword.groovy:79)
	at com.kms.katalon.core.webui.keyword.builtin.VerifyTextPresentKeyword$_verifyTextPresent_closure1.call(VerifyTextPresentKeyword.groovy)
	at com.kms.katalon.core.webui.keyword.internal.WebUIKeywordMain.runKeyword(WebUIKeywordMain.groovy:20)
	... 22 more]]></system-err>
      </testcase>
      <testcase name="Test Cases/UploadDiffFiles_PublicUser/TC_As a public user, Upload PDF File" time="26.972" classname="Test Cases/UploadDiffFiles_PublicUser/TC_As a public user, Upload PDF File" status="PASSED">
         <system-out><![CDATA[2021-02-16 17:54:22 - [TEST_CASE][PASSED] - Test Cases/UploadDiffFiles_PublicUser/TC_As a public user, Upload PDF File: Test Cases/UploadDiffFiles_PublicUser/TC_As a public user, Upload PDF File

2021-02-16 17:54:22 - [TEST_STEP][PASSED] - excelTestData = findTestData("Data Files/TestData/InspectTestData"): null

2021-02-16 17:54:22 - [TEST_STEP][PASSED] - userEmail = excelTestData.getValue(2, 23): null

2021-02-16 17:54:22 - [TEST_STEP][PASSED] - customKeywords.commanFunctions.uploadFileOfPublicUser(188, userEmail): customKeywords.commanFunctions.uploadFileOfPublicUser is PASSED

2021-02-16 17:54:22 - [MESSAGE][INFO] - Starting 'Chrome' driver

2021-02-16 17:54:22 - [MESSAGE][INFO] - Action delay is set to 0 milliseconds

2021-02-16 17:54:36 - [MESSAGE][PASSED] - Browser is opened with url: 'https://Inspect.Stage.site.sa'

2021-02-16 17:54:39 - [MESSAGE][PASSED] - Current window maximized

2021-02-16 17:54:39 - [MESSAGE][PASSED] - Wait for page load successfully

2021-02-16 17:54:39 - [MESSAGE][PASSED] - Object: 'Object Repository/HomePage/ChooseAFile' is clicked on

2021-02-16 17:54:41 - [MESSAGE][PASSED] - Delayed 2 second(s)

2021-02-16 17:54:43 - [MESSAGE][INFO] - Image Uploaded Sucsessfully

2021-02-16 17:54:45 - [MESSAGE][PASSED] - Delayed 2 second(s)

2021-02-16 17:54:45 - [MESSAGE][PASSED] - Text 'SampleTestPDF' is present on page 

2021-02-16 17:54:46 - [MESSAGE][PASSED] - Keys 'Os-ARahman@projects.site.sa' sent to object: 'Object Repository/PublicUserHomePage/email_Input'

2021-02-16 17:54:46 - [MESSAGE][PASSED] - Object: 'Object Repository/PublicUserHomePage/SiteInspectTermsOfUse_CheckBox' is clicked on

2021-02-16 17:54:47 - [MESSAGE][PASSED] - Object: 'Object Repository/HomePage/startAnalysis_EnableBtn' is clicked on

2021-02-16 17:54:48 - [MESSAGE][PASSED] - Text 'Your submission was successful
The analysis results will be delivered to you via email' is present on page 

2021-02-16 17:54:48 - [MESSAGE][PASSED] - customKeywords.commanFunctions.uploadFileOfPublicUser is PASSED

2021-02-16 17:54:48 - [TEST_STEP][PASSED] - customKeywords.commanFunctions.onlyCloseBrowser(): customKeywords.commanFunctions.onlyCloseBrowser is PASSED

2021-02-16 17:54:49 - [MESSAGE][PASSED] - Browser is closed

2021-02-16 17:54:49 - [MESSAGE][PASSED] - customKeywords.commanFunctions.onlyCloseBrowser is PASSED]]></system-out>
         <system-err><![CDATA[]]></system-err>
      </testcase>
      <testcase name="Test Cases/UploadDiffFiles_PublicUser/TC_As a public user, Upload PNG File" time="23.376" classname="Test Cases/UploadDiffFiles_PublicUser/TC_As a public user, Upload PNG File" status="PASSED">
         <system-out><![CDATA[2021-02-16 17:54:49 - [TEST_CASE][PASSED] - Test Cases/UploadDiffFiles_PublicUser/TC_As a public user, Upload PNG File: Test Cases/UploadDiffFiles_PublicUser/TC_As a public user, Upload PNG File

2021-02-16 17:54:49 - [TEST_STEP][PASSED] - excelTestData = findTestData("Data Files/TestData/InspectTestData"): null

2021-02-16 17:54:49 - [TEST_STEP][PASSED] - userEmail = excelTestData.getValue(2, 23): null

2021-02-16 17:54:49 - [TEST_STEP][PASSED] - customKeywords.commanFunctions.uploadFileOfPublicUser(184, userEmail): customKeywords.commanFunctions.uploadFileOfPublicUser is PASSED

2021-02-16 17:54:49 - [MESSAGE][INFO] - Starting 'Chrome' driver

2021-02-16 17:54:49 - [MESSAGE][INFO] - Action delay is set to 0 milliseconds

2021-02-16 17:54:59 - [MESSAGE][PASSED] - Browser is opened with url: 'https://Inspect.Stage.site.sa'

2021-02-16 17:55:02 - [MESSAGE][PASSED] - Current window maximized

2021-02-16 17:55:02 - [MESSAGE][PASSED] - Wait for page load successfully

2021-02-16 17:55:02 - [MESSAGE][PASSED] - Object: 'Object Repository/HomePage/ChooseAFile' is clicked on

2021-02-16 17:55:04 - [MESSAGE][PASSED] - Delayed 2 second(s)

2021-02-16 17:55:06 - [MESSAGE][INFO] - Image Uploaded Sucsessfully

2021-02-16 17:55:08 - [MESSAGE][PASSED] - Delayed 2 second(s)

2021-02-16 17:55:08 - [MESSAGE][PASSED] - Text 'SamplePNGImage' is present on page 

2021-02-16 17:55:09 - [MESSAGE][PASSED] - Keys 'Os-ARahman@projects.site.sa' sent to object: 'Object Repository/PublicUserHomePage/email_Input'

2021-02-16 17:55:09 - [MESSAGE][PASSED] - Object: 'Object Repository/PublicUserHomePage/SiteInspectTermsOfUse_CheckBox' is clicked on

2021-02-16 17:55:10 - [MESSAGE][PASSED] - Object: 'Object Repository/HomePage/startAnalysis_EnableBtn' is clicked on

2021-02-16 17:55:11 - [MESSAGE][PASSED] - Text 'Your submission was successful
The analysis results will be delivered to you via email' is present on page 

2021-02-16 17:55:11 - [MESSAGE][PASSED] - customKeywords.commanFunctions.uploadFileOfPublicUser is PASSED

2021-02-16 17:55:11 - [TEST_STEP][PASSED] - customKeywords.commanFunctions.onlyCloseBrowser(): customKeywords.commanFunctions.onlyCloseBrowser is PASSED

2021-02-16 17:55:12 - [MESSAGE][PASSED] - Browser is closed

2021-02-16 17:55:12 - [MESSAGE][PASSED] - customKeywords.commanFunctions.onlyCloseBrowser is PASSED]]></system-out>
         <system-err><![CDATA[]]></system-err>
      </testcase>
      <testcase name="Test Cases/UploadDiffFiles_PublicUser/TC_As a public user, Upload PowerPoint File" time="23.747" classname="Test Cases/UploadDiffFiles_PublicUser/TC_As a public user, Upload PowerPoint File" status="PASSED">
         <system-out><![CDATA[2021-02-16 17:55:12 - [TEST_CASE][PASSED] - Test Cases/UploadDiffFiles_PublicUser/TC_As a public user, Upload PowerPoint File: Test Cases/UploadDiffFiles_PublicUser/TC_As a public user, Upload PowerPoint File

2021-02-16 17:55:12 - [TEST_STEP][PASSED] - excelTestData = findTestData("Data Files/TestData/InspectTestData"): null

2021-02-16 17:55:12 - [TEST_STEP][PASSED] - userEmail = excelTestData.getValue(2, 23): null

2021-02-16 17:55:12 - [TEST_STEP][PASSED] - customKeywords.commanFunctions.uploadFileOfPublicUser(168, userEmail): customKeywords.commanFunctions.uploadFileOfPublicUser is PASSED

2021-02-16 17:55:12 - [MESSAGE][INFO] - Starting 'Chrome' driver

2021-02-16 17:55:12 - [MESSAGE][INFO] - Action delay is set to 0 milliseconds

2021-02-16 17:55:23 - [MESSAGE][PASSED] - Browser is opened with url: 'https://Inspect.Stage.site.sa'

2021-02-16 17:55:25 - [MESSAGE][PASSED] - Current window maximized

2021-02-16 17:55:25 - [MESSAGE][PASSED] - Wait for page load successfully

2021-02-16 17:55:25 - [MESSAGE][PASSED] - Object: 'Object Repository/HomePage/ChooseAFile' is clicked on

2021-02-16 17:55:27 - [MESSAGE][PASSED] - Delayed 2 second(s)

2021-02-16 17:55:29 - [MESSAGE][INFO] - Image Uploaded Sucsessfully

2021-02-16 17:55:31 - [MESSAGE][PASSED] - Delayed 2 second(s)

2021-02-16 17:55:32 - [MESSAGE][PASSED] - Text 'POwerPoint' is present on page 

2021-02-16 17:55:32 - [MESSAGE][PASSED] - Keys 'Os-ARahman@projects.site.sa' sent to object: 'Object Repository/PublicUserHomePage/email_Input'

2021-02-16 17:55:33 - [MESSAGE][PASSED] - Object: 'Object Repository/PublicUserHomePage/SiteInspectTermsOfUse_CheckBox' is clicked on

2021-02-16 17:55:33 - [MESSAGE][PASSED] - Object: 'Object Repository/HomePage/startAnalysis_EnableBtn' is clicked on

2021-02-16 17:55:35 - [MESSAGE][PASSED] - Text 'Your submission was successful
The analysis results will be delivered to you via email' is present on page 

2021-02-16 17:55:35 - [MESSAGE][PASSED] - customKeywords.commanFunctions.uploadFileOfPublicUser is PASSED

2021-02-16 17:55:35 - [TEST_STEP][PASSED] - customKeywords.commanFunctions.onlyCloseBrowser(): customKeywords.commanFunctions.onlyCloseBrowser is PASSED

2021-02-16 17:55:36 - [MESSAGE][PASSED] - Browser is closed

2021-02-16 17:55:36 - [MESSAGE][PASSED] - customKeywords.commanFunctions.onlyCloseBrowser is PASSED]]></system-out>
         <system-err><![CDATA[]]></system-err>
      </testcase>
      <testcase name="Test Cases/UploadDiffFiles_PublicUser/TC_As a public user, Upload RealAudio File" time="24.438" classname="Test Cases/UploadDiffFiles_PublicUser/TC_As a public user, Upload RealAudio File" status="PASSED">
         <system-out><![CDATA[2021-02-16 17:55:36 - [TEST_CASE][PASSED] - Test Cases/UploadDiffFiles_PublicUser/TC_As a public user, Upload RealAudio File: Test Cases/UploadDiffFiles_PublicUser/TC_As a public user, Upload RealAudio File

2021-02-16 17:55:36 - [TEST_STEP][PASSED] - excelTestData = findTestData("Data Files/TestData/InspectTestData"): null

2021-02-16 17:55:36 - [TEST_STEP][PASSED] - userEmail = excelTestData.getValue(2, 23): null

2021-02-16 17:55:36 - [TEST_STEP][PASSED] - customKeywords.commanFunctions.uploadFileOfPublicUser(354, userEmail): customKeywords.commanFunctions.uploadFileOfPublicUser is PASSED

2021-02-16 17:55:36 - [MESSAGE][INFO] - Starting 'Chrome' driver

2021-02-16 17:55:36 - [MESSAGE][INFO] - Action delay is set to 0 milliseconds

2021-02-16 17:55:47 - [MESSAGE][PASSED] - Browser is opened with url: 'https://Inspect.Stage.site.sa'

2021-02-16 17:55:50 - [MESSAGE][PASSED] - Current window maximized

2021-02-16 17:55:50 - [MESSAGE][PASSED] - Wait for page load successfully

2021-02-16 17:55:50 - [MESSAGE][PASSED] - Object: 'Object Repository/HomePage/ChooseAFile' is clicked on

2021-02-16 17:55:52 - [MESSAGE][PASSED] - Delayed 2 second(s)

2021-02-16 17:55:54 - [MESSAGE][INFO] - Image Uploaded Sucsessfully

2021-02-16 17:55:56 - [MESSAGE][PASSED] - Delayed 2 second(s)

2021-02-16 17:55:56 - [MESSAGE][PASSED] - Text 'RealAudio' is present on page 

2021-02-16 17:55:57 - [MESSAGE][PASSED] - Keys 'Os-ARahman@projects.site.sa' sent to object: 'Object Repository/PublicUserHomePage/email_Input'

2021-02-16 17:55:57 - [MESSAGE][PASSED] - Object: 'Object Repository/PublicUserHomePage/SiteInspectTermsOfUse_CheckBox' is clicked on

2021-02-16 17:55:58 - [MESSAGE][PASSED] - Object: 'Object Repository/HomePage/startAnalysis_EnableBtn' is clicked on

2021-02-16 17:56:00 - [MESSAGE][PASSED] - Text 'Your submission was successful
The analysis results will be delivered to you via email' is present on page 

2021-02-16 17:56:00 - [MESSAGE][PASSED] - customKeywords.commanFunctions.uploadFileOfPublicUser is PASSED

2021-02-16 17:56:00 - [TEST_STEP][PASSED] - customKeywords.commanFunctions.onlyCloseBrowser(): customKeywords.commanFunctions.onlyCloseBrowser is PASSED

2021-02-16 17:56:00 - [MESSAGE][PASSED] - Browser is closed

2021-02-16 17:56:00 - [MESSAGE][PASSED] - customKeywords.commanFunctions.onlyCloseBrowser is PASSED]]></system-out>
         <system-err><![CDATA[]]></system-err>
      </testcase>
      <testcase name="Test Cases/UploadDiffFiles_PublicUser/TC_As a public user, Upload Txt File" time="23.312" classname="Test Cases/UploadDiffFiles_PublicUser/TC_As a public user, Upload Txt File" status="PASSED">
         <system-out><![CDATA[2021-02-16 17:56:00 - [TEST_CASE][PASSED] - Test Cases/UploadDiffFiles_PublicUser/TC_As a public user, Upload Txt File: Test Cases/UploadDiffFiles_PublicUser/TC_As a public user, Upload Txt File

2021-02-16 17:56:00 - [TEST_STEP][PASSED] - excelTestData = findTestData("Data Files/TestData/InspectTestData"): null

2021-02-16 17:56:00 - [TEST_STEP][PASSED] - userEmail = excelTestData.getValue(2, 23): null

2021-02-16 17:56:00 - [TEST_STEP][PASSED] - customKeywords.commanFunctions.uploadFileOfPublicUser(164, userEmail): customKeywords.commanFunctions.uploadFileOfPublicUser is PASSED

2021-02-16 17:56:01 - [MESSAGE][INFO] - Starting 'Chrome' driver

2021-02-16 17:56:01 - [MESSAGE][INFO] - Action delay is set to 0 milliseconds

2021-02-16 17:56:11 - [MESSAGE][PASSED] - Browser is opened with url: 'https://Inspect.Stage.site.sa'

2021-02-16 17:56:13 - [MESSAGE][PASSED] - Current window maximized

2021-02-16 17:56:13 - [MESSAGE][PASSED] - Wait for page load successfully

2021-02-16 17:56:14 - [MESSAGE][PASSED] - Object: 'Object Repository/HomePage/ChooseAFile' is clicked on

2021-02-16 17:56:16 - [MESSAGE][PASSED] - Delayed 2 second(s)

2021-02-16 17:56:18 - [MESSAGE][INFO] - Image Uploaded Sucsessfully

2021-02-16 17:56:20 - [MESSAGE][PASSED] - Delayed 2 second(s)

2021-02-16 17:56:20 - [MESSAGE][PASSED] - Text 'NotePad' is present on page 

2021-02-16 17:56:21 - [MESSAGE][PASSED] - Keys 'Os-ARahman@projects.site.sa' sent to object: 'Object Repository/PublicUserHomePage/email_Input'

2021-02-16 17:56:21 - [MESSAGE][PASSED] - Object: 'Object Repository/PublicUserHomePage/SiteInspectTermsOfUse_CheckBox' is clicked on

2021-02-16 17:56:22 - [MESSAGE][PASSED] - Object: 'Object Repository/HomePage/startAnalysis_EnableBtn' is clicked on

2021-02-16 17:56:23 - [MESSAGE][PASSED] - Text 'Your submission was successful
The analysis results will be delivered to you via email' is present on page 

2021-02-16 17:56:23 - [MESSAGE][PASSED] - customKeywords.commanFunctions.uploadFileOfPublicUser is PASSED

2021-02-16 17:56:23 - [TEST_STEP][PASSED] - customKeywords.commanFunctions.onlyCloseBrowser(): customKeywords.commanFunctions.onlyCloseBrowser is PASSED

2021-02-16 17:56:24 - [MESSAGE][PASSED] - Browser is closed

2021-02-16 17:56:24 - [MESSAGE][PASSED] - customKeywords.commanFunctions.onlyCloseBrowser is PASSED]]></system-out>
         <system-err><![CDATA[]]></system-err>
      </testcase>
      <testcase name="Test Cases/UploadDiffFiles_PublicUser/TC_As a public user, Upload Web page imagemap.map File" time="23.559" classname="Test Cases/UploadDiffFiles_PublicUser/TC_As a public user, Upload Web page imagemap.map File" status="PASSED">
         <system-out><![CDATA[2021-02-16 17:56:24 - [TEST_CASE][PASSED] - Test Cases/UploadDiffFiles_PublicUser/TC_As a public user, Upload Web page imagemap.map File: Test Cases/UploadDiffFiles_PublicUser/TC_As a public user, Upload Web page imagemap.map File

2021-02-16 17:56:24 - [TEST_STEP][PASSED] - excelTestData = findTestData("Data Files/TestData/InspectTestData"): null

2021-02-16 17:56:24 - [TEST_STEP][PASSED] - userEmail = excelTestData.getValue(2, 23): null

2021-02-16 17:56:24 - [TEST_STEP][PASSED] - customKeywords.commanFunctions.uploadFileOfPublicUser(338, userEmail): customKeywords.commanFunctions.uploadFileOfPublicUser is PASSED

2021-02-16 17:56:24 - [MESSAGE][INFO] - Starting 'Chrome' driver

2021-02-16 17:56:24 - [MESSAGE][INFO] - Action delay is set to 0 milliseconds

2021-02-16 17:56:34 - [MESSAGE][PASSED] - Browser is opened with url: 'https://Inspect.Stage.site.sa'

2021-02-16 17:56:36 - [MESSAGE][PASSED] - Current window maximized

2021-02-16 17:56:36 - [MESSAGE][PASSED] - Wait for page load successfully

2021-02-16 17:56:37 - [MESSAGE][PASSED] - Object: 'Object Repository/HomePage/ChooseAFile' is clicked on

2021-02-16 17:56:39 - [MESSAGE][PASSED] - Delayed 2 second(s)

2021-02-16 17:56:41 - [MESSAGE][INFO] - Image Uploaded Sucsessfully

2021-02-16 17:56:43 - [MESSAGE][PASSED] - Delayed 2 second(s)

2021-02-16 17:56:43 - [MESSAGE][PASSED] - Text 'Web page imagemap' is present on page 

2021-02-16 17:56:44 - [MESSAGE][PASSED] - Keys 'Os-ARahman@projects.site.sa' sent to object: 'Object Repository/PublicUserHomePage/email_Input'

2021-02-16 17:56:44 - [MESSAGE][PASSED] - Object: 'Object Repository/PublicUserHomePage/SiteInspectTermsOfUse_CheckBox' is clicked on

2021-02-16 17:56:45 - [MESSAGE][PASSED] - Object: 'Object Repository/HomePage/startAnalysis_EnableBtn' is clicked on

2021-02-16 17:56:46 - [MESSAGE][PASSED] - Text 'Your submission was successful
The analysis results will be delivered to you via email' is present on page 

2021-02-16 17:56:46 - [MESSAGE][PASSED] - customKeywords.commanFunctions.uploadFileOfPublicUser is PASSED

2021-02-16 17:56:46 - [TEST_STEP][PASSED] - customKeywords.commanFunctions.onlyCloseBrowser(): customKeywords.commanFunctions.onlyCloseBrowser is PASSED

2021-02-16 17:56:47 - [MESSAGE][PASSED] - Browser is closed

2021-02-16 17:56:47 - [MESSAGE][PASSED] - customKeywords.commanFunctions.onlyCloseBrowser is PASSED]]></system-out>
         <system-err><![CDATA[]]></system-err>
      </testcase>
      <testcase name="Test Cases/UploadDiffFiles_PublicUser/TC_As a public user, Upload Windows BitMap File" time="23.572" classname="Test Cases/UploadDiffFiles_PublicUser/TC_As a public user, Upload Windows BitMap File" status="PASSED">
         <system-out><![CDATA[2021-02-16 17:56:47 - [TEST_CASE][PASSED] - Test Cases/UploadDiffFiles_PublicUser/TC_As a public user, Upload Windows BitMap File: Test Cases/UploadDiffFiles_PublicUser/TC_As a public user, Upload Windows BitMap File

2021-02-16 17:56:47 - [TEST_STEP][PASSED] - excelTestData = findTestData("Data Files/TestData/InspectTestData"): null

2021-02-16 17:56:47 - [TEST_STEP][PASSED] - userEmail = excelTestData.getValue(2, 23): null

2021-02-16 17:56:47 - [TEST_STEP][PASSED] - customKeywords.commanFunctions.uploadFileOfPublicUser(236, userEmail): customKeywords.commanFunctions.uploadFileOfPublicUser is PASSED

2021-02-16 17:56:47 - [MESSAGE][INFO] - Starting 'Chrome' driver

2021-02-16 17:56:47 - [MESSAGE][INFO] - Action delay is set to 0 milliseconds

2021-02-16 17:56:58 - [MESSAGE][PASSED] - Browser is opened with url: 'https://Inspect.Stage.site.sa'

2021-02-16 17:57:00 - [MESSAGE][PASSED] - Current window maximized

2021-02-16 17:57:00 - [MESSAGE][PASSED] - Wait for page load successfully

2021-02-16 17:57:00 - [MESSAGE][PASSED] - Object: 'Object Repository/HomePage/ChooseAFile' is clicked on

2021-02-16 17:57:02 - [MESSAGE][PASSED] - Delayed 2 second(s)

2021-02-16 17:57:04 - [MESSAGE][INFO] - Image Uploaded Sucsessfully

2021-02-16 17:57:06 - [MESSAGE][PASSED] - Delayed 2 second(s)

2021-02-16 17:57:07 - [MESSAGE][PASSED] - Text 'Windows BitMap.bmp' is present on page 

2021-02-16 17:57:07 - [MESSAGE][PASSED] - Keys 'Os-ARahman@projects.site.sa' sent to object: 'Object Repository/PublicUserHomePage/email_Input'

2021-02-16 17:57:08 - [MESSAGE][PASSED] - Object: 'Object Repository/PublicUserHomePage/SiteInspectTermsOfUse_CheckBox' is clicked on

2021-02-16 17:57:08 - [MESSAGE][PASSED] - Object: 'Object Repository/HomePage/startAnalysis_EnableBtn' is clicked on

2021-02-16 17:57:10 - [MESSAGE][PASSED] - Text 'Your submission was successful
The analysis results will be delivered to you via email' is present on page 

2021-02-16 17:57:10 - [MESSAGE][PASSED] - customKeywords.commanFunctions.uploadFileOfPublicUser is PASSED

2021-02-16 17:57:10 - [TEST_STEP][PASSED] - customKeywords.commanFunctions.onlyCloseBrowser(): customKeywords.commanFunctions.onlyCloseBrowser is PASSED

2021-02-16 17:57:11 - [MESSAGE][PASSED] - Browser is closed

2021-02-16 17:57:11 - [MESSAGE][PASSED] - customKeywords.commanFunctions.onlyCloseBrowser is PASSED]]></system-out>
         <system-err><![CDATA[]]></system-err>
      </testcase>
      <testcase name="Test Cases/UploadDiffFiles_PublicUser/TC_As a public user, Upload Windows sound File" time="26.572" classname="Test Cases/UploadDiffFiles_PublicUser/TC_As a public user, Upload Windows sound File" status="PASSED">
         <system-out><![CDATA[2021-02-16 17:57:11 - [TEST_CASE][PASSED] - Test Cases/UploadDiffFiles_PublicUser/TC_As a public user, Upload Windows sound File: Test Cases/UploadDiffFiles_PublicUser/TC_As a public user, Upload Windows sound File

2021-02-16 17:57:11 - [TEST_STEP][PASSED] - excelTestData = findTestData("Data Files/TestData/InspectTestData"): null

2021-02-16 17:57:11 - [TEST_STEP][PASSED] - userEmail = excelTestData.getValue(2, 23): null

2021-02-16 17:57:11 - [TEST_STEP][PASSED] - customKeywords.commanFunctions.uploadFileOfPublicUser(358, userEmail): customKeywords.commanFunctions.uploadFileOfPublicUser is PASSED

2021-02-16 17:57:11 - [MESSAGE][INFO] - Starting 'Chrome' driver

2021-02-16 17:57:11 - [MESSAGE][INFO] - Action delay is set to 0 milliseconds

2021-02-16 17:57:25 - [MESSAGE][PASSED] - Browser is opened with url: 'https://Inspect.Stage.site.sa'

2021-02-16 17:57:27 - [MESSAGE][PASSED] - Current window maximized

2021-02-16 17:57:27 - [MESSAGE][PASSED] - Wait for page load successfully

2021-02-16 17:57:28 - [MESSAGE][PASSED] - Object: 'Object Repository/HomePage/ChooseAFile' is clicked on

2021-02-16 17:57:30 - [MESSAGE][PASSED] - Delayed 2 second(s)

2021-02-16 17:57:32 - [MESSAGE][INFO] - Image Uploaded Sucsessfully

2021-02-16 17:57:34 - [MESSAGE][PASSED] - Delayed 2 second(s)

2021-02-16 17:57:34 - [MESSAGE][PASSED] - Text 'Windows sound' is present on page 

2021-02-16 17:57:34 - [MESSAGE][PASSED] - Keys 'Os-ARahman@projects.site.sa' sent to object: 'Object Repository/PublicUserHomePage/email_Input'

2021-02-16 17:57:35 - [MESSAGE][PASSED] - Object: 'Object Repository/PublicUserHomePage/SiteInspectTermsOfUse_CheckBox' is clicked on

2021-02-16 17:57:35 - [MESSAGE][PASSED] - Object: 'Object Repository/HomePage/startAnalysis_EnableBtn' is clicked on

2021-02-16 17:57:37 - [MESSAGE][PASSED] - Text 'Your submission was successful
The analysis results will be delivered to you via email' is present on page 

2021-02-16 17:57:37 - [MESSAGE][PASSED] - customKeywords.commanFunctions.uploadFileOfPublicUser is PASSED

2021-02-16 17:57:37 - [TEST_STEP][PASSED] - customKeywords.commanFunctions.onlyCloseBrowser(): customKeywords.commanFunctions.onlyCloseBrowser is PASSED

2021-02-16 17:57:37 - [MESSAGE][PASSED] - Browser is closed

2021-02-16 17:57:37 - [MESSAGE][PASSED] - customKeywords.commanFunctions.onlyCloseBrowser is PASSED]]></system-out>
         <system-err><![CDATA[]]></system-err>
      </testcase>
      <testcase name="Test Cases/UploadDiffFiles_PublicUser/TC_As a public user, Upload WordPad File" time="25.026" classname="Test Cases/UploadDiffFiles_PublicUser/TC_As a public user, Upload WordPad File" status="PASSED">
         <system-out><![CDATA[2021-02-16 17:57:37 - [TEST_CASE][PASSED] - Test Cases/UploadDiffFiles_PublicUser/TC_As a public user, Upload WordPad File: Test Cases/UploadDiffFiles_PublicUser/TC_As a public user, Upload WordPad File

2021-02-16 17:57:37 - [TEST_STEP][PASSED] - excelTestData = findTestData("Data Files/TestData/InspectTestData"): null

2021-02-16 17:57:37 - [TEST_STEP][PASSED] - userEmail = excelTestData.getValue(2, 23): null

2021-02-16 17:57:37 - [TEST_STEP][PASSED] - customKeywords.commanFunctions.uploadFileOfPublicUser(224, userEmail): customKeywords.commanFunctions.uploadFileOfPublicUser is PASSED

2021-02-16 17:57:38 - [MESSAGE][INFO] - Starting 'Chrome' driver

2021-02-16 17:57:38 - [MESSAGE][INFO] - Action delay is set to 0 milliseconds

2021-02-16 17:57:49 - [MESSAGE][PASSED] - Browser is opened with url: 'https://Inspect.Stage.site.sa'

2021-02-16 17:57:51 - [MESSAGE][PASSED] - Current window maximized

2021-02-16 17:57:51 - [MESSAGE][PASSED] - Wait for page load successfully

2021-02-16 17:57:52 - [MESSAGE][PASSED] - Object: 'Object Repository/HomePage/ChooseAFile' is clicked on

2021-02-16 17:57:54 - [MESSAGE][PASSED] - Delayed 2 second(s)

2021-02-16 17:57:56 - [MESSAGE][INFO] - Image Uploaded Sucsessfully

2021-02-16 17:57:58 - [MESSAGE][PASSED] - Delayed 2 second(s)

2021-02-16 17:57:58 - [MESSAGE][PASSED] - Text 'WordPad' is present on page 

2021-02-16 17:57:59 - [MESSAGE][PASSED] - Keys 'Os-ARahman@projects.site.sa' sent to object: 'Object Repository/PublicUserHomePage/email_Input'

2021-02-16 17:57:59 - [MESSAGE][PASSED] - Object: 'Object Repository/PublicUserHomePage/SiteInspectTermsOfUse_CheckBox' is clicked on

2021-02-16 17:58:00 - [MESSAGE][PASSED] - Object: 'Object Repository/HomePage/startAnalysis_EnableBtn' is clicked on

2021-02-16 17:58:02 - [MESSAGE][PASSED] - Text 'Your submission was successful
The analysis results will be delivered to you via email' is present on page 

2021-02-16 17:58:02 - [MESSAGE][PASSED] - customKeywords.commanFunctions.uploadFileOfPublicUser is PASSED

2021-02-16 17:58:02 - [TEST_STEP][PASSED] - customKeywords.commanFunctions.onlyCloseBrowser(): customKeywords.commanFunctions.onlyCloseBrowser is PASSED

2021-02-16 17:58:02 - [MESSAGE][PASSED] - Browser is closed

2021-02-16 17:58:02 - [MESSAGE][PASSED] - customKeywords.commanFunctions.onlyCloseBrowser is PASSED]]></system-out>
         <system-err><![CDATA[]]></system-err>
      </testcase>
      <testcase name="Test Cases/UploadDiffFiles_PublicUser/TC_As a public user, Upload Xlsx File" time="31.817" classname="Test Cases/UploadDiffFiles_PublicUser/TC_As a public user, Upload Xlsx File" status="PASSED">
         <system-out><![CDATA[2021-02-16 17:58:02 - [TEST_CASE][PASSED] - Test Cases/UploadDiffFiles_PublicUser/TC_As a public user, Upload Xlsx File: Test Cases/UploadDiffFiles_PublicUser/TC_As a public user, Upload Xlsx File

2021-02-16 17:58:02 - [TEST_STEP][PASSED] - excelTestData = findTestData("Data Files/TestData/InspectTestData"): null

2021-02-16 17:58:02 - [TEST_STEP][PASSED] - userEmail = excelTestData.getValue(2, 23): null

2021-02-16 17:58:02 - [TEST_STEP][PASSED] - customKeywords.commanFunctions.uploadFileOfPublicUser(180, userEmail): customKeywords.commanFunctions.uploadFileOfPublicUser is PASSED

2021-02-16 17:58:03 - [MESSAGE][INFO] - Starting 'Chrome' driver

2021-02-16 17:58:03 - [MESSAGE][INFO] - Action delay is set to 0 milliseconds

2021-02-16 17:58:22 - [MESSAGE][PASSED] - Browser is opened with url: 'https://Inspect.Stage.site.sa'

2021-02-16 17:58:24 - [MESSAGE][PASSED] - Current window maximized

2021-02-16 17:58:24 - [MESSAGE][PASSED] - Wait for page load successfully

2021-02-16 17:58:24 - [MESSAGE][PASSED] - Object: 'Object Repository/HomePage/ChooseAFile' is clicked on

2021-02-16 17:58:26 - [MESSAGE][PASSED] - Delayed 2 second(s)

2021-02-16 17:58:28 - [MESSAGE][INFO] - Image Uploaded Sucsessfully

2021-02-16 17:58:30 - [MESSAGE][PASSED] - Delayed 2 second(s)

2021-02-16 17:58:31 - [MESSAGE][PASSED] - Text 'sampleExcel' is present on page 

2021-02-16 17:58:31 - [MESSAGE][PASSED] - Keys 'Os-ARahman@projects.site.sa' sent to object: 'Object Repository/PublicUserHomePage/email_Input'

2021-02-16 17:58:32 - [MESSAGE][PASSED] - Object: 'Object Repository/PublicUserHomePage/SiteInspectTermsOfUse_CheckBox' is clicked on

2021-02-16 17:58:32 - [MESSAGE][PASSED] - Object: 'Object Repository/HomePage/startAnalysis_EnableBtn' is clicked on

2021-02-16 17:58:33 - [MESSAGE][PASSED] - Text 'Your submission was successful
The analysis results will be delivered to you via email' is present on page 

2021-02-16 17:58:33 - [MESSAGE][PASSED] - customKeywords.commanFunctions.uploadFileOfPublicUser is PASSED

2021-02-16 17:58:33 - [TEST_STEP][PASSED] - customKeywords.commanFunctions.onlyCloseBrowser(): customKeywords.commanFunctions.onlyCloseBrowser is PASSED

2021-02-16 17:58:34 - [MESSAGE][PASSED] - Browser is closed

2021-02-16 17:58:34 - [MESSAGE][PASSED] - customKeywords.commanFunctions.onlyCloseBrowser is PASSED]]></system-out>
         <system-err><![CDATA[]]></system-err>
      </testcase>
      <system-out><![CDATA[2021-02-16 17:47:54 - [TEST_SUITE][FAILED] - PublicUser_UploadFiles: Test Cases/UploadDiffFiles_PublicUser/TC_As a public user, Upload PC Zip Compressed Archive File FAILED.
Reason:
com.kms.katalon.core.exception.StepFailedException: Unable to verify text 'Your submission was successful
The analysis results will be delivered to you via email' is present 
	at com.kms.katalon.core.webui.keyword.internal.WebUIKeywordMain.stepFailed(WebUIKeywordMain.groovy:64)
	at com.kms.katalon.core.webui.keyword.internal.WebUIKeywordMain.runKeyword(WebUIKeywordMain.groovy:26)
	at com.kms.katalon.core.webui.keyword.builtin.VerifyTextPresentKeyword.verifyTextPresent(VerifyTextPresentKeyword.groovy:83)
	at com.kms.katalon.core.webui.keyword.builtin.VerifyTextPresentKeyword.execute(VerifyTextPresentKeyword.groovy:68)
	at com.kms.katalon.core.keyword.internal.KeywordExecutor.executeKeywordForPlatform(KeywordExecutor.groovy:73)
	at com.kms.katalon.core.webui.keyword.WebUiBuiltInKeywords.verifyTextPresent(WebUiBuiltInKeywords.groovy:1720)
	at com.kms.katalon.core.webui.keyword.WebUiBuiltInKeywords$verifyTextPresent$3.call(Unknown Source)
	at customKeywords.commanFunctions.uploadFileOfPublicUser(commanFunctions.groovy:668)
	at customKeywords.commanFunctions.invokeMethod(commanFunctions.groovy)
	at com.kms.katalon.core.main.CustomKeywordDelegatingMetaClass.invokeStaticMethod(CustomKeywordDelegatingMetaClass.java:50)
	at TC_As a public user, Upload PC Zip Compressed Archive File.run(TC_As a public user, Upload PC Zip Compressed Archive File:14)
	at com.kms.katalon.core.main.ScriptEngine.run(ScriptEngine.java:194)
	at com.kms.katalon.core.main.ScriptEngine.runScriptAsRawText(ScriptEngine.java:119)
	at com.kms.katalon.core.main.TestCaseExecutor.runScript(TestCaseExecutor.java:394)
	at com.kms.katalon.core.main.TestCaseExecutor.doExecute(TestCaseExecutor.java:385)
	at com.kms.katalon.core.main.TestCaseExecutor.processExecutionPhase(TestCaseExecutor.java:364)
	at com.kms.katalon.core.main.TestCaseExecutor.accessMainPhase(TestCaseExecutor.java:356)
	at com.kms.katalon.core.main.TestCaseExecutor.execute(TestCaseExecutor.java:251)
	at com.kms.katalon.core.main.TestSuiteExecutor.accessTestCaseMainPhase(TestSuiteExecutor.java:203)
	at com.kms.katalon.core.main.TestSuiteExecutor.accessTestSuiteMainPhase(TestSuiteExecutor.java:152)
	at com.kms.katalon.core.main.TestSuiteExecutor.execute(TestSuiteExecutor.java:95)
	at com.kms.katalon.core.main.TestCaseMain.startTestSuite(TestCaseMain.java:157)
	at com.kms.katalon.core.main.TestCaseMain$startTestSuite$0.call(Unknown Source)
	at TempTestSuite1613476481298.run(TempTestSuite1613476481298.groovy:39)
Caused by: com.kms.katalon.core.exception.StepFailedException: Text 'Your submission was successful
The analysis results will be delivered to you via email' is not present on page 
	at com.kms.katalon.core.webui.keyword.internal.WebUIKeywordMain.stepFailed(WebUIKeywordMain.groovy:64)
	at com.kms.katalon.core.webui.keyword.builtin.VerifyTextPresentKeyword$_verifyTextPresent_closure1.doCall(VerifyTextPresentKeyword.groovy:79)
	at com.kms.katalon.core.webui.keyword.builtin.VerifyTextPresentKeyword$_verifyTextPresent_closure1.call(VerifyTextPresentKeyword.groovy)
	at com.kms.katalon.core.webui.keyword.internal.WebUIKeywordMain.runKeyword(WebUIKeywordMain.groovy:20)
	... 22 more]]></system-out>
      <system-err><![CDATA[2021-02-16 17:47:54 - [TEST_SUITE][FAILED] - PublicUser_UploadFiles: Test Cases/UploadDiffFiles_PublicUser/TC_As a public user, Upload PC Zip Compressed Archive File FAILED.
Reason:
com.kms.katalon.core.exception.StepFailedException: Unable to verify text 'Your submission was successful
The analysis results will be delivered to you via email' is present 
	at com.kms.katalon.core.webui.keyword.internal.WebUIKeywordMain.stepFailed(WebUIKeywordMain.groovy:64)
	at com.kms.katalon.core.webui.keyword.internal.WebUIKeywordMain.runKeyword(WebUIKeywordMain.groovy:26)
	at com.kms.katalon.core.webui.keyword.builtin.VerifyTextPresentKeyword.verifyTextPresent(VerifyTextPresentKeyword.groovy:83)
	at com.kms.katalon.core.webui.keyword.builtin.VerifyTextPresentKeyword.execute(VerifyTextPresentKeyword.groovy:68)
	at com.kms.katalon.core.keyword.internal.KeywordExecutor.executeKeywordForPlatform(KeywordExecutor.groovy:73)
	at com.kms.katalon.core.webui.keyword.WebUiBuiltInKeywords.verifyTextPresent(WebUiBuiltInKeywords.groovy:1720)
	at com.kms.katalon.core.webui.keyword.WebUiBuiltInKeywords$verifyTextPresent$3.call(Unknown Source)
	at customKeywords.commanFunctions.uploadFileOfPublicUser(commanFunctions.groovy:668)
	at customKeywords.commanFunctions.invokeMethod(commanFunctions.groovy)
	at com.kms.katalon.core.main.CustomKeywordDelegatingMetaClass.invokeStaticMethod(CustomKeywordDelegatingMetaClass.java:50)
	at TC_As a public user, Upload PC Zip Compressed Archive File.run(TC_As a public user, Upload PC Zip Compressed Archive File:14)
	at com.kms.katalon.core.main.ScriptEngine.run(ScriptEngine.java:194)
	at com.kms.katalon.core.main.ScriptEngine.runScriptAsRawText(ScriptEngine.java:119)
	at com.kms.katalon.core.main.TestCaseExecutor.runScript(TestCaseExecutor.java:394)
	at com.kms.katalon.core.main.TestCaseExecutor.doExecute(TestCaseExecutor.java:385)
	at com.kms.katalon.core.main.TestCaseExecutor.processExecutionPhase(TestCaseExecutor.java:364)
	at com.kms.katalon.core.main.TestCaseExecutor.accessMainPhase(TestCaseExecutor.java:356)
	at com.kms.katalon.core.main.TestCaseExecutor.execute(TestCaseExecutor.java:251)
	at com.kms.katalon.core.main.TestSuiteExecutor.accessTestCaseMainPhase(TestSuiteExecutor.java:203)
	at com.kms.katalon.core.main.TestSuiteExecutor.accessTestSuiteMainPhase(TestSuiteExecutor.java:152)
	at com.kms.katalon.core.main.TestSuiteExecutor.execute(TestSuiteExecutor.java:95)
	at com.kms.katalon.core.main.TestCaseMain.startTestSuite(TestCaseMain.java:157)
	at com.kms.katalon.core.main.TestCaseMain$startTestSuite$0.call(Unknown Source)
	at TempTestSuite1613476481298.run(TempTestSuite1613476481298.groovy:39)
Caused by: com.kms.katalon.core.exception.StepFailedException: Text 'Your submission was successful
The analysis results will be delivered to you via email' is not present on page 
	at com.kms.katalon.core.webui.keyword.internal.WebUIKeywordMain.stepFailed(WebUIKeywordMain.groovy:64)
	at com.kms.katalon.core.webui.keyword.builtin.VerifyTextPresentKeyword$_verifyTextPresent_closure1.doCall(VerifyTextPresentKeyword.groovy:79)
	at com.kms.katalon.core.webui.keyword.builtin.VerifyTextPresentKeyword$_verifyTextPresent_closure1.call(VerifyTextPresentKeyword.groovy)
	at com.kms.katalon.core.webui.keyword.internal.WebUIKeywordMain.runKeyword(WebUIKeywordMain.groovy:20)
	... 22 more]]></system-err>
   </testsuite>
   <testsuite name="Login_Suite" tests="8" failures="0" errors="0" time="192.28" skips="0" timestamp="2021-02-16 17:58:47" hostname="ashok - OMTPGCN1132568L" id="Test Suites/LogIn_RigisterUserAndForgotPwd_Module/Login_Suite">
      <properties>
         <property name="deviceName" value=""/>
         <property name="devicePlatform" value=""/>
         <property name="logFolder" value="E:\\Inspect\\15022021\\SiteInspectAutomation\\Reports\\20210216_172436\\LogIn_RigisterUserAndForgotPwd_Module\\Login_Suite\\20210216_172443"/>
         <property name="logFiles" value="E:\\Inspect\\15022021\\SiteInspectAutomation\\Reports\\20210216_172436\\LogIn_RigisterUserAndForgotPwd_Module\\Login_Suite\\20210216_172443\\execution0.log"/>
         <property name="attachments" value=""/>
         <property name="hostName" value="ashok - OMTPGCN1132568L"/>
         <property name="os" value="Windows 10 64bit"/>
         <property name="katalonVersion" value="7.8.2.208"/>
         <property name="browser" value="Chrome 86.0.4240.75"/>
         <property name="hostAddress" value="192.168.1.2"/>
         <property name="sessionId" value="772e9ed8007dc2ad97ce23feaa8031be"/>
         <property name="seleniumVersion" value="3.141.59"/>
         <property name="proxyInformation" value="ProxyInformation { proxyOption=NO_PROXY, proxyServerType=HTTP, username=, password=********, proxyServerAddress=, proxyServerPort=0, executionList=&quot;&quot;, isApplyToDesiredCapabilities=true }"/>
         <property name="platform" value="Windows 10"/>
      </properties>
      <testcase name="Test Cases/TC_Login_RegisterUserAndForgotYourPassword/BasicTCs/CSP-T74_1.0_As a User, I want to verify that system send me a forget my password link when I request" time="21.275" classname="Test Cases/TC_Login_RegisterUserAndForgotYourPassword/BasicTCs/CSP-T74_1.0_As a User, I want to verify that system send me a forget my password link when I request" status="PASSED">
         <system-out><![CDATA[2021-02-16 17:58:49 - [TEST_CASE][PASSED] - Test Cases/TC_Login_RegisterUserAndForgotYourPassword/BasicTCs/CSP-T74_1.0_As a User, I want to verify that system send me a forget my password link when I request: Test Cases/TC_Login_RegisterUserAndForgotYourPassword/BasicTCs/CSP-T74_1.0_As a User, I want to verify that system send me a forget my password link when I request

2021-02-16 17:58:49 - [TEST_STEP][PASSED] - excelTestData = findTestData("Data Files/TestData/InspectTestData"): null

2021-02-16 17:58:49 - [TEST_STEP][PASSED] - validationMessage = excelTestData.getValue(2, 8): null

2021-02-16 17:58:49 - [TEST_STEP][PASSED] - obj = findTestObject("LoginAndRigisterUser/LoginLink"): null

2021-02-16 17:58:49 - [TEST_STEP][PASSED] - forgotPwd = findTestObject("Object Repository/LoginAndRigisterUser/ForgotPwd"): null

2021-02-16 17:58:49 - [TEST_STEP][PASSED] - ForgotPwdSubmitBtn = findTestObject("Object Repository/LoginAndRigisterUser/ForgotPwdSubmitBtn"): null

2021-02-16 17:58:49 - [TEST_STEP][PASSED] - customKeywords.commanFunctions.openBrowser(): customKeywords.commanFunctions.openBrowser is PASSED

2021-02-16 17:58:50 - [MESSAGE][INFO] - Starting 'Chrome' driver

2021-02-16 17:58:50 - [MESSAGE][INFO] - Action delay is set to 0 milliseconds

2021-02-16 17:59:02 - [MESSAGE][PASSED] - Browser is opened with url: 'https://Inspect.Stage.site.sa'

2021-02-16 17:59:04 - [MESSAGE][PASSED] - Current window maximized

2021-02-16 17:59:04 - [MESSAGE][PASSED] - Wait for page load successfully

2021-02-16 17:59:04 - [MESSAGE][PASSED] - customKeywords.commanFunctions.openBrowser is PASSED

2021-02-16 17:59:04 - [TEST_STEP][PASSED] - waitForElementClickable(findTestObject("LoginAndRigisterUser/LoginLink"), TimeOut): Object 'Object Repository/LoginAndRigisterUser/LoginLink' is clickable

2021-02-16 17:59:04 - [MESSAGE][PASSED] - Object 'Object Repository/LoginAndRigisterUser/LoginLink' is clickable

2021-02-16 17:59:04 - [TEST_STEP][PASSED] - customKeywords.commanFunctions.clickElementWithJS(obj): customKeywords.commanFunctions.clickElementWithJS is PASSED

2021-02-16 17:59:05 - [MESSAGE][INFO] - Clicked on element with JS

2021-02-16 17:59:05 - [MESSAGE][PASSED] - customKeywords.commanFunctions.clickElementWithJS is PASSED

2021-02-16 17:59:05 - [TEST_STEP][PASSED] - waitForElementClickable(findTestObject("Object Repository/LoginAndRigisterUser/ForgotPwd"), TimeOut): Object 'Object Repository/LoginAndRigisterUser/ForgotPwd' is clickable

2021-02-16 17:59:05 - [MESSAGE][PASSED] - Object 'Object Repository/LoginAndRigisterUser/ForgotPwd' is clickable

2021-02-16 17:59:05 - [TEST_STEP][PASSED] - customKeywords.commanFunctions.clickElementWithJS(forgotPwd): customKeywords.commanFunctions.clickElementWithJS is PASSED

2021-02-16 17:59:06 - [MESSAGE][INFO] - Clicked on element with JS

2021-02-16 17:59:06 - [MESSAGE][PASSED] - customKeywords.commanFunctions.clickElementWithJS is PASSED

2021-02-16 17:59:06 - [TEST_STEP][PASSED] - sendKeys(findTestObject("Object Repository/LoginAndRigisterUser/ForgotPwd_Email_Input"), AdminUserName): Keys 'admin@example.com' sent to object: 'Object Repository/LoginAndRigisterUser/ForgotPwd_Email_Input'

2021-02-16 17:59:07 - [MESSAGE][PASSED] - Keys 'admin@example.com' sent to object: 'Object Repository/LoginAndRigisterUser/ForgotPwd_Email_Input'

2021-02-16 17:59:07 - [TEST_STEP][PASSED] - customKeywords.commanFunctions.clickElementWithJS(ForgotPwdSubmitBtn): customKeywords.commanFunctions.clickElementWithJS is PASSED

2021-02-16 17:59:07 - [MESSAGE][INFO] - Clicked on element with JS

2021-02-16 17:59:07 - [MESSAGE][PASSED] - customKeywords.commanFunctions.clickElementWithJS is PASSED

2021-02-16 17:59:07 - [TEST_STEP][PASSED] - verifyTextPresent(validationMessage, false): Text 'An email with a reset link was sent to your email. Please click on the link to reset your password' is present on page 

2021-02-16 17:59:09 - [MESSAGE][PASSED] - Text 'An email with a reset link was sent to your email. Please click on the link to reset your password' is present on page 

2021-02-16 17:59:09 - [TEST_STEP][PASSED] - customKeywords.commanFunctions.onlyCloseBrowser(): customKeywords.commanFunctions.onlyCloseBrowser is PASSED

2021-02-16 17:59:10 - [MESSAGE][PASSED] - Browser is closed

2021-02-16 17:59:10 - [MESSAGE][PASSED] - customKeywords.commanFunctions.onlyCloseBrowser is PASSED]]></system-out>
         <system-err><![CDATA[]]></system-err>
      </testcase>
      <testcase name="Test Cases/TC_Login_RegisterUserAndForgotYourPassword/BasicTCs/CSP-T75_1.0_As a User, I want to verify that System detects incorrect user email" time="17.64" classname="Test Cases/TC_Login_RegisterUserAndForgotYourPassword/BasicTCs/CSP-T75_1.0_As a User, I want to verify that System detects incorrect user email" status="PASSED">
         <system-out><![CDATA[2021-02-16 17:59:10 - [TEST_CASE][PASSED] - Test Cases/TC_Login_RegisterUserAndForgotYourPassword/BasicTCs/CSP-T75_1.0_As a User, I want to verify that System detects incorrect user email: Test Cases/TC_Login_RegisterUserAndForgotYourPassword/BasicTCs/CSP-T75_1.0_As a User, I want to verify that System detects incorrect user email

2021-02-16 17:59:10 - [TEST_STEP][PASSED] - excelTestData = findTestData("Data Files/TestData/InspectTestData"): null

2021-02-16 17:59:10 - [TEST_STEP][PASSED] - validationMessage = excelTestData.getValue(2, 12): null

2021-02-16 17:59:10 - [TEST_STEP][PASSED] - obj = findTestObject("LoginAndRigisterUser/LoginLink"): null

2021-02-16 17:59:10 - [TEST_STEP][PASSED] - forgotPwd = findTestObject("Object Repository/LoginAndRigisterUser/ForgotPwd"): null

2021-02-16 17:59:10 - [TEST_STEP][PASSED] - ForgotPwdSubmitBtn = findTestObject("Object Repository/LoginAndRigisterUser/ForgotPwdSubmitBtn"): null

2021-02-16 17:59:10 - [TEST_STEP][PASSED] - customKeywords.commanFunctions.openBrowser(): customKeywords.commanFunctions.openBrowser is PASSED

2021-02-16 17:59:10 - [MESSAGE][INFO] - Starting 'Chrome' driver

2021-02-16 17:59:10 - [MESSAGE][INFO] - Action delay is set to 0 milliseconds

2021-02-16 17:59:21 - [MESSAGE][PASSED] - Browser is opened with url: 'https://Inspect.Stage.site.sa'

2021-02-16 17:59:23 - [MESSAGE][PASSED] - Current window maximized

2021-02-16 17:59:23 - [MESSAGE][PASSED] - Wait for page load successfully

2021-02-16 17:59:23 - [MESSAGE][PASSED] - customKeywords.commanFunctions.openBrowser is PASSED

2021-02-16 17:59:23 - [TEST_STEP][PASSED] - waitForElementClickable(findTestObject("LoginAndRigisterUser/LoginLink"), TimeOut): Object 'Object Repository/LoginAndRigisterUser/LoginLink' is clickable

2021-02-16 17:59:23 - [MESSAGE][PASSED] - Object 'Object Repository/LoginAndRigisterUser/LoginLink' is clickable

2021-02-16 17:59:23 - [TEST_STEP][PASSED] - customKeywords.commanFunctions.clickElementWithJS(obj): customKeywords.commanFunctions.clickElementWithJS is PASSED

2021-02-16 17:59:24 - [MESSAGE][INFO] - Clicked on element with JS

2021-02-16 17:59:24 - [MESSAGE][PASSED] - customKeywords.commanFunctions.clickElementWithJS is PASSED

2021-02-16 17:59:24 - [TEST_STEP][PASSED] - waitForElementClickable(findTestObject("Object Repository/LoginAndRigisterUser/ForgotPwd"), TimeOut): Object 'Object Repository/LoginAndRigisterUser/ForgotPwd' is clickable

2021-02-16 17:59:24 - [MESSAGE][PASSED] - Object 'Object Repository/LoginAndRigisterUser/ForgotPwd' is clickable

2021-02-16 17:59:24 - [TEST_STEP][PASSED] - customKeywords.commanFunctions.clickElementWithJS(forgotPwd): customKeywords.commanFunctions.clickElementWithJS is PASSED

2021-02-16 17:59:25 - [MESSAGE][INFO] - Clicked on element with JS

2021-02-16 17:59:25 - [MESSAGE][PASSED] - customKeywords.commanFunctions.clickElementWithJS is PASSED

2021-02-16 17:59:25 - [TEST_STEP][PASSED] - str = customKeywords.commanFunctions.getRandomAlphaString(5): customKeywords.commanFunctions.getRandomAlphaString is PASSED

2021-02-16 17:59:25 - [MESSAGE][PASSED] - customKeywords.commanFunctions.getRandomAlphaString is PASSED

2021-02-16 17:59:25 - [TEST_STEP][PASSED] - email = "test_" + str + "@email.com": null

2021-02-16 17:59:25 - [TEST_STEP][PASSED] - sendKeys(findTestObject("Object Repository/LoginAndRigisterUser/ForgotPwd_Email_Input"), email): Keys 'test_eqovq@email.com' sent to object: 'Object Repository/LoginAndRigisterUser/ForgotPwd_Email_Input'

2021-02-16 17:59:25 - [MESSAGE][PASSED] - Keys 'test_eqovq@email.com' sent to object: 'Object Repository/LoginAndRigisterUser/ForgotPwd_Email_Input'

2021-02-16 17:59:25 - [TEST_STEP][PASSED] - customKeywords.commanFunctions.clickElementWithJS(ForgotPwdSubmitBtn): customKeywords.commanFunctions.clickElementWithJS is PASSED

2021-02-16 17:59:26 - [MESSAGE][INFO] - Clicked on element with JS

2021-02-16 17:59:26 - [MESSAGE][PASSED] - customKeywords.commanFunctions.clickElementWithJS is PASSED

2021-02-16 17:59:26 - [TEST_STEP][PASSED] - verifyTextPresent(validationMessage, false): Text 'The user credentials provided is incorrect' is present on page 

2021-02-16 17:59:27 - [MESSAGE][PASSED] - Text 'The user credentials provided is incorrect' is present on page 

2021-02-16 17:59:27 - [TEST_STEP][PASSED] - customKeywords.commanFunctions.onlyCloseBrowser(): customKeywords.commanFunctions.onlyCloseBrowser is PASSED

2021-02-16 17:59:27 - [MESSAGE][PASSED] - Browser is closed

2021-02-16 17:59:27 - [MESSAGE][PASSED] - customKeywords.commanFunctions.onlyCloseBrowser is PASSED]]></system-out>
         <system-err><![CDATA[]]></system-err>
      </testcase>
      <testcase name="Test Cases/TC_Login_RegisterUserAndForgotYourPassword/BasicTCs/TC_LoginUserWithInValidCredentialsAndVerifyErrorMsg" time="19.442" classname="Test Cases/TC_Login_RegisterUserAndForgotYourPassword/BasicTCs/TC_LoginUserWithInValidCredentialsAndVerifyErrorMsg" status="PASSED">
         <system-out><![CDATA[2021-02-16 17:59:27 - [TEST_CASE][PASSED] - Test Cases/TC_Login_RegisterUserAndForgotYourPassword/BasicTCs/TC_LoginUserWithInValidCredentialsAndVerifyErrorMsg: Test Cases/TC_Login_RegisterUserAndForgotYourPassword/BasicTCs/TC_LoginUserWithInValidCredentialsAndVerifyErrorMsg

2021-02-16 17:59:28 - [TEST_STEP][PASSED] - excelTestData = findTestData("Data Files/TestData/InspectTestData"): null

2021-02-16 17:59:28 - [TEST_STEP][PASSED] - validationMessage = excelTestData.getValue(2, 4): null

2021-02-16 17:59:28 - [TEST_STEP][PASSED] - obj = findTestObject("LoginAndRigisterUser/LoginLink"): null

2021-02-16 17:59:28 - [TEST_STEP][PASSED] - LoginBtn = findTestObject("Object Repository/LoginAndRigisterUser/LoginBtn"): null

2021-02-16 17:59:28 - [TEST_STEP][PASSED] - customKeywords.commanFunctions.openBrowser(): customKeywords.commanFunctions.openBrowser is PASSED

2021-02-16 17:59:28 - [MESSAGE][INFO] - Starting 'Chrome' driver

2021-02-16 17:59:28 - [MESSAGE][INFO] - Action delay is set to 0 milliseconds

2021-02-16 17:59:40 - [MESSAGE][PASSED] - Browser is opened with url: 'https://Inspect.Stage.site.sa'

2021-02-16 17:59:42 - [MESSAGE][PASSED] - Current window maximized

2021-02-16 17:59:42 - [MESSAGE][PASSED] - Wait for page load successfully

2021-02-16 17:59:42 - [MESSAGE][PASSED] - customKeywords.commanFunctions.openBrowser is PASSED

2021-02-16 17:59:42 - [TEST_STEP][PASSED] - waitForElementClickable(findTestObject("LoginAndRigisterUser/LoginLink"), TimeOut): Object 'Object Repository/LoginAndRigisterUser/LoginLink' is clickable

2021-02-16 17:59:42 - [MESSAGE][PASSED] - Object 'Object Repository/LoginAndRigisterUser/LoginLink' is clickable

2021-02-16 17:59:42 - [TEST_STEP][PASSED] - customKeywords.commanFunctions.clickElementWithJS(obj): customKeywords.commanFunctions.clickElementWithJS is PASSED

2021-02-16 17:59:43 - [MESSAGE][INFO] - Clicked on element with JS

2021-02-16 17:59:43 - [MESSAGE][PASSED] - customKeywords.commanFunctions.clickElementWithJS is PASSED

2021-02-16 17:59:43 - [TEST_STEP][PASSED] - strOne = customKeywords.commanFunctions.getRandomAlphaString(5): customKeywords.commanFunctions.getRandomAlphaString is PASSED

2021-02-16 17:59:43 - [MESSAGE][PASSED] - customKeywords.commanFunctions.getRandomAlphaString is PASSED

2021-02-16 17:59:43 - [TEST_STEP][PASSED] - email = "test_" + strOne + "@email.com": null

2021-02-16 17:59:43 - [TEST_STEP][PASSED] - str = customKeywords.commanFunctions.getRandomAlphaString(5): customKeywords.commanFunctions.getRandomAlphaString is PASSED

2021-02-16 17:59:43 - [MESSAGE][PASSED] - customKeywords.commanFunctions.getRandomAlphaString is PASSED

2021-02-16 17:59:43 - [TEST_STEP][PASSED] - password = "Test@" + str: null

2021-02-16 17:59:43 - [TEST_STEP][PASSED] - sendKeys(findTestObject("Object Repository/LoginAndRigisterUser/UserName_Email_Input"), email): Keys 'test_oqnsa@email.com' sent to object: 'Object Repository/LoginAndRigisterUser/UserName_Email_Input'

2021-02-16 17:59:44 - [MESSAGE][PASSED] - Keys 'test_oqnsa@email.com' sent to object: 'Object Repository/LoginAndRigisterUser/UserName_Email_Input'

2021-02-16 17:59:44 - [TEST_STEP][PASSED] - sendKeys(findTestObject("Object Repository/LoginAndRigisterUser/Password_Input"), password): Keys 'Test@uyqrf' sent to object: 'Object Repository/LoginAndRigisterUser/Password_Input'

2021-02-16 17:59:44 - [MESSAGE][PASSED] - Keys 'Test@uyqrf' sent to object: 'Object Repository/LoginAndRigisterUser/Password_Input'

2021-02-16 17:59:44 - [TEST_STEP][PASSED] - waitForElementClickable(LoginBtn, TimeOut): Object 'Object Repository/LoginAndRigisterUser/LoginBtn' is clickable

2021-02-16 17:59:45 - [MESSAGE][PASSED] - Object 'Object Repository/LoginAndRigisterUser/LoginBtn' is clickable

2021-02-16 17:59:45 - [TEST_STEP][PASSED] - customKeywords.commanFunctions.clickElementWithJS(LoginBtn): customKeywords.commanFunctions.clickElementWithJS is PASSED

2021-02-16 17:59:45 - [MESSAGE][INFO] - Clicked on element with JS

2021-02-16 17:59:45 - [MESSAGE][PASSED] - customKeywords.commanFunctions.clickElementWithJS is PASSED

2021-02-16 17:59:45 - [TEST_STEP][PASSED] - verifyTextPresent(validationMessage, false): Text 'Incorrect email or password' is present on page 

2021-02-16 17:59:46 - [MESSAGE][PASSED] - Text 'Incorrect email or password' is present on page 

2021-02-16 17:59:46 - [TEST_STEP][PASSED] - customKeywords.commanFunctions.onlyCloseBrowser(): customKeywords.commanFunctions.onlyCloseBrowser is PASSED

2021-02-16 17:59:47 - [MESSAGE][PASSED] - Browser is closed

2021-02-16 17:59:47 - [MESSAGE][PASSED] - customKeywords.commanFunctions.onlyCloseBrowser is PASSED]]></system-out>
         <system-err><![CDATA[]]></system-err>
      </testcase>
      <testcase name="Test Cases/TC_Login_RegisterUserAndForgotYourPassword/BasicTCs/TC_LoginUserWithInValidPasswordAndVerifyLoginShouldNotSucss" time="19.1" classname="Test Cases/TC_Login_RegisterUserAndForgotYourPassword/BasicTCs/TC_LoginUserWithInValidPasswordAndVerifyLoginShouldNotSucss" status="PASSED">
         <system-out><![CDATA[2021-02-16 17:59:47 - [TEST_CASE][PASSED] - Test Cases/TC_Login_RegisterUserAndForgotYourPassword/BasicTCs/TC_LoginUserWithInValidPasswordAndVerifyLoginShouldNotSucss: Test Cases/TC_Login_RegisterUserAndForgotYourPassword/BasicTCs/TC_LoginUserWithInValidPasswordAndVerifyLoginShouldNotSucss

2021-02-16 17:59:47 - [TEST_STEP][PASSED] - excelTestData = findTestData("Data Files/TestData/InspectTestData"): null

2021-02-16 17:59:47 - [TEST_STEP][PASSED] - validationMessage = excelTestData.getValue(2, 4): null

2021-02-16 17:59:47 - [TEST_STEP][PASSED] - obj = findTestObject("LoginAndRigisterUser/LoginLink"): null

2021-02-16 17:59:47 - [TEST_STEP][PASSED] - LoginBtn = findTestObject("Object Repository/LoginAndRigisterUser/LoginBtn"): null

2021-02-16 17:59:47 - [TEST_STEP][PASSED] - customKeywords.commanFunctions.openBrowser(): customKeywords.commanFunctions.openBrowser is PASSED

2021-02-16 17:59:47 - [MESSAGE][INFO] - Starting 'Chrome' driver

2021-02-16 17:59:47 - [MESSAGE][INFO] - Action delay is set to 0 milliseconds

2021-02-16 17:59:59 - [MESSAGE][PASSED] - Browser is opened with url: 'https://Inspect.Stage.site.sa'

2021-02-16 18:00:01 - [MESSAGE][PASSED] - Current window maximized

2021-02-16 18:00:01 - [MESSAGE][PASSED] - Wait for page load successfully

2021-02-16 18:00:01 - [MESSAGE][PASSED] - customKeywords.commanFunctions.openBrowser is PASSED

2021-02-16 18:00:01 - [TEST_STEP][PASSED] - waitForElementClickable(findTestObject("LoginAndRigisterUser/LoginLink"), TimeOut): Object 'Object Repository/LoginAndRigisterUser/LoginLink' is clickable

2021-02-16 18:00:01 - [MESSAGE][PASSED] - Object 'Object Repository/LoginAndRigisterUser/LoginLink' is clickable

2021-02-16 18:00:01 - [TEST_STEP][PASSED] - customKeywords.commanFunctions.clickElementWithJS(obj): customKeywords.commanFunctions.clickElementWithJS is PASSED

2021-02-16 18:00:02 - [MESSAGE][INFO] - Clicked on element with JS

2021-02-16 18:00:02 - [MESSAGE][PASSED] - customKeywords.commanFunctions.clickElementWithJS is PASSED

2021-02-16 18:00:02 - [TEST_STEP][PASSED] - str = customKeywords.commanFunctions.getRandomAlphaString(5): customKeywords.commanFunctions.getRandomAlphaString is PASSED

2021-02-16 18:00:02 - [MESSAGE][PASSED] - customKeywords.commanFunctions.getRandomAlphaString is PASSED

2021-02-16 18:00:02 - [TEST_STEP][PASSED] - password = "Test@" + str: null

2021-02-16 18:00:02 - [TEST_STEP][PASSED] - sendKeys(findTestObject("Object Repository/LoginAndRigisterUser/UserName_Email_Input"), AdminUserName): Keys 'admin@example.com' sent to object: 'Object Repository/LoginAndRigisterUser/UserName_Email_Input'

2021-02-16 18:00:02 - [MESSAGE][PASSED] - Keys 'admin@example.com' sent to object: 'Object Repository/LoginAndRigisterUser/UserName_Email_Input'

2021-02-16 18:00:02 - [TEST_STEP][PASSED] - sendKeys(findTestObject("Object Repository/LoginAndRigisterUser/Password_Input"), password): Keys 'Test@oocmr' sent to object: 'Object Repository/LoginAndRigisterUser/Password_Input'

2021-02-16 18:00:03 - [MESSAGE][PASSED] - Keys 'Test@oocmr' sent to object: 'Object Repository/LoginAndRigisterUser/Password_Input'

2021-02-16 18:00:03 - [TEST_STEP][PASSED] - waitForElementClickable(LoginBtn, TimeOut): Object 'Object Repository/LoginAndRigisterUser/LoginBtn' is clickable

2021-02-16 18:00:03 - [MESSAGE][PASSED] - Object 'Object Repository/LoginAndRigisterUser/LoginBtn' is clickable

2021-02-16 18:00:03 - [TEST_STEP][PASSED] - customKeywords.commanFunctions.clickElementWithJS(LoginBtn): customKeywords.commanFunctions.clickElementWithJS is PASSED

2021-02-16 18:00:04 - [MESSAGE][INFO] - Clicked on element with JS

2021-02-16 18:00:04 - [MESSAGE][PASSED] - customKeywords.commanFunctions.clickElementWithJS is PASSED

2021-02-16 18:00:04 - [TEST_STEP][PASSED] - verifyTextPresent(validationMessage, false): Text 'Incorrect email or password' is present on page 

2021-02-16 18:00:05 - [MESSAGE][PASSED] - Text 'Incorrect email or password' is present on page 

2021-02-16 18:00:05 - [TEST_STEP][PASSED] - customKeywords.commanFunctions.onlyCloseBrowser(): customKeywords.commanFunctions.onlyCloseBrowser is PASSED

2021-02-16 18:00:06 - [MESSAGE][PASSED] - Browser is closed

2021-02-16 18:00:06 - [MESSAGE][PASSED] - customKeywords.commanFunctions.onlyCloseBrowser is PASSED]]></system-out>
         <system-err><![CDATA[]]></system-err>
      </testcase>
      <testcase name="Test Cases/TC_Login_RegisterUserAndForgotYourPassword/BasicTCs/TC_LoginUserWithInValidUserNameAndVerifyLoginShouldNotSucss" time="17.591" classname="Test Cases/TC_Login_RegisterUserAndForgotYourPassword/BasicTCs/TC_LoginUserWithInValidUserNameAndVerifyLoginShouldNotSucss" status="PASSED">
         <system-out><![CDATA[2021-02-16 18:00:06 - [TEST_CASE][PASSED] - Test Cases/TC_Login_RegisterUserAndForgotYourPassword/BasicTCs/TC_LoginUserWithInValidUserNameAndVerifyLoginShouldNotSucss: Test Cases/TC_Login_RegisterUserAndForgotYourPassword/BasicTCs/TC_LoginUserWithInValidUserNameAndVerifyLoginShouldNotSucss

2021-02-16 18:00:06 - [TEST_STEP][PASSED] - excelTestData = findTestData("Data Files/TestData/InspectTestData"): null

2021-02-16 18:00:06 - [TEST_STEP][PASSED] - validationMessage = excelTestData.getValue(2, 4): null

2021-02-16 18:00:06 - [TEST_STEP][PASSED] - obj = findTestObject("LoginAndRigisterUser/LoginLink"): null

2021-02-16 18:00:06 - [TEST_STEP][PASSED] - LoginBtn = findTestObject("Object Repository/LoginAndRigisterUser/LoginBtn"): null

2021-02-16 18:00:06 - [TEST_STEP][PASSED] - customKeywords.commanFunctions.openBrowser(): customKeywords.commanFunctions.openBrowser is PASSED

2021-02-16 18:00:06 - [MESSAGE][INFO] - Starting 'Chrome' driver

2021-02-16 18:00:06 - [MESSAGE][INFO] - Action delay is set to 0 milliseconds

2021-02-16 18:00:17 - [MESSAGE][PASSED] - Browser is opened with url: 'https://Inspect.Stage.site.sa'

2021-02-16 18:00:19 - [MESSAGE][PASSED] - Current window maximized

2021-02-16 18:00:19 - [MESSAGE][PASSED] - Wait for page load successfully

2021-02-16 18:00:19 - [MESSAGE][PASSED] - customKeywords.commanFunctions.openBrowser is PASSED

2021-02-16 18:00:19 - [TEST_STEP][PASSED] - waitForElementClickable(findTestObject("LoginAndRigisterUser/LoginLink"), TimeOut): Object 'Object Repository/LoginAndRigisterUser/LoginLink' is clickable

2021-02-16 18:00:19 - [MESSAGE][PASSED] - Object 'Object Repository/LoginAndRigisterUser/LoginLink' is clickable

2021-02-16 18:00:19 - [TEST_STEP][PASSED] - customKeywords.commanFunctions.clickElementWithJS(obj): customKeywords.commanFunctions.clickElementWithJS is PASSED

2021-02-16 18:00:20 - [MESSAGE][INFO] - Clicked on element with JS

2021-02-16 18:00:20 - [MESSAGE][PASSED] - customKeywords.commanFunctions.clickElementWithJS is PASSED

2021-02-16 18:00:20 - [TEST_STEP][PASSED] - str = customKeywords.commanFunctions.getRandomAlphaString(5): customKeywords.commanFunctions.getRandomAlphaString is PASSED

2021-02-16 18:00:20 - [MESSAGE][PASSED] - customKeywords.commanFunctions.getRandomAlphaString is PASSED

2021-02-16 18:00:20 - [TEST_STEP][PASSED] - email = "test_" + str + "@email.com": null

2021-02-16 18:00:20 - [TEST_STEP][PASSED] - sendKeys(findTestObject("Object Repository/LoginAndRigisterUser/UserName_Email_Input"), email): Keys 'test_dazlc@email.com' sent to object: 'Object Repository/LoginAndRigisterUser/UserName_Email_Input'

2021-02-16 18:00:20 - [MESSAGE][PASSED] - Keys 'test_dazlc@email.com' sent to object: 'Object Repository/LoginAndRigisterUser/UserName_Email_Input'

2021-02-16 18:00:20 - [TEST_STEP][PASSED] - sendKeys(findTestObject("Object Repository/LoginAndRigisterUser/Password_Input"), AdminPassWord): Keys 'Aa@12345' sent to object: 'Object Repository/LoginAndRigisterUser/Password_Input'

2021-02-16 18:00:21 - [MESSAGE][PASSED] - Keys 'Aa@12345' sent to object: 'Object Repository/LoginAndRigisterUser/Password_Input'

2021-02-16 18:00:21 - [TEST_STEP][PASSED] - waitForElementClickable(LoginBtn, TimeOut): Object 'Object Repository/LoginAndRigisterUser/LoginBtn' is clickable

2021-02-16 18:00:21 - [MESSAGE][PASSED] - Object 'Object Repository/LoginAndRigisterUser/LoginBtn' is clickable

2021-02-16 18:00:21 - [TEST_STEP][PASSED] - customKeywords.commanFunctions.clickElementWithJS(LoginBtn): customKeywords.commanFunctions.clickElementWithJS is PASSED

2021-02-16 18:00:22 - [MESSAGE][INFO] - Clicked on element with JS

2021-02-16 18:00:22 - [MESSAGE][PASSED] - customKeywords.commanFunctions.clickElementWithJS is PASSED

2021-02-16 18:00:22 - [TEST_STEP][PASSED] - verifyTextPresent(validationMessage, false): Text 'Incorrect email or password' is present on page 

2021-02-16 18:00:23 - [MESSAGE][PASSED] - Text 'Incorrect email or password' is present on page 

2021-02-16 18:00:23 - [TEST_STEP][PASSED] - customKeywords.commanFunctions.onlyCloseBrowser(): customKeywords.commanFunctions.onlyCloseBrowser is PASSED

2021-02-16 18:00:24 - [MESSAGE][PASSED] - Browser is closed

2021-02-16 18:00:24 - [MESSAGE][PASSED] - customKeywords.commanFunctions.onlyCloseBrowser is PASSED]]></system-out>
         <system-err><![CDATA[]]></system-err>
      </testcase>
      <testcase name="Test Cases/TC_Login_RegisterUserAndForgotYourPassword/BasicTCs/TC_LoginUserWithValidCredentialsAndVerifyLoginSucss" time="31.917" classname="Test Cases/TC_Login_RegisterUserAndForgotYourPassword/BasicTCs/TC_LoginUserWithValidCredentialsAndVerifyLoginSucss" status="PASSED">
         <system-out><![CDATA[2021-02-16 18:00:24 - [TEST_CASE][PASSED] - Test Cases/TC_Login_RegisterUserAndForgotYourPassword/BasicTCs/TC_LoginUserWithValidCredentialsAndVerifyLoginSucss: Test Cases/TC_Login_RegisterUserAndForgotYourPassword/BasicTCs/TC_LoginUserWithValidCredentialsAndVerifyLoginSucss

2021-02-16 18:00:24 - [TEST_STEP][PASSED] - callTestCase(findTestCase("TC_Login_RegisterUserAndForgotYourPassword/CommanTCs/TC_LoginToBrowserAsAdmin"), null): Call Test Case 'Test Cases/TC_Login_RegisterUserAndForgotYourPassword/CommanTCs/TC_LoginToBrowserAsAdmin' successfully

2021-02-16 18:00:24 - [TEST_CASE][PASSED] - Test Cases/TC_Login_RegisterUserAndForgotYourPassword/CommanTCs/TC_LoginToBrowserAsAdmin: Test Cases/TC_Login_RegisterUserAndForgotYourPassword/CommanTCs/TC_LoginToBrowserAsAdmin

2021-02-16 18:00:24 - [TEST_STEP][PASSED] - obj = findTestObject("LoginAndRigisterUser/LoginLink"): null

2021-02-16 18:00:24 - [TEST_STEP][PASSED] - customKeywords.commanFunctions.openBrowser(): customKeywords.commanFunctions.openBrowser is PASSED

2021-02-16 18:00:24 - [MESSAGE][INFO] - Starting 'Chrome' driver

2021-02-16 18:00:24 - [MESSAGE][INFO] - Action delay is set to 0 milliseconds

2021-02-16 18:00:36 - [MESSAGE][PASSED] - Browser is opened with url: 'https://Inspect.Stage.site.sa'

2021-02-16 18:00:38 - [MESSAGE][PASSED] - Current window maximized

2021-02-16 18:00:38 - [MESSAGE][PASSED] - Wait for page load successfully

2021-02-16 18:00:38 - [MESSAGE][PASSED] - customKeywords.commanFunctions.openBrowser is PASSED

2021-02-16 18:00:38 - [TEST_STEP][PASSED] - waitForElementClickable(findTestObject("LoginAndRigisterUser/LoginLink"), TimeOut): Object 'Object Repository/LoginAndRigisterUser/LoginLink' is clickable

2021-02-16 18:00:38 - [MESSAGE][PASSED] - Object 'Object Repository/LoginAndRigisterUser/LoginLink' is clickable

2021-02-16 18:00:38 - [TEST_STEP][PASSED] - customKeywords.commanFunctions.clickElementWithJS(obj): customKeywords.commanFunctions.clickElementWithJS is PASSED

2021-02-16 18:00:39 - [MESSAGE][INFO] - Clicked on element with JS

2021-02-16 18:00:39 - [MESSAGE][PASSED] - customKeywords.commanFunctions.clickElementWithJS is PASSED

2021-02-16 18:00:39 - [TEST_STEP][PASSED] - customKeywords.commanFunctions.logIntoBrowser(): customKeywords.commanFunctions.logIntoBrowser is PASSED

2021-02-16 18:00:39 - [MESSAGE][PASSED] - Keys 'admin@example.com' sent to object: 'Object Repository/LoginAndRigisterUser/UserName_Email_Input'

2021-02-16 18:00:40 - [MESSAGE][PASSED] - Keys 'Aa@12345' sent to object: 'Object Repository/LoginAndRigisterUser/Password_Input'

2021-02-16 18:00:41 - [MESSAGE][PASSED] - Delayed 1 second(s)

2021-02-16 18:00:41 - [MESSAGE][PASSED] - Object 'Object Repository/LoginAndRigisterUser/LoginBtn' is clickable

2021-02-16 18:00:41 - [MESSAGE][INFO] - Clicked on element with JS

2021-02-16 18:00:41 - [MESSAGE][PASSED] - customKeywords.commanFunctions.logIntoBrowser is PASSED

2021-02-16 18:00:41 - [TEST_STEP][PASSED] - customKeywords.commanFunctions.otpLogin(): customKeywords.commanFunctions.otpLogin is PASSED

2021-02-16 18:00:43 - [MESSAGE][PASSED] - Keys '0' sent to object: 'Object Repository/LoginAndRigisterUser/otpOne'

2021-02-16 18:00:45 - [MESSAGE][PASSED] - Keys '0' sent to object: 'Object Repository/LoginAndRigisterUser/otpTwo'

2021-02-16 18:00:46 - [MESSAGE][PASSED] - Keys '0' sent to object: 'Object Repository/LoginAndRigisterUser/otpThree'

2021-02-16 18:00:47 - [MESSAGE][PASSED] - Keys '0' sent to object: 'Object Repository/LoginAndRigisterUser/otpFour'

2021-02-16 18:00:48 - [MESSAGE][PASSED] - Keys '0' sent to object: 'Object Repository/LoginAndRigisterUser/otpFive'

2021-02-16 18:00:48 - [MESSAGE][INFO] - Clicked on element with JS

2021-02-16 18:00:48 - [MESSAGE][PASSED] - customKeywords.commanFunctions.otpLogin is PASSED

2021-02-16 18:00:48 - [MESSAGE][PASSED] - Call Test Case 'Test Cases/TC_Login_RegisterUserAndForgotYourPassword/CommanTCs/TC_LoginToBrowserAsAdmin' successfully

2021-02-16 18:00:48 - [TEST_STEP][PASSED] - customKeywords.commanFunctions.logOutAndcloseBrowser(): customKeywords.commanFunctions.logOutAndcloseBrowser is PASSED

2021-02-16 18:00:52 - [MESSAGE][PASSED] - Object 'Object Repository/LoginAndRigisterUser/AdminDD' is clickable

2021-02-16 18:00:53 - [MESSAGE][INFO] - Clicked on element with JS

2021-02-16 18:00:54 - [MESSAGE][INFO] - Clicked on element with JS

2021-02-16 18:00:55 - [MESSAGE][PASSED] - Delayed 1 second(s)

2021-02-16 18:00:56 - [MESSAGE][PASSED] - Browser is closed

2021-02-16 18:00:56 - [MESSAGE][PASSED] - customKeywords.commanFunctions.logOutAndcloseBrowser is PASSED]]></system-out>
         <system-err><![CDATA[]]></system-err>
      </testcase>
      <testcase name="Test Cases/TC_Login_RegisterUserAndForgotYourPassword/BasicTCs/TC_RigisterUserWithValidTestDataAndVerifyClickHereToResendEmailLink" time="30.778" classname="Test Cases/TC_Login_RegisterUserAndForgotYourPassword/BasicTCs/TC_RigisterUserWithValidTestDataAndVerifyClickHereToResendEmailLink" status="PASSED">
         <system-out><![CDATA[2021-02-16 18:00:56 - [TEST_CASE][PASSED] - Test Cases/TC_Login_RegisterUserAndForgotYourPassword/BasicTCs/TC_RigisterUserWithValidTestDataAndVerifyClickHereToResendEmailLink: Test Cases/TC_Login_RegisterUserAndForgotYourPassword/BasicTCs/TC_RigisterUserWithValidTestDataAndVerifyClickHereToResendEmailLink

2021-02-16 18:00:56 - [TEST_STEP][PASSED] - excelTestData = findTestData("Data Files/TestData/InspectTestData"): null

2021-02-16 18:00:56 - [TEST_STEP][PASSED] - clickHereToResendEmai = findTestObject("Object Repository/LoginAndRigisterUser/clickHereToResendEmai"): null

2021-02-16 18:00:56 - [TEST_STEP][PASSED] - ClickHereToResendLinkValidationMessage = excelTestData.getValue(2, 19): null

2021-02-16 18:00:56 - [TEST_STEP][PASSED] - callTestCase(findTestCase("TC_Login_RegisterUserAndForgotYourPassword/CommanTCs/TC_RigisterUserWithValidTestDataAndVerify"), null): Call Test Case 'Test Cases/TC_Login_RegisterUserAndForgotYourPassword/CommanTCs/TC_RigisterUserWithValidTestDataAndVerify' successfully

2021-02-16 18:00:56 - [TEST_CASE][PASSED] - Test Cases/TC_Login_RegisterUserAndForgotYourPassword/CommanTCs/TC_RigisterUserWithValidTestDataAndVerify: Test Cases/TC_Login_RegisterUserAndForgotYourPassword/CommanTCs/TC_RigisterUserWithValidTestDataAndVerify

2021-02-16 18:00:56 - [TEST_STEP][PASSED] - excelTestData = findTestData("Data Files/TestData/InspectTestData"): null

2021-02-16 18:00:56 - [TEST_STEP][PASSED] - obj = findTestObject("LoginAndRigisterUser/LoginLink"): null

2021-02-16 18:00:56 - [TEST_STEP][PASSED] - RigisterBtn = findTestObject("Object Repository/LoginAndRigisterUser/RegisterBtn"): null

2021-02-16 18:00:56 - [TEST_STEP][PASSED] - CheckBoxTermsAndCondition = findTestObject("Object Repository/LoginAndRigisterUser/Reg_SiteInspectTermsOfUse_CheckBox"): null

2021-02-16 18:00:56 - [TEST_STEP][PASSED] - rigisterHereLink = findTestObject("Object Repository/LoginAndRigisterUser/RigisterHere"): null

2021-02-16 18:00:56 - [TEST_STEP][PASSED] - customKeywords.commanFunctions.openBrowser(): customKeywords.commanFunctions.openBrowser is PASSED

2021-02-16 18:00:56 - [MESSAGE][INFO] - Starting 'Chrome' driver

2021-02-16 18:00:56 - [MESSAGE][INFO] - Action delay is set to 0 milliseconds

2021-02-16 18:01:06 - [MESSAGE][PASSED] - Browser is opened with url: 'https://Inspect.Stage.site.sa'

2021-02-16 18:01:08 - [MESSAGE][PASSED] - Current window maximized

2021-02-16 18:01:09 - [MESSAGE][PASSED] - Wait for page load successfully

2021-02-16 18:01:09 - [MESSAGE][PASSED] - customKeywords.commanFunctions.openBrowser is PASSED

2021-02-16 18:01:09 - [TEST_STEP][PASSED] - waitForElementClickable(findTestObject("LoginAndRigisterUser/LoginLink"), TimeOut): Object 'Object Repository/LoginAndRigisterUser/LoginLink' is clickable

2021-02-16 18:01:09 - [MESSAGE][PASSED] - Object 'Object Repository/LoginAndRigisterUser/LoginLink' is clickable

2021-02-16 18:01:09 - [TEST_STEP][PASSED] - customKeywords.commanFunctions.clickElementWithJS(obj): customKeywords.commanFunctions.clickElementWithJS is PASSED

2021-02-16 18:01:09 - [MESSAGE][INFO] - Clicked on element with JS

2021-02-16 18:01:09 - [MESSAGE][PASSED] - customKeywords.commanFunctions.clickElementWithJS is PASSED

2021-02-16 18:01:09 - [TEST_STEP][PASSED] - customKeywords.commanFunctions.clickElementWithJS(rigisterHereLink): customKeywords.commanFunctions.clickElementWithJS is PASSED

2021-02-16 18:01:10 - [MESSAGE][INFO] - Clicked on element with JS

2021-02-16 18:01:10 - [MESSAGE][PASSED] - customKeywords.commanFunctions.clickElementWithJS is PASSED

2021-02-16 18:01:10 - [TEST_STEP][PASSED] - firstName = excelTestData.getValue(2, 16): null

2021-02-16 18:01:10 - [TEST_STEP][PASSED] - lastName = excelTestData.getValue(3, 16): null

2021-02-16 18:01:10 - [TEST_STEP][PASSED] - mobileNum = excelTestData.getValue(4, 16): null

2021-02-16 18:01:10 - [TEST_STEP][PASSED] - email = excelTestData.getValue(5, 16): null

2021-02-16 18:01:10 - [TEST_STEP][PASSED] - validationMessage = excelTestData.getValue(6, 16): null

2021-02-16 18:01:10 - [TEST_STEP][PASSED] - ClickHereToResendLink = excelTestData.getValue(7, 16): null

2021-02-16 18:01:10 - [TEST_STEP][PASSED] - sendKeys(findTestObject("Object Repository/LoginAndRigisterUser/FirstName_Input"), firstName): Keys 'Ashok' sent to object: 'Object Repository/LoginAndRigisterUser/FirstName_Input'

2021-02-16 18:01:10 - [MESSAGE][PASSED] - Keys 'Ashok' sent to object: 'Object Repository/LoginAndRigisterUser/FirstName_Input'

2021-02-16 18:01:10 - [TEST_STEP][PASSED] - sendKeys(findTestObject("Object Repository/LoginAndRigisterUser/LastName_Input"), lastName): Keys 'Abdul' sent to object: 'Object Repository/LoginAndRigisterUser/LastName_Input'

2021-02-16 18:01:11 - [MESSAGE][PASSED] - Keys 'Abdul' sent to object: 'Object Repository/LoginAndRigisterUser/LastName_Input'

2021-02-16 18:01:11 - [TEST_STEP][PASSED] - RandomNum = customKeywords.commanFunctions.getRandomNumbers(): customKeywords.commanFunctions.getRandomNumbers is PASSED

2021-02-16 18:01:11 - [MESSAGE][PASSED] - customKeywords.commanFunctions.getRandomNumbers is PASSED

2021-02-16 18:01:11 - [TEST_STEP][PASSED] - mobileNumber = "0" + mobileNum + RandomNum: null

2021-02-16 18:01:11 - [TEST_STEP][PASSED] - sendKeys(findTestObject("Object Repository/LoginAndRigisterUser/MobileNumber_Input"), mobileNumber): Keys '0573434093' sent to object: 'Object Repository/LoginAndRigisterUser/MobileNumber_Input'

2021-02-16 18:01:12 - [MESSAGE][PASSED] - Keys '0573434093' sent to object: 'Object Repository/LoginAndRigisterUser/MobileNumber_Input'

2021-02-16 18:01:12 - [TEST_STEP][PASSED] - str = customKeywords.commanFunctions.getRandomAlphaString(4): customKeywords.commanFunctions.getRandomAlphaString is PASSED

2021-02-16 18:01:12 - [MESSAGE][PASSED] - customKeywords.commanFunctions.getRandomAlphaString is PASSED

2021-02-16 18:01:12 - [TEST_STEP][PASSED] - emailID = "test_" + str + "@email.com": null

2021-02-16 18:01:12 - [TEST_STEP][PASSED] - sendKeys(findTestObject("Object Repository/LoginAndRigisterUser/Reg_Email_Input"), emailID): Keys 'test_vifm@email.com' sent to object: 'Object Repository/LoginAndRigisterUser/Reg_Email_Input'

2021-02-16 18:01:12 - [MESSAGE][PASSED] - Keys 'test_vifm@email.com' sent to object: 'Object Repository/LoginAndRigisterUser/Reg_Email_Input'

2021-02-16 18:01:12 - [TEST_STEP][PASSED] - sendKeys(findTestObject("Object Repository/LoginAndRigisterUser/ReEnter_Email_Input"), emailID): Keys 'test_vifm@email.com' sent to object: 'Object Repository/LoginAndRigisterUser/ReEnter_Email_Input'

2021-02-16 18:01:13 - [MESSAGE][PASSED] - Keys 'test_vifm@email.com' sent to object: 'Object Repository/LoginAndRigisterUser/ReEnter_Email_Input'

2021-02-16 18:01:13 - [TEST_STEP][PASSED] - customKeywords.commanFunctions.clickElementWithJS(CheckBoxTermsAndCondition): customKeywords.commanFunctions.clickElementWithJS is PASSED

2021-02-16 18:01:13 - [MESSAGE][INFO] - Clicked on element with JS

2021-02-16 18:01:13 - [MESSAGE][PASSED] - customKeywords.commanFunctions.clickElementWithJS is PASSED

2021-02-16 18:01:13 - [TEST_STEP][PASSED] - customKeywords.commanFunctions.clickElementWithJS(RigisterBtn): customKeywords.commanFunctions.clickElementWithJS is PASSED

2021-02-16 18:01:14 - [MESSAGE][INFO] - Clicked on element with JS

2021-02-16 18:01:14 - [MESSAGE][PASSED] - customKeywords.commanFunctions.clickElementWithJS is PASSED

2021-02-16 18:01:14 - [TEST_STEP][PASSED] - customKeywords.commanFunctions.otpRigistration(): customKeywords.commanFunctions.otpRigistration is PASSED

2021-02-16 18:01:15 - [MESSAGE][PASSED] - Keys '0' sent to object: 'Object Repository/LoginAndRigisterUser/otpOne'

2021-02-16 18:01:16 - [MESSAGE][PASSED] - Keys '0' sent to object: 'Object Repository/LoginAndRigisterUser/otpTwo'

2021-02-16 18:01:17 - [MESSAGE][PASSED] - Keys '0' sent to object: 'Object Repository/LoginAndRigisterUser/otpThree'

2021-02-16 18:01:17 - [MESSAGE][PASSED] - Keys '0' sent to object: 'Object Repository/LoginAndRigisterUser/otpFour'

2021-02-16 18:01:18 - [MESSAGE][PASSED] - Keys '0' sent to object: 'Object Repository/LoginAndRigisterUser/otpFive'

2021-02-16 18:01:19 - [MESSAGE][INFO] - Clicked on element with JS

2021-02-16 18:01:19 - [MESSAGE][PASSED] - customKeywords.commanFunctions.otpRigistration is PASSED

2021-02-16 18:01:19 - [TEST_STEP][PASSED] - verifyTextPresent(validationMessage, false): Text 'Thank you for your registration. To verify your email, please follow the instructions sent to you by email.' is present on page 

2021-02-16 18:01:21 - [MESSAGE][PASSED] - Text 'Thank you for your registration. To verify your email, please follow the instructions sent to you by email.' is present on page 

2021-02-16 18:01:21 - [TEST_STEP][PASSED] - verifyTextPresent(ClickHereToResendLink, false): Text 'Click here to resend the email' is present on page 

2021-02-16 18:01:22 - [MESSAGE][PASSED] - Text 'Click here to resend the email' is present on page 

2021-02-16 18:01:22 - [TEST_STEP][PASSED] - delay(2): Delayed 2 second(s)

2021-02-16 18:01:24 - [MESSAGE][PASSED] - Delayed 2 second(s)

2021-02-16 18:01:24 - [MESSAGE][PASSED] - Call Test Case 'Test Cases/TC_Login_RegisterUserAndForgotYourPassword/CommanTCs/TC_RigisterUserWithValidTestDataAndVerify' successfully

2021-02-16 18:01:24 - [TEST_STEP][PASSED] - customKeywords.commanFunctions.clickElementWithJS(clickHereToResendEmai): customKeywords.commanFunctions.clickElementWithJS is PASSED

2021-02-16 18:01:24 - [MESSAGE][INFO] - Clicked on element with JS

2021-02-16 18:01:24 - [MESSAGE][PASSED] - customKeywords.commanFunctions.clickElementWithJS is PASSED

2021-02-16 18:01:24 - [TEST_STEP][PASSED] - verifyTextPresent(ClickHereToResendLinkValidationMessage, false): Text 'A verification email has been sent to your email address' is present on page 

2021-02-16 18:01:26 - [MESSAGE][PASSED] - Text 'A verification email has been sent to your email address' is present on page 

2021-02-16 18:01:26 - [TEST_STEP][PASSED] - customKeywords.commanFunctions.onlyCloseBrowser(): customKeywords.commanFunctions.onlyCloseBrowser is PASSED

2021-02-16 18:01:26 - [MESSAGE][PASSED] - Browser is closed

2021-02-16 18:01:26 - [MESSAGE][PASSED] - customKeywords.commanFunctions.onlyCloseBrowser is PASSED]]></system-out>
         <system-err><![CDATA[]]></system-err>
      </testcase>
      <testcase name="Test Cases/TC_Login_RegisterUserAndForgotYourPassword/BasicTCs/TC_RigisterUserWithValidTestDataAndVerifyValidationMsg" time="32.893" classname="Test Cases/TC_Login_RegisterUserAndForgotYourPassword/BasicTCs/TC_RigisterUserWithValidTestDataAndVerifyValidationMsg" status="PASSED">
         <system-out><![CDATA[2021-02-16 18:01:26 - [TEST_CASE][PASSED] - Test Cases/TC_Login_RegisterUserAndForgotYourPassword/BasicTCs/TC_RigisterUserWithValidTestDataAndVerifyValidationMsg: Test Cases/TC_Login_RegisterUserAndForgotYourPassword/BasicTCs/TC_RigisterUserWithValidTestDataAndVerifyValidationMsg

2021-02-16 18:01:26 - [TEST_STEP][PASSED] - callTestCase(findTestCase("TC_Login_RegisterUserAndForgotYourPassword/CommanTCs/TC_RigisterUserWithValidTestDataAndVerify"), null): Call Test Case 'Test Cases/TC_Login_RegisterUserAndForgotYourPassword/CommanTCs/TC_RigisterUserWithValidTestDataAndVerify' successfully

2021-02-16 18:01:26 - [TEST_CASE][PASSED] - Test Cases/TC_Login_RegisterUserAndForgotYourPassword/CommanTCs/TC_RigisterUserWithValidTestDataAndVerify: Test Cases/TC_Login_RegisterUserAndForgotYourPassword/CommanTCs/TC_RigisterUserWithValidTestDataAndVerify

2021-02-16 18:01:26 - [TEST_STEP][PASSED] - excelTestData = findTestData("Data Files/TestData/InspectTestData"): null

2021-02-16 18:01:26 - [TEST_STEP][PASSED] - obj = findTestObject("LoginAndRigisterUser/LoginLink"): null

2021-02-16 18:01:26 - [TEST_STEP][PASSED] - RigisterBtn = findTestObject("Object Repository/LoginAndRigisterUser/RegisterBtn"): null

2021-02-16 18:01:26 - [TEST_STEP][PASSED] - CheckBoxTermsAndCondition = findTestObject("Object Repository/LoginAndRigisterUser/Reg_SiteInspectTermsOfUse_CheckBox"): null

2021-02-16 18:01:26 - [TEST_STEP][PASSED] - rigisterHereLink = findTestObject("Object Repository/LoginAndRigisterUser/RigisterHere"): null

2021-02-16 18:01:27 - [TEST_STEP][PASSED] - customKeywords.commanFunctions.openBrowser(): customKeywords.commanFunctions.openBrowser is PASSED

2021-02-16 18:01:27 - [MESSAGE][INFO] - Starting 'Chrome' driver

2021-02-16 18:01:27 - [MESSAGE][INFO] - Action delay is set to 0 milliseconds

2021-02-16 18:01:38 - [MESSAGE][PASSED] - Browser is opened with url: 'https://Inspect.Stage.site.sa'

2021-02-16 18:01:40 - [MESSAGE][PASSED] - Current window maximized

2021-02-16 18:01:40 - [MESSAGE][PASSED] - Wait for page load successfully

2021-02-16 18:01:40 - [MESSAGE][PASSED] - customKeywords.commanFunctions.openBrowser is PASSED

2021-02-16 18:01:40 - [TEST_STEP][PASSED] - waitForElementClickable(findTestObject("LoginAndRigisterUser/LoginLink"), TimeOut): Object 'Object Repository/LoginAndRigisterUser/LoginLink' is clickable

2021-02-16 18:01:40 - [MESSAGE][PASSED] - Object 'Object Repository/LoginAndRigisterUser/LoginLink' is clickable

2021-02-16 18:01:41 - [TEST_STEP][PASSED] - customKeywords.commanFunctions.clickElementWithJS(obj): customKeywords.commanFunctions.clickElementWithJS is PASSED

2021-02-16 18:01:41 - [MESSAGE][INFO] - Clicked on element with JS

2021-02-16 18:01:41 - [MESSAGE][PASSED] - customKeywords.commanFunctions.clickElementWithJS is PASSED

2021-02-16 18:01:41 - [TEST_STEP][PASSED] - customKeywords.commanFunctions.clickElementWithJS(rigisterHereLink): customKeywords.commanFunctions.clickElementWithJS is PASSED

2021-02-16 18:01:42 - [MESSAGE][INFO] - Clicked on element with JS

2021-02-16 18:01:42 - [MESSAGE][PASSED] - customKeywords.commanFunctions.clickElementWithJS is PASSED

2021-02-16 18:01:42 - [TEST_STEP][PASSED] - firstName = excelTestData.getValue(2, 16): null

2021-02-16 18:01:42 - [TEST_STEP][PASSED] - lastName = excelTestData.getValue(3, 16): null

2021-02-16 18:01:42 - [TEST_STEP][PASSED] - mobileNum = excelTestData.getValue(4, 16): null

2021-02-16 18:01:42 - [TEST_STEP][PASSED] - email = excelTestData.getValue(5, 16): null

2021-02-16 18:01:42 - [TEST_STEP][PASSED] - validationMessage = excelTestData.getValue(6, 16): null

2021-02-16 18:01:42 - [TEST_STEP][PASSED] - ClickHereToResendLink = excelTestData.getValue(7, 16): null

2021-02-16 18:01:42 - [TEST_STEP][PASSED] - sendKeys(findTestObject("Object Repository/LoginAndRigisterUser/FirstName_Input"), firstName): Keys 'Ashok' sent to object: 'Object Repository/LoginAndRigisterUser/FirstName_Input'

2021-02-16 18:01:42 - [MESSAGE][PASSED] - Keys 'Ashok' sent to object: 'Object Repository/LoginAndRigisterUser/FirstName_Input'

2021-02-16 18:01:42 - [TEST_STEP][PASSED] - sendKeys(findTestObject("Object Repository/LoginAndRigisterUser/LastName_Input"), lastName): Keys 'Abdul' sent to object: 'Object Repository/LoginAndRigisterUser/LastName_Input'

2021-02-16 18:01:43 - [MESSAGE][PASSED] - Keys 'Abdul' sent to object: 'Object Repository/LoginAndRigisterUser/LastName_Input'

2021-02-16 18:01:43 - [TEST_STEP][PASSED] - RandomNum = customKeywords.commanFunctions.getRandomNumbers(): customKeywords.commanFunctions.getRandomNumbers is PASSED

2021-02-16 18:01:43 - [MESSAGE][PASSED] - customKeywords.commanFunctions.getRandomNumbers is PASSED

2021-02-16 18:01:43 - [TEST_STEP][PASSED] - mobileNumber = "0" + mobileNum + RandomNum: null

2021-02-16 18:01:43 - [TEST_STEP][PASSED] - sendKeys(findTestObject("Object Repository/LoginAndRigisterUser/MobileNumber_Input"), mobileNumber): Keys '0573465985' sent to object: 'Object Repository/LoginAndRigisterUser/MobileNumber_Input'

2021-02-16 18:01:43 - [MESSAGE][PASSED] - Keys '0573465985' sent to object: 'Object Repository/LoginAndRigisterUser/MobileNumber_Input'

2021-02-16 18:01:43 - [TEST_STEP][PASSED] - str = customKeywords.commanFunctions.getRandomAlphaString(4): customKeywords.commanFunctions.getRandomAlphaString is PASSED

2021-02-16 18:01:43 - [MESSAGE][PASSED] - customKeywords.commanFunctions.getRandomAlphaString is PASSED

2021-02-16 18:01:43 - [TEST_STEP][PASSED] - emailID = "test_" + str + "@email.com": null

2021-02-16 18:01:43 - [TEST_STEP][PASSED] - sendKeys(findTestObject("Object Repository/LoginAndRigisterUser/Reg_Email_Input"), emailID): Keys 'test_fmhn@email.com' sent to object: 'Object Repository/LoginAndRigisterUser/Reg_Email_Input'

2021-02-16 18:01:44 - [MESSAGE][PASSED] - Keys 'test_fmhn@email.com' sent to object: 'Object Repository/LoginAndRigisterUser/Reg_Email_Input'

2021-02-16 18:01:44 - [TEST_STEP][PASSED] - sendKeys(findTestObject("Object Repository/LoginAndRigisterUser/ReEnter_Email_Input"), emailID): Keys 'test_fmhn@email.com' sent to object: 'Object Repository/LoginAndRigisterUser/ReEnter_Email_Input'

2021-02-16 18:01:44 - [MESSAGE][PASSED] - Keys 'test_fmhn@email.com' sent to object: 'Object Repository/LoginAndRigisterUser/ReEnter_Email_Input'

2021-02-16 18:01:44 - [TEST_STEP][PASSED] - customKeywords.commanFunctions.clickElementWithJS(CheckBoxTermsAndCondition): customKeywords.commanFunctions.clickElementWithJS is PASSED

2021-02-16 18:01:45 - [MESSAGE][INFO] - Clicked on element with JS

2021-02-16 18:01:45 - [MESSAGE][PASSED] - customKeywords.commanFunctions.clickElementWithJS is PASSED

2021-02-16 18:01:45 - [TEST_STEP][PASSED] - customKeywords.commanFunctions.clickElementWithJS(RigisterBtn): customKeywords.commanFunctions.clickElementWithJS is PASSED

2021-02-16 18:01:45 - [MESSAGE][INFO] - Clicked on element with JS

2021-02-16 18:01:45 - [MESSAGE][PASSED] - customKeywords.commanFunctions.clickElementWithJS is PASSED

2021-02-16 18:01:45 - [TEST_STEP][PASSED] - customKeywords.commanFunctions.otpRigistration(): customKeywords.commanFunctions.otpRigistration is PASSED

2021-02-16 18:01:47 - [MESSAGE][PASSED] - Keys '0' sent to object: 'Object Repository/LoginAndRigisterUser/otpOne'

2021-02-16 18:01:48 - [MESSAGE][PASSED] - Keys '0' sent to object: 'Object Repository/LoginAndRigisterUser/otpTwo'

2021-02-16 18:01:49 - [MESSAGE][PASSED] - Keys '0' sent to object: 'Object Repository/LoginAndRigisterUser/otpThree'

2021-02-16 18:01:50 - [MESSAGE][PASSED] - Keys '0' sent to object: 'Object Repository/LoginAndRigisterUser/otpFour'

2021-02-16 18:01:51 - [MESSAGE][PASSED] - Keys '0' sent to object: 'Object Repository/LoginAndRigisterUser/otpFive'

2021-02-16 18:01:52 - [MESSAGE][INFO] - Clicked on element with JS

2021-02-16 18:01:52 - [MESSAGE][PASSED] - customKeywords.commanFunctions.otpRigistration is PASSED

2021-02-16 18:01:52 - [TEST_STEP][PASSED] - verifyTextPresent(validationMessage, false): Text 'Thank you for your registration. To verify your email, please follow the instructions sent to you by email.' is present on page 

2021-02-16 18:01:55 - [MESSAGE][PASSED] - Text 'Thank you for your registration. To verify your email, please follow the instructions sent to you by email.' is present on page 

2021-02-16 18:01:55 - [TEST_STEP][PASSED] - verifyTextPresent(ClickHereToResendLink, false): Text 'Click here to resend the email' is present on page 

2021-02-16 18:01:56 - [MESSAGE][PASSED] - Text 'Click here to resend the email' is present on page 

2021-02-16 18:01:56 - [TEST_STEP][PASSED] - delay(2): Delayed 2 second(s)

2021-02-16 18:01:58 - [MESSAGE][PASSED] - Delayed 2 second(s)

2021-02-16 18:01:58 - [MESSAGE][PASSED] - Call Test Case 'Test Cases/TC_Login_RegisterUserAndForgotYourPassword/CommanTCs/TC_RigisterUserWithValidTestDataAndVerify' successfully

2021-02-16 18:01:58 - [TEST_STEP][PASSED] - customKeywords.commanFunctions.onlyCloseBrowser(): customKeywords.commanFunctions.onlyCloseBrowser is PASSED

2021-02-16 18:01:59 - [MESSAGE][PASSED] - Browser is closed

2021-02-16 18:01:59 - [MESSAGE][PASSED] - customKeywords.commanFunctions.onlyCloseBrowser is PASSED]]></system-out>
         <system-err><![CDATA[]]></system-err>
      </testcase>
      <system-out><![CDATA[2021-02-16 17:58:47 - [TEST_SUITE][PASSED] - Login_Suite: Test Cases/TC_Login_RegisterUserAndForgotYourPassword/BasicTCs/TC_RigisterUserWithValidTestDataAndVerifyValidationMsg]]></system-out>
      <system-err><![CDATA[]]></system-err>
   </testsuite>
</testsuites>
