<?xml version="1.0" encoding="UTF-8"?>
<testsuites name="PublicUser_UploadFiles" time="630.776" tests="26" failures="15" skips="0" errors="0">
   <testsuite name="PublicUser_UploadFiles" tests="26" failures="15" errors="0" time="630.776" skips="0" timestamp="2021-02-18 20:29:58" hostname="ashok - OMTPGCN1132568L" id="Test Suites/Regression_Suite/PublicUser_Suite/PublicUser_UploadFiles">
      <properties>
         <property name="deviceName" value=""/>
         <property name="devicePlatform" value=""/>
         <property name="logFolder" value="E:\\Inspect\\15022021\\SiteInspectAutomation\\Reports\\20210218_202932\\Regression_Suite\\PublicUser_Suite\\PublicUser_UploadFiles\\20210218_202937"/>
         <property name="logFiles" value="E:\\Inspect\\15022021\\SiteInspectAutomation\\Reports\\20210218_202932\\Regression_Suite\\PublicUser_Suite\\PublicUser_UploadFiles\\20210218_202937\\execution0.log"/>
         <property name="attachments" value="E:\\Inspect\\15022021\\SiteInspectAutomation\\Reports\\20210218_202932\\Regression_Suite\\PublicUser_Suite\\PublicUser_UploadFiles\\20210218_202937\\1613660421529.png, E:\\Inspect\\15022021\\SiteInspectAutomation\\Reports\\20210218_202932\\Regression_Suite\\PublicUser_Suite\\PublicUser_UploadFiles\\20210218_202937\\1613660444542.png, E:\\Inspect\\15022021\\SiteInspectAutomation\\Reports\\20210218_202932\\Regression_Suite\\PublicUser_Suite\\PublicUser_UploadFiles\\20210218_202937\\1613660569938.png, E:\\Inspect\\15022021\\SiteInspectAutomation\\Reports\\20210218_202932\\Regression_Suite\\PublicUser_Suite\\PublicUser_UploadFiles\\20210218_202937\\1613660590513.png, E:\\Inspect\\15022021\\SiteInspectAutomation\\Reports\\20210218_202932\\Regression_Suite\\PublicUser_Suite\\PublicUser_UploadFiles\\20210218_202937\\1613660642839.png, E:\\Inspect\\15022021\\SiteInspectAutomation\\Reports\\20210218_202932\\Regression_Suite\\PublicUser_Suite\\PublicUser_UploadFiles\\20210218_202937\\1613660662594.png, E:\\Inspect\\15022021\\SiteInspectAutomation\\Reports\\20210218_202932\\Regression_Suite\\PublicUser_Suite\\PublicUser_UploadFiles\\20210218_202937\\1613660706207.png, E:\\Inspect\\15022021\\SiteInspectAutomation\\Reports\\20210218_202932\\Regression_Suite\\PublicUser_Suite\\PublicUser_UploadFiles\\20210218_202937\\1613660726714.png, E:\\Inspect\\15022021\\SiteInspectAutomation\\Reports\\20210218_202932\\Regression_Suite\\PublicUser_Suite\\PublicUser_UploadFiles\\20210218_202937\\1613660769139.png, E:\\Inspect\\15022021\\SiteInspectAutomation\\Reports\\20210218_202932\\Regression_Suite\\PublicUser_Suite\\PublicUser_UploadFiles\\20210218_202937\\1613660811161.png, E:\\Inspect\\15022021\\SiteInspectAutomation\\Reports\\20210218_202932\\Regression_Suite\\PublicUser_Suite\\PublicUser_UploadFiles\\20210218_202937\\1613660853165.png, E:\\Inspect\\15022021\\SiteInspectAutomation\\Reports\\20210218_202932\\Regression_Suite\\PublicUser_Suite\\PublicUser_UploadFiles\\20210218_202937\\1613660873460.png, E:\\Inspect\\15022021\\SiteInspectAutomation\\Reports\\20210218_202932\\Regression_Suite\\PublicUser_Suite\\PublicUser_UploadFiles\\20210218_202937\\1613660916438.png, E:\\Inspect\\15022021\\SiteInspectAutomation\\Reports\\20210218_202932\\Regression_Suite\\PublicUser_Suite\\PublicUser_UploadFiles\\20210218_202937\\1613660959312.png, E:\\Inspect\\15022021\\SiteInspectAutomation\\Reports\\20210218_202932\\Regression_Suite\\PublicUser_Suite\\PublicUser_UploadFiles\\20210218_202937\\1613661027158.png"/>
         <property name="hostName" value="ashok - OMTPGCN1132568L"/>
         <property name="os" value="Windows 10 64bit"/>
         <property name="katalonVersion" value="7.8.2.208"/>
         <property name="browser" value="Chrome 86.0.4240.75"/>
         <property name="hostAddress" value="192.168.1.6"/>
         <property name="sessionId" value="e56d107f825848d669adcf01706e1a10"/>
         <property name="seleniumVersion" value="3.141.59"/>
         <property name="proxyInformation" value="ProxyInformation { proxyOption=NO_PROXY, proxyServerType=HTTP, username=, password=********, proxyServerAddress=, proxyServerPort=0, executionList=&quot;&quot;, isApplyToDesiredCapabilities=true }"/>
         <property name="platform" value="Windows 10"/>
      </properties>
      <testcase name="Test Cases/UploadDiffFiles_PublicUser/TC_As a public user, Upload Adobe PhotoShop File" time="23.772" classname="Test Cases/UploadDiffFiles_PublicUser/TC_As a public user, Upload Adobe PhotoShop File" status="FAILED">
         <failure type="FAILED" message="Test Cases/UploadDiffFiles_PublicUser/TC_As a public user, Upload Adobe PhotoShop File FAILED.
Reason:
com.kms.katalon.core.exception.StepFailedException: Unable to verify text 'Adobe PhotoShop' is present 
	at com.kms.katalon.core.webui.keyword.internal.WebUIKeywordMain.stepFailed(WebUIKeywordMain.groovy:64)
	at com.kms.katalon.core.webui.keyword.internal.WebUIKeywordMain.runKeyword(WebUIKeywordMain.groovy:26)
	at com.kms.katalon.core.webui.keyword.builtin.VerifyTextPresentKeyword.verifyTextPresent(VerifyTextPresentKeyword.groovy:83)
	at com.kms.katalon.core.webui.keyword.builtin.VerifyTextPresentKeyword.execute(VerifyTextPresentKeyword.groovy:68)
	at com.kms.katalon.core.keyword.internal.KeywordExecutor.executeKeywordForPlatform(KeywordExecutor.groovy:73)
	at com.kms.katalon.core.webui.keyword.WebUiBuiltInKeywords.verifyTextPresent(WebUiBuiltInKeywords.groovy:1720)
	at com.kms.katalon.core.webui.keyword.WebUiBuiltInKeywords$verifyTextPresent$3.call(Unknown Source)
	at customKeywords.commanFunctions.UploadReqFile(commanFunctions.groovy:282)
	at customKeywords.commanFunctions.uploadFileOfPublicUser(commanFunctions.groovy:656)
	at customKeywords.commanFunctions.invokeMethod(commanFunctions.groovy)
	at com.kms.katalon.core.main.CustomKeywordDelegatingMetaClass.invokeStaticMethod(CustomKeywordDelegatingMetaClass.java:50)
	at TC_As a public user, Upload Adobe PhotoShop File.run(TC_As a public user, Upload Adobe PhotoShop File:14)
	at com.kms.katalon.core.main.ScriptEngine.run(ScriptEngine.java:194)
	at com.kms.katalon.core.main.ScriptEngine.runScriptAsRawText(ScriptEngine.java:119)
	at com.kms.katalon.core.main.TestCaseExecutor.runScript(TestCaseExecutor.java:394)
	at com.kms.katalon.core.main.TestCaseExecutor.doExecute(TestCaseExecutor.java:385)
	at com.kms.katalon.core.main.TestCaseExecutor.processExecutionPhase(TestCaseExecutor.java:364)
	at com.kms.katalon.core.main.TestCaseExecutor.accessMainPhase(TestCaseExecutor.java:356)
	at com.kms.katalon.core.main.TestCaseExecutor.execute(TestCaseExecutor.java:251)
	at com.kms.katalon.core.main.TestSuiteExecutor.accessTestCaseMainPhase(TestSuiteExecutor.java:203)
	at com.kms.katalon.core.main.TestSuiteExecutor.accessTestSuiteMainPhase(TestSuiteExecutor.java:152)
	at com.kms.katalon.core.main.TestSuiteExecutor.execute(TestSuiteExecutor.java:95)
	at com.kms.katalon.core.main.TestCaseMain.startTestSuite(TestCaseMain.java:157)
	at com.kms.katalon.core.main.TestCaseMain$startTestSuite$0.call(Unknown Source)
	at TempTestSuite1613660377298.run(TempTestSuite1613660377298.groovy:39)
Caused by: com.kms.katalon.core.exception.StepFailedException: Text 'Adobe PhotoShop' is not present on page 
	at com.kms.katalon.core.webui.keyword.internal.WebUIKeywordMain.stepFailed(WebUIKeywordMain.groovy:64)
	at com.kms.katalon.core.webui.keyword.builtin.VerifyTextPresentKeyword$_verifyTextPresent_closure1.doCall(VerifyTextPresentKeyword.groovy:79)
	at com.kms.katalon.core.webui.keyword.builtin.VerifyTextPresentKeyword$_verifyTextPresent_closure1.call(VerifyTextPresentKeyword.groovy)
	at com.kms.katalon.core.webui.keyword.internal.WebUIKeywordMain.runKeyword(WebUIKeywordMain.groovy:20)
	... 23 more
"/>
         <system-out><![CDATA[2021-02-18 20:30:00 - [TEST_CASE][FAILED] - Test Cases/UploadDiffFiles_PublicUser/TC_As a public user, Upload Adobe PhotoShop File: Test Cases/UploadDiffFiles_PublicUser/TC_As a public user, Upload Adobe PhotoShop File FAILED.
Reason:
com.kms.katalon.core.exception.StepFailedException: Unable to verify text 'Adobe PhotoShop' is present 
	at com.kms.katalon.core.webui.keyword.internal.WebUIKeywordMain.stepFailed(WebUIKeywordMain.groovy:64)
	at com.kms.katalon.core.webui.keyword.internal.WebUIKeywordMain.runKeyword(WebUIKeywordMain.groovy:26)
	at com.kms.katalon.core.webui.keyword.builtin.VerifyTextPresentKeyword.verifyTextPresent(VerifyTextPresentKeyword.groovy:83)
	at com.kms.katalon.core.webui.keyword.builtin.VerifyTextPresentKeyword.execute(VerifyTextPresentKeyword.groovy:68)
	at com.kms.katalon.core.keyword.internal.KeywordExecutor.executeKeywordForPlatform(KeywordExecutor.groovy:73)
	at com.kms.katalon.core.webui.keyword.WebUiBuiltInKeywords.verifyTextPresent(WebUiBuiltInKeywords.groovy:1720)
	at com.kms.katalon.core.webui.keyword.WebUiBuiltInKeywords$verifyTextPresent$3.call(Unknown Source)
	at customKeywords.commanFunctions.UploadReqFile(commanFunctions.groovy:282)
	at customKeywords.commanFunctions.uploadFileOfPublicUser(commanFunctions.groovy:656)
	at customKeywords.commanFunctions.invokeMethod(commanFunctions.groovy)
	at com.kms.katalon.core.main.CustomKeywordDelegatingMetaClass.invokeStaticMethod(CustomKeywordDelegatingMetaClass.java:50)
	at TC_As a public user, Upload Adobe PhotoShop File.run(TC_As a public user, Upload Adobe PhotoShop File:14)
	at com.kms.katalon.core.main.ScriptEngine.run(ScriptEngine.java:194)
	at com.kms.katalon.core.main.ScriptEngine.runScriptAsRawText(ScriptEngine.java:119)
	at com.kms.katalon.core.main.TestCaseExecutor.runScript(TestCaseExecutor.java:394)
	at com.kms.katalon.core.main.TestCaseExecutor.doExecute(TestCaseExecutor.java:385)
	at com.kms.katalon.core.main.TestCaseExecutor.processExecutionPhase(TestCaseExecutor.java:364)
	at com.kms.katalon.core.main.TestCaseExecutor.accessMainPhase(TestCaseExecutor.java:356)
	at com.kms.katalon.core.main.TestCaseExecutor.execute(TestCaseExecutor.java:251)
	at com.kms.katalon.core.main.TestSuiteExecutor.accessTestCaseMainPhase(TestSuiteExecutor.java:203)
	at com.kms.katalon.core.main.TestSuiteExecutor.accessTestSuiteMainPhase(TestSuiteExecutor.java:152)
	at com.kms.katalon.core.main.TestSuiteExecutor.execute(TestSuiteExecutor.java:95)
	at com.kms.katalon.core.main.TestCaseMain.startTestSuite(TestCaseMain.java:157)
	at com.kms.katalon.core.main.TestCaseMain$startTestSuite$0.call(Unknown Source)
	at TempTestSuite1613660377298.run(TempTestSuite1613660377298.groovy:39)
Caused by: com.kms.katalon.core.exception.StepFailedException: Text 'Adobe PhotoShop' is not present on page 
	at com.kms.katalon.core.webui.keyword.internal.WebUIKeywordMain.stepFailed(WebUIKeywordMain.groovy:64)
	at com.kms.katalon.core.webui.keyword.builtin.VerifyTextPresentKeyword$_verifyTextPresent_closure1.doCall(VerifyTextPresentKeyword.groovy:79)
	at com.kms.katalon.core.webui.keyword.builtin.VerifyTextPresentKeyword$_verifyTextPresent_closure1.call(VerifyTextPresentKeyword.groovy)
	at com.kms.katalon.core.webui.keyword.internal.WebUIKeywordMain.runKeyword(WebUIKeywordMain.groovy:20)
	... 23 more


2021-02-18 20:30:00 - [TEST_STEP][PASSED] - excelTestData = findTestData("Data Files/TestData/InspectTestData"): null

2021-02-18 20:30:00 - [TEST_STEP][PASSED] - userEmail = excelTestData.getValue(2, 23): null

2021-02-18 20:30:00 - [TEST_STEP][FAILED] - customKeywords.commanFunctions.uploadFileOfPublicUser(346, userEmail): Unable to verify text 'Adobe PhotoShop' is present 

2021-02-18 20:30:01 - [MESSAGE][INFO] - Starting 'Chrome' driver

2021-02-18 20:30:01 - [MESSAGE][INFO] - Action delay is set to 0 milliseconds

2021-02-18 20:30:12 - [MESSAGE][PASSED] - Browser is opened with url: 'https://Inspect.Stage.site.sa'

2021-02-18 20:30:14 - [MESSAGE][PASSED] - Current window maximized

2021-02-18 20:30:14 - [MESSAGE][PASSED] - Wait for page load successfully

2021-02-18 20:30:14 - [MESSAGE][PASSED] - Object: 'Object Repository/HomePage/ChooseAFile' is clicked on

2021-02-18 20:30:16 - [MESSAGE][PASSED] - Delayed 2 second(s)

2021-02-18 20:30:19 - [MESSAGE][INFO] - Image Uploaded Sucsessfully

2021-02-18 20:30:21 - [MESSAGE][PASSED] - Delayed 2 second(s)

2021-02-18 20:30:21 - [MESSAGE][FAILED] - Text 'Adobe PhotoShop' is not present on page  (Root cause: com.kms.katalon.core.exception.StepFailedException: Text 'Adobe PhotoShop' is not present on page 
	at com.kms.katalon.core.webui.keyword.internal.WebUIKeywordMain.stepFailed(WebUIKeywordMain.groovy:64)
	at com.kms.katalon.core.webui.keyword.builtin.VerifyTextPresentKeyword$_verifyTextPresent_closure1.doCall(VerifyTextPresentKeyword.groovy:79)
	at com.kms.katalon.core.webui.keyword.builtin.VerifyTextPresentKeyword$_verifyTextPresent_closure1.call(VerifyTextPresentKeyword.groovy)
	at com.kms.katalon.core.webui.keyword.internal.WebUIKeywordMain.runKeyword(WebUIKeywordMain.groovy:20)
	at com.kms.katalon.core.webui.keyword.builtin.VerifyTextPresentKeyword.verifyTextPresent(VerifyTextPresentKeyword.groovy:83)
	at com.kms.katalon.core.webui.keyword.builtin.VerifyTextPresentKeyword.execute(VerifyTextPresentKeyword.groovy:68)
	at com.kms.katalon.core.keyword.internal.KeywordExecutor.executeKeywordForPlatform(KeywordExecutor.groovy:73)
	at com.kms.katalon.core.webui.keyword.WebUiBuiltInKeywords.verifyTextPresent(WebUiBuiltInKeywords.groovy:1720)
	at com.kms.katalon.core.webui.keyword.WebUiBuiltInKeywords$verifyTextPresent$3.call(Unknown Source)
	at customKeywords.commanFunctions.UploadReqFile(commanFunctions.groovy:282)
	at customKeywords.commanFunctions.uploadFileOfPublicUser(commanFunctions.groovy:656)
	at customKeywords.commanFunctions.invokeMethod(commanFunctions.groovy)
	at com.kms.katalon.core.main.CustomKeywordDelegatingMetaClass.invokeStaticMethod(CustomKeywordDelegatingMetaClass.java:50)
	at TC_As a public user, Upload Adobe PhotoShop File.run(TC_As a public user, Upload Adobe PhotoShop File:14)
	at com.kms.katalon.core.main.ScriptEngine.run(ScriptEngine.java:194)
	at com.kms.katalon.core.main.ScriptEngine.runScriptAsRawText(ScriptEngine.java:119)
	at com.kms.katalon.core.main.TestCaseExecutor.runScript(TestCaseExecutor.java:394)
	at com.kms.katalon.core.main.TestCaseExecutor.doExecute(TestCaseExecutor.java:385)
	at com.kms.katalon.core.main.TestCaseExecutor.processExecutionPhase(TestCaseExecutor.java:364)
	at com.kms.katalon.core.main.TestCaseExecutor.accessMainPhase(TestCaseExecutor.java:356)
	at com.kms.katalon.core.main.TestCaseExecutor.execute(TestCaseExecutor.java:251)
	at com.kms.katalon.core.main.TestSuiteExecutor.accessTestCaseMainPhase(TestSuiteExecutor.java:203)
	at com.kms.katalon.core.main.TestSuiteExecutor.accessTestSuiteMainPhase(TestSuiteExecutor.java:152)
	at com.kms.katalon.core.main.TestSuiteExecutor.execute(TestSuiteExecutor.java:95)
	at com.kms.katalon.core.main.TestCaseMain.startTestSuite(TestCaseMain.java:157)
	at com.kms.katalon.core.main.TestCaseMain$startTestSuite$0.call(Unknown Source)
	at TempTestSuite1613660377298.run(TempTestSuite1613660377298.groovy:39)
)

2021-02-18 20:30:21 - [MESSAGE][FAILED] - Unable to verify text 'Adobe PhotoShop' is present  (Root cause: com.kms.katalon.core.exception.StepFailedException: Unable to verify text 'Adobe PhotoShop' is present 
	at com.kms.katalon.core.webui.keyword.internal.WebUIKeywordMain.stepFailed(WebUIKeywordMain.groovy:64)
	at com.kms.katalon.core.webui.keyword.internal.WebUIKeywordMain.runKeyword(WebUIKeywordMain.groovy:26)
	at com.kms.katalon.core.webui.keyword.builtin.VerifyTextPresentKeyword.verifyTextPresent(VerifyTextPresentKeyword.groovy:83)
	at com.kms.katalon.core.webui.keyword.builtin.VerifyTextPresentKeyword.execute(VerifyTextPresentKeyword.groovy:68)
	at com.kms.katalon.core.keyword.internal.KeywordExecutor.executeKeywordForPlatform(KeywordExecutor.groovy:73)
	at com.kms.katalon.core.webui.keyword.WebUiBuiltInKeywords.verifyTextPresent(WebUiBuiltInKeywords.groovy:1720)
	at com.kms.katalon.core.webui.keyword.WebUiBuiltInKeywords$verifyTextPresent$3.call(Unknown Source)
	at customKeywords.commanFunctions.UploadReqFile(commanFunctions.groovy:282)
	at customKeywords.commanFunctions.uploadFileOfPublicUser(commanFunctions.groovy:656)
	at customKeywords.commanFunctions.invokeMethod(commanFunctions.groovy)
	at com.kms.katalon.core.main.CustomKeywordDelegatingMetaClass.invokeStaticMethod(CustomKeywordDelegatingMetaClass.java:50)
	at TC_As a public user, Upload Adobe PhotoShop File.run(TC_As a public user, Upload Adobe PhotoShop File:14)
	at com.kms.katalon.core.main.ScriptEngine.run(ScriptEngine.java:194)
	at com.kms.katalon.core.main.ScriptEngine.runScriptAsRawText(ScriptEngine.java:119)
	at com.kms.katalon.core.main.TestCaseExecutor.runScript(TestCaseExecutor.java:394)
	at com.kms.katalon.core.main.TestCaseExecutor.doExecute(TestCaseExecutor.java:385)
	at com.kms.katalon.core.main.TestCaseExecutor.processExecutionPhase(TestCaseExecutor.java:364)
	at com.kms.katalon.core.main.TestCaseExecutor.accessMainPhase(TestCaseExecutor.java:356)
	at com.kms.katalon.core.main.TestCaseExecutor.execute(TestCaseExecutor.java:251)
	at com.kms.katalon.core.main.TestSuiteExecutor.accessTestCaseMainPhase(TestSuiteExecutor.java:203)
	at com.kms.katalon.core.main.TestSuiteExecutor.accessTestSuiteMainPhase(TestSuiteExecutor.java:152)
	at com.kms.katalon.core.main.TestSuiteExecutor.execute(TestSuiteExecutor.java:95)
	at com.kms.katalon.core.main.TestCaseMain.startTestSuite(TestCaseMain.java:157)
	at com.kms.katalon.core.main.TestCaseMain$startTestSuite$0.call(Unknown Source)
	at TempTestSuite1613660377298.run(TempTestSuite1613660377298.groovy:39)
Caused by: com.kms.katalon.core.exception.StepFailedException: Text 'Adobe PhotoShop' is not present on page 
	at com.kms.katalon.core.webui.keyword.internal.WebUIKeywordMain.stepFailed(WebUIKeywordMain.groovy:64)
	at com.kms.katalon.core.webui.keyword.builtin.VerifyTextPresentKeyword$_verifyTextPresent_closure1.doCall(VerifyTextPresentKeyword.groovy:79)
	at com.kms.katalon.core.webui.keyword.builtin.VerifyTextPresentKeyword$_verifyTextPresent_closure1.call(VerifyTextPresentKeyword.groovy)
	at com.kms.katalon.core.webui.keyword.internal.WebUIKeywordMain.runKeyword(WebUIKeywordMain.groovy:20)
	... 23 more
)
[[ATTACHMENT|E:\\Inspect\\15022021\\SiteInspectAutomation\\Reports\\20210218_202932\\Regression_Suite\\PublicUser_Suite\\PublicUser_UploadFiles\\20210218_202937\\1613660421529.png]]

2021-02-18 20:30:21 - [MESSAGE][FAILED] - Unable to verify text 'Adobe PhotoShop' is present 

2021-02-18 20:30:21 - [TEST_STEP][PASSED] - Start tear down : tearDownMethodIfFailed: Method 'tearDownMethodIfFailed' complete successfully

2021-02-18 20:30:21 - [TEST_STEP][PASSED] - customKeywords.commanFunctions.onlyCloseBrowser(): customKeywords.commanFunctions.onlyCloseBrowser is PASSED

2021-02-18 20:30:23 - [MESSAGE][PASSED] - Browser is closed

2021-02-18 20:30:23 - [MESSAGE][PASSED] - customKeywords.commanFunctions.onlyCloseBrowser is PASSED

2021-02-18 20:30:23 - [TEST_STEP][PASSED] - logInfo("[--------This is tearDownIfFailed method------]"): [--------This is tearDownIfFailed method------]

2021-02-18 20:30:23 - [MESSAGE][INFO] - [--------This is tearDownIfFailed method------]

2021-02-18 20:30:23 - [MESSAGE][PASSED] - Method 'tearDownMethodIfFailed' complete successfully]]></system-out>
         <system-err><![CDATA[2021-02-18 20:30:00 - [TEST_CASE][FAILED] - Test Cases/UploadDiffFiles_PublicUser/TC_As a public user, Upload Adobe PhotoShop File: Test Cases/UploadDiffFiles_PublicUser/TC_As a public user, Upload Adobe PhotoShop File FAILED.
Reason:
com.kms.katalon.core.exception.StepFailedException: Unable to verify text 'Adobe PhotoShop' is present 
	at com.kms.katalon.core.webui.keyword.internal.WebUIKeywordMain.stepFailed(WebUIKeywordMain.groovy:64)
	at com.kms.katalon.core.webui.keyword.internal.WebUIKeywordMain.runKeyword(WebUIKeywordMain.groovy:26)
	at com.kms.katalon.core.webui.keyword.builtin.VerifyTextPresentKeyword.verifyTextPresent(VerifyTextPresentKeyword.groovy:83)
	at com.kms.katalon.core.webui.keyword.builtin.VerifyTextPresentKeyword.execute(VerifyTextPresentKeyword.groovy:68)
	at com.kms.katalon.core.keyword.internal.KeywordExecutor.executeKeywordForPlatform(KeywordExecutor.groovy:73)
	at com.kms.katalon.core.webui.keyword.WebUiBuiltInKeywords.verifyTextPresent(WebUiBuiltInKeywords.groovy:1720)
	at com.kms.katalon.core.webui.keyword.WebUiBuiltInKeywords$verifyTextPresent$3.call(Unknown Source)
	at customKeywords.commanFunctions.UploadReqFile(commanFunctions.groovy:282)
	at customKeywords.commanFunctions.uploadFileOfPublicUser(commanFunctions.groovy:656)
	at customKeywords.commanFunctions.invokeMethod(commanFunctions.groovy)
	at com.kms.katalon.core.main.CustomKeywordDelegatingMetaClass.invokeStaticMethod(CustomKeywordDelegatingMetaClass.java:50)
	at TC_As a public user, Upload Adobe PhotoShop File.run(TC_As a public user, Upload Adobe PhotoShop File:14)
	at com.kms.katalon.core.main.ScriptEngine.run(ScriptEngine.java:194)
	at com.kms.katalon.core.main.ScriptEngine.runScriptAsRawText(ScriptEngine.java:119)
	at com.kms.katalon.core.main.TestCaseExecutor.runScript(TestCaseExecutor.java:394)
	at com.kms.katalon.core.main.TestCaseExecutor.doExecute(TestCaseExecutor.java:385)
	at com.kms.katalon.core.main.TestCaseExecutor.processExecutionPhase(TestCaseExecutor.java:364)
	at com.kms.katalon.core.main.TestCaseExecutor.accessMainPhase(TestCaseExecutor.java:356)
	at com.kms.katalon.core.main.TestCaseExecutor.execute(TestCaseExecutor.java:251)
	at com.kms.katalon.core.main.TestSuiteExecutor.accessTestCaseMainPhase(TestSuiteExecutor.java:203)
	at com.kms.katalon.core.main.TestSuiteExecutor.accessTestSuiteMainPhase(TestSuiteExecutor.java:152)
	at com.kms.katalon.core.main.TestSuiteExecutor.execute(TestSuiteExecutor.java:95)
	at com.kms.katalon.core.main.TestCaseMain.startTestSuite(TestCaseMain.java:157)
	at com.kms.katalon.core.main.TestCaseMain$startTestSuite$0.call(Unknown Source)
	at TempTestSuite1613660377298.run(TempTestSuite1613660377298.groovy:39)
Caused by: com.kms.katalon.core.exception.StepFailedException: Text 'Adobe PhotoShop' is not present on page 
	at com.kms.katalon.core.webui.keyword.internal.WebUIKeywordMain.stepFailed(WebUIKeywordMain.groovy:64)
	at com.kms.katalon.core.webui.keyword.builtin.VerifyTextPresentKeyword$_verifyTextPresent_closure1.doCall(VerifyTextPresentKeyword.groovy:79)
	at com.kms.katalon.core.webui.keyword.builtin.VerifyTextPresentKeyword$_verifyTextPresent_closure1.call(VerifyTextPresentKeyword.groovy)
	at com.kms.katalon.core.webui.keyword.internal.WebUIKeywordMain.runKeyword(WebUIKeywordMain.groovy:20)
	... 23 more]]></system-err>
      </testcase>
      <testcase name="Test Cases/UploadDiffFiles_PublicUser/TC_As a public user, Upload Basic Audio File" time="22.58" classname="Test Cases/UploadDiffFiles_PublicUser/TC_As a public user, Upload Basic Audio File" status="FAILED">
         <failure type="FAILED" message="Test Cases/UploadDiffFiles_PublicUser/TC_As a public user, Upload Basic Audio File FAILED.
Reason:
com.kms.katalon.core.exception.StepFailedException: Unable to verify text 'BasicAudio' is present 
	at com.kms.katalon.core.webui.keyword.internal.WebUIKeywordMain.stepFailed(WebUIKeywordMain.groovy:64)
	at com.kms.katalon.core.webui.keyword.internal.WebUIKeywordMain.runKeyword(WebUIKeywordMain.groovy:26)
	at com.kms.katalon.core.webui.keyword.builtin.VerifyTextPresentKeyword.verifyTextPresent(VerifyTextPresentKeyword.groovy:83)
	at com.kms.katalon.core.webui.keyword.builtin.VerifyTextPresentKeyword.execute(VerifyTextPresentKeyword.groovy:68)
	at com.kms.katalon.core.keyword.internal.KeywordExecutor.executeKeywordForPlatform(KeywordExecutor.groovy:73)
	at com.kms.katalon.core.webui.keyword.WebUiBuiltInKeywords.verifyTextPresent(WebUiBuiltInKeywords.groovy:1720)
	at com.kms.katalon.core.webui.keyword.WebUiBuiltInKeywords$verifyTextPresent$3.call(Unknown Source)
	at customKeywords.commanFunctions.UploadReqFile(commanFunctions.groovy:282)
	at customKeywords.commanFunctions.uploadFileOfPublicUser(commanFunctions.groovy:656)
	at customKeywords.commanFunctions.invokeMethod(commanFunctions.groovy)
	at com.kms.katalon.core.main.CustomKeywordDelegatingMetaClass.invokeStaticMethod(CustomKeywordDelegatingMetaClass.java:50)
	at TC_As a public user, Upload Basic Audio File.run(TC_As a public user, Upload Basic Audio File:14)
	at com.kms.katalon.core.main.ScriptEngine.run(ScriptEngine.java:194)
	at com.kms.katalon.core.main.ScriptEngine.runScriptAsRawText(ScriptEngine.java:119)
	at com.kms.katalon.core.main.TestCaseExecutor.runScript(TestCaseExecutor.java:394)
	at com.kms.katalon.core.main.TestCaseExecutor.doExecute(TestCaseExecutor.java:385)
	at com.kms.katalon.core.main.TestCaseExecutor.processExecutionPhase(TestCaseExecutor.java:364)
	at com.kms.katalon.core.main.TestCaseExecutor.accessMainPhase(TestCaseExecutor.java:356)
	at com.kms.katalon.core.main.TestCaseExecutor.execute(TestCaseExecutor.java:251)
	at com.kms.katalon.core.main.TestSuiteExecutor.accessTestCaseMainPhase(TestSuiteExecutor.java:203)
	at com.kms.katalon.core.main.TestSuiteExecutor.accessTestSuiteMainPhase(TestSuiteExecutor.java:152)
	at com.kms.katalon.core.main.TestSuiteExecutor.execute(TestSuiteExecutor.java:95)
	at com.kms.katalon.core.main.TestCaseMain.startTestSuite(TestCaseMain.java:157)
	at com.kms.katalon.core.main.TestCaseMain$startTestSuite$0.call(Unknown Source)
	at TempTestSuite1613660377298.run(TempTestSuite1613660377298.groovy:39)
Caused by: com.kms.katalon.core.exception.StepFailedException: Text 'BasicAudio' is not present on page 
	at com.kms.katalon.core.webui.keyword.internal.WebUIKeywordMain.stepFailed(WebUIKeywordMain.groovy:64)
	at com.kms.katalon.core.webui.keyword.builtin.VerifyTextPresentKeyword$_verifyTextPresent_closure1.doCall(VerifyTextPresentKeyword.groovy:79)
	at com.kms.katalon.core.webui.keyword.builtin.VerifyTextPresentKeyword$_verifyTextPresent_closure1.call(VerifyTextPresentKeyword.groovy)
	at com.kms.katalon.core.webui.keyword.internal.WebUIKeywordMain.runKeyword(WebUIKeywordMain.groovy:20)
	... 23 more
"/>
         <system-out><![CDATA[2021-02-18 20:30:23 - [TEST_CASE][FAILED] - Test Cases/UploadDiffFiles_PublicUser/TC_As a public user, Upload Basic Audio File: Test Cases/UploadDiffFiles_PublicUser/TC_As a public user, Upload Basic Audio File FAILED.
Reason:
com.kms.katalon.core.exception.StepFailedException: Unable to verify text 'BasicAudio' is present 
	at com.kms.katalon.core.webui.keyword.internal.WebUIKeywordMain.stepFailed(WebUIKeywordMain.groovy:64)
	at com.kms.katalon.core.webui.keyword.internal.WebUIKeywordMain.runKeyword(WebUIKeywordMain.groovy:26)
	at com.kms.katalon.core.webui.keyword.builtin.VerifyTextPresentKeyword.verifyTextPresent(VerifyTextPresentKeyword.groovy:83)
	at com.kms.katalon.core.webui.keyword.builtin.VerifyTextPresentKeyword.execute(VerifyTextPresentKeyword.groovy:68)
	at com.kms.katalon.core.keyword.internal.KeywordExecutor.executeKeywordForPlatform(KeywordExecutor.groovy:73)
	at com.kms.katalon.core.webui.keyword.WebUiBuiltInKeywords.verifyTextPresent(WebUiBuiltInKeywords.groovy:1720)
	at com.kms.katalon.core.webui.keyword.WebUiBuiltInKeywords$verifyTextPresent$3.call(Unknown Source)
	at customKeywords.commanFunctions.UploadReqFile(commanFunctions.groovy:282)
	at customKeywords.commanFunctions.uploadFileOfPublicUser(commanFunctions.groovy:656)
	at customKeywords.commanFunctions.invokeMethod(commanFunctions.groovy)
	at com.kms.katalon.core.main.CustomKeywordDelegatingMetaClass.invokeStaticMethod(CustomKeywordDelegatingMetaClass.java:50)
	at TC_As a public user, Upload Basic Audio File.run(TC_As a public user, Upload Basic Audio File:14)
	at com.kms.katalon.core.main.ScriptEngine.run(ScriptEngine.java:194)
	at com.kms.katalon.core.main.ScriptEngine.runScriptAsRawText(ScriptEngine.java:119)
	at com.kms.katalon.core.main.TestCaseExecutor.runScript(TestCaseExecutor.java:394)
	at com.kms.katalon.core.main.TestCaseExecutor.doExecute(TestCaseExecutor.java:385)
	at com.kms.katalon.core.main.TestCaseExecutor.processExecutionPhase(TestCaseExecutor.java:364)
	at com.kms.katalon.core.main.TestCaseExecutor.accessMainPhase(TestCaseExecutor.java:356)
	at com.kms.katalon.core.main.TestCaseExecutor.execute(TestCaseExecutor.java:251)
	at com.kms.katalon.core.main.TestSuiteExecutor.accessTestCaseMainPhase(TestSuiteExecutor.java:203)
	at com.kms.katalon.core.main.TestSuiteExecutor.accessTestSuiteMainPhase(TestSuiteExecutor.java:152)
	at com.kms.katalon.core.main.TestSuiteExecutor.execute(TestSuiteExecutor.java:95)
	at com.kms.katalon.core.main.TestCaseMain.startTestSuite(TestCaseMain.java:157)
	at com.kms.katalon.core.main.TestCaseMain$startTestSuite$0.call(Unknown Source)
	at TempTestSuite1613660377298.run(TempTestSuite1613660377298.groovy:39)
Caused by: com.kms.katalon.core.exception.StepFailedException: Text 'BasicAudio' is not present on page 
	at com.kms.katalon.core.webui.keyword.internal.WebUIKeywordMain.stepFailed(WebUIKeywordMain.groovy:64)
	at com.kms.katalon.core.webui.keyword.builtin.VerifyTextPresentKeyword$_verifyTextPresent_closure1.doCall(VerifyTextPresentKeyword.groovy:79)
	at com.kms.katalon.core.webui.keyword.builtin.VerifyTextPresentKeyword$_verifyTextPresent_closure1.call(VerifyTextPresentKeyword.groovy)
	at com.kms.katalon.core.webui.keyword.internal.WebUIKeywordMain.runKeyword(WebUIKeywordMain.groovy:20)
	... 23 more


2021-02-18 20:30:23 - [TEST_STEP][PASSED] - excelTestData = findTestData("Data Files/TestData/InspectTestData"): null

2021-02-18 20:30:23 - [TEST_STEP][PASSED] - userEmail = excelTestData.getValue(2, 23): null

2021-02-18 20:30:23 - [TEST_STEP][FAILED] - customKeywords.commanFunctions.uploadFileOfPublicUser(228, userEmail): Unable to verify text 'BasicAudio' is present 

2021-02-18 20:30:24 - [MESSAGE][INFO] - Starting 'Chrome' driver

2021-02-18 20:30:24 - [MESSAGE][INFO] - Action delay is set to 0 milliseconds

2021-02-18 20:30:35 - [MESSAGE][PASSED] - Browser is opened with url: 'https://Inspect.Stage.site.sa'

2021-02-18 20:30:37 - [MESSAGE][PASSED] - Current window maximized

2021-02-18 20:30:37 - [MESSAGE][PASSED] - Wait for page load successfully

2021-02-18 20:30:38 - [MESSAGE][PASSED] - Object: 'Object Repository/HomePage/ChooseAFile' is clicked on

2021-02-18 20:30:40 - [MESSAGE][PASSED] - Delayed 2 second(s)

2021-02-18 20:30:42 - [MESSAGE][INFO] - Image Uploaded Sucsessfully

2021-02-18 20:30:44 - [MESSAGE][PASSED] - Delayed 2 second(s)

2021-02-18 20:30:44 - [MESSAGE][FAILED] - Text 'BasicAudio' is not present on page  (Root cause: com.kms.katalon.core.exception.StepFailedException: Text 'BasicAudio' is not present on page 
	at com.kms.katalon.core.webui.keyword.internal.WebUIKeywordMain.stepFailed(WebUIKeywordMain.groovy:64)
	at com.kms.katalon.core.webui.keyword.builtin.VerifyTextPresentKeyword$_verifyTextPresent_closure1.doCall(VerifyTextPresentKeyword.groovy:79)
	at com.kms.katalon.core.webui.keyword.builtin.VerifyTextPresentKeyword$_verifyTextPresent_closure1.call(VerifyTextPresentKeyword.groovy)
	at com.kms.katalon.core.webui.keyword.internal.WebUIKeywordMain.runKeyword(WebUIKeywordMain.groovy:20)
	at com.kms.katalon.core.webui.keyword.builtin.VerifyTextPresentKeyword.verifyTextPresent(VerifyTextPresentKeyword.groovy:83)
	at com.kms.katalon.core.webui.keyword.builtin.VerifyTextPresentKeyword.execute(VerifyTextPresentKeyword.groovy:68)
	at com.kms.katalon.core.keyword.internal.KeywordExecutor.executeKeywordForPlatform(KeywordExecutor.groovy:73)
	at com.kms.katalon.core.webui.keyword.WebUiBuiltInKeywords.verifyTextPresent(WebUiBuiltInKeywords.groovy:1720)
	at com.kms.katalon.core.webui.keyword.WebUiBuiltInKeywords$verifyTextPresent$3.call(Unknown Source)
	at customKeywords.commanFunctions.UploadReqFile(commanFunctions.groovy:282)
	at customKeywords.commanFunctions.uploadFileOfPublicUser(commanFunctions.groovy:656)
	at customKeywords.commanFunctions.invokeMethod(commanFunctions.groovy)
	at com.kms.katalon.core.main.CustomKeywordDelegatingMetaClass.invokeStaticMethod(CustomKeywordDelegatingMetaClass.java:50)
	at TC_As a public user, Upload Basic Audio File.run(TC_As a public user, Upload Basic Audio File:14)
	at com.kms.katalon.core.main.ScriptEngine.run(ScriptEngine.java:194)
	at com.kms.katalon.core.main.ScriptEngine.runScriptAsRawText(ScriptEngine.java:119)
	at com.kms.katalon.core.main.TestCaseExecutor.runScript(TestCaseExecutor.java:394)
	at com.kms.katalon.core.main.TestCaseExecutor.doExecute(TestCaseExecutor.java:385)
	at com.kms.katalon.core.main.TestCaseExecutor.processExecutionPhase(TestCaseExecutor.java:364)
	at com.kms.katalon.core.main.TestCaseExecutor.accessMainPhase(TestCaseExecutor.java:356)
	at com.kms.katalon.core.main.TestCaseExecutor.execute(TestCaseExecutor.java:251)
	at com.kms.katalon.core.main.TestSuiteExecutor.accessTestCaseMainPhase(TestSuiteExecutor.java:203)
	at com.kms.katalon.core.main.TestSuiteExecutor.accessTestSuiteMainPhase(TestSuiteExecutor.java:152)
	at com.kms.katalon.core.main.TestSuiteExecutor.execute(TestSuiteExecutor.java:95)
	at com.kms.katalon.core.main.TestCaseMain.startTestSuite(TestCaseMain.java:157)
	at com.kms.katalon.core.main.TestCaseMain$startTestSuite$0.call(Unknown Source)
	at TempTestSuite1613660377298.run(TempTestSuite1613660377298.groovy:39)
)

2021-02-18 20:30:44 - [MESSAGE][FAILED] - Unable to verify text 'BasicAudio' is present  (Root cause: com.kms.katalon.core.exception.StepFailedException: Unable to verify text 'BasicAudio' is present 
	at com.kms.katalon.core.webui.keyword.internal.WebUIKeywordMain.stepFailed(WebUIKeywordMain.groovy:64)
	at com.kms.katalon.core.webui.keyword.internal.WebUIKeywordMain.runKeyword(WebUIKeywordMain.groovy:26)
	at com.kms.katalon.core.webui.keyword.builtin.VerifyTextPresentKeyword.verifyTextPresent(VerifyTextPresentKeyword.groovy:83)
	at com.kms.katalon.core.webui.keyword.builtin.VerifyTextPresentKeyword.execute(VerifyTextPresentKeyword.groovy:68)
	at com.kms.katalon.core.keyword.internal.KeywordExecutor.executeKeywordForPlatform(KeywordExecutor.groovy:73)
	at com.kms.katalon.core.webui.keyword.WebUiBuiltInKeywords.verifyTextPresent(WebUiBuiltInKeywords.groovy:1720)
	at com.kms.katalon.core.webui.keyword.WebUiBuiltInKeywords$verifyTextPresent$3.call(Unknown Source)
	at customKeywords.commanFunctions.UploadReqFile(commanFunctions.groovy:282)
	at customKeywords.commanFunctions.uploadFileOfPublicUser(commanFunctions.groovy:656)
	at customKeywords.commanFunctions.invokeMethod(commanFunctions.groovy)
	at com.kms.katalon.core.main.CustomKeywordDelegatingMetaClass.invokeStaticMethod(CustomKeywordDelegatingMetaClass.java:50)
	at TC_As a public user, Upload Basic Audio File.run(TC_As a public user, Upload Basic Audio File:14)
	at com.kms.katalon.core.main.ScriptEngine.run(ScriptEngine.java:194)
	at com.kms.katalon.core.main.ScriptEngine.runScriptAsRawText(ScriptEngine.java:119)
	at com.kms.katalon.core.main.TestCaseExecutor.runScript(TestCaseExecutor.java:394)
	at com.kms.katalon.core.main.TestCaseExecutor.doExecute(TestCaseExecutor.java:385)
	at com.kms.katalon.core.main.TestCaseExecutor.processExecutionPhase(TestCaseExecutor.java:364)
	at com.kms.katalon.core.main.TestCaseExecutor.accessMainPhase(TestCaseExecutor.java:356)
	at com.kms.katalon.core.main.TestCaseExecutor.execute(TestCaseExecutor.java:251)
	at com.kms.katalon.core.main.TestSuiteExecutor.accessTestCaseMainPhase(TestSuiteExecutor.java:203)
	at com.kms.katalon.core.main.TestSuiteExecutor.accessTestSuiteMainPhase(TestSuiteExecutor.java:152)
	at com.kms.katalon.core.main.TestSuiteExecutor.execute(TestSuiteExecutor.java:95)
	at com.kms.katalon.core.main.TestCaseMain.startTestSuite(TestCaseMain.java:157)
	at com.kms.katalon.core.main.TestCaseMain$startTestSuite$0.call(Unknown Source)
	at TempTestSuite1613660377298.run(TempTestSuite1613660377298.groovy:39)
Caused by: com.kms.katalon.core.exception.StepFailedException: Text 'BasicAudio' is not present on page 
	at com.kms.katalon.core.webui.keyword.internal.WebUIKeywordMain.stepFailed(WebUIKeywordMain.groovy:64)
	at com.kms.katalon.core.webui.keyword.builtin.VerifyTextPresentKeyword$_verifyTextPresent_closure1.doCall(VerifyTextPresentKeyword.groovy:79)
	at com.kms.katalon.core.webui.keyword.builtin.VerifyTextPresentKeyword$_verifyTextPresent_closure1.call(VerifyTextPresentKeyword.groovy)
	at com.kms.katalon.core.webui.keyword.internal.WebUIKeywordMain.runKeyword(WebUIKeywordMain.groovy:20)
	... 23 more
)
[[ATTACHMENT|E:\\Inspect\\15022021\\SiteInspectAutomation\\Reports\\20210218_202932\\Regression_Suite\\PublicUser_Suite\\PublicUser_UploadFiles\\20210218_202937\\1613660444542.png]]

2021-02-18 20:30:44 - [MESSAGE][FAILED] - Unable to verify text 'BasicAudio' is present 

2021-02-18 20:30:44 - [TEST_STEP][PASSED] - Start tear down : tearDownMethodIfFailed: Method 'tearDownMethodIfFailed' complete successfully

2021-02-18 20:30:44 - [TEST_STEP][PASSED] - customKeywords.commanFunctions.onlyCloseBrowser(): customKeywords.commanFunctions.onlyCloseBrowser is PASSED

2021-02-18 20:30:46 - [MESSAGE][PASSED] - Browser is closed

2021-02-18 20:30:46 - [MESSAGE][PASSED] - customKeywords.commanFunctions.onlyCloseBrowser is PASSED

2021-02-18 20:30:46 - [TEST_STEP][PASSED] - logInfo("[--------This is tearDownIfFailed method------]"): [--------This is tearDownIfFailed method------]

2021-02-18 20:30:46 - [MESSAGE][INFO] - [--------This is tearDownIfFailed method------]

2021-02-18 20:30:46 - [MESSAGE][PASSED] - Method 'tearDownMethodIfFailed' complete successfully]]></system-out>
         <system-err><![CDATA[2021-02-18 20:30:23 - [TEST_CASE][FAILED] - Test Cases/UploadDiffFiles_PublicUser/TC_As a public user, Upload Basic Audio File: Test Cases/UploadDiffFiles_PublicUser/TC_As a public user, Upload Basic Audio File FAILED.
Reason:
com.kms.katalon.core.exception.StepFailedException: Unable to verify text 'BasicAudio' is present 
	at com.kms.katalon.core.webui.keyword.internal.WebUIKeywordMain.stepFailed(WebUIKeywordMain.groovy:64)
	at com.kms.katalon.core.webui.keyword.internal.WebUIKeywordMain.runKeyword(WebUIKeywordMain.groovy:26)
	at com.kms.katalon.core.webui.keyword.builtin.VerifyTextPresentKeyword.verifyTextPresent(VerifyTextPresentKeyword.groovy:83)
	at com.kms.katalon.core.webui.keyword.builtin.VerifyTextPresentKeyword.execute(VerifyTextPresentKeyword.groovy:68)
	at com.kms.katalon.core.keyword.internal.KeywordExecutor.executeKeywordForPlatform(KeywordExecutor.groovy:73)
	at com.kms.katalon.core.webui.keyword.WebUiBuiltInKeywords.verifyTextPresent(WebUiBuiltInKeywords.groovy:1720)
	at com.kms.katalon.core.webui.keyword.WebUiBuiltInKeywords$verifyTextPresent$3.call(Unknown Source)
	at customKeywords.commanFunctions.UploadReqFile(commanFunctions.groovy:282)
	at customKeywords.commanFunctions.uploadFileOfPublicUser(commanFunctions.groovy:656)
	at customKeywords.commanFunctions.invokeMethod(commanFunctions.groovy)
	at com.kms.katalon.core.main.CustomKeywordDelegatingMetaClass.invokeStaticMethod(CustomKeywordDelegatingMetaClass.java:50)
	at TC_As a public user, Upload Basic Audio File.run(TC_As a public user, Upload Basic Audio File:14)
	at com.kms.katalon.core.main.ScriptEngine.run(ScriptEngine.java:194)
	at com.kms.katalon.core.main.ScriptEngine.runScriptAsRawText(ScriptEngine.java:119)
	at com.kms.katalon.core.main.TestCaseExecutor.runScript(TestCaseExecutor.java:394)
	at com.kms.katalon.core.main.TestCaseExecutor.doExecute(TestCaseExecutor.java:385)
	at com.kms.katalon.core.main.TestCaseExecutor.processExecutionPhase(TestCaseExecutor.java:364)
	at com.kms.katalon.core.main.TestCaseExecutor.accessMainPhase(TestCaseExecutor.java:356)
	at com.kms.katalon.core.main.TestCaseExecutor.execute(TestCaseExecutor.java:251)
	at com.kms.katalon.core.main.TestSuiteExecutor.accessTestCaseMainPhase(TestSuiteExecutor.java:203)
	at com.kms.katalon.core.main.TestSuiteExecutor.accessTestSuiteMainPhase(TestSuiteExecutor.java:152)
	at com.kms.katalon.core.main.TestSuiteExecutor.execute(TestSuiteExecutor.java:95)
	at com.kms.katalon.core.main.TestCaseMain.startTestSuite(TestCaseMain.java:157)
	at com.kms.katalon.core.main.TestCaseMain$startTestSuite$0.call(Unknown Source)
	at TempTestSuite1613660377298.run(TempTestSuite1613660377298.groovy:39)
Caused by: com.kms.katalon.core.exception.StepFailedException: Text 'BasicAudio' is not present on page 
	at com.kms.katalon.core.webui.keyword.internal.WebUIKeywordMain.stepFailed(WebUIKeywordMain.groovy:64)
	at com.kms.katalon.core.webui.keyword.builtin.VerifyTextPresentKeyword$_verifyTextPresent_closure1.doCall(VerifyTextPresentKeyword.groovy:79)
	at com.kms.katalon.core.webui.keyword.builtin.VerifyTextPresentKeyword$_verifyTextPresent_closure1.call(VerifyTextPresentKeyword.groovy)
	at com.kms.katalon.core.webui.keyword.internal.WebUIKeywordMain.runKeyword(WebUIKeywordMain.groovy:20)
	... 23 more]]></system-err>
      </testcase>
      <testcase name="Test Cases/UploadDiffFiles_PublicUser/TC_As a public user, Upload CSV File" time="23.91" classname="Test Cases/UploadDiffFiles_PublicUser/TC_As a public user, Upload CSV File" status="PASSED">
         <system-out><![CDATA[2021-02-18 20:30:46 - [TEST_CASE][PASSED] - Test Cases/UploadDiffFiles_PublicUser/TC_As a public user, Upload CSV File: Test Cases/UploadDiffFiles_PublicUser/TC_As a public user, Upload CSV File

2021-02-18 20:30:46 - [TEST_STEP][PASSED] - excelTestData = findTestData("Data Files/TestData/InspectTestData"): null

2021-02-18 20:30:46 - [TEST_STEP][PASSED] - userEmail = excelTestData.getValue(2, 23): null

2021-02-18 20:30:46 - [TEST_STEP][PASSED] - customKeywords.commanFunctions.uploadFileOfPublicUser(176, userEmail): customKeywords.commanFunctions.uploadFileOfPublicUser is PASSED

2021-02-18 20:30:46 - [MESSAGE][INFO] - Starting 'Chrome' driver

2021-02-18 20:30:46 - [MESSAGE][INFO] - Action delay is set to 0 milliseconds

2021-02-18 20:30:57 - [MESSAGE][PASSED] - Browser is opened with url: 'https://Inspect.Stage.site.sa'

2021-02-18 20:30:59 - [MESSAGE][PASSED] - Current window maximized

2021-02-18 20:30:59 - [MESSAGE][PASSED] - Wait for page load successfully

2021-02-18 20:31:00 - [MESSAGE][PASSED] - Object: 'Object Repository/HomePage/ChooseAFile' is clicked on

2021-02-18 20:31:02 - [MESSAGE][PASSED] - Delayed 2 second(s)

2021-02-18 20:31:04 - [MESSAGE][INFO] - Image Uploaded Sucsessfully

2021-02-18 20:31:06 - [MESSAGE][PASSED] - Delayed 2 second(s)

2021-02-18 20:31:06 - [MESSAGE][PASSED] - Text 'SampleCSVFile' is present on page 

2021-02-18 20:31:06 - [MESSAGE][PASSED] - Keys 'Os-ARahman@projects.site.sa' sent to object: 'Object Repository/PublicUserHomePage/email_Input'

2021-02-18 20:31:07 - [MESSAGE][PASSED] - Object: 'Object Repository/PublicUserHomePage/SiteInspectTermsOfUse_CheckBox' is clicked on

2021-02-18 20:31:07 - [MESSAGE][PASSED] - Object: 'Object Repository/HomePage/startAnalysis_EnableBtn' is clicked on

2021-02-18 20:31:09 - [MESSAGE][PASSED] - Text 'Your submission was successful
The analysis results will be delivered to you via email' is present on page 

2021-02-18 20:31:09 - [MESSAGE][PASSED] - customKeywords.commanFunctions.uploadFileOfPublicUser is PASSED

2021-02-18 20:31:09 - [TEST_STEP][PASSED] - customKeywords.commanFunctions.onlyCloseBrowser(): customKeywords.commanFunctions.onlyCloseBrowser is PASSED

2021-02-18 20:31:10 - [MESSAGE][PASSED] - Browser is closed

2021-02-18 20:31:10 - [MESSAGE][PASSED] - customKeywords.commanFunctions.onlyCloseBrowser is PASSED]]></system-out>
         <system-err><![CDATA[]]></system-err>
      </testcase>
      <testcase name="Test Cases/UploadDiffFiles_PublicUser/TC_As a public user, Upload Exe File" time="25.956" classname="Test Cases/UploadDiffFiles_PublicUser/TC_As a public user, Upload Exe File" status="PASSED">
         <system-out><![CDATA[2021-02-18 20:31:10 - [TEST_CASE][PASSED] - Test Cases/UploadDiffFiles_PublicUser/TC_As a public user, Upload Exe File: Test Cases/UploadDiffFiles_PublicUser/TC_As a public user, Upload Exe File

2021-02-18 20:31:10 - [TEST_STEP][PASSED] - excelTestData = findTestData("Data Files/TestData/InspectTestData"): null

2021-02-18 20:31:10 - [TEST_STEP][PASSED] - userEmail = excelTestData.getValue(2, 23): null

2021-02-18 20:31:10 - [TEST_STEP][PASSED] - customKeywords.commanFunctions.uploadFileOfPublicUser(172, userEmail): customKeywords.commanFunctions.uploadFileOfPublicUser is PASSED

2021-02-18 20:31:11 - [MESSAGE][INFO] - Starting 'Chrome' driver

2021-02-18 20:31:11 - [MESSAGE][INFO] - Action delay is set to 0 milliseconds

2021-02-18 20:31:21 - [MESSAGE][PASSED] - Browser is opened with url: 'https://Inspect.Stage.site.sa'

2021-02-18 20:31:23 - [MESSAGE][PASSED] - Current window maximized

2021-02-18 20:31:23 - [MESSAGE][PASSED] - Wait for page load successfully

2021-02-18 20:31:24 - [MESSAGE][PASSED] - Object: 'Object Repository/HomePage/ChooseAFile' is clicked on

2021-02-18 20:31:26 - [MESSAGE][PASSED] - Delayed 2 second(s)

2021-02-18 20:31:28 - [MESSAGE][INFO] - Image Uploaded Sucsessfully

2021-02-18 20:31:30 - [MESSAGE][PASSED] - Delayed 2 second(s)

2021-02-18 20:31:30 - [MESSAGE][PASSED] - Text 'readerdc_en_ka_cra_install' is present on page 

2021-02-18 20:31:31 - [MESSAGE][PASSED] - Keys 'Os-ARahman@projects.site.sa' sent to object: 'Object Repository/PublicUserHomePage/email_Input'

2021-02-18 20:31:31 - [MESSAGE][PASSED] - Object: 'Object Repository/PublicUserHomePage/SiteInspectTermsOfUse_CheckBox' is clicked on

2021-02-18 20:31:32 - [MESSAGE][PASSED] - Object: 'Object Repository/HomePage/startAnalysis_EnableBtn' is clicked on

2021-02-18 20:31:35 - [MESSAGE][PASSED] - Text 'Your submission was successful
The analysis results will be delivered to you via email' is present on page 

2021-02-18 20:31:35 - [MESSAGE][PASSED] - customKeywords.commanFunctions.uploadFileOfPublicUser is PASSED

2021-02-18 20:31:35 - [TEST_STEP][PASSED] - customKeywords.commanFunctions.onlyCloseBrowser(): customKeywords.commanFunctions.onlyCloseBrowser is PASSED

2021-02-18 20:31:36 - [MESSAGE][PASSED] - Browser is closed

2021-02-18 20:31:36 - [MESSAGE][PASSED] - customKeywords.commanFunctions.onlyCloseBrowser is PASSED]]></system-out>
         <system-err><![CDATA[]]></system-err>
      </testcase>
      <testcase name="Test Cases/UploadDiffFiles_PublicUser/TC_As a public user, Upload Graphics Interchange Format File" time="23.085" classname="Test Cases/UploadDiffFiles_PublicUser/TC_As a public user, Upload Graphics Interchange Format File" status="PASSED">
         <system-out><![CDATA[2021-02-18 20:31:36 - [TEST_CASE][PASSED] - Test Cases/UploadDiffFiles_PublicUser/TC_As a public user, Upload Graphics Interchange Format File: Test Cases/UploadDiffFiles_PublicUser/TC_As a public user, Upload Graphics Interchange Format File

2021-02-18 20:31:36 - [TEST_STEP][PASSED] - excelTestData = findTestData("Data Files/TestData/InspectTestData"): null

2021-02-18 20:31:36 - [TEST_STEP][PASSED] - userEmail = excelTestData.getValue(2, 23): null

2021-02-18 20:31:36 - [TEST_STEP][PASSED] - customKeywords.commanFunctions.uploadFileOfPublicUser(252, userEmail): customKeywords.commanFunctions.uploadFileOfPublicUser is PASSED

2021-02-18 20:31:36 - [MESSAGE][INFO] - Starting 'Chrome' driver

2021-02-18 20:31:36 - [MESSAGE][INFO] - Action delay is set to 0 milliseconds

2021-02-18 20:31:46 - [MESSAGE][PASSED] - Browser is opened with url: 'https://Inspect.Stage.site.sa'

2021-02-18 20:31:48 - [MESSAGE][PASSED] - Current window maximized

2021-02-18 20:31:48 - [MESSAGE][PASSED] - Wait for page load successfully

2021-02-18 20:31:49 - [MESSAGE][PASSED] - Object: 'Object Repository/HomePage/ChooseAFile' is clicked on

2021-02-18 20:31:51 - [MESSAGE][PASSED] - Delayed 2 second(s)

2021-02-18 20:31:53 - [MESSAGE][INFO] - Image Uploaded Sucsessfully

2021-02-18 20:31:55 - [MESSAGE][PASSED] - Delayed 2 second(s)

2021-02-18 20:31:55 - [MESSAGE][PASSED] - Text 'Graphics Interchange Format.gif' is present on page 

2021-02-18 20:31:55 - [MESSAGE][PASSED] - Keys 'Os-ARahman@projects.site.sa' sent to object: 'Object Repository/PublicUserHomePage/email_Input'

2021-02-18 20:31:56 - [MESSAGE][PASSED] - Object: 'Object Repository/PublicUserHomePage/SiteInspectTermsOfUse_CheckBox' is clicked on

2021-02-18 20:31:56 - [MESSAGE][PASSED] - Object: 'Object Repository/HomePage/startAnalysis_EnableBtn' is clicked on

2021-02-18 20:31:58 - [MESSAGE][PASSED] - Text 'Your submission was successful
The analysis results will be delivered to you via email' is present on page 

2021-02-18 20:31:58 - [MESSAGE][PASSED] - customKeywords.commanFunctions.uploadFileOfPublicUser is PASSED

2021-02-18 20:31:58 - [TEST_STEP][PASSED] - customKeywords.commanFunctions.onlyCloseBrowser(): customKeywords.commanFunctions.onlyCloseBrowser is PASSED

2021-02-18 20:31:59 - [MESSAGE][PASSED] - Browser is closed

2021-02-18 20:31:59 - [MESSAGE][PASSED] - customKeywords.commanFunctions.onlyCloseBrowser is PASSED]]></system-out>
         <system-err><![CDATA[]]></system-err>
      </testcase>
      <testcase name="Test Cases/UploadDiffFiles_PublicUser/TC_As a public user, Upload Jar File" time="51.828" classname="Test Cases/UploadDiffFiles_PublicUser/TC_As a public user, Upload Jar File" status="FAILED">
         <failure type="FAILED" message="Test Cases/UploadDiffFiles_PublicUser/TC_As a public user, Upload Jar File FAILED.
Reason:
com.kms.katalon.core.exception.StepFailedException: Unable to click on object 'Object Repository/HomePage/startAnalysis_EnableBtn'
	at com.kms.katalon.core.webui.keyword.internal.WebUIKeywordMain.stepFailed(WebUIKeywordMain.groovy:64)
	at com.kms.katalon.core.webui.keyword.internal.WebUIKeywordMain.runKeyword(WebUIKeywordMain.groovy:26)
	at com.kms.katalon.core.webui.keyword.builtin.ClickKeyword.click(ClickKeyword.groovy:76)
	at com.kms.katalon.core.webui.keyword.builtin.ClickKeyword.execute(ClickKeyword.groovy:43)
	at com.kms.katalon.core.keyword.internal.KeywordExecutor.executeKeywordForPlatform(KeywordExecutor.groovy:73)
	at com.kms.katalon.core.webui.keyword.WebUiBuiltInKeywords.click(WebUiBuiltInKeywords.groovy:617)
	at com.kms.katalon.core.webui.keyword.WebUiBuiltInKeywords$click$2.call(Unknown Source)
	at customKeywords.commanFunctions.uploadFileOfPublicUser(commanFunctions.groovy:662)
	at customKeywords.commanFunctions.invokeMethod(commanFunctions.groovy)
	at com.kms.katalon.core.main.CustomKeywordDelegatingMetaClass.invokeStaticMethod(CustomKeywordDelegatingMetaClass.java:50)
	at TC_As a public user, Upload Jar File.run(TC_As a public user, Upload Jar File:14)
	at com.kms.katalon.core.main.ScriptEngine.run(ScriptEngine.java:194)
	at com.kms.katalon.core.main.ScriptEngine.runScriptAsRawText(ScriptEngine.java:119)
	at com.kms.katalon.core.main.TestCaseExecutor.runScript(TestCaseExecutor.java:394)
	at com.kms.katalon.core.main.TestCaseExecutor.doExecute(TestCaseExecutor.java:385)
	at com.kms.katalon.core.main.TestCaseExecutor.processExecutionPhase(TestCaseExecutor.java:364)
	at com.kms.katalon.core.main.TestCaseExecutor.accessMainPhase(TestCaseExecutor.java:356)
	at com.kms.katalon.core.main.TestCaseExecutor.execute(TestCaseExecutor.java:251)
	at com.kms.katalon.core.main.TestSuiteExecutor.accessTestCaseMainPhase(TestSuiteExecutor.java:203)
	at com.kms.katalon.core.main.TestSuiteExecutor.accessTestSuiteMainPhase(TestSuiteExecutor.java:152)
	at com.kms.katalon.core.main.TestSuiteExecutor.execute(TestSuiteExecutor.java:95)
	at com.kms.katalon.core.main.TestCaseMain.startTestSuite(TestCaseMain.java:157)
	at com.kms.katalon.core.main.TestCaseMain$startTestSuite$0.call(Unknown Source)
	at TempTestSuite1613660377298.run(TempTestSuite1613660377298.groovy:39)
Caused by: com.kms.katalon.core.webui.exception.WebElementNotFoundException: Web element with id: 'Object Repository/HomePage/startAnalysis_EnableBtn' located by '//*[@class='mt-5 ant-btn ant-btn-primary ant-btn-block']' not found
	at com.kms.katalon.core.webui.common.WebUiCommonHelper.findWebElement(WebUiCommonHelper.java:1369)
	at com.kms.katalon.core.webui.keyword.internal.WebUIAbstractKeyword.findWebElement(WebUIAbstractKeyword.groovy:27)
	at com.kms.katalon.core.webui.keyword.internal.WebUIAbstractKeyword.findWebElement(WebUIAbstractKeyword.groovy:26)
	at com.kms.katalon.core.webui.keyword.builtin.ClickKeyword$_click_closure1.doCall(ClickKeyword.groovy:67)
	at com.kms.katalon.core.webui.keyword.builtin.ClickKeyword$_click_closure1.call(ClickKeyword.groovy)
	at com.kms.katalon.core.webui.keyword.internal.WebUIKeywordMain.runKeyword(WebUIKeywordMain.groovy:20)
	... 22 more
"/>
         <system-out><![CDATA[2021-02-18 20:31:59 - [TEST_CASE][FAILED] - Test Cases/UploadDiffFiles_PublicUser/TC_As a public user, Upload Jar File: Test Cases/UploadDiffFiles_PublicUser/TC_As a public user, Upload Jar File FAILED.
Reason:
com.kms.katalon.core.exception.StepFailedException: Unable to click on object 'Object Repository/HomePage/startAnalysis_EnableBtn'
	at com.kms.katalon.core.webui.keyword.internal.WebUIKeywordMain.stepFailed(WebUIKeywordMain.groovy:64)
	at com.kms.katalon.core.webui.keyword.internal.WebUIKeywordMain.runKeyword(WebUIKeywordMain.groovy:26)
	at com.kms.katalon.core.webui.keyword.builtin.ClickKeyword.click(ClickKeyword.groovy:76)
	at com.kms.katalon.core.webui.keyword.builtin.ClickKeyword.execute(ClickKeyword.groovy:43)
	at com.kms.katalon.core.keyword.internal.KeywordExecutor.executeKeywordForPlatform(KeywordExecutor.groovy:73)
	at com.kms.katalon.core.webui.keyword.WebUiBuiltInKeywords.click(WebUiBuiltInKeywords.groovy:617)
	at com.kms.katalon.core.webui.keyword.WebUiBuiltInKeywords$click$2.call(Unknown Source)
	at customKeywords.commanFunctions.uploadFileOfPublicUser(commanFunctions.groovy:662)
	at customKeywords.commanFunctions.invokeMethod(commanFunctions.groovy)
	at com.kms.katalon.core.main.CustomKeywordDelegatingMetaClass.invokeStaticMethod(CustomKeywordDelegatingMetaClass.java:50)
	at TC_As a public user, Upload Jar File.run(TC_As a public user, Upload Jar File:14)
	at com.kms.katalon.core.main.ScriptEngine.run(ScriptEngine.java:194)
	at com.kms.katalon.core.main.ScriptEngine.runScriptAsRawText(ScriptEngine.java:119)
	at com.kms.katalon.core.main.TestCaseExecutor.runScript(TestCaseExecutor.java:394)
	at com.kms.katalon.core.main.TestCaseExecutor.doExecute(TestCaseExecutor.java:385)
	at com.kms.katalon.core.main.TestCaseExecutor.processExecutionPhase(TestCaseExecutor.java:364)
	at com.kms.katalon.core.main.TestCaseExecutor.accessMainPhase(TestCaseExecutor.java:356)
	at com.kms.katalon.core.main.TestCaseExecutor.execute(TestCaseExecutor.java:251)
	at com.kms.katalon.core.main.TestSuiteExecutor.accessTestCaseMainPhase(TestSuiteExecutor.java:203)
	at com.kms.katalon.core.main.TestSuiteExecutor.accessTestSuiteMainPhase(TestSuiteExecutor.java:152)
	at com.kms.katalon.core.main.TestSuiteExecutor.execute(TestSuiteExecutor.java:95)
	at com.kms.katalon.core.main.TestCaseMain.startTestSuite(TestCaseMain.java:157)
	at com.kms.katalon.core.main.TestCaseMain$startTestSuite$0.call(Unknown Source)
	at TempTestSuite1613660377298.run(TempTestSuite1613660377298.groovy:39)
Caused by: com.kms.katalon.core.webui.exception.WebElementNotFoundException: Web element with id: 'Object Repository/HomePage/startAnalysis_EnableBtn' located by '//*[@class='mt-5 ant-btn ant-btn-primary ant-btn-block']' not found
	at com.kms.katalon.core.webui.common.WebUiCommonHelper.findWebElement(WebUiCommonHelper.java:1369)
	at com.kms.katalon.core.webui.keyword.internal.WebUIAbstractKeyword.findWebElement(WebUIAbstractKeyword.groovy:27)
	at com.kms.katalon.core.webui.keyword.internal.WebUIAbstractKeyword.findWebElement(WebUIAbstractKeyword.groovy:26)
	at com.kms.katalon.core.webui.keyword.builtin.ClickKeyword$_click_closure1.doCall(ClickKeyword.groovy:67)
	at com.kms.katalon.core.webui.keyword.builtin.ClickKeyword$_click_closure1.call(ClickKeyword.groovy)
	at com.kms.katalon.core.webui.keyword.internal.WebUIKeywordMain.runKeyword(WebUIKeywordMain.groovy:20)
	... 22 more


2021-02-18 20:31:59 - [TEST_STEP][PASSED] - excelTestData = findTestData("Data Files/TestData/InspectTestData"): null

2021-02-18 20:31:59 - [TEST_STEP][PASSED] - userEmail = excelTestData.getValue(2, 23): null

2021-02-18 20:31:59 - [TEST_STEP][FAILED] - customKeywords.commanFunctions.uploadFileOfPublicUser(160, userEmail): Unable to click on object 'Object Repository/HomePage/startAnalysis_EnableBtn'

2021-02-18 20:31:59 - [MESSAGE][INFO] - Starting 'Chrome' driver

2021-02-18 20:31:59 - [MESSAGE][INFO] - Action delay is set to 0 milliseconds

2021-02-18 20:32:08 - [MESSAGE][PASSED] - Browser is opened with url: 'https://Inspect.Stage.site.sa'

2021-02-18 20:32:11 - [MESSAGE][PASSED] - Current window maximized

2021-02-18 20:32:11 - [MESSAGE][PASSED] - Wait for page load successfully

2021-02-18 20:32:11 - [MESSAGE][PASSED] - Object: 'Object Repository/HomePage/ChooseAFile' is clicked on

2021-02-18 20:32:13 - [MESSAGE][PASSED] - Delayed 2 second(s)

2021-02-18 20:32:15 - [MESSAGE][INFO] - Image Uploaded Sucsessfully

2021-02-18 20:32:17 - [MESSAGE][PASSED] - Delayed 2 second(s)

2021-02-18 20:32:17 - [MESSAGE][PASSED] - Text 'commonsCode' is present on page 

2021-02-18 20:32:18 - [MESSAGE][PASSED] - Keys 'Os-ARahman@projects.site.sa' sent to object: 'Object Repository/PublicUserHomePage/email_Input'

2021-02-18 20:32:18 - [MESSAGE][PASSED] - Object: 'Object Repository/PublicUserHomePage/SiteInspectTermsOfUse_CheckBox' is clicked on

2021-02-18 20:32:49 - [MESSAGE][INFO] - Unable to find the element located by 'By.xpath: //*[@class='mt-5 ant-btn ant-btn-primary ant-btn-block']'. Please recheck the objects properties to make sure the desired element is located. 

2021-02-18 20:32:49 - [MESSAGE][WARNING] - [SELF-HEALING] Failed to find element with id 'Object Repository/HomePage/startAnalysis_EnableBtn'. Try using Self-healing.

2021-02-18 20:32:49 - [MESSAGE][ERROR] - [SELF-HEALING] java.lang.IllegalStateException: Expected BEGIN_OBJECT but was STRING at line 1 column 1 path $

2021-02-18 20:32:49 - [MESSAGE][WARNING] - [SELF-HEALING] Cannot find elements when the XPath is null.

2021-02-18 20:32:49 - [MESSAGE][WARNING] - [SELF-HEALING] Cannot find elements when the selector is null

2021-02-18 20:32:50 - [MESSAGE][FAILED] - Unable to click on object 'Object Repository/HomePage/startAnalysis_EnableBtn' (Root cause: com.kms.katalon.core.exception.StepFailedException: Unable to click on object 'Object Repository/HomePage/startAnalysis_EnableBtn'
	at com.kms.katalon.core.webui.keyword.internal.WebUIKeywordMain.stepFailed(WebUIKeywordMain.groovy:64)
	at com.kms.katalon.core.webui.keyword.internal.WebUIKeywordMain.runKeyword(WebUIKeywordMain.groovy:26)
	at com.kms.katalon.core.webui.keyword.builtin.ClickKeyword.click(ClickKeyword.groovy:76)
	at com.kms.katalon.core.webui.keyword.builtin.ClickKeyword.execute(ClickKeyword.groovy:43)
	at com.kms.katalon.core.keyword.internal.KeywordExecutor.executeKeywordForPlatform(KeywordExecutor.groovy:73)
	at com.kms.katalon.core.webui.keyword.WebUiBuiltInKeywords.click(WebUiBuiltInKeywords.groovy:617)
	at com.kms.katalon.core.webui.keyword.WebUiBuiltInKeywords$click$2.call(Unknown Source)
	at customKeywords.commanFunctions.uploadFileOfPublicUser(commanFunctions.groovy:662)
	at customKeywords.commanFunctions.invokeMethod(commanFunctions.groovy)
	at com.kms.katalon.core.main.CustomKeywordDelegatingMetaClass.invokeStaticMethod(CustomKeywordDelegatingMetaClass.java:50)
	at TC_As a public user, Upload Jar File.run(TC_As a public user, Upload Jar File:14)
	at com.kms.katalon.core.main.ScriptEngine.run(ScriptEngine.java:194)
	at com.kms.katalon.core.main.ScriptEngine.runScriptAsRawText(ScriptEngine.java:119)
	at com.kms.katalon.core.main.TestCaseExecutor.runScript(TestCaseExecutor.java:394)
	at com.kms.katalon.core.main.TestCaseExecutor.doExecute(TestCaseExecutor.java:385)
	at com.kms.katalon.core.main.TestCaseExecutor.processExecutionPhase(TestCaseExecutor.java:364)
	at com.kms.katalon.core.main.TestCaseExecutor.accessMainPhase(TestCaseExecutor.java:356)
	at com.kms.katalon.core.main.TestCaseExecutor.execute(TestCaseExecutor.java:251)
	at com.kms.katalon.core.main.TestSuiteExecutor.accessTestCaseMainPhase(TestSuiteExecutor.java:203)
	at com.kms.katalon.core.main.TestSuiteExecutor.accessTestSuiteMainPhase(TestSuiteExecutor.java:152)
	at com.kms.katalon.core.main.TestSuiteExecutor.execute(TestSuiteExecutor.java:95)
	at com.kms.katalon.core.main.TestCaseMain.startTestSuite(TestCaseMain.java:157)
	at com.kms.katalon.core.main.TestCaseMain$startTestSuite$0.call(Unknown Source)
	at TempTestSuite1613660377298.run(TempTestSuite1613660377298.groovy:39)
Caused by: com.kms.katalon.core.webui.exception.WebElementNotFoundException: Web element with id: 'Object Repository/HomePage/startAnalysis_EnableBtn' located by '//*[@class='mt-5 ant-btn ant-btn-primary ant-btn-block']' not found
	at com.kms.katalon.core.webui.common.WebUiCommonHelper.findWebElement(WebUiCommonHelper.java:1369)
	at com.kms.katalon.core.webui.keyword.internal.WebUIAbstractKeyword.findWebElement(WebUIAbstractKeyword.groovy:27)
	at com.kms.katalon.core.webui.keyword.internal.WebUIAbstractKeyword.findWebElement(WebUIAbstractKeyword.groovy:26)
	at com.kms.katalon.core.webui.keyword.builtin.ClickKeyword$_click_closure1.doCall(ClickKeyword.groovy:67)
	at com.kms.katalon.core.webui.keyword.builtin.ClickKeyword$_click_closure1.call(ClickKeyword.groovy)
	at com.kms.katalon.core.webui.keyword.internal.WebUIKeywordMain.runKeyword(WebUIKeywordMain.groovy:20)
	at com.kms.katalon.core.webui.keyword.builtin.ClickKeyword.click(ClickKeyword.groovy:76)
	at com.kms.katalon.core.webui.keyword.builtin.ClickKeyword.execute(ClickKeyword.groovy:43)
	at com.kms.katalon.core.keyword.internal.KeywordExecutor.executeKeywordForPlatform(KeywordExecutor.groovy:73)
	at com.kms.katalon.core.webui.keyword.WebUiBuiltInKeywords.click(WebUiBuiltInKeywords.groovy:617)
	at com.kms.katalon.core.webui.keyword.WebUiBuiltInKeywords$click$2.call(Unknown Source)
	at customKeywords.commanFunctions.uploadFileOfPublicUser(commanFunctions.groovy:662)
	at customKeywords.commanFunctions.invokeMethod(commanFunctions.groovy)
	at com.kms.katalon.core.main.CustomKeywordDelegatingMetaClass.invokeStaticMethod(CustomKeywordDelegatingMetaClass.java:50)
	at Script1613218017952.run(Script1613218017952.groovy:14)
	... 13 more
)
[[ATTACHMENT|E:\\Inspect\\15022021\\SiteInspectAutomation\\Reports\\20210218_202932\\Regression_Suite\\PublicUser_Suite\\PublicUser_UploadFiles\\20210218_202937\\1613660569938.png]]

2021-02-18 20:32:50 - [MESSAGE][FAILED] - Unable to click on object 'Object Repository/HomePage/startAnalysis_EnableBtn'

2021-02-18 20:32:50 - [TEST_STEP][PASSED] - Start tear down : tearDownMethodIfFailed: Method 'tearDownMethodIfFailed' complete successfully

2021-02-18 20:32:50 - [TEST_STEP][PASSED] - customKeywords.commanFunctions.onlyCloseBrowser(): customKeywords.commanFunctions.onlyCloseBrowser is PASSED

2021-02-18 20:32:51 - [MESSAGE][PASSED] - Browser is closed

2021-02-18 20:32:51 - [MESSAGE][PASSED] - customKeywords.commanFunctions.onlyCloseBrowser is PASSED

2021-02-18 20:32:51 - [TEST_STEP][PASSED] - logInfo("[--------This is tearDownIfFailed method------]"): [--------This is tearDownIfFailed method------]

2021-02-18 20:32:51 - [MESSAGE][INFO] - [--------This is tearDownIfFailed method------]

2021-02-18 20:32:51 - [MESSAGE][PASSED] - Method 'tearDownMethodIfFailed' complete successfully]]></system-out>
         <system-err><![CDATA[2021-02-18 20:31:59 - [TEST_CASE][FAILED] - Test Cases/UploadDiffFiles_PublicUser/TC_As a public user, Upload Jar File: Test Cases/UploadDiffFiles_PublicUser/TC_As a public user, Upload Jar File FAILED.
Reason:
com.kms.katalon.core.exception.StepFailedException: Unable to click on object 'Object Repository/HomePage/startAnalysis_EnableBtn'
	at com.kms.katalon.core.webui.keyword.internal.WebUIKeywordMain.stepFailed(WebUIKeywordMain.groovy:64)
	at com.kms.katalon.core.webui.keyword.internal.WebUIKeywordMain.runKeyword(WebUIKeywordMain.groovy:26)
	at com.kms.katalon.core.webui.keyword.builtin.ClickKeyword.click(ClickKeyword.groovy:76)
	at com.kms.katalon.core.webui.keyword.builtin.ClickKeyword.execute(ClickKeyword.groovy:43)
	at com.kms.katalon.core.keyword.internal.KeywordExecutor.executeKeywordForPlatform(KeywordExecutor.groovy:73)
	at com.kms.katalon.core.webui.keyword.WebUiBuiltInKeywords.click(WebUiBuiltInKeywords.groovy:617)
	at com.kms.katalon.core.webui.keyword.WebUiBuiltInKeywords$click$2.call(Unknown Source)
	at customKeywords.commanFunctions.uploadFileOfPublicUser(commanFunctions.groovy:662)
	at customKeywords.commanFunctions.invokeMethod(commanFunctions.groovy)
	at com.kms.katalon.core.main.CustomKeywordDelegatingMetaClass.invokeStaticMethod(CustomKeywordDelegatingMetaClass.java:50)
	at TC_As a public user, Upload Jar File.run(TC_As a public user, Upload Jar File:14)
	at com.kms.katalon.core.main.ScriptEngine.run(ScriptEngine.java:194)
	at com.kms.katalon.core.main.ScriptEngine.runScriptAsRawText(ScriptEngine.java:119)
	at com.kms.katalon.core.main.TestCaseExecutor.runScript(TestCaseExecutor.java:394)
	at com.kms.katalon.core.main.TestCaseExecutor.doExecute(TestCaseExecutor.java:385)
	at com.kms.katalon.core.main.TestCaseExecutor.processExecutionPhase(TestCaseExecutor.java:364)
	at com.kms.katalon.core.main.TestCaseExecutor.accessMainPhase(TestCaseExecutor.java:356)
	at com.kms.katalon.core.main.TestCaseExecutor.execute(TestCaseExecutor.java:251)
	at com.kms.katalon.core.main.TestSuiteExecutor.accessTestCaseMainPhase(TestSuiteExecutor.java:203)
	at com.kms.katalon.core.main.TestSuiteExecutor.accessTestSuiteMainPhase(TestSuiteExecutor.java:152)
	at com.kms.katalon.core.main.TestSuiteExecutor.execute(TestSuiteExecutor.java:95)
	at com.kms.katalon.core.main.TestCaseMain.startTestSuite(TestCaseMain.java:157)
	at com.kms.katalon.core.main.TestCaseMain$startTestSuite$0.call(Unknown Source)
	at TempTestSuite1613660377298.run(TempTestSuite1613660377298.groovy:39)
Caused by: com.kms.katalon.core.webui.exception.WebElementNotFoundException: Web element with id: 'Object Repository/HomePage/startAnalysis_EnableBtn' located by '//*[@class='mt-5 ant-btn ant-btn-primary ant-btn-block']' not found
	at com.kms.katalon.core.webui.common.WebUiCommonHelper.findWebElement(WebUiCommonHelper.java:1369)
	at com.kms.katalon.core.webui.keyword.internal.WebUIAbstractKeyword.findWebElement(WebUIAbstractKeyword.groovy:27)
	at com.kms.katalon.core.webui.keyword.internal.WebUIAbstractKeyword.findWebElement(WebUIAbstractKeyword.groovy:26)
	at com.kms.katalon.core.webui.keyword.builtin.ClickKeyword$_click_closure1.doCall(ClickKeyword.groovy:67)
	at com.kms.katalon.core.webui.keyword.builtin.ClickKeyword$_click_closure1.call(ClickKeyword.groovy)
	at com.kms.katalon.core.webui.keyword.internal.WebUIKeywordMain.runKeyword(WebUIKeywordMain.groovy:20)
	... 22 more]]></system-err>
      </testcase>
      <testcase name="Test Cases/UploadDiffFiles_PublicUser/TC_As a public user, Upload Java File" time="21.146" classname="Test Cases/UploadDiffFiles_PublicUser/TC_As a public user, Upload Java File" status="FAILED">
         <failure type="FAILED" message="Test Cases/UploadDiffFiles_PublicUser/TC_As a public user, Upload Java File FAILED.
Reason:
com.kms.katalon.core.exception.StepFailedException: Unable to verify text 'sampleExcel' is present 
	at com.kms.katalon.core.webui.keyword.internal.WebUIKeywordMain.stepFailed(WebUIKeywordMain.groovy:64)
	at com.kms.katalon.core.webui.keyword.internal.WebUIKeywordMain.runKeyword(WebUIKeywordMain.groovy:26)
	at com.kms.katalon.core.webui.keyword.builtin.VerifyTextPresentKeyword.verifyTextPresent(VerifyTextPresentKeyword.groovy:83)
	at com.kms.katalon.core.webui.keyword.builtin.VerifyTextPresentKeyword.execute(VerifyTextPresentKeyword.groovy:68)
	at com.kms.katalon.core.keyword.internal.KeywordExecutor.executeKeywordForPlatform(KeywordExecutor.groovy:73)
	at com.kms.katalon.core.webui.keyword.WebUiBuiltInKeywords.verifyTextPresent(WebUiBuiltInKeywords.groovy:1720)
	at com.kms.katalon.core.webui.keyword.WebUiBuiltInKeywords$verifyTextPresent$3.call(Unknown Source)
	at customKeywords.commanFunctions.UploadReqFile(commanFunctions.groovy:282)
	at customKeywords.commanFunctions.uploadFileOfPublicUser(commanFunctions.groovy:656)
	at customKeywords.commanFunctions.invokeMethod(commanFunctions.groovy)
	at com.kms.katalon.core.main.CustomKeywordDelegatingMetaClass.invokeStaticMethod(CustomKeywordDelegatingMetaClass.java:50)
	at TC_As a public user, Upload Java File.run(TC_As a public user, Upload Java File:14)
	at com.kms.katalon.core.main.ScriptEngine.run(ScriptEngine.java:194)
	at com.kms.katalon.core.main.ScriptEngine.runScriptAsRawText(ScriptEngine.java:119)
	at com.kms.katalon.core.main.TestCaseExecutor.runScript(TestCaseExecutor.java:394)
	at com.kms.katalon.core.main.TestCaseExecutor.doExecute(TestCaseExecutor.java:385)
	at com.kms.katalon.core.main.TestCaseExecutor.processExecutionPhase(TestCaseExecutor.java:364)
	at com.kms.katalon.core.main.TestCaseExecutor.accessMainPhase(TestCaseExecutor.java:356)
	at com.kms.katalon.core.main.TestCaseExecutor.execute(TestCaseExecutor.java:251)
	at com.kms.katalon.core.main.TestSuiteExecutor.accessTestCaseMainPhase(TestSuiteExecutor.java:203)
	at com.kms.katalon.core.main.TestSuiteExecutor.accessTestSuiteMainPhase(TestSuiteExecutor.java:152)
	at com.kms.katalon.core.main.TestSuiteExecutor.execute(TestSuiteExecutor.java:95)
	at com.kms.katalon.core.main.TestCaseMain.startTestSuite(TestCaseMain.java:157)
	at com.kms.katalon.core.main.TestCaseMain$startTestSuite$0.call(Unknown Source)
	at TempTestSuite1613660377298.run(TempTestSuite1613660377298.groovy:39)
Caused by: com.kms.katalon.core.exception.StepFailedException: Text 'sampleExcel' is not present on page 
	at com.kms.katalon.core.webui.keyword.internal.WebUIKeywordMain.stepFailed(WebUIKeywordMain.groovy:64)
	at com.kms.katalon.core.webui.keyword.builtin.VerifyTextPresentKeyword$_verifyTextPresent_closure1.doCall(VerifyTextPresentKeyword.groovy:79)
	at com.kms.katalon.core.webui.keyword.builtin.VerifyTextPresentKeyword$_verifyTextPresent_closure1.call(VerifyTextPresentKeyword.groovy)
	at com.kms.katalon.core.webui.keyword.internal.WebUIKeywordMain.runKeyword(WebUIKeywordMain.groovy:20)
	... 23 more
"/>
         <system-out><![CDATA[2021-02-18 20:32:51 - [TEST_CASE][FAILED] - Test Cases/UploadDiffFiles_PublicUser/TC_As a public user, Upload Java File: Test Cases/UploadDiffFiles_PublicUser/TC_As a public user, Upload Java File FAILED.
Reason:
com.kms.katalon.core.exception.StepFailedException: Unable to verify text 'sampleExcel' is present 
	at com.kms.katalon.core.webui.keyword.internal.WebUIKeywordMain.stepFailed(WebUIKeywordMain.groovy:64)
	at com.kms.katalon.core.webui.keyword.internal.WebUIKeywordMain.runKeyword(WebUIKeywordMain.groovy:26)
	at com.kms.katalon.core.webui.keyword.builtin.VerifyTextPresentKeyword.verifyTextPresent(VerifyTextPresentKeyword.groovy:83)
	at com.kms.katalon.core.webui.keyword.builtin.VerifyTextPresentKeyword.execute(VerifyTextPresentKeyword.groovy:68)
	at com.kms.katalon.core.keyword.internal.KeywordExecutor.executeKeywordForPlatform(KeywordExecutor.groovy:73)
	at com.kms.katalon.core.webui.keyword.WebUiBuiltInKeywords.verifyTextPresent(WebUiBuiltInKeywords.groovy:1720)
	at com.kms.katalon.core.webui.keyword.WebUiBuiltInKeywords$verifyTextPresent$3.call(Unknown Source)
	at customKeywords.commanFunctions.UploadReqFile(commanFunctions.groovy:282)
	at customKeywords.commanFunctions.uploadFileOfPublicUser(commanFunctions.groovy:656)
	at customKeywords.commanFunctions.invokeMethod(commanFunctions.groovy)
	at com.kms.katalon.core.main.CustomKeywordDelegatingMetaClass.invokeStaticMethod(CustomKeywordDelegatingMetaClass.java:50)
	at TC_As a public user, Upload Java File.run(TC_As a public user, Upload Java File:14)
	at com.kms.katalon.core.main.ScriptEngine.run(ScriptEngine.java:194)
	at com.kms.katalon.core.main.ScriptEngine.runScriptAsRawText(ScriptEngine.java:119)
	at com.kms.katalon.core.main.TestCaseExecutor.runScript(TestCaseExecutor.java:394)
	at com.kms.katalon.core.main.TestCaseExecutor.doExecute(TestCaseExecutor.java:385)
	at com.kms.katalon.core.main.TestCaseExecutor.processExecutionPhase(TestCaseExecutor.java:364)
	at com.kms.katalon.core.main.TestCaseExecutor.accessMainPhase(TestCaseExecutor.java:356)
	at com.kms.katalon.core.main.TestCaseExecutor.execute(TestCaseExecutor.java:251)
	at com.kms.katalon.core.main.TestSuiteExecutor.accessTestCaseMainPhase(TestSuiteExecutor.java:203)
	at com.kms.katalon.core.main.TestSuiteExecutor.accessTestSuiteMainPhase(TestSuiteExecutor.java:152)
	at com.kms.katalon.core.main.TestSuiteExecutor.execute(TestSuiteExecutor.java:95)
	at com.kms.katalon.core.main.TestCaseMain.startTestSuite(TestCaseMain.java:157)
	at com.kms.katalon.core.main.TestCaseMain$startTestSuite$0.call(Unknown Source)
	at TempTestSuite1613660377298.run(TempTestSuite1613660377298.groovy:39)
Caused by: com.kms.katalon.core.exception.StepFailedException: Text 'sampleExcel' is not present on page 
	at com.kms.katalon.core.webui.keyword.internal.WebUIKeywordMain.stepFailed(WebUIKeywordMain.groovy:64)
	at com.kms.katalon.core.webui.keyword.builtin.VerifyTextPresentKeyword$_verifyTextPresent_closure1.doCall(VerifyTextPresentKeyword.groovy:79)
	at com.kms.katalon.core.webui.keyword.builtin.VerifyTextPresentKeyword$_verifyTextPresent_closure1.call(VerifyTextPresentKeyword.groovy)
	at com.kms.katalon.core.webui.keyword.internal.WebUIKeywordMain.runKeyword(WebUIKeywordMain.groovy:20)
	... 23 more


2021-02-18 20:32:51 - [TEST_STEP][PASSED] - excelTestData = findTestData("Data Files/TestData/InspectTestData"): null

2021-02-18 20:32:51 - [TEST_STEP][PASSED] - userEmail = excelTestData.getValue(2, 23): null

2021-02-18 20:32:51 - [TEST_STEP][FAILED] - customKeywords.commanFunctions.uploadFileOfPublicUser(180, userEmail): Unable to verify text 'sampleExcel' is present 

2021-02-18 20:32:51 - [MESSAGE][INFO] - Starting 'Chrome' driver

2021-02-18 20:32:51 - [MESSAGE][INFO] - Action delay is set to 0 milliseconds

2021-02-18 20:33:01 - [MESSAGE][PASSED] - Browser is opened with url: 'https://Inspect.Stage.site.sa'

2021-02-18 20:33:03 - [MESSAGE][PASSED] - Current window maximized

2021-02-18 20:33:03 - [MESSAGE][PASSED] - Wait for page load successfully

2021-02-18 20:33:04 - [MESSAGE][PASSED] - Object: 'Object Repository/HomePage/ChooseAFile' is clicked on

2021-02-18 20:33:06 - [MESSAGE][PASSED] - Delayed 2 second(s)

2021-02-18 20:33:08 - [MESSAGE][INFO] - Image Uploaded Sucsessfully

2021-02-18 20:33:10 - [MESSAGE][PASSED] - Delayed 2 second(s)

2021-02-18 20:33:10 - [MESSAGE][FAILED] - Text 'sampleExcel' is not present on page  (Root cause: com.kms.katalon.core.exception.StepFailedException: Text 'sampleExcel' is not present on page 
	at com.kms.katalon.core.webui.keyword.internal.WebUIKeywordMain.stepFailed(WebUIKeywordMain.groovy:64)
	at com.kms.katalon.core.webui.keyword.builtin.VerifyTextPresentKeyword$_verifyTextPresent_closure1.doCall(VerifyTextPresentKeyword.groovy:79)
	at com.kms.katalon.core.webui.keyword.builtin.VerifyTextPresentKeyword$_verifyTextPresent_closure1.call(VerifyTextPresentKeyword.groovy)
	at com.kms.katalon.core.webui.keyword.internal.WebUIKeywordMain.runKeyword(WebUIKeywordMain.groovy:20)
	at com.kms.katalon.core.webui.keyword.builtin.VerifyTextPresentKeyword.verifyTextPresent(VerifyTextPresentKeyword.groovy:83)
	at com.kms.katalon.core.webui.keyword.builtin.VerifyTextPresentKeyword.execute(VerifyTextPresentKeyword.groovy:68)
	at com.kms.katalon.core.keyword.internal.KeywordExecutor.executeKeywordForPlatform(KeywordExecutor.groovy:73)
	at com.kms.katalon.core.webui.keyword.WebUiBuiltInKeywords.verifyTextPresent(WebUiBuiltInKeywords.groovy:1720)
	at com.kms.katalon.core.webui.keyword.WebUiBuiltInKeywords$verifyTextPresent$3.call(Unknown Source)
	at customKeywords.commanFunctions.UploadReqFile(commanFunctions.groovy:282)
	at customKeywords.commanFunctions.uploadFileOfPublicUser(commanFunctions.groovy:656)
	at customKeywords.commanFunctions.invokeMethod(commanFunctions.groovy)
	at com.kms.katalon.core.main.CustomKeywordDelegatingMetaClass.invokeStaticMethod(CustomKeywordDelegatingMetaClass.java:50)
	at TC_As a public user, Upload Java File.run(TC_As a public user, Upload Java File:14)
	at com.kms.katalon.core.main.ScriptEngine.run(ScriptEngine.java:194)
	at com.kms.katalon.core.main.ScriptEngine.runScriptAsRawText(ScriptEngine.java:119)
	at com.kms.katalon.core.main.TestCaseExecutor.runScript(TestCaseExecutor.java:394)
	at com.kms.katalon.core.main.TestCaseExecutor.doExecute(TestCaseExecutor.java:385)
	at com.kms.katalon.core.main.TestCaseExecutor.processExecutionPhase(TestCaseExecutor.java:364)
	at com.kms.katalon.core.main.TestCaseExecutor.accessMainPhase(TestCaseExecutor.java:356)
	at com.kms.katalon.core.main.TestCaseExecutor.execute(TestCaseExecutor.java:251)
	at com.kms.katalon.core.main.TestSuiteExecutor.accessTestCaseMainPhase(TestSuiteExecutor.java:203)
	at com.kms.katalon.core.main.TestSuiteExecutor.accessTestSuiteMainPhase(TestSuiteExecutor.java:152)
	at com.kms.katalon.core.main.TestSuiteExecutor.execute(TestSuiteExecutor.java:95)
	at com.kms.katalon.core.main.TestCaseMain.startTestSuite(TestCaseMain.java:157)
	at com.kms.katalon.core.main.TestCaseMain$startTestSuite$0.call(Unknown Source)
	at TempTestSuite1613660377298.run(TempTestSuite1613660377298.groovy:39)
)

2021-02-18 20:33:10 - [MESSAGE][FAILED] - Unable to verify text 'sampleExcel' is present  (Root cause: com.kms.katalon.core.exception.StepFailedException: Unable to verify text 'sampleExcel' is present 
	at com.kms.katalon.core.webui.keyword.internal.WebUIKeywordMain.stepFailed(WebUIKeywordMain.groovy:64)
	at com.kms.katalon.core.webui.keyword.internal.WebUIKeywordMain.runKeyword(WebUIKeywordMain.groovy:26)
	at com.kms.katalon.core.webui.keyword.builtin.VerifyTextPresentKeyword.verifyTextPresent(VerifyTextPresentKeyword.groovy:83)
	at com.kms.katalon.core.webui.keyword.builtin.VerifyTextPresentKeyword.execute(VerifyTextPresentKeyword.groovy:68)
	at com.kms.katalon.core.keyword.internal.KeywordExecutor.executeKeywordForPlatform(KeywordExecutor.groovy:73)
	at com.kms.katalon.core.webui.keyword.WebUiBuiltInKeywords.verifyTextPresent(WebUiBuiltInKeywords.groovy:1720)
	at com.kms.katalon.core.webui.keyword.WebUiBuiltInKeywords$verifyTextPresent$3.call(Unknown Source)
	at customKeywords.commanFunctions.UploadReqFile(commanFunctions.groovy:282)
	at customKeywords.commanFunctions.uploadFileOfPublicUser(commanFunctions.groovy:656)
	at customKeywords.commanFunctions.invokeMethod(commanFunctions.groovy)
	at com.kms.katalon.core.main.CustomKeywordDelegatingMetaClass.invokeStaticMethod(CustomKeywordDelegatingMetaClass.java:50)
	at TC_As a public user, Upload Java File.run(TC_As a public user, Upload Java File:14)
	at com.kms.katalon.core.main.ScriptEngine.run(ScriptEngine.java:194)
	at com.kms.katalon.core.main.ScriptEngine.runScriptAsRawText(ScriptEngine.java:119)
	at com.kms.katalon.core.main.TestCaseExecutor.runScript(TestCaseExecutor.java:394)
	at com.kms.katalon.core.main.TestCaseExecutor.doExecute(TestCaseExecutor.java:385)
	at com.kms.katalon.core.main.TestCaseExecutor.processExecutionPhase(TestCaseExecutor.java:364)
	at com.kms.katalon.core.main.TestCaseExecutor.accessMainPhase(TestCaseExecutor.java:356)
	at com.kms.katalon.core.main.TestCaseExecutor.execute(TestCaseExecutor.java:251)
	at com.kms.katalon.core.main.TestSuiteExecutor.accessTestCaseMainPhase(TestSuiteExecutor.java:203)
	at com.kms.katalon.core.main.TestSuiteExecutor.accessTestSuiteMainPhase(TestSuiteExecutor.java:152)
	at com.kms.katalon.core.main.TestSuiteExecutor.execute(TestSuiteExecutor.java:95)
	at com.kms.katalon.core.main.TestCaseMain.startTestSuite(TestCaseMain.java:157)
	at com.kms.katalon.core.main.TestCaseMain$startTestSuite$0.call(Unknown Source)
	at TempTestSuite1613660377298.run(TempTestSuite1613660377298.groovy:39)
Caused by: com.kms.katalon.core.exception.StepFailedException: Text 'sampleExcel' is not present on page 
	at com.kms.katalon.core.webui.keyword.internal.WebUIKeywordMain.stepFailed(WebUIKeywordMain.groovy:64)
	at com.kms.katalon.core.webui.keyword.builtin.VerifyTextPresentKeyword$_verifyTextPresent_closure1.doCall(VerifyTextPresentKeyword.groovy:79)
	at com.kms.katalon.core.webui.keyword.builtin.VerifyTextPresentKeyword$_verifyTextPresent_closure1.call(VerifyTextPresentKeyword.groovy)
	at com.kms.katalon.core.webui.keyword.internal.WebUIKeywordMain.runKeyword(WebUIKeywordMain.groovy:20)
	... 23 more
)
[[ATTACHMENT|E:\\Inspect\\15022021\\SiteInspectAutomation\\Reports\\20210218_202932\\Regression_Suite\\PublicUser_Suite\\PublicUser_UploadFiles\\20210218_202937\\1613660590513.png]]

2021-02-18 20:33:10 - [MESSAGE][FAILED] - Unable to verify text 'sampleExcel' is present 

2021-02-18 20:33:10 - [TEST_STEP][PASSED] - Start tear down : tearDownMethodIfFailed: Method 'tearDownMethodIfFailed' complete successfully

2021-02-18 20:33:10 - [TEST_STEP][PASSED] - customKeywords.commanFunctions.onlyCloseBrowser(): customKeywords.commanFunctions.onlyCloseBrowser is PASSED

2021-02-18 20:33:12 - [MESSAGE][PASSED] - Browser is closed

2021-02-18 20:33:12 - [MESSAGE][PASSED] - customKeywords.commanFunctions.onlyCloseBrowser is PASSED

2021-02-18 20:33:12 - [TEST_STEP][PASSED] - logInfo("[--------This is tearDownIfFailed method------]"): [--------This is tearDownIfFailed method------]

2021-02-18 20:33:12 - [MESSAGE][INFO] - [--------This is tearDownIfFailed method------]

2021-02-18 20:33:12 - [MESSAGE][PASSED] - Method 'tearDownMethodIfFailed' complete successfully]]></system-out>
         <system-err><![CDATA[2021-02-18 20:32:51 - [TEST_CASE][FAILED] - Test Cases/UploadDiffFiles_PublicUser/TC_As a public user, Upload Java File: Test Cases/UploadDiffFiles_PublicUser/TC_As a public user, Upload Java File FAILED.
Reason:
com.kms.katalon.core.exception.StepFailedException: Unable to verify text 'sampleExcel' is present 
	at com.kms.katalon.core.webui.keyword.internal.WebUIKeywordMain.stepFailed(WebUIKeywordMain.groovy:64)
	at com.kms.katalon.core.webui.keyword.internal.WebUIKeywordMain.runKeyword(WebUIKeywordMain.groovy:26)
	at com.kms.katalon.core.webui.keyword.builtin.VerifyTextPresentKeyword.verifyTextPresent(VerifyTextPresentKeyword.groovy:83)
	at com.kms.katalon.core.webui.keyword.builtin.VerifyTextPresentKeyword.execute(VerifyTextPresentKeyword.groovy:68)
	at com.kms.katalon.core.keyword.internal.KeywordExecutor.executeKeywordForPlatform(KeywordExecutor.groovy:73)
	at com.kms.katalon.core.webui.keyword.WebUiBuiltInKeywords.verifyTextPresent(WebUiBuiltInKeywords.groovy:1720)
	at com.kms.katalon.core.webui.keyword.WebUiBuiltInKeywords$verifyTextPresent$3.call(Unknown Source)
	at customKeywords.commanFunctions.UploadReqFile(commanFunctions.groovy:282)
	at customKeywords.commanFunctions.uploadFileOfPublicUser(commanFunctions.groovy:656)
	at customKeywords.commanFunctions.invokeMethod(commanFunctions.groovy)
	at com.kms.katalon.core.main.CustomKeywordDelegatingMetaClass.invokeStaticMethod(CustomKeywordDelegatingMetaClass.java:50)
	at TC_As a public user, Upload Java File.run(TC_As a public user, Upload Java File:14)
	at com.kms.katalon.core.main.ScriptEngine.run(ScriptEngine.java:194)
	at com.kms.katalon.core.main.ScriptEngine.runScriptAsRawText(ScriptEngine.java:119)
	at com.kms.katalon.core.main.TestCaseExecutor.runScript(TestCaseExecutor.java:394)
	at com.kms.katalon.core.main.TestCaseExecutor.doExecute(TestCaseExecutor.java:385)
	at com.kms.katalon.core.main.TestCaseExecutor.processExecutionPhase(TestCaseExecutor.java:364)
	at com.kms.katalon.core.main.TestCaseExecutor.accessMainPhase(TestCaseExecutor.java:356)
	at com.kms.katalon.core.main.TestCaseExecutor.execute(TestCaseExecutor.java:251)
	at com.kms.katalon.core.main.TestSuiteExecutor.accessTestCaseMainPhase(TestSuiteExecutor.java:203)
	at com.kms.katalon.core.main.TestSuiteExecutor.accessTestSuiteMainPhase(TestSuiteExecutor.java:152)
	at com.kms.katalon.core.main.TestSuiteExecutor.execute(TestSuiteExecutor.java:95)
	at com.kms.katalon.core.main.TestCaseMain.startTestSuite(TestCaseMain.java:157)
	at com.kms.katalon.core.main.TestCaseMain$startTestSuite$0.call(Unknown Source)
	at TempTestSuite1613660377298.run(TempTestSuite1613660377298.groovy:39)
Caused by: com.kms.katalon.core.exception.StepFailedException: Text 'sampleExcel' is not present on page 
	at com.kms.katalon.core.webui.keyword.internal.WebUIKeywordMain.stepFailed(WebUIKeywordMain.groovy:64)
	at com.kms.katalon.core.webui.keyword.builtin.VerifyTextPresentKeyword$_verifyTextPresent_closure1.doCall(VerifyTextPresentKeyword.groovy:79)
	at com.kms.katalon.core.webui.keyword.builtin.VerifyTextPresentKeyword$_verifyTextPresent_closure1.call(VerifyTextPresentKeyword.groovy)
	at com.kms.katalon.core.webui.keyword.internal.WebUIKeywordMain.runKeyword(WebUIKeywordMain.groovy:20)
	... 23 more]]></system-err>
      </testcase>
      <testcase name="Test Cases/UploadDiffFiles_PublicUser/TC_As a public user, Upload JPEG graphic File" time="51.914" classname="Test Cases/UploadDiffFiles_PublicUser/TC_As a public user, Upload JPEG graphic File" status="FAILED">
         <failure type="FAILED" message="Test Cases/UploadDiffFiles_PublicUser/TC_As a public user, Upload JPEG graphic File FAILED.
Reason:
com.kms.katalon.core.exception.StepFailedException: Unable to click on object 'Object Repository/HomePage/startAnalysis_EnableBtn'
	at com.kms.katalon.core.webui.keyword.internal.WebUIKeywordMain.stepFailed(WebUIKeywordMain.groovy:64)
	at com.kms.katalon.core.webui.keyword.internal.WebUIKeywordMain.runKeyword(WebUIKeywordMain.groovy:26)
	at com.kms.katalon.core.webui.keyword.builtin.ClickKeyword.click(ClickKeyword.groovy:76)
	at com.kms.katalon.core.webui.keyword.builtin.ClickKeyword.execute(ClickKeyword.groovy:43)
	at com.kms.katalon.core.keyword.internal.KeywordExecutor.executeKeywordForPlatform(KeywordExecutor.groovy:73)
	at com.kms.katalon.core.webui.keyword.WebUiBuiltInKeywords.click(WebUiBuiltInKeywords.groovy:617)
	at com.kms.katalon.core.webui.keyword.WebUiBuiltInKeywords$click$2.call(Unknown Source)
	at customKeywords.commanFunctions.uploadFileOfPublicUser(commanFunctions.groovy:662)
	at customKeywords.commanFunctions.invokeMethod(commanFunctions.groovy)
	at com.kms.katalon.core.main.CustomKeywordDelegatingMetaClass.invokeStaticMethod(CustomKeywordDelegatingMetaClass.java:50)
	at TC_As a public user, Upload JPEG graphic File.run(TC_As a public user, Upload JPEG graphic File:14)
	at com.kms.katalon.core.main.ScriptEngine.run(ScriptEngine.java:194)
	at com.kms.katalon.core.main.ScriptEngine.runScriptAsRawText(ScriptEngine.java:119)
	at com.kms.katalon.core.main.TestCaseExecutor.runScript(TestCaseExecutor.java:394)
	at com.kms.katalon.core.main.TestCaseExecutor.doExecute(TestCaseExecutor.java:385)
	at com.kms.katalon.core.main.TestCaseExecutor.processExecutionPhase(TestCaseExecutor.java:364)
	at com.kms.katalon.core.main.TestCaseExecutor.accessMainPhase(TestCaseExecutor.java:356)
	at com.kms.katalon.core.main.TestCaseExecutor.execute(TestCaseExecutor.java:251)
	at com.kms.katalon.core.main.TestSuiteExecutor.accessTestCaseMainPhase(TestSuiteExecutor.java:203)
	at com.kms.katalon.core.main.TestSuiteExecutor.accessTestSuiteMainPhase(TestSuiteExecutor.java:152)
	at com.kms.katalon.core.main.TestSuiteExecutor.execute(TestSuiteExecutor.java:95)
	at com.kms.katalon.core.main.TestCaseMain.startTestSuite(TestCaseMain.java:157)
	at com.kms.katalon.core.main.TestCaseMain$startTestSuite$0.call(Unknown Source)
	at TempTestSuite1613660377298.run(TempTestSuite1613660377298.groovy:39)
Caused by: com.kms.katalon.core.webui.exception.WebElementNotFoundException: Web element with id: 'Object Repository/HomePage/startAnalysis_EnableBtn' located by '//*[@class='mt-5 ant-btn ant-btn-primary ant-btn-block']' not found
	at com.kms.katalon.core.webui.common.WebUiCommonHelper.findWebElement(WebUiCommonHelper.java:1369)
	at com.kms.katalon.core.webui.keyword.internal.WebUIAbstractKeyword.findWebElement(WebUIAbstractKeyword.groovy:27)
	at com.kms.katalon.core.webui.keyword.internal.WebUIAbstractKeyword.findWebElement(WebUIAbstractKeyword.groovy:26)
	at com.kms.katalon.core.webui.keyword.builtin.ClickKeyword$_click_closure1.doCall(ClickKeyword.groovy:67)
	at com.kms.katalon.core.webui.keyword.builtin.ClickKeyword$_click_closure1.call(ClickKeyword.groovy)
	at com.kms.katalon.core.webui.keyword.internal.WebUIKeywordMain.runKeyword(WebUIKeywordMain.groovy:20)
	... 22 more
"/>
         <system-out><![CDATA[2021-02-18 20:33:12 - [TEST_CASE][FAILED] - Test Cases/UploadDiffFiles_PublicUser/TC_As a public user, Upload JPEG graphic File: Test Cases/UploadDiffFiles_PublicUser/TC_As a public user, Upload JPEG graphic File FAILED.
Reason:
com.kms.katalon.core.exception.StepFailedException: Unable to click on object 'Object Repository/HomePage/startAnalysis_EnableBtn'
	at com.kms.katalon.core.webui.keyword.internal.WebUIKeywordMain.stepFailed(WebUIKeywordMain.groovy:64)
	at com.kms.katalon.core.webui.keyword.internal.WebUIKeywordMain.runKeyword(WebUIKeywordMain.groovy:26)
	at com.kms.katalon.core.webui.keyword.builtin.ClickKeyword.click(ClickKeyword.groovy:76)
	at com.kms.katalon.core.webui.keyword.builtin.ClickKeyword.execute(ClickKeyword.groovy:43)
	at com.kms.katalon.core.keyword.internal.KeywordExecutor.executeKeywordForPlatform(KeywordExecutor.groovy:73)
	at com.kms.katalon.core.webui.keyword.WebUiBuiltInKeywords.click(WebUiBuiltInKeywords.groovy:617)
	at com.kms.katalon.core.webui.keyword.WebUiBuiltInKeywords$click$2.call(Unknown Source)
	at customKeywords.commanFunctions.uploadFileOfPublicUser(commanFunctions.groovy:662)
	at customKeywords.commanFunctions.invokeMethod(commanFunctions.groovy)
	at com.kms.katalon.core.main.CustomKeywordDelegatingMetaClass.invokeStaticMethod(CustomKeywordDelegatingMetaClass.java:50)
	at TC_As a public user, Upload JPEG graphic File.run(TC_As a public user, Upload JPEG graphic File:14)
	at com.kms.katalon.core.main.ScriptEngine.run(ScriptEngine.java:194)
	at com.kms.katalon.core.main.ScriptEngine.runScriptAsRawText(ScriptEngine.java:119)
	at com.kms.katalon.core.main.TestCaseExecutor.runScript(TestCaseExecutor.java:394)
	at com.kms.katalon.core.main.TestCaseExecutor.doExecute(TestCaseExecutor.java:385)
	at com.kms.katalon.core.main.TestCaseExecutor.processExecutionPhase(TestCaseExecutor.java:364)
	at com.kms.katalon.core.main.TestCaseExecutor.accessMainPhase(TestCaseExecutor.java:356)
	at com.kms.katalon.core.main.TestCaseExecutor.execute(TestCaseExecutor.java:251)
	at com.kms.katalon.core.main.TestSuiteExecutor.accessTestCaseMainPhase(TestSuiteExecutor.java:203)
	at com.kms.katalon.core.main.TestSuiteExecutor.accessTestSuiteMainPhase(TestSuiteExecutor.java:152)
	at com.kms.katalon.core.main.TestSuiteExecutor.execute(TestSuiteExecutor.java:95)
	at com.kms.katalon.core.main.TestCaseMain.startTestSuite(TestCaseMain.java:157)
	at com.kms.katalon.core.main.TestCaseMain$startTestSuite$0.call(Unknown Source)
	at TempTestSuite1613660377298.run(TempTestSuite1613660377298.groovy:39)
Caused by: com.kms.katalon.core.webui.exception.WebElementNotFoundException: Web element with id: 'Object Repository/HomePage/startAnalysis_EnableBtn' located by '//*[@class='mt-5 ant-btn ant-btn-primary ant-btn-block']' not found
	at com.kms.katalon.core.webui.common.WebUiCommonHelper.findWebElement(WebUiCommonHelper.java:1369)
	at com.kms.katalon.core.webui.keyword.internal.WebUIAbstractKeyword.findWebElement(WebUIAbstractKeyword.groovy:27)
	at com.kms.katalon.core.webui.keyword.internal.WebUIAbstractKeyword.findWebElement(WebUIAbstractKeyword.groovy:26)
	at com.kms.katalon.core.webui.keyword.builtin.ClickKeyword$_click_closure1.doCall(ClickKeyword.groovy:67)
	at com.kms.katalon.core.webui.keyword.builtin.ClickKeyword$_click_closure1.call(ClickKeyword.groovy)
	at com.kms.katalon.core.webui.keyword.internal.WebUIKeywordMain.runKeyword(WebUIKeywordMain.groovy:20)
	... 22 more


2021-02-18 20:33:12 - [TEST_STEP][PASSED] - excelTestData = findTestData("Data Files/TestData/InspectTestData"): null

2021-02-18 20:33:12 - [TEST_STEP][PASSED] - userEmail = excelTestData.getValue(2, 23): null

2021-02-18 20:33:12 - [TEST_STEP][FAILED] - customKeywords.commanFunctions.uploadFileOfPublicUser(256, userEmail): Unable to click on object 'Object Repository/HomePage/startAnalysis_EnableBtn'

2021-02-18 20:33:12 - [MESSAGE][INFO] - Starting 'Chrome' driver

2021-02-18 20:33:12 - [MESSAGE][INFO] - Action delay is set to 0 milliseconds

2021-02-18 20:33:21 - [MESSAGE][PASSED] - Browser is opened with url: 'https://Inspect.Stage.site.sa'

2021-02-18 20:33:23 - [MESSAGE][PASSED] - Current window maximized

2021-02-18 20:33:23 - [MESSAGE][PASSED] - Wait for page load successfully

2021-02-18 20:33:24 - [MESSAGE][PASSED] - Object: 'Object Repository/HomePage/ChooseAFile' is clicked on

2021-02-18 20:33:26 - [MESSAGE][PASSED] - Delayed 2 second(s)

2021-02-18 20:33:28 - [MESSAGE][INFO] - Image Uploaded Sucsessfully

2021-02-18 20:33:30 - [MESSAGE][PASSED] - Delayed 2 second(s)

2021-02-18 20:33:30 - [MESSAGE][PASSED] - Text 'JPEG graphic' is present on page 

2021-02-18 20:33:31 - [MESSAGE][PASSED] - Keys 'Os-ARahman@projects.site.sa' sent to object: 'Object Repository/PublicUserHomePage/email_Input'

2021-02-18 20:33:31 - [MESSAGE][PASSED] - Object: 'Object Repository/PublicUserHomePage/SiteInspectTermsOfUse_CheckBox' is clicked on

2021-02-18 20:34:02 - [MESSAGE][INFO] - Unable to find the element located by 'By.xpath: //*[@class='mt-5 ant-btn ant-btn-primary ant-btn-block']'. Please recheck the objects properties to make sure the desired element is located. 

2021-02-18 20:34:02 - [MESSAGE][WARNING] - [SELF-HEALING] Failed to find element with id 'Object Repository/HomePage/startAnalysis_EnableBtn'. Try using Self-healing.

2021-02-18 20:34:02 - [MESSAGE][ERROR] - [SELF-HEALING] java.lang.IllegalStateException: Expected BEGIN_OBJECT but was STRING at line 1 column 1 path $

2021-02-18 20:34:02 - [MESSAGE][WARNING] - [SELF-HEALING] Cannot find elements when the XPath is null.

2021-02-18 20:34:02 - [MESSAGE][WARNING] - [SELF-HEALING] Cannot find elements when the selector is null

2021-02-18 20:34:03 - [MESSAGE][FAILED] - Unable to click on object 'Object Repository/HomePage/startAnalysis_EnableBtn' (Root cause: com.kms.katalon.core.exception.StepFailedException: Unable to click on object 'Object Repository/HomePage/startAnalysis_EnableBtn'
	at com.kms.katalon.core.webui.keyword.internal.WebUIKeywordMain.stepFailed(WebUIKeywordMain.groovy:64)
	at com.kms.katalon.core.webui.keyword.internal.WebUIKeywordMain.runKeyword(WebUIKeywordMain.groovy:26)
	at com.kms.katalon.core.webui.keyword.builtin.ClickKeyword.click(ClickKeyword.groovy:76)
	at com.kms.katalon.core.webui.keyword.builtin.ClickKeyword.execute(ClickKeyword.groovy:43)
	at com.kms.katalon.core.keyword.internal.KeywordExecutor.executeKeywordForPlatform(KeywordExecutor.groovy:73)
	at com.kms.katalon.core.webui.keyword.WebUiBuiltInKeywords.click(WebUiBuiltInKeywords.groovy:617)
	at com.kms.katalon.core.webui.keyword.WebUiBuiltInKeywords$click$2.call(Unknown Source)
	at customKeywords.commanFunctions.uploadFileOfPublicUser(commanFunctions.groovy:662)
	at customKeywords.commanFunctions.invokeMethod(commanFunctions.groovy)
	at com.kms.katalon.core.main.CustomKeywordDelegatingMetaClass.invokeStaticMethod(CustomKeywordDelegatingMetaClass.java:50)
	at TC_As a public user, Upload JPEG graphic File.run(TC_As a public user, Upload JPEG graphic File:14)
	at com.kms.katalon.core.main.ScriptEngine.run(ScriptEngine.java:194)
	at com.kms.katalon.core.main.ScriptEngine.runScriptAsRawText(ScriptEngine.java:119)
	at com.kms.katalon.core.main.TestCaseExecutor.runScript(TestCaseExecutor.java:394)
	at com.kms.katalon.core.main.TestCaseExecutor.doExecute(TestCaseExecutor.java:385)
	at com.kms.katalon.core.main.TestCaseExecutor.processExecutionPhase(TestCaseExecutor.java:364)
	at com.kms.katalon.core.main.TestCaseExecutor.accessMainPhase(TestCaseExecutor.java:356)
	at com.kms.katalon.core.main.TestCaseExecutor.execute(TestCaseExecutor.java:251)
	at com.kms.katalon.core.main.TestSuiteExecutor.accessTestCaseMainPhase(TestSuiteExecutor.java:203)
	at com.kms.katalon.core.main.TestSuiteExecutor.accessTestSuiteMainPhase(TestSuiteExecutor.java:152)
	at com.kms.katalon.core.main.TestSuiteExecutor.execute(TestSuiteExecutor.java:95)
	at com.kms.katalon.core.main.TestCaseMain.startTestSuite(TestCaseMain.java:157)
	at com.kms.katalon.core.main.TestCaseMain$startTestSuite$0.call(Unknown Source)
	at TempTestSuite1613660377298.run(TempTestSuite1613660377298.groovy:39)
Caused by: com.kms.katalon.core.webui.exception.WebElementNotFoundException: Web element with id: 'Object Repository/HomePage/startAnalysis_EnableBtn' located by '//*[@class='mt-5 ant-btn ant-btn-primary ant-btn-block']' not found
	at com.kms.katalon.core.webui.common.WebUiCommonHelper.findWebElement(WebUiCommonHelper.java:1369)
	at com.kms.katalon.core.webui.keyword.internal.WebUIAbstractKeyword.findWebElement(WebUIAbstractKeyword.groovy:27)
	at com.kms.katalon.core.webui.keyword.internal.WebUIAbstractKeyword.findWebElement(WebUIAbstractKeyword.groovy:26)
	at com.kms.katalon.core.webui.keyword.builtin.ClickKeyword$_click_closure1.doCall(ClickKeyword.groovy:67)
	at com.kms.katalon.core.webui.keyword.builtin.ClickKeyword$_click_closure1.call(ClickKeyword.groovy)
	at com.kms.katalon.core.webui.keyword.internal.WebUIKeywordMain.runKeyword(WebUIKeywordMain.groovy:20)
	at com.kms.katalon.core.webui.keyword.builtin.ClickKeyword.click(ClickKeyword.groovy:76)
	at com.kms.katalon.core.webui.keyword.builtin.ClickKeyword.execute(ClickKeyword.groovy:43)
	at com.kms.katalon.core.keyword.internal.KeywordExecutor.executeKeywordForPlatform(KeywordExecutor.groovy:73)
	at com.kms.katalon.core.webui.keyword.WebUiBuiltInKeywords.click(WebUiBuiltInKeywords.groovy:617)
	at com.kms.katalon.core.webui.keyword.WebUiBuiltInKeywords$click$2.call(Unknown Source)
	at customKeywords.commanFunctions.uploadFileOfPublicUser(commanFunctions.groovy:662)
	at customKeywords.commanFunctions.invokeMethod(commanFunctions.groovy)
	at com.kms.katalon.core.main.CustomKeywordDelegatingMetaClass.invokeStaticMethod(CustomKeywordDelegatingMetaClass.java:50)
	at Script1613233417460.run(Script1613233417460.groovy:14)
	... 13 more
)
[[ATTACHMENT|E:\\Inspect\\15022021\\SiteInspectAutomation\\Reports\\20210218_202932\\Regression_Suite\\PublicUser_Suite\\PublicUser_UploadFiles\\20210218_202937\\1613660642839.png]]

2021-02-18 20:34:03 - [MESSAGE][FAILED] - Unable to click on object 'Object Repository/HomePage/startAnalysis_EnableBtn'

2021-02-18 20:34:03 - [TEST_STEP][PASSED] - Start tear down : tearDownMethodIfFailed: Method 'tearDownMethodIfFailed' complete successfully

2021-02-18 20:34:03 - [TEST_STEP][PASSED] - customKeywords.commanFunctions.onlyCloseBrowser(): customKeywords.commanFunctions.onlyCloseBrowser is PASSED

2021-02-18 20:34:04 - [MESSAGE][PASSED] - Browser is closed

2021-02-18 20:34:04 - [MESSAGE][PASSED] - customKeywords.commanFunctions.onlyCloseBrowser is PASSED

2021-02-18 20:34:04 - [TEST_STEP][PASSED] - logInfo("[--------This is tearDownIfFailed method------]"): [--------This is tearDownIfFailed method------]

2021-02-18 20:34:04 - [MESSAGE][INFO] - [--------This is tearDownIfFailed method------]

2021-02-18 20:34:04 - [MESSAGE][PASSED] - Method 'tearDownMethodIfFailed' complete successfully]]></system-out>
         <system-err><![CDATA[2021-02-18 20:33:12 - [TEST_CASE][FAILED] - Test Cases/UploadDiffFiles_PublicUser/TC_As a public user, Upload JPEG graphic File: Test Cases/UploadDiffFiles_PublicUser/TC_As a public user, Upload JPEG graphic File FAILED.
Reason:
com.kms.katalon.core.exception.StepFailedException: Unable to click on object 'Object Repository/HomePage/startAnalysis_EnableBtn'
	at com.kms.katalon.core.webui.keyword.internal.WebUIKeywordMain.stepFailed(WebUIKeywordMain.groovy:64)
	at com.kms.katalon.core.webui.keyword.internal.WebUIKeywordMain.runKeyword(WebUIKeywordMain.groovy:26)
	at com.kms.katalon.core.webui.keyword.builtin.ClickKeyword.click(ClickKeyword.groovy:76)
	at com.kms.katalon.core.webui.keyword.builtin.ClickKeyword.execute(ClickKeyword.groovy:43)
	at com.kms.katalon.core.keyword.internal.KeywordExecutor.executeKeywordForPlatform(KeywordExecutor.groovy:73)
	at com.kms.katalon.core.webui.keyword.WebUiBuiltInKeywords.click(WebUiBuiltInKeywords.groovy:617)
	at com.kms.katalon.core.webui.keyword.WebUiBuiltInKeywords$click$2.call(Unknown Source)
	at customKeywords.commanFunctions.uploadFileOfPublicUser(commanFunctions.groovy:662)
	at customKeywords.commanFunctions.invokeMethod(commanFunctions.groovy)
	at com.kms.katalon.core.main.CustomKeywordDelegatingMetaClass.invokeStaticMethod(CustomKeywordDelegatingMetaClass.java:50)
	at TC_As a public user, Upload JPEG graphic File.run(TC_As a public user, Upload JPEG graphic File:14)
	at com.kms.katalon.core.main.ScriptEngine.run(ScriptEngine.java:194)
	at com.kms.katalon.core.main.ScriptEngine.runScriptAsRawText(ScriptEngine.java:119)
	at com.kms.katalon.core.main.TestCaseExecutor.runScript(TestCaseExecutor.java:394)
	at com.kms.katalon.core.main.TestCaseExecutor.doExecute(TestCaseExecutor.java:385)
	at com.kms.katalon.core.main.TestCaseExecutor.processExecutionPhase(TestCaseExecutor.java:364)
	at com.kms.katalon.core.main.TestCaseExecutor.accessMainPhase(TestCaseExecutor.java:356)
	at com.kms.katalon.core.main.TestCaseExecutor.execute(TestCaseExecutor.java:251)
	at com.kms.katalon.core.main.TestSuiteExecutor.accessTestCaseMainPhase(TestSuiteExecutor.java:203)
	at com.kms.katalon.core.main.TestSuiteExecutor.accessTestSuiteMainPhase(TestSuiteExecutor.java:152)
	at com.kms.katalon.core.main.TestSuiteExecutor.execute(TestSuiteExecutor.java:95)
	at com.kms.katalon.core.main.TestCaseMain.startTestSuite(TestCaseMain.java:157)
	at com.kms.katalon.core.main.TestCaseMain$startTestSuite$0.call(Unknown Source)
	at TempTestSuite1613660377298.run(TempTestSuite1613660377298.groovy:39)
Caused by: com.kms.katalon.core.webui.exception.WebElementNotFoundException: Web element with id: 'Object Repository/HomePage/startAnalysis_EnableBtn' located by '//*[@class='mt-5 ant-btn ant-btn-primary ant-btn-block']' not found
	at com.kms.katalon.core.webui.common.WebUiCommonHelper.findWebElement(WebUiCommonHelper.java:1369)
	at com.kms.katalon.core.webui.keyword.internal.WebUIAbstractKeyword.findWebElement(WebUIAbstractKeyword.groovy:27)
	at com.kms.katalon.core.webui.keyword.internal.WebUIAbstractKeyword.findWebElement(WebUIAbstractKeyword.groovy:26)
	at com.kms.katalon.core.webui.keyword.builtin.ClickKeyword$_click_closure1.doCall(ClickKeyword.groovy:67)
	at com.kms.katalon.core.webui.keyword.builtin.ClickKeyword$_click_closure1.call(ClickKeyword.groovy)
	at com.kms.katalon.core.webui.keyword.internal.WebUIKeywordMain.runKeyword(WebUIKeywordMain.groovy:20)
	... 22 more]]></system-err>
      </testcase>
      <testcase name="Test Cases/UploadDiffFiles_PublicUser/TC_As a public user, Upload MacPaint.mac File" time="19.984" classname="Test Cases/UploadDiffFiles_PublicUser/TC_As a public user, Upload MacPaint.mac File" status="FAILED">
         <failure type="FAILED" message="Test Cases/UploadDiffFiles_PublicUser/TC_As a public user, Upload MacPaint.mac File FAILED.
Reason:
com.kms.katalon.core.exception.StepFailedException: Unable to verify text 'MacPaint' is present 
	at com.kms.katalon.core.webui.keyword.internal.WebUIKeywordMain.stepFailed(WebUIKeywordMain.groovy:64)
	at com.kms.katalon.core.webui.keyword.internal.WebUIKeywordMain.runKeyword(WebUIKeywordMain.groovy:26)
	at com.kms.katalon.core.webui.keyword.builtin.VerifyTextPresentKeyword.verifyTextPresent(VerifyTextPresentKeyword.groovy:83)
	at com.kms.katalon.core.webui.keyword.builtin.VerifyTextPresentKeyword.execute(VerifyTextPresentKeyword.groovy:68)
	at com.kms.katalon.core.keyword.internal.KeywordExecutor.executeKeywordForPlatform(KeywordExecutor.groovy:73)
	at com.kms.katalon.core.webui.keyword.WebUiBuiltInKeywords.verifyTextPresent(WebUiBuiltInKeywords.groovy:1720)
	at com.kms.katalon.core.webui.keyword.WebUiBuiltInKeywords$verifyTextPresent$3.call(Unknown Source)
	at customKeywords.commanFunctions.UploadReqFile(commanFunctions.groovy:282)
	at customKeywords.commanFunctions.uploadFileOfPublicUser(commanFunctions.groovy:656)
	at customKeywords.commanFunctions.invokeMethod(commanFunctions.groovy)
	at com.kms.katalon.core.main.CustomKeywordDelegatingMetaClass.invokeStaticMethod(CustomKeywordDelegatingMetaClass.java:50)
	at TC_As a public user, Upload MacPaint.mac File.run(TC_As a public user, Upload MacPaint.mac File:14)
	at com.kms.katalon.core.main.ScriptEngine.run(ScriptEngine.java:194)
	at com.kms.katalon.core.main.ScriptEngine.runScriptAsRawText(ScriptEngine.java:119)
	at com.kms.katalon.core.main.TestCaseExecutor.runScript(TestCaseExecutor.java:394)
	at com.kms.katalon.core.main.TestCaseExecutor.doExecute(TestCaseExecutor.java:385)
	at com.kms.katalon.core.main.TestCaseExecutor.processExecutionPhase(TestCaseExecutor.java:364)
	at com.kms.katalon.core.main.TestCaseExecutor.accessMainPhase(TestCaseExecutor.java:356)
	at com.kms.katalon.core.main.TestCaseExecutor.execute(TestCaseExecutor.java:251)
	at com.kms.katalon.core.main.TestSuiteExecutor.accessTestCaseMainPhase(TestSuiteExecutor.java:203)
	at com.kms.katalon.core.main.TestSuiteExecutor.accessTestSuiteMainPhase(TestSuiteExecutor.java:152)
	at com.kms.katalon.core.main.TestSuiteExecutor.execute(TestSuiteExecutor.java:95)
	at com.kms.katalon.core.main.TestCaseMain.startTestSuite(TestCaseMain.java:157)
	at com.kms.katalon.core.main.TestCaseMain$startTestSuite$0.call(Unknown Source)
	at TempTestSuite1613660377298.run(TempTestSuite1613660377298.groovy:39)
Caused by: com.kms.katalon.core.exception.StepFailedException: Text 'MacPaint' is not present on page 
	at com.kms.katalon.core.webui.keyword.internal.WebUIKeywordMain.stepFailed(WebUIKeywordMain.groovy:64)
	at com.kms.katalon.core.webui.keyword.builtin.VerifyTextPresentKeyword$_verifyTextPresent_closure1.doCall(VerifyTextPresentKeyword.groovy:79)
	at com.kms.katalon.core.webui.keyword.builtin.VerifyTextPresentKeyword$_verifyTextPresent_closure1.call(VerifyTextPresentKeyword.groovy)
	at com.kms.katalon.core.webui.keyword.internal.WebUIKeywordMain.runKeyword(WebUIKeywordMain.groovy:20)
	... 23 more
"/>
         <system-out><![CDATA[2021-02-18 20:34:04 - [TEST_CASE][FAILED] - Test Cases/UploadDiffFiles_PublicUser/TC_As a public user, Upload MacPaint.mac File: Test Cases/UploadDiffFiles_PublicUser/TC_As a public user, Upload MacPaint.mac File FAILED.
Reason:
com.kms.katalon.core.exception.StepFailedException: Unable to verify text 'MacPaint' is present 
	at com.kms.katalon.core.webui.keyword.internal.WebUIKeywordMain.stepFailed(WebUIKeywordMain.groovy:64)
	at com.kms.katalon.core.webui.keyword.internal.WebUIKeywordMain.runKeyword(WebUIKeywordMain.groovy:26)
	at com.kms.katalon.core.webui.keyword.builtin.VerifyTextPresentKeyword.verifyTextPresent(VerifyTextPresentKeyword.groovy:83)
	at com.kms.katalon.core.webui.keyword.builtin.VerifyTextPresentKeyword.execute(VerifyTextPresentKeyword.groovy:68)
	at com.kms.katalon.core.keyword.internal.KeywordExecutor.executeKeywordForPlatform(KeywordExecutor.groovy:73)
	at com.kms.katalon.core.webui.keyword.WebUiBuiltInKeywords.verifyTextPresent(WebUiBuiltInKeywords.groovy:1720)
	at com.kms.katalon.core.webui.keyword.WebUiBuiltInKeywords$verifyTextPresent$3.call(Unknown Source)
	at customKeywords.commanFunctions.UploadReqFile(commanFunctions.groovy:282)
	at customKeywords.commanFunctions.uploadFileOfPublicUser(commanFunctions.groovy:656)
	at customKeywords.commanFunctions.invokeMethod(commanFunctions.groovy)
	at com.kms.katalon.core.main.CustomKeywordDelegatingMetaClass.invokeStaticMethod(CustomKeywordDelegatingMetaClass.java:50)
	at TC_As a public user, Upload MacPaint.mac File.run(TC_As a public user, Upload MacPaint.mac File:14)
	at com.kms.katalon.core.main.ScriptEngine.run(ScriptEngine.java:194)
	at com.kms.katalon.core.main.ScriptEngine.runScriptAsRawText(ScriptEngine.java:119)
	at com.kms.katalon.core.main.TestCaseExecutor.runScript(TestCaseExecutor.java:394)
	at com.kms.katalon.core.main.TestCaseExecutor.doExecute(TestCaseExecutor.java:385)
	at com.kms.katalon.core.main.TestCaseExecutor.processExecutionPhase(TestCaseExecutor.java:364)
	at com.kms.katalon.core.main.TestCaseExecutor.accessMainPhase(TestCaseExecutor.java:356)
	at com.kms.katalon.core.main.TestCaseExecutor.execute(TestCaseExecutor.java:251)
	at com.kms.katalon.core.main.TestSuiteExecutor.accessTestCaseMainPhase(TestSuiteExecutor.java:203)
	at com.kms.katalon.core.main.TestSuiteExecutor.accessTestSuiteMainPhase(TestSuiteExecutor.java:152)
	at com.kms.katalon.core.main.TestSuiteExecutor.execute(TestSuiteExecutor.java:95)
	at com.kms.katalon.core.main.TestCaseMain.startTestSuite(TestCaseMain.java:157)
	at com.kms.katalon.core.main.TestCaseMain$startTestSuite$0.call(Unknown Source)
	at TempTestSuite1613660377298.run(TempTestSuite1613660377298.groovy:39)
Caused by: com.kms.katalon.core.exception.StepFailedException: Text 'MacPaint' is not present on page 
	at com.kms.katalon.core.webui.keyword.internal.WebUIKeywordMain.stepFailed(WebUIKeywordMain.groovy:64)
	at com.kms.katalon.core.webui.keyword.builtin.VerifyTextPresentKeyword$_verifyTextPresent_closure1.doCall(VerifyTextPresentKeyword.groovy:79)
	at com.kms.katalon.core.webui.keyword.builtin.VerifyTextPresentKeyword$_verifyTextPresent_closure1.call(VerifyTextPresentKeyword.groovy)
	at com.kms.katalon.core.webui.keyword.internal.WebUIKeywordMain.runKeyword(WebUIKeywordMain.groovy:20)
	... 23 more


2021-02-18 20:34:04 - [TEST_STEP][PASSED] - excelTestData = findTestData("Data Files/TestData/InspectTestData"): null

2021-02-18 20:34:04 - [TEST_STEP][PASSED] - userEmail = excelTestData.getValue(2, 23): null

2021-02-18 20:34:04 - [TEST_STEP][FAILED] - customKeywords.commanFunctions.uploadFileOfPublicUser(333, userEmail): Unable to verify text 'MacPaint' is present 

2021-02-18 20:34:04 - [MESSAGE][INFO] - Starting 'Chrome' driver

2021-02-18 20:34:04 - [MESSAGE][INFO] - Action delay is set to 0 milliseconds

2021-02-18 20:34:13 - [MESSAGE][PASSED] - Browser is opened with url: 'https://Inspect.Stage.site.sa'

2021-02-18 20:34:15 - [MESSAGE][PASSED] - Current window maximized

2021-02-18 20:34:15 - [MESSAGE][PASSED] - Wait for page load successfully

2021-02-18 20:34:16 - [MESSAGE][PASSED] - Object: 'Object Repository/HomePage/ChooseAFile' is clicked on

2021-02-18 20:34:18 - [MESSAGE][PASSED] - Delayed 2 second(s)

2021-02-18 20:34:20 - [MESSAGE][INFO] - Image Uploaded Sucsessfully

2021-02-18 20:34:22 - [MESSAGE][PASSED] - Delayed 2 second(s)

2021-02-18 20:34:22 - [MESSAGE][FAILED] - Text 'MacPaint' is not present on page  (Root cause: com.kms.katalon.core.exception.StepFailedException: Text 'MacPaint' is not present on page 
	at com.kms.katalon.core.webui.keyword.internal.WebUIKeywordMain.stepFailed(WebUIKeywordMain.groovy:64)
	at com.kms.katalon.core.webui.keyword.builtin.VerifyTextPresentKeyword$_verifyTextPresent_closure1.doCall(VerifyTextPresentKeyword.groovy:79)
	at com.kms.katalon.core.webui.keyword.builtin.VerifyTextPresentKeyword$_verifyTextPresent_closure1.call(VerifyTextPresentKeyword.groovy)
	at com.kms.katalon.core.webui.keyword.internal.WebUIKeywordMain.runKeyword(WebUIKeywordMain.groovy:20)
	at com.kms.katalon.core.webui.keyword.builtin.VerifyTextPresentKeyword.verifyTextPresent(VerifyTextPresentKeyword.groovy:83)
	at com.kms.katalon.core.webui.keyword.builtin.VerifyTextPresentKeyword.execute(VerifyTextPresentKeyword.groovy:68)
	at com.kms.katalon.core.keyword.internal.KeywordExecutor.executeKeywordForPlatform(KeywordExecutor.groovy:73)
	at com.kms.katalon.core.webui.keyword.WebUiBuiltInKeywords.verifyTextPresent(WebUiBuiltInKeywords.groovy:1720)
	at com.kms.katalon.core.webui.keyword.WebUiBuiltInKeywords$verifyTextPresent$3.call(Unknown Source)
	at customKeywords.commanFunctions.UploadReqFile(commanFunctions.groovy:282)
	at customKeywords.commanFunctions.uploadFileOfPublicUser(commanFunctions.groovy:656)
	at customKeywords.commanFunctions.invokeMethod(commanFunctions.groovy)
	at com.kms.katalon.core.main.CustomKeywordDelegatingMetaClass.invokeStaticMethod(CustomKeywordDelegatingMetaClass.java:50)
	at TC_As a public user, Upload MacPaint.mac File.run(TC_As a public user, Upload MacPaint.mac File:14)
	at com.kms.katalon.core.main.ScriptEngine.run(ScriptEngine.java:194)
	at com.kms.katalon.core.main.ScriptEngine.runScriptAsRawText(ScriptEngine.java:119)
	at com.kms.katalon.core.main.TestCaseExecutor.runScript(TestCaseExecutor.java:394)
	at com.kms.katalon.core.main.TestCaseExecutor.doExecute(TestCaseExecutor.java:385)
	at com.kms.katalon.core.main.TestCaseExecutor.processExecutionPhase(TestCaseExecutor.java:364)
	at com.kms.katalon.core.main.TestCaseExecutor.accessMainPhase(TestCaseExecutor.java:356)
	at com.kms.katalon.core.main.TestCaseExecutor.execute(TestCaseExecutor.java:251)
	at com.kms.katalon.core.main.TestSuiteExecutor.accessTestCaseMainPhase(TestSuiteExecutor.java:203)
	at com.kms.katalon.core.main.TestSuiteExecutor.accessTestSuiteMainPhase(TestSuiteExecutor.java:152)
	at com.kms.katalon.core.main.TestSuiteExecutor.execute(TestSuiteExecutor.java:95)
	at com.kms.katalon.core.main.TestCaseMain.startTestSuite(TestCaseMain.java:157)
	at com.kms.katalon.core.main.TestCaseMain$startTestSuite$0.call(Unknown Source)
	at TempTestSuite1613660377298.run(TempTestSuite1613660377298.groovy:39)
)

2021-02-18 20:34:22 - [MESSAGE][FAILED] - Unable to verify text 'MacPaint' is present  (Root cause: com.kms.katalon.core.exception.StepFailedException: Unable to verify text 'MacPaint' is present 
	at com.kms.katalon.core.webui.keyword.internal.WebUIKeywordMain.stepFailed(WebUIKeywordMain.groovy:64)
	at com.kms.katalon.core.webui.keyword.internal.WebUIKeywordMain.runKeyword(WebUIKeywordMain.groovy:26)
	at com.kms.katalon.core.webui.keyword.builtin.VerifyTextPresentKeyword.verifyTextPresent(VerifyTextPresentKeyword.groovy:83)
	at com.kms.katalon.core.webui.keyword.builtin.VerifyTextPresentKeyword.execute(VerifyTextPresentKeyword.groovy:68)
	at com.kms.katalon.core.keyword.internal.KeywordExecutor.executeKeywordForPlatform(KeywordExecutor.groovy:73)
	at com.kms.katalon.core.webui.keyword.WebUiBuiltInKeywords.verifyTextPresent(WebUiBuiltInKeywords.groovy:1720)
	at com.kms.katalon.core.webui.keyword.WebUiBuiltInKeywords$verifyTextPresent$3.call(Unknown Source)
	at customKeywords.commanFunctions.UploadReqFile(commanFunctions.groovy:282)
	at customKeywords.commanFunctions.uploadFileOfPublicUser(commanFunctions.groovy:656)
	at customKeywords.commanFunctions.invokeMethod(commanFunctions.groovy)
	at com.kms.katalon.core.main.CustomKeywordDelegatingMetaClass.invokeStaticMethod(CustomKeywordDelegatingMetaClass.java:50)
	at TC_As a public user, Upload MacPaint.mac File.run(TC_As a public user, Upload MacPaint.mac File:14)
	at com.kms.katalon.core.main.ScriptEngine.run(ScriptEngine.java:194)
	at com.kms.katalon.core.main.ScriptEngine.runScriptAsRawText(ScriptEngine.java:119)
	at com.kms.katalon.core.main.TestCaseExecutor.runScript(TestCaseExecutor.java:394)
	at com.kms.katalon.core.main.TestCaseExecutor.doExecute(TestCaseExecutor.java:385)
	at com.kms.katalon.core.main.TestCaseExecutor.processExecutionPhase(TestCaseExecutor.java:364)
	at com.kms.katalon.core.main.TestCaseExecutor.accessMainPhase(TestCaseExecutor.java:356)
	at com.kms.katalon.core.main.TestCaseExecutor.execute(TestCaseExecutor.java:251)
	at com.kms.katalon.core.main.TestSuiteExecutor.accessTestCaseMainPhase(TestSuiteExecutor.java:203)
	at com.kms.katalon.core.main.TestSuiteExecutor.accessTestSuiteMainPhase(TestSuiteExecutor.java:152)
	at com.kms.katalon.core.main.TestSuiteExecutor.execute(TestSuiteExecutor.java:95)
	at com.kms.katalon.core.main.TestCaseMain.startTestSuite(TestCaseMain.java:157)
	at com.kms.katalon.core.main.TestCaseMain$startTestSuite$0.call(Unknown Source)
	at TempTestSuite1613660377298.run(TempTestSuite1613660377298.groovy:39)
Caused by: com.kms.katalon.core.exception.StepFailedException: Text 'MacPaint' is not present on page 
	at com.kms.katalon.core.webui.keyword.internal.WebUIKeywordMain.stepFailed(WebUIKeywordMain.groovy:64)
	at com.kms.katalon.core.webui.keyword.builtin.VerifyTextPresentKeyword$_verifyTextPresent_closure1.doCall(VerifyTextPresentKeyword.groovy:79)
	at com.kms.katalon.core.webui.keyword.builtin.VerifyTextPresentKeyword$_verifyTextPresent_closure1.call(VerifyTextPresentKeyword.groovy)
	at com.kms.katalon.core.webui.keyword.internal.WebUIKeywordMain.runKeyword(WebUIKeywordMain.groovy:20)
	... 23 more
)
[[ATTACHMENT|E:\\Inspect\\15022021\\SiteInspectAutomation\\Reports\\20210218_202932\\Regression_Suite\\PublicUser_Suite\\PublicUser_UploadFiles\\20210218_202937\\1613660662594.png]]

2021-02-18 20:34:22 - [MESSAGE][FAILED] - Unable to verify text 'MacPaint' is present 

2021-02-18 20:34:22 - [TEST_STEP][PASSED] - Start tear down : tearDownMethodIfFailed: Method 'tearDownMethodIfFailed' complete successfully

2021-02-18 20:34:22 - [TEST_STEP][PASSED] - customKeywords.commanFunctions.onlyCloseBrowser(): customKeywords.commanFunctions.onlyCloseBrowser is PASSED

2021-02-18 20:34:24 - [MESSAGE][PASSED] - Browser is closed

2021-02-18 20:34:24 - [MESSAGE][PASSED] - customKeywords.commanFunctions.onlyCloseBrowser is PASSED

2021-02-18 20:34:24 - [TEST_STEP][PASSED] - logInfo("[--------This is tearDownIfFailed method------]"): [--------This is tearDownIfFailed method------]

2021-02-18 20:34:24 - [MESSAGE][INFO] - [--------This is tearDownIfFailed method------]

2021-02-18 20:34:24 - [MESSAGE][PASSED] - Method 'tearDownMethodIfFailed' complete successfully]]></system-out>
         <system-err><![CDATA[2021-02-18 20:34:04 - [TEST_CASE][FAILED] - Test Cases/UploadDiffFiles_PublicUser/TC_As a public user, Upload MacPaint.mac File: Test Cases/UploadDiffFiles_PublicUser/TC_As a public user, Upload MacPaint.mac File FAILED.
Reason:
com.kms.katalon.core.exception.StepFailedException: Unable to verify text 'MacPaint' is present 
	at com.kms.katalon.core.webui.keyword.internal.WebUIKeywordMain.stepFailed(WebUIKeywordMain.groovy:64)
	at com.kms.katalon.core.webui.keyword.internal.WebUIKeywordMain.runKeyword(WebUIKeywordMain.groovy:26)
	at com.kms.katalon.core.webui.keyword.builtin.VerifyTextPresentKeyword.verifyTextPresent(VerifyTextPresentKeyword.groovy:83)
	at com.kms.katalon.core.webui.keyword.builtin.VerifyTextPresentKeyword.execute(VerifyTextPresentKeyword.groovy:68)
	at com.kms.katalon.core.keyword.internal.KeywordExecutor.executeKeywordForPlatform(KeywordExecutor.groovy:73)
	at com.kms.katalon.core.webui.keyword.WebUiBuiltInKeywords.verifyTextPresent(WebUiBuiltInKeywords.groovy:1720)
	at com.kms.katalon.core.webui.keyword.WebUiBuiltInKeywords$verifyTextPresent$3.call(Unknown Source)
	at customKeywords.commanFunctions.UploadReqFile(commanFunctions.groovy:282)
	at customKeywords.commanFunctions.uploadFileOfPublicUser(commanFunctions.groovy:656)
	at customKeywords.commanFunctions.invokeMethod(commanFunctions.groovy)
	at com.kms.katalon.core.main.CustomKeywordDelegatingMetaClass.invokeStaticMethod(CustomKeywordDelegatingMetaClass.java:50)
	at TC_As a public user, Upload MacPaint.mac File.run(TC_As a public user, Upload MacPaint.mac File:14)
	at com.kms.katalon.core.main.ScriptEngine.run(ScriptEngine.java:194)
	at com.kms.katalon.core.main.ScriptEngine.runScriptAsRawText(ScriptEngine.java:119)
	at com.kms.katalon.core.main.TestCaseExecutor.runScript(TestCaseExecutor.java:394)
	at com.kms.katalon.core.main.TestCaseExecutor.doExecute(TestCaseExecutor.java:385)
	at com.kms.katalon.core.main.TestCaseExecutor.processExecutionPhase(TestCaseExecutor.java:364)
	at com.kms.katalon.core.main.TestCaseExecutor.accessMainPhase(TestCaseExecutor.java:356)
	at com.kms.katalon.core.main.TestCaseExecutor.execute(TestCaseExecutor.java:251)
	at com.kms.katalon.core.main.TestSuiteExecutor.accessTestCaseMainPhase(TestSuiteExecutor.java:203)
	at com.kms.katalon.core.main.TestSuiteExecutor.accessTestSuiteMainPhase(TestSuiteExecutor.java:152)
	at com.kms.katalon.core.main.TestSuiteExecutor.execute(TestSuiteExecutor.java:95)
	at com.kms.katalon.core.main.TestCaseMain.startTestSuite(TestCaseMain.java:157)
	at com.kms.katalon.core.main.TestCaseMain$startTestSuite$0.call(Unknown Source)
	at TempTestSuite1613660377298.run(TempTestSuite1613660377298.groovy:39)
Caused by: com.kms.katalon.core.exception.StepFailedException: Text 'MacPaint' is not present on page 
	at com.kms.katalon.core.webui.keyword.internal.WebUIKeywordMain.stepFailed(WebUIKeywordMain.groovy:64)
	at com.kms.katalon.core.webui.keyword.builtin.VerifyTextPresentKeyword$_verifyTextPresent_closure1.doCall(VerifyTextPresentKeyword.groovy:79)
	at com.kms.katalon.core.webui.keyword.builtin.VerifyTextPresentKeyword$_verifyTextPresent_closure1.call(VerifyTextPresentKeyword.groovy)
	at com.kms.katalon.core.webui.keyword.internal.WebUIKeywordMain.runKeyword(WebUIKeywordMain.groovy:20)
	... 23 more]]></system-err>
      </testcase>
      <testcase name="Test Cases/UploadDiffFiles_PublicUser/TC_As a public user, Upload Microsoft Word File" time="23.332" classname="Test Cases/UploadDiffFiles_PublicUser/TC_As a public user, Upload Microsoft Word File" status="PASSED">
         <system-out><![CDATA[2021-02-18 20:34:24 - [TEST_CASE][PASSED] - Test Cases/UploadDiffFiles_PublicUser/TC_As a public user, Upload Microsoft Word File: Test Cases/UploadDiffFiles_PublicUser/TC_As a public user, Upload Microsoft Word File

2021-02-18 20:34:24 - [TEST_STEP][PASSED] - excelTestData = findTestData("Data Files/TestData/InspectTestData"): null

2021-02-18 20:34:24 - [TEST_STEP][PASSED] - userEmail = excelTestData.getValue(2, 23): null

2021-02-18 20:34:24 - [TEST_STEP][PASSED] - customKeywords.commanFunctions.uploadFileOfPublicUser(248, userEmail): customKeywords.commanFunctions.uploadFileOfPublicUser is PASSED

2021-02-18 20:34:24 - [MESSAGE][INFO] - Starting 'Chrome' driver

2021-02-18 20:34:24 - [MESSAGE][INFO] - Action delay is set to 0 milliseconds

2021-02-18 20:34:34 - [MESSAGE][PASSED] - Browser is opened with url: 'https://Inspect.Stage.site.sa'

2021-02-18 20:34:36 - [MESSAGE][PASSED] - Current window maximized

2021-02-18 20:34:36 - [MESSAGE][PASSED] - Wait for page load successfully

2021-02-18 20:34:37 - [MESSAGE][PASSED] - Object: 'Object Repository/HomePage/ChooseAFile' is clicked on

2021-02-18 20:34:39 - [MESSAGE][PASSED] - Delayed 2 second(s)

2021-02-18 20:34:41 - [MESSAGE][INFO] - Image Uploaded Sucsessfully

2021-02-18 20:34:43 - [MESSAGE][PASSED] - Delayed 2 second(s)

2021-02-18 20:34:43 - [MESSAGE][PASSED] - Text 'Microsoft Word' is present on page 

2021-02-18 20:34:43 - [MESSAGE][PASSED] - Keys 'Os-ARahman@projects.site.sa' sent to object: 'Object Repository/PublicUserHomePage/email_Input'

2021-02-18 20:34:44 - [MESSAGE][PASSED] - Object: 'Object Repository/PublicUserHomePage/SiteInspectTermsOfUse_CheckBox' is clicked on

2021-02-18 20:34:44 - [MESSAGE][PASSED] - Object: 'Object Repository/HomePage/startAnalysis_EnableBtn' is clicked on

2021-02-18 20:34:46 - [MESSAGE][PASSED] - Text 'Your submission was successful
The analysis results will be delivered to you via email' is present on page 

2021-02-18 20:34:46 - [MESSAGE][PASSED] - customKeywords.commanFunctions.uploadFileOfPublicUser is PASSED

2021-02-18 20:34:46 - [TEST_STEP][PASSED] - customKeywords.commanFunctions.onlyCloseBrowser(): customKeywords.commanFunctions.onlyCloseBrowser is PASSED

2021-02-18 20:34:47 - [MESSAGE][PASSED] - Browser is closed

2021-02-18 20:34:47 - [MESSAGE][PASSED] - customKeywords.commanFunctions.onlyCloseBrowser is PASSED]]></system-out>
         <system-err><![CDATA[]]></system-err>
      </testcase>
      <testcase name="Test Cases/UploadDiffFiles_PublicUser/TC_As a public user, Upload MS Access database File" time="20.245" classname="Test Cases/UploadDiffFiles_PublicUser/TC_As a public user, Upload MS Access database File" status="FAILED">
         <failure type="FAILED" message="Test Cases/UploadDiffFiles_PublicUser/TC_As a public user, Upload MS Access database File FAILED.
Reason:
com.kms.katalon.core.exception.StepFailedException: Unable to verify text 'MS Access database' is present 
	at com.kms.katalon.core.webui.keyword.internal.WebUIKeywordMain.stepFailed(WebUIKeywordMain.groovy:64)
	at com.kms.katalon.core.webui.keyword.internal.WebUIKeywordMain.runKeyword(WebUIKeywordMain.groovy:26)
	at com.kms.katalon.core.webui.keyword.builtin.VerifyTextPresentKeyword.verifyTextPresent(VerifyTextPresentKeyword.groovy:83)
	at com.kms.katalon.core.webui.keyword.builtin.VerifyTextPresentKeyword.execute(VerifyTextPresentKeyword.groovy:68)
	at com.kms.katalon.core.keyword.internal.KeywordExecutor.executeKeywordForPlatform(KeywordExecutor.groovy:73)
	at com.kms.katalon.core.webui.keyword.WebUiBuiltInKeywords.verifyTextPresent(WebUiBuiltInKeywords.groovy:1720)
	at com.kms.katalon.core.webui.keyword.WebUiBuiltInKeywords$verifyTextPresent$3.call(Unknown Source)
	at customKeywords.commanFunctions.UploadReqFile(commanFunctions.groovy:282)
	at customKeywords.commanFunctions.uploadFileOfPublicUser(commanFunctions.groovy:656)
	at customKeywords.commanFunctions.invokeMethod(commanFunctions.groovy)
	at com.kms.katalon.core.main.CustomKeywordDelegatingMetaClass.invokeStaticMethod(CustomKeywordDelegatingMetaClass.java:50)
	at TC_As a public user, Upload MS Access database File.run(TC_As a public user, Upload MS Access database File:14)
	at com.kms.katalon.core.main.ScriptEngine.run(ScriptEngine.java:194)
	at com.kms.katalon.core.main.ScriptEngine.runScriptAsRawText(ScriptEngine.java:119)
	at com.kms.katalon.core.main.TestCaseExecutor.runScript(TestCaseExecutor.java:394)
	at com.kms.katalon.core.main.TestCaseExecutor.doExecute(TestCaseExecutor.java:385)
	at com.kms.katalon.core.main.TestCaseExecutor.processExecutionPhase(TestCaseExecutor.java:364)
	at com.kms.katalon.core.main.TestCaseExecutor.accessMainPhase(TestCaseExecutor.java:356)
	at com.kms.katalon.core.main.TestCaseExecutor.execute(TestCaseExecutor.java:251)
	at com.kms.katalon.core.main.TestSuiteExecutor.accessTestCaseMainPhase(TestSuiteExecutor.java:203)
	at com.kms.katalon.core.main.TestSuiteExecutor.accessTestSuiteMainPhase(TestSuiteExecutor.java:152)
	at com.kms.katalon.core.main.TestSuiteExecutor.execute(TestSuiteExecutor.java:95)
	at com.kms.katalon.core.main.TestCaseMain.startTestSuite(TestCaseMain.java:157)
	at com.kms.katalon.core.main.TestCaseMain$startTestSuite$0.call(Unknown Source)
	at TempTestSuite1613660377298.run(TempTestSuite1613660377298.groovy:39)
Caused by: com.kms.katalon.core.exception.StepFailedException: Text 'MS Access database' is not present on page 
	at com.kms.katalon.core.webui.keyword.internal.WebUIKeywordMain.stepFailed(WebUIKeywordMain.groovy:64)
	at com.kms.katalon.core.webui.keyword.builtin.VerifyTextPresentKeyword$_verifyTextPresent_closure1.doCall(VerifyTextPresentKeyword.groovy:79)
	at com.kms.katalon.core.webui.keyword.builtin.VerifyTextPresentKeyword$_verifyTextPresent_closure1.call(VerifyTextPresentKeyword.groovy)
	at com.kms.katalon.core.webui.keyword.internal.WebUIKeywordMain.runKeyword(WebUIKeywordMain.groovy:20)
	... 23 more
"/>
         <system-out><![CDATA[2021-02-18 20:34:47 - [TEST_CASE][FAILED] - Test Cases/UploadDiffFiles_PublicUser/TC_As a public user, Upload MS Access database File: Test Cases/UploadDiffFiles_PublicUser/TC_As a public user, Upload MS Access database File FAILED.
Reason:
com.kms.katalon.core.exception.StepFailedException: Unable to verify text 'MS Access database' is present 
	at com.kms.katalon.core.webui.keyword.internal.WebUIKeywordMain.stepFailed(WebUIKeywordMain.groovy:64)
	at com.kms.katalon.core.webui.keyword.internal.WebUIKeywordMain.runKeyword(WebUIKeywordMain.groovy:26)
	at com.kms.katalon.core.webui.keyword.builtin.VerifyTextPresentKeyword.verifyTextPresent(VerifyTextPresentKeyword.groovy:83)
	at com.kms.katalon.core.webui.keyword.builtin.VerifyTextPresentKeyword.execute(VerifyTextPresentKeyword.groovy:68)
	at com.kms.katalon.core.keyword.internal.KeywordExecutor.executeKeywordForPlatform(KeywordExecutor.groovy:73)
	at com.kms.katalon.core.webui.keyword.WebUiBuiltInKeywords.verifyTextPresent(WebUiBuiltInKeywords.groovy:1720)
	at com.kms.katalon.core.webui.keyword.WebUiBuiltInKeywords$verifyTextPresent$3.call(Unknown Source)
	at customKeywords.commanFunctions.UploadReqFile(commanFunctions.groovy:282)
	at customKeywords.commanFunctions.uploadFileOfPublicUser(commanFunctions.groovy:656)
	at customKeywords.commanFunctions.invokeMethod(commanFunctions.groovy)
	at com.kms.katalon.core.main.CustomKeywordDelegatingMetaClass.invokeStaticMethod(CustomKeywordDelegatingMetaClass.java:50)
	at TC_As a public user, Upload MS Access database File.run(TC_As a public user, Upload MS Access database File:14)
	at com.kms.katalon.core.main.ScriptEngine.run(ScriptEngine.java:194)
	at com.kms.katalon.core.main.ScriptEngine.runScriptAsRawText(ScriptEngine.java:119)
	at com.kms.katalon.core.main.TestCaseExecutor.runScript(TestCaseExecutor.java:394)
	at com.kms.katalon.core.main.TestCaseExecutor.doExecute(TestCaseExecutor.java:385)
	at com.kms.katalon.core.main.TestCaseExecutor.processExecutionPhase(TestCaseExecutor.java:364)
	at com.kms.katalon.core.main.TestCaseExecutor.accessMainPhase(TestCaseExecutor.java:356)
	at com.kms.katalon.core.main.TestCaseExecutor.execute(TestCaseExecutor.java:251)
	at com.kms.katalon.core.main.TestSuiteExecutor.accessTestCaseMainPhase(TestSuiteExecutor.java:203)
	at com.kms.katalon.core.main.TestSuiteExecutor.accessTestSuiteMainPhase(TestSuiteExecutor.java:152)
	at com.kms.katalon.core.main.TestSuiteExecutor.execute(TestSuiteExecutor.java:95)
	at com.kms.katalon.core.main.TestCaseMain.startTestSuite(TestCaseMain.java:157)
	at com.kms.katalon.core.main.TestCaseMain$startTestSuite$0.call(Unknown Source)
	at TempTestSuite1613660377298.run(TempTestSuite1613660377298.groovy:39)
Caused by: com.kms.katalon.core.exception.StepFailedException: Text 'MS Access database' is not present on page 
	at com.kms.katalon.core.webui.keyword.internal.WebUIKeywordMain.stepFailed(WebUIKeywordMain.groovy:64)
	at com.kms.katalon.core.webui.keyword.builtin.VerifyTextPresentKeyword$_verifyTextPresent_closure1.doCall(VerifyTextPresentKeyword.groovy:79)
	at com.kms.katalon.core.webui.keyword.builtin.VerifyTextPresentKeyword$_verifyTextPresent_closure1.call(VerifyTextPresentKeyword.groovy)
	at com.kms.katalon.core.webui.keyword.internal.WebUIKeywordMain.runKeyword(WebUIKeywordMain.groovy:20)
	... 23 more


2021-02-18 20:34:47 - [TEST_STEP][PASSED] - excelTestData = findTestData("Data Files/TestData/InspectTestData"): null

2021-02-18 20:34:47 - [TEST_STEP][PASSED] - userEmail = excelTestData.getValue(2, 23): null

2021-02-18 20:34:47 - [TEST_STEP][FAILED] - customKeywords.commanFunctions.uploadFileOfPublicUser(342, userEmail): Unable to verify text 'MS Access database' is present 

2021-02-18 20:34:47 - [MESSAGE][INFO] - Starting 'Chrome' driver

2021-02-18 20:34:47 - [MESSAGE][INFO] - Action delay is set to 0 milliseconds

2021-02-18 20:34:57 - [MESSAGE][PASSED] - Browser is opened with url: 'https://Inspect.Stage.site.sa'

2021-02-18 20:34:59 - [MESSAGE][PASSED] - Current window maximized

2021-02-18 20:34:59 - [MESSAGE][PASSED] - Wait for page load successfully

2021-02-18 20:34:59 - [MESSAGE][PASSED] - Object: 'Object Repository/HomePage/ChooseAFile' is clicked on

2021-02-18 20:35:01 - [MESSAGE][PASSED] - Delayed 2 second(s)

2021-02-18 20:35:03 - [MESSAGE][INFO] - Image Uploaded Sucsessfully

2021-02-18 20:35:05 - [MESSAGE][PASSED] - Delayed 2 second(s)

2021-02-18 20:35:06 - [MESSAGE][FAILED] - Text 'MS Access database' is not present on page  (Root cause: com.kms.katalon.core.exception.StepFailedException: Text 'MS Access database' is not present on page 
	at com.kms.katalon.core.webui.keyword.internal.WebUIKeywordMain.stepFailed(WebUIKeywordMain.groovy:64)
	at com.kms.katalon.core.webui.keyword.builtin.VerifyTextPresentKeyword$_verifyTextPresent_closure1.doCall(VerifyTextPresentKeyword.groovy:79)
	at com.kms.katalon.core.webui.keyword.builtin.VerifyTextPresentKeyword$_verifyTextPresent_closure1.call(VerifyTextPresentKeyword.groovy)
	at com.kms.katalon.core.webui.keyword.internal.WebUIKeywordMain.runKeyword(WebUIKeywordMain.groovy:20)
	at com.kms.katalon.core.webui.keyword.builtin.VerifyTextPresentKeyword.verifyTextPresent(VerifyTextPresentKeyword.groovy:83)
	at com.kms.katalon.core.webui.keyword.builtin.VerifyTextPresentKeyword.execute(VerifyTextPresentKeyword.groovy:68)
	at com.kms.katalon.core.keyword.internal.KeywordExecutor.executeKeywordForPlatform(KeywordExecutor.groovy:73)
	at com.kms.katalon.core.webui.keyword.WebUiBuiltInKeywords.verifyTextPresent(WebUiBuiltInKeywords.groovy:1720)
	at com.kms.katalon.core.webui.keyword.WebUiBuiltInKeywords$verifyTextPresent$3.call(Unknown Source)
	at customKeywords.commanFunctions.UploadReqFile(commanFunctions.groovy:282)
	at customKeywords.commanFunctions.uploadFileOfPublicUser(commanFunctions.groovy:656)
	at customKeywords.commanFunctions.invokeMethod(commanFunctions.groovy)
	at com.kms.katalon.core.main.CustomKeywordDelegatingMetaClass.invokeStaticMethod(CustomKeywordDelegatingMetaClass.java:50)
	at TC_As a public user, Upload MS Access database File.run(TC_As a public user, Upload MS Access database File:14)
	at com.kms.katalon.core.main.ScriptEngine.run(ScriptEngine.java:194)
	at com.kms.katalon.core.main.ScriptEngine.runScriptAsRawText(ScriptEngine.java:119)
	at com.kms.katalon.core.main.TestCaseExecutor.runScript(TestCaseExecutor.java:394)
	at com.kms.katalon.core.main.TestCaseExecutor.doExecute(TestCaseExecutor.java:385)
	at com.kms.katalon.core.main.TestCaseExecutor.processExecutionPhase(TestCaseExecutor.java:364)
	at com.kms.katalon.core.main.TestCaseExecutor.accessMainPhase(TestCaseExecutor.java:356)
	at com.kms.katalon.core.main.TestCaseExecutor.execute(TestCaseExecutor.java:251)
	at com.kms.katalon.core.main.TestSuiteExecutor.accessTestCaseMainPhase(TestSuiteExecutor.java:203)
	at com.kms.katalon.core.main.TestSuiteExecutor.accessTestSuiteMainPhase(TestSuiteExecutor.java:152)
	at com.kms.katalon.core.main.TestSuiteExecutor.execute(TestSuiteExecutor.java:95)
	at com.kms.katalon.core.main.TestCaseMain.startTestSuite(TestCaseMain.java:157)
	at com.kms.katalon.core.main.TestCaseMain$startTestSuite$0.call(Unknown Source)
	at TempTestSuite1613660377298.run(TempTestSuite1613660377298.groovy:39)
)

2021-02-18 20:35:06 - [MESSAGE][FAILED] - Unable to verify text 'MS Access database' is present  (Root cause: com.kms.katalon.core.exception.StepFailedException: Unable to verify text 'MS Access database' is present 
	at com.kms.katalon.core.webui.keyword.internal.WebUIKeywordMain.stepFailed(WebUIKeywordMain.groovy:64)
	at com.kms.katalon.core.webui.keyword.internal.WebUIKeywordMain.runKeyword(WebUIKeywordMain.groovy:26)
	at com.kms.katalon.core.webui.keyword.builtin.VerifyTextPresentKeyword.verifyTextPresent(VerifyTextPresentKeyword.groovy:83)
	at com.kms.katalon.core.webui.keyword.builtin.VerifyTextPresentKeyword.execute(VerifyTextPresentKeyword.groovy:68)
	at com.kms.katalon.core.keyword.internal.KeywordExecutor.executeKeywordForPlatform(KeywordExecutor.groovy:73)
	at com.kms.katalon.core.webui.keyword.WebUiBuiltInKeywords.verifyTextPresent(WebUiBuiltInKeywords.groovy:1720)
	at com.kms.katalon.core.webui.keyword.WebUiBuiltInKeywords$verifyTextPresent$3.call(Unknown Source)
	at customKeywords.commanFunctions.UploadReqFile(commanFunctions.groovy:282)
	at customKeywords.commanFunctions.uploadFileOfPublicUser(commanFunctions.groovy:656)
	at customKeywords.commanFunctions.invokeMethod(commanFunctions.groovy)
	at com.kms.katalon.core.main.CustomKeywordDelegatingMetaClass.invokeStaticMethod(CustomKeywordDelegatingMetaClass.java:50)
	at TC_As a public user, Upload MS Access database File.run(TC_As a public user, Upload MS Access database File:14)
	at com.kms.katalon.core.main.ScriptEngine.run(ScriptEngine.java:194)
	at com.kms.katalon.core.main.ScriptEngine.runScriptAsRawText(ScriptEngine.java:119)
	at com.kms.katalon.core.main.TestCaseExecutor.runScript(TestCaseExecutor.java:394)
	at com.kms.katalon.core.main.TestCaseExecutor.doExecute(TestCaseExecutor.java:385)
	at com.kms.katalon.core.main.TestCaseExecutor.processExecutionPhase(TestCaseExecutor.java:364)
	at com.kms.katalon.core.main.TestCaseExecutor.accessMainPhase(TestCaseExecutor.java:356)
	at com.kms.katalon.core.main.TestCaseExecutor.execute(TestCaseExecutor.java:251)
	at com.kms.katalon.core.main.TestSuiteExecutor.accessTestCaseMainPhase(TestSuiteExecutor.java:203)
	at com.kms.katalon.core.main.TestSuiteExecutor.accessTestSuiteMainPhase(TestSuiteExecutor.java:152)
	at com.kms.katalon.core.main.TestSuiteExecutor.execute(TestSuiteExecutor.java:95)
	at com.kms.katalon.core.main.TestCaseMain.startTestSuite(TestCaseMain.java:157)
	at com.kms.katalon.core.main.TestCaseMain$startTestSuite$0.call(Unknown Source)
	at TempTestSuite1613660377298.run(TempTestSuite1613660377298.groovy:39)
Caused by: com.kms.katalon.core.exception.StepFailedException: Text 'MS Access database' is not present on page 
	at com.kms.katalon.core.webui.keyword.internal.WebUIKeywordMain.stepFailed(WebUIKeywordMain.groovy:64)
	at com.kms.katalon.core.webui.keyword.builtin.VerifyTextPresentKeyword$_verifyTextPresent_closure1.doCall(VerifyTextPresentKeyword.groovy:79)
	at com.kms.katalon.core.webui.keyword.builtin.VerifyTextPresentKeyword$_verifyTextPresent_closure1.call(VerifyTextPresentKeyword.groovy)
	at com.kms.katalon.core.webui.keyword.internal.WebUIKeywordMain.runKeyword(WebUIKeywordMain.groovy:20)
	... 23 more
)
[[ATTACHMENT|E:\\Inspect\\15022021\\SiteInspectAutomation\\Reports\\20210218_202932\\Regression_Suite\\PublicUser_Suite\\PublicUser_UploadFiles\\20210218_202937\\1613660706207.png]]

2021-02-18 20:35:06 - [MESSAGE][FAILED] - Unable to verify text 'MS Access database' is present 

2021-02-18 20:35:06 - [TEST_STEP][PASSED] - Start tear down : tearDownMethodIfFailed: Method 'tearDownMethodIfFailed' complete successfully

2021-02-18 20:35:06 - [TEST_STEP][PASSED] - customKeywords.commanFunctions.onlyCloseBrowser(): customKeywords.commanFunctions.onlyCloseBrowser is PASSED

2021-02-18 20:35:07 - [MESSAGE][PASSED] - Browser is closed

2021-02-18 20:35:07 - [MESSAGE][PASSED] - customKeywords.commanFunctions.onlyCloseBrowser is PASSED

2021-02-18 20:35:07 - [TEST_STEP][PASSED] - logInfo("[--------This is tearDownIfFailed method------]"): [--------This is tearDownIfFailed method------]

2021-02-18 20:35:07 - [MESSAGE][INFO] - [--------This is tearDownIfFailed method------]

2021-02-18 20:35:07 - [MESSAGE][PASSED] - Method 'tearDownMethodIfFailed' complete successfully]]></system-out>
         <system-err><![CDATA[2021-02-18 20:34:47 - [TEST_CASE][FAILED] - Test Cases/UploadDiffFiles_PublicUser/TC_As a public user, Upload MS Access database File: Test Cases/UploadDiffFiles_PublicUser/TC_As a public user, Upload MS Access database File FAILED.
Reason:
com.kms.katalon.core.exception.StepFailedException: Unable to verify text 'MS Access database' is present 
	at com.kms.katalon.core.webui.keyword.internal.WebUIKeywordMain.stepFailed(WebUIKeywordMain.groovy:64)
	at com.kms.katalon.core.webui.keyword.internal.WebUIKeywordMain.runKeyword(WebUIKeywordMain.groovy:26)
	at com.kms.katalon.core.webui.keyword.builtin.VerifyTextPresentKeyword.verifyTextPresent(VerifyTextPresentKeyword.groovy:83)
	at com.kms.katalon.core.webui.keyword.builtin.VerifyTextPresentKeyword.execute(VerifyTextPresentKeyword.groovy:68)
	at com.kms.katalon.core.keyword.internal.KeywordExecutor.executeKeywordForPlatform(KeywordExecutor.groovy:73)
	at com.kms.katalon.core.webui.keyword.WebUiBuiltInKeywords.verifyTextPresent(WebUiBuiltInKeywords.groovy:1720)
	at com.kms.katalon.core.webui.keyword.WebUiBuiltInKeywords$verifyTextPresent$3.call(Unknown Source)
	at customKeywords.commanFunctions.UploadReqFile(commanFunctions.groovy:282)
	at customKeywords.commanFunctions.uploadFileOfPublicUser(commanFunctions.groovy:656)
	at customKeywords.commanFunctions.invokeMethod(commanFunctions.groovy)
	at com.kms.katalon.core.main.CustomKeywordDelegatingMetaClass.invokeStaticMethod(CustomKeywordDelegatingMetaClass.java:50)
	at TC_As a public user, Upload MS Access database File.run(TC_As a public user, Upload MS Access database File:14)
	at com.kms.katalon.core.main.ScriptEngine.run(ScriptEngine.java:194)
	at com.kms.katalon.core.main.ScriptEngine.runScriptAsRawText(ScriptEngine.java:119)
	at com.kms.katalon.core.main.TestCaseExecutor.runScript(TestCaseExecutor.java:394)
	at com.kms.katalon.core.main.TestCaseExecutor.doExecute(TestCaseExecutor.java:385)
	at com.kms.katalon.core.main.TestCaseExecutor.processExecutionPhase(TestCaseExecutor.java:364)
	at com.kms.katalon.core.main.TestCaseExecutor.accessMainPhase(TestCaseExecutor.java:356)
	at com.kms.katalon.core.main.TestCaseExecutor.execute(TestCaseExecutor.java:251)
	at com.kms.katalon.core.main.TestSuiteExecutor.accessTestCaseMainPhase(TestSuiteExecutor.java:203)
	at com.kms.katalon.core.main.TestSuiteExecutor.accessTestSuiteMainPhase(TestSuiteExecutor.java:152)
	at com.kms.katalon.core.main.TestSuiteExecutor.execute(TestSuiteExecutor.java:95)
	at com.kms.katalon.core.main.TestCaseMain.startTestSuite(TestCaseMain.java:157)
	at com.kms.katalon.core.main.TestCaseMain$startTestSuite$0.call(Unknown Source)
	at TempTestSuite1613660377298.run(TempTestSuite1613660377298.groovy:39)
Caused by: com.kms.katalon.core.exception.StepFailedException: Text 'MS Access database' is not present on page 
	at com.kms.katalon.core.webui.keyword.internal.WebUIKeywordMain.stepFailed(WebUIKeywordMain.groovy:64)
	at com.kms.katalon.core.webui.keyword.builtin.VerifyTextPresentKeyword$_verifyTextPresent_closure1.doCall(VerifyTextPresentKeyword.groovy:79)
	at com.kms.katalon.core.webui.keyword.builtin.VerifyTextPresentKeyword$_verifyTextPresent_closure1.call(VerifyTextPresentKeyword.groovy)
	at com.kms.katalon.core.webui.keyword.internal.WebUIKeywordMain.runKeyword(WebUIKeywordMain.groovy:20)
	... 23 more]]></system-err>
      </testcase>
      <testcase name="Test Cases/UploadDiffFiles_PublicUser/TC_As a public user, Upload MS Works File" time="20.553" classname="Test Cases/UploadDiffFiles_PublicUser/TC_As a public user, Upload MS Works File" status="FAILED">
         <failure type="FAILED" message="Test Cases/UploadDiffFiles_PublicUser/TC_As a public user, Upload MS Works File FAILED.
Reason:
com.kms.katalon.core.exception.StepFailedException: Unable to verify text 'MS Works' is present 
	at com.kms.katalon.core.webui.keyword.internal.WebUIKeywordMain.stepFailed(WebUIKeywordMain.groovy:64)
	at com.kms.katalon.core.webui.keyword.internal.WebUIKeywordMain.runKeyword(WebUIKeywordMain.groovy:26)
	at com.kms.katalon.core.webui.keyword.builtin.VerifyTextPresentKeyword.verifyTextPresent(VerifyTextPresentKeyword.groovy:83)
	at com.kms.katalon.core.webui.keyword.builtin.VerifyTextPresentKeyword.execute(VerifyTextPresentKeyword.groovy:68)
	at com.kms.katalon.core.keyword.internal.KeywordExecutor.executeKeywordForPlatform(KeywordExecutor.groovy:73)
	at com.kms.katalon.core.webui.keyword.WebUiBuiltInKeywords.verifyTextPresent(WebUiBuiltInKeywords.groovy:1720)
	at com.kms.katalon.core.webui.keyword.WebUiBuiltInKeywords$verifyTextPresent$3.call(Unknown Source)
	at customKeywords.commanFunctions.UploadReqFile(commanFunctions.groovy:282)
	at customKeywords.commanFunctions.uploadFileOfPublicUser(commanFunctions.groovy:656)
	at customKeywords.commanFunctions.invokeMethod(commanFunctions.groovy)
	at com.kms.katalon.core.main.CustomKeywordDelegatingMetaClass.invokeStaticMethod(CustomKeywordDelegatingMetaClass.java:50)
	at TC_As a public user, Upload MS Works File.run(TC_As a public user, Upload MS Works File:14)
	at com.kms.katalon.core.main.ScriptEngine.run(ScriptEngine.java:194)
	at com.kms.katalon.core.main.ScriptEngine.runScriptAsRawText(ScriptEngine.java:119)
	at com.kms.katalon.core.main.TestCaseExecutor.runScript(TestCaseExecutor.java:394)
	at com.kms.katalon.core.main.TestCaseExecutor.doExecute(TestCaseExecutor.java:385)
	at com.kms.katalon.core.main.TestCaseExecutor.processExecutionPhase(TestCaseExecutor.java:364)
	at com.kms.katalon.core.main.TestCaseExecutor.accessMainPhase(TestCaseExecutor.java:356)
	at com.kms.katalon.core.main.TestCaseExecutor.execute(TestCaseExecutor.java:251)
	at com.kms.katalon.core.main.TestSuiteExecutor.accessTestCaseMainPhase(TestSuiteExecutor.java:203)
	at com.kms.katalon.core.main.TestSuiteExecutor.accessTestSuiteMainPhase(TestSuiteExecutor.java:152)
	at com.kms.katalon.core.main.TestSuiteExecutor.execute(TestSuiteExecutor.java:95)
	at com.kms.katalon.core.main.TestCaseMain.startTestSuite(TestCaseMain.java:157)
	at com.kms.katalon.core.main.TestCaseMain$startTestSuite$0.call(Unknown Source)
	at TempTestSuite1613660377298.run(TempTestSuite1613660377298.groovy:39)
Caused by: com.kms.katalon.core.exception.StepFailedException: Text 'MS Works' is not present on page 
	at com.kms.katalon.core.webui.keyword.internal.WebUIKeywordMain.stepFailed(WebUIKeywordMain.groovy:64)
	at com.kms.katalon.core.webui.keyword.builtin.VerifyTextPresentKeyword$_verifyTextPresent_closure1.doCall(VerifyTextPresentKeyword.groovy:79)
	at com.kms.katalon.core.webui.keyword.builtin.VerifyTextPresentKeyword$_verifyTextPresent_closure1.call(VerifyTextPresentKeyword.groovy)
	at com.kms.katalon.core.webui.keyword.internal.WebUIKeywordMain.runKeyword(WebUIKeywordMain.groovy:20)
	... 23 more
"/>
         <system-out><![CDATA[2021-02-18 20:35:07 - [TEST_CASE][FAILED] - Test Cases/UploadDiffFiles_PublicUser/TC_As a public user, Upload MS Works File: Test Cases/UploadDiffFiles_PublicUser/TC_As a public user, Upload MS Works File FAILED.
Reason:
com.kms.katalon.core.exception.StepFailedException: Unable to verify text 'MS Works' is present 
	at com.kms.katalon.core.webui.keyword.internal.WebUIKeywordMain.stepFailed(WebUIKeywordMain.groovy:64)
	at com.kms.katalon.core.webui.keyword.internal.WebUIKeywordMain.runKeyword(WebUIKeywordMain.groovy:26)
	at com.kms.katalon.core.webui.keyword.builtin.VerifyTextPresentKeyword.verifyTextPresent(VerifyTextPresentKeyword.groovy:83)
	at com.kms.katalon.core.webui.keyword.builtin.VerifyTextPresentKeyword.execute(VerifyTextPresentKeyword.groovy:68)
	at com.kms.katalon.core.keyword.internal.KeywordExecutor.executeKeywordForPlatform(KeywordExecutor.groovy:73)
	at com.kms.katalon.core.webui.keyword.WebUiBuiltInKeywords.verifyTextPresent(WebUiBuiltInKeywords.groovy:1720)
	at com.kms.katalon.core.webui.keyword.WebUiBuiltInKeywords$verifyTextPresent$3.call(Unknown Source)
	at customKeywords.commanFunctions.UploadReqFile(commanFunctions.groovy:282)
	at customKeywords.commanFunctions.uploadFileOfPublicUser(commanFunctions.groovy:656)
	at customKeywords.commanFunctions.invokeMethod(commanFunctions.groovy)
	at com.kms.katalon.core.main.CustomKeywordDelegatingMetaClass.invokeStaticMethod(CustomKeywordDelegatingMetaClass.java:50)
	at TC_As a public user, Upload MS Works File.run(TC_As a public user, Upload MS Works File:14)
	at com.kms.katalon.core.main.ScriptEngine.run(ScriptEngine.java:194)
	at com.kms.katalon.core.main.ScriptEngine.runScriptAsRawText(ScriptEngine.java:119)
	at com.kms.katalon.core.main.TestCaseExecutor.runScript(TestCaseExecutor.java:394)
	at com.kms.katalon.core.main.TestCaseExecutor.doExecute(TestCaseExecutor.java:385)
	at com.kms.katalon.core.main.TestCaseExecutor.processExecutionPhase(TestCaseExecutor.java:364)
	at com.kms.katalon.core.main.TestCaseExecutor.accessMainPhase(TestCaseExecutor.java:356)
	at com.kms.katalon.core.main.TestCaseExecutor.execute(TestCaseExecutor.java:251)
	at com.kms.katalon.core.main.TestSuiteExecutor.accessTestCaseMainPhase(TestSuiteExecutor.java:203)
	at com.kms.katalon.core.main.TestSuiteExecutor.accessTestSuiteMainPhase(TestSuiteExecutor.java:152)
	at com.kms.katalon.core.main.TestSuiteExecutor.execute(TestSuiteExecutor.java:95)
	at com.kms.katalon.core.main.TestCaseMain.startTestSuite(TestCaseMain.java:157)
	at com.kms.katalon.core.main.TestCaseMain$startTestSuite$0.call(Unknown Source)
	at TempTestSuite1613660377298.run(TempTestSuite1613660377298.groovy:39)
Caused by: com.kms.katalon.core.exception.StepFailedException: Text 'MS Works' is not present on page 
	at com.kms.katalon.core.webui.keyword.internal.WebUIKeywordMain.stepFailed(WebUIKeywordMain.groovy:64)
	at com.kms.katalon.core.webui.keyword.builtin.VerifyTextPresentKeyword$_verifyTextPresent_closure1.doCall(VerifyTextPresentKeyword.groovy:79)
	at com.kms.katalon.core.webui.keyword.builtin.VerifyTextPresentKeyword$_verifyTextPresent_closure1.call(VerifyTextPresentKeyword.groovy)
	at com.kms.katalon.core.webui.keyword.internal.WebUIKeywordMain.runKeyword(WebUIKeywordMain.groovy:20)
	... 23 more


2021-02-18 20:35:07 - [TEST_STEP][PASSED] - excelTestData = findTestData("Data Files/TestData/InspectTestData"): null

2021-02-18 20:35:07 - [TEST_STEP][PASSED] - userEmail = excelTestData.getValue(2, 23): null

2021-02-18 20:35:07 - [TEST_STEP][FAILED] - customKeywords.commanFunctions.uploadFileOfPublicUser(362, userEmail): Unable to verify text 'MS Works' is present 

2021-02-18 20:35:08 - [MESSAGE][INFO] - Starting 'Chrome' driver

2021-02-18 20:35:08 - [MESSAGE][INFO] - Action delay is set to 0 milliseconds

2021-02-18 20:35:17 - [MESSAGE][PASSED] - Browser is opened with url: 'https://Inspect.Stage.site.sa'

2021-02-18 20:35:19 - [MESSAGE][PASSED] - Current window maximized

2021-02-18 20:35:19 - [MESSAGE][PASSED] - Wait for page load successfully

2021-02-18 20:35:20 - [MESSAGE][PASSED] - Object: 'Object Repository/HomePage/ChooseAFile' is clicked on

2021-02-18 20:35:22 - [MESSAGE][PASSED] - Delayed 2 second(s)

2021-02-18 20:35:24 - [MESSAGE][INFO] - Image Uploaded Sucsessfully

2021-02-18 20:35:26 - [MESSAGE][PASSED] - Delayed 2 second(s)

2021-02-18 20:35:26 - [MESSAGE][FAILED] - Text 'MS Works' is not present on page  (Root cause: com.kms.katalon.core.exception.StepFailedException: Text 'MS Works' is not present on page 
	at com.kms.katalon.core.webui.keyword.internal.WebUIKeywordMain.stepFailed(WebUIKeywordMain.groovy:64)
	at com.kms.katalon.core.webui.keyword.builtin.VerifyTextPresentKeyword$_verifyTextPresent_closure1.doCall(VerifyTextPresentKeyword.groovy:79)
	at com.kms.katalon.core.webui.keyword.builtin.VerifyTextPresentKeyword$_verifyTextPresent_closure1.call(VerifyTextPresentKeyword.groovy)
	at com.kms.katalon.core.webui.keyword.internal.WebUIKeywordMain.runKeyword(WebUIKeywordMain.groovy:20)
	at com.kms.katalon.core.webui.keyword.builtin.VerifyTextPresentKeyword.verifyTextPresent(VerifyTextPresentKeyword.groovy:83)
	at com.kms.katalon.core.webui.keyword.builtin.VerifyTextPresentKeyword.execute(VerifyTextPresentKeyword.groovy:68)
	at com.kms.katalon.core.keyword.internal.KeywordExecutor.executeKeywordForPlatform(KeywordExecutor.groovy:73)
	at com.kms.katalon.core.webui.keyword.WebUiBuiltInKeywords.verifyTextPresent(WebUiBuiltInKeywords.groovy:1720)
	at com.kms.katalon.core.webui.keyword.WebUiBuiltInKeywords$verifyTextPresent$3.call(Unknown Source)
	at customKeywords.commanFunctions.UploadReqFile(commanFunctions.groovy:282)
	at customKeywords.commanFunctions.uploadFileOfPublicUser(commanFunctions.groovy:656)
	at customKeywords.commanFunctions.invokeMethod(commanFunctions.groovy)
	at com.kms.katalon.core.main.CustomKeywordDelegatingMetaClass.invokeStaticMethod(CustomKeywordDelegatingMetaClass.java:50)
	at TC_As a public user, Upload MS Works File.run(TC_As a public user, Upload MS Works File:14)
	at com.kms.katalon.core.main.ScriptEngine.run(ScriptEngine.java:194)
	at com.kms.katalon.core.main.ScriptEngine.runScriptAsRawText(ScriptEngine.java:119)
	at com.kms.katalon.core.main.TestCaseExecutor.runScript(TestCaseExecutor.java:394)
	at com.kms.katalon.core.main.TestCaseExecutor.doExecute(TestCaseExecutor.java:385)
	at com.kms.katalon.core.main.TestCaseExecutor.processExecutionPhase(TestCaseExecutor.java:364)
	at com.kms.katalon.core.main.TestCaseExecutor.accessMainPhase(TestCaseExecutor.java:356)
	at com.kms.katalon.core.main.TestCaseExecutor.execute(TestCaseExecutor.java:251)
	at com.kms.katalon.core.main.TestSuiteExecutor.accessTestCaseMainPhase(TestSuiteExecutor.java:203)
	at com.kms.katalon.core.main.TestSuiteExecutor.accessTestSuiteMainPhase(TestSuiteExecutor.java:152)
	at com.kms.katalon.core.main.TestSuiteExecutor.execute(TestSuiteExecutor.java:95)
	at com.kms.katalon.core.main.TestCaseMain.startTestSuite(TestCaseMain.java:157)
	at com.kms.katalon.core.main.TestCaseMain$startTestSuite$0.call(Unknown Source)
	at TempTestSuite1613660377298.run(TempTestSuite1613660377298.groovy:39)
)

2021-02-18 20:35:27 - [MESSAGE][FAILED] - Unable to verify text 'MS Works' is present  (Root cause: com.kms.katalon.core.exception.StepFailedException: Unable to verify text 'MS Works' is present 
	at com.kms.katalon.core.webui.keyword.internal.WebUIKeywordMain.stepFailed(WebUIKeywordMain.groovy:64)
	at com.kms.katalon.core.webui.keyword.internal.WebUIKeywordMain.runKeyword(WebUIKeywordMain.groovy:26)
	at com.kms.katalon.core.webui.keyword.builtin.VerifyTextPresentKeyword.verifyTextPresent(VerifyTextPresentKeyword.groovy:83)
	at com.kms.katalon.core.webui.keyword.builtin.VerifyTextPresentKeyword.execute(VerifyTextPresentKeyword.groovy:68)
	at com.kms.katalon.core.keyword.internal.KeywordExecutor.executeKeywordForPlatform(KeywordExecutor.groovy:73)
	at com.kms.katalon.core.webui.keyword.WebUiBuiltInKeywords.verifyTextPresent(WebUiBuiltInKeywords.groovy:1720)
	at com.kms.katalon.core.webui.keyword.WebUiBuiltInKeywords$verifyTextPresent$3.call(Unknown Source)
	at customKeywords.commanFunctions.UploadReqFile(commanFunctions.groovy:282)
	at customKeywords.commanFunctions.uploadFileOfPublicUser(commanFunctions.groovy:656)
	at customKeywords.commanFunctions.invokeMethod(commanFunctions.groovy)
	at com.kms.katalon.core.main.CustomKeywordDelegatingMetaClass.invokeStaticMethod(CustomKeywordDelegatingMetaClass.java:50)
	at TC_As a public user, Upload MS Works File.run(TC_As a public user, Upload MS Works File:14)
	at com.kms.katalon.core.main.ScriptEngine.run(ScriptEngine.java:194)
	at com.kms.katalon.core.main.ScriptEngine.runScriptAsRawText(ScriptEngine.java:119)
	at com.kms.katalon.core.main.TestCaseExecutor.runScript(TestCaseExecutor.java:394)
	at com.kms.katalon.core.main.TestCaseExecutor.doExecute(TestCaseExecutor.java:385)
	at com.kms.katalon.core.main.TestCaseExecutor.processExecutionPhase(TestCaseExecutor.java:364)
	at com.kms.katalon.core.main.TestCaseExecutor.accessMainPhase(TestCaseExecutor.java:356)
	at com.kms.katalon.core.main.TestCaseExecutor.execute(TestCaseExecutor.java:251)
	at com.kms.katalon.core.main.TestSuiteExecutor.accessTestCaseMainPhase(TestSuiteExecutor.java:203)
	at com.kms.katalon.core.main.TestSuiteExecutor.accessTestSuiteMainPhase(TestSuiteExecutor.java:152)
	at com.kms.katalon.core.main.TestSuiteExecutor.execute(TestSuiteExecutor.java:95)
	at com.kms.katalon.core.main.TestCaseMain.startTestSuite(TestCaseMain.java:157)
	at com.kms.katalon.core.main.TestCaseMain$startTestSuite$0.call(Unknown Source)
	at TempTestSuite1613660377298.run(TempTestSuite1613660377298.groovy:39)
Caused by: com.kms.katalon.core.exception.StepFailedException: Text 'MS Works' is not present on page 
	at com.kms.katalon.core.webui.keyword.internal.WebUIKeywordMain.stepFailed(WebUIKeywordMain.groovy:64)
	at com.kms.katalon.core.webui.keyword.builtin.VerifyTextPresentKeyword$_verifyTextPresent_closure1.doCall(VerifyTextPresentKeyword.groovy:79)
	at com.kms.katalon.core.webui.keyword.builtin.VerifyTextPresentKeyword$_verifyTextPresent_closure1.call(VerifyTextPresentKeyword.groovy)
	at com.kms.katalon.core.webui.keyword.internal.WebUIKeywordMain.runKeyword(WebUIKeywordMain.groovy:20)
	... 23 more
)
[[ATTACHMENT|E:\\Inspect\\15022021\\SiteInspectAutomation\\Reports\\20210218_202932\\Regression_Suite\\PublicUser_Suite\\PublicUser_UploadFiles\\20210218_202937\\1613660726714.png]]

2021-02-18 20:35:27 - [MESSAGE][FAILED] - Unable to verify text 'MS Works' is present 

2021-02-18 20:35:27 - [TEST_STEP][PASSED] - Start tear down : tearDownMethodIfFailed: Method 'tearDownMethodIfFailed' complete successfully

2021-02-18 20:35:27 - [TEST_STEP][PASSED] - customKeywords.commanFunctions.onlyCloseBrowser(): customKeywords.commanFunctions.onlyCloseBrowser is PASSED

2021-02-18 20:35:28 - [MESSAGE][PASSED] - Browser is closed

2021-02-18 20:35:28 - [MESSAGE][PASSED] - customKeywords.commanFunctions.onlyCloseBrowser is PASSED

2021-02-18 20:35:28 - [TEST_STEP][PASSED] - logInfo("[--------This is tearDownIfFailed method------]"): [--------This is tearDownIfFailed method------]

2021-02-18 20:35:28 - [MESSAGE][INFO] - [--------This is tearDownIfFailed method------]

2021-02-18 20:35:28 - [MESSAGE][PASSED] - Method 'tearDownMethodIfFailed' complete successfully]]></system-out>
         <system-err><![CDATA[2021-02-18 20:35:07 - [TEST_CASE][FAILED] - Test Cases/UploadDiffFiles_PublicUser/TC_As a public user, Upload MS Works File: Test Cases/UploadDiffFiles_PublicUser/TC_As a public user, Upload MS Works File FAILED.
Reason:
com.kms.katalon.core.exception.StepFailedException: Unable to verify text 'MS Works' is present 
	at com.kms.katalon.core.webui.keyword.internal.WebUIKeywordMain.stepFailed(WebUIKeywordMain.groovy:64)
	at com.kms.katalon.core.webui.keyword.internal.WebUIKeywordMain.runKeyword(WebUIKeywordMain.groovy:26)
	at com.kms.katalon.core.webui.keyword.builtin.VerifyTextPresentKeyword.verifyTextPresent(VerifyTextPresentKeyword.groovy:83)
	at com.kms.katalon.core.webui.keyword.builtin.VerifyTextPresentKeyword.execute(VerifyTextPresentKeyword.groovy:68)
	at com.kms.katalon.core.keyword.internal.KeywordExecutor.executeKeywordForPlatform(KeywordExecutor.groovy:73)
	at com.kms.katalon.core.webui.keyword.WebUiBuiltInKeywords.verifyTextPresent(WebUiBuiltInKeywords.groovy:1720)
	at com.kms.katalon.core.webui.keyword.WebUiBuiltInKeywords$verifyTextPresent$3.call(Unknown Source)
	at customKeywords.commanFunctions.UploadReqFile(commanFunctions.groovy:282)
	at customKeywords.commanFunctions.uploadFileOfPublicUser(commanFunctions.groovy:656)
	at customKeywords.commanFunctions.invokeMethod(commanFunctions.groovy)
	at com.kms.katalon.core.main.CustomKeywordDelegatingMetaClass.invokeStaticMethod(CustomKeywordDelegatingMetaClass.java:50)
	at TC_As a public user, Upload MS Works File.run(TC_As a public user, Upload MS Works File:14)
	at com.kms.katalon.core.main.ScriptEngine.run(ScriptEngine.java:194)
	at com.kms.katalon.core.main.ScriptEngine.runScriptAsRawText(ScriptEngine.java:119)
	at com.kms.katalon.core.main.TestCaseExecutor.runScript(TestCaseExecutor.java:394)
	at com.kms.katalon.core.main.TestCaseExecutor.doExecute(TestCaseExecutor.java:385)
	at com.kms.katalon.core.main.TestCaseExecutor.processExecutionPhase(TestCaseExecutor.java:364)
	at com.kms.katalon.core.main.TestCaseExecutor.accessMainPhase(TestCaseExecutor.java:356)
	at com.kms.katalon.core.main.TestCaseExecutor.execute(TestCaseExecutor.java:251)
	at com.kms.katalon.core.main.TestSuiteExecutor.accessTestCaseMainPhase(TestSuiteExecutor.java:203)
	at com.kms.katalon.core.main.TestSuiteExecutor.accessTestSuiteMainPhase(TestSuiteExecutor.java:152)
	at com.kms.katalon.core.main.TestSuiteExecutor.execute(TestSuiteExecutor.java:95)
	at com.kms.katalon.core.main.TestCaseMain.startTestSuite(TestCaseMain.java:157)
	at com.kms.katalon.core.main.TestCaseMain$startTestSuite$0.call(Unknown Source)
	at TempTestSuite1613660377298.run(TempTestSuite1613660377298.groovy:39)
Caused by: com.kms.katalon.core.exception.StepFailedException: Text 'MS Works' is not present on page 
	at com.kms.katalon.core.webui.keyword.internal.WebUIKeywordMain.stepFailed(WebUIKeywordMain.groovy:64)
	at com.kms.katalon.core.webui.keyword.builtin.VerifyTextPresentKeyword$_verifyTextPresent_closure1.doCall(VerifyTextPresentKeyword.groovy:79)
	at com.kms.katalon.core.webui.keyword.builtin.VerifyTextPresentKeyword$_verifyTextPresent_closure1.call(VerifyTextPresentKeyword.groovy)
	at com.kms.katalon.core.webui.keyword.internal.WebUIKeywordMain.runKeyword(WebUIKeywordMain.groovy:20)
	... 23 more]]></system-err>
      </testcase>
      <testcase name="Test Cases/UploadDiffFiles_PublicUser/TC_As a public user, Upload Multimedia File" time="22.43" classname="Test Cases/UploadDiffFiles_PublicUser/TC_As a public user, Upload Multimedia File" status="PASSED">
         <system-out><![CDATA[2021-02-18 20:35:28 - [TEST_CASE][PASSED] - Test Cases/UploadDiffFiles_PublicUser/TC_As a public user, Upload Multimedia File: Test Cases/UploadDiffFiles_PublicUser/TC_As a public user, Upload Multimedia File

2021-02-18 20:35:28 - [TEST_STEP][PASSED] - excelTestData = findTestData("Data Files/TestData/InspectTestData"): null

2021-02-18 20:35:28 - [TEST_STEP][PASSED] - userEmail = excelTestData.getValue(2, 23): null

2021-02-18 20:35:28 - [TEST_STEP][PASSED] - customKeywords.commanFunctions.uploadFileOfPublicUser(244, userEmail): customKeywords.commanFunctions.uploadFileOfPublicUser is PASSED

2021-02-18 20:35:28 - [MESSAGE][INFO] - Starting 'Chrome' driver

2021-02-18 20:35:28 - [MESSAGE][INFO] - Action delay is set to 0 milliseconds

2021-02-18 20:35:38 - [MESSAGE][PASSED] - Browser is opened with url: 'https://Inspect.Stage.site.sa'

2021-02-18 20:35:40 - [MESSAGE][PASSED] - Current window maximized

2021-02-18 20:35:40 - [MESSAGE][PASSED] - Wait for page load successfully

2021-02-18 20:35:40 - [MESSAGE][PASSED] - Object: 'Object Repository/HomePage/ChooseAFile' is clicked on

2021-02-18 20:35:42 - [MESSAGE][PASSED] - Delayed 2 second(s)

2021-02-18 20:35:44 - [MESSAGE][INFO] - Image Uploaded Sucsessfully

2021-02-18 20:35:46 - [MESSAGE][PASSED] - Delayed 2 second(s)

2021-02-18 20:35:46 - [MESSAGE][PASSED] - Text 'Multimedia' is present on page 

2021-02-18 20:35:47 - [MESSAGE][PASSED] - Keys 'Os-ARahman@projects.site.sa' sent to object: 'Object Repository/PublicUserHomePage/email_Input'

2021-02-18 20:35:47 - [MESSAGE][PASSED] - Object: 'Object Repository/PublicUserHomePage/SiteInspectTermsOfUse_CheckBox' is clicked on

2021-02-18 20:35:48 - [MESSAGE][PASSED] - Object: 'Object Repository/HomePage/startAnalysis_EnableBtn' is clicked on

2021-02-18 20:35:50 - [MESSAGE][PASSED] - Text 'Your submission was successful
The analysis results will be delivered to you via email' is present on page 

2021-02-18 20:35:50 - [MESSAGE][PASSED] - customKeywords.commanFunctions.uploadFileOfPublicUser is PASSED

2021-02-18 20:35:50 - [TEST_STEP][PASSED] - customKeywords.commanFunctions.onlyCloseBrowser(): customKeywords.commanFunctions.onlyCloseBrowser is PASSED

2021-02-18 20:35:50 - [MESSAGE][PASSED] - Browser is closed

2021-02-18 20:35:50 - [MESSAGE][PASSED] - customKeywords.commanFunctions.onlyCloseBrowser is PASSED]]></system-out>
         <system-err><![CDATA[]]></system-err>
      </testcase>
      <testcase name="Test Cases/UploadDiffFiles_PublicUser/TC_As a public user, Upload PaintShop Pro File" time="19.973" classname="Test Cases/UploadDiffFiles_PublicUser/TC_As a public user, Upload PaintShop Pro File" status="FAILED">
         <failure type="FAILED" message="Test Cases/UploadDiffFiles_PublicUser/TC_As a public user, Upload PaintShop Pro File FAILED.
Reason:
com.kms.katalon.core.exception.StepFailedException: Unable to verify text 'PaintShop Pro' is present 
	at com.kms.katalon.core.webui.keyword.internal.WebUIKeywordMain.stepFailed(WebUIKeywordMain.groovy:64)
	at com.kms.katalon.core.webui.keyword.internal.WebUIKeywordMain.runKeyword(WebUIKeywordMain.groovy:26)
	at com.kms.katalon.core.webui.keyword.builtin.VerifyTextPresentKeyword.verifyTextPresent(VerifyTextPresentKeyword.groovy:83)
	at com.kms.katalon.core.webui.keyword.builtin.VerifyTextPresentKeyword.execute(VerifyTextPresentKeyword.groovy:68)
	at com.kms.katalon.core.keyword.internal.KeywordExecutor.executeKeywordForPlatform(KeywordExecutor.groovy:73)
	at com.kms.katalon.core.webui.keyword.WebUiBuiltInKeywords.verifyTextPresent(WebUiBuiltInKeywords.groovy:1720)
	at com.kms.katalon.core.webui.keyword.WebUiBuiltInKeywords$verifyTextPresent$3.call(Unknown Source)
	at customKeywords.commanFunctions.UploadReqFile(commanFunctions.groovy:282)
	at customKeywords.commanFunctions.uploadFileOfPublicUser(commanFunctions.groovy:656)
	at customKeywords.commanFunctions.invokeMethod(commanFunctions.groovy)
	at com.kms.katalon.core.main.CustomKeywordDelegatingMetaClass.invokeStaticMethod(CustomKeywordDelegatingMetaClass.java:50)
	at TC_As a public user, Upload PaintShop Pro File.run(TC_As a public user, Upload PaintShop Pro File:14)
	at com.kms.katalon.core.main.ScriptEngine.run(ScriptEngine.java:194)
	at com.kms.katalon.core.main.ScriptEngine.runScriptAsRawText(ScriptEngine.java:119)
	at com.kms.katalon.core.main.TestCaseExecutor.runScript(TestCaseExecutor.java:394)
	at com.kms.katalon.core.main.TestCaseExecutor.doExecute(TestCaseExecutor.java:385)
	at com.kms.katalon.core.main.TestCaseExecutor.processExecutionPhase(TestCaseExecutor.java:364)
	at com.kms.katalon.core.main.TestCaseExecutor.accessMainPhase(TestCaseExecutor.java:356)
	at com.kms.katalon.core.main.TestCaseExecutor.execute(TestCaseExecutor.java:251)
	at com.kms.katalon.core.main.TestSuiteExecutor.accessTestCaseMainPhase(TestSuiteExecutor.java:203)
	at com.kms.katalon.core.main.TestSuiteExecutor.accessTestSuiteMainPhase(TestSuiteExecutor.java:152)
	at com.kms.katalon.core.main.TestSuiteExecutor.execute(TestSuiteExecutor.java:95)
	at com.kms.katalon.core.main.TestCaseMain.startTestSuite(TestCaseMain.java:157)
	at com.kms.katalon.core.main.TestCaseMain$startTestSuite$0.call(Unknown Source)
	at TempTestSuite1613660377298.run(TempTestSuite1613660377298.groovy:39)
Caused by: com.kms.katalon.core.exception.StepFailedException: Text 'PaintShop Pro' is not present on page 
	at com.kms.katalon.core.webui.keyword.internal.WebUIKeywordMain.stepFailed(WebUIKeywordMain.groovy:64)
	at com.kms.katalon.core.webui.keyword.builtin.VerifyTextPresentKeyword$_verifyTextPresent_closure1.doCall(VerifyTextPresentKeyword.groovy:79)
	at com.kms.katalon.core.webui.keyword.builtin.VerifyTextPresentKeyword$_verifyTextPresent_closure1.call(VerifyTextPresentKeyword.groovy)
	at com.kms.katalon.core.webui.keyword.internal.WebUIKeywordMain.runKeyword(WebUIKeywordMain.groovy:20)
	... 23 more
"/>
         <system-out><![CDATA[2021-02-18 20:35:50 - [TEST_CASE][FAILED] - Test Cases/UploadDiffFiles_PublicUser/TC_As a public user, Upload PaintShop Pro File: Test Cases/UploadDiffFiles_PublicUser/TC_As a public user, Upload PaintShop Pro File FAILED.
Reason:
com.kms.katalon.core.exception.StepFailedException: Unable to verify text 'PaintShop Pro' is present 
	at com.kms.katalon.core.webui.keyword.internal.WebUIKeywordMain.stepFailed(WebUIKeywordMain.groovy:64)
	at com.kms.katalon.core.webui.keyword.internal.WebUIKeywordMain.runKeyword(WebUIKeywordMain.groovy:26)
	at com.kms.katalon.core.webui.keyword.builtin.VerifyTextPresentKeyword.verifyTextPresent(VerifyTextPresentKeyword.groovy:83)
	at com.kms.katalon.core.webui.keyword.builtin.VerifyTextPresentKeyword.execute(VerifyTextPresentKeyword.groovy:68)
	at com.kms.katalon.core.keyword.internal.KeywordExecutor.executeKeywordForPlatform(KeywordExecutor.groovy:73)
	at com.kms.katalon.core.webui.keyword.WebUiBuiltInKeywords.verifyTextPresent(WebUiBuiltInKeywords.groovy:1720)
	at com.kms.katalon.core.webui.keyword.WebUiBuiltInKeywords$verifyTextPresent$3.call(Unknown Source)
	at customKeywords.commanFunctions.UploadReqFile(commanFunctions.groovy:282)
	at customKeywords.commanFunctions.uploadFileOfPublicUser(commanFunctions.groovy:656)
	at customKeywords.commanFunctions.invokeMethod(commanFunctions.groovy)
	at com.kms.katalon.core.main.CustomKeywordDelegatingMetaClass.invokeStaticMethod(CustomKeywordDelegatingMetaClass.java:50)
	at TC_As a public user, Upload PaintShop Pro File.run(TC_As a public user, Upload PaintShop Pro File:14)
	at com.kms.katalon.core.main.ScriptEngine.run(ScriptEngine.java:194)
	at com.kms.katalon.core.main.ScriptEngine.runScriptAsRawText(ScriptEngine.java:119)
	at com.kms.katalon.core.main.TestCaseExecutor.runScript(TestCaseExecutor.java:394)
	at com.kms.katalon.core.main.TestCaseExecutor.doExecute(TestCaseExecutor.java:385)
	at com.kms.katalon.core.main.TestCaseExecutor.processExecutionPhase(TestCaseExecutor.java:364)
	at com.kms.katalon.core.main.TestCaseExecutor.accessMainPhase(TestCaseExecutor.java:356)
	at com.kms.katalon.core.main.TestCaseExecutor.execute(TestCaseExecutor.java:251)
	at com.kms.katalon.core.main.TestSuiteExecutor.accessTestCaseMainPhase(TestSuiteExecutor.java:203)
	at com.kms.katalon.core.main.TestSuiteExecutor.accessTestSuiteMainPhase(TestSuiteExecutor.java:152)
	at com.kms.katalon.core.main.TestSuiteExecutor.execute(TestSuiteExecutor.java:95)
	at com.kms.katalon.core.main.TestCaseMain.startTestSuite(TestCaseMain.java:157)
	at com.kms.katalon.core.main.TestCaseMain$startTestSuite$0.call(Unknown Source)
	at TempTestSuite1613660377298.run(TempTestSuite1613660377298.groovy:39)
Caused by: com.kms.katalon.core.exception.StepFailedException: Text 'PaintShop Pro' is not present on page 
	at com.kms.katalon.core.webui.keyword.internal.WebUIKeywordMain.stepFailed(WebUIKeywordMain.groovy:64)
	at com.kms.katalon.core.webui.keyword.builtin.VerifyTextPresentKeyword$_verifyTextPresent_closure1.doCall(VerifyTextPresentKeyword.groovy:79)
	at com.kms.katalon.core.webui.keyword.builtin.VerifyTextPresentKeyword$_verifyTextPresent_closure1.call(VerifyTextPresentKeyword.groovy)
	at com.kms.katalon.core.webui.keyword.internal.WebUIKeywordMain.runKeyword(WebUIKeywordMain.groovy:20)
	... 23 more


2021-02-18 20:35:50 - [TEST_STEP][PASSED] - excelTestData = findTestData("Data Files/TestData/InspectTestData"): null

2021-02-18 20:35:50 - [TEST_STEP][PASSED] - userEmail = excelTestData.getValue(2, 23): null

2021-02-18 20:35:50 - [TEST_STEP][FAILED] - customKeywords.commanFunctions.uploadFileOfPublicUser(350, userEmail): Unable to verify text 'PaintShop Pro' is present 

2021-02-18 20:35:51 - [MESSAGE][INFO] - Starting 'Chrome' driver

2021-02-18 20:35:51 - [MESSAGE][INFO] - Action delay is set to 0 milliseconds

2021-02-18 20:36:00 - [MESSAGE][PASSED] - Browser is opened with url: 'https://Inspect.Stage.site.sa'

2021-02-18 20:36:02 - [MESSAGE][PASSED] - Current window maximized

2021-02-18 20:36:02 - [MESSAGE][PASSED] - Wait for page load successfully

2021-02-18 20:36:02 - [MESSAGE][PASSED] - Object: 'Object Repository/HomePage/ChooseAFile' is clicked on

2021-02-18 20:36:04 - [MESSAGE][PASSED] - Delayed 2 second(s)

2021-02-18 20:36:06 - [MESSAGE][INFO] - Image Uploaded Sucsessfully

2021-02-18 20:36:08 - [MESSAGE][PASSED] - Delayed 2 second(s)

2021-02-18 20:36:09 - [MESSAGE][FAILED] - Text 'PaintShop Pro' is not present on page  (Root cause: com.kms.katalon.core.exception.StepFailedException: Text 'PaintShop Pro' is not present on page 
	at com.kms.katalon.core.webui.keyword.internal.WebUIKeywordMain.stepFailed(WebUIKeywordMain.groovy:64)
	at com.kms.katalon.core.webui.keyword.builtin.VerifyTextPresentKeyword$_verifyTextPresent_closure1.doCall(VerifyTextPresentKeyword.groovy:79)
	at com.kms.katalon.core.webui.keyword.builtin.VerifyTextPresentKeyword$_verifyTextPresent_closure1.call(VerifyTextPresentKeyword.groovy)
	at com.kms.katalon.core.webui.keyword.internal.WebUIKeywordMain.runKeyword(WebUIKeywordMain.groovy:20)
	at com.kms.katalon.core.webui.keyword.builtin.VerifyTextPresentKeyword.verifyTextPresent(VerifyTextPresentKeyword.groovy:83)
	at com.kms.katalon.core.webui.keyword.builtin.VerifyTextPresentKeyword.execute(VerifyTextPresentKeyword.groovy:68)
	at com.kms.katalon.core.keyword.internal.KeywordExecutor.executeKeywordForPlatform(KeywordExecutor.groovy:73)
	at com.kms.katalon.core.webui.keyword.WebUiBuiltInKeywords.verifyTextPresent(WebUiBuiltInKeywords.groovy:1720)
	at com.kms.katalon.core.webui.keyword.WebUiBuiltInKeywords$verifyTextPresent$3.call(Unknown Source)
	at customKeywords.commanFunctions.UploadReqFile(commanFunctions.groovy:282)
	at customKeywords.commanFunctions.uploadFileOfPublicUser(commanFunctions.groovy:656)
	at customKeywords.commanFunctions.invokeMethod(commanFunctions.groovy)
	at com.kms.katalon.core.main.CustomKeywordDelegatingMetaClass.invokeStaticMethod(CustomKeywordDelegatingMetaClass.java:50)
	at TC_As a public user, Upload PaintShop Pro File.run(TC_As a public user, Upload PaintShop Pro File:14)
	at com.kms.katalon.core.main.ScriptEngine.run(ScriptEngine.java:194)
	at com.kms.katalon.core.main.ScriptEngine.runScriptAsRawText(ScriptEngine.java:119)
	at com.kms.katalon.core.main.TestCaseExecutor.runScript(TestCaseExecutor.java:394)
	at com.kms.katalon.core.main.TestCaseExecutor.doExecute(TestCaseExecutor.java:385)
	at com.kms.katalon.core.main.TestCaseExecutor.processExecutionPhase(TestCaseExecutor.java:364)
	at com.kms.katalon.core.main.TestCaseExecutor.accessMainPhase(TestCaseExecutor.java:356)
	at com.kms.katalon.core.main.TestCaseExecutor.execute(TestCaseExecutor.java:251)
	at com.kms.katalon.core.main.TestSuiteExecutor.accessTestCaseMainPhase(TestSuiteExecutor.java:203)
	at com.kms.katalon.core.main.TestSuiteExecutor.accessTestSuiteMainPhase(TestSuiteExecutor.java:152)
	at com.kms.katalon.core.main.TestSuiteExecutor.execute(TestSuiteExecutor.java:95)
	at com.kms.katalon.core.main.TestCaseMain.startTestSuite(TestCaseMain.java:157)
	at com.kms.katalon.core.main.TestCaseMain$startTestSuite$0.call(Unknown Source)
	at TempTestSuite1613660377298.run(TempTestSuite1613660377298.groovy:39)
)

2021-02-18 20:36:09 - [MESSAGE][FAILED] - Unable to verify text 'PaintShop Pro' is present  (Root cause: com.kms.katalon.core.exception.StepFailedException: Unable to verify text 'PaintShop Pro' is present 
	at com.kms.katalon.core.webui.keyword.internal.WebUIKeywordMain.stepFailed(WebUIKeywordMain.groovy:64)
	at com.kms.katalon.core.webui.keyword.internal.WebUIKeywordMain.runKeyword(WebUIKeywordMain.groovy:26)
	at com.kms.katalon.core.webui.keyword.builtin.VerifyTextPresentKeyword.verifyTextPresent(VerifyTextPresentKeyword.groovy:83)
	at com.kms.katalon.core.webui.keyword.builtin.VerifyTextPresentKeyword.execute(VerifyTextPresentKeyword.groovy:68)
	at com.kms.katalon.core.keyword.internal.KeywordExecutor.executeKeywordForPlatform(KeywordExecutor.groovy:73)
	at com.kms.katalon.core.webui.keyword.WebUiBuiltInKeywords.verifyTextPresent(WebUiBuiltInKeywords.groovy:1720)
	at com.kms.katalon.core.webui.keyword.WebUiBuiltInKeywords$verifyTextPresent$3.call(Unknown Source)
	at customKeywords.commanFunctions.UploadReqFile(commanFunctions.groovy:282)
	at customKeywords.commanFunctions.uploadFileOfPublicUser(commanFunctions.groovy:656)
	at customKeywords.commanFunctions.invokeMethod(commanFunctions.groovy)
	at com.kms.katalon.core.main.CustomKeywordDelegatingMetaClass.invokeStaticMethod(CustomKeywordDelegatingMetaClass.java:50)
	at TC_As a public user, Upload PaintShop Pro File.run(TC_As a public user, Upload PaintShop Pro File:14)
	at com.kms.katalon.core.main.ScriptEngine.run(ScriptEngine.java:194)
	at com.kms.katalon.core.main.ScriptEngine.runScriptAsRawText(ScriptEngine.java:119)
	at com.kms.katalon.core.main.TestCaseExecutor.runScript(TestCaseExecutor.java:394)
	at com.kms.katalon.core.main.TestCaseExecutor.doExecute(TestCaseExecutor.java:385)
	at com.kms.katalon.core.main.TestCaseExecutor.processExecutionPhase(TestCaseExecutor.java:364)
	at com.kms.katalon.core.main.TestCaseExecutor.accessMainPhase(TestCaseExecutor.java:356)
	at com.kms.katalon.core.main.TestCaseExecutor.execute(TestCaseExecutor.java:251)
	at com.kms.katalon.core.main.TestSuiteExecutor.accessTestCaseMainPhase(TestSuiteExecutor.java:203)
	at com.kms.katalon.core.main.TestSuiteExecutor.accessTestSuiteMainPhase(TestSuiteExecutor.java:152)
	at com.kms.katalon.core.main.TestSuiteExecutor.execute(TestSuiteExecutor.java:95)
	at com.kms.katalon.core.main.TestCaseMain.startTestSuite(TestCaseMain.java:157)
	at com.kms.katalon.core.main.TestCaseMain$startTestSuite$0.call(Unknown Source)
	at TempTestSuite1613660377298.run(TempTestSuite1613660377298.groovy:39)
Caused by: com.kms.katalon.core.exception.StepFailedException: Text 'PaintShop Pro' is not present on page 
	at com.kms.katalon.core.webui.keyword.internal.WebUIKeywordMain.stepFailed(WebUIKeywordMain.groovy:64)
	at com.kms.katalon.core.webui.keyword.builtin.VerifyTextPresentKeyword$_verifyTextPresent_closure1.doCall(VerifyTextPresentKeyword.groovy:79)
	at com.kms.katalon.core.webui.keyword.builtin.VerifyTextPresentKeyword$_verifyTextPresent_closure1.call(VerifyTextPresentKeyword.groovy)
	at com.kms.katalon.core.webui.keyword.internal.WebUIKeywordMain.runKeyword(WebUIKeywordMain.groovy:20)
	... 23 more
)
[[ATTACHMENT|E:\\Inspect\\15022021\\SiteInspectAutomation\\Reports\\20210218_202932\\Regression_Suite\\PublicUser_Suite\\PublicUser_UploadFiles\\20210218_202937\\1613660769139.png]]

2021-02-18 20:36:09 - [MESSAGE][FAILED] - Unable to verify text 'PaintShop Pro' is present 

2021-02-18 20:36:09 - [TEST_STEP][PASSED] - Start tear down : tearDownMethodIfFailed: Method 'tearDownMethodIfFailed' complete successfully

2021-02-18 20:36:09 - [TEST_STEP][PASSED] - customKeywords.commanFunctions.onlyCloseBrowser(): customKeywords.commanFunctions.onlyCloseBrowser is PASSED

2021-02-18 20:36:10 - [MESSAGE][PASSED] - Browser is closed

2021-02-18 20:36:10 - [MESSAGE][PASSED] - customKeywords.commanFunctions.onlyCloseBrowser is PASSED

2021-02-18 20:36:10 - [TEST_STEP][PASSED] - logInfo("[--------This is tearDownIfFailed method------]"): [--------This is tearDownIfFailed method------]

2021-02-18 20:36:10 - [MESSAGE][INFO] - [--------This is tearDownIfFailed method------]

2021-02-18 20:36:10 - [MESSAGE][PASSED] - Method 'tearDownMethodIfFailed' complete successfully]]></system-out>
         <system-err><![CDATA[2021-02-18 20:35:50 - [TEST_CASE][FAILED] - Test Cases/UploadDiffFiles_PublicUser/TC_As a public user, Upload PaintShop Pro File: Test Cases/UploadDiffFiles_PublicUser/TC_As a public user, Upload PaintShop Pro File FAILED.
Reason:
com.kms.katalon.core.exception.StepFailedException: Unable to verify text 'PaintShop Pro' is present 
	at com.kms.katalon.core.webui.keyword.internal.WebUIKeywordMain.stepFailed(WebUIKeywordMain.groovy:64)
	at com.kms.katalon.core.webui.keyword.internal.WebUIKeywordMain.runKeyword(WebUIKeywordMain.groovy:26)
	at com.kms.katalon.core.webui.keyword.builtin.VerifyTextPresentKeyword.verifyTextPresent(VerifyTextPresentKeyword.groovy:83)
	at com.kms.katalon.core.webui.keyword.builtin.VerifyTextPresentKeyword.execute(VerifyTextPresentKeyword.groovy:68)
	at com.kms.katalon.core.keyword.internal.KeywordExecutor.executeKeywordForPlatform(KeywordExecutor.groovy:73)
	at com.kms.katalon.core.webui.keyword.WebUiBuiltInKeywords.verifyTextPresent(WebUiBuiltInKeywords.groovy:1720)
	at com.kms.katalon.core.webui.keyword.WebUiBuiltInKeywords$verifyTextPresent$3.call(Unknown Source)
	at customKeywords.commanFunctions.UploadReqFile(commanFunctions.groovy:282)
	at customKeywords.commanFunctions.uploadFileOfPublicUser(commanFunctions.groovy:656)
	at customKeywords.commanFunctions.invokeMethod(commanFunctions.groovy)
	at com.kms.katalon.core.main.CustomKeywordDelegatingMetaClass.invokeStaticMethod(CustomKeywordDelegatingMetaClass.java:50)
	at TC_As a public user, Upload PaintShop Pro File.run(TC_As a public user, Upload PaintShop Pro File:14)
	at com.kms.katalon.core.main.ScriptEngine.run(ScriptEngine.java:194)
	at com.kms.katalon.core.main.ScriptEngine.runScriptAsRawText(ScriptEngine.java:119)
	at com.kms.katalon.core.main.TestCaseExecutor.runScript(TestCaseExecutor.java:394)
	at com.kms.katalon.core.main.TestCaseExecutor.doExecute(TestCaseExecutor.java:385)
	at com.kms.katalon.core.main.TestCaseExecutor.processExecutionPhase(TestCaseExecutor.java:364)
	at com.kms.katalon.core.main.TestCaseExecutor.accessMainPhase(TestCaseExecutor.java:356)
	at com.kms.katalon.core.main.TestCaseExecutor.execute(TestCaseExecutor.java:251)
	at com.kms.katalon.core.main.TestSuiteExecutor.accessTestCaseMainPhase(TestSuiteExecutor.java:203)
	at com.kms.katalon.core.main.TestSuiteExecutor.accessTestSuiteMainPhase(TestSuiteExecutor.java:152)
	at com.kms.katalon.core.main.TestSuiteExecutor.execute(TestSuiteExecutor.java:95)
	at com.kms.katalon.core.main.TestCaseMain.startTestSuite(TestCaseMain.java:157)
	at com.kms.katalon.core.main.TestCaseMain$startTestSuite$0.call(Unknown Source)
	at TempTestSuite1613660377298.run(TempTestSuite1613660377298.groovy:39)
Caused by: com.kms.katalon.core.exception.StepFailedException: Text 'PaintShop Pro' is not present on page 
	at com.kms.katalon.core.webui.keyword.internal.WebUIKeywordMain.stepFailed(WebUIKeywordMain.groovy:64)
	at com.kms.katalon.core.webui.keyword.builtin.VerifyTextPresentKeyword$_verifyTextPresent_closure1.doCall(VerifyTextPresentKeyword.groovy:79)
	at com.kms.katalon.core.webui.keyword.builtin.VerifyTextPresentKeyword$_verifyTextPresent_closure1.call(VerifyTextPresentKeyword.groovy)
	at com.kms.katalon.core.webui.keyword.internal.WebUIKeywordMain.runKeyword(WebUIKeywordMain.groovy:20)
	... 23 more]]></system-err>
      </testcase>
      <testcase name="Test Cases/UploadDiffFiles_PublicUser/TC_As a public user, Upload PC batch file File" time="22.313" classname="Test Cases/UploadDiffFiles_PublicUser/TC_As a public user, Upload PC batch file File" status="PASSED">
         <system-out><![CDATA[2021-02-18 20:36:10 - [TEST_CASE][PASSED] - Test Cases/UploadDiffFiles_PublicUser/TC_As a public user, Upload PC batch file File: Test Cases/UploadDiffFiles_PublicUser/TC_As a public user, Upload PC batch file File

2021-02-18 20:36:10 - [TEST_STEP][PASSED] - excelTestData = findTestData("Data Files/TestData/InspectTestData"): null

2021-02-18 20:36:10 - [TEST_STEP][PASSED] - userEmail = excelTestData.getValue(2, 23): null

2021-02-18 20:36:10 - [TEST_STEP][PASSED] - customKeywords.commanFunctions.uploadFileOfPublicUser(232, userEmail): customKeywords.commanFunctions.uploadFileOfPublicUser is PASSED

2021-02-18 20:36:11 - [MESSAGE][INFO] - Starting 'Chrome' driver

2021-02-18 20:36:11 - [MESSAGE][INFO] - Action delay is set to 0 milliseconds

2021-02-18 20:36:20 - [MESSAGE][PASSED] - Browser is opened with url: 'https://Inspect.Stage.site.sa'

2021-02-18 20:36:22 - [MESSAGE][PASSED] - Current window maximized

2021-02-18 20:36:22 - [MESSAGE][PASSED] - Wait for page load successfully

2021-02-18 20:36:22 - [MESSAGE][PASSED] - Object: 'Object Repository/HomePage/ChooseAFile' is clicked on

2021-02-18 20:36:24 - [MESSAGE][PASSED] - Delayed 2 second(s)

2021-02-18 20:36:26 - [MESSAGE][INFO] - Image Uploaded Sucsessfully

2021-02-18 20:36:28 - [MESSAGE][PASSED] - Delayed 2 second(s)

2021-02-18 20:36:29 - [MESSAGE][PASSED] - Text 'PC batch file' is present on page 

2021-02-18 20:36:29 - [MESSAGE][PASSED] - Keys 'Os-ARahman@projects.site.sa' sent to object: 'Object Repository/PublicUserHomePage/email_Input'

2021-02-18 20:36:30 - [MESSAGE][PASSED] - Object: 'Object Repository/PublicUserHomePage/SiteInspectTermsOfUse_CheckBox' is clicked on

2021-02-18 20:36:30 - [MESSAGE][PASSED] - Object: 'Object Repository/HomePage/startAnalysis_EnableBtn' is clicked on

2021-02-18 20:36:32 - [MESSAGE][PASSED] - Text 'Your submission was successful
The analysis results will be delivered to you via email' is present on page 

2021-02-18 20:36:32 - [MESSAGE][PASSED] - customKeywords.commanFunctions.uploadFileOfPublicUser is PASSED

2021-02-18 20:36:32 - [TEST_STEP][PASSED] - customKeywords.commanFunctions.onlyCloseBrowser(): customKeywords.commanFunctions.onlyCloseBrowser is PASSED

2021-02-18 20:36:33 - [MESSAGE][PASSED] - Browser is closed

2021-02-18 20:36:33 - [MESSAGE][PASSED] - customKeywords.commanFunctions.onlyCloseBrowser is PASSED]]></system-out>
         <system-err><![CDATA[]]></system-err>
      </testcase>
      <testcase name="Test Cases/UploadDiffFiles_PublicUser/TC_As a public user, Upload PC Zip Compressed Archive File" time="19.667" classname="Test Cases/UploadDiffFiles_PublicUser/TC_As a public user, Upload PC Zip Compressed Archive File" status="FAILED">
         <failure type="FAILED" message="Test Cases/UploadDiffFiles_PublicUser/TC_As a public user, Upload PC Zip Compressed Archive File FAILED.
Reason:
com.kms.katalon.core.exception.StepFailedException: Unable to verify text 'PC Zip Compressed Archive' is present 
	at com.kms.katalon.core.webui.keyword.internal.WebUIKeywordMain.stepFailed(WebUIKeywordMain.groovy:64)
	at com.kms.katalon.core.webui.keyword.internal.WebUIKeywordMain.runKeyword(WebUIKeywordMain.groovy:26)
	at com.kms.katalon.core.webui.keyword.builtin.VerifyTextPresentKeyword.verifyTextPresent(VerifyTextPresentKeyword.groovy:83)
	at com.kms.katalon.core.webui.keyword.builtin.VerifyTextPresentKeyword.execute(VerifyTextPresentKeyword.groovy:68)
	at com.kms.katalon.core.keyword.internal.KeywordExecutor.executeKeywordForPlatform(KeywordExecutor.groovy:73)
	at com.kms.katalon.core.webui.keyword.WebUiBuiltInKeywords.verifyTextPresent(WebUiBuiltInKeywords.groovy:1720)
	at com.kms.katalon.core.webui.keyword.WebUiBuiltInKeywords$verifyTextPresent$3.call(Unknown Source)
	at customKeywords.commanFunctions.UploadReqFile(commanFunctions.groovy:282)
	at customKeywords.commanFunctions.uploadFileOfPublicUser(commanFunctions.groovy:656)
	at customKeywords.commanFunctions.invokeMethod(commanFunctions.groovy)
	at com.kms.katalon.core.main.CustomKeywordDelegatingMetaClass.invokeStaticMethod(CustomKeywordDelegatingMetaClass.java:50)
	at TC_As a public user, Upload PC Zip Compressed Archive File.run(TC_As a public user, Upload PC Zip Compressed Archive File:14)
	at com.kms.katalon.core.main.ScriptEngine.run(ScriptEngine.java:194)
	at com.kms.katalon.core.main.ScriptEngine.runScriptAsRawText(ScriptEngine.java:119)
	at com.kms.katalon.core.main.TestCaseExecutor.runScript(TestCaseExecutor.java:394)
	at com.kms.katalon.core.main.TestCaseExecutor.doExecute(TestCaseExecutor.java:385)
	at com.kms.katalon.core.main.TestCaseExecutor.processExecutionPhase(TestCaseExecutor.java:364)
	at com.kms.katalon.core.main.TestCaseExecutor.accessMainPhase(TestCaseExecutor.java:356)
	at com.kms.katalon.core.main.TestCaseExecutor.execute(TestCaseExecutor.java:251)
	at com.kms.katalon.core.main.TestSuiteExecutor.accessTestCaseMainPhase(TestSuiteExecutor.java:203)
	at com.kms.katalon.core.main.TestSuiteExecutor.accessTestSuiteMainPhase(TestSuiteExecutor.java:152)
	at com.kms.katalon.core.main.TestSuiteExecutor.execute(TestSuiteExecutor.java:95)
	at com.kms.katalon.core.main.TestCaseMain.startTestSuite(TestCaseMain.java:157)
	at com.kms.katalon.core.main.TestCaseMain$startTestSuite$0.call(Unknown Source)
	at TempTestSuite1613660377298.run(TempTestSuite1613660377298.groovy:39)
Caused by: com.kms.katalon.core.exception.StepFailedException: Text 'PC Zip Compressed Archive' is not present on page 
	at com.kms.katalon.core.webui.keyword.internal.WebUIKeywordMain.stepFailed(WebUIKeywordMain.groovy:64)
	at com.kms.katalon.core.webui.keyword.builtin.VerifyTextPresentKeyword$_verifyTextPresent_closure1.doCall(VerifyTextPresentKeyword.groovy:79)
	at com.kms.katalon.core.webui.keyword.builtin.VerifyTextPresentKeyword$_verifyTextPresent_closure1.call(VerifyTextPresentKeyword.groovy)
	at com.kms.katalon.core.webui.keyword.internal.WebUIKeywordMain.runKeyword(WebUIKeywordMain.groovy:20)
	... 23 more
"/>
         <system-out><![CDATA[2021-02-18 20:36:33 - [TEST_CASE][FAILED] - Test Cases/UploadDiffFiles_PublicUser/TC_As a public user, Upload PC Zip Compressed Archive File: Test Cases/UploadDiffFiles_PublicUser/TC_As a public user, Upload PC Zip Compressed Archive File FAILED.
Reason:
com.kms.katalon.core.exception.StepFailedException: Unable to verify text 'PC Zip Compressed Archive' is present 
	at com.kms.katalon.core.webui.keyword.internal.WebUIKeywordMain.stepFailed(WebUIKeywordMain.groovy:64)
	at com.kms.katalon.core.webui.keyword.internal.WebUIKeywordMain.runKeyword(WebUIKeywordMain.groovy:26)
	at com.kms.katalon.core.webui.keyword.builtin.VerifyTextPresentKeyword.verifyTextPresent(VerifyTextPresentKeyword.groovy:83)
	at com.kms.katalon.core.webui.keyword.builtin.VerifyTextPresentKeyword.execute(VerifyTextPresentKeyword.groovy:68)
	at com.kms.katalon.core.keyword.internal.KeywordExecutor.executeKeywordForPlatform(KeywordExecutor.groovy:73)
	at com.kms.katalon.core.webui.keyword.WebUiBuiltInKeywords.verifyTextPresent(WebUiBuiltInKeywords.groovy:1720)
	at com.kms.katalon.core.webui.keyword.WebUiBuiltInKeywords$verifyTextPresent$3.call(Unknown Source)
	at customKeywords.commanFunctions.UploadReqFile(commanFunctions.groovy:282)
	at customKeywords.commanFunctions.uploadFileOfPublicUser(commanFunctions.groovy:656)
	at customKeywords.commanFunctions.invokeMethod(commanFunctions.groovy)
	at com.kms.katalon.core.main.CustomKeywordDelegatingMetaClass.invokeStaticMethod(CustomKeywordDelegatingMetaClass.java:50)
	at TC_As a public user, Upload PC Zip Compressed Archive File.run(TC_As a public user, Upload PC Zip Compressed Archive File:14)
	at com.kms.katalon.core.main.ScriptEngine.run(ScriptEngine.java:194)
	at com.kms.katalon.core.main.ScriptEngine.runScriptAsRawText(ScriptEngine.java:119)
	at com.kms.katalon.core.main.TestCaseExecutor.runScript(TestCaseExecutor.java:394)
	at com.kms.katalon.core.main.TestCaseExecutor.doExecute(TestCaseExecutor.java:385)
	at com.kms.katalon.core.main.TestCaseExecutor.processExecutionPhase(TestCaseExecutor.java:364)
	at com.kms.katalon.core.main.TestCaseExecutor.accessMainPhase(TestCaseExecutor.java:356)
	at com.kms.katalon.core.main.TestCaseExecutor.execute(TestCaseExecutor.java:251)
	at com.kms.katalon.core.main.TestSuiteExecutor.accessTestCaseMainPhase(TestSuiteExecutor.java:203)
	at com.kms.katalon.core.main.TestSuiteExecutor.accessTestSuiteMainPhase(TestSuiteExecutor.java:152)
	at com.kms.katalon.core.main.TestSuiteExecutor.execute(TestSuiteExecutor.java:95)
	at com.kms.katalon.core.main.TestCaseMain.startTestSuite(TestCaseMain.java:157)
	at com.kms.katalon.core.main.TestCaseMain$startTestSuite$0.call(Unknown Source)
	at TempTestSuite1613660377298.run(TempTestSuite1613660377298.groovy:39)
Caused by: com.kms.katalon.core.exception.StepFailedException: Text 'PC Zip Compressed Archive' is not present on page 
	at com.kms.katalon.core.webui.keyword.internal.WebUIKeywordMain.stepFailed(WebUIKeywordMain.groovy:64)
	at com.kms.katalon.core.webui.keyword.builtin.VerifyTextPresentKeyword$_verifyTextPresent_closure1.doCall(VerifyTextPresentKeyword.groovy:79)
	at com.kms.katalon.core.webui.keyword.builtin.VerifyTextPresentKeyword$_verifyTextPresent_closure1.call(VerifyTextPresentKeyword.groovy)
	at com.kms.katalon.core.webui.keyword.internal.WebUIKeywordMain.runKeyword(WebUIKeywordMain.groovy:20)
	... 23 more


2021-02-18 20:36:33 - [TEST_STEP][PASSED] - excelTestData = findTestData("Data Files/TestData/InspectTestData"): null

2021-02-18 20:36:33 - [TEST_STEP][PASSED] - userEmail = excelTestData.getValue(2, 23): null

2021-02-18 20:36:33 - [TEST_STEP][FAILED] - customKeywords.commanFunctions.uploadFileOfPublicUser(366, userEmail): Unable to verify text 'PC Zip Compressed Archive' is present 

2021-02-18 20:36:33 - [MESSAGE][INFO] - Starting 'Chrome' driver

2021-02-18 20:36:33 - [MESSAGE][INFO] - Action delay is set to 0 milliseconds

2021-02-18 20:36:42 - [MESSAGE][PASSED] - Browser is opened with url: 'https://Inspect.Stage.site.sa'

2021-02-18 20:36:44 - [MESSAGE][PASSED] - Current window maximized

2021-02-18 20:36:44 - [MESSAGE][PASSED] - Wait for page load successfully

2021-02-18 20:36:44 - [MESSAGE][PASSED] - Object: 'Object Repository/HomePage/ChooseAFile' is clicked on

2021-02-18 20:36:46 - [MESSAGE][PASSED] - Delayed 2 second(s)

2021-02-18 20:36:48 - [MESSAGE][INFO] - Image Uploaded Sucsessfully

2021-02-18 20:36:50 - [MESSAGE][PASSED] - Delayed 2 second(s)

2021-02-18 20:36:51 - [MESSAGE][FAILED] - Text 'PC Zip Compressed Archive' is not present on page  (Root cause: com.kms.katalon.core.exception.StepFailedException: Text 'PC Zip Compressed Archive' is not present on page 
	at com.kms.katalon.core.webui.keyword.internal.WebUIKeywordMain.stepFailed(WebUIKeywordMain.groovy:64)
	at com.kms.katalon.core.webui.keyword.builtin.VerifyTextPresentKeyword$_verifyTextPresent_closure1.doCall(VerifyTextPresentKeyword.groovy:79)
	at com.kms.katalon.core.webui.keyword.builtin.VerifyTextPresentKeyword$_verifyTextPresent_closure1.call(VerifyTextPresentKeyword.groovy)
	at com.kms.katalon.core.webui.keyword.internal.WebUIKeywordMain.runKeyword(WebUIKeywordMain.groovy:20)
	at com.kms.katalon.core.webui.keyword.builtin.VerifyTextPresentKeyword.verifyTextPresent(VerifyTextPresentKeyword.groovy:83)
	at com.kms.katalon.core.webui.keyword.builtin.VerifyTextPresentKeyword.execute(VerifyTextPresentKeyword.groovy:68)
	at com.kms.katalon.core.keyword.internal.KeywordExecutor.executeKeywordForPlatform(KeywordExecutor.groovy:73)
	at com.kms.katalon.core.webui.keyword.WebUiBuiltInKeywords.verifyTextPresent(WebUiBuiltInKeywords.groovy:1720)
	at com.kms.katalon.core.webui.keyword.WebUiBuiltInKeywords$verifyTextPresent$3.call(Unknown Source)
	at customKeywords.commanFunctions.UploadReqFile(commanFunctions.groovy:282)
	at customKeywords.commanFunctions.uploadFileOfPublicUser(commanFunctions.groovy:656)
	at customKeywords.commanFunctions.invokeMethod(commanFunctions.groovy)
	at com.kms.katalon.core.main.CustomKeywordDelegatingMetaClass.invokeStaticMethod(CustomKeywordDelegatingMetaClass.java:50)
	at TC_As a public user, Upload PC Zip Compressed Archive File.run(TC_As a public user, Upload PC Zip Compressed Archive File:14)
	at com.kms.katalon.core.main.ScriptEngine.run(ScriptEngine.java:194)
	at com.kms.katalon.core.main.ScriptEngine.runScriptAsRawText(ScriptEngine.java:119)
	at com.kms.katalon.core.main.TestCaseExecutor.runScript(TestCaseExecutor.java:394)
	at com.kms.katalon.core.main.TestCaseExecutor.doExecute(TestCaseExecutor.java:385)
	at com.kms.katalon.core.main.TestCaseExecutor.processExecutionPhase(TestCaseExecutor.java:364)
	at com.kms.katalon.core.main.TestCaseExecutor.accessMainPhase(TestCaseExecutor.java:356)
	at com.kms.katalon.core.main.TestCaseExecutor.execute(TestCaseExecutor.java:251)
	at com.kms.katalon.core.main.TestSuiteExecutor.accessTestCaseMainPhase(TestSuiteExecutor.java:203)
	at com.kms.katalon.core.main.TestSuiteExecutor.accessTestSuiteMainPhase(TestSuiteExecutor.java:152)
	at com.kms.katalon.core.main.TestSuiteExecutor.execute(TestSuiteExecutor.java:95)
	at com.kms.katalon.core.main.TestCaseMain.startTestSuite(TestCaseMain.java:157)
	at com.kms.katalon.core.main.TestCaseMain$startTestSuite$0.call(Unknown Source)
	at TempTestSuite1613660377298.run(TempTestSuite1613660377298.groovy:39)
)

2021-02-18 20:36:51 - [MESSAGE][FAILED] - Unable to verify text 'PC Zip Compressed Archive' is present  (Root cause: com.kms.katalon.core.exception.StepFailedException: Unable to verify text 'PC Zip Compressed Archive' is present 
	at com.kms.katalon.core.webui.keyword.internal.WebUIKeywordMain.stepFailed(WebUIKeywordMain.groovy:64)
	at com.kms.katalon.core.webui.keyword.internal.WebUIKeywordMain.runKeyword(WebUIKeywordMain.groovy:26)
	at com.kms.katalon.core.webui.keyword.builtin.VerifyTextPresentKeyword.verifyTextPresent(VerifyTextPresentKeyword.groovy:83)
	at com.kms.katalon.core.webui.keyword.builtin.VerifyTextPresentKeyword.execute(VerifyTextPresentKeyword.groovy:68)
	at com.kms.katalon.core.keyword.internal.KeywordExecutor.executeKeywordForPlatform(KeywordExecutor.groovy:73)
	at com.kms.katalon.core.webui.keyword.WebUiBuiltInKeywords.verifyTextPresent(WebUiBuiltInKeywords.groovy:1720)
	at com.kms.katalon.core.webui.keyword.WebUiBuiltInKeywords$verifyTextPresent$3.call(Unknown Source)
	at customKeywords.commanFunctions.UploadReqFile(commanFunctions.groovy:282)
	at customKeywords.commanFunctions.uploadFileOfPublicUser(commanFunctions.groovy:656)
	at customKeywords.commanFunctions.invokeMethod(commanFunctions.groovy)
	at com.kms.katalon.core.main.CustomKeywordDelegatingMetaClass.invokeStaticMethod(CustomKeywordDelegatingMetaClass.java:50)
	at TC_As a public user, Upload PC Zip Compressed Archive File.run(TC_As a public user, Upload PC Zip Compressed Archive File:14)
	at com.kms.katalon.core.main.ScriptEngine.run(ScriptEngine.java:194)
	at com.kms.katalon.core.main.ScriptEngine.runScriptAsRawText(ScriptEngine.java:119)
	at com.kms.katalon.core.main.TestCaseExecutor.runScript(TestCaseExecutor.java:394)
	at com.kms.katalon.core.main.TestCaseExecutor.doExecute(TestCaseExecutor.java:385)
	at com.kms.katalon.core.main.TestCaseExecutor.processExecutionPhase(TestCaseExecutor.java:364)
	at com.kms.katalon.core.main.TestCaseExecutor.accessMainPhase(TestCaseExecutor.java:356)
	at com.kms.katalon.core.main.TestCaseExecutor.execute(TestCaseExecutor.java:251)
	at com.kms.katalon.core.main.TestSuiteExecutor.accessTestCaseMainPhase(TestSuiteExecutor.java:203)
	at com.kms.katalon.core.main.TestSuiteExecutor.accessTestSuiteMainPhase(TestSuiteExecutor.java:152)
	at com.kms.katalon.core.main.TestSuiteExecutor.execute(TestSuiteExecutor.java:95)
	at com.kms.katalon.core.main.TestCaseMain.startTestSuite(TestCaseMain.java:157)
	at com.kms.katalon.core.main.TestCaseMain$startTestSuite$0.call(Unknown Source)
	at TempTestSuite1613660377298.run(TempTestSuite1613660377298.groovy:39)
Caused by: com.kms.katalon.core.exception.StepFailedException: Text 'PC Zip Compressed Archive' is not present on page 
	at com.kms.katalon.core.webui.keyword.internal.WebUIKeywordMain.stepFailed(WebUIKeywordMain.groovy:64)
	at com.kms.katalon.core.webui.keyword.builtin.VerifyTextPresentKeyword$_verifyTextPresent_closure1.doCall(VerifyTextPresentKeyword.groovy:79)
	at com.kms.katalon.core.webui.keyword.builtin.VerifyTextPresentKeyword$_verifyTextPresent_closure1.call(VerifyTextPresentKeyword.groovy)
	at com.kms.katalon.core.webui.keyword.internal.WebUIKeywordMain.runKeyword(WebUIKeywordMain.groovy:20)
	... 23 more
)
[[ATTACHMENT|E:\\Inspect\\15022021\\SiteInspectAutomation\\Reports\\20210218_202932\\Regression_Suite\\PublicUser_Suite\\PublicUser_UploadFiles\\20210218_202937\\1613660811161.png]]

2021-02-18 20:36:51 - [MESSAGE][FAILED] - Unable to verify text 'PC Zip Compressed Archive' is present 

2021-02-18 20:36:51 - [TEST_STEP][PASSED] - Start tear down : tearDownMethodIfFailed: Method 'tearDownMethodIfFailed' complete successfully

2021-02-18 20:36:51 - [TEST_STEP][PASSED] - customKeywords.commanFunctions.onlyCloseBrowser(): customKeywords.commanFunctions.onlyCloseBrowser is PASSED

2021-02-18 20:36:52 - [MESSAGE][PASSED] - Browser is closed

2021-02-18 20:36:52 - [MESSAGE][PASSED] - customKeywords.commanFunctions.onlyCloseBrowser is PASSED

2021-02-18 20:36:52 - [TEST_STEP][PASSED] - logInfo("[--------This is tearDownIfFailed method------]"): [--------This is tearDownIfFailed method------]

2021-02-18 20:36:52 - [MESSAGE][INFO] - [--------This is tearDownIfFailed method------]

2021-02-18 20:36:52 - [MESSAGE][PASSED] - Method 'tearDownMethodIfFailed' complete successfully]]></system-out>
         <system-err><![CDATA[2021-02-18 20:36:33 - [TEST_CASE][FAILED] - Test Cases/UploadDiffFiles_PublicUser/TC_As a public user, Upload PC Zip Compressed Archive File: Test Cases/UploadDiffFiles_PublicUser/TC_As a public user, Upload PC Zip Compressed Archive File FAILED.
Reason:
com.kms.katalon.core.exception.StepFailedException: Unable to verify text 'PC Zip Compressed Archive' is present 
	at com.kms.katalon.core.webui.keyword.internal.WebUIKeywordMain.stepFailed(WebUIKeywordMain.groovy:64)
	at com.kms.katalon.core.webui.keyword.internal.WebUIKeywordMain.runKeyword(WebUIKeywordMain.groovy:26)
	at com.kms.katalon.core.webui.keyword.builtin.VerifyTextPresentKeyword.verifyTextPresent(VerifyTextPresentKeyword.groovy:83)
	at com.kms.katalon.core.webui.keyword.builtin.VerifyTextPresentKeyword.execute(VerifyTextPresentKeyword.groovy:68)
	at com.kms.katalon.core.keyword.internal.KeywordExecutor.executeKeywordForPlatform(KeywordExecutor.groovy:73)
	at com.kms.katalon.core.webui.keyword.WebUiBuiltInKeywords.verifyTextPresent(WebUiBuiltInKeywords.groovy:1720)
	at com.kms.katalon.core.webui.keyword.WebUiBuiltInKeywords$verifyTextPresent$3.call(Unknown Source)
	at customKeywords.commanFunctions.UploadReqFile(commanFunctions.groovy:282)
	at customKeywords.commanFunctions.uploadFileOfPublicUser(commanFunctions.groovy:656)
	at customKeywords.commanFunctions.invokeMethod(commanFunctions.groovy)
	at com.kms.katalon.core.main.CustomKeywordDelegatingMetaClass.invokeStaticMethod(CustomKeywordDelegatingMetaClass.java:50)
	at TC_As a public user, Upload PC Zip Compressed Archive File.run(TC_As a public user, Upload PC Zip Compressed Archive File:14)
	at com.kms.katalon.core.main.ScriptEngine.run(ScriptEngine.java:194)
	at com.kms.katalon.core.main.ScriptEngine.runScriptAsRawText(ScriptEngine.java:119)
	at com.kms.katalon.core.main.TestCaseExecutor.runScript(TestCaseExecutor.java:394)
	at com.kms.katalon.core.main.TestCaseExecutor.doExecute(TestCaseExecutor.java:385)
	at com.kms.katalon.core.main.TestCaseExecutor.processExecutionPhase(TestCaseExecutor.java:364)
	at com.kms.katalon.core.main.TestCaseExecutor.accessMainPhase(TestCaseExecutor.java:356)
	at com.kms.katalon.core.main.TestCaseExecutor.execute(TestCaseExecutor.java:251)
	at com.kms.katalon.core.main.TestSuiteExecutor.accessTestCaseMainPhase(TestSuiteExecutor.java:203)
	at com.kms.katalon.core.main.TestSuiteExecutor.accessTestSuiteMainPhase(TestSuiteExecutor.java:152)
	at com.kms.katalon.core.main.TestSuiteExecutor.execute(TestSuiteExecutor.java:95)
	at com.kms.katalon.core.main.TestCaseMain.startTestSuite(TestCaseMain.java:157)
	at com.kms.katalon.core.main.TestCaseMain$startTestSuite$0.call(Unknown Source)
	at TempTestSuite1613660377298.run(TempTestSuite1613660377298.groovy:39)
Caused by: com.kms.katalon.core.exception.StepFailedException: Text 'PC Zip Compressed Archive' is not present on page 
	at com.kms.katalon.core.webui.keyword.internal.WebUIKeywordMain.stepFailed(WebUIKeywordMain.groovy:64)
	at com.kms.katalon.core.webui.keyword.builtin.VerifyTextPresentKeyword$_verifyTextPresent_closure1.doCall(VerifyTextPresentKeyword.groovy:79)
	at com.kms.katalon.core.webui.keyword.builtin.VerifyTextPresentKeyword$_verifyTextPresent_closure1.call(VerifyTextPresentKeyword.groovy)
	at com.kms.katalon.core.webui.keyword.internal.WebUIKeywordMain.runKeyword(WebUIKeywordMain.groovy:20)
	... 23 more]]></system-err>
      </testcase>
      <testcase name="Test Cases/UploadDiffFiles_PublicUser/TC_As a public user, Upload PDF File" time="21.693" classname="Test Cases/UploadDiffFiles_PublicUser/TC_As a public user, Upload PDF File" status="PASSED">
         <system-out><![CDATA[2021-02-18 20:36:52 - [TEST_CASE][PASSED] - Test Cases/UploadDiffFiles_PublicUser/TC_As a public user, Upload PDF File: Test Cases/UploadDiffFiles_PublicUser/TC_As a public user, Upload PDF File

2021-02-18 20:36:52 - [TEST_STEP][PASSED] - excelTestData = findTestData("Data Files/TestData/InspectTestData"): null

2021-02-18 20:36:52 - [TEST_STEP][PASSED] - userEmail = excelTestData.getValue(2, 23): null

2021-02-18 20:36:52 - [TEST_STEP][PASSED] - customKeywords.commanFunctions.uploadFileOfPublicUser(188, userEmail): customKeywords.commanFunctions.uploadFileOfPublicUser is PASSED

2021-02-18 20:36:53 - [MESSAGE][INFO] - Starting 'Chrome' driver

2021-02-18 20:36:53 - [MESSAGE][INFO] - Action delay is set to 0 milliseconds

2021-02-18 20:37:02 - [MESSAGE][PASSED] - Browser is opened with url: 'https://Inspect.Stage.site.sa'

2021-02-18 20:37:04 - [MESSAGE][PASSED] - Current window maximized

2021-02-18 20:37:04 - [MESSAGE][PASSED] - Wait for page load successfully

2021-02-18 20:37:04 - [MESSAGE][PASSED] - Object: 'Object Repository/HomePage/ChooseAFile' is clicked on

2021-02-18 20:37:06 - [MESSAGE][PASSED] - Delayed 2 second(s)

2021-02-18 20:37:08 - [MESSAGE][INFO] - Image Uploaded Sucsessfully

2021-02-18 20:37:10 - [MESSAGE][PASSED] - Delayed 2 second(s)

2021-02-18 20:37:11 - [MESSAGE][PASSED] - Text 'SampleTestPDF' is present on page 

2021-02-18 20:37:11 - [MESSAGE][PASSED] - Keys 'Os-ARahman@projects.site.sa' sent to object: 'Object Repository/PublicUserHomePage/email_Input'

2021-02-18 20:37:12 - [MESSAGE][PASSED] - Object: 'Object Repository/PublicUserHomePage/SiteInspectTermsOfUse_CheckBox' is clicked on

2021-02-18 20:37:12 - [MESSAGE][PASSED] - Object: 'Object Repository/HomePage/startAnalysis_EnableBtn' is clicked on

2021-02-18 20:37:13 - [MESSAGE][PASSED] - Text 'Your submission was successful
The analysis results will be delivered to you via email' is present on page 

2021-02-18 20:37:13 - [MESSAGE][PASSED] - customKeywords.commanFunctions.uploadFileOfPublicUser is PASSED

2021-02-18 20:37:13 - [TEST_STEP][PASSED] - customKeywords.commanFunctions.onlyCloseBrowser(): customKeywords.commanFunctions.onlyCloseBrowser is PASSED

2021-02-18 20:37:14 - [MESSAGE][PASSED] - Browser is closed

2021-02-18 20:37:14 - [MESSAGE][PASSED] - customKeywords.commanFunctions.onlyCloseBrowser is PASSED]]></system-out>
         <system-err><![CDATA[]]></system-err>
      </testcase>
      <testcase name="Test Cases/UploadDiffFiles_PublicUser/TC_As a public user, Upload PNG File" time="20.35" classname="Test Cases/UploadDiffFiles_PublicUser/TC_As a public user, Upload PNG File" status="FAILED">
         <failure type="FAILED" message="Test Cases/UploadDiffFiles_PublicUser/TC_As a public user, Upload PNG File FAILED.
Reason:
com.kms.katalon.core.exception.StepFailedException: Unable to verify text 'SamplePNGImage' is present 
	at com.kms.katalon.core.webui.keyword.internal.WebUIKeywordMain.stepFailed(WebUIKeywordMain.groovy:64)
	at com.kms.katalon.core.webui.keyword.internal.WebUIKeywordMain.runKeyword(WebUIKeywordMain.groovy:26)
	at com.kms.katalon.core.webui.keyword.builtin.VerifyTextPresentKeyword.verifyTextPresent(VerifyTextPresentKeyword.groovy:83)
	at com.kms.katalon.core.webui.keyword.builtin.VerifyTextPresentKeyword.execute(VerifyTextPresentKeyword.groovy:68)
	at com.kms.katalon.core.keyword.internal.KeywordExecutor.executeKeywordForPlatform(KeywordExecutor.groovy:73)
	at com.kms.katalon.core.webui.keyword.WebUiBuiltInKeywords.verifyTextPresent(WebUiBuiltInKeywords.groovy:1720)
	at com.kms.katalon.core.webui.keyword.WebUiBuiltInKeywords$verifyTextPresent$3.call(Unknown Source)
	at customKeywords.commanFunctions.UploadReqFile(commanFunctions.groovy:282)
	at customKeywords.commanFunctions.uploadFileOfPublicUser(commanFunctions.groovy:656)
	at customKeywords.commanFunctions.invokeMethod(commanFunctions.groovy)
	at com.kms.katalon.core.main.CustomKeywordDelegatingMetaClass.invokeStaticMethod(CustomKeywordDelegatingMetaClass.java:50)
	at TC_As a public user, Upload PNG File.run(TC_As a public user, Upload PNG File:14)
	at com.kms.katalon.core.main.ScriptEngine.run(ScriptEngine.java:194)
	at com.kms.katalon.core.main.ScriptEngine.runScriptAsRawText(ScriptEngine.java:119)
	at com.kms.katalon.core.main.TestCaseExecutor.runScript(TestCaseExecutor.java:394)
	at com.kms.katalon.core.main.TestCaseExecutor.doExecute(TestCaseExecutor.java:385)
	at com.kms.katalon.core.main.TestCaseExecutor.processExecutionPhase(TestCaseExecutor.java:364)
	at com.kms.katalon.core.main.TestCaseExecutor.accessMainPhase(TestCaseExecutor.java:356)
	at com.kms.katalon.core.main.TestCaseExecutor.execute(TestCaseExecutor.java:251)
	at com.kms.katalon.core.main.TestSuiteExecutor.accessTestCaseMainPhase(TestSuiteExecutor.java:203)
	at com.kms.katalon.core.main.TestSuiteExecutor.accessTestSuiteMainPhase(TestSuiteExecutor.java:152)
	at com.kms.katalon.core.main.TestSuiteExecutor.execute(TestSuiteExecutor.java:95)
	at com.kms.katalon.core.main.TestCaseMain.startTestSuite(TestCaseMain.java:157)
	at com.kms.katalon.core.main.TestCaseMain$startTestSuite$0.call(Unknown Source)
	at TempTestSuite1613660377298.run(TempTestSuite1613660377298.groovy:39)
Caused by: com.kms.katalon.core.exception.StepFailedException: Text 'SamplePNGImage' is not present on page 
	at com.kms.katalon.core.webui.keyword.internal.WebUIKeywordMain.stepFailed(WebUIKeywordMain.groovy:64)
	at com.kms.katalon.core.webui.keyword.builtin.VerifyTextPresentKeyword$_verifyTextPresent_closure1.doCall(VerifyTextPresentKeyword.groovy:79)
	at com.kms.katalon.core.webui.keyword.builtin.VerifyTextPresentKeyword$_verifyTextPresent_closure1.call(VerifyTextPresentKeyword.groovy)
	at com.kms.katalon.core.webui.keyword.internal.WebUIKeywordMain.runKeyword(WebUIKeywordMain.groovy:20)
	... 23 more
"/>
         <system-out><![CDATA[2021-02-18 20:37:14 - [TEST_CASE][FAILED] - Test Cases/UploadDiffFiles_PublicUser/TC_As a public user, Upload PNG File: Test Cases/UploadDiffFiles_PublicUser/TC_As a public user, Upload PNG File FAILED.
Reason:
com.kms.katalon.core.exception.StepFailedException: Unable to verify text 'SamplePNGImage' is present 
	at com.kms.katalon.core.webui.keyword.internal.WebUIKeywordMain.stepFailed(WebUIKeywordMain.groovy:64)
	at com.kms.katalon.core.webui.keyword.internal.WebUIKeywordMain.runKeyword(WebUIKeywordMain.groovy:26)
	at com.kms.katalon.core.webui.keyword.builtin.VerifyTextPresentKeyword.verifyTextPresent(VerifyTextPresentKeyword.groovy:83)
	at com.kms.katalon.core.webui.keyword.builtin.VerifyTextPresentKeyword.execute(VerifyTextPresentKeyword.groovy:68)
	at com.kms.katalon.core.keyword.internal.KeywordExecutor.executeKeywordForPlatform(KeywordExecutor.groovy:73)
	at com.kms.katalon.core.webui.keyword.WebUiBuiltInKeywords.verifyTextPresent(WebUiBuiltInKeywords.groovy:1720)
	at com.kms.katalon.core.webui.keyword.WebUiBuiltInKeywords$verifyTextPresent$3.call(Unknown Source)
	at customKeywords.commanFunctions.UploadReqFile(commanFunctions.groovy:282)
	at customKeywords.commanFunctions.uploadFileOfPublicUser(commanFunctions.groovy:656)
	at customKeywords.commanFunctions.invokeMethod(commanFunctions.groovy)
	at com.kms.katalon.core.main.CustomKeywordDelegatingMetaClass.invokeStaticMethod(CustomKeywordDelegatingMetaClass.java:50)
	at TC_As a public user, Upload PNG File.run(TC_As a public user, Upload PNG File:14)
	at com.kms.katalon.core.main.ScriptEngine.run(ScriptEngine.java:194)
	at com.kms.katalon.core.main.ScriptEngine.runScriptAsRawText(ScriptEngine.java:119)
	at com.kms.katalon.core.main.TestCaseExecutor.runScript(TestCaseExecutor.java:394)
	at com.kms.katalon.core.main.TestCaseExecutor.doExecute(TestCaseExecutor.java:385)
	at com.kms.katalon.core.main.TestCaseExecutor.processExecutionPhase(TestCaseExecutor.java:364)
	at com.kms.katalon.core.main.TestCaseExecutor.accessMainPhase(TestCaseExecutor.java:356)
	at com.kms.katalon.core.main.TestCaseExecutor.execute(TestCaseExecutor.java:251)
	at com.kms.katalon.core.main.TestSuiteExecutor.accessTestCaseMainPhase(TestSuiteExecutor.java:203)
	at com.kms.katalon.core.main.TestSuiteExecutor.accessTestSuiteMainPhase(TestSuiteExecutor.java:152)
	at com.kms.katalon.core.main.TestSuiteExecutor.execute(TestSuiteExecutor.java:95)
	at com.kms.katalon.core.main.TestCaseMain.startTestSuite(TestCaseMain.java:157)
	at com.kms.katalon.core.main.TestCaseMain$startTestSuite$0.call(Unknown Source)
	at TempTestSuite1613660377298.run(TempTestSuite1613660377298.groovy:39)
Caused by: com.kms.katalon.core.exception.StepFailedException: Text 'SamplePNGImage' is not present on page 
	at com.kms.katalon.core.webui.keyword.internal.WebUIKeywordMain.stepFailed(WebUIKeywordMain.groovy:64)
	at com.kms.katalon.core.webui.keyword.builtin.VerifyTextPresentKeyword$_verifyTextPresent_closure1.doCall(VerifyTextPresentKeyword.groovy:79)
	at com.kms.katalon.core.webui.keyword.builtin.VerifyTextPresentKeyword$_verifyTextPresent_closure1.call(VerifyTextPresentKeyword.groovy)
	at com.kms.katalon.core.webui.keyword.internal.WebUIKeywordMain.runKeyword(WebUIKeywordMain.groovy:20)
	... 23 more


2021-02-18 20:37:14 - [TEST_STEP][PASSED] - excelTestData = findTestData("Data Files/TestData/InspectTestData"): null

2021-02-18 20:37:14 - [TEST_STEP][PASSED] - userEmail = excelTestData.getValue(2, 23): null

2021-02-18 20:37:14 - [TEST_STEP][FAILED] - customKeywords.commanFunctions.uploadFileOfPublicUser(184, userEmail): Unable to verify text 'SamplePNGImage' is present 

2021-02-18 20:37:14 - [MESSAGE][INFO] - Starting 'Chrome' driver

2021-02-18 20:37:14 - [MESSAGE][INFO] - Action delay is set to 0 milliseconds

2021-02-18 20:37:24 - [MESSAGE][PASSED] - Browser is opened with url: 'https://Inspect.Stage.site.sa'

2021-02-18 20:37:26 - [MESSAGE][PASSED] - Current window maximized

2021-02-18 20:37:26 - [MESSAGE][PASSED] - Wait for page load successfully

2021-02-18 20:37:26 - [MESSAGE][PASSED] - Object: 'Object Repository/HomePage/ChooseAFile' is clicked on

2021-02-18 20:37:28 - [MESSAGE][PASSED] - Delayed 2 second(s)

2021-02-18 20:37:30 - [MESSAGE][INFO] - Image Uploaded Sucsessfully

2021-02-18 20:37:32 - [MESSAGE][PASSED] - Delayed 2 second(s)

2021-02-18 20:37:33 - [MESSAGE][FAILED] - Text 'SamplePNGImage' is not present on page  (Root cause: com.kms.katalon.core.exception.StepFailedException: Text 'SamplePNGImage' is not present on page 
	at com.kms.katalon.core.webui.keyword.internal.WebUIKeywordMain.stepFailed(WebUIKeywordMain.groovy:64)
	at com.kms.katalon.core.webui.keyword.builtin.VerifyTextPresentKeyword$_verifyTextPresent_closure1.doCall(VerifyTextPresentKeyword.groovy:79)
	at com.kms.katalon.core.webui.keyword.builtin.VerifyTextPresentKeyword$_verifyTextPresent_closure1.call(VerifyTextPresentKeyword.groovy)
	at com.kms.katalon.core.webui.keyword.internal.WebUIKeywordMain.runKeyword(WebUIKeywordMain.groovy:20)
	at com.kms.katalon.core.webui.keyword.builtin.VerifyTextPresentKeyword.verifyTextPresent(VerifyTextPresentKeyword.groovy:83)
	at com.kms.katalon.core.webui.keyword.builtin.VerifyTextPresentKeyword.execute(VerifyTextPresentKeyword.groovy:68)
	at com.kms.katalon.core.keyword.internal.KeywordExecutor.executeKeywordForPlatform(KeywordExecutor.groovy:73)
	at com.kms.katalon.core.webui.keyword.WebUiBuiltInKeywords.verifyTextPresent(WebUiBuiltInKeywords.groovy:1720)
	at com.kms.katalon.core.webui.keyword.WebUiBuiltInKeywords$verifyTextPresent$3.call(Unknown Source)
	at customKeywords.commanFunctions.UploadReqFile(commanFunctions.groovy:282)
	at customKeywords.commanFunctions.uploadFileOfPublicUser(commanFunctions.groovy:656)
	at customKeywords.commanFunctions.invokeMethod(commanFunctions.groovy)
	at com.kms.katalon.core.main.CustomKeywordDelegatingMetaClass.invokeStaticMethod(CustomKeywordDelegatingMetaClass.java:50)
	at TC_As a public user, Upload PNG File.run(TC_As a public user, Upload PNG File:14)
	at com.kms.katalon.core.main.ScriptEngine.run(ScriptEngine.java:194)
	at com.kms.katalon.core.main.ScriptEngine.runScriptAsRawText(ScriptEngine.java:119)
	at com.kms.katalon.core.main.TestCaseExecutor.runScript(TestCaseExecutor.java:394)
	at com.kms.katalon.core.main.TestCaseExecutor.doExecute(TestCaseExecutor.java:385)
	at com.kms.katalon.core.main.TestCaseExecutor.processExecutionPhase(TestCaseExecutor.java:364)
	at com.kms.katalon.core.main.TestCaseExecutor.accessMainPhase(TestCaseExecutor.java:356)
	at com.kms.katalon.core.main.TestCaseExecutor.execute(TestCaseExecutor.java:251)
	at com.kms.katalon.core.main.TestSuiteExecutor.accessTestCaseMainPhase(TestSuiteExecutor.java:203)
	at com.kms.katalon.core.main.TestSuiteExecutor.accessTestSuiteMainPhase(TestSuiteExecutor.java:152)
	at com.kms.katalon.core.main.TestSuiteExecutor.execute(TestSuiteExecutor.java:95)
	at com.kms.katalon.core.main.TestCaseMain.startTestSuite(TestCaseMain.java:157)
	at com.kms.katalon.core.main.TestCaseMain$startTestSuite$0.call(Unknown Source)
	at TempTestSuite1613660377298.run(TempTestSuite1613660377298.groovy:39)
)

2021-02-18 20:37:33 - [MESSAGE][FAILED] - Unable to verify text 'SamplePNGImage' is present  (Root cause: com.kms.katalon.core.exception.StepFailedException: Unable to verify text 'SamplePNGImage' is present 
	at com.kms.katalon.core.webui.keyword.internal.WebUIKeywordMain.stepFailed(WebUIKeywordMain.groovy:64)
	at com.kms.katalon.core.webui.keyword.internal.WebUIKeywordMain.runKeyword(WebUIKeywordMain.groovy:26)
	at com.kms.katalon.core.webui.keyword.builtin.VerifyTextPresentKeyword.verifyTextPresent(VerifyTextPresentKeyword.groovy:83)
	at com.kms.katalon.core.webui.keyword.builtin.VerifyTextPresentKeyword.execute(VerifyTextPresentKeyword.groovy:68)
	at com.kms.katalon.core.keyword.internal.KeywordExecutor.executeKeywordForPlatform(KeywordExecutor.groovy:73)
	at com.kms.katalon.core.webui.keyword.WebUiBuiltInKeywords.verifyTextPresent(WebUiBuiltInKeywords.groovy:1720)
	at com.kms.katalon.core.webui.keyword.WebUiBuiltInKeywords$verifyTextPresent$3.call(Unknown Source)
	at customKeywords.commanFunctions.UploadReqFile(commanFunctions.groovy:282)
	at customKeywords.commanFunctions.uploadFileOfPublicUser(commanFunctions.groovy:656)
	at customKeywords.commanFunctions.invokeMethod(commanFunctions.groovy)
	at com.kms.katalon.core.main.CustomKeywordDelegatingMetaClass.invokeStaticMethod(CustomKeywordDelegatingMetaClass.java:50)
	at TC_As a public user, Upload PNG File.run(TC_As a public user, Upload PNG File:14)
	at com.kms.katalon.core.main.ScriptEngine.run(ScriptEngine.java:194)
	at com.kms.katalon.core.main.ScriptEngine.runScriptAsRawText(ScriptEngine.java:119)
	at com.kms.katalon.core.main.TestCaseExecutor.runScript(TestCaseExecutor.java:394)
	at com.kms.katalon.core.main.TestCaseExecutor.doExecute(TestCaseExecutor.java:385)
	at com.kms.katalon.core.main.TestCaseExecutor.processExecutionPhase(TestCaseExecutor.java:364)
	at com.kms.katalon.core.main.TestCaseExecutor.accessMainPhase(TestCaseExecutor.java:356)
	at com.kms.katalon.core.main.TestCaseExecutor.execute(TestCaseExecutor.java:251)
	at com.kms.katalon.core.main.TestSuiteExecutor.accessTestCaseMainPhase(TestSuiteExecutor.java:203)
	at com.kms.katalon.core.main.TestSuiteExecutor.accessTestSuiteMainPhase(TestSuiteExecutor.java:152)
	at com.kms.katalon.core.main.TestSuiteExecutor.execute(TestSuiteExecutor.java:95)
	at com.kms.katalon.core.main.TestCaseMain.startTestSuite(TestCaseMain.java:157)
	at com.kms.katalon.core.main.TestCaseMain$startTestSuite$0.call(Unknown Source)
	at TempTestSuite1613660377298.run(TempTestSuite1613660377298.groovy:39)
Caused by: com.kms.katalon.core.exception.StepFailedException: Text 'SamplePNGImage' is not present on page 
	at com.kms.katalon.core.webui.keyword.internal.WebUIKeywordMain.stepFailed(WebUIKeywordMain.groovy:64)
	at com.kms.katalon.core.webui.keyword.builtin.VerifyTextPresentKeyword$_verifyTextPresent_closure1.doCall(VerifyTextPresentKeyword.groovy:79)
	at com.kms.katalon.core.webui.keyword.builtin.VerifyTextPresentKeyword$_verifyTextPresent_closure1.call(VerifyTextPresentKeyword.groovy)
	at com.kms.katalon.core.webui.keyword.internal.WebUIKeywordMain.runKeyword(WebUIKeywordMain.groovy:20)
	... 23 more
)
[[ATTACHMENT|E:\\Inspect\\15022021\\SiteInspectAutomation\\Reports\\20210218_202932\\Regression_Suite\\PublicUser_Suite\\PublicUser_UploadFiles\\20210218_202937\\1613660853165.png]]

2021-02-18 20:37:33 - [MESSAGE][FAILED] - Unable to verify text 'SamplePNGImage' is present 

2021-02-18 20:37:33 - [TEST_STEP][PASSED] - Start tear down : tearDownMethodIfFailed: Method 'tearDownMethodIfFailed' complete successfully

2021-02-18 20:37:33 - [TEST_STEP][PASSED] - customKeywords.commanFunctions.onlyCloseBrowser(): customKeywords.commanFunctions.onlyCloseBrowser is PASSED

2021-02-18 20:37:34 - [MESSAGE][PASSED] - Browser is closed

2021-02-18 20:37:34 - [MESSAGE][PASSED] - customKeywords.commanFunctions.onlyCloseBrowser is PASSED

2021-02-18 20:37:34 - [TEST_STEP][PASSED] - logInfo("[--------This is tearDownIfFailed method------]"): [--------This is tearDownIfFailed method------]

2021-02-18 20:37:34 - [MESSAGE][INFO] - [--------This is tearDownIfFailed method------]

2021-02-18 20:37:34 - [MESSAGE][PASSED] - Method 'tearDownMethodIfFailed' complete successfully]]></system-out>
         <system-err><![CDATA[2021-02-18 20:37:14 - [TEST_CASE][FAILED] - Test Cases/UploadDiffFiles_PublicUser/TC_As a public user, Upload PNG File: Test Cases/UploadDiffFiles_PublicUser/TC_As a public user, Upload PNG File FAILED.
Reason:
com.kms.katalon.core.exception.StepFailedException: Unable to verify text 'SamplePNGImage' is present 
	at com.kms.katalon.core.webui.keyword.internal.WebUIKeywordMain.stepFailed(WebUIKeywordMain.groovy:64)
	at com.kms.katalon.core.webui.keyword.internal.WebUIKeywordMain.runKeyword(WebUIKeywordMain.groovy:26)
	at com.kms.katalon.core.webui.keyword.builtin.VerifyTextPresentKeyword.verifyTextPresent(VerifyTextPresentKeyword.groovy:83)
	at com.kms.katalon.core.webui.keyword.builtin.VerifyTextPresentKeyword.execute(VerifyTextPresentKeyword.groovy:68)
	at com.kms.katalon.core.keyword.internal.KeywordExecutor.executeKeywordForPlatform(KeywordExecutor.groovy:73)
	at com.kms.katalon.core.webui.keyword.WebUiBuiltInKeywords.verifyTextPresent(WebUiBuiltInKeywords.groovy:1720)
	at com.kms.katalon.core.webui.keyword.WebUiBuiltInKeywords$verifyTextPresent$3.call(Unknown Source)
	at customKeywords.commanFunctions.UploadReqFile(commanFunctions.groovy:282)
	at customKeywords.commanFunctions.uploadFileOfPublicUser(commanFunctions.groovy:656)
	at customKeywords.commanFunctions.invokeMethod(commanFunctions.groovy)
	at com.kms.katalon.core.main.CustomKeywordDelegatingMetaClass.invokeStaticMethod(CustomKeywordDelegatingMetaClass.java:50)
	at TC_As a public user, Upload PNG File.run(TC_As a public user, Upload PNG File:14)
	at com.kms.katalon.core.main.ScriptEngine.run(ScriptEngine.java:194)
	at com.kms.katalon.core.main.ScriptEngine.runScriptAsRawText(ScriptEngine.java:119)
	at com.kms.katalon.core.main.TestCaseExecutor.runScript(TestCaseExecutor.java:394)
	at com.kms.katalon.core.main.TestCaseExecutor.doExecute(TestCaseExecutor.java:385)
	at com.kms.katalon.core.main.TestCaseExecutor.processExecutionPhase(TestCaseExecutor.java:364)
	at com.kms.katalon.core.main.TestCaseExecutor.accessMainPhase(TestCaseExecutor.java:356)
	at com.kms.katalon.core.main.TestCaseExecutor.execute(TestCaseExecutor.java:251)
	at com.kms.katalon.core.main.TestSuiteExecutor.accessTestCaseMainPhase(TestSuiteExecutor.java:203)
	at com.kms.katalon.core.main.TestSuiteExecutor.accessTestSuiteMainPhase(TestSuiteExecutor.java:152)
	at com.kms.katalon.core.main.TestSuiteExecutor.execute(TestSuiteExecutor.java:95)
	at com.kms.katalon.core.main.TestCaseMain.startTestSuite(TestCaseMain.java:157)
	at com.kms.katalon.core.main.TestCaseMain$startTestSuite$0.call(Unknown Source)
	at TempTestSuite1613660377298.run(TempTestSuite1613660377298.groovy:39)
Caused by: com.kms.katalon.core.exception.StepFailedException: Text 'SamplePNGImage' is not present on page 
	at com.kms.katalon.core.webui.keyword.internal.WebUIKeywordMain.stepFailed(WebUIKeywordMain.groovy:64)
	at com.kms.katalon.core.webui.keyword.builtin.VerifyTextPresentKeyword$_verifyTextPresent_closure1.doCall(VerifyTextPresentKeyword.groovy:79)
	at com.kms.katalon.core.webui.keyword.builtin.VerifyTextPresentKeyword$_verifyTextPresent_closure1.call(VerifyTextPresentKeyword.groovy)
	at com.kms.katalon.core.webui.keyword.internal.WebUIKeywordMain.runKeyword(WebUIKeywordMain.groovy:20)
	... 23 more]]></system-err>
      </testcase>
      <testcase name="Test Cases/UploadDiffFiles_PublicUser/TC_As a public user, Upload PowerPoint File" time="20.32" classname="Test Cases/UploadDiffFiles_PublicUser/TC_As a public user, Upload PowerPoint File" status="FAILED">
         <failure type="FAILED" message="Test Cases/UploadDiffFiles_PublicUser/TC_As a public user, Upload PowerPoint File FAILED.
Reason:
com.kms.katalon.core.exception.StepFailedException: Unable to verify text 'POwerPoint' is present 
	at com.kms.katalon.core.webui.keyword.internal.WebUIKeywordMain.stepFailed(WebUIKeywordMain.groovy:64)
	at com.kms.katalon.core.webui.keyword.internal.WebUIKeywordMain.runKeyword(WebUIKeywordMain.groovy:26)
	at com.kms.katalon.core.webui.keyword.builtin.VerifyTextPresentKeyword.verifyTextPresent(VerifyTextPresentKeyword.groovy:83)
	at com.kms.katalon.core.webui.keyword.builtin.VerifyTextPresentKeyword.execute(VerifyTextPresentKeyword.groovy:68)
	at com.kms.katalon.core.keyword.internal.KeywordExecutor.executeKeywordForPlatform(KeywordExecutor.groovy:73)
	at com.kms.katalon.core.webui.keyword.WebUiBuiltInKeywords.verifyTextPresent(WebUiBuiltInKeywords.groovy:1720)
	at com.kms.katalon.core.webui.keyword.WebUiBuiltInKeywords$verifyTextPresent$3.call(Unknown Source)
	at customKeywords.commanFunctions.UploadReqFile(commanFunctions.groovy:282)
	at customKeywords.commanFunctions.uploadFileOfPublicUser(commanFunctions.groovy:656)
	at customKeywords.commanFunctions.invokeMethod(commanFunctions.groovy)
	at com.kms.katalon.core.main.CustomKeywordDelegatingMetaClass.invokeStaticMethod(CustomKeywordDelegatingMetaClass.java:50)
	at TC_As a public user, Upload PowerPoint File.run(TC_As a public user, Upload PowerPoint File:14)
	at com.kms.katalon.core.main.ScriptEngine.run(ScriptEngine.java:194)
	at com.kms.katalon.core.main.ScriptEngine.runScriptAsRawText(ScriptEngine.java:119)
	at com.kms.katalon.core.main.TestCaseExecutor.runScript(TestCaseExecutor.java:394)
	at com.kms.katalon.core.main.TestCaseExecutor.doExecute(TestCaseExecutor.java:385)
	at com.kms.katalon.core.main.TestCaseExecutor.processExecutionPhase(TestCaseExecutor.java:364)
	at com.kms.katalon.core.main.TestCaseExecutor.accessMainPhase(TestCaseExecutor.java:356)
	at com.kms.katalon.core.main.TestCaseExecutor.execute(TestCaseExecutor.java:251)
	at com.kms.katalon.core.main.TestSuiteExecutor.accessTestCaseMainPhase(TestSuiteExecutor.java:203)
	at com.kms.katalon.core.main.TestSuiteExecutor.accessTestSuiteMainPhase(TestSuiteExecutor.java:152)
	at com.kms.katalon.core.main.TestSuiteExecutor.execute(TestSuiteExecutor.java:95)
	at com.kms.katalon.core.main.TestCaseMain.startTestSuite(TestCaseMain.java:157)
	at com.kms.katalon.core.main.TestCaseMain$startTestSuite$0.call(Unknown Source)
	at TempTestSuite1613660377298.run(TempTestSuite1613660377298.groovy:39)
Caused by: com.kms.katalon.core.exception.StepFailedException: Text 'POwerPoint' is not present on page 
	at com.kms.katalon.core.webui.keyword.internal.WebUIKeywordMain.stepFailed(WebUIKeywordMain.groovy:64)
	at com.kms.katalon.core.webui.keyword.builtin.VerifyTextPresentKeyword$_verifyTextPresent_closure1.doCall(VerifyTextPresentKeyword.groovy:79)
	at com.kms.katalon.core.webui.keyword.builtin.VerifyTextPresentKeyword$_verifyTextPresent_closure1.call(VerifyTextPresentKeyword.groovy)
	at com.kms.katalon.core.webui.keyword.internal.WebUIKeywordMain.runKeyword(WebUIKeywordMain.groovy:20)
	... 23 more
"/>
         <system-out><![CDATA[2021-02-18 20:37:34 - [TEST_CASE][FAILED] - Test Cases/UploadDiffFiles_PublicUser/TC_As a public user, Upload PowerPoint File: Test Cases/UploadDiffFiles_PublicUser/TC_As a public user, Upload PowerPoint File FAILED.
Reason:
com.kms.katalon.core.exception.StepFailedException: Unable to verify text 'POwerPoint' is present 
	at com.kms.katalon.core.webui.keyword.internal.WebUIKeywordMain.stepFailed(WebUIKeywordMain.groovy:64)
	at com.kms.katalon.core.webui.keyword.internal.WebUIKeywordMain.runKeyword(WebUIKeywordMain.groovy:26)
	at com.kms.katalon.core.webui.keyword.builtin.VerifyTextPresentKeyword.verifyTextPresent(VerifyTextPresentKeyword.groovy:83)
	at com.kms.katalon.core.webui.keyword.builtin.VerifyTextPresentKeyword.execute(VerifyTextPresentKeyword.groovy:68)
	at com.kms.katalon.core.keyword.internal.KeywordExecutor.executeKeywordForPlatform(KeywordExecutor.groovy:73)
	at com.kms.katalon.core.webui.keyword.WebUiBuiltInKeywords.verifyTextPresent(WebUiBuiltInKeywords.groovy:1720)
	at com.kms.katalon.core.webui.keyword.WebUiBuiltInKeywords$verifyTextPresent$3.call(Unknown Source)
	at customKeywords.commanFunctions.UploadReqFile(commanFunctions.groovy:282)
	at customKeywords.commanFunctions.uploadFileOfPublicUser(commanFunctions.groovy:656)
	at customKeywords.commanFunctions.invokeMethod(commanFunctions.groovy)
	at com.kms.katalon.core.main.CustomKeywordDelegatingMetaClass.invokeStaticMethod(CustomKeywordDelegatingMetaClass.java:50)
	at TC_As a public user, Upload PowerPoint File.run(TC_As a public user, Upload PowerPoint File:14)
	at com.kms.katalon.core.main.ScriptEngine.run(ScriptEngine.java:194)
	at com.kms.katalon.core.main.ScriptEngine.runScriptAsRawText(ScriptEngine.java:119)
	at com.kms.katalon.core.main.TestCaseExecutor.runScript(TestCaseExecutor.java:394)
	at com.kms.katalon.core.main.TestCaseExecutor.doExecute(TestCaseExecutor.java:385)
	at com.kms.katalon.core.main.TestCaseExecutor.processExecutionPhase(TestCaseExecutor.java:364)
	at com.kms.katalon.core.main.TestCaseExecutor.accessMainPhase(TestCaseExecutor.java:356)
	at com.kms.katalon.core.main.TestCaseExecutor.execute(TestCaseExecutor.java:251)
	at com.kms.katalon.core.main.TestSuiteExecutor.accessTestCaseMainPhase(TestSuiteExecutor.java:203)
	at com.kms.katalon.core.main.TestSuiteExecutor.accessTestSuiteMainPhase(TestSuiteExecutor.java:152)
	at com.kms.katalon.core.main.TestSuiteExecutor.execute(TestSuiteExecutor.java:95)
	at com.kms.katalon.core.main.TestCaseMain.startTestSuite(TestCaseMain.java:157)
	at com.kms.katalon.core.main.TestCaseMain$startTestSuite$0.call(Unknown Source)
	at TempTestSuite1613660377298.run(TempTestSuite1613660377298.groovy:39)
Caused by: com.kms.katalon.core.exception.StepFailedException: Text 'POwerPoint' is not present on page 
	at com.kms.katalon.core.webui.keyword.internal.WebUIKeywordMain.stepFailed(WebUIKeywordMain.groovy:64)
	at com.kms.katalon.core.webui.keyword.builtin.VerifyTextPresentKeyword$_verifyTextPresent_closure1.doCall(VerifyTextPresentKeyword.groovy:79)
	at com.kms.katalon.core.webui.keyword.builtin.VerifyTextPresentKeyword$_verifyTextPresent_closure1.call(VerifyTextPresentKeyword.groovy)
	at com.kms.katalon.core.webui.keyword.internal.WebUIKeywordMain.runKeyword(WebUIKeywordMain.groovy:20)
	... 23 more


2021-02-18 20:37:34 - [TEST_STEP][PASSED] - excelTestData = findTestData("Data Files/TestData/InspectTestData"): null

2021-02-18 20:37:34 - [TEST_STEP][PASSED] - userEmail = excelTestData.getValue(2, 23): null

2021-02-18 20:37:34 - [TEST_STEP][FAILED] - customKeywords.commanFunctions.uploadFileOfPublicUser(168, userEmail): Unable to verify text 'POwerPoint' is present 

2021-02-18 20:37:35 - [MESSAGE][INFO] - Starting 'Chrome' driver

2021-02-18 20:37:35 - [MESSAGE][INFO] - Action delay is set to 0 milliseconds

2021-02-18 20:37:44 - [MESSAGE][PASSED] - Browser is opened with url: 'https://Inspect.Stage.site.sa'

2021-02-18 20:37:46 - [MESSAGE][PASSED] - Current window maximized

2021-02-18 20:37:46 - [MESSAGE][PASSED] - Wait for page load successfully

2021-02-18 20:37:47 - [MESSAGE][PASSED] - Object: 'Object Repository/HomePage/ChooseAFile' is clicked on

2021-02-18 20:37:49 - [MESSAGE][PASSED] - Delayed 2 second(s)

2021-02-18 20:37:51 - [MESSAGE][INFO] - Image Uploaded Sucsessfully

2021-02-18 20:37:53 - [MESSAGE][PASSED] - Delayed 2 second(s)

2021-02-18 20:37:53 - [MESSAGE][FAILED] - Text 'POwerPoint' is not present on page  (Root cause: com.kms.katalon.core.exception.StepFailedException: Text 'POwerPoint' is not present on page 
	at com.kms.katalon.core.webui.keyword.internal.WebUIKeywordMain.stepFailed(WebUIKeywordMain.groovy:64)
	at com.kms.katalon.core.webui.keyword.builtin.VerifyTextPresentKeyword$_verifyTextPresent_closure1.doCall(VerifyTextPresentKeyword.groovy:79)
	at com.kms.katalon.core.webui.keyword.builtin.VerifyTextPresentKeyword$_verifyTextPresent_closure1.call(VerifyTextPresentKeyword.groovy)
	at com.kms.katalon.core.webui.keyword.internal.WebUIKeywordMain.runKeyword(WebUIKeywordMain.groovy:20)
	at com.kms.katalon.core.webui.keyword.builtin.VerifyTextPresentKeyword.verifyTextPresent(VerifyTextPresentKeyword.groovy:83)
	at com.kms.katalon.core.webui.keyword.builtin.VerifyTextPresentKeyword.execute(VerifyTextPresentKeyword.groovy:68)
	at com.kms.katalon.core.keyword.internal.KeywordExecutor.executeKeywordForPlatform(KeywordExecutor.groovy:73)
	at com.kms.katalon.core.webui.keyword.WebUiBuiltInKeywords.verifyTextPresent(WebUiBuiltInKeywords.groovy:1720)
	at com.kms.katalon.core.webui.keyword.WebUiBuiltInKeywords$verifyTextPresent$3.call(Unknown Source)
	at customKeywords.commanFunctions.UploadReqFile(commanFunctions.groovy:282)
	at customKeywords.commanFunctions.uploadFileOfPublicUser(commanFunctions.groovy:656)
	at customKeywords.commanFunctions.invokeMethod(commanFunctions.groovy)
	at com.kms.katalon.core.main.CustomKeywordDelegatingMetaClass.invokeStaticMethod(CustomKeywordDelegatingMetaClass.java:50)
	at TC_As a public user, Upload PowerPoint File.run(TC_As a public user, Upload PowerPoint File:14)
	at com.kms.katalon.core.main.ScriptEngine.run(ScriptEngine.java:194)
	at com.kms.katalon.core.main.ScriptEngine.runScriptAsRawText(ScriptEngine.java:119)
	at com.kms.katalon.core.main.TestCaseExecutor.runScript(TestCaseExecutor.java:394)
	at com.kms.katalon.core.main.TestCaseExecutor.doExecute(TestCaseExecutor.java:385)
	at com.kms.katalon.core.main.TestCaseExecutor.processExecutionPhase(TestCaseExecutor.java:364)
	at com.kms.katalon.core.main.TestCaseExecutor.accessMainPhase(TestCaseExecutor.java:356)
	at com.kms.katalon.core.main.TestCaseExecutor.execute(TestCaseExecutor.java:251)
	at com.kms.katalon.core.main.TestSuiteExecutor.accessTestCaseMainPhase(TestSuiteExecutor.java:203)
	at com.kms.katalon.core.main.TestSuiteExecutor.accessTestSuiteMainPhase(TestSuiteExecutor.java:152)
	at com.kms.katalon.core.main.TestSuiteExecutor.execute(TestSuiteExecutor.java:95)
	at com.kms.katalon.core.main.TestCaseMain.startTestSuite(TestCaseMain.java:157)
	at com.kms.katalon.core.main.TestCaseMain$startTestSuite$0.call(Unknown Source)
	at TempTestSuite1613660377298.run(TempTestSuite1613660377298.groovy:39)
)

2021-02-18 20:37:53 - [MESSAGE][FAILED] - Unable to verify text 'POwerPoint' is present  (Root cause: com.kms.katalon.core.exception.StepFailedException: Unable to verify text 'POwerPoint' is present 
	at com.kms.katalon.core.webui.keyword.internal.WebUIKeywordMain.stepFailed(WebUIKeywordMain.groovy:64)
	at com.kms.katalon.core.webui.keyword.internal.WebUIKeywordMain.runKeyword(WebUIKeywordMain.groovy:26)
	at com.kms.katalon.core.webui.keyword.builtin.VerifyTextPresentKeyword.verifyTextPresent(VerifyTextPresentKeyword.groovy:83)
	at com.kms.katalon.core.webui.keyword.builtin.VerifyTextPresentKeyword.execute(VerifyTextPresentKeyword.groovy:68)
	at com.kms.katalon.core.keyword.internal.KeywordExecutor.executeKeywordForPlatform(KeywordExecutor.groovy:73)
	at com.kms.katalon.core.webui.keyword.WebUiBuiltInKeywords.verifyTextPresent(WebUiBuiltInKeywords.groovy:1720)
	at com.kms.katalon.core.webui.keyword.WebUiBuiltInKeywords$verifyTextPresent$3.call(Unknown Source)
	at customKeywords.commanFunctions.UploadReqFile(commanFunctions.groovy:282)
	at customKeywords.commanFunctions.uploadFileOfPublicUser(commanFunctions.groovy:656)
	at customKeywords.commanFunctions.invokeMethod(commanFunctions.groovy)
	at com.kms.katalon.core.main.CustomKeywordDelegatingMetaClass.invokeStaticMethod(CustomKeywordDelegatingMetaClass.java:50)
	at TC_As a public user, Upload PowerPoint File.run(TC_As a public user, Upload PowerPoint File:14)
	at com.kms.katalon.core.main.ScriptEngine.run(ScriptEngine.java:194)
	at com.kms.katalon.core.main.ScriptEngine.runScriptAsRawText(ScriptEngine.java:119)
	at com.kms.katalon.core.main.TestCaseExecutor.runScript(TestCaseExecutor.java:394)
	at com.kms.katalon.core.main.TestCaseExecutor.doExecute(TestCaseExecutor.java:385)
	at com.kms.katalon.core.main.TestCaseExecutor.processExecutionPhase(TestCaseExecutor.java:364)
	at com.kms.katalon.core.main.TestCaseExecutor.accessMainPhase(TestCaseExecutor.java:356)
	at com.kms.katalon.core.main.TestCaseExecutor.execute(TestCaseExecutor.java:251)
	at com.kms.katalon.core.main.TestSuiteExecutor.accessTestCaseMainPhase(TestSuiteExecutor.java:203)
	at com.kms.katalon.core.main.TestSuiteExecutor.accessTestSuiteMainPhase(TestSuiteExecutor.java:152)
	at com.kms.katalon.core.main.TestSuiteExecutor.execute(TestSuiteExecutor.java:95)
	at com.kms.katalon.core.main.TestCaseMain.startTestSuite(TestCaseMain.java:157)
	at com.kms.katalon.core.main.TestCaseMain$startTestSuite$0.call(Unknown Source)
	at TempTestSuite1613660377298.run(TempTestSuite1613660377298.groovy:39)
Caused by: com.kms.katalon.core.exception.StepFailedException: Text 'POwerPoint' is not present on page 
	at com.kms.katalon.core.webui.keyword.internal.WebUIKeywordMain.stepFailed(WebUIKeywordMain.groovy:64)
	at com.kms.katalon.core.webui.keyword.builtin.VerifyTextPresentKeyword$_verifyTextPresent_closure1.doCall(VerifyTextPresentKeyword.groovy:79)
	at com.kms.katalon.core.webui.keyword.builtin.VerifyTextPresentKeyword$_verifyTextPresent_closure1.call(VerifyTextPresentKeyword.groovy)
	at com.kms.katalon.core.webui.keyword.internal.WebUIKeywordMain.runKeyword(WebUIKeywordMain.groovy:20)
	... 23 more
)
[[ATTACHMENT|E:\\Inspect\\15022021\\SiteInspectAutomation\\Reports\\20210218_202932\\Regression_Suite\\PublicUser_Suite\\PublicUser_UploadFiles\\20210218_202937\\1613660873460.png]]

2021-02-18 20:37:53 - [MESSAGE][FAILED] - Unable to verify text 'POwerPoint' is present 

2021-02-18 20:37:53 - [TEST_STEP][PASSED] - Start tear down : tearDownMethodIfFailed: Method 'tearDownMethodIfFailed' complete successfully

2021-02-18 20:37:53 - [TEST_STEP][PASSED] - customKeywords.commanFunctions.onlyCloseBrowser(): customKeywords.commanFunctions.onlyCloseBrowser is PASSED

2021-02-18 20:37:55 - [MESSAGE][PASSED] - Browser is closed

2021-02-18 20:37:55 - [MESSAGE][PASSED] - customKeywords.commanFunctions.onlyCloseBrowser is PASSED

2021-02-18 20:37:55 - [TEST_STEP][PASSED] - logInfo("[--------This is tearDownIfFailed method------]"): [--------This is tearDownIfFailed method------]

2021-02-18 20:37:55 - [MESSAGE][INFO] - [--------This is tearDownIfFailed method------]

2021-02-18 20:37:55 - [MESSAGE][PASSED] - Method 'tearDownMethodIfFailed' complete successfully]]></system-out>
         <system-err><![CDATA[2021-02-18 20:37:34 - [TEST_CASE][FAILED] - Test Cases/UploadDiffFiles_PublicUser/TC_As a public user, Upload PowerPoint File: Test Cases/UploadDiffFiles_PublicUser/TC_As a public user, Upload PowerPoint File FAILED.
Reason:
com.kms.katalon.core.exception.StepFailedException: Unable to verify text 'POwerPoint' is present 
	at com.kms.katalon.core.webui.keyword.internal.WebUIKeywordMain.stepFailed(WebUIKeywordMain.groovy:64)
	at com.kms.katalon.core.webui.keyword.internal.WebUIKeywordMain.runKeyword(WebUIKeywordMain.groovy:26)
	at com.kms.katalon.core.webui.keyword.builtin.VerifyTextPresentKeyword.verifyTextPresent(VerifyTextPresentKeyword.groovy:83)
	at com.kms.katalon.core.webui.keyword.builtin.VerifyTextPresentKeyword.execute(VerifyTextPresentKeyword.groovy:68)
	at com.kms.katalon.core.keyword.internal.KeywordExecutor.executeKeywordForPlatform(KeywordExecutor.groovy:73)
	at com.kms.katalon.core.webui.keyword.WebUiBuiltInKeywords.verifyTextPresent(WebUiBuiltInKeywords.groovy:1720)
	at com.kms.katalon.core.webui.keyword.WebUiBuiltInKeywords$verifyTextPresent$3.call(Unknown Source)
	at customKeywords.commanFunctions.UploadReqFile(commanFunctions.groovy:282)
	at customKeywords.commanFunctions.uploadFileOfPublicUser(commanFunctions.groovy:656)
	at customKeywords.commanFunctions.invokeMethod(commanFunctions.groovy)
	at com.kms.katalon.core.main.CustomKeywordDelegatingMetaClass.invokeStaticMethod(CustomKeywordDelegatingMetaClass.java:50)
	at TC_As a public user, Upload PowerPoint File.run(TC_As a public user, Upload PowerPoint File:14)
	at com.kms.katalon.core.main.ScriptEngine.run(ScriptEngine.java:194)
	at com.kms.katalon.core.main.ScriptEngine.runScriptAsRawText(ScriptEngine.java:119)
	at com.kms.katalon.core.main.TestCaseExecutor.runScript(TestCaseExecutor.java:394)
	at com.kms.katalon.core.main.TestCaseExecutor.doExecute(TestCaseExecutor.java:385)
	at com.kms.katalon.core.main.TestCaseExecutor.processExecutionPhase(TestCaseExecutor.java:364)
	at com.kms.katalon.core.main.TestCaseExecutor.accessMainPhase(TestCaseExecutor.java:356)
	at com.kms.katalon.core.main.TestCaseExecutor.execute(TestCaseExecutor.java:251)
	at com.kms.katalon.core.main.TestSuiteExecutor.accessTestCaseMainPhase(TestSuiteExecutor.java:203)
	at com.kms.katalon.core.main.TestSuiteExecutor.accessTestSuiteMainPhase(TestSuiteExecutor.java:152)
	at com.kms.katalon.core.main.TestSuiteExecutor.execute(TestSuiteExecutor.java:95)
	at com.kms.katalon.core.main.TestCaseMain.startTestSuite(TestCaseMain.java:157)
	at com.kms.katalon.core.main.TestCaseMain$startTestSuite$0.call(Unknown Source)
	at TempTestSuite1613660377298.run(TempTestSuite1613660377298.groovy:39)
Caused by: com.kms.katalon.core.exception.StepFailedException: Text 'POwerPoint' is not present on page 
	at com.kms.katalon.core.webui.keyword.internal.WebUIKeywordMain.stepFailed(WebUIKeywordMain.groovy:64)
	at com.kms.katalon.core.webui.keyword.builtin.VerifyTextPresentKeyword$_verifyTextPresent_closure1.doCall(VerifyTextPresentKeyword.groovy:79)
	at com.kms.katalon.core.webui.keyword.builtin.VerifyTextPresentKeyword$_verifyTextPresent_closure1.call(VerifyTextPresentKeyword.groovy)
	at com.kms.katalon.core.webui.keyword.internal.WebUIKeywordMain.runKeyword(WebUIKeywordMain.groovy:20)
	... 23 more]]></system-err>
      </testcase>
      <testcase name="Test Cases/UploadDiffFiles_PublicUser/TC_As a public user, Upload RealAudio File" time="22.584" classname="Test Cases/UploadDiffFiles_PublicUser/TC_As a public user, Upload RealAudio File" status="PASSED">
         <system-out><![CDATA[2021-02-18 20:37:55 - [TEST_CASE][PASSED] - Test Cases/UploadDiffFiles_PublicUser/TC_As a public user, Upload RealAudio File: Test Cases/UploadDiffFiles_PublicUser/TC_As a public user, Upload RealAudio File

2021-02-18 20:37:55 - [TEST_STEP][PASSED] - excelTestData = findTestData("Data Files/TestData/InspectTestData"): null

2021-02-18 20:37:55 - [TEST_STEP][PASSED] - userEmail = excelTestData.getValue(2, 23): null

2021-02-18 20:37:55 - [TEST_STEP][PASSED] - customKeywords.commanFunctions.uploadFileOfPublicUser(354, userEmail): customKeywords.commanFunctions.uploadFileOfPublicUser is PASSED

2021-02-18 20:37:55 - [MESSAGE][INFO] - Starting 'Chrome' driver

2021-02-18 20:37:55 - [MESSAGE][INFO] - Action delay is set to 0 milliseconds

2021-02-18 20:38:04 - [MESSAGE][PASSED] - Browser is opened with url: 'https://Inspect.Stage.site.sa'

2021-02-18 20:38:07 - [MESSAGE][PASSED] - Current window maximized

2021-02-18 20:38:07 - [MESSAGE][PASSED] - Wait for page load successfully

2021-02-18 20:38:07 - [MESSAGE][PASSED] - Object: 'Object Repository/HomePage/ChooseAFile' is clicked on

2021-02-18 20:38:09 - [MESSAGE][PASSED] - Delayed 2 second(s)

2021-02-18 20:38:11 - [MESSAGE][INFO] - Image Uploaded Sucsessfully

2021-02-18 20:38:13 - [MESSAGE][PASSED] - Delayed 2 second(s)

2021-02-18 20:38:13 - [MESSAGE][PASSED] - Text 'RealAudio' is present on page 

2021-02-18 20:38:14 - [MESSAGE][PASSED] - Keys 'Os-ARahman@projects.site.sa' sent to object: 'Object Repository/PublicUserHomePage/email_Input'

2021-02-18 20:38:14 - [MESSAGE][PASSED] - Object: 'Object Repository/PublicUserHomePage/SiteInspectTermsOfUse_CheckBox' is clicked on

2021-02-18 20:38:15 - [MESSAGE][PASSED] - Object: 'Object Repository/HomePage/startAnalysis_EnableBtn' is clicked on

2021-02-18 20:38:16 - [MESSAGE][PASSED] - Text 'Your submission was successful
The analysis results will be delivered to you via email' is present on page 

2021-02-18 20:38:16 - [MESSAGE][PASSED] - customKeywords.commanFunctions.uploadFileOfPublicUser is PASSED

2021-02-18 20:38:16 - [TEST_STEP][PASSED] - customKeywords.commanFunctions.onlyCloseBrowser(): customKeywords.commanFunctions.onlyCloseBrowser is PASSED

2021-02-18 20:38:17 - [MESSAGE][PASSED] - Browser is closed

2021-02-18 20:38:17 - [MESSAGE][PASSED] - customKeywords.commanFunctions.onlyCloseBrowser is PASSED]]></system-out>
         <system-err><![CDATA[]]></system-err>
      </testcase>
      <testcase name="Test Cases/UploadDiffFiles_PublicUser/TC_As a public user, Upload Txt File" time="20.336" classname="Test Cases/UploadDiffFiles_PublicUser/TC_As a public user, Upload Txt File" status="FAILED">
         <failure type="FAILED" message="Test Cases/UploadDiffFiles_PublicUser/TC_As a public user, Upload Txt File FAILED.
Reason:
com.kms.katalon.core.exception.StepFailedException: Unable to verify text 'NotePad' is present 
	at com.kms.katalon.core.webui.keyword.internal.WebUIKeywordMain.stepFailed(WebUIKeywordMain.groovy:64)
	at com.kms.katalon.core.webui.keyword.internal.WebUIKeywordMain.runKeyword(WebUIKeywordMain.groovy:26)
	at com.kms.katalon.core.webui.keyword.builtin.VerifyTextPresentKeyword.verifyTextPresent(VerifyTextPresentKeyword.groovy:83)
	at com.kms.katalon.core.webui.keyword.builtin.VerifyTextPresentKeyword.execute(VerifyTextPresentKeyword.groovy:68)
	at com.kms.katalon.core.keyword.internal.KeywordExecutor.executeKeywordForPlatform(KeywordExecutor.groovy:73)
	at com.kms.katalon.core.webui.keyword.WebUiBuiltInKeywords.verifyTextPresent(WebUiBuiltInKeywords.groovy:1720)
	at com.kms.katalon.core.webui.keyword.WebUiBuiltInKeywords$verifyTextPresent$3.call(Unknown Source)
	at customKeywords.commanFunctions.UploadReqFile(commanFunctions.groovy:282)
	at customKeywords.commanFunctions.uploadFileOfPublicUser(commanFunctions.groovy:656)
	at customKeywords.commanFunctions.invokeMethod(commanFunctions.groovy)
	at com.kms.katalon.core.main.CustomKeywordDelegatingMetaClass.invokeStaticMethod(CustomKeywordDelegatingMetaClass.java:50)
	at TC_As a public user, Upload Txt File.run(TC_As a public user, Upload Txt File:14)
	at com.kms.katalon.core.main.ScriptEngine.run(ScriptEngine.java:194)
	at com.kms.katalon.core.main.ScriptEngine.runScriptAsRawText(ScriptEngine.java:119)
	at com.kms.katalon.core.main.TestCaseExecutor.runScript(TestCaseExecutor.java:394)
	at com.kms.katalon.core.main.TestCaseExecutor.doExecute(TestCaseExecutor.java:385)
	at com.kms.katalon.core.main.TestCaseExecutor.processExecutionPhase(TestCaseExecutor.java:364)
	at com.kms.katalon.core.main.TestCaseExecutor.accessMainPhase(TestCaseExecutor.java:356)
	at com.kms.katalon.core.main.TestCaseExecutor.execute(TestCaseExecutor.java:251)
	at com.kms.katalon.core.main.TestSuiteExecutor.accessTestCaseMainPhase(TestSuiteExecutor.java:203)
	at com.kms.katalon.core.main.TestSuiteExecutor.accessTestSuiteMainPhase(TestSuiteExecutor.java:152)
	at com.kms.katalon.core.main.TestSuiteExecutor.execute(TestSuiteExecutor.java:95)
	at com.kms.katalon.core.main.TestCaseMain.startTestSuite(TestCaseMain.java:157)
	at com.kms.katalon.core.main.TestCaseMain$startTestSuite$0.call(Unknown Source)
	at TempTestSuite1613660377298.run(TempTestSuite1613660377298.groovy:39)
Caused by: com.kms.katalon.core.exception.StepFailedException: Text 'NotePad' is not present on page 
	at com.kms.katalon.core.webui.keyword.internal.WebUIKeywordMain.stepFailed(WebUIKeywordMain.groovy:64)
	at com.kms.katalon.core.webui.keyword.builtin.VerifyTextPresentKeyword$_verifyTextPresent_closure1.doCall(VerifyTextPresentKeyword.groovy:79)
	at com.kms.katalon.core.webui.keyword.builtin.VerifyTextPresentKeyword$_verifyTextPresent_closure1.call(VerifyTextPresentKeyword.groovy)
	at com.kms.katalon.core.webui.keyword.internal.WebUIKeywordMain.runKeyword(WebUIKeywordMain.groovy:20)
	... 23 more
"/>
         <system-out><![CDATA[2021-02-18 20:38:17 - [TEST_CASE][FAILED] - Test Cases/UploadDiffFiles_PublicUser/TC_As a public user, Upload Txt File: Test Cases/UploadDiffFiles_PublicUser/TC_As a public user, Upload Txt File FAILED.
Reason:
com.kms.katalon.core.exception.StepFailedException: Unable to verify text 'NotePad' is present 
	at com.kms.katalon.core.webui.keyword.internal.WebUIKeywordMain.stepFailed(WebUIKeywordMain.groovy:64)
	at com.kms.katalon.core.webui.keyword.internal.WebUIKeywordMain.runKeyword(WebUIKeywordMain.groovy:26)
	at com.kms.katalon.core.webui.keyword.builtin.VerifyTextPresentKeyword.verifyTextPresent(VerifyTextPresentKeyword.groovy:83)
	at com.kms.katalon.core.webui.keyword.builtin.VerifyTextPresentKeyword.execute(VerifyTextPresentKeyword.groovy:68)
	at com.kms.katalon.core.keyword.internal.KeywordExecutor.executeKeywordForPlatform(KeywordExecutor.groovy:73)
	at com.kms.katalon.core.webui.keyword.WebUiBuiltInKeywords.verifyTextPresent(WebUiBuiltInKeywords.groovy:1720)
	at com.kms.katalon.core.webui.keyword.WebUiBuiltInKeywords$verifyTextPresent$3.call(Unknown Source)
	at customKeywords.commanFunctions.UploadReqFile(commanFunctions.groovy:282)
	at customKeywords.commanFunctions.uploadFileOfPublicUser(commanFunctions.groovy:656)
	at customKeywords.commanFunctions.invokeMethod(commanFunctions.groovy)
	at com.kms.katalon.core.main.CustomKeywordDelegatingMetaClass.invokeStaticMethod(CustomKeywordDelegatingMetaClass.java:50)
	at TC_As a public user, Upload Txt File.run(TC_As a public user, Upload Txt File:14)
	at com.kms.katalon.core.main.ScriptEngine.run(ScriptEngine.java:194)
	at com.kms.katalon.core.main.ScriptEngine.runScriptAsRawText(ScriptEngine.java:119)
	at com.kms.katalon.core.main.TestCaseExecutor.runScript(TestCaseExecutor.java:394)
	at com.kms.katalon.core.main.TestCaseExecutor.doExecute(TestCaseExecutor.java:385)
	at com.kms.katalon.core.main.TestCaseExecutor.processExecutionPhase(TestCaseExecutor.java:364)
	at com.kms.katalon.core.main.TestCaseExecutor.accessMainPhase(TestCaseExecutor.java:356)
	at com.kms.katalon.core.main.TestCaseExecutor.execute(TestCaseExecutor.java:251)
	at com.kms.katalon.core.main.TestSuiteExecutor.accessTestCaseMainPhase(TestSuiteExecutor.java:203)
	at com.kms.katalon.core.main.TestSuiteExecutor.accessTestSuiteMainPhase(TestSuiteExecutor.java:152)
	at com.kms.katalon.core.main.TestSuiteExecutor.execute(TestSuiteExecutor.java:95)
	at com.kms.katalon.core.main.TestCaseMain.startTestSuite(TestCaseMain.java:157)
	at com.kms.katalon.core.main.TestCaseMain$startTestSuite$0.call(Unknown Source)
	at TempTestSuite1613660377298.run(TempTestSuite1613660377298.groovy:39)
Caused by: com.kms.katalon.core.exception.StepFailedException: Text 'NotePad' is not present on page 
	at com.kms.katalon.core.webui.keyword.internal.WebUIKeywordMain.stepFailed(WebUIKeywordMain.groovy:64)
	at com.kms.katalon.core.webui.keyword.builtin.VerifyTextPresentKeyword$_verifyTextPresent_closure1.doCall(VerifyTextPresentKeyword.groovy:79)
	at com.kms.katalon.core.webui.keyword.builtin.VerifyTextPresentKeyword$_verifyTextPresent_closure1.call(VerifyTextPresentKeyword.groovy)
	at com.kms.katalon.core.webui.keyword.internal.WebUIKeywordMain.runKeyword(WebUIKeywordMain.groovy:20)
	... 23 more


2021-02-18 20:38:17 - [TEST_STEP][PASSED] - excelTestData = findTestData("Data Files/TestData/InspectTestData"): null

2021-02-18 20:38:17 - [TEST_STEP][PASSED] - userEmail = excelTestData.getValue(2, 23): null

2021-02-18 20:38:17 - [TEST_STEP][FAILED] - customKeywords.commanFunctions.uploadFileOfPublicUser(164, userEmail): Unable to verify text 'NotePad' is present 

2021-02-18 20:38:18 - [MESSAGE][INFO] - Starting 'Chrome' driver

2021-02-18 20:38:18 - [MESSAGE][INFO] - Action delay is set to 0 milliseconds

2021-02-18 20:38:27 - [MESSAGE][PASSED] - Browser is opened with url: 'https://Inspect.Stage.site.sa'

2021-02-18 20:38:29 - [MESSAGE][PASSED] - Current window maximized

2021-02-18 20:38:29 - [MESSAGE][PASSED] - Wait for page load successfully

2021-02-18 20:38:30 - [MESSAGE][PASSED] - Object: 'Object Repository/HomePage/ChooseAFile' is clicked on

2021-02-18 20:38:32 - [MESSAGE][PASSED] - Delayed 2 second(s)

2021-02-18 20:38:34 - [MESSAGE][INFO] - Image Uploaded Sucsessfully

2021-02-18 20:38:36 - [MESSAGE][PASSED] - Delayed 2 second(s)

2021-02-18 20:38:36 - [MESSAGE][FAILED] - Text 'NotePad' is not present on page  (Root cause: com.kms.katalon.core.exception.StepFailedException: Text 'NotePad' is not present on page 
	at com.kms.katalon.core.webui.keyword.internal.WebUIKeywordMain.stepFailed(WebUIKeywordMain.groovy:64)
	at com.kms.katalon.core.webui.keyword.builtin.VerifyTextPresentKeyword$_verifyTextPresent_closure1.doCall(VerifyTextPresentKeyword.groovy:79)
	at com.kms.katalon.core.webui.keyword.builtin.VerifyTextPresentKeyword$_verifyTextPresent_closure1.call(VerifyTextPresentKeyword.groovy)
	at com.kms.katalon.core.webui.keyword.internal.WebUIKeywordMain.runKeyword(WebUIKeywordMain.groovy:20)
	at com.kms.katalon.core.webui.keyword.builtin.VerifyTextPresentKeyword.verifyTextPresent(VerifyTextPresentKeyword.groovy:83)
	at com.kms.katalon.core.webui.keyword.builtin.VerifyTextPresentKeyword.execute(VerifyTextPresentKeyword.groovy:68)
	at com.kms.katalon.core.keyword.internal.KeywordExecutor.executeKeywordForPlatform(KeywordExecutor.groovy:73)
	at com.kms.katalon.core.webui.keyword.WebUiBuiltInKeywords.verifyTextPresent(WebUiBuiltInKeywords.groovy:1720)
	at com.kms.katalon.core.webui.keyword.WebUiBuiltInKeywords$verifyTextPresent$3.call(Unknown Source)
	at customKeywords.commanFunctions.UploadReqFile(commanFunctions.groovy:282)
	at customKeywords.commanFunctions.uploadFileOfPublicUser(commanFunctions.groovy:656)
	at customKeywords.commanFunctions.invokeMethod(commanFunctions.groovy)
	at com.kms.katalon.core.main.CustomKeywordDelegatingMetaClass.invokeStaticMethod(CustomKeywordDelegatingMetaClass.java:50)
	at TC_As a public user, Upload Txt File.run(TC_As a public user, Upload Txt File:14)
	at com.kms.katalon.core.main.ScriptEngine.run(ScriptEngine.java:194)
	at com.kms.katalon.core.main.ScriptEngine.runScriptAsRawText(ScriptEngine.java:119)
	at com.kms.katalon.core.main.TestCaseExecutor.runScript(TestCaseExecutor.java:394)
	at com.kms.katalon.core.main.TestCaseExecutor.doExecute(TestCaseExecutor.java:385)
	at com.kms.katalon.core.main.TestCaseExecutor.processExecutionPhase(TestCaseExecutor.java:364)
	at com.kms.katalon.core.main.TestCaseExecutor.accessMainPhase(TestCaseExecutor.java:356)
	at com.kms.katalon.core.main.TestCaseExecutor.execute(TestCaseExecutor.java:251)
	at com.kms.katalon.core.main.TestSuiteExecutor.accessTestCaseMainPhase(TestSuiteExecutor.java:203)
	at com.kms.katalon.core.main.TestSuiteExecutor.accessTestSuiteMainPhase(TestSuiteExecutor.java:152)
	at com.kms.katalon.core.main.TestSuiteExecutor.execute(TestSuiteExecutor.java:95)
	at com.kms.katalon.core.main.TestCaseMain.startTestSuite(TestCaseMain.java:157)
	at com.kms.katalon.core.main.TestCaseMain$startTestSuite$0.call(Unknown Source)
	at TempTestSuite1613660377298.run(TempTestSuite1613660377298.groovy:39)
)

2021-02-18 20:38:36 - [MESSAGE][FAILED] - Unable to verify text 'NotePad' is present  (Root cause: com.kms.katalon.core.exception.StepFailedException: Unable to verify text 'NotePad' is present 
	at com.kms.katalon.core.webui.keyword.internal.WebUIKeywordMain.stepFailed(WebUIKeywordMain.groovy:64)
	at com.kms.katalon.core.webui.keyword.internal.WebUIKeywordMain.runKeyword(WebUIKeywordMain.groovy:26)
	at com.kms.katalon.core.webui.keyword.builtin.VerifyTextPresentKeyword.verifyTextPresent(VerifyTextPresentKeyword.groovy:83)
	at com.kms.katalon.core.webui.keyword.builtin.VerifyTextPresentKeyword.execute(VerifyTextPresentKeyword.groovy:68)
	at com.kms.katalon.core.keyword.internal.KeywordExecutor.executeKeywordForPlatform(KeywordExecutor.groovy:73)
	at com.kms.katalon.core.webui.keyword.WebUiBuiltInKeywords.verifyTextPresent(WebUiBuiltInKeywords.groovy:1720)
	at com.kms.katalon.core.webui.keyword.WebUiBuiltInKeywords$verifyTextPresent$3.call(Unknown Source)
	at customKeywords.commanFunctions.UploadReqFile(commanFunctions.groovy:282)
	at customKeywords.commanFunctions.uploadFileOfPublicUser(commanFunctions.groovy:656)
	at customKeywords.commanFunctions.invokeMethod(commanFunctions.groovy)
	at com.kms.katalon.core.main.CustomKeywordDelegatingMetaClass.invokeStaticMethod(CustomKeywordDelegatingMetaClass.java:50)
	at TC_As a public user, Upload Txt File.run(TC_As a public user, Upload Txt File:14)
	at com.kms.katalon.core.main.ScriptEngine.run(ScriptEngine.java:194)
	at com.kms.katalon.core.main.ScriptEngine.runScriptAsRawText(ScriptEngine.java:119)
	at com.kms.katalon.core.main.TestCaseExecutor.runScript(TestCaseExecutor.java:394)
	at com.kms.katalon.core.main.TestCaseExecutor.doExecute(TestCaseExecutor.java:385)
	at com.kms.katalon.core.main.TestCaseExecutor.processExecutionPhase(TestCaseExecutor.java:364)
	at com.kms.katalon.core.main.TestCaseExecutor.accessMainPhase(TestCaseExecutor.java:356)
	at com.kms.katalon.core.main.TestCaseExecutor.execute(TestCaseExecutor.java:251)
	at com.kms.katalon.core.main.TestSuiteExecutor.accessTestCaseMainPhase(TestSuiteExecutor.java:203)
	at com.kms.katalon.core.main.TestSuiteExecutor.accessTestSuiteMainPhase(TestSuiteExecutor.java:152)
	at com.kms.katalon.core.main.TestSuiteExecutor.execute(TestSuiteExecutor.java:95)
	at com.kms.katalon.core.main.TestCaseMain.startTestSuite(TestCaseMain.java:157)
	at com.kms.katalon.core.main.TestCaseMain$startTestSuite$0.call(Unknown Source)
	at TempTestSuite1613660377298.run(TempTestSuite1613660377298.groovy:39)
Caused by: com.kms.katalon.core.exception.StepFailedException: Text 'NotePad' is not present on page 
	at com.kms.katalon.core.webui.keyword.internal.WebUIKeywordMain.stepFailed(WebUIKeywordMain.groovy:64)
	at com.kms.katalon.core.webui.keyword.builtin.VerifyTextPresentKeyword$_verifyTextPresent_closure1.doCall(VerifyTextPresentKeyword.groovy:79)
	at com.kms.katalon.core.webui.keyword.builtin.VerifyTextPresentKeyword$_verifyTextPresent_closure1.call(VerifyTextPresentKeyword.groovy)
	at com.kms.katalon.core.webui.keyword.internal.WebUIKeywordMain.runKeyword(WebUIKeywordMain.groovy:20)
	... 23 more
)
[[ATTACHMENT|E:\\Inspect\\15022021\\SiteInspectAutomation\\Reports\\20210218_202932\\Regression_Suite\\PublicUser_Suite\\PublicUser_UploadFiles\\20210218_202937\\1613660916438.png]]

2021-02-18 20:38:36 - [MESSAGE][FAILED] - Unable to verify text 'NotePad' is present 

2021-02-18 20:38:36 - [TEST_STEP][PASSED] - Start tear down : tearDownMethodIfFailed: Method 'tearDownMethodIfFailed' complete successfully

2021-02-18 20:38:36 - [TEST_STEP][PASSED] - customKeywords.commanFunctions.onlyCloseBrowser(): customKeywords.commanFunctions.onlyCloseBrowser is PASSED

2021-02-18 20:38:38 - [MESSAGE][PASSED] - Browser is closed

2021-02-18 20:38:38 - [MESSAGE][PASSED] - customKeywords.commanFunctions.onlyCloseBrowser is PASSED

2021-02-18 20:38:38 - [TEST_STEP][PASSED] - logInfo("[--------This is tearDownIfFailed method------]"): [--------This is tearDownIfFailed method------]

2021-02-18 20:38:38 - [MESSAGE][INFO] - [--------This is tearDownIfFailed method------]

2021-02-18 20:38:38 - [MESSAGE][PASSED] - Method 'tearDownMethodIfFailed' complete successfully]]></system-out>
         <system-err><![CDATA[2021-02-18 20:38:17 - [TEST_CASE][FAILED] - Test Cases/UploadDiffFiles_PublicUser/TC_As a public user, Upload Txt File: Test Cases/UploadDiffFiles_PublicUser/TC_As a public user, Upload Txt File FAILED.
Reason:
com.kms.katalon.core.exception.StepFailedException: Unable to verify text 'NotePad' is present 
	at com.kms.katalon.core.webui.keyword.internal.WebUIKeywordMain.stepFailed(WebUIKeywordMain.groovy:64)
	at com.kms.katalon.core.webui.keyword.internal.WebUIKeywordMain.runKeyword(WebUIKeywordMain.groovy:26)
	at com.kms.katalon.core.webui.keyword.builtin.VerifyTextPresentKeyword.verifyTextPresent(VerifyTextPresentKeyword.groovy:83)
	at com.kms.katalon.core.webui.keyword.builtin.VerifyTextPresentKeyword.execute(VerifyTextPresentKeyword.groovy:68)
	at com.kms.katalon.core.keyword.internal.KeywordExecutor.executeKeywordForPlatform(KeywordExecutor.groovy:73)
	at com.kms.katalon.core.webui.keyword.WebUiBuiltInKeywords.verifyTextPresent(WebUiBuiltInKeywords.groovy:1720)
	at com.kms.katalon.core.webui.keyword.WebUiBuiltInKeywords$verifyTextPresent$3.call(Unknown Source)
	at customKeywords.commanFunctions.UploadReqFile(commanFunctions.groovy:282)
	at customKeywords.commanFunctions.uploadFileOfPublicUser(commanFunctions.groovy:656)
	at customKeywords.commanFunctions.invokeMethod(commanFunctions.groovy)
	at com.kms.katalon.core.main.CustomKeywordDelegatingMetaClass.invokeStaticMethod(CustomKeywordDelegatingMetaClass.java:50)
	at TC_As a public user, Upload Txt File.run(TC_As a public user, Upload Txt File:14)
	at com.kms.katalon.core.main.ScriptEngine.run(ScriptEngine.java:194)
	at com.kms.katalon.core.main.ScriptEngine.runScriptAsRawText(ScriptEngine.java:119)
	at com.kms.katalon.core.main.TestCaseExecutor.runScript(TestCaseExecutor.java:394)
	at com.kms.katalon.core.main.TestCaseExecutor.doExecute(TestCaseExecutor.java:385)
	at com.kms.katalon.core.main.TestCaseExecutor.processExecutionPhase(TestCaseExecutor.java:364)
	at com.kms.katalon.core.main.TestCaseExecutor.accessMainPhase(TestCaseExecutor.java:356)
	at com.kms.katalon.core.main.TestCaseExecutor.execute(TestCaseExecutor.java:251)
	at com.kms.katalon.core.main.TestSuiteExecutor.accessTestCaseMainPhase(TestSuiteExecutor.java:203)
	at com.kms.katalon.core.main.TestSuiteExecutor.accessTestSuiteMainPhase(TestSuiteExecutor.java:152)
	at com.kms.katalon.core.main.TestSuiteExecutor.execute(TestSuiteExecutor.java:95)
	at com.kms.katalon.core.main.TestCaseMain.startTestSuite(TestCaseMain.java:157)
	at com.kms.katalon.core.main.TestCaseMain$startTestSuite$0.call(Unknown Source)
	at TempTestSuite1613660377298.run(TempTestSuite1613660377298.groovy:39)
Caused by: com.kms.katalon.core.exception.StepFailedException: Text 'NotePad' is not present on page 
	at com.kms.katalon.core.webui.keyword.internal.WebUIKeywordMain.stepFailed(WebUIKeywordMain.groovy:64)
	at com.kms.katalon.core.webui.keyword.builtin.VerifyTextPresentKeyword$_verifyTextPresent_closure1.doCall(VerifyTextPresentKeyword.groovy:79)
	at com.kms.katalon.core.webui.keyword.builtin.VerifyTextPresentKeyword$_verifyTextPresent_closure1.call(VerifyTextPresentKeyword.groovy)
	at com.kms.katalon.core.webui.keyword.internal.WebUIKeywordMain.runKeyword(WebUIKeywordMain.groovy:20)
	... 23 more]]></system-err>
      </testcase>
      <testcase name="Test Cases/UploadDiffFiles_PublicUser/TC_As a public user, Upload Web page imagemap.map File" time="23.002" classname="Test Cases/UploadDiffFiles_PublicUser/TC_As a public user, Upload Web page imagemap.map File" status="PASSED">
         <system-out><![CDATA[2021-02-18 20:38:38 - [TEST_CASE][PASSED] - Test Cases/UploadDiffFiles_PublicUser/TC_As a public user, Upload Web page imagemap.map File: Test Cases/UploadDiffFiles_PublicUser/TC_As a public user, Upload Web page imagemap.map File

2021-02-18 20:38:38 - [TEST_STEP][PASSED] - excelTestData = findTestData("Data Files/TestData/InspectTestData"): null

2021-02-18 20:38:38 - [TEST_STEP][PASSED] - userEmail = excelTestData.getValue(2, 23): null

2021-02-18 20:38:38 - [TEST_STEP][PASSED] - customKeywords.commanFunctions.uploadFileOfPublicUser(338, userEmail): customKeywords.commanFunctions.uploadFileOfPublicUser is PASSED

2021-02-18 20:38:38 - [MESSAGE][INFO] - Starting 'Chrome' driver

2021-02-18 20:38:38 - [MESSAGE][INFO] - Action delay is set to 0 milliseconds

2021-02-18 20:38:48 - [MESSAGE][PASSED] - Browser is opened with url: 'https://Inspect.Stage.site.sa'

2021-02-18 20:38:50 - [MESSAGE][PASSED] - Current window maximized

2021-02-18 20:38:50 - [MESSAGE][PASSED] - Wait for page load successfully

2021-02-18 20:38:50 - [MESSAGE][PASSED] - Object: 'Object Repository/HomePage/ChooseAFile' is clicked on

2021-02-18 20:38:52 - [MESSAGE][PASSED] - Delayed 2 second(s)

2021-02-18 20:38:54 - [MESSAGE][INFO] - Image Uploaded Sucsessfully

2021-02-18 20:38:56 - [MESSAGE][PASSED] - Delayed 2 second(s)

2021-02-18 20:38:57 - [MESSAGE][PASSED] - Text 'Web page imagemap' is present on page 

2021-02-18 20:38:57 - [MESSAGE][PASSED] - Keys 'Os-ARahman@projects.site.sa' sent to object: 'Object Repository/PublicUserHomePage/email_Input'

2021-02-18 20:38:58 - [MESSAGE][PASSED] - Object: 'Object Repository/PublicUserHomePage/SiteInspectTermsOfUse_CheckBox' is clicked on

2021-02-18 20:38:58 - [MESSAGE][PASSED] - Object: 'Object Repository/HomePage/startAnalysis_EnableBtn' is clicked on

2021-02-18 20:39:00 - [MESSAGE][PASSED] - Text 'Your submission was successful
The analysis results will be delivered to you via email' is present on page 

2021-02-18 20:39:00 - [MESSAGE][PASSED] - customKeywords.commanFunctions.uploadFileOfPublicUser is PASSED

2021-02-18 20:39:00 - [TEST_STEP][PASSED] - customKeywords.commanFunctions.onlyCloseBrowser(): customKeywords.commanFunctions.onlyCloseBrowser is PASSED

2021-02-18 20:39:01 - [MESSAGE][PASSED] - Browser is closed

2021-02-18 20:39:01 - [MESSAGE][PASSED] - customKeywords.commanFunctions.onlyCloseBrowser is PASSED]]></system-out>
         <system-err><![CDATA[]]></system-err>
      </testcase>
      <testcase name="Test Cases/UploadDiffFiles_PublicUser/TC_As a public user, Upload Windows BitMap File" time="19.926" classname="Test Cases/UploadDiffFiles_PublicUser/TC_As a public user, Upload Windows BitMap File" status="FAILED">
         <failure type="FAILED" message="Test Cases/UploadDiffFiles_PublicUser/TC_As a public user, Upload Windows BitMap File FAILED.
Reason:
com.kms.katalon.core.exception.StepFailedException: Unable to verify text 'Windows BitMap.bmp' is present 
	at com.kms.katalon.core.webui.keyword.internal.WebUIKeywordMain.stepFailed(WebUIKeywordMain.groovy:64)
	at com.kms.katalon.core.webui.keyword.internal.WebUIKeywordMain.runKeyword(WebUIKeywordMain.groovy:26)
	at com.kms.katalon.core.webui.keyword.builtin.VerifyTextPresentKeyword.verifyTextPresent(VerifyTextPresentKeyword.groovy:83)
	at com.kms.katalon.core.webui.keyword.builtin.VerifyTextPresentKeyword.execute(VerifyTextPresentKeyword.groovy:68)
	at com.kms.katalon.core.keyword.internal.KeywordExecutor.executeKeywordForPlatform(KeywordExecutor.groovy:73)
	at com.kms.katalon.core.webui.keyword.WebUiBuiltInKeywords.verifyTextPresent(WebUiBuiltInKeywords.groovy:1720)
	at com.kms.katalon.core.webui.keyword.WebUiBuiltInKeywords$verifyTextPresent$3.call(Unknown Source)
	at customKeywords.commanFunctions.UploadReqFile(commanFunctions.groovy:282)
	at customKeywords.commanFunctions.uploadFileOfPublicUser(commanFunctions.groovy:656)
	at customKeywords.commanFunctions.invokeMethod(commanFunctions.groovy)
	at com.kms.katalon.core.main.CustomKeywordDelegatingMetaClass.invokeStaticMethod(CustomKeywordDelegatingMetaClass.java:50)
	at TC_As a public user, Upload Windows BitMap File.run(TC_As a public user, Upload Windows BitMap File:14)
	at com.kms.katalon.core.main.ScriptEngine.run(ScriptEngine.java:194)
	at com.kms.katalon.core.main.ScriptEngine.runScriptAsRawText(ScriptEngine.java:119)
	at com.kms.katalon.core.main.TestCaseExecutor.runScript(TestCaseExecutor.java:394)
	at com.kms.katalon.core.main.TestCaseExecutor.doExecute(TestCaseExecutor.java:385)
	at com.kms.katalon.core.main.TestCaseExecutor.processExecutionPhase(TestCaseExecutor.java:364)
	at com.kms.katalon.core.main.TestCaseExecutor.accessMainPhase(TestCaseExecutor.java:356)
	at com.kms.katalon.core.main.TestCaseExecutor.execute(TestCaseExecutor.java:251)
	at com.kms.katalon.core.main.TestSuiteExecutor.accessTestCaseMainPhase(TestSuiteExecutor.java:203)
	at com.kms.katalon.core.main.TestSuiteExecutor.accessTestSuiteMainPhase(TestSuiteExecutor.java:152)
	at com.kms.katalon.core.main.TestSuiteExecutor.execute(TestSuiteExecutor.java:95)
	at com.kms.katalon.core.main.TestCaseMain.startTestSuite(TestCaseMain.java:157)
	at com.kms.katalon.core.main.TestCaseMain$startTestSuite$0.call(Unknown Source)
	at TempTestSuite1613660377298.run(TempTestSuite1613660377298.groovy:39)
Caused by: com.kms.katalon.core.exception.StepFailedException: Text 'Windows BitMap.bmp' is not present on page 
	at com.kms.katalon.core.webui.keyword.internal.WebUIKeywordMain.stepFailed(WebUIKeywordMain.groovy:64)
	at com.kms.katalon.core.webui.keyword.builtin.VerifyTextPresentKeyword$_verifyTextPresent_closure1.doCall(VerifyTextPresentKeyword.groovy:79)
	at com.kms.katalon.core.webui.keyword.builtin.VerifyTextPresentKeyword$_verifyTextPresent_closure1.call(VerifyTextPresentKeyword.groovy)
	at com.kms.katalon.core.webui.keyword.internal.WebUIKeywordMain.runKeyword(WebUIKeywordMain.groovy:20)
	... 23 more
"/>
         <system-out><![CDATA[2021-02-18 20:39:01 - [TEST_CASE][FAILED] - Test Cases/UploadDiffFiles_PublicUser/TC_As a public user, Upload Windows BitMap File: Test Cases/UploadDiffFiles_PublicUser/TC_As a public user, Upload Windows BitMap File FAILED.
Reason:
com.kms.katalon.core.exception.StepFailedException: Unable to verify text 'Windows BitMap.bmp' is present 
	at com.kms.katalon.core.webui.keyword.internal.WebUIKeywordMain.stepFailed(WebUIKeywordMain.groovy:64)
	at com.kms.katalon.core.webui.keyword.internal.WebUIKeywordMain.runKeyword(WebUIKeywordMain.groovy:26)
	at com.kms.katalon.core.webui.keyword.builtin.VerifyTextPresentKeyword.verifyTextPresent(VerifyTextPresentKeyword.groovy:83)
	at com.kms.katalon.core.webui.keyword.builtin.VerifyTextPresentKeyword.execute(VerifyTextPresentKeyword.groovy:68)
	at com.kms.katalon.core.keyword.internal.KeywordExecutor.executeKeywordForPlatform(KeywordExecutor.groovy:73)
	at com.kms.katalon.core.webui.keyword.WebUiBuiltInKeywords.verifyTextPresent(WebUiBuiltInKeywords.groovy:1720)
	at com.kms.katalon.core.webui.keyword.WebUiBuiltInKeywords$verifyTextPresent$3.call(Unknown Source)
	at customKeywords.commanFunctions.UploadReqFile(commanFunctions.groovy:282)
	at customKeywords.commanFunctions.uploadFileOfPublicUser(commanFunctions.groovy:656)
	at customKeywords.commanFunctions.invokeMethod(commanFunctions.groovy)
	at com.kms.katalon.core.main.CustomKeywordDelegatingMetaClass.invokeStaticMethod(CustomKeywordDelegatingMetaClass.java:50)
	at TC_As a public user, Upload Windows BitMap File.run(TC_As a public user, Upload Windows BitMap File:14)
	at com.kms.katalon.core.main.ScriptEngine.run(ScriptEngine.java:194)
	at com.kms.katalon.core.main.ScriptEngine.runScriptAsRawText(ScriptEngine.java:119)
	at com.kms.katalon.core.main.TestCaseExecutor.runScript(TestCaseExecutor.java:394)
	at com.kms.katalon.core.main.TestCaseExecutor.doExecute(TestCaseExecutor.java:385)
	at com.kms.katalon.core.main.TestCaseExecutor.processExecutionPhase(TestCaseExecutor.java:364)
	at com.kms.katalon.core.main.TestCaseExecutor.accessMainPhase(TestCaseExecutor.java:356)
	at com.kms.katalon.core.main.TestCaseExecutor.execute(TestCaseExecutor.java:251)
	at com.kms.katalon.core.main.TestSuiteExecutor.accessTestCaseMainPhase(TestSuiteExecutor.java:203)
	at com.kms.katalon.core.main.TestSuiteExecutor.accessTestSuiteMainPhase(TestSuiteExecutor.java:152)
	at com.kms.katalon.core.main.TestSuiteExecutor.execute(TestSuiteExecutor.java:95)
	at com.kms.katalon.core.main.TestCaseMain.startTestSuite(TestCaseMain.java:157)
	at com.kms.katalon.core.main.TestCaseMain$startTestSuite$0.call(Unknown Source)
	at TempTestSuite1613660377298.run(TempTestSuite1613660377298.groovy:39)
Caused by: com.kms.katalon.core.exception.StepFailedException: Text 'Windows BitMap.bmp' is not present on page 
	at com.kms.katalon.core.webui.keyword.internal.WebUIKeywordMain.stepFailed(WebUIKeywordMain.groovy:64)
	at com.kms.katalon.core.webui.keyword.builtin.VerifyTextPresentKeyword$_verifyTextPresent_closure1.doCall(VerifyTextPresentKeyword.groovy:79)
	at com.kms.katalon.core.webui.keyword.builtin.VerifyTextPresentKeyword$_verifyTextPresent_closure1.call(VerifyTextPresentKeyword.groovy)
	at com.kms.katalon.core.webui.keyword.internal.WebUIKeywordMain.runKeyword(WebUIKeywordMain.groovy:20)
	... 23 more


2021-02-18 20:39:01 - [TEST_STEP][PASSED] - excelTestData = findTestData("Data Files/TestData/InspectTestData"): null

2021-02-18 20:39:01 - [TEST_STEP][PASSED] - userEmail = excelTestData.getValue(2, 23): null

2021-02-18 20:39:01 - [TEST_STEP][FAILED] - customKeywords.commanFunctions.uploadFileOfPublicUser(236, userEmail): Unable to verify text 'Windows BitMap.bmp' is present 

2021-02-18 20:39:01 - [MESSAGE][INFO] - Starting 'Chrome' driver

2021-02-18 20:39:01 - [MESSAGE][INFO] - Action delay is set to 0 milliseconds

2021-02-18 20:39:10 - [MESSAGE][PASSED] - Browser is opened with url: 'https://Inspect.Stage.site.sa'

2021-02-18 20:39:12 - [MESSAGE][PASSED] - Current window maximized

2021-02-18 20:39:12 - [MESSAGE][PASSED] - Wait for page load successfully

2021-02-18 20:39:12 - [MESSAGE][PASSED] - Object: 'Object Repository/HomePage/ChooseAFile' is clicked on

2021-02-18 20:39:14 - [MESSAGE][PASSED] - Delayed 2 second(s)

2021-02-18 20:39:16 - [MESSAGE][INFO] - Image Uploaded Sucsessfully

2021-02-18 20:39:18 - [MESSAGE][PASSED] - Delayed 2 second(s)

2021-02-18 20:39:19 - [MESSAGE][FAILED] - Text 'Windows BitMap.bmp' is not present on page  (Root cause: com.kms.katalon.core.exception.StepFailedException: Text 'Windows BitMap.bmp' is not present on page 
	at com.kms.katalon.core.webui.keyword.internal.WebUIKeywordMain.stepFailed(WebUIKeywordMain.groovy:64)
	at com.kms.katalon.core.webui.keyword.builtin.VerifyTextPresentKeyword$_verifyTextPresent_closure1.doCall(VerifyTextPresentKeyword.groovy:79)
	at com.kms.katalon.core.webui.keyword.builtin.VerifyTextPresentKeyword$_verifyTextPresent_closure1.call(VerifyTextPresentKeyword.groovy)
	at com.kms.katalon.core.webui.keyword.internal.WebUIKeywordMain.runKeyword(WebUIKeywordMain.groovy:20)
	at com.kms.katalon.core.webui.keyword.builtin.VerifyTextPresentKeyword.verifyTextPresent(VerifyTextPresentKeyword.groovy:83)
	at com.kms.katalon.core.webui.keyword.builtin.VerifyTextPresentKeyword.execute(VerifyTextPresentKeyword.groovy:68)
	at com.kms.katalon.core.keyword.internal.KeywordExecutor.executeKeywordForPlatform(KeywordExecutor.groovy:73)
	at com.kms.katalon.core.webui.keyword.WebUiBuiltInKeywords.verifyTextPresent(WebUiBuiltInKeywords.groovy:1720)
	at com.kms.katalon.core.webui.keyword.WebUiBuiltInKeywords$verifyTextPresent$3.call(Unknown Source)
	at customKeywords.commanFunctions.UploadReqFile(commanFunctions.groovy:282)
	at customKeywords.commanFunctions.uploadFileOfPublicUser(commanFunctions.groovy:656)
	at customKeywords.commanFunctions.invokeMethod(commanFunctions.groovy)
	at com.kms.katalon.core.main.CustomKeywordDelegatingMetaClass.invokeStaticMethod(CustomKeywordDelegatingMetaClass.java:50)
	at TC_As a public user, Upload Windows BitMap File.run(TC_As a public user, Upload Windows BitMap File:14)
	at com.kms.katalon.core.main.ScriptEngine.run(ScriptEngine.java:194)
	at com.kms.katalon.core.main.ScriptEngine.runScriptAsRawText(ScriptEngine.java:119)
	at com.kms.katalon.core.main.TestCaseExecutor.runScript(TestCaseExecutor.java:394)
	at com.kms.katalon.core.main.TestCaseExecutor.doExecute(TestCaseExecutor.java:385)
	at com.kms.katalon.core.main.TestCaseExecutor.processExecutionPhase(TestCaseExecutor.java:364)
	at com.kms.katalon.core.main.TestCaseExecutor.accessMainPhase(TestCaseExecutor.java:356)
	at com.kms.katalon.core.main.TestCaseExecutor.execute(TestCaseExecutor.java:251)
	at com.kms.katalon.core.main.TestSuiteExecutor.accessTestCaseMainPhase(TestSuiteExecutor.java:203)
	at com.kms.katalon.core.main.TestSuiteExecutor.accessTestSuiteMainPhase(TestSuiteExecutor.java:152)
	at com.kms.katalon.core.main.TestSuiteExecutor.execute(TestSuiteExecutor.java:95)
	at com.kms.katalon.core.main.TestCaseMain.startTestSuite(TestCaseMain.java:157)
	at com.kms.katalon.core.main.TestCaseMain$startTestSuite$0.call(Unknown Source)
	at TempTestSuite1613660377298.run(TempTestSuite1613660377298.groovy:39)
)

2021-02-18 20:39:19 - [MESSAGE][FAILED] - Unable to verify text 'Windows BitMap.bmp' is present  (Root cause: com.kms.katalon.core.exception.StepFailedException: Unable to verify text 'Windows BitMap.bmp' is present 
	at com.kms.katalon.core.webui.keyword.internal.WebUIKeywordMain.stepFailed(WebUIKeywordMain.groovy:64)
	at com.kms.katalon.core.webui.keyword.internal.WebUIKeywordMain.runKeyword(WebUIKeywordMain.groovy:26)
	at com.kms.katalon.core.webui.keyword.builtin.VerifyTextPresentKeyword.verifyTextPresent(VerifyTextPresentKeyword.groovy:83)
	at com.kms.katalon.core.webui.keyword.builtin.VerifyTextPresentKeyword.execute(VerifyTextPresentKeyword.groovy:68)
	at com.kms.katalon.core.keyword.internal.KeywordExecutor.executeKeywordForPlatform(KeywordExecutor.groovy:73)
	at com.kms.katalon.core.webui.keyword.WebUiBuiltInKeywords.verifyTextPresent(WebUiBuiltInKeywords.groovy:1720)
	at com.kms.katalon.core.webui.keyword.WebUiBuiltInKeywords$verifyTextPresent$3.call(Unknown Source)
	at customKeywords.commanFunctions.UploadReqFile(commanFunctions.groovy:282)
	at customKeywords.commanFunctions.uploadFileOfPublicUser(commanFunctions.groovy:656)
	at customKeywords.commanFunctions.invokeMethod(commanFunctions.groovy)
	at com.kms.katalon.core.main.CustomKeywordDelegatingMetaClass.invokeStaticMethod(CustomKeywordDelegatingMetaClass.java:50)
	at TC_As a public user, Upload Windows BitMap File.run(TC_As a public user, Upload Windows BitMap File:14)
	at com.kms.katalon.core.main.ScriptEngine.run(ScriptEngine.java:194)
	at com.kms.katalon.core.main.ScriptEngine.runScriptAsRawText(ScriptEngine.java:119)
	at com.kms.katalon.core.main.TestCaseExecutor.runScript(TestCaseExecutor.java:394)
	at com.kms.katalon.core.main.TestCaseExecutor.doExecute(TestCaseExecutor.java:385)
	at com.kms.katalon.core.main.TestCaseExecutor.processExecutionPhase(TestCaseExecutor.java:364)
	at com.kms.katalon.core.main.TestCaseExecutor.accessMainPhase(TestCaseExecutor.java:356)
	at com.kms.katalon.core.main.TestCaseExecutor.execute(TestCaseExecutor.java:251)
	at com.kms.katalon.core.main.TestSuiteExecutor.accessTestCaseMainPhase(TestSuiteExecutor.java:203)
	at com.kms.katalon.core.main.TestSuiteExecutor.accessTestSuiteMainPhase(TestSuiteExecutor.java:152)
	at com.kms.katalon.core.main.TestSuiteExecutor.execute(TestSuiteExecutor.java:95)
	at com.kms.katalon.core.main.TestCaseMain.startTestSuite(TestCaseMain.java:157)
	at com.kms.katalon.core.main.TestCaseMain$startTestSuite$0.call(Unknown Source)
	at TempTestSuite1613660377298.run(TempTestSuite1613660377298.groovy:39)
Caused by: com.kms.katalon.core.exception.StepFailedException: Text 'Windows BitMap.bmp' is not present on page 
	at com.kms.katalon.core.webui.keyword.internal.WebUIKeywordMain.stepFailed(WebUIKeywordMain.groovy:64)
	at com.kms.katalon.core.webui.keyword.builtin.VerifyTextPresentKeyword$_verifyTextPresent_closure1.doCall(VerifyTextPresentKeyword.groovy:79)
	at com.kms.katalon.core.webui.keyword.builtin.VerifyTextPresentKeyword$_verifyTextPresent_closure1.call(VerifyTextPresentKeyword.groovy)
	at com.kms.katalon.core.webui.keyword.internal.WebUIKeywordMain.runKeyword(WebUIKeywordMain.groovy:20)
	... 23 more
)
[[ATTACHMENT|E:\\Inspect\\15022021\\SiteInspectAutomation\\Reports\\20210218_202932\\Regression_Suite\\PublicUser_Suite\\PublicUser_UploadFiles\\20210218_202937\\1613660959312.png]]

2021-02-18 20:39:19 - [MESSAGE][FAILED] - Unable to verify text 'Windows BitMap.bmp' is present 

2021-02-18 20:39:19 - [TEST_STEP][PASSED] - Start tear down : tearDownMethodIfFailed: Method 'tearDownMethodIfFailed' complete successfully

2021-02-18 20:39:19 - [TEST_STEP][PASSED] - customKeywords.commanFunctions.onlyCloseBrowser(): customKeywords.commanFunctions.onlyCloseBrowser is PASSED

2021-02-18 20:39:21 - [MESSAGE][PASSED] - Browser is closed

2021-02-18 20:39:21 - [MESSAGE][PASSED] - customKeywords.commanFunctions.onlyCloseBrowser is PASSED

2021-02-18 20:39:21 - [TEST_STEP][PASSED] - logInfo("[--------This is tearDownIfFailed method------]"): [--------This is tearDownIfFailed method------]

2021-02-18 20:39:21 - [MESSAGE][INFO] - [--------This is tearDownIfFailed method------]

2021-02-18 20:39:21 - [MESSAGE][PASSED] - Method 'tearDownMethodIfFailed' complete successfully]]></system-out>
         <system-err><![CDATA[2021-02-18 20:39:01 - [TEST_CASE][FAILED] - Test Cases/UploadDiffFiles_PublicUser/TC_As a public user, Upload Windows BitMap File: Test Cases/UploadDiffFiles_PublicUser/TC_As a public user, Upload Windows BitMap File FAILED.
Reason:
com.kms.katalon.core.exception.StepFailedException: Unable to verify text 'Windows BitMap.bmp' is present 
	at com.kms.katalon.core.webui.keyword.internal.WebUIKeywordMain.stepFailed(WebUIKeywordMain.groovy:64)
	at com.kms.katalon.core.webui.keyword.internal.WebUIKeywordMain.runKeyword(WebUIKeywordMain.groovy:26)
	at com.kms.katalon.core.webui.keyword.builtin.VerifyTextPresentKeyword.verifyTextPresent(VerifyTextPresentKeyword.groovy:83)
	at com.kms.katalon.core.webui.keyword.builtin.VerifyTextPresentKeyword.execute(VerifyTextPresentKeyword.groovy:68)
	at com.kms.katalon.core.keyword.internal.KeywordExecutor.executeKeywordForPlatform(KeywordExecutor.groovy:73)
	at com.kms.katalon.core.webui.keyword.WebUiBuiltInKeywords.verifyTextPresent(WebUiBuiltInKeywords.groovy:1720)
	at com.kms.katalon.core.webui.keyword.WebUiBuiltInKeywords$verifyTextPresent$3.call(Unknown Source)
	at customKeywords.commanFunctions.UploadReqFile(commanFunctions.groovy:282)
	at customKeywords.commanFunctions.uploadFileOfPublicUser(commanFunctions.groovy:656)
	at customKeywords.commanFunctions.invokeMethod(commanFunctions.groovy)
	at com.kms.katalon.core.main.CustomKeywordDelegatingMetaClass.invokeStaticMethod(CustomKeywordDelegatingMetaClass.java:50)
	at TC_As a public user, Upload Windows BitMap File.run(TC_As a public user, Upload Windows BitMap File:14)
	at com.kms.katalon.core.main.ScriptEngine.run(ScriptEngine.java:194)
	at com.kms.katalon.core.main.ScriptEngine.runScriptAsRawText(ScriptEngine.java:119)
	at com.kms.katalon.core.main.TestCaseExecutor.runScript(TestCaseExecutor.java:394)
	at com.kms.katalon.core.main.TestCaseExecutor.doExecute(TestCaseExecutor.java:385)
	at com.kms.katalon.core.main.TestCaseExecutor.processExecutionPhase(TestCaseExecutor.java:364)
	at com.kms.katalon.core.main.TestCaseExecutor.accessMainPhase(TestCaseExecutor.java:356)
	at com.kms.katalon.core.main.TestCaseExecutor.execute(TestCaseExecutor.java:251)
	at com.kms.katalon.core.main.TestSuiteExecutor.accessTestCaseMainPhase(TestSuiteExecutor.java:203)
	at com.kms.katalon.core.main.TestSuiteExecutor.accessTestSuiteMainPhase(TestSuiteExecutor.java:152)
	at com.kms.katalon.core.main.TestSuiteExecutor.execute(TestSuiteExecutor.java:95)
	at com.kms.katalon.core.main.TestCaseMain.startTestSuite(TestCaseMain.java:157)
	at com.kms.katalon.core.main.TestCaseMain$startTestSuite$0.call(Unknown Source)
	at TempTestSuite1613660377298.run(TempTestSuite1613660377298.groovy:39)
Caused by: com.kms.katalon.core.exception.StepFailedException: Text 'Windows BitMap.bmp' is not present on page 
	at com.kms.katalon.core.webui.keyword.internal.WebUIKeywordMain.stepFailed(WebUIKeywordMain.groovy:64)
	at com.kms.katalon.core.webui.keyword.builtin.VerifyTextPresentKeyword$_verifyTextPresent_closure1.doCall(VerifyTextPresentKeyword.groovy:79)
	at com.kms.katalon.core.webui.keyword.builtin.VerifyTextPresentKeyword$_verifyTextPresent_closure1.call(VerifyTextPresentKeyword.groovy)
	at com.kms.katalon.core.webui.keyword.internal.WebUIKeywordMain.runKeyword(WebUIKeywordMain.groovy:20)
	... 23 more]]></system-err>
      </testcase>
      <testcase name="Test Cases/UploadDiffFiles_PublicUser/TC_As a public user, Upload Windows sound File" time="22.932" classname="Test Cases/UploadDiffFiles_PublicUser/TC_As a public user, Upload Windows sound File" status="PASSED">
         <system-out><![CDATA[2021-02-18 20:39:21 - [TEST_CASE][PASSED] - Test Cases/UploadDiffFiles_PublicUser/TC_As a public user, Upload Windows sound File: Test Cases/UploadDiffFiles_PublicUser/TC_As a public user, Upload Windows sound File

2021-02-18 20:39:21 - [TEST_STEP][PASSED] - excelTestData = findTestData("Data Files/TestData/InspectTestData"): null

2021-02-18 20:39:21 - [TEST_STEP][PASSED] - userEmail = excelTestData.getValue(2, 23): null

2021-02-18 20:39:21 - [TEST_STEP][PASSED] - customKeywords.commanFunctions.uploadFileOfPublicUser(358, userEmail): customKeywords.commanFunctions.uploadFileOfPublicUser is PASSED

2021-02-18 20:39:21 - [MESSAGE][INFO] - Starting 'Chrome' driver

2021-02-18 20:39:21 - [MESSAGE][INFO] - Action delay is set to 0 milliseconds

2021-02-18 20:39:31 - [MESSAGE][PASSED] - Browser is opened with url: 'https://Inspect.Stage.site.sa'

2021-02-18 20:39:33 - [MESSAGE][PASSED] - Current window maximized

2021-02-18 20:39:33 - [MESSAGE][PASSED] - Wait for page load successfully

2021-02-18 20:39:33 - [MESSAGE][PASSED] - Object: 'Object Repository/HomePage/ChooseAFile' is clicked on

2021-02-18 20:39:35 - [MESSAGE][PASSED] - Delayed 2 second(s)

2021-02-18 20:39:37 - [MESSAGE][INFO] - Image Uploaded Sucsessfully

2021-02-18 20:39:39 - [MESSAGE][PASSED] - Delayed 2 second(s)

2021-02-18 20:39:40 - [MESSAGE][PASSED] - Text 'Windows sound' is present on page 

2021-02-18 20:39:40 - [MESSAGE][PASSED] - Keys 'Os-ARahman@projects.site.sa' sent to object: 'Object Repository/PublicUserHomePage/email_Input'

2021-02-18 20:39:41 - [MESSAGE][PASSED] - Object: 'Object Repository/PublicUserHomePage/SiteInspectTermsOfUse_CheckBox' is clicked on

2021-02-18 20:39:41 - [MESSAGE][PASSED] - Object: 'Object Repository/HomePage/startAnalysis_EnableBtn' is clicked on

2021-02-18 20:39:43 - [MESSAGE][PASSED] - Text 'Your submission was successful
The analysis results will be delivered to you via email' is present on page 

2021-02-18 20:39:43 - [MESSAGE][PASSED] - customKeywords.commanFunctions.uploadFileOfPublicUser is PASSED

2021-02-18 20:39:43 - [TEST_STEP][PASSED] - customKeywords.commanFunctions.onlyCloseBrowser(): customKeywords.commanFunctions.onlyCloseBrowser is PASSED

2021-02-18 20:39:43 - [MESSAGE][PASSED] - Browser is closed

2021-02-18 20:39:43 - [MESSAGE][PASSED] - customKeywords.commanFunctions.onlyCloseBrowser is PASSED]]></system-out>
         <system-err><![CDATA[]]></system-err>
      </testcase>
      <testcase name="Test Cases/UploadDiffFiles_PublicUser/TC_As a public user, Upload WordPad File" time="22.809" classname="Test Cases/UploadDiffFiles_PublicUser/TC_As a public user, Upload WordPad File" status="PASSED">
         <system-out><![CDATA[2021-02-18 20:39:43 - [TEST_CASE][PASSED] - Test Cases/UploadDiffFiles_PublicUser/TC_As a public user, Upload WordPad File: Test Cases/UploadDiffFiles_PublicUser/TC_As a public user, Upload WordPad File

2021-02-18 20:39:44 - [TEST_STEP][PASSED] - excelTestData = findTestData("Data Files/TestData/InspectTestData"): null

2021-02-18 20:39:44 - [TEST_STEP][PASSED] - userEmail = excelTestData.getValue(2, 23): null

2021-02-18 20:39:44 - [TEST_STEP][PASSED] - customKeywords.commanFunctions.uploadFileOfPublicUser(224, userEmail): customKeywords.commanFunctions.uploadFileOfPublicUser is PASSED

2021-02-18 20:39:44 - [MESSAGE][INFO] - Starting 'Chrome' driver

2021-02-18 20:39:44 - [MESSAGE][INFO] - Action delay is set to 0 milliseconds

2021-02-18 20:39:54 - [MESSAGE][PASSED] - Browser is opened with url: 'https://Inspect.Stage.site.sa'

2021-02-18 20:39:56 - [MESSAGE][PASSED] - Current window maximized

2021-02-18 20:39:56 - [MESSAGE][PASSED] - Wait for page load successfully

2021-02-18 20:39:56 - [MESSAGE][PASSED] - Object: 'Object Repository/HomePage/ChooseAFile' is clicked on

2021-02-18 20:39:58 - [MESSAGE][PASSED] - Delayed 2 second(s)

2021-02-18 20:40:00 - [MESSAGE][INFO] - Image Uploaded Sucsessfully

2021-02-18 20:40:02 - [MESSAGE][PASSED] - Delayed 2 second(s)

2021-02-18 20:40:02 - [MESSAGE][PASSED] - Text 'WordPad' is present on page 

2021-02-18 20:40:03 - [MESSAGE][PASSED] - Keys 'Os-ARahman@projects.site.sa' sent to object: 'Object Repository/PublicUserHomePage/email_Input'

2021-02-18 20:40:03 - [MESSAGE][PASSED] - Object: 'Object Repository/PublicUserHomePage/SiteInspectTermsOfUse_CheckBox' is clicked on

2021-02-18 20:40:04 - [MESSAGE][PASSED] - Object: 'Object Repository/HomePage/startAnalysis_EnableBtn' is clicked on

2021-02-18 20:40:05 - [MESSAGE][PASSED] - Text 'Your submission was successful
The analysis results will be delivered to you via email' is present on page 

2021-02-18 20:40:05 - [MESSAGE][PASSED] - customKeywords.commanFunctions.uploadFileOfPublicUser is PASSED

2021-02-18 20:40:05 - [TEST_STEP][PASSED] - customKeywords.commanFunctions.onlyCloseBrowser(): customKeywords.commanFunctions.onlyCloseBrowser is PASSED

2021-02-18 20:40:06 - [MESSAGE][PASSED] - Browser is closed

2021-02-18 20:40:06 - [MESSAGE][PASSED] - customKeywords.commanFunctions.onlyCloseBrowser is PASSED]]></system-out>
         <system-err><![CDATA[]]></system-err>
      </testcase>
      <testcase name="Test Cases/UploadDiffFiles_PublicUser/TC_As a public user, Upload Xlsx File" time="22.062" classname="Test Cases/UploadDiffFiles_PublicUser/TC_As a public user, Upload Xlsx File" status="FAILED">
         <failure type="FAILED" message="Test Cases/UploadDiffFiles_PublicUser/TC_As a public user, Upload Xlsx File FAILED.
Reason:
com.kms.katalon.core.exception.StepFailedException: Unable to verify text 'sampleExcel' is present 
	at com.kms.katalon.core.webui.keyword.internal.WebUIKeywordMain.stepFailed(WebUIKeywordMain.groovy:64)
	at com.kms.katalon.core.webui.keyword.internal.WebUIKeywordMain.runKeyword(WebUIKeywordMain.groovy:26)
	at com.kms.katalon.core.webui.keyword.builtin.VerifyTextPresentKeyword.verifyTextPresent(VerifyTextPresentKeyword.groovy:83)
	at com.kms.katalon.core.webui.keyword.builtin.VerifyTextPresentKeyword.execute(VerifyTextPresentKeyword.groovy:68)
	at com.kms.katalon.core.keyword.internal.KeywordExecutor.executeKeywordForPlatform(KeywordExecutor.groovy:73)
	at com.kms.katalon.core.webui.keyword.WebUiBuiltInKeywords.verifyTextPresent(WebUiBuiltInKeywords.groovy:1720)
	at com.kms.katalon.core.webui.keyword.WebUiBuiltInKeywords$verifyTextPresent$3.call(Unknown Source)
	at customKeywords.commanFunctions.UploadReqFile(commanFunctions.groovy:282)
	at customKeywords.commanFunctions.uploadFileOfPublicUser(commanFunctions.groovy:656)
	at customKeywords.commanFunctions.invokeMethod(commanFunctions.groovy)
	at com.kms.katalon.core.main.CustomKeywordDelegatingMetaClass.invokeStaticMethod(CustomKeywordDelegatingMetaClass.java:50)
	at TC_As a public user, Upload Xlsx File.run(TC_As a public user, Upload Xlsx File:14)
	at com.kms.katalon.core.main.ScriptEngine.run(ScriptEngine.java:194)
	at com.kms.katalon.core.main.ScriptEngine.runScriptAsRawText(ScriptEngine.java:119)
	at com.kms.katalon.core.main.TestCaseExecutor.runScript(TestCaseExecutor.java:394)
	at com.kms.katalon.core.main.TestCaseExecutor.doExecute(TestCaseExecutor.java:385)
	at com.kms.katalon.core.main.TestCaseExecutor.processExecutionPhase(TestCaseExecutor.java:364)
	at com.kms.katalon.core.main.TestCaseExecutor.accessMainPhase(TestCaseExecutor.java:356)
	at com.kms.katalon.core.main.TestCaseExecutor.execute(TestCaseExecutor.java:251)
	at com.kms.katalon.core.main.TestSuiteExecutor.accessTestCaseMainPhase(TestSuiteExecutor.java:203)
	at com.kms.katalon.core.main.TestSuiteExecutor.accessTestSuiteMainPhase(TestSuiteExecutor.java:152)
	at com.kms.katalon.core.main.TestSuiteExecutor.execute(TestSuiteExecutor.java:95)
	at com.kms.katalon.core.main.TestCaseMain.startTestSuite(TestCaseMain.java:157)
	at com.kms.katalon.core.main.TestCaseMain$startTestSuite$0.call(Unknown Source)
	at TempTestSuite1613660377298.run(TempTestSuite1613660377298.groovy:39)
Caused by: com.kms.katalon.core.exception.StepFailedException: Text 'sampleExcel' is not present on page 
	at com.kms.katalon.core.webui.keyword.internal.WebUIKeywordMain.stepFailed(WebUIKeywordMain.groovy:64)
	at com.kms.katalon.core.webui.keyword.builtin.VerifyTextPresentKeyword$_verifyTextPresent_closure1.doCall(VerifyTextPresentKeyword.groovy:79)
	at com.kms.katalon.core.webui.keyword.builtin.VerifyTextPresentKeyword$_verifyTextPresent_closure1.call(VerifyTextPresentKeyword.groovy)
	at com.kms.katalon.core.webui.keyword.internal.WebUIKeywordMain.runKeyword(WebUIKeywordMain.groovy:20)
	... 23 more
"/>
         <system-out><![CDATA[2021-02-18 20:40:06 - [TEST_CASE][FAILED] - Test Cases/UploadDiffFiles_PublicUser/TC_As a public user, Upload Xlsx File: Test Cases/UploadDiffFiles_PublicUser/TC_As a public user, Upload Xlsx File FAILED.
Reason:
com.kms.katalon.core.exception.StepFailedException: Unable to verify text 'sampleExcel' is present 
	at com.kms.katalon.core.webui.keyword.internal.WebUIKeywordMain.stepFailed(WebUIKeywordMain.groovy:64)
	at com.kms.katalon.core.webui.keyword.internal.WebUIKeywordMain.runKeyword(WebUIKeywordMain.groovy:26)
	at com.kms.katalon.core.webui.keyword.builtin.VerifyTextPresentKeyword.verifyTextPresent(VerifyTextPresentKeyword.groovy:83)
	at com.kms.katalon.core.webui.keyword.builtin.VerifyTextPresentKeyword.execute(VerifyTextPresentKeyword.groovy:68)
	at com.kms.katalon.core.keyword.internal.KeywordExecutor.executeKeywordForPlatform(KeywordExecutor.groovy:73)
	at com.kms.katalon.core.webui.keyword.WebUiBuiltInKeywords.verifyTextPresent(WebUiBuiltInKeywords.groovy:1720)
	at com.kms.katalon.core.webui.keyword.WebUiBuiltInKeywords$verifyTextPresent$3.call(Unknown Source)
	at customKeywords.commanFunctions.UploadReqFile(commanFunctions.groovy:282)
	at customKeywords.commanFunctions.uploadFileOfPublicUser(commanFunctions.groovy:656)
	at customKeywords.commanFunctions.invokeMethod(commanFunctions.groovy)
	at com.kms.katalon.core.main.CustomKeywordDelegatingMetaClass.invokeStaticMethod(CustomKeywordDelegatingMetaClass.java:50)
	at TC_As a public user, Upload Xlsx File.run(TC_As a public user, Upload Xlsx File:14)
	at com.kms.katalon.core.main.ScriptEngine.run(ScriptEngine.java:194)
	at com.kms.katalon.core.main.ScriptEngine.runScriptAsRawText(ScriptEngine.java:119)
	at com.kms.katalon.core.main.TestCaseExecutor.runScript(TestCaseExecutor.java:394)
	at com.kms.katalon.core.main.TestCaseExecutor.doExecute(TestCaseExecutor.java:385)
	at com.kms.katalon.core.main.TestCaseExecutor.processExecutionPhase(TestCaseExecutor.java:364)
	at com.kms.katalon.core.main.TestCaseExecutor.accessMainPhase(TestCaseExecutor.java:356)
	at com.kms.katalon.core.main.TestCaseExecutor.execute(TestCaseExecutor.java:251)
	at com.kms.katalon.core.main.TestSuiteExecutor.accessTestCaseMainPhase(TestSuiteExecutor.java:203)
	at com.kms.katalon.core.main.TestSuiteExecutor.accessTestSuiteMainPhase(TestSuiteExecutor.java:152)
	at com.kms.katalon.core.main.TestSuiteExecutor.execute(TestSuiteExecutor.java:95)
	at com.kms.katalon.core.main.TestCaseMain.startTestSuite(TestCaseMain.java:157)
	at com.kms.katalon.core.main.TestCaseMain$startTestSuite$0.call(Unknown Source)
	at TempTestSuite1613660377298.run(TempTestSuite1613660377298.groovy:39)
Caused by: com.kms.katalon.core.exception.StepFailedException: Text 'sampleExcel' is not present on page 
	at com.kms.katalon.core.webui.keyword.internal.WebUIKeywordMain.stepFailed(WebUIKeywordMain.groovy:64)
	at com.kms.katalon.core.webui.keyword.builtin.VerifyTextPresentKeyword$_verifyTextPresent_closure1.doCall(VerifyTextPresentKeyword.groovy:79)
	at com.kms.katalon.core.webui.keyword.builtin.VerifyTextPresentKeyword$_verifyTextPresent_closure1.call(VerifyTextPresentKeyword.groovy)
	at com.kms.katalon.core.webui.keyword.internal.WebUIKeywordMain.runKeyword(WebUIKeywordMain.groovy:20)
	... 23 more


2021-02-18 20:40:06 - [TEST_STEP][PASSED] - excelTestData = findTestData("Data Files/TestData/InspectTestData"): null

2021-02-18 20:40:06 - [TEST_STEP][PASSED] - userEmail = excelTestData.getValue(2, 23): null

2021-02-18 20:40:06 - [TEST_STEP][FAILED] - customKeywords.commanFunctions.uploadFileOfPublicUser(180, userEmail): Unable to verify text 'sampleExcel' is present 

2021-02-18 20:40:06 - [MESSAGE][INFO] - Starting 'Chrome' driver

2021-02-18 20:40:06 - [MESSAGE][INFO] - Action delay is set to 0 milliseconds

2021-02-18 20:40:18 - [MESSAGE][PASSED] - Browser is opened with url: 'https://Inspect.Stage.site.sa'

2021-02-18 20:40:20 - [MESSAGE][PASSED] - Current window maximized

2021-02-18 20:40:20 - [MESSAGE][PASSED] - Wait for page load successfully

2021-02-18 20:40:20 - [MESSAGE][PASSED] - Object: 'Object Repository/HomePage/ChooseAFile' is clicked on

2021-02-18 20:40:22 - [MESSAGE][PASSED] - Delayed 2 second(s)

2021-02-18 20:40:24 - [MESSAGE][INFO] - Image Uploaded Sucsessfully

2021-02-18 20:40:26 - [MESSAGE][PASSED] - Delayed 2 second(s)

2021-02-18 20:40:27 - [MESSAGE][FAILED] - Text 'sampleExcel' is not present on page  (Root cause: com.kms.katalon.core.exception.StepFailedException: Text 'sampleExcel' is not present on page 
	at com.kms.katalon.core.webui.keyword.internal.WebUIKeywordMain.stepFailed(WebUIKeywordMain.groovy:64)
	at com.kms.katalon.core.webui.keyword.builtin.VerifyTextPresentKeyword$_verifyTextPresent_closure1.doCall(VerifyTextPresentKeyword.groovy:79)
	at com.kms.katalon.core.webui.keyword.builtin.VerifyTextPresentKeyword$_verifyTextPresent_closure1.call(VerifyTextPresentKeyword.groovy)
	at com.kms.katalon.core.webui.keyword.internal.WebUIKeywordMain.runKeyword(WebUIKeywordMain.groovy:20)
	at com.kms.katalon.core.webui.keyword.builtin.VerifyTextPresentKeyword.verifyTextPresent(VerifyTextPresentKeyword.groovy:83)
	at com.kms.katalon.core.webui.keyword.builtin.VerifyTextPresentKeyword.execute(VerifyTextPresentKeyword.groovy:68)
	at com.kms.katalon.core.keyword.internal.KeywordExecutor.executeKeywordForPlatform(KeywordExecutor.groovy:73)
	at com.kms.katalon.core.webui.keyword.WebUiBuiltInKeywords.verifyTextPresent(WebUiBuiltInKeywords.groovy:1720)
	at com.kms.katalon.core.webui.keyword.WebUiBuiltInKeywords$verifyTextPresent$3.call(Unknown Source)
	at customKeywords.commanFunctions.UploadReqFile(commanFunctions.groovy:282)
	at customKeywords.commanFunctions.uploadFileOfPublicUser(commanFunctions.groovy:656)
	at customKeywords.commanFunctions.invokeMethod(commanFunctions.groovy)
	at com.kms.katalon.core.main.CustomKeywordDelegatingMetaClass.invokeStaticMethod(CustomKeywordDelegatingMetaClass.java:50)
	at TC_As a public user, Upload Xlsx File.run(TC_As a public user, Upload Xlsx File:14)
	at com.kms.katalon.core.main.ScriptEngine.run(ScriptEngine.java:194)
	at com.kms.katalon.core.main.ScriptEngine.runScriptAsRawText(ScriptEngine.java:119)
	at com.kms.katalon.core.main.TestCaseExecutor.runScript(TestCaseExecutor.java:394)
	at com.kms.katalon.core.main.TestCaseExecutor.doExecute(TestCaseExecutor.java:385)
	at com.kms.katalon.core.main.TestCaseExecutor.processExecutionPhase(TestCaseExecutor.java:364)
	at com.kms.katalon.core.main.TestCaseExecutor.accessMainPhase(TestCaseExecutor.java:356)
	at com.kms.katalon.core.main.TestCaseExecutor.execute(TestCaseExecutor.java:251)
	at com.kms.katalon.core.main.TestSuiteExecutor.accessTestCaseMainPhase(TestSuiteExecutor.java:203)
	at com.kms.katalon.core.main.TestSuiteExecutor.accessTestSuiteMainPhase(TestSuiteExecutor.java:152)
	at com.kms.katalon.core.main.TestSuiteExecutor.execute(TestSuiteExecutor.java:95)
	at com.kms.katalon.core.main.TestCaseMain.startTestSuite(TestCaseMain.java:157)
	at com.kms.katalon.core.main.TestCaseMain$startTestSuite$0.call(Unknown Source)
	at TempTestSuite1613660377298.run(TempTestSuite1613660377298.groovy:39)
)

2021-02-18 20:40:27 - [MESSAGE][FAILED] - Unable to verify text 'sampleExcel' is present  (Root cause: com.kms.katalon.core.exception.StepFailedException: Unable to verify text 'sampleExcel' is present 
	at com.kms.katalon.core.webui.keyword.internal.WebUIKeywordMain.stepFailed(WebUIKeywordMain.groovy:64)
	at com.kms.katalon.core.webui.keyword.internal.WebUIKeywordMain.runKeyword(WebUIKeywordMain.groovy:26)
	at com.kms.katalon.core.webui.keyword.builtin.VerifyTextPresentKeyword.verifyTextPresent(VerifyTextPresentKeyword.groovy:83)
	at com.kms.katalon.core.webui.keyword.builtin.VerifyTextPresentKeyword.execute(VerifyTextPresentKeyword.groovy:68)
	at com.kms.katalon.core.keyword.internal.KeywordExecutor.executeKeywordForPlatform(KeywordExecutor.groovy:73)
	at com.kms.katalon.core.webui.keyword.WebUiBuiltInKeywords.verifyTextPresent(WebUiBuiltInKeywords.groovy:1720)
	at com.kms.katalon.core.webui.keyword.WebUiBuiltInKeywords$verifyTextPresent$3.call(Unknown Source)
	at customKeywords.commanFunctions.UploadReqFile(commanFunctions.groovy:282)
	at customKeywords.commanFunctions.uploadFileOfPublicUser(commanFunctions.groovy:656)
	at customKeywords.commanFunctions.invokeMethod(commanFunctions.groovy)
	at com.kms.katalon.core.main.CustomKeywordDelegatingMetaClass.invokeStaticMethod(CustomKeywordDelegatingMetaClass.java:50)
	at TC_As a public user, Upload Xlsx File.run(TC_As a public user, Upload Xlsx File:14)
	at com.kms.katalon.core.main.ScriptEngine.run(ScriptEngine.java:194)
	at com.kms.katalon.core.main.ScriptEngine.runScriptAsRawText(ScriptEngine.java:119)
	at com.kms.katalon.core.main.TestCaseExecutor.runScript(TestCaseExecutor.java:394)
	at com.kms.katalon.core.main.TestCaseExecutor.doExecute(TestCaseExecutor.java:385)
	at com.kms.katalon.core.main.TestCaseExecutor.processExecutionPhase(TestCaseExecutor.java:364)
	at com.kms.katalon.core.main.TestCaseExecutor.accessMainPhase(TestCaseExecutor.java:356)
	at com.kms.katalon.core.main.TestCaseExecutor.execute(TestCaseExecutor.java:251)
	at com.kms.katalon.core.main.TestSuiteExecutor.accessTestCaseMainPhase(TestSuiteExecutor.java:203)
	at com.kms.katalon.core.main.TestSuiteExecutor.accessTestSuiteMainPhase(TestSuiteExecutor.java:152)
	at com.kms.katalon.core.main.TestSuiteExecutor.execute(TestSuiteExecutor.java:95)
	at com.kms.katalon.core.main.TestCaseMain.startTestSuite(TestCaseMain.java:157)
	at com.kms.katalon.core.main.TestCaseMain$startTestSuite$0.call(Unknown Source)
	at TempTestSuite1613660377298.run(TempTestSuite1613660377298.groovy:39)
Caused by: com.kms.katalon.core.exception.StepFailedException: Text 'sampleExcel' is not present on page 
	at com.kms.katalon.core.webui.keyword.internal.WebUIKeywordMain.stepFailed(WebUIKeywordMain.groovy:64)
	at com.kms.katalon.core.webui.keyword.builtin.VerifyTextPresentKeyword$_verifyTextPresent_closure1.doCall(VerifyTextPresentKeyword.groovy:79)
	at com.kms.katalon.core.webui.keyword.builtin.VerifyTextPresentKeyword$_verifyTextPresent_closure1.call(VerifyTextPresentKeyword.groovy)
	at com.kms.katalon.core.webui.keyword.internal.WebUIKeywordMain.runKeyword(WebUIKeywordMain.groovy:20)
	... 23 more
)
[[ATTACHMENT|E:\\Inspect\\15022021\\SiteInspectAutomation\\Reports\\20210218_202932\\Regression_Suite\\PublicUser_Suite\\PublicUser_UploadFiles\\20210218_202937\\1613661027158.png]]

2021-02-18 20:40:27 - [MESSAGE][FAILED] - Unable to verify text 'sampleExcel' is present 

2021-02-18 20:40:27 - [TEST_STEP][PASSED] - Start tear down : tearDownMethodIfFailed: Method 'tearDownMethodIfFailed' complete successfully

2021-02-18 20:40:27 - [TEST_STEP][PASSED] - customKeywords.commanFunctions.onlyCloseBrowser(): customKeywords.commanFunctions.onlyCloseBrowser is PASSED

2021-02-18 20:40:28 - [MESSAGE][PASSED] - Browser is closed

2021-02-18 20:40:28 - [MESSAGE][PASSED] - customKeywords.commanFunctions.onlyCloseBrowser is PASSED

2021-02-18 20:40:28 - [TEST_STEP][PASSED] - logInfo("[--------This is tearDownIfFailed method------]"): [--------This is tearDownIfFailed method------]

2021-02-18 20:40:28 - [MESSAGE][INFO] - [--------This is tearDownIfFailed method------]

2021-02-18 20:40:28 - [MESSAGE][PASSED] - Method 'tearDownMethodIfFailed' complete successfully]]></system-out>
         <system-err><![CDATA[2021-02-18 20:40:06 - [TEST_CASE][FAILED] - Test Cases/UploadDiffFiles_PublicUser/TC_As a public user, Upload Xlsx File: Test Cases/UploadDiffFiles_PublicUser/TC_As a public user, Upload Xlsx File FAILED.
Reason:
com.kms.katalon.core.exception.StepFailedException: Unable to verify text 'sampleExcel' is present 
	at com.kms.katalon.core.webui.keyword.internal.WebUIKeywordMain.stepFailed(WebUIKeywordMain.groovy:64)
	at com.kms.katalon.core.webui.keyword.internal.WebUIKeywordMain.runKeyword(WebUIKeywordMain.groovy:26)
	at com.kms.katalon.core.webui.keyword.builtin.VerifyTextPresentKeyword.verifyTextPresent(VerifyTextPresentKeyword.groovy:83)
	at com.kms.katalon.core.webui.keyword.builtin.VerifyTextPresentKeyword.execute(VerifyTextPresentKeyword.groovy:68)
	at com.kms.katalon.core.keyword.internal.KeywordExecutor.executeKeywordForPlatform(KeywordExecutor.groovy:73)
	at com.kms.katalon.core.webui.keyword.WebUiBuiltInKeywords.verifyTextPresent(WebUiBuiltInKeywords.groovy:1720)
	at com.kms.katalon.core.webui.keyword.WebUiBuiltInKeywords$verifyTextPresent$3.call(Unknown Source)
	at customKeywords.commanFunctions.UploadReqFile(commanFunctions.groovy:282)
	at customKeywords.commanFunctions.uploadFileOfPublicUser(commanFunctions.groovy:656)
	at customKeywords.commanFunctions.invokeMethod(commanFunctions.groovy)
	at com.kms.katalon.core.main.CustomKeywordDelegatingMetaClass.invokeStaticMethod(CustomKeywordDelegatingMetaClass.java:50)
	at TC_As a public user, Upload Xlsx File.run(TC_As a public user, Upload Xlsx File:14)
	at com.kms.katalon.core.main.ScriptEngine.run(ScriptEngine.java:194)
	at com.kms.katalon.core.main.ScriptEngine.runScriptAsRawText(ScriptEngine.java:119)
	at com.kms.katalon.core.main.TestCaseExecutor.runScript(TestCaseExecutor.java:394)
	at com.kms.katalon.core.main.TestCaseExecutor.doExecute(TestCaseExecutor.java:385)
	at com.kms.katalon.core.main.TestCaseExecutor.processExecutionPhase(TestCaseExecutor.java:364)
	at com.kms.katalon.core.main.TestCaseExecutor.accessMainPhase(TestCaseExecutor.java:356)
	at com.kms.katalon.core.main.TestCaseExecutor.execute(TestCaseExecutor.java:251)
	at com.kms.katalon.core.main.TestSuiteExecutor.accessTestCaseMainPhase(TestSuiteExecutor.java:203)
	at com.kms.katalon.core.main.TestSuiteExecutor.accessTestSuiteMainPhase(TestSuiteExecutor.java:152)
	at com.kms.katalon.core.main.TestSuiteExecutor.execute(TestSuiteExecutor.java:95)
	at com.kms.katalon.core.main.TestCaseMain.startTestSuite(TestCaseMain.java:157)
	at com.kms.katalon.core.main.TestCaseMain$startTestSuite$0.call(Unknown Source)
	at TempTestSuite1613660377298.run(TempTestSuite1613660377298.groovy:39)
Caused by: com.kms.katalon.core.exception.StepFailedException: Text 'sampleExcel' is not present on page 
	at com.kms.katalon.core.webui.keyword.internal.WebUIKeywordMain.stepFailed(WebUIKeywordMain.groovy:64)
	at com.kms.katalon.core.webui.keyword.builtin.VerifyTextPresentKeyword$_verifyTextPresent_closure1.doCall(VerifyTextPresentKeyword.groovy:79)
	at com.kms.katalon.core.webui.keyword.builtin.VerifyTextPresentKeyword$_verifyTextPresent_closure1.call(VerifyTextPresentKeyword.groovy)
	at com.kms.katalon.core.webui.keyword.internal.WebUIKeywordMain.runKeyword(WebUIKeywordMain.groovy:20)
	... 23 more]]></system-err>
      </testcase>
      <system-out><![CDATA[2021-02-18 20:29:58 - [TEST_SUITE][FAILED] - PublicUser_UploadFiles: Test Cases/UploadDiffFiles_PublicUser/TC_As a public user, Upload Adobe PhotoShop File FAILED.
Reason:
com.kms.katalon.core.exception.StepFailedException: Unable to verify text 'Adobe PhotoShop' is present 
	at com.kms.katalon.core.webui.keyword.internal.WebUIKeywordMain.stepFailed(WebUIKeywordMain.groovy:64)
	at com.kms.katalon.core.webui.keyword.internal.WebUIKeywordMain.runKeyword(WebUIKeywordMain.groovy:26)
	at com.kms.katalon.core.webui.keyword.builtin.VerifyTextPresentKeyword.verifyTextPresent(VerifyTextPresentKeyword.groovy:83)
	at com.kms.katalon.core.webui.keyword.builtin.VerifyTextPresentKeyword.execute(VerifyTextPresentKeyword.groovy:68)
	at com.kms.katalon.core.keyword.internal.KeywordExecutor.executeKeywordForPlatform(KeywordExecutor.groovy:73)
	at com.kms.katalon.core.webui.keyword.WebUiBuiltInKeywords.verifyTextPresent(WebUiBuiltInKeywords.groovy:1720)
	at com.kms.katalon.core.webui.keyword.WebUiBuiltInKeywords$verifyTextPresent$3.call(Unknown Source)
	at customKeywords.commanFunctions.UploadReqFile(commanFunctions.groovy:282)
	at customKeywords.commanFunctions.uploadFileOfPublicUser(commanFunctions.groovy:656)
	at customKeywords.commanFunctions.invokeMethod(commanFunctions.groovy)
	at com.kms.katalon.core.main.CustomKeywordDelegatingMetaClass.invokeStaticMethod(CustomKeywordDelegatingMetaClass.java:50)
	at TC_As a public user, Upload Adobe PhotoShop File.run(TC_As a public user, Upload Adobe PhotoShop File:14)
	at com.kms.katalon.core.main.ScriptEngine.run(ScriptEngine.java:194)
	at com.kms.katalon.core.main.ScriptEngine.runScriptAsRawText(ScriptEngine.java:119)
	at com.kms.katalon.core.main.TestCaseExecutor.runScript(TestCaseExecutor.java:394)
	at com.kms.katalon.core.main.TestCaseExecutor.doExecute(TestCaseExecutor.java:385)
	at com.kms.katalon.core.main.TestCaseExecutor.processExecutionPhase(TestCaseExecutor.java:364)
	at com.kms.katalon.core.main.TestCaseExecutor.accessMainPhase(TestCaseExecutor.java:356)
	at com.kms.katalon.core.main.TestCaseExecutor.execute(TestCaseExecutor.java:251)
	at com.kms.katalon.core.main.TestSuiteExecutor.accessTestCaseMainPhase(TestSuiteExecutor.java:203)
	at com.kms.katalon.core.main.TestSuiteExecutor.accessTestSuiteMainPhase(TestSuiteExecutor.java:152)
	at com.kms.katalon.core.main.TestSuiteExecutor.execute(TestSuiteExecutor.java:95)
	at com.kms.katalon.core.main.TestCaseMain.startTestSuite(TestCaseMain.java:157)
	at com.kms.katalon.core.main.TestCaseMain$startTestSuite$0.call(Unknown Source)
	at TempTestSuite1613660377298.run(TempTestSuite1613660377298.groovy:39)
Caused by: com.kms.katalon.core.exception.StepFailedException: Text 'Adobe PhotoShop' is not present on page 
	at com.kms.katalon.core.webui.keyword.internal.WebUIKeywordMain.stepFailed(WebUIKeywordMain.groovy:64)
	at com.kms.katalon.core.webui.keyword.builtin.VerifyTextPresentKeyword$_verifyTextPresent_closure1.doCall(VerifyTextPresentKeyword.groovy:79)
	at com.kms.katalon.core.webui.keyword.builtin.VerifyTextPresentKeyword$_verifyTextPresent_closure1.call(VerifyTextPresentKeyword.groovy)
	at com.kms.katalon.core.webui.keyword.internal.WebUIKeywordMain.runKeyword(WebUIKeywordMain.groovy:20)
	... 23 more]]></system-out>
      <system-err><![CDATA[2021-02-18 20:29:58 - [TEST_SUITE][FAILED] - PublicUser_UploadFiles: Test Cases/UploadDiffFiles_PublicUser/TC_As a public user, Upload Adobe PhotoShop File FAILED.
Reason:
com.kms.katalon.core.exception.StepFailedException: Unable to verify text 'Adobe PhotoShop' is present 
	at com.kms.katalon.core.webui.keyword.internal.WebUIKeywordMain.stepFailed(WebUIKeywordMain.groovy:64)
	at com.kms.katalon.core.webui.keyword.internal.WebUIKeywordMain.runKeyword(WebUIKeywordMain.groovy:26)
	at com.kms.katalon.core.webui.keyword.builtin.VerifyTextPresentKeyword.verifyTextPresent(VerifyTextPresentKeyword.groovy:83)
	at com.kms.katalon.core.webui.keyword.builtin.VerifyTextPresentKeyword.execute(VerifyTextPresentKeyword.groovy:68)
	at com.kms.katalon.core.keyword.internal.KeywordExecutor.executeKeywordForPlatform(KeywordExecutor.groovy:73)
	at com.kms.katalon.core.webui.keyword.WebUiBuiltInKeywords.verifyTextPresent(WebUiBuiltInKeywords.groovy:1720)
	at com.kms.katalon.core.webui.keyword.WebUiBuiltInKeywords$verifyTextPresent$3.call(Unknown Source)
	at customKeywords.commanFunctions.UploadReqFile(commanFunctions.groovy:282)
	at customKeywords.commanFunctions.uploadFileOfPublicUser(commanFunctions.groovy:656)
	at customKeywords.commanFunctions.invokeMethod(commanFunctions.groovy)
	at com.kms.katalon.core.main.CustomKeywordDelegatingMetaClass.invokeStaticMethod(CustomKeywordDelegatingMetaClass.java:50)
	at TC_As a public user, Upload Adobe PhotoShop File.run(TC_As a public user, Upload Adobe PhotoShop File:14)
	at com.kms.katalon.core.main.ScriptEngine.run(ScriptEngine.java:194)
	at com.kms.katalon.core.main.ScriptEngine.runScriptAsRawText(ScriptEngine.java:119)
	at com.kms.katalon.core.main.TestCaseExecutor.runScript(TestCaseExecutor.java:394)
	at com.kms.katalon.core.main.TestCaseExecutor.doExecute(TestCaseExecutor.java:385)
	at com.kms.katalon.core.main.TestCaseExecutor.processExecutionPhase(TestCaseExecutor.java:364)
	at com.kms.katalon.core.main.TestCaseExecutor.accessMainPhase(TestCaseExecutor.java:356)
	at com.kms.katalon.core.main.TestCaseExecutor.execute(TestCaseExecutor.java:251)
	at com.kms.katalon.core.main.TestSuiteExecutor.accessTestCaseMainPhase(TestSuiteExecutor.java:203)
	at com.kms.katalon.core.main.TestSuiteExecutor.accessTestSuiteMainPhase(TestSuiteExecutor.java:152)
	at com.kms.katalon.core.main.TestSuiteExecutor.execute(TestSuiteExecutor.java:95)
	at com.kms.katalon.core.main.TestCaseMain.startTestSuite(TestCaseMain.java:157)
	at com.kms.katalon.core.main.TestCaseMain$startTestSuite$0.call(Unknown Source)
	at TempTestSuite1613660377298.run(TempTestSuite1613660377298.groovy:39)
Caused by: com.kms.katalon.core.exception.StepFailedException: Text 'Adobe PhotoShop' is not present on page 
	at com.kms.katalon.core.webui.keyword.internal.WebUIKeywordMain.stepFailed(WebUIKeywordMain.groovy:64)
	at com.kms.katalon.core.webui.keyword.builtin.VerifyTextPresentKeyword$_verifyTextPresent_closure1.doCall(VerifyTextPresentKeyword.groovy:79)
	at com.kms.katalon.core.webui.keyword.builtin.VerifyTextPresentKeyword$_verifyTextPresent_closure1.call(VerifyTextPresentKeyword.groovy)
	at com.kms.katalon.core.webui.keyword.internal.WebUIKeywordMain.runKeyword(WebUIKeywordMain.groovy:20)
	... 23 more]]></system-err>
   </testsuite>
</testsuites>
