<?xml version="1.0" encoding="UTF-8"?>
<testsuites name="Suite_LogIn_RigisterUserAndForgotPwd_Module" time="220.878" tests="7" failures="0" skips="0" errors="0">
   <testsuite name="Suite_LogIn_RigisterUserAndForgotPwd_Module" tests="7" failures="0" errors="0" time="220.878" skips="0" timestamp="2021-01-29 15:54:48" hostname="araha - LAPTOP-CLOFSUPE" id="Test Suites/LogIn_RigisterUserAndForgotPwd_Module/Suite_LogIn_RigisterUserAndForgotPwd_Module">
      <properties>
         <property name="deviceName" value=""/>
         <property name="devicePlatform" value=""/>
         <property name="logFolder" value="C:\\Users\\araha\\Katalon Studio\\InspectAutomation\\Reports\\20210129_155437\\LogIn_RigisterUserAndForgotPwd_Module\\Suite_LogIn_RigisterUserAndForgotPwd_Module\\20210129_155437"/>
         <property name="logFiles" value="C:\\Users\\araha\\Katalon Studio\\InspectAutomation\\Reports\\20210129_155437\\LogIn_RigisterUserAndForgotPwd_Module\\Suite_LogIn_RigisterUserAndForgotPwd_Module\\20210129_155437\\execution0.log"/>
         <property name="attachments" value=""/>
         <property name="hostName" value="araha - LAPTOP-CLOFSUPE"/>
         <property name="os" value="Windows 10 64bit"/>
         <property name="katalonVersion" value="7.8.2.208"/>
         <property name="browser" value="Chrome 86.0.4240.75"/>
         <property name="hostAddress" value="192.168.1.1"/>
         <property name="sessionId" value="a7b4af72585f5fb3ccc218c1f7522cbf"/>
         <property name="seleniumVersion" value="3.141.59"/>
         <property name="proxyInformation" value="ProxyInformation { proxyOption=NO_PROXY, proxyServerType=HTTP, username=, password=********, proxyServerAddress=, proxyServerPort=0, executionList=&quot;&quot;, isApplyToDesiredCapabilities=true }"/>
         <property name="platform" value="Windows 10"/>
      </properties>
      <testcase name="Test Cases/TC_Login_RigisterUserAndForgotYourPassword/TC_ForgotPwdInValidEmailValidation" time="28.301" classname="Test Cases/TC_Login_RigisterUserAndForgotYourPassword/TC_ForgotPwdInValidEmailValidation" status="PASSED">
         <system-out><![CDATA[2021-01-29 15:54:50 - [TEST_CASE][PASSED] - Test Cases/TC_Login_RigisterUserAndForgotYourPassword/TC_ForgotPwdInValidEmailValidation: Test Cases/TC_Login_RigisterUserAndForgotYourPassword/TC_ForgotPwdInValidEmailValidation

2021-01-29 15:54:50 - [TEST_STEP][PASSED] - excelTestData = findTestData("Data Files/TestData/InspectTestData"): null

2021-01-29 15:54:51 - [TEST_STEP][PASSED] - validationMessage = excelTestData.getValue(2, 12): null

2021-01-29 15:54:51 - [TEST_STEP][PASSED] - obj = findTestObject("LoginAndRigisterUser/LoginLink"): null

2021-01-29 15:54:51 - [TEST_STEP][PASSED] - forgotPwd = findTestObject("Object Repository/LoginAndRigisterUser/ForgotPwd"): null

2021-01-29 15:54:51 - [TEST_STEP][PASSED] - ForgotPwdSubmitBtn = findTestObject("Object Repository/LoginAndRigisterUser/ForgotPwdSubmitBtn"): null

2021-01-29 15:54:51 - [TEST_STEP][PASSED] - customKeywords.commanFunctions.openBrowser(): customKeywords.commanFunctions.openBrowser is PASSED

2021-01-29 15:54:52 - [MESSAGE][INFO] - Starting 'Chrome' driver

2021-01-29 15:54:52 - [MESSAGE][INFO] - Action delay is set to 0 milliseconds

2021-01-29 15:55:08 - [MESSAGE][PASSED] - Browser is opened with url: 'https://Inspect.Stage.site.sa'

2021-01-29 15:55:11 - [MESSAGE][PASSED] - Current window maximized

2021-01-29 15:55:11 - [MESSAGE][PASSED] - Wait for page load successfully

2021-01-29 15:55:11 - [MESSAGE][PASSED] - customKeywords.commanFunctions.openBrowser is PASSED

2021-01-29 15:55:11 - [TEST_STEP][PASSED] - waitForElementClickable(findTestObject("LoginAndRigisterUser/LoginLink"), TimeOut): Object 'Object Repository/LoginAndRigisterUser/LoginLink' is clickable

2021-01-29 15:55:11 - [MESSAGE][PASSED] - Object 'Object Repository/LoginAndRigisterUser/LoginLink' is clickable

2021-01-29 15:55:11 - [TEST_STEP][PASSED] - customKeywords.commanFunctions.clickElementWithJS(obj): customKeywords.commanFunctions.clickElementWithJS is PASSED

2021-01-29 15:55:12 - [MESSAGE][INFO] - Clicked on element with JS

2021-01-29 15:55:12 - [MESSAGE][PASSED] - customKeywords.commanFunctions.clickElementWithJS is PASSED

2021-01-29 15:55:12 - [TEST_STEP][PASSED] - waitForElementClickable(findTestObject("Object Repository/LoginAndRigisterUser/ForgotPwd"), TimeOut): Object 'Object Repository/LoginAndRigisterUser/ForgotPwd' is clickable

2021-01-29 15:55:13 - [MESSAGE][PASSED] - Object 'Object Repository/LoginAndRigisterUser/ForgotPwd' is clickable

2021-01-29 15:55:13 - [TEST_STEP][PASSED] - customKeywords.commanFunctions.clickElementWithJS(forgotPwd): customKeywords.commanFunctions.clickElementWithJS is PASSED

2021-01-29 15:55:14 - [MESSAGE][INFO] - Clicked on element with JS

2021-01-29 15:55:14 - [MESSAGE][PASSED] - customKeywords.commanFunctions.clickElementWithJS is PASSED

2021-01-29 15:55:14 - [TEST_STEP][PASSED] - str = customKeywords.commanFunctions.getRandomAlphaString(5): customKeywords.commanFunctions.getRandomAlphaString is PASSED

2021-01-29 15:55:14 - [MESSAGE][PASSED] - customKeywords.commanFunctions.getRandomAlphaString is PASSED

2021-01-29 15:55:14 - [TEST_STEP][PASSED] - email = "test_" + str + "@email.com": null

2021-01-29 15:55:14 - [TEST_STEP][PASSED] - sendKeys(findTestObject("Object Repository/LoginAndRigisterUser/ForgotPwd_Email_Input"), email): Keys 'test_aanwc@email.com' sent to object: 'Object Repository/LoginAndRigisterUser/ForgotPwd_Email_Input'

2021-01-29 15:55:15 - [MESSAGE][PASSED] - Keys 'test_aanwc@email.com' sent to object: 'Object Repository/LoginAndRigisterUser/ForgotPwd_Email_Input'

2021-01-29 15:55:15 - [TEST_STEP][PASSED] - customKeywords.commanFunctions.clickElementWithJS(ForgotPwdSubmitBtn): customKeywords.commanFunctions.clickElementWithJS is PASSED

2021-01-29 15:55:16 - [MESSAGE][INFO] - Clicked on element with JS

2021-01-29 15:55:16 - [MESSAGE][PASSED] - customKeywords.commanFunctions.clickElementWithJS is PASSED

2021-01-29 15:55:16 - [TEST_STEP][PASSED] - verifyTextPresent(validationMessage, false): Text 'The user credentials provided is incorrect' is present on page 

2021-01-29 15:55:17 - [MESSAGE][PASSED] - Text 'The user credentials provided is incorrect' is present on page 

2021-01-29 15:55:17 - [TEST_STEP][PASSED] - customKeywords.commanFunctions.onlyCloseBrowser(): customKeywords.commanFunctions.onlyCloseBrowser is PASSED

2021-01-29 15:55:18 - [MESSAGE][PASSED] - Browser is closed

2021-01-29 15:55:18 - [MESSAGE][PASSED] - customKeywords.commanFunctions.onlyCloseBrowser is PASSED]]></system-out>
         <system-err><![CDATA[]]></system-err>
      </testcase>
      <testcase name="Test Cases/TC_Login_RigisterUserAndForgotYourPassword/TC_ForgotPwdValidEmailValidation" time="26.291" classname="Test Cases/TC_Login_RigisterUserAndForgotYourPassword/TC_ForgotPwdValidEmailValidation" status="PASSED">
         <system-out><![CDATA[2021-01-29 15:55:18 - [TEST_CASE][PASSED] - Test Cases/TC_Login_RigisterUserAndForgotYourPassword/TC_ForgotPwdValidEmailValidation: Test Cases/TC_Login_RigisterUserAndForgotYourPassword/TC_ForgotPwdValidEmailValidation

2021-01-29 15:55:18 - [TEST_STEP][PASSED] - excelTestData = findTestData("Data Files/TestData/InspectTestData"): null

2021-01-29 15:55:18 - [TEST_STEP][PASSED] - validationMessage = excelTestData.getValue(2, 8): null

2021-01-29 15:55:18 - [TEST_STEP][PASSED] - obj = findTestObject("LoginAndRigisterUser/LoginLink"): null

2021-01-29 15:55:18 - [TEST_STEP][PASSED] - forgotPwd = findTestObject("Object Repository/LoginAndRigisterUser/ForgotPwd"): null

2021-01-29 15:55:18 - [TEST_STEP][PASSED] - ForgotPwdSubmitBtn = findTestObject("Object Repository/LoginAndRigisterUser/ForgotPwdSubmitBtn"): null

2021-01-29 15:55:18 - [TEST_STEP][PASSED] - customKeywords.commanFunctions.openBrowser(): customKeywords.commanFunctions.openBrowser is PASSED

2021-01-29 15:55:19 - [MESSAGE][INFO] - Starting 'Chrome' driver

2021-01-29 15:55:19 - [MESSAGE][INFO] - Action delay is set to 0 milliseconds

2021-01-29 15:55:34 - [MESSAGE][PASSED] - Browser is opened with url: 'https://Inspect.Stage.site.sa'

2021-01-29 15:55:36 - [MESSAGE][PASSED] - Current window maximized

2021-01-29 15:55:36 - [MESSAGE][PASSED] - Wait for page load successfully

2021-01-29 15:55:36 - [MESSAGE][PASSED] - customKeywords.commanFunctions.openBrowser is PASSED

2021-01-29 15:55:36 - [TEST_STEP][PASSED] - waitForElementClickable(findTestObject("LoginAndRigisterUser/LoginLink"), TimeOut): Object 'Object Repository/LoginAndRigisterUser/LoginLink' is clickable

2021-01-29 15:55:37 - [MESSAGE][PASSED] - Object 'Object Repository/LoginAndRigisterUser/LoginLink' is clickable

2021-01-29 15:55:37 - [TEST_STEP][PASSED] - customKeywords.commanFunctions.clickElementWithJS(obj): customKeywords.commanFunctions.clickElementWithJS is PASSED

2021-01-29 15:55:38 - [MESSAGE][INFO] - Clicked on element with JS

2021-01-29 15:55:38 - [MESSAGE][PASSED] - customKeywords.commanFunctions.clickElementWithJS is PASSED

2021-01-29 15:55:38 - [TEST_STEP][PASSED] - waitForElementClickable(findTestObject("Object Repository/LoginAndRigisterUser/ForgotPwd"), TimeOut): Object 'Object Repository/LoginAndRigisterUser/ForgotPwd' is clickable

2021-01-29 15:55:38 - [MESSAGE][PASSED] - Object 'Object Repository/LoginAndRigisterUser/ForgotPwd' is clickable

2021-01-29 15:55:38 - [TEST_STEP][PASSED] - customKeywords.commanFunctions.clickElementWithJS(forgotPwd): customKeywords.commanFunctions.clickElementWithJS is PASSED

2021-01-29 15:55:39 - [MESSAGE][INFO] - Clicked on element with JS

2021-01-29 15:55:39 - [MESSAGE][PASSED] - customKeywords.commanFunctions.clickElementWithJS is PASSED

2021-01-29 15:55:39 - [TEST_STEP][PASSED] - sendKeys(findTestObject("Object Repository/LoginAndRigisterUser/ForgotPwd_Email_Input"), AdminUserName): Keys 'admin@example.com' sent to object: 'Object Repository/LoginAndRigisterUser/ForgotPwd_Email_Input'

2021-01-29 15:55:40 - [MESSAGE][PASSED] - Keys 'admin@example.com' sent to object: 'Object Repository/LoginAndRigisterUser/ForgotPwd_Email_Input'

2021-01-29 15:55:40 - [TEST_STEP][PASSED] - customKeywords.commanFunctions.clickElementWithJS(ForgotPwdSubmitBtn): customKeywords.commanFunctions.clickElementWithJS is PASSED

2021-01-29 15:55:41 - [MESSAGE][INFO] - Clicked on element with JS

2021-01-29 15:55:41 - [MESSAGE][PASSED] - customKeywords.commanFunctions.clickElementWithJS is PASSED

2021-01-29 15:55:41 - [TEST_STEP][PASSED] - verifyTextPresent(validationMessage, false): Text 'An email with a reset link was sent to your email. Please click on the link to reset your password' is present on page 

2021-01-29 15:55:43 - [MESSAGE][PASSED] - Text 'An email with a reset link was sent to your email. Please click on the link to reset your password' is present on page 

2021-01-29 15:55:43 - [TEST_STEP][PASSED] - customKeywords.commanFunctions.onlyCloseBrowser(): customKeywords.commanFunctions.onlyCloseBrowser is PASSED

2021-01-29 15:55:44 - [MESSAGE][PASSED] - Browser is closed

2021-01-29 15:55:44 - [MESSAGE][PASSED] - customKeywords.commanFunctions.onlyCloseBrowser is PASSED]]></system-out>
         <system-err><![CDATA[]]></system-err>
      </testcase>
      <testcase name="Test Cases/TC_Login_RigisterUserAndForgotYourPassword/TC_LoginUserWithInValidCredentialsAndVerifyErrorMsg" time="26.014" classname="Test Cases/TC_Login_RigisterUserAndForgotYourPassword/TC_LoginUserWithInValidCredentialsAndVerifyErrorMsg" status="PASSED">
         <system-out><![CDATA[2021-01-29 15:55:44 - [TEST_CASE][PASSED] - Test Cases/TC_Login_RigisterUserAndForgotYourPassword/TC_LoginUserWithInValidCredentialsAndVerifyErrorMsg: Test Cases/TC_Login_RigisterUserAndForgotYourPassword/TC_LoginUserWithInValidCredentialsAndVerifyErrorMsg

2021-01-29 15:55:45 - [TEST_STEP][PASSED] - excelTestData = findTestData("Data Files/TestData/InspectTestData"): null

2021-01-29 15:55:45 - [TEST_STEP][PASSED] - validationMessage = excelTestData.getValue(2, 4): null

2021-01-29 15:55:45 - [TEST_STEP][PASSED] - obj = findTestObject("LoginAndRigisterUser/LoginLink"): null

2021-01-29 15:55:45 - [TEST_STEP][PASSED] - LoginBtn = findTestObject("Object Repository/LoginAndRigisterUser/LoginBtn"): null

2021-01-29 15:55:45 - [TEST_STEP][PASSED] - customKeywords.commanFunctions.openBrowser(): customKeywords.commanFunctions.openBrowser is PASSED

2021-01-29 15:55:45 - [MESSAGE][INFO] - Starting 'Chrome' driver

2021-01-29 15:55:45 - [MESSAGE][INFO] - Action delay is set to 0 milliseconds

2021-01-29 15:56:01 - [MESSAGE][PASSED] - Browser is opened with url: 'https://Inspect.Stage.site.sa'

2021-01-29 15:56:03 - [MESSAGE][PASSED] - Current window maximized

2021-01-29 15:56:03 - [MESSAGE][PASSED] - Wait for page load successfully

2021-01-29 15:56:03 - [MESSAGE][PASSED] - customKeywords.commanFunctions.openBrowser is PASSED

2021-01-29 15:56:03 - [TEST_STEP][PASSED] - waitForElementClickable(findTestObject("LoginAndRigisterUser/LoginLink"), TimeOut): Object 'Object Repository/LoginAndRigisterUser/LoginLink' is clickable

2021-01-29 15:56:03 - [MESSAGE][PASSED] - Object 'Object Repository/LoginAndRigisterUser/LoginLink' is clickable

2021-01-29 15:56:03 - [TEST_STEP][PASSED] - customKeywords.commanFunctions.clickElementWithJS(obj): customKeywords.commanFunctions.clickElementWithJS is PASSED

2021-01-29 15:56:04 - [MESSAGE][INFO] - Clicked on element with JS

2021-01-29 15:56:04 - [MESSAGE][PASSED] - customKeywords.commanFunctions.clickElementWithJS is PASSED

2021-01-29 15:56:04 - [TEST_STEP][PASSED] - strOne = customKeywords.commanFunctions.getRandomAlphaString(5): customKeywords.commanFunctions.getRandomAlphaString is PASSED

2021-01-29 15:56:05 - [MESSAGE][PASSED] - customKeywords.commanFunctions.getRandomAlphaString is PASSED

2021-01-29 15:56:05 - [TEST_STEP][PASSED] - email = "test_" + strOne + "@email.com": null

2021-01-29 15:56:05 - [TEST_STEP][PASSED] - str = customKeywords.commanFunctions.getRandomAlphaString(5): customKeywords.commanFunctions.getRandomAlphaString is PASSED

2021-01-29 15:56:05 - [MESSAGE][PASSED] - customKeywords.commanFunctions.getRandomAlphaString is PASSED

2021-01-29 15:56:05 - [TEST_STEP][PASSED] - password = "Test@" + str: null

2021-01-29 15:56:05 - [TEST_STEP][PASSED] - sendKeys(findTestObject("Object Repository/LoginAndRigisterUser/UserName_Email_Input"), email): Keys 'test_xptdz@email.com' sent to object: 'Object Repository/LoginAndRigisterUser/UserName_Email_Input'

2021-01-29 15:56:06 - [MESSAGE][PASSED] - Keys 'test_xptdz@email.com' sent to object: 'Object Repository/LoginAndRigisterUser/UserName_Email_Input'

2021-01-29 15:56:06 - [TEST_STEP][PASSED] - sendKeys(findTestObject("Object Repository/LoginAndRigisterUser/Password_Input"), password): Keys 'Test@xyawb' sent to object: 'Object Repository/LoginAndRigisterUser/Password_Input'

2021-01-29 15:56:06 - [MESSAGE][PASSED] - Keys 'Test@xyawb' sent to object: 'Object Repository/LoginAndRigisterUser/Password_Input'

2021-01-29 15:56:06 - [TEST_STEP][PASSED] - waitForElementClickable(LoginBtn, TimeOut): Object 'Object Repository/LoginAndRigisterUser/LoginBtn' is clickable

2021-01-29 15:56:07 - [MESSAGE][PASSED] - Object 'Object Repository/LoginAndRigisterUser/LoginBtn' is clickable

2021-01-29 15:56:07 - [TEST_STEP][PASSED] - customKeywords.commanFunctions.clickElementWithJS(LoginBtn): customKeywords.commanFunctions.clickElementWithJS is PASSED

2021-01-29 15:56:08 - [MESSAGE][INFO] - Clicked on element with JS

2021-01-29 15:56:08 - [MESSAGE][PASSED] - customKeywords.commanFunctions.clickElementWithJS is PASSED

2021-01-29 15:56:08 - [TEST_STEP][PASSED] - verifyTextPresent(validationMessage, false): Text 'Incorrect email or password' is present on page 

2021-01-29 15:56:09 - [MESSAGE][PASSED] - Text 'Incorrect email or password' is present on page 

2021-01-29 15:56:09 - [TEST_STEP][PASSED] - customKeywords.commanFunctions.onlyCloseBrowser(): customKeywords.commanFunctions.onlyCloseBrowser is PASSED

2021-01-29 15:56:10 - [MESSAGE][PASSED] - Browser is closed

2021-01-29 15:56:10 - [MESSAGE][PASSED] - customKeywords.commanFunctions.onlyCloseBrowser is PASSED]]></system-out>
         <system-err><![CDATA[]]></system-err>
      </testcase>
      <testcase name="Test Cases/TC_Login_RigisterUserAndForgotYourPassword/TC_LoginUserWithInValidPasswordAndVerifyLoginShouldNotSucss" time="23.439" classname="Test Cases/TC_Login_RigisterUserAndForgotYourPassword/TC_LoginUserWithInValidPasswordAndVerifyLoginShouldNotSucss" status="PASSED">
         <system-out><![CDATA[2021-01-29 15:56:10 - [TEST_CASE][PASSED] - Test Cases/TC_Login_RigisterUserAndForgotYourPassword/TC_LoginUserWithInValidPasswordAndVerifyLoginShouldNotSucss: Test Cases/TC_Login_RigisterUserAndForgotYourPassword/TC_LoginUserWithInValidPasswordAndVerifyLoginShouldNotSucss

2021-01-29 15:56:11 - [TEST_STEP][PASSED] - excelTestData = findTestData("Data Files/TestData/InspectTestData"): null

2021-01-29 15:56:11 - [TEST_STEP][PASSED] - validationMessage = excelTestData.getValue(2, 4): null

2021-01-29 15:56:11 - [TEST_STEP][PASSED] - obj = findTestObject("LoginAndRigisterUser/LoginLink"): null

2021-01-29 15:56:11 - [TEST_STEP][PASSED] - LoginBtn = findTestObject("Object Repository/LoginAndRigisterUser/LoginBtn"): null

2021-01-29 15:56:11 - [TEST_STEP][PASSED] - customKeywords.commanFunctions.openBrowser(): customKeywords.commanFunctions.openBrowser is PASSED

2021-01-29 15:56:11 - [MESSAGE][INFO] - Starting 'Chrome' driver

2021-01-29 15:56:11 - [MESSAGE][INFO] - Action delay is set to 0 milliseconds

2021-01-29 15:56:25 - [MESSAGE][PASSED] - Browser is opened with url: 'https://Inspect.Stage.site.sa'

2021-01-29 15:56:27 - [MESSAGE][PASSED] - Current window maximized

2021-01-29 15:56:27 - [MESSAGE][PASSED] - Wait for page load successfully

2021-01-29 15:56:27 - [MESSAGE][PASSED] - customKeywords.commanFunctions.openBrowser is PASSED

2021-01-29 15:56:27 - [TEST_STEP][PASSED] - waitForElementClickable(findTestObject("LoginAndRigisterUser/LoginLink"), TimeOut): Object 'Object Repository/LoginAndRigisterUser/LoginLink' is clickable

2021-01-29 15:56:27 - [MESSAGE][PASSED] - Object 'Object Repository/LoginAndRigisterUser/LoginLink' is clickable

2021-01-29 15:56:27 - [TEST_STEP][PASSED] - customKeywords.commanFunctions.clickElementWithJS(obj): customKeywords.commanFunctions.clickElementWithJS is PASSED

2021-01-29 15:56:28 - [MESSAGE][INFO] - Clicked on element with JS

2021-01-29 15:56:28 - [MESSAGE][PASSED] - customKeywords.commanFunctions.clickElementWithJS is PASSED

2021-01-29 15:56:28 - [TEST_STEP][PASSED] - str = customKeywords.commanFunctions.getRandomAlphaString(5): customKeywords.commanFunctions.getRandomAlphaString is PASSED

2021-01-29 15:56:29 - [MESSAGE][PASSED] - customKeywords.commanFunctions.getRandomAlphaString is PASSED

2021-01-29 15:56:29 - [TEST_STEP][PASSED] - password = "Test@" + str: null

2021-01-29 15:56:29 - [TEST_STEP][PASSED] - sendKeys(findTestObject("Object Repository/LoginAndRigisterUser/UserName_Email_Input"), AdminUserName): Keys 'admin@example.com' sent to object: 'Object Repository/LoginAndRigisterUser/UserName_Email_Input'

2021-01-29 15:56:29 - [MESSAGE][PASSED] - Keys 'admin@example.com' sent to object: 'Object Repository/LoginAndRigisterUser/UserName_Email_Input'

2021-01-29 15:56:29 - [TEST_STEP][PASSED] - sendKeys(findTestObject("Object Repository/LoginAndRigisterUser/Password_Input"), password): Keys 'Test@tzltz' sent to object: 'Object Repository/LoginAndRigisterUser/Password_Input'

2021-01-29 15:56:30 - [MESSAGE][PASSED] - Keys 'Test@tzltz' sent to object: 'Object Repository/LoginAndRigisterUser/Password_Input'

2021-01-29 15:56:30 - [TEST_STEP][PASSED] - waitForElementClickable(LoginBtn, TimeOut): Object 'Object Repository/LoginAndRigisterUser/LoginBtn' is clickable

2021-01-29 15:56:30 - [MESSAGE][PASSED] - Object 'Object Repository/LoginAndRigisterUser/LoginBtn' is clickable

2021-01-29 15:56:30 - [TEST_STEP][PASSED] - customKeywords.commanFunctions.clickElementWithJS(LoginBtn): customKeywords.commanFunctions.clickElementWithJS is PASSED

2021-01-29 15:56:31 - [MESSAGE][INFO] - Clicked on element with JS

2021-01-29 15:56:31 - [MESSAGE][PASSED] - customKeywords.commanFunctions.clickElementWithJS is PASSED

2021-01-29 15:56:31 - [TEST_STEP][PASSED] - verifyTextPresent(validationMessage, false): Text 'Incorrect email or password' is present on page 

2021-01-29 15:56:33 - [MESSAGE][PASSED] - Text 'Incorrect email or password' is present on page 

2021-01-29 15:56:33 - [TEST_STEP][PASSED] - customKeywords.commanFunctions.onlyCloseBrowser(): customKeywords.commanFunctions.onlyCloseBrowser is PASSED

2021-01-29 15:56:34 - [MESSAGE][PASSED] - Browser is closed

2021-01-29 15:56:34 - [MESSAGE][PASSED] - customKeywords.commanFunctions.onlyCloseBrowser is PASSED]]></system-out>
         <system-err><![CDATA[]]></system-err>
      </testcase>
      <testcase name="Test Cases/TC_Login_RigisterUserAndForgotYourPassword/TC_LoginUserWithInValidUserNameAndVerifyLoginShouldNotSucss" time="25.749" classname="Test Cases/TC_Login_RigisterUserAndForgotYourPassword/TC_LoginUserWithInValidUserNameAndVerifyLoginShouldNotSucss" status="PASSED">
         <system-out><![CDATA[2021-01-29 15:56:34 - [TEST_CASE][PASSED] - Test Cases/TC_Login_RigisterUserAndForgotYourPassword/TC_LoginUserWithInValidUserNameAndVerifyLoginShouldNotSucss: Test Cases/TC_Login_RigisterUserAndForgotYourPassword/TC_LoginUserWithInValidUserNameAndVerifyLoginShouldNotSucss

2021-01-29 15:56:34 - [TEST_STEP][PASSED] - excelTestData = findTestData("Data Files/TestData/InspectTestData"): null

2021-01-29 15:56:34 - [TEST_STEP][PASSED] - validationMessage = excelTestData.getValue(2, 4): null

2021-01-29 15:56:34 - [TEST_STEP][PASSED] - obj = findTestObject("LoginAndRigisterUser/LoginLink"): null

2021-01-29 15:56:34 - [TEST_STEP][PASSED] - LoginBtn = findTestObject("Object Repository/LoginAndRigisterUser/LoginBtn"): null

2021-01-29 15:56:34 - [TEST_STEP][PASSED] - customKeywords.commanFunctions.openBrowser(): customKeywords.commanFunctions.openBrowser is PASSED

2021-01-29 15:56:34 - [MESSAGE][INFO] - Starting 'Chrome' driver

2021-01-29 15:56:34 - [MESSAGE][INFO] - Action delay is set to 0 milliseconds

2021-01-29 15:56:50 - [MESSAGE][PASSED] - Browser is opened with url: 'https://Inspect.Stage.site.sa'

2021-01-29 15:56:53 - [MESSAGE][PASSED] - Current window maximized

2021-01-29 15:56:53 - [MESSAGE][PASSED] - Wait for page load successfully

2021-01-29 15:56:53 - [MESSAGE][PASSED] - customKeywords.commanFunctions.openBrowser is PASSED

2021-01-29 15:56:53 - [TEST_STEP][PASSED] - waitForElementClickable(findTestObject("LoginAndRigisterUser/LoginLink"), TimeOut): Object 'Object Repository/LoginAndRigisterUser/LoginLink' is clickable

2021-01-29 15:56:53 - [MESSAGE][PASSED] - Object 'Object Repository/LoginAndRigisterUser/LoginLink' is clickable

2021-01-29 15:56:53 - [TEST_STEP][PASSED] - customKeywords.commanFunctions.clickElementWithJS(obj): customKeywords.commanFunctions.clickElementWithJS is PASSED

2021-01-29 15:56:54 - [MESSAGE][INFO] - Clicked on element with JS

2021-01-29 15:56:54 - [MESSAGE][PASSED] - customKeywords.commanFunctions.clickElementWithJS is PASSED

2021-01-29 15:56:54 - [TEST_STEP][PASSED] - str = customKeywords.commanFunctions.getRandomAlphaString(5): customKeywords.commanFunctions.getRandomAlphaString is PASSED

2021-01-29 15:56:54 - [MESSAGE][PASSED] - customKeywords.commanFunctions.getRandomAlphaString is PASSED

2021-01-29 15:56:54 - [TEST_STEP][PASSED] - email = "test_" + str + "@email.com": null

2021-01-29 15:56:54 - [TEST_STEP][PASSED] - sendKeys(findTestObject("Object Repository/LoginAndRigisterUser/UserName_Email_Input"), email): Keys 'test_yyuuy@email.com' sent to object: 'Object Repository/LoginAndRigisterUser/UserName_Email_Input'

2021-01-29 15:56:55 - [MESSAGE][PASSED] - Keys 'test_yyuuy@email.com' sent to object: 'Object Repository/LoginAndRigisterUser/UserName_Email_Input'

2021-01-29 15:56:55 - [TEST_STEP][PASSED] - sendKeys(findTestObject("Object Repository/LoginAndRigisterUser/Password_Input"), AdminPassWord): Keys 'Aa@12345' sent to object: 'Object Repository/LoginAndRigisterUser/Password_Input'

2021-01-29 15:56:56 - [MESSAGE][PASSED] - Keys 'Aa@12345' sent to object: 'Object Repository/LoginAndRigisterUser/Password_Input'

2021-01-29 15:56:56 - [TEST_STEP][PASSED] - waitForElementClickable(LoginBtn, TimeOut): Object 'Object Repository/LoginAndRigisterUser/LoginBtn' is clickable

2021-01-29 15:56:56 - [MESSAGE][PASSED] - Object 'Object Repository/LoginAndRigisterUser/LoginBtn' is clickable

2021-01-29 15:56:56 - [TEST_STEP][PASSED] - customKeywords.commanFunctions.clickElementWithJS(LoginBtn): customKeywords.commanFunctions.clickElementWithJS is PASSED

2021-01-29 15:56:57 - [MESSAGE][INFO] - Clicked on element with JS

2021-01-29 15:56:57 - [MESSAGE][PASSED] - customKeywords.commanFunctions.clickElementWithJS is PASSED

2021-01-29 15:56:57 - [TEST_STEP][PASSED] - verifyTextPresent(validationMessage, false): Text 'Incorrect email or password' is present on page 

2021-01-29 15:56:58 - [MESSAGE][PASSED] - Text 'Incorrect email or password' is present on page 

2021-01-29 15:56:58 - [TEST_STEP][PASSED] - customKeywords.commanFunctions.onlyCloseBrowser(): customKeywords.commanFunctions.onlyCloseBrowser is PASSED

2021-01-29 15:56:59 - [MESSAGE][PASSED] - Browser is closed

2021-01-29 15:56:59 - [MESSAGE][PASSED] - customKeywords.commanFunctions.onlyCloseBrowser is PASSED]]></system-out>
         <system-err><![CDATA[]]></system-err>
      </testcase>
      <testcase name="Test Cases/TC_Login_RigisterUserAndForgotYourPassword/TC_LoginUserWithValidCredentialsAndVerifyLoginSucss" time="38.728" classname="Test Cases/TC_Login_RigisterUserAndForgotYourPassword/TC_LoginUserWithValidCredentialsAndVerifyLoginSucss" status="PASSED">
         <system-out><![CDATA[2021-01-29 15:56:59 - [TEST_CASE][PASSED] - Test Cases/TC_Login_RigisterUserAndForgotYourPassword/TC_LoginUserWithValidCredentialsAndVerifyLoginSucss: Test Cases/TC_Login_RigisterUserAndForgotYourPassword/TC_LoginUserWithValidCredentialsAndVerifyLoginSucss

2021-01-29 15:57:00 - [TEST_STEP][PASSED] - obj = findTestObject("LoginAndRigisterUser/LoginLink"): null

2021-01-29 15:57:00 - [TEST_STEP][PASSED] - customKeywords.commanFunctions.openBrowser(): customKeywords.commanFunctions.openBrowser is PASSED

2021-01-29 15:57:00 - [MESSAGE][INFO] - Starting 'Chrome' driver

2021-01-29 15:57:00 - [MESSAGE][INFO] - Action delay is set to 0 milliseconds

2021-01-29 15:57:15 - [MESSAGE][PASSED] - Browser is opened with url: 'https://Inspect.Stage.site.sa'

2021-01-29 15:57:17 - [MESSAGE][PASSED] - Current window maximized

2021-01-29 15:57:17 - [MESSAGE][PASSED] - Wait for page load successfully

2021-01-29 15:57:17 - [MESSAGE][PASSED] - customKeywords.commanFunctions.openBrowser is PASSED

2021-01-29 15:57:17 - [TEST_STEP][PASSED] - waitForElementClickable(findTestObject("LoginAndRigisterUser/LoginLink"), TimeOut): Object 'Object Repository/LoginAndRigisterUser/LoginLink' is clickable

2021-01-29 15:57:18 - [MESSAGE][PASSED] - Object 'Object Repository/LoginAndRigisterUser/LoginLink' is clickable

2021-01-29 15:57:18 - [TEST_STEP][PASSED] - customKeywords.commanFunctions.clickElementWithJS(obj): customKeywords.commanFunctions.clickElementWithJS is PASSED

2021-01-29 15:57:19 - [MESSAGE][INFO] - Clicked on element with JS

2021-01-29 15:57:19 - [MESSAGE][PASSED] - customKeywords.commanFunctions.clickElementWithJS is PASSED

2021-01-29 15:57:19 - [TEST_STEP][PASSED] - customKeywords.commanFunctions.logIntoBrowser(): customKeywords.commanFunctions.logIntoBrowser is PASSED

2021-01-29 15:57:20 - [MESSAGE][PASSED] - Keys 'admin@example.com' sent to object: 'Object Repository/LoginAndRigisterUser/UserName_Email_Input'

2021-01-29 15:57:20 - [MESSAGE][PASSED] - Keys 'Aa@12345' sent to object: 'Object Repository/LoginAndRigisterUser/Password_Input'

2021-01-29 15:57:21 - [MESSAGE][PASSED] - Delayed 1 second(s)

2021-01-29 15:57:22 - [MESSAGE][PASSED] - Object 'Object Repository/LoginAndRigisterUser/LoginBtn' is clickable

2021-01-29 15:57:22 - [MESSAGE][INFO] - Clicked on element with JS

2021-01-29 15:57:22 - [MESSAGE][PASSED] - customKeywords.commanFunctions.logIntoBrowser is PASSED

2021-01-29 15:57:22 - [TEST_STEP][PASSED] - customKeywords.commanFunctions.otpLogin(): customKeywords.commanFunctions.otpLogin is PASSED

2021-01-29 15:57:24 - [MESSAGE][PASSED] - Keys '0' sent to object: 'Object Repository/LoginAndRigisterUser/otpOne'

2021-01-29 15:57:25 - [MESSAGE][PASSED] - Keys '0' sent to object: 'Object Repository/LoginAndRigisterUser/otpTwo'

2021-01-29 15:57:27 - [MESSAGE][PASSED] - Keys '0' sent to object: 'Object Repository/LoginAndRigisterUser/otpThree'

2021-01-29 15:57:27 - [MESSAGE][PASSED] - Keys '0' sent to object: 'Object Repository/LoginAndRigisterUser/otpFour'

2021-01-29 15:57:28 - [MESSAGE][PASSED] - Keys '0' sent to object: 'Object Repository/LoginAndRigisterUser/otpFive'

2021-01-29 15:57:29 - [MESSAGE][INFO] - Clicked on element with JS

2021-01-29 15:57:29 - [MESSAGE][PASSED] - customKeywords.commanFunctions.otpLogin is PASSED

2021-01-29 15:57:29 - [TEST_STEP][PASSED] - customKeywords.commanFunctions.logOutAndcloseBrowser(): customKeywords.commanFunctions.logOutAndcloseBrowser is PASSED

2021-01-29 15:57:33 - [MESSAGE][PASSED] - Object 'Object Repository/LoginAndRigisterUser/AdminDD' is clickable

2021-01-29 15:57:35 - [MESSAGE][INFO] - Clicked on element with JS

2021-01-29 15:57:36 - [MESSAGE][INFO] - Clicked on element with JS

2021-01-29 15:57:37 - [MESSAGE][PASSED] - Delayed 1 second(s)

2021-01-29 15:57:38 - [MESSAGE][PASSED] - Browser is closed

2021-01-29 15:57:38 - [MESSAGE][PASSED] - customKeywords.commanFunctions.logOutAndcloseBrowser is PASSED]]></system-out>
         <system-err><![CDATA[]]></system-err>
      </testcase>
      <testcase name="Test Cases/TC_Login_RigisterUserAndForgotYourPassword/TC_RigisterUserWithValidTestDataAndVerify" time="49.875" classname="Test Cases/TC_Login_RigisterUserAndForgotYourPassword/TC_RigisterUserWithValidTestDataAndVerify" status="PASSED">
         <system-out><![CDATA[2021-01-29 15:57:38 - [TEST_CASE][PASSED] - Test Cases/TC_Login_RigisterUserAndForgotYourPassword/TC_RigisterUserWithValidTestDataAndVerify: Test Cases/TC_Login_RigisterUserAndForgotYourPassword/TC_RigisterUserWithValidTestDataAndVerify

2021-01-29 15:57:39 - [TEST_STEP][PASSED] - excelTestData = findTestData("Data Files/TestData/InspectTestData"): null

2021-01-29 15:57:39 - [TEST_STEP][PASSED] - obj = findTestObject("LoginAndRigisterUser/LoginLink"): null

2021-01-29 15:57:39 - [TEST_STEP][PASSED] - RigisterBtn = findTestObject("Object Repository/LoginAndRigisterUser/RegisterBtn"): null

2021-01-29 15:57:39 - [TEST_STEP][PASSED] - CheckBoxTermsAndCondition = findTestObject("Object Repository/LoginAndRigisterUser/Reg_SiteInspectTermsOfUse_CheckBox"): null

2021-01-29 15:57:39 - [TEST_STEP][PASSED] - rigisterHereLink = findTestObject("Object Repository/LoginAndRigisterUser/RigisterHere"): null

2021-01-29 15:57:39 - [TEST_STEP][PASSED] - customKeywords.commanFunctions.openBrowser(): customKeywords.commanFunctions.openBrowser is PASSED

2021-01-29 15:57:39 - [MESSAGE][INFO] - Starting 'Chrome' driver

2021-01-29 15:57:39 - [MESSAGE][INFO] - Action delay is set to 0 milliseconds

2021-01-29 15:57:53 - [MESSAGE][PASSED] - Browser is opened with url: 'https://Inspect.Stage.site.sa'

2021-01-29 15:57:56 - [MESSAGE][PASSED] - Current window maximized

2021-01-29 15:57:56 - [MESSAGE][PASSED] - Wait for page load successfully

2021-01-29 15:57:56 - [MESSAGE][PASSED] - customKeywords.commanFunctions.openBrowser is PASSED

2021-01-29 15:57:56 - [TEST_STEP][PASSED] - waitForElementClickable(findTestObject("LoginAndRigisterUser/LoginLink"), TimeOut): Object 'Object Repository/LoginAndRigisterUser/LoginLink' is clickable

2021-01-29 15:57:56 - [MESSAGE][PASSED] - Object 'Object Repository/LoginAndRigisterUser/LoginLink' is clickable

2021-01-29 15:57:56 - [TEST_STEP][PASSED] - customKeywords.commanFunctions.clickElementWithJS(obj): customKeywords.commanFunctions.clickElementWithJS is PASSED

2021-01-29 15:57:57 - [MESSAGE][INFO] - Clicked on element with JS

2021-01-29 15:57:57 - [MESSAGE][PASSED] - customKeywords.commanFunctions.clickElementWithJS is PASSED

2021-01-29 15:57:57 - [TEST_STEP][PASSED] - customKeywords.commanFunctions.clickElementWithJS(rigisterHereLink): customKeywords.commanFunctions.clickElementWithJS is PASSED

2021-01-29 15:57:58 - [MESSAGE][INFO] - Clicked on element with JS

2021-01-29 15:57:58 - [MESSAGE][PASSED] - customKeywords.commanFunctions.clickElementWithJS is PASSED

2021-01-29 15:57:58 - [TEST_STEP][PASSED] - firstName = excelTestData.getValue(2, 16): null

2021-01-29 15:57:58 - [TEST_STEP][PASSED] - lastName = excelTestData.getValue(3, 16): null

2021-01-29 15:57:58 - [TEST_STEP][PASSED] - mobileNum = excelTestData.getValue(4, 16): null

2021-01-29 15:57:58 - [TEST_STEP][PASSED] - email = excelTestData.getValue(5, 16): null

2021-01-29 15:57:58 - [TEST_STEP][PASSED] - validationMessage = excelTestData.getValue(6, 16): null

2021-01-29 15:57:58 - [TEST_STEP][PASSED] - ClickHereToResendLink = excelTestData.getValue(7, 16): null

2021-01-29 15:57:58 - [TEST_STEP][PASSED] - sendKeys(findTestObject("Object Repository/LoginAndRigisterUser/FirstName_Input"), firstName): Keys 'Ashok' sent to object: 'Object Repository/LoginAndRigisterUser/FirstName_Input'

2021-01-29 15:57:58 - [MESSAGE][PASSED] - Keys 'Ashok' sent to object: 'Object Repository/LoginAndRigisterUser/FirstName_Input'

2021-01-29 15:57:58 - [TEST_STEP][PASSED] - sendKeys(findTestObject("Object Repository/LoginAndRigisterUser/LastName_Input"), lastName): Keys 'Abdul' sent to object: 'Object Repository/LoginAndRigisterUser/LastName_Input'

2021-01-29 15:57:59 - [MESSAGE][PASSED] - Keys 'Abdul' sent to object: 'Object Repository/LoginAndRigisterUser/LastName_Input'

2021-01-29 15:57:59 - [TEST_STEP][PASSED] - RandomNum = customKeywords.commanFunctions.getRandomNumbers(): customKeywords.commanFunctions.getRandomNumbers is PASSED

2021-01-29 15:57:59 - [MESSAGE][PASSED] - customKeywords.commanFunctions.getRandomNumbers is PASSED

2021-01-29 15:57:59 - [TEST_STEP][PASSED] - mobileNumber = "0" + mobileNum + RandomNum: null

2021-01-29 15:57:59 - [TEST_STEP][PASSED] - sendKeys(findTestObject("Object Repository/LoginAndRigisterUser/MobileNumber_Input"), mobileNumber): Keys '0573472222' sent to object: 'Object Repository/LoginAndRigisterUser/MobileNumber_Input'

2021-01-29 15:58:00 - [MESSAGE][PASSED] - Keys '0573472222' sent to object: 'Object Repository/LoginAndRigisterUser/MobileNumber_Input'

2021-01-29 15:58:00 - [TEST_STEP][PASSED] - str = customKeywords.commanFunctions.getRandomAlphaString(4): customKeywords.commanFunctions.getRandomAlphaString is PASSED

2021-01-29 15:58:00 - [MESSAGE][PASSED] - customKeywords.commanFunctions.getRandomAlphaString is PASSED

2021-01-29 15:58:00 - [TEST_STEP][PASSED] - emailID = "test_" + str + "@email.com": null

2021-01-29 15:58:01 - [TEST_STEP][PASSED] - sendKeys(findTestObject("Object Repository/LoginAndRigisterUser/Reg_Email_Input"), emailID): Keys 'test_bxzg@email.com' sent to object: 'Object Repository/LoginAndRigisterUser/Reg_Email_Input'

2021-01-29 15:58:01 - [MESSAGE][PASSED] - Keys 'test_bxzg@email.com' sent to object: 'Object Repository/LoginAndRigisterUser/Reg_Email_Input'

2021-01-29 15:58:01 - [TEST_STEP][PASSED] - sendKeys(findTestObject("Object Repository/LoginAndRigisterUser/ReEnter_Email_Input"), emailID): Keys 'test_bxzg@email.com' sent to object: 'Object Repository/LoginAndRigisterUser/ReEnter_Email_Input'

2021-01-29 15:58:02 - [MESSAGE][PASSED] - Keys 'test_bxzg@email.com' sent to object: 'Object Repository/LoginAndRigisterUser/ReEnter_Email_Input'

2021-01-29 15:58:02 - [TEST_STEP][PASSED] - customKeywords.commanFunctions.clickElementWithJS(CheckBoxTermsAndCondition): customKeywords.commanFunctions.clickElementWithJS is PASSED

2021-01-29 15:58:03 - [MESSAGE][INFO] - Clicked on element with JS

2021-01-29 15:58:03 - [MESSAGE][PASSED] - customKeywords.commanFunctions.clickElementWithJS is PASSED

2021-01-29 15:58:03 - [TEST_STEP][PASSED] - customKeywords.commanFunctions.clickElementWithJS(RigisterBtn): customKeywords.commanFunctions.clickElementWithJS is PASSED

2021-01-29 15:58:04 - [MESSAGE][INFO] - Clicked on element with JS

2021-01-29 15:58:04 - [MESSAGE][PASSED] - customKeywords.commanFunctions.clickElementWithJS is PASSED

2021-01-29 15:58:04 - [TEST_STEP][PASSED] - customKeywords.commanFunctions.otpRigistration(): customKeywords.commanFunctions.otpRigistration is PASSED

2021-01-29 15:58:17 - [MESSAGE][PASSED] - Keys '0' sent to object: 'Object Repository/LoginAndRigisterUser/otpOne'

2021-01-29 15:58:18 - [MESSAGE][PASSED] - Keys '0' sent to object: 'Object Repository/LoginAndRigisterUser/otpTwo'

2021-01-29 15:58:19 - [MESSAGE][PASSED] - Keys '0' sent to object: 'Object Repository/LoginAndRigisterUser/otpThree'

2021-01-29 15:58:20 - [MESSAGE][PASSED] - Keys '0' sent to object: 'Object Repository/LoginAndRigisterUser/otpFour'

2021-01-29 15:58:21 - [MESSAGE][PASSED] - Keys '0' sent to object: 'Object Repository/LoginAndRigisterUser/otpFive'

2021-01-29 15:58:22 - [MESSAGE][INFO] - Clicked on element with JS

2021-01-29 15:58:22 - [MESSAGE][PASSED] - customKeywords.commanFunctions.otpRigistration is PASSED

2021-01-29 15:58:22 - [TEST_STEP][PASSED] - verifyTextPresent(validationMessage, false): Text 'Thank you for your registration. To verify your email, please follow the instructions sent to you by email.' is present on page 

2021-01-29 15:58:24 - [MESSAGE][PASSED] - Text 'Thank you for your registration. To verify your email, please follow the instructions sent to you by email.' is present on page 

2021-01-29 15:58:24 - [TEST_STEP][PASSED] - verifyTextPresent(ClickHereToResendLink, false): Text 'Click here to resend the email' is present on page 

2021-01-29 15:58:25 - [MESSAGE][PASSED] - Text 'Click here to resend the email' is present on page 

2021-01-29 15:58:25 - [TEST_STEP][PASSED] - delay(2): Delayed 2 second(s)

2021-01-29 15:58:27 - [MESSAGE][PASSED] - Delayed 2 second(s)

2021-01-29 15:58:27 - [TEST_STEP][PASSED] - customKeywords.commanFunctions.onlyCloseBrowser(): customKeywords.commanFunctions.onlyCloseBrowser is PASSED

2021-01-29 15:58:28 - [MESSAGE][PASSED] - Browser is closed

2021-01-29 15:58:28 - [MESSAGE][PASSED] - customKeywords.commanFunctions.onlyCloseBrowser is PASSED]]></system-out>
         <system-err><![CDATA[]]></system-err>
      </testcase>
      <system-out><![CDATA[2021-01-29 15:54:48 - [TEST_SUITE][PASSED] - Suite_LogIn_RigisterUserAndForgotPwd_Module: Test Cases/TC_Login_RigisterUserAndForgotYourPassword/TC_RigisterUserWithValidTestDataAndVerify]]></system-out>
      <system-err><![CDATA[]]></system-err>
   </testsuite>
</testsuites>
