<?xml version="1.0" encoding="UTF-8"?>
<testsuites name="Inspect_Regression_Suite" time="2942.969" tests="106" failures="42" skips="0" errors="0">
   <testsuite name="RegisterUser_Regression" tests="30" failures="26" errors="0" time="582.449" skips="0" timestamp="2021-02-19 16:43:32" hostname="ashok - OMTPGCN1132568L" id="Test Suites/Regression_Suite/RegisterUser_Suite/RegisterUser_Regression">
      <properties>
         <property name="deviceName" value=""/>
         <property name="devicePlatform" value=""/>
         <property name="logFolder" value="E:\\Inspect\\15022021\\SiteInspectAutomation\\Reports\\20210219_164318\\Regression_Suite\\RegisterUser_Suite\\RegisterUser_Regression\\20210219_164319"/>
         <property name="logFiles" value="E:\\Inspect\\15022021\\SiteInspectAutomation\\Reports\\20210219_164318\\Regression_Suite\\RegisterUser_Suite\\RegisterUser_Regression\\20210219_164319\\execution0.log"/>
         <property name="attachments" value="E:\\Inspect\\15022021\\SiteInspectAutomation\\Reports\\20210219_164318\\Regression_Suite\\RegisterUser_Suite\\RegisterUser_Regression\\20210219_164319\\1613733368479.png"/>
         <property name="hostName" value="ashok - OMTPGCN1132568L"/>
         <property name="os" value="Windows 10 64bit"/>
         <property name="katalonVersion" value="7.8.2.208"/>
         <property name="browser" value="Chrome 86.0.4240.75"/>
         <property name="hostAddress" value="192.168.1.1"/>
         <property name="sessionId" value="0b77bc9f3527144f25b85f1322b41151"/>
         <property name="seleniumVersion" value="3.141.59"/>
         <property name="proxyInformation" value="ProxyInformation { proxyOption=NO_PROXY, proxyServerType=HTTP, username=, password=********, proxyServerAddress=, proxyServerPort=0, executionList=&quot;&quot;, isApplyToDesiredCapabilities=true }"/>
         <property name="platform" value="Windows 10"/>
      </properties>
      <testcase name="Test Cases/UploadDiffFiles_RegisterUser/TC_As a register user, Upload Adobe PhotoShop File and verify Uploded file in Submission Page" time="49.213" classname="Test Cases/UploadDiffFiles_RegisterUser/TC_As a register user, Upload Adobe PhotoShop File and verify Uploded file in Submission Page" status="FAILED">
         <failure type="FAILED" message="Test Cases/UploadDiffFiles_RegisterUser/TC_As a register user, Upload Adobe PhotoShop File and verify Uploded file in Submission Page FAILED.
Reason:
com.kms.katalon.core.exception.StepFailedException: Unable to send keys '0' to object 'Object Repository/LoginAndRigisterUser/otpTwo'
	at com.kms.katalon.core.webui.keyword.internal.WebUIKeywordMain.stepFailed(WebUIKeywordMain.groovy:64)
	at com.kms.katalon.core.webui.keyword.internal.WebUIKeywordMain.runKeyword(WebUIKeywordMain.groovy:26)
	at com.kms.katalon.core.webui.keyword.builtin.SendKeysKeyword.sendKeys(SendKeysKeyword.groovy:60)
	at com.kms.katalon.core.webui.keyword.builtin.SendKeysKeyword.execute(SendKeysKeyword.groovy:38)
	at com.kms.katalon.core.keyword.internal.KeywordExecutor.executeKeywordForPlatform(KeywordExecutor.groovy:73)
	at com.kms.katalon.core.webui.keyword.WebUiBuiltInKeywords.sendKeys(WebUiBuiltInKeywords.groovy:861)
	at com.kms.katalon.core.webui.keyword.WebUiBuiltInKeywords$sendKeys$4.call(Unknown Source)
	at customKeywords.commanFunctions.otpLogin(commanFunctions.groovy:83)
	at customKeywords.commanFunctions.uploadFileOfRegisterUser(commanFunctions.groovy:755)
	at customKeywords.commanFunctions.invokeMethod(commanFunctions.groovy)
	at com.kms.katalon.core.main.CustomKeywordDelegatingMetaClass.invokeStaticMethod(CustomKeywordDelegatingMetaClass.java:50)
	at TC_As a register user, Upload Adobe PhotoShop File and verify Uploded file in Submission Page.run(TC_As a register user, Upload Adobe PhotoShop File and verify Uploded file in Submission Page:16)
	at com.kms.katalon.core.main.ScriptEngine.run(ScriptEngine.java:194)
	at com.kms.katalon.core.main.ScriptEngine.runScriptAsRawText(ScriptEngine.java:119)
	at com.kms.katalon.core.main.TestCaseExecutor.runScript(TestCaseExecutor.java:394)
	at com.kms.katalon.core.main.TestCaseExecutor.doExecute(TestCaseExecutor.java:385)
	at com.kms.katalon.core.main.TestCaseExecutor.processExecutionPhase(TestCaseExecutor.java:364)
	at com.kms.katalon.core.main.TestCaseExecutor.accessMainPhase(TestCaseExecutor.java:356)
	at com.kms.katalon.core.main.TestCaseExecutor.execute(TestCaseExecutor.java:251)
	at com.kms.katalon.core.main.TestSuiteExecutor.accessTestCaseMainPhase(TestSuiteExecutor.java:203)
	at com.kms.katalon.core.main.TestSuiteExecutor.accessTestSuiteMainPhase(TestSuiteExecutor.java:152)
	at com.kms.katalon.core.main.TestSuiteExecutor.execute(TestSuiteExecutor.java:95)
	at com.kms.katalon.core.main.TestCaseMain.startTestSuite(TestCaseMain.java:157)
	at com.kms.katalon.core.main.TestCaseMain$startTestSuite$0.call(Unknown Source)
	at TempTestSuite1613733199540.run(TempTestSuite1613733199540.groovy:39)
Caused by: org.openqa.selenium.WebDriverException: chrome not reachable
  (Session info: chrome=86.0.4240.75)
Build info: version: '3.141.59', revision: 'e82be7d358', time: '2018-11-14T08:25:53'
System info: host: 'OMTPGCN1132568L', ip: '192.168.1.1', os.name: 'Windows 10', os.arch: 'amd64', os.version: '10.0', java.version: '1.8.0_181'
Driver info: com.kms.katalon.selenium.driver.CChromeDriver
Capabilities {acceptInsecureCerts: false, browserName: chrome, browserVersion: 86.0.4240.75, chrome: {chromedriverVersion: 86.0.4240.22 (398b0743353ff..., userDataDir: C:\Users\ashok\AppData\Loca...}, goog:chromeOptions: {debuggerAddress: localhost:50604}, javascriptEnabled: true, networkConnectionEnabled: false, pageLoadStrategy: normal, platform: WINDOWS, platformName: WINDOWS, proxy: Proxy(), setWindowRect: true, strictFileInteractability: false, timeouts: {implicit: 0, pageLoad: 300000, script: 30000}, unhandledPromptBehavior: dismiss and notify, webauthn:virtualAuthenticators: true}
Session ID: c9b590d537a02cd133b1ae1555c423ff
*** Element info: {Using=xpath, value=//*[@id='otp_2']}
	at org.openqa.selenium.remote.http.W3CHttpResponseCodec.createException(W3CHttpResponseCodec.java:187)
	at org.openqa.selenium.remote.http.W3CHttpResponseCodec.decode(W3CHttpResponseCodec.java:122)
	at org.openqa.selenium.remote.http.W3CHttpResponseCodec.decode(W3CHttpResponseCodec.java:49)
	at org.openqa.selenium.remote.HttpCommandExecutor.execute(HttpCommandExecutor.java:158)
	at org.openqa.selenium.remote.service.DriverCommandExecutor.execute(DriverCommandExecutor.java:83)
	at org.openqa.selenium.remote.RemoteWebDriver.execute(RemoteWebDriver.java:552)
	at com.kms.katalon.selenium.driver.CChromeDriver.execute(CChromeDriver.java:19)
	at org.openqa.selenium.remote.RemoteWebDriver.findElements(RemoteWebDriver.java:353)
	at org.openqa.selenium.remote.RemoteWebDriver.findElementsByXPath(RemoteWebDriver.java:432)
	at org.openqa.selenium.By$ByXPath.findElements(By.java:348)
	at org.openqa.selenium.remote.RemoteWebDriver.findElements(RemoteWebDriver.java:311)
	at org.openqa.selenium.support.events.EventFiringWebDriver.lambda$new$1(EventFiringWebDriver.java:105)
	at com.sun.proxy.$Proxy11.findElements(Unknown Source)
	at org.openqa.selenium.support.events.EventFiringWebDriver.findElements(EventFiringWebDriver.java:182)
	at com.kms.katalon.core.webui.common.WebUiCommonHelper.findElementByNormalMethods(WebUiCommonHelper.java:1014)
	at com.kms.katalon.core.webui.common.WebUiCommonHelper.findElementsBySelectedMethod(WebUiCommonHelper.java:903)
	at com.kms.katalon.core.webui.common.WebUiCommonHelper.findElementsBySelectedMethod(WebUiCommonHelper.java:892)
	at com.kms.katalon.core.webui.common.WebUiCommonHelper.findElementsBySelectedMethod(WebUiCommonHelper.java:887)
	at com.kms.katalon.core.webui.common.WebUiCommonHelper.findElementsByDefault(WebUiCommonHelper.java:883)
	at com.kms.katalon.core.webui.common.WebUiCommonHelper.findElementsWithSelfHealing(WebUiCommonHelper.java:733)
	at com.kms.katalon.core.webui.common.WebUiCommonHelper.findWebElements(WebUiCommonHelper.java:718)
	at com.kms.katalon.core.webui.common.WebUiCommonHelper.findWebElement(WebUiCommonHelper.java:1364)
	at com.kms.katalon.core.webui.keyword.internal.WebUIAbstractKeyword.findWebElement(WebUIAbstractKeyword.groovy:27)
	at com.kms.katalon.core.webui.keyword.internal.WebUIAbstractKeyword.findWebElement(WebUIAbstractKeyword.groovy:26)
	at com.kms.katalon.core.webui.keyword.builtin.SendKeysKeyword$_sendKeys_closure1.doCall(SendKeysKeyword.groovy:52)
	at com.kms.katalon.core.webui.keyword.builtin.SendKeysKeyword$_sendKeys_closure1.call(SendKeysKeyword.groovy)
	at com.kms.katalon.core.webui.keyword.internal.WebUIKeywordMain.runKeyword(WebUIKeywordMain.groovy:20)
	... 23 more
"/>
         <system-out><![CDATA[2021-02-19 16:43:33 - [TEST_CASE][FAILED] - Test Cases/UploadDiffFiles_RegisterUser/TC_As a register user, Upload Adobe PhotoShop File and verify Uploded file in Submission Page: Test Cases/UploadDiffFiles_RegisterUser/TC_As a register user, Upload Adobe PhotoShop File and verify Uploded file in Submission Page FAILED.
Reason:
com.kms.katalon.core.exception.StepFailedException: Unable to send keys '0' to object 'Object Repository/LoginAndRigisterUser/otpTwo'
	at com.kms.katalon.core.webui.keyword.internal.WebUIKeywordMain.stepFailed(WebUIKeywordMain.groovy:64)
	at com.kms.katalon.core.webui.keyword.internal.WebUIKeywordMain.runKeyword(WebUIKeywordMain.groovy:26)
	at com.kms.katalon.core.webui.keyword.builtin.SendKeysKeyword.sendKeys(SendKeysKeyword.groovy:60)
	at com.kms.katalon.core.webui.keyword.builtin.SendKeysKeyword.execute(SendKeysKeyword.groovy:38)
	at com.kms.katalon.core.keyword.internal.KeywordExecutor.executeKeywordForPlatform(KeywordExecutor.groovy:73)
	at com.kms.katalon.core.webui.keyword.WebUiBuiltInKeywords.sendKeys(WebUiBuiltInKeywords.groovy:861)
	at com.kms.katalon.core.webui.keyword.WebUiBuiltInKeywords$sendKeys$4.call(Unknown Source)
	at customKeywords.commanFunctions.otpLogin(commanFunctions.groovy:83)
	at customKeywords.commanFunctions.uploadFileOfRegisterUser(commanFunctions.groovy:755)
	at customKeywords.commanFunctions.invokeMethod(commanFunctions.groovy)
	at com.kms.katalon.core.main.CustomKeywordDelegatingMetaClass.invokeStaticMethod(CustomKeywordDelegatingMetaClass.java:50)
	at TC_As a register user, Upload Adobe PhotoShop File and verify Uploded file in Submission Page.run(TC_As a register user, Upload Adobe PhotoShop File and verify Uploded file in Submission Page:16)
	at com.kms.katalon.core.main.ScriptEngine.run(ScriptEngine.java:194)
	at com.kms.katalon.core.main.ScriptEngine.runScriptAsRawText(ScriptEngine.java:119)
	at com.kms.katalon.core.main.TestCaseExecutor.runScript(TestCaseExecutor.java:394)
	at com.kms.katalon.core.main.TestCaseExecutor.doExecute(TestCaseExecutor.java:385)
	at com.kms.katalon.core.main.TestCaseExecutor.processExecutionPhase(TestCaseExecutor.java:364)
	at com.kms.katalon.core.main.TestCaseExecutor.accessMainPhase(TestCaseExecutor.java:356)
	at com.kms.katalon.core.main.TestCaseExecutor.execute(TestCaseExecutor.java:251)
	at com.kms.katalon.core.main.TestSuiteExecutor.accessTestCaseMainPhase(TestSuiteExecutor.java:203)
	at com.kms.katalon.core.main.TestSuiteExecutor.accessTestSuiteMainPhase(TestSuiteExecutor.java:152)
	at com.kms.katalon.core.main.TestSuiteExecutor.execute(TestSuiteExecutor.java:95)
	at com.kms.katalon.core.main.TestCaseMain.startTestSuite(TestCaseMain.java:157)
	at com.kms.katalon.core.main.TestCaseMain$startTestSuite$0.call(Unknown Source)
	at TempTestSuite1613733199540.run(TempTestSuite1613733199540.groovy:39)
Caused by: org.openqa.selenium.WebDriverException: chrome not reachable
  (Session info: chrome=86.0.4240.75)
Build info: version: '3.141.59', revision: 'e82be7d358', time: '2018-11-14T08:25:53'
System info: host: 'OMTPGCN1132568L', ip: '192.168.1.1', os.name: 'Windows 10', os.arch: 'amd64', os.version: '10.0', java.version: '1.8.0_181'
Driver info: com.kms.katalon.selenium.driver.CChromeDriver
Capabilities {acceptInsecureCerts: false, browserName: chrome, browserVersion: 86.0.4240.75, chrome: {chromedriverVersion: 86.0.4240.22 (398b0743353ff..., userDataDir: C:\Users\ashok\AppData\Loca...}, goog:chromeOptions: {debuggerAddress: localhost:50604}, javascriptEnabled: true, networkConnectionEnabled: false, pageLoadStrategy: normal, platform: WINDOWS, platformName: WINDOWS, proxy: Proxy(), setWindowRect: true, strictFileInteractability: false, timeouts: {implicit: 0, pageLoad: 300000, script: 30000}, unhandledPromptBehavior: dismiss and notify, webauthn:virtualAuthenticators: true}
Session ID: c9b590d537a02cd133b1ae1555c423ff
*** Element info: {Using=xpath, value=//*[@id='otp_2']}
	at org.openqa.selenium.remote.http.W3CHttpResponseCodec.createException(W3CHttpResponseCodec.java:187)
	at org.openqa.selenium.remote.http.W3CHttpResponseCodec.decode(W3CHttpResponseCodec.java:122)
	at org.openqa.selenium.remote.http.W3CHttpResponseCodec.decode(W3CHttpResponseCodec.java:49)
	at org.openqa.selenium.remote.HttpCommandExecutor.execute(HttpCommandExecutor.java:158)
	at org.openqa.selenium.remote.service.DriverCommandExecutor.execute(DriverCommandExecutor.java:83)
	at org.openqa.selenium.remote.RemoteWebDriver.execute(RemoteWebDriver.java:552)
	at com.kms.katalon.selenium.driver.CChromeDriver.execute(CChromeDriver.java:19)
	at org.openqa.selenium.remote.RemoteWebDriver.findElements(RemoteWebDriver.java:353)
	at org.openqa.selenium.remote.RemoteWebDriver.findElementsByXPath(RemoteWebDriver.java:432)
	at org.openqa.selenium.By$ByXPath.findElements(By.java:348)
	at org.openqa.selenium.remote.RemoteWebDriver.findElements(RemoteWebDriver.java:311)
	at org.openqa.selenium.support.events.EventFiringWebDriver.lambda$new$1(EventFiringWebDriver.java:105)
	at com.sun.proxy.$Proxy11.findElements(Unknown Source)
	at org.openqa.selenium.support.events.EventFiringWebDriver.findElements(EventFiringWebDriver.java:182)
	at com.kms.katalon.core.webui.common.WebUiCommonHelper.findElementByNormalMethods(WebUiCommonHelper.java:1014)
	at com.kms.katalon.core.webui.common.WebUiCommonHelper.findElementsBySelectedMethod(WebUiCommonHelper.java:903)
	at com.kms.katalon.core.webui.common.WebUiCommonHelper.findElementsBySelectedMethod(WebUiCommonHelper.java:892)
	at com.kms.katalon.core.webui.common.WebUiCommonHelper.findElementsBySelectedMethod(WebUiCommonHelper.java:887)
	at com.kms.katalon.core.webui.common.WebUiCommonHelper.findElementsByDefault(WebUiCommonHelper.java:883)
	at com.kms.katalon.core.webui.common.WebUiCommonHelper.findElementsWithSelfHealing(WebUiCommonHelper.java:733)
	at com.kms.katalon.core.webui.common.WebUiCommonHelper.findWebElements(WebUiCommonHelper.java:718)
	at com.kms.katalon.core.webui.common.WebUiCommonHelper.findWebElement(WebUiCommonHelper.java:1364)
	at com.kms.katalon.core.webui.keyword.internal.WebUIAbstractKeyword.findWebElement(WebUIAbstractKeyword.groovy:27)
	at com.kms.katalon.core.webui.keyword.internal.WebUIAbstractKeyword.findWebElement(WebUIAbstractKeyword.groovy:26)
	at com.kms.katalon.core.webui.keyword.builtin.SendKeysKeyword$_sendKeys_closure1.doCall(SendKeysKeyword.groovy:52)
	at com.kms.katalon.core.webui.keyword.builtin.SendKeysKeyword$_sendKeys_closure1.call(SendKeysKeyword.groovy)
	at com.kms.katalon.core.webui.keyword.internal.WebUIKeywordMain.runKeyword(WebUIKeywordMain.groovy:20)
	... 23 more


2021-02-19 16:43:34 - [TEST_STEP][PASSED] - excelTestData = findTestData("Data Files/TestData/InspectTestData"): null

2021-02-19 16:43:34 - [TEST_STEP][PASSED] - rigisterUN = excelTestData.getValue(6, 23): null

2021-02-19 16:43:34 - [TEST_STEP][PASSED] - rigisterPW = excelTestData.getValue(3, 23): null

2021-02-19 16:43:34 - [TEST_STEP][FAILED] - customKeywords.commanFunctions.uploadFileOfRegisterUser(309, rigisterUN, rigisterPW): Unable to send keys '0' to object 'Object Repository/LoginAndRigisterUser/otpTwo'

2021-02-19 16:43:35 - [MESSAGE][INFO] - Starting 'Chrome' driver

2021-02-19 16:43:35 - [MESSAGE][INFO] - Action delay is set to 0 milliseconds

2021-02-19 16:43:45 - [MESSAGE][PASSED] - Browser is opened with url: 'https://Inspect.Stage.site.sa'

2021-02-19 16:43:47 - [MESSAGE][PASSED] - Current window maximized

2021-02-19 16:43:47 - [MESSAGE][PASSED] - Wait for page load successfully

2021-02-19 16:43:48 - [MESSAGE][PASSED] - Object 'Object Repository/LoginAndRigisterUser/LoginLink' is clickable

2021-02-19 16:43:48 - [MESSAGE][INFO] - Clicked on element with JS

2021-02-19 16:43:49 - [MESSAGE][PASSED] - Keys 'Os-anelapatla@projects.site.sa' sent to object: 'Object Repository/LoginAndRigisterUser/UserName_Email_Input'

2021-02-19 16:43:49 - [MESSAGE][PASSED] - Keys 'Test@12345' sent to object: 'Object Repository/LoginAndRigisterUser/Password_Input'

2021-02-19 16:43:50 - [MESSAGE][PASSED] - Delayed 1 second(s)

2021-02-19 16:43:50 - [MESSAGE][PASSED] - Object 'Object Repository/LoginAndRigisterUser/LoginBtn' is clickable

2021-02-19 16:43:51 - [MESSAGE][INFO] - Clicked on element with JS

2021-02-19 16:43:53 - [MESSAGE][PASSED] - Keys '0' sent to object: 'Object Repository/LoginAndRigisterUser/otpOne'

2021-02-19 16:44:10 - [MESSAGE][WARNING] - [SELF-HEALING] Failed to find element with id 'Object Repository/LoginAndRigisterUser/otpTwo'. Try using Self-healing.

2021-02-19 16:44:10 - [MESSAGE][ERROR] - [SELF-HEALING] java.lang.IllegalStateException: Expected BEGIN_OBJECT but was STRING at line 1 column 1 path $

2021-02-19 16:44:10 - [MESSAGE][WARNING] - [SELF-HEALING] Cannot find elements when the XPath is null.

2021-02-19 16:44:10 - [MESSAGE][WARNING] - [SELF-HEALING] Cannot find elements when the selector is null

2021-02-19 16:44:22 - [MESSAGE][WARNING] - Cannot take screenshot

2021-02-19 16:44:22 - [MESSAGE][FAILED] - Unable to send keys '0' to object 'Object Repository/LoginAndRigisterUser/otpTwo' (Root cause: com.kms.katalon.core.exception.StepFailedException: Unable to send keys '0' to object 'Object Repository/LoginAndRigisterUser/otpTwo'
	at com.kms.katalon.core.webui.keyword.internal.WebUIKeywordMain.stepFailed(WebUIKeywordMain.groovy:64)
	at com.kms.katalon.core.webui.keyword.internal.WebUIKeywordMain.runKeyword(WebUIKeywordMain.groovy:26)
	at com.kms.katalon.core.webui.keyword.builtin.SendKeysKeyword.sendKeys(SendKeysKeyword.groovy:60)
	at com.kms.katalon.core.webui.keyword.builtin.SendKeysKeyword.execute(SendKeysKeyword.groovy:38)
	at com.kms.katalon.core.keyword.internal.KeywordExecutor.executeKeywordForPlatform(KeywordExecutor.groovy:73)
	at com.kms.katalon.core.webui.keyword.WebUiBuiltInKeywords.sendKeys(WebUiBuiltInKeywords.groovy:861)
	at com.kms.katalon.core.webui.keyword.WebUiBuiltInKeywords$sendKeys$4.call(Unknown Source)
	at customKeywords.commanFunctions.otpLogin(commanFunctions.groovy:83)
	at customKeywords.commanFunctions.uploadFileOfRegisterUser(commanFunctions.groovy:755)
	at customKeywords.commanFunctions.invokeMethod(commanFunctions.groovy)
	at com.kms.katalon.core.main.CustomKeywordDelegatingMetaClass.invokeStaticMethod(CustomKeywordDelegatingMetaClass.java:50)
	at TC_As a register user, Upload Adobe PhotoShop File and verify Uploded file in Submission Page.run(TC_As a register user, Upload Adobe PhotoShop File and verify Uploded file in Submission Page:16)
	at com.kms.katalon.core.main.ScriptEngine.run(ScriptEngine.java:194)
	at com.kms.katalon.core.main.ScriptEngine.runScriptAsRawText(ScriptEngine.java:119)
	at com.kms.katalon.core.main.TestCaseExecutor.runScript(TestCaseExecutor.java:394)
	at com.kms.katalon.core.main.TestCaseExecutor.doExecute(TestCaseExecutor.java:385)
	at com.kms.katalon.core.main.TestCaseExecutor.processExecutionPhase(TestCaseExecutor.java:364)
	at com.kms.katalon.core.main.TestCaseExecutor.accessMainPhase(TestCaseExecutor.java:356)
	at com.kms.katalon.core.main.TestCaseExecutor.execute(TestCaseExecutor.java:251)
	at com.kms.katalon.core.main.TestSuiteExecutor.accessTestCaseMainPhase(TestSuiteExecutor.java:203)
	at com.kms.katalon.core.main.TestSuiteExecutor.accessTestSuiteMainPhase(TestSuiteExecutor.java:152)
	at com.kms.katalon.core.main.TestSuiteExecutor.execute(TestSuiteExecutor.java:95)
	at com.kms.katalon.core.main.TestCaseMain.startTestSuite(TestCaseMain.java:157)
	at com.kms.katalon.core.main.TestCaseMain$startTestSuite$0.call(Unknown Source)
	at TempTestSuite1613733199540.run(TempTestSuite1613733199540.groovy:39)
Caused by: org.openqa.selenium.WebDriverException: chrome not reachable
  (Session info: chrome=86.0.4240.75)
Build info: version: '3.141.59', revision: 'e82be7d358', time: '2018-11-14T08:25:53'
System info: host: 'OMTPGCN1132568L', ip: '192.168.1.1', os.name: 'Windows 10', os.arch: 'amd64', os.version: '10.0', java.version: '1.8.0_181'
Driver info: com.kms.katalon.selenium.driver.CChromeDriver
Capabilities {acceptInsecureCerts: false, browserName: chrome, browserVersion: 86.0.4240.75, chrome: {chromedriverVersion: 86.0.4240.22 (398b0743353ff..., userDataDir: C:\Users\ashok\AppData\Loca...}, goog:chromeOptions: {debuggerAddress: localhost:50604}, javascriptEnabled: true, networkConnectionEnabled: false, pageLoadStrategy: normal, platform: WINDOWS, platformName: WINDOWS, proxy: Proxy(), setWindowRect: true, strictFileInteractability: false, timeouts: {implicit: 0, pageLoad: 300000, script: 30000}, unhandledPromptBehavior: dismiss and notify, webauthn:virtualAuthenticators: true}
Session ID: c9b590d537a02cd133b1ae1555c423ff
*** Element info: {Using=xpath, value=//*[@id='otp_2']}
	at org.openqa.selenium.remote.http.W3CHttpResponseCodec.createException(W3CHttpResponseCodec.java:187)
	at org.openqa.selenium.remote.http.W3CHttpResponseCodec.decode(W3CHttpResponseCodec.java:122)
	at org.openqa.selenium.remote.http.W3CHttpResponseCodec.decode(W3CHttpResponseCodec.java:49)
	at org.openqa.selenium.remote.HttpCommandExecutor.execute(HttpCommandExecutor.java:158)
	at org.openqa.selenium.remote.service.DriverCommandExecutor.execute(DriverCommandExecutor.java:83)
	at org.openqa.selenium.remote.RemoteWebDriver.execute(RemoteWebDriver.java:552)
	at com.kms.katalon.selenium.driver.CChromeDriver.execute(CChromeDriver.java:19)
	at org.openqa.selenium.remote.RemoteWebDriver.findElements(RemoteWebDriver.java:353)
	at org.openqa.selenium.remote.RemoteWebDriver.findElementsByXPath(RemoteWebDriver.java:432)
	at org.openqa.selenium.By$ByXPath.findElements(By.java:348)
	at org.openqa.selenium.remote.RemoteWebDriver.findElements(RemoteWebDriver.java:311)
	at org.openqa.selenium.support.events.EventFiringWebDriver.lambda$new$1(EventFiringWebDriver.java:105)
	at com.sun.proxy.$Proxy11.findElements(Unknown Source)
	at org.openqa.selenium.support.events.EventFiringWebDriver.findElements(EventFiringWebDriver.java:182)
	at com.kms.katalon.core.webui.common.WebUiCommonHelper.findElementByNormalMethods(WebUiCommonHelper.java:1014)
	at com.kms.katalon.core.webui.common.WebUiCommonHelper.findElementsBySelectedMethod(WebUiCommonHelper.java:903)
	at com.kms.katalon.core.webui.common.WebUiCommonHelper.findElementsBySelectedMethod(WebUiCommonHelper.java:892)
	at com.kms.katalon.core.webui.common.WebUiCommonHelper.findElementsBySelectedMethod(WebUiCommonHelper.java:887)
	at com.kms.katalon.core.webui.common.WebUiCommonHelper.findElementsByDefault(WebUiCommonHelper.java:883)
	at com.kms.katalon.core.webui.common.WebUiCommonHelper.findElementsWithSelfHealing(WebUiCommonHelper.java:733)
	at com.kms.katalon.core.webui.common.WebUiCommonHelper.findWebElements(WebUiCommonHelper.java:718)
	at com.kms.katalon.core.webui.common.WebUiCommonHelper.findWebElement(WebUiCommonHelper.java:1364)
	at com.kms.katalon.core.webui.keyword.internal.WebUIAbstractKeyword.findWebElement(WebUIAbstractKeyword.groovy:27)
	at com.kms.katalon.core.webui.keyword.internal.WebUIAbstractKeyword.findWebElement(WebUIAbstractKeyword.groovy:26)
	at com.kms.katalon.core.webui.keyword.builtin.SendKeysKeyword$_sendKeys_closure1.doCall(SendKeysKeyword.groovy:52)
	at com.kms.katalon.core.webui.keyword.builtin.SendKeysKeyword$_sendKeys_closure1.call(SendKeysKeyword.groovy)
	at com.kms.katalon.core.webui.keyword.internal.WebUIKeywordMain.runKeyword(WebUIKeywordMain.groovy:20)
	at com.kms.katalon.core.webui.keyword.builtin.SendKeysKeyword.sendKeys(SendKeysKeyword.groovy:60)
	at com.kms.katalon.core.webui.keyword.builtin.SendKeysKeyword.execute(SendKeysKeyword.groovy:38)
	at com.kms.katalon.core.keyword.internal.KeywordExecutor.executeKeywordForPlatform(KeywordExecutor.groovy:73)
	at com.kms.katalon.core.webui.keyword.WebUiBuiltInKeywords.sendKeys(WebUiBuiltInKeywords.groovy:861)
	at com.kms.katalon.core.webui.keyword.WebUiBuiltInKeywords$sendKeys$4.call(Unknown Source)
	at customKeywords.commanFunctions.otpLogin(commanFunctions.groovy:83)
	at customKeywords.commanFunctions.uploadFileOfRegisterUser(commanFunctions.groovy:755)
	at customKeywords.commanFunctions.invokeMethod(commanFunctions.groovy)
	at com.kms.katalon.core.main.CustomKeywordDelegatingMetaClass.invokeStaticMethod(CustomKeywordDelegatingMetaClass.java:50)
	at Script1613386314748.run(Script1613386314748.groovy:16)
	... 13 more
)

2021-02-19 16:44:22 - [MESSAGE][FAILED] - Unable to send keys '0' to object 'Object Repository/LoginAndRigisterUser/otpTwo'

2021-02-19 16:44:22 - [TEST_STEP][PASSED] - Start tear down : tearDownMethodIfFailed: Method 'tearDownMethodIfFailed' complete successfully

2021-02-19 16:44:22 - [TEST_STEP][PASSED] - customKeywords.commanFunctions.onlyCloseBrowser(): customKeywords.commanFunctions.onlyCloseBrowser is PASSED

2021-02-19 16:44:23 - [MESSAGE][PASSED] - Browser is closed

2021-02-19 16:44:23 - [MESSAGE][PASSED] - customKeywords.commanFunctions.onlyCloseBrowser is PASSED

2021-02-19 16:44:23 - [TEST_STEP][PASSED] - logInfo("[--------This is tearDownIfFailed method------]"): [--------This is tearDownIfFailed method------]

2021-02-19 16:44:23 - [MESSAGE][INFO] - [--------This is tearDownIfFailed method------]

2021-02-19 16:44:23 - [MESSAGE][PASSED] - Method 'tearDownMethodIfFailed' complete successfully]]></system-out>
         <system-err><![CDATA[2021-02-19 16:43:33 - [TEST_CASE][FAILED] - Test Cases/UploadDiffFiles_RegisterUser/TC_As a register user, Upload Adobe PhotoShop File and verify Uploded file in Submission Page: Test Cases/UploadDiffFiles_RegisterUser/TC_As a register user, Upload Adobe PhotoShop File and verify Uploded file in Submission Page FAILED.
Reason:
com.kms.katalon.core.exception.StepFailedException: Unable to send keys '0' to object 'Object Repository/LoginAndRigisterUser/otpTwo'
	at com.kms.katalon.core.webui.keyword.internal.WebUIKeywordMain.stepFailed(WebUIKeywordMain.groovy:64)
	at com.kms.katalon.core.webui.keyword.internal.WebUIKeywordMain.runKeyword(WebUIKeywordMain.groovy:26)
	at com.kms.katalon.core.webui.keyword.builtin.SendKeysKeyword.sendKeys(SendKeysKeyword.groovy:60)
	at com.kms.katalon.core.webui.keyword.builtin.SendKeysKeyword.execute(SendKeysKeyword.groovy:38)
	at com.kms.katalon.core.keyword.internal.KeywordExecutor.executeKeywordForPlatform(KeywordExecutor.groovy:73)
	at com.kms.katalon.core.webui.keyword.WebUiBuiltInKeywords.sendKeys(WebUiBuiltInKeywords.groovy:861)
	at com.kms.katalon.core.webui.keyword.WebUiBuiltInKeywords$sendKeys$4.call(Unknown Source)
	at customKeywords.commanFunctions.otpLogin(commanFunctions.groovy:83)
	at customKeywords.commanFunctions.uploadFileOfRegisterUser(commanFunctions.groovy:755)
	at customKeywords.commanFunctions.invokeMethod(commanFunctions.groovy)
	at com.kms.katalon.core.main.CustomKeywordDelegatingMetaClass.invokeStaticMethod(CustomKeywordDelegatingMetaClass.java:50)
	at TC_As a register user, Upload Adobe PhotoShop File and verify Uploded file in Submission Page.run(TC_As a register user, Upload Adobe PhotoShop File and verify Uploded file in Submission Page:16)
	at com.kms.katalon.core.main.ScriptEngine.run(ScriptEngine.java:194)
	at com.kms.katalon.core.main.ScriptEngine.runScriptAsRawText(ScriptEngine.java:119)
	at com.kms.katalon.core.main.TestCaseExecutor.runScript(TestCaseExecutor.java:394)
	at com.kms.katalon.core.main.TestCaseExecutor.doExecute(TestCaseExecutor.java:385)
	at com.kms.katalon.core.main.TestCaseExecutor.processExecutionPhase(TestCaseExecutor.java:364)
	at com.kms.katalon.core.main.TestCaseExecutor.accessMainPhase(TestCaseExecutor.java:356)
	at com.kms.katalon.core.main.TestCaseExecutor.execute(TestCaseExecutor.java:251)
	at com.kms.katalon.core.main.TestSuiteExecutor.accessTestCaseMainPhase(TestSuiteExecutor.java:203)
	at com.kms.katalon.core.main.TestSuiteExecutor.accessTestSuiteMainPhase(TestSuiteExecutor.java:152)
	at com.kms.katalon.core.main.TestSuiteExecutor.execute(TestSuiteExecutor.java:95)
	at com.kms.katalon.core.main.TestCaseMain.startTestSuite(TestCaseMain.java:157)
	at com.kms.katalon.core.main.TestCaseMain$startTestSuite$0.call(Unknown Source)
	at TempTestSuite1613733199540.run(TempTestSuite1613733199540.groovy:39)
Caused by: org.openqa.selenium.WebDriverException: chrome not reachable
  (Session info: chrome=86.0.4240.75)
Build info: version: '3.141.59', revision: 'e82be7d358', time: '2018-11-14T08:25:53'
System info: host: 'OMTPGCN1132568L', ip: '192.168.1.1', os.name: 'Windows 10', os.arch: 'amd64', os.version: '10.0', java.version: '1.8.0_181'
Driver info: com.kms.katalon.selenium.driver.CChromeDriver
Capabilities {acceptInsecureCerts: false, browserName: chrome, browserVersion: 86.0.4240.75, chrome: {chromedriverVersion: 86.0.4240.22 (398b0743353ff..., userDataDir: C:\Users\ashok\AppData\Loca...}, goog:chromeOptions: {debuggerAddress: localhost:50604}, javascriptEnabled: true, networkConnectionEnabled: false, pageLoadStrategy: normal, platform: WINDOWS, platformName: WINDOWS, proxy: Proxy(), setWindowRect: true, strictFileInteractability: false, timeouts: {implicit: 0, pageLoad: 300000, script: 30000}, unhandledPromptBehavior: dismiss and notify, webauthn:virtualAuthenticators: true}
Session ID: c9b590d537a02cd133b1ae1555c423ff
*** Element info: {Using=xpath, value=//*[@id='otp_2']}
	at org.openqa.selenium.remote.http.W3CHttpResponseCodec.createException(W3CHttpResponseCodec.java:187)
	at org.openqa.selenium.remote.http.W3CHttpResponseCodec.decode(W3CHttpResponseCodec.java:122)
	at org.openqa.selenium.remote.http.W3CHttpResponseCodec.decode(W3CHttpResponseCodec.java:49)
	at org.openqa.selenium.remote.HttpCommandExecutor.execute(HttpCommandExecutor.java:158)
	at org.openqa.selenium.remote.service.DriverCommandExecutor.execute(DriverCommandExecutor.java:83)
	at org.openqa.selenium.remote.RemoteWebDriver.execute(RemoteWebDriver.java:552)
	at com.kms.katalon.selenium.driver.CChromeDriver.execute(CChromeDriver.java:19)
	at org.openqa.selenium.remote.RemoteWebDriver.findElements(RemoteWebDriver.java:353)
	at org.openqa.selenium.remote.RemoteWebDriver.findElementsByXPath(RemoteWebDriver.java:432)
	at org.openqa.selenium.By$ByXPath.findElements(By.java:348)
	at org.openqa.selenium.remote.RemoteWebDriver.findElements(RemoteWebDriver.java:311)
	at org.openqa.selenium.support.events.EventFiringWebDriver.lambda$new$1(EventFiringWebDriver.java:105)
	at com.sun.proxy.$Proxy11.findElements(Unknown Source)
	at org.openqa.selenium.support.events.EventFiringWebDriver.findElements(EventFiringWebDriver.java:182)
	at com.kms.katalon.core.webui.common.WebUiCommonHelper.findElementByNormalMethods(WebUiCommonHelper.java:1014)
	at com.kms.katalon.core.webui.common.WebUiCommonHelper.findElementsBySelectedMethod(WebUiCommonHelper.java:903)
	at com.kms.katalon.core.webui.common.WebUiCommonHelper.findElementsBySelectedMethod(WebUiCommonHelper.java:892)
	at com.kms.katalon.core.webui.common.WebUiCommonHelper.findElementsBySelectedMethod(WebUiCommonHelper.java:887)
	at com.kms.katalon.core.webui.common.WebUiCommonHelper.findElementsByDefault(WebUiCommonHelper.java:883)
	at com.kms.katalon.core.webui.common.WebUiCommonHelper.findElementsWithSelfHealing(WebUiCommonHelper.java:733)
	at com.kms.katalon.core.webui.common.WebUiCommonHelper.findWebElements(WebUiCommonHelper.java:718)
	at com.kms.katalon.core.webui.common.WebUiCommonHelper.findWebElement(WebUiCommonHelper.java:1364)
	at com.kms.katalon.core.webui.keyword.internal.WebUIAbstractKeyword.findWebElement(WebUIAbstractKeyword.groovy:27)
	at com.kms.katalon.core.webui.keyword.internal.WebUIAbstractKeyword.findWebElement(WebUIAbstractKeyword.groovy:26)
	at com.kms.katalon.core.webui.keyword.builtin.SendKeysKeyword$_sendKeys_closure1.doCall(SendKeysKeyword.groovy:52)
	at com.kms.katalon.core.webui.keyword.builtin.SendKeysKeyword$_sendKeys_closure1.call(SendKeysKeyword.groovy)
	at com.kms.katalon.core.webui.keyword.internal.WebUIKeywordMain.runKeyword(WebUIKeywordMain.groovy:20)
	... 23 more]]></system-err>
      </testcase>
      <testcase name="Test Cases/UploadDiffFiles_RegisterUser/TC_As a register user, Upload Basic Audio File and verify Uploded file in Submission Page" time="13.846" classname="Test Cases/UploadDiffFiles_RegisterUser/TC_As a register user, Upload Basic Audio File and verify Uploded file in Submission Page" status="FAILED">
         <failure type="FAILED" message="Test Cases/UploadDiffFiles_RegisterUser/TC_As a register user, Upload Basic Audio File and verify Uploded file in Submission Page FAILED.
Reason:
com.kms.katalon.core.exception.StepFailedException: Unable to open browser with url: 'https://Inspect.Stage.site.sa'
	at com.kms.katalon.core.webui.keyword.internal.WebUIKeywordMain.stepFailed(WebUIKeywordMain.groovy:64)
	at com.kms.katalon.core.webui.keyword.internal.WebUIKeywordMain.runKeyword(WebUIKeywordMain.groovy:26)
	at com.kms.katalon.core.webui.keyword.builtin.OpenBrowserKeyword.openBrowser(OpenBrowserKeyword.groovy:81)
	at com.kms.katalon.core.webui.keyword.builtin.OpenBrowserKeyword.execute(OpenBrowserKeyword.groovy:67)
	at com.kms.katalon.core.keyword.internal.KeywordExecutor.executeKeywordForPlatform(KeywordExecutor.groovy:73)
	at com.kms.katalon.core.webui.keyword.WebUiBuiltInKeywords.openBrowser(WebUiBuiltInKeywords.groovy:61)
	at com.kms.katalon.core.webui.keyword.WebUiBuiltInKeywords$openBrowser.call(Unknown Source)
	at customKeywords.commanFunctions.openBrowser(commanFunctions.groovy:47)
	at customKeywords.commanFunctions.uploadFileOfRegisterUser(commanFunctions.groovy:747)
	at customKeywords.commanFunctions.invokeMethod(commanFunctions.groovy)
	at com.kms.katalon.core.main.CustomKeywordDelegatingMetaClass.invokeStaticMethod(CustomKeywordDelegatingMetaClass.java:50)
	at TC_As a register user, Upload Basic Audio File and verify Uploded file in Submission Page.run(TC_As a register user, Upload Basic Audio File and verify Uploded file in Submission Page:16)
	at com.kms.katalon.core.main.ScriptEngine.run(ScriptEngine.java:194)
	at com.kms.katalon.core.main.ScriptEngine.runScriptAsRawText(ScriptEngine.java:119)
	at com.kms.katalon.core.main.TestCaseExecutor.runScript(TestCaseExecutor.java:394)
	at com.kms.katalon.core.main.TestCaseExecutor.doExecute(TestCaseExecutor.java:385)
	at com.kms.katalon.core.main.TestCaseExecutor.processExecutionPhase(TestCaseExecutor.java:364)
	at com.kms.katalon.core.main.TestCaseExecutor.accessMainPhase(TestCaseExecutor.java:356)
	at com.kms.katalon.core.main.TestCaseExecutor.execute(TestCaseExecutor.java:251)
	at com.kms.katalon.core.main.TestSuiteExecutor.accessTestCaseMainPhase(TestSuiteExecutor.java:203)
	at com.kms.katalon.core.main.TestSuiteExecutor.accessTestSuiteMainPhase(TestSuiteExecutor.java:152)
	at com.kms.katalon.core.main.TestSuiteExecutor.execute(TestSuiteExecutor.java:95)
	at com.kms.katalon.core.main.TestCaseMain.startTestSuite(TestCaseMain.java:157)
	at com.kms.katalon.core.main.TestCaseMain$startTestSuite$0.call(Unknown Source)
	at TempTestSuite1613733199540.run(TempTestSuite1613733199540.groovy:39)
Caused by: org.openqa.selenium.SessionNotCreatedException: session not created
from chrome not reachable
  (Session info: chrome=86.0.4240.75)
Build info: version: '3.141.59', revision: 'e82be7d358', time: '2018-11-14T08:25:53'
System info: host: 'OMTPGCN1132568L', ip: '192.168.1.1', os.name: 'Windows 10', os.arch: 'amd64', os.version: '10.0', java.version: '1.8.0_181'
Driver info: driver.version: CChromeDriver
remote stacktrace: Backtrace:
	Ordinal0 [0x00A8C013+3194899]
	Ordinal0 [0x00976021+2056225]
	Ordinal0 [0x0080F4B0+586928]
	Ordinal0 [0x00805894+546964]
	Ordinal0 [0x00805F2C+548652]
	Ordinal0 [0x00807175+553333]
	Ordinal0 [0x0080241E+533534]
	Ordinal0 [0x00810620+591392]
	Ordinal0 [0x007B2A0C+207372]
	Ordinal0 [0x007B1D0D+204045]
	Ordinal0 [0x007AFC1B+195611]
	Ordinal0 [0x00793B7F+80767]
	Ordinal0 [0x00794B4E+84814]
	Ordinal0 [0x00794AD9+84697]
	Ordinal0 [0x0098CE64+2149988]
	GetHandleVerifier [0x00BFBE95+1400773]
	GetHandleVerifier [0x00BFBB61+1399953]
	GetHandleVerifier [0x00C031FA+1430314]
	GetHandleVerifier [0x00BFC69F+1402831]
	Ordinal0 [0x00983D61+2112865]
	Ordinal0 [0x0098E5CB+2155979]
	Ordinal0 [0x0098E6F5+2156277]
	Ordinal0 [0x0099F26E+2224750]
	BaseThreadInitThunk [0x77026359+25]
	RtlGetAppContainerNamedObjectPath [0x77BD8944+228]
	RtlGetAppContainerNamedObjectPath [0x77BD8914+180]

	at org.openqa.selenium.remote.W3CHandshakeResponse.lambda$errorHandler$0(W3CHandshakeResponse.java:62)
	at org.openqa.selenium.remote.HandshakeResponse.lambda$getResponseFunction$0(HandshakeResponse.java:30)
	at org.openqa.selenium.remote.ProtocolHandshake.lambda$createSession$0(ProtocolHandshake.java:126)
	at org.openqa.selenium.remote.ProtocolHandshake.createSession(ProtocolHandshake.java:128)
	at org.openqa.selenium.remote.ProtocolHandshake.createSession(ProtocolHandshake.java:74)
	at org.openqa.selenium.remote.HttpCommandExecutor.execute(HttpCommandExecutor.java:136)
	at org.openqa.selenium.remote.service.DriverCommandExecutor.execute(DriverCommandExecutor.java:83)
	at org.openqa.selenium.remote.RemoteWebDriver.execute(RemoteWebDriver.java:552)
	at com.kms.katalon.selenium.driver.CChromeDriver.execute(CChromeDriver.java:19)
	at org.openqa.selenium.remote.RemoteWebDriver.startSession(RemoteWebDriver.java:213)
	at org.openqa.selenium.remote.RemoteWebDriver.&lt;init>(RemoteWebDriver.java:131)
	at org.openqa.selenium.chrome.ChromeDriver.&lt;init>(ChromeDriver.java:181)
	at org.openqa.selenium.chrome.ChromeDriver.&lt;init>(ChromeDriver.java:147)
	at com.kms.katalon.selenium.driver.CChromeDriver.&lt;init>(CChromeDriver.java:13)
	at com.kms.katalon.core.webui.driver.DriverFactory.createNewChromeDriver(DriverFactory.java:400)
	at com.kms.katalon.core.webui.driver.DriverFactory.startNewBrowser(DriverFactory.java:358)
	at com.kms.katalon.core.webui.driver.DriverFactory.openWebDriver(DriverFactory.java:245)
	at com.kms.katalon.core.webui.keyword.builtin.OpenBrowserKeyword$_openBrowser_closure1.doCall(OpenBrowserKeyword.groovy:74)
	at com.kms.katalon.core.webui.keyword.builtin.OpenBrowserKeyword$_openBrowser_closure1.call(OpenBrowserKeyword.groovy)
	at com.kms.katalon.core.webui.keyword.internal.WebUIKeywordMain.runKeyword(WebUIKeywordMain.groovy:20)
	... 23 more
"/>
         <system-out><![CDATA[2021-02-19 16:44:23 - [TEST_CASE][FAILED] - Test Cases/UploadDiffFiles_RegisterUser/TC_As a register user, Upload Basic Audio File and verify Uploded file in Submission Page: Test Cases/UploadDiffFiles_RegisterUser/TC_As a register user, Upload Basic Audio File and verify Uploded file in Submission Page FAILED.
Reason:
com.kms.katalon.core.exception.StepFailedException: Unable to open browser with url: 'https://Inspect.Stage.site.sa'
	at com.kms.katalon.core.webui.keyword.internal.WebUIKeywordMain.stepFailed(WebUIKeywordMain.groovy:64)
	at com.kms.katalon.core.webui.keyword.internal.WebUIKeywordMain.runKeyword(WebUIKeywordMain.groovy:26)
	at com.kms.katalon.core.webui.keyword.builtin.OpenBrowserKeyword.openBrowser(OpenBrowserKeyword.groovy:81)
	at com.kms.katalon.core.webui.keyword.builtin.OpenBrowserKeyword.execute(OpenBrowserKeyword.groovy:67)
	at com.kms.katalon.core.keyword.internal.KeywordExecutor.executeKeywordForPlatform(KeywordExecutor.groovy:73)
	at com.kms.katalon.core.webui.keyword.WebUiBuiltInKeywords.openBrowser(WebUiBuiltInKeywords.groovy:61)
	at com.kms.katalon.core.webui.keyword.WebUiBuiltInKeywords$openBrowser.call(Unknown Source)
	at customKeywords.commanFunctions.openBrowser(commanFunctions.groovy:47)
	at customKeywords.commanFunctions.uploadFileOfRegisterUser(commanFunctions.groovy:747)
	at customKeywords.commanFunctions.invokeMethod(commanFunctions.groovy)
	at com.kms.katalon.core.main.CustomKeywordDelegatingMetaClass.invokeStaticMethod(CustomKeywordDelegatingMetaClass.java:50)
	at TC_As a register user, Upload Basic Audio File and verify Uploded file in Submission Page.run(TC_As a register user, Upload Basic Audio File and verify Uploded file in Submission Page:16)
	at com.kms.katalon.core.main.ScriptEngine.run(ScriptEngine.java:194)
	at com.kms.katalon.core.main.ScriptEngine.runScriptAsRawText(ScriptEngine.java:119)
	at com.kms.katalon.core.main.TestCaseExecutor.runScript(TestCaseExecutor.java:394)
	at com.kms.katalon.core.main.TestCaseExecutor.doExecute(TestCaseExecutor.java:385)
	at com.kms.katalon.core.main.TestCaseExecutor.processExecutionPhase(TestCaseExecutor.java:364)
	at com.kms.katalon.core.main.TestCaseExecutor.accessMainPhase(TestCaseExecutor.java:356)
	at com.kms.katalon.core.main.TestCaseExecutor.execute(TestCaseExecutor.java:251)
	at com.kms.katalon.core.main.TestSuiteExecutor.accessTestCaseMainPhase(TestSuiteExecutor.java:203)
	at com.kms.katalon.core.main.TestSuiteExecutor.accessTestSuiteMainPhase(TestSuiteExecutor.java:152)
	at com.kms.katalon.core.main.TestSuiteExecutor.execute(TestSuiteExecutor.java:95)
	at com.kms.katalon.core.main.TestCaseMain.startTestSuite(TestCaseMain.java:157)
	at com.kms.katalon.core.main.TestCaseMain$startTestSuite$0.call(Unknown Source)
	at TempTestSuite1613733199540.run(TempTestSuite1613733199540.groovy:39)
Caused by: org.openqa.selenium.SessionNotCreatedException: session not created
from chrome not reachable
  (Session info: chrome=86.0.4240.75)
Build info: version: '3.141.59', revision: 'e82be7d358', time: '2018-11-14T08:25:53'
System info: host: 'OMTPGCN1132568L', ip: '192.168.1.1', os.name: 'Windows 10', os.arch: 'amd64', os.version: '10.0', java.version: '1.8.0_181'
Driver info: driver.version: CChromeDriver
remote stacktrace: Backtrace:
	Ordinal0 [0x00A8C013+3194899]
	Ordinal0 [0x00976021+2056225]
	Ordinal0 [0x0080F4B0+586928]
	Ordinal0 [0x00805894+546964]
	Ordinal0 [0x00805F2C+548652]
	Ordinal0 [0x00807175+553333]
	Ordinal0 [0x0080241E+533534]
	Ordinal0 [0x00810620+591392]
	Ordinal0 [0x007B2A0C+207372]
	Ordinal0 [0x007B1D0D+204045]
	Ordinal0 [0x007AFC1B+195611]
	Ordinal0 [0x00793B7F+80767]
	Ordinal0 [0x00794B4E+84814]
	Ordinal0 [0x00794AD9+84697]
	Ordinal0 [0x0098CE64+2149988]
	GetHandleVerifier [0x00BFBE95+1400773]
	GetHandleVerifier [0x00BFBB61+1399953]
	GetHandleVerifier [0x00C031FA+1430314]
	GetHandleVerifier [0x00BFC69F+1402831]
	Ordinal0 [0x00983D61+2112865]
	Ordinal0 [0x0098E5CB+2155979]
	Ordinal0 [0x0098E6F5+2156277]
	Ordinal0 [0x0099F26E+2224750]
	BaseThreadInitThunk [0x77026359+25]
	RtlGetAppContainerNamedObjectPath [0x77BD8944+228]
	RtlGetAppContainerNamedObjectPath [0x77BD8914+180]

	at org.openqa.selenium.remote.W3CHandshakeResponse.lambda$errorHandler$0(W3CHandshakeResponse.java:62)
	at org.openqa.selenium.remote.HandshakeResponse.lambda$getResponseFunction$0(HandshakeResponse.java:30)
	at org.openqa.selenium.remote.ProtocolHandshake.lambda$createSession$0(ProtocolHandshake.java:126)
	at org.openqa.selenium.remote.ProtocolHandshake.createSession(ProtocolHandshake.java:128)
	at org.openqa.selenium.remote.ProtocolHandshake.createSession(ProtocolHandshake.java:74)
	at org.openqa.selenium.remote.HttpCommandExecutor.execute(HttpCommandExecutor.java:136)
	at org.openqa.selenium.remote.service.DriverCommandExecutor.execute(DriverCommandExecutor.java:83)
	at org.openqa.selenium.remote.RemoteWebDriver.execute(RemoteWebDriver.java:552)
	at com.kms.katalon.selenium.driver.CChromeDriver.execute(CChromeDriver.java:19)
	at org.openqa.selenium.remote.RemoteWebDriver.startSession(RemoteWebDriver.java:213)
	at org.openqa.selenium.remote.RemoteWebDriver.<init>(RemoteWebDriver.java:131)
	at org.openqa.selenium.chrome.ChromeDriver.<init>(ChromeDriver.java:181)
	at org.openqa.selenium.chrome.ChromeDriver.<init>(ChromeDriver.java:147)
	at com.kms.katalon.selenium.driver.CChromeDriver.<init>(CChromeDriver.java:13)
	at com.kms.katalon.core.webui.driver.DriverFactory.createNewChromeDriver(DriverFactory.java:400)
	at com.kms.katalon.core.webui.driver.DriverFactory.startNewBrowser(DriverFactory.java:358)
	at com.kms.katalon.core.webui.driver.DriverFactory.openWebDriver(DriverFactory.java:245)
	at com.kms.katalon.core.webui.keyword.builtin.OpenBrowserKeyword$_openBrowser_closure1.doCall(OpenBrowserKeyword.groovy:74)
	at com.kms.katalon.core.webui.keyword.builtin.OpenBrowserKeyword$_openBrowser_closure1.call(OpenBrowserKeyword.groovy)
	at com.kms.katalon.core.webui.keyword.internal.WebUIKeywordMain.runKeyword(WebUIKeywordMain.groovy:20)
	... 23 more


2021-02-19 16:44:23 - [TEST_STEP][PASSED] - excelTestData = findTestData("Data Files/TestData/InspectTestData"): null

2021-02-19 16:44:23 - [TEST_STEP][PASSED] - rigisterUN = excelTestData.getValue(2, 23): null

2021-02-19 16:44:23 - [TEST_STEP][PASSED] - rigisterPW = excelTestData.getValue(3, 23): null

2021-02-19 16:44:23 - [TEST_STEP][FAILED] - customKeywords.commanFunctions.uploadFileOfRegisterUser(264, rigisterUN, rigisterPW): Unable to open browser with url: 'https://Inspect.Stage.site.sa'

2021-02-19 16:44:23 - [MESSAGE][INFO] - Starting 'Chrome' driver

2021-02-19 16:44:23 - [MESSAGE][INFO] - Action delay is set to 0 milliseconds

2021-02-19 16:44:36 - [MESSAGE][FAILED] - Unable to open browser with url: 'https://Inspect.Stage.site.sa' (Root cause: com.kms.katalon.core.exception.StepFailedException: Unable to open browser with url: 'https://Inspect.Stage.site.sa'
	at com.kms.katalon.core.webui.keyword.internal.WebUIKeywordMain.stepFailed(WebUIKeywordMain.groovy:64)
	at com.kms.katalon.core.webui.keyword.internal.WebUIKeywordMain.runKeyword(WebUIKeywordMain.groovy:26)
	at com.kms.katalon.core.webui.keyword.builtin.OpenBrowserKeyword.openBrowser(OpenBrowserKeyword.groovy:81)
	at com.kms.katalon.core.webui.keyword.builtin.OpenBrowserKeyword.execute(OpenBrowserKeyword.groovy:67)
	at com.kms.katalon.core.keyword.internal.KeywordExecutor.executeKeywordForPlatform(KeywordExecutor.groovy:73)
	at com.kms.katalon.core.webui.keyword.WebUiBuiltInKeywords.openBrowser(WebUiBuiltInKeywords.groovy:61)
	at com.kms.katalon.core.webui.keyword.WebUiBuiltInKeywords$openBrowser.call(Unknown Source)
	at customKeywords.commanFunctions.openBrowser(commanFunctions.groovy:47)
	at customKeywords.commanFunctions.uploadFileOfRegisterUser(commanFunctions.groovy:747)
	at customKeywords.commanFunctions.invokeMethod(commanFunctions.groovy)
	at com.kms.katalon.core.main.CustomKeywordDelegatingMetaClass.invokeStaticMethod(CustomKeywordDelegatingMetaClass.java:50)
	at TC_As a register user, Upload Basic Audio File and verify Uploded file in Submission Page.run(TC_As a register user, Upload Basic Audio File and verify Uploded file in Submission Page:16)
	at com.kms.katalon.core.main.ScriptEngine.run(ScriptEngine.java:194)
	at com.kms.katalon.core.main.ScriptEngine.runScriptAsRawText(ScriptEngine.java:119)
	at com.kms.katalon.core.main.TestCaseExecutor.runScript(TestCaseExecutor.java:394)
	at com.kms.katalon.core.main.TestCaseExecutor.doExecute(TestCaseExecutor.java:385)
	at com.kms.katalon.core.main.TestCaseExecutor.processExecutionPhase(TestCaseExecutor.java:364)
	at com.kms.katalon.core.main.TestCaseExecutor.accessMainPhase(TestCaseExecutor.java:356)
	at com.kms.katalon.core.main.TestCaseExecutor.execute(TestCaseExecutor.java:251)
	at com.kms.katalon.core.main.TestSuiteExecutor.accessTestCaseMainPhase(TestSuiteExecutor.java:203)
	at com.kms.katalon.core.main.TestSuiteExecutor.accessTestSuiteMainPhase(TestSuiteExecutor.java:152)
	at com.kms.katalon.core.main.TestSuiteExecutor.execute(TestSuiteExecutor.java:95)
	at com.kms.katalon.core.main.TestCaseMain.startTestSuite(TestCaseMain.java:157)
	at com.kms.katalon.core.main.TestCaseMain$startTestSuite$0.call(Unknown Source)
	at TempTestSuite1613733199540.run(TempTestSuite1613733199540.groovy:39)
Caused by: org.openqa.selenium.SessionNotCreatedException: session not created
from chrome not reachable
  (Session info: chrome=86.0.4240.75)
Build info: version: '3.141.59', revision: 'e82be7d358', time: '2018-11-14T08:25:53'
System info: host: 'OMTPGCN1132568L', ip: '192.168.1.1', os.name: 'Windows 10', os.arch: 'amd64', os.version: '10.0', java.version: '1.8.0_181'
Driver info: driver.version: CChromeDriver
remote stacktrace: Backtrace:
	Ordinal0 [0x00A8C013+3194899]
	Ordinal0 [0x00976021+2056225]
	Ordinal0 [0x0080F4B0+586928]
	Ordinal0 [0x00805894+546964]
	Ordinal0 [0x00805F2C+548652]
	Ordinal0 [0x00807175+553333]
	Ordinal0 [0x0080241E+533534]
	Ordinal0 [0x00810620+591392]
	Ordinal0 [0x007B2A0C+207372]
	Ordinal0 [0x007B1D0D+204045]
	Ordinal0 [0x007AFC1B+195611]
	Ordinal0 [0x00793B7F+80767]
	Ordinal0 [0x00794B4E+84814]
	Ordinal0 [0x00794AD9+84697]
	Ordinal0 [0x0098CE64+2149988]
	GetHandleVerifier [0x00BFBE95+1400773]
	GetHandleVerifier [0x00BFBB61+1399953]
	GetHandleVerifier [0x00C031FA+1430314]
	GetHandleVerifier [0x00BFC69F+1402831]
	Ordinal0 [0x00983D61+2112865]
	Ordinal0 [0x0098E5CB+2155979]
	Ordinal0 [0x0098E6F5+2156277]
	Ordinal0 [0x0099F26E+2224750]
	BaseThreadInitThunk [0x77026359+25]
	RtlGetAppContainerNamedObjectPath [0x77BD8944+228]
	RtlGetAppContainerNamedObjectPath [0x77BD8914+180]

	at org.openqa.selenium.remote.W3CHandshakeResponse.lambda$errorHandler$0(W3CHandshakeResponse.java:62)
	at org.openqa.selenium.remote.HandshakeResponse.lambda$getResponseFunction$0(HandshakeResponse.java:30)
	at org.openqa.selenium.remote.ProtocolHandshake.lambda$createSession$0(ProtocolHandshake.java:126)
	at org.openqa.selenium.remote.ProtocolHandshake.createSession(ProtocolHandshake.java:128)
	at org.openqa.selenium.remote.ProtocolHandshake.createSession(ProtocolHandshake.java:74)
	at org.openqa.selenium.remote.HttpCommandExecutor.execute(HttpCommandExecutor.java:136)
	at org.openqa.selenium.remote.service.DriverCommandExecutor.execute(DriverCommandExecutor.java:83)
	at org.openqa.selenium.remote.RemoteWebDriver.execute(RemoteWebDriver.java:552)
	at com.kms.katalon.selenium.driver.CChromeDriver.execute(CChromeDriver.java:19)
	at org.openqa.selenium.remote.RemoteWebDriver.startSession(RemoteWebDriver.java:213)
	at org.openqa.selenium.remote.RemoteWebDriver.<init>(RemoteWebDriver.java:131)
	at org.openqa.selenium.chrome.ChromeDriver.<init>(ChromeDriver.java:181)
	at org.openqa.selenium.chrome.ChromeDriver.<init>(ChromeDriver.java:147)
	at com.kms.katalon.selenium.driver.CChromeDriver.<init>(CChromeDriver.java:13)
	at com.kms.katalon.core.webui.driver.DriverFactory.createNewChromeDriver(DriverFactory.java:400)
	at com.kms.katalon.core.webui.driver.DriverFactory.startNewBrowser(DriverFactory.java:358)
	at com.kms.katalon.core.webui.driver.DriverFactory.openWebDriver(DriverFactory.java:245)
	at com.kms.katalon.core.webui.keyword.builtin.OpenBrowserKeyword$_openBrowser_closure1.doCall(OpenBrowserKeyword.groovy:74)
	at com.kms.katalon.core.webui.keyword.builtin.OpenBrowserKeyword$_openBrowser_closure1.call(OpenBrowserKeyword.groovy)
	at com.kms.katalon.core.webui.keyword.internal.WebUIKeywordMain.runKeyword(WebUIKeywordMain.groovy:20)
	at com.kms.katalon.core.webui.keyword.builtin.OpenBrowserKeyword.openBrowser(OpenBrowserKeyword.groovy:81)
	at com.kms.katalon.core.webui.keyword.builtin.OpenBrowserKeyword.execute(OpenBrowserKeyword.groovy:67)
	at com.kms.katalon.core.keyword.internal.KeywordExecutor.executeKeywordForPlatform(KeywordExecutor.groovy:73)
	at com.kms.katalon.core.webui.keyword.WebUiBuiltInKeywords.openBrowser(WebUiBuiltInKeywords.groovy:61)
	at com.kms.katalon.core.webui.keyword.WebUiBuiltInKeywords$openBrowser.call(Unknown Source)
	at customKeywords.commanFunctions.openBrowser(commanFunctions.groovy:47)
	at customKeywords.commanFunctions.uploadFileOfRegisterUser(commanFunctions.groovy:747)
	at customKeywords.commanFunctions.invokeMethod(commanFunctions.groovy)
	at com.kms.katalon.core.main.CustomKeywordDelegatingMetaClass.invokeStaticMethod(CustomKeywordDelegatingMetaClass.java:50)
	at Script1613387649076.run(Script1613387649076.groovy:16)
	... 13 more
)

2021-02-19 16:44:36 - [MESSAGE][FAILED] - Unable to open browser with url: 'https://Inspect.Stage.site.sa'

2021-02-19 16:44:36 - [TEST_STEP][PASSED] - Start tear down : tearDownMethodIfFailed: Method 'tearDownMethodIfFailed' complete successfully

2021-02-19 16:44:36 - [TEST_STEP][PASSED] - customKeywords.commanFunctions.onlyCloseBrowser(): customKeywords.commanFunctions.onlyCloseBrowser is PASSED

2021-02-19 16:44:37 - [MESSAGE][PASSED] - Browser is closed

2021-02-19 16:44:37 - [MESSAGE][PASSED] - customKeywords.commanFunctions.onlyCloseBrowser is PASSED

2021-02-19 16:44:37 - [TEST_STEP][PASSED] - logInfo("[--------This is tearDownIfFailed method------]"): [--------This is tearDownIfFailed method------]

2021-02-19 16:44:37 - [MESSAGE][INFO] - [--------This is tearDownIfFailed method------]

2021-02-19 16:44:37 - [MESSAGE][PASSED] - Method 'tearDownMethodIfFailed' complete successfully]]></system-out>
         <system-err><![CDATA[2021-02-19 16:44:23 - [TEST_CASE][FAILED] - Test Cases/UploadDiffFiles_RegisterUser/TC_As a register user, Upload Basic Audio File and verify Uploded file in Submission Page: Test Cases/UploadDiffFiles_RegisterUser/TC_As a register user, Upload Basic Audio File and verify Uploded file in Submission Page FAILED.
Reason:
com.kms.katalon.core.exception.StepFailedException: Unable to open browser with url: 'https://Inspect.Stage.site.sa'
	at com.kms.katalon.core.webui.keyword.internal.WebUIKeywordMain.stepFailed(WebUIKeywordMain.groovy:64)
	at com.kms.katalon.core.webui.keyword.internal.WebUIKeywordMain.runKeyword(WebUIKeywordMain.groovy:26)
	at com.kms.katalon.core.webui.keyword.builtin.OpenBrowserKeyword.openBrowser(OpenBrowserKeyword.groovy:81)
	at com.kms.katalon.core.webui.keyword.builtin.OpenBrowserKeyword.execute(OpenBrowserKeyword.groovy:67)
	at com.kms.katalon.core.keyword.internal.KeywordExecutor.executeKeywordForPlatform(KeywordExecutor.groovy:73)
	at com.kms.katalon.core.webui.keyword.WebUiBuiltInKeywords.openBrowser(WebUiBuiltInKeywords.groovy:61)
	at com.kms.katalon.core.webui.keyword.WebUiBuiltInKeywords$openBrowser.call(Unknown Source)
	at customKeywords.commanFunctions.openBrowser(commanFunctions.groovy:47)
	at customKeywords.commanFunctions.uploadFileOfRegisterUser(commanFunctions.groovy:747)
	at customKeywords.commanFunctions.invokeMethod(commanFunctions.groovy)
	at com.kms.katalon.core.main.CustomKeywordDelegatingMetaClass.invokeStaticMethod(CustomKeywordDelegatingMetaClass.java:50)
	at TC_As a register user, Upload Basic Audio File and verify Uploded file in Submission Page.run(TC_As a register user, Upload Basic Audio File and verify Uploded file in Submission Page:16)
	at com.kms.katalon.core.main.ScriptEngine.run(ScriptEngine.java:194)
	at com.kms.katalon.core.main.ScriptEngine.runScriptAsRawText(ScriptEngine.java:119)
	at com.kms.katalon.core.main.TestCaseExecutor.runScript(TestCaseExecutor.java:394)
	at com.kms.katalon.core.main.TestCaseExecutor.doExecute(TestCaseExecutor.java:385)
	at com.kms.katalon.core.main.TestCaseExecutor.processExecutionPhase(TestCaseExecutor.java:364)
	at com.kms.katalon.core.main.TestCaseExecutor.accessMainPhase(TestCaseExecutor.java:356)
	at com.kms.katalon.core.main.TestCaseExecutor.execute(TestCaseExecutor.java:251)
	at com.kms.katalon.core.main.TestSuiteExecutor.accessTestCaseMainPhase(TestSuiteExecutor.java:203)
	at com.kms.katalon.core.main.TestSuiteExecutor.accessTestSuiteMainPhase(TestSuiteExecutor.java:152)
	at com.kms.katalon.core.main.TestSuiteExecutor.execute(TestSuiteExecutor.java:95)
	at com.kms.katalon.core.main.TestCaseMain.startTestSuite(TestCaseMain.java:157)
	at com.kms.katalon.core.main.TestCaseMain$startTestSuite$0.call(Unknown Source)
	at TempTestSuite1613733199540.run(TempTestSuite1613733199540.groovy:39)
Caused by: org.openqa.selenium.SessionNotCreatedException: session not created
from chrome not reachable
  (Session info: chrome=86.0.4240.75)
Build info: version: '3.141.59', revision: 'e82be7d358', time: '2018-11-14T08:25:53'
System info: host: 'OMTPGCN1132568L', ip: '192.168.1.1', os.name: 'Windows 10', os.arch: 'amd64', os.version: '10.0', java.version: '1.8.0_181'
Driver info: driver.version: CChromeDriver
remote stacktrace: Backtrace:
	Ordinal0 [0x00A8C013+3194899]
	Ordinal0 [0x00976021+2056225]
	Ordinal0 [0x0080F4B0+586928]
	Ordinal0 [0x00805894+546964]
	Ordinal0 [0x00805F2C+548652]
	Ordinal0 [0x00807175+553333]
	Ordinal0 [0x0080241E+533534]
	Ordinal0 [0x00810620+591392]
	Ordinal0 [0x007B2A0C+207372]
	Ordinal0 [0x007B1D0D+204045]
	Ordinal0 [0x007AFC1B+195611]
	Ordinal0 [0x00793B7F+80767]
	Ordinal0 [0x00794B4E+84814]
	Ordinal0 [0x00794AD9+84697]
	Ordinal0 [0x0098CE64+2149988]
	GetHandleVerifier [0x00BFBE95+1400773]
	GetHandleVerifier [0x00BFBB61+1399953]
	GetHandleVerifier [0x00C031FA+1430314]
	GetHandleVerifier [0x00BFC69F+1402831]
	Ordinal0 [0x00983D61+2112865]
	Ordinal0 [0x0098E5CB+2155979]
	Ordinal0 [0x0098E6F5+2156277]
	Ordinal0 [0x0099F26E+2224750]
	BaseThreadInitThunk [0x77026359+25]
	RtlGetAppContainerNamedObjectPath [0x77BD8944+228]
	RtlGetAppContainerNamedObjectPath [0x77BD8914+180]

	at org.openqa.selenium.remote.W3CHandshakeResponse.lambda$errorHandler$0(W3CHandshakeResponse.java:62)
	at org.openqa.selenium.remote.HandshakeResponse.lambda$getResponseFunction$0(HandshakeResponse.java:30)
	at org.openqa.selenium.remote.ProtocolHandshake.lambda$createSession$0(ProtocolHandshake.java:126)
	at org.openqa.selenium.remote.ProtocolHandshake.createSession(ProtocolHandshake.java:128)
	at org.openqa.selenium.remote.ProtocolHandshake.createSession(ProtocolHandshake.java:74)
	at org.openqa.selenium.remote.HttpCommandExecutor.execute(HttpCommandExecutor.java:136)
	at org.openqa.selenium.remote.service.DriverCommandExecutor.execute(DriverCommandExecutor.java:83)
	at org.openqa.selenium.remote.RemoteWebDriver.execute(RemoteWebDriver.java:552)
	at com.kms.katalon.selenium.driver.CChromeDriver.execute(CChromeDriver.java:19)
	at org.openqa.selenium.remote.RemoteWebDriver.startSession(RemoteWebDriver.java:213)
	at org.openqa.selenium.remote.RemoteWebDriver.<init>(RemoteWebDriver.java:131)
	at org.openqa.selenium.chrome.ChromeDriver.<init>(ChromeDriver.java:181)
	at org.openqa.selenium.chrome.ChromeDriver.<init>(ChromeDriver.java:147)
	at com.kms.katalon.selenium.driver.CChromeDriver.<init>(CChromeDriver.java:13)
	at com.kms.katalon.core.webui.driver.DriverFactory.createNewChromeDriver(DriverFactory.java:400)
	at com.kms.katalon.core.webui.driver.DriverFactory.startNewBrowser(DriverFactory.java:358)
	at com.kms.katalon.core.webui.driver.DriverFactory.openWebDriver(DriverFactory.java:245)
	at com.kms.katalon.core.webui.keyword.builtin.OpenBrowserKeyword$_openBrowser_closure1.doCall(OpenBrowserKeyword.groovy:74)
	at com.kms.katalon.core.webui.keyword.builtin.OpenBrowserKeyword$_openBrowser_closure1.call(OpenBrowserKeyword.groovy)
	at com.kms.katalon.core.webui.keyword.internal.WebUIKeywordMain.runKeyword(WebUIKeywordMain.groovy:20)
	... 23 more]]></system-err>
      </testcase>
      <testcase name="Test Cases/UploadDiffFiles_RegisterUser/TC_As a register user, Upload CSV File and verify Uploded file in Submission Page" time="5.051" classname="Test Cases/UploadDiffFiles_RegisterUser/TC_As a register user, Upload CSV File and verify Uploded file in Submission Page" status="FAILED">
         <failure type="FAILED" message="Test Cases/UploadDiffFiles_RegisterUser/TC_As a register user, Upload CSV File and verify Uploded file in Submission Page FAILED.
Reason:
com.kms.katalon.core.exception.StepFailedException: Unable to open browser with url: 'https://Inspect.Stage.site.sa'
	at com.kms.katalon.core.webui.keyword.internal.WebUIKeywordMain.stepFailed(WebUIKeywordMain.groovy:64)
	at com.kms.katalon.core.webui.keyword.internal.WebUIKeywordMain.runKeyword(WebUIKeywordMain.groovy:26)
	at com.kms.katalon.core.webui.keyword.builtin.OpenBrowserKeyword.openBrowser(OpenBrowserKeyword.groovy:81)
	at com.kms.katalon.core.webui.keyword.builtin.OpenBrowserKeyword.execute(OpenBrowserKeyword.groovy:67)
	at com.kms.katalon.core.keyword.internal.KeywordExecutor.executeKeywordForPlatform(KeywordExecutor.groovy:73)
	at com.kms.katalon.core.webui.keyword.WebUiBuiltInKeywords.openBrowser(WebUiBuiltInKeywords.groovy:61)
	at com.kms.katalon.core.webui.keyword.WebUiBuiltInKeywords$openBrowser.call(Unknown Source)
	at customKeywords.commanFunctions.openBrowser(commanFunctions.groovy:47)
	at customKeywords.commanFunctions.uploadFileOfRegisterUser(commanFunctions.groovy:747)
	at customKeywords.commanFunctions.invokeMethod(commanFunctions.groovy)
	at com.kms.katalon.core.main.CustomKeywordDelegatingMetaClass.invokeStaticMethod(CustomKeywordDelegatingMetaClass.java:50)
	at TC_As a register user, Upload CSV File and verify Uploded file in Submission Page.run(TC_As a register user, Upload CSV File and verify Uploded file in Submission Page:16)
	at com.kms.katalon.core.main.ScriptEngine.run(ScriptEngine.java:194)
	at com.kms.katalon.core.main.ScriptEngine.runScriptAsRawText(ScriptEngine.java:119)
	at com.kms.katalon.core.main.TestCaseExecutor.runScript(TestCaseExecutor.java:394)
	at com.kms.katalon.core.main.TestCaseExecutor.doExecute(TestCaseExecutor.java:385)
	at com.kms.katalon.core.main.TestCaseExecutor.processExecutionPhase(TestCaseExecutor.java:364)
	at com.kms.katalon.core.main.TestCaseExecutor.accessMainPhase(TestCaseExecutor.java:356)
	at com.kms.katalon.core.main.TestCaseExecutor.execute(TestCaseExecutor.java:251)
	at com.kms.katalon.core.main.TestSuiteExecutor.accessTestCaseMainPhase(TestSuiteExecutor.java:203)
	at com.kms.katalon.core.main.TestSuiteExecutor.accessTestSuiteMainPhase(TestSuiteExecutor.java:152)
	at com.kms.katalon.core.main.TestSuiteExecutor.execute(TestSuiteExecutor.java:95)
	at com.kms.katalon.core.main.TestCaseMain.startTestSuite(TestCaseMain.java:157)
	at com.kms.katalon.core.main.TestCaseMain$startTestSuite$0.call(Unknown Source)
	at TempTestSuite1613733199540.run(TempTestSuite1613733199540.groovy:39)
Caused by: org.openqa.selenium.WebDriverException: unknown error: cannot determine loading status
from disconnected: received Inspector.detached event
  (Session info: chrome=86.0.4240.75)
Build info: version: '3.141.59', revision: 'e82be7d358', time: '2018-11-14T08:25:53'
System info: host: 'OMTPGCN1132568L', ip: '192.168.1.1', os.name: 'Windows 10', os.arch: 'amd64', os.version: '10.0', java.version: '1.8.0_181'
Driver info: com.kms.katalon.selenium.driver.CChromeDriver
Capabilities {acceptInsecureCerts: false, browserName: chrome, browserVersion: 86.0.4240.75, chrome: {chromedriverVersion: 86.0.4240.22 (398b0743353ff..., userDataDir: C:\Users\ashok\AppData\Loca...}, goog:chromeOptions: {debuggerAddress: localhost:50691}, javascriptEnabled: true, networkConnectionEnabled: false, pageLoadStrategy: normal, platform: WINDOWS, platformName: WINDOWS, proxy: Proxy(), setWindowRect: true, strictFileInteractability: false, timeouts: {implicit: 0, pageLoad: 300000, script: 30000}, unhandledPromptBehavior: dismiss and notify, webauthn:virtualAuthenticators: true}
Session ID: 35582cf6143b3cd5f19a0fef2e8595fa
	at org.openqa.selenium.remote.http.W3CHttpResponseCodec.createException(W3CHttpResponseCodec.java:187)
	at org.openqa.selenium.remote.http.W3CHttpResponseCodec.decode(W3CHttpResponseCodec.java:122)
	at org.openqa.selenium.remote.http.W3CHttpResponseCodec.decode(W3CHttpResponseCodec.java:49)
	at org.openqa.selenium.remote.HttpCommandExecutor.execute(HttpCommandExecutor.java:158)
	at org.openqa.selenium.remote.service.DriverCommandExecutor.execute(DriverCommandExecutor.java:83)
	at org.openqa.selenium.remote.RemoteWebDriver.execute(RemoteWebDriver.java:552)
	at com.kms.katalon.selenium.driver.CChromeDriver.execute(CChromeDriver.java:19)
	at org.openqa.selenium.remote.RemoteWebDriver.get(RemoteWebDriver.java:277)
	at org.openqa.selenium.support.events.EventFiringWebDriver.lambda$new$1(EventFiringWebDriver.java:105)
	at com.sun.proxy.$Proxy11.get(Unknown Source)
	at org.openqa.selenium.support.events.EventFiringWebDriver.get(EventFiringWebDriver.java:165)
	at com.kms.katalon.core.webui.keyword.builtin.OpenBrowserKeyword$_openBrowser_closure1.doCall(OpenBrowserKeyword.groovy:78)
	at com.kms.katalon.core.webui.keyword.builtin.OpenBrowserKeyword$_openBrowser_closure1.call(OpenBrowserKeyword.groovy)
	at com.kms.katalon.core.webui.keyword.internal.WebUIKeywordMain.runKeyword(WebUIKeywordMain.groovy:20)
	... 23 more
"/>
         <system-out><![CDATA[2021-02-19 16:44:37 - [TEST_CASE][FAILED] - Test Cases/UploadDiffFiles_RegisterUser/TC_As a register user, Upload CSV File and verify Uploded file in Submission Page: Test Cases/UploadDiffFiles_RegisterUser/TC_As a register user, Upload CSV File and verify Uploded file in Submission Page FAILED.
Reason:
com.kms.katalon.core.exception.StepFailedException: Unable to open browser with url: 'https://Inspect.Stage.site.sa'
	at com.kms.katalon.core.webui.keyword.internal.WebUIKeywordMain.stepFailed(WebUIKeywordMain.groovy:64)
	at com.kms.katalon.core.webui.keyword.internal.WebUIKeywordMain.runKeyword(WebUIKeywordMain.groovy:26)
	at com.kms.katalon.core.webui.keyword.builtin.OpenBrowserKeyword.openBrowser(OpenBrowserKeyword.groovy:81)
	at com.kms.katalon.core.webui.keyword.builtin.OpenBrowserKeyword.execute(OpenBrowserKeyword.groovy:67)
	at com.kms.katalon.core.keyword.internal.KeywordExecutor.executeKeywordForPlatform(KeywordExecutor.groovy:73)
	at com.kms.katalon.core.webui.keyword.WebUiBuiltInKeywords.openBrowser(WebUiBuiltInKeywords.groovy:61)
	at com.kms.katalon.core.webui.keyword.WebUiBuiltInKeywords$openBrowser.call(Unknown Source)
	at customKeywords.commanFunctions.openBrowser(commanFunctions.groovy:47)
	at customKeywords.commanFunctions.uploadFileOfRegisterUser(commanFunctions.groovy:747)
	at customKeywords.commanFunctions.invokeMethod(commanFunctions.groovy)
	at com.kms.katalon.core.main.CustomKeywordDelegatingMetaClass.invokeStaticMethod(CustomKeywordDelegatingMetaClass.java:50)
	at TC_As a register user, Upload CSV File and verify Uploded file in Submission Page.run(TC_As a register user, Upload CSV File and verify Uploded file in Submission Page:16)
	at com.kms.katalon.core.main.ScriptEngine.run(ScriptEngine.java:194)
	at com.kms.katalon.core.main.ScriptEngine.runScriptAsRawText(ScriptEngine.java:119)
	at com.kms.katalon.core.main.TestCaseExecutor.runScript(TestCaseExecutor.java:394)
	at com.kms.katalon.core.main.TestCaseExecutor.doExecute(TestCaseExecutor.java:385)
	at com.kms.katalon.core.main.TestCaseExecutor.processExecutionPhase(TestCaseExecutor.java:364)
	at com.kms.katalon.core.main.TestCaseExecutor.accessMainPhase(TestCaseExecutor.java:356)
	at com.kms.katalon.core.main.TestCaseExecutor.execute(TestCaseExecutor.java:251)
	at com.kms.katalon.core.main.TestSuiteExecutor.accessTestCaseMainPhase(TestSuiteExecutor.java:203)
	at com.kms.katalon.core.main.TestSuiteExecutor.accessTestSuiteMainPhase(TestSuiteExecutor.java:152)
	at com.kms.katalon.core.main.TestSuiteExecutor.execute(TestSuiteExecutor.java:95)
	at com.kms.katalon.core.main.TestCaseMain.startTestSuite(TestCaseMain.java:157)
	at com.kms.katalon.core.main.TestCaseMain$startTestSuite$0.call(Unknown Source)
	at TempTestSuite1613733199540.run(TempTestSuite1613733199540.groovy:39)
Caused by: org.openqa.selenium.WebDriverException: unknown error: cannot determine loading status
from disconnected: received Inspector.detached event
  (Session info: chrome=86.0.4240.75)
Build info: version: '3.141.59', revision: 'e82be7d358', time: '2018-11-14T08:25:53'
System info: host: 'OMTPGCN1132568L', ip: '192.168.1.1', os.name: 'Windows 10', os.arch: 'amd64', os.version: '10.0', java.version: '1.8.0_181'
Driver info: com.kms.katalon.selenium.driver.CChromeDriver
Capabilities {acceptInsecureCerts: false, browserName: chrome, browserVersion: 86.0.4240.75, chrome: {chromedriverVersion: 86.0.4240.22 (398b0743353ff..., userDataDir: C:\Users\ashok\AppData\Loca...}, goog:chromeOptions: {debuggerAddress: localhost:50691}, javascriptEnabled: true, networkConnectionEnabled: false, pageLoadStrategy: normal, platform: WINDOWS, platformName: WINDOWS, proxy: Proxy(), setWindowRect: true, strictFileInteractability: false, timeouts: {implicit: 0, pageLoad: 300000, script: 30000}, unhandledPromptBehavior: dismiss and notify, webauthn:virtualAuthenticators: true}
Session ID: 35582cf6143b3cd5f19a0fef2e8595fa
	at org.openqa.selenium.remote.http.W3CHttpResponseCodec.createException(W3CHttpResponseCodec.java:187)
	at org.openqa.selenium.remote.http.W3CHttpResponseCodec.decode(W3CHttpResponseCodec.java:122)
	at org.openqa.selenium.remote.http.W3CHttpResponseCodec.decode(W3CHttpResponseCodec.java:49)
	at org.openqa.selenium.remote.HttpCommandExecutor.execute(HttpCommandExecutor.java:158)
	at org.openqa.selenium.remote.service.DriverCommandExecutor.execute(DriverCommandExecutor.java:83)
	at org.openqa.selenium.remote.RemoteWebDriver.execute(RemoteWebDriver.java:552)
	at com.kms.katalon.selenium.driver.CChromeDriver.execute(CChromeDriver.java:19)
	at org.openqa.selenium.remote.RemoteWebDriver.get(RemoteWebDriver.java:277)
	at org.openqa.selenium.support.events.EventFiringWebDriver.lambda$new$1(EventFiringWebDriver.java:105)
	at com.sun.proxy.$Proxy11.get(Unknown Source)
	at org.openqa.selenium.support.events.EventFiringWebDriver.get(EventFiringWebDriver.java:165)
	at com.kms.katalon.core.webui.keyword.builtin.OpenBrowserKeyword$_openBrowser_closure1.doCall(OpenBrowserKeyword.groovy:78)
	at com.kms.katalon.core.webui.keyword.builtin.OpenBrowserKeyword$_openBrowser_closure1.call(OpenBrowserKeyword.groovy)
	at com.kms.katalon.core.webui.keyword.internal.WebUIKeywordMain.runKeyword(WebUIKeywordMain.groovy:20)
	... 23 more


2021-02-19 16:44:37 - [TEST_STEP][PASSED] - excelTestData = findTestData("Data Files/TestData/InspectTestData"): null

2021-02-19 16:44:37 - [TEST_STEP][PASSED] - rigisterUN = excelTestData.getValue(2, 23): null

2021-02-19 16:44:37 - [TEST_STEP][PASSED] - rigisterPW = excelTestData.getValue(3, 23): null

2021-02-19 16:44:37 - [TEST_STEP][FAILED] - customKeywords.commanFunctions.uploadFileOfRegisterUser(208, rigisterUN, rigisterPW): Unable to open browser with url: 'https://Inspect.Stage.site.sa'

2021-02-19 16:44:37 - [MESSAGE][INFO] - Starting 'Chrome' driver

2021-02-19 16:44:37 - [MESSAGE][INFO] - Action delay is set to 0 milliseconds

2021-02-19 16:44:41 - [MESSAGE][FAILED] - Unable to open browser with url: 'https://Inspect.Stage.site.sa' (Root cause: com.kms.katalon.core.exception.StepFailedException: Unable to open browser with url: 'https://Inspect.Stage.site.sa'
	at com.kms.katalon.core.webui.keyword.internal.WebUIKeywordMain.stepFailed(WebUIKeywordMain.groovy:64)
	at com.kms.katalon.core.webui.keyword.internal.WebUIKeywordMain.runKeyword(WebUIKeywordMain.groovy:26)
	at com.kms.katalon.core.webui.keyword.builtin.OpenBrowserKeyword.openBrowser(OpenBrowserKeyword.groovy:81)
	at com.kms.katalon.core.webui.keyword.builtin.OpenBrowserKeyword.execute(OpenBrowserKeyword.groovy:67)
	at com.kms.katalon.core.keyword.internal.KeywordExecutor.executeKeywordForPlatform(KeywordExecutor.groovy:73)
	at com.kms.katalon.core.webui.keyword.WebUiBuiltInKeywords.openBrowser(WebUiBuiltInKeywords.groovy:61)
	at com.kms.katalon.core.webui.keyword.WebUiBuiltInKeywords$openBrowser.call(Unknown Source)
	at customKeywords.commanFunctions.openBrowser(commanFunctions.groovy:47)
	at customKeywords.commanFunctions.uploadFileOfRegisterUser(commanFunctions.groovy:747)
	at customKeywords.commanFunctions.invokeMethod(commanFunctions.groovy)
	at com.kms.katalon.core.main.CustomKeywordDelegatingMetaClass.invokeStaticMethod(CustomKeywordDelegatingMetaClass.java:50)
	at TC_As a register user, Upload CSV File and verify Uploded file in Submission Page.run(TC_As a register user, Upload CSV File and verify Uploded file in Submission Page:16)
	at com.kms.katalon.core.main.ScriptEngine.run(ScriptEngine.java:194)
	at com.kms.katalon.core.main.ScriptEngine.runScriptAsRawText(ScriptEngine.java:119)
	at com.kms.katalon.core.main.TestCaseExecutor.runScript(TestCaseExecutor.java:394)
	at com.kms.katalon.core.main.TestCaseExecutor.doExecute(TestCaseExecutor.java:385)
	at com.kms.katalon.core.main.TestCaseExecutor.processExecutionPhase(TestCaseExecutor.java:364)
	at com.kms.katalon.core.main.TestCaseExecutor.accessMainPhase(TestCaseExecutor.java:356)
	at com.kms.katalon.core.main.TestCaseExecutor.execute(TestCaseExecutor.java:251)
	at com.kms.katalon.core.main.TestSuiteExecutor.accessTestCaseMainPhase(TestSuiteExecutor.java:203)
	at com.kms.katalon.core.main.TestSuiteExecutor.accessTestSuiteMainPhase(TestSuiteExecutor.java:152)
	at com.kms.katalon.core.main.TestSuiteExecutor.execute(TestSuiteExecutor.java:95)
	at com.kms.katalon.core.main.TestCaseMain.startTestSuite(TestCaseMain.java:157)
	at com.kms.katalon.core.main.TestCaseMain$startTestSuite$0.call(Unknown Source)
	at TempTestSuite1613733199540.run(TempTestSuite1613733199540.groovy:39)
Caused by: org.openqa.selenium.WebDriverException: unknown error: cannot determine loading status
from disconnected: received Inspector.detached event
  (Session info: chrome=86.0.4240.75)
Build info: version: '3.141.59', revision: 'e82be7d358', time: '2018-11-14T08:25:53'
System info: host: 'OMTPGCN1132568L', ip: '192.168.1.1', os.name: 'Windows 10', os.arch: 'amd64', os.version: '10.0', java.version: '1.8.0_181'
Driver info: com.kms.katalon.selenium.driver.CChromeDriver
Capabilities {acceptInsecureCerts: false, browserName: chrome, browserVersion: 86.0.4240.75, chrome: {chromedriverVersion: 86.0.4240.22 (398b0743353ff..., userDataDir: C:\Users\ashok\AppData\Loca...}, goog:chromeOptions: {debuggerAddress: localhost:50691}, javascriptEnabled: true, networkConnectionEnabled: false, pageLoadStrategy: normal, platform: WINDOWS, platformName: WINDOWS, proxy: Proxy(), setWindowRect: true, strictFileInteractability: false, timeouts: {implicit: 0, pageLoad: 300000, script: 30000}, unhandledPromptBehavior: dismiss and notify, webauthn:virtualAuthenticators: true}
Session ID: 35582cf6143b3cd5f19a0fef2e8595fa
	at org.openqa.selenium.remote.http.W3CHttpResponseCodec.createException(W3CHttpResponseCodec.java:187)
	at org.openqa.selenium.remote.http.W3CHttpResponseCodec.decode(W3CHttpResponseCodec.java:122)
	at org.openqa.selenium.remote.http.W3CHttpResponseCodec.decode(W3CHttpResponseCodec.java:49)
	at org.openqa.selenium.remote.HttpCommandExecutor.execute(HttpCommandExecutor.java:158)
	at org.openqa.selenium.remote.service.DriverCommandExecutor.execute(DriverCommandExecutor.java:83)
	at org.openqa.selenium.remote.RemoteWebDriver.execute(RemoteWebDriver.java:552)
	at com.kms.katalon.selenium.driver.CChromeDriver.execute(CChromeDriver.java:19)
	at org.openqa.selenium.remote.RemoteWebDriver.get(RemoteWebDriver.java:277)
	at org.openqa.selenium.support.events.EventFiringWebDriver.lambda$new$1(EventFiringWebDriver.java:105)
	at com.sun.proxy.$Proxy11.get(Unknown Source)
	at org.openqa.selenium.support.events.EventFiringWebDriver.get(EventFiringWebDriver.java:165)
	at com.kms.katalon.core.webui.keyword.builtin.OpenBrowserKeyword$_openBrowser_closure1.doCall(OpenBrowserKeyword.groovy:78)
	at com.kms.katalon.core.webui.keyword.builtin.OpenBrowserKeyword$_openBrowser_closure1.call(OpenBrowserKeyword.groovy)
	at com.kms.katalon.core.webui.keyword.internal.WebUIKeywordMain.runKeyword(WebUIKeywordMain.groovy:20)
	at com.kms.katalon.core.webui.keyword.builtin.OpenBrowserKeyword.openBrowser(OpenBrowserKeyword.groovy:81)
	at com.kms.katalon.core.webui.keyword.builtin.OpenBrowserKeyword.execute(OpenBrowserKeyword.groovy:67)
	at com.kms.katalon.core.keyword.internal.KeywordExecutor.executeKeywordForPlatform(KeywordExecutor.groovy:73)
	at com.kms.katalon.core.webui.keyword.WebUiBuiltInKeywords.openBrowser(WebUiBuiltInKeywords.groovy:61)
	at com.kms.katalon.core.webui.keyword.WebUiBuiltInKeywords$openBrowser.call(Unknown Source)
	at customKeywords.commanFunctions.openBrowser(commanFunctions.groovy:47)
	at customKeywords.commanFunctions.uploadFileOfRegisterUser(commanFunctions.groovy:747)
	at customKeywords.commanFunctions.invokeMethod(commanFunctions.groovy)
	at com.kms.katalon.core.main.CustomKeywordDelegatingMetaClass.invokeStaticMethod(CustomKeywordDelegatingMetaClass.java:50)
	at Script1613223038799.run(Script1613223038799.groovy:16)
	... 13 more
)

2021-02-19 16:44:41 - [MESSAGE][FAILED] - Unable to open browser with url: 'https://Inspect.Stage.site.sa'

2021-02-19 16:44:41 - [TEST_STEP][PASSED] - Start tear down : tearDownMethodIfFailed: Method 'tearDownMethodIfFailed' complete successfully

2021-02-19 16:44:41 - [TEST_STEP][PASSED] - customKeywords.commanFunctions.onlyCloseBrowser(): customKeywords.commanFunctions.onlyCloseBrowser is PASSED

2021-02-19 16:44:42 - [MESSAGE][PASSED] - Browser is closed

2021-02-19 16:44:42 - [MESSAGE][PASSED] - customKeywords.commanFunctions.onlyCloseBrowser is PASSED

2021-02-19 16:44:42 - [TEST_STEP][PASSED] - logInfo("[--------This is tearDownIfFailed method------]"): [--------This is tearDownIfFailed method------]

2021-02-19 16:44:42 - [MESSAGE][INFO] - [--------This is tearDownIfFailed method------]

2021-02-19 16:44:42 - [MESSAGE][PASSED] - Method 'tearDownMethodIfFailed' complete successfully]]></system-out>
         <system-err><![CDATA[2021-02-19 16:44:37 - [TEST_CASE][FAILED] - Test Cases/UploadDiffFiles_RegisterUser/TC_As a register user, Upload CSV File and verify Uploded file in Submission Page: Test Cases/UploadDiffFiles_RegisterUser/TC_As a register user, Upload CSV File and verify Uploded file in Submission Page FAILED.
Reason:
com.kms.katalon.core.exception.StepFailedException: Unable to open browser with url: 'https://Inspect.Stage.site.sa'
	at com.kms.katalon.core.webui.keyword.internal.WebUIKeywordMain.stepFailed(WebUIKeywordMain.groovy:64)
	at com.kms.katalon.core.webui.keyword.internal.WebUIKeywordMain.runKeyword(WebUIKeywordMain.groovy:26)
	at com.kms.katalon.core.webui.keyword.builtin.OpenBrowserKeyword.openBrowser(OpenBrowserKeyword.groovy:81)
	at com.kms.katalon.core.webui.keyword.builtin.OpenBrowserKeyword.execute(OpenBrowserKeyword.groovy:67)
	at com.kms.katalon.core.keyword.internal.KeywordExecutor.executeKeywordForPlatform(KeywordExecutor.groovy:73)
	at com.kms.katalon.core.webui.keyword.WebUiBuiltInKeywords.openBrowser(WebUiBuiltInKeywords.groovy:61)
	at com.kms.katalon.core.webui.keyword.WebUiBuiltInKeywords$openBrowser.call(Unknown Source)
	at customKeywords.commanFunctions.openBrowser(commanFunctions.groovy:47)
	at customKeywords.commanFunctions.uploadFileOfRegisterUser(commanFunctions.groovy:747)
	at customKeywords.commanFunctions.invokeMethod(commanFunctions.groovy)
	at com.kms.katalon.core.main.CustomKeywordDelegatingMetaClass.invokeStaticMethod(CustomKeywordDelegatingMetaClass.java:50)
	at TC_As a register user, Upload CSV File and verify Uploded file in Submission Page.run(TC_As a register user, Upload CSV File and verify Uploded file in Submission Page:16)
	at com.kms.katalon.core.main.ScriptEngine.run(ScriptEngine.java:194)
	at com.kms.katalon.core.main.ScriptEngine.runScriptAsRawText(ScriptEngine.java:119)
	at com.kms.katalon.core.main.TestCaseExecutor.runScript(TestCaseExecutor.java:394)
	at com.kms.katalon.core.main.TestCaseExecutor.doExecute(TestCaseExecutor.java:385)
	at com.kms.katalon.core.main.TestCaseExecutor.processExecutionPhase(TestCaseExecutor.java:364)
	at com.kms.katalon.core.main.TestCaseExecutor.accessMainPhase(TestCaseExecutor.java:356)
	at com.kms.katalon.core.main.TestCaseExecutor.execute(TestCaseExecutor.java:251)
	at com.kms.katalon.core.main.TestSuiteExecutor.accessTestCaseMainPhase(TestSuiteExecutor.java:203)
	at com.kms.katalon.core.main.TestSuiteExecutor.accessTestSuiteMainPhase(TestSuiteExecutor.java:152)
	at com.kms.katalon.core.main.TestSuiteExecutor.execute(TestSuiteExecutor.java:95)
	at com.kms.katalon.core.main.TestCaseMain.startTestSuite(TestCaseMain.java:157)
	at com.kms.katalon.core.main.TestCaseMain$startTestSuite$0.call(Unknown Source)
	at TempTestSuite1613733199540.run(TempTestSuite1613733199540.groovy:39)
Caused by: org.openqa.selenium.WebDriverException: unknown error: cannot determine loading status
from disconnected: received Inspector.detached event
  (Session info: chrome=86.0.4240.75)
Build info: version: '3.141.59', revision: 'e82be7d358', time: '2018-11-14T08:25:53'
System info: host: 'OMTPGCN1132568L', ip: '192.168.1.1', os.name: 'Windows 10', os.arch: 'amd64', os.version: '10.0', java.version: '1.8.0_181'
Driver info: com.kms.katalon.selenium.driver.CChromeDriver
Capabilities {acceptInsecureCerts: false, browserName: chrome, browserVersion: 86.0.4240.75, chrome: {chromedriverVersion: 86.0.4240.22 (398b0743353ff..., userDataDir: C:\Users\ashok\AppData\Loca...}, goog:chromeOptions: {debuggerAddress: localhost:50691}, javascriptEnabled: true, networkConnectionEnabled: false, pageLoadStrategy: normal, platform: WINDOWS, platformName: WINDOWS, proxy: Proxy(), setWindowRect: true, strictFileInteractability: false, timeouts: {implicit: 0, pageLoad: 300000, script: 30000}, unhandledPromptBehavior: dismiss and notify, webauthn:virtualAuthenticators: true}
Session ID: 35582cf6143b3cd5f19a0fef2e8595fa
	at org.openqa.selenium.remote.http.W3CHttpResponseCodec.createException(W3CHttpResponseCodec.java:187)
	at org.openqa.selenium.remote.http.W3CHttpResponseCodec.decode(W3CHttpResponseCodec.java:122)
	at org.openqa.selenium.remote.http.W3CHttpResponseCodec.decode(W3CHttpResponseCodec.java:49)
	at org.openqa.selenium.remote.HttpCommandExecutor.execute(HttpCommandExecutor.java:158)
	at org.openqa.selenium.remote.service.DriverCommandExecutor.execute(DriverCommandExecutor.java:83)
	at org.openqa.selenium.remote.RemoteWebDriver.execute(RemoteWebDriver.java:552)
	at com.kms.katalon.selenium.driver.CChromeDriver.execute(CChromeDriver.java:19)
	at org.openqa.selenium.remote.RemoteWebDriver.get(RemoteWebDriver.java:277)
	at org.openqa.selenium.support.events.EventFiringWebDriver.lambda$new$1(EventFiringWebDriver.java:105)
	at com.sun.proxy.$Proxy11.get(Unknown Source)
	at org.openqa.selenium.support.events.EventFiringWebDriver.get(EventFiringWebDriver.java:165)
	at com.kms.katalon.core.webui.keyword.builtin.OpenBrowserKeyword$_openBrowser_closure1.doCall(OpenBrowserKeyword.groovy:78)
	at com.kms.katalon.core.webui.keyword.builtin.OpenBrowserKeyword$_openBrowser_closure1.call(OpenBrowserKeyword.groovy)
	at com.kms.katalon.core.webui.keyword.internal.WebUIKeywordMain.runKeyword(WebUIKeywordMain.groovy:20)
	... 23 more]]></system-err>
      </testcase>
      <testcase name="Test Cases/UploadDiffFiles_RegisterUser/TC_As a register user, Upload Exe File and verify Uploded file in Submission Page" time="13.705" classname="Test Cases/UploadDiffFiles_RegisterUser/TC_As a register user, Upload Exe File and verify Uploded file in Submission Page" status="FAILED">
         <failure type="FAILED" message="Test Cases/UploadDiffFiles_RegisterUser/TC_As a register user, Upload Exe File and verify Uploded file in Submission Page FAILED.
Reason:
com.kms.katalon.core.exception.StepFailedException: Unable to open browser with url: 'https://Inspect.Stage.site.sa'
	at com.kms.katalon.core.webui.keyword.internal.WebUIKeywordMain.stepFailed(WebUIKeywordMain.groovy:64)
	at com.kms.katalon.core.webui.keyword.internal.WebUIKeywordMain.runKeyword(WebUIKeywordMain.groovy:26)
	at com.kms.katalon.core.webui.keyword.builtin.OpenBrowserKeyword.openBrowser(OpenBrowserKeyword.groovy:81)
	at com.kms.katalon.core.webui.keyword.builtin.OpenBrowserKeyword.execute(OpenBrowserKeyword.groovy:67)
	at com.kms.katalon.core.keyword.internal.KeywordExecutor.executeKeywordForPlatform(KeywordExecutor.groovy:73)
	at com.kms.katalon.core.webui.keyword.WebUiBuiltInKeywords.openBrowser(WebUiBuiltInKeywords.groovy:61)
	at com.kms.katalon.core.webui.keyword.WebUiBuiltInKeywords$openBrowser.call(Unknown Source)
	at customKeywords.commanFunctions.openBrowser(commanFunctions.groovy:47)
	at customKeywords.commanFunctions.uploadFileOfRegisterUser(commanFunctions.groovy:747)
	at customKeywords.commanFunctions.invokeMethod(commanFunctions.groovy)
	at com.kms.katalon.core.main.CustomKeywordDelegatingMetaClass.invokeStaticMethod(CustomKeywordDelegatingMetaClass.java:50)
	at TC_As a register user, Upload Exe File and verify Uploded file in Submission Page.run(TC_As a register user, Upload Exe File and verify Uploded file in Submission Page:16)
	at com.kms.katalon.core.main.ScriptEngine.run(ScriptEngine.java:194)
	at com.kms.katalon.core.main.ScriptEngine.runScriptAsRawText(ScriptEngine.java:119)
	at com.kms.katalon.core.main.TestCaseExecutor.runScript(TestCaseExecutor.java:394)
	at com.kms.katalon.core.main.TestCaseExecutor.doExecute(TestCaseExecutor.java:385)
	at com.kms.katalon.core.main.TestCaseExecutor.processExecutionPhase(TestCaseExecutor.java:364)
	at com.kms.katalon.core.main.TestCaseExecutor.accessMainPhase(TestCaseExecutor.java:356)
	at com.kms.katalon.core.main.TestCaseExecutor.execute(TestCaseExecutor.java:251)
	at com.kms.katalon.core.main.TestSuiteExecutor.accessTestCaseMainPhase(TestSuiteExecutor.java:203)
	at com.kms.katalon.core.main.TestSuiteExecutor.accessTestSuiteMainPhase(TestSuiteExecutor.java:152)
	at com.kms.katalon.core.main.TestSuiteExecutor.execute(TestSuiteExecutor.java:95)
	at com.kms.katalon.core.main.TestCaseMain.startTestSuite(TestCaseMain.java:157)
	at com.kms.katalon.core.main.TestCaseMain$startTestSuite$0.call(Unknown Source)
	at TempTestSuite1613733199540.run(TempTestSuite1613733199540.groovy:39)
Caused by: org.openqa.selenium.SessionNotCreatedException: session not created
from chrome not reachable
  (Session info: chrome=86.0.4240.75)
Build info: version: '3.141.59', revision: 'e82be7d358', time: '2018-11-14T08:25:53'
System info: host: 'OMTPGCN1132568L', ip: '192.168.1.1', os.name: 'Windows 10', os.arch: 'amd64', os.version: '10.0', java.version: '1.8.0_181'
Driver info: driver.version: CChromeDriver
remote stacktrace: Backtrace:
	Ordinal0 [0x00A8C013+3194899]
	Ordinal0 [0x00976021+2056225]
	Ordinal0 [0x0080F4B0+586928]
	Ordinal0 [0x00805894+546964]
	Ordinal0 [0x00805F2C+548652]
	Ordinal0 [0x00807175+553333]
	Ordinal0 [0x0080241E+533534]
	Ordinal0 [0x00810620+591392]
	Ordinal0 [0x007B2A0C+207372]
	Ordinal0 [0x007B1D0D+204045]
	Ordinal0 [0x007AFC1B+195611]
	Ordinal0 [0x00793B7F+80767]
	Ordinal0 [0x00794B4E+84814]
	Ordinal0 [0x00794AD9+84697]
	Ordinal0 [0x0098CE64+2149988]
	GetHandleVerifier [0x00BFBE95+1400773]
	GetHandleVerifier [0x00BFBB61+1399953]
	GetHandleVerifier [0x00C031FA+1430314]
	GetHandleVerifier [0x00BFC69F+1402831]
	Ordinal0 [0x00983D61+2112865]
	Ordinal0 [0x0098E5CB+2155979]
	Ordinal0 [0x0098E6F5+2156277]
	Ordinal0 [0x0099F26E+2224750]
	BaseThreadInitThunk [0x77026359+25]
	RtlGetAppContainerNamedObjectPath [0x77BD8944+228]
	RtlGetAppContainerNamedObjectPath [0x77BD8914+180]

	at org.openqa.selenium.remote.W3CHandshakeResponse.lambda$errorHandler$0(W3CHandshakeResponse.java:62)
	at org.openqa.selenium.remote.HandshakeResponse.lambda$getResponseFunction$0(HandshakeResponse.java:30)
	at org.openqa.selenium.remote.ProtocolHandshake.lambda$createSession$0(ProtocolHandshake.java:126)
	at org.openqa.selenium.remote.ProtocolHandshake.createSession(ProtocolHandshake.java:128)
	at org.openqa.selenium.remote.ProtocolHandshake.createSession(ProtocolHandshake.java:74)
	at org.openqa.selenium.remote.HttpCommandExecutor.execute(HttpCommandExecutor.java:136)
	at org.openqa.selenium.remote.service.DriverCommandExecutor.execute(DriverCommandExecutor.java:83)
	at org.openqa.selenium.remote.RemoteWebDriver.execute(RemoteWebDriver.java:552)
	at com.kms.katalon.selenium.driver.CChromeDriver.execute(CChromeDriver.java:19)
	at org.openqa.selenium.remote.RemoteWebDriver.startSession(RemoteWebDriver.java:213)
	at org.openqa.selenium.remote.RemoteWebDriver.&lt;init>(RemoteWebDriver.java:131)
	at org.openqa.selenium.chrome.ChromeDriver.&lt;init>(ChromeDriver.java:181)
	at org.openqa.selenium.chrome.ChromeDriver.&lt;init>(ChromeDriver.java:147)
	at com.kms.katalon.selenium.driver.CChromeDriver.&lt;init>(CChromeDriver.java:13)
	at com.kms.katalon.core.webui.driver.DriverFactory.createNewChromeDriver(DriverFactory.java:400)
	at com.kms.katalon.core.webui.driver.DriverFactory.startNewBrowser(DriverFactory.java:358)
	at com.kms.katalon.core.webui.driver.DriverFactory.openWebDriver(DriverFactory.java:245)
	at com.kms.katalon.core.webui.keyword.builtin.OpenBrowserKeyword$_openBrowser_closure1.doCall(OpenBrowserKeyword.groovy:74)
	at com.kms.katalon.core.webui.keyword.builtin.OpenBrowserKeyword$_openBrowser_closure1.call(OpenBrowserKeyword.groovy)
	at com.kms.katalon.core.webui.keyword.internal.WebUIKeywordMain.runKeyword(WebUIKeywordMain.groovy:20)
	... 23 more
"/>
         <system-out><![CDATA[2021-02-19 16:44:42 - [TEST_CASE][FAILED] - Test Cases/UploadDiffFiles_RegisterUser/TC_As a register user, Upload Exe File and verify Uploded file in Submission Page: Test Cases/UploadDiffFiles_RegisterUser/TC_As a register user, Upload Exe File and verify Uploded file in Submission Page FAILED.
Reason:
com.kms.katalon.core.exception.StepFailedException: Unable to open browser with url: 'https://Inspect.Stage.site.sa'
	at com.kms.katalon.core.webui.keyword.internal.WebUIKeywordMain.stepFailed(WebUIKeywordMain.groovy:64)
	at com.kms.katalon.core.webui.keyword.internal.WebUIKeywordMain.runKeyword(WebUIKeywordMain.groovy:26)
	at com.kms.katalon.core.webui.keyword.builtin.OpenBrowserKeyword.openBrowser(OpenBrowserKeyword.groovy:81)
	at com.kms.katalon.core.webui.keyword.builtin.OpenBrowserKeyword.execute(OpenBrowserKeyword.groovy:67)
	at com.kms.katalon.core.keyword.internal.KeywordExecutor.executeKeywordForPlatform(KeywordExecutor.groovy:73)
	at com.kms.katalon.core.webui.keyword.WebUiBuiltInKeywords.openBrowser(WebUiBuiltInKeywords.groovy:61)
	at com.kms.katalon.core.webui.keyword.WebUiBuiltInKeywords$openBrowser.call(Unknown Source)
	at customKeywords.commanFunctions.openBrowser(commanFunctions.groovy:47)
	at customKeywords.commanFunctions.uploadFileOfRegisterUser(commanFunctions.groovy:747)
	at customKeywords.commanFunctions.invokeMethod(commanFunctions.groovy)
	at com.kms.katalon.core.main.CustomKeywordDelegatingMetaClass.invokeStaticMethod(CustomKeywordDelegatingMetaClass.java:50)
	at TC_As a register user, Upload Exe File and verify Uploded file in Submission Page.run(TC_As a register user, Upload Exe File and verify Uploded file in Submission Page:16)
	at com.kms.katalon.core.main.ScriptEngine.run(ScriptEngine.java:194)
	at com.kms.katalon.core.main.ScriptEngine.runScriptAsRawText(ScriptEngine.java:119)
	at com.kms.katalon.core.main.TestCaseExecutor.runScript(TestCaseExecutor.java:394)
	at com.kms.katalon.core.main.TestCaseExecutor.doExecute(TestCaseExecutor.java:385)
	at com.kms.katalon.core.main.TestCaseExecutor.processExecutionPhase(TestCaseExecutor.java:364)
	at com.kms.katalon.core.main.TestCaseExecutor.accessMainPhase(TestCaseExecutor.java:356)
	at com.kms.katalon.core.main.TestCaseExecutor.execute(TestCaseExecutor.java:251)
	at com.kms.katalon.core.main.TestSuiteExecutor.accessTestCaseMainPhase(TestSuiteExecutor.java:203)
	at com.kms.katalon.core.main.TestSuiteExecutor.accessTestSuiteMainPhase(TestSuiteExecutor.java:152)
	at com.kms.katalon.core.main.TestSuiteExecutor.execute(TestSuiteExecutor.java:95)
	at com.kms.katalon.core.main.TestCaseMain.startTestSuite(TestCaseMain.java:157)
	at com.kms.katalon.core.main.TestCaseMain$startTestSuite$0.call(Unknown Source)
	at TempTestSuite1613733199540.run(TempTestSuite1613733199540.groovy:39)
Caused by: org.openqa.selenium.SessionNotCreatedException: session not created
from chrome not reachable
  (Session info: chrome=86.0.4240.75)
Build info: version: '3.141.59', revision: 'e82be7d358', time: '2018-11-14T08:25:53'
System info: host: 'OMTPGCN1132568L', ip: '192.168.1.1', os.name: 'Windows 10', os.arch: 'amd64', os.version: '10.0', java.version: '1.8.0_181'
Driver info: driver.version: CChromeDriver
remote stacktrace: Backtrace:
	Ordinal0 [0x00A8C013+3194899]
	Ordinal0 [0x00976021+2056225]
	Ordinal0 [0x0080F4B0+586928]
	Ordinal0 [0x00805894+546964]
	Ordinal0 [0x00805F2C+548652]
	Ordinal0 [0x00807175+553333]
	Ordinal0 [0x0080241E+533534]
	Ordinal0 [0x00810620+591392]
	Ordinal0 [0x007B2A0C+207372]
	Ordinal0 [0x007B1D0D+204045]
	Ordinal0 [0x007AFC1B+195611]
	Ordinal0 [0x00793B7F+80767]
	Ordinal0 [0x00794B4E+84814]
	Ordinal0 [0x00794AD9+84697]
	Ordinal0 [0x0098CE64+2149988]
	GetHandleVerifier [0x00BFBE95+1400773]
	GetHandleVerifier [0x00BFBB61+1399953]
	GetHandleVerifier [0x00C031FA+1430314]
	GetHandleVerifier [0x00BFC69F+1402831]
	Ordinal0 [0x00983D61+2112865]
	Ordinal0 [0x0098E5CB+2155979]
	Ordinal0 [0x0098E6F5+2156277]
	Ordinal0 [0x0099F26E+2224750]
	BaseThreadInitThunk [0x77026359+25]
	RtlGetAppContainerNamedObjectPath [0x77BD8944+228]
	RtlGetAppContainerNamedObjectPath [0x77BD8914+180]

	at org.openqa.selenium.remote.W3CHandshakeResponse.lambda$errorHandler$0(W3CHandshakeResponse.java:62)
	at org.openqa.selenium.remote.HandshakeResponse.lambda$getResponseFunction$0(HandshakeResponse.java:30)
	at org.openqa.selenium.remote.ProtocolHandshake.lambda$createSession$0(ProtocolHandshake.java:126)
	at org.openqa.selenium.remote.ProtocolHandshake.createSession(ProtocolHandshake.java:128)
	at org.openqa.selenium.remote.ProtocolHandshake.createSession(ProtocolHandshake.java:74)
	at org.openqa.selenium.remote.HttpCommandExecutor.execute(HttpCommandExecutor.java:136)
	at org.openqa.selenium.remote.service.DriverCommandExecutor.execute(DriverCommandExecutor.java:83)
	at org.openqa.selenium.remote.RemoteWebDriver.execute(RemoteWebDriver.java:552)
	at com.kms.katalon.selenium.driver.CChromeDriver.execute(CChromeDriver.java:19)
	at org.openqa.selenium.remote.RemoteWebDriver.startSession(RemoteWebDriver.java:213)
	at org.openqa.selenium.remote.RemoteWebDriver.<init>(RemoteWebDriver.java:131)
	at org.openqa.selenium.chrome.ChromeDriver.<init>(ChromeDriver.java:181)
	at org.openqa.selenium.chrome.ChromeDriver.<init>(ChromeDriver.java:147)
	at com.kms.katalon.selenium.driver.CChromeDriver.<init>(CChromeDriver.java:13)
	at com.kms.katalon.core.webui.driver.DriverFactory.createNewChromeDriver(DriverFactory.java:400)
	at com.kms.katalon.core.webui.driver.DriverFactory.startNewBrowser(DriverFactory.java:358)
	at com.kms.katalon.core.webui.driver.DriverFactory.openWebDriver(DriverFactory.java:245)
	at com.kms.katalon.core.webui.keyword.builtin.OpenBrowserKeyword$_openBrowser_closure1.doCall(OpenBrowserKeyword.groovy:74)
	at com.kms.katalon.core.webui.keyword.builtin.OpenBrowserKeyword$_openBrowser_closure1.call(OpenBrowserKeyword.groovy)
	at com.kms.katalon.core.webui.keyword.internal.WebUIKeywordMain.runKeyword(WebUIKeywordMain.groovy:20)
	... 23 more


2021-02-19 16:44:42 - [TEST_STEP][PASSED] - excelTestData = findTestData("Data Files/TestData/InspectTestData"): null

2021-02-19 16:44:42 - [TEST_STEP][PASSED] - rigisterUN = excelTestData.getValue(6, 23): null

2021-02-19 16:44:42 - [TEST_STEP][PASSED] - rigisterPW = excelTestData.getValue(3, 23): null

2021-02-19 16:44:42 - [TEST_STEP][FAILED] - customKeywords.commanFunctions.uploadFileOfRegisterUser(204, rigisterUN, rigisterPW): Unable to open browser with url: 'https://Inspect.Stage.site.sa'

2021-02-19 16:44:42 - [MESSAGE][INFO] - Starting 'Chrome' driver

2021-02-19 16:44:42 - [MESSAGE][INFO] - Action delay is set to 0 milliseconds

2021-02-19 16:44:55 - [MESSAGE][FAILED] - Unable to open browser with url: 'https://Inspect.Stage.site.sa' (Root cause: com.kms.katalon.core.exception.StepFailedException: Unable to open browser with url: 'https://Inspect.Stage.site.sa'
	at com.kms.katalon.core.webui.keyword.internal.WebUIKeywordMain.stepFailed(WebUIKeywordMain.groovy:64)
	at com.kms.katalon.core.webui.keyword.internal.WebUIKeywordMain.runKeyword(WebUIKeywordMain.groovy:26)
	at com.kms.katalon.core.webui.keyword.builtin.OpenBrowserKeyword.openBrowser(OpenBrowserKeyword.groovy:81)
	at com.kms.katalon.core.webui.keyword.builtin.OpenBrowserKeyword.execute(OpenBrowserKeyword.groovy:67)
	at com.kms.katalon.core.keyword.internal.KeywordExecutor.executeKeywordForPlatform(KeywordExecutor.groovy:73)
	at com.kms.katalon.core.webui.keyword.WebUiBuiltInKeywords.openBrowser(WebUiBuiltInKeywords.groovy:61)
	at com.kms.katalon.core.webui.keyword.WebUiBuiltInKeywords$openBrowser.call(Unknown Source)
	at customKeywords.commanFunctions.openBrowser(commanFunctions.groovy:47)
	at customKeywords.commanFunctions.uploadFileOfRegisterUser(commanFunctions.groovy:747)
	at customKeywords.commanFunctions.invokeMethod(commanFunctions.groovy)
	at com.kms.katalon.core.main.CustomKeywordDelegatingMetaClass.invokeStaticMethod(CustomKeywordDelegatingMetaClass.java:50)
	at TC_As a register user, Upload Exe File and verify Uploded file in Submission Page.run(TC_As a register user, Upload Exe File and verify Uploded file in Submission Page:16)
	at com.kms.katalon.core.main.ScriptEngine.run(ScriptEngine.java:194)
	at com.kms.katalon.core.main.ScriptEngine.runScriptAsRawText(ScriptEngine.java:119)
	at com.kms.katalon.core.main.TestCaseExecutor.runScript(TestCaseExecutor.java:394)
	at com.kms.katalon.core.main.TestCaseExecutor.doExecute(TestCaseExecutor.java:385)
	at com.kms.katalon.core.main.TestCaseExecutor.processExecutionPhase(TestCaseExecutor.java:364)
	at com.kms.katalon.core.main.TestCaseExecutor.accessMainPhase(TestCaseExecutor.java:356)
	at com.kms.katalon.core.main.TestCaseExecutor.execute(TestCaseExecutor.java:251)
	at com.kms.katalon.core.main.TestSuiteExecutor.accessTestCaseMainPhase(TestSuiteExecutor.java:203)
	at com.kms.katalon.core.main.TestSuiteExecutor.accessTestSuiteMainPhase(TestSuiteExecutor.java:152)
	at com.kms.katalon.core.main.TestSuiteExecutor.execute(TestSuiteExecutor.java:95)
	at com.kms.katalon.core.main.TestCaseMain.startTestSuite(TestCaseMain.java:157)
	at com.kms.katalon.core.main.TestCaseMain$startTestSuite$0.call(Unknown Source)
	at TempTestSuite1613733199540.run(TempTestSuite1613733199540.groovy:39)
Caused by: org.openqa.selenium.SessionNotCreatedException: session not created
from chrome not reachable
  (Session info: chrome=86.0.4240.75)
Build info: version: '3.141.59', revision: 'e82be7d358', time: '2018-11-14T08:25:53'
System info: host: 'OMTPGCN1132568L', ip: '192.168.1.1', os.name: 'Windows 10', os.arch: 'amd64', os.version: '10.0', java.version: '1.8.0_181'
Driver info: driver.version: CChromeDriver
remote stacktrace: Backtrace:
	Ordinal0 [0x00A8C013+3194899]
	Ordinal0 [0x00976021+2056225]
	Ordinal0 [0x0080F4B0+586928]
	Ordinal0 [0x00805894+546964]
	Ordinal0 [0x00805F2C+548652]
	Ordinal0 [0x00807175+553333]
	Ordinal0 [0x0080241E+533534]
	Ordinal0 [0x00810620+591392]
	Ordinal0 [0x007B2A0C+207372]
	Ordinal0 [0x007B1D0D+204045]
	Ordinal0 [0x007AFC1B+195611]
	Ordinal0 [0x00793B7F+80767]
	Ordinal0 [0x00794B4E+84814]
	Ordinal0 [0x00794AD9+84697]
	Ordinal0 [0x0098CE64+2149988]
	GetHandleVerifier [0x00BFBE95+1400773]
	GetHandleVerifier [0x00BFBB61+1399953]
	GetHandleVerifier [0x00C031FA+1430314]
	GetHandleVerifier [0x00BFC69F+1402831]
	Ordinal0 [0x00983D61+2112865]
	Ordinal0 [0x0098E5CB+2155979]
	Ordinal0 [0x0098E6F5+2156277]
	Ordinal0 [0x0099F26E+2224750]
	BaseThreadInitThunk [0x77026359+25]
	RtlGetAppContainerNamedObjectPath [0x77BD8944+228]
	RtlGetAppContainerNamedObjectPath [0x77BD8914+180]

	at org.openqa.selenium.remote.W3CHandshakeResponse.lambda$errorHandler$0(W3CHandshakeResponse.java:62)
	at org.openqa.selenium.remote.HandshakeResponse.lambda$getResponseFunction$0(HandshakeResponse.java:30)
	at org.openqa.selenium.remote.ProtocolHandshake.lambda$createSession$0(ProtocolHandshake.java:126)
	at org.openqa.selenium.remote.ProtocolHandshake.createSession(ProtocolHandshake.java:128)
	at org.openqa.selenium.remote.ProtocolHandshake.createSession(ProtocolHandshake.java:74)
	at org.openqa.selenium.remote.HttpCommandExecutor.execute(HttpCommandExecutor.java:136)
	at org.openqa.selenium.remote.service.DriverCommandExecutor.execute(DriverCommandExecutor.java:83)
	at org.openqa.selenium.remote.RemoteWebDriver.execute(RemoteWebDriver.java:552)
	at com.kms.katalon.selenium.driver.CChromeDriver.execute(CChromeDriver.java:19)
	at org.openqa.selenium.remote.RemoteWebDriver.startSession(RemoteWebDriver.java:213)
	at org.openqa.selenium.remote.RemoteWebDriver.<init>(RemoteWebDriver.java:131)
	at org.openqa.selenium.chrome.ChromeDriver.<init>(ChromeDriver.java:181)
	at org.openqa.selenium.chrome.ChromeDriver.<init>(ChromeDriver.java:147)
	at com.kms.katalon.selenium.driver.CChromeDriver.<init>(CChromeDriver.java:13)
	at com.kms.katalon.core.webui.driver.DriverFactory.createNewChromeDriver(DriverFactory.java:400)
	at com.kms.katalon.core.webui.driver.DriverFactory.startNewBrowser(DriverFactory.java:358)
	at com.kms.katalon.core.webui.driver.DriverFactory.openWebDriver(DriverFactory.java:245)
	at com.kms.katalon.core.webui.keyword.builtin.OpenBrowserKeyword$_openBrowser_closure1.doCall(OpenBrowserKeyword.groovy:74)
	at com.kms.katalon.core.webui.keyword.builtin.OpenBrowserKeyword$_openBrowser_closure1.call(OpenBrowserKeyword.groovy)
	at com.kms.katalon.core.webui.keyword.internal.WebUIKeywordMain.runKeyword(WebUIKeywordMain.groovy:20)
	at com.kms.katalon.core.webui.keyword.builtin.OpenBrowserKeyword.openBrowser(OpenBrowserKeyword.groovy:81)
	at com.kms.katalon.core.webui.keyword.builtin.OpenBrowserKeyword.execute(OpenBrowserKeyword.groovy:67)
	at com.kms.katalon.core.keyword.internal.KeywordExecutor.executeKeywordForPlatform(KeywordExecutor.groovy:73)
	at com.kms.katalon.core.webui.keyword.WebUiBuiltInKeywords.openBrowser(WebUiBuiltInKeywords.groovy:61)
	at com.kms.katalon.core.webui.keyword.WebUiBuiltInKeywords$openBrowser.call(Unknown Source)
	at customKeywords.commanFunctions.openBrowser(commanFunctions.groovy:47)
	at customKeywords.commanFunctions.uploadFileOfRegisterUser(commanFunctions.groovy:747)
	at customKeywords.commanFunctions.invokeMethod(commanFunctions.groovy)
	at com.kms.katalon.core.main.CustomKeywordDelegatingMetaClass.invokeStaticMethod(CustomKeywordDelegatingMetaClass.java:50)
	at Script1613223049787.run(Script1613223049787.groovy:16)
	... 13 more
)

2021-02-19 16:44:55 - [MESSAGE][FAILED] - Unable to open browser with url: 'https://Inspect.Stage.site.sa'

2021-02-19 16:44:55 - [TEST_STEP][PASSED] - Start tear down : tearDownMethodIfFailed: Method 'tearDownMethodIfFailed' complete successfully

2021-02-19 16:44:55 - [TEST_STEP][PASSED] - customKeywords.commanFunctions.onlyCloseBrowser(): customKeywords.commanFunctions.onlyCloseBrowser is PASSED

2021-02-19 16:44:55 - [MESSAGE][PASSED] - Browser is closed

2021-02-19 16:44:55 - [MESSAGE][PASSED] - customKeywords.commanFunctions.onlyCloseBrowser is PASSED

2021-02-19 16:44:55 - [TEST_STEP][PASSED] - logInfo("[--------This is tearDownIfFailed method------]"): [--------This is tearDownIfFailed method------]

2021-02-19 16:44:55 - [MESSAGE][INFO] - [--------This is tearDownIfFailed method------]

2021-02-19 16:44:55 - [MESSAGE][PASSED] - Method 'tearDownMethodIfFailed' complete successfully]]></system-out>
         <system-err><![CDATA[2021-02-19 16:44:42 - [TEST_CASE][FAILED] - Test Cases/UploadDiffFiles_RegisterUser/TC_As a register user, Upload Exe File and verify Uploded file in Submission Page: Test Cases/UploadDiffFiles_RegisterUser/TC_As a register user, Upload Exe File and verify Uploded file in Submission Page FAILED.
Reason:
com.kms.katalon.core.exception.StepFailedException: Unable to open browser with url: 'https://Inspect.Stage.site.sa'
	at com.kms.katalon.core.webui.keyword.internal.WebUIKeywordMain.stepFailed(WebUIKeywordMain.groovy:64)
	at com.kms.katalon.core.webui.keyword.internal.WebUIKeywordMain.runKeyword(WebUIKeywordMain.groovy:26)
	at com.kms.katalon.core.webui.keyword.builtin.OpenBrowserKeyword.openBrowser(OpenBrowserKeyword.groovy:81)
	at com.kms.katalon.core.webui.keyword.builtin.OpenBrowserKeyword.execute(OpenBrowserKeyword.groovy:67)
	at com.kms.katalon.core.keyword.internal.KeywordExecutor.executeKeywordForPlatform(KeywordExecutor.groovy:73)
	at com.kms.katalon.core.webui.keyword.WebUiBuiltInKeywords.openBrowser(WebUiBuiltInKeywords.groovy:61)
	at com.kms.katalon.core.webui.keyword.WebUiBuiltInKeywords$openBrowser.call(Unknown Source)
	at customKeywords.commanFunctions.openBrowser(commanFunctions.groovy:47)
	at customKeywords.commanFunctions.uploadFileOfRegisterUser(commanFunctions.groovy:747)
	at customKeywords.commanFunctions.invokeMethod(commanFunctions.groovy)
	at com.kms.katalon.core.main.CustomKeywordDelegatingMetaClass.invokeStaticMethod(CustomKeywordDelegatingMetaClass.java:50)
	at TC_As a register user, Upload Exe File and verify Uploded file in Submission Page.run(TC_As a register user, Upload Exe File and verify Uploded file in Submission Page:16)
	at com.kms.katalon.core.main.ScriptEngine.run(ScriptEngine.java:194)
	at com.kms.katalon.core.main.ScriptEngine.runScriptAsRawText(ScriptEngine.java:119)
	at com.kms.katalon.core.main.TestCaseExecutor.runScript(TestCaseExecutor.java:394)
	at com.kms.katalon.core.main.TestCaseExecutor.doExecute(TestCaseExecutor.java:385)
	at com.kms.katalon.core.main.TestCaseExecutor.processExecutionPhase(TestCaseExecutor.java:364)
	at com.kms.katalon.core.main.TestCaseExecutor.accessMainPhase(TestCaseExecutor.java:356)
	at com.kms.katalon.core.main.TestCaseExecutor.execute(TestCaseExecutor.java:251)
	at com.kms.katalon.core.main.TestSuiteExecutor.accessTestCaseMainPhase(TestSuiteExecutor.java:203)
	at com.kms.katalon.core.main.TestSuiteExecutor.accessTestSuiteMainPhase(TestSuiteExecutor.java:152)
	at com.kms.katalon.core.main.TestSuiteExecutor.execute(TestSuiteExecutor.java:95)
	at com.kms.katalon.core.main.TestCaseMain.startTestSuite(TestCaseMain.java:157)
	at com.kms.katalon.core.main.TestCaseMain$startTestSuite$0.call(Unknown Source)
	at TempTestSuite1613733199540.run(TempTestSuite1613733199540.groovy:39)
Caused by: org.openqa.selenium.SessionNotCreatedException: session not created
from chrome not reachable
  (Session info: chrome=86.0.4240.75)
Build info: version: '3.141.59', revision: 'e82be7d358', time: '2018-11-14T08:25:53'
System info: host: 'OMTPGCN1132568L', ip: '192.168.1.1', os.name: 'Windows 10', os.arch: 'amd64', os.version: '10.0', java.version: '1.8.0_181'
Driver info: driver.version: CChromeDriver
remote stacktrace: Backtrace:
	Ordinal0 [0x00A8C013+3194899]
	Ordinal0 [0x00976021+2056225]
	Ordinal0 [0x0080F4B0+586928]
	Ordinal0 [0x00805894+546964]
	Ordinal0 [0x00805F2C+548652]
	Ordinal0 [0x00807175+553333]
	Ordinal0 [0x0080241E+533534]
	Ordinal0 [0x00810620+591392]
	Ordinal0 [0x007B2A0C+207372]
	Ordinal0 [0x007B1D0D+204045]
	Ordinal0 [0x007AFC1B+195611]
	Ordinal0 [0x00793B7F+80767]
	Ordinal0 [0x00794B4E+84814]
	Ordinal0 [0x00794AD9+84697]
	Ordinal0 [0x0098CE64+2149988]
	GetHandleVerifier [0x00BFBE95+1400773]
	GetHandleVerifier [0x00BFBB61+1399953]
	GetHandleVerifier [0x00C031FA+1430314]
	GetHandleVerifier [0x00BFC69F+1402831]
	Ordinal0 [0x00983D61+2112865]
	Ordinal0 [0x0098E5CB+2155979]
	Ordinal0 [0x0098E6F5+2156277]
	Ordinal0 [0x0099F26E+2224750]
	BaseThreadInitThunk [0x77026359+25]
	RtlGetAppContainerNamedObjectPath [0x77BD8944+228]
	RtlGetAppContainerNamedObjectPath [0x77BD8914+180]

	at org.openqa.selenium.remote.W3CHandshakeResponse.lambda$errorHandler$0(W3CHandshakeResponse.java:62)
	at org.openqa.selenium.remote.HandshakeResponse.lambda$getResponseFunction$0(HandshakeResponse.java:30)
	at org.openqa.selenium.remote.ProtocolHandshake.lambda$createSession$0(ProtocolHandshake.java:126)
	at org.openqa.selenium.remote.ProtocolHandshake.createSession(ProtocolHandshake.java:128)
	at org.openqa.selenium.remote.ProtocolHandshake.createSession(ProtocolHandshake.java:74)
	at org.openqa.selenium.remote.HttpCommandExecutor.execute(HttpCommandExecutor.java:136)
	at org.openqa.selenium.remote.service.DriverCommandExecutor.execute(DriverCommandExecutor.java:83)
	at org.openqa.selenium.remote.RemoteWebDriver.execute(RemoteWebDriver.java:552)
	at com.kms.katalon.selenium.driver.CChromeDriver.execute(CChromeDriver.java:19)
	at org.openqa.selenium.remote.RemoteWebDriver.startSession(RemoteWebDriver.java:213)
	at org.openqa.selenium.remote.RemoteWebDriver.<init>(RemoteWebDriver.java:131)
	at org.openqa.selenium.chrome.ChromeDriver.<init>(ChromeDriver.java:181)
	at org.openqa.selenium.chrome.ChromeDriver.<init>(ChromeDriver.java:147)
	at com.kms.katalon.selenium.driver.CChromeDriver.<init>(CChromeDriver.java:13)
	at com.kms.katalon.core.webui.driver.DriverFactory.createNewChromeDriver(DriverFactory.java:400)
	at com.kms.katalon.core.webui.driver.DriverFactory.startNewBrowser(DriverFactory.java:358)
	at com.kms.katalon.core.webui.driver.DriverFactory.openWebDriver(DriverFactory.java:245)
	at com.kms.katalon.core.webui.keyword.builtin.OpenBrowserKeyword$_openBrowser_closure1.doCall(OpenBrowserKeyword.groovy:74)
	at com.kms.katalon.core.webui.keyword.builtin.OpenBrowserKeyword$_openBrowser_closure1.call(OpenBrowserKeyword.groovy)
	at com.kms.katalon.core.webui.keyword.internal.WebUIKeywordMain.runKeyword(WebUIKeywordMain.groovy:20)
	... 23 more]]></system-err>
      </testcase>
      <testcase name="Test Cases/UploadDiffFiles_RegisterUser/TC_As a register user, Upload Graphics Interchange Format File and verify Uploded file in Submission Page" time="14.792" classname="Test Cases/UploadDiffFiles_RegisterUser/TC_As a register user, Upload Graphics Interchange Format File and verify Uploded file in Submission Page" status="FAILED">
         <failure type="FAILED" message="Test Cases/UploadDiffFiles_RegisterUser/TC_As a register user, Upload Graphics Interchange Format File and verify Uploded file in Submission Page FAILED.
Reason:
com.kms.katalon.core.exception.StepFailedException: Unable to send keys 'Test@12345' to object 'Object Repository/LoginAndRigisterUser/Password_Input'
	at com.kms.katalon.core.webui.keyword.internal.WebUIKeywordMain.stepFailed(WebUIKeywordMain.groovy:64)
	at com.kms.katalon.core.webui.keyword.internal.WebUIKeywordMain.runKeyword(WebUIKeywordMain.groovy:26)
	at com.kms.katalon.core.webui.keyword.builtin.SendKeysKeyword.sendKeys(SendKeysKeyword.groovy:60)
	at com.kms.katalon.core.webui.keyword.builtin.SendKeysKeyword.execute(SendKeysKeyword.groovy:38)
	at com.kms.katalon.core.keyword.internal.KeywordExecutor.executeKeywordForPlatform(KeywordExecutor.groovy:73)
	at com.kms.katalon.core.webui.keyword.WebUiBuiltInKeywords.sendKeys(WebUiBuiltInKeywords.groovy:861)
	at com.kms.katalon.core.webui.keyword.WebUiBuiltInKeywords$sendKeys$4.call(Unknown Source)
	at customKeywords.commanFunctions.logIntoBrowserWithReqCredentials(commanFunctions.groovy:70)
	at customKeywords.commanFunctions.uploadFileOfRegisterUser(commanFunctions.groovy:753)
	at customKeywords.commanFunctions.invokeMethod(commanFunctions.groovy)
	at com.kms.katalon.core.main.CustomKeywordDelegatingMetaClass.invokeStaticMethod(CustomKeywordDelegatingMetaClass.java:50)
	at TC_As a register user, Upload Graphics Interchange Format File and verify Uploded file in Submission Page.run(TC_As a register user, Upload Graphics Interchange Format File and verify Uploded file in Submission Page:16)
	at com.kms.katalon.core.main.ScriptEngine.run(ScriptEngine.java:194)
	at com.kms.katalon.core.main.ScriptEngine.runScriptAsRawText(ScriptEngine.java:119)
	at com.kms.katalon.core.main.TestCaseExecutor.runScript(TestCaseExecutor.java:394)
	at com.kms.katalon.core.main.TestCaseExecutor.doExecute(TestCaseExecutor.java:385)
	at com.kms.katalon.core.main.TestCaseExecutor.processExecutionPhase(TestCaseExecutor.java:364)
	at com.kms.katalon.core.main.TestCaseExecutor.accessMainPhase(TestCaseExecutor.java:356)
	at com.kms.katalon.core.main.TestCaseExecutor.execute(TestCaseExecutor.java:251)
	at com.kms.katalon.core.main.TestSuiteExecutor.accessTestCaseMainPhase(TestSuiteExecutor.java:203)
	at com.kms.katalon.core.main.TestSuiteExecutor.accessTestSuiteMainPhase(TestSuiteExecutor.java:152)
	at com.kms.katalon.core.main.TestSuiteExecutor.execute(TestSuiteExecutor.java:95)
	at com.kms.katalon.core.main.TestCaseMain.startTestSuite(TestCaseMain.java:157)
	at com.kms.katalon.core.main.TestCaseMain$startTestSuite$0.call(Unknown Source)
	at TempTestSuite1613733199540.run(TempTestSuite1613733199540.groovy:39)
Caused by: org.openqa.selenium.NoSuchWindowException: no such window: target window already closed
from unknown error: web view not found
  (Session info: chrome=86.0.4240.75)
Build info: version: '3.141.59', revision: 'e82be7d358', time: '2018-11-14T08:25:53'
System info: host: 'OMTPGCN1132568L', ip: '192.168.1.1', os.name: 'Windows 10', os.arch: 'amd64', os.version: '10.0', java.version: '1.8.0_181'
Driver info: com.kms.katalon.selenium.driver.CChromeDriver
Capabilities {acceptInsecureCerts: false, browserName: chrome, browserVersion: 86.0.4240.75, chrome: {chromedriverVersion: 86.0.4240.22 (398b0743353ff..., userDataDir: C:\Users\ashok\AppData\Loca...}, goog:chromeOptions: {debuggerAddress: localhost:50741}, javascriptEnabled: true, networkConnectionEnabled: false, pageLoadStrategy: normal, platform: WINDOWS, platformName: WINDOWS, proxy: Proxy(), setWindowRect: true, strictFileInteractability: false, timeouts: {implicit: 0, pageLoad: 300000, script: 30000}, unhandledPromptBehavior: dismiss and notify, webauthn:virtualAuthenticators: true}
Session ID: 9fd9b0bd2cf16ca3f17a6ab4ee968048
*** Element info: {Using=xpath, value=//app-header/nz-layout[1]/nz-content[1]/app-login[1]/div[2]/div[1]/form[1]/nz-form-item[2]/nz-form-control[1]/div[1]/span[1]/nz-input-group[1]/input[1]}
	at org.openqa.selenium.remote.http.W3CHttpResponseCodec.createException(W3CHttpResponseCodec.java:187)
	at org.openqa.selenium.remote.http.W3CHttpResponseCodec.decode(W3CHttpResponseCodec.java:122)
	at org.openqa.selenium.remote.http.W3CHttpResponseCodec.decode(W3CHttpResponseCodec.java:49)
	at org.openqa.selenium.remote.HttpCommandExecutor.execute(HttpCommandExecutor.java:158)
	at org.openqa.selenium.remote.service.DriverCommandExecutor.execute(DriverCommandExecutor.java:83)
	at org.openqa.selenium.remote.RemoteWebDriver.execute(RemoteWebDriver.java:552)
	at com.kms.katalon.selenium.driver.CChromeDriver.execute(CChromeDriver.java:19)
	at org.openqa.selenium.remote.RemoteWebDriver.findElements(RemoteWebDriver.java:353)
	at org.openqa.selenium.remote.RemoteWebDriver.findElementsByXPath(RemoteWebDriver.java:432)
	at org.openqa.selenium.By$ByXPath.findElements(By.java:348)
	at org.openqa.selenium.remote.RemoteWebDriver.findElements(RemoteWebDriver.java:311)
	at org.openqa.selenium.support.events.EventFiringWebDriver.lambda$new$1(EventFiringWebDriver.java:105)
	at com.sun.proxy.$Proxy11.findElements(Unknown Source)
	at org.openqa.selenium.support.events.EventFiringWebDriver.findElements(EventFiringWebDriver.java:182)
	at com.kms.katalon.core.webui.common.WebUiCommonHelper.findElementByNormalMethods(WebUiCommonHelper.java:1014)
	at com.kms.katalon.core.webui.common.WebUiCommonHelper.findElementsBySelectedMethod(WebUiCommonHelper.java:903)
	at com.kms.katalon.core.webui.common.WebUiCommonHelper.findElementsBySelectedMethod(WebUiCommonHelper.java:892)
	at com.kms.katalon.core.webui.common.WebUiCommonHelper.findElementsBySelectedMethod(WebUiCommonHelper.java:887)
	at com.kms.katalon.core.webui.common.WebUiCommonHelper.findElementsByDefault(WebUiCommonHelper.java:883)
	at com.kms.katalon.core.webui.common.WebUiCommonHelper.findElementsWithSelfHealing(WebUiCommonHelper.java:733)
	at com.kms.katalon.core.webui.common.WebUiCommonHelper.findWebElements(WebUiCommonHelper.java:718)
	at com.kms.katalon.core.webui.common.WebUiCommonHelper.findWebElement(WebUiCommonHelper.java:1364)
	at com.kms.katalon.core.webui.keyword.internal.WebUIAbstractKeyword.findWebElement(WebUIAbstractKeyword.groovy:27)
	at com.kms.katalon.core.webui.keyword.internal.WebUIAbstractKeyword.findWebElement(WebUIAbstractKeyword.groovy:26)
	at com.kms.katalon.core.webui.keyword.builtin.SendKeysKeyword$_sendKeys_closure1.doCall(SendKeysKeyword.groovy:52)
	at com.kms.katalon.core.webui.keyword.builtin.SendKeysKeyword$_sendKeys_closure1.call(SendKeysKeyword.groovy)
	at com.kms.katalon.core.webui.keyword.internal.WebUIKeywordMain.runKeyword(WebUIKeywordMain.groovy:20)
	... 23 more
"/>
         <system-out><![CDATA[2021-02-19 16:44:55 - [TEST_CASE][FAILED] - Test Cases/UploadDiffFiles_RegisterUser/TC_As a register user, Upload Graphics Interchange Format File and verify Uploded file in Submission Page: Test Cases/UploadDiffFiles_RegisterUser/TC_As a register user, Upload Graphics Interchange Format File and verify Uploded file in Submission Page FAILED.
Reason:
com.kms.katalon.core.exception.StepFailedException: Unable to send keys 'Test@12345' to object 'Object Repository/LoginAndRigisterUser/Password_Input'
	at com.kms.katalon.core.webui.keyword.internal.WebUIKeywordMain.stepFailed(WebUIKeywordMain.groovy:64)
	at com.kms.katalon.core.webui.keyword.internal.WebUIKeywordMain.runKeyword(WebUIKeywordMain.groovy:26)
	at com.kms.katalon.core.webui.keyword.builtin.SendKeysKeyword.sendKeys(SendKeysKeyword.groovy:60)
	at com.kms.katalon.core.webui.keyword.builtin.SendKeysKeyword.execute(SendKeysKeyword.groovy:38)
	at com.kms.katalon.core.keyword.internal.KeywordExecutor.executeKeywordForPlatform(KeywordExecutor.groovy:73)
	at com.kms.katalon.core.webui.keyword.WebUiBuiltInKeywords.sendKeys(WebUiBuiltInKeywords.groovy:861)
	at com.kms.katalon.core.webui.keyword.WebUiBuiltInKeywords$sendKeys$4.call(Unknown Source)
	at customKeywords.commanFunctions.logIntoBrowserWithReqCredentials(commanFunctions.groovy:70)
	at customKeywords.commanFunctions.uploadFileOfRegisterUser(commanFunctions.groovy:753)
	at customKeywords.commanFunctions.invokeMethod(commanFunctions.groovy)
	at com.kms.katalon.core.main.CustomKeywordDelegatingMetaClass.invokeStaticMethod(CustomKeywordDelegatingMetaClass.java:50)
	at TC_As a register user, Upload Graphics Interchange Format File and verify Uploded file in Submission Page.run(TC_As a register user, Upload Graphics Interchange Format File and verify Uploded file in Submission Page:16)
	at com.kms.katalon.core.main.ScriptEngine.run(ScriptEngine.java:194)
	at com.kms.katalon.core.main.ScriptEngine.runScriptAsRawText(ScriptEngine.java:119)
	at com.kms.katalon.core.main.TestCaseExecutor.runScript(TestCaseExecutor.java:394)
	at com.kms.katalon.core.main.TestCaseExecutor.doExecute(TestCaseExecutor.java:385)
	at com.kms.katalon.core.main.TestCaseExecutor.processExecutionPhase(TestCaseExecutor.java:364)
	at com.kms.katalon.core.main.TestCaseExecutor.accessMainPhase(TestCaseExecutor.java:356)
	at com.kms.katalon.core.main.TestCaseExecutor.execute(TestCaseExecutor.java:251)
	at com.kms.katalon.core.main.TestSuiteExecutor.accessTestCaseMainPhase(TestSuiteExecutor.java:203)
	at com.kms.katalon.core.main.TestSuiteExecutor.accessTestSuiteMainPhase(TestSuiteExecutor.java:152)
	at com.kms.katalon.core.main.TestSuiteExecutor.execute(TestSuiteExecutor.java:95)
	at com.kms.katalon.core.main.TestCaseMain.startTestSuite(TestCaseMain.java:157)
	at com.kms.katalon.core.main.TestCaseMain$startTestSuite$0.call(Unknown Source)
	at TempTestSuite1613733199540.run(TempTestSuite1613733199540.groovy:39)
Caused by: org.openqa.selenium.NoSuchWindowException: no such window: target window already closed
from unknown error: web view not found
  (Session info: chrome=86.0.4240.75)
Build info: version: '3.141.59', revision: 'e82be7d358', time: '2018-11-14T08:25:53'
System info: host: 'OMTPGCN1132568L', ip: '192.168.1.1', os.name: 'Windows 10', os.arch: 'amd64', os.version: '10.0', java.version: '1.8.0_181'
Driver info: com.kms.katalon.selenium.driver.CChromeDriver
Capabilities {acceptInsecureCerts: false, browserName: chrome, browserVersion: 86.0.4240.75, chrome: {chromedriverVersion: 86.0.4240.22 (398b0743353ff..., userDataDir: C:\Users\ashok\AppData\Loca...}, goog:chromeOptions: {debuggerAddress: localhost:50741}, javascriptEnabled: true, networkConnectionEnabled: false, pageLoadStrategy: normal, platform: WINDOWS, platformName: WINDOWS, proxy: Proxy(), setWindowRect: true, strictFileInteractability: false, timeouts: {implicit: 0, pageLoad: 300000, script: 30000}, unhandledPromptBehavior: dismiss and notify, webauthn:virtualAuthenticators: true}
Session ID: 9fd9b0bd2cf16ca3f17a6ab4ee968048
*** Element info: {Using=xpath, value=//app-header/nz-layout[1]/nz-content[1]/app-login[1]/div[2]/div[1]/form[1]/nz-form-item[2]/nz-form-control[1]/div[1]/span[1]/nz-input-group[1]/input[1]}
	at org.openqa.selenium.remote.http.W3CHttpResponseCodec.createException(W3CHttpResponseCodec.java:187)
	at org.openqa.selenium.remote.http.W3CHttpResponseCodec.decode(W3CHttpResponseCodec.java:122)
	at org.openqa.selenium.remote.http.W3CHttpResponseCodec.decode(W3CHttpResponseCodec.java:49)
	at org.openqa.selenium.remote.HttpCommandExecutor.execute(HttpCommandExecutor.java:158)
	at org.openqa.selenium.remote.service.DriverCommandExecutor.execute(DriverCommandExecutor.java:83)
	at org.openqa.selenium.remote.RemoteWebDriver.execute(RemoteWebDriver.java:552)
	at com.kms.katalon.selenium.driver.CChromeDriver.execute(CChromeDriver.java:19)
	at org.openqa.selenium.remote.RemoteWebDriver.findElements(RemoteWebDriver.java:353)
	at org.openqa.selenium.remote.RemoteWebDriver.findElementsByXPath(RemoteWebDriver.java:432)
	at org.openqa.selenium.By$ByXPath.findElements(By.java:348)
	at org.openqa.selenium.remote.RemoteWebDriver.findElements(RemoteWebDriver.java:311)
	at org.openqa.selenium.support.events.EventFiringWebDriver.lambda$new$1(EventFiringWebDriver.java:105)
	at com.sun.proxy.$Proxy11.findElements(Unknown Source)
	at org.openqa.selenium.support.events.EventFiringWebDriver.findElements(EventFiringWebDriver.java:182)
	at com.kms.katalon.core.webui.common.WebUiCommonHelper.findElementByNormalMethods(WebUiCommonHelper.java:1014)
	at com.kms.katalon.core.webui.common.WebUiCommonHelper.findElementsBySelectedMethod(WebUiCommonHelper.java:903)
	at com.kms.katalon.core.webui.common.WebUiCommonHelper.findElementsBySelectedMethod(WebUiCommonHelper.java:892)
	at com.kms.katalon.core.webui.common.WebUiCommonHelper.findElementsBySelectedMethod(WebUiCommonHelper.java:887)
	at com.kms.katalon.core.webui.common.WebUiCommonHelper.findElementsByDefault(WebUiCommonHelper.java:883)
	at com.kms.katalon.core.webui.common.WebUiCommonHelper.findElementsWithSelfHealing(WebUiCommonHelper.java:733)
	at com.kms.katalon.core.webui.common.WebUiCommonHelper.findWebElements(WebUiCommonHelper.java:718)
	at com.kms.katalon.core.webui.common.WebUiCommonHelper.findWebElement(WebUiCommonHelper.java:1364)
	at com.kms.katalon.core.webui.keyword.internal.WebUIAbstractKeyword.findWebElement(WebUIAbstractKeyword.groovy:27)
	at com.kms.katalon.core.webui.keyword.internal.WebUIAbstractKeyword.findWebElement(WebUIAbstractKeyword.groovy:26)
	at com.kms.katalon.core.webui.keyword.builtin.SendKeysKeyword$_sendKeys_closure1.doCall(SendKeysKeyword.groovy:52)
	at com.kms.katalon.core.webui.keyword.builtin.SendKeysKeyword$_sendKeys_closure1.call(SendKeysKeyword.groovy)
	at com.kms.katalon.core.webui.keyword.internal.WebUIKeywordMain.runKeyword(WebUIKeywordMain.groovy:20)
	... 23 more


2021-02-19 16:44:55 - [TEST_STEP][PASSED] - excelTestData = findTestData("Data Files/TestData/InspectTestData"): null

2021-02-19 16:44:55 - [TEST_STEP][PASSED] - rigisterUN = excelTestData.getValue(2, 23): null

2021-02-19 16:44:55 - [TEST_STEP][PASSED] - rigisterPW = excelTestData.getValue(3, 23): null

2021-02-19 16:44:55 - [TEST_STEP][FAILED] - customKeywords.commanFunctions.uploadFileOfRegisterUser(288, rigisterUN, rigisterPW): Unable to send keys 'Test@12345' to object 'Object Repository/LoginAndRigisterUser/Password_Input'

2021-02-19 16:44:56 - [MESSAGE][INFO] - Starting 'Chrome' driver

2021-02-19 16:44:56 - [MESSAGE][INFO] - Action delay is set to 0 milliseconds

2021-02-19 16:45:05 - [MESSAGE][PASSED] - Browser is opened with url: 'https://Inspect.Stage.site.sa'

2021-02-19 16:45:07 - [MESSAGE][PASSED] - Current window maximized

2021-02-19 16:45:07 - [MESSAGE][PASSED] - Wait for page load successfully

2021-02-19 16:45:08 - [MESSAGE][PASSED] - Object 'Object Repository/LoginAndRigisterUser/LoginLink' is clickable

2021-02-19 16:45:08 - [MESSAGE][INFO] - Clicked on element with JS

2021-02-19 16:45:09 - [MESSAGE][PASSED] - Keys 'Os-ARahman@projects.site.sa' sent to object: 'Object Repository/LoginAndRigisterUser/UserName_Email_Input'

2021-02-19 16:45:09 - [MESSAGE][WARNING] - [SELF-HEALING] Failed to find element with id 'Object Repository/LoginAndRigisterUser/Password_Input'. Try using Self-healing.

2021-02-19 16:45:09 - [MESSAGE][ERROR] - [SELF-HEALING] java.lang.IllegalStateException: Expected BEGIN_OBJECT but was STRING at line 1 column 1 path $

2021-02-19 16:45:09 - [MESSAGE][WARNING] - [SELF-HEALING] Cannot find elements when the XPath is null.

2021-02-19 16:45:09 - [MESSAGE][WARNING] - [SELF-HEALING] Cannot find elements when the selector is null

2021-02-19 16:45:09 - [MESSAGE][WARNING] - Cannot take screenshot

2021-02-19 16:45:09 - [MESSAGE][FAILED] - Unable to send keys 'Test@12345' to object 'Object Repository/LoginAndRigisterUser/Password_Input' (Root cause: com.kms.katalon.core.exception.StepFailedException: Unable to send keys 'Test@12345' to object 'Object Repository/LoginAndRigisterUser/Password_Input'
	at com.kms.katalon.core.webui.keyword.internal.WebUIKeywordMain.stepFailed(WebUIKeywordMain.groovy:64)
	at com.kms.katalon.core.webui.keyword.internal.WebUIKeywordMain.runKeyword(WebUIKeywordMain.groovy:26)
	at com.kms.katalon.core.webui.keyword.builtin.SendKeysKeyword.sendKeys(SendKeysKeyword.groovy:60)
	at com.kms.katalon.core.webui.keyword.builtin.SendKeysKeyword.execute(SendKeysKeyword.groovy:38)
	at com.kms.katalon.core.keyword.internal.KeywordExecutor.executeKeywordForPlatform(KeywordExecutor.groovy:73)
	at com.kms.katalon.core.webui.keyword.WebUiBuiltInKeywords.sendKeys(WebUiBuiltInKeywords.groovy:861)
	at com.kms.katalon.core.webui.keyword.WebUiBuiltInKeywords$sendKeys$4.call(Unknown Source)
	at customKeywords.commanFunctions.logIntoBrowserWithReqCredentials(commanFunctions.groovy:70)
	at customKeywords.commanFunctions.uploadFileOfRegisterUser(commanFunctions.groovy:753)
	at customKeywords.commanFunctions.invokeMethod(commanFunctions.groovy)
	at com.kms.katalon.core.main.CustomKeywordDelegatingMetaClass.invokeStaticMethod(CustomKeywordDelegatingMetaClass.java:50)
	at TC_As a register user, Upload Graphics Interchange Format File and verify Uploded file in Submission Page.run(TC_As a register user, Upload Graphics Interchange Format File and verify Uploded file in Submission Page:16)
	at com.kms.katalon.core.main.ScriptEngine.run(ScriptEngine.java:194)
	at com.kms.katalon.core.main.ScriptEngine.runScriptAsRawText(ScriptEngine.java:119)
	at com.kms.katalon.core.main.TestCaseExecutor.runScript(TestCaseExecutor.java:394)
	at com.kms.katalon.core.main.TestCaseExecutor.doExecute(TestCaseExecutor.java:385)
	at com.kms.katalon.core.main.TestCaseExecutor.processExecutionPhase(TestCaseExecutor.java:364)
	at com.kms.katalon.core.main.TestCaseExecutor.accessMainPhase(TestCaseExecutor.java:356)
	at com.kms.katalon.core.main.TestCaseExecutor.execute(TestCaseExecutor.java:251)
	at com.kms.katalon.core.main.TestSuiteExecutor.accessTestCaseMainPhase(TestSuiteExecutor.java:203)
	at com.kms.katalon.core.main.TestSuiteExecutor.accessTestSuiteMainPhase(TestSuiteExecutor.java:152)
	at com.kms.katalon.core.main.TestSuiteExecutor.execute(TestSuiteExecutor.java:95)
	at com.kms.katalon.core.main.TestCaseMain.startTestSuite(TestCaseMain.java:157)
	at com.kms.katalon.core.main.TestCaseMain$startTestSuite$0.call(Unknown Source)
	at TempTestSuite1613733199540.run(TempTestSuite1613733199540.groovy:39)
Caused by: org.openqa.selenium.NoSuchWindowException: no such window: target window already closed
from unknown error: web view not found
  (Session info: chrome=86.0.4240.75)
Build info: version: '3.141.59', revision: 'e82be7d358', time: '2018-11-14T08:25:53'
System info: host: 'OMTPGCN1132568L', ip: '192.168.1.1', os.name: 'Windows 10', os.arch: 'amd64', os.version: '10.0', java.version: '1.8.0_181'
Driver info: com.kms.katalon.selenium.driver.CChromeDriver
Capabilities {acceptInsecureCerts: false, browserName: chrome, browserVersion: 86.0.4240.75, chrome: {chromedriverVersion: 86.0.4240.22 (398b0743353ff..., userDataDir: C:\Users\ashok\AppData\Loca...}, goog:chromeOptions: {debuggerAddress: localhost:50741}, javascriptEnabled: true, networkConnectionEnabled: false, pageLoadStrategy: normal, platform: WINDOWS, platformName: WINDOWS, proxy: Proxy(), setWindowRect: true, strictFileInteractability: false, timeouts: {implicit: 0, pageLoad: 300000, script: 30000}, unhandledPromptBehavior: dismiss and notify, webauthn:virtualAuthenticators: true}
Session ID: 9fd9b0bd2cf16ca3f17a6ab4ee968048
*** Element info: {Using=xpath, value=//app-header/nz-layout[1]/nz-content[1]/app-login[1]/div[2]/div[1]/form[1]/nz-form-item[2]/nz-form-control[1]/div[1]/span[1]/nz-input-group[1]/input[1]}
	at org.openqa.selenium.remote.http.W3CHttpResponseCodec.createException(W3CHttpResponseCodec.java:187)
	at org.openqa.selenium.remote.http.W3CHttpResponseCodec.decode(W3CHttpResponseCodec.java:122)
	at org.openqa.selenium.remote.http.W3CHttpResponseCodec.decode(W3CHttpResponseCodec.java:49)
	at org.openqa.selenium.remote.HttpCommandExecutor.execute(HttpCommandExecutor.java:158)
	at org.openqa.selenium.remote.service.DriverCommandExecutor.execute(DriverCommandExecutor.java:83)
	at org.openqa.selenium.remote.RemoteWebDriver.execute(RemoteWebDriver.java:552)
	at com.kms.katalon.selenium.driver.CChromeDriver.execute(CChromeDriver.java:19)
	at org.openqa.selenium.remote.RemoteWebDriver.findElements(RemoteWebDriver.java:353)
	at org.openqa.selenium.remote.RemoteWebDriver.findElementsByXPath(RemoteWebDriver.java:432)
	at org.openqa.selenium.By$ByXPath.findElements(By.java:348)
	at org.openqa.selenium.remote.RemoteWebDriver.findElements(RemoteWebDriver.java:311)
	at org.openqa.selenium.support.events.EventFiringWebDriver.lambda$new$1(EventFiringWebDriver.java:105)
	at com.sun.proxy.$Proxy11.findElements(Unknown Source)
	at org.openqa.selenium.support.events.EventFiringWebDriver.findElements(EventFiringWebDriver.java:182)
	at com.kms.katalon.core.webui.common.WebUiCommonHelper.findElementByNormalMethods(WebUiCommonHelper.java:1014)
	at com.kms.katalon.core.webui.common.WebUiCommonHelper.findElementsBySelectedMethod(WebUiCommonHelper.java:903)
	at com.kms.katalon.core.webui.common.WebUiCommonHelper.findElementsBySelectedMethod(WebUiCommonHelper.java:892)
	at com.kms.katalon.core.webui.common.WebUiCommonHelper.findElementsBySelectedMethod(WebUiCommonHelper.java:887)
	at com.kms.katalon.core.webui.common.WebUiCommonHelper.findElementsByDefault(WebUiCommonHelper.java:883)
	at com.kms.katalon.core.webui.common.WebUiCommonHelper.findElementsWithSelfHealing(WebUiCommonHelper.java:733)
	at com.kms.katalon.core.webui.common.WebUiCommonHelper.findWebElements(WebUiCommonHelper.java:718)
	at com.kms.katalon.core.webui.common.WebUiCommonHelper.findWebElement(WebUiCommonHelper.java:1364)
	at com.kms.katalon.core.webui.keyword.internal.WebUIAbstractKeyword.findWebElement(WebUIAbstractKeyword.groovy:27)
	at com.kms.katalon.core.webui.keyword.internal.WebUIAbstractKeyword.findWebElement(WebUIAbstractKeyword.groovy:26)
	at com.kms.katalon.core.webui.keyword.builtin.SendKeysKeyword$_sendKeys_closure1.doCall(SendKeysKeyword.groovy:52)
	at com.kms.katalon.core.webui.keyword.builtin.SendKeysKeyword$_sendKeys_closure1.call(SendKeysKeyword.groovy)
	at com.kms.katalon.core.webui.keyword.internal.WebUIKeywordMain.runKeyword(WebUIKeywordMain.groovy:20)
	at com.kms.katalon.core.webui.keyword.builtin.SendKeysKeyword.sendKeys(SendKeysKeyword.groovy:60)
	at com.kms.katalon.core.webui.keyword.builtin.SendKeysKeyword.execute(SendKeysKeyword.groovy:38)
	at com.kms.katalon.core.keyword.internal.KeywordExecutor.executeKeywordForPlatform(KeywordExecutor.groovy:73)
	at com.kms.katalon.core.webui.keyword.WebUiBuiltInKeywords.sendKeys(WebUiBuiltInKeywords.groovy:861)
	at com.kms.katalon.core.webui.keyword.WebUiBuiltInKeywords$sendKeys$4.call(Unknown Source)
	at customKeywords.commanFunctions.logIntoBrowserWithReqCredentials(commanFunctions.groovy:70)
	at customKeywords.commanFunctions.uploadFileOfRegisterUser(commanFunctions.groovy:753)
	at customKeywords.commanFunctions.invokeMethod(commanFunctions.groovy)
	at com.kms.katalon.core.main.CustomKeywordDelegatingMetaClass.invokeStaticMethod(CustomKeywordDelegatingMetaClass.java:50)
	at Script1613387712624.run(Script1613387712624.groovy:16)
	... 13 more
)

2021-02-19 16:45:09 - [MESSAGE][FAILED] - Unable to send keys 'Test@12345' to object 'Object Repository/LoginAndRigisterUser/Password_Input'

2021-02-19 16:45:09 - [TEST_STEP][PASSED] - Start tear down : tearDownMethodIfFailed: Method 'tearDownMethodIfFailed' complete successfully

2021-02-19 16:45:09 - [TEST_STEP][PASSED] - customKeywords.commanFunctions.onlyCloseBrowser(): customKeywords.commanFunctions.onlyCloseBrowser is PASSED

2021-02-19 16:45:10 - [MESSAGE][PASSED] - Browser is closed

2021-02-19 16:45:10 - [MESSAGE][PASSED] - customKeywords.commanFunctions.onlyCloseBrowser is PASSED

2021-02-19 16:45:10 - [TEST_STEP][PASSED] - logInfo("[--------This is tearDownIfFailed method------]"): [--------This is tearDownIfFailed method------]

2021-02-19 16:45:10 - [MESSAGE][INFO] - [--------This is tearDownIfFailed method------]

2021-02-19 16:45:10 - [MESSAGE][PASSED] - Method 'tearDownMethodIfFailed' complete successfully]]></system-out>
         <system-err><![CDATA[2021-02-19 16:44:55 - [TEST_CASE][FAILED] - Test Cases/UploadDiffFiles_RegisterUser/TC_As a register user, Upload Graphics Interchange Format File and verify Uploded file in Submission Page: Test Cases/UploadDiffFiles_RegisterUser/TC_As a register user, Upload Graphics Interchange Format File and verify Uploded file in Submission Page FAILED.
Reason:
com.kms.katalon.core.exception.StepFailedException: Unable to send keys 'Test@12345' to object 'Object Repository/LoginAndRigisterUser/Password_Input'
	at com.kms.katalon.core.webui.keyword.internal.WebUIKeywordMain.stepFailed(WebUIKeywordMain.groovy:64)
	at com.kms.katalon.core.webui.keyword.internal.WebUIKeywordMain.runKeyword(WebUIKeywordMain.groovy:26)
	at com.kms.katalon.core.webui.keyword.builtin.SendKeysKeyword.sendKeys(SendKeysKeyword.groovy:60)
	at com.kms.katalon.core.webui.keyword.builtin.SendKeysKeyword.execute(SendKeysKeyword.groovy:38)
	at com.kms.katalon.core.keyword.internal.KeywordExecutor.executeKeywordForPlatform(KeywordExecutor.groovy:73)
	at com.kms.katalon.core.webui.keyword.WebUiBuiltInKeywords.sendKeys(WebUiBuiltInKeywords.groovy:861)
	at com.kms.katalon.core.webui.keyword.WebUiBuiltInKeywords$sendKeys$4.call(Unknown Source)
	at customKeywords.commanFunctions.logIntoBrowserWithReqCredentials(commanFunctions.groovy:70)
	at customKeywords.commanFunctions.uploadFileOfRegisterUser(commanFunctions.groovy:753)
	at customKeywords.commanFunctions.invokeMethod(commanFunctions.groovy)
	at com.kms.katalon.core.main.CustomKeywordDelegatingMetaClass.invokeStaticMethod(CustomKeywordDelegatingMetaClass.java:50)
	at TC_As a register user, Upload Graphics Interchange Format File and verify Uploded file in Submission Page.run(TC_As a register user, Upload Graphics Interchange Format File and verify Uploded file in Submission Page:16)
	at com.kms.katalon.core.main.ScriptEngine.run(ScriptEngine.java:194)
	at com.kms.katalon.core.main.ScriptEngine.runScriptAsRawText(ScriptEngine.java:119)
	at com.kms.katalon.core.main.TestCaseExecutor.runScript(TestCaseExecutor.java:394)
	at com.kms.katalon.core.main.TestCaseExecutor.doExecute(TestCaseExecutor.java:385)
	at com.kms.katalon.core.main.TestCaseExecutor.processExecutionPhase(TestCaseExecutor.java:364)
	at com.kms.katalon.core.main.TestCaseExecutor.accessMainPhase(TestCaseExecutor.java:356)
	at com.kms.katalon.core.main.TestCaseExecutor.execute(TestCaseExecutor.java:251)
	at com.kms.katalon.core.main.TestSuiteExecutor.accessTestCaseMainPhase(TestSuiteExecutor.java:203)
	at com.kms.katalon.core.main.TestSuiteExecutor.accessTestSuiteMainPhase(TestSuiteExecutor.java:152)
	at com.kms.katalon.core.main.TestSuiteExecutor.execute(TestSuiteExecutor.java:95)
	at com.kms.katalon.core.main.TestCaseMain.startTestSuite(TestCaseMain.java:157)
	at com.kms.katalon.core.main.TestCaseMain$startTestSuite$0.call(Unknown Source)
	at TempTestSuite1613733199540.run(TempTestSuite1613733199540.groovy:39)
Caused by: org.openqa.selenium.NoSuchWindowException: no such window: target window already closed
from unknown error: web view not found
  (Session info: chrome=86.0.4240.75)
Build info: version: '3.141.59', revision: 'e82be7d358', time: '2018-11-14T08:25:53'
System info: host: 'OMTPGCN1132568L', ip: '192.168.1.1', os.name: 'Windows 10', os.arch: 'amd64', os.version: '10.0', java.version: '1.8.0_181'
Driver info: com.kms.katalon.selenium.driver.CChromeDriver
Capabilities {acceptInsecureCerts: false, browserName: chrome, browserVersion: 86.0.4240.75, chrome: {chromedriverVersion: 86.0.4240.22 (398b0743353ff..., userDataDir: C:\Users\ashok\AppData\Loca...}, goog:chromeOptions: {debuggerAddress: localhost:50741}, javascriptEnabled: true, networkConnectionEnabled: false, pageLoadStrategy: normal, platform: WINDOWS, platformName: WINDOWS, proxy: Proxy(), setWindowRect: true, strictFileInteractability: false, timeouts: {implicit: 0, pageLoad: 300000, script: 30000}, unhandledPromptBehavior: dismiss and notify, webauthn:virtualAuthenticators: true}
Session ID: 9fd9b0bd2cf16ca3f17a6ab4ee968048
*** Element info: {Using=xpath, value=//app-header/nz-layout[1]/nz-content[1]/app-login[1]/div[2]/div[1]/form[1]/nz-form-item[2]/nz-form-control[1]/div[1]/span[1]/nz-input-group[1]/input[1]}
	at org.openqa.selenium.remote.http.W3CHttpResponseCodec.createException(W3CHttpResponseCodec.java:187)
	at org.openqa.selenium.remote.http.W3CHttpResponseCodec.decode(W3CHttpResponseCodec.java:122)
	at org.openqa.selenium.remote.http.W3CHttpResponseCodec.decode(W3CHttpResponseCodec.java:49)
	at org.openqa.selenium.remote.HttpCommandExecutor.execute(HttpCommandExecutor.java:158)
	at org.openqa.selenium.remote.service.DriverCommandExecutor.execute(DriverCommandExecutor.java:83)
	at org.openqa.selenium.remote.RemoteWebDriver.execute(RemoteWebDriver.java:552)
	at com.kms.katalon.selenium.driver.CChromeDriver.execute(CChromeDriver.java:19)
	at org.openqa.selenium.remote.RemoteWebDriver.findElements(RemoteWebDriver.java:353)
	at org.openqa.selenium.remote.RemoteWebDriver.findElementsByXPath(RemoteWebDriver.java:432)
	at org.openqa.selenium.By$ByXPath.findElements(By.java:348)
	at org.openqa.selenium.remote.RemoteWebDriver.findElements(RemoteWebDriver.java:311)
	at org.openqa.selenium.support.events.EventFiringWebDriver.lambda$new$1(EventFiringWebDriver.java:105)
	at com.sun.proxy.$Proxy11.findElements(Unknown Source)
	at org.openqa.selenium.support.events.EventFiringWebDriver.findElements(EventFiringWebDriver.java:182)
	at com.kms.katalon.core.webui.common.WebUiCommonHelper.findElementByNormalMethods(WebUiCommonHelper.java:1014)
	at com.kms.katalon.core.webui.common.WebUiCommonHelper.findElementsBySelectedMethod(WebUiCommonHelper.java:903)
	at com.kms.katalon.core.webui.common.WebUiCommonHelper.findElementsBySelectedMethod(WebUiCommonHelper.java:892)
	at com.kms.katalon.core.webui.common.WebUiCommonHelper.findElementsBySelectedMethod(WebUiCommonHelper.java:887)
	at com.kms.katalon.core.webui.common.WebUiCommonHelper.findElementsByDefault(WebUiCommonHelper.java:883)
	at com.kms.katalon.core.webui.common.WebUiCommonHelper.findElementsWithSelfHealing(WebUiCommonHelper.java:733)
	at com.kms.katalon.core.webui.common.WebUiCommonHelper.findWebElements(WebUiCommonHelper.java:718)
	at com.kms.katalon.core.webui.common.WebUiCommonHelper.findWebElement(WebUiCommonHelper.java:1364)
	at com.kms.katalon.core.webui.keyword.internal.WebUIAbstractKeyword.findWebElement(WebUIAbstractKeyword.groovy:27)
	at com.kms.katalon.core.webui.keyword.internal.WebUIAbstractKeyword.findWebElement(WebUIAbstractKeyword.groovy:26)
	at com.kms.katalon.core.webui.keyword.builtin.SendKeysKeyword$_sendKeys_closure1.doCall(SendKeysKeyword.groovy:52)
	at com.kms.katalon.core.webui.keyword.builtin.SendKeysKeyword$_sendKeys_closure1.call(SendKeysKeyword.groovy)
	at com.kms.katalon.core.webui.keyword.internal.WebUIKeywordMain.runKeyword(WebUIKeywordMain.groovy:20)
	... 23 more]]></system-err>
      </testcase>
      <testcase name="Test Cases/UploadDiffFiles_RegisterUser/TC_As a register user, Upload Jar File and verify Uploded file in Submission Page" time="13.678" classname="Test Cases/UploadDiffFiles_RegisterUser/TC_As a register user, Upload Jar File and verify Uploded file in Submission Page" status="FAILED">
         <failure type="FAILED" message="Test Cases/UploadDiffFiles_RegisterUser/TC_As a register user, Upload Jar File and verify Uploded file in Submission Page FAILED.
Reason:
com.kms.katalon.core.exception.StepFailedException: Unable to open browser with url: 'https://Inspect.Stage.site.sa'
	at com.kms.katalon.core.webui.keyword.internal.WebUIKeywordMain.stepFailed(WebUIKeywordMain.groovy:64)
	at com.kms.katalon.core.webui.keyword.internal.WebUIKeywordMain.runKeyword(WebUIKeywordMain.groovy:26)
	at com.kms.katalon.core.webui.keyword.builtin.OpenBrowserKeyword.openBrowser(OpenBrowserKeyword.groovy:81)
	at com.kms.katalon.core.webui.keyword.builtin.OpenBrowserKeyword.execute(OpenBrowserKeyword.groovy:67)
	at com.kms.katalon.core.keyword.internal.KeywordExecutor.executeKeywordForPlatform(KeywordExecutor.groovy:73)
	at com.kms.katalon.core.webui.keyword.WebUiBuiltInKeywords.openBrowser(WebUiBuiltInKeywords.groovy:61)
	at com.kms.katalon.core.webui.keyword.WebUiBuiltInKeywords$openBrowser.call(Unknown Source)
	at customKeywords.commanFunctions.openBrowser(commanFunctions.groovy:47)
	at customKeywords.commanFunctions.uploadFileOfRegisterUser(commanFunctions.groovy:747)
	at customKeywords.commanFunctions.invokeMethod(commanFunctions.groovy)
	at com.kms.katalon.core.main.CustomKeywordDelegatingMetaClass.invokeStaticMethod(CustomKeywordDelegatingMetaClass.java:50)
	at TC_As a register user, Upload Jar File and verify Uploded file in Submission Page.run(TC_As a register user, Upload Jar File and verify Uploded file in Submission Page:16)
	at com.kms.katalon.core.main.ScriptEngine.run(ScriptEngine.java:194)
	at com.kms.katalon.core.main.ScriptEngine.runScriptAsRawText(ScriptEngine.java:119)
	at com.kms.katalon.core.main.TestCaseExecutor.runScript(TestCaseExecutor.java:394)
	at com.kms.katalon.core.main.TestCaseExecutor.doExecute(TestCaseExecutor.java:385)
	at com.kms.katalon.core.main.TestCaseExecutor.processExecutionPhase(TestCaseExecutor.java:364)
	at com.kms.katalon.core.main.TestCaseExecutor.accessMainPhase(TestCaseExecutor.java:356)
	at com.kms.katalon.core.main.TestCaseExecutor.execute(TestCaseExecutor.java:251)
	at com.kms.katalon.core.main.TestSuiteExecutor.accessTestCaseMainPhase(TestSuiteExecutor.java:203)
	at com.kms.katalon.core.main.TestSuiteExecutor.accessTestSuiteMainPhase(TestSuiteExecutor.java:152)
	at com.kms.katalon.core.main.TestSuiteExecutor.execute(TestSuiteExecutor.java:95)
	at com.kms.katalon.core.main.TestCaseMain.startTestSuite(TestCaseMain.java:157)
	at com.kms.katalon.core.main.TestCaseMain$startTestSuite$0.call(Unknown Source)
	at TempTestSuite1613733199540.run(TempTestSuite1613733199540.groovy:39)
Caused by: org.openqa.selenium.SessionNotCreatedException: session not created
from chrome not reachable
  (Session info: chrome=86.0.4240.75)
Build info: version: '3.141.59', revision: 'e82be7d358', time: '2018-11-14T08:25:53'
System info: host: 'OMTPGCN1132568L', ip: '192.168.1.1', os.name: 'Windows 10', os.arch: 'amd64', os.version: '10.0', java.version: '1.8.0_181'
Driver info: driver.version: CChromeDriver
remote stacktrace: Backtrace:
	Ordinal0 [0x00A8C013+3194899]
	Ordinal0 [0x00976021+2056225]
	Ordinal0 [0x0080F4B0+586928]
	Ordinal0 [0x00805894+546964]
	Ordinal0 [0x00805F2C+548652]
	Ordinal0 [0x00807175+553333]
	Ordinal0 [0x0080241E+533534]
	Ordinal0 [0x00810620+591392]
	Ordinal0 [0x007B2A0C+207372]
	Ordinal0 [0x007B1D0D+204045]
	Ordinal0 [0x007AFC1B+195611]
	Ordinal0 [0x00793B7F+80767]
	Ordinal0 [0x00794B4E+84814]
	Ordinal0 [0x00794AD9+84697]
	Ordinal0 [0x0098CE64+2149988]
	GetHandleVerifier [0x00BFBE95+1400773]
	GetHandleVerifier [0x00BFBB61+1399953]
	GetHandleVerifier [0x00C031FA+1430314]
	GetHandleVerifier [0x00BFC69F+1402831]
	Ordinal0 [0x00983D61+2112865]
	Ordinal0 [0x0098E5CB+2155979]
	Ordinal0 [0x0098E6F5+2156277]
	Ordinal0 [0x0099F26E+2224750]
	BaseThreadInitThunk [0x77026359+25]
	RtlGetAppContainerNamedObjectPath [0x77BD8944+228]
	RtlGetAppContainerNamedObjectPath [0x77BD8914+180]

	at org.openqa.selenium.remote.W3CHandshakeResponse.lambda$errorHandler$0(W3CHandshakeResponse.java:62)
	at org.openqa.selenium.remote.HandshakeResponse.lambda$getResponseFunction$0(HandshakeResponse.java:30)
	at org.openqa.selenium.remote.ProtocolHandshake.lambda$createSession$0(ProtocolHandshake.java:126)
	at org.openqa.selenium.remote.ProtocolHandshake.createSession(ProtocolHandshake.java:128)
	at org.openqa.selenium.remote.ProtocolHandshake.createSession(ProtocolHandshake.java:74)
	at org.openqa.selenium.remote.HttpCommandExecutor.execute(HttpCommandExecutor.java:136)
	at org.openqa.selenium.remote.service.DriverCommandExecutor.execute(DriverCommandExecutor.java:83)
	at org.openqa.selenium.remote.RemoteWebDriver.execute(RemoteWebDriver.java:552)
	at com.kms.katalon.selenium.driver.CChromeDriver.execute(CChromeDriver.java:19)
	at org.openqa.selenium.remote.RemoteWebDriver.startSession(RemoteWebDriver.java:213)
	at org.openqa.selenium.remote.RemoteWebDriver.&lt;init>(RemoteWebDriver.java:131)
	at org.openqa.selenium.chrome.ChromeDriver.&lt;init>(ChromeDriver.java:181)
	at org.openqa.selenium.chrome.ChromeDriver.&lt;init>(ChromeDriver.java:147)
	at com.kms.katalon.selenium.driver.CChromeDriver.&lt;init>(CChromeDriver.java:13)
	at com.kms.katalon.core.webui.driver.DriverFactory.createNewChromeDriver(DriverFactory.java:400)
	at com.kms.katalon.core.webui.driver.DriverFactory.startNewBrowser(DriverFactory.java:358)
	at com.kms.katalon.core.webui.driver.DriverFactory.openWebDriver(DriverFactory.java:245)
	at com.kms.katalon.core.webui.keyword.builtin.OpenBrowserKeyword$_openBrowser_closure1.doCall(OpenBrowserKeyword.groovy:74)
	at com.kms.katalon.core.webui.keyword.builtin.OpenBrowserKeyword$_openBrowser_closure1.call(OpenBrowserKeyword.groovy)
	at com.kms.katalon.core.webui.keyword.internal.WebUIKeywordMain.runKeyword(WebUIKeywordMain.groovy:20)
	... 23 more
"/>
         <system-out><![CDATA[2021-02-19 16:45:10 - [TEST_CASE][FAILED] - Test Cases/UploadDiffFiles_RegisterUser/TC_As a register user, Upload Jar File and verify Uploded file in Submission Page: Test Cases/UploadDiffFiles_RegisterUser/TC_As a register user, Upload Jar File and verify Uploded file in Submission Page FAILED.
Reason:
com.kms.katalon.core.exception.StepFailedException: Unable to open browser with url: 'https://Inspect.Stage.site.sa'
	at com.kms.katalon.core.webui.keyword.internal.WebUIKeywordMain.stepFailed(WebUIKeywordMain.groovy:64)
	at com.kms.katalon.core.webui.keyword.internal.WebUIKeywordMain.runKeyword(WebUIKeywordMain.groovy:26)
	at com.kms.katalon.core.webui.keyword.builtin.OpenBrowserKeyword.openBrowser(OpenBrowserKeyword.groovy:81)
	at com.kms.katalon.core.webui.keyword.builtin.OpenBrowserKeyword.execute(OpenBrowserKeyword.groovy:67)
	at com.kms.katalon.core.keyword.internal.KeywordExecutor.executeKeywordForPlatform(KeywordExecutor.groovy:73)
	at com.kms.katalon.core.webui.keyword.WebUiBuiltInKeywords.openBrowser(WebUiBuiltInKeywords.groovy:61)
	at com.kms.katalon.core.webui.keyword.WebUiBuiltInKeywords$openBrowser.call(Unknown Source)
	at customKeywords.commanFunctions.openBrowser(commanFunctions.groovy:47)
	at customKeywords.commanFunctions.uploadFileOfRegisterUser(commanFunctions.groovy:747)
	at customKeywords.commanFunctions.invokeMethod(commanFunctions.groovy)
	at com.kms.katalon.core.main.CustomKeywordDelegatingMetaClass.invokeStaticMethod(CustomKeywordDelegatingMetaClass.java:50)
	at TC_As a register user, Upload Jar File and verify Uploded file in Submission Page.run(TC_As a register user, Upload Jar File and verify Uploded file in Submission Page:16)
	at com.kms.katalon.core.main.ScriptEngine.run(ScriptEngine.java:194)
	at com.kms.katalon.core.main.ScriptEngine.runScriptAsRawText(ScriptEngine.java:119)
	at com.kms.katalon.core.main.TestCaseExecutor.runScript(TestCaseExecutor.java:394)
	at com.kms.katalon.core.main.TestCaseExecutor.doExecute(TestCaseExecutor.java:385)
	at com.kms.katalon.core.main.TestCaseExecutor.processExecutionPhase(TestCaseExecutor.java:364)
	at com.kms.katalon.core.main.TestCaseExecutor.accessMainPhase(TestCaseExecutor.java:356)
	at com.kms.katalon.core.main.TestCaseExecutor.execute(TestCaseExecutor.java:251)
	at com.kms.katalon.core.main.TestSuiteExecutor.accessTestCaseMainPhase(TestSuiteExecutor.java:203)
	at com.kms.katalon.core.main.TestSuiteExecutor.accessTestSuiteMainPhase(TestSuiteExecutor.java:152)
	at com.kms.katalon.core.main.TestSuiteExecutor.execute(TestSuiteExecutor.java:95)
	at com.kms.katalon.core.main.TestCaseMain.startTestSuite(TestCaseMain.java:157)
	at com.kms.katalon.core.main.TestCaseMain$startTestSuite$0.call(Unknown Source)
	at TempTestSuite1613733199540.run(TempTestSuite1613733199540.groovy:39)
Caused by: org.openqa.selenium.SessionNotCreatedException: session not created
from chrome not reachable
  (Session info: chrome=86.0.4240.75)
Build info: version: '3.141.59', revision: 'e82be7d358', time: '2018-11-14T08:25:53'
System info: host: 'OMTPGCN1132568L', ip: '192.168.1.1', os.name: 'Windows 10', os.arch: 'amd64', os.version: '10.0', java.version: '1.8.0_181'
Driver info: driver.version: CChromeDriver
remote stacktrace: Backtrace:
	Ordinal0 [0x00A8C013+3194899]
	Ordinal0 [0x00976021+2056225]
	Ordinal0 [0x0080F4B0+586928]
	Ordinal0 [0x00805894+546964]
	Ordinal0 [0x00805F2C+548652]
	Ordinal0 [0x00807175+553333]
	Ordinal0 [0x0080241E+533534]
	Ordinal0 [0x00810620+591392]
	Ordinal0 [0x007B2A0C+207372]
	Ordinal0 [0x007B1D0D+204045]
	Ordinal0 [0x007AFC1B+195611]
	Ordinal0 [0x00793B7F+80767]
	Ordinal0 [0x00794B4E+84814]
	Ordinal0 [0x00794AD9+84697]
	Ordinal0 [0x0098CE64+2149988]
	GetHandleVerifier [0x00BFBE95+1400773]
	GetHandleVerifier [0x00BFBB61+1399953]
	GetHandleVerifier [0x00C031FA+1430314]
	GetHandleVerifier [0x00BFC69F+1402831]
	Ordinal0 [0x00983D61+2112865]
	Ordinal0 [0x0098E5CB+2155979]
	Ordinal0 [0x0098E6F5+2156277]
	Ordinal0 [0x0099F26E+2224750]
	BaseThreadInitThunk [0x77026359+25]
	RtlGetAppContainerNamedObjectPath [0x77BD8944+228]
	RtlGetAppContainerNamedObjectPath [0x77BD8914+180]

	at org.openqa.selenium.remote.W3CHandshakeResponse.lambda$errorHandler$0(W3CHandshakeResponse.java:62)
	at org.openqa.selenium.remote.HandshakeResponse.lambda$getResponseFunction$0(HandshakeResponse.java:30)
	at org.openqa.selenium.remote.ProtocolHandshake.lambda$createSession$0(ProtocolHandshake.java:126)
	at org.openqa.selenium.remote.ProtocolHandshake.createSession(ProtocolHandshake.java:128)
	at org.openqa.selenium.remote.ProtocolHandshake.createSession(ProtocolHandshake.java:74)
	at org.openqa.selenium.remote.HttpCommandExecutor.execute(HttpCommandExecutor.java:136)
	at org.openqa.selenium.remote.service.DriverCommandExecutor.execute(DriverCommandExecutor.java:83)
	at org.openqa.selenium.remote.RemoteWebDriver.execute(RemoteWebDriver.java:552)
	at com.kms.katalon.selenium.driver.CChromeDriver.execute(CChromeDriver.java:19)
	at org.openqa.selenium.remote.RemoteWebDriver.startSession(RemoteWebDriver.java:213)
	at org.openqa.selenium.remote.RemoteWebDriver.<init>(RemoteWebDriver.java:131)
	at org.openqa.selenium.chrome.ChromeDriver.<init>(ChromeDriver.java:181)
	at org.openqa.selenium.chrome.ChromeDriver.<init>(ChromeDriver.java:147)
	at com.kms.katalon.selenium.driver.CChromeDriver.<init>(CChromeDriver.java:13)
	at com.kms.katalon.core.webui.driver.DriverFactory.createNewChromeDriver(DriverFactory.java:400)
	at com.kms.katalon.core.webui.driver.DriverFactory.startNewBrowser(DriverFactory.java:358)
	at com.kms.katalon.core.webui.driver.DriverFactory.openWebDriver(DriverFactory.java:245)
	at com.kms.katalon.core.webui.keyword.builtin.OpenBrowserKeyword$_openBrowser_closure1.doCall(OpenBrowserKeyword.groovy:74)
	at com.kms.katalon.core.webui.keyword.builtin.OpenBrowserKeyword$_openBrowser_closure1.call(OpenBrowserKeyword.groovy)
	at com.kms.katalon.core.webui.keyword.internal.WebUIKeywordMain.runKeyword(WebUIKeywordMain.groovy:20)
	... 23 more


2021-02-19 16:45:10 - [TEST_STEP][PASSED] - excelTestData = findTestData("Data Files/TestData/InspectTestData"): null

2021-02-19 16:45:10 - [TEST_STEP][PASSED] - rigisterUN = excelTestData.getValue(6, 23): null

2021-02-19 16:45:10 - [TEST_STEP][PASSED] - rigisterPW = excelTestData.getValue(3, 23): null

2021-02-19 16:45:10 - [TEST_STEP][FAILED] - customKeywords.commanFunctions.uploadFileOfRegisterUser(192, rigisterUN, rigisterPW): Unable to open browser with url: 'https://Inspect.Stage.site.sa'

2021-02-19 16:45:10 - [MESSAGE][INFO] - Starting 'Chrome' driver

2021-02-19 16:45:10 - [MESSAGE][INFO] - Action delay is set to 0 milliseconds

2021-02-19 16:45:23 - [MESSAGE][FAILED] - Unable to open browser with url: 'https://Inspect.Stage.site.sa' (Root cause: com.kms.katalon.core.exception.StepFailedException: Unable to open browser with url: 'https://Inspect.Stage.site.sa'
	at com.kms.katalon.core.webui.keyword.internal.WebUIKeywordMain.stepFailed(WebUIKeywordMain.groovy:64)
	at com.kms.katalon.core.webui.keyword.internal.WebUIKeywordMain.runKeyword(WebUIKeywordMain.groovy:26)
	at com.kms.katalon.core.webui.keyword.builtin.OpenBrowserKeyword.openBrowser(OpenBrowserKeyword.groovy:81)
	at com.kms.katalon.core.webui.keyword.builtin.OpenBrowserKeyword.execute(OpenBrowserKeyword.groovy:67)
	at com.kms.katalon.core.keyword.internal.KeywordExecutor.executeKeywordForPlatform(KeywordExecutor.groovy:73)
	at com.kms.katalon.core.webui.keyword.WebUiBuiltInKeywords.openBrowser(WebUiBuiltInKeywords.groovy:61)
	at com.kms.katalon.core.webui.keyword.WebUiBuiltInKeywords$openBrowser.call(Unknown Source)
	at customKeywords.commanFunctions.openBrowser(commanFunctions.groovy:47)
	at customKeywords.commanFunctions.uploadFileOfRegisterUser(commanFunctions.groovy:747)
	at customKeywords.commanFunctions.invokeMethod(commanFunctions.groovy)
	at com.kms.katalon.core.main.CustomKeywordDelegatingMetaClass.invokeStaticMethod(CustomKeywordDelegatingMetaClass.java:50)
	at TC_As a register user, Upload Jar File and verify Uploded file in Submission Page.run(TC_As a register user, Upload Jar File and verify Uploded file in Submission Page:16)
	at com.kms.katalon.core.main.ScriptEngine.run(ScriptEngine.java:194)
	at com.kms.katalon.core.main.ScriptEngine.runScriptAsRawText(ScriptEngine.java:119)
	at com.kms.katalon.core.main.TestCaseExecutor.runScript(TestCaseExecutor.java:394)
	at com.kms.katalon.core.main.TestCaseExecutor.doExecute(TestCaseExecutor.java:385)
	at com.kms.katalon.core.main.TestCaseExecutor.processExecutionPhase(TestCaseExecutor.java:364)
	at com.kms.katalon.core.main.TestCaseExecutor.accessMainPhase(TestCaseExecutor.java:356)
	at com.kms.katalon.core.main.TestCaseExecutor.execute(TestCaseExecutor.java:251)
	at com.kms.katalon.core.main.TestSuiteExecutor.accessTestCaseMainPhase(TestSuiteExecutor.java:203)
	at com.kms.katalon.core.main.TestSuiteExecutor.accessTestSuiteMainPhase(TestSuiteExecutor.java:152)
	at com.kms.katalon.core.main.TestSuiteExecutor.execute(TestSuiteExecutor.java:95)
	at com.kms.katalon.core.main.TestCaseMain.startTestSuite(TestCaseMain.java:157)
	at com.kms.katalon.core.main.TestCaseMain$startTestSuite$0.call(Unknown Source)
	at TempTestSuite1613733199540.run(TempTestSuite1613733199540.groovy:39)
Caused by: org.openqa.selenium.SessionNotCreatedException: session not created
from chrome not reachable
  (Session info: chrome=86.0.4240.75)
Build info: version: '3.141.59', revision: 'e82be7d358', time: '2018-11-14T08:25:53'
System info: host: 'OMTPGCN1132568L', ip: '192.168.1.1', os.name: 'Windows 10', os.arch: 'amd64', os.version: '10.0', java.version: '1.8.0_181'
Driver info: driver.version: CChromeDriver
remote stacktrace: Backtrace:
	Ordinal0 [0x00A8C013+3194899]
	Ordinal0 [0x00976021+2056225]
	Ordinal0 [0x0080F4B0+586928]
	Ordinal0 [0x00805894+546964]
	Ordinal0 [0x00805F2C+548652]
	Ordinal0 [0x00807175+553333]
	Ordinal0 [0x0080241E+533534]
	Ordinal0 [0x00810620+591392]
	Ordinal0 [0x007B2A0C+207372]
	Ordinal0 [0x007B1D0D+204045]
	Ordinal0 [0x007AFC1B+195611]
	Ordinal0 [0x00793B7F+80767]
	Ordinal0 [0x00794B4E+84814]
	Ordinal0 [0x00794AD9+84697]
	Ordinal0 [0x0098CE64+2149988]
	GetHandleVerifier [0x00BFBE95+1400773]
	GetHandleVerifier [0x00BFBB61+1399953]
	GetHandleVerifier [0x00C031FA+1430314]
	GetHandleVerifier [0x00BFC69F+1402831]
	Ordinal0 [0x00983D61+2112865]
	Ordinal0 [0x0098E5CB+2155979]
	Ordinal0 [0x0098E6F5+2156277]
	Ordinal0 [0x0099F26E+2224750]
	BaseThreadInitThunk [0x77026359+25]
	RtlGetAppContainerNamedObjectPath [0x77BD8944+228]
	RtlGetAppContainerNamedObjectPath [0x77BD8914+180]

	at org.openqa.selenium.remote.W3CHandshakeResponse.lambda$errorHandler$0(W3CHandshakeResponse.java:62)
	at org.openqa.selenium.remote.HandshakeResponse.lambda$getResponseFunction$0(HandshakeResponse.java:30)
	at org.openqa.selenium.remote.ProtocolHandshake.lambda$createSession$0(ProtocolHandshake.java:126)
	at org.openqa.selenium.remote.ProtocolHandshake.createSession(ProtocolHandshake.java:128)
	at org.openqa.selenium.remote.ProtocolHandshake.createSession(ProtocolHandshake.java:74)
	at org.openqa.selenium.remote.HttpCommandExecutor.execute(HttpCommandExecutor.java:136)
	at org.openqa.selenium.remote.service.DriverCommandExecutor.execute(DriverCommandExecutor.java:83)
	at org.openqa.selenium.remote.RemoteWebDriver.execute(RemoteWebDriver.java:552)
	at com.kms.katalon.selenium.driver.CChromeDriver.execute(CChromeDriver.java:19)
	at org.openqa.selenium.remote.RemoteWebDriver.startSession(RemoteWebDriver.java:213)
	at org.openqa.selenium.remote.RemoteWebDriver.<init>(RemoteWebDriver.java:131)
	at org.openqa.selenium.chrome.ChromeDriver.<init>(ChromeDriver.java:181)
	at org.openqa.selenium.chrome.ChromeDriver.<init>(ChromeDriver.java:147)
	at com.kms.katalon.selenium.driver.CChromeDriver.<init>(CChromeDriver.java:13)
	at com.kms.katalon.core.webui.driver.DriverFactory.createNewChromeDriver(DriverFactory.java:400)
	at com.kms.katalon.core.webui.driver.DriverFactory.startNewBrowser(DriverFactory.java:358)
	at com.kms.katalon.core.webui.driver.DriverFactory.openWebDriver(DriverFactory.java:245)
	at com.kms.katalon.core.webui.keyword.builtin.OpenBrowserKeyword$_openBrowser_closure1.doCall(OpenBrowserKeyword.groovy:74)
	at com.kms.katalon.core.webui.keyword.builtin.OpenBrowserKeyword$_openBrowser_closure1.call(OpenBrowserKeyword.groovy)
	at com.kms.katalon.core.webui.keyword.internal.WebUIKeywordMain.runKeyword(WebUIKeywordMain.groovy:20)
	at com.kms.katalon.core.webui.keyword.builtin.OpenBrowserKeyword.openBrowser(OpenBrowserKeyword.groovy:81)
	at com.kms.katalon.core.webui.keyword.builtin.OpenBrowserKeyword.execute(OpenBrowserKeyword.groovy:67)
	at com.kms.katalon.core.keyword.internal.KeywordExecutor.executeKeywordForPlatform(KeywordExecutor.groovy:73)
	at com.kms.katalon.core.webui.keyword.WebUiBuiltInKeywords.openBrowser(WebUiBuiltInKeywords.groovy:61)
	at com.kms.katalon.core.webui.keyword.WebUiBuiltInKeywords$openBrowser.call(Unknown Source)
	at customKeywords.commanFunctions.openBrowser(commanFunctions.groovy:47)
	at customKeywords.commanFunctions.uploadFileOfRegisterUser(commanFunctions.groovy:747)
	at customKeywords.commanFunctions.invokeMethod(commanFunctions.groovy)
	at com.kms.katalon.core.main.CustomKeywordDelegatingMetaClass.invokeStaticMethod(CustomKeywordDelegatingMetaClass.java:50)
	at Script1613223059202.run(Script1613223059202.groovy:16)
	... 13 more
)

2021-02-19 16:45:23 - [MESSAGE][FAILED] - Unable to open browser with url: 'https://Inspect.Stage.site.sa'

2021-02-19 16:45:23 - [TEST_STEP][PASSED] - Start tear down : tearDownMethodIfFailed: Method 'tearDownMethodIfFailed' complete successfully

2021-02-19 16:45:23 - [TEST_STEP][PASSED] - customKeywords.commanFunctions.onlyCloseBrowser(): customKeywords.commanFunctions.onlyCloseBrowser is PASSED

2021-02-19 16:45:24 - [MESSAGE][PASSED] - Browser is closed

2021-02-19 16:45:24 - [MESSAGE][PASSED] - customKeywords.commanFunctions.onlyCloseBrowser is PASSED

2021-02-19 16:45:24 - [TEST_STEP][PASSED] - logInfo("[--------This is tearDownIfFailed method------]"): [--------This is tearDownIfFailed method------]

2021-02-19 16:45:24 - [MESSAGE][INFO] - [--------This is tearDownIfFailed method------]

2021-02-19 16:45:24 - [MESSAGE][PASSED] - Method 'tearDownMethodIfFailed' complete successfully]]></system-out>
         <system-err><![CDATA[2021-02-19 16:45:10 - [TEST_CASE][FAILED] - Test Cases/UploadDiffFiles_RegisterUser/TC_As a register user, Upload Jar File and verify Uploded file in Submission Page: Test Cases/UploadDiffFiles_RegisterUser/TC_As a register user, Upload Jar File and verify Uploded file in Submission Page FAILED.
Reason:
com.kms.katalon.core.exception.StepFailedException: Unable to open browser with url: 'https://Inspect.Stage.site.sa'
	at com.kms.katalon.core.webui.keyword.internal.WebUIKeywordMain.stepFailed(WebUIKeywordMain.groovy:64)
	at com.kms.katalon.core.webui.keyword.internal.WebUIKeywordMain.runKeyword(WebUIKeywordMain.groovy:26)
	at com.kms.katalon.core.webui.keyword.builtin.OpenBrowserKeyword.openBrowser(OpenBrowserKeyword.groovy:81)
	at com.kms.katalon.core.webui.keyword.builtin.OpenBrowserKeyword.execute(OpenBrowserKeyword.groovy:67)
	at com.kms.katalon.core.keyword.internal.KeywordExecutor.executeKeywordForPlatform(KeywordExecutor.groovy:73)
	at com.kms.katalon.core.webui.keyword.WebUiBuiltInKeywords.openBrowser(WebUiBuiltInKeywords.groovy:61)
	at com.kms.katalon.core.webui.keyword.WebUiBuiltInKeywords$openBrowser.call(Unknown Source)
	at customKeywords.commanFunctions.openBrowser(commanFunctions.groovy:47)
	at customKeywords.commanFunctions.uploadFileOfRegisterUser(commanFunctions.groovy:747)
	at customKeywords.commanFunctions.invokeMethod(commanFunctions.groovy)
	at com.kms.katalon.core.main.CustomKeywordDelegatingMetaClass.invokeStaticMethod(CustomKeywordDelegatingMetaClass.java:50)
	at TC_As a register user, Upload Jar File and verify Uploded file in Submission Page.run(TC_As a register user, Upload Jar File and verify Uploded file in Submission Page:16)
	at com.kms.katalon.core.main.ScriptEngine.run(ScriptEngine.java:194)
	at com.kms.katalon.core.main.ScriptEngine.runScriptAsRawText(ScriptEngine.java:119)
	at com.kms.katalon.core.main.TestCaseExecutor.runScript(TestCaseExecutor.java:394)
	at com.kms.katalon.core.main.TestCaseExecutor.doExecute(TestCaseExecutor.java:385)
	at com.kms.katalon.core.main.TestCaseExecutor.processExecutionPhase(TestCaseExecutor.java:364)
	at com.kms.katalon.core.main.TestCaseExecutor.accessMainPhase(TestCaseExecutor.java:356)
	at com.kms.katalon.core.main.TestCaseExecutor.execute(TestCaseExecutor.java:251)
	at com.kms.katalon.core.main.TestSuiteExecutor.accessTestCaseMainPhase(TestSuiteExecutor.java:203)
	at com.kms.katalon.core.main.TestSuiteExecutor.accessTestSuiteMainPhase(TestSuiteExecutor.java:152)
	at com.kms.katalon.core.main.TestSuiteExecutor.execute(TestSuiteExecutor.java:95)
	at com.kms.katalon.core.main.TestCaseMain.startTestSuite(TestCaseMain.java:157)
	at com.kms.katalon.core.main.TestCaseMain$startTestSuite$0.call(Unknown Source)
	at TempTestSuite1613733199540.run(TempTestSuite1613733199540.groovy:39)
Caused by: org.openqa.selenium.SessionNotCreatedException: session not created
from chrome not reachable
  (Session info: chrome=86.0.4240.75)
Build info: version: '3.141.59', revision: 'e82be7d358', time: '2018-11-14T08:25:53'
System info: host: 'OMTPGCN1132568L', ip: '192.168.1.1', os.name: 'Windows 10', os.arch: 'amd64', os.version: '10.0', java.version: '1.8.0_181'
Driver info: driver.version: CChromeDriver
remote stacktrace: Backtrace:
	Ordinal0 [0x00A8C013+3194899]
	Ordinal0 [0x00976021+2056225]
	Ordinal0 [0x0080F4B0+586928]
	Ordinal0 [0x00805894+546964]
	Ordinal0 [0x00805F2C+548652]
	Ordinal0 [0x00807175+553333]
	Ordinal0 [0x0080241E+533534]
	Ordinal0 [0x00810620+591392]
	Ordinal0 [0x007B2A0C+207372]
	Ordinal0 [0x007B1D0D+204045]
	Ordinal0 [0x007AFC1B+195611]
	Ordinal0 [0x00793B7F+80767]
	Ordinal0 [0x00794B4E+84814]
	Ordinal0 [0x00794AD9+84697]
	Ordinal0 [0x0098CE64+2149988]
	GetHandleVerifier [0x00BFBE95+1400773]
	GetHandleVerifier [0x00BFBB61+1399953]
	GetHandleVerifier [0x00C031FA+1430314]
	GetHandleVerifier [0x00BFC69F+1402831]
	Ordinal0 [0x00983D61+2112865]
	Ordinal0 [0x0098E5CB+2155979]
	Ordinal0 [0x0098E6F5+2156277]
	Ordinal0 [0x0099F26E+2224750]
	BaseThreadInitThunk [0x77026359+25]
	RtlGetAppContainerNamedObjectPath [0x77BD8944+228]
	RtlGetAppContainerNamedObjectPath [0x77BD8914+180]

	at org.openqa.selenium.remote.W3CHandshakeResponse.lambda$errorHandler$0(W3CHandshakeResponse.java:62)
	at org.openqa.selenium.remote.HandshakeResponse.lambda$getResponseFunction$0(HandshakeResponse.java:30)
	at org.openqa.selenium.remote.ProtocolHandshake.lambda$createSession$0(ProtocolHandshake.java:126)
	at org.openqa.selenium.remote.ProtocolHandshake.createSession(ProtocolHandshake.java:128)
	at org.openqa.selenium.remote.ProtocolHandshake.createSession(ProtocolHandshake.java:74)
	at org.openqa.selenium.remote.HttpCommandExecutor.execute(HttpCommandExecutor.java:136)
	at org.openqa.selenium.remote.service.DriverCommandExecutor.execute(DriverCommandExecutor.java:83)
	at org.openqa.selenium.remote.RemoteWebDriver.execute(RemoteWebDriver.java:552)
	at com.kms.katalon.selenium.driver.CChromeDriver.execute(CChromeDriver.java:19)
	at org.openqa.selenium.remote.RemoteWebDriver.startSession(RemoteWebDriver.java:213)
	at org.openqa.selenium.remote.RemoteWebDriver.<init>(RemoteWebDriver.java:131)
	at org.openqa.selenium.chrome.ChromeDriver.<init>(ChromeDriver.java:181)
	at org.openqa.selenium.chrome.ChromeDriver.<init>(ChromeDriver.java:147)
	at com.kms.katalon.selenium.driver.CChromeDriver.<init>(CChromeDriver.java:13)
	at com.kms.katalon.core.webui.driver.DriverFactory.createNewChromeDriver(DriverFactory.java:400)
	at com.kms.katalon.core.webui.driver.DriverFactory.startNewBrowser(DriverFactory.java:358)
	at com.kms.katalon.core.webui.driver.DriverFactory.openWebDriver(DriverFactory.java:245)
	at com.kms.katalon.core.webui.keyword.builtin.OpenBrowserKeyword$_openBrowser_closure1.doCall(OpenBrowserKeyword.groovy:74)
	at com.kms.katalon.core.webui.keyword.builtin.OpenBrowserKeyword$_openBrowser_closure1.call(OpenBrowserKeyword.groovy)
	at com.kms.katalon.core.webui.keyword.internal.WebUIKeywordMain.runKeyword(WebUIKeywordMain.groovy:20)
	... 23 more]]></system-err>
      </testcase>
      <testcase name="Test Cases/UploadDiffFiles_RegisterUser/TC_As a register user, Upload Java File and verify Uploded file in Submission Page" time="13.667" classname="Test Cases/UploadDiffFiles_RegisterUser/TC_As a register user, Upload Java File and verify Uploded file in Submission Page" status="FAILED">
         <failure type="FAILED" message="Test Cases/UploadDiffFiles_RegisterUser/TC_As a register user, Upload Java File and verify Uploded file in Submission Page FAILED.
Reason:
com.kms.katalon.core.exception.StepFailedException: Unable to open browser with url: 'https://Inspect.Stage.site.sa'
	at com.kms.katalon.core.webui.keyword.internal.WebUIKeywordMain.stepFailed(WebUIKeywordMain.groovy:64)
	at com.kms.katalon.core.webui.keyword.internal.WebUIKeywordMain.runKeyword(WebUIKeywordMain.groovy:26)
	at com.kms.katalon.core.webui.keyword.builtin.OpenBrowserKeyword.openBrowser(OpenBrowserKeyword.groovy:81)
	at com.kms.katalon.core.webui.keyword.builtin.OpenBrowserKeyword.execute(OpenBrowserKeyword.groovy:67)
	at com.kms.katalon.core.keyword.internal.KeywordExecutor.executeKeywordForPlatform(KeywordExecutor.groovy:73)
	at com.kms.katalon.core.webui.keyword.WebUiBuiltInKeywords.openBrowser(WebUiBuiltInKeywords.groovy:61)
	at com.kms.katalon.core.webui.keyword.WebUiBuiltInKeywords$openBrowser.call(Unknown Source)
	at customKeywords.commanFunctions.openBrowser(commanFunctions.groovy:47)
	at customKeywords.commanFunctions.uploadFileOfRegisterUser(commanFunctions.groovy:747)
	at customKeywords.commanFunctions.invokeMethod(commanFunctions.groovy)
	at com.kms.katalon.core.main.CustomKeywordDelegatingMetaClass.invokeStaticMethod(CustomKeywordDelegatingMetaClass.java:50)
	at TC_As a register user, Upload Java File and verify Uploded file in Submission Page.run(TC_As a register user, Upload Java File and verify Uploded file in Submission Page:16)
	at com.kms.katalon.core.main.ScriptEngine.run(ScriptEngine.java:194)
	at com.kms.katalon.core.main.ScriptEngine.runScriptAsRawText(ScriptEngine.java:119)
	at com.kms.katalon.core.main.TestCaseExecutor.runScript(TestCaseExecutor.java:394)
	at com.kms.katalon.core.main.TestCaseExecutor.doExecute(TestCaseExecutor.java:385)
	at com.kms.katalon.core.main.TestCaseExecutor.processExecutionPhase(TestCaseExecutor.java:364)
	at com.kms.katalon.core.main.TestCaseExecutor.accessMainPhase(TestCaseExecutor.java:356)
	at com.kms.katalon.core.main.TestCaseExecutor.execute(TestCaseExecutor.java:251)
	at com.kms.katalon.core.main.TestSuiteExecutor.accessTestCaseMainPhase(TestSuiteExecutor.java:203)
	at com.kms.katalon.core.main.TestSuiteExecutor.accessTestSuiteMainPhase(TestSuiteExecutor.java:152)
	at com.kms.katalon.core.main.TestSuiteExecutor.execute(TestSuiteExecutor.java:95)
	at com.kms.katalon.core.main.TestCaseMain.startTestSuite(TestCaseMain.java:157)
	at com.kms.katalon.core.main.TestCaseMain$startTestSuite$0.call(Unknown Source)
	at TempTestSuite1613733199540.run(TempTestSuite1613733199540.groovy:39)
Caused by: org.openqa.selenium.SessionNotCreatedException: session not created
from chrome not reachable
  (Session info: chrome=86.0.4240.75)
Build info: version: '3.141.59', revision: 'e82be7d358', time: '2018-11-14T08:25:53'
System info: host: 'OMTPGCN1132568L', ip: '192.168.1.1', os.name: 'Windows 10', os.arch: 'amd64', os.version: '10.0', java.version: '1.8.0_181'
Driver info: driver.version: CChromeDriver
remote stacktrace: Backtrace:
	Ordinal0 [0x00A8C013+3194899]
	Ordinal0 [0x00976021+2056225]
	Ordinal0 [0x0080F4B0+586928]
	Ordinal0 [0x00805894+546964]
	Ordinal0 [0x00805F2C+548652]
	Ordinal0 [0x00807175+553333]
	Ordinal0 [0x0080241E+533534]
	Ordinal0 [0x00810620+591392]
	Ordinal0 [0x007B2A0C+207372]
	Ordinal0 [0x007B1D0D+204045]
	Ordinal0 [0x007AFC1B+195611]
	Ordinal0 [0x00793B7F+80767]
	Ordinal0 [0x00794B4E+84814]
	Ordinal0 [0x00794AD9+84697]
	Ordinal0 [0x0098CE64+2149988]
	GetHandleVerifier [0x00BFBE95+1400773]
	GetHandleVerifier [0x00BFBB61+1399953]
	GetHandleVerifier [0x00C031FA+1430314]
	GetHandleVerifier [0x00BFC69F+1402831]
	Ordinal0 [0x00983D61+2112865]
	Ordinal0 [0x0098E5CB+2155979]
	Ordinal0 [0x0098E6F5+2156277]
	Ordinal0 [0x0099F26E+2224750]
	BaseThreadInitThunk [0x77026359+25]
	RtlGetAppContainerNamedObjectPath [0x77BD8944+228]
	RtlGetAppContainerNamedObjectPath [0x77BD8914+180]

	at org.openqa.selenium.remote.W3CHandshakeResponse.lambda$errorHandler$0(W3CHandshakeResponse.java:62)
	at org.openqa.selenium.remote.HandshakeResponse.lambda$getResponseFunction$0(HandshakeResponse.java:30)
	at org.openqa.selenium.remote.ProtocolHandshake.lambda$createSession$0(ProtocolHandshake.java:126)
	at org.openqa.selenium.remote.ProtocolHandshake.createSession(ProtocolHandshake.java:128)
	at org.openqa.selenium.remote.ProtocolHandshake.createSession(ProtocolHandshake.java:74)
	at org.openqa.selenium.remote.HttpCommandExecutor.execute(HttpCommandExecutor.java:136)
	at org.openqa.selenium.remote.service.DriverCommandExecutor.execute(DriverCommandExecutor.java:83)
	at org.openqa.selenium.remote.RemoteWebDriver.execute(RemoteWebDriver.java:552)
	at com.kms.katalon.selenium.driver.CChromeDriver.execute(CChromeDriver.java:19)
	at org.openqa.selenium.remote.RemoteWebDriver.startSession(RemoteWebDriver.java:213)
	at org.openqa.selenium.remote.RemoteWebDriver.&lt;init>(RemoteWebDriver.java:131)
	at org.openqa.selenium.chrome.ChromeDriver.&lt;init>(ChromeDriver.java:181)
	at org.openqa.selenium.chrome.ChromeDriver.&lt;init>(ChromeDriver.java:147)
	at com.kms.katalon.selenium.driver.CChromeDriver.&lt;init>(CChromeDriver.java:13)
	at com.kms.katalon.core.webui.driver.DriverFactory.createNewChromeDriver(DriverFactory.java:400)
	at com.kms.katalon.core.webui.driver.DriverFactory.startNewBrowser(DriverFactory.java:358)
	at com.kms.katalon.core.webui.driver.DriverFactory.openWebDriver(DriverFactory.java:245)
	at com.kms.katalon.core.webui.keyword.builtin.OpenBrowserKeyword$_openBrowser_closure1.doCall(OpenBrowserKeyword.groovy:74)
	at com.kms.katalon.core.webui.keyword.builtin.OpenBrowserKeyword$_openBrowser_closure1.call(OpenBrowserKeyword.groovy)
	at com.kms.katalon.core.webui.keyword.internal.WebUIKeywordMain.runKeyword(WebUIKeywordMain.groovy:20)
	... 23 more
"/>
         <system-out><![CDATA[2021-02-19 16:45:24 - [TEST_CASE][FAILED] - Test Cases/UploadDiffFiles_RegisterUser/TC_As a register user, Upload Java File and verify Uploded file in Submission Page: Test Cases/UploadDiffFiles_RegisterUser/TC_As a register user, Upload Java File and verify Uploded file in Submission Page FAILED.
Reason:
com.kms.katalon.core.exception.StepFailedException: Unable to open browser with url: 'https://Inspect.Stage.site.sa'
	at com.kms.katalon.core.webui.keyword.internal.WebUIKeywordMain.stepFailed(WebUIKeywordMain.groovy:64)
	at com.kms.katalon.core.webui.keyword.internal.WebUIKeywordMain.runKeyword(WebUIKeywordMain.groovy:26)
	at com.kms.katalon.core.webui.keyword.builtin.OpenBrowserKeyword.openBrowser(OpenBrowserKeyword.groovy:81)
	at com.kms.katalon.core.webui.keyword.builtin.OpenBrowserKeyword.execute(OpenBrowserKeyword.groovy:67)
	at com.kms.katalon.core.keyword.internal.KeywordExecutor.executeKeywordForPlatform(KeywordExecutor.groovy:73)
	at com.kms.katalon.core.webui.keyword.WebUiBuiltInKeywords.openBrowser(WebUiBuiltInKeywords.groovy:61)
	at com.kms.katalon.core.webui.keyword.WebUiBuiltInKeywords$openBrowser.call(Unknown Source)
	at customKeywords.commanFunctions.openBrowser(commanFunctions.groovy:47)
	at customKeywords.commanFunctions.uploadFileOfRegisterUser(commanFunctions.groovy:747)
	at customKeywords.commanFunctions.invokeMethod(commanFunctions.groovy)
	at com.kms.katalon.core.main.CustomKeywordDelegatingMetaClass.invokeStaticMethod(CustomKeywordDelegatingMetaClass.java:50)
	at TC_As a register user, Upload Java File and verify Uploded file in Submission Page.run(TC_As a register user, Upload Java File and verify Uploded file in Submission Page:16)
	at com.kms.katalon.core.main.ScriptEngine.run(ScriptEngine.java:194)
	at com.kms.katalon.core.main.ScriptEngine.runScriptAsRawText(ScriptEngine.java:119)
	at com.kms.katalon.core.main.TestCaseExecutor.runScript(TestCaseExecutor.java:394)
	at com.kms.katalon.core.main.TestCaseExecutor.doExecute(TestCaseExecutor.java:385)
	at com.kms.katalon.core.main.TestCaseExecutor.processExecutionPhase(TestCaseExecutor.java:364)
	at com.kms.katalon.core.main.TestCaseExecutor.accessMainPhase(TestCaseExecutor.java:356)
	at com.kms.katalon.core.main.TestCaseExecutor.execute(TestCaseExecutor.java:251)
	at com.kms.katalon.core.main.TestSuiteExecutor.accessTestCaseMainPhase(TestSuiteExecutor.java:203)
	at com.kms.katalon.core.main.TestSuiteExecutor.accessTestSuiteMainPhase(TestSuiteExecutor.java:152)
	at com.kms.katalon.core.main.TestSuiteExecutor.execute(TestSuiteExecutor.java:95)
	at com.kms.katalon.core.main.TestCaseMain.startTestSuite(TestCaseMain.java:157)
	at com.kms.katalon.core.main.TestCaseMain$startTestSuite$0.call(Unknown Source)
	at TempTestSuite1613733199540.run(TempTestSuite1613733199540.groovy:39)
Caused by: org.openqa.selenium.SessionNotCreatedException: session not created
from chrome not reachable
  (Session info: chrome=86.0.4240.75)
Build info: version: '3.141.59', revision: 'e82be7d358', time: '2018-11-14T08:25:53'
System info: host: 'OMTPGCN1132568L', ip: '192.168.1.1', os.name: 'Windows 10', os.arch: 'amd64', os.version: '10.0', java.version: '1.8.0_181'
Driver info: driver.version: CChromeDriver
remote stacktrace: Backtrace:
	Ordinal0 [0x00A8C013+3194899]
	Ordinal0 [0x00976021+2056225]
	Ordinal0 [0x0080F4B0+586928]
	Ordinal0 [0x00805894+546964]
	Ordinal0 [0x00805F2C+548652]
	Ordinal0 [0x00807175+553333]
	Ordinal0 [0x0080241E+533534]
	Ordinal0 [0x00810620+591392]
	Ordinal0 [0x007B2A0C+207372]
	Ordinal0 [0x007B1D0D+204045]
	Ordinal0 [0x007AFC1B+195611]
	Ordinal0 [0x00793B7F+80767]
	Ordinal0 [0x00794B4E+84814]
	Ordinal0 [0x00794AD9+84697]
	Ordinal0 [0x0098CE64+2149988]
	GetHandleVerifier [0x00BFBE95+1400773]
	GetHandleVerifier [0x00BFBB61+1399953]
	GetHandleVerifier [0x00C031FA+1430314]
	GetHandleVerifier [0x00BFC69F+1402831]
	Ordinal0 [0x00983D61+2112865]
	Ordinal0 [0x0098E5CB+2155979]
	Ordinal0 [0x0098E6F5+2156277]
	Ordinal0 [0x0099F26E+2224750]
	BaseThreadInitThunk [0x77026359+25]
	RtlGetAppContainerNamedObjectPath [0x77BD8944+228]
	RtlGetAppContainerNamedObjectPath [0x77BD8914+180]

	at org.openqa.selenium.remote.W3CHandshakeResponse.lambda$errorHandler$0(W3CHandshakeResponse.java:62)
	at org.openqa.selenium.remote.HandshakeResponse.lambda$getResponseFunction$0(HandshakeResponse.java:30)
	at org.openqa.selenium.remote.ProtocolHandshake.lambda$createSession$0(ProtocolHandshake.java:126)
	at org.openqa.selenium.remote.ProtocolHandshake.createSession(ProtocolHandshake.java:128)
	at org.openqa.selenium.remote.ProtocolHandshake.createSession(ProtocolHandshake.java:74)
	at org.openqa.selenium.remote.HttpCommandExecutor.execute(HttpCommandExecutor.java:136)
	at org.openqa.selenium.remote.service.DriverCommandExecutor.execute(DriverCommandExecutor.java:83)
	at org.openqa.selenium.remote.RemoteWebDriver.execute(RemoteWebDriver.java:552)
	at com.kms.katalon.selenium.driver.CChromeDriver.execute(CChromeDriver.java:19)
	at org.openqa.selenium.remote.RemoteWebDriver.startSession(RemoteWebDriver.java:213)
	at org.openqa.selenium.remote.RemoteWebDriver.<init>(RemoteWebDriver.java:131)
	at org.openqa.selenium.chrome.ChromeDriver.<init>(ChromeDriver.java:181)
	at org.openqa.selenium.chrome.ChromeDriver.<init>(ChromeDriver.java:147)
	at com.kms.katalon.selenium.driver.CChromeDriver.<init>(CChromeDriver.java:13)
	at com.kms.katalon.core.webui.driver.DriverFactory.createNewChromeDriver(DriverFactory.java:400)
	at com.kms.katalon.core.webui.driver.DriverFactory.startNewBrowser(DriverFactory.java:358)
	at com.kms.katalon.core.webui.driver.DriverFactory.openWebDriver(DriverFactory.java:245)
	at com.kms.katalon.core.webui.keyword.builtin.OpenBrowserKeyword$_openBrowser_closure1.doCall(OpenBrowserKeyword.groovy:74)
	at com.kms.katalon.core.webui.keyword.builtin.OpenBrowserKeyword$_openBrowser_closure1.call(OpenBrowserKeyword.groovy)
	at com.kms.katalon.core.webui.keyword.internal.WebUIKeywordMain.runKeyword(WebUIKeywordMain.groovy:20)
	... 23 more


2021-02-19 16:45:24 - [TEST_STEP][PASSED] - excelTestData = findTestData("Data Files/TestData/InspectTestData"): null

2021-02-19 16:45:24 - [TEST_STEP][PASSED] - rigisterUN = excelTestData.getValue(2, 23): null

2021-02-19 16:45:24 - [TEST_STEP][PASSED] - rigisterPW = excelTestData.getValue(3, 23): null

2021-02-19 16:45:24 - [TEST_STEP][FAILED] - customKeywords.commanFunctions.uploadFileOfRegisterUser(276, rigisterUN, rigisterPW): Unable to open browser with url: 'https://Inspect.Stage.site.sa'

2021-02-19 16:45:24 - [MESSAGE][INFO] - Starting 'Chrome' driver

2021-02-19 16:45:24 - [MESSAGE][INFO] - Action delay is set to 0 milliseconds

2021-02-19 16:45:37 - [MESSAGE][FAILED] - Unable to open browser with url: 'https://Inspect.Stage.site.sa' (Root cause: com.kms.katalon.core.exception.StepFailedException: Unable to open browser with url: 'https://Inspect.Stage.site.sa'
	at com.kms.katalon.core.webui.keyword.internal.WebUIKeywordMain.stepFailed(WebUIKeywordMain.groovy:64)
	at com.kms.katalon.core.webui.keyword.internal.WebUIKeywordMain.runKeyword(WebUIKeywordMain.groovy:26)
	at com.kms.katalon.core.webui.keyword.builtin.OpenBrowserKeyword.openBrowser(OpenBrowserKeyword.groovy:81)
	at com.kms.katalon.core.webui.keyword.builtin.OpenBrowserKeyword.execute(OpenBrowserKeyword.groovy:67)
	at com.kms.katalon.core.keyword.internal.KeywordExecutor.executeKeywordForPlatform(KeywordExecutor.groovy:73)
	at com.kms.katalon.core.webui.keyword.WebUiBuiltInKeywords.openBrowser(WebUiBuiltInKeywords.groovy:61)
	at com.kms.katalon.core.webui.keyword.WebUiBuiltInKeywords$openBrowser.call(Unknown Source)
	at customKeywords.commanFunctions.openBrowser(commanFunctions.groovy:47)
	at customKeywords.commanFunctions.uploadFileOfRegisterUser(commanFunctions.groovy:747)
	at customKeywords.commanFunctions.invokeMethod(commanFunctions.groovy)
	at com.kms.katalon.core.main.CustomKeywordDelegatingMetaClass.invokeStaticMethod(CustomKeywordDelegatingMetaClass.java:50)
	at TC_As a register user, Upload Java File and verify Uploded file in Submission Page.run(TC_As a register user, Upload Java File and verify Uploded file in Submission Page:16)
	at com.kms.katalon.core.main.ScriptEngine.run(ScriptEngine.java:194)
	at com.kms.katalon.core.main.ScriptEngine.runScriptAsRawText(ScriptEngine.java:119)
	at com.kms.katalon.core.main.TestCaseExecutor.runScript(TestCaseExecutor.java:394)
	at com.kms.katalon.core.main.TestCaseExecutor.doExecute(TestCaseExecutor.java:385)
	at com.kms.katalon.core.main.TestCaseExecutor.processExecutionPhase(TestCaseExecutor.java:364)
	at com.kms.katalon.core.main.TestCaseExecutor.accessMainPhase(TestCaseExecutor.java:356)
	at com.kms.katalon.core.main.TestCaseExecutor.execute(TestCaseExecutor.java:251)
	at com.kms.katalon.core.main.TestSuiteExecutor.accessTestCaseMainPhase(TestSuiteExecutor.java:203)
	at com.kms.katalon.core.main.TestSuiteExecutor.accessTestSuiteMainPhase(TestSuiteExecutor.java:152)
	at com.kms.katalon.core.main.TestSuiteExecutor.execute(TestSuiteExecutor.java:95)
	at com.kms.katalon.core.main.TestCaseMain.startTestSuite(TestCaseMain.java:157)
	at com.kms.katalon.core.main.TestCaseMain$startTestSuite$0.call(Unknown Source)
	at TempTestSuite1613733199540.run(TempTestSuite1613733199540.groovy:39)
Caused by: org.openqa.selenium.SessionNotCreatedException: session not created
from chrome not reachable
  (Session info: chrome=86.0.4240.75)
Build info: version: '3.141.59', revision: 'e82be7d358', time: '2018-11-14T08:25:53'
System info: host: 'OMTPGCN1132568L', ip: '192.168.1.1', os.name: 'Windows 10', os.arch: 'amd64', os.version: '10.0', java.version: '1.8.0_181'
Driver info: driver.version: CChromeDriver
remote stacktrace: Backtrace:
	Ordinal0 [0x00A8C013+3194899]
	Ordinal0 [0x00976021+2056225]
	Ordinal0 [0x0080F4B0+586928]
	Ordinal0 [0x00805894+546964]
	Ordinal0 [0x00805F2C+548652]
	Ordinal0 [0x00807175+553333]
	Ordinal0 [0x0080241E+533534]
	Ordinal0 [0x00810620+591392]
	Ordinal0 [0x007B2A0C+207372]
	Ordinal0 [0x007B1D0D+204045]
	Ordinal0 [0x007AFC1B+195611]
	Ordinal0 [0x00793B7F+80767]
	Ordinal0 [0x00794B4E+84814]
	Ordinal0 [0x00794AD9+84697]
	Ordinal0 [0x0098CE64+2149988]
	GetHandleVerifier [0x00BFBE95+1400773]
	GetHandleVerifier [0x00BFBB61+1399953]
	GetHandleVerifier [0x00C031FA+1430314]
	GetHandleVerifier [0x00BFC69F+1402831]
	Ordinal0 [0x00983D61+2112865]
	Ordinal0 [0x0098E5CB+2155979]
	Ordinal0 [0x0098E6F5+2156277]
	Ordinal0 [0x0099F26E+2224750]
	BaseThreadInitThunk [0x77026359+25]
	RtlGetAppContainerNamedObjectPath [0x77BD8944+228]
	RtlGetAppContainerNamedObjectPath [0x77BD8914+180]

	at org.openqa.selenium.remote.W3CHandshakeResponse.lambda$errorHandler$0(W3CHandshakeResponse.java:62)
	at org.openqa.selenium.remote.HandshakeResponse.lambda$getResponseFunction$0(HandshakeResponse.java:30)
	at org.openqa.selenium.remote.ProtocolHandshake.lambda$createSession$0(ProtocolHandshake.java:126)
	at org.openqa.selenium.remote.ProtocolHandshake.createSession(ProtocolHandshake.java:128)
	at org.openqa.selenium.remote.ProtocolHandshake.createSession(ProtocolHandshake.java:74)
	at org.openqa.selenium.remote.HttpCommandExecutor.execute(HttpCommandExecutor.java:136)
	at org.openqa.selenium.remote.service.DriverCommandExecutor.execute(DriverCommandExecutor.java:83)
	at org.openqa.selenium.remote.RemoteWebDriver.execute(RemoteWebDriver.java:552)
	at com.kms.katalon.selenium.driver.CChromeDriver.execute(CChromeDriver.java:19)
	at org.openqa.selenium.remote.RemoteWebDriver.startSession(RemoteWebDriver.java:213)
	at org.openqa.selenium.remote.RemoteWebDriver.<init>(RemoteWebDriver.java:131)
	at org.openqa.selenium.chrome.ChromeDriver.<init>(ChromeDriver.java:181)
	at org.openqa.selenium.chrome.ChromeDriver.<init>(ChromeDriver.java:147)
	at com.kms.katalon.selenium.driver.CChromeDriver.<init>(CChromeDriver.java:13)
	at com.kms.katalon.core.webui.driver.DriverFactory.createNewChromeDriver(DriverFactory.java:400)
	at com.kms.katalon.core.webui.driver.DriverFactory.startNewBrowser(DriverFactory.java:358)
	at com.kms.katalon.core.webui.driver.DriverFactory.openWebDriver(DriverFactory.java:245)
	at com.kms.katalon.core.webui.keyword.builtin.OpenBrowserKeyword$_openBrowser_closure1.doCall(OpenBrowserKeyword.groovy:74)
	at com.kms.katalon.core.webui.keyword.builtin.OpenBrowserKeyword$_openBrowser_closure1.call(OpenBrowserKeyword.groovy)
	at com.kms.katalon.core.webui.keyword.internal.WebUIKeywordMain.runKeyword(WebUIKeywordMain.groovy:20)
	at com.kms.katalon.core.webui.keyword.builtin.OpenBrowserKeyword.openBrowser(OpenBrowserKeyword.groovy:81)
	at com.kms.katalon.core.webui.keyword.builtin.OpenBrowserKeyword.execute(OpenBrowserKeyword.groovy:67)
	at com.kms.katalon.core.keyword.internal.KeywordExecutor.executeKeywordForPlatform(KeywordExecutor.groovy:73)
	at com.kms.katalon.core.webui.keyword.WebUiBuiltInKeywords.openBrowser(WebUiBuiltInKeywords.groovy:61)
	at com.kms.katalon.core.webui.keyword.WebUiBuiltInKeywords$openBrowser.call(Unknown Source)
	at customKeywords.commanFunctions.openBrowser(commanFunctions.groovy:47)
	at customKeywords.commanFunctions.uploadFileOfRegisterUser(commanFunctions.groovy:747)
	at customKeywords.commanFunctions.invokeMethod(commanFunctions.groovy)
	at com.kms.katalon.core.main.CustomKeywordDelegatingMetaClass.invokeStaticMethod(CustomKeywordDelegatingMetaClass.java:50)
	at Script1613387724280.run(Script1613387724280.groovy:16)
	... 13 more
)

2021-02-19 16:45:37 - [MESSAGE][FAILED] - Unable to open browser with url: 'https://Inspect.Stage.site.sa'

2021-02-19 16:45:37 - [TEST_STEP][PASSED] - Start tear down : tearDownMethodIfFailed: Method 'tearDownMethodIfFailed' complete successfully

2021-02-19 16:45:37 - [TEST_STEP][PASSED] - customKeywords.commanFunctions.onlyCloseBrowser(): customKeywords.commanFunctions.onlyCloseBrowser is PASSED

2021-02-19 16:45:37 - [MESSAGE][PASSED] - Browser is closed

2021-02-19 16:45:37 - [MESSAGE][PASSED] - customKeywords.commanFunctions.onlyCloseBrowser is PASSED

2021-02-19 16:45:37 - [TEST_STEP][PASSED] - logInfo("[--------This is tearDownIfFailed method------]"): [--------This is tearDownIfFailed method------]

2021-02-19 16:45:37 - [MESSAGE][INFO] - [--------This is tearDownIfFailed method------]

2021-02-19 16:45:37 - [MESSAGE][PASSED] - Method 'tearDownMethodIfFailed' complete successfully]]></system-out>
         <system-err><![CDATA[2021-02-19 16:45:24 - [TEST_CASE][FAILED] - Test Cases/UploadDiffFiles_RegisterUser/TC_As a register user, Upload Java File and verify Uploded file in Submission Page: Test Cases/UploadDiffFiles_RegisterUser/TC_As a register user, Upload Java File and verify Uploded file in Submission Page FAILED.
Reason:
com.kms.katalon.core.exception.StepFailedException: Unable to open browser with url: 'https://Inspect.Stage.site.sa'
	at com.kms.katalon.core.webui.keyword.internal.WebUIKeywordMain.stepFailed(WebUIKeywordMain.groovy:64)
	at com.kms.katalon.core.webui.keyword.internal.WebUIKeywordMain.runKeyword(WebUIKeywordMain.groovy:26)
	at com.kms.katalon.core.webui.keyword.builtin.OpenBrowserKeyword.openBrowser(OpenBrowserKeyword.groovy:81)
	at com.kms.katalon.core.webui.keyword.builtin.OpenBrowserKeyword.execute(OpenBrowserKeyword.groovy:67)
	at com.kms.katalon.core.keyword.internal.KeywordExecutor.executeKeywordForPlatform(KeywordExecutor.groovy:73)
	at com.kms.katalon.core.webui.keyword.WebUiBuiltInKeywords.openBrowser(WebUiBuiltInKeywords.groovy:61)
	at com.kms.katalon.core.webui.keyword.WebUiBuiltInKeywords$openBrowser.call(Unknown Source)
	at customKeywords.commanFunctions.openBrowser(commanFunctions.groovy:47)
	at customKeywords.commanFunctions.uploadFileOfRegisterUser(commanFunctions.groovy:747)
	at customKeywords.commanFunctions.invokeMethod(commanFunctions.groovy)
	at com.kms.katalon.core.main.CustomKeywordDelegatingMetaClass.invokeStaticMethod(CustomKeywordDelegatingMetaClass.java:50)
	at TC_As a register user, Upload Java File and verify Uploded file in Submission Page.run(TC_As a register user, Upload Java File and verify Uploded file in Submission Page:16)
	at com.kms.katalon.core.main.ScriptEngine.run(ScriptEngine.java:194)
	at com.kms.katalon.core.main.ScriptEngine.runScriptAsRawText(ScriptEngine.java:119)
	at com.kms.katalon.core.main.TestCaseExecutor.runScript(TestCaseExecutor.java:394)
	at com.kms.katalon.core.main.TestCaseExecutor.doExecute(TestCaseExecutor.java:385)
	at com.kms.katalon.core.main.TestCaseExecutor.processExecutionPhase(TestCaseExecutor.java:364)
	at com.kms.katalon.core.main.TestCaseExecutor.accessMainPhase(TestCaseExecutor.java:356)
	at com.kms.katalon.core.main.TestCaseExecutor.execute(TestCaseExecutor.java:251)
	at com.kms.katalon.core.main.TestSuiteExecutor.accessTestCaseMainPhase(TestSuiteExecutor.java:203)
	at com.kms.katalon.core.main.TestSuiteExecutor.accessTestSuiteMainPhase(TestSuiteExecutor.java:152)
	at com.kms.katalon.core.main.TestSuiteExecutor.execute(TestSuiteExecutor.java:95)
	at com.kms.katalon.core.main.TestCaseMain.startTestSuite(TestCaseMain.java:157)
	at com.kms.katalon.core.main.TestCaseMain$startTestSuite$0.call(Unknown Source)
	at TempTestSuite1613733199540.run(TempTestSuite1613733199540.groovy:39)
Caused by: org.openqa.selenium.SessionNotCreatedException: session not created
from chrome not reachable
  (Session info: chrome=86.0.4240.75)
Build info: version: '3.141.59', revision: 'e82be7d358', time: '2018-11-14T08:25:53'
System info: host: 'OMTPGCN1132568L', ip: '192.168.1.1', os.name: 'Windows 10', os.arch: 'amd64', os.version: '10.0', java.version: '1.8.0_181'
Driver info: driver.version: CChromeDriver
remote stacktrace: Backtrace:
	Ordinal0 [0x00A8C013+3194899]
	Ordinal0 [0x00976021+2056225]
	Ordinal0 [0x0080F4B0+586928]
	Ordinal0 [0x00805894+546964]
	Ordinal0 [0x00805F2C+548652]
	Ordinal0 [0x00807175+553333]
	Ordinal0 [0x0080241E+533534]
	Ordinal0 [0x00810620+591392]
	Ordinal0 [0x007B2A0C+207372]
	Ordinal0 [0x007B1D0D+204045]
	Ordinal0 [0x007AFC1B+195611]
	Ordinal0 [0x00793B7F+80767]
	Ordinal0 [0x00794B4E+84814]
	Ordinal0 [0x00794AD9+84697]
	Ordinal0 [0x0098CE64+2149988]
	GetHandleVerifier [0x00BFBE95+1400773]
	GetHandleVerifier [0x00BFBB61+1399953]
	GetHandleVerifier [0x00C031FA+1430314]
	GetHandleVerifier [0x00BFC69F+1402831]
	Ordinal0 [0x00983D61+2112865]
	Ordinal0 [0x0098E5CB+2155979]
	Ordinal0 [0x0098E6F5+2156277]
	Ordinal0 [0x0099F26E+2224750]
	BaseThreadInitThunk [0x77026359+25]
	RtlGetAppContainerNamedObjectPath [0x77BD8944+228]
	RtlGetAppContainerNamedObjectPath [0x77BD8914+180]

	at org.openqa.selenium.remote.W3CHandshakeResponse.lambda$errorHandler$0(W3CHandshakeResponse.java:62)
	at org.openqa.selenium.remote.HandshakeResponse.lambda$getResponseFunction$0(HandshakeResponse.java:30)
	at org.openqa.selenium.remote.ProtocolHandshake.lambda$createSession$0(ProtocolHandshake.java:126)
	at org.openqa.selenium.remote.ProtocolHandshake.createSession(ProtocolHandshake.java:128)
	at org.openqa.selenium.remote.ProtocolHandshake.createSession(ProtocolHandshake.java:74)
	at org.openqa.selenium.remote.HttpCommandExecutor.execute(HttpCommandExecutor.java:136)
	at org.openqa.selenium.remote.service.DriverCommandExecutor.execute(DriverCommandExecutor.java:83)
	at org.openqa.selenium.remote.RemoteWebDriver.execute(RemoteWebDriver.java:552)
	at com.kms.katalon.selenium.driver.CChromeDriver.execute(CChromeDriver.java:19)
	at org.openqa.selenium.remote.RemoteWebDriver.startSession(RemoteWebDriver.java:213)
	at org.openqa.selenium.remote.RemoteWebDriver.<init>(RemoteWebDriver.java:131)
	at org.openqa.selenium.chrome.ChromeDriver.<init>(ChromeDriver.java:181)
	at org.openqa.selenium.chrome.ChromeDriver.<init>(ChromeDriver.java:147)
	at com.kms.katalon.selenium.driver.CChromeDriver.<init>(CChromeDriver.java:13)
	at com.kms.katalon.core.webui.driver.DriverFactory.createNewChromeDriver(DriverFactory.java:400)
	at com.kms.katalon.core.webui.driver.DriverFactory.startNewBrowser(DriverFactory.java:358)
	at com.kms.katalon.core.webui.driver.DriverFactory.openWebDriver(DriverFactory.java:245)
	at com.kms.katalon.core.webui.keyword.builtin.OpenBrowserKeyword$_openBrowser_closure1.doCall(OpenBrowserKeyword.groovy:74)
	at com.kms.katalon.core.webui.keyword.builtin.OpenBrowserKeyword$_openBrowser_closure1.call(OpenBrowserKeyword.groovy)
	at com.kms.katalon.core.webui.keyword.internal.WebUIKeywordMain.runKeyword(WebUIKeywordMain.groovy:20)
	... 23 more]]></system-err>
      </testcase>
      <testcase name="Test Cases/UploadDiffFiles_RegisterUser/TC_As a register user, Upload JPEG graphic File and verify Uploded file in Submission Page" time="32.321" classname="Test Cases/UploadDiffFiles_RegisterUser/TC_As a register user, Upload JPEG graphic File and verify Uploded file in Submission Page" status="FAILED">
         <failure type="FAILED" message="Test Cases/UploadDiffFiles_RegisterUser/TC_As a register user, Upload JPEG graphic File and verify Uploded file in Submission Page FAILED.
Reason:
com.kms.katalon.core.exception.StepFailedException: Unable to verify text 'JPEG graphic' is present 
	at com.kms.katalon.core.webui.keyword.internal.WebUIKeywordMain.stepFailed(WebUIKeywordMain.groovy:64)
	at com.kms.katalon.core.webui.keyword.internal.WebUIKeywordMain.runKeyword(WebUIKeywordMain.groovy:26)
	at com.kms.katalon.core.webui.keyword.builtin.VerifyTextPresentKeyword.verifyTextPresent(VerifyTextPresentKeyword.groovy:83)
	at com.kms.katalon.core.webui.keyword.builtin.VerifyTextPresentKeyword.execute(VerifyTextPresentKeyword.groovy:68)
	at com.kms.katalon.core.keyword.internal.KeywordExecutor.executeKeywordForPlatform(KeywordExecutor.groovy:73)
	at com.kms.katalon.core.webui.keyword.WebUiBuiltInKeywords.verifyTextPresent(WebUiBuiltInKeywords.groovy:1720)
	at com.kms.katalon.core.webui.keyword.WebUiBuiltInKeywords$verifyTextPresent$7.call(Unknown Source)
	at customKeywords.commanFunctions.UploadReqFile(commanFunctions.groovy:282)
	at customKeywords.commanFunctions.uploadFileOfRegisterUser(commanFunctions.groovy:761)
	at customKeywords.commanFunctions.invokeMethod(commanFunctions.groovy)
	at com.kms.katalon.core.main.CustomKeywordDelegatingMetaClass.invokeStaticMethod(CustomKeywordDelegatingMetaClass.java:50)
	at TC_As a register user, Upload JPEG graphic File and verify Uploded file in Submission Page.run(TC_As a register user, Upload JPEG graphic File and verify Uploded file in Submission Page:16)
	at com.kms.katalon.core.main.ScriptEngine.run(ScriptEngine.java:194)
	at com.kms.katalon.core.main.ScriptEngine.runScriptAsRawText(ScriptEngine.java:119)
	at com.kms.katalon.core.main.TestCaseExecutor.runScript(TestCaseExecutor.java:394)
	at com.kms.katalon.core.main.TestCaseExecutor.doExecute(TestCaseExecutor.java:385)
	at com.kms.katalon.core.main.TestCaseExecutor.processExecutionPhase(TestCaseExecutor.java:364)
	at com.kms.katalon.core.main.TestCaseExecutor.accessMainPhase(TestCaseExecutor.java:356)
	at com.kms.katalon.core.main.TestCaseExecutor.execute(TestCaseExecutor.java:251)
	at com.kms.katalon.core.main.TestSuiteExecutor.accessTestCaseMainPhase(TestSuiteExecutor.java:203)
	at com.kms.katalon.core.main.TestSuiteExecutor.accessTestSuiteMainPhase(TestSuiteExecutor.java:152)
	at com.kms.katalon.core.main.TestSuiteExecutor.execute(TestSuiteExecutor.java:95)
	at com.kms.katalon.core.main.TestCaseMain.startTestSuite(TestCaseMain.java:157)
	at com.kms.katalon.core.main.TestCaseMain$startTestSuite$0.call(Unknown Source)
	at TempTestSuite1613733199540.run(TempTestSuite1613733199540.groovy:39)
Caused by: com.kms.katalon.core.exception.StepFailedException: Text 'JPEG graphic' is not present on page 
	at com.kms.katalon.core.webui.keyword.internal.WebUIKeywordMain.stepFailed(WebUIKeywordMain.groovy:64)
	at com.kms.katalon.core.webui.keyword.builtin.VerifyTextPresentKeyword$_verifyTextPresent_closure1.doCall(VerifyTextPresentKeyword.groovy:79)
	at com.kms.katalon.core.webui.keyword.builtin.VerifyTextPresentKeyword$_verifyTextPresent_closure1.call(VerifyTextPresentKeyword.groovy)
	at com.kms.katalon.core.webui.keyword.internal.WebUIKeywordMain.runKeyword(WebUIKeywordMain.groovy:20)
	... 23 more
"/>
         <system-out><![CDATA[2021-02-19 16:45:37 - [TEST_CASE][FAILED] - Test Cases/UploadDiffFiles_RegisterUser/TC_As a register user, Upload JPEG graphic File and verify Uploded file in Submission Page: Test Cases/UploadDiffFiles_RegisterUser/TC_As a register user, Upload JPEG graphic File and verify Uploded file in Submission Page FAILED.
Reason:
com.kms.katalon.core.exception.StepFailedException: Unable to verify text 'JPEG graphic' is present 
	at com.kms.katalon.core.webui.keyword.internal.WebUIKeywordMain.stepFailed(WebUIKeywordMain.groovy:64)
	at com.kms.katalon.core.webui.keyword.internal.WebUIKeywordMain.runKeyword(WebUIKeywordMain.groovy:26)
	at com.kms.katalon.core.webui.keyword.builtin.VerifyTextPresentKeyword.verifyTextPresent(VerifyTextPresentKeyword.groovy:83)
	at com.kms.katalon.core.webui.keyword.builtin.VerifyTextPresentKeyword.execute(VerifyTextPresentKeyword.groovy:68)
	at com.kms.katalon.core.keyword.internal.KeywordExecutor.executeKeywordForPlatform(KeywordExecutor.groovy:73)
	at com.kms.katalon.core.webui.keyword.WebUiBuiltInKeywords.verifyTextPresent(WebUiBuiltInKeywords.groovy:1720)
	at com.kms.katalon.core.webui.keyword.WebUiBuiltInKeywords$verifyTextPresent$7.call(Unknown Source)
	at customKeywords.commanFunctions.UploadReqFile(commanFunctions.groovy:282)
	at customKeywords.commanFunctions.uploadFileOfRegisterUser(commanFunctions.groovy:761)
	at customKeywords.commanFunctions.invokeMethod(commanFunctions.groovy)
	at com.kms.katalon.core.main.CustomKeywordDelegatingMetaClass.invokeStaticMethod(CustomKeywordDelegatingMetaClass.java:50)
	at TC_As a register user, Upload JPEG graphic File and verify Uploded file in Submission Page.run(TC_As a register user, Upload JPEG graphic File and verify Uploded file in Submission Page:16)
	at com.kms.katalon.core.main.ScriptEngine.run(ScriptEngine.java:194)
	at com.kms.katalon.core.main.ScriptEngine.runScriptAsRawText(ScriptEngine.java:119)
	at com.kms.katalon.core.main.TestCaseExecutor.runScript(TestCaseExecutor.java:394)
	at com.kms.katalon.core.main.TestCaseExecutor.doExecute(TestCaseExecutor.java:385)
	at com.kms.katalon.core.main.TestCaseExecutor.processExecutionPhase(TestCaseExecutor.java:364)
	at com.kms.katalon.core.main.TestCaseExecutor.accessMainPhase(TestCaseExecutor.java:356)
	at com.kms.katalon.core.main.TestCaseExecutor.execute(TestCaseExecutor.java:251)
	at com.kms.katalon.core.main.TestSuiteExecutor.accessTestCaseMainPhase(TestSuiteExecutor.java:203)
	at com.kms.katalon.core.main.TestSuiteExecutor.accessTestSuiteMainPhase(TestSuiteExecutor.java:152)
	at com.kms.katalon.core.main.TestSuiteExecutor.execute(TestSuiteExecutor.java:95)
	at com.kms.katalon.core.main.TestCaseMain.startTestSuite(TestCaseMain.java:157)
	at com.kms.katalon.core.main.TestCaseMain$startTestSuite$0.call(Unknown Source)
	at TempTestSuite1613733199540.run(TempTestSuite1613733199540.groovy:39)
Caused by: com.kms.katalon.core.exception.StepFailedException: Text 'JPEG graphic' is not present on page 
	at com.kms.katalon.core.webui.keyword.internal.WebUIKeywordMain.stepFailed(WebUIKeywordMain.groovy:64)
	at com.kms.katalon.core.webui.keyword.builtin.VerifyTextPresentKeyword$_verifyTextPresent_closure1.doCall(VerifyTextPresentKeyword.groovy:79)
	at com.kms.katalon.core.webui.keyword.builtin.VerifyTextPresentKeyword$_verifyTextPresent_closure1.call(VerifyTextPresentKeyword.groovy)
	at com.kms.katalon.core.webui.keyword.internal.WebUIKeywordMain.runKeyword(WebUIKeywordMain.groovy:20)
	... 23 more


2021-02-19 16:45:37 - [TEST_STEP][PASSED] - excelTestData = findTestData("Data Files/TestData/InspectTestData"): null

2021-02-19 16:45:38 - [TEST_STEP][PASSED] - rigisterUN = excelTestData.getValue(2, 23): null

2021-02-19 16:45:38 - [TEST_STEP][PASSED] - rigisterPW = excelTestData.getValue(3, 23): null

2021-02-19 16:45:38 - [TEST_STEP][FAILED] - customKeywords.commanFunctions.uploadFileOfRegisterUser(292, rigisterUN, rigisterPW): Unable to verify text 'JPEG graphic' is present 

2021-02-19 16:45:38 - [MESSAGE][INFO] - Starting 'Chrome' driver

2021-02-19 16:45:38 - [MESSAGE][INFO] - Action delay is set to 0 milliseconds

2021-02-19 16:45:47 - [MESSAGE][PASSED] - Browser is opened with url: 'https://Inspect.Stage.site.sa'

2021-02-19 16:45:49 - [MESSAGE][PASSED] - Current window maximized

2021-02-19 16:45:49 - [MESSAGE][PASSED] - Wait for page load successfully

2021-02-19 16:45:50 - [MESSAGE][PASSED] - Object 'Object Repository/LoginAndRigisterUser/LoginLink' is clickable

2021-02-19 16:45:50 - [MESSAGE][INFO] - Clicked on element with JS

2021-02-19 16:45:50 - [MESSAGE][PASSED] - Keys 'Os-ARahman@projects.site.sa' sent to object: 'Object Repository/LoginAndRigisterUser/UserName_Email_Input'

2021-02-19 16:45:51 - [MESSAGE][PASSED] - Keys 'Test@12345' sent to object: 'Object Repository/LoginAndRigisterUser/Password_Input'

2021-02-19 16:45:52 - [MESSAGE][PASSED] - Delayed 1 second(s)

2021-02-19 16:45:52 - [MESSAGE][PASSED] - Object 'Object Repository/LoginAndRigisterUser/LoginBtn' is clickable

2021-02-19 16:45:52 - [MESSAGE][INFO] - Clicked on element with JS

2021-02-19 16:45:55 - [MESSAGE][PASSED] - Keys '0' sent to object: 'Object Repository/LoginAndRigisterUser/otpOne'

2021-02-19 16:45:56 - [MESSAGE][PASSED] - Keys '0' sent to object: 'Object Repository/LoginAndRigisterUser/otpTwo'

2021-02-19 16:45:57 - [MESSAGE][PASSED] - Keys '0' sent to object: 'Object Repository/LoginAndRigisterUser/otpThree'

2021-02-19 16:45:57 - [MESSAGE][PASSED] - Keys '0' sent to object: 'Object Repository/LoginAndRigisterUser/otpFour'

2021-02-19 16:45:59 - [MESSAGE][PASSED] - Keys '0' sent to object: 'Object Repository/LoginAndRigisterUser/otpFive'

2021-02-19 16:45:59 - [MESSAGE][INFO] - Clicked on element with JS

2021-02-19 16:46:02 - [MESSAGE][PASSED] - Object: 'Object Repository/HomePage/ChooseAFile' is clicked on

2021-02-19 16:46:04 - [MESSAGE][PASSED] - Delayed 2 second(s)

2021-02-19 16:46:06 - [MESSAGE][INFO] - Image Uploaded Sucsessfully

2021-02-19 16:46:08 - [MESSAGE][PASSED] - Delayed 2 second(s)

2021-02-19 16:46:08 - [MESSAGE][FAILED] - Text 'JPEG graphic' is not present on page  (Root cause: com.kms.katalon.core.exception.StepFailedException: Text 'JPEG graphic' is not present on page 
	at com.kms.katalon.core.webui.keyword.internal.WebUIKeywordMain.stepFailed(WebUIKeywordMain.groovy:64)
	at com.kms.katalon.core.webui.keyword.builtin.VerifyTextPresentKeyword$_verifyTextPresent_closure1.doCall(VerifyTextPresentKeyword.groovy:79)
	at com.kms.katalon.core.webui.keyword.builtin.VerifyTextPresentKeyword$_verifyTextPresent_closure1.call(VerifyTextPresentKeyword.groovy)
	at com.kms.katalon.core.webui.keyword.internal.WebUIKeywordMain.runKeyword(WebUIKeywordMain.groovy:20)
	at com.kms.katalon.core.webui.keyword.builtin.VerifyTextPresentKeyword.verifyTextPresent(VerifyTextPresentKeyword.groovy:83)
	at com.kms.katalon.core.webui.keyword.builtin.VerifyTextPresentKeyword.execute(VerifyTextPresentKeyword.groovy:68)
	at com.kms.katalon.core.keyword.internal.KeywordExecutor.executeKeywordForPlatform(KeywordExecutor.groovy:73)
	at com.kms.katalon.core.webui.keyword.WebUiBuiltInKeywords.verifyTextPresent(WebUiBuiltInKeywords.groovy:1720)
	at com.kms.katalon.core.webui.keyword.WebUiBuiltInKeywords$verifyTextPresent$7.call(Unknown Source)
	at customKeywords.commanFunctions.UploadReqFile(commanFunctions.groovy:282)
	at customKeywords.commanFunctions.uploadFileOfRegisterUser(commanFunctions.groovy:761)
	at customKeywords.commanFunctions.invokeMethod(commanFunctions.groovy)
	at com.kms.katalon.core.main.CustomKeywordDelegatingMetaClass.invokeStaticMethod(CustomKeywordDelegatingMetaClass.java:50)
	at TC_As a register user, Upload JPEG graphic File and verify Uploded file in Submission Page.run(TC_As a register user, Upload JPEG graphic File and verify Uploded file in Submission Page:16)
	at com.kms.katalon.core.main.ScriptEngine.run(ScriptEngine.java:194)
	at com.kms.katalon.core.main.ScriptEngine.runScriptAsRawText(ScriptEngine.java:119)
	at com.kms.katalon.core.main.TestCaseExecutor.runScript(TestCaseExecutor.java:394)
	at com.kms.katalon.core.main.TestCaseExecutor.doExecute(TestCaseExecutor.java:385)
	at com.kms.katalon.core.main.TestCaseExecutor.processExecutionPhase(TestCaseExecutor.java:364)
	at com.kms.katalon.core.main.TestCaseExecutor.accessMainPhase(TestCaseExecutor.java:356)
	at com.kms.katalon.core.main.TestCaseExecutor.execute(TestCaseExecutor.java:251)
	at com.kms.katalon.core.main.TestSuiteExecutor.accessTestCaseMainPhase(TestSuiteExecutor.java:203)
	at com.kms.katalon.core.main.TestSuiteExecutor.accessTestSuiteMainPhase(TestSuiteExecutor.java:152)
	at com.kms.katalon.core.main.TestSuiteExecutor.execute(TestSuiteExecutor.java:95)
	at com.kms.katalon.core.main.TestCaseMain.startTestSuite(TestCaseMain.java:157)
	at com.kms.katalon.core.main.TestCaseMain$startTestSuite$0.call(Unknown Source)
	at TempTestSuite1613733199540.run(TempTestSuite1613733199540.groovy:39)
)

2021-02-19 16:46:08 - [MESSAGE][FAILED] - Unable to verify text 'JPEG graphic' is present  (Root cause: com.kms.katalon.core.exception.StepFailedException: Unable to verify text 'JPEG graphic' is present 
	at com.kms.katalon.core.webui.keyword.internal.WebUIKeywordMain.stepFailed(WebUIKeywordMain.groovy:64)
	at com.kms.katalon.core.webui.keyword.internal.WebUIKeywordMain.runKeyword(WebUIKeywordMain.groovy:26)
	at com.kms.katalon.core.webui.keyword.builtin.VerifyTextPresentKeyword.verifyTextPresent(VerifyTextPresentKeyword.groovy:83)
	at com.kms.katalon.core.webui.keyword.builtin.VerifyTextPresentKeyword.execute(VerifyTextPresentKeyword.groovy:68)
	at com.kms.katalon.core.keyword.internal.KeywordExecutor.executeKeywordForPlatform(KeywordExecutor.groovy:73)
	at com.kms.katalon.core.webui.keyword.WebUiBuiltInKeywords.verifyTextPresent(WebUiBuiltInKeywords.groovy:1720)
	at com.kms.katalon.core.webui.keyword.WebUiBuiltInKeywords$verifyTextPresent$7.call(Unknown Source)
	at customKeywords.commanFunctions.UploadReqFile(commanFunctions.groovy:282)
	at customKeywords.commanFunctions.uploadFileOfRegisterUser(commanFunctions.groovy:761)
	at customKeywords.commanFunctions.invokeMethod(commanFunctions.groovy)
	at com.kms.katalon.core.main.CustomKeywordDelegatingMetaClass.invokeStaticMethod(CustomKeywordDelegatingMetaClass.java:50)
	at TC_As a register user, Upload JPEG graphic File and verify Uploded file in Submission Page.run(TC_As a register user, Upload JPEG graphic File and verify Uploded file in Submission Page:16)
	at com.kms.katalon.core.main.ScriptEngine.run(ScriptEngine.java:194)
	at com.kms.katalon.core.main.ScriptEngine.runScriptAsRawText(ScriptEngine.java:119)
	at com.kms.katalon.core.main.TestCaseExecutor.runScript(TestCaseExecutor.java:394)
	at com.kms.katalon.core.main.TestCaseExecutor.doExecute(TestCaseExecutor.java:385)
	at com.kms.katalon.core.main.TestCaseExecutor.processExecutionPhase(TestCaseExecutor.java:364)
	at com.kms.katalon.core.main.TestCaseExecutor.accessMainPhase(TestCaseExecutor.java:356)
	at com.kms.katalon.core.main.TestCaseExecutor.execute(TestCaseExecutor.java:251)
	at com.kms.katalon.core.main.TestSuiteExecutor.accessTestCaseMainPhase(TestSuiteExecutor.java:203)
	at com.kms.katalon.core.main.TestSuiteExecutor.accessTestSuiteMainPhase(TestSuiteExecutor.java:152)
	at com.kms.katalon.core.main.TestSuiteExecutor.execute(TestSuiteExecutor.java:95)
	at com.kms.katalon.core.main.TestCaseMain.startTestSuite(TestCaseMain.java:157)
	at com.kms.katalon.core.main.TestCaseMain$startTestSuite$0.call(Unknown Source)
	at TempTestSuite1613733199540.run(TempTestSuite1613733199540.groovy:39)
Caused by: com.kms.katalon.core.exception.StepFailedException: Text 'JPEG graphic' is not present on page 
	at com.kms.katalon.core.webui.keyword.internal.WebUIKeywordMain.stepFailed(WebUIKeywordMain.groovy:64)
	at com.kms.katalon.core.webui.keyword.builtin.VerifyTextPresentKeyword$_verifyTextPresent_closure1.doCall(VerifyTextPresentKeyword.groovy:79)
	at com.kms.katalon.core.webui.keyword.builtin.VerifyTextPresentKeyword$_verifyTextPresent_closure1.call(VerifyTextPresentKeyword.groovy)
	at com.kms.katalon.core.webui.keyword.internal.WebUIKeywordMain.runKeyword(WebUIKeywordMain.groovy:20)
	... 23 more
)
[[ATTACHMENT|E:\\Inspect\\15022021\\SiteInspectAutomation\\Reports\\20210219_164318\\Regression_Suite\\RegisterUser_Suite\\RegisterUser_Regression\\20210219_164319\\1613733368479.png]]

2021-02-19 16:46:08 - [MESSAGE][FAILED] - Unable to verify text 'JPEG graphic' is present 

2021-02-19 16:46:08 - [TEST_STEP][PASSED] - Start tear down : tearDownMethodIfFailed: Method 'tearDownMethodIfFailed' complete successfully

2021-02-19 16:46:08 - [TEST_STEP][PASSED] - customKeywords.commanFunctions.onlyCloseBrowser(): customKeywords.commanFunctions.onlyCloseBrowser is PASSED

2021-02-19 16:46:10 - [MESSAGE][PASSED] - Browser is closed

2021-02-19 16:46:10 - [MESSAGE][PASSED] - customKeywords.commanFunctions.onlyCloseBrowser is PASSED

2021-02-19 16:46:10 - [TEST_STEP][PASSED] - logInfo("[--------This is tearDownIfFailed method------]"): [--------This is tearDownIfFailed method------]

2021-02-19 16:46:10 - [MESSAGE][INFO] - [--------This is tearDownIfFailed method------]

2021-02-19 16:46:10 - [MESSAGE][PASSED] - Method 'tearDownMethodIfFailed' complete successfully]]></system-out>
         <system-err><![CDATA[2021-02-19 16:45:37 - [TEST_CASE][FAILED] - Test Cases/UploadDiffFiles_RegisterUser/TC_As a register user, Upload JPEG graphic File and verify Uploded file in Submission Page: Test Cases/UploadDiffFiles_RegisterUser/TC_As a register user, Upload JPEG graphic File and verify Uploded file in Submission Page FAILED.
Reason:
com.kms.katalon.core.exception.StepFailedException: Unable to verify text 'JPEG graphic' is present 
	at com.kms.katalon.core.webui.keyword.internal.WebUIKeywordMain.stepFailed(WebUIKeywordMain.groovy:64)
	at com.kms.katalon.core.webui.keyword.internal.WebUIKeywordMain.runKeyword(WebUIKeywordMain.groovy:26)
	at com.kms.katalon.core.webui.keyword.builtin.VerifyTextPresentKeyword.verifyTextPresent(VerifyTextPresentKeyword.groovy:83)
	at com.kms.katalon.core.webui.keyword.builtin.VerifyTextPresentKeyword.execute(VerifyTextPresentKeyword.groovy:68)
	at com.kms.katalon.core.keyword.internal.KeywordExecutor.executeKeywordForPlatform(KeywordExecutor.groovy:73)
	at com.kms.katalon.core.webui.keyword.WebUiBuiltInKeywords.verifyTextPresent(WebUiBuiltInKeywords.groovy:1720)
	at com.kms.katalon.core.webui.keyword.WebUiBuiltInKeywords$verifyTextPresent$7.call(Unknown Source)
	at customKeywords.commanFunctions.UploadReqFile(commanFunctions.groovy:282)
	at customKeywords.commanFunctions.uploadFileOfRegisterUser(commanFunctions.groovy:761)
	at customKeywords.commanFunctions.invokeMethod(commanFunctions.groovy)
	at com.kms.katalon.core.main.CustomKeywordDelegatingMetaClass.invokeStaticMethod(CustomKeywordDelegatingMetaClass.java:50)
	at TC_As a register user, Upload JPEG graphic File and verify Uploded file in Submission Page.run(TC_As a register user, Upload JPEG graphic File and verify Uploded file in Submission Page:16)
	at com.kms.katalon.core.main.ScriptEngine.run(ScriptEngine.java:194)
	at com.kms.katalon.core.main.ScriptEngine.runScriptAsRawText(ScriptEngine.java:119)
	at com.kms.katalon.core.main.TestCaseExecutor.runScript(TestCaseExecutor.java:394)
	at com.kms.katalon.core.main.TestCaseExecutor.doExecute(TestCaseExecutor.java:385)
	at com.kms.katalon.core.main.TestCaseExecutor.processExecutionPhase(TestCaseExecutor.java:364)
	at com.kms.katalon.core.main.TestCaseExecutor.accessMainPhase(TestCaseExecutor.java:356)
	at com.kms.katalon.core.main.TestCaseExecutor.execute(TestCaseExecutor.java:251)
	at com.kms.katalon.core.main.TestSuiteExecutor.accessTestCaseMainPhase(TestSuiteExecutor.java:203)
	at com.kms.katalon.core.main.TestSuiteExecutor.accessTestSuiteMainPhase(TestSuiteExecutor.java:152)
	at com.kms.katalon.core.main.TestSuiteExecutor.execute(TestSuiteExecutor.java:95)
	at com.kms.katalon.core.main.TestCaseMain.startTestSuite(TestCaseMain.java:157)
	at com.kms.katalon.core.main.TestCaseMain$startTestSuite$0.call(Unknown Source)
	at TempTestSuite1613733199540.run(TempTestSuite1613733199540.groovy:39)
Caused by: com.kms.katalon.core.exception.StepFailedException: Text 'JPEG graphic' is not present on page 
	at com.kms.katalon.core.webui.keyword.internal.WebUIKeywordMain.stepFailed(WebUIKeywordMain.groovy:64)
	at com.kms.katalon.core.webui.keyword.builtin.VerifyTextPresentKeyword$_verifyTextPresent_closure1.doCall(VerifyTextPresentKeyword.groovy:79)
	at com.kms.katalon.core.webui.keyword.builtin.VerifyTextPresentKeyword$_verifyTextPresent_closure1.call(VerifyTextPresentKeyword.groovy)
	at com.kms.katalon.core.webui.keyword.internal.WebUIKeywordMain.runKeyword(WebUIKeywordMain.groovy:20)
	... 23 more]]></system-err>
      </testcase>
      <testcase name="Test Cases/UploadDiffFiles_RegisterUser/TC_As a register user, Upload MacPaint File and verify Uploded file in Submission Page" time="16.356" classname="Test Cases/UploadDiffFiles_RegisterUser/TC_As a register user, Upload MacPaint File and verify Uploded file in Submission Page" status="FAILED">
         <failure type="FAILED" message="Test Cases/UploadDiffFiles_RegisterUser/TC_As a register user, Upload MacPaint File and verify Uploded file in Submission Page FAILED.
Reason:
com.kms.katalon.core.exception.StepFailedException: Unable to send keys '0' to object 'Object Repository/LoginAndRigisterUser/otpOne'
	at com.kms.katalon.core.webui.keyword.internal.WebUIKeywordMain.stepFailed(WebUIKeywordMain.groovy:64)
	at com.kms.katalon.core.webui.keyword.internal.WebUIKeywordMain.runKeyword(WebUIKeywordMain.groovy:26)
	at com.kms.katalon.core.webui.keyword.builtin.SendKeysKeyword.sendKeys(SendKeysKeyword.groovy:60)
	at com.kms.katalon.core.webui.keyword.builtin.SendKeysKeyword.execute(SendKeysKeyword.groovy:38)
	at com.kms.katalon.core.keyword.internal.KeywordExecutor.executeKeywordForPlatform(KeywordExecutor.groovy:73)
	at com.kms.katalon.core.webui.keyword.WebUiBuiltInKeywords.sendKeys(WebUiBuiltInKeywords.groovy:861)
	at com.kms.katalon.core.webui.keyword.WebUiBuiltInKeywords$sendKeys$4.call(Unknown Source)
	at customKeywords.commanFunctions.otpLogin(commanFunctions.groovy:82)
	at customKeywords.commanFunctions.uploadFileOfRegisterUser(commanFunctions.groovy:755)
	at customKeywords.commanFunctions.invokeMethod(commanFunctions.groovy)
	at com.kms.katalon.core.main.CustomKeywordDelegatingMetaClass.invokeStaticMethod(CustomKeywordDelegatingMetaClass.java:50)
	at TC_As a register user, Upload MacPaint File and verify Uploded file in Submission Page.run(TC_As a register user, Upload MacPaint File and verify Uploded file in Submission Page:16)
	at com.kms.katalon.core.main.ScriptEngine.run(ScriptEngine.java:194)
	at com.kms.katalon.core.main.ScriptEngine.runScriptAsRawText(ScriptEngine.java:119)
	at com.kms.katalon.core.main.TestCaseExecutor.runScript(TestCaseExecutor.java:394)
	at com.kms.katalon.core.main.TestCaseExecutor.doExecute(TestCaseExecutor.java:385)
	at com.kms.katalon.core.main.TestCaseExecutor.processExecutionPhase(TestCaseExecutor.java:364)
	at com.kms.katalon.core.main.TestCaseExecutor.accessMainPhase(TestCaseExecutor.java:356)
	at com.kms.katalon.core.main.TestCaseExecutor.execute(TestCaseExecutor.java:251)
	at com.kms.katalon.core.main.TestSuiteExecutor.accessTestCaseMainPhase(TestSuiteExecutor.java:203)
	at com.kms.katalon.core.main.TestSuiteExecutor.accessTestSuiteMainPhase(TestSuiteExecutor.java:152)
	at com.kms.katalon.core.main.TestSuiteExecutor.execute(TestSuiteExecutor.java:95)
	at com.kms.katalon.core.main.TestCaseMain.startTestSuite(TestCaseMain.java:157)
	at com.kms.katalon.core.main.TestCaseMain$startTestSuite$0.call(Unknown Source)
	at TempTestSuite1613733199540.run(TempTestSuite1613733199540.groovy:39)
Caused by: org.openqa.selenium.NoSuchWindowException: no such window: target window already closed
from unknown error: web view not found
  (Session info: chrome=86.0.4240.75)
Build info: version: '3.141.59', revision: 'e82be7d358', time: '2018-11-14T08:25:53'
System info: host: 'OMTPGCN1132568L', ip: '192.168.1.1', os.name: 'Windows 10', os.arch: 'amd64', os.version: '10.0', java.version: '1.8.0_181'
Driver info: com.kms.katalon.selenium.driver.CChromeDriver
Capabilities {acceptInsecureCerts: false, browserName: chrome, browserVersion: 86.0.4240.75, chrome: {chromedriverVersion: 86.0.4240.22 (398b0743353ff..., userDataDir: C:\Users\ashok\AppData\Loca...}, goog:chromeOptions: {debuggerAddress: localhost:50839}, javascriptEnabled: true, networkConnectionEnabled: false, pageLoadStrategy: normal, platform: WINDOWS, platformName: WINDOWS, proxy: Proxy(), setWindowRect: true, strictFileInteractability: false, timeouts: {implicit: 0, pageLoad: 300000, script: 30000}, unhandledPromptBehavior: dismiss and notify, webauthn:virtualAuthenticators: true}
Session ID: 47d7bd2df6b865277ac364ed31a45291
*** Element info: {Using=xpath, value=//*[@formcontrolname='otp_1']//*[@autofocus='autofocus']}
	at org.openqa.selenium.remote.http.W3CHttpResponseCodec.createException(W3CHttpResponseCodec.java:187)
	at org.openqa.selenium.remote.http.W3CHttpResponseCodec.decode(W3CHttpResponseCodec.java:122)
	at org.openqa.selenium.remote.http.W3CHttpResponseCodec.decode(W3CHttpResponseCodec.java:49)
	at org.openqa.selenium.remote.HttpCommandExecutor.execute(HttpCommandExecutor.java:158)
	at org.openqa.selenium.remote.service.DriverCommandExecutor.execute(DriverCommandExecutor.java:83)
	at org.openqa.selenium.remote.RemoteWebDriver.execute(RemoteWebDriver.java:552)
	at com.kms.katalon.selenium.driver.CChromeDriver.execute(CChromeDriver.java:19)
	at org.openqa.selenium.remote.RemoteWebDriver.findElements(RemoteWebDriver.java:353)
	at org.openqa.selenium.remote.RemoteWebDriver.findElementsByXPath(RemoteWebDriver.java:432)
	at org.openqa.selenium.By$ByXPath.findElements(By.java:348)
	at org.openqa.selenium.remote.RemoteWebDriver.findElements(RemoteWebDriver.java:311)
	at org.openqa.selenium.support.events.EventFiringWebDriver.lambda$new$1(EventFiringWebDriver.java:105)
	at com.sun.proxy.$Proxy11.findElements(Unknown Source)
	at org.openqa.selenium.support.events.EventFiringWebDriver.findElements(EventFiringWebDriver.java:182)
	at com.kms.katalon.core.webui.common.WebUiCommonHelper.findElementByNormalMethods(WebUiCommonHelper.java:1014)
	at com.kms.katalon.core.webui.common.WebUiCommonHelper.findElementsBySelectedMethod(WebUiCommonHelper.java:903)
	at com.kms.katalon.core.webui.common.WebUiCommonHelper.findElementsBySelectedMethod(WebUiCommonHelper.java:892)
	at com.kms.katalon.core.webui.common.WebUiCommonHelper.findElementsBySelectedMethod(WebUiCommonHelper.java:887)
	at com.kms.katalon.core.webui.common.WebUiCommonHelper.findElementsByDefault(WebUiCommonHelper.java:883)
	at com.kms.katalon.core.webui.common.WebUiCommonHelper.findElementsWithSelfHealing(WebUiCommonHelper.java:733)
	at com.kms.katalon.core.webui.common.WebUiCommonHelper.findWebElements(WebUiCommonHelper.java:718)
	at com.kms.katalon.core.webui.common.WebUiCommonHelper.findWebElement(WebUiCommonHelper.java:1364)
	at com.kms.katalon.core.webui.keyword.internal.WebUIAbstractKeyword.findWebElement(WebUIAbstractKeyword.groovy:27)
	at com.kms.katalon.core.webui.keyword.internal.WebUIAbstractKeyword.findWebElement(WebUIAbstractKeyword.groovy:26)
	at com.kms.katalon.core.webui.keyword.builtin.SendKeysKeyword$_sendKeys_closure1.doCall(SendKeysKeyword.groovy:52)
	at com.kms.katalon.core.webui.keyword.builtin.SendKeysKeyword$_sendKeys_closure1.call(SendKeysKeyword.groovy)
	at com.kms.katalon.core.webui.keyword.internal.WebUIKeywordMain.runKeyword(WebUIKeywordMain.groovy:20)
	... 23 more
"/>
         <system-out><![CDATA[2021-02-19 16:46:10 - [TEST_CASE][FAILED] - Test Cases/UploadDiffFiles_RegisterUser/TC_As a register user, Upload MacPaint File and verify Uploded file in Submission Page: Test Cases/UploadDiffFiles_RegisterUser/TC_As a register user, Upload MacPaint File and verify Uploded file in Submission Page FAILED.
Reason:
com.kms.katalon.core.exception.StepFailedException: Unable to send keys '0' to object 'Object Repository/LoginAndRigisterUser/otpOne'
	at com.kms.katalon.core.webui.keyword.internal.WebUIKeywordMain.stepFailed(WebUIKeywordMain.groovy:64)
	at com.kms.katalon.core.webui.keyword.internal.WebUIKeywordMain.runKeyword(WebUIKeywordMain.groovy:26)
	at com.kms.katalon.core.webui.keyword.builtin.SendKeysKeyword.sendKeys(SendKeysKeyword.groovy:60)
	at com.kms.katalon.core.webui.keyword.builtin.SendKeysKeyword.execute(SendKeysKeyword.groovy:38)
	at com.kms.katalon.core.keyword.internal.KeywordExecutor.executeKeywordForPlatform(KeywordExecutor.groovy:73)
	at com.kms.katalon.core.webui.keyword.WebUiBuiltInKeywords.sendKeys(WebUiBuiltInKeywords.groovy:861)
	at com.kms.katalon.core.webui.keyword.WebUiBuiltInKeywords$sendKeys$4.call(Unknown Source)
	at customKeywords.commanFunctions.otpLogin(commanFunctions.groovy:82)
	at customKeywords.commanFunctions.uploadFileOfRegisterUser(commanFunctions.groovy:755)
	at customKeywords.commanFunctions.invokeMethod(commanFunctions.groovy)
	at com.kms.katalon.core.main.CustomKeywordDelegatingMetaClass.invokeStaticMethod(CustomKeywordDelegatingMetaClass.java:50)
	at TC_As a register user, Upload MacPaint File and verify Uploded file in Submission Page.run(TC_As a register user, Upload MacPaint File and verify Uploded file in Submission Page:16)
	at com.kms.katalon.core.main.ScriptEngine.run(ScriptEngine.java:194)
	at com.kms.katalon.core.main.ScriptEngine.runScriptAsRawText(ScriptEngine.java:119)
	at com.kms.katalon.core.main.TestCaseExecutor.runScript(TestCaseExecutor.java:394)
	at com.kms.katalon.core.main.TestCaseExecutor.doExecute(TestCaseExecutor.java:385)
	at com.kms.katalon.core.main.TestCaseExecutor.processExecutionPhase(TestCaseExecutor.java:364)
	at com.kms.katalon.core.main.TestCaseExecutor.accessMainPhase(TestCaseExecutor.java:356)
	at com.kms.katalon.core.main.TestCaseExecutor.execute(TestCaseExecutor.java:251)
	at com.kms.katalon.core.main.TestSuiteExecutor.accessTestCaseMainPhase(TestSuiteExecutor.java:203)
	at com.kms.katalon.core.main.TestSuiteExecutor.accessTestSuiteMainPhase(TestSuiteExecutor.java:152)
	at com.kms.katalon.core.main.TestSuiteExecutor.execute(TestSuiteExecutor.java:95)
	at com.kms.katalon.core.main.TestCaseMain.startTestSuite(TestCaseMain.java:157)
	at com.kms.katalon.core.main.TestCaseMain$startTestSuite$0.call(Unknown Source)
	at TempTestSuite1613733199540.run(TempTestSuite1613733199540.groovy:39)
Caused by: org.openqa.selenium.NoSuchWindowException: no such window: target window already closed
from unknown error: web view not found
  (Session info: chrome=86.0.4240.75)
Build info: version: '3.141.59', revision: 'e82be7d358', time: '2018-11-14T08:25:53'
System info: host: 'OMTPGCN1132568L', ip: '192.168.1.1', os.name: 'Windows 10', os.arch: 'amd64', os.version: '10.0', java.version: '1.8.0_181'
Driver info: com.kms.katalon.selenium.driver.CChromeDriver
Capabilities {acceptInsecureCerts: false, browserName: chrome, browserVersion: 86.0.4240.75, chrome: {chromedriverVersion: 86.0.4240.22 (398b0743353ff..., userDataDir: C:\Users\ashok\AppData\Loca...}, goog:chromeOptions: {debuggerAddress: localhost:50839}, javascriptEnabled: true, networkConnectionEnabled: false, pageLoadStrategy: normal, platform: WINDOWS, platformName: WINDOWS, proxy: Proxy(), setWindowRect: true, strictFileInteractability: false, timeouts: {implicit: 0, pageLoad: 300000, script: 30000}, unhandledPromptBehavior: dismiss and notify, webauthn:virtualAuthenticators: true}
Session ID: 47d7bd2df6b865277ac364ed31a45291
*** Element info: {Using=xpath, value=//*[@formcontrolname='otp_1']//*[@autofocus='autofocus']}
	at org.openqa.selenium.remote.http.W3CHttpResponseCodec.createException(W3CHttpResponseCodec.java:187)
	at org.openqa.selenium.remote.http.W3CHttpResponseCodec.decode(W3CHttpResponseCodec.java:122)
	at org.openqa.selenium.remote.http.W3CHttpResponseCodec.decode(W3CHttpResponseCodec.java:49)
	at org.openqa.selenium.remote.HttpCommandExecutor.execute(HttpCommandExecutor.java:158)
	at org.openqa.selenium.remote.service.DriverCommandExecutor.execute(DriverCommandExecutor.java:83)
	at org.openqa.selenium.remote.RemoteWebDriver.execute(RemoteWebDriver.java:552)
	at com.kms.katalon.selenium.driver.CChromeDriver.execute(CChromeDriver.java:19)
	at org.openqa.selenium.remote.RemoteWebDriver.findElements(RemoteWebDriver.java:353)
	at org.openqa.selenium.remote.RemoteWebDriver.findElementsByXPath(RemoteWebDriver.java:432)
	at org.openqa.selenium.By$ByXPath.findElements(By.java:348)
	at org.openqa.selenium.remote.RemoteWebDriver.findElements(RemoteWebDriver.java:311)
	at org.openqa.selenium.support.events.EventFiringWebDriver.lambda$new$1(EventFiringWebDriver.java:105)
	at com.sun.proxy.$Proxy11.findElements(Unknown Source)
	at org.openqa.selenium.support.events.EventFiringWebDriver.findElements(EventFiringWebDriver.java:182)
	at com.kms.katalon.core.webui.common.WebUiCommonHelper.findElementByNormalMethods(WebUiCommonHelper.java:1014)
	at com.kms.katalon.core.webui.common.WebUiCommonHelper.findElementsBySelectedMethod(WebUiCommonHelper.java:903)
	at com.kms.katalon.core.webui.common.WebUiCommonHelper.findElementsBySelectedMethod(WebUiCommonHelper.java:892)
	at com.kms.katalon.core.webui.common.WebUiCommonHelper.findElementsBySelectedMethod(WebUiCommonHelper.java:887)
	at com.kms.katalon.core.webui.common.WebUiCommonHelper.findElementsByDefault(WebUiCommonHelper.java:883)
	at com.kms.katalon.core.webui.common.WebUiCommonHelper.findElementsWithSelfHealing(WebUiCommonHelper.java:733)
	at com.kms.katalon.core.webui.common.WebUiCommonHelper.findWebElements(WebUiCommonHelper.java:718)
	at com.kms.katalon.core.webui.common.WebUiCommonHelper.findWebElement(WebUiCommonHelper.java:1364)
	at com.kms.katalon.core.webui.keyword.internal.WebUIAbstractKeyword.findWebElement(WebUIAbstractKeyword.groovy:27)
	at com.kms.katalon.core.webui.keyword.internal.WebUIAbstractKeyword.findWebElement(WebUIAbstractKeyword.groovy:26)
	at com.kms.katalon.core.webui.keyword.builtin.SendKeysKeyword$_sendKeys_closure1.doCall(SendKeysKeyword.groovy:52)
	at com.kms.katalon.core.webui.keyword.builtin.SendKeysKeyword$_sendKeys_closure1.call(SendKeysKeyword.groovy)
	at com.kms.katalon.core.webui.keyword.internal.WebUIKeywordMain.runKeyword(WebUIKeywordMain.groovy:20)
	... 23 more


2021-02-19 16:46:10 - [TEST_STEP][PASSED] - excelTestData = findTestData("Data Files/TestData/InspectTestData"): null

2021-02-19 16:46:10 - [TEST_STEP][PASSED] - rigisterUN = excelTestData.getValue(6, 23): null

2021-02-19 16:46:10 - [TEST_STEP][PASSED] - rigisterPW = excelTestData.getValue(3, 23): null

2021-02-19 16:46:10 - [TEST_STEP][FAILED] - customKeywords.commanFunctions.uploadFileOfRegisterUser(296, rigisterUN, rigisterPW): Unable to send keys '0' to object 'Object Repository/LoginAndRigisterUser/otpOne'

2021-02-19 16:46:10 - [MESSAGE][INFO] - Starting 'Chrome' driver

2021-02-19 16:46:10 - [MESSAGE][INFO] - Action delay is set to 0 milliseconds

2021-02-19 16:46:19 - [MESSAGE][PASSED] - Browser is opened with url: 'https://Inspect.Stage.site.sa'

2021-02-19 16:46:21 - [MESSAGE][PASSED] - Current window maximized

2021-02-19 16:46:22 - [MESSAGE][PASSED] - Wait for page load successfully

2021-02-19 16:46:22 - [MESSAGE][PASSED] - Object 'Object Repository/LoginAndRigisterUser/LoginLink' is clickable

2021-02-19 16:46:22 - [MESSAGE][INFO] - Clicked on element with JS

2021-02-19 16:46:23 - [MESSAGE][PASSED] - Keys 'Os-anelapatla@projects.site.sa' sent to object: 'Object Repository/LoginAndRigisterUser/UserName_Email_Input'

2021-02-19 16:46:23 - [MESSAGE][PASSED] - Keys 'Test@12345' sent to object: 'Object Repository/LoginAndRigisterUser/Password_Input'

2021-02-19 16:46:24 - [MESSAGE][PASSED] - Delayed 1 second(s)

2021-02-19 16:46:25 - [MESSAGE][PASSED] - Object 'Object Repository/LoginAndRigisterUser/LoginBtn' is clickable

2021-02-19 16:46:25 - [MESSAGE][INFO] - Clicked on element with JS

2021-02-19 16:46:25 - [MESSAGE][WARNING] - [SELF-HEALING] Failed to find element with id 'Object Repository/LoginAndRigisterUser/otpOne'. Try using Self-healing.

2021-02-19 16:46:25 - [MESSAGE][ERROR] - [SELF-HEALING] java.lang.IllegalStateException: Expected BEGIN_OBJECT but was STRING at line 1 column 1 path $

2021-02-19 16:46:25 - [MESSAGE][WARNING] - [SELF-HEALING] Cannot find elements when the XPath is null.

2021-02-19 16:46:25 - [MESSAGE][WARNING] - [SELF-HEALING] Cannot find elements when the selector is null

2021-02-19 16:46:25 - [MESSAGE][WARNING] - Cannot take screenshot

2021-02-19 16:46:25 - [MESSAGE][FAILED] - Unable to send keys '0' to object 'Object Repository/LoginAndRigisterUser/otpOne' (Root cause: com.kms.katalon.core.exception.StepFailedException: Unable to send keys '0' to object 'Object Repository/LoginAndRigisterUser/otpOne'
	at com.kms.katalon.core.webui.keyword.internal.WebUIKeywordMain.stepFailed(WebUIKeywordMain.groovy:64)
	at com.kms.katalon.core.webui.keyword.internal.WebUIKeywordMain.runKeyword(WebUIKeywordMain.groovy:26)
	at com.kms.katalon.core.webui.keyword.builtin.SendKeysKeyword.sendKeys(SendKeysKeyword.groovy:60)
	at com.kms.katalon.core.webui.keyword.builtin.SendKeysKeyword.execute(SendKeysKeyword.groovy:38)
	at com.kms.katalon.core.keyword.internal.KeywordExecutor.executeKeywordForPlatform(KeywordExecutor.groovy:73)
	at com.kms.katalon.core.webui.keyword.WebUiBuiltInKeywords.sendKeys(WebUiBuiltInKeywords.groovy:861)
	at com.kms.katalon.core.webui.keyword.WebUiBuiltInKeywords$sendKeys$4.call(Unknown Source)
	at customKeywords.commanFunctions.otpLogin(commanFunctions.groovy:82)
	at customKeywords.commanFunctions.uploadFileOfRegisterUser(commanFunctions.groovy:755)
	at customKeywords.commanFunctions.invokeMethod(commanFunctions.groovy)
	at com.kms.katalon.core.main.CustomKeywordDelegatingMetaClass.invokeStaticMethod(CustomKeywordDelegatingMetaClass.java:50)
	at TC_As a register user, Upload MacPaint File and verify Uploded file in Submission Page.run(TC_As a register user, Upload MacPaint File and verify Uploded file in Submission Page:16)
	at com.kms.katalon.core.main.ScriptEngine.run(ScriptEngine.java:194)
	at com.kms.katalon.core.main.ScriptEngine.runScriptAsRawText(ScriptEngine.java:119)
	at com.kms.katalon.core.main.TestCaseExecutor.runScript(TestCaseExecutor.java:394)
	at com.kms.katalon.core.main.TestCaseExecutor.doExecute(TestCaseExecutor.java:385)
	at com.kms.katalon.core.main.TestCaseExecutor.processExecutionPhase(TestCaseExecutor.java:364)
	at com.kms.katalon.core.main.TestCaseExecutor.accessMainPhase(TestCaseExecutor.java:356)
	at com.kms.katalon.core.main.TestCaseExecutor.execute(TestCaseExecutor.java:251)
	at com.kms.katalon.core.main.TestSuiteExecutor.accessTestCaseMainPhase(TestSuiteExecutor.java:203)
	at com.kms.katalon.core.main.TestSuiteExecutor.accessTestSuiteMainPhase(TestSuiteExecutor.java:152)
	at com.kms.katalon.core.main.TestSuiteExecutor.execute(TestSuiteExecutor.java:95)
	at com.kms.katalon.core.main.TestCaseMain.startTestSuite(TestCaseMain.java:157)
	at com.kms.katalon.core.main.TestCaseMain$startTestSuite$0.call(Unknown Source)
	at TempTestSuite1613733199540.run(TempTestSuite1613733199540.groovy:39)
Caused by: org.openqa.selenium.NoSuchWindowException: no such window: target window already closed
from unknown error: web view not found
  (Session info: chrome=86.0.4240.75)
Build info: version: '3.141.59', revision: 'e82be7d358', time: '2018-11-14T08:25:53'
System info: host: 'OMTPGCN1132568L', ip: '192.168.1.1', os.name: 'Windows 10', os.arch: 'amd64', os.version: '10.0', java.version: '1.8.0_181'
Driver info: com.kms.katalon.selenium.driver.CChromeDriver
Capabilities {acceptInsecureCerts: false, browserName: chrome, browserVersion: 86.0.4240.75, chrome: {chromedriverVersion: 86.0.4240.22 (398b0743353ff..., userDataDir: C:\Users\ashok\AppData\Loca...}, goog:chromeOptions: {debuggerAddress: localhost:50839}, javascriptEnabled: true, networkConnectionEnabled: false, pageLoadStrategy: normal, platform: WINDOWS, platformName: WINDOWS, proxy: Proxy(), setWindowRect: true, strictFileInteractability: false, timeouts: {implicit: 0, pageLoad: 300000, script: 30000}, unhandledPromptBehavior: dismiss and notify, webauthn:virtualAuthenticators: true}
Session ID: 47d7bd2df6b865277ac364ed31a45291
*** Element info: {Using=xpath, value=//*[@formcontrolname='otp_1']//*[@autofocus='autofocus']}
	at org.openqa.selenium.remote.http.W3CHttpResponseCodec.createException(W3CHttpResponseCodec.java:187)
	at org.openqa.selenium.remote.http.W3CHttpResponseCodec.decode(W3CHttpResponseCodec.java:122)
	at org.openqa.selenium.remote.http.W3CHttpResponseCodec.decode(W3CHttpResponseCodec.java:49)
	at org.openqa.selenium.remote.HttpCommandExecutor.execute(HttpCommandExecutor.java:158)
	at org.openqa.selenium.remote.service.DriverCommandExecutor.execute(DriverCommandExecutor.java:83)
	at org.openqa.selenium.remote.RemoteWebDriver.execute(RemoteWebDriver.java:552)
	at com.kms.katalon.selenium.driver.CChromeDriver.execute(CChromeDriver.java:19)
	at org.openqa.selenium.remote.RemoteWebDriver.findElements(RemoteWebDriver.java:353)
	at org.openqa.selenium.remote.RemoteWebDriver.findElementsByXPath(RemoteWebDriver.java:432)
	at org.openqa.selenium.By$ByXPath.findElements(By.java:348)
	at org.openqa.selenium.remote.RemoteWebDriver.findElements(RemoteWebDriver.java:311)
	at org.openqa.selenium.support.events.EventFiringWebDriver.lambda$new$1(EventFiringWebDriver.java:105)
	at com.sun.proxy.$Proxy11.findElements(Unknown Source)
	at org.openqa.selenium.support.events.EventFiringWebDriver.findElements(EventFiringWebDriver.java:182)
	at com.kms.katalon.core.webui.common.WebUiCommonHelper.findElementByNormalMethods(WebUiCommonHelper.java:1014)
	at com.kms.katalon.core.webui.common.WebUiCommonHelper.findElementsBySelectedMethod(WebUiCommonHelper.java:903)
	at com.kms.katalon.core.webui.common.WebUiCommonHelper.findElementsBySelectedMethod(WebUiCommonHelper.java:892)
	at com.kms.katalon.core.webui.common.WebUiCommonHelper.findElementsBySelectedMethod(WebUiCommonHelper.java:887)
	at com.kms.katalon.core.webui.common.WebUiCommonHelper.findElementsByDefault(WebUiCommonHelper.java:883)
	at com.kms.katalon.core.webui.common.WebUiCommonHelper.findElementsWithSelfHealing(WebUiCommonHelper.java:733)
	at com.kms.katalon.core.webui.common.WebUiCommonHelper.findWebElements(WebUiCommonHelper.java:718)
	at com.kms.katalon.core.webui.common.WebUiCommonHelper.findWebElement(WebUiCommonHelper.java:1364)
	at com.kms.katalon.core.webui.keyword.internal.WebUIAbstractKeyword.findWebElement(WebUIAbstractKeyword.groovy:27)
	at com.kms.katalon.core.webui.keyword.internal.WebUIAbstractKeyword.findWebElement(WebUIAbstractKeyword.groovy:26)
	at com.kms.katalon.core.webui.keyword.builtin.SendKeysKeyword$_sendKeys_closure1.doCall(SendKeysKeyword.groovy:52)
	at com.kms.katalon.core.webui.keyword.builtin.SendKeysKeyword$_sendKeys_closure1.call(SendKeysKeyword.groovy)
	at com.kms.katalon.core.webui.keyword.internal.WebUIKeywordMain.runKeyword(WebUIKeywordMain.groovy:20)
	at com.kms.katalon.core.webui.keyword.builtin.SendKeysKeyword.sendKeys(SendKeysKeyword.groovy:60)
	at com.kms.katalon.core.webui.keyword.builtin.SendKeysKeyword.execute(SendKeysKeyword.groovy:38)
	at com.kms.katalon.core.keyword.internal.KeywordExecutor.executeKeywordForPlatform(KeywordExecutor.groovy:73)
	at com.kms.katalon.core.webui.keyword.WebUiBuiltInKeywords.sendKeys(WebUiBuiltInKeywords.groovy:861)
	at com.kms.katalon.core.webui.keyword.WebUiBuiltInKeywords$sendKeys$4.call(Unknown Source)
	at customKeywords.commanFunctions.otpLogin(commanFunctions.groovy:82)
	at customKeywords.commanFunctions.uploadFileOfRegisterUser(commanFunctions.groovy:755)
	at customKeywords.commanFunctions.invokeMethod(commanFunctions.groovy)
	at com.kms.katalon.core.main.CustomKeywordDelegatingMetaClass.invokeStaticMethod(CustomKeywordDelegatingMetaClass.java:50)
	at Script1613375010583.run(Script1613375010583.groovy:16)
	... 13 more
)

2021-02-19 16:46:25 - [MESSAGE][FAILED] - Unable to send keys '0' to object 'Object Repository/LoginAndRigisterUser/otpOne'

2021-02-19 16:46:25 - [TEST_STEP][PASSED] - Start tear down : tearDownMethodIfFailed: Method 'tearDownMethodIfFailed' complete successfully

2021-02-19 16:46:25 - [TEST_STEP][PASSED] - customKeywords.commanFunctions.onlyCloseBrowser(): customKeywords.commanFunctions.onlyCloseBrowser is PASSED

2021-02-19 16:46:26 - [MESSAGE][PASSED] - Browser is closed

2021-02-19 16:46:26 - [MESSAGE][PASSED] - customKeywords.commanFunctions.onlyCloseBrowser is PASSED

2021-02-19 16:46:26 - [TEST_STEP][PASSED] - logInfo("[--------This is tearDownIfFailed method------]"): [--------This is tearDownIfFailed method------]

2021-02-19 16:46:26 - [MESSAGE][INFO] - [--------This is tearDownIfFailed method------]

2021-02-19 16:46:26 - [MESSAGE][PASSED] - Method 'tearDownMethodIfFailed' complete successfully]]></system-out>
         <system-err><![CDATA[2021-02-19 16:46:10 - [TEST_CASE][FAILED] - Test Cases/UploadDiffFiles_RegisterUser/TC_As a register user, Upload MacPaint File and verify Uploded file in Submission Page: Test Cases/UploadDiffFiles_RegisterUser/TC_As a register user, Upload MacPaint File and verify Uploded file in Submission Page FAILED.
Reason:
com.kms.katalon.core.exception.StepFailedException: Unable to send keys '0' to object 'Object Repository/LoginAndRigisterUser/otpOne'
	at com.kms.katalon.core.webui.keyword.internal.WebUIKeywordMain.stepFailed(WebUIKeywordMain.groovy:64)
	at com.kms.katalon.core.webui.keyword.internal.WebUIKeywordMain.runKeyword(WebUIKeywordMain.groovy:26)
	at com.kms.katalon.core.webui.keyword.builtin.SendKeysKeyword.sendKeys(SendKeysKeyword.groovy:60)
	at com.kms.katalon.core.webui.keyword.builtin.SendKeysKeyword.execute(SendKeysKeyword.groovy:38)
	at com.kms.katalon.core.keyword.internal.KeywordExecutor.executeKeywordForPlatform(KeywordExecutor.groovy:73)
	at com.kms.katalon.core.webui.keyword.WebUiBuiltInKeywords.sendKeys(WebUiBuiltInKeywords.groovy:861)
	at com.kms.katalon.core.webui.keyword.WebUiBuiltInKeywords$sendKeys$4.call(Unknown Source)
	at customKeywords.commanFunctions.otpLogin(commanFunctions.groovy:82)
	at customKeywords.commanFunctions.uploadFileOfRegisterUser(commanFunctions.groovy:755)
	at customKeywords.commanFunctions.invokeMethod(commanFunctions.groovy)
	at com.kms.katalon.core.main.CustomKeywordDelegatingMetaClass.invokeStaticMethod(CustomKeywordDelegatingMetaClass.java:50)
	at TC_As a register user, Upload MacPaint File and verify Uploded file in Submission Page.run(TC_As a register user, Upload MacPaint File and verify Uploded file in Submission Page:16)
	at com.kms.katalon.core.main.ScriptEngine.run(ScriptEngine.java:194)
	at com.kms.katalon.core.main.ScriptEngine.runScriptAsRawText(ScriptEngine.java:119)
	at com.kms.katalon.core.main.TestCaseExecutor.runScript(TestCaseExecutor.java:394)
	at com.kms.katalon.core.main.TestCaseExecutor.doExecute(TestCaseExecutor.java:385)
	at com.kms.katalon.core.main.TestCaseExecutor.processExecutionPhase(TestCaseExecutor.java:364)
	at com.kms.katalon.core.main.TestCaseExecutor.accessMainPhase(TestCaseExecutor.java:356)
	at com.kms.katalon.core.main.TestCaseExecutor.execute(TestCaseExecutor.java:251)
	at com.kms.katalon.core.main.TestSuiteExecutor.accessTestCaseMainPhase(TestSuiteExecutor.java:203)
	at com.kms.katalon.core.main.TestSuiteExecutor.accessTestSuiteMainPhase(TestSuiteExecutor.java:152)
	at com.kms.katalon.core.main.TestSuiteExecutor.execute(TestSuiteExecutor.java:95)
	at com.kms.katalon.core.main.TestCaseMain.startTestSuite(TestCaseMain.java:157)
	at com.kms.katalon.core.main.TestCaseMain$startTestSuite$0.call(Unknown Source)
	at TempTestSuite1613733199540.run(TempTestSuite1613733199540.groovy:39)
Caused by: org.openqa.selenium.NoSuchWindowException: no such window: target window already closed
from unknown error: web view not found
  (Session info: chrome=86.0.4240.75)
Build info: version: '3.141.59', revision: 'e82be7d358', time: '2018-11-14T08:25:53'
System info: host: 'OMTPGCN1132568L', ip: '192.168.1.1', os.name: 'Windows 10', os.arch: 'amd64', os.version: '10.0', java.version: '1.8.0_181'
Driver info: com.kms.katalon.selenium.driver.CChromeDriver
Capabilities {acceptInsecureCerts: false, browserName: chrome, browserVersion: 86.0.4240.75, chrome: {chromedriverVersion: 86.0.4240.22 (398b0743353ff..., userDataDir: C:\Users\ashok\AppData\Loca...}, goog:chromeOptions: {debuggerAddress: localhost:50839}, javascriptEnabled: true, networkConnectionEnabled: false, pageLoadStrategy: normal, platform: WINDOWS, platformName: WINDOWS, proxy: Proxy(), setWindowRect: true, strictFileInteractability: false, timeouts: {implicit: 0, pageLoad: 300000, script: 30000}, unhandledPromptBehavior: dismiss and notify, webauthn:virtualAuthenticators: true}
Session ID: 47d7bd2df6b865277ac364ed31a45291
*** Element info: {Using=xpath, value=//*[@formcontrolname='otp_1']//*[@autofocus='autofocus']}
	at org.openqa.selenium.remote.http.W3CHttpResponseCodec.createException(W3CHttpResponseCodec.java:187)
	at org.openqa.selenium.remote.http.W3CHttpResponseCodec.decode(W3CHttpResponseCodec.java:122)
	at org.openqa.selenium.remote.http.W3CHttpResponseCodec.decode(W3CHttpResponseCodec.java:49)
	at org.openqa.selenium.remote.HttpCommandExecutor.execute(HttpCommandExecutor.java:158)
	at org.openqa.selenium.remote.service.DriverCommandExecutor.execute(DriverCommandExecutor.java:83)
	at org.openqa.selenium.remote.RemoteWebDriver.execute(RemoteWebDriver.java:552)
	at com.kms.katalon.selenium.driver.CChromeDriver.execute(CChromeDriver.java:19)
	at org.openqa.selenium.remote.RemoteWebDriver.findElements(RemoteWebDriver.java:353)
	at org.openqa.selenium.remote.RemoteWebDriver.findElementsByXPath(RemoteWebDriver.java:432)
	at org.openqa.selenium.By$ByXPath.findElements(By.java:348)
	at org.openqa.selenium.remote.RemoteWebDriver.findElements(RemoteWebDriver.java:311)
	at org.openqa.selenium.support.events.EventFiringWebDriver.lambda$new$1(EventFiringWebDriver.java:105)
	at com.sun.proxy.$Proxy11.findElements(Unknown Source)
	at org.openqa.selenium.support.events.EventFiringWebDriver.findElements(EventFiringWebDriver.java:182)
	at com.kms.katalon.core.webui.common.WebUiCommonHelper.findElementByNormalMethods(WebUiCommonHelper.java:1014)
	at com.kms.katalon.core.webui.common.WebUiCommonHelper.findElementsBySelectedMethod(WebUiCommonHelper.java:903)
	at com.kms.katalon.core.webui.common.WebUiCommonHelper.findElementsBySelectedMethod(WebUiCommonHelper.java:892)
	at com.kms.katalon.core.webui.common.WebUiCommonHelper.findElementsBySelectedMethod(WebUiCommonHelper.java:887)
	at com.kms.katalon.core.webui.common.WebUiCommonHelper.findElementsByDefault(WebUiCommonHelper.java:883)
	at com.kms.katalon.core.webui.common.WebUiCommonHelper.findElementsWithSelfHealing(WebUiCommonHelper.java:733)
	at com.kms.katalon.core.webui.common.WebUiCommonHelper.findWebElements(WebUiCommonHelper.java:718)
	at com.kms.katalon.core.webui.common.WebUiCommonHelper.findWebElement(WebUiCommonHelper.java:1364)
	at com.kms.katalon.core.webui.keyword.internal.WebUIAbstractKeyword.findWebElement(WebUIAbstractKeyword.groovy:27)
	at com.kms.katalon.core.webui.keyword.internal.WebUIAbstractKeyword.findWebElement(WebUIAbstractKeyword.groovy:26)
	at com.kms.katalon.core.webui.keyword.builtin.SendKeysKeyword$_sendKeys_closure1.doCall(SendKeysKeyword.groovy:52)
	at com.kms.katalon.core.webui.keyword.builtin.SendKeysKeyword$_sendKeys_closure1.call(SendKeysKeyword.groovy)
	at com.kms.katalon.core.webui.keyword.internal.WebUIKeywordMain.runKeyword(WebUIKeywordMain.groovy:20)
	... 23 more]]></system-err>
      </testcase>
      <testcase name="Test Cases/UploadDiffFiles_RegisterUser/TC_As a register user, Upload Microsoft Word File and verify Uploded file in Submission Page" time="3.797" classname="Test Cases/UploadDiffFiles_RegisterUser/TC_As a register user, Upload Microsoft Word File and verify Uploded file in Submission Page" status="FAILED">
         <failure type="FAILED" message="Test Cases/UploadDiffFiles_RegisterUser/TC_As a register user, Upload Microsoft Word File and verify Uploded file in Submission Page FAILED.
Reason:
com.kms.katalon.core.exception.StepFailedException: Unable to open browser with url: 'https://Inspect.Stage.site.sa'
	at com.kms.katalon.core.webui.keyword.internal.WebUIKeywordMain.stepFailed(WebUIKeywordMain.groovy:64)
	at com.kms.katalon.core.webui.keyword.internal.WebUIKeywordMain.runKeyword(WebUIKeywordMain.groovy:26)
	at com.kms.katalon.core.webui.keyword.builtin.OpenBrowserKeyword.openBrowser(OpenBrowserKeyword.groovy:81)
	at com.kms.katalon.core.webui.keyword.builtin.OpenBrowserKeyword.execute(OpenBrowserKeyword.groovy:67)
	at com.kms.katalon.core.keyword.internal.KeywordExecutor.executeKeywordForPlatform(KeywordExecutor.groovy:73)
	at com.kms.katalon.core.webui.keyword.WebUiBuiltInKeywords.openBrowser(WebUiBuiltInKeywords.groovy:61)
	at com.kms.katalon.core.webui.keyword.WebUiBuiltInKeywords$openBrowser.call(Unknown Source)
	at customKeywords.commanFunctions.openBrowser(commanFunctions.groovy:47)
	at customKeywords.commanFunctions.uploadFileOfRegisterUser(commanFunctions.groovy:747)
	at customKeywords.commanFunctions.invokeMethod(commanFunctions.groovy)
	at com.kms.katalon.core.main.CustomKeywordDelegatingMetaClass.invokeStaticMethod(CustomKeywordDelegatingMetaClass.java:50)
	at TC_As a register user, Upload Microsoft Word File and verify Uploded file in Submission Page.run(TC_As a register user, Upload Microsoft Word File and verify Uploded file in Submission Page:16)
	at com.kms.katalon.core.main.ScriptEngine.run(ScriptEngine.java:194)
	at com.kms.katalon.core.main.ScriptEngine.runScriptAsRawText(ScriptEngine.java:119)
	at com.kms.katalon.core.main.TestCaseExecutor.runScript(TestCaseExecutor.java:394)
	at com.kms.katalon.core.main.TestCaseExecutor.doExecute(TestCaseExecutor.java:385)
	at com.kms.katalon.core.main.TestCaseExecutor.processExecutionPhase(TestCaseExecutor.java:364)
	at com.kms.katalon.core.main.TestCaseExecutor.accessMainPhase(TestCaseExecutor.java:356)
	at com.kms.katalon.core.main.TestCaseExecutor.execute(TestCaseExecutor.java:251)
	at com.kms.katalon.core.main.TestSuiteExecutor.accessTestCaseMainPhase(TestSuiteExecutor.java:203)
	at com.kms.katalon.core.main.TestSuiteExecutor.accessTestSuiteMainPhase(TestSuiteExecutor.java:152)
	at com.kms.katalon.core.main.TestSuiteExecutor.execute(TestSuiteExecutor.java:95)
	at com.kms.katalon.core.main.TestCaseMain.startTestSuite(TestCaseMain.java:157)
	at com.kms.katalon.core.main.TestCaseMain$startTestSuite$0.call(Unknown Source)
	at TempTestSuite1613733199540.run(TempTestSuite1613733199540.groovy:39)
Caused by: org.openqa.selenium.SessionNotCreatedException: session not created
from no such window: window was already closed
  (Session info: chrome=86.0.4240.75)
Build info: version: '3.141.59', revision: 'e82be7d358', time: '2018-11-14T08:25:53'
System info: host: 'OMTPGCN1132568L', ip: '192.168.1.1', os.name: 'Windows 10', os.arch: 'amd64', os.version: '10.0', java.version: '1.8.0_181'
Driver info: driver.version: CChromeDriver
remote stacktrace: Backtrace:
	Ordinal0 [0x00A8C013+3194899]
	Ordinal0 [0x00976021+2056225]
	Ordinal0 [0x0080F608+587272]
	Ordinal0 [0x00806587+550279]
	Ordinal0 [0x00807175+553333]
	Ordinal0 [0x0080241E+533534]
	Ordinal0 [0x00810620+591392]
	Ordinal0 [0x007B2A0C+207372]
	Ordinal0 [0x007B1D0D+204045]
	Ordinal0 [0x007AFC1B+195611]
	Ordinal0 [0x00793B7F+80767]
	Ordinal0 [0x00794B4E+84814]
	Ordinal0 [0x00794AD9+84697]
	Ordinal0 [0x0098CE64+2149988]
	GetHandleVerifier [0x00BFBE95+1400773]
	GetHandleVerifier [0x00BFBB61+1399953]
	GetHandleVerifier [0x00C031FA+1430314]
	GetHandleVerifier [0x00BFC69F+1402831]
	Ordinal0 [0x00983D61+2112865]
	Ordinal0 [0x0098E5CB+2155979]
	Ordinal0 [0x0098E6F5+2156277]
	Ordinal0 [0x0099F26E+2224750]
	BaseThreadInitThunk [0x77026359+25]
	RtlGetAppContainerNamedObjectPath [0x77BD8944+228]
	RtlGetAppContainerNamedObjectPath [0x77BD8914+180]

	at org.openqa.selenium.remote.W3CHandshakeResponse.lambda$errorHandler$0(W3CHandshakeResponse.java:62)
	at org.openqa.selenium.remote.HandshakeResponse.lambda$getResponseFunction$0(HandshakeResponse.java:30)
	at org.openqa.selenium.remote.ProtocolHandshake.lambda$createSession$0(ProtocolHandshake.java:126)
	at org.openqa.selenium.remote.ProtocolHandshake.createSession(ProtocolHandshake.java:128)
	at org.openqa.selenium.remote.ProtocolHandshake.createSession(ProtocolHandshake.java:74)
	at org.openqa.selenium.remote.HttpCommandExecutor.execute(HttpCommandExecutor.java:136)
	at org.openqa.selenium.remote.service.DriverCommandExecutor.execute(DriverCommandExecutor.java:83)
	at org.openqa.selenium.remote.RemoteWebDriver.execute(RemoteWebDriver.java:552)
	at com.kms.katalon.selenium.driver.CChromeDriver.execute(CChromeDriver.java:19)
	at org.openqa.selenium.remote.RemoteWebDriver.startSession(RemoteWebDriver.java:213)
	at org.openqa.selenium.remote.RemoteWebDriver.&lt;init>(RemoteWebDriver.java:131)
	at org.openqa.selenium.chrome.ChromeDriver.&lt;init>(ChromeDriver.java:181)
	at org.openqa.selenium.chrome.ChromeDriver.&lt;init>(ChromeDriver.java:147)
	at com.kms.katalon.selenium.driver.CChromeDriver.&lt;init>(CChromeDriver.java:13)
	at com.kms.katalon.core.webui.driver.DriverFactory.createNewChromeDriver(DriverFactory.java:400)
	at com.kms.katalon.core.webui.driver.DriverFactory.startNewBrowser(DriverFactory.java:358)
	at com.kms.katalon.core.webui.driver.DriverFactory.openWebDriver(DriverFactory.java:245)
	at com.kms.katalon.core.webui.keyword.builtin.OpenBrowserKeyword$_openBrowser_closure1.doCall(OpenBrowserKeyword.groovy:74)
	at com.kms.katalon.core.webui.keyword.builtin.OpenBrowserKeyword$_openBrowser_closure1.call(OpenBrowserKeyword.groovy)
	at com.kms.katalon.core.webui.keyword.internal.WebUIKeywordMain.runKeyword(WebUIKeywordMain.groovy:20)
	... 23 more
"/>
         <system-out><![CDATA[2021-02-19 16:46:26 - [TEST_CASE][FAILED] - Test Cases/UploadDiffFiles_RegisterUser/TC_As a register user, Upload Microsoft Word File and verify Uploded file in Submission Page: Test Cases/UploadDiffFiles_RegisterUser/TC_As a register user, Upload Microsoft Word File and verify Uploded file in Submission Page FAILED.
Reason:
com.kms.katalon.core.exception.StepFailedException: Unable to open browser with url: 'https://Inspect.Stage.site.sa'
	at com.kms.katalon.core.webui.keyword.internal.WebUIKeywordMain.stepFailed(WebUIKeywordMain.groovy:64)
	at com.kms.katalon.core.webui.keyword.internal.WebUIKeywordMain.runKeyword(WebUIKeywordMain.groovy:26)
	at com.kms.katalon.core.webui.keyword.builtin.OpenBrowserKeyword.openBrowser(OpenBrowserKeyword.groovy:81)
	at com.kms.katalon.core.webui.keyword.builtin.OpenBrowserKeyword.execute(OpenBrowserKeyword.groovy:67)
	at com.kms.katalon.core.keyword.internal.KeywordExecutor.executeKeywordForPlatform(KeywordExecutor.groovy:73)
	at com.kms.katalon.core.webui.keyword.WebUiBuiltInKeywords.openBrowser(WebUiBuiltInKeywords.groovy:61)
	at com.kms.katalon.core.webui.keyword.WebUiBuiltInKeywords$openBrowser.call(Unknown Source)
	at customKeywords.commanFunctions.openBrowser(commanFunctions.groovy:47)
	at customKeywords.commanFunctions.uploadFileOfRegisterUser(commanFunctions.groovy:747)
	at customKeywords.commanFunctions.invokeMethod(commanFunctions.groovy)
	at com.kms.katalon.core.main.CustomKeywordDelegatingMetaClass.invokeStaticMethod(CustomKeywordDelegatingMetaClass.java:50)
	at TC_As a register user, Upload Microsoft Word File and verify Uploded file in Submission Page.run(TC_As a register user, Upload Microsoft Word File and verify Uploded file in Submission Page:16)
	at com.kms.katalon.core.main.ScriptEngine.run(ScriptEngine.java:194)
	at com.kms.katalon.core.main.ScriptEngine.runScriptAsRawText(ScriptEngine.java:119)
	at com.kms.katalon.core.main.TestCaseExecutor.runScript(TestCaseExecutor.java:394)
	at com.kms.katalon.core.main.TestCaseExecutor.doExecute(TestCaseExecutor.java:385)
	at com.kms.katalon.core.main.TestCaseExecutor.processExecutionPhase(TestCaseExecutor.java:364)
	at com.kms.katalon.core.main.TestCaseExecutor.accessMainPhase(TestCaseExecutor.java:356)
	at com.kms.katalon.core.main.TestCaseExecutor.execute(TestCaseExecutor.java:251)
	at com.kms.katalon.core.main.TestSuiteExecutor.accessTestCaseMainPhase(TestSuiteExecutor.java:203)
	at com.kms.katalon.core.main.TestSuiteExecutor.accessTestSuiteMainPhase(TestSuiteExecutor.java:152)
	at com.kms.katalon.core.main.TestSuiteExecutor.execute(TestSuiteExecutor.java:95)
	at com.kms.katalon.core.main.TestCaseMain.startTestSuite(TestCaseMain.java:157)
	at com.kms.katalon.core.main.TestCaseMain$startTestSuite$0.call(Unknown Source)
	at TempTestSuite1613733199540.run(TempTestSuite1613733199540.groovy:39)
Caused by: org.openqa.selenium.SessionNotCreatedException: session not created
from no such window: window was already closed
  (Session info: chrome=86.0.4240.75)
Build info: version: '3.141.59', revision: 'e82be7d358', time: '2018-11-14T08:25:53'
System info: host: 'OMTPGCN1132568L', ip: '192.168.1.1', os.name: 'Windows 10', os.arch: 'amd64', os.version: '10.0', java.version: '1.8.0_181'
Driver info: driver.version: CChromeDriver
remote stacktrace: Backtrace:
	Ordinal0 [0x00A8C013+3194899]
	Ordinal0 [0x00976021+2056225]
	Ordinal0 [0x0080F608+587272]
	Ordinal0 [0x00806587+550279]
	Ordinal0 [0x00807175+553333]
	Ordinal0 [0x0080241E+533534]
	Ordinal0 [0x00810620+591392]
	Ordinal0 [0x007B2A0C+207372]
	Ordinal0 [0x007B1D0D+204045]
	Ordinal0 [0x007AFC1B+195611]
	Ordinal0 [0x00793B7F+80767]
	Ordinal0 [0x00794B4E+84814]
	Ordinal0 [0x00794AD9+84697]
	Ordinal0 [0x0098CE64+2149988]
	GetHandleVerifier [0x00BFBE95+1400773]
	GetHandleVerifier [0x00BFBB61+1399953]
	GetHandleVerifier [0x00C031FA+1430314]
	GetHandleVerifier [0x00BFC69F+1402831]
	Ordinal0 [0x00983D61+2112865]
	Ordinal0 [0x0098E5CB+2155979]
	Ordinal0 [0x0098E6F5+2156277]
	Ordinal0 [0x0099F26E+2224750]
	BaseThreadInitThunk [0x77026359+25]
	RtlGetAppContainerNamedObjectPath [0x77BD8944+228]
	RtlGetAppContainerNamedObjectPath [0x77BD8914+180]

	at org.openqa.selenium.remote.W3CHandshakeResponse.lambda$errorHandler$0(W3CHandshakeResponse.java:62)
	at org.openqa.selenium.remote.HandshakeResponse.lambda$getResponseFunction$0(HandshakeResponse.java:30)
	at org.openqa.selenium.remote.ProtocolHandshake.lambda$createSession$0(ProtocolHandshake.java:126)
	at org.openqa.selenium.remote.ProtocolHandshake.createSession(ProtocolHandshake.java:128)
	at org.openqa.selenium.remote.ProtocolHandshake.createSession(ProtocolHandshake.java:74)
	at org.openqa.selenium.remote.HttpCommandExecutor.execute(HttpCommandExecutor.java:136)
	at org.openqa.selenium.remote.service.DriverCommandExecutor.execute(DriverCommandExecutor.java:83)
	at org.openqa.selenium.remote.RemoteWebDriver.execute(RemoteWebDriver.java:552)
	at com.kms.katalon.selenium.driver.CChromeDriver.execute(CChromeDriver.java:19)
	at org.openqa.selenium.remote.RemoteWebDriver.startSession(RemoteWebDriver.java:213)
	at org.openqa.selenium.remote.RemoteWebDriver.<init>(RemoteWebDriver.java:131)
	at org.openqa.selenium.chrome.ChromeDriver.<init>(ChromeDriver.java:181)
	at org.openqa.selenium.chrome.ChromeDriver.<init>(ChromeDriver.java:147)
	at com.kms.katalon.selenium.driver.CChromeDriver.<init>(CChromeDriver.java:13)
	at com.kms.katalon.core.webui.driver.DriverFactory.createNewChromeDriver(DriverFactory.java:400)
	at com.kms.katalon.core.webui.driver.DriverFactory.startNewBrowser(DriverFactory.java:358)
	at com.kms.katalon.core.webui.driver.DriverFactory.openWebDriver(DriverFactory.java:245)
	at com.kms.katalon.core.webui.keyword.builtin.OpenBrowserKeyword$_openBrowser_closure1.doCall(OpenBrowserKeyword.groovy:74)
	at com.kms.katalon.core.webui.keyword.builtin.OpenBrowserKeyword$_openBrowser_closure1.call(OpenBrowserKeyword.groovy)
	at com.kms.katalon.core.webui.keyword.internal.WebUIKeywordMain.runKeyword(WebUIKeywordMain.groovy:20)
	... 23 more


2021-02-19 16:46:26 - [TEST_STEP][PASSED] - excelTestData = findTestData("Data Files/TestData/InspectTestData"): null

2021-02-19 16:46:26 - [TEST_STEP][PASSED] - rigisterUN = excelTestData.getValue(2, 23): null

2021-02-19 16:46:26 - [TEST_STEP][PASSED] - rigisterPW = excelTestData.getValue(3, 23): null

2021-02-19 16:46:26 - [TEST_STEP][FAILED] - customKeywords.commanFunctions.uploadFileOfRegisterUser(284, rigisterUN, rigisterPW): Unable to open browser with url: 'https://Inspect.Stage.site.sa'

2021-02-19 16:46:26 - [MESSAGE][INFO] - Starting 'Chrome' driver

2021-02-19 16:46:26 - [MESSAGE][INFO] - Action delay is set to 0 milliseconds

2021-02-19 16:46:30 - [MESSAGE][FAILED] - Unable to open browser with url: 'https://Inspect.Stage.site.sa' (Root cause: com.kms.katalon.core.exception.StepFailedException: Unable to open browser with url: 'https://Inspect.Stage.site.sa'
	at com.kms.katalon.core.webui.keyword.internal.WebUIKeywordMain.stepFailed(WebUIKeywordMain.groovy:64)
	at com.kms.katalon.core.webui.keyword.internal.WebUIKeywordMain.runKeyword(WebUIKeywordMain.groovy:26)
	at com.kms.katalon.core.webui.keyword.builtin.OpenBrowserKeyword.openBrowser(OpenBrowserKeyword.groovy:81)
	at com.kms.katalon.core.webui.keyword.builtin.OpenBrowserKeyword.execute(OpenBrowserKeyword.groovy:67)
	at com.kms.katalon.core.keyword.internal.KeywordExecutor.executeKeywordForPlatform(KeywordExecutor.groovy:73)
	at com.kms.katalon.core.webui.keyword.WebUiBuiltInKeywords.openBrowser(WebUiBuiltInKeywords.groovy:61)
	at com.kms.katalon.core.webui.keyword.WebUiBuiltInKeywords$openBrowser.call(Unknown Source)
	at customKeywords.commanFunctions.openBrowser(commanFunctions.groovy:47)
	at customKeywords.commanFunctions.uploadFileOfRegisterUser(commanFunctions.groovy:747)
	at customKeywords.commanFunctions.invokeMethod(commanFunctions.groovy)
	at com.kms.katalon.core.main.CustomKeywordDelegatingMetaClass.invokeStaticMethod(CustomKeywordDelegatingMetaClass.java:50)
	at TC_As a register user, Upload Microsoft Word File and verify Uploded file in Submission Page.run(TC_As a register user, Upload Microsoft Word File and verify Uploded file in Submission Page:16)
	at com.kms.katalon.core.main.ScriptEngine.run(ScriptEngine.java:194)
	at com.kms.katalon.core.main.ScriptEngine.runScriptAsRawText(ScriptEngine.java:119)
	at com.kms.katalon.core.main.TestCaseExecutor.runScript(TestCaseExecutor.java:394)
	at com.kms.katalon.core.main.TestCaseExecutor.doExecute(TestCaseExecutor.java:385)
	at com.kms.katalon.core.main.TestCaseExecutor.processExecutionPhase(TestCaseExecutor.java:364)
	at com.kms.katalon.core.main.TestCaseExecutor.accessMainPhase(TestCaseExecutor.java:356)
	at com.kms.katalon.core.main.TestCaseExecutor.execute(TestCaseExecutor.java:251)
	at com.kms.katalon.core.main.TestSuiteExecutor.accessTestCaseMainPhase(TestSuiteExecutor.java:203)
	at com.kms.katalon.core.main.TestSuiteExecutor.accessTestSuiteMainPhase(TestSuiteExecutor.java:152)
	at com.kms.katalon.core.main.TestSuiteExecutor.execute(TestSuiteExecutor.java:95)
	at com.kms.katalon.core.main.TestCaseMain.startTestSuite(TestCaseMain.java:157)
	at com.kms.katalon.core.main.TestCaseMain$startTestSuite$0.call(Unknown Source)
	at TempTestSuite1613733199540.run(TempTestSuite1613733199540.groovy:39)
Caused by: org.openqa.selenium.SessionNotCreatedException: session not created
from no such window: window was already closed
  (Session info: chrome=86.0.4240.75)
Build info: version: '3.141.59', revision: 'e82be7d358', time: '2018-11-14T08:25:53'
System info: host: 'OMTPGCN1132568L', ip: '192.168.1.1', os.name: 'Windows 10', os.arch: 'amd64', os.version: '10.0', java.version: '1.8.0_181'
Driver info: driver.version: CChromeDriver
remote stacktrace: Backtrace:
	Ordinal0 [0x00A8C013+3194899]
	Ordinal0 [0x00976021+2056225]
	Ordinal0 [0x0080F608+587272]
	Ordinal0 [0x00806587+550279]
	Ordinal0 [0x00807175+553333]
	Ordinal0 [0x0080241E+533534]
	Ordinal0 [0x00810620+591392]
	Ordinal0 [0x007B2A0C+207372]
	Ordinal0 [0x007B1D0D+204045]
	Ordinal0 [0x007AFC1B+195611]
	Ordinal0 [0x00793B7F+80767]
	Ordinal0 [0x00794B4E+84814]
	Ordinal0 [0x00794AD9+84697]
	Ordinal0 [0x0098CE64+2149988]
	GetHandleVerifier [0x00BFBE95+1400773]
	GetHandleVerifier [0x00BFBB61+1399953]
	GetHandleVerifier [0x00C031FA+1430314]
	GetHandleVerifier [0x00BFC69F+1402831]
	Ordinal0 [0x00983D61+2112865]
	Ordinal0 [0x0098E5CB+2155979]
	Ordinal0 [0x0098E6F5+2156277]
	Ordinal0 [0x0099F26E+2224750]
	BaseThreadInitThunk [0x77026359+25]
	RtlGetAppContainerNamedObjectPath [0x77BD8944+228]
	RtlGetAppContainerNamedObjectPath [0x77BD8914+180]

	at org.openqa.selenium.remote.W3CHandshakeResponse.lambda$errorHandler$0(W3CHandshakeResponse.java:62)
	at org.openqa.selenium.remote.HandshakeResponse.lambda$getResponseFunction$0(HandshakeResponse.java:30)
	at org.openqa.selenium.remote.ProtocolHandshake.lambda$createSession$0(ProtocolHandshake.java:126)
	at org.openqa.selenium.remote.ProtocolHandshake.createSession(ProtocolHandshake.java:128)
	at org.openqa.selenium.remote.ProtocolHandshake.createSession(ProtocolHandshake.java:74)
	at org.openqa.selenium.remote.HttpCommandExecutor.execute(HttpCommandExecutor.java:136)
	at org.openqa.selenium.remote.service.DriverCommandExecutor.execute(DriverCommandExecutor.java:83)
	at org.openqa.selenium.remote.RemoteWebDriver.execute(RemoteWebDriver.java:552)
	at com.kms.katalon.selenium.driver.CChromeDriver.execute(CChromeDriver.java:19)
	at org.openqa.selenium.remote.RemoteWebDriver.startSession(RemoteWebDriver.java:213)
	at org.openqa.selenium.remote.RemoteWebDriver.<init>(RemoteWebDriver.java:131)
	at org.openqa.selenium.chrome.ChromeDriver.<init>(ChromeDriver.java:181)
	at org.openqa.selenium.chrome.ChromeDriver.<init>(ChromeDriver.java:147)
	at com.kms.katalon.selenium.driver.CChromeDriver.<init>(CChromeDriver.java:13)
	at com.kms.katalon.core.webui.driver.DriverFactory.createNewChromeDriver(DriverFactory.java:400)
	at com.kms.katalon.core.webui.driver.DriverFactory.startNewBrowser(DriverFactory.java:358)
	at com.kms.katalon.core.webui.driver.DriverFactory.openWebDriver(DriverFactory.java:245)
	at com.kms.katalon.core.webui.keyword.builtin.OpenBrowserKeyword$_openBrowser_closure1.doCall(OpenBrowserKeyword.groovy:74)
	at com.kms.katalon.core.webui.keyword.builtin.OpenBrowserKeyword$_openBrowser_closure1.call(OpenBrowserKeyword.groovy)
	at com.kms.katalon.core.webui.keyword.internal.WebUIKeywordMain.runKeyword(WebUIKeywordMain.groovy:20)
	at com.kms.katalon.core.webui.keyword.builtin.OpenBrowserKeyword.openBrowser(OpenBrowserKeyword.groovy:81)
	at com.kms.katalon.core.webui.keyword.builtin.OpenBrowserKeyword.execute(OpenBrowserKeyword.groovy:67)
	at com.kms.katalon.core.keyword.internal.KeywordExecutor.executeKeywordForPlatform(KeywordExecutor.groovy:73)
	at com.kms.katalon.core.webui.keyword.WebUiBuiltInKeywords.openBrowser(WebUiBuiltInKeywords.groovy:61)
	at com.kms.katalon.core.webui.keyword.WebUiBuiltInKeywords$openBrowser.call(Unknown Source)
	at customKeywords.commanFunctions.openBrowser(commanFunctions.groovy:47)
	at customKeywords.commanFunctions.uploadFileOfRegisterUser(commanFunctions.groovy:747)
	at customKeywords.commanFunctions.invokeMethod(commanFunctions.groovy)
	at com.kms.katalon.core.main.CustomKeywordDelegatingMetaClass.invokeStaticMethod(CustomKeywordDelegatingMetaClass.java:50)
	at Script1613387745322.run(Script1613387745322.groovy:16)
	... 13 more
)

2021-02-19 16:46:30 - [MESSAGE][FAILED] - Unable to open browser with url: 'https://Inspect.Stage.site.sa'

2021-02-19 16:46:30 - [TEST_STEP][PASSED] - Start tear down : tearDownMethodIfFailed: Method 'tearDownMethodIfFailed' complete successfully

2021-02-19 16:46:30 - [TEST_STEP][PASSED] - customKeywords.commanFunctions.onlyCloseBrowser(): customKeywords.commanFunctions.onlyCloseBrowser is PASSED

2021-02-19 16:46:30 - [MESSAGE][PASSED] - Browser is closed

2021-02-19 16:46:30 - [MESSAGE][PASSED] - customKeywords.commanFunctions.onlyCloseBrowser is PASSED

2021-02-19 16:46:30 - [TEST_STEP][PASSED] - logInfo("[--------This is tearDownIfFailed method------]"): [--------This is tearDownIfFailed method------]

2021-02-19 16:46:30 - [MESSAGE][INFO] - [--------This is tearDownIfFailed method------]

2021-02-19 16:46:30 - [MESSAGE][PASSED] - Method 'tearDownMethodIfFailed' complete successfully]]></system-out>
         <system-err><![CDATA[2021-02-19 16:46:26 - [TEST_CASE][FAILED] - Test Cases/UploadDiffFiles_RegisterUser/TC_As a register user, Upload Microsoft Word File and verify Uploded file in Submission Page: Test Cases/UploadDiffFiles_RegisterUser/TC_As a register user, Upload Microsoft Word File and verify Uploded file in Submission Page FAILED.
Reason:
com.kms.katalon.core.exception.StepFailedException: Unable to open browser with url: 'https://Inspect.Stage.site.sa'
	at com.kms.katalon.core.webui.keyword.internal.WebUIKeywordMain.stepFailed(WebUIKeywordMain.groovy:64)
	at com.kms.katalon.core.webui.keyword.internal.WebUIKeywordMain.runKeyword(WebUIKeywordMain.groovy:26)
	at com.kms.katalon.core.webui.keyword.builtin.OpenBrowserKeyword.openBrowser(OpenBrowserKeyword.groovy:81)
	at com.kms.katalon.core.webui.keyword.builtin.OpenBrowserKeyword.execute(OpenBrowserKeyword.groovy:67)
	at com.kms.katalon.core.keyword.internal.KeywordExecutor.executeKeywordForPlatform(KeywordExecutor.groovy:73)
	at com.kms.katalon.core.webui.keyword.WebUiBuiltInKeywords.openBrowser(WebUiBuiltInKeywords.groovy:61)
	at com.kms.katalon.core.webui.keyword.WebUiBuiltInKeywords$openBrowser.call(Unknown Source)
	at customKeywords.commanFunctions.openBrowser(commanFunctions.groovy:47)
	at customKeywords.commanFunctions.uploadFileOfRegisterUser(commanFunctions.groovy:747)
	at customKeywords.commanFunctions.invokeMethod(commanFunctions.groovy)
	at com.kms.katalon.core.main.CustomKeywordDelegatingMetaClass.invokeStaticMethod(CustomKeywordDelegatingMetaClass.java:50)
	at TC_As a register user, Upload Microsoft Word File and verify Uploded file in Submission Page.run(TC_As a register user, Upload Microsoft Word File and verify Uploded file in Submission Page:16)
	at com.kms.katalon.core.main.ScriptEngine.run(ScriptEngine.java:194)
	at com.kms.katalon.core.main.ScriptEngine.runScriptAsRawText(ScriptEngine.java:119)
	at com.kms.katalon.core.main.TestCaseExecutor.runScript(TestCaseExecutor.java:394)
	at com.kms.katalon.core.main.TestCaseExecutor.doExecute(TestCaseExecutor.java:385)
	at com.kms.katalon.core.main.TestCaseExecutor.processExecutionPhase(TestCaseExecutor.java:364)
	at com.kms.katalon.core.main.TestCaseExecutor.accessMainPhase(TestCaseExecutor.java:356)
	at com.kms.katalon.core.main.TestCaseExecutor.execute(TestCaseExecutor.java:251)
	at com.kms.katalon.core.main.TestSuiteExecutor.accessTestCaseMainPhase(TestSuiteExecutor.java:203)
	at com.kms.katalon.core.main.TestSuiteExecutor.accessTestSuiteMainPhase(TestSuiteExecutor.java:152)
	at com.kms.katalon.core.main.TestSuiteExecutor.execute(TestSuiteExecutor.java:95)
	at com.kms.katalon.core.main.TestCaseMain.startTestSuite(TestCaseMain.java:157)
	at com.kms.katalon.core.main.TestCaseMain$startTestSuite$0.call(Unknown Source)
	at TempTestSuite1613733199540.run(TempTestSuite1613733199540.groovy:39)
Caused by: org.openqa.selenium.SessionNotCreatedException: session not created
from no such window: window was already closed
  (Session info: chrome=86.0.4240.75)
Build info: version: '3.141.59', revision: 'e82be7d358', time: '2018-11-14T08:25:53'
System info: host: 'OMTPGCN1132568L', ip: '192.168.1.1', os.name: 'Windows 10', os.arch: 'amd64', os.version: '10.0', java.version: '1.8.0_181'
Driver info: driver.version: CChromeDriver
remote stacktrace: Backtrace:
	Ordinal0 [0x00A8C013+3194899]
	Ordinal0 [0x00976021+2056225]
	Ordinal0 [0x0080F608+587272]
	Ordinal0 [0x00806587+550279]
	Ordinal0 [0x00807175+553333]
	Ordinal0 [0x0080241E+533534]
	Ordinal0 [0x00810620+591392]
	Ordinal0 [0x007B2A0C+207372]
	Ordinal0 [0x007B1D0D+204045]
	Ordinal0 [0x007AFC1B+195611]
	Ordinal0 [0x00793B7F+80767]
	Ordinal0 [0x00794B4E+84814]
	Ordinal0 [0x00794AD9+84697]
	Ordinal0 [0x0098CE64+2149988]
	GetHandleVerifier [0x00BFBE95+1400773]
	GetHandleVerifier [0x00BFBB61+1399953]
	GetHandleVerifier [0x00C031FA+1430314]
	GetHandleVerifier [0x00BFC69F+1402831]
	Ordinal0 [0x00983D61+2112865]
	Ordinal0 [0x0098E5CB+2155979]
	Ordinal0 [0x0098E6F5+2156277]
	Ordinal0 [0x0099F26E+2224750]
	BaseThreadInitThunk [0x77026359+25]
	RtlGetAppContainerNamedObjectPath [0x77BD8944+228]
	RtlGetAppContainerNamedObjectPath [0x77BD8914+180]

	at org.openqa.selenium.remote.W3CHandshakeResponse.lambda$errorHandler$0(W3CHandshakeResponse.java:62)
	at org.openqa.selenium.remote.HandshakeResponse.lambda$getResponseFunction$0(HandshakeResponse.java:30)
	at org.openqa.selenium.remote.ProtocolHandshake.lambda$createSession$0(ProtocolHandshake.java:126)
	at org.openqa.selenium.remote.ProtocolHandshake.createSession(ProtocolHandshake.java:128)
	at org.openqa.selenium.remote.ProtocolHandshake.createSession(ProtocolHandshake.java:74)
	at org.openqa.selenium.remote.HttpCommandExecutor.execute(HttpCommandExecutor.java:136)
	at org.openqa.selenium.remote.service.DriverCommandExecutor.execute(DriverCommandExecutor.java:83)
	at org.openqa.selenium.remote.RemoteWebDriver.execute(RemoteWebDriver.java:552)
	at com.kms.katalon.selenium.driver.CChromeDriver.execute(CChromeDriver.java:19)
	at org.openqa.selenium.remote.RemoteWebDriver.startSession(RemoteWebDriver.java:213)
	at org.openqa.selenium.remote.RemoteWebDriver.<init>(RemoteWebDriver.java:131)
	at org.openqa.selenium.chrome.ChromeDriver.<init>(ChromeDriver.java:181)
	at org.openqa.selenium.chrome.ChromeDriver.<init>(ChromeDriver.java:147)
	at com.kms.katalon.selenium.driver.CChromeDriver.<init>(CChromeDriver.java:13)
	at com.kms.katalon.core.webui.driver.DriverFactory.createNewChromeDriver(DriverFactory.java:400)
	at com.kms.katalon.core.webui.driver.DriverFactory.startNewBrowser(DriverFactory.java:358)
	at com.kms.katalon.core.webui.driver.DriverFactory.openWebDriver(DriverFactory.java:245)
	at com.kms.katalon.core.webui.keyword.builtin.OpenBrowserKeyword$_openBrowser_closure1.doCall(OpenBrowserKeyword.groovy:74)
	at com.kms.katalon.core.webui.keyword.builtin.OpenBrowserKeyword$_openBrowser_closure1.call(OpenBrowserKeyword.groovy)
	at com.kms.katalon.core.webui.keyword.internal.WebUIKeywordMain.runKeyword(WebUIKeywordMain.groovy:20)
	... 23 more]]></system-err>
      </testcase>
      <testcase name="Test Cases/UploadDiffFiles_RegisterUser/TC_As a register user, Upload MS Access database File and verify Uploded file in Submission Page" time="14.768" classname="Test Cases/UploadDiffFiles_RegisterUser/TC_As a register user, Upload MS Access database File and verify Uploded file in Submission Page" status="FAILED">
         <failure type="FAILED" message="Test Cases/UploadDiffFiles_RegisterUser/TC_As a register user, Upload MS Access database File and verify Uploded file in Submission Page FAILED.
Reason:
com.kms.katalon.core.exception.StepFailedException: Unable to send keys 'Test@12345' to object 'Object Repository/LoginAndRigisterUser/Password_Input'
	at com.kms.katalon.core.webui.keyword.internal.WebUIKeywordMain.stepFailed(WebUIKeywordMain.groovy:64)
	at com.kms.katalon.core.webui.keyword.internal.WebUIKeywordMain.runKeyword(WebUIKeywordMain.groovy:26)
	at com.kms.katalon.core.webui.keyword.builtin.SendKeysKeyword.sendKeys(SendKeysKeyword.groovy:60)
	at com.kms.katalon.core.webui.keyword.builtin.SendKeysKeyword.execute(SendKeysKeyword.groovy:38)
	at com.kms.katalon.core.keyword.internal.KeywordExecutor.executeKeywordForPlatform(KeywordExecutor.groovy:73)
	at com.kms.katalon.core.webui.keyword.WebUiBuiltInKeywords.sendKeys(WebUiBuiltInKeywords.groovy:861)
	at com.kms.katalon.core.webui.keyword.WebUiBuiltInKeywords$sendKeys$4.call(Unknown Source)
	at customKeywords.commanFunctions.logIntoBrowserWithReqCredentials(commanFunctions.groovy:70)
	at customKeywords.commanFunctions.uploadFileOfRegisterUser(commanFunctions.groovy:753)
	at customKeywords.commanFunctions.invokeMethod(commanFunctions.groovy)
	at com.kms.katalon.core.main.CustomKeywordDelegatingMetaClass.invokeStaticMethod(CustomKeywordDelegatingMetaClass.java:50)
	at TC_As a register user, Upload MS Access database File and verify Uploded file in Submission Page.run(TC_As a register user, Upload MS Access database File and verify Uploded file in Submission Page:16)
	at com.kms.katalon.core.main.ScriptEngine.run(ScriptEngine.java:194)
	at com.kms.katalon.core.main.ScriptEngine.runScriptAsRawText(ScriptEngine.java:119)
	at com.kms.katalon.core.main.TestCaseExecutor.runScript(TestCaseExecutor.java:394)
	at com.kms.katalon.core.main.TestCaseExecutor.doExecute(TestCaseExecutor.java:385)
	at com.kms.katalon.core.main.TestCaseExecutor.processExecutionPhase(TestCaseExecutor.java:364)
	at com.kms.katalon.core.main.TestCaseExecutor.accessMainPhase(TestCaseExecutor.java:356)
	at com.kms.katalon.core.main.TestCaseExecutor.execute(TestCaseExecutor.java:251)
	at com.kms.katalon.core.main.TestSuiteExecutor.accessTestCaseMainPhase(TestSuiteExecutor.java:203)
	at com.kms.katalon.core.main.TestSuiteExecutor.accessTestSuiteMainPhase(TestSuiteExecutor.java:152)
	at com.kms.katalon.core.main.TestSuiteExecutor.execute(TestSuiteExecutor.java:95)
	at com.kms.katalon.core.main.TestCaseMain.startTestSuite(TestCaseMain.java:157)
	at com.kms.katalon.core.main.TestCaseMain$startTestSuite$0.call(Unknown Source)
	at TempTestSuite1613733199540.run(TempTestSuite1613733199540.groovy:39)
Caused by: org.openqa.selenium.NoSuchWindowException: no such window: target window already closed
from unknown error: web view not found
  (Session info: chrome=86.0.4240.75)
Build info: version: '3.141.59', revision: 'e82be7d358', time: '2018-11-14T08:25:53'
System info: host: 'OMTPGCN1132568L', ip: '192.168.1.1', os.name: 'Windows 10', os.arch: 'amd64', os.version: '10.0', java.version: '1.8.0_181'
Driver info: com.kms.katalon.selenium.driver.CChromeDriver
Capabilities {acceptInsecureCerts: false, browserName: chrome, browserVersion: 86.0.4240.75, chrome: {chromedriverVersion: 86.0.4240.22 (398b0743353ff..., userDataDir: C:\Users\ashok\AppData\Loca...}, goog:chromeOptions: {debuggerAddress: localhost:50876}, javascriptEnabled: true, networkConnectionEnabled: false, pageLoadStrategy: normal, platform: WINDOWS, platformName: WINDOWS, proxy: Proxy(), setWindowRect: true, strictFileInteractability: false, timeouts: {implicit: 0, pageLoad: 300000, script: 30000}, unhandledPromptBehavior: dismiss and notify, webauthn:virtualAuthenticators: true}
Session ID: 26d30223ca28280a7b6d474dac670546
*** Element info: {Using=xpath, value=//app-header/nz-layout[1]/nz-content[1]/app-login[1]/div[2]/div[1]/form[1]/nz-form-item[2]/nz-form-control[1]/div[1]/span[1]/nz-input-group[1]/input[1]}
	at org.openqa.selenium.remote.http.W3CHttpResponseCodec.createException(W3CHttpResponseCodec.java:187)
	at org.openqa.selenium.remote.http.W3CHttpResponseCodec.decode(W3CHttpResponseCodec.java:122)
	at org.openqa.selenium.remote.http.W3CHttpResponseCodec.decode(W3CHttpResponseCodec.java:49)
	at org.openqa.selenium.remote.HttpCommandExecutor.execute(HttpCommandExecutor.java:158)
	at org.openqa.selenium.remote.service.DriverCommandExecutor.execute(DriverCommandExecutor.java:83)
	at org.openqa.selenium.remote.RemoteWebDriver.execute(RemoteWebDriver.java:552)
	at com.kms.katalon.selenium.driver.CChromeDriver.execute(CChromeDriver.java:19)
	at org.openqa.selenium.remote.RemoteWebDriver.findElements(RemoteWebDriver.java:353)
	at org.openqa.selenium.remote.RemoteWebDriver.findElementsByXPath(RemoteWebDriver.java:432)
	at org.openqa.selenium.By$ByXPath.findElements(By.java:348)
	at org.openqa.selenium.remote.RemoteWebDriver.findElements(RemoteWebDriver.java:311)
	at org.openqa.selenium.support.events.EventFiringWebDriver.lambda$new$1(EventFiringWebDriver.java:105)
	at com.sun.proxy.$Proxy11.findElements(Unknown Source)
	at org.openqa.selenium.support.events.EventFiringWebDriver.findElements(EventFiringWebDriver.java:182)
	at com.kms.katalon.core.webui.common.WebUiCommonHelper.findElementByNormalMethods(WebUiCommonHelper.java:1014)
	at com.kms.katalon.core.webui.common.WebUiCommonHelper.findElementsBySelectedMethod(WebUiCommonHelper.java:903)
	at com.kms.katalon.core.webui.common.WebUiCommonHelper.findElementsBySelectedMethod(WebUiCommonHelper.java:892)
	at com.kms.katalon.core.webui.common.WebUiCommonHelper.findElementsBySelectedMethod(WebUiCommonHelper.java:887)
	at com.kms.katalon.core.webui.common.WebUiCommonHelper.findElementsByDefault(WebUiCommonHelper.java:883)
	at com.kms.katalon.core.webui.common.WebUiCommonHelper.findElementsWithSelfHealing(WebUiCommonHelper.java:733)
	at com.kms.katalon.core.webui.common.WebUiCommonHelper.findWebElements(WebUiCommonHelper.java:718)
	at com.kms.katalon.core.webui.common.WebUiCommonHelper.findWebElement(WebUiCommonHelper.java:1364)
	at com.kms.katalon.core.webui.keyword.internal.WebUIAbstractKeyword.findWebElement(WebUIAbstractKeyword.groovy:27)
	at com.kms.katalon.core.webui.keyword.internal.WebUIAbstractKeyword.findWebElement(WebUIAbstractKeyword.groovy:26)
	at com.kms.katalon.core.webui.keyword.builtin.SendKeysKeyword$_sendKeys_closure1.doCall(SendKeysKeyword.groovy:52)
	at com.kms.katalon.core.webui.keyword.builtin.SendKeysKeyword$_sendKeys_closure1.call(SendKeysKeyword.groovy)
	at com.kms.katalon.core.webui.keyword.internal.WebUIKeywordMain.runKeyword(WebUIKeywordMain.groovy:20)
	... 23 more
"/>
         <system-out><![CDATA[2021-02-19 16:46:30 - [TEST_CASE][FAILED] - Test Cases/UploadDiffFiles_RegisterUser/TC_As a register user, Upload MS Access database File and verify Uploded file in Submission Page: Test Cases/UploadDiffFiles_RegisterUser/TC_As a register user, Upload MS Access database File and verify Uploded file in Submission Page FAILED.
Reason:
com.kms.katalon.core.exception.StepFailedException: Unable to send keys 'Test@12345' to object 'Object Repository/LoginAndRigisterUser/Password_Input'
	at com.kms.katalon.core.webui.keyword.internal.WebUIKeywordMain.stepFailed(WebUIKeywordMain.groovy:64)
	at com.kms.katalon.core.webui.keyword.internal.WebUIKeywordMain.runKeyword(WebUIKeywordMain.groovy:26)
	at com.kms.katalon.core.webui.keyword.builtin.SendKeysKeyword.sendKeys(SendKeysKeyword.groovy:60)
	at com.kms.katalon.core.webui.keyword.builtin.SendKeysKeyword.execute(SendKeysKeyword.groovy:38)
	at com.kms.katalon.core.keyword.internal.KeywordExecutor.executeKeywordForPlatform(KeywordExecutor.groovy:73)
	at com.kms.katalon.core.webui.keyword.WebUiBuiltInKeywords.sendKeys(WebUiBuiltInKeywords.groovy:861)
	at com.kms.katalon.core.webui.keyword.WebUiBuiltInKeywords$sendKeys$4.call(Unknown Source)
	at customKeywords.commanFunctions.logIntoBrowserWithReqCredentials(commanFunctions.groovy:70)
	at customKeywords.commanFunctions.uploadFileOfRegisterUser(commanFunctions.groovy:753)
	at customKeywords.commanFunctions.invokeMethod(commanFunctions.groovy)
	at com.kms.katalon.core.main.CustomKeywordDelegatingMetaClass.invokeStaticMethod(CustomKeywordDelegatingMetaClass.java:50)
	at TC_As a register user, Upload MS Access database File and verify Uploded file in Submission Page.run(TC_As a register user, Upload MS Access database File and verify Uploded file in Submission Page:16)
	at com.kms.katalon.core.main.ScriptEngine.run(ScriptEngine.java:194)
	at com.kms.katalon.core.main.ScriptEngine.runScriptAsRawText(ScriptEngine.java:119)
	at com.kms.katalon.core.main.TestCaseExecutor.runScript(TestCaseExecutor.java:394)
	at com.kms.katalon.core.main.TestCaseExecutor.doExecute(TestCaseExecutor.java:385)
	at com.kms.katalon.core.main.TestCaseExecutor.processExecutionPhase(TestCaseExecutor.java:364)
	at com.kms.katalon.core.main.TestCaseExecutor.accessMainPhase(TestCaseExecutor.java:356)
	at com.kms.katalon.core.main.TestCaseExecutor.execute(TestCaseExecutor.java:251)
	at com.kms.katalon.core.main.TestSuiteExecutor.accessTestCaseMainPhase(TestSuiteExecutor.java:203)
	at com.kms.katalon.core.main.TestSuiteExecutor.accessTestSuiteMainPhase(TestSuiteExecutor.java:152)
	at com.kms.katalon.core.main.TestSuiteExecutor.execute(TestSuiteExecutor.java:95)
	at com.kms.katalon.core.main.TestCaseMain.startTestSuite(TestCaseMain.java:157)
	at com.kms.katalon.core.main.TestCaseMain$startTestSuite$0.call(Unknown Source)
	at TempTestSuite1613733199540.run(TempTestSuite1613733199540.groovy:39)
Caused by: org.openqa.selenium.NoSuchWindowException: no such window: target window already closed
from unknown error: web view not found
  (Session info: chrome=86.0.4240.75)
Build info: version: '3.141.59', revision: 'e82be7d358', time: '2018-11-14T08:25:53'
System info: host: 'OMTPGCN1132568L', ip: '192.168.1.1', os.name: 'Windows 10', os.arch: 'amd64', os.version: '10.0', java.version: '1.8.0_181'
Driver info: com.kms.katalon.selenium.driver.CChromeDriver
Capabilities {acceptInsecureCerts: false, browserName: chrome, browserVersion: 86.0.4240.75, chrome: {chromedriverVersion: 86.0.4240.22 (398b0743353ff..., userDataDir: C:\Users\ashok\AppData\Loca...}, goog:chromeOptions: {debuggerAddress: localhost:50876}, javascriptEnabled: true, networkConnectionEnabled: false, pageLoadStrategy: normal, platform: WINDOWS, platformName: WINDOWS, proxy: Proxy(), setWindowRect: true, strictFileInteractability: false, timeouts: {implicit: 0, pageLoad: 300000, script: 30000}, unhandledPromptBehavior: dismiss and notify, webauthn:virtualAuthenticators: true}
Session ID: 26d30223ca28280a7b6d474dac670546
*** Element info: {Using=xpath, value=//app-header/nz-layout[1]/nz-content[1]/app-login[1]/div[2]/div[1]/form[1]/nz-form-item[2]/nz-form-control[1]/div[1]/span[1]/nz-input-group[1]/input[1]}
	at org.openqa.selenium.remote.http.W3CHttpResponseCodec.createException(W3CHttpResponseCodec.java:187)
	at org.openqa.selenium.remote.http.W3CHttpResponseCodec.decode(W3CHttpResponseCodec.java:122)
	at org.openqa.selenium.remote.http.W3CHttpResponseCodec.decode(W3CHttpResponseCodec.java:49)
	at org.openqa.selenium.remote.HttpCommandExecutor.execute(HttpCommandExecutor.java:158)
	at org.openqa.selenium.remote.service.DriverCommandExecutor.execute(DriverCommandExecutor.java:83)
	at org.openqa.selenium.remote.RemoteWebDriver.execute(RemoteWebDriver.java:552)
	at com.kms.katalon.selenium.driver.CChromeDriver.execute(CChromeDriver.java:19)
	at org.openqa.selenium.remote.RemoteWebDriver.findElements(RemoteWebDriver.java:353)
	at org.openqa.selenium.remote.RemoteWebDriver.findElementsByXPath(RemoteWebDriver.java:432)
	at org.openqa.selenium.By$ByXPath.findElements(By.java:348)
	at org.openqa.selenium.remote.RemoteWebDriver.findElements(RemoteWebDriver.java:311)
	at org.openqa.selenium.support.events.EventFiringWebDriver.lambda$new$1(EventFiringWebDriver.java:105)
	at com.sun.proxy.$Proxy11.findElements(Unknown Source)
	at org.openqa.selenium.support.events.EventFiringWebDriver.findElements(EventFiringWebDriver.java:182)
	at com.kms.katalon.core.webui.common.WebUiCommonHelper.findElementByNormalMethods(WebUiCommonHelper.java:1014)
	at com.kms.katalon.core.webui.common.WebUiCommonHelper.findElementsBySelectedMethod(WebUiCommonHelper.java:903)
	at com.kms.katalon.core.webui.common.WebUiCommonHelper.findElementsBySelectedMethod(WebUiCommonHelper.java:892)
	at com.kms.katalon.core.webui.common.WebUiCommonHelper.findElementsBySelectedMethod(WebUiCommonHelper.java:887)
	at com.kms.katalon.core.webui.common.WebUiCommonHelper.findElementsByDefault(WebUiCommonHelper.java:883)
	at com.kms.katalon.core.webui.common.WebUiCommonHelper.findElementsWithSelfHealing(WebUiCommonHelper.java:733)
	at com.kms.katalon.core.webui.common.WebUiCommonHelper.findWebElements(WebUiCommonHelper.java:718)
	at com.kms.katalon.core.webui.common.WebUiCommonHelper.findWebElement(WebUiCommonHelper.java:1364)
	at com.kms.katalon.core.webui.keyword.internal.WebUIAbstractKeyword.findWebElement(WebUIAbstractKeyword.groovy:27)
	at com.kms.katalon.core.webui.keyword.internal.WebUIAbstractKeyword.findWebElement(WebUIAbstractKeyword.groovy:26)
	at com.kms.katalon.core.webui.keyword.builtin.SendKeysKeyword$_sendKeys_closure1.doCall(SendKeysKeyword.groovy:52)
	at com.kms.katalon.core.webui.keyword.builtin.SendKeysKeyword$_sendKeys_closure1.call(SendKeysKeyword.groovy)
	at com.kms.katalon.core.webui.keyword.internal.WebUIKeywordMain.runKeyword(WebUIKeywordMain.groovy:20)
	... 23 more


2021-02-19 16:46:30 - [TEST_STEP][PASSED] - excelTestData = findTestData("Data Files/TestData/InspectTestData"): null

2021-02-19 16:46:30 - [TEST_STEP][PASSED] - rigisterUN = excelTestData.getValue(6, 23): null

2021-02-19 16:46:30 - [TEST_STEP][PASSED] - rigisterPW = excelTestData.getValue(3, 23): null

2021-02-19 16:46:30 - [TEST_STEP][FAILED] - customKeywords.commanFunctions.uploadFileOfRegisterUser(305, rigisterUN, rigisterPW): Unable to send keys 'Test@12345' to object 'Object Repository/LoginAndRigisterUser/Password_Input'

2021-02-19 16:46:30 - [MESSAGE][INFO] - Starting 'Chrome' driver

2021-02-19 16:46:30 - [MESSAGE][INFO] - Action delay is set to 0 milliseconds

2021-02-19 16:46:40 - [MESSAGE][PASSED] - Browser is opened with url: 'https://Inspect.Stage.site.sa'

2021-02-19 16:46:42 - [MESSAGE][PASSED] - Current window maximized

2021-02-19 16:46:42 - [MESSAGE][PASSED] - Wait for page load successfully

2021-02-19 16:46:43 - [MESSAGE][PASSED] - Object 'Object Repository/LoginAndRigisterUser/LoginLink' is clickable

2021-02-19 16:46:43 - [MESSAGE][INFO] - Clicked on element with JS

2021-02-19 16:46:44 - [MESSAGE][PASSED] - Keys 'Os-anelapatla@projects.site.sa' sent to object: 'Object Repository/LoginAndRigisterUser/UserName_Email_Input'

2021-02-19 16:46:44 - [MESSAGE][WARNING] - [SELF-HEALING] Failed to find element with id 'Object Repository/LoginAndRigisterUser/Password_Input'. Try using Self-healing.

2021-02-19 16:46:44 - [MESSAGE][ERROR] - [SELF-HEALING] java.lang.IllegalStateException: Expected BEGIN_OBJECT but was STRING at line 1 column 1 path $

2021-02-19 16:46:44 - [MESSAGE][WARNING] - [SELF-HEALING] Cannot find elements when the XPath is null.

2021-02-19 16:46:44 - [MESSAGE][WARNING] - [SELF-HEALING] Cannot find elements when the selector is null

2021-02-19 16:46:44 - [MESSAGE][WARNING] - Cannot take screenshot

2021-02-19 16:46:44 - [MESSAGE][FAILED] - Unable to send keys 'Test@12345' to object 'Object Repository/LoginAndRigisterUser/Password_Input' (Root cause: com.kms.katalon.core.exception.StepFailedException: Unable to send keys 'Test@12345' to object 'Object Repository/LoginAndRigisterUser/Password_Input'
	at com.kms.katalon.core.webui.keyword.internal.WebUIKeywordMain.stepFailed(WebUIKeywordMain.groovy:64)
	at com.kms.katalon.core.webui.keyword.internal.WebUIKeywordMain.runKeyword(WebUIKeywordMain.groovy:26)
	at com.kms.katalon.core.webui.keyword.builtin.SendKeysKeyword.sendKeys(SendKeysKeyword.groovy:60)
	at com.kms.katalon.core.webui.keyword.builtin.SendKeysKeyword.execute(SendKeysKeyword.groovy:38)
	at com.kms.katalon.core.keyword.internal.KeywordExecutor.executeKeywordForPlatform(KeywordExecutor.groovy:73)
	at com.kms.katalon.core.webui.keyword.WebUiBuiltInKeywords.sendKeys(WebUiBuiltInKeywords.groovy:861)
	at com.kms.katalon.core.webui.keyword.WebUiBuiltInKeywords$sendKeys$4.call(Unknown Source)
	at customKeywords.commanFunctions.logIntoBrowserWithReqCredentials(commanFunctions.groovy:70)
	at customKeywords.commanFunctions.uploadFileOfRegisterUser(commanFunctions.groovy:753)
	at customKeywords.commanFunctions.invokeMethod(commanFunctions.groovy)
	at com.kms.katalon.core.main.CustomKeywordDelegatingMetaClass.invokeStaticMethod(CustomKeywordDelegatingMetaClass.java:50)
	at TC_As a register user, Upload MS Access database File and verify Uploded file in Submission Page.run(TC_As a register user, Upload MS Access database File and verify Uploded file in Submission Page:16)
	at com.kms.katalon.core.main.ScriptEngine.run(ScriptEngine.java:194)
	at com.kms.katalon.core.main.ScriptEngine.runScriptAsRawText(ScriptEngine.java:119)
	at com.kms.katalon.core.main.TestCaseExecutor.runScript(TestCaseExecutor.java:394)
	at com.kms.katalon.core.main.TestCaseExecutor.doExecute(TestCaseExecutor.java:385)
	at com.kms.katalon.core.main.TestCaseExecutor.processExecutionPhase(TestCaseExecutor.java:364)
	at com.kms.katalon.core.main.TestCaseExecutor.accessMainPhase(TestCaseExecutor.java:356)
	at com.kms.katalon.core.main.TestCaseExecutor.execute(TestCaseExecutor.java:251)
	at com.kms.katalon.core.main.TestSuiteExecutor.accessTestCaseMainPhase(TestSuiteExecutor.java:203)
	at com.kms.katalon.core.main.TestSuiteExecutor.accessTestSuiteMainPhase(TestSuiteExecutor.java:152)
	at com.kms.katalon.core.main.TestSuiteExecutor.execute(TestSuiteExecutor.java:95)
	at com.kms.katalon.core.main.TestCaseMain.startTestSuite(TestCaseMain.java:157)
	at com.kms.katalon.core.main.TestCaseMain$startTestSuite$0.call(Unknown Source)
	at TempTestSuite1613733199540.run(TempTestSuite1613733199540.groovy:39)
Caused by: org.openqa.selenium.NoSuchWindowException: no such window: target window already closed
from unknown error: web view not found
  (Session info: chrome=86.0.4240.75)
Build info: version: '3.141.59', revision: 'e82be7d358', time: '2018-11-14T08:25:53'
System info: host: 'OMTPGCN1132568L', ip: '192.168.1.1', os.name: 'Windows 10', os.arch: 'amd64', os.version: '10.0', java.version: '1.8.0_181'
Driver info: com.kms.katalon.selenium.driver.CChromeDriver
Capabilities {acceptInsecureCerts: false, browserName: chrome, browserVersion: 86.0.4240.75, chrome: {chromedriverVersion: 86.0.4240.22 (398b0743353ff..., userDataDir: C:\Users\ashok\AppData\Loca...}, goog:chromeOptions: {debuggerAddress: localhost:50876}, javascriptEnabled: true, networkConnectionEnabled: false, pageLoadStrategy: normal, platform: WINDOWS, platformName: WINDOWS, proxy: Proxy(), setWindowRect: true, strictFileInteractability: false, timeouts: {implicit: 0, pageLoad: 300000, script: 30000}, unhandledPromptBehavior: dismiss and notify, webauthn:virtualAuthenticators: true}
Session ID: 26d30223ca28280a7b6d474dac670546
*** Element info: {Using=xpath, value=//app-header/nz-layout[1]/nz-content[1]/app-login[1]/div[2]/div[1]/form[1]/nz-form-item[2]/nz-form-control[1]/div[1]/span[1]/nz-input-group[1]/input[1]}
	at org.openqa.selenium.remote.http.W3CHttpResponseCodec.createException(W3CHttpResponseCodec.java:187)
	at org.openqa.selenium.remote.http.W3CHttpResponseCodec.decode(W3CHttpResponseCodec.java:122)
	at org.openqa.selenium.remote.http.W3CHttpResponseCodec.decode(W3CHttpResponseCodec.java:49)
	at org.openqa.selenium.remote.HttpCommandExecutor.execute(HttpCommandExecutor.java:158)
	at org.openqa.selenium.remote.service.DriverCommandExecutor.execute(DriverCommandExecutor.java:83)
	at org.openqa.selenium.remote.RemoteWebDriver.execute(RemoteWebDriver.java:552)
	at com.kms.katalon.selenium.driver.CChromeDriver.execute(CChromeDriver.java:19)
	at org.openqa.selenium.remote.RemoteWebDriver.findElements(RemoteWebDriver.java:353)
	at org.openqa.selenium.remote.RemoteWebDriver.findElementsByXPath(RemoteWebDriver.java:432)
	at org.openqa.selenium.By$ByXPath.findElements(By.java:348)
	at org.openqa.selenium.remote.RemoteWebDriver.findElements(RemoteWebDriver.java:311)
	at org.openqa.selenium.support.events.EventFiringWebDriver.lambda$new$1(EventFiringWebDriver.java:105)
	at com.sun.proxy.$Proxy11.findElements(Unknown Source)
	at org.openqa.selenium.support.events.EventFiringWebDriver.findElements(EventFiringWebDriver.java:182)
	at com.kms.katalon.core.webui.common.WebUiCommonHelper.findElementByNormalMethods(WebUiCommonHelper.java:1014)
	at com.kms.katalon.core.webui.common.WebUiCommonHelper.findElementsBySelectedMethod(WebUiCommonHelper.java:903)
	at com.kms.katalon.core.webui.common.WebUiCommonHelper.findElementsBySelectedMethod(WebUiCommonHelper.java:892)
	at com.kms.katalon.core.webui.common.WebUiCommonHelper.findElementsBySelectedMethod(WebUiCommonHelper.java:887)
	at com.kms.katalon.core.webui.common.WebUiCommonHelper.findElementsByDefault(WebUiCommonHelper.java:883)
	at com.kms.katalon.core.webui.common.WebUiCommonHelper.findElementsWithSelfHealing(WebUiCommonHelper.java:733)
	at com.kms.katalon.core.webui.common.WebUiCommonHelper.findWebElements(WebUiCommonHelper.java:718)
	at com.kms.katalon.core.webui.common.WebUiCommonHelper.findWebElement(WebUiCommonHelper.java:1364)
	at com.kms.katalon.core.webui.keyword.internal.WebUIAbstractKeyword.findWebElement(WebUIAbstractKeyword.groovy:27)
	at com.kms.katalon.core.webui.keyword.internal.WebUIAbstractKeyword.findWebElement(WebUIAbstractKeyword.groovy:26)
	at com.kms.katalon.core.webui.keyword.builtin.SendKeysKeyword$_sendKeys_closure1.doCall(SendKeysKeyword.groovy:52)
	at com.kms.katalon.core.webui.keyword.builtin.SendKeysKeyword$_sendKeys_closure1.call(SendKeysKeyword.groovy)
	at com.kms.katalon.core.webui.keyword.internal.WebUIKeywordMain.runKeyword(WebUIKeywordMain.groovy:20)
	at com.kms.katalon.core.webui.keyword.builtin.SendKeysKeyword.sendKeys(SendKeysKeyword.groovy:60)
	at com.kms.katalon.core.webui.keyword.builtin.SendKeysKeyword.execute(SendKeysKeyword.groovy:38)
	at com.kms.katalon.core.keyword.internal.KeywordExecutor.executeKeywordForPlatform(KeywordExecutor.groovy:73)
	at com.kms.katalon.core.webui.keyword.WebUiBuiltInKeywords.sendKeys(WebUiBuiltInKeywords.groovy:861)
	at com.kms.katalon.core.webui.keyword.WebUiBuiltInKeywords$sendKeys$4.call(Unknown Source)
	at customKeywords.commanFunctions.logIntoBrowserWithReqCredentials(commanFunctions.groovy:70)
	at customKeywords.commanFunctions.uploadFileOfRegisterUser(commanFunctions.groovy:753)
	at customKeywords.commanFunctions.invokeMethod(commanFunctions.groovy)
	at com.kms.katalon.core.main.CustomKeywordDelegatingMetaClass.invokeStaticMethod(CustomKeywordDelegatingMetaClass.java:50)
	at Script1613386261436.run(Script1613386261436.groovy:16)
	... 13 more
)

2021-02-19 16:46:44 - [MESSAGE][FAILED] - Unable to send keys 'Test@12345' to object 'Object Repository/LoginAndRigisterUser/Password_Input'

2021-02-19 16:46:44 - [TEST_STEP][PASSED] - Start tear down : tearDownMethodIfFailed: Method 'tearDownMethodIfFailed' complete successfully

2021-02-19 16:46:44 - [TEST_STEP][PASSED] - customKeywords.commanFunctions.onlyCloseBrowser(): customKeywords.commanFunctions.onlyCloseBrowser is PASSED

2021-02-19 16:46:45 - [MESSAGE][PASSED] - Browser is closed

2021-02-19 16:46:45 - [MESSAGE][PASSED] - customKeywords.commanFunctions.onlyCloseBrowser is PASSED

2021-02-19 16:46:45 - [TEST_STEP][PASSED] - logInfo("[--------This is tearDownIfFailed method------]"): [--------This is tearDownIfFailed method------]

2021-02-19 16:46:45 - [MESSAGE][INFO] - [--------This is tearDownIfFailed method------]

2021-02-19 16:46:45 - [MESSAGE][PASSED] - Method 'tearDownMethodIfFailed' complete successfully]]></system-out>
         <system-err><![CDATA[2021-02-19 16:46:30 - [TEST_CASE][FAILED] - Test Cases/UploadDiffFiles_RegisterUser/TC_As a register user, Upload MS Access database File and verify Uploded file in Submission Page: Test Cases/UploadDiffFiles_RegisterUser/TC_As a register user, Upload MS Access database File and verify Uploded file in Submission Page FAILED.
Reason:
com.kms.katalon.core.exception.StepFailedException: Unable to send keys 'Test@12345' to object 'Object Repository/LoginAndRigisterUser/Password_Input'
	at com.kms.katalon.core.webui.keyword.internal.WebUIKeywordMain.stepFailed(WebUIKeywordMain.groovy:64)
	at com.kms.katalon.core.webui.keyword.internal.WebUIKeywordMain.runKeyword(WebUIKeywordMain.groovy:26)
	at com.kms.katalon.core.webui.keyword.builtin.SendKeysKeyword.sendKeys(SendKeysKeyword.groovy:60)
	at com.kms.katalon.core.webui.keyword.builtin.SendKeysKeyword.execute(SendKeysKeyword.groovy:38)
	at com.kms.katalon.core.keyword.internal.KeywordExecutor.executeKeywordForPlatform(KeywordExecutor.groovy:73)
	at com.kms.katalon.core.webui.keyword.WebUiBuiltInKeywords.sendKeys(WebUiBuiltInKeywords.groovy:861)
	at com.kms.katalon.core.webui.keyword.WebUiBuiltInKeywords$sendKeys$4.call(Unknown Source)
	at customKeywords.commanFunctions.logIntoBrowserWithReqCredentials(commanFunctions.groovy:70)
	at customKeywords.commanFunctions.uploadFileOfRegisterUser(commanFunctions.groovy:753)
	at customKeywords.commanFunctions.invokeMethod(commanFunctions.groovy)
	at com.kms.katalon.core.main.CustomKeywordDelegatingMetaClass.invokeStaticMethod(CustomKeywordDelegatingMetaClass.java:50)
	at TC_As a register user, Upload MS Access database File and verify Uploded file in Submission Page.run(TC_As a register user, Upload MS Access database File and verify Uploded file in Submission Page:16)
	at com.kms.katalon.core.main.ScriptEngine.run(ScriptEngine.java:194)
	at com.kms.katalon.core.main.ScriptEngine.runScriptAsRawText(ScriptEngine.java:119)
	at com.kms.katalon.core.main.TestCaseExecutor.runScript(TestCaseExecutor.java:394)
	at com.kms.katalon.core.main.TestCaseExecutor.doExecute(TestCaseExecutor.java:385)
	at com.kms.katalon.core.main.TestCaseExecutor.processExecutionPhase(TestCaseExecutor.java:364)
	at com.kms.katalon.core.main.TestCaseExecutor.accessMainPhase(TestCaseExecutor.java:356)
	at com.kms.katalon.core.main.TestCaseExecutor.execute(TestCaseExecutor.java:251)
	at com.kms.katalon.core.main.TestSuiteExecutor.accessTestCaseMainPhase(TestSuiteExecutor.java:203)
	at com.kms.katalon.core.main.TestSuiteExecutor.accessTestSuiteMainPhase(TestSuiteExecutor.java:152)
	at com.kms.katalon.core.main.TestSuiteExecutor.execute(TestSuiteExecutor.java:95)
	at com.kms.katalon.core.main.TestCaseMain.startTestSuite(TestCaseMain.java:157)
	at com.kms.katalon.core.main.TestCaseMain$startTestSuite$0.call(Unknown Source)
	at TempTestSuite1613733199540.run(TempTestSuite1613733199540.groovy:39)
Caused by: org.openqa.selenium.NoSuchWindowException: no such window: target window already closed
from unknown error: web view not found
  (Session info: chrome=86.0.4240.75)
Build info: version: '3.141.59', revision: 'e82be7d358', time: '2018-11-14T08:25:53'
System info: host: 'OMTPGCN1132568L', ip: '192.168.1.1', os.name: 'Windows 10', os.arch: 'amd64', os.version: '10.0', java.version: '1.8.0_181'
Driver info: com.kms.katalon.selenium.driver.CChromeDriver
Capabilities {acceptInsecureCerts: false, browserName: chrome, browserVersion: 86.0.4240.75, chrome: {chromedriverVersion: 86.0.4240.22 (398b0743353ff..., userDataDir: C:\Users\ashok\AppData\Loca...}, goog:chromeOptions: {debuggerAddress: localhost:50876}, javascriptEnabled: true, networkConnectionEnabled: false, pageLoadStrategy: normal, platform: WINDOWS, platformName: WINDOWS, proxy: Proxy(), setWindowRect: true, strictFileInteractability: false, timeouts: {implicit: 0, pageLoad: 300000, script: 30000}, unhandledPromptBehavior: dismiss and notify, webauthn:virtualAuthenticators: true}
Session ID: 26d30223ca28280a7b6d474dac670546
*** Element info: {Using=xpath, value=//app-header/nz-layout[1]/nz-content[1]/app-login[1]/div[2]/div[1]/form[1]/nz-form-item[2]/nz-form-control[1]/div[1]/span[1]/nz-input-group[1]/input[1]}
	at org.openqa.selenium.remote.http.W3CHttpResponseCodec.createException(W3CHttpResponseCodec.java:187)
	at org.openqa.selenium.remote.http.W3CHttpResponseCodec.decode(W3CHttpResponseCodec.java:122)
	at org.openqa.selenium.remote.http.W3CHttpResponseCodec.decode(W3CHttpResponseCodec.java:49)
	at org.openqa.selenium.remote.HttpCommandExecutor.execute(HttpCommandExecutor.java:158)
	at org.openqa.selenium.remote.service.DriverCommandExecutor.execute(DriverCommandExecutor.java:83)
	at org.openqa.selenium.remote.RemoteWebDriver.execute(RemoteWebDriver.java:552)
	at com.kms.katalon.selenium.driver.CChromeDriver.execute(CChromeDriver.java:19)
	at org.openqa.selenium.remote.RemoteWebDriver.findElements(RemoteWebDriver.java:353)
	at org.openqa.selenium.remote.RemoteWebDriver.findElementsByXPath(RemoteWebDriver.java:432)
	at org.openqa.selenium.By$ByXPath.findElements(By.java:348)
	at org.openqa.selenium.remote.RemoteWebDriver.findElements(RemoteWebDriver.java:311)
	at org.openqa.selenium.support.events.EventFiringWebDriver.lambda$new$1(EventFiringWebDriver.java:105)
	at com.sun.proxy.$Proxy11.findElements(Unknown Source)
	at org.openqa.selenium.support.events.EventFiringWebDriver.findElements(EventFiringWebDriver.java:182)
	at com.kms.katalon.core.webui.common.WebUiCommonHelper.findElementByNormalMethods(WebUiCommonHelper.java:1014)
	at com.kms.katalon.core.webui.common.WebUiCommonHelper.findElementsBySelectedMethod(WebUiCommonHelper.java:903)
	at com.kms.katalon.core.webui.common.WebUiCommonHelper.findElementsBySelectedMethod(WebUiCommonHelper.java:892)
	at com.kms.katalon.core.webui.common.WebUiCommonHelper.findElementsBySelectedMethod(WebUiCommonHelper.java:887)
	at com.kms.katalon.core.webui.common.WebUiCommonHelper.findElementsByDefault(WebUiCommonHelper.java:883)
	at com.kms.katalon.core.webui.common.WebUiCommonHelper.findElementsWithSelfHealing(WebUiCommonHelper.java:733)
	at com.kms.katalon.core.webui.common.WebUiCommonHelper.findWebElements(WebUiCommonHelper.java:718)
	at com.kms.katalon.core.webui.common.WebUiCommonHelper.findWebElement(WebUiCommonHelper.java:1364)
	at com.kms.katalon.core.webui.keyword.internal.WebUIAbstractKeyword.findWebElement(WebUIAbstractKeyword.groovy:27)
	at com.kms.katalon.core.webui.keyword.internal.WebUIAbstractKeyword.findWebElement(WebUIAbstractKeyword.groovy:26)
	at com.kms.katalon.core.webui.keyword.builtin.SendKeysKeyword$_sendKeys_closure1.doCall(SendKeysKeyword.groovy:52)
	at com.kms.katalon.core.webui.keyword.builtin.SendKeysKeyword$_sendKeys_closure1.call(SendKeysKeyword.groovy)
	at com.kms.katalon.core.webui.keyword.internal.WebUIKeywordMain.runKeyword(WebUIKeywordMain.groovy:20)
	... 23 more]]></system-err>
      </testcase>
      <testcase name="Test Cases/UploadDiffFiles_RegisterUser/TC_As a register user, Upload MS Works File and verify Uploded file in Submission Page" time="13.636" classname="Test Cases/UploadDiffFiles_RegisterUser/TC_As a register user, Upload MS Works File and verify Uploded file in Submission Page" status="FAILED">
         <failure type="FAILED" message="Test Cases/UploadDiffFiles_RegisterUser/TC_As a register user, Upload MS Works File and verify Uploded file in Submission Page FAILED.
Reason:
com.kms.katalon.core.exception.StepFailedException: Unable to open browser with url: 'https://Inspect.Stage.site.sa'
	at com.kms.katalon.core.webui.keyword.internal.WebUIKeywordMain.stepFailed(WebUIKeywordMain.groovy:64)
	at com.kms.katalon.core.webui.keyword.internal.WebUIKeywordMain.runKeyword(WebUIKeywordMain.groovy:26)
	at com.kms.katalon.core.webui.keyword.builtin.OpenBrowserKeyword.openBrowser(OpenBrowserKeyword.groovy:81)
	at com.kms.katalon.core.webui.keyword.builtin.OpenBrowserKeyword.execute(OpenBrowserKeyword.groovy:67)
	at com.kms.katalon.core.keyword.internal.KeywordExecutor.executeKeywordForPlatform(KeywordExecutor.groovy:73)
	at com.kms.katalon.core.webui.keyword.WebUiBuiltInKeywords.openBrowser(WebUiBuiltInKeywords.groovy:61)
	at com.kms.katalon.core.webui.keyword.WebUiBuiltInKeywords$openBrowser.call(Unknown Source)
	at customKeywords.commanFunctions.openBrowser(commanFunctions.groovy:47)
	at customKeywords.commanFunctions.uploadFileOfRegisterUser(commanFunctions.groovy:747)
	at customKeywords.commanFunctions.invokeMethod(commanFunctions.groovy)
	at com.kms.katalon.core.main.CustomKeywordDelegatingMetaClass.invokeStaticMethod(CustomKeywordDelegatingMetaClass.java:50)
	at TC_As a register user, Upload MS Works File and verify Uploded file in Submission Page.run(TC_As a register user, Upload MS Works File and verify Uploded file in Submission Page:16)
	at com.kms.katalon.core.main.ScriptEngine.run(ScriptEngine.java:194)
	at com.kms.katalon.core.main.ScriptEngine.runScriptAsRawText(ScriptEngine.java:119)
	at com.kms.katalon.core.main.TestCaseExecutor.runScript(TestCaseExecutor.java:394)
	at com.kms.katalon.core.main.TestCaseExecutor.doExecute(TestCaseExecutor.java:385)
	at com.kms.katalon.core.main.TestCaseExecutor.processExecutionPhase(TestCaseExecutor.java:364)
	at com.kms.katalon.core.main.TestCaseExecutor.accessMainPhase(TestCaseExecutor.java:356)
	at com.kms.katalon.core.main.TestCaseExecutor.execute(TestCaseExecutor.java:251)
	at com.kms.katalon.core.main.TestSuiteExecutor.accessTestCaseMainPhase(TestSuiteExecutor.java:203)
	at com.kms.katalon.core.main.TestSuiteExecutor.accessTestSuiteMainPhase(TestSuiteExecutor.java:152)
	at com.kms.katalon.core.main.TestSuiteExecutor.execute(TestSuiteExecutor.java:95)
	at com.kms.katalon.core.main.TestCaseMain.startTestSuite(TestCaseMain.java:157)
	at com.kms.katalon.core.main.TestCaseMain$startTestSuite$0.call(Unknown Source)
	at TempTestSuite1613733199540.run(TempTestSuite1613733199540.groovy:39)
Caused by: org.openqa.selenium.SessionNotCreatedException: session not created
from chrome not reachable
  (Session info: chrome=86.0.4240.75)
Build info: version: '3.141.59', revision: 'e82be7d358', time: '2018-11-14T08:25:53'
System info: host: 'OMTPGCN1132568L', ip: '192.168.1.1', os.name: 'Windows 10', os.arch: 'amd64', os.version: '10.0', java.version: '1.8.0_181'
Driver info: driver.version: CChromeDriver
remote stacktrace: Backtrace:
	Ordinal0 [0x00A8C013+3194899]
	Ordinal0 [0x00976021+2056225]
	Ordinal0 [0x0080F4B0+586928]
	Ordinal0 [0x00805894+546964]
	Ordinal0 [0x00805F2C+548652]
	Ordinal0 [0x00807175+553333]
	Ordinal0 [0x0080241E+533534]
	Ordinal0 [0x00810620+591392]
	Ordinal0 [0x007B2A0C+207372]
	Ordinal0 [0x007B1D0D+204045]
	Ordinal0 [0x007AFC1B+195611]
	Ordinal0 [0x00793B7F+80767]
	Ordinal0 [0x00794B4E+84814]
	Ordinal0 [0x00794AD9+84697]
	Ordinal0 [0x0098CE64+2149988]
	GetHandleVerifier [0x00BFBE95+1400773]
	GetHandleVerifier [0x00BFBB61+1399953]
	GetHandleVerifier [0x00C031FA+1430314]
	GetHandleVerifier [0x00BFC69F+1402831]
	Ordinal0 [0x00983D61+2112865]
	Ordinal0 [0x0098E5CB+2155979]
	Ordinal0 [0x0098E6F5+2156277]
	Ordinal0 [0x0099F26E+2224750]
	BaseThreadInitThunk [0x77026359+25]
	RtlGetAppContainerNamedObjectPath [0x77BD8944+228]
	RtlGetAppContainerNamedObjectPath [0x77BD8914+180]

	at org.openqa.selenium.remote.W3CHandshakeResponse.lambda$errorHandler$0(W3CHandshakeResponse.java:62)
	at org.openqa.selenium.remote.HandshakeResponse.lambda$getResponseFunction$0(HandshakeResponse.java:30)
	at org.openqa.selenium.remote.ProtocolHandshake.lambda$createSession$0(ProtocolHandshake.java:126)
	at org.openqa.selenium.remote.ProtocolHandshake.createSession(ProtocolHandshake.java:128)
	at org.openqa.selenium.remote.ProtocolHandshake.createSession(ProtocolHandshake.java:74)
	at org.openqa.selenium.remote.HttpCommandExecutor.execute(HttpCommandExecutor.java:136)
	at org.openqa.selenium.remote.service.DriverCommandExecutor.execute(DriverCommandExecutor.java:83)
	at org.openqa.selenium.remote.RemoteWebDriver.execute(RemoteWebDriver.java:552)
	at com.kms.katalon.selenium.driver.CChromeDriver.execute(CChromeDriver.java:19)
	at org.openqa.selenium.remote.RemoteWebDriver.startSession(RemoteWebDriver.java:213)
	at org.openqa.selenium.remote.RemoteWebDriver.&lt;init>(RemoteWebDriver.java:131)
	at org.openqa.selenium.chrome.ChromeDriver.&lt;init>(ChromeDriver.java:181)
	at org.openqa.selenium.chrome.ChromeDriver.&lt;init>(ChromeDriver.java:147)
	at com.kms.katalon.selenium.driver.CChromeDriver.&lt;init>(CChromeDriver.java:13)
	at com.kms.katalon.core.webui.driver.DriverFactory.createNewChromeDriver(DriverFactory.java:400)
	at com.kms.katalon.core.webui.driver.DriverFactory.startNewBrowser(DriverFactory.java:358)
	at com.kms.katalon.core.webui.driver.DriverFactory.openWebDriver(DriverFactory.java:245)
	at com.kms.katalon.core.webui.keyword.builtin.OpenBrowserKeyword$_openBrowser_closure1.doCall(OpenBrowserKeyword.groovy:74)
	at com.kms.katalon.core.webui.keyword.builtin.OpenBrowserKeyword$_openBrowser_closure1.call(OpenBrowserKeyword.groovy)
	at com.kms.katalon.core.webui.keyword.internal.WebUIKeywordMain.runKeyword(WebUIKeywordMain.groovy:20)
	... 23 more
"/>
         <system-out><![CDATA[2021-02-19 16:46:45 - [TEST_CASE][FAILED] - Test Cases/UploadDiffFiles_RegisterUser/TC_As a register user, Upload MS Works File and verify Uploded file in Submission Page: Test Cases/UploadDiffFiles_RegisterUser/TC_As a register user, Upload MS Works File and verify Uploded file in Submission Page FAILED.
Reason:
com.kms.katalon.core.exception.StepFailedException: Unable to open browser with url: 'https://Inspect.Stage.site.sa'
	at com.kms.katalon.core.webui.keyword.internal.WebUIKeywordMain.stepFailed(WebUIKeywordMain.groovy:64)
	at com.kms.katalon.core.webui.keyword.internal.WebUIKeywordMain.runKeyword(WebUIKeywordMain.groovy:26)
	at com.kms.katalon.core.webui.keyword.builtin.OpenBrowserKeyword.openBrowser(OpenBrowserKeyword.groovy:81)
	at com.kms.katalon.core.webui.keyword.builtin.OpenBrowserKeyword.execute(OpenBrowserKeyword.groovy:67)
	at com.kms.katalon.core.keyword.internal.KeywordExecutor.executeKeywordForPlatform(KeywordExecutor.groovy:73)
	at com.kms.katalon.core.webui.keyword.WebUiBuiltInKeywords.openBrowser(WebUiBuiltInKeywords.groovy:61)
	at com.kms.katalon.core.webui.keyword.WebUiBuiltInKeywords$openBrowser.call(Unknown Source)
	at customKeywords.commanFunctions.openBrowser(commanFunctions.groovy:47)
	at customKeywords.commanFunctions.uploadFileOfRegisterUser(commanFunctions.groovy:747)
	at customKeywords.commanFunctions.invokeMethod(commanFunctions.groovy)
	at com.kms.katalon.core.main.CustomKeywordDelegatingMetaClass.invokeStaticMethod(CustomKeywordDelegatingMetaClass.java:50)
	at TC_As a register user, Upload MS Works File and verify Uploded file in Submission Page.run(TC_As a register user, Upload MS Works File and verify Uploded file in Submission Page:16)
	at com.kms.katalon.core.main.ScriptEngine.run(ScriptEngine.java:194)
	at com.kms.katalon.core.main.ScriptEngine.runScriptAsRawText(ScriptEngine.java:119)
	at com.kms.katalon.core.main.TestCaseExecutor.runScript(TestCaseExecutor.java:394)
	at com.kms.katalon.core.main.TestCaseExecutor.doExecute(TestCaseExecutor.java:385)
	at com.kms.katalon.core.main.TestCaseExecutor.processExecutionPhase(TestCaseExecutor.java:364)
	at com.kms.katalon.core.main.TestCaseExecutor.accessMainPhase(TestCaseExecutor.java:356)
	at com.kms.katalon.core.main.TestCaseExecutor.execute(TestCaseExecutor.java:251)
	at com.kms.katalon.core.main.TestSuiteExecutor.accessTestCaseMainPhase(TestSuiteExecutor.java:203)
	at com.kms.katalon.core.main.TestSuiteExecutor.accessTestSuiteMainPhase(TestSuiteExecutor.java:152)
	at com.kms.katalon.core.main.TestSuiteExecutor.execute(TestSuiteExecutor.java:95)
	at com.kms.katalon.core.main.TestCaseMain.startTestSuite(TestCaseMain.java:157)
	at com.kms.katalon.core.main.TestCaseMain$startTestSuite$0.call(Unknown Source)
	at TempTestSuite1613733199540.run(TempTestSuite1613733199540.groovy:39)
Caused by: org.openqa.selenium.SessionNotCreatedException: session not created
from chrome not reachable
  (Session info: chrome=86.0.4240.75)
Build info: version: '3.141.59', revision: 'e82be7d358', time: '2018-11-14T08:25:53'
System info: host: 'OMTPGCN1132568L', ip: '192.168.1.1', os.name: 'Windows 10', os.arch: 'amd64', os.version: '10.0', java.version: '1.8.0_181'
Driver info: driver.version: CChromeDriver
remote stacktrace: Backtrace:
	Ordinal0 [0x00A8C013+3194899]
	Ordinal0 [0x00976021+2056225]
	Ordinal0 [0x0080F4B0+586928]
	Ordinal0 [0x00805894+546964]
	Ordinal0 [0x00805F2C+548652]
	Ordinal0 [0x00807175+553333]
	Ordinal0 [0x0080241E+533534]
	Ordinal0 [0x00810620+591392]
	Ordinal0 [0x007B2A0C+207372]
	Ordinal0 [0x007B1D0D+204045]
	Ordinal0 [0x007AFC1B+195611]
	Ordinal0 [0x00793B7F+80767]
	Ordinal0 [0x00794B4E+84814]
	Ordinal0 [0x00794AD9+84697]
	Ordinal0 [0x0098CE64+2149988]
	GetHandleVerifier [0x00BFBE95+1400773]
	GetHandleVerifier [0x00BFBB61+1399953]
	GetHandleVerifier [0x00C031FA+1430314]
	GetHandleVerifier [0x00BFC69F+1402831]
	Ordinal0 [0x00983D61+2112865]
	Ordinal0 [0x0098E5CB+2155979]
	Ordinal0 [0x0098E6F5+2156277]
	Ordinal0 [0x0099F26E+2224750]
	BaseThreadInitThunk [0x77026359+25]
	RtlGetAppContainerNamedObjectPath [0x77BD8944+228]
	RtlGetAppContainerNamedObjectPath [0x77BD8914+180]

	at org.openqa.selenium.remote.W3CHandshakeResponse.lambda$errorHandler$0(W3CHandshakeResponse.java:62)
	at org.openqa.selenium.remote.HandshakeResponse.lambda$getResponseFunction$0(HandshakeResponse.java:30)
	at org.openqa.selenium.remote.ProtocolHandshake.lambda$createSession$0(ProtocolHandshake.java:126)
	at org.openqa.selenium.remote.ProtocolHandshake.createSession(ProtocolHandshake.java:128)
	at org.openqa.selenium.remote.ProtocolHandshake.createSession(ProtocolHandshake.java:74)
	at org.openqa.selenium.remote.HttpCommandExecutor.execute(HttpCommandExecutor.java:136)
	at org.openqa.selenium.remote.service.DriverCommandExecutor.execute(DriverCommandExecutor.java:83)
	at org.openqa.selenium.remote.RemoteWebDriver.execute(RemoteWebDriver.java:552)
	at com.kms.katalon.selenium.driver.CChromeDriver.execute(CChromeDriver.java:19)
	at org.openqa.selenium.remote.RemoteWebDriver.startSession(RemoteWebDriver.java:213)
	at org.openqa.selenium.remote.RemoteWebDriver.<init>(RemoteWebDriver.java:131)
	at org.openqa.selenium.chrome.ChromeDriver.<init>(ChromeDriver.java:181)
	at org.openqa.selenium.chrome.ChromeDriver.<init>(ChromeDriver.java:147)
	at com.kms.katalon.selenium.driver.CChromeDriver.<init>(CChromeDriver.java:13)
	at com.kms.katalon.core.webui.driver.DriverFactory.createNewChromeDriver(DriverFactory.java:400)
	at com.kms.katalon.core.webui.driver.DriverFactory.startNewBrowser(DriverFactory.java:358)
	at com.kms.katalon.core.webui.driver.DriverFactory.openWebDriver(DriverFactory.java:245)
	at com.kms.katalon.core.webui.keyword.builtin.OpenBrowserKeyword$_openBrowser_closure1.doCall(OpenBrowserKeyword.groovy:74)
	at com.kms.katalon.core.webui.keyword.builtin.OpenBrowserKeyword$_openBrowser_closure1.call(OpenBrowserKeyword.groovy)
	at com.kms.katalon.core.webui.keyword.internal.WebUIKeywordMain.runKeyword(WebUIKeywordMain.groovy:20)
	... 23 more


2021-02-19 16:46:45 - [TEST_STEP][PASSED] - excelTestData = findTestData("Data Files/TestData/InspectTestData"): null

2021-02-19 16:46:45 - [TEST_STEP][PASSED] - rigisterUN = excelTestData.getValue(6, 23): null

2021-02-19 16:46:45 - [TEST_STEP][PASSED] - rigisterPW = excelTestData.getValue(3, 23): null

2021-02-19 16:46:45 - [TEST_STEP][FAILED] - customKeywords.commanFunctions.uploadFileOfRegisterUser(325, rigisterUN, rigisterPW): Unable to open browser with url: 'https://Inspect.Stage.site.sa'

2021-02-19 16:46:45 - [MESSAGE][INFO] - Starting 'Chrome' driver

2021-02-19 16:46:45 - [MESSAGE][INFO] - Action delay is set to 0 milliseconds

2021-02-19 16:46:58 - [MESSAGE][FAILED] - Unable to open browser with url: 'https://Inspect.Stage.site.sa' (Root cause: com.kms.katalon.core.exception.StepFailedException: Unable to open browser with url: 'https://Inspect.Stage.site.sa'
	at com.kms.katalon.core.webui.keyword.internal.WebUIKeywordMain.stepFailed(WebUIKeywordMain.groovy:64)
	at com.kms.katalon.core.webui.keyword.internal.WebUIKeywordMain.runKeyword(WebUIKeywordMain.groovy:26)
	at com.kms.katalon.core.webui.keyword.builtin.OpenBrowserKeyword.openBrowser(OpenBrowserKeyword.groovy:81)
	at com.kms.katalon.core.webui.keyword.builtin.OpenBrowserKeyword.execute(OpenBrowserKeyword.groovy:67)
	at com.kms.katalon.core.keyword.internal.KeywordExecutor.executeKeywordForPlatform(KeywordExecutor.groovy:73)
	at com.kms.katalon.core.webui.keyword.WebUiBuiltInKeywords.openBrowser(WebUiBuiltInKeywords.groovy:61)
	at com.kms.katalon.core.webui.keyword.WebUiBuiltInKeywords$openBrowser.call(Unknown Source)
	at customKeywords.commanFunctions.openBrowser(commanFunctions.groovy:47)
	at customKeywords.commanFunctions.uploadFileOfRegisterUser(commanFunctions.groovy:747)
	at customKeywords.commanFunctions.invokeMethod(commanFunctions.groovy)
	at com.kms.katalon.core.main.CustomKeywordDelegatingMetaClass.invokeStaticMethod(CustomKeywordDelegatingMetaClass.java:50)
	at TC_As a register user, Upload MS Works File and verify Uploded file in Submission Page.run(TC_As a register user, Upload MS Works File and verify Uploded file in Submission Page:16)
	at com.kms.katalon.core.main.ScriptEngine.run(ScriptEngine.java:194)
	at com.kms.katalon.core.main.ScriptEngine.runScriptAsRawText(ScriptEngine.java:119)
	at com.kms.katalon.core.main.TestCaseExecutor.runScript(TestCaseExecutor.java:394)
	at com.kms.katalon.core.main.TestCaseExecutor.doExecute(TestCaseExecutor.java:385)
	at com.kms.katalon.core.main.TestCaseExecutor.processExecutionPhase(TestCaseExecutor.java:364)
	at com.kms.katalon.core.main.TestCaseExecutor.accessMainPhase(TestCaseExecutor.java:356)
	at com.kms.katalon.core.main.TestCaseExecutor.execute(TestCaseExecutor.java:251)
	at com.kms.katalon.core.main.TestSuiteExecutor.accessTestCaseMainPhase(TestSuiteExecutor.java:203)
	at com.kms.katalon.core.main.TestSuiteExecutor.accessTestSuiteMainPhase(TestSuiteExecutor.java:152)
	at com.kms.katalon.core.main.TestSuiteExecutor.execute(TestSuiteExecutor.java:95)
	at com.kms.katalon.core.main.TestCaseMain.startTestSuite(TestCaseMain.java:157)
	at com.kms.katalon.core.main.TestCaseMain$startTestSuite$0.call(Unknown Source)
	at TempTestSuite1613733199540.run(TempTestSuite1613733199540.groovy:39)
Caused by: org.openqa.selenium.SessionNotCreatedException: session not created
from chrome not reachable
  (Session info: chrome=86.0.4240.75)
Build info: version: '3.141.59', revision: 'e82be7d358', time: '2018-11-14T08:25:53'
System info: host: 'OMTPGCN1132568L', ip: '192.168.1.1', os.name: 'Windows 10', os.arch: 'amd64', os.version: '10.0', java.version: '1.8.0_181'
Driver info: driver.version: CChromeDriver
remote stacktrace: Backtrace:
	Ordinal0 [0x00A8C013+3194899]
	Ordinal0 [0x00976021+2056225]
	Ordinal0 [0x0080F4B0+586928]
	Ordinal0 [0x00805894+546964]
	Ordinal0 [0x00805F2C+548652]
	Ordinal0 [0x00807175+553333]
	Ordinal0 [0x0080241E+533534]
	Ordinal0 [0x00810620+591392]
	Ordinal0 [0x007B2A0C+207372]
	Ordinal0 [0x007B1D0D+204045]
	Ordinal0 [0x007AFC1B+195611]
	Ordinal0 [0x00793B7F+80767]
	Ordinal0 [0x00794B4E+84814]
	Ordinal0 [0x00794AD9+84697]
	Ordinal0 [0x0098CE64+2149988]
	GetHandleVerifier [0x00BFBE95+1400773]
	GetHandleVerifier [0x00BFBB61+1399953]
	GetHandleVerifier [0x00C031FA+1430314]
	GetHandleVerifier [0x00BFC69F+1402831]
	Ordinal0 [0x00983D61+2112865]
	Ordinal0 [0x0098E5CB+2155979]
	Ordinal0 [0x0098E6F5+2156277]
	Ordinal0 [0x0099F26E+2224750]
	BaseThreadInitThunk [0x77026359+25]
	RtlGetAppContainerNamedObjectPath [0x77BD8944+228]
	RtlGetAppContainerNamedObjectPath [0x77BD8914+180]

	at org.openqa.selenium.remote.W3CHandshakeResponse.lambda$errorHandler$0(W3CHandshakeResponse.java:62)
	at org.openqa.selenium.remote.HandshakeResponse.lambda$getResponseFunction$0(HandshakeResponse.java:30)
	at org.openqa.selenium.remote.ProtocolHandshake.lambda$createSession$0(ProtocolHandshake.java:126)
	at org.openqa.selenium.remote.ProtocolHandshake.createSession(ProtocolHandshake.java:128)
	at org.openqa.selenium.remote.ProtocolHandshake.createSession(ProtocolHandshake.java:74)
	at org.openqa.selenium.remote.HttpCommandExecutor.execute(HttpCommandExecutor.java:136)
	at org.openqa.selenium.remote.service.DriverCommandExecutor.execute(DriverCommandExecutor.java:83)
	at org.openqa.selenium.remote.RemoteWebDriver.execute(RemoteWebDriver.java:552)
	at com.kms.katalon.selenium.driver.CChromeDriver.execute(CChromeDriver.java:19)
	at org.openqa.selenium.remote.RemoteWebDriver.startSession(RemoteWebDriver.java:213)
	at org.openqa.selenium.remote.RemoteWebDriver.<init>(RemoteWebDriver.java:131)
	at org.openqa.selenium.chrome.ChromeDriver.<init>(ChromeDriver.java:181)
	at org.openqa.selenium.chrome.ChromeDriver.<init>(ChromeDriver.java:147)
	at com.kms.katalon.selenium.driver.CChromeDriver.<init>(CChromeDriver.java:13)
	at com.kms.katalon.core.webui.driver.DriverFactory.createNewChromeDriver(DriverFactory.java:400)
	at com.kms.katalon.core.webui.driver.DriverFactory.startNewBrowser(DriverFactory.java:358)
	at com.kms.katalon.core.webui.driver.DriverFactory.openWebDriver(DriverFactory.java:245)
	at com.kms.katalon.core.webui.keyword.builtin.OpenBrowserKeyword$_openBrowser_closure1.doCall(OpenBrowserKeyword.groovy:74)
	at com.kms.katalon.core.webui.keyword.builtin.OpenBrowserKeyword$_openBrowser_closure1.call(OpenBrowserKeyword.groovy)
	at com.kms.katalon.core.webui.keyword.internal.WebUIKeywordMain.runKeyword(WebUIKeywordMain.groovy:20)
	at com.kms.katalon.core.webui.keyword.builtin.OpenBrowserKeyword.openBrowser(OpenBrowserKeyword.groovy:81)
	at com.kms.katalon.core.webui.keyword.builtin.OpenBrowserKeyword.execute(OpenBrowserKeyword.groovy:67)
	at com.kms.katalon.core.keyword.internal.KeywordExecutor.executeKeywordForPlatform(KeywordExecutor.groovy:73)
	at com.kms.katalon.core.webui.keyword.WebUiBuiltInKeywords.openBrowser(WebUiBuiltInKeywords.groovy:61)
	at com.kms.katalon.core.webui.keyword.WebUiBuiltInKeywords$openBrowser.call(Unknown Source)
	at customKeywords.commanFunctions.openBrowser(commanFunctions.groovy:47)
	at customKeywords.commanFunctions.uploadFileOfRegisterUser(commanFunctions.groovy:747)
	at customKeywords.commanFunctions.invokeMethod(commanFunctions.groovy)
	at com.kms.katalon.core.main.CustomKeywordDelegatingMetaClass.invokeStaticMethod(CustomKeywordDelegatingMetaClass.java:50)
	at Script1613387341625.run(Script1613387341625.groovy:16)
	... 13 more
)

2021-02-19 16:46:58 - [MESSAGE][FAILED] - Unable to open browser with url: 'https://Inspect.Stage.site.sa'

2021-02-19 16:46:58 - [TEST_STEP][PASSED] - Start tear down : tearDownMethodIfFailed: Method 'tearDownMethodIfFailed' complete successfully

2021-02-19 16:46:58 - [TEST_STEP][PASSED] - customKeywords.commanFunctions.onlyCloseBrowser(): customKeywords.commanFunctions.onlyCloseBrowser is PASSED

2021-02-19 16:46:58 - [MESSAGE][PASSED] - Browser is closed

2021-02-19 16:46:58 - [MESSAGE][PASSED] - customKeywords.commanFunctions.onlyCloseBrowser is PASSED

2021-02-19 16:46:58 - [TEST_STEP][PASSED] - logInfo("[--------This is tearDownIfFailed method------]"): [--------This is tearDownIfFailed method------]

2021-02-19 16:46:58 - [MESSAGE][INFO] - [--------This is tearDownIfFailed method------]

2021-02-19 16:46:58 - [MESSAGE][PASSED] - Method 'tearDownMethodIfFailed' complete successfully]]></system-out>
         <system-err><![CDATA[2021-02-19 16:46:45 - [TEST_CASE][FAILED] - Test Cases/UploadDiffFiles_RegisterUser/TC_As a register user, Upload MS Works File and verify Uploded file in Submission Page: Test Cases/UploadDiffFiles_RegisterUser/TC_As a register user, Upload MS Works File and verify Uploded file in Submission Page FAILED.
Reason:
com.kms.katalon.core.exception.StepFailedException: Unable to open browser with url: 'https://Inspect.Stage.site.sa'
	at com.kms.katalon.core.webui.keyword.internal.WebUIKeywordMain.stepFailed(WebUIKeywordMain.groovy:64)
	at com.kms.katalon.core.webui.keyword.internal.WebUIKeywordMain.runKeyword(WebUIKeywordMain.groovy:26)
	at com.kms.katalon.core.webui.keyword.builtin.OpenBrowserKeyword.openBrowser(OpenBrowserKeyword.groovy:81)
	at com.kms.katalon.core.webui.keyword.builtin.OpenBrowserKeyword.execute(OpenBrowserKeyword.groovy:67)
	at com.kms.katalon.core.keyword.internal.KeywordExecutor.executeKeywordForPlatform(KeywordExecutor.groovy:73)
	at com.kms.katalon.core.webui.keyword.WebUiBuiltInKeywords.openBrowser(WebUiBuiltInKeywords.groovy:61)
	at com.kms.katalon.core.webui.keyword.WebUiBuiltInKeywords$openBrowser.call(Unknown Source)
	at customKeywords.commanFunctions.openBrowser(commanFunctions.groovy:47)
	at customKeywords.commanFunctions.uploadFileOfRegisterUser(commanFunctions.groovy:747)
	at customKeywords.commanFunctions.invokeMethod(commanFunctions.groovy)
	at com.kms.katalon.core.main.CustomKeywordDelegatingMetaClass.invokeStaticMethod(CustomKeywordDelegatingMetaClass.java:50)
	at TC_As a register user, Upload MS Works File and verify Uploded file in Submission Page.run(TC_As a register user, Upload MS Works File and verify Uploded file in Submission Page:16)
	at com.kms.katalon.core.main.ScriptEngine.run(ScriptEngine.java:194)
	at com.kms.katalon.core.main.ScriptEngine.runScriptAsRawText(ScriptEngine.java:119)
	at com.kms.katalon.core.main.TestCaseExecutor.runScript(TestCaseExecutor.java:394)
	at com.kms.katalon.core.main.TestCaseExecutor.doExecute(TestCaseExecutor.java:385)
	at com.kms.katalon.core.main.TestCaseExecutor.processExecutionPhase(TestCaseExecutor.java:364)
	at com.kms.katalon.core.main.TestCaseExecutor.accessMainPhase(TestCaseExecutor.java:356)
	at com.kms.katalon.core.main.TestCaseExecutor.execute(TestCaseExecutor.java:251)
	at com.kms.katalon.core.main.TestSuiteExecutor.accessTestCaseMainPhase(TestSuiteExecutor.java:203)
	at com.kms.katalon.core.main.TestSuiteExecutor.accessTestSuiteMainPhase(TestSuiteExecutor.java:152)
	at com.kms.katalon.core.main.TestSuiteExecutor.execute(TestSuiteExecutor.java:95)
	at com.kms.katalon.core.main.TestCaseMain.startTestSuite(TestCaseMain.java:157)
	at com.kms.katalon.core.main.TestCaseMain$startTestSuite$0.call(Unknown Source)
	at TempTestSuite1613733199540.run(TempTestSuite1613733199540.groovy:39)
Caused by: org.openqa.selenium.SessionNotCreatedException: session not created
from chrome not reachable
  (Session info: chrome=86.0.4240.75)
Build info: version: '3.141.59', revision: 'e82be7d358', time: '2018-11-14T08:25:53'
System info: host: 'OMTPGCN1132568L', ip: '192.168.1.1', os.name: 'Windows 10', os.arch: 'amd64', os.version: '10.0', java.version: '1.8.0_181'
Driver info: driver.version: CChromeDriver
remote stacktrace: Backtrace:
	Ordinal0 [0x00A8C013+3194899]
	Ordinal0 [0x00976021+2056225]
	Ordinal0 [0x0080F4B0+586928]
	Ordinal0 [0x00805894+546964]
	Ordinal0 [0x00805F2C+548652]
	Ordinal0 [0x00807175+553333]
	Ordinal0 [0x0080241E+533534]
	Ordinal0 [0x00810620+591392]
	Ordinal0 [0x007B2A0C+207372]
	Ordinal0 [0x007B1D0D+204045]
	Ordinal0 [0x007AFC1B+195611]
	Ordinal0 [0x00793B7F+80767]
	Ordinal0 [0x00794B4E+84814]
	Ordinal0 [0x00794AD9+84697]
	Ordinal0 [0x0098CE64+2149988]
	GetHandleVerifier [0x00BFBE95+1400773]
	GetHandleVerifier [0x00BFBB61+1399953]
	GetHandleVerifier [0x00C031FA+1430314]
	GetHandleVerifier [0x00BFC69F+1402831]
	Ordinal0 [0x00983D61+2112865]
	Ordinal0 [0x0098E5CB+2155979]
	Ordinal0 [0x0098E6F5+2156277]
	Ordinal0 [0x0099F26E+2224750]
	BaseThreadInitThunk [0x77026359+25]
	RtlGetAppContainerNamedObjectPath [0x77BD8944+228]
	RtlGetAppContainerNamedObjectPath [0x77BD8914+180]

	at org.openqa.selenium.remote.W3CHandshakeResponse.lambda$errorHandler$0(W3CHandshakeResponse.java:62)
	at org.openqa.selenium.remote.HandshakeResponse.lambda$getResponseFunction$0(HandshakeResponse.java:30)
	at org.openqa.selenium.remote.ProtocolHandshake.lambda$createSession$0(ProtocolHandshake.java:126)
	at org.openqa.selenium.remote.ProtocolHandshake.createSession(ProtocolHandshake.java:128)
	at org.openqa.selenium.remote.ProtocolHandshake.createSession(ProtocolHandshake.java:74)
	at org.openqa.selenium.remote.HttpCommandExecutor.execute(HttpCommandExecutor.java:136)
	at org.openqa.selenium.remote.service.DriverCommandExecutor.execute(DriverCommandExecutor.java:83)
	at org.openqa.selenium.remote.RemoteWebDriver.execute(RemoteWebDriver.java:552)
	at com.kms.katalon.selenium.driver.CChromeDriver.execute(CChromeDriver.java:19)
	at org.openqa.selenium.remote.RemoteWebDriver.startSession(RemoteWebDriver.java:213)
	at org.openqa.selenium.remote.RemoteWebDriver.<init>(RemoteWebDriver.java:131)
	at org.openqa.selenium.chrome.ChromeDriver.<init>(ChromeDriver.java:181)
	at org.openqa.selenium.chrome.ChromeDriver.<init>(ChromeDriver.java:147)
	at com.kms.katalon.selenium.driver.CChromeDriver.<init>(CChromeDriver.java:13)
	at com.kms.katalon.core.webui.driver.DriverFactory.createNewChromeDriver(DriverFactory.java:400)
	at com.kms.katalon.core.webui.driver.DriverFactory.startNewBrowser(DriverFactory.java:358)
	at com.kms.katalon.core.webui.driver.DriverFactory.openWebDriver(DriverFactory.java:245)
	at com.kms.katalon.core.webui.keyword.builtin.OpenBrowserKeyword$_openBrowser_closure1.doCall(OpenBrowserKeyword.groovy:74)
	at com.kms.katalon.core.webui.keyword.builtin.OpenBrowserKeyword$_openBrowser_closure1.call(OpenBrowserKeyword.groovy)
	at com.kms.katalon.core.webui.keyword.internal.WebUIKeywordMain.runKeyword(WebUIKeywordMain.groovy:20)
	... 23 more]]></system-err>
      </testcase>
      <testcase name="Test Cases/UploadDiffFiles_RegisterUser/TC_As a register user, Upload Multimedia File and verify Uploded file in Submission Page" time="6.458" classname="Test Cases/UploadDiffFiles_RegisterUser/TC_As a register user, Upload Multimedia File and verify Uploded file in Submission Page" status="FAILED">
         <failure type="FAILED" message="Test Cases/UploadDiffFiles_RegisterUser/TC_As a register user, Upload Multimedia File and verify Uploded file in Submission Page FAILED.
Reason:
com.kms.katalon.core.exception.StepFailedException: Unable to maximize current window
	at com.kms.katalon.core.webui.keyword.internal.WebUIKeywordMain.stepFailed(WebUIKeywordMain.groovy:64)
	at com.kms.katalon.core.webui.keyword.internal.WebUIKeywordMain.runKeyword(WebUIKeywordMain.groovy:26)
	at com.kms.katalon.core.webui.keyword.builtin.MaximizeWindowKeyword.maximizeWindow(MaximizeWindowKeyword.groovy:74)
	at com.kms.katalon.core.webui.keyword.builtin.MaximizeWindowKeyword.execute(MaximizeWindowKeyword.groovy:69)
	at com.kms.katalon.core.keyword.internal.KeywordExecutor.executeKeywordForPlatform(KeywordExecutor.groovy:73)
	at com.kms.katalon.core.webui.keyword.WebUiBuiltInKeywords.maximizeWindow(WebUiBuiltInKeywords.groovy:280)
	at com.kms.katalon.core.webui.keyword.WebUiBuiltInKeywords$maximizeWindow$0.call(Unknown Source)
	at customKeywords.commanFunctions.openBrowser(commanFunctions.groovy:48)
	at customKeywords.commanFunctions.uploadFileOfRegisterUser(commanFunctions.groovy:747)
	at customKeywords.commanFunctions.invokeMethod(commanFunctions.groovy)
	at com.kms.katalon.core.main.CustomKeywordDelegatingMetaClass.invokeStaticMethod(CustomKeywordDelegatingMetaClass.java:50)
	at TC_As a register user, Upload Multimedia File and verify Uploded file in Submission Page.run(TC_As a register user, Upload Multimedia File and verify Uploded file in Submission Page:16)
	at com.kms.katalon.core.main.ScriptEngine.run(ScriptEngine.java:194)
	at com.kms.katalon.core.main.ScriptEngine.runScriptAsRawText(ScriptEngine.java:119)
	at com.kms.katalon.core.main.TestCaseExecutor.runScript(TestCaseExecutor.java:394)
	at com.kms.katalon.core.main.TestCaseExecutor.doExecute(TestCaseExecutor.java:385)
	at com.kms.katalon.core.main.TestCaseExecutor.processExecutionPhase(TestCaseExecutor.java:364)
	at com.kms.katalon.core.main.TestCaseExecutor.accessMainPhase(TestCaseExecutor.java:356)
	at com.kms.katalon.core.main.TestCaseExecutor.execute(TestCaseExecutor.java:251)
	at com.kms.katalon.core.main.TestSuiteExecutor.accessTestCaseMainPhase(TestSuiteExecutor.java:203)
	at com.kms.katalon.core.main.TestSuiteExecutor.accessTestSuiteMainPhase(TestSuiteExecutor.java:152)
	at com.kms.katalon.core.main.TestSuiteExecutor.execute(TestSuiteExecutor.java:95)
	at com.kms.katalon.core.main.TestCaseMain.startTestSuite(TestCaseMain.java:157)
	at com.kms.katalon.core.main.TestCaseMain$startTestSuite$0.call(Unknown Source)
	at TempTestSuite1613733199540.run(TempTestSuite1613733199540.groovy:39)
Caused by: org.openqa.selenium.NoSuchWindowException: no such window: target window already closed
from unknown error: web view not found
  (Session info: chrome=86.0.4240.75)
Build info: version: '3.141.59', revision: 'e82be7d358', time: '2018-11-14T08:25:53'
System info: host: 'OMTPGCN1132568L', ip: '192.168.1.1', os.name: 'Windows 10', os.arch: 'amd64', os.version: '10.0', java.version: '1.8.0_181'
Driver info: com.kms.katalon.selenium.driver.CChromeDriver
Capabilities {acceptInsecureCerts: false, browserName: chrome, browserVersion: 86.0.4240.75, chrome: {chromedriverVersion: 86.0.4240.22 (398b0743353ff..., userDataDir: C:\Users\ashok\AppData\Loca...}, goog:chromeOptions: {debuggerAddress: localhost:50921}, javascriptEnabled: true, networkConnectionEnabled: false, pageLoadStrategy: normal, platform: WINDOWS, platformName: WINDOWS, proxy: Proxy(), setWindowRect: true, strictFileInteractability: false, timeouts: {implicit: 0, pageLoad: 300000, script: 30000}, unhandledPromptBehavior: dismiss and notify, webauthn:virtualAuthenticators: true}
Session ID: c4e80f37ed1341c858026bcbd653db6c
	at org.openqa.selenium.remote.http.W3CHttpResponseCodec.createException(W3CHttpResponseCodec.java:187)
	at org.openqa.selenium.remote.http.W3CHttpResponseCodec.decode(W3CHttpResponseCodec.java:122)
	at org.openqa.selenium.remote.http.W3CHttpResponseCodec.decode(W3CHttpResponseCodec.java:49)
	at org.openqa.selenium.remote.HttpCommandExecutor.execute(HttpCommandExecutor.java:158)
	at org.openqa.selenium.remote.service.DriverCommandExecutor.execute(DriverCommandExecutor.java:83)
	at org.openqa.selenium.remote.RemoteWebDriver.execute(RemoteWebDriver.java:552)
	at com.kms.katalon.selenium.driver.CChromeDriver.execute(CChromeDriver.java:19)
	at org.openqa.selenium.remote.RemoteWebDriver.execute(RemoteWebDriver.java:609)
	at org.openqa.selenium.remote.RemoteWebDriver$RemoteWebDriverOptions$RemoteWindow.maximize(RemoteWebDriver.java:837)
	at org.openqa.selenium.support.events.EventFiringWebDriver$EventFiringWindow.maximize(EventFiringWebDriver.java:769)
	at com.kms.katalon.core.webui.keyword.builtin.MaximizeWindowKeyword$_maximizeWindow_closure1.doCall(MaximizeWindowKeyword.groovy:85)
	at com.kms.katalon.core.webui.keyword.builtin.MaximizeWindowKeyword$_maximizeWindow_closure1.call(MaximizeWindowKeyword.groovy)
	at com.kms.katalon.core.webui.keyword.internal.WebUIKeywordMain.runKeyword(WebUIKeywordMain.groovy:20)
	... 23 more
"/>
         <system-out><![CDATA[2021-02-19 16:46:58 - [TEST_CASE][FAILED] - Test Cases/UploadDiffFiles_RegisterUser/TC_As a register user, Upload Multimedia File and verify Uploded file in Submission Page: Test Cases/UploadDiffFiles_RegisterUser/TC_As a register user, Upload Multimedia File and verify Uploded file in Submission Page FAILED.
Reason:
com.kms.katalon.core.exception.StepFailedException: Unable to maximize current window
	at com.kms.katalon.core.webui.keyword.internal.WebUIKeywordMain.stepFailed(WebUIKeywordMain.groovy:64)
	at com.kms.katalon.core.webui.keyword.internal.WebUIKeywordMain.runKeyword(WebUIKeywordMain.groovy:26)
	at com.kms.katalon.core.webui.keyword.builtin.MaximizeWindowKeyword.maximizeWindow(MaximizeWindowKeyword.groovy:74)
	at com.kms.katalon.core.webui.keyword.builtin.MaximizeWindowKeyword.execute(MaximizeWindowKeyword.groovy:69)
	at com.kms.katalon.core.keyword.internal.KeywordExecutor.executeKeywordForPlatform(KeywordExecutor.groovy:73)
	at com.kms.katalon.core.webui.keyword.WebUiBuiltInKeywords.maximizeWindow(WebUiBuiltInKeywords.groovy:280)
	at com.kms.katalon.core.webui.keyword.WebUiBuiltInKeywords$maximizeWindow$0.call(Unknown Source)
	at customKeywords.commanFunctions.openBrowser(commanFunctions.groovy:48)
	at customKeywords.commanFunctions.uploadFileOfRegisterUser(commanFunctions.groovy:747)
	at customKeywords.commanFunctions.invokeMethod(commanFunctions.groovy)
	at com.kms.katalon.core.main.CustomKeywordDelegatingMetaClass.invokeStaticMethod(CustomKeywordDelegatingMetaClass.java:50)
	at TC_As a register user, Upload Multimedia File and verify Uploded file in Submission Page.run(TC_As a register user, Upload Multimedia File and verify Uploded file in Submission Page:16)
	at com.kms.katalon.core.main.ScriptEngine.run(ScriptEngine.java:194)
	at com.kms.katalon.core.main.ScriptEngine.runScriptAsRawText(ScriptEngine.java:119)
	at com.kms.katalon.core.main.TestCaseExecutor.runScript(TestCaseExecutor.java:394)
	at com.kms.katalon.core.main.TestCaseExecutor.doExecute(TestCaseExecutor.java:385)
	at com.kms.katalon.core.main.TestCaseExecutor.processExecutionPhase(TestCaseExecutor.java:364)
	at com.kms.katalon.core.main.TestCaseExecutor.accessMainPhase(TestCaseExecutor.java:356)
	at com.kms.katalon.core.main.TestCaseExecutor.execute(TestCaseExecutor.java:251)
	at com.kms.katalon.core.main.TestSuiteExecutor.accessTestCaseMainPhase(TestSuiteExecutor.java:203)
	at com.kms.katalon.core.main.TestSuiteExecutor.accessTestSuiteMainPhase(TestSuiteExecutor.java:152)
	at com.kms.katalon.core.main.TestSuiteExecutor.execute(TestSuiteExecutor.java:95)
	at com.kms.katalon.core.main.TestCaseMain.startTestSuite(TestCaseMain.java:157)
	at com.kms.katalon.core.main.TestCaseMain$startTestSuite$0.call(Unknown Source)
	at TempTestSuite1613733199540.run(TempTestSuite1613733199540.groovy:39)
Caused by: org.openqa.selenium.NoSuchWindowException: no such window: target window already closed
from unknown error: web view not found
  (Session info: chrome=86.0.4240.75)
Build info: version: '3.141.59', revision: 'e82be7d358', time: '2018-11-14T08:25:53'
System info: host: 'OMTPGCN1132568L', ip: '192.168.1.1', os.name: 'Windows 10', os.arch: 'amd64', os.version: '10.0', java.version: '1.8.0_181'
Driver info: com.kms.katalon.selenium.driver.CChromeDriver
Capabilities {acceptInsecureCerts: false, browserName: chrome, browserVersion: 86.0.4240.75, chrome: {chromedriverVersion: 86.0.4240.22 (398b0743353ff..., userDataDir: C:\Users\ashok\AppData\Loca...}, goog:chromeOptions: {debuggerAddress: localhost:50921}, javascriptEnabled: true, networkConnectionEnabled: false, pageLoadStrategy: normal, platform: WINDOWS, platformName: WINDOWS, proxy: Proxy(), setWindowRect: true, strictFileInteractability: false, timeouts: {implicit: 0, pageLoad: 300000, script: 30000}, unhandledPromptBehavior: dismiss and notify, webauthn:virtualAuthenticators: true}
Session ID: c4e80f37ed1341c858026bcbd653db6c
	at org.openqa.selenium.remote.http.W3CHttpResponseCodec.createException(W3CHttpResponseCodec.java:187)
	at org.openqa.selenium.remote.http.W3CHttpResponseCodec.decode(W3CHttpResponseCodec.java:122)
	at org.openqa.selenium.remote.http.W3CHttpResponseCodec.decode(W3CHttpResponseCodec.java:49)
	at org.openqa.selenium.remote.HttpCommandExecutor.execute(HttpCommandExecutor.java:158)
	at org.openqa.selenium.remote.service.DriverCommandExecutor.execute(DriverCommandExecutor.java:83)
	at org.openqa.selenium.remote.RemoteWebDriver.execute(RemoteWebDriver.java:552)
	at com.kms.katalon.selenium.driver.CChromeDriver.execute(CChromeDriver.java:19)
	at org.openqa.selenium.remote.RemoteWebDriver.execute(RemoteWebDriver.java:609)
	at org.openqa.selenium.remote.RemoteWebDriver$RemoteWebDriverOptions$RemoteWindow.maximize(RemoteWebDriver.java:837)
	at org.openqa.selenium.support.events.EventFiringWebDriver$EventFiringWindow.maximize(EventFiringWebDriver.java:769)
	at com.kms.katalon.core.webui.keyword.builtin.MaximizeWindowKeyword$_maximizeWindow_closure1.doCall(MaximizeWindowKeyword.groovy:85)
	at com.kms.katalon.core.webui.keyword.builtin.MaximizeWindowKeyword$_maximizeWindow_closure1.call(MaximizeWindowKeyword.groovy)
	at com.kms.katalon.core.webui.keyword.internal.WebUIKeywordMain.runKeyword(WebUIKeywordMain.groovy:20)
	... 23 more


2021-02-19 16:46:58 - [TEST_STEP][PASSED] - excelTestData = findTestData("Data Files/TestData/InspectTestData"): null

2021-02-19 16:46:58 - [TEST_STEP][PASSED] - rigisterUN = excelTestData.getValue(2, 23): null

2021-02-19 16:46:58 - [TEST_STEP][PASSED] - rigisterPW = excelTestData.getValue(3, 23): null

2021-02-19 16:46:58 - [TEST_STEP][FAILED] - customKeywords.commanFunctions.uploadFileOfRegisterUser(280, rigisterUN, rigisterPW): Unable to maximize current window

2021-02-19 16:46:59 - [MESSAGE][INFO] - Starting 'Chrome' driver

2021-02-19 16:46:59 - [MESSAGE][INFO] - Action delay is set to 0 milliseconds

2021-02-19 16:47:04 - [MESSAGE][PASSED] - Browser is opened with url: 'https://Inspect.Stage.site.sa'

2021-02-19 16:47:04 - [MESSAGE][WARNING] - Cannot take screenshot

2021-02-19 16:47:04 - [MESSAGE][FAILED] - Unable to maximize current window (Root cause: com.kms.katalon.core.exception.StepFailedException: Unable to maximize current window
	at com.kms.katalon.core.webui.keyword.internal.WebUIKeywordMain.stepFailed(WebUIKeywordMain.groovy:64)
	at com.kms.katalon.core.webui.keyword.internal.WebUIKeywordMain.runKeyword(WebUIKeywordMain.groovy:26)
	at com.kms.katalon.core.webui.keyword.builtin.MaximizeWindowKeyword.maximizeWindow(MaximizeWindowKeyword.groovy:74)
	at com.kms.katalon.core.webui.keyword.builtin.MaximizeWindowKeyword.execute(MaximizeWindowKeyword.groovy:69)
	at com.kms.katalon.core.keyword.internal.KeywordExecutor.executeKeywordForPlatform(KeywordExecutor.groovy:73)
	at com.kms.katalon.core.webui.keyword.WebUiBuiltInKeywords.maximizeWindow(WebUiBuiltInKeywords.groovy:280)
	at com.kms.katalon.core.webui.keyword.WebUiBuiltInKeywords$maximizeWindow$0.call(Unknown Source)
	at customKeywords.commanFunctions.openBrowser(commanFunctions.groovy:48)
	at customKeywords.commanFunctions.uploadFileOfRegisterUser(commanFunctions.groovy:747)
	at customKeywords.commanFunctions.invokeMethod(commanFunctions.groovy)
	at com.kms.katalon.core.main.CustomKeywordDelegatingMetaClass.invokeStaticMethod(CustomKeywordDelegatingMetaClass.java:50)
	at TC_As a register user, Upload Multimedia File and verify Uploded file in Submission Page.run(TC_As a register user, Upload Multimedia File and verify Uploded file in Submission Page:16)
	at com.kms.katalon.core.main.ScriptEngine.run(ScriptEngine.java:194)
	at com.kms.katalon.core.main.ScriptEngine.runScriptAsRawText(ScriptEngine.java:119)
	at com.kms.katalon.core.main.TestCaseExecutor.runScript(TestCaseExecutor.java:394)
	at com.kms.katalon.core.main.TestCaseExecutor.doExecute(TestCaseExecutor.java:385)
	at com.kms.katalon.core.main.TestCaseExecutor.processExecutionPhase(TestCaseExecutor.java:364)
	at com.kms.katalon.core.main.TestCaseExecutor.accessMainPhase(TestCaseExecutor.java:356)
	at com.kms.katalon.core.main.TestCaseExecutor.execute(TestCaseExecutor.java:251)
	at com.kms.katalon.core.main.TestSuiteExecutor.accessTestCaseMainPhase(TestSuiteExecutor.java:203)
	at com.kms.katalon.core.main.TestSuiteExecutor.accessTestSuiteMainPhase(TestSuiteExecutor.java:152)
	at com.kms.katalon.core.main.TestSuiteExecutor.execute(TestSuiteExecutor.java:95)
	at com.kms.katalon.core.main.TestCaseMain.startTestSuite(TestCaseMain.java:157)
	at com.kms.katalon.core.main.TestCaseMain$startTestSuite$0.call(Unknown Source)
	at TempTestSuite1613733199540.run(TempTestSuite1613733199540.groovy:39)
Caused by: org.openqa.selenium.NoSuchWindowException: no such window: target window already closed
from unknown error: web view not found
  (Session info: chrome=86.0.4240.75)
Build info: version: '3.141.59', revision: 'e82be7d358', time: '2018-11-14T08:25:53'
System info: host: 'OMTPGCN1132568L', ip: '192.168.1.1', os.name: 'Windows 10', os.arch: 'amd64', os.version: '10.0', java.version: '1.8.0_181'
Driver info: com.kms.katalon.selenium.driver.CChromeDriver
Capabilities {acceptInsecureCerts: false, browserName: chrome, browserVersion: 86.0.4240.75, chrome: {chromedriverVersion: 86.0.4240.22 (398b0743353ff..., userDataDir: C:\Users\ashok\AppData\Loca...}, goog:chromeOptions: {debuggerAddress: localhost:50921}, javascriptEnabled: true, networkConnectionEnabled: false, pageLoadStrategy: normal, platform: WINDOWS, platformName: WINDOWS, proxy: Proxy(), setWindowRect: true, strictFileInteractability: false, timeouts: {implicit: 0, pageLoad: 300000, script: 30000}, unhandledPromptBehavior: dismiss and notify, webauthn:virtualAuthenticators: true}
Session ID: c4e80f37ed1341c858026bcbd653db6c
	at org.openqa.selenium.remote.http.W3CHttpResponseCodec.createException(W3CHttpResponseCodec.java:187)
	at org.openqa.selenium.remote.http.W3CHttpResponseCodec.decode(W3CHttpResponseCodec.java:122)
	at org.openqa.selenium.remote.http.W3CHttpResponseCodec.decode(W3CHttpResponseCodec.java:49)
	at org.openqa.selenium.remote.HttpCommandExecutor.execute(HttpCommandExecutor.java:158)
	at org.openqa.selenium.remote.service.DriverCommandExecutor.execute(DriverCommandExecutor.java:83)
	at org.openqa.selenium.remote.RemoteWebDriver.execute(RemoteWebDriver.java:552)
	at com.kms.katalon.selenium.driver.CChromeDriver.execute(CChromeDriver.java:19)
	at org.openqa.selenium.remote.RemoteWebDriver.execute(RemoteWebDriver.java:609)
	at org.openqa.selenium.remote.RemoteWebDriver$RemoteWebDriverOptions$RemoteWindow.maximize(RemoteWebDriver.java:837)
	at org.openqa.selenium.support.events.EventFiringWebDriver$EventFiringWindow.maximize(EventFiringWebDriver.java:769)
	at com.kms.katalon.core.webui.keyword.builtin.MaximizeWindowKeyword$_maximizeWindow_closure1.doCall(MaximizeWindowKeyword.groovy:85)
	at com.kms.katalon.core.webui.keyword.builtin.MaximizeWindowKeyword$_maximizeWindow_closure1.call(MaximizeWindowKeyword.groovy)
	at com.kms.katalon.core.webui.keyword.internal.WebUIKeywordMain.runKeyword(WebUIKeywordMain.groovy:20)
	at com.kms.katalon.core.webui.keyword.builtin.MaximizeWindowKeyword.maximizeWindow(MaximizeWindowKeyword.groovy:74)
	at com.kms.katalon.core.webui.keyword.builtin.MaximizeWindowKeyword.execute(MaximizeWindowKeyword.groovy:69)
	at com.kms.katalon.core.keyword.internal.KeywordExecutor.executeKeywordForPlatform(KeywordExecutor.groovy:73)
	at com.kms.katalon.core.webui.keyword.WebUiBuiltInKeywords.maximizeWindow(WebUiBuiltInKeywords.groovy:280)
	at com.kms.katalon.core.webui.keyword.WebUiBuiltInKeywords$maximizeWindow$0.call(Unknown Source)
	at customKeywords.commanFunctions.openBrowser(commanFunctions.groovy:48)
	at customKeywords.commanFunctions.uploadFileOfRegisterUser(commanFunctions.groovy:747)
	at customKeywords.commanFunctions.invokeMethod(commanFunctions.groovy)
	at com.kms.katalon.core.main.CustomKeywordDelegatingMetaClass.invokeStaticMethod(CustomKeywordDelegatingMetaClass.java:50)
	at Script1613387756286.run(Script1613387756286.groovy:16)
	... 13 more
)

2021-02-19 16:47:04 - [MESSAGE][FAILED] - Unable to maximize current window

2021-02-19 16:47:04 - [TEST_STEP][PASSED] - Start tear down : tearDownMethodIfFailed: Method 'tearDownMethodIfFailed' complete successfully

2021-02-19 16:47:04 - [TEST_STEP][PASSED] - customKeywords.commanFunctions.onlyCloseBrowser(): customKeywords.commanFunctions.onlyCloseBrowser is PASSED

2021-02-19 16:47:05 - [MESSAGE][PASSED] - Browser is closed

2021-02-19 16:47:05 - [MESSAGE][PASSED] - customKeywords.commanFunctions.onlyCloseBrowser is PASSED

2021-02-19 16:47:05 - [TEST_STEP][PASSED] - logInfo("[--------This is tearDownIfFailed method------]"): [--------This is tearDownIfFailed method------]

2021-02-19 16:47:05 - [MESSAGE][INFO] - [--------This is tearDownIfFailed method------]

2021-02-19 16:47:05 - [MESSAGE][PASSED] - Method 'tearDownMethodIfFailed' complete successfully]]></system-out>
         <system-err><![CDATA[2021-02-19 16:46:58 - [TEST_CASE][FAILED] - Test Cases/UploadDiffFiles_RegisterUser/TC_As a register user, Upload Multimedia File and verify Uploded file in Submission Page: Test Cases/UploadDiffFiles_RegisterUser/TC_As a register user, Upload Multimedia File and verify Uploded file in Submission Page FAILED.
Reason:
com.kms.katalon.core.exception.StepFailedException: Unable to maximize current window
	at com.kms.katalon.core.webui.keyword.internal.WebUIKeywordMain.stepFailed(WebUIKeywordMain.groovy:64)
	at com.kms.katalon.core.webui.keyword.internal.WebUIKeywordMain.runKeyword(WebUIKeywordMain.groovy:26)
	at com.kms.katalon.core.webui.keyword.builtin.MaximizeWindowKeyword.maximizeWindow(MaximizeWindowKeyword.groovy:74)
	at com.kms.katalon.core.webui.keyword.builtin.MaximizeWindowKeyword.execute(MaximizeWindowKeyword.groovy:69)
	at com.kms.katalon.core.keyword.internal.KeywordExecutor.executeKeywordForPlatform(KeywordExecutor.groovy:73)
	at com.kms.katalon.core.webui.keyword.WebUiBuiltInKeywords.maximizeWindow(WebUiBuiltInKeywords.groovy:280)
	at com.kms.katalon.core.webui.keyword.WebUiBuiltInKeywords$maximizeWindow$0.call(Unknown Source)
	at customKeywords.commanFunctions.openBrowser(commanFunctions.groovy:48)
	at customKeywords.commanFunctions.uploadFileOfRegisterUser(commanFunctions.groovy:747)
	at customKeywords.commanFunctions.invokeMethod(commanFunctions.groovy)
	at com.kms.katalon.core.main.CustomKeywordDelegatingMetaClass.invokeStaticMethod(CustomKeywordDelegatingMetaClass.java:50)
	at TC_As a register user, Upload Multimedia File and verify Uploded file in Submission Page.run(TC_As a register user, Upload Multimedia File and verify Uploded file in Submission Page:16)
	at com.kms.katalon.core.main.ScriptEngine.run(ScriptEngine.java:194)
	at com.kms.katalon.core.main.ScriptEngine.runScriptAsRawText(ScriptEngine.java:119)
	at com.kms.katalon.core.main.TestCaseExecutor.runScript(TestCaseExecutor.java:394)
	at com.kms.katalon.core.main.TestCaseExecutor.doExecute(TestCaseExecutor.java:385)
	at com.kms.katalon.core.main.TestCaseExecutor.processExecutionPhase(TestCaseExecutor.java:364)
	at com.kms.katalon.core.main.TestCaseExecutor.accessMainPhase(TestCaseExecutor.java:356)
	at com.kms.katalon.core.main.TestCaseExecutor.execute(TestCaseExecutor.java:251)
	at com.kms.katalon.core.main.TestSuiteExecutor.accessTestCaseMainPhase(TestSuiteExecutor.java:203)
	at com.kms.katalon.core.main.TestSuiteExecutor.accessTestSuiteMainPhase(TestSuiteExecutor.java:152)
	at com.kms.katalon.core.main.TestSuiteExecutor.execute(TestSuiteExecutor.java:95)
	at com.kms.katalon.core.main.TestCaseMain.startTestSuite(TestCaseMain.java:157)
	at com.kms.katalon.core.main.TestCaseMain$startTestSuite$0.call(Unknown Source)
	at TempTestSuite1613733199540.run(TempTestSuite1613733199540.groovy:39)
Caused by: org.openqa.selenium.NoSuchWindowException: no such window: target window already closed
from unknown error: web view not found
  (Session info: chrome=86.0.4240.75)
Build info: version: '3.141.59', revision: 'e82be7d358', time: '2018-11-14T08:25:53'
System info: host: 'OMTPGCN1132568L', ip: '192.168.1.1', os.name: 'Windows 10', os.arch: 'amd64', os.version: '10.0', java.version: '1.8.0_181'
Driver info: com.kms.katalon.selenium.driver.CChromeDriver
Capabilities {acceptInsecureCerts: false, browserName: chrome, browserVersion: 86.0.4240.75, chrome: {chromedriverVersion: 86.0.4240.22 (398b0743353ff..., userDataDir: C:\Users\ashok\AppData\Loca...}, goog:chromeOptions: {debuggerAddress: localhost:50921}, javascriptEnabled: true, networkConnectionEnabled: false, pageLoadStrategy: normal, platform: WINDOWS, platformName: WINDOWS, proxy: Proxy(), setWindowRect: true, strictFileInteractability: false, timeouts: {implicit: 0, pageLoad: 300000, script: 30000}, unhandledPromptBehavior: dismiss and notify, webauthn:virtualAuthenticators: true}
Session ID: c4e80f37ed1341c858026bcbd653db6c
	at org.openqa.selenium.remote.http.W3CHttpResponseCodec.createException(W3CHttpResponseCodec.java:187)
	at org.openqa.selenium.remote.http.W3CHttpResponseCodec.decode(W3CHttpResponseCodec.java:122)
	at org.openqa.selenium.remote.http.W3CHttpResponseCodec.decode(W3CHttpResponseCodec.java:49)
	at org.openqa.selenium.remote.HttpCommandExecutor.execute(HttpCommandExecutor.java:158)
	at org.openqa.selenium.remote.service.DriverCommandExecutor.execute(DriverCommandExecutor.java:83)
	at org.openqa.selenium.remote.RemoteWebDriver.execute(RemoteWebDriver.java:552)
	at com.kms.katalon.selenium.driver.CChromeDriver.execute(CChromeDriver.java:19)
	at org.openqa.selenium.remote.RemoteWebDriver.execute(RemoteWebDriver.java:609)
	at org.openqa.selenium.remote.RemoteWebDriver$RemoteWebDriverOptions$RemoteWindow.maximize(RemoteWebDriver.java:837)
	at org.openqa.selenium.support.events.EventFiringWebDriver$EventFiringWindow.maximize(EventFiringWebDriver.java:769)
	at com.kms.katalon.core.webui.keyword.builtin.MaximizeWindowKeyword$_maximizeWindow_closure1.doCall(MaximizeWindowKeyword.groovy:85)
	at com.kms.katalon.core.webui.keyword.builtin.MaximizeWindowKeyword$_maximizeWindow_closure1.call(MaximizeWindowKeyword.groovy)
	at com.kms.katalon.core.webui.keyword.internal.WebUIKeywordMain.runKeyword(WebUIKeywordMain.groovy:20)
	... 23 more]]></system-err>
      </testcase>
      <testcase name="Test Cases/UploadDiffFiles_RegisterUser/TC_As a register user, Upload PaintShop Pro File and verify Uploded file in Submission Page" time="13.65" classname="Test Cases/UploadDiffFiles_RegisterUser/TC_As a register user, Upload PaintShop Pro File and verify Uploded file in Submission Page" status="FAILED">
         <failure type="FAILED" message="Test Cases/UploadDiffFiles_RegisterUser/TC_As a register user, Upload PaintShop Pro File and verify Uploded file in Submission Page FAILED.
Reason:
com.kms.katalon.core.exception.StepFailedException: Unable to open browser with url: 'https://Inspect.Stage.site.sa'
	at com.kms.katalon.core.webui.keyword.internal.WebUIKeywordMain.stepFailed(WebUIKeywordMain.groovy:64)
	at com.kms.katalon.core.webui.keyword.internal.WebUIKeywordMain.runKeyword(WebUIKeywordMain.groovy:26)
	at com.kms.katalon.core.webui.keyword.builtin.OpenBrowserKeyword.openBrowser(OpenBrowserKeyword.groovy:81)
	at com.kms.katalon.core.webui.keyword.builtin.OpenBrowserKeyword.execute(OpenBrowserKeyword.groovy:67)
	at com.kms.katalon.core.keyword.internal.KeywordExecutor.executeKeywordForPlatform(KeywordExecutor.groovy:73)
	at com.kms.katalon.core.webui.keyword.WebUiBuiltInKeywords.openBrowser(WebUiBuiltInKeywords.groovy:61)
	at com.kms.katalon.core.webui.keyword.WebUiBuiltInKeywords$openBrowser.call(Unknown Source)
	at customKeywords.commanFunctions.openBrowser(commanFunctions.groovy:47)
	at customKeywords.commanFunctions.uploadFileOfRegisterUser(commanFunctions.groovy:747)
	at customKeywords.commanFunctions.invokeMethod(commanFunctions.groovy)
	at com.kms.katalon.core.main.CustomKeywordDelegatingMetaClass.invokeStaticMethod(CustomKeywordDelegatingMetaClass.java:50)
	at TC_As a register user, Upload PaintShop Pro File and verify Uploded file in Submission Page.run(TC_As a register user, Upload PaintShop Pro File and verify Uploded file in Submission Page:16)
	at com.kms.katalon.core.main.ScriptEngine.run(ScriptEngine.java:194)
	at com.kms.katalon.core.main.ScriptEngine.runScriptAsRawText(ScriptEngine.java:119)
	at com.kms.katalon.core.main.TestCaseExecutor.runScript(TestCaseExecutor.java:394)
	at com.kms.katalon.core.main.TestCaseExecutor.doExecute(TestCaseExecutor.java:385)
	at com.kms.katalon.core.main.TestCaseExecutor.processExecutionPhase(TestCaseExecutor.java:364)
	at com.kms.katalon.core.main.TestCaseExecutor.accessMainPhase(TestCaseExecutor.java:356)
	at com.kms.katalon.core.main.TestCaseExecutor.execute(TestCaseExecutor.java:251)
	at com.kms.katalon.core.main.TestSuiteExecutor.accessTestCaseMainPhase(TestSuiteExecutor.java:203)
	at com.kms.katalon.core.main.TestSuiteExecutor.accessTestSuiteMainPhase(TestSuiteExecutor.java:152)
	at com.kms.katalon.core.main.TestSuiteExecutor.execute(TestSuiteExecutor.java:95)
	at com.kms.katalon.core.main.TestCaseMain.startTestSuite(TestCaseMain.java:157)
	at com.kms.katalon.core.main.TestCaseMain$startTestSuite$0.call(Unknown Source)
	at TempTestSuite1613733199540.run(TempTestSuite1613733199540.groovy:39)
Caused by: org.openqa.selenium.SessionNotCreatedException: session not created
from chrome not reachable
  (Session info: chrome=86.0.4240.75)
Build info: version: '3.141.59', revision: 'e82be7d358', time: '2018-11-14T08:25:53'
System info: host: 'OMTPGCN1132568L', ip: '192.168.1.1', os.name: 'Windows 10', os.arch: 'amd64', os.version: '10.0', java.version: '1.8.0_181'
Driver info: driver.version: CChromeDriver
remote stacktrace: Backtrace:
	Ordinal0 [0x00A8C013+3194899]
	Ordinal0 [0x00976021+2056225]
	Ordinal0 [0x0080F4B0+586928]
	Ordinal0 [0x00805894+546964]
	Ordinal0 [0x00805F2C+548652]
	Ordinal0 [0x00807175+553333]
	Ordinal0 [0x0080241E+533534]
	Ordinal0 [0x00810620+591392]
	Ordinal0 [0x007B2A0C+207372]
	Ordinal0 [0x007B1D0D+204045]
	Ordinal0 [0x007AFC1B+195611]
	Ordinal0 [0x00793B7F+80767]
	Ordinal0 [0x00794B4E+84814]
	Ordinal0 [0x00794AD9+84697]
	Ordinal0 [0x0098CE64+2149988]
	GetHandleVerifier [0x00BFBE95+1400773]
	GetHandleVerifier [0x00BFBB61+1399953]
	GetHandleVerifier [0x00C031FA+1430314]
	GetHandleVerifier [0x00BFC69F+1402831]
	Ordinal0 [0x00983D61+2112865]
	Ordinal0 [0x0098E5CB+2155979]
	Ordinal0 [0x0098E6F5+2156277]
	Ordinal0 [0x0099F26E+2224750]
	BaseThreadInitThunk [0x77026359+25]
	RtlGetAppContainerNamedObjectPath [0x77BD8944+228]
	RtlGetAppContainerNamedObjectPath [0x77BD8914+180]

	at org.openqa.selenium.remote.W3CHandshakeResponse.lambda$errorHandler$0(W3CHandshakeResponse.java:62)
	at org.openqa.selenium.remote.HandshakeResponse.lambda$getResponseFunction$0(HandshakeResponse.java:30)
	at org.openqa.selenium.remote.ProtocolHandshake.lambda$createSession$0(ProtocolHandshake.java:126)
	at org.openqa.selenium.remote.ProtocolHandshake.createSession(ProtocolHandshake.java:128)
	at org.openqa.selenium.remote.ProtocolHandshake.createSession(ProtocolHandshake.java:74)
	at org.openqa.selenium.remote.HttpCommandExecutor.execute(HttpCommandExecutor.java:136)
	at org.openqa.selenium.remote.service.DriverCommandExecutor.execute(DriverCommandExecutor.java:83)
	at org.openqa.selenium.remote.RemoteWebDriver.execute(RemoteWebDriver.java:552)
	at com.kms.katalon.selenium.driver.CChromeDriver.execute(CChromeDriver.java:19)
	at org.openqa.selenium.remote.RemoteWebDriver.startSession(RemoteWebDriver.java:213)
	at org.openqa.selenium.remote.RemoteWebDriver.&lt;init>(RemoteWebDriver.java:131)
	at org.openqa.selenium.chrome.ChromeDriver.&lt;init>(ChromeDriver.java:181)
	at org.openqa.selenium.chrome.ChromeDriver.&lt;init>(ChromeDriver.java:147)
	at com.kms.katalon.selenium.driver.CChromeDriver.&lt;init>(CChromeDriver.java:13)
	at com.kms.katalon.core.webui.driver.DriverFactory.createNewChromeDriver(DriverFactory.java:400)
	at com.kms.katalon.core.webui.driver.DriverFactory.startNewBrowser(DriverFactory.java:358)
	at com.kms.katalon.core.webui.driver.DriverFactory.openWebDriver(DriverFactory.java:245)
	at com.kms.katalon.core.webui.keyword.builtin.OpenBrowserKeyword$_openBrowser_closure1.doCall(OpenBrowserKeyword.groovy:74)
	at com.kms.katalon.core.webui.keyword.builtin.OpenBrowserKeyword$_openBrowser_closure1.call(OpenBrowserKeyword.groovy)
	at com.kms.katalon.core.webui.keyword.internal.WebUIKeywordMain.runKeyword(WebUIKeywordMain.groovy:20)
	... 23 more
"/>
         <system-out><![CDATA[2021-02-19 16:47:05 - [TEST_CASE][FAILED] - Test Cases/UploadDiffFiles_RegisterUser/TC_As a register user, Upload PaintShop Pro File and verify Uploded file in Submission Page: Test Cases/UploadDiffFiles_RegisterUser/TC_As a register user, Upload PaintShop Pro File and verify Uploded file in Submission Page FAILED.
Reason:
com.kms.katalon.core.exception.StepFailedException: Unable to open browser with url: 'https://Inspect.Stage.site.sa'
	at com.kms.katalon.core.webui.keyword.internal.WebUIKeywordMain.stepFailed(WebUIKeywordMain.groovy:64)
	at com.kms.katalon.core.webui.keyword.internal.WebUIKeywordMain.runKeyword(WebUIKeywordMain.groovy:26)
	at com.kms.katalon.core.webui.keyword.builtin.OpenBrowserKeyword.openBrowser(OpenBrowserKeyword.groovy:81)
	at com.kms.katalon.core.webui.keyword.builtin.OpenBrowserKeyword.execute(OpenBrowserKeyword.groovy:67)
	at com.kms.katalon.core.keyword.internal.KeywordExecutor.executeKeywordForPlatform(KeywordExecutor.groovy:73)
	at com.kms.katalon.core.webui.keyword.WebUiBuiltInKeywords.openBrowser(WebUiBuiltInKeywords.groovy:61)
	at com.kms.katalon.core.webui.keyword.WebUiBuiltInKeywords$openBrowser.call(Unknown Source)
	at customKeywords.commanFunctions.openBrowser(commanFunctions.groovy:47)
	at customKeywords.commanFunctions.uploadFileOfRegisterUser(commanFunctions.groovy:747)
	at customKeywords.commanFunctions.invokeMethod(commanFunctions.groovy)
	at com.kms.katalon.core.main.CustomKeywordDelegatingMetaClass.invokeStaticMethod(CustomKeywordDelegatingMetaClass.java:50)
	at TC_As a register user, Upload PaintShop Pro File and verify Uploded file in Submission Page.run(TC_As a register user, Upload PaintShop Pro File and verify Uploded file in Submission Page:16)
	at com.kms.katalon.core.main.ScriptEngine.run(ScriptEngine.java:194)
	at com.kms.katalon.core.main.ScriptEngine.runScriptAsRawText(ScriptEngine.java:119)
	at com.kms.katalon.core.main.TestCaseExecutor.runScript(TestCaseExecutor.java:394)
	at com.kms.katalon.core.main.TestCaseExecutor.doExecute(TestCaseExecutor.java:385)
	at com.kms.katalon.core.main.TestCaseExecutor.processExecutionPhase(TestCaseExecutor.java:364)
	at com.kms.katalon.core.main.TestCaseExecutor.accessMainPhase(TestCaseExecutor.java:356)
	at com.kms.katalon.core.main.TestCaseExecutor.execute(TestCaseExecutor.java:251)
	at com.kms.katalon.core.main.TestSuiteExecutor.accessTestCaseMainPhase(TestSuiteExecutor.java:203)
	at com.kms.katalon.core.main.TestSuiteExecutor.accessTestSuiteMainPhase(TestSuiteExecutor.java:152)
	at com.kms.katalon.core.main.TestSuiteExecutor.execute(TestSuiteExecutor.java:95)
	at com.kms.katalon.core.main.TestCaseMain.startTestSuite(TestCaseMain.java:157)
	at com.kms.katalon.core.main.TestCaseMain$startTestSuite$0.call(Unknown Source)
	at TempTestSuite1613733199540.run(TempTestSuite1613733199540.groovy:39)
Caused by: org.openqa.selenium.SessionNotCreatedException: session not created
from chrome not reachable
  (Session info: chrome=86.0.4240.75)
Build info: version: '3.141.59', revision: 'e82be7d358', time: '2018-11-14T08:25:53'
System info: host: 'OMTPGCN1132568L', ip: '192.168.1.1', os.name: 'Windows 10', os.arch: 'amd64', os.version: '10.0', java.version: '1.8.0_181'
Driver info: driver.version: CChromeDriver
remote stacktrace: Backtrace:
	Ordinal0 [0x00A8C013+3194899]
	Ordinal0 [0x00976021+2056225]
	Ordinal0 [0x0080F4B0+586928]
	Ordinal0 [0x00805894+546964]
	Ordinal0 [0x00805F2C+548652]
	Ordinal0 [0x00807175+553333]
	Ordinal0 [0x0080241E+533534]
	Ordinal0 [0x00810620+591392]
	Ordinal0 [0x007B2A0C+207372]
	Ordinal0 [0x007B1D0D+204045]
	Ordinal0 [0x007AFC1B+195611]
	Ordinal0 [0x00793B7F+80767]
	Ordinal0 [0x00794B4E+84814]
	Ordinal0 [0x00794AD9+84697]
	Ordinal0 [0x0098CE64+2149988]
	GetHandleVerifier [0x00BFBE95+1400773]
	GetHandleVerifier [0x00BFBB61+1399953]
	GetHandleVerifier [0x00C031FA+1430314]
	GetHandleVerifier [0x00BFC69F+1402831]
	Ordinal0 [0x00983D61+2112865]
	Ordinal0 [0x0098E5CB+2155979]
	Ordinal0 [0x0098E6F5+2156277]
	Ordinal0 [0x0099F26E+2224750]
	BaseThreadInitThunk [0x77026359+25]
	RtlGetAppContainerNamedObjectPath [0x77BD8944+228]
	RtlGetAppContainerNamedObjectPath [0x77BD8914+180]

	at org.openqa.selenium.remote.W3CHandshakeResponse.lambda$errorHandler$0(W3CHandshakeResponse.java:62)
	at org.openqa.selenium.remote.HandshakeResponse.lambda$getResponseFunction$0(HandshakeResponse.java:30)
	at org.openqa.selenium.remote.ProtocolHandshake.lambda$createSession$0(ProtocolHandshake.java:126)
	at org.openqa.selenium.remote.ProtocolHandshake.createSession(ProtocolHandshake.java:128)
	at org.openqa.selenium.remote.ProtocolHandshake.createSession(ProtocolHandshake.java:74)
	at org.openqa.selenium.remote.HttpCommandExecutor.execute(HttpCommandExecutor.java:136)
	at org.openqa.selenium.remote.service.DriverCommandExecutor.execute(DriverCommandExecutor.java:83)
	at org.openqa.selenium.remote.RemoteWebDriver.execute(RemoteWebDriver.java:552)
	at com.kms.katalon.selenium.driver.CChromeDriver.execute(CChromeDriver.java:19)
	at org.openqa.selenium.remote.RemoteWebDriver.startSession(RemoteWebDriver.java:213)
	at org.openqa.selenium.remote.RemoteWebDriver.<init>(RemoteWebDriver.java:131)
	at org.openqa.selenium.chrome.ChromeDriver.<init>(ChromeDriver.java:181)
	at org.openqa.selenium.chrome.ChromeDriver.<init>(ChromeDriver.java:147)
	at com.kms.katalon.selenium.driver.CChromeDriver.<init>(CChromeDriver.java:13)
	at com.kms.katalon.core.webui.driver.DriverFactory.createNewChromeDriver(DriverFactory.java:400)
	at com.kms.katalon.core.webui.driver.DriverFactory.startNewBrowser(DriverFactory.java:358)
	at com.kms.katalon.core.webui.driver.DriverFactory.openWebDriver(DriverFactory.java:245)
	at com.kms.katalon.core.webui.keyword.builtin.OpenBrowserKeyword$_openBrowser_closure1.doCall(OpenBrowserKeyword.groovy:74)
	at com.kms.katalon.core.webui.keyword.builtin.OpenBrowserKeyword$_openBrowser_closure1.call(OpenBrowserKeyword.groovy)
	at com.kms.katalon.core.webui.keyword.internal.WebUIKeywordMain.runKeyword(WebUIKeywordMain.groovy:20)
	... 23 more


2021-02-19 16:47:05 - [TEST_STEP][PASSED] - excelTestData = findTestData("Data Files/TestData/InspectTestData"): null

2021-02-19 16:47:05 - [TEST_STEP][PASSED] - rigisterUN = excelTestData.getValue(6, 23): null

2021-02-19 16:47:05 - [TEST_STEP][PASSED] - rigisterPW = excelTestData.getValue(3, 23): null

2021-02-19 16:47:05 - [TEST_STEP][FAILED] - customKeywords.commanFunctions.uploadFileOfRegisterUser(313, rigisterUN, rigisterPW): Unable to open browser with url: 'https://Inspect.Stage.site.sa'

2021-02-19 16:47:05 - [MESSAGE][INFO] - Starting 'Chrome' driver

2021-02-19 16:47:05 - [MESSAGE][INFO] - Action delay is set to 0 milliseconds

2021-02-19 16:47:18 - [MESSAGE][FAILED] - Unable to open browser with url: 'https://Inspect.Stage.site.sa' (Root cause: com.kms.katalon.core.exception.StepFailedException: Unable to open browser with url: 'https://Inspect.Stage.site.sa'
	at com.kms.katalon.core.webui.keyword.internal.WebUIKeywordMain.stepFailed(WebUIKeywordMain.groovy:64)
	at com.kms.katalon.core.webui.keyword.internal.WebUIKeywordMain.runKeyword(WebUIKeywordMain.groovy:26)
	at com.kms.katalon.core.webui.keyword.builtin.OpenBrowserKeyword.openBrowser(OpenBrowserKeyword.groovy:81)
	at com.kms.katalon.core.webui.keyword.builtin.OpenBrowserKeyword.execute(OpenBrowserKeyword.groovy:67)
	at com.kms.katalon.core.keyword.internal.KeywordExecutor.executeKeywordForPlatform(KeywordExecutor.groovy:73)
	at com.kms.katalon.core.webui.keyword.WebUiBuiltInKeywords.openBrowser(WebUiBuiltInKeywords.groovy:61)
	at com.kms.katalon.core.webui.keyword.WebUiBuiltInKeywords$openBrowser.call(Unknown Source)
	at customKeywords.commanFunctions.openBrowser(commanFunctions.groovy:47)
	at customKeywords.commanFunctions.uploadFileOfRegisterUser(commanFunctions.groovy:747)
	at customKeywords.commanFunctions.invokeMethod(commanFunctions.groovy)
	at com.kms.katalon.core.main.CustomKeywordDelegatingMetaClass.invokeStaticMethod(CustomKeywordDelegatingMetaClass.java:50)
	at TC_As a register user, Upload PaintShop Pro File and verify Uploded file in Submission Page.run(TC_As a register user, Upload PaintShop Pro File and verify Uploded file in Submission Page:16)
	at com.kms.katalon.core.main.ScriptEngine.run(ScriptEngine.java:194)
	at com.kms.katalon.core.main.ScriptEngine.runScriptAsRawText(ScriptEngine.java:119)
	at com.kms.katalon.core.main.TestCaseExecutor.runScript(TestCaseExecutor.java:394)
	at com.kms.katalon.core.main.TestCaseExecutor.doExecute(TestCaseExecutor.java:385)
	at com.kms.katalon.core.main.TestCaseExecutor.processExecutionPhase(TestCaseExecutor.java:364)
	at com.kms.katalon.core.main.TestCaseExecutor.accessMainPhase(TestCaseExecutor.java:356)
	at com.kms.katalon.core.main.TestCaseExecutor.execute(TestCaseExecutor.java:251)
	at com.kms.katalon.core.main.TestSuiteExecutor.accessTestCaseMainPhase(TestSuiteExecutor.java:203)
	at com.kms.katalon.core.main.TestSuiteExecutor.accessTestSuiteMainPhase(TestSuiteExecutor.java:152)
	at com.kms.katalon.core.main.TestSuiteExecutor.execute(TestSuiteExecutor.java:95)
	at com.kms.katalon.core.main.TestCaseMain.startTestSuite(TestCaseMain.java:157)
	at com.kms.katalon.core.main.TestCaseMain$startTestSuite$0.call(Unknown Source)
	at TempTestSuite1613733199540.run(TempTestSuite1613733199540.groovy:39)
Caused by: org.openqa.selenium.SessionNotCreatedException: session not created
from chrome not reachable
  (Session info: chrome=86.0.4240.75)
Build info: version: '3.141.59', revision: 'e82be7d358', time: '2018-11-14T08:25:53'
System info: host: 'OMTPGCN1132568L', ip: '192.168.1.1', os.name: 'Windows 10', os.arch: 'amd64', os.version: '10.0', java.version: '1.8.0_181'
Driver info: driver.version: CChromeDriver
remote stacktrace: Backtrace:
	Ordinal0 [0x00A8C013+3194899]
	Ordinal0 [0x00976021+2056225]
	Ordinal0 [0x0080F4B0+586928]
	Ordinal0 [0x00805894+546964]
	Ordinal0 [0x00805F2C+548652]
	Ordinal0 [0x00807175+553333]
	Ordinal0 [0x0080241E+533534]
	Ordinal0 [0x00810620+591392]
	Ordinal0 [0x007B2A0C+207372]
	Ordinal0 [0x007B1D0D+204045]
	Ordinal0 [0x007AFC1B+195611]
	Ordinal0 [0x00793B7F+80767]
	Ordinal0 [0x00794B4E+84814]
	Ordinal0 [0x00794AD9+84697]
	Ordinal0 [0x0098CE64+2149988]
	GetHandleVerifier [0x00BFBE95+1400773]
	GetHandleVerifier [0x00BFBB61+1399953]
	GetHandleVerifier [0x00C031FA+1430314]
	GetHandleVerifier [0x00BFC69F+1402831]
	Ordinal0 [0x00983D61+2112865]
	Ordinal0 [0x0098E5CB+2155979]
	Ordinal0 [0x0098E6F5+2156277]
	Ordinal0 [0x0099F26E+2224750]
	BaseThreadInitThunk [0x77026359+25]
	RtlGetAppContainerNamedObjectPath [0x77BD8944+228]
	RtlGetAppContainerNamedObjectPath [0x77BD8914+180]

	at org.openqa.selenium.remote.W3CHandshakeResponse.lambda$errorHandler$0(W3CHandshakeResponse.java:62)
	at org.openqa.selenium.remote.HandshakeResponse.lambda$getResponseFunction$0(HandshakeResponse.java:30)
	at org.openqa.selenium.remote.ProtocolHandshake.lambda$createSession$0(ProtocolHandshake.java:126)
	at org.openqa.selenium.remote.ProtocolHandshake.createSession(ProtocolHandshake.java:128)
	at org.openqa.selenium.remote.ProtocolHandshake.createSession(ProtocolHandshake.java:74)
	at org.openqa.selenium.remote.HttpCommandExecutor.execute(HttpCommandExecutor.java:136)
	at org.openqa.selenium.remote.service.DriverCommandExecutor.execute(DriverCommandExecutor.java:83)
	at org.openqa.selenium.remote.RemoteWebDriver.execute(RemoteWebDriver.java:552)
	at com.kms.katalon.selenium.driver.CChromeDriver.execute(CChromeDriver.java:19)
	at org.openqa.selenium.remote.RemoteWebDriver.startSession(RemoteWebDriver.java:213)
	at org.openqa.selenium.remote.RemoteWebDriver.<init>(RemoteWebDriver.java:131)
	at org.openqa.selenium.chrome.ChromeDriver.<init>(ChromeDriver.java:181)
	at org.openqa.selenium.chrome.ChromeDriver.<init>(ChromeDriver.java:147)
	at com.kms.katalon.selenium.driver.CChromeDriver.<init>(CChromeDriver.java:13)
	at com.kms.katalon.core.webui.driver.DriverFactory.createNewChromeDriver(DriverFactory.java:400)
	at com.kms.katalon.core.webui.driver.DriverFactory.startNewBrowser(DriverFactory.java:358)
	at com.kms.katalon.core.webui.driver.DriverFactory.openWebDriver(DriverFactory.java:245)
	at com.kms.katalon.core.webui.keyword.builtin.OpenBrowserKeyword$_openBrowser_closure1.doCall(OpenBrowserKeyword.groovy:74)
	at com.kms.katalon.core.webui.keyword.builtin.OpenBrowserKeyword$_openBrowser_closure1.call(OpenBrowserKeyword.groovy)
	at com.kms.katalon.core.webui.keyword.internal.WebUIKeywordMain.runKeyword(WebUIKeywordMain.groovy:20)
	at com.kms.katalon.core.webui.keyword.builtin.OpenBrowserKeyword.openBrowser(OpenBrowserKeyword.groovy:81)
	at com.kms.katalon.core.webui.keyword.builtin.OpenBrowserKeyword.execute(OpenBrowserKeyword.groovy:67)
	at com.kms.katalon.core.keyword.internal.KeywordExecutor.executeKeywordForPlatform(KeywordExecutor.groovy:73)
	at com.kms.katalon.core.webui.keyword.WebUiBuiltInKeywords.openBrowser(WebUiBuiltInKeywords.groovy:61)
	at com.kms.katalon.core.webui.keyword.WebUiBuiltInKeywords$openBrowser.call(Unknown Source)
	at customKeywords.commanFunctions.openBrowser(commanFunctions.groovy:47)
	at customKeywords.commanFunctions.uploadFileOfRegisterUser(commanFunctions.groovy:747)
	at customKeywords.commanFunctions.invokeMethod(commanFunctions.groovy)
	at com.kms.katalon.core.main.CustomKeywordDelegatingMetaClass.invokeStaticMethod(CustomKeywordDelegatingMetaClass.java:50)
	at Script1613387155796.run(Script1613387155796.groovy:16)
	... 13 more
)

2021-02-19 16:47:18 - [MESSAGE][FAILED] - Unable to open browser with url: 'https://Inspect.Stage.site.sa'

2021-02-19 16:47:18 - [TEST_STEP][PASSED] - Start tear down : tearDownMethodIfFailed: Method 'tearDownMethodIfFailed' complete successfully

2021-02-19 16:47:18 - [TEST_STEP][PASSED] - customKeywords.commanFunctions.onlyCloseBrowser(): customKeywords.commanFunctions.onlyCloseBrowser is PASSED

2021-02-19 16:47:18 - [MESSAGE][PASSED] - Browser is closed

2021-02-19 16:47:18 - [MESSAGE][PASSED] - customKeywords.commanFunctions.onlyCloseBrowser is PASSED

2021-02-19 16:47:18 - [TEST_STEP][PASSED] - logInfo("[--------This is tearDownIfFailed method------]"): [--------This is tearDownIfFailed method------]

2021-02-19 16:47:18 - [MESSAGE][INFO] - [--------This is tearDownIfFailed method------]

2021-02-19 16:47:18 - [MESSAGE][PASSED] - Method 'tearDownMethodIfFailed' complete successfully]]></system-out>
         <system-err><![CDATA[2021-02-19 16:47:05 - [TEST_CASE][FAILED] - Test Cases/UploadDiffFiles_RegisterUser/TC_As a register user, Upload PaintShop Pro File and verify Uploded file in Submission Page: Test Cases/UploadDiffFiles_RegisterUser/TC_As a register user, Upload PaintShop Pro File and verify Uploded file in Submission Page FAILED.
Reason:
com.kms.katalon.core.exception.StepFailedException: Unable to open browser with url: 'https://Inspect.Stage.site.sa'
	at com.kms.katalon.core.webui.keyword.internal.WebUIKeywordMain.stepFailed(WebUIKeywordMain.groovy:64)
	at com.kms.katalon.core.webui.keyword.internal.WebUIKeywordMain.runKeyword(WebUIKeywordMain.groovy:26)
	at com.kms.katalon.core.webui.keyword.builtin.OpenBrowserKeyword.openBrowser(OpenBrowserKeyword.groovy:81)
	at com.kms.katalon.core.webui.keyword.builtin.OpenBrowserKeyword.execute(OpenBrowserKeyword.groovy:67)
	at com.kms.katalon.core.keyword.internal.KeywordExecutor.executeKeywordForPlatform(KeywordExecutor.groovy:73)
	at com.kms.katalon.core.webui.keyword.WebUiBuiltInKeywords.openBrowser(WebUiBuiltInKeywords.groovy:61)
	at com.kms.katalon.core.webui.keyword.WebUiBuiltInKeywords$openBrowser.call(Unknown Source)
	at customKeywords.commanFunctions.openBrowser(commanFunctions.groovy:47)
	at customKeywords.commanFunctions.uploadFileOfRegisterUser(commanFunctions.groovy:747)
	at customKeywords.commanFunctions.invokeMethod(commanFunctions.groovy)
	at com.kms.katalon.core.main.CustomKeywordDelegatingMetaClass.invokeStaticMethod(CustomKeywordDelegatingMetaClass.java:50)
	at TC_As a register user, Upload PaintShop Pro File and verify Uploded file in Submission Page.run(TC_As a register user, Upload PaintShop Pro File and verify Uploded file in Submission Page:16)
	at com.kms.katalon.core.main.ScriptEngine.run(ScriptEngine.java:194)
	at com.kms.katalon.core.main.ScriptEngine.runScriptAsRawText(ScriptEngine.java:119)
	at com.kms.katalon.core.main.TestCaseExecutor.runScript(TestCaseExecutor.java:394)
	at com.kms.katalon.core.main.TestCaseExecutor.doExecute(TestCaseExecutor.java:385)
	at com.kms.katalon.core.main.TestCaseExecutor.processExecutionPhase(TestCaseExecutor.java:364)
	at com.kms.katalon.core.main.TestCaseExecutor.accessMainPhase(TestCaseExecutor.java:356)
	at com.kms.katalon.core.main.TestCaseExecutor.execute(TestCaseExecutor.java:251)
	at com.kms.katalon.core.main.TestSuiteExecutor.accessTestCaseMainPhase(TestSuiteExecutor.java:203)
	at com.kms.katalon.core.main.TestSuiteExecutor.accessTestSuiteMainPhase(TestSuiteExecutor.java:152)
	at com.kms.katalon.core.main.TestSuiteExecutor.execute(TestSuiteExecutor.java:95)
	at com.kms.katalon.core.main.TestCaseMain.startTestSuite(TestCaseMain.java:157)
	at com.kms.katalon.core.main.TestCaseMain$startTestSuite$0.call(Unknown Source)
	at TempTestSuite1613733199540.run(TempTestSuite1613733199540.groovy:39)
Caused by: org.openqa.selenium.SessionNotCreatedException: session not created
from chrome not reachable
  (Session info: chrome=86.0.4240.75)
Build info: version: '3.141.59', revision: 'e82be7d358', time: '2018-11-14T08:25:53'
System info: host: 'OMTPGCN1132568L', ip: '192.168.1.1', os.name: 'Windows 10', os.arch: 'amd64', os.version: '10.0', java.version: '1.8.0_181'
Driver info: driver.version: CChromeDriver
remote stacktrace: Backtrace:
	Ordinal0 [0x00A8C013+3194899]
	Ordinal0 [0x00976021+2056225]
	Ordinal0 [0x0080F4B0+586928]
	Ordinal0 [0x00805894+546964]
	Ordinal0 [0x00805F2C+548652]
	Ordinal0 [0x00807175+553333]
	Ordinal0 [0x0080241E+533534]
	Ordinal0 [0x00810620+591392]
	Ordinal0 [0x007B2A0C+207372]
	Ordinal0 [0x007B1D0D+204045]
	Ordinal0 [0x007AFC1B+195611]
	Ordinal0 [0x00793B7F+80767]
	Ordinal0 [0x00794B4E+84814]
	Ordinal0 [0x00794AD9+84697]
	Ordinal0 [0x0098CE64+2149988]
	GetHandleVerifier [0x00BFBE95+1400773]
	GetHandleVerifier [0x00BFBB61+1399953]
	GetHandleVerifier [0x00C031FA+1430314]
	GetHandleVerifier [0x00BFC69F+1402831]
	Ordinal0 [0x00983D61+2112865]
	Ordinal0 [0x0098E5CB+2155979]
	Ordinal0 [0x0098E6F5+2156277]
	Ordinal0 [0x0099F26E+2224750]
	BaseThreadInitThunk [0x77026359+25]
	RtlGetAppContainerNamedObjectPath [0x77BD8944+228]
	RtlGetAppContainerNamedObjectPath [0x77BD8914+180]

	at org.openqa.selenium.remote.W3CHandshakeResponse.lambda$errorHandler$0(W3CHandshakeResponse.java:62)
	at org.openqa.selenium.remote.HandshakeResponse.lambda$getResponseFunction$0(HandshakeResponse.java:30)
	at org.openqa.selenium.remote.ProtocolHandshake.lambda$createSession$0(ProtocolHandshake.java:126)
	at org.openqa.selenium.remote.ProtocolHandshake.createSession(ProtocolHandshake.java:128)
	at org.openqa.selenium.remote.ProtocolHandshake.createSession(ProtocolHandshake.java:74)
	at org.openqa.selenium.remote.HttpCommandExecutor.execute(HttpCommandExecutor.java:136)
	at org.openqa.selenium.remote.service.DriverCommandExecutor.execute(DriverCommandExecutor.java:83)
	at org.openqa.selenium.remote.RemoteWebDriver.execute(RemoteWebDriver.java:552)
	at com.kms.katalon.selenium.driver.CChromeDriver.execute(CChromeDriver.java:19)
	at org.openqa.selenium.remote.RemoteWebDriver.startSession(RemoteWebDriver.java:213)
	at org.openqa.selenium.remote.RemoteWebDriver.<init>(RemoteWebDriver.java:131)
	at org.openqa.selenium.chrome.ChromeDriver.<init>(ChromeDriver.java:181)
	at org.openqa.selenium.chrome.ChromeDriver.<init>(ChromeDriver.java:147)
	at com.kms.katalon.selenium.driver.CChromeDriver.<init>(CChromeDriver.java:13)
	at com.kms.katalon.core.webui.driver.DriverFactory.createNewChromeDriver(DriverFactory.java:400)
	at com.kms.katalon.core.webui.driver.DriverFactory.startNewBrowser(DriverFactory.java:358)
	at com.kms.katalon.core.webui.driver.DriverFactory.openWebDriver(DriverFactory.java:245)
	at com.kms.katalon.core.webui.keyword.builtin.OpenBrowserKeyword$_openBrowser_closure1.doCall(OpenBrowserKeyword.groovy:74)
	at com.kms.katalon.core.webui.keyword.builtin.OpenBrowserKeyword$_openBrowser_closure1.call(OpenBrowserKeyword.groovy)
	at com.kms.katalon.core.webui.keyword.internal.WebUIKeywordMain.runKeyword(WebUIKeywordMain.groovy:20)
	... 23 more]]></system-err>
      </testcase>
      <testcase name="Test Cases/UploadDiffFiles_RegisterUser/TC_As a register user, Upload PC batch file File and verify Uploded file in Submission Page" time="7.321" classname="Test Cases/UploadDiffFiles_RegisterUser/TC_As a register user, Upload PC batch file File and verify Uploded file in Submission Page" status="FAILED">
         <failure type="FAILED" message="Test Cases/UploadDiffFiles_RegisterUser/TC_As a register user, Upload PC batch file File and verify Uploded file in Submission Page FAILED.
Reason:
com.kms.katalon.core.exception.StepFailedException: Unable to maximize current window
	at com.kms.katalon.core.webui.keyword.internal.WebUIKeywordMain.stepFailed(WebUIKeywordMain.groovy:64)
	at com.kms.katalon.core.webui.keyword.internal.WebUIKeywordMain.runKeyword(WebUIKeywordMain.groovy:26)
	at com.kms.katalon.core.webui.keyword.builtin.MaximizeWindowKeyword.maximizeWindow(MaximizeWindowKeyword.groovy:74)
	at com.kms.katalon.core.webui.keyword.builtin.MaximizeWindowKeyword.execute(MaximizeWindowKeyword.groovy:69)
	at com.kms.katalon.core.keyword.internal.KeywordExecutor.executeKeywordForPlatform(KeywordExecutor.groovy:73)
	at com.kms.katalon.core.webui.keyword.WebUiBuiltInKeywords.maximizeWindow(WebUiBuiltInKeywords.groovy:280)
	at com.kms.katalon.core.webui.keyword.WebUiBuiltInKeywords$maximizeWindow$0.call(Unknown Source)
	at customKeywords.commanFunctions.openBrowser(commanFunctions.groovy:48)
	at customKeywords.commanFunctions.uploadFileOfRegisterUser(commanFunctions.groovy:747)
	at customKeywords.commanFunctions.invokeMethod(commanFunctions.groovy)
	at com.kms.katalon.core.main.CustomKeywordDelegatingMetaClass.invokeStaticMethod(CustomKeywordDelegatingMetaClass.java:50)
	at TC_As a register user, Upload PC batch file File and verify Uploded file in Submission Page.run(TC_As a register user, Upload PC batch file File and verify Uploded file in Submission Page:16)
	at com.kms.katalon.core.main.ScriptEngine.run(ScriptEngine.java:194)
	at com.kms.katalon.core.main.ScriptEngine.runScriptAsRawText(ScriptEngine.java:119)
	at com.kms.katalon.core.main.TestCaseExecutor.runScript(TestCaseExecutor.java:394)
	at com.kms.katalon.core.main.TestCaseExecutor.doExecute(TestCaseExecutor.java:385)
	at com.kms.katalon.core.main.TestCaseExecutor.processExecutionPhase(TestCaseExecutor.java:364)
	at com.kms.katalon.core.main.TestCaseExecutor.accessMainPhase(TestCaseExecutor.java:356)
	at com.kms.katalon.core.main.TestCaseExecutor.execute(TestCaseExecutor.java:251)
	at com.kms.katalon.core.main.TestSuiteExecutor.accessTestCaseMainPhase(TestSuiteExecutor.java:203)
	at com.kms.katalon.core.main.TestSuiteExecutor.accessTestSuiteMainPhase(TestSuiteExecutor.java:152)
	at com.kms.katalon.core.main.TestSuiteExecutor.execute(TestSuiteExecutor.java:95)
	at com.kms.katalon.core.main.TestCaseMain.startTestSuite(TestCaseMain.java:157)
	at com.kms.katalon.core.main.TestCaseMain$startTestSuite$0.call(Unknown Source)
	at TempTestSuite1613733199540.run(TempTestSuite1613733199540.groovy:39)
Caused by: org.openqa.selenium.NoSuchWindowException: no such window: target window already closed
from unknown error: web view not found
  (Session info: chrome=86.0.4240.75)
Build info: version: '3.141.59', revision: 'e82be7d358', time: '2018-11-14T08:25:53'
System info: host: 'OMTPGCN1132568L', ip: '192.168.1.1', os.name: 'Windows 10', os.arch: 'amd64', os.version: '10.0', java.version: '1.8.0_181'
Driver info: com.kms.katalon.selenium.driver.CChromeDriver
Capabilities {acceptInsecureCerts: false, browserName: chrome, browserVersion: 86.0.4240.75, chrome: {chromedriverVersion: 86.0.4240.22 (398b0743353ff..., userDataDir: C:\Users\ashok\AppData\Loca...}, goog:chromeOptions: {debuggerAddress: localhost:50964}, javascriptEnabled: true, networkConnectionEnabled: false, pageLoadStrategy: normal, platform: WINDOWS, platformName: WINDOWS, proxy: Proxy(), setWindowRect: true, strictFileInteractability: false, timeouts: {implicit: 0, pageLoad: 300000, script: 30000}, unhandledPromptBehavior: dismiss and notify, webauthn:virtualAuthenticators: true}
Session ID: 6bc6dab92490663aa3d9a37bf2370904
	at org.openqa.selenium.remote.http.W3CHttpResponseCodec.createException(W3CHttpResponseCodec.java:187)
	at org.openqa.selenium.remote.http.W3CHttpResponseCodec.decode(W3CHttpResponseCodec.java:122)
	at org.openqa.selenium.remote.http.W3CHttpResponseCodec.decode(W3CHttpResponseCodec.java:49)
	at org.openqa.selenium.remote.HttpCommandExecutor.execute(HttpCommandExecutor.java:158)
	at org.openqa.selenium.remote.service.DriverCommandExecutor.execute(DriverCommandExecutor.java:83)
	at org.openqa.selenium.remote.RemoteWebDriver.execute(RemoteWebDriver.java:552)
	at com.kms.katalon.selenium.driver.CChromeDriver.execute(CChromeDriver.java:19)
	at org.openqa.selenium.remote.RemoteWebDriver.execute(RemoteWebDriver.java:609)
	at org.openqa.selenium.remote.RemoteWebDriver$RemoteWebDriverOptions$RemoteWindow.maximize(RemoteWebDriver.java:837)
	at org.openqa.selenium.support.events.EventFiringWebDriver$EventFiringWindow.maximize(EventFiringWebDriver.java:769)
	at com.kms.katalon.core.webui.keyword.builtin.MaximizeWindowKeyword$_maximizeWindow_closure1.doCall(MaximizeWindowKeyword.groovy:85)
	at com.kms.katalon.core.webui.keyword.builtin.MaximizeWindowKeyword$_maximizeWindow_closure1.call(MaximizeWindowKeyword.groovy)
	at com.kms.katalon.core.webui.keyword.internal.WebUIKeywordMain.runKeyword(WebUIKeywordMain.groovy:20)
	... 23 more
"/>
         <system-out><![CDATA[2021-02-19 16:47:18 - [TEST_CASE][FAILED] - Test Cases/UploadDiffFiles_RegisterUser/TC_As a register user, Upload PC batch file File and verify Uploded file in Submission Page: Test Cases/UploadDiffFiles_RegisterUser/TC_As a register user, Upload PC batch file File and verify Uploded file in Submission Page FAILED.
Reason:
com.kms.katalon.core.exception.StepFailedException: Unable to maximize current window
	at com.kms.katalon.core.webui.keyword.internal.WebUIKeywordMain.stepFailed(WebUIKeywordMain.groovy:64)
	at com.kms.katalon.core.webui.keyword.internal.WebUIKeywordMain.runKeyword(WebUIKeywordMain.groovy:26)
	at com.kms.katalon.core.webui.keyword.builtin.MaximizeWindowKeyword.maximizeWindow(MaximizeWindowKeyword.groovy:74)
	at com.kms.katalon.core.webui.keyword.builtin.MaximizeWindowKeyword.execute(MaximizeWindowKeyword.groovy:69)
	at com.kms.katalon.core.keyword.internal.KeywordExecutor.executeKeywordForPlatform(KeywordExecutor.groovy:73)
	at com.kms.katalon.core.webui.keyword.WebUiBuiltInKeywords.maximizeWindow(WebUiBuiltInKeywords.groovy:280)
	at com.kms.katalon.core.webui.keyword.WebUiBuiltInKeywords$maximizeWindow$0.call(Unknown Source)
	at customKeywords.commanFunctions.openBrowser(commanFunctions.groovy:48)
	at customKeywords.commanFunctions.uploadFileOfRegisterUser(commanFunctions.groovy:747)
	at customKeywords.commanFunctions.invokeMethod(commanFunctions.groovy)
	at com.kms.katalon.core.main.CustomKeywordDelegatingMetaClass.invokeStaticMethod(CustomKeywordDelegatingMetaClass.java:50)
	at TC_As a register user, Upload PC batch file File and verify Uploded file in Submission Page.run(TC_As a register user, Upload PC batch file File and verify Uploded file in Submission Page:16)
	at com.kms.katalon.core.main.ScriptEngine.run(ScriptEngine.java:194)
	at com.kms.katalon.core.main.ScriptEngine.runScriptAsRawText(ScriptEngine.java:119)
	at com.kms.katalon.core.main.TestCaseExecutor.runScript(TestCaseExecutor.java:394)
	at com.kms.katalon.core.main.TestCaseExecutor.doExecute(TestCaseExecutor.java:385)
	at com.kms.katalon.core.main.TestCaseExecutor.processExecutionPhase(TestCaseExecutor.java:364)
	at com.kms.katalon.core.main.TestCaseExecutor.accessMainPhase(TestCaseExecutor.java:356)
	at com.kms.katalon.core.main.TestCaseExecutor.execute(TestCaseExecutor.java:251)
	at com.kms.katalon.core.main.TestSuiteExecutor.accessTestCaseMainPhase(TestSuiteExecutor.java:203)
	at com.kms.katalon.core.main.TestSuiteExecutor.accessTestSuiteMainPhase(TestSuiteExecutor.java:152)
	at com.kms.katalon.core.main.TestSuiteExecutor.execute(TestSuiteExecutor.java:95)
	at com.kms.katalon.core.main.TestCaseMain.startTestSuite(TestCaseMain.java:157)
	at com.kms.katalon.core.main.TestCaseMain$startTestSuite$0.call(Unknown Source)
	at TempTestSuite1613733199540.run(TempTestSuite1613733199540.groovy:39)
Caused by: org.openqa.selenium.NoSuchWindowException: no such window: target window already closed
from unknown error: web view not found
  (Session info: chrome=86.0.4240.75)
Build info: version: '3.141.59', revision: 'e82be7d358', time: '2018-11-14T08:25:53'
System info: host: 'OMTPGCN1132568L', ip: '192.168.1.1', os.name: 'Windows 10', os.arch: 'amd64', os.version: '10.0', java.version: '1.8.0_181'
Driver info: com.kms.katalon.selenium.driver.CChromeDriver
Capabilities {acceptInsecureCerts: false, browserName: chrome, browserVersion: 86.0.4240.75, chrome: {chromedriverVersion: 86.0.4240.22 (398b0743353ff..., userDataDir: C:\Users\ashok\AppData\Loca...}, goog:chromeOptions: {debuggerAddress: localhost:50964}, javascriptEnabled: true, networkConnectionEnabled: false, pageLoadStrategy: normal, platform: WINDOWS, platformName: WINDOWS, proxy: Proxy(), setWindowRect: true, strictFileInteractability: false, timeouts: {implicit: 0, pageLoad: 300000, script: 30000}, unhandledPromptBehavior: dismiss and notify, webauthn:virtualAuthenticators: true}
Session ID: 6bc6dab92490663aa3d9a37bf2370904
	at org.openqa.selenium.remote.http.W3CHttpResponseCodec.createException(W3CHttpResponseCodec.java:187)
	at org.openqa.selenium.remote.http.W3CHttpResponseCodec.decode(W3CHttpResponseCodec.java:122)
	at org.openqa.selenium.remote.http.W3CHttpResponseCodec.decode(W3CHttpResponseCodec.java:49)
	at org.openqa.selenium.remote.HttpCommandExecutor.execute(HttpCommandExecutor.java:158)
	at org.openqa.selenium.remote.service.DriverCommandExecutor.execute(DriverCommandExecutor.java:83)
	at org.openqa.selenium.remote.RemoteWebDriver.execute(RemoteWebDriver.java:552)
	at com.kms.katalon.selenium.driver.CChromeDriver.execute(CChromeDriver.java:19)
	at org.openqa.selenium.remote.RemoteWebDriver.execute(RemoteWebDriver.java:609)
	at org.openqa.selenium.remote.RemoteWebDriver$RemoteWebDriverOptions$RemoteWindow.maximize(RemoteWebDriver.java:837)
	at org.openqa.selenium.support.events.EventFiringWebDriver$EventFiringWindow.maximize(EventFiringWebDriver.java:769)
	at com.kms.katalon.core.webui.keyword.builtin.MaximizeWindowKeyword$_maximizeWindow_closure1.doCall(MaximizeWindowKeyword.groovy:85)
	at com.kms.katalon.core.webui.keyword.builtin.MaximizeWindowKeyword$_maximizeWindow_closure1.call(MaximizeWindowKeyword.groovy)
	at com.kms.katalon.core.webui.keyword.internal.WebUIKeywordMain.runKeyword(WebUIKeywordMain.groovy:20)
	... 23 more


2021-02-19 16:47:18 - [TEST_STEP][PASSED] - excelTestData = findTestData("Data Files/TestData/InspectTestData"): null

2021-02-19 16:47:19 - [TEST_STEP][PASSED] - rigisterUN = excelTestData.getValue(2, 23): null

2021-02-19 16:47:19 - [TEST_STEP][PASSED] - rigisterPW = excelTestData.getValue(3, 23): null

2021-02-19 16:47:19 - [TEST_STEP][FAILED] - customKeywords.commanFunctions.uploadFileOfRegisterUser(268, rigisterUN, rigisterPW): Unable to maximize current window

2021-02-19 16:47:19 - [MESSAGE][INFO] - Starting 'Chrome' driver

2021-02-19 16:47:19 - [MESSAGE][INFO] - Action delay is set to 0 milliseconds

2021-02-19 16:47:25 - [MESSAGE][PASSED] - Browser is opened with url: 'https://Inspect.Stage.site.sa'

2021-02-19 16:47:25 - [MESSAGE][WARNING] - Cannot take screenshot

2021-02-19 16:47:25 - [MESSAGE][FAILED] - Unable to maximize current window (Root cause: com.kms.katalon.core.exception.StepFailedException: Unable to maximize current window
	at com.kms.katalon.core.webui.keyword.internal.WebUIKeywordMain.stepFailed(WebUIKeywordMain.groovy:64)
	at com.kms.katalon.core.webui.keyword.internal.WebUIKeywordMain.runKeyword(WebUIKeywordMain.groovy:26)
	at com.kms.katalon.core.webui.keyword.builtin.MaximizeWindowKeyword.maximizeWindow(MaximizeWindowKeyword.groovy:74)
	at com.kms.katalon.core.webui.keyword.builtin.MaximizeWindowKeyword.execute(MaximizeWindowKeyword.groovy:69)
	at com.kms.katalon.core.keyword.internal.KeywordExecutor.executeKeywordForPlatform(KeywordExecutor.groovy:73)
	at com.kms.katalon.core.webui.keyword.WebUiBuiltInKeywords.maximizeWindow(WebUiBuiltInKeywords.groovy:280)
	at com.kms.katalon.core.webui.keyword.WebUiBuiltInKeywords$maximizeWindow$0.call(Unknown Source)
	at customKeywords.commanFunctions.openBrowser(commanFunctions.groovy:48)
	at customKeywords.commanFunctions.uploadFileOfRegisterUser(commanFunctions.groovy:747)
	at customKeywords.commanFunctions.invokeMethod(commanFunctions.groovy)
	at com.kms.katalon.core.main.CustomKeywordDelegatingMetaClass.invokeStaticMethod(CustomKeywordDelegatingMetaClass.java:50)
	at TC_As a register user, Upload PC batch file File and verify Uploded file in Submission Page.run(TC_As a register user, Upload PC batch file File and verify Uploded file in Submission Page:16)
	at com.kms.katalon.core.main.ScriptEngine.run(ScriptEngine.java:194)
	at com.kms.katalon.core.main.ScriptEngine.runScriptAsRawText(ScriptEngine.java:119)
	at com.kms.katalon.core.main.TestCaseExecutor.runScript(TestCaseExecutor.java:394)
	at com.kms.katalon.core.main.TestCaseExecutor.doExecute(TestCaseExecutor.java:385)
	at com.kms.katalon.core.main.TestCaseExecutor.processExecutionPhase(TestCaseExecutor.java:364)
	at com.kms.katalon.core.main.TestCaseExecutor.accessMainPhase(TestCaseExecutor.java:356)
	at com.kms.katalon.core.main.TestCaseExecutor.execute(TestCaseExecutor.java:251)
	at com.kms.katalon.core.main.TestSuiteExecutor.accessTestCaseMainPhase(TestSuiteExecutor.java:203)
	at com.kms.katalon.core.main.TestSuiteExecutor.accessTestSuiteMainPhase(TestSuiteExecutor.java:152)
	at com.kms.katalon.core.main.TestSuiteExecutor.execute(TestSuiteExecutor.java:95)
	at com.kms.katalon.core.main.TestCaseMain.startTestSuite(TestCaseMain.java:157)
	at com.kms.katalon.core.main.TestCaseMain$startTestSuite$0.call(Unknown Source)
	at TempTestSuite1613733199540.run(TempTestSuite1613733199540.groovy:39)
Caused by: org.openqa.selenium.NoSuchWindowException: no such window: target window already closed
from unknown error: web view not found
  (Session info: chrome=86.0.4240.75)
Build info: version: '3.141.59', revision: 'e82be7d358', time: '2018-11-14T08:25:53'
System info: host: 'OMTPGCN1132568L', ip: '192.168.1.1', os.name: 'Windows 10', os.arch: 'amd64', os.version: '10.0', java.version: '1.8.0_181'
Driver info: com.kms.katalon.selenium.driver.CChromeDriver
Capabilities {acceptInsecureCerts: false, browserName: chrome, browserVersion: 86.0.4240.75, chrome: {chromedriverVersion: 86.0.4240.22 (398b0743353ff..., userDataDir: C:\Users\ashok\AppData\Loca...}, goog:chromeOptions: {debuggerAddress: localhost:50964}, javascriptEnabled: true, networkConnectionEnabled: false, pageLoadStrategy: normal, platform: WINDOWS, platformName: WINDOWS, proxy: Proxy(), setWindowRect: true, strictFileInteractability: false, timeouts: {implicit: 0, pageLoad: 300000, script: 30000}, unhandledPromptBehavior: dismiss and notify, webauthn:virtualAuthenticators: true}
Session ID: 6bc6dab92490663aa3d9a37bf2370904
	at org.openqa.selenium.remote.http.W3CHttpResponseCodec.createException(W3CHttpResponseCodec.java:187)
	at org.openqa.selenium.remote.http.W3CHttpResponseCodec.decode(W3CHttpResponseCodec.java:122)
	at org.openqa.selenium.remote.http.W3CHttpResponseCodec.decode(W3CHttpResponseCodec.java:49)
	at org.openqa.selenium.remote.HttpCommandExecutor.execute(HttpCommandExecutor.java:158)
	at org.openqa.selenium.remote.service.DriverCommandExecutor.execute(DriverCommandExecutor.java:83)
	at org.openqa.selenium.remote.RemoteWebDriver.execute(RemoteWebDriver.java:552)
	at com.kms.katalon.selenium.driver.CChromeDriver.execute(CChromeDriver.java:19)
	at org.openqa.selenium.remote.RemoteWebDriver.execute(RemoteWebDriver.java:609)
	at org.openqa.selenium.remote.RemoteWebDriver$RemoteWebDriverOptions$RemoteWindow.maximize(RemoteWebDriver.java:837)
	at org.openqa.selenium.support.events.EventFiringWebDriver$EventFiringWindow.maximize(EventFiringWebDriver.java:769)
	at com.kms.katalon.core.webui.keyword.builtin.MaximizeWindowKeyword$_maximizeWindow_closure1.doCall(MaximizeWindowKeyword.groovy:85)
	at com.kms.katalon.core.webui.keyword.builtin.MaximizeWindowKeyword$_maximizeWindow_closure1.call(MaximizeWindowKeyword.groovy)
	at com.kms.katalon.core.webui.keyword.internal.WebUIKeywordMain.runKeyword(WebUIKeywordMain.groovy:20)
	at com.kms.katalon.core.webui.keyword.builtin.MaximizeWindowKeyword.maximizeWindow(MaximizeWindowKeyword.groovy:74)
	at com.kms.katalon.core.webui.keyword.builtin.MaximizeWindowKeyword.execute(MaximizeWindowKeyword.groovy:69)
	at com.kms.katalon.core.keyword.internal.KeywordExecutor.executeKeywordForPlatform(KeywordExecutor.groovy:73)
	at com.kms.katalon.core.webui.keyword.WebUiBuiltInKeywords.maximizeWindow(WebUiBuiltInKeywords.groovy:280)
	at com.kms.katalon.core.webui.keyword.WebUiBuiltInKeywords$maximizeWindow$0.call(Unknown Source)
	at customKeywords.commanFunctions.openBrowser(commanFunctions.groovy:48)
	at customKeywords.commanFunctions.uploadFileOfRegisterUser(commanFunctions.groovy:747)
	at customKeywords.commanFunctions.invokeMethod(commanFunctions.groovy)
	at com.kms.katalon.core.main.CustomKeywordDelegatingMetaClass.invokeStaticMethod(CustomKeywordDelegatingMetaClass.java:50)
	at Script1613387769849.run(Script1613387769849.groovy:16)
	... 13 more
)

2021-02-19 16:47:25 - [MESSAGE][FAILED] - Unable to maximize current window

2021-02-19 16:47:25 - [TEST_STEP][PASSED] - Start tear down : tearDownMethodIfFailed: Method 'tearDownMethodIfFailed' complete successfully

2021-02-19 16:47:25 - [TEST_STEP][PASSED] - customKeywords.commanFunctions.onlyCloseBrowser(): customKeywords.commanFunctions.onlyCloseBrowser is PASSED

2021-02-19 16:47:26 - [MESSAGE][PASSED] - Browser is closed

2021-02-19 16:47:26 - [MESSAGE][PASSED] - customKeywords.commanFunctions.onlyCloseBrowser is PASSED

2021-02-19 16:47:26 - [TEST_STEP][PASSED] - logInfo("[--------This is tearDownIfFailed method------]"): [--------This is tearDownIfFailed method------]

2021-02-19 16:47:26 - [MESSAGE][INFO] - [--------This is tearDownIfFailed method------]

2021-02-19 16:47:26 - [MESSAGE][PASSED] - Method 'tearDownMethodIfFailed' complete successfully]]></system-out>
         <system-err><![CDATA[2021-02-19 16:47:18 - [TEST_CASE][FAILED] - Test Cases/UploadDiffFiles_RegisterUser/TC_As a register user, Upload PC batch file File and verify Uploded file in Submission Page: Test Cases/UploadDiffFiles_RegisterUser/TC_As a register user, Upload PC batch file File and verify Uploded file in Submission Page FAILED.
Reason:
com.kms.katalon.core.exception.StepFailedException: Unable to maximize current window
	at com.kms.katalon.core.webui.keyword.internal.WebUIKeywordMain.stepFailed(WebUIKeywordMain.groovy:64)
	at com.kms.katalon.core.webui.keyword.internal.WebUIKeywordMain.runKeyword(WebUIKeywordMain.groovy:26)
	at com.kms.katalon.core.webui.keyword.builtin.MaximizeWindowKeyword.maximizeWindow(MaximizeWindowKeyword.groovy:74)
	at com.kms.katalon.core.webui.keyword.builtin.MaximizeWindowKeyword.execute(MaximizeWindowKeyword.groovy:69)
	at com.kms.katalon.core.keyword.internal.KeywordExecutor.executeKeywordForPlatform(KeywordExecutor.groovy:73)
	at com.kms.katalon.core.webui.keyword.WebUiBuiltInKeywords.maximizeWindow(WebUiBuiltInKeywords.groovy:280)
	at com.kms.katalon.core.webui.keyword.WebUiBuiltInKeywords$maximizeWindow$0.call(Unknown Source)
	at customKeywords.commanFunctions.openBrowser(commanFunctions.groovy:48)
	at customKeywords.commanFunctions.uploadFileOfRegisterUser(commanFunctions.groovy:747)
	at customKeywords.commanFunctions.invokeMethod(commanFunctions.groovy)
	at com.kms.katalon.core.main.CustomKeywordDelegatingMetaClass.invokeStaticMethod(CustomKeywordDelegatingMetaClass.java:50)
	at TC_As a register user, Upload PC batch file File and verify Uploded file in Submission Page.run(TC_As a register user, Upload PC batch file File and verify Uploded file in Submission Page:16)
	at com.kms.katalon.core.main.ScriptEngine.run(ScriptEngine.java:194)
	at com.kms.katalon.core.main.ScriptEngine.runScriptAsRawText(ScriptEngine.java:119)
	at com.kms.katalon.core.main.TestCaseExecutor.runScript(TestCaseExecutor.java:394)
	at com.kms.katalon.core.main.TestCaseExecutor.doExecute(TestCaseExecutor.java:385)
	at com.kms.katalon.core.main.TestCaseExecutor.processExecutionPhase(TestCaseExecutor.java:364)
	at com.kms.katalon.core.main.TestCaseExecutor.accessMainPhase(TestCaseExecutor.java:356)
	at com.kms.katalon.core.main.TestCaseExecutor.execute(TestCaseExecutor.java:251)
	at com.kms.katalon.core.main.TestSuiteExecutor.accessTestCaseMainPhase(TestSuiteExecutor.java:203)
	at com.kms.katalon.core.main.TestSuiteExecutor.accessTestSuiteMainPhase(TestSuiteExecutor.java:152)
	at com.kms.katalon.core.main.TestSuiteExecutor.execute(TestSuiteExecutor.java:95)
	at com.kms.katalon.core.main.TestCaseMain.startTestSuite(TestCaseMain.java:157)
	at com.kms.katalon.core.main.TestCaseMain$startTestSuite$0.call(Unknown Source)
	at TempTestSuite1613733199540.run(TempTestSuite1613733199540.groovy:39)
Caused by: org.openqa.selenium.NoSuchWindowException: no such window: target window already closed
from unknown error: web view not found
  (Session info: chrome=86.0.4240.75)
Build info: version: '3.141.59', revision: 'e82be7d358', time: '2018-11-14T08:25:53'
System info: host: 'OMTPGCN1132568L', ip: '192.168.1.1', os.name: 'Windows 10', os.arch: 'amd64', os.version: '10.0', java.version: '1.8.0_181'
Driver info: com.kms.katalon.selenium.driver.CChromeDriver
Capabilities {acceptInsecureCerts: false, browserName: chrome, browserVersion: 86.0.4240.75, chrome: {chromedriverVersion: 86.0.4240.22 (398b0743353ff..., userDataDir: C:\Users\ashok\AppData\Loca...}, goog:chromeOptions: {debuggerAddress: localhost:50964}, javascriptEnabled: true, networkConnectionEnabled: false, pageLoadStrategy: normal, platform: WINDOWS, platformName: WINDOWS, proxy: Proxy(), setWindowRect: true, strictFileInteractability: false, timeouts: {implicit: 0, pageLoad: 300000, script: 30000}, unhandledPromptBehavior: dismiss and notify, webauthn:virtualAuthenticators: true}
Session ID: 6bc6dab92490663aa3d9a37bf2370904
	at org.openqa.selenium.remote.http.W3CHttpResponseCodec.createException(W3CHttpResponseCodec.java:187)
	at org.openqa.selenium.remote.http.W3CHttpResponseCodec.decode(W3CHttpResponseCodec.java:122)
	at org.openqa.selenium.remote.http.W3CHttpResponseCodec.decode(W3CHttpResponseCodec.java:49)
	at org.openqa.selenium.remote.HttpCommandExecutor.execute(HttpCommandExecutor.java:158)
	at org.openqa.selenium.remote.service.DriverCommandExecutor.execute(DriverCommandExecutor.java:83)
	at org.openqa.selenium.remote.RemoteWebDriver.execute(RemoteWebDriver.java:552)
	at com.kms.katalon.selenium.driver.CChromeDriver.execute(CChromeDriver.java:19)
	at org.openqa.selenium.remote.RemoteWebDriver.execute(RemoteWebDriver.java:609)
	at org.openqa.selenium.remote.RemoteWebDriver$RemoteWebDriverOptions$RemoteWindow.maximize(RemoteWebDriver.java:837)
	at org.openqa.selenium.support.events.EventFiringWebDriver$EventFiringWindow.maximize(EventFiringWebDriver.java:769)
	at com.kms.katalon.core.webui.keyword.builtin.MaximizeWindowKeyword$_maximizeWindow_closure1.doCall(MaximizeWindowKeyword.groovy:85)
	at com.kms.katalon.core.webui.keyword.builtin.MaximizeWindowKeyword$_maximizeWindow_closure1.call(MaximizeWindowKeyword.groovy)
	at com.kms.katalon.core.webui.keyword.internal.WebUIKeywordMain.runKeyword(WebUIKeywordMain.groovy:20)
	... 23 more]]></system-err>
      </testcase>
      <testcase name="Test Cases/UploadDiffFiles_RegisterUser/TC_As a register user, Upload PC Zip Compressed Archive File and verify Uploded file in Submission Page" time="13.658" classname="Test Cases/UploadDiffFiles_RegisterUser/TC_As a register user, Upload PC Zip Compressed Archive File and verify Uploded file in Submission Page" status="FAILED">
         <failure type="FAILED" message="Test Cases/UploadDiffFiles_RegisterUser/TC_As a register user, Upload PC Zip Compressed Archive File and verify Uploded file in Submission Page FAILED.
Reason:
com.kms.katalon.core.exception.StepFailedException: Unable to open browser with url: 'https://Inspect.Stage.site.sa'
	at com.kms.katalon.core.webui.keyword.internal.WebUIKeywordMain.stepFailed(WebUIKeywordMain.groovy:64)
	at com.kms.katalon.core.webui.keyword.internal.WebUIKeywordMain.runKeyword(WebUIKeywordMain.groovy:26)
	at com.kms.katalon.core.webui.keyword.builtin.OpenBrowserKeyword.openBrowser(OpenBrowserKeyword.groovy:81)
	at com.kms.katalon.core.webui.keyword.builtin.OpenBrowserKeyword.execute(OpenBrowserKeyword.groovy:67)
	at com.kms.katalon.core.keyword.internal.KeywordExecutor.executeKeywordForPlatform(KeywordExecutor.groovy:73)
	at com.kms.katalon.core.webui.keyword.WebUiBuiltInKeywords.openBrowser(WebUiBuiltInKeywords.groovy:61)
	at com.kms.katalon.core.webui.keyword.WebUiBuiltInKeywords$openBrowser.call(Unknown Source)
	at customKeywords.commanFunctions.openBrowser(commanFunctions.groovy:47)
	at customKeywords.commanFunctions.uploadFileOfRegisterUser(commanFunctions.groovy:747)
	at customKeywords.commanFunctions.invokeMethod(commanFunctions.groovy)
	at com.kms.katalon.core.main.CustomKeywordDelegatingMetaClass.invokeStaticMethod(CustomKeywordDelegatingMetaClass.java:50)
	at TC_As a register user, Upload PC Zip Compressed Archive File and verify Uploded file in Submission Page.run(TC_As a register user, Upload PC Zip Compressed Archive File and verify Uploded file in Submission Page:16)
	at com.kms.katalon.core.main.ScriptEngine.run(ScriptEngine.java:194)
	at com.kms.katalon.core.main.ScriptEngine.runScriptAsRawText(ScriptEngine.java:119)
	at com.kms.katalon.core.main.TestCaseExecutor.runScript(TestCaseExecutor.java:394)
	at com.kms.katalon.core.main.TestCaseExecutor.doExecute(TestCaseExecutor.java:385)
	at com.kms.katalon.core.main.TestCaseExecutor.processExecutionPhase(TestCaseExecutor.java:364)
	at com.kms.katalon.core.main.TestCaseExecutor.accessMainPhase(TestCaseExecutor.java:356)
	at com.kms.katalon.core.main.TestCaseExecutor.execute(TestCaseExecutor.java:251)
	at com.kms.katalon.core.main.TestSuiteExecutor.accessTestCaseMainPhase(TestSuiteExecutor.java:203)
	at com.kms.katalon.core.main.TestSuiteExecutor.accessTestSuiteMainPhase(TestSuiteExecutor.java:152)
	at com.kms.katalon.core.main.TestSuiteExecutor.execute(TestSuiteExecutor.java:95)
	at com.kms.katalon.core.main.TestCaseMain.startTestSuite(TestCaseMain.java:157)
	at com.kms.katalon.core.main.TestCaseMain$startTestSuite$0.call(Unknown Source)
	at TempTestSuite1613733199540.run(TempTestSuite1613733199540.groovy:39)
Caused by: org.openqa.selenium.SessionNotCreatedException: session not created
from chrome not reachable
  (Session info: chrome=86.0.4240.75)
Build info: version: '3.141.59', revision: 'e82be7d358', time: '2018-11-14T08:25:53'
System info: host: 'OMTPGCN1132568L', ip: '192.168.1.1', os.name: 'Windows 10', os.arch: 'amd64', os.version: '10.0', java.version: '1.8.0_181'
Driver info: driver.version: CChromeDriver
remote stacktrace: Backtrace:
	Ordinal0 [0x00A8C013+3194899]
	Ordinal0 [0x00976021+2056225]
	Ordinal0 [0x0080F4B0+586928]
	Ordinal0 [0x00805894+546964]
	Ordinal0 [0x00805F2C+548652]
	Ordinal0 [0x00807175+553333]
	Ordinal0 [0x0080241E+533534]
	Ordinal0 [0x00810620+591392]
	Ordinal0 [0x007B2A0C+207372]
	Ordinal0 [0x007B1D0D+204045]
	Ordinal0 [0x007AFC1B+195611]
	Ordinal0 [0x00793B7F+80767]
	Ordinal0 [0x00794B4E+84814]
	Ordinal0 [0x00794AD9+84697]
	Ordinal0 [0x0098CE64+2149988]
	GetHandleVerifier [0x00BFBE95+1400773]
	GetHandleVerifier [0x00BFBB61+1399953]
	GetHandleVerifier [0x00C031FA+1430314]
	GetHandleVerifier [0x00BFC69F+1402831]
	Ordinal0 [0x00983D61+2112865]
	Ordinal0 [0x0098E5CB+2155979]
	Ordinal0 [0x0098E6F5+2156277]
	Ordinal0 [0x0099F26E+2224750]
	BaseThreadInitThunk [0x77026359+25]
	RtlGetAppContainerNamedObjectPath [0x77BD8944+228]
	RtlGetAppContainerNamedObjectPath [0x77BD8914+180]

	at org.openqa.selenium.remote.W3CHandshakeResponse.lambda$errorHandler$0(W3CHandshakeResponse.java:62)
	at org.openqa.selenium.remote.HandshakeResponse.lambda$getResponseFunction$0(HandshakeResponse.java:30)
	at org.openqa.selenium.remote.ProtocolHandshake.lambda$createSession$0(ProtocolHandshake.java:126)
	at org.openqa.selenium.remote.ProtocolHandshake.createSession(ProtocolHandshake.java:128)
	at org.openqa.selenium.remote.ProtocolHandshake.createSession(ProtocolHandshake.java:74)
	at org.openqa.selenium.remote.HttpCommandExecutor.execute(HttpCommandExecutor.java:136)
	at org.openqa.selenium.remote.service.DriverCommandExecutor.execute(DriverCommandExecutor.java:83)
	at org.openqa.selenium.remote.RemoteWebDriver.execute(RemoteWebDriver.java:552)
	at com.kms.katalon.selenium.driver.CChromeDriver.execute(CChromeDriver.java:19)
	at org.openqa.selenium.remote.RemoteWebDriver.startSession(RemoteWebDriver.java:213)
	at org.openqa.selenium.remote.RemoteWebDriver.&lt;init>(RemoteWebDriver.java:131)
	at org.openqa.selenium.chrome.ChromeDriver.&lt;init>(ChromeDriver.java:181)
	at org.openqa.selenium.chrome.ChromeDriver.&lt;init>(ChromeDriver.java:147)
	at com.kms.katalon.selenium.driver.CChromeDriver.&lt;init>(CChromeDriver.java:13)
	at com.kms.katalon.core.webui.driver.DriverFactory.createNewChromeDriver(DriverFactory.java:400)
	at com.kms.katalon.core.webui.driver.DriverFactory.startNewBrowser(DriverFactory.java:358)
	at com.kms.katalon.core.webui.driver.DriverFactory.openWebDriver(DriverFactory.java:245)
	at com.kms.katalon.core.webui.keyword.builtin.OpenBrowserKeyword$_openBrowser_closure1.doCall(OpenBrowserKeyword.groovy:74)
	at com.kms.katalon.core.webui.keyword.builtin.OpenBrowserKeyword$_openBrowser_closure1.call(OpenBrowserKeyword.groovy)
	at com.kms.katalon.core.webui.keyword.internal.WebUIKeywordMain.runKeyword(WebUIKeywordMain.groovy:20)
	... 23 more
"/>
         <system-out><![CDATA[2021-02-19 16:47:26 - [TEST_CASE][FAILED] - Test Cases/UploadDiffFiles_RegisterUser/TC_As a register user, Upload PC Zip Compressed Archive File and verify Uploded file in Submission Page: Test Cases/UploadDiffFiles_RegisterUser/TC_As a register user, Upload PC Zip Compressed Archive File and verify Uploded file in Submission Page FAILED.
Reason:
com.kms.katalon.core.exception.StepFailedException: Unable to open browser with url: 'https://Inspect.Stage.site.sa'
	at com.kms.katalon.core.webui.keyword.internal.WebUIKeywordMain.stepFailed(WebUIKeywordMain.groovy:64)
	at com.kms.katalon.core.webui.keyword.internal.WebUIKeywordMain.runKeyword(WebUIKeywordMain.groovy:26)
	at com.kms.katalon.core.webui.keyword.builtin.OpenBrowserKeyword.openBrowser(OpenBrowserKeyword.groovy:81)
	at com.kms.katalon.core.webui.keyword.builtin.OpenBrowserKeyword.execute(OpenBrowserKeyword.groovy:67)
	at com.kms.katalon.core.keyword.internal.KeywordExecutor.executeKeywordForPlatform(KeywordExecutor.groovy:73)
	at com.kms.katalon.core.webui.keyword.WebUiBuiltInKeywords.openBrowser(WebUiBuiltInKeywords.groovy:61)
	at com.kms.katalon.core.webui.keyword.WebUiBuiltInKeywords$openBrowser.call(Unknown Source)
	at customKeywords.commanFunctions.openBrowser(commanFunctions.groovy:47)
	at customKeywords.commanFunctions.uploadFileOfRegisterUser(commanFunctions.groovy:747)
	at customKeywords.commanFunctions.invokeMethod(commanFunctions.groovy)
	at com.kms.katalon.core.main.CustomKeywordDelegatingMetaClass.invokeStaticMethod(CustomKeywordDelegatingMetaClass.java:50)
	at TC_As a register user, Upload PC Zip Compressed Archive File and verify Uploded file in Submission Page.run(TC_As a register user, Upload PC Zip Compressed Archive File and verify Uploded file in Submission Page:16)
	at com.kms.katalon.core.main.ScriptEngine.run(ScriptEngine.java:194)
	at com.kms.katalon.core.main.ScriptEngine.runScriptAsRawText(ScriptEngine.java:119)
	at com.kms.katalon.core.main.TestCaseExecutor.runScript(TestCaseExecutor.java:394)
	at com.kms.katalon.core.main.TestCaseExecutor.doExecute(TestCaseExecutor.java:385)
	at com.kms.katalon.core.main.TestCaseExecutor.processExecutionPhase(TestCaseExecutor.java:364)
	at com.kms.katalon.core.main.TestCaseExecutor.accessMainPhase(TestCaseExecutor.java:356)
	at com.kms.katalon.core.main.TestCaseExecutor.execute(TestCaseExecutor.java:251)
	at com.kms.katalon.core.main.TestSuiteExecutor.accessTestCaseMainPhase(TestSuiteExecutor.java:203)
	at com.kms.katalon.core.main.TestSuiteExecutor.accessTestSuiteMainPhase(TestSuiteExecutor.java:152)
	at com.kms.katalon.core.main.TestSuiteExecutor.execute(TestSuiteExecutor.java:95)
	at com.kms.katalon.core.main.TestCaseMain.startTestSuite(TestCaseMain.java:157)
	at com.kms.katalon.core.main.TestCaseMain$startTestSuite$0.call(Unknown Source)
	at TempTestSuite1613733199540.run(TempTestSuite1613733199540.groovy:39)
Caused by: org.openqa.selenium.SessionNotCreatedException: session not created
from chrome not reachable
  (Session info: chrome=86.0.4240.75)
Build info: version: '3.141.59', revision: 'e82be7d358', time: '2018-11-14T08:25:53'
System info: host: 'OMTPGCN1132568L', ip: '192.168.1.1', os.name: 'Windows 10', os.arch: 'amd64', os.version: '10.0', java.version: '1.8.0_181'
Driver info: driver.version: CChromeDriver
remote stacktrace: Backtrace:
	Ordinal0 [0x00A8C013+3194899]
	Ordinal0 [0x00976021+2056225]
	Ordinal0 [0x0080F4B0+586928]
	Ordinal0 [0x00805894+546964]
	Ordinal0 [0x00805F2C+548652]
	Ordinal0 [0x00807175+553333]
	Ordinal0 [0x0080241E+533534]
	Ordinal0 [0x00810620+591392]
	Ordinal0 [0x007B2A0C+207372]
	Ordinal0 [0x007B1D0D+204045]
	Ordinal0 [0x007AFC1B+195611]
	Ordinal0 [0x00793B7F+80767]
	Ordinal0 [0x00794B4E+84814]
	Ordinal0 [0x00794AD9+84697]
	Ordinal0 [0x0098CE64+2149988]
	GetHandleVerifier [0x00BFBE95+1400773]
	GetHandleVerifier [0x00BFBB61+1399953]
	GetHandleVerifier [0x00C031FA+1430314]
	GetHandleVerifier [0x00BFC69F+1402831]
	Ordinal0 [0x00983D61+2112865]
	Ordinal0 [0x0098E5CB+2155979]
	Ordinal0 [0x0098E6F5+2156277]
	Ordinal0 [0x0099F26E+2224750]
	BaseThreadInitThunk [0x77026359+25]
	RtlGetAppContainerNamedObjectPath [0x77BD8944+228]
	RtlGetAppContainerNamedObjectPath [0x77BD8914+180]

	at org.openqa.selenium.remote.W3CHandshakeResponse.lambda$errorHandler$0(W3CHandshakeResponse.java:62)
	at org.openqa.selenium.remote.HandshakeResponse.lambda$getResponseFunction$0(HandshakeResponse.java:30)
	at org.openqa.selenium.remote.ProtocolHandshake.lambda$createSession$0(ProtocolHandshake.java:126)
	at org.openqa.selenium.remote.ProtocolHandshake.createSession(ProtocolHandshake.java:128)
	at org.openqa.selenium.remote.ProtocolHandshake.createSession(ProtocolHandshake.java:74)
	at org.openqa.selenium.remote.HttpCommandExecutor.execute(HttpCommandExecutor.java:136)
	at org.openqa.selenium.remote.service.DriverCommandExecutor.execute(DriverCommandExecutor.java:83)
	at org.openqa.selenium.remote.RemoteWebDriver.execute(RemoteWebDriver.java:552)
	at com.kms.katalon.selenium.driver.CChromeDriver.execute(CChromeDriver.java:19)
	at org.openqa.selenium.remote.RemoteWebDriver.startSession(RemoteWebDriver.java:213)
	at org.openqa.selenium.remote.RemoteWebDriver.<init>(RemoteWebDriver.java:131)
	at org.openqa.selenium.chrome.ChromeDriver.<init>(ChromeDriver.java:181)
	at org.openqa.selenium.chrome.ChromeDriver.<init>(ChromeDriver.java:147)
	at com.kms.katalon.selenium.driver.CChromeDriver.<init>(CChromeDriver.java:13)
	at com.kms.katalon.core.webui.driver.DriverFactory.createNewChromeDriver(DriverFactory.java:400)
	at com.kms.katalon.core.webui.driver.DriverFactory.startNewBrowser(DriverFactory.java:358)
	at com.kms.katalon.core.webui.driver.DriverFactory.openWebDriver(DriverFactory.java:245)
	at com.kms.katalon.core.webui.keyword.builtin.OpenBrowserKeyword$_openBrowser_closure1.doCall(OpenBrowserKeyword.groovy:74)
	at com.kms.katalon.core.webui.keyword.builtin.OpenBrowserKeyword$_openBrowser_closure1.call(OpenBrowserKeyword.groovy)
	at com.kms.katalon.core.webui.keyword.internal.WebUIKeywordMain.runKeyword(WebUIKeywordMain.groovy:20)
	... 23 more


2021-02-19 16:47:26 - [TEST_STEP][PASSED] - excelTestData = findTestData("Data Files/TestData/InspectTestData"): null

2021-02-19 16:47:26 - [TEST_STEP][PASSED] - rigisterUN = excelTestData.getValue(6, 23): null

2021-02-19 16:47:26 - [TEST_STEP][PASSED] - rigisterPW = excelTestData.getValue(3, 23): null

2021-02-19 16:47:26 - [TEST_STEP][FAILED] - customKeywords.commanFunctions.uploadFileOfRegisterUser(329, rigisterUN, rigisterPW): Unable to open browser with url: 'https://Inspect.Stage.site.sa'

2021-02-19 16:47:26 - [MESSAGE][INFO] - Starting 'Chrome' driver

2021-02-19 16:47:26 - [MESSAGE][INFO] - Action delay is set to 0 milliseconds

2021-02-19 16:47:39 - [MESSAGE][FAILED] - Unable to open browser with url: 'https://Inspect.Stage.site.sa' (Root cause: com.kms.katalon.core.exception.StepFailedException: Unable to open browser with url: 'https://Inspect.Stage.site.sa'
	at com.kms.katalon.core.webui.keyword.internal.WebUIKeywordMain.stepFailed(WebUIKeywordMain.groovy:64)
	at com.kms.katalon.core.webui.keyword.internal.WebUIKeywordMain.runKeyword(WebUIKeywordMain.groovy:26)
	at com.kms.katalon.core.webui.keyword.builtin.OpenBrowserKeyword.openBrowser(OpenBrowserKeyword.groovy:81)
	at com.kms.katalon.core.webui.keyword.builtin.OpenBrowserKeyword.execute(OpenBrowserKeyword.groovy:67)
	at com.kms.katalon.core.keyword.internal.KeywordExecutor.executeKeywordForPlatform(KeywordExecutor.groovy:73)
	at com.kms.katalon.core.webui.keyword.WebUiBuiltInKeywords.openBrowser(WebUiBuiltInKeywords.groovy:61)
	at com.kms.katalon.core.webui.keyword.WebUiBuiltInKeywords$openBrowser.call(Unknown Source)
	at customKeywords.commanFunctions.openBrowser(commanFunctions.groovy:47)
	at customKeywords.commanFunctions.uploadFileOfRegisterUser(commanFunctions.groovy:747)
	at customKeywords.commanFunctions.invokeMethod(commanFunctions.groovy)
	at com.kms.katalon.core.main.CustomKeywordDelegatingMetaClass.invokeStaticMethod(CustomKeywordDelegatingMetaClass.java:50)
	at TC_As a register user, Upload PC Zip Compressed Archive File and verify Uploded file in Submission Page.run(TC_As a register user, Upload PC Zip Compressed Archive File and verify Uploded file in Submission Page:16)
	at com.kms.katalon.core.main.ScriptEngine.run(ScriptEngine.java:194)
	at com.kms.katalon.core.main.ScriptEngine.runScriptAsRawText(ScriptEngine.java:119)
	at com.kms.katalon.core.main.TestCaseExecutor.runScript(TestCaseExecutor.java:394)
	at com.kms.katalon.core.main.TestCaseExecutor.doExecute(TestCaseExecutor.java:385)
	at com.kms.katalon.core.main.TestCaseExecutor.processExecutionPhase(TestCaseExecutor.java:364)
	at com.kms.katalon.core.main.TestCaseExecutor.accessMainPhase(TestCaseExecutor.java:356)
	at com.kms.katalon.core.main.TestCaseExecutor.execute(TestCaseExecutor.java:251)
	at com.kms.katalon.core.main.TestSuiteExecutor.accessTestCaseMainPhase(TestSuiteExecutor.java:203)
	at com.kms.katalon.core.main.TestSuiteExecutor.accessTestSuiteMainPhase(TestSuiteExecutor.java:152)
	at com.kms.katalon.core.main.TestSuiteExecutor.execute(TestSuiteExecutor.java:95)
	at com.kms.katalon.core.main.TestCaseMain.startTestSuite(TestCaseMain.java:157)
	at com.kms.katalon.core.main.TestCaseMain$startTestSuite$0.call(Unknown Source)
	at TempTestSuite1613733199540.run(TempTestSuite1613733199540.groovy:39)
Caused by: org.openqa.selenium.SessionNotCreatedException: session not created
from chrome not reachable
  (Session info: chrome=86.0.4240.75)
Build info: version: '3.141.59', revision: 'e82be7d358', time: '2018-11-14T08:25:53'
System info: host: 'OMTPGCN1132568L', ip: '192.168.1.1', os.name: 'Windows 10', os.arch: 'amd64', os.version: '10.0', java.version: '1.8.0_181'
Driver info: driver.version: CChromeDriver
remote stacktrace: Backtrace:
	Ordinal0 [0x00A8C013+3194899]
	Ordinal0 [0x00976021+2056225]
	Ordinal0 [0x0080F4B0+586928]
	Ordinal0 [0x00805894+546964]
	Ordinal0 [0x00805F2C+548652]
	Ordinal0 [0x00807175+553333]
	Ordinal0 [0x0080241E+533534]
	Ordinal0 [0x00810620+591392]
	Ordinal0 [0x007B2A0C+207372]
	Ordinal0 [0x007B1D0D+204045]
	Ordinal0 [0x007AFC1B+195611]
	Ordinal0 [0x00793B7F+80767]
	Ordinal0 [0x00794B4E+84814]
	Ordinal0 [0x00794AD9+84697]
	Ordinal0 [0x0098CE64+2149988]
	GetHandleVerifier [0x00BFBE95+1400773]
	GetHandleVerifier [0x00BFBB61+1399953]
	GetHandleVerifier [0x00C031FA+1430314]
	GetHandleVerifier [0x00BFC69F+1402831]
	Ordinal0 [0x00983D61+2112865]
	Ordinal0 [0x0098E5CB+2155979]
	Ordinal0 [0x0098E6F5+2156277]
	Ordinal0 [0x0099F26E+2224750]
	BaseThreadInitThunk [0x77026359+25]
	RtlGetAppContainerNamedObjectPath [0x77BD8944+228]
	RtlGetAppContainerNamedObjectPath [0x77BD8914+180]

	at org.openqa.selenium.remote.W3CHandshakeResponse.lambda$errorHandler$0(W3CHandshakeResponse.java:62)
	at org.openqa.selenium.remote.HandshakeResponse.lambda$getResponseFunction$0(HandshakeResponse.java:30)
	at org.openqa.selenium.remote.ProtocolHandshake.lambda$createSession$0(ProtocolHandshake.java:126)
	at org.openqa.selenium.remote.ProtocolHandshake.createSession(ProtocolHandshake.java:128)
	at org.openqa.selenium.remote.ProtocolHandshake.createSession(ProtocolHandshake.java:74)
	at org.openqa.selenium.remote.HttpCommandExecutor.execute(HttpCommandExecutor.java:136)
	at org.openqa.selenium.remote.service.DriverCommandExecutor.execute(DriverCommandExecutor.java:83)
	at org.openqa.selenium.remote.RemoteWebDriver.execute(RemoteWebDriver.java:552)
	at com.kms.katalon.selenium.driver.CChromeDriver.execute(CChromeDriver.java:19)
	at org.openqa.selenium.remote.RemoteWebDriver.startSession(RemoteWebDriver.java:213)
	at org.openqa.selenium.remote.RemoteWebDriver.<init>(RemoteWebDriver.java:131)
	at org.openqa.selenium.chrome.ChromeDriver.<init>(ChromeDriver.java:181)
	at org.openqa.selenium.chrome.ChromeDriver.<init>(ChromeDriver.java:147)
	at com.kms.katalon.selenium.driver.CChromeDriver.<init>(CChromeDriver.java:13)
	at com.kms.katalon.core.webui.driver.DriverFactory.createNewChromeDriver(DriverFactory.java:400)
	at com.kms.katalon.core.webui.driver.DriverFactory.startNewBrowser(DriverFactory.java:358)
	at com.kms.katalon.core.webui.driver.DriverFactory.openWebDriver(DriverFactory.java:245)
	at com.kms.katalon.core.webui.keyword.builtin.OpenBrowserKeyword$_openBrowser_closure1.doCall(OpenBrowserKeyword.groovy:74)
	at com.kms.katalon.core.webui.keyword.builtin.OpenBrowserKeyword$_openBrowser_closure1.call(OpenBrowserKeyword.groovy)
	at com.kms.katalon.core.webui.keyword.internal.WebUIKeywordMain.runKeyword(WebUIKeywordMain.groovy:20)
	at com.kms.katalon.core.webui.keyword.builtin.OpenBrowserKeyword.openBrowser(OpenBrowserKeyword.groovy:81)
	at com.kms.katalon.core.webui.keyword.builtin.OpenBrowserKeyword.execute(OpenBrowserKeyword.groovy:67)
	at com.kms.katalon.core.keyword.internal.KeywordExecutor.executeKeywordForPlatform(KeywordExecutor.groovy:73)
	at com.kms.katalon.core.webui.keyword.WebUiBuiltInKeywords.openBrowser(WebUiBuiltInKeywords.groovy:61)
	at com.kms.katalon.core.webui.keyword.WebUiBuiltInKeywords$openBrowser.call(Unknown Source)
	at customKeywords.commanFunctions.openBrowser(commanFunctions.groovy:47)
	at customKeywords.commanFunctions.uploadFileOfRegisterUser(commanFunctions.groovy:747)
	at customKeywords.commanFunctions.invokeMethod(commanFunctions.groovy)
	at com.kms.katalon.core.main.CustomKeywordDelegatingMetaClass.invokeStaticMethod(CustomKeywordDelegatingMetaClass.java:50)
	at Script1613387403734.run(Script1613387403734.groovy:16)
	... 13 more
)

2021-02-19 16:47:39 - [MESSAGE][FAILED] - Unable to open browser with url: 'https://Inspect.Stage.site.sa'

2021-02-19 16:47:39 - [TEST_STEP][PASSED] - Start tear down : tearDownMethodIfFailed: Method 'tearDownMethodIfFailed' complete successfully

2021-02-19 16:47:39 - [TEST_STEP][PASSED] - customKeywords.commanFunctions.onlyCloseBrowser(): customKeywords.commanFunctions.onlyCloseBrowser is PASSED

2021-02-19 16:47:39 - [MESSAGE][PASSED] - Browser is closed

2021-02-19 16:47:39 - [MESSAGE][PASSED] - customKeywords.commanFunctions.onlyCloseBrowser is PASSED

2021-02-19 16:47:39 - [TEST_STEP][PASSED] - logInfo("[--------This is tearDownIfFailed method------]"): [--------This is tearDownIfFailed method------]

2021-02-19 16:47:39 - [MESSAGE][INFO] - [--------This is tearDownIfFailed method------]

2021-02-19 16:47:39 - [MESSAGE][PASSED] - Method 'tearDownMethodIfFailed' complete successfully]]></system-out>
         <system-err><![CDATA[2021-02-19 16:47:26 - [TEST_CASE][FAILED] - Test Cases/UploadDiffFiles_RegisterUser/TC_As a register user, Upload PC Zip Compressed Archive File and verify Uploded file in Submission Page: Test Cases/UploadDiffFiles_RegisterUser/TC_As a register user, Upload PC Zip Compressed Archive File and verify Uploded file in Submission Page FAILED.
Reason:
com.kms.katalon.core.exception.StepFailedException: Unable to open browser with url: 'https://Inspect.Stage.site.sa'
	at com.kms.katalon.core.webui.keyword.internal.WebUIKeywordMain.stepFailed(WebUIKeywordMain.groovy:64)
	at com.kms.katalon.core.webui.keyword.internal.WebUIKeywordMain.runKeyword(WebUIKeywordMain.groovy:26)
	at com.kms.katalon.core.webui.keyword.builtin.OpenBrowserKeyword.openBrowser(OpenBrowserKeyword.groovy:81)
	at com.kms.katalon.core.webui.keyword.builtin.OpenBrowserKeyword.execute(OpenBrowserKeyword.groovy:67)
	at com.kms.katalon.core.keyword.internal.KeywordExecutor.executeKeywordForPlatform(KeywordExecutor.groovy:73)
	at com.kms.katalon.core.webui.keyword.WebUiBuiltInKeywords.openBrowser(WebUiBuiltInKeywords.groovy:61)
	at com.kms.katalon.core.webui.keyword.WebUiBuiltInKeywords$openBrowser.call(Unknown Source)
	at customKeywords.commanFunctions.openBrowser(commanFunctions.groovy:47)
	at customKeywords.commanFunctions.uploadFileOfRegisterUser(commanFunctions.groovy:747)
	at customKeywords.commanFunctions.invokeMethod(commanFunctions.groovy)
	at com.kms.katalon.core.main.CustomKeywordDelegatingMetaClass.invokeStaticMethod(CustomKeywordDelegatingMetaClass.java:50)
	at TC_As a register user, Upload PC Zip Compressed Archive File and verify Uploded file in Submission Page.run(TC_As a register user, Upload PC Zip Compressed Archive File and verify Uploded file in Submission Page:16)
	at com.kms.katalon.core.main.ScriptEngine.run(ScriptEngine.java:194)
	at com.kms.katalon.core.main.ScriptEngine.runScriptAsRawText(ScriptEngine.java:119)
	at com.kms.katalon.core.main.TestCaseExecutor.runScript(TestCaseExecutor.java:394)
	at com.kms.katalon.core.main.TestCaseExecutor.doExecute(TestCaseExecutor.java:385)
	at com.kms.katalon.core.main.TestCaseExecutor.processExecutionPhase(TestCaseExecutor.java:364)
	at com.kms.katalon.core.main.TestCaseExecutor.accessMainPhase(TestCaseExecutor.java:356)
	at com.kms.katalon.core.main.TestCaseExecutor.execute(TestCaseExecutor.java:251)
	at com.kms.katalon.core.main.TestSuiteExecutor.accessTestCaseMainPhase(TestSuiteExecutor.java:203)
	at com.kms.katalon.core.main.TestSuiteExecutor.accessTestSuiteMainPhase(TestSuiteExecutor.java:152)
	at com.kms.katalon.core.main.TestSuiteExecutor.execute(TestSuiteExecutor.java:95)
	at com.kms.katalon.core.main.TestCaseMain.startTestSuite(TestCaseMain.java:157)
	at com.kms.katalon.core.main.TestCaseMain$startTestSuite$0.call(Unknown Source)
	at TempTestSuite1613733199540.run(TempTestSuite1613733199540.groovy:39)
Caused by: org.openqa.selenium.SessionNotCreatedException: session not created
from chrome not reachable
  (Session info: chrome=86.0.4240.75)
Build info: version: '3.141.59', revision: 'e82be7d358', time: '2018-11-14T08:25:53'
System info: host: 'OMTPGCN1132568L', ip: '192.168.1.1', os.name: 'Windows 10', os.arch: 'amd64', os.version: '10.0', java.version: '1.8.0_181'
Driver info: driver.version: CChromeDriver
remote stacktrace: Backtrace:
	Ordinal0 [0x00A8C013+3194899]
	Ordinal0 [0x00976021+2056225]
	Ordinal0 [0x0080F4B0+586928]
	Ordinal0 [0x00805894+546964]
	Ordinal0 [0x00805F2C+548652]
	Ordinal0 [0x00807175+553333]
	Ordinal0 [0x0080241E+533534]
	Ordinal0 [0x00810620+591392]
	Ordinal0 [0x007B2A0C+207372]
	Ordinal0 [0x007B1D0D+204045]
	Ordinal0 [0x007AFC1B+195611]
	Ordinal0 [0x00793B7F+80767]
	Ordinal0 [0x00794B4E+84814]
	Ordinal0 [0x00794AD9+84697]
	Ordinal0 [0x0098CE64+2149988]
	GetHandleVerifier [0x00BFBE95+1400773]
	GetHandleVerifier [0x00BFBB61+1399953]
	GetHandleVerifier [0x00C031FA+1430314]
	GetHandleVerifier [0x00BFC69F+1402831]
	Ordinal0 [0x00983D61+2112865]
	Ordinal0 [0x0098E5CB+2155979]
	Ordinal0 [0x0098E6F5+2156277]
	Ordinal0 [0x0099F26E+2224750]
	BaseThreadInitThunk [0x77026359+25]
	RtlGetAppContainerNamedObjectPath [0x77BD8944+228]
	RtlGetAppContainerNamedObjectPath [0x77BD8914+180]

	at org.openqa.selenium.remote.W3CHandshakeResponse.lambda$errorHandler$0(W3CHandshakeResponse.java:62)
	at org.openqa.selenium.remote.HandshakeResponse.lambda$getResponseFunction$0(HandshakeResponse.java:30)
	at org.openqa.selenium.remote.ProtocolHandshake.lambda$createSession$0(ProtocolHandshake.java:126)
	at org.openqa.selenium.remote.ProtocolHandshake.createSession(ProtocolHandshake.java:128)
	at org.openqa.selenium.remote.ProtocolHandshake.createSession(ProtocolHandshake.java:74)
	at org.openqa.selenium.remote.HttpCommandExecutor.execute(HttpCommandExecutor.java:136)
	at org.openqa.selenium.remote.service.DriverCommandExecutor.execute(DriverCommandExecutor.java:83)
	at org.openqa.selenium.remote.RemoteWebDriver.execute(RemoteWebDriver.java:552)
	at com.kms.katalon.selenium.driver.CChromeDriver.execute(CChromeDriver.java:19)
	at org.openqa.selenium.remote.RemoteWebDriver.startSession(RemoteWebDriver.java:213)
	at org.openqa.selenium.remote.RemoteWebDriver.<init>(RemoteWebDriver.java:131)
	at org.openqa.selenium.chrome.ChromeDriver.<init>(ChromeDriver.java:181)
	at org.openqa.selenium.chrome.ChromeDriver.<init>(ChromeDriver.java:147)
	at com.kms.katalon.selenium.driver.CChromeDriver.<init>(CChromeDriver.java:13)
	at com.kms.katalon.core.webui.driver.DriverFactory.createNewChromeDriver(DriverFactory.java:400)
	at com.kms.katalon.core.webui.driver.DriverFactory.startNewBrowser(DriverFactory.java:358)
	at com.kms.katalon.core.webui.driver.DriverFactory.openWebDriver(DriverFactory.java:245)
	at com.kms.katalon.core.webui.keyword.builtin.OpenBrowserKeyword$_openBrowser_closure1.doCall(OpenBrowserKeyword.groovy:74)
	at com.kms.katalon.core.webui.keyword.builtin.OpenBrowserKeyword$_openBrowser_closure1.call(OpenBrowserKeyword.groovy)
	at com.kms.katalon.core.webui.keyword.internal.WebUIKeywordMain.runKeyword(WebUIKeywordMain.groovy:20)
	... 23 more]]></system-err>
      </testcase>
      <testcase name="Test Cases/UploadDiffFiles_RegisterUser/TC_As a register user, Upload PDF File and verify Uploded file in Submission Page" time="9.009" classname="Test Cases/UploadDiffFiles_RegisterUser/TC_As a register user, Upload PDF File and verify Uploded file in Submission Page" status="FAILED">
         <failure type="FAILED" message="Test Cases/UploadDiffFiles_RegisterUser/TC_As a register user, Upload PDF File and verify Uploded file in Submission Page FAILED.
Reason:
com.kms.katalon.core.exception.StepFailedException: Unable to maximize current window
	at com.kms.katalon.core.webui.keyword.internal.WebUIKeywordMain.stepFailed(WebUIKeywordMain.groovy:64)
	at com.kms.katalon.core.webui.keyword.internal.WebUIKeywordMain.runKeyword(WebUIKeywordMain.groovy:26)
	at com.kms.katalon.core.webui.keyword.builtin.MaximizeWindowKeyword.maximizeWindow(MaximizeWindowKeyword.groovy:74)
	at com.kms.katalon.core.webui.keyword.builtin.MaximizeWindowKeyword.execute(MaximizeWindowKeyword.groovy:69)
	at com.kms.katalon.core.keyword.internal.KeywordExecutor.executeKeywordForPlatform(KeywordExecutor.groovy:73)
	at com.kms.katalon.core.webui.keyword.WebUiBuiltInKeywords.maximizeWindow(WebUiBuiltInKeywords.groovy:280)
	at com.kms.katalon.core.webui.keyword.WebUiBuiltInKeywords$maximizeWindow$0.call(Unknown Source)
	at customKeywords.commanFunctions.openBrowser(commanFunctions.groovy:48)
	at customKeywords.commanFunctions.uploadFileOfRegisterUser(commanFunctions.groovy:747)
	at customKeywords.commanFunctions.invokeMethod(commanFunctions.groovy)
	at com.kms.katalon.core.main.CustomKeywordDelegatingMetaClass.invokeStaticMethod(CustomKeywordDelegatingMetaClass.java:50)
	at TC_As a register user, Upload PDF File and verify Uploded file in Submission Page.run(TC_As a register user, Upload PDF File and verify Uploded file in Submission Page:16)
	at com.kms.katalon.core.main.ScriptEngine.run(ScriptEngine.java:194)
	at com.kms.katalon.core.main.ScriptEngine.runScriptAsRawText(ScriptEngine.java:119)
	at com.kms.katalon.core.main.TestCaseExecutor.runScript(TestCaseExecutor.java:394)
	at com.kms.katalon.core.main.TestCaseExecutor.doExecute(TestCaseExecutor.java:385)
	at com.kms.katalon.core.main.TestCaseExecutor.processExecutionPhase(TestCaseExecutor.java:364)
	at com.kms.katalon.core.main.TestCaseExecutor.accessMainPhase(TestCaseExecutor.java:356)
	at com.kms.katalon.core.main.TestCaseExecutor.execute(TestCaseExecutor.java:251)
	at com.kms.katalon.core.main.TestSuiteExecutor.accessTestCaseMainPhase(TestSuiteExecutor.java:203)
	at com.kms.katalon.core.main.TestSuiteExecutor.accessTestSuiteMainPhase(TestSuiteExecutor.java:152)
	at com.kms.katalon.core.main.TestSuiteExecutor.execute(TestSuiteExecutor.java:95)
	at com.kms.katalon.core.main.TestCaseMain.startTestSuite(TestCaseMain.java:157)
	at com.kms.katalon.core.main.TestCaseMain$startTestSuite$0.call(Unknown Source)
	at TempTestSuite1613733199540.run(TempTestSuite1613733199540.groovy:39)
Caused by: org.openqa.selenium.NoSuchWindowException: no such window: target window already closed
from unknown error: web view not found
  (Session info: chrome=86.0.4240.75)
Build info: version: '3.141.59', revision: 'e82be7d358', time: '2018-11-14T08:25:53'
System info: host: 'OMTPGCN1132568L', ip: '192.168.1.1', os.name: 'Windows 10', os.arch: 'amd64', os.version: '10.0', java.version: '1.8.0_181'
Driver info: com.kms.katalon.selenium.driver.CChromeDriver
Capabilities {acceptInsecureCerts: false, browserName: chrome, browserVersion: 86.0.4240.75, chrome: {chromedriverVersion: 86.0.4240.22 (398b0743353ff..., userDataDir: C:\Users\ashok\AppData\Loca...}, goog:chromeOptions: {debuggerAddress: localhost:51007}, javascriptEnabled: true, networkConnectionEnabled: false, pageLoadStrategy: normal, platform: WINDOWS, platformName: WINDOWS, proxy: Proxy(), setWindowRect: true, strictFileInteractability: false, timeouts: {implicit: 0, pageLoad: 300000, script: 30000}, unhandledPromptBehavior: dismiss and notify, webauthn:virtualAuthenticators: true}
Session ID: b8ea8727917a1a63d637ee049cbbd5bf
	at org.openqa.selenium.remote.http.W3CHttpResponseCodec.createException(W3CHttpResponseCodec.java:187)
	at org.openqa.selenium.remote.http.W3CHttpResponseCodec.decode(W3CHttpResponseCodec.java:122)
	at org.openqa.selenium.remote.http.W3CHttpResponseCodec.decode(W3CHttpResponseCodec.java:49)
	at org.openqa.selenium.remote.HttpCommandExecutor.execute(HttpCommandExecutor.java:158)
	at org.openqa.selenium.remote.service.DriverCommandExecutor.execute(DriverCommandExecutor.java:83)
	at org.openqa.selenium.remote.RemoteWebDriver.execute(RemoteWebDriver.java:552)
	at com.kms.katalon.selenium.driver.CChromeDriver.execute(CChromeDriver.java:19)
	at org.openqa.selenium.remote.RemoteWebDriver.execute(RemoteWebDriver.java:609)
	at org.openqa.selenium.remote.RemoteWebDriver$RemoteWebDriverOptions$RemoteWindow.maximize(RemoteWebDriver.java:837)
	at org.openqa.selenium.support.events.EventFiringWebDriver$EventFiringWindow.maximize(EventFiringWebDriver.java:769)
	at com.kms.katalon.core.webui.keyword.builtin.MaximizeWindowKeyword$_maximizeWindow_closure1.doCall(MaximizeWindowKeyword.groovy:85)
	at com.kms.katalon.core.webui.keyword.builtin.MaximizeWindowKeyword$_maximizeWindow_closure1.call(MaximizeWindowKeyword.groovy)
	at com.kms.katalon.core.webui.keyword.internal.WebUIKeywordMain.runKeyword(WebUIKeywordMain.groovy:20)
	... 23 more
"/>
         <system-out><![CDATA[2021-02-19 16:47:39 - [TEST_CASE][FAILED] - Test Cases/UploadDiffFiles_RegisterUser/TC_As a register user, Upload PDF File and verify Uploded file in Submission Page: Test Cases/UploadDiffFiles_RegisterUser/TC_As a register user, Upload PDF File and verify Uploded file in Submission Page FAILED.
Reason:
com.kms.katalon.core.exception.StepFailedException: Unable to maximize current window
	at com.kms.katalon.core.webui.keyword.internal.WebUIKeywordMain.stepFailed(WebUIKeywordMain.groovy:64)
	at com.kms.katalon.core.webui.keyword.internal.WebUIKeywordMain.runKeyword(WebUIKeywordMain.groovy:26)
	at com.kms.katalon.core.webui.keyword.builtin.MaximizeWindowKeyword.maximizeWindow(MaximizeWindowKeyword.groovy:74)
	at com.kms.katalon.core.webui.keyword.builtin.MaximizeWindowKeyword.execute(MaximizeWindowKeyword.groovy:69)
	at com.kms.katalon.core.keyword.internal.KeywordExecutor.executeKeywordForPlatform(KeywordExecutor.groovy:73)
	at com.kms.katalon.core.webui.keyword.WebUiBuiltInKeywords.maximizeWindow(WebUiBuiltInKeywords.groovy:280)
	at com.kms.katalon.core.webui.keyword.WebUiBuiltInKeywords$maximizeWindow$0.call(Unknown Source)
	at customKeywords.commanFunctions.openBrowser(commanFunctions.groovy:48)
	at customKeywords.commanFunctions.uploadFileOfRegisterUser(commanFunctions.groovy:747)
	at customKeywords.commanFunctions.invokeMethod(commanFunctions.groovy)
	at com.kms.katalon.core.main.CustomKeywordDelegatingMetaClass.invokeStaticMethod(CustomKeywordDelegatingMetaClass.java:50)
	at TC_As a register user, Upload PDF File and verify Uploded file in Submission Page.run(TC_As a register user, Upload PDF File and verify Uploded file in Submission Page:16)
	at com.kms.katalon.core.main.ScriptEngine.run(ScriptEngine.java:194)
	at com.kms.katalon.core.main.ScriptEngine.runScriptAsRawText(ScriptEngine.java:119)
	at com.kms.katalon.core.main.TestCaseExecutor.runScript(TestCaseExecutor.java:394)
	at com.kms.katalon.core.main.TestCaseExecutor.doExecute(TestCaseExecutor.java:385)
	at com.kms.katalon.core.main.TestCaseExecutor.processExecutionPhase(TestCaseExecutor.java:364)
	at com.kms.katalon.core.main.TestCaseExecutor.accessMainPhase(TestCaseExecutor.java:356)
	at com.kms.katalon.core.main.TestCaseExecutor.execute(TestCaseExecutor.java:251)
	at com.kms.katalon.core.main.TestSuiteExecutor.accessTestCaseMainPhase(TestSuiteExecutor.java:203)
	at com.kms.katalon.core.main.TestSuiteExecutor.accessTestSuiteMainPhase(TestSuiteExecutor.java:152)
	at com.kms.katalon.core.main.TestSuiteExecutor.execute(TestSuiteExecutor.java:95)
	at com.kms.katalon.core.main.TestCaseMain.startTestSuite(TestCaseMain.java:157)
	at com.kms.katalon.core.main.TestCaseMain$startTestSuite$0.call(Unknown Source)
	at TempTestSuite1613733199540.run(TempTestSuite1613733199540.groovy:39)
Caused by: org.openqa.selenium.NoSuchWindowException: no such window: target window already closed
from unknown error: web view not found
  (Session info: chrome=86.0.4240.75)
Build info: version: '3.141.59', revision: 'e82be7d358', time: '2018-11-14T08:25:53'
System info: host: 'OMTPGCN1132568L', ip: '192.168.1.1', os.name: 'Windows 10', os.arch: 'amd64', os.version: '10.0', java.version: '1.8.0_181'
Driver info: com.kms.katalon.selenium.driver.CChromeDriver
Capabilities {acceptInsecureCerts: false, browserName: chrome, browserVersion: 86.0.4240.75, chrome: {chromedriverVersion: 86.0.4240.22 (398b0743353ff..., userDataDir: C:\Users\ashok\AppData\Loca...}, goog:chromeOptions: {debuggerAddress: localhost:51007}, javascriptEnabled: true, networkConnectionEnabled: false, pageLoadStrategy: normal, platform: WINDOWS, platformName: WINDOWS, proxy: Proxy(), setWindowRect: true, strictFileInteractability: false, timeouts: {implicit: 0, pageLoad: 300000, script: 30000}, unhandledPromptBehavior: dismiss and notify, webauthn:virtualAuthenticators: true}
Session ID: b8ea8727917a1a63d637ee049cbbd5bf
	at org.openqa.selenium.remote.http.W3CHttpResponseCodec.createException(W3CHttpResponseCodec.java:187)
	at org.openqa.selenium.remote.http.W3CHttpResponseCodec.decode(W3CHttpResponseCodec.java:122)
	at org.openqa.selenium.remote.http.W3CHttpResponseCodec.decode(W3CHttpResponseCodec.java:49)
	at org.openqa.selenium.remote.HttpCommandExecutor.execute(HttpCommandExecutor.java:158)
	at org.openqa.selenium.remote.service.DriverCommandExecutor.execute(DriverCommandExecutor.java:83)
	at org.openqa.selenium.remote.RemoteWebDriver.execute(RemoteWebDriver.java:552)
	at com.kms.katalon.selenium.driver.CChromeDriver.execute(CChromeDriver.java:19)
	at org.openqa.selenium.remote.RemoteWebDriver.execute(RemoteWebDriver.java:609)
	at org.openqa.selenium.remote.RemoteWebDriver$RemoteWebDriverOptions$RemoteWindow.maximize(RemoteWebDriver.java:837)
	at org.openqa.selenium.support.events.EventFiringWebDriver$EventFiringWindow.maximize(EventFiringWebDriver.java:769)
	at com.kms.katalon.core.webui.keyword.builtin.MaximizeWindowKeyword$_maximizeWindow_closure1.doCall(MaximizeWindowKeyword.groovy:85)
	at com.kms.katalon.core.webui.keyword.builtin.MaximizeWindowKeyword$_maximizeWindow_closure1.call(MaximizeWindowKeyword.groovy)
	at com.kms.katalon.core.webui.keyword.internal.WebUIKeywordMain.runKeyword(WebUIKeywordMain.groovy:20)
	... 23 more


2021-02-19 16:47:39 - [TEST_STEP][PASSED] - excelTestData = findTestData("Data Files/TestData/InspectTestData"): null

2021-02-19 16:47:39 - [TEST_STEP][PASSED] - rigisterUN = excelTestData.getValue(6, 23): null

2021-02-19 16:47:39 - [TEST_STEP][PASSED] - rigisterPW = excelTestData.getValue(3, 23): null

2021-02-19 16:47:39 - [TEST_STEP][FAILED] - customKeywords.commanFunctions.uploadFileOfRegisterUser(220, rigisterUN, rigisterPW): Unable to maximize current window

2021-02-19 16:47:40 - [MESSAGE][INFO] - Starting 'Chrome' driver

2021-02-19 16:47:40 - [MESSAGE][INFO] - Action delay is set to 0 milliseconds

2021-02-19 16:47:48 - [MESSAGE][PASSED] - Browser is opened with url: 'https://Inspect.Stage.site.sa'

2021-02-19 16:47:48 - [MESSAGE][WARNING] - Cannot take screenshot

2021-02-19 16:47:48 - [MESSAGE][FAILED] - Unable to maximize current window (Root cause: com.kms.katalon.core.exception.StepFailedException: Unable to maximize current window
	at com.kms.katalon.core.webui.keyword.internal.WebUIKeywordMain.stepFailed(WebUIKeywordMain.groovy:64)
	at com.kms.katalon.core.webui.keyword.internal.WebUIKeywordMain.runKeyword(WebUIKeywordMain.groovy:26)
	at com.kms.katalon.core.webui.keyword.builtin.MaximizeWindowKeyword.maximizeWindow(MaximizeWindowKeyword.groovy:74)
	at com.kms.katalon.core.webui.keyword.builtin.MaximizeWindowKeyword.execute(MaximizeWindowKeyword.groovy:69)
	at com.kms.katalon.core.keyword.internal.KeywordExecutor.executeKeywordForPlatform(KeywordExecutor.groovy:73)
	at com.kms.katalon.core.webui.keyword.WebUiBuiltInKeywords.maximizeWindow(WebUiBuiltInKeywords.groovy:280)
	at com.kms.katalon.core.webui.keyword.WebUiBuiltInKeywords$maximizeWindow$0.call(Unknown Source)
	at customKeywords.commanFunctions.openBrowser(commanFunctions.groovy:48)
	at customKeywords.commanFunctions.uploadFileOfRegisterUser(commanFunctions.groovy:747)
	at customKeywords.commanFunctions.invokeMethod(commanFunctions.groovy)
	at com.kms.katalon.core.main.CustomKeywordDelegatingMetaClass.invokeStaticMethod(CustomKeywordDelegatingMetaClass.java:50)
	at TC_As a register user, Upload PDF File and verify Uploded file in Submission Page.run(TC_As a register user, Upload PDF File and verify Uploded file in Submission Page:16)
	at com.kms.katalon.core.main.ScriptEngine.run(ScriptEngine.java:194)
	at com.kms.katalon.core.main.ScriptEngine.runScriptAsRawText(ScriptEngine.java:119)
	at com.kms.katalon.core.main.TestCaseExecutor.runScript(TestCaseExecutor.java:394)
	at com.kms.katalon.core.main.TestCaseExecutor.doExecute(TestCaseExecutor.java:385)
	at com.kms.katalon.core.main.TestCaseExecutor.processExecutionPhase(TestCaseExecutor.java:364)
	at com.kms.katalon.core.main.TestCaseExecutor.accessMainPhase(TestCaseExecutor.java:356)
	at com.kms.katalon.core.main.TestCaseExecutor.execute(TestCaseExecutor.java:251)
	at com.kms.katalon.core.main.TestSuiteExecutor.accessTestCaseMainPhase(TestSuiteExecutor.java:203)
	at com.kms.katalon.core.main.TestSuiteExecutor.accessTestSuiteMainPhase(TestSuiteExecutor.java:152)
	at com.kms.katalon.core.main.TestSuiteExecutor.execute(TestSuiteExecutor.java:95)
	at com.kms.katalon.core.main.TestCaseMain.startTestSuite(TestCaseMain.java:157)
	at com.kms.katalon.core.main.TestCaseMain$startTestSuite$0.call(Unknown Source)
	at TempTestSuite1613733199540.run(TempTestSuite1613733199540.groovy:39)
Caused by: org.openqa.selenium.NoSuchWindowException: no such window: target window already closed
from unknown error: web view not found
  (Session info: chrome=86.0.4240.75)
Build info: version: '3.141.59', revision: 'e82be7d358', time: '2018-11-14T08:25:53'
System info: host: 'OMTPGCN1132568L', ip: '192.168.1.1', os.name: 'Windows 10', os.arch: 'amd64', os.version: '10.0', java.version: '1.8.0_181'
Driver info: com.kms.katalon.selenium.driver.CChromeDriver
Capabilities {acceptInsecureCerts: false, browserName: chrome, browserVersion: 86.0.4240.75, chrome: {chromedriverVersion: 86.0.4240.22 (398b0743353ff..., userDataDir: C:\Users\ashok\AppData\Loca...}, goog:chromeOptions: {debuggerAddress: localhost:51007}, javascriptEnabled: true, networkConnectionEnabled: false, pageLoadStrategy: normal, platform: WINDOWS, platformName: WINDOWS, proxy: Proxy(), setWindowRect: true, strictFileInteractability: false, timeouts: {implicit: 0, pageLoad: 300000, script: 30000}, unhandledPromptBehavior: dismiss and notify, webauthn:virtualAuthenticators: true}
Session ID: b8ea8727917a1a63d637ee049cbbd5bf
	at org.openqa.selenium.remote.http.W3CHttpResponseCodec.createException(W3CHttpResponseCodec.java:187)
	at org.openqa.selenium.remote.http.W3CHttpResponseCodec.decode(W3CHttpResponseCodec.java:122)
	at org.openqa.selenium.remote.http.W3CHttpResponseCodec.decode(W3CHttpResponseCodec.java:49)
	at org.openqa.selenium.remote.HttpCommandExecutor.execute(HttpCommandExecutor.java:158)
	at org.openqa.selenium.remote.service.DriverCommandExecutor.execute(DriverCommandExecutor.java:83)
	at org.openqa.selenium.remote.RemoteWebDriver.execute(RemoteWebDriver.java:552)
	at com.kms.katalon.selenium.driver.CChromeDriver.execute(CChromeDriver.java:19)
	at org.openqa.selenium.remote.RemoteWebDriver.execute(RemoteWebDriver.java:609)
	at org.openqa.selenium.remote.RemoteWebDriver$RemoteWebDriverOptions$RemoteWindow.maximize(RemoteWebDriver.java:837)
	at org.openqa.selenium.support.events.EventFiringWebDriver$EventFiringWindow.maximize(EventFiringWebDriver.java:769)
	at com.kms.katalon.core.webui.keyword.builtin.MaximizeWindowKeyword$_maximizeWindow_closure1.doCall(MaximizeWindowKeyword.groovy:85)
	at com.kms.katalon.core.webui.keyword.builtin.MaximizeWindowKeyword$_maximizeWindow_closure1.call(MaximizeWindowKeyword.groovy)
	at com.kms.katalon.core.webui.keyword.internal.WebUIKeywordMain.runKeyword(WebUIKeywordMain.groovy:20)
	at com.kms.katalon.core.webui.keyword.builtin.MaximizeWindowKeyword.maximizeWindow(MaximizeWindowKeyword.groovy:74)
	at com.kms.katalon.core.webui.keyword.builtin.MaximizeWindowKeyword.execute(MaximizeWindowKeyword.groovy:69)
	at com.kms.katalon.core.keyword.internal.KeywordExecutor.executeKeywordForPlatform(KeywordExecutor.groovy:73)
	at com.kms.katalon.core.webui.keyword.WebUiBuiltInKeywords.maximizeWindow(WebUiBuiltInKeywords.groovy:280)
	at com.kms.katalon.core.webui.keyword.WebUiBuiltInKeywords$maximizeWindow$0.call(Unknown Source)
	at customKeywords.commanFunctions.openBrowser(commanFunctions.groovy:48)
	at customKeywords.commanFunctions.uploadFileOfRegisterUser(commanFunctions.groovy:747)
	at customKeywords.commanFunctions.invokeMethod(commanFunctions.groovy)
	at com.kms.katalon.core.main.CustomKeywordDelegatingMetaClass.invokeStaticMethod(CustomKeywordDelegatingMetaClass.java:50)
	at Script1613223068786.run(Script1613223068786.groovy:16)
	... 13 more
)

2021-02-19 16:47:48 - [MESSAGE][FAILED] - Unable to maximize current window

2021-02-19 16:47:48 - [TEST_STEP][PASSED] - Start tear down : tearDownMethodIfFailed: Method 'tearDownMethodIfFailed' complete successfully

2021-02-19 16:47:48 - [TEST_STEP][PASSED] - customKeywords.commanFunctions.onlyCloseBrowser(): customKeywords.commanFunctions.onlyCloseBrowser is PASSED

2021-02-19 16:47:48 - [MESSAGE][PASSED] - Browser is closed

2021-02-19 16:47:48 - [MESSAGE][PASSED] - customKeywords.commanFunctions.onlyCloseBrowser is PASSED

2021-02-19 16:47:48 - [TEST_STEP][PASSED] - logInfo("[--------This is tearDownIfFailed method------]"): [--------This is tearDownIfFailed method------]

2021-02-19 16:47:48 - [MESSAGE][INFO] - [--------This is tearDownIfFailed method------]

2021-02-19 16:47:48 - [MESSAGE][PASSED] - Method 'tearDownMethodIfFailed' complete successfully]]></system-out>
         <system-err><![CDATA[2021-02-19 16:47:39 - [TEST_CASE][FAILED] - Test Cases/UploadDiffFiles_RegisterUser/TC_As a register user, Upload PDF File and verify Uploded file in Submission Page: Test Cases/UploadDiffFiles_RegisterUser/TC_As a register user, Upload PDF File and verify Uploded file in Submission Page FAILED.
Reason:
com.kms.katalon.core.exception.StepFailedException: Unable to maximize current window
	at com.kms.katalon.core.webui.keyword.internal.WebUIKeywordMain.stepFailed(WebUIKeywordMain.groovy:64)
	at com.kms.katalon.core.webui.keyword.internal.WebUIKeywordMain.runKeyword(WebUIKeywordMain.groovy:26)
	at com.kms.katalon.core.webui.keyword.builtin.MaximizeWindowKeyword.maximizeWindow(MaximizeWindowKeyword.groovy:74)
	at com.kms.katalon.core.webui.keyword.builtin.MaximizeWindowKeyword.execute(MaximizeWindowKeyword.groovy:69)
	at com.kms.katalon.core.keyword.internal.KeywordExecutor.executeKeywordForPlatform(KeywordExecutor.groovy:73)
	at com.kms.katalon.core.webui.keyword.WebUiBuiltInKeywords.maximizeWindow(WebUiBuiltInKeywords.groovy:280)
	at com.kms.katalon.core.webui.keyword.WebUiBuiltInKeywords$maximizeWindow$0.call(Unknown Source)
	at customKeywords.commanFunctions.openBrowser(commanFunctions.groovy:48)
	at customKeywords.commanFunctions.uploadFileOfRegisterUser(commanFunctions.groovy:747)
	at customKeywords.commanFunctions.invokeMethod(commanFunctions.groovy)
	at com.kms.katalon.core.main.CustomKeywordDelegatingMetaClass.invokeStaticMethod(CustomKeywordDelegatingMetaClass.java:50)
	at TC_As a register user, Upload PDF File and verify Uploded file in Submission Page.run(TC_As a register user, Upload PDF File and verify Uploded file in Submission Page:16)
	at com.kms.katalon.core.main.ScriptEngine.run(ScriptEngine.java:194)
	at com.kms.katalon.core.main.ScriptEngine.runScriptAsRawText(ScriptEngine.java:119)
	at com.kms.katalon.core.main.TestCaseExecutor.runScript(TestCaseExecutor.java:394)
	at com.kms.katalon.core.main.TestCaseExecutor.doExecute(TestCaseExecutor.java:385)
	at com.kms.katalon.core.main.TestCaseExecutor.processExecutionPhase(TestCaseExecutor.java:364)
	at com.kms.katalon.core.main.TestCaseExecutor.accessMainPhase(TestCaseExecutor.java:356)
	at com.kms.katalon.core.main.TestCaseExecutor.execute(TestCaseExecutor.java:251)
	at com.kms.katalon.core.main.TestSuiteExecutor.accessTestCaseMainPhase(TestSuiteExecutor.java:203)
	at com.kms.katalon.core.main.TestSuiteExecutor.accessTestSuiteMainPhase(TestSuiteExecutor.java:152)
	at com.kms.katalon.core.main.TestSuiteExecutor.execute(TestSuiteExecutor.java:95)
	at com.kms.katalon.core.main.TestCaseMain.startTestSuite(TestCaseMain.java:157)
	at com.kms.katalon.core.main.TestCaseMain$startTestSuite$0.call(Unknown Source)
	at TempTestSuite1613733199540.run(TempTestSuite1613733199540.groovy:39)
Caused by: org.openqa.selenium.NoSuchWindowException: no such window: target window already closed
from unknown error: web view not found
  (Session info: chrome=86.0.4240.75)
Build info: version: '3.141.59', revision: 'e82be7d358', time: '2018-11-14T08:25:53'
System info: host: 'OMTPGCN1132568L', ip: '192.168.1.1', os.name: 'Windows 10', os.arch: 'amd64', os.version: '10.0', java.version: '1.8.0_181'
Driver info: com.kms.katalon.selenium.driver.CChromeDriver
Capabilities {acceptInsecureCerts: false, browserName: chrome, browserVersion: 86.0.4240.75, chrome: {chromedriverVersion: 86.0.4240.22 (398b0743353ff..., userDataDir: C:\Users\ashok\AppData\Loca...}, goog:chromeOptions: {debuggerAddress: localhost:51007}, javascriptEnabled: true, networkConnectionEnabled: false, pageLoadStrategy: normal, platform: WINDOWS, platformName: WINDOWS, proxy: Proxy(), setWindowRect: true, strictFileInteractability: false, timeouts: {implicit: 0, pageLoad: 300000, script: 30000}, unhandledPromptBehavior: dismiss and notify, webauthn:virtualAuthenticators: true}
Session ID: b8ea8727917a1a63d637ee049cbbd5bf
	at org.openqa.selenium.remote.http.W3CHttpResponseCodec.createException(W3CHttpResponseCodec.java:187)
	at org.openqa.selenium.remote.http.W3CHttpResponseCodec.decode(W3CHttpResponseCodec.java:122)
	at org.openqa.selenium.remote.http.W3CHttpResponseCodec.decode(W3CHttpResponseCodec.java:49)
	at org.openqa.selenium.remote.HttpCommandExecutor.execute(HttpCommandExecutor.java:158)
	at org.openqa.selenium.remote.service.DriverCommandExecutor.execute(DriverCommandExecutor.java:83)
	at org.openqa.selenium.remote.RemoteWebDriver.execute(RemoteWebDriver.java:552)
	at com.kms.katalon.selenium.driver.CChromeDriver.execute(CChromeDriver.java:19)
	at org.openqa.selenium.remote.RemoteWebDriver.execute(RemoteWebDriver.java:609)
	at org.openqa.selenium.remote.RemoteWebDriver$RemoteWebDriverOptions$RemoteWindow.maximize(RemoteWebDriver.java:837)
	at org.openqa.selenium.support.events.EventFiringWebDriver$EventFiringWindow.maximize(EventFiringWebDriver.java:769)
	at com.kms.katalon.core.webui.keyword.builtin.MaximizeWindowKeyword$_maximizeWindow_closure1.doCall(MaximizeWindowKeyword.groovy:85)
	at com.kms.katalon.core.webui.keyword.builtin.MaximizeWindowKeyword$_maximizeWindow_closure1.call(MaximizeWindowKeyword.groovy)
	at com.kms.katalon.core.webui.keyword.internal.WebUIKeywordMain.runKeyword(WebUIKeywordMain.groovy:20)
	... 23 more]]></system-err>
      </testcase>
      <testcase name="Test Cases/UploadDiffFiles_RegisterUser/TC_As a register user, Upload PNG File and verify Uploded file in Submission Page" time="4.717" classname="Test Cases/UploadDiffFiles_RegisterUser/TC_As a register user, Upload PNG File and verify Uploded file in Submission Page" status="FAILED">
         <failure type="FAILED" message="Test Cases/UploadDiffFiles_RegisterUser/TC_As a register user, Upload PNG File and verify Uploded file in Submission Page FAILED.
Reason:
com.kms.katalon.core.exception.StepFailedException: Unable to open browser with url: 'https://Inspect.Stage.site.sa'
	at com.kms.katalon.core.webui.keyword.internal.WebUIKeywordMain.stepFailed(WebUIKeywordMain.groovy:64)
	at com.kms.katalon.core.webui.keyword.internal.WebUIKeywordMain.runKeyword(WebUIKeywordMain.groovy:26)
	at com.kms.katalon.core.webui.keyword.builtin.OpenBrowserKeyword.openBrowser(OpenBrowserKeyword.groovy:81)
	at com.kms.katalon.core.webui.keyword.builtin.OpenBrowserKeyword.execute(OpenBrowserKeyword.groovy:67)
	at com.kms.katalon.core.keyword.internal.KeywordExecutor.executeKeywordForPlatform(KeywordExecutor.groovy:73)
	at com.kms.katalon.core.webui.keyword.WebUiBuiltInKeywords.openBrowser(WebUiBuiltInKeywords.groovy:61)
	at com.kms.katalon.core.webui.keyword.WebUiBuiltInKeywords$openBrowser.call(Unknown Source)
	at customKeywords.commanFunctions.openBrowser(commanFunctions.groovy:47)
	at customKeywords.commanFunctions.uploadFileOfPublicUser(commanFunctions.groovy:650)
	at customKeywords.commanFunctions.invokeMethod(commanFunctions.groovy)
	at com.kms.katalon.core.main.CustomKeywordDelegatingMetaClass.invokeStaticMethod(CustomKeywordDelegatingMetaClass.java:50)
	at TC_As a register user, Upload PNG File and verify Uploded file in Submission Page.run(TC_As a register user, Upload PNG File and verify Uploded file in Submission Page:14)
	at com.kms.katalon.core.main.ScriptEngine.run(ScriptEngine.java:194)
	at com.kms.katalon.core.main.ScriptEngine.runScriptAsRawText(ScriptEngine.java:119)
	at com.kms.katalon.core.main.TestCaseExecutor.runScript(TestCaseExecutor.java:394)
	at com.kms.katalon.core.main.TestCaseExecutor.doExecute(TestCaseExecutor.java:385)
	at com.kms.katalon.core.main.TestCaseExecutor.processExecutionPhase(TestCaseExecutor.java:364)
	at com.kms.katalon.core.main.TestCaseExecutor.accessMainPhase(TestCaseExecutor.java:356)
	at com.kms.katalon.core.main.TestCaseExecutor.execute(TestCaseExecutor.java:251)
	at com.kms.katalon.core.main.TestSuiteExecutor.accessTestCaseMainPhase(TestSuiteExecutor.java:203)
	at com.kms.katalon.core.main.TestSuiteExecutor.accessTestSuiteMainPhase(TestSuiteExecutor.java:152)
	at com.kms.katalon.core.main.TestSuiteExecutor.execute(TestSuiteExecutor.java:95)
	at com.kms.katalon.core.main.TestCaseMain.startTestSuite(TestCaseMain.java:157)
	at com.kms.katalon.core.main.TestCaseMain$startTestSuite$0.call(Unknown Source)
	at TempTestSuite1613733199540.run(TempTestSuite1613733199540.groovy:39)
Caused by: org.openqa.selenium.WebDriverException: unknown error: cannot determine loading status
from disconnected: received Inspector.detached event
  (Session info: chrome=86.0.4240.75)
Build info: version: '3.141.59', revision: 'e82be7d358', time: '2018-11-14T08:25:53'
System info: host: 'OMTPGCN1132568L', ip: '192.168.1.1', os.name: 'Windows 10', os.arch: 'amd64', os.version: '10.0', java.version: '1.8.0_181'
Driver info: com.kms.katalon.selenium.driver.CChromeDriver
Capabilities {acceptInsecureCerts: false, browserName: chrome, browserVersion: 86.0.4240.75, chrome: {chromedriverVersion: 86.0.4240.22 (398b0743353ff..., userDataDir: C:\Users\ashok\AppData\Loca...}, goog:chromeOptions: {debuggerAddress: localhost:51027}, javascriptEnabled: true, networkConnectionEnabled: false, pageLoadStrategy: normal, platform: WINDOWS, platformName: WINDOWS, proxy: Proxy(), setWindowRect: true, strictFileInteractability: false, timeouts: {implicit: 0, pageLoad: 300000, script: 30000}, unhandledPromptBehavior: dismiss and notify, webauthn:virtualAuthenticators: true}
Session ID: 83ebc0d4e3da4ddbe4d6032bd79a5a16
	at org.openqa.selenium.remote.http.W3CHttpResponseCodec.createException(W3CHttpResponseCodec.java:187)
	at org.openqa.selenium.remote.http.W3CHttpResponseCodec.decode(W3CHttpResponseCodec.java:122)
	at org.openqa.selenium.remote.http.W3CHttpResponseCodec.decode(W3CHttpResponseCodec.java:49)
	at org.openqa.selenium.remote.HttpCommandExecutor.execute(HttpCommandExecutor.java:158)
	at org.openqa.selenium.remote.service.DriverCommandExecutor.execute(DriverCommandExecutor.java:83)
	at org.openqa.selenium.remote.RemoteWebDriver.execute(RemoteWebDriver.java:552)
	at com.kms.katalon.selenium.driver.CChromeDriver.execute(CChromeDriver.java:19)
	at org.openqa.selenium.remote.RemoteWebDriver.get(RemoteWebDriver.java:277)
	at org.openqa.selenium.support.events.EventFiringWebDriver.lambda$new$1(EventFiringWebDriver.java:105)
	at com.sun.proxy.$Proxy11.get(Unknown Source)
	at org.openqa.selenium.support.events.EventFiringWebDriver.get(EventFiringWebDriver.java:165)
	at com.kms.katalon.core.webui.keyword.builtin.OpenBrowserKeyword$_openBrowser_closure1.doCall(OpenBrowserKeyword.groovy:78)
	at com.kms.katalon.core.webui.keyword.builtin.OpenBrowserKeyword$_openBrowser_closure1.call(OpenBrowserKeyword.groovy)
	at com.kms.katalon.core.webui.keyword.internal.WebUIKeywordMain.runKeyword(WebUIKeywordMain.groovy:20)
	... 23 more
"/>
         <system-out><![CDATA[2021-02-19 16:47:48 - [TEST_CASE][FAILED] - Test Cases/UploadDiffFiles_RegisterUser/TC_As a register user, Upload PNG File and verify Uploded file in Submission Page: Test Cases/UploadDiffFiles_RegisterUser/TC_As a register user, Upload PNG File and verify Uploded file in Submission Page FAILED.
Reason:
com.kms.katalon.core.exception.StepFailedException: Unable to open browser with url: 'https://Inspect.Stage.site.sa'
	at com.kms.katalon.core.webui.keyword.internal.WebUIKeywordMain.stepFailed(WebUIKeywordMain.groovy:64)
	at com.kms.katalon.core.webui.keyword.internal.WebUIKeywordMain.runKeyword(WebUIKeywordMain.groovy:26)
	at com.kms.katalon.core.webui.keyword.builtin.OpenBrowserKeyword.openBrowser(OpenBrowserKeyword.groovy:81)
	at com.kms.katalon.core.webui.keyword.builtin.OpenBrowserKeyword.execute(OpenBrowserKeyword.groovy:67)
	at com.kms.katalon.core.keyword.internal.KeywordExecutor.executeKeywordForPlatform(KeywordExecutor.groovy:73)
	at com.kms.katalon.core.webui.keyword.WebUiBuiltInKeywords.openBrowser(WebUiBuiltInKeywords.groovy:61)
	at com.kms.katalon.core.webui.keyword.WebUiBuiltInKeywords$openBrowser.call(Unknown Source)
	at customKeywords.commanFunctions.openBrowser(commanFunctions.groovy:47)
	at customKeywords.commanFunctions.uploadFileOfPublicUser(commanFunctions.groovy:650)
	at customKeywords.commanFunctions.invokeMethod(commanFunctions.groovy)
	at com.kms.katalon.core.main.CustomKeywordDelegatingMetaClass.invokeStaticMethod(CustomKeywordDelegatingMetaClass.java:50)
	at TC_As a register user, Upload PNG File and verify Uploded file in Submission Page.run(TC_As a register user, Upload PNG File and verify Uploded file in Submission Page:14)
	at com.kms.katalon.core.main.ScriptEngine.run(ScriptEngine.java:194)
	at com.kms.katalon.core.main.ScriptEngine.runScriptAsRawText(ScriptEngine.java:119)
	at com.kms.katalon.core.main.TestCaseExecutor.runScript(TestCaseExecutor.java:394)
	at com.kms.katalon.core.main.TestCaseExecutor.doExecute(TestCaseExecutor.java:385)
	at com.kms.katalon.core.main.TestCaseExecutor.processExecutionPhase(TestCaseExecutor.java:364)
	at com.kms.katalon.core.main.TestCaseExecutor.accessMainPhase(TestCaseExecutor.java:356)
	at com.kms.katalon.core.main.TestCaseExecutor.execute(TestCaseExecutor.java:251)
	at com.kms.katalon.core.main.TestSuiteExecutor.accessTestCaseMainPhase(TestSuiteExecutor.java:203)
	at com.kms.katalon.core.main.TestSuiteExecutor.accessTestSuiteMainPhase(TestSuiteExecutor.java:152)
	at com.kms.katalon.core.main.TestSuiteExecutor.execute(TestSuiteExecutor.java:95)
	at com.kms.katalon.core.main.TestCaseMain.startTestSuite(TestCaseMain.java:157)
	at com.kms.katalon.core.main.TestCaseMain$startTestSuite$0.call(Unknown Source)
	at TempTestSuite1613733199540.run(TempTestSuite1613733199540.groovy:39)
Caused by: org.openqa.selenium.WebDriverException: unknown error: cannot determine loading status
from disconnected: received Inspector.detached event
  (Session info: chrome=86.0.4240.75)
Build info: version: '3.141.59', revision: 'e82be7d358', time: '2018-11-14T08:25:53'
System info: host: 'OMTPGCN1132568L', ip: '192.168.1.1', os.name: 'Windows 10', os.arch: 'amd64', os.version: '10.0', java.version: '1.8.0_181'
Driver info: com.kms.katalon.selenium.driver.CChromeDriver
Capabilities {acceptInsecureCerts: false, browserName: chrome, browserVersion: 86.0.4240.75, chrome: {chromedriverVersion: 86.0.4240.22 (398b0743353ff..., userDataDir: C:\Users\ashok\AppData\Loca...}, goog:chromeOptions: {debuggerAddress: localhost:51027}, javascriptEnabled: true, networkConnectionEnabled: false, pageLoadStrategy: normal, platform: WINDOWS, platformName: WINDOWS, proxy: Proxy(), setWindowRect: true, strictFileInteractability: false, timeouts: {implicit: 0, pageLoad: 300000, script: 30000}, unhandledPromptBehavior: dismiss and notify, webauthn:virtualAuthenticators: true}
Session ID: 83ebc0d4e3da4ddbe4d6032bd79a5a16
	at org.openqa.selenium.remote.http.W3CHttpResponseCodec.createException(W3CHttpResponseCodec.java:187)
	at org.openqa.selenium.remote.http.W3CHttpResponseCodec.decode(W3CHttpResponseCodec.java:122)
	at org.openqa.selenium.remote.http.W3CHttpResponseCodec.decode(W3CHttpResponseCodec.java:49)
	at org.openqa.selenium.remote.HttpCommandExecutor.execute(HttpCommandExecutor.java:158)
	at org.openqa.selenium.remote.service.DriverCommandExecutor.execute(DriverCommandExecutor.java:83)
	at org.openqa.selenium.remote.RemoteWebDriver.execute(RemoteWebDriver.java:552)
	at com.kms.katalon.selenium.driver.CChromeDriver.execute(CChromeDriver.java:19)
	at org.openqa.selenium.remote.RemoteWebDriver.get(RemoteWebDriver.java:277)
	at org.openqa.selenium.support.events.EventFiringWebDriver.lambda$new$1(EventFiringWebDriver.java:105)
	at com.sun.proxy.$Proxy11.get(Unknown Source)
	at org.openqa.selenium.support.events.EventFiringWebDriver.get(EventFiringWebDriver.java:165)
	at com.kms.katalon.core.webui.keyword.builtin.OpenBrowserKeyword$_openBrowser_closure1.doCall(OpenBrowserKeyword.groovy:78)
	at com.kms.katalon.core.webui.keyword.builtin.OpenBrowserKeyword$_openBrowser_closure1.call(OpenBrowserKeyword.groovy)
	at com.kms.katalon.core.webui.keyword.internal.WebUIKeywordMain.runKeyword(WebUIKeywordMain.groovy:20)
	... 23 more


2021-02-19 16:47:48 - [TEST_STEP][PASSED] - excelTestData = findTestData("Data Files/TestData/InspectTestData"): null

2021-02-19 16:47:49 - [TEST_STEP][PASSED] - userEmail = excelTestData.getValue(2, 23): null

2021-02-19 16:47:49 - [TEST_STEP][FAILED] - customKeywords.commanFunctions.uploadFileOfPublicUser(216, userEmail): Unable to open browser with url: 'https://Inspect.Stage.site.sa'

2021-02-19 16:47:49 - [MESSAGE][INFO] - Starting 'Chrome' driver

2021-02-19 16:47:49 - [MESSAGE][INFO] - Action delay is set to 0 milliseconds

2021-02-19 16:47:52 - [MESSAGE][FAILED] - Unable to open browser with url: 'https://Inspect.Stage.site.sa' (Root cause: com.kms.katalon.core.exception.StepFailedException: Unable to open browser with url: 'https://Inspect.Stage.site.sa'
	at com.kms.katalon.core.webui.keyword.internal.WebUIKeywordMain.stepFailed(WebUIKeywordMain.groovy:64)
	at com.kms.katalon.core.webui.keyword.internal.WebUIKeywordMain.runKeyword(WebUIKeywordMain.groovy:26)
	at com.kms.katalon.core.webui.keyword.builtin.OpenBrowserKeyword.openBrowser(OpenBrowserKeyword.groovy:81)
	at com.kms.katalon.core.webui.keyword.builtin.OpenBrowserKeyword.execute(OpenBrowserKeyword.groovy:67)
	at com.kms.katalon.core.keyword.internal.KeywordExecutor.executeKeywordForPlatform(KeywordExecutor.groovy:73)
	at com.kms.katalon.core.webui.keyword.WebUiBuiltInKeywords.openBrowser(WebUiBuiltInKeywords.groovy:61)
	at com.kms.katalon.core.webui.keyword.WebUiBuiltInKeywords$openBrowser.call(Unknown Source)
	at customKeywords.commanFunctions.openBrowser(commanFunctions.groovy:47)
	at customKeywords.commanFunctions.uploadFileOfPublicUser(commanFunctions.groovy:650)
	at customKeywords.commanFunctions.invokeMethod(commanFunctions.groovy)
	at com.kms.katalon.core.main.CustomKeywordDelegatingMetaClass.invokeStaticMethod(CustomKeywordDelegatingMetaClass.java:50)
	at TC_As a register user, Upload PNG File and verify Uploded file in Submission Page.run(TC_As a register user, Upload PNG File and verify Uploded file in Submission Page:14)
	at com.kms.katalon.core.main.ScriptEngine.run(ScriptEngine.java:194)
	at com.kms.katalon.core.main.ScriptEngine.runScriptAsRawText(ScriptEngine.java:119)
	at com.kms.katalon.core.main.TestCaseExecutor.runScript(TestCaseExecutor.java:394)
	at com.kms.katalon.core.main.TestCaseExecutor.doExecute(TestCaseExecutor.java:385)
	at com.kms.katalon.core.main.TestCaseExecutor.processExecutionPhase(TestCaseExecutor.java:364)
	at com.kms.katalon.core.main.TestCaseExecutor.accessMainPhase(TestCaseExecutor.java:356)
	at com.kms.katalon.core.main.TestCaseExecutor.execute(TestCaseExecutor.java:251)
	at com.kms.katalon.core.main.TestSuiteExecutor.accessTestCaseMainPhase(TestSuiteExecutor.java:203)
	at com.kms.katalon.core.main.TestSuiteExecutor.accessTestSuiteMainPhase(TestSuiteExecutor.java:152)
	at com.kms.katalon.core.main.TestSuiteExecutor.execute(TestSuiteExecutor.java:95)
	at com.kms.katalon.core.main.TestCaseMain.startTestSuite(TestCaseMain.java:157)
	at com.kms.katalon.core.main.TestCaseMain$startTestSuite$0.call(Unknown Source)
	at TempTestSuite1613733199540.run(TempTestSuite1613733199540.groovy:39)
Caused by: org.openqa.selenium.WebDriverException: unknown error: cannot determine loading status
from disconnected: received Inspector.detached event
  (Session info: chrome=86.0.4240.75)
Build info: version: '3.141.59', revision: 'e82be7d358', time: '2018-11-14T08:25:53'
System info: host: 'OMTPGCN1132568L', ip: '192.168.1.1', os.name: 'Windows 10', os.arch: 'amd64', os.version: '10.0', java.version: '1.8.0_181'
Driver info: com.kms.katalon.selenium.driver.CChromeDriver
Capabilities {acceptInsecureCerts: false, browserName: chrome, browserVersion: 86.0.4240.75, chrome: {chromedriverVersion: 86.0.4240.22 (398b0743353ff..., userDataDir: C:\Users\ashok\AppData\Loca...}, goog:chromeOptions: {debuggerAddress: localhost:51027}, javascriptEnabled: true, networkConnectionEnabled: false, pageLoadStrategy: normal, platform: WINDOWS, platformName: WINDOWS, proxy: Proxy(), setWindowRect: true, strictFileInteractability: false, timeouts: {implicit: 0, pageLoad: 300000, script: 30000}, unhandledPromptBehavior: dismiss and notify, webauthn:virtualAuthenticators: true}
Session ID: 83ebc0d4e3da4ddbe4d6032bd79a5a16
	at org.openqa.selenium.remote.http.W3CHttpResponseCodec.createException(W3CHttpResponseCodec.java:187)
	at org.openqa.selenium.remote.http.W3CHttpResponseCodec.decode(W3CHttpResponseCodec.java:122)
	at org.openqa.selenium.remote.http.W3CHttpResponseCodec.decode(W3CHttpResponseCodec.java:49)
	at org.openqa.selenium.remote.HttpCommandExecutor.execute(HttpCommandExecutor.java:158)
	at org.openqa.selenium.remote.service.DriverCommandExecutor.execute(DriverCommandExecutor.java:83)
	at org.openqa.selenium.remote.RemoteWebDriver.execute(RemoteWebDriver.java:552)
	at com.kms.katalon.selenium.driver.CChromeDriver.execute(CChromeDriver.java:19)
	at org.openqa.selenium.remote.RemoteWebDriver.get(RemoteWebDriver.java:277)
	at org.openqa.selenium.support.events.EventFiringWebDriver.lambda$new$1(EventFiringWebDriver.java:105)
	at com.sun.proxy.$Proxy11.get(Unknown Source)
	at org.openqa.selenium.support.events.EventFiringWebDriver.get(EventFiringWebDriver.java:165)
	at com.kms.katalon.core.webui.keyword.builtin.OpenBrowserKeyword$_openBrowser_closure1.doCall(OpenBrowserKeyword.groovy:78)
	at com.kms.katalon.core.webui.keyword.builtin.OpenBrowserKeyword$_openBrowser_closure1.call(OpenBrowserKeyword.groovy)
	at com.kms.katalon.core.webui.keyword.internal.WebUIKeywordMain.runKeyword(WebUIKeywordMain.groovy:20)
	at com.kms.katalon.core.webui.keyword.builtin.OpenBrowserKeyword.openBrowser(OpenBrowserKeyword.groovy:81)
	at com.kms.katalon.core.webui.keyword.builtin.OpenBrowserKeyword.execute(OpenBrowserKeyword.groovy:67)
	at com.kms.katalon.core.keyword.internal.KeywordExecutor.executeKeywordForPlatform(KeywordExecutor.groovy:73)
	at com.kms.katalon.core.webui.keyword.WebUiBuiltInKeywords.openBrowser(WebUiBuiltInKeywords.groovy:61)
	at com.kms.katalon.core.webui.keyword.WebUiBuiltInKeywords$openBrowser.call(Unknown Source)
	at customKeywords.commanFunctions.openBrowser(commanFunctions.groovy:47)
	at customKeywords.commanFunctions.uploadFileOfPublicUser(commanFunctions.groovy:650)
	at customKeywords.commanFunctions.invokeMethod(commanFunctions.groovy)
	at com.kms.katalon.core.main.CustomKeywordDelegatingMetaClass.invokeStaticMethod(CustomKeywordDelegatingMetaClass.java:50)
	at Script1613223077687.run(Script1613223077687.groovy:14)
	... 13 more
)

2021-02-19 16:47:52 - [MESSAGE][FAILED] - Unable to open browser with url: 'https://Inspect.Stage.site.sa'

2021-02-19 16:47:52 - [TEST_STEP][PASSED] - Start tear down : tearDownMethodIfFailed: Method 'tearDownMethodIfFailed' complete successfully

2021-02-19 16:47:52 - [TEST_STEP][PASSED] - customKeywords.commanFunctions.onlyCloseBrowser(): customKeywords.commanFunctions.onlyCloseBrowser is PASSED

2021-02-19 16:47:53 - [MESSAGE][PASSED] - Browser is closed

2021-02-19 16:47:53 - [MESSAGE][PASSED] - customKeywords.commanFunctions.onlyCloseBrowser is PASSED

2021-02-19 16:47:53 - [TEST_STEP][PASSED] - logInfo("[--------This is tearDownIfFailed method------]"): [--------This is tearDownIfFailed method------]

2021-02-19 16:47:53 - [MESSAGE][INFO] - [--------This is tearDownIfFailed method------]

2021-02-19 16:47:53 - [MESSAGE][PASSED] - Method 'tearDownMethodIfFailed' complete successfully]]></system-out>
         <system-err><![CDATA[2021-02-19 16:47:48 - [TEST_CASE][FAILED] - Test Cases/UploadDiffFiles_RegisterUser/TC_As a register user, Upload PNG File and verify Uploded file in Submission Page: Test Cases/UploadDiffFiles_RegisterUser/TC_As a register user, Upload PNG File and verify Uploded file in Submission Page FAILED.
Reason:
com.kms.katalon.core.exception.StepFailedException: Unable to open browser with url: 'https://Inspect.Stage.site.sa'
	at com.kms.katalon.core.webui.keyword.internal.WebUIKeywordMain.stepFailed(WebUIKeywordMain.groovy:64)
	at com.kms.katalon.core.webui.keyword.internal.WebUIKeywordMain.runKeyword(WebUIKeywordMain.groovy:26)
	at com.kms.katalon.core.webui.keyword.builtin.OpenBrowserKeyword.openBrowser(OpenBrowserKeyword.groovy:81)
	at com.kms.katalon.core.webui.keyword.builtin.OpenBrowserKeyword.execute(OpenBrowserKeyword.groovy:67)
	at com.kms.katalon.core.keyword.internal.KeywordExecutor.executeKeywordForPlatform(KeywordExecutor.groovy:73)
	at com.kms.katalon.core.webui.keyword.WebUiBuiltInKeywords.openBrowser(WebUiBuiltInKeywords.groovy:61)
	at com.kms.katalon.core.webui.keyword.WebUiBuiltInKeywords$openBrowser.call(Unknown Source)
	at customKeywords.commanFunctions.openBrowser(commanFunctions.groovy:47)
	at customKeywords.commanFunctions.uploadFileOfPublicUser(commanFunctions.groovy:650)
	at customKeywords.commanFunctions.invokeMethod(commanFunctions.groovy)
	at com.kms.katalon.core.main.CustomKeywordDelegatingMetaClass.invokeStaticMethod(CustomKeywordDelegatingMetaClass.java:50)
	at TC_As a register user, Upload PNG File and verify Uploded file in Submission Page.run(TC_As a register user, Upload PNG File and verify Uploded file in Submission Page:14)
	at com.kms.katalon.core.main.ScriptEngine.run(ScriptEngine.java:194)
	at com.kms.katalon.core.main.ScriptEngine.runScriptAsRawText(ScriptEngine.java:119)
	at com.kms.katalon.core.main.TestCaseExecutor.runScript(TestCaseExecutor.java:394)
	at com.kms.katalon.core.main.TestCaseExecutor.doExecute(TestCaseExecutor.java:385)
	at com.kms.katalon.core.main.TestCaseExecutor.processExecutionPhase(TestCaseExecutor.java:364)
	at com.kms.katalon.core.main.TestCaseExecutor.accessMainPhase(TestCaseExecutor.java:356)
	at com.kms.katalon.core.main.TestCaseExecutor.execute(TestCaseExecutor.java:251)
	at com.kms.katalon.core.main.TestSuiteExecutor.accessTestCaseMainPhase(TestSuiteExecutor.java:203)
	at com.kms.katalon.core.main.TestSuiteExecutor.accessTestSuiteMainPhase(TestSuiteExecutor.java:152)
	at com.kms.katalon.core.main.TestSuiteExecutor.execute(TestSuiteExecutor.java:95)
	at com.kms.katalon.core.main.TestCaseMain.startTestSuite(TestCaseMain.java:157)
	at com.kms.katalon.core.main.TestCaseMain$startTestSuite$0.call(Unknown Source)
	at TempTestSuite1613733199540.run(TempTestSuite1613733199540.groovy:39)
Caused by: org.openqa.selenium.WebDriverException: unknown error: cannot determine loading status
from disconnected: received Inspector.detached event
  (Session info: chrome=86.0.4240.75)
Build info: version: '3.141.59', revision: 'e82be7d358', time: '2018-11-14T08:25:53'
System info: host: 'OMTPGCN1132568L', ip: '192.168.1.1', os.name: 'Windows 10', os.arch: 'amd64', os.version: '10.0', java.version: '1.8.0_181'
Driver info: com.kms.katalon.selenium.driver.CChromeDriver
Capabilities {acceptInsecureCerts: false, browserName: chrome, browserVersion: 86.0.4240.75, chrome: {chromedriverVersion: 86.0.4240.22 (398b0743353ff..., userDataDir: C:\Users\ashok\AppData\Loca...}, goog:chromeOptions: {debuggerAddress: localhost:51027}, javascriptEnabled: true, networkConnectionEnabled: false, pageLoadStrategy: normal, platform: WINDOWS, platformName: WINDOWS, proxy: Proxy(), setWindowRect: true, strictFileInteractability: false, timeouts: {implicit: 0, pageLoad: 300000, script: 30000}, unhandledPromptBehavior: dismiss and notify, webauthn:virtualAuthenticators: true}
Session ID: 83ebc0d4e3da4ddbe4d6032bd79a5a16
	at org.openqa.selenium.remote.http.W3CHttpResponseCodec.createException(W3CHttpResponseCodec.java:187)
	at org.openqa.selenium.remote.http.W3CHttpResponseCodec.decode(W3CHttpResponseCodec.java:122)
	at org.openqa.selenium.remote.http.W3CHttpResponseCodec.decode(W3CHttpResponseCodec.java:49)
	at org.openqa.selenium.remote.HttpCommandExecutor.execute(HttpCommandExecutor.java:158)
	at org.openqa.selenium.remote.service.DriverCommandExecutor.execute(DriverCommandExecutor.java:83)
	at org.openqa.selenium.remote.RemoteWebDriver.execute(RemoteWebDriver.java:552)
	at com.kms.katalon.selenium.driver.CChromeDriver.execute(CChromeDriver.java:19)
	at org.openqa.selenium.remote.RemoteWebDriver.get(RemoteWebDriver.java:277)
	at org.openqa.selenium.support.events.EventFiringWebDriver.lambda$new$1(EventFiringWebDriver.java:105)
	at com.sun.proxy.$Proxy11.get(Unknown Source)
	at org.openqa.selenium.support.events.EventFiringWebDriver.get(EventFiringWebDriver.java:165)
	at com.kms.katalon.core.webui.keyword.builtin.OpenBrowserKeyword$_openBrowser_closure1.doCall(OpenBrowserKeyword.groovy:78)
	at com.kms.katalon.core.webui.keyword.builtin.OpenBrowserKeyword$_openBrowser_closure1.call(OpenBrowserKeyword.groovy)
	at com.kms.katalon.core.webui.keyword.internal.WebUIKeywordMain.runKeyword(WebUIKeywordMain.groovy:20)
	... 23 more]]></system-err>
      </testcase>
      <testcase name="Test Cases/UploadDiffFiles_RegisterUser/TC_As a register user, Upload PowerPoint File and verify Uploded file in Submission Page" time="8.262" classname="Test Cases/UploadDiffFiles_RegisterUser/TC_As a register user, Upload PowerPoint File and verify Uploded file in Submission Page" status="FAILED">
         <failure type="FAILED" message="Test Cases/UploadDiffFiles_RegisterUser/TC_As a register user, Upload PowerPoint File and verify Uploded file in Submission Page FAILED.
Reason:
com.kms.katalon.core.exception.StepFailedException: Unable to maximize current window
	at com.kms.katalon.core.webui.keyword.internal.WebUIKeywordMain.stepFailed(WebUIKeywordMain.groovy:64)
	at com.kms.katalon.core.webui.keyword.internal.WebUIKeywordMain.runKeyword(WebUIKeywordMain.groovy:26)
	at com.kms.katalon.core.webui.keyword.builtin.MaximizeWindowKeyword.maximizeWindow(MaximizeWindowKeyword.groovy:74)
	at com.kms.katalon.core.webui.keyword.builtin.MaximizeWindowKeyword.execute(MaximizeWindowKeyword.groovy:69)
	at com.kms.katalon.core.keyword.internal.KeywordExecutor.executeKeywordForPlatform(KeywordExecutor.groovy:73)
	at com.kms.katalon.core.webui.keyword.WebUiBuiltInKeywords.maximizeWindow(WebUiBuiltInKeywords.groovy:280)
	at com.kms.katalon.core.webui.keyword.WebUiBuiltInKeywords$maximizeWindow$0.call(Unknown Source)
	at customKeywords.commanFunctions.openBrowser(commanFunctions.groovy:48)
	at customKeywords.commanFunctions.uploadFileOfRegisterUser(commanFunctions.groovy:747)
	at customKeywords.commanFunctions.invokeMethod(commanFunctions.groovy)
	at com.kms.katalon.core.main.CustomKeywordDelegatingMetaClass.invokeStaticMethod(CustomKeywordDelegatingMetaClass.java:50)
	at TC_As a register user, Upload PowerPoint File and verify Uploded file in Submission Page.run(TC_As a register user, Upload PowerPoint File and verify Uploded file in Submission Page:16)
	at com.kms.katalon.core.main.ScriptEngine.run(ScriptEngine.java:194)
	at com.kms.katalon.core.main.ScriptEngine.runScriptAsRawText(ScriptEngine.java:119)
	at com.kms.katalon.core.main.TestCaseExecutor.runScript(TestCaseExecutor.java:394)
	at com.kms.katalon.core.main.TestCaseExecutor.doExecute(TestCaseExecutor.java:385)
	at com.kms.katalon.core.main.TestCaseExecutor.processExecutionPhase(TestCaseExecutor.java:364)
	at com.kms.katalon.core.main.TestCaseExecutor.accessMainPhase(TestCaseExecutor.java:356)
	at com.kms.katalon.core.main.TestCaseExecutor.execute(TestCaseExecutor.java:251)
	at com.kms.katalon.core.main.TestSuiteExecutor.accessTestCaseMainPhase(TestSuiteExecutor.java:203)
	at com.kms.katalon.core.main.TestSuiteExecutor.accessTestSuiteMainPhase(TestSuiteExecutor.java:152)
	at com.kms.katalon.core.main.TestSuiteExecutor.execute(TestSuiteExecutor.java:95)
	at com.kms.katalon.core.main.TestCaseMain.startTestSuite(TestCaseMain.java:157)
	at com.kms.katalon.core.main.TestCaseMain$startTestSuite$0.call(Unknown Source)
	at TempTestSuite1613733199540.run(TempTestSuite1613733199540.groovy:39)
Caused by: org.openqa.selenium.NoSuchWindowException: no such window: target window already closed
from unknown error: web view not found
  (Session info: chrome=86.0.4240.75)
Build info: version: '3.141.59', revision: 'e82be7d358', time: '2018-11-14T08:25:53'
System info: host: 'OMTPGCN1132568L', ip: '192.168.1.1', os.name: 'Windows 10', os.arch: 'amd64', os.version: '10.0', java.version: '1.8.0_181'
Driver info: com.kms.katalon.selenium.driver.CChromeDriver
Capabilities {acceptInsecureCerts: false, browserName: chrome, browserVersion: 86.0.4240.75, chrome: {chromedriverVersion: 86.0.4240.22 (398b0743353ff..., userDataDir: C:\Users\ashok\AppData\Loca...}, goog:chromeOptions: {debuggerAddress: localhost:51045}, javascriptEnabled: true, networkConnectionEnabled: false, pageLoadStrategy: normal, platform: WINDOWS, platformName: WINDOWS, proxy: Proxy(), setWindowRect: true, strictFileInteractability: false, timeouts: {implicit: 0, pageLoad: 300000, script: 30000}, unhandledPromptBehavior: dismiss and notify, webauthn:virtualAuthenticators: true}
Session ID: 61fc8c5b0e439cd48416891aac58113f
	at org.openqa.selenium.remote.http.W3CHttpResponseCodec.createException(W3CHttpResponseCodec.java:187)
	at org.openqa.selenium.remote.http.W3CHttpResponseCodec.decode(W3CHttpResponseCodec.java:122)
	at org.openqa.selenium.remote.http.W3CHttpResponseCodec.decode(W3CHttpResponseCodec.java:49)
	at org.openqa.selenium.remote.HttpCommandExecutor.execute(HttpCommandExecutor.java:158)
	at org.openqa.selenium.remote.service.DriverCommandExecutor.execute(DriverCommandExecutor.java:83)
	at org.openqa.selenium.remote.RemoteWebDriver.execute(RemoteWebDriver.java:552)
	at com.kms.katalon.selenium.driver.CChromeDriver.execute(CChromeDriver.java:19)
	at org.openqa.selenium.remote.RemoteWebDriver.execute(RemoteWebDriver.java:609)
	at org.openqa.selenium.remote.RemoteWebDriver$RemoteWebDriverOptions$RemoteWindow.maximize(RemoteWebDriver.java:837)
	at org.openqa.selenium.support.events.EventFiringWebDriver$EventFiringWindow.maximize(EventFiringWebDriver.java:769)
	at com.kms.katalon.core.webui.keyword.builtin.MaximizeWindowKeyword$_maximizeWindow_closure1.doCall(MaximizeWindowKeyword.groovy:85)
	at com.kms.katalon.core.webui.keyword.builtin.MaximizeWindowKeyword$_maximizeWindow_closure1.call(MaximizeWindowKeyword.groovy)
	at com.kms.katalon.core.webui.keyword.internal.WebUIKeywordMain.runKeyword(WebUIKeywordMain.groovy:20)
	... 23 more
"/>
         <system-out><![CDATA[2021-02-19 16:47:53 - [TEST_CASE][FAILED] - Test Cases/UploadDiffFiles_RegisterUser/TC_As a register user, Upload PowerPoint File and verify Uploded file in Submission Page: Test Cases/UploadDiffFiles_RegisterUser/TC_As a register user, Upload PowerPoint File and verify Uploded file in Submission Page FAILED.
Reason:
com.kms.katalon.core.exception.StepFailedException: Unable to maximize current window
	at com.kms.katalon.core.webui.keyword.internal.WebUIKeywordMain.stepFailed(WebUIKeywordMain.groovy:64)
	at com.kms.katalon.core.webui.keyword.internal.WebUIKeywordMain.runKeyword(WebUIKeywordMain.groovy:26)
	at com.kms.katalon.core.webui.keyword.builtin.MaximizeWindowKeyword.maximizeWindow(MaximizeWindowKeyword.groovy:74)
	at com.kms.katalon.core.webui.keyword.builtin.MaximizeWindowKeyword.execute(MaximizeWindowKeyword.groovy:69)
	at com.kms.katalon.core.keyword.internal.KeywordExecutor.executeKeywordForPlatform(KeywordExecutor.groovy:73)
	at com.kms.katalon.core.webui.keyword.WebUiBuiltInKeywords.maximizeWindow(WebUiBuiltInKeywords.groovy:280)
	at com.kms.katalon.core.webui.keyword.WebUiBuiltInKeywords$maximizeWindow$0.call(Unknown Source)
	at customKeywords.commanFunctions.openBrowser(commanFunctions.groovy:48)
	at customKeywords.commanFunctions.uploadFileOfRegisterUser(commanFunctions.groovy:747)
	at customKeywords.commanFunctions.invokeMethod(commanFunctions.groovy)
	at com.kms.katalon.core.main.CustomKeywordDelegatingMetaClass.invokeStaticMethod(CustomKeywordDelegatingMetaClass.java:50)
	at TC_As a register user, Upload PowerPoint File and verify Uploded file in Submission Page.run(TC_As a register user, Upload PowerPoint File and verify Uploded file in Submission Page:16)
	at com.kms.katalon.core.main.ScriptEngine.run(ScriptEngine.java:194)
	at com.kms.katalon.core.main.ScriptEngine.runScriptAsRawText(ScriptEngine.java:119)
	at com.kms.katalon.core.main.TestCaseExecutor.runScript(TestCaseExecutor.java:394)
	at com.kms.katalon.core.main.TestCaseExecutor.doExecute(TestCaseExecutor.java:385)
	at com.kms.katalon.core.main.TestCaseExecutor.processExecutionPhase(TestCaseExecutor.java:364)
	at com.kms.katalon.core.main.TestCaseExecutor.accessMainPhase(TestCaseExecutor.java:356)
	at com.kms.katalon.core.main.TestCaseExecutor.execute(TestCaseExecutor.java:251)
	at com.kms.katalon.core.main.TestSuiteExecutor.accessTestCaseMainPhase(TestSuiteExecutor.java:203)
	at com.kms.katalon.core.main.TestSuiteExecutor.accessTestSuiteMainPhase(TestSuiteExecutor.java:152)
	at com.kms.katalon.core.main.TestSuiteExecutor.execute(TestSuiteExecutor.java:95)
	at com.kms.katalon.core.main.TestCaseMain.startTestSuite(TestCaseMain.java:157)
	at com.kms.katalon.core.main.TestCaseMain$startTestSuite$0.call(Unknown Source)
	at TempTestSuite1613733199540.run(TempTestSuite1613733199540.groovy:39)
Caused by: org.openqa.selenium.NoSuchWindowException: no such window: target window already closed
from unknown error: web view not found
  (Session info: chrome=86.0.4240.75)
Build info: version: '3.141.59', revision: 'e82be7d358', time: '2018-11-14T08:25:53'
System info: host: 'OMTPGCN1132568L', ip: '192.168.1.1', os.name: 'Windows 10', os.arch: 'amd64', os.version: '10.0', java.version: '1.8.0_181'
Driver info: com.kms.katalon.selenium.driver.CChromeDriver
Capabilities {acceptInsecureCerts: false, browserName: chrome, browserVersion: 86.0.4240.75, chrome: {chromedriverVersion: 86.0.4240.22 (398b0743353ff..., userDataDir: C:\Users\ashok\AppData\Loca...}, goog:chromeOptions: {debuggerAddress: localhost:51045}, javascriptEnabled: true, networkConnectionEnabled: false, pageLoadStrategy: normal, platform: WINDOWS, platformName: WINDOWS, proxy: Proxy(), setWindowRect: true, strictFileInteractability: false, timeouts: {implicit: 0, pageLoad: 300000, script: 30000}, unhandledPromptBehavior: dismiss and notify, webauthn:virtualAuthenticators: true}
Session ID: 61fc8c5b0e439cd48416891aac58113f
	at org.openqa.selenium.remote.http.W3CHttpResponseCodec.createException(W3CHttpResponseCodec.java:187)
	at org.openqa.selenium.remote.http.W3CHttpResponseCodec.decode(W3CHttpResponseCodec.java:122)
	at org.openqa.selenium.remote.http.W3CHttpResponseCodec.decode(W3CHttpResponseCodec.java:49)
	at org.openqa.selenium.remote.HttpCommandExecutor.execute(HttpCommandExecutor.java:158)
	at org.openqa.selenium.remote.service.DriverCommandExecutor.execute(DriverCommandExecutor.java:83)
	at org.openqa.selenium.remote.RemoteWebDriver.execute(RemoteWebDriver.java:552)
	at com.kms.katalon.selenium.driver.CChromeDriver.execute(CChromeDriver.java:19)
	at org.openqa.selenium.remote.RemoteWebDriver.execute(RemoteWebDriver.java:609)
	at org.openqa.selenium.remote.RemoteWebDriver$RemoteWebDriverOptions$RemoteWindow.maximize(RemoteWebDriver.java:837)
	at org.openqa.selenium.support.events.EventFiringWebDriver$EventFiringWindow.maximize(EventFiringWebDriver.java:769)
	at com.kms.katalon.core.webui.keyword.builtin.MaximizeWindowKeyword$_maximizeWindow_closure1.doCall(MaximizeWindowKeyword.groovy:85)
	at com.kms.katalon.core.webui.keyword.builtin.MaximizeWindowKeyword$_maximizeWindow_closure1.call(MaximizeWindowKeyword.groovy)
	at com.kms.katalon.core.webui.keyword.internal.WebUIKeywordMain.runKeyword(WebUIKeywordMain.groovy:20)
	... 23 more


2021-02-19 16:47:53 - [TEST_STEP][PASSED] - excelTestData = findTestData("Data Files/TestData/InspectTestData"): null

2021-02-19 16:47:53 - [TEST_STEP][PASSED] - rigisterUN = excelTestData.getValue(6, 23): null

2021-02-19 16:47:53 - [TEST_STEP][PASSED] - rigisterPW = excelTestData.getValue(3, 23): null

2021-02-19 16:47:53 - [TEST_STEP][FAILED] - customKeywords.commanFunctions.uploadFileOfRegisterUser(200, rigisterUN, rigisterPW): Unable to maximize current window

2021-02-19 16:47:53 - [MESSAGE][INFO] - Starting 'Chrome' driver

2021-02-19 16:47:53 - [MESSAGE][INFO] - Action delay is set to 0 milliseconds

2021-02-19 16:48:01 - [MESSAGE][PASSED] - Browser is opened with url: 'https://Inspect.Stage.site.sa'

2021-02-19 16:48:01 - [MESSAGE][WARNING] - Cannot take screenshot

2021-02-19 16:48:01 - [MESSAGE][FAILED] - Unable to maximize current window (Root cause: com.kms.katalon.core.exception.StepFailedException: Unable to maximize current window
	at com.kms.katalon.core.webui.keyword.internal.WebUIKeywordMain.stepFailed(WebUIKeywordMain.groovy:64)
	at com.kms.katalon.core.webui.keyword.internal.WebUIKeywordMain.runKeyword(WebUIKeywordMain.groovy:26)
	at com.kms.katalon.core.webui.keyword.builtin.MaximizeWindowKeyword.maximizeWindow(MaximizeWindowKeyword.groovy:74)
	at com.kms.katalon.core.webui.keyword.builtin.MaximizeWindowKeyword.execute(MaximizeWindowKeyword.groovy:69)
	at com.kms.katalon.core.keyword.internal.KeywordExecutor.executeKeywordForPlatform(KeywordExecutor.groovy:73)
	at com.kms.katalon.core.webui.keyword.WebUiBuiltInKeywords.maximizeWindow(WebUiBuiltInKeywords.groovy:280)
	at com.kms.katalon.core.webui.keyword.WebUiBuiltInKeywords$maximizeWindow$0.call(Unknown Source)
	at customKeywords.commanFunctions.openBrowser(commanFunctions.groovy:48)
	at customKeywords.commanFunctions.uploadFileOfRegisterUser(commanFunctions.groovy:747)
	at customKeywords.commanFunctions.invokeMethod(commanFunctions.groovy)
	at com.kms.katalon.core.main.CustomKeywordDelegatingMetaClass.invokeStaticMethod(CustomKeywordDelegatingMetaClass.java:50)
	at TC_As a register user, Upload PowerPoint File and verify Uploded file in Submission Page.run(TC_As a register user, Upload PowerPoint File and verify Uploded file in Submission Page:16)
	at com.kms.katalon.core.main.ScriptEngine.run(ScriptEngine.java:194)
	at com.kms.katalon.core.main.ScriptEngine.runScriptAsRawText(ScriptEngine.java:119)
	at com.kms.katalon.core.main.TestCaseExecutor.runScript(TestCaseExecutor.java:394)
	at com.kms.katalon.core.main.TestCaseExecutor.doExecute(TestCaseExecutor.java:385)
	at com.kms.katalon.core.main.TestCaseExecutor.processExecutionPhase(TestCaseExecutor.java:364)
	at com.kms.katalon.core.main.TestCaseExecutor.accessMainPhase(TestCaseExecutor.java:356)
	at com.kms.katalon.core.main.TestCaseExecutor.execute(TestCaseExecutor.java:251)
	at com.kms.katalon.core.main.TestSuiteExecutor.accessTestCaseMainPhase(TestSuiteExecutor.java:203)
	at com.kms.katalon.core.main.TestSuiteExecutor.accessTestSuiteMainPhase(TestSuiteExecutor.java:152)
	at com.kms.katalon.core.main.TestSuiteExecutor.execute(TestSuiteExecutor.java:95)
	at com.kms.katalon.core.main.TestCaseMain.startTestSuite(TestCaseMain.java:157)
	at com.kms.katalon.core.main.TestCaseMain$startTestSuite$0.call(Unknown Source)
	at TempTestSuite1613733199540.run(TempTestSuite1613733199540.groovy:39)
Caused by: org.openqa.selenium.NoSuchWindowException: no such window: target window already closed
from unknown error: web view not found
  (Session info: chrome=86.0.4240.75)
Build info: version: '3.141.59', revision: 'e82be7d358', time: '2018-11-14T08:25:53'
System info: host: 'OMTPGCN1132568L', ip: '192.168.1.1', os.name: 'Windows 10', os.arch: 'amd64', os.version: '10.0', java.version: '1.8.0_181'
Driver info: com.kms.katalon.selenium.driver.CChromeDriver
Capabilities {acceptInsecureCerts: false, browserName: chrome, browserVersion: 86.0.4240.75, chrome: {chromedriverVersion: 86.0.4240.22 (398b0743353ff..., userDataDir: C:\Users\ashok\AppData\Loca...}, goog:chromeOptions: {debuggerAddress: localhost:51045}, javascriptEnabled: true, networkConnectionEnabled: false, pageLoadStrategy: normal, platform: WINDOWS, platformName: WINDOWS, proxy: Proxy(), setWindowRect: true, strictFileInteractability: false, timeouts: {implicit: 0, pageLoad: 300000, script: 30000}, unhandledPromptBehavior: dismiss and notify, webauthn:virtualAuthenticators: true}
Session ID: 61fc8c5b0e439cd48416891aac58113f
	at org.openqa.selenium.remote.http.W3CHttpResponseCodec.createException(W3CHttpResponseCodec.java:187)
	at org.openqa.selenium.remote.http.W3CHttpResponseCodec.decode(W3CHttpResponseCodec.java:122)
	at org.openqa.selenium.remote.http.W3CHttpResponseCodec.decode(W3CHttpResponseCodec.java:49)
	at org.openqa.selenium.remote.HttpCommandExecutor.execute(HttpCommandExecutor.java:158)
	at org.openqa.selenium.remote.service.DriverCommandExecutor.execute(DriverCommandExecutor.java:83)
	at org.openqa.selenium.remote.RemoteWebDriver.execute(RemoteWebDriver.java:552)
	at com.kms.katalon.selenium.driver.CChromeDriver.execute(CChromeDriver.java:19)
	at org.openqa.selenium.remote.RemoteWebDriver.execute(RemoteWebDriver.java:609)
	at org.openqa.selenium.remote.RemoteWebDriver$RemoteWebDriverOptions$RemoteWindow.maximize(RemoteWebDriver.java:837)
	at org.openqa.selenium.support.events.EventFiringWebDriver$EventFiringWindow.maximize(EventFiringWebDriver.java:769)
	at com.kms.katalon.core.webui.keyword.builtin.MaximizeWindowKeyword$_maximizeWindow_closure1.doCall(MaximizeWindowKeyword.groovy:85)
	at com.kms.katalon.core.webui.keyword.builtin.MaximizeWindowKeyword$_maximizeWindow_closure1.call(MaximizeWindowKeyword.groovy)
	at com.kms.katalon.core.webui.keyword.internal.WebUIKeywordMain.runKeyword(WebUIKeywordMain.groovy:20)
	at com.kms.katalon.core.webui.keyword.builtin.MaximizeWindowKeyword.maximizeWindow(MaximizeWindowKeyword.groovy:74)
	at com.kms.katalon.core.webui.keyword.builtin.MaximizeWindowKeyword.execute(MaximizeWindowKeyword.groovy:69)
	at com.kms.katalon.core.keyword.internal.KeywordExecutor.executeKeywordForPlatform(KeywordExecutor.groovy:73)
	at com.kms.katalon.core.webui.keyword.WebUiBuiltInKeywords.maximizeWindow(WebUiBuiltInKeywords.groovy:280)
	at com.kms.katalon.core.webui.keyword.WebUiBuiltInKeywords$maximizeWindow$0.call(Unknown Source)
	at customKeywords.commanFunctions.openBrowser(commanFunctions.groovy:48)
	at customKeywords.commanFunctions.uploadFileOfRegisterUser(commanFunctions.groovy:747)
	at customKeywords.commanFunctions.invokeMethod(commanFunctions.groovy)
	at com.kms.katalon.core.main.CustomKeywordDelegatingMetaClass.invokeStaticMethod(CustomKeywordDelegatingMetaClass.java:50)
	at Script1613223087696.run(Script1613223087696.groovy:16)
	... 13 more
)

2021-02-19 16:48:01 - [MESSAGE][FAILED] - Unable to maximize current window

2021-02-19 16:48:01 - [TEST_STEP][PASSED] - Start tear down : tearDownMethodIfFailed: Method 'tearDownMethodIfFailed' complete successfully

2021-02-19 16:48:01 - [TEST_STEP][PASSED] - customKeywords.commanFunctions.onlyCloseBrowser(): customKeywords.commanFunctions.onlyCloseBrowser is PASSED

2021-02-19 16:48:01 - [MESSAGE][PASSED] - Browser is closed

2021-02-19 16:48:01 - [MESSAGE][PASSED] - customKeywords.commanFunctions.onlyCloseBrowser is PASSED

2021-02-19 16:48:01 - [TEST_STEP][PASSED] - logInfo("[--------This is tearDownIfFailed method------]"): [--------This is tearDownIfFailed method------]

2021-02-19 16:48:01 - [MESSAGE][INFO] - [--------This is tearDownIfFailed method------]

2021-02-19 16:48:01 - [MESSAGE][PASSED] - Method 'tearDownMethodIfFailed' complete successfully]]></system-out>
         <system-err><![CDATA[2021-02-19 16:47:53 - [TEST_CASE][FAILED] - Test Cases/UploadDiffFiles_RegisterUser/TC_As a register user, Upload PowerPoint File and verify Uploded file in Submission Page: Test Cases/UploadDiffFiles_RegisterUser/TC_As a register user, Upload PowerPoint File and verify Uploded file in Submission Page FAILED.
Reason:
com.kms.katalon.core.exception.StepFailedException: Unable to maximize current window
	at com.kms.katalon.core.webui.keyword.internal.WebUIKeywordMain.stepFailed(WebUIKeywordMain.groovy:64)
	at com.kms.katalon.core.webui.keyword.internal.WebUIKeywordMain.runKeyword(WebUIKeywordMain.groovy:26)
	at com.kms.katalon.core.webui.keyword.builtin.MaximizeWindowKeyword.maximizeWindow(MaximizeWindowKeyword.groovy:74)
	at com.kms.katalon.core.webui.keyword.builtin.MaximizeWindowKeyword.execute(MaximizeWindowKeyword.groovy:69)
	at com.kms.katalon.core.keyword.internal.KeywordExecutor.executeKeywordForPlatform(KeywordExecutor.groovy:73)
	at com.kms.katalon.core.webui.keyword.WebUiBuiltInKeywords.maximizeWindow(WebUiBuiltInKeywords.groovy:280)
	at com.kms.katalon.core.webui.keyword.WebUiBuiltInKeywords$maximizeWindow$0.call(Unknown Source)
	at customKeywords.commanFunctions.openBrowser(commanFunctions.groovy:48)
	at customKeywords.commanFunctions.uploadFileOfRegisterUser(commanFunctions.groovy:747)
	at customKeywords.commanFunctions.invokeMethod(commanFunctions.groovy)
	at com.kms.katalon.core.main.CustomKeywordDelegatingMetaClass.invokeStaticMethod(CustomKeywordDelegatingMetaClass.java:50)
	at TC_As a register user, Upload PowerPoint File and verify Uploded file in Submission Page.run(TC_As a register user, Upload PowerPoint File and verify Uploded file in Submission Page:16)
	at com.kms.katalon.core.main.ScriptEngine.run(ScriptEngine.java:194)
	at com.kms.katalon.core.main.ScriptEngine.runScriptAsRawText(ScriptEngine.java:119)
	at com.kms.katalon.core.main.TestCaseExecutor.runScript(TestCaseExecutor.java:394)
	at com.kms.katalon.core.main.TestCaseExecutor.doExecute(TestCaseExecutor.java:385)
	at com.kms.katalon.core.main.TestCaseExecutor.processExecutionPhase(TestCaseExecutor.java:364)
	at com.kms.katalon.core.main.TestCaseExecutor.accessMainPhase(TestCaseExecutor.java:356)
	at com.kms.katalon.core.main.TestCaseExecutor.execute(TestCaseExecutor.java:251)
	at com.kms.katalon.core.main.TestSuiteExecutor.accessTestCaseMainPhase(TestSuiteExecutor.java:203)
	at com.kms.katalon.core.main.TestSuiteExecutor.accessTestSuiteMainPhase(TestSuiteExecutor.java:152)
	at com.kms.katalon.core.main.TestSuiteExecutor.execute(TestSuiteExecutor.java:95)
	at com.kms.katalon.core.main.TestCaseMain.startTestSuite(TestCaseMain.java:157)
	at com.kms.katalon.core.main.TestCaseMain$startTestSuite$0.call(Unknown Source)
	at TempTestSuite1613733199540.run(TempTestSuite1613733199540.groovy:39)
Caused by: org.openqa.selenium.NoSuchWindowException: no such window: target window already closed
from unknown error: web view not found
  (Session info: chrome=86.0.4240.75)
Build info: version: '3.141.59', revision: 'e82be7d358', time: '2018-11-14T08:25:53'
System info: host: 'OMTPGCN1132568L', ip: '192.168.1.1', os.name: 'Windows 10', os.arch: 'amd64', os.version: '10.0', java.version: '1.8.0_181'
Driver info: com.kms.katalon.selenium.driver.CChromeDriver
Capabilities {acceptInsecureCerts: false, browserName: chrome, browserVersion: 86.0.4240.75, chrome: {chromedriverVersion: 86.0.4240.22 (398b0743353ff..., userDataDir: C:\Users\ashok\AppData\Loca...}, goog:chromeOptions: {debuggerAddress: localhost:51045}, javascriptEnabled: true, networkConnectionEnabled: false, pageLoadStrategy: normal, platform: WINDOWS, platformName: WINDOWS, proxy: Proxy(), setWindowRect: true, strictFileInteractability: false, timeouts: {implicit: 0, pageLoad: 300000, script: 30000}, unhandledPromptBehavior: dismiss and notify, webauthn:virtualAuthenticators: true}
Session ID: 61fc8c5b0e439cd48416891aac58113f
	at org.openqa.selenium.remote.http.W3CHttpResponseCodec.createException(W3CHttpResponseCodec.java:187)
	at org.openqa.selenium.remote.http.W3CHttpResponseCodec.decode(W3CHttpResponseCodec.java:122)
	at org.openqa.selenium.remote.http.W3CHttpResponseCodec.decode(W3CHttpResponseCodec.java:49)
	at org.openqa.selenium.remote.HttpCommandExecutor.execute(HttpCommandExecutor.java:158)
	at org.openqa.selenium.remote.service.DriverCommandExecutor.execute(DriverCommandExecutor.java:83)
	at org.openqa.selenium.remote.RemoteWebDriver.execute(RemoteWebDriver.java:552)
	at com.kms.katalon.selenium.driver.CChromeDriver.execute(CChromeDriver.java:19)
	at org.openqa.selenium.remote.RemoteWebDriver.execute(RemoteWebDriver.java:609)
	at org.openqa.selenium.remote.RemoteWebDriver$RemoteWebDriverOptions$RemoteWindow.maximize(RemoteWebDriver.java:837)
	at org.openqa.selenium.support.events.EventFiringWebDriver$EventFiringWindow.maximize(EventFiringWebDriver.java:769)
	at com.kms.katalon.core.webui.keyword.builtin.MaximizeWindowKeyword$_maximizeWindow_closure1.doCall(MaximizeWindowKeyword.groovy:85)
	at com.kms.katalon.core.webui.keyword.builtin.MaximizeWindowKeyword$_maximizeWindow_closure1.call(MaximizeWindowKeyword.groovy)
	at com.kms.katalon.core.webui.keyword.internal.WebUIKeywordMain.runKeyword(WebUIKeywordMain.groovy:20)
	... 23 more]]></system-err>
      </testcase>
      <testcase name="Test Cases/UploadDiffFiles_RegisterUser/TC_As a register user, Upload RealAudio File and verify Uploded file in Submission Page" time="13.641" classname="Test Cases/UploadDiffFiles_RegisterUser/TC_As a register user, Upload RealAudio File and verify Uploded file in Submission Page" status="FAILED">
         <failure type="FAILED" message="Test Cases/UploadDiffFiles_RegisterUser/TC_As a register user, Upload RealAudio File and verify Uploded file in Submission Page FAILED.
Reason:
com.kms.katalon.core.exception.StepFailedException: Unable to open browser with url: 'https://Inspect.Stage.site.sa'
	at com.kms.katalon.core.webui.keyword.internal.WebUIKeywordMain.stepFailed(WebUIKeywordMain.groovy:64)
	at com.kms.katalon.core.webui.keyword.internal.WebUIKeywordMain.runKeyword(WebUIKeywordMain.groovy:26)
	at com.kms.katalon.core.webui.keyword.builtin.OpenBrowserKeyword.openBrowser(OpenBrowserKeyword.groovy:81)
	at com.kms.katalon.core.webui.keyword.builtin.OpenBrowserKeyword.execute(OpenBrowserKeyword.groovy:67)
	at com.kms.katalon.core.keyword.internal.KeywordExecutor.executeKeywordForPlatform(KeywordExecutor.groovy:73)
	at com.kms.katalon.core.webui.keyword.WebUiBuiltInKeywords.openBrowser(WebUiBuiltInKeywords.groovy:61)
	at com.kms.katalon.core.webui.keyword.WebUiBuiltInKeywords$openBrowser.call(Unknown Source)
	at customKeywords.commanFunctions.openBrowser(commanFunctions.groovy:47)
	at customKeywords.commanFunctions.uploadFileOfRegisterUser(commanFunctions.groovy:747)
	at customKeywords.commanFunctions.invokeMethod(commanFunctions.groovy)
	at com.kms.katalon.core.main.CustomKeywordDelegatingMetaClass.invokeStaticMethod(CustomKeywordDelegatingMetaClass.java:50)
	at TC_As a register user, Upload RealAudio File and verify Uploded file in Submission Page.run(TC_As a register user, Upload RealAudio File and verify Uploded file in Submission Page:16)
	at com.kms.katalon.core.main.ScriptEngine.run(ScriptEngine.java:194)
	at com.kms.katalon.core.main.ScriptEngine.runScriptAsRawText(ScriptEngine.java:119)
	at com.kms.katalon.core.main.TestCaseExecutor.runScript(TestCaseExecutor.java:394)
	at com.kms.katalon.core.main.TestCaseExecutor.doExecute(TestCaseExecutor.java:385)
	at com.kms.katalon.core.main.TestCaseExecutor.processExecutionPhase(TestCaseExecutor.java:364)
	at com.kms.katalon.core.main.TestCaseExecutor.accessMainPhase(TestCaseExecutor.java:356)
	at com.kms.katalon.core.main.TestCaseExecutor.execute(TestCaseExecutor.java:251)
	at com.kms.katalon.core.main.TestSuiteExecutor.accessTestCaseMainPhase(TestSuiteExecutor.java:203)
	at com.kms.katalon.core.main.TestSuiteExecutor.accessTestSuiteMainPhase(TestSuiteExecutor.java:152)
	at com.kms.katalon.core.main.TestSuiteExecutor.execute(TestSuiteExecutor.java:95)
	at com.kms.katalon.core.main.TestCaseMain.startTestSuite(TestCaseMain.java:157)
	at com.kms.katalon.core.main.TestCaseMain$startTestSuite$0.call(Unknown Source)
	at TempTestSuite1613733199540.run(TempTestSuite1613733199540.groovy:39)
Caused by: org.openqa.selenium.SessionNotCreatedException: session not created
from chrome not reachable
  (Session info: chrome=86.0.4240.75)
Build info: version: '3.141.59', revision: 'e82be7d358', time: '2018-11-14T08:25:53'
System info: host: 'OMTPGCN1132568L', ip: '192.168.1.1', os.name: 'Windows 10', os.arch: 'amd64', os.version: '10.0', java.version: '1.8.0_181'
Driver info: driver.version: CChromeDriver
remote stacktrace: Backtrace:
	Ordinal0 [0x00A8C013+3194899]
	Ordinal0 [0x00976021+2056225]
	Ordinal0 [0x0080F4B0+586928]
	Ordinal0 [0x00805894+546964]
	Ordinal0 [0x00805F2C+548652]
	Ordinal0 [0x00807175+553333]
	Ordinal0 [0x0080241E+533534]
	Ordinal0 [0x00810620+591392]
	Ordinal0 [0x007B2A0C+207372]
	Ordinal0 [0x007B1D0D+204045]
	Ordinal0 [0x007AFC1B+195611]
	Ordinal0 [0x00793B7F+80767]
	Ordinal0 [0x00794B4E+84814]
	Ordinal0 [0x00794AD9+84697]
	Ordinal0 [0x0098CE64+2149988]
	GetHandleVerifier [0x00BFBE95+1400773]
	GetHandleVerifier [0x00BFBB61+1399953]
	GetHandleVerifier [0x00C031FA+1430314]
	GetHandleVerifier [0x00BFC69F+1402831]
	Ordinal0 [0x00983D61+2112865]
	Ordinal0 [0x0098E5CB+2155979]
	Ordinal0 [0x0098E6F5+2156277]
	Ordinal0 [0x0099F26E+2224750]
	BaseThreadInitThunk [0x77026359+25]
	RtlGetAppContainerNamedObjectPath [0x77BD8944+228]
	RtlGetAppContainerNamedObjectPath [0x77BD8914+180]

	at org.openqa.selenium.remote.W3CHandshakeResponse.lambda$errorHandler$0(W3CHandshakeResponse.java:62)
	at org.openqa.selenium.remote.HandshakeResponse.lambda$getResponseFunction$0(HandshakeResponse.java:30)
	at org.openqa.selenium.remote.ProtocolHandshake.lambda$createSession$0(ProtocolHandshake.java:126)
	at org.openqa.selenium.remote.ProtocolHandshake.createSession(ProtocolHandshake.java:128)
	at org.openqa.selenium.remote.ProtocolHandshake.createSession(ProtocolHandshake.java:74)
	at org.openqa.selenium.remote.HttpCommandExecutor.execute(HttpCommandExecutor.java:136)
	at org.openqa.selenium.remote.service.DriverCommandExecutor.execute(DriverCommandExecutor.java:83)
	at org.openqa.selenium.remote.RemoteWebDriver.execute(RemoteWebDriver.java:552)
	at com.kms.katalon.selenium.driver.CChromeDriver.execute(CChromeDriver.java:19)
	at org.openqa.selenium.remote.RemoteWebDriver.startSession(RemoteWebDriver.java:213)
	at org.openqa.selenium.remote.RemoteWebDriver.&lt;init>(RemoteWebDriver.java:131)
	at org.openqa.selenium.chrome.ChromeDriver.&lt;init>(ChromeDriver.java:181)
	at org.openqa.selenium.chrome.ChromeDriver.&lt;init>(ChromeDriver.java:147)
	at com.kms.katalon.selenium.driver.CChromeDriver.&lt;init>(CChromeDriver.java:13)
	at com.kms.katalon.core.webui.driver.DriverFactory.createNewChromeDriver(DriverFactory.java:400)
	at com.kms.katalon.core.webui.driver.DriverFactory.startNewBrowser(DriverFactory.java:358)
	at com.kms.katalon.core.webui.driver.DriverFactory.openWebDriver(DriverFactory.java:245)
	at com.kms.katalon.core.webui.keyword.builtin.OpenBrowserKeyword$_openBrowser_closure1.doCall(OpenBrowserKeyword.groovy:74)
	at com.kms.katalon.core.webui.keyword.builtin.OpenBrowserKeyword$_openBrowser_closure1.call(OpenBrowserKeyword.groovy)
	at com.kms.katalon.core.webui.keyword.internal.WebUIKeywordMain.runKeyword(WebUIKeywordMain.groovy:20)
	... 23 more
"/>
         <system-out><![CDATA[2021-02-19 16:48:01 - [TEST_CASE][FAILED] - Test Cases/UploadDiffFiles_RegisterUser/TC_As a register user, Upload RealAudio File and verify Uploded file in Submission Page: Test Cases/UploadDiffFiles_RegisterUser/TC_As a register user, Upload RealAudio File and verify Uploded file in Submission Page FAILED.
Reason:
com.kms.katalon.core.exception.StepFailedException: Unable to open browser with url: 'https://Inspect.Stage.site.sa'
	at com.kms.katalon.core.webui.keyword.internal.WebUIKeywordMain.stepFailed(WebUIKeywordMain.groovy:64)
	at com.kms.katalon.core.webui.keyword.internal.WebUIKeywordMain.runKeyword(WebUIKeywordMain.groovy:26)
	at com.kms.katalon.core.webui.keyword.builtin.OpenBrowserKeyword.openBrowser(OpenBrowserKeyword.groovy:81)
	at com.kms.katalon.core.webui.keyword.builtin.OpenBrowserKeyword.execute(OpenBrowserKeyword.groovy:67)
	at com.kms.katalon.core.keyword.internal.KeywordExecutor.executeKeywordForPlatform(KeywordExecutor.groovy:73)
	at com.kms.katalon.core.webui.keyword.WebUiBuiltInKeywords.openBrowser(WebUiBuiltInKeywords.groovy:61)
	at com.kms.katalon.core.webui.keyword.WebUiBuiltInKeywords$openBrowser.call(Unknown Source)
	at customKeywords.commanFunctions.openBrowser(commanFunctions.groovy:47)
	at customKeywords.commanFunctions.uploadFileOfRegisterUser(commanFunctions.groovy:747)
	at customKeywords.commanFunctions.invokeMethod(commanFunctions.groovy)
	at com.kms.katalon.core.main.CustomKeywordDelegatingMetaClass.invokeStaticMethod(CustomKeywordDelegatingMetaClass.java:50)
	at TC_As a register user, Upload RealAudio File and verify Uploded file in Submission Page.run(TC_As a register user, Upload RealAudio File and verify Uploded file in Submission Page:16)
	at com.kms.katalon.core.main.ScriptEngine.run(ScriptEngine.java:194)
	at com.kms.katalon.core.main.ScriptEngine.runScriptAsRawText(ScriptEngine.java:119)
	at com.kms.katalon.core.main.TestCaseExecutor.runScript(TestCaseExecutor.java:394)
	at com.kms.katalon.core.main.TestCaseExecutor.doExecute(TestCaseExecutor.java:385)
	at com.kms.katalon.core.main.TestCaseExecutor.processExecutionPhase(TestCaseExecutor.java:364)
	at com.kms.katalon.core.main.TestCaseExecutor.accessMainPhase(TestCaseExecutor.java:356)
	at com.kms.katalon.core.main.TestCaseExecutor.execute(TestCaseExecutor.java:251)
	at com.kms.katalon.core.main.TestSuiteExecutor.accessTestCaseMainPhase(TestSuiteExecutor.java:203)
	at com.kms.katalon.core.main.TestSuiteExecutor.accessTestSuiteMainPhase(TestSuiteExecutor.java:152)
	at com.kms.katalon.core.main.TestSuiteExecutor.execute(TestSuiteExecutor.java:95)
	at com.kms.katalon.core.main.TestCaseMain.startTestSuite(TestCaseMain.java:157)
	at com.kms.katalon.core.main.TestCaseMain$startTestSuite$0.call(Unknown Source)
	at TempTestSuite1613733199540.run(TempTestSuite1613733199540.groovy:39)
Caused by: org.openqa.selenium.SessionNotCreatedException: session not created
from chrome not reachable
  (Session info: chrome=86.0.4240.75)
Build info: version: '3.141.59', revision: 'e82be7d358', time: '2018-11-14T08:25:53'
System info: host: 'OMTPGCN1132568L', ip: '192.168.1.1', os.name: 'Windows 10', os.arch: 'amd64', os.version: '10.0', java.version: '1.8.0_181'
Driver info: driver.version: CChromeDriver
remote stacktrace: Backtrace:
	Ordinal0 [0x00A8C013+3194899]
	Ordinal0 [0x00976021+2056225]
	Ordinal0 [0x0080F4B0+586928]
	Ordinal0 [0x00805894+546964]
	Ordinal0 [0x00805F2C+548652]
	Ordinal0 [0x00807175+553333]
	Ordinal0 [0x0080241E+533534]
	Ordinal0 [0x00810620+591392]
	Ordinal0 [0x007B2A0C+207372]
	Ordinal0 [0x007B1D0D+204045]
	Ordinal0 [0x007AFC1B+195611]
	Ordinal0 [0x00793B7F+80767]
	Ordinal0 [0x00794B4E+84814]
	Ordinal0 [0x00794AD9+84697]
	Ordinal0 [0x0098CE64+2149988]
	GetHandleVerifier [0x00BFBE95+1400773]
	GetHandleVerifier [0x00BFBB61+1399953]
	GetHandleVerifier [0x00C031FA+1430314]
	GetHandleVerifier [0x00BFC69F+1402831]
	Ordinal0 [0x00983D61+2112865]
	Ordinal0 [0x0098E5CB+2155979]
	Ordinal0 [0x0098E6F5+2156277]
	Ordinal0 [0x0099F26E+2224750]
	BaseThreadInitThunk [0x77026359+25]
	RtlGetAppContainerNamedObjectPath [0x77BD8944+228]
	RtlGetAppContainerNamedObjectPath [0x77BD8914+180]

	at org.openqa.selenium.remote.W3CHandshakeResponse.lambda$errorHandler$0(W3CHandshakeResponse.java:62)
	at org.openqa.selenium.remote.HandshakeResponse.lambda$getResponseFunction$0(HandshakeResponse.java:30)
	at org.openqa.selenium.remote.ProtocolHandshake.lambda$createSession$0(ProtocolHandshake.java:126)
	at org.openqa.selenium.remote.ProtocolHandshake.createSession(ProtocolHandshake.java:128)
	at org.openqa.selenium.remote.ProtocolHandshake.createSession(ProtocolHandshake.java:74)
	at org.openqa.selenium.remote.HttpCommandExecutor.execute(HttpCommandExecutor.java:136)
	at org.openqa.selenium.remote.service.DriverCommandExecutor.execute(DriverCommandExecutor.java:83)
	at org.openqa.selenium.remote.RemoteWebDriver.execute(RemoteWebDriver.java:552)
	at com.kms.katalon.selenium.driver.CChromeDriver.execute(CChromeDriver.java:19)
	at org.openqa.selenium.remote.RemoteWebDriver.startSession(RemoteWebDriver.java:213)
	at org.openqa.selenium.remote.RemoteWebDriver.<init>(RemoteWebDriver.java:131)
	at org.openqa.selenium.chrome.ChromeDriver.<init>(ChromeDriver.java:181)
	at org.openqa.selenium.chrome.ChromeDriver.<init>(ChromeDriver.java:147)
	at com.kms.katalon.selenium.driver.CChromeDriver.<init>(CChromeDriver.java:13)
	at com.kms.katalon.core.webui.driver.DriverFactory.createNewChromeDriver(DriverFactory.java:400)
	at com.kms.katalon.core.webui.driver.DriverFactory.startNewBrowser(DriverFactory.java:358)
	at com.kms.katalon.core.webui.driver.DriverFactory.openWebDriver(DriverFactory.java:245)
	at com.kms.katalon.core.webui.keyword.builtin.OpenBrowserKeyword$_openBrowser_closure1.doCall(OpenBrowserKeyword.groovy:74)
	at com.kms.katalon.core.webui.keyword.builtin.OpenBrowserKeyword$_openBrowser_closure1.call(OpenBrowserKeyword.groovy)
	at com.kms.katalon.core.webui.keyword.internal.WebUIKeywordMain.runKeyword(WebUIKeywordMain.groovy:20)
	... 23 more


2021-02-19 16:48:01 - [TEST_STEP][PASSED] - excelTestData = findTestData("Data Files/TestData/InspectTestData"): null

2021-02-19 16:48:01 - [TEST_STEP][PASSED] - rigisterUN = excelTestData.getValue(6, 23): null

2021-02-19 16:48:01 - [TEST_STEP][PASSED] - rigisterPW = excelTestData.getValue(3, 23): null

2021-02-19 16:48:01 - [TEST_STEP][FAILED] - customKeywords.commanFunctions.uploadFileOfRegisterUser(317, rigisterUN, rigisterPW): Unable to open browser with url: 'https://Inspect.Stage.site.sa'

2021-02-19 16:48:02 - [MESSAGE][INFO] - Starting 'Chrome' driver

2021-02-19 16:48:02 - [MESSAGE][INFO] - Action delay is set to 0 milliseconds

2021-02-19 16:48:15 - [MESSAGE][FAILED] - Unable to open browser with url: 'https://Inspect.Stage.site.sa' (Root cause: com.kms.katalon.core.exception.StepFailedException: Unable to open browser with url: 'https://Inspect.Stage.site.sa'
	at com.kms.katalon.core.webui.keyword.internal.WebUIKeywordMain.stepFailed(WebUIKeywordMain.groovy:64)
	at com.kms.katalon.core.webui.keyword.internal.WebUIKeywordMain.runKeyword(WebUIKeywordMain.groovy:26)
	at com.kms.katalon.core.webui.keyword.builtin.OpenBrowserKeyword.openBrowser(OpenBrowserKeyword.groovy:81)
	at com.kms.katalon.core.webui.keyword.builtin.OpenBrowserKeyword.execute(OpenBrowserKeyword.groovy:67)
	at com.kms.katalon.core.keyword.internal.KeywordExecutor.executeKeywordForPlatform(KeywordExecutor.groovy:73)
	at com.kms.katalon.core.webui.keyword.WebUiBuiltInKeywords.openBrowser(WebUiBuiltInKeywords.groovy:61)
	at com.kms.katalon.core.webui.keyword.WebUiBuiltInKeywords$openBrowser.call(Unknown Source)
	at customKeywords.commanFunctions.openBrowser(commanFunctions.groovy:47)
	at customKeywords.commanFunctions.uploadFileOfRegisterUser(commanFunctions.groovy:747)
	at customKeywords.commanFunctions.invokeMethod(commanFunctions.groovy)
	at com.kms.katalon.core.main.CustomKeywordDelegatingMetaClass.invokeStaticMethod(CustomKeywordDelegatingMetaClass.java:50)
	at TC_As a register user, Upload RealAudio File and verify Uploded file in Submission Page.run(TC_As a register user, Upload RealAudio File and verify Uploded file in Submission Page:16)
	at com.kms.katalon.core.main.ScriptEngine.run(ScriptEngine.java:194)
	at com.kms.katalon.core.main.ScriptEngine.runScriptAsRawText(ScriptEngine.java:119)
	at com.kms.katalon.core.main.TestCaseExecutor.runScript(TestCaseExecutor.java:394)
	at com.kms.katalon.core.main.TestCaseExecutor.doExecute(TestCaseExecutor.java:385)
	at com.kms.katalon.core.main.TestCaseExecutor.processExecutionPhase(TestCaseExecutor.java:364)
	at com.kms.katalon.core.main.TestCaseExecutor.accessMainPhase(TestCaseExecutor.java:356)
	at com.kms.katalon.core.main.TestCaseExecutor.execute(TestCaseExecutor.java:251)
	at com.kms.katalon.core.main.TestSuiteExecutor.accessTestCaseMainPhase(TestSuiteExecutor.java:203)
	at com.kms.katalon.core.main.TestSuiteExecutor.accessTestSuiteMainPhase(TestSuiteExecutor.java:152)
	at com.kms.katalon.core.main.TestSuiteExecutor.execute(TestSuiteExecutor.java:95)
	at com.kms.katalon.core.main.TestCaseMain.startTestSuite(TestCaseMain.java:157)
	at com.kms.katalon.core.main.TestCaseMain$startTestSuite$0.call(Unknown Source)
	at TempTestSuite1613733199540.run(TempTestSuite1613733199540.groovy:39)
Caused by: org.openqa.selenium.SessionNotCreatedException: session not created
from chrome not reachable
  (Session info: chrome=86.0.4240.75)
Build info: version: '3.141.59', revision: 'e82be7d358', time: '2018-11-14T08:25:53'
System info: host: 'OMTPGCN1132568L', ip: '192.168.1.1', os.name: 'Windows 10', os.arch: 'amd64', os.version: '10.0', java.version: '1.8.0_181'
Driver info: driver.version: CChromeDriver
remote stacktrace: Backtrace:
	Ordinal0 [0x00A8C013+3194899]
	Ordinal0 [0x00976021+2056225]
	Ordinal0 [0x0080F4B0+586928]
	Ordinal0 [0x00805894+546964]
	Ordinal0 [0x00805F2C+548652]
	Ordinal0 [0x00807175+553333]
	Ordinal0 [0x0080241E+533534]
	Ordinal0 [0x00810620+591392]
	Ordinal0 [0x007B2A0C+207372]
	Ordinal0 [0x007B1D0D+204045]
	Ordinal0 [0x007AFC1B+195611]
	Ordinal0 [0x00793B7F+80767]
	Ordinal0 [0x00794B4E+84814]
	Ordinal0 [0x00794AD9+84697]
	Ordinal0 [0x0098CE64+2149988]
	GetHandleVerifier [0x00BFBE95+1400773]
	GetHandleVerifier [0x00BFBB61+1399953]
	GetHandleVerifier [0x00C031FA+1430314]
	GetHandleVerifier [0x00BFC69F+1402831]
	Ordinal0 [0x00983D61+2112865]
	Ordinal0 [0x0098E5CB+2155979]
	Ordinal0 [0x0098E6F5+2156277]
	Ordinal0 [0x0099F26E+2224750]
	BaseThreadInitThunk [0x77026359+25]
	RtlGetAppContainerNamedObjectPath [0x77BD8944+228]
	RtlGetAppContainerNamedObjectPath [0x77BD8914+180]

	at org.openqa.selenium.remote.W3CHandshakeResponse.lambda$errorHandler$0(W3CHandshakeResponse.java:62)
	at org.openqa.selenium.remote.HandshakeResponse.lambda$getResponseFunction$0(HandshakeResponse.java:30)
	at org.openqa.selenium.remote.ProtocolHandshake.lambda$createSession$0(ProtocolHandshake.java:126)
	at org.openqa.selenium.remote.ProtocolHandshake.createSession(ProtocolHandshake.java:128)
	at org.openqa.selenium.remote.ProtocolHandshake.createSession(ProtocolHandshake.java:74)
	at org.openqa.selenium.remote.HttpCommandExecutor.execute(HttpCommandExecutor.java:136)
	at org.openqa.selenium.remote.service.DriverCommandExecutor.execute(DriverCommandExecutor.java:83)
	at org.openqa.selenium.remote.RemoteWebDriver.execute(RemoteWebDriver.java:552)
	at com.kms.katalon.selenium.driver.CChromeDriver.execute(CChromeDriver.java:19)
	at org.openqa.selenium.remote.RemoteWebDriver.startSession(RemoteWebDriver.java:213)
	at org.openqa.selenium.remote.RemoteWebDriver.<init>(RemoteWebDriver.java:131)
	at org.openqa.selenium.chrome.ChromeDriver.<init>(ChromeDriver.java:181)
	at org.openqa.selenium.chrome.ChromeDriver.<init>(ChromeDriver.java:147)
	at com.kms.katalon.selenium.driver.CChromeDriver.<init>(CChromeDriver.java:13)
	at com.kms.katalon.core.webui.driver.DriverFactory.createNewChromeDriver(DriverFactory.java:400)
	at com.kms.katalon.core.webui.driver.DriverFactory.startNewBrowser(DriverFactory.java:358)
	at com.kms.katalon.core.webui.driver.DriverFactory.openWebDriver(DriverFactory.java:245)
	at com.kms.katalon.core.webui.keyword.builtin.OpenBrowserKeyword$_openBrowser_closure1.doCall(OpenBrowserKeyword.groovy:74)
	at com.kms.katalon.core.webui.keyword.builtin.OpenBrowserKeyword$_openBrowser_closure1.call(OpenBrowserKeyword.groovy)
	at com.kms.katalon.core.webui.keyword.internal.WebUIKeywordMain.runKeyword(WebUIKeywordMain.groovy:20)
	at com.kms.katalon.core.webui.keyword.builtin.OpenBrowserKeyword.openBrowser(OpenBrowserKeyword.groovy:81)
	at com.kms.katalon.core.webui.keyword.builtin.OpenBrowserKeyword.execute(OpenBrowserKeyword.groovy:67)
	at com.kms.katalon.core.keyword.internal.KeywordExecutor.executeKeywordForPlatform(KeywordExecutor.groovy:73)
	at com.kms.katalon.core.webui.keyword.WebUiBuiltInKeywords.openBrowser(WebUiBuiltInKeywords.groovy:61)
	at com.kms.katalon.core.webui.keyword.WebUiBuiltInKeywords$openBrowser.call(Unknown Source)
	at customKeywords.commanFunctions.openBrowser(commanFunctions.groovy:47)
	at customKeywords.commanFunctions.uploadFileOfRegisterUser(commanFunctions.groovy:747)
	at customKeywords.commanFunctions.invokeMethod(commanFunctions.groovy)
	at com.kms.katalon.core.main.CustomKeywordDelegatingMetaClass.invokeStaticMethod(CustomKeywordDelegatingMetaClass.java:50)
	at Script1613387233524.run(Script1613387233524.groovy:16)
	... 13 more
)

2021-02-19 16:48:15 - [MESSAGE][FAILED] - Unable to open browser with url: 'https://Inspect.Stage.site.sa'

2021-02-19 16:48:15 - [TEST_STEP][PASSED] - Start tear down : tearDownMethodIfFailed: Method 'tearDownMethodIfFailed' complete successfully

2021-02-19 16:48:15 - [TEST_STEP][PASSED] - customKeywords.commanFunctions.onlyCloseBrowser(): customKeywords.commanFunctions.onlyCloseBrowser is PASSED

2021-02-19 16:48:15 - [MESSAGE][PASSED] - Browser is closed

2021-02-19 16:48:15 - [MESSAGE][PASSED] - customKeywords.commanFunctions.onlyCloseBrowser is PASSED

2021-02-19 16:48:15 - [TEST_STEP][PASSED] - logInfo("[--------This is tearDownIfFailed method------]"): [--------This is tearDownIfFailed method------]

2021-02-19 16:48:15 - [MESSAGE][INFO] - [--------This is tearDownIfFailed method------]

2021-02-19 16:48:15 - [MESSAGE][PASSED] - Method 'tearDownMethodIfFailed' complete successfully]]></system-out>
         <system-err><![CDATA[2021-02-19 16:48:01 - [TEST_CASE][FAILED] - Test Cases/UploadDiffFiles_RegisterUser/TC_As a register user, Upload RealAudio File and verify Uploded file in Submission Page: Test Cases/UploadDiffFiles_RegisterUser/TC_As a register user, Upload RealAudio File and verify Uploded file in Submission Page FAILED.
Reason:
com.kms.katalon.core.exception.StepFailedException: Unable to open browser with url: 'https://Inspect.Stage.site.sa'
	at com.kms.katalon.core.webui.keyword.internal.WebUIKeywordMain.stepFailed(WebUIKeywordMain.groovy:64)
	at com.kms.katalon.core.webui.keyword.internal.WebUIKeywordMain.runKeyword(WebUIKeywordMain.groovy:26)
	at com.kms.katalon.core.webui.keyword.builtin.OpenBrowserKeyword.openBrowser(OpenBrowserKeyword.groovy:81)
	at com.kms.katalon.core.webui.keyword.builtin.OpenBrowserKeyword.execute(OpenBrowserKeyword.groovy:67)
	at com.kms.katalon.core.keyword.internal.KeywordExecutor.executeKeywordForPlatform(KeywordExecutor.groovy:73)
	at com.kms.katalon.core.webui.keyword.WebUiBuiltInKeywords.openBrowser(WebUiBuiltInKeywords.groovy:61)
	at com.kms.katalon.core.webui.keyword.WebUiBuiltInKeywords$openBrowser.call(Unknown Source)
	at customKeywords.commanFunctions.openBrowser(commanFunctions.groovy:47)
	at customKeywords.commanFunctions.uploadFileOfRegisterUser(commanFunctions.groovy:747)
	at customKeywords.commanFunctions.invokeMethod(commanFunctions.groovy)
	at com.kms.katalon.core.main.CustomKeywordDelegatingMetaClass.invokeStaticMethod(CustomKeywordDelegatingMetaClass.java:50)
	at TC_As a register user, Upload RealAudio File and verify Uploded file in Submission Page.run(TC_As a register user, Upload RealAudio File and verify Uploded file in Submission Page:16)
	at com.kms.katalon.core.main.ScriptEngine.run(ScriptEngine.java:194)
	at com.kms.katalon.core.main.ScriptEngine.runScriptAsRawText(ScriptEngine.java:119)
	at com.kms.katalon.core.main.TestCaseExecutor.runScript(TestCaseExecutor.java:394)
	at com.kms.katalon.core.main.TestCaseExecutor.doExecute(TestCaseExecutor.java:385)
	at com.kms.katalon.core.main.TestCaseExecutor.processExecutionPhase(TestCaseExecutor.java:364)
	at com.kms.katalon.core.main.TestCaseExecutor.accessMainPhase(TestCaseExecutor.java:356)
	at com.kms.katalon.core.main.TestCaseExecutor.execute(TestCaseExecutor.java:251)
	at com.kms.katalon.core.main.TestSuiteExecutor.accessTestCaseMainPhase(TestSuiteExecutor.java:203)
	at com.kms.katalon.core.main.TestSuiteExecutor.accessTestSuiteMainPhase(TestSuiteExecutor.java:152)
	at com.kms.katalon.core.main.TestSuiteExecutor.execute(TestSuiteExecutor.java:95)
	at com.kms.katalon.core.main.TestCaseMain.startTestSuite(TestCaseMain.java:157)
	at com.kms.katalon.core.main.TestCaseMain$startTestSuite$0.call(Unknown Source)
	at TempTestSuite1613733199540.run(TempTestSuite1613733199540.groovy:39)
Caused by: org.openqa.selenium.SessionNotCreatedException: session not created
from chrome not reachable
  (Session info: chrome=86.0.4240.75)
Build info: version: '3.141.59', revision: 'e82be7d358', time: '2018-11-14T08:25:53'
System info: host: 'OMTPGCN1132568L', ip: '192.168.1.1', os.name: 'Windows 10', os.arch: 'amd64', os.version: '10.0', java.version: '1.8.0_181'
Driver info: driver.version: CChromeDriver
remote stacktrace: Backtrace:
	Ordinal0 [0x00A8C013+3194899]
	Ordinal0 [0x00976021+2056225]
	Ordinal0 [0x0080F4B0+586928]
	Ordinal0 [0x00805894+546964]
	Ordinal0 [0x00805F2C+548652]
	Ordinal0 [0x00807175+553333]
	Ordinal0 [0x0080241E+533534]
	Ordinal0 [0x00810620+591392]
	Ordinal0 [0x007B2A0C+207372]
	Ordinal0 [0x007B1D0D+204045]
	Ordinal0 [0x007AFC1B+195611]
	Ordinal0 [0x00793B7F+80767]
	Ordinal0 [0x00794B4E+84814]
	Ordinal0 [0x00794AD9+84697]
	Ordinal0 [0x0098CE64+2149988]
	GetHandleVerifier [0x00BFBE95+1400773]
	GetHandleVerifier [0x00BFBB61+1399953]
	GetHandleVerifier [0x00C031FA+1430314]
	GetHandleVerifier [0x00BFC69F+1402831]
	Ordinal0 [0x00983D61+2112865]
	Ordinal0 [0x0098E5CB+2155979]
	Ordinal0 [0x0098E6F5+2156277]
	Ordinal0 [0x0099F26E+2224750]
	BaseThreadInitThunk [0x77026359+25]
	RtlGetAppContainerNamedObjectPath [0x77BD8944+228]
	RtlGetAppContainerNamedObjectPath [0x77BD8914+180]

	at org.openqa.selenium.remote.W3CHandshakeResponse.lambda$errorHandler$0(W3CHandshakeResponse.java:62)
	at org.openqa.selenium.remote.HandshakeResponse.lambda$getResponseFunction$0(HandshakeResponse.java:30)
	at org.openqa.selenium.remote.ProtocolHandshake.lambda$createSession$0(ProtocolHandshake.java:126)
	at org.openqa.selenium.remote.ProtocolHandshake.createSession(ProtocolHandshake.java:128)
	at org.openqa.selenium.remote.ProtocolHandshake.createSession(ProtocolHandshake.java:74)
	at org.openqa.selenium.remote.HttpCommandExecutor.execute(HttpCommandExecutor.java:136)
	at org.openqa.selenium.remote.service.DriverCommandExecutor.execute(DriverCommandExecutor.java:83)
	at org.openqa.selenium.remote.RemoteWebDriver.execute(RemoteWebDriver.java:552)
	at com.kms.katalon.selenium.driver.CChromeDriver.execute(CChromeDriver.java:19)
	at org.openqa.selenium.remote.RemoteWebDriver.startSession(RemoteWebDriver.java:213)
	at org.openqa.selenium.remote.RemoteWebDriver.<init>(RemoteWebDriver.java:131)
	at org.openqa.selenium.chrome.ChromeDriver.<init>(ChromeDriver.java:181)
	at org.openqa.selenium.chrome.ChromeDriver.<init>(ChromeDriver.java:147)
	at com.kms.katalon.selenium.driver.CChromeDriver.<init>(CChromeDriver.java:13)
	at com.kms.katalon.core.webui.driver.DriverFactory.createNewChromeDriver(DriverFactory.java:400)
	at com.kms.katalon.core.webui.driver.DriverFactory.startNewBrowser(DriverFactory.java:358)
	at com.kms.katalon.core.webui.driver.DriverFactory.openWebDriver(DriverFactory.java:245)
	at com.kms.katalon.core.webui.keyword.builtin.OpenBrowserKeyword$_openBrowser_closure1.doCall(OpenBrowserKeyword.groovy:74)
	at com.kms.katalon.core.webui.keyword.builtin.OpenBrowserKeyword$_openBrowser_closure1.call(OpenBrowserKeyword.groovy)
	at com.kms.katalon.core.webui.keyword.internal.WebUIKeywordMain.runKeyword(WebUIKeywordMain.groovy:20)
	... 23 more]]></system-err>
      </testcase>
      <testcase name="Test Cases/UploadDiffFiles_RegisterUser/TC_As a register user, Upload Txt File and verify Uploded file in Submission Page" time="13.697" classname="Test Cases/UploadDiffFiles_RegisterUser/TC_As a register user, Upload Txt File and verify Uploded file in Submission Page" status="FAILED">
         <failure type="FAILED" message="Test Cases/UploadDiffFiles_RegisterUser/TC_As a register user, Upload Txt File and verify Uploded file in Submission Page FAILED.
Reason:
com.kms.katalon.core.exception.StepFailedException: Unable to open browser with url: 'https://Inspect.Stage.site.sa'
	at com.kms.katalon.core.webui.keyword.internal.WebUIKeywordMain.stepFailed(WebUIKeywordMain.groovy:64)
	at com.kms.katalon.core.webui.keyword.internal.WebUIKeywordMain.runKeyword(WebUIKeywordMain.groovy:26)
	at com.kms.katalon.core.webui.keyword.builtin.OpenBrowserKeyword.openBrowser(OpenBrowserKeyword.groovy:81)
	at com.kms.katalon.core.webui.keyword.builtin.OpenBrowserKeyword.execute(OpenBrowserKeyword.groovy:67)
	at com.kms.katalon.core.keyword.internal.KeywordExecutor.executeKeywordForPlatform(KeywordExecutor.groovy:73)
	at com.kms.katalon.core.webui.keyword.WebUiBuiltInKeywords.openBrowser(WebUiBuiltInKeywords.groovy:61)
	at com.kms.katalon.core.webui.keyword.WebUiBuiltInKeywords$openBrowser.call(Unknown Source)
	at customKeywords.commanFunctions.openBrowser(commanFunctions.groovy:47)
	at customKeywords.commanFunctions.uploadFileOfRegisterUser(commanFunctions.groovy:747)
	at customKeywords.commanFunctions.invokeMethod(commanFunctions.groovy)
	at com.kms.katalon.core.main.CustomKeywordDelegatingMetaClass.invokeStaticMethod(CustomKeywordDelegatingMetaClass.java:50)
	at TC_As a register user, Upload Txt File and verify Uploded file in Submission Page.run(TC_As a register user, Upload Txt File and verify Uploded file in Submission Page:16)
	at com.kms.katalon.core.main.ScriptEngine.run(ScriptEngine.java:194)
	at com.kms.katalon.core.main.ScriptEngine.runScriptAsRawText(ScriptEngine.java:119)
	at com.kms.katalon.core.main.TestCaseExecutor.runScript(TestCaseExecutor.java:394)
	at com.kms.katalon.core.main.TestCaseExecutor.doExecute(TestCaseExecutor.java:385)
	at com.kms.katalon.core.main.TestCaseExecutor.processExecutionPhase(TestCaseExecutor.java:364)
	at com.kms.katalon.core.main.TestCaseExecutor.accessMainPhase(TestCaseExecutor.java:356)
	at com.kms.katalon.core.main.TestCaseExecutor.execute(TestCaseExecutor.java:251)
	at com.kms.katalon.core.main.TestSuiteExecutor.accessTestCaseMainPhase(TestSuiteExecutor.java:203)
	at com.kms.katalon.core.main.TestSuiteExecutor.accessTestSuiteMainPhase(TestSuiteExecutor.java:152)
	at com.kms.katalon.core.main.TestSuiteExecutor.execute(TestSuiteExecutor.java:95)
	at com.kms.katalon.core.main.TestCaseMain.startTestSuite(TestCaseMain.java:157)
	at com.kms.katalon.core.main.TestCaseMain$startTestSuite$0.call(Unknown Source)
	at TempTestSuite1613733199540.run(TempTestSuite1613733199540.groovy:39)
Caused by: org.openqa.selenium.SessionNotCreatedException: session not created
from chrome not reachable
  (Session info: chrome=86.0.4240.75)
Build info: version: '3.141.59', revision: 'e82be7d358', time: '2018-11-14T08:25:53'
System info: host: 'OMTPGCN1132568L', ip: '192.168.1.1', os.name: 'Windows 10', os.arch: 'amd64', os.version: '10.0', java.version: '1.8.0_181'
Driver info: driver.version: CChromeDriver
remote stacktrace: Backtrace:
	Ordinal0 [0x00A8C013+3194899]
	Ordinal0 [0x00976021+2056225]
	Ordinal0 [0x0080F4B0+586928]
	Ordinal0 [0x00805894+546964]
	Ordinal0 [0x00805F2C+548652]
	Ordinal0 [0x00807175+553333]
	Ordinal0 [0x0080241E+533534]
	Ordinal0 [0x00810620+591392]
	Ordinal0 [0x007B2A0C+207372]
	Ordinal0 [0x007B1D0D+204045]
	Ordinal0 [0x007AFC1B+195611]
	Ordinal0 [0x00793B7F+80767]
	Ordinal0 [0x00794B4E+84814]
	Ordinal0 [0x00794AD9+84697]
	Ordinal0 [0x0098CE64+2149988]
	GetHandleVerifier [0x00BFBE95+1400773]
	GetHandleVerifier [0x00BFBB61+1399953]
	GetHandleVerifier [0x00C031FA+1430314]
	GetHandleVerifier [0x00BFC69F+1402831]
	Ordinal0 [0x00983D61+2112865]
	Ordinal0 [0x0098E5CB+2155979]
	Ordinal0 [0x0098E6F5+2156277]
	Ordinal0 [0x0099F26E+2224750]
	BaseThreadInitThunk [0x77026359+25]
	RtlGetAppContainerNamedObjectPath [0x77BD8944+228]
	RtlGetAppContainerNamedObjectPath [0x77BD8914+180]

	at org.openqa.selenium.remote.W3CHandshakeResponse.lambda$errorHandler$0(W3CHandshakeResponse.java:62)
	at org.openqa.selenium.remote.HandshakeResponse.lambda$getResponseFunction$0(HandshakeResponse.java:30)
	at org.openqa.selenium.remote.ProtocolHandshake.lambda$createSession$0(ProtocolHandshake.java:126)
	at org.openqa.selenium.remote.ProtocolHandshake.createSession(ProtocolHandshake.java:128)
	at org.openqa.selenium.remote.ProtocolHandshake.createSession(ProtocolHandshake.java:74)
	at org.openqa.selenium.remote.HttpCommandExecutor.execute(HttpCommandExecutor.java:136)
	at org.openqa.selenium.remote.service.DriverCommandExecutor.execute(DriverCommandExecutor.java:83)
	at org.openqa.selenium.remote.RemoteWebDriver.execute(RemoteWebDriver.java:552)
	at com.kms.katalon.selenium.driver.CChromeDriver.execute(CChromeDriver.java:19)
	at org.openqa.selenium.remote.RemoteWebDriver.startSession(RemoteWebDriver.java:213)
	at org.openqa.selenium.remote.RemoteWebDriver.&lt;init>(RemoteWebDriver.java:131)
	at org.openqa.selenium.chrome.ChromeDriver.&lt;init>(ChromeDriver.java:181)
	at org.openqa.selenium.chrome.ChromeDriver.&lt;init>(ChromeDriver.java:147)
	at com.kms.katalon.selenium.driver.CChromeDriver.&lt;init>(CChromeDriver.java:13)
	at com.kms.katalon.core.webui.driver.DriverFactory.createNewChromeDriver(DriverFactory.java:400)
	at com.kms.katalon.core.webui.driver.DriverFactory.startNewBrowser(DriverFactory.java:358)
	at com.kms.katalon.core.webui.driver.DriverFactory.openWebDriver(DriverFactory.java:245)
	at com.kms.katalon.core.webui.keyword.builtin.OpenBrowserKeyword$_openBrowser_closure1.doCall(OpenBrowserKeyword.groovy:74)
	at com.kms.katalon.core.webui.keyword.builtin.OpenBrowserKeyword$_openBrowser_closure1.call(OpenBrowserKeyword.groovy)
	at com.kms.katalon.core.webui.keyword.internal.WebUIKeywordMain.runKeyword(WebUIKeywordMain.groovy:20)
	... 23 more
"/>
         <system-out><![CDATA[2021-02-19 16:48:15 - [TEST_CASE][FAILED] - Test Cases/UploadDiffFiles_RegisterUser/TC_As a register user, Upload Txt File and verify Uploded file in Submission Page: Test Cases/UploadDiffFiles_RegisterUser/TC_As a register user, Upload Txt File and verify Uploded file in Submission Page FAILED.
Reason:
com.kms.katalon.core.exception.StepFailedException: Unable to open browser with url: 'https://Inspect.Stage.site.sa'
	at com.kms.katalon.core.webui.keyword.internal.WebUIKeywordMain.stepFailed(WebUIKeywordMain.groovy:64)
	at com.kms.katalon.core.webui.keyword.internal.WebUIKeywordMain.runKeyword(WebUIKeywordMain.groovy:26)
	at com.kms.katalon.core.webui.keyword.builtin.OpenBrowserKeyword.openBrowser(OpenBrowserKeyword.groovy:81)
	at com.kms.katalon.core.webui.keyword.builtin.OpenBrowserKeyword.execute(OpenBrowserKeyword.groovy:67)
	at com.kms.katalon.core.keyword.internal.KeywordExecutor.executeKeywordForPlatform(KeywordExecutor.groovy:73)
	at com.kms.katalon.core.webui.keyword.WebUiBuiltInKeywords.openBrowser(WebUiBuiltInKeywords.groovy:61)
	at com.kms.katalon.core.webui.keyword.WebUiBuiltInKeywords$openBrowser.call(Unknown Source)
	at customKeywords.commanFunctions.openBrowser(commanFunctions.groovy:47)
	at customKeywords.commanFunctions.uploadFileOfRegisterUser(commanFunctions.groovy:747)
	at customKeywords.commanFunctions.invokeMethod(commanFunctions.groovy)
	at com.kms.katalon.core.main.CustomKeywordDelegatingMetaClass.invokeStaticMethod(CustomKeywordDelegatingMetaClass.java:50)
	at TC_As a register user, Upload Txt File and verify Uploded file in Submission Page.run(TC_As a register user, Upload Txt File and verify Uploded file in Submission Page:16)
	at com.kms.katalon.core.main.ScriptEngine.run(ScriptEngine.java:194)
	at com.kms.katalon.core.main.ScriptEngine.runScriptAsRawText(ScriptEngine.java:119)
	at com.kms.katalon.core.main.TestCaseExecutor.runScript(TestCaseExecutor.java:394)
	at com.kms.katalon.core.main.TestCaseExecutor.doExecute(TestCaseExecutor.java:385)
	at com.kms.katalon.core.main.TestCaseExecutor.processExecutionPhase(TestCaseExecutor.java:364)
	at com.kms.katalon.core.main.TestCaseExecutor.accessMainPhase(TestCaseExecutor.java:356)
	at com.kms.katalon.core.main.TestCaseExecutor.execute(TestCaseExecutor.java:251)
	at com.kms.katalon.core.main.TestSuiteExecutor.accessTestCaseMainPhase(TestSuiteExecutor.java:203)
	at com.kms.katalon.core.main.TestSuiteExecutor.accessTestSuiteMainPhase(TestSuiteExecutor.java:152)
	at com.kms.katalon.core.main.TestSuiteExecutor.execute(TestSuiteExecutor.java:95)
	at com.kms.katalon.core.main.TestCaseMain.startTestSuite(TestCaseMain.java:157)
	at com.kms.katalon.core.main.TestCaseMain$startTestSuite$0.call(Unknown Source)
	at TempTestSuite1613733199540.run(TempTestSuite1613733199540.groovy:39)
Caused by: org.openqa.selenium.SessionNotCreatedException: session not created
from chrome not reachable
  (Session info: chrome=86.0.4240.75)
Build info: version: '3.141.59', revision: 'e82be7d358', time: '2018-11-14T08:25:53'
System info: host: 'OMTPGCN1132568L', ip: '192.168.1.1', os.name: 'Windows 10', os.arch: 'amd64', os.version: '10.0', java.version: '1.8.0_181'
Driver info: driver.version: CChromeDriver
remote stacktrace: Backtrace:
	Ordinal0 [0x00A8C013+3194899]
	Ordinal0 [0x00976021+2056225]
	Ordinal0 [0x0080F4B0+586928]
	Ordinal0 [0x00805894+546964]
	Ordinal0 [0x00805F2C+548652]
	Ordinal0 [0x00807175+553333]
	Ordinal0 [0x0080241E+533534]
	Ordinal0 [0x00810620+591392]
	Ordinal0 [0x007B2A0C+207372]
	Ordinal0 [0x007B1D0D+204045]
	Ordinal0 [0x007AFC1B+195611]
	Ordinal0 [0x00793B7F+80767]
	Ordinal0 [0x00794B4E+84814]
	Ordinal0 [0x00794AD9+84697]
	Ordinal0 [0x0098CE64+2149988]
	GetHandleVerifier [0x00BFBE95+1400773]
	GetHandleVerifier [0x00BFBB61+1399953]
	GetHandleVerifier [0x00C031FA+1430314]
	GetHandleVerifier [0x00BFC69F+1402831]
	Ordinal0 [0x00983D61+2112865]
	Ordinal0 [0x0098E5CB+2155979]
	Ordinal0 [0x0098E6F5+2156277]
	Ordinal0 [0x0099F26E+2224750]
	BaseThreadInitThunk [0x77026359+25]
	RtlGetAppContainerNamedObjectPath [0x77BD8944+228]
	RtlGetAppContainerNamedObjectPath [0x77BD8914+180]

	at org.openqa.selenium.remote.W3CHandshakeResponse.lambda$errorHandler$0(W3CHandshakeResponse.java:62)
	at org.openqa.selenium.remote.HandshakeResponse.lambda$getResponseFunction$0(HandshakeResponse.java:30)
	at org.openqa.selenium.remote.ProtocolHandshake.lambda$createSession$0(ProtocolHandshake.java:126)
	at org.openqa.selenium.remote.ProtocolHandshake.createSession(ProtocolHandshake.java:128)
	at org.openqa.selenium.remote.ProtocolHandshake.createSession(ProtocolHandshake.java:74)
	at org.openqa.selenium.remote.HttpCommandExecutor.execute(HttpCommandExecutor.java:136)
	at org.openqa.selenium.remote.service.DriverCommandExecutor.execute(DriverCommandExecutor.java:83)
	at org.openqa.selenium.remote.RemoteWebDriver.execute(RemoteWebDriver.java:552)
	at com.kms.katalon.selenium.driver.CChromeDriver.execute(CChromeDriver.java:19)
	at org.openqa.selenium.remote.RemoteWebDriver.startSession(RemoteWebDriver.java:213)
	at org.openqa.selenium.remote.RemoteWebDriver.<init>(RemoteWebDriver.java:131)
	at org.openqa.selenium.chrome.ChromeDriver.<init>(ChromeDriver.java:181)
	at org.openqa.selenium.chrome.ChromeDriver.<init>(ChromeDriver.java:147)
	at com.kms.katalon.selenium.driver.CChromeDriver.<init>(CChromeDriver.java:13)
	at com.kms.katalon.core.webui.driver.DriverFactory.createNewChromeDriver(DriverFactory.java:400)
	at com.kms.katalon.core.webui.driver.DriverFactory.startNewBrowser(DriverFactory.java:358)
	at com.kms.katalon.core.webui.driver.DriverFactory.openWebDriver(DriverFactory.java:245)
	at com.kms.katalon.core.webui.keyword.builtin.OpenBrowserKeyword$_openBrowser_closure1.doCall(OpenBrowserKeyword.groovy:74)
	at com.kms.katalon.core.webui.keyword.builtin.OpenBrowserKeyword$_openBrowser_closure1.call(OpenBrowserKeyword.groovy)
	at com.kms.katalon.core.webui.keyword.internal.WebUIKeywordMain.runKeyword(WebUIKeywordMain.groovy:20)
	... 23 more


2021-02-19 16:48:15 - [TEST_STEP][PASSED] - excelTestData = findTestData("Data Files/TestData/InspectTestData"): null

2021-02-19 16:48:15 - [TEST_STEP][PASSED] - rigisterUN = excelTestData.getValue(6, 23): null

2021-02-19 16:48:15 - [TEST_STEP][PASSED] - rigisterPW = excelTestData.getValue(3, 23): null

2021-02-19 16:48:15 - [TEST_STEP][FAILED] - customKeywords.commanFunctions.uploadFileOfRegisterUser(196, rigisterUN, rigisterPW): Unable to open browser with url: 'https://Inspect.Stage.site.sa'

2021-02-19 16:48:15 - [MESSAGE][INFO] - Starting 'Chrome' driver

2021-02-19 16:48:15 - [MESSAGE][INFO] - Action delay is set to 0 milliseconds

2021-02-19 16:48:28 - [MESSAGE][FAILED] - Unable to open browser with url: 'https://Inspect.Stage.site.sa' (Root cause: com.kms.katalon.core.exception.StepFailedException: Unable to open browser with url: 'https://Inspect.Stage.site.sa'
	at com.kms.katalon.core.webui.keyword.internal.WebUIKeywordMain.stepFailed(WebUIKeywordMain.groovy:64)
	at com.kms.katalon.core.webui.keyword.internal.WebUIKeywordMain.runKeyword(WebUIKeywordMain.groovy:26)
	at com.kms.katalon.core.webui.keyword.builtin.OpenBrowserKeyword.openBrowser(OpenBrowserKeyword.groovy:81)
	at com.kms.katalon.core.webui.keyword.builtin.OpenBrowserKeyword.execute(OpenBrowserKeyword.groovy:67)
	at com.kms.katalon.core.keyword.internal.KeywordExecutor.executeKeywordForPlatform(KeywordExecutor.groovy:73)
	at com.kms.katalon.core.webui.keyword.WebUiBuiltInKeywords.openBrowser(WebUiBuiltInKeywords.groovy:61)
	at com.kms.katalon.core.webui.keyword.WebUiBuiltInKeywords$openBrowser.call(Unknown Source)
	at customKeywords.commanFunctions.openBrowser(commanFunctions.groovy:47)
	at customKeywords.commanFunctions.uploadFileOfRegisterUser(commanFunctions.groovy:747)
	at customKeywords.commanFunctions.invokeMethod(commanFunctions.groovy)
	at com.kms.katalon.core.main.CustomKeywordDelegatingMetaClass.invokeStaticMethod(CustomKeywordDelegatingMetaClass.java:50)
	at TC_As a register user, Upload Txt File and verify Uploded file in Submission Page.run(TC_As a register user, Upload Txt File and verify Uploded file in Submission Page:16)
	at com.kms.katalon.core.main.ScriptEngine.run(ScriptEngine.java:194)
	at com.kms.katalon.core.main.ScriptEngine.runScriptAsRawText(ScriptEngine.java:119)
	at com.kms.katalon.core.main.TestCaseExecutor.runScript(TestCaseExecutor.java:394)
	at com.kms.katalon.core.main.TestCaseExecutor.doExecute(TestCaseExecutor.java:385)
	at com.kms.katalon.core.main.TestCaseExecutor.processExecutionPhase(TestCaseExecutor.java:364)
	at com.kms.katalon.core.main.TestCaseExecutor.accessMainPhase(TestCaseExecutor.java:356)
	at com.kms.katalon.core.main.TestCaseExecutor.execute(TestCaseExecutor.java:251)
	at com.kms.katalon.core.main.TestSuiteExecutor.accessTestCaseMainPhase(TestSuiteExecutor.java:203)
	at com.kms.katalon.core.main.TestSuiteExecutor.accessTestSuiteMainPhase(TestSuiteExecutor.java:152)
	at com.kms.katalon.core.main.TestSuiteExecutor.execute(TestSuiteExecutor.java:95)
	at com.kms.katalon.core.main.TestCaseMain.startTestSuite(TestCaseMain.java:157)
	at com.kms.katalon.core.main.TestCaseMain$startTestSuite$0.call(Unknown Source)
	at TempTestSuite1613733199540.run(TempTestSuite1613733199540.groovy:39)
Caused by: org.openqa.selenium.SessionNotCreatedException: session not created
from chrome not reachable
  (Session info: chrome=86.0.4240.75)
Build info: version: '3.141.59', revision: 'e82be7d358', time: '2018-11-14T08:25:53'
System info: host: 'OMTPGCN1132568L', ip: '192.168.1.1', os.name: 'Windows 10', os.arch: 'amd64', os.version: '10.0', java.version: '1.8.0_181'
Driver info: driver.version: CChromeDriver
remote stacktrace: Backtrace:
	Ordinal0 [0x00A8C013+3194899]
	Ordinal0 [0x00976021+2056225]
	Ordinal0 [0x0080F4B0+586928]
	Ordinal0 [0x00805894+546964]
	Ordinal0 [0x00805F2C+548652]
	Ordinal0 [0x00807175+553333]
	Ordinal0 [0x0080241E+533534]
	Ordinal0 [0x00810620+591392]
	Ordinal0 [0x007B2A0C+207372]
	Ordinal0 [0x007B1D0D+204045]
	Ordinal0 [0x007AFC1B+195611]
	Ordinal0 [0x00793B7F+80767]
	Ordinal0 [0x00794B4E+84814]
	Ordinal0 [0x00794AD9+84697]
	Ordinal0 [0x0098CE64+2149988]
	GetHandleVerifier [0x00BFBE95+1400773]
	GetHandleVerifier [0x00BFBB61+1399953]
	GetHandleVerifier [0x00C031FA+1430314]
	GetHandleVerifier [0x00BFC69F+1402831]
	Ordinal0 [0x00983D61+2112865]
	Ordinal0 [0x0098E5CB+2155979]
	Ordinal0 [0x0098E6F5+2156277]
	Ordinal0 [0x0099F26E+2224750]
	BaseThreadInitThunk [0x77026359+25]
	RtlGetAppContainerNamedObjectPath [0x77BD8944+228]
	RtlGetAppContainerNamedObjectPath [0x77BD8914+180]

	at org.openqa.selenium.remote.W3CHandshakeResponse.lambda$errorHandler$0(W3CHandshakeResponse.java:62)
	at org.openqa.selenium.remote.HandshakeResponse.lambda$getResponseFunction$0(HandshakeResponse.java:30)
	at org.openqa.selenium.remote.ProtocolHandshake.lambda$createSession$0(ProtocolHandshake.java:126)
	at org.openqa.selenium.remote.ProtocolHandshake.createSession(ProtocolHandshake.java:128)
	at org.openqa.selenium.remote.ProtocolHandshake.createSession(ProtocolHandshake.java:74)
	at org.openqa.selenium.remote.HttpCommandExecutor.execute(HttpCommandExecutor.java:136)
	at org.openqa.selenium.remote.service.DriverCommandExecutor.execute(DriverCommandExecutor.java:83)
	at org.openqa.selenium.remote.RemoteWebDriver.execute(RemoteWebDriver.java:552)
	at com.kms.katalon.selenium.driver.CChromeDriver.execute(CChromeDriver.java:19)
	at org.openqa.selenium.remote.RemoteWebDriver.startSession(RemoteWebDriver.java:213)
	at org.openqa.selenium.remote.RemoteWebDriver.<init>(RemoteWebDriver.java:131)
	at org.openqa.selenium.chrome.ChromeDriver.<init>(ChromeDriver.java:181)
	at org.openqa.selenium.chrome.ChromeDriver.<init>(ChromeDriver.java:147)
	at com.kms.katalon.selenium.driver.CChromeDriver.<init>(CChromeDriver.java:13)
	at com.kms.katalon.core.webui.driver.DriverFactory.createNewChromeDriver(DriverFactory.java:400)
	at com.kms.katalon.core.webui.driver.DriverFactory.startNewBrowser(DriverFactory.java:358)
	at com.kms.katalon.core.webui.driver.DriverFactory.openWebDriver(DriverFactory.java:245)
	at com.kms.katalon.core.webui.keyword.builtin.OpenBrowserKeyword$_openBrowser_closure1.doCall(OpenBrowserKeyword.groovy:74)
	at com.kms.katalon.core.webui.keyword.builtin.OpenBrowserKeyword$_openBrowser_closure1.call(OpenBrowserKeyword.groovy)
	at com.kms.katalon.core.webui.keyword.internal.WebUIKeywordMain.runKeyword(WebUIKeywordMain.groovy:20)
	at com.kms.katalon.core.webui.keyword.builtin.OpenBrowserKeyword.openBrowser(OpenBrowserKeyword.groovy:81)
	at com.kms.katalon.core.webui.keyword.builtin.OpenBrowserKeyword.execute(OpenBrowserKeyword.groovy:67)
	at com.kms.katalon.core.keyword.internal.KeywordExecutor.executeKeywordForPlatform(KeywordExecutor.groovy:73)
	at com.kms.katalon.core.webui.keyword.WebUiBuiltInKeywords.openBrowser(WebUiBuiltInKeywords.groovy:61)
	at com.kms.katalon.core.webui.keyword.WebUiBuiltInKeywords$openBrowser.call(Unknown Source)
	at customKeywords.commanFunctions.openBrowser(commanFunctions.groovy:47)
	at customKeywords.commanFunctions.uploadFileOfRegisterUser(commanFunctions.groovy:747)
	at customKeywords.commanFunctions.invokeMethod(commanFunctions.groovy)
	at com.kms.katalon.core.main.CustomKeywordDelegatingMetaClass.invokeStaticMethod(CustomKeywordDelegatingMetaClass.java:50)
	at Script1613223097091.run(Script1613223097091.groovy:16)
	... 13 more
)

2021-02-19 16:48:28 - [MESSAGE][FAILED] - Unable to open browser with url: 'https://Inspect.Stage.site.sa'

2021-02-19 16:48:28 - [TEST_STEP][PASSED] - Start tear down : tearDownMethodIfFailed: Method 'tearDownMethodIfFailed' complete successfully

2021-02-19 16:48:28 - [TEST_STEP][PASSED] - customKeywords.commanFunctions.onlyCloseBrowser(): customKeywords.commanFunctions.onlyCloseBrowser is PASSED

2021-02-19 16:48:29 - [MESSAGE][PASSED] - Browser is closed

2021-02-19 16:48:29 - [MESSAGE][PASSED] - customKeywords.commanFunctions.onlyCloseBrowser is PASSED

2021-02-19 16:48:29 - [TEST_STEP][PASSED] - logInfo("[--------This is tearDownIfFailed method------]"): [--------This is tearDownIfFailed method------]

2021-02-19 16:48:29 - [MESSAGE][INFO] - [--------This is tearDownIfFailed method------]

2021-02-19 16:48:29 - [MESSAGE][PASSED] - Method 'tearDownMethodIfFailed' complete successfully]]></system-out>
         <system-err><![CDATA[2021-02-19 16:48:15 - [TEST_CASE][FAILED] - Test Cases/UploadDiffFiles_RegisterUser/TC_As a register user, Upload Txt File and verify Uploded file in Submission Page: Test Cases/UploadDiffFiles_RegisterUser/TC_As a register user, Upload Txt File and verify Uploded file in Submission Page FAILED.
Reason:
com.kms.katalon.core.exception.StepFailedException: Unable to open browser with url: 'https://Inspect.Stage.site.sa'
	at com.kms.katalon.core.webui.keyword.internal.WebUIKeywordMain.stepFailed(WebUIKeywordMain.groovy:64)
	at com.kms.katalon.core.webui.keyword.internal.WebUIKeywordMain.runKeyword(WebUIKeywordMain.groovy:26)
	at com.kms.katalon.core.webui.keyword.builtin.OpenBrowserKeyword.openBrowser(OpenBrowserKeyword.groovy:81)
	at com.kms.katalon.core.webui.keyword.builtin.OpenBrowserKeyword.execute(OpenBrowserKeyword.groovy:67)
	at com.kms.katalon.core.keyword.internal.KeywordExecutor.executeKeywordForPlatform(KeywordExecutor.groovy:73)
	at com.kms.katalon.core.webui.keyword.WebUiBuiltInKeywords.openBrowser(WebUiBuiltInKeywords.groovy:61)
	at com.kms.katalon.core.webui.keyword.WebUiBuiltInKeywords$openBrowser.call(Unknown Source)
	at customKeywords.commanFunctions.openBrowser(commanFunctions.groovy:47)
	at customKeywords.commanFunctions.uploadFileOfRegisterUser(commanFunctions.groovy:747)
	at customKeywords.commanFunctions.invokeMethod(commanFunctions.groovy)
	at com.kms.katalon.core.main.CustomKeywordDelegatingMetaClass.invokeStaticMethod(CustomKeywordDelegatingMetaClass.java:50)
	at TC_As a register user, Upload Txt File and verify Uploded file in Submission Page.run(TC_As a register user, Upload Txt File and verify Uploded file in Submission Page:16)
	at com.kms.katalon.core.main.ScriptEngine.run(ScriptEngine.java:194)
	at com.kms.katalon.core.main.ScriptEngine.runScriptAsRawText(ScriptEngine.java:119)
	at com.kms.katalon.core.main.TestCaseExecutor.runScript(TestCaseExecutor.java:394)
	at com.kms.katalon.core.main.TestCaseExecutor.doExecute(TestCaseExecutor.java:385)
	at com.kms.katalon.core.main.TestCaseExecutor.processExecutionPhase(TestCaseExecutor.java:364)
	at com.kms.katalon.core.main.TestCaseExecutor.accessMainPhase(TestCaseExecutor.java:356)
	at com.kms.katalon.core.main.TestCaseExecutor.execute(TestCaseExecutor.java:251)
	at com.kms.katalon.core.main.TestSuiteExecutor.accessTestCaseMainPhase(TestSuiteExecutor.java:203)
	at com.kms.katalon.core.main.TestSuiteExecutor.accessTestSuiteMainPhase(TestSuiteExecutor.java:152)
	at com.kms.katalon.core.main.TestSuiteExecutor.execute(TestSuiteExecutor.java:95)
	at com.kms.katalon.core.main.TestCaseMain.startTestSuite(TestCaseMain.java:157)
	at com.kms.katalon.core.main.TestCaseMain$startTestSuite$0.call(Unknown Source)
	at TempTestSuite1613733199540.run(TempTestSuite1613733199540.groovy:39)
Caused by: org.openqa.selenium.SessionNotCreatedException: session not created
from chrome not reachable
  (Session info: chrome=86.0.4240.75)
Build info: version: '3.141.59', revision: 'e82be7d358', time: '2018-11-14T08:25:53'
System info: host: 'OMTPGCN1132568L', ip: '192.168.1.1', os.name: 'Windows 10', os.arch: 'amd64', os.version: '10.0', java.version: '1.8.0_181'
Driver info: driver.version: CChromeDriver
remote stacktrace: Backtrace:
	Ordinal0 [0x00A8C013+3194899]
	Ordinal0 [0x00976021+2056225]
	Ordinal0 [0x0080F4B0+586928]
	Ordinal0 [0x00805894+546964]
	Ordinal0 [0x00805F2C+548652]
	Ordinal0 [0x00807175+553333]
	Ordinal0 [0x0080241E+533534]
	Ordinal0 [0x00810620+591392]
	Ordinal0 [0x007B2A0C+207372]
	Ordinal0 [0x007B1D0D+204045]
	Ordinal0 [0x007AFC1B+195611]
	Ordinal0 [0x00793B7F+80767]
	Ordinal0 [0x00794B4E+84814]
	Ordinal0 [0x00794AD9+84697]
	Ordinal0 [0x0098CE64+2149988]
	GetHandleVerifier [0x00BFBE95+1400773]
	GetHandleVerifier [0x00BFBB61+1399953]
	GetHandleVerifier [0x00C031FA+1430314]
	GetHandleVerifier [0x00BFC69F+1402831]
	Ordinal0 [0x00983D61+2112865]
	Ordinal0 [0x0098E5CB+2155979]
	Ordinal0 [0x0098E6F5+2156277]
	Ordinal0 [0x0099F26E+2224750]
	BaseThreadInitThunk [0x77026359+25]
	RtlGetAppContainerNamedObjectPath [0x77BD8944+228]
	RtlGetAppContainerNamedObjectPath [0x77BD8914+180]

	at org.openqa.selenium.remote.W3CHandshakeResponse.lambda$errorHandler$0(W3CHandshakeResponse.java:62)
	at org.openqa.selenium.remote.HandshakeResponse.lambda$getResponseFunction$0(HandshakeResponse.java:30)
	at org.openqa.selenium.remote.ProtocolHandshake.lambda$createSession$0(ProtocolHandshake.java:126)
	at org.openqa.selenium.remote.ProtocolHandshake.createSession(ProtocolHandshake.java:128)
	at org.openqa.selenium.remote.ProtocolHandshake.createSession(ProtocolHandshake.java:74)
	at org.openqa.selenium.remote.HttpCommandExecutor.execute(HttpCommandExecutor.java:136)
	at org.openqa.selenium.remote.service.DriverCommandExecutor.execute(DriverCommandExecutor.java:83)
	at org.openqa.selenium.remote.RemoteWebDriver.execute(RemoteWebDriver.java:552)
	at com.kms.katalon.selenium.driver.CChromeDriver.execute(CChromeDriver.java:19)
	at org.openqa.selenium.remote.RemoteWebDriver.startSession(RemoteWebDriver.java:213)
	at org.openqa.selenium.remote.RemoteWebDriver.<init>(RemoteWebDriver.java:131)
	at org.openqa.selenium.chrome.ChromeDriver.<init>(ChromeDriver.java:181)
	at org.openqa.selenium.chrome.ChromeDriver.<init>(ChromeDriver.java:147)
	at com.kms.katalon.selenium.driver.CChromeDriver.<init>(CChromeDriver.java:13)
	at com.kms.katalon.core.webui.driver.DriverFactory.createNewChromeDriver(DriverFactory.java:400)
	at com.kms.katalon.core.webui.driver.DriverFactory.startNewBrowser(DriverFactory.java:358)
	at com.kms.katalon.core.webui.driver.DriverFactory.openWebDriver(DriverFactory.java:245)
	at com.kms.katalon.core.webui.keyword.builtin.OpenBrowserKeyword$_openBrowser_closure1.doCall(OpenBrowserKeyword.groovy:74)
	at com.kms.katalon.core.webui.keyword.builtin.OpenBrowserKeyword$_openBrowser_closure1.call(OpenBrowserKeyword.groovy)
	at com.kms.katalon.core.webui.keyword.internal.WebUIKeywordMain.runKeyword(WebUIKeywordMain.groovy:20)
	... 23 more]]></system-err>
      </testcase>
      <testcase name="Test Cases/UploadDiffFiles_RegisterUser/TC_As a register user, Upload Web page imagemap File and verify Uploded file in Submission Page" time="7.958" classname="Test Cases/UploadDiffFiles_RegisterUser/TC_As a register user, Upload Web page imagemap File and verify Uploded file in Submission Page" status="FAILED">
         <failure type="FAILED" message="Test Cases/UploadDiffFiles_RegisterUser/TC_As a register user, Upload Web page imagemap File and verify Uploded file in Submission Page FAILED.
Reason:
com.kms.katalon.core.exception.StepFailedException: Unable to maximize current window
	at com.kms.katalon.core.webui.keyword.internal.WebUIKeywordMain.stepFailed(WebUIKeywordMain.groovy:64)
	at com.kms.katalon.core.webui.keyword.internal.WebUIKeywordMain.runKeyword(WebUIKeywordMain.groovy:26)
	at com.kms.katalon.core.webui.keyword.builtin.MaximizeWindowKeyword.maximizeWindow(MaximizeWindowKeyword.groovy:74)
	at com.kms.katalon.core.webui.keyword.builtin.MaximizeWindowKeyword.execute(MaximizeWindowKeyword.groovy:69)
	at com.kms.katalon.core.keyword.internal.KeywordExecutor.executeKeywordForPlatform(KeywordExecutor.groovy:73)
	at com.kms.katalon.core.webui.keyword.WebUiBuiltInKeywords.maximizeWindow(WebUiBuiltInKeywords.groovy:280)
	at com.kms.katalon.core.webui.keyword.WebUiBuiltInKeywords$maximizeWindow$0.call(Unknown Source)
	at customKeywords.commanFunctions.openBrowser(commanFunctions.groovy:48)
	at customKeywords.commanFunctions.uploadFileOfRegisterUser(commanFunctions.groovy:747)
	at customKeywords.commanFunctions.invokeMethod(commanFunctions.groovy)
	at com.kms.katalon.core.main.CustomKeywordDelegatingMetaClass.invokeStaticMethod(CustomKeywordDelegatingMetaClass.java:50)
	at TC_As a register user, Upload Web page imagemap File and verify Uploded file in Submission Page.run(TC_As a register user, Upload Web page imagemap File and verify Uploded file in Submission Page:16)
	at com.kms.katalon.core.main.ScriptEngine.run(ScriptEngine.java:194)
	at com.kms.katalon.core.main.ScriptEngine.runScriptAsRawText(ScriptEngine.java:119)
	at com.kms.katalon.core.main.TestCaseExecutor.runScript(TestCaseExecutor.java:394)
	at com.kms.katalon.core.main.TestCaseExecutor.doExecute(TestCaseExecutor.java:385)
	at com.kms.katalon.core.main.TestCaseExecutor.processExecutionPhase(TestCaseExecutor.java:364)
	at com.kms.katalon.core.main.TestCaseExecutor.accessMainPhase(TestCaseExecutor.java:356)
	at com.kms.katalon.core.main.TestCaseExecutor.execute(TestCaseExecutor.java:251)
	at com.kms.katalon.core.main.TestSuiteExecutor.accessTestCaseMainPhase(TestSuiteExecutor.java:203)
	at com.kms.katalon.core.main.TestSuiteExecutor.accessTestSuiteMainPhase(TestSuiteExecutor.java:152)
	at com.kms.katalon.core.main.TestSuiteExecutor.execute(TestSuiteExecutor.java:95)
	at com.kms.katalon.core.main.TestCaseMain.startTestSuite(TestCaseMain.java:157)
	at com.kms.katalon.core.main.TestCaseMain$startTestSuite$0.call(Unknown Source)
	at TempTestSuite1613733199540.run(TempTestSuite1613733199540.groovy:39)
Caused by: org.openqa.selenium.NoSuchWindowException: no such window: target window already closed
from unknown error: web view not found
  (Session info: chrome=86.0.4240.75)
Build info: version: '3.141.59', revision: 'e82be7d358', time: '2018-11-14T08:25:53'
System info: host: 'OMTPGCN1132568L', ip: '192.168.1.1', os.name: 'Windows 10', os.arch: 'amd64', os.version: '10.0', java.version: '1.8.0_181'
Driver info: com.kms.katalon.selenium.driver.CChromeDriver
Capabilities {acceptInsecureCerts: false, browserName: chrome, browserVersion: 86.0.4240.75, chrome: {chromedriverVersion: 86.0.4240.22 (398b0743353ff..., userDataDir: C:\Users\ashok\AppData\Loca...}, goog:chromeOptions: {debuggerAddress: localhost:51122}, javascriptEnabled: true, networkConnectionEnabled: false, pageLoadStrategy: normal, platform: WINDOWS, platformName: WINDOWS, proxy: Proxy(), setWindowRect: true, strictFileInteractability: false, timeouts: {implicit: 0, pageLoad: 300000, script: 30000}, unhandledPromptBehavior: dismiss and notify, webauthn:virtualAuthenticators: true}
Session ID: c42d3b257b3076837bb8bdebed8ace0b
	at org.openqa.selenium.remote.http.W3CHttpResponseCodec.createException(W3CHttpResponseCodec.java:187)
	at org.openqa.selenium.remote.http.W3CHttpResponseCodec.decode(W3CHttpResponseCodec.java:122)
	at org.openqa.selenium.remote.http.W3CHttpResponseCodec.decode(W3CHttpResponseCodec.java:49)
	at org.openqa.selenium.remote.HttpCommandExecutor.execute(HttpCommandExecutor.java:158)
	at org.openqa.selenium.remote.service.DriverCommandExecutor.execute(DriverCommandExecutor.java:83)
	at org.openqa.selenium.remote.RemoteWebDriver.execute(RemoteWebDriver.java:552)
	at com.kms.katalon.selenium.driver.CChromeDriver.execute(CChromeDriver.java:19)
	at org.openqa.selenium.remote.RemoteWebDriver.execute(RemoteWebDriver.java:609)
	at org.openqa.selenium.remote.RemoteWebDriver$RemoteWebDriverOptions$RemoteWindow.maximize(RemoteWebDriver.java:837)
	at org.openqa.selenium.support.events.EventFiringWebDriver$EventFiringWindow.maximize(EventFiringWebDriver.java:769)
	at com.kms.katalon.core.webui.keyword.builtin.MaximizeWindowKeyword$_maximizeWindow_closure1.doCall(MaximizeWindowKeyword.groovy:85)
	at com.kms.katalon.core.webui.keyword.builtin.MaximizeWindowKeyword$_maximizeWindow_closure1.call(MaximizeWindowKeyword.groovy)
	at com.kms.katalon.core.webui.keyword.internal.WebUIKeywordMain.runKeyword(WebUIKeywordMain.groovy:20)
	... 23 more
"/>
         <system-out><![CDATA[2021-02-19 16:48:29 - [TEST_CASE][FAILED] - Test Cases/UploadDiffFiles_RegisterUser/TC_As a register user, Upload Web page imagemap File and verify Uploded file in Submission Page: Test Cases/UploadDiffFiles_RegisterUser/TC_As a register user, Upload Web page imagemap File and verify Uploded file in Submission Page FAILED.
Reason:
com.kms.katalon.core.exception.StepFailedException: Unable to maximize current window
	at com.kms.katalon.core.webui.keyword.internal.WebUIKeywordMain.stepFailed(WebUIKeywordMain.groovy:64)
	at com.kms.katalon.core.webui.keyword.internal.WebUIKeywordMain.runKeyword(WebUIKeywordMain.groovy:26)
	at com.kms.katalon.core.webui.keyword.builtin.MaximizeWindowKeyword.maximizeWindow(MaximizeWindowKeyword.groovy:74)
	at com.kms.katalon.core.webui.keyword.builtin.MaximizeWindowKeyword.execute(MaximizeWindowKeyword.groovy:69)
	at com.kms.katalon.core.keyword.internal.KeywordExecutor.executeKeywordForPlatform(KeywordExecutor.groovy:73)
	at com.kms.katalon.core.webui.keyword.WebUiBuiltInKeywords.maximizeWindow(WebUiBuiltInKeywords.groovy:280)
	at com.kms.katalon.core.webui.keyword.WebUiBuiltInKeywords$maximizeWindow$0.call(Unknown Source)
	at customKeywords.commanFunctions.openBrowser(commanFunctions.groovy:48)
	at customKeywords.commanFunctions.uploadFileOfRegisterUser(commanFunctions.groovy:747)
	at customKeywords.commanFunctions.invokeMethod(commanFunctions.groovy)
	at com.kms.katalon.core.main.CustomKeywordDelegatingMetaClass.invokeStaticMethod(CustomKeywordDelegatingMetaClass.java:50)
	at TC_As a register user, Upload Web page imagemap File and verify Uploded file in Submission Page.run(TC_As a register user, Upload Web page imagemap File and verify Uploded file in Submission Page:16)
	at com.kms.katalon.core.main.ScriptEngine.run(ScriptEngine.java:194)
	at com.kms.katalon.core.main.ScriptEngine.runScriptAsRawText(ScriptEngine.java:119)
	at com.kms.katalon.core.main.TestCaseExecutor.runScript(TestCaseExecutor.java:394)
	at com.kms.katalon.core.main.TestCaseExecutor.doExecute(TestCaseExecutor.java:385)
	at com.kms.katalon.core.main.TestCaseExecutor.processExecutionPhase(TestCaseExecutor.java:364)
	at com.kms.katalon.core.main.TestCaseExecutor.accessMainPhase(TestCaseExecutor.java:356)
	at com.kms.katalon.core.main.TestCaseExecutor.execute(TestCaseExecutor.java:251)
	at com.kms.katalon.core.main.TestSuiteExecutor.accessTestCaseMainPhase(TestSuiteExecutor.java:203)
	at com.kms.katalon.core.main.TestSuiteExecutor.accessTestSuiteMainPhase(TestSuiteExecutor.java:152)
	at com.kms.katalon.core.main.TestSuiteExecutor.execute(TestSuiteExecutor.java:95)
	at com.kms.katalon.core.main.TestCaseMain.startTestSuite(TestCaseMain.java:157)
	at com.kms.katalon.core.main.TestCaseMain$startTestSuite$0.call(Unknown Source)
	at TempTestSuite1613733199540.run(TempTestSuite1613733199540.groovy:39)
Caused by: org.openqa.selenium.NoSuchWindowException: no such window: target window already closed
from unknown error: web view not found
  (Session info: chrome=86.0.4240.75)
Build info: version: '3.141.59', revision: 'e82be7d358', time: '2018-11-14T08:25:53'
System info: host: 'OMTPGCN1132568L', ip: '192.168.1.1', os.name: 'Windows 10', os.arch: 'amd64', os.version: '10.0', java.version: '1.8.0_181'
Driver info: com.kms.katalon.selenium.driver.CChromeDriver
Capabilities {acceptInsecureCerts: false, browserName: chrome, browserVersion: 86.0.4240.75, chrome: {chromedriverVersion: 86.0.4240.22 (398b0743353ff..., userDataDir: C:\Users\ashok\AppData\Loca...}, goog:chromeOptions: {debuggerAddress: localhost:51122}, javascriptEnabled: true, networkConnectionEnabled: false, pageLoadStrategy: normal, platform: WINDOWS, platformName: WINDOWS, proxy: Proxy(), setWindowRect: true, strictFileInteractability: false, timeouts: {implicit: 0, pageLoad: 300000, script: 30000}, unhandledPromptBehavior: dismiss and notify, webauthn:virtualAuthenticators: true}
Session ID: c42d3b257b3076837bb8bdebed8ace0b
	at org.openqa.selenium.remote.http.W3CHttpResponseCodec.createException(W3CHttpResponseCodec.java:187)
	at org.openqa.selenium.remote.http.W3CHttpResponseCodec.decode(W3CHttpResponseCodec.java:122)
	at org.openqa.selenium.remote.http.W3CHttpResponseCodec.decode(W3CHttpResponseCodec.java:49)
	at org.openqa.selenium.remote.HttpCommandExecutor.execute(HttpCommandExecutor.java:158)
	at org.openqa.selenium.remote.service.DriverCommandExecutor.execute(DriverCommandExecutor.java:83)
	at org.openqa.selenium.remote.RemoteWebDriver.execute(RemoteWebDriver.java:552)
	at com.kms.katalon.selenium.driver.CChromeDriver.execute(CChromeDriver.java:19)
	at org.openqa.selenium.remote.RemoteWebDriver.execute(RemoteWebDriver.java:609)
	at org.openqa.selenium.remote.RemoteWebDriver$RemoteWebDriverOptions$RemoteWindow.maximize(RemoteWebDriver.java:837)
	at org.openqa.selenium.support.events.EventFiringWebDriver$EventFiringWindow.maximize(EventFiringWebDriver.java:769)
	at com.kms.katalon.core.webui.keyword.builtin.MaximizeWindowKeyword$_maximizeWindow_closure1.doCall(MaximizeWindowKeyword.groovy:85)
	at com.kms.katalon.core.webui.keyword.builtin.MaximizeWindowKeyword$_maximizeWindow_closure1.call(MaximizeWindowKeyword.groovy)
	at com.kms.katalon.core.webui.keyword.internal.WebUIKeywordMain.runKeyword(WebUIKeywordMain.groovy:20)
	... 23 more


2021-02-19 16:48:29 - [TEST_STEP][PASSED] - excelTestData = findTestData("Data Files/TestData/InspectTestData"): null

2021-02-19 16:48:29 - [TEST_STEP][PASSED] - rigisterUN = excelTestData.getValue(6, 23): null

2021-02-19 16:48:29 - [TEST_STEP][PASSED] - rigisterPW = excelTestData.getValue(3, 23): null

2021-02-19 16:48:29 - [TEST_STEP][FAILED] - customKeywords.commanFunctions.uploadFileOfRegisterUser(301, rigisterUN, rigisterPW): Unable to maximize current window

2021-02-19 16:48:29 - [MESSAGE][INFO] - Starting 'Chrome' driver

2021-02-19 16:48:29 - [MESSAGE][INFO] - Action delay is set to 0 milliseconds

2021-02-19 16:48:36 - [MESSAGE][PASSED] - Browser is opened with url: 'https://Inspect.Stage.site.sa'

2021-02-19 16:48:36 - [MESSAGE][WARNING] - Cannot take screenshot

2021-02-19 16:48:36 - [MESSAGE][FAILED] - Unable to maximize current window (Root cause: com.kms.katalon.core.exception.StepFailedException: Unable to maximize current window
	at com.kms.katalon.core.webui.keyword.internal.WebUIKeywordMain.stepFailed(WebUIKeywordMain.groovy:64)
	at com.kms.katalon.core.webui.keyword.internal.WebUIKeywordMain.runKeyword(WebUIKeywordMain.groovy:26)
	at com.kms.katalon.core.webui.keyword.builtin.MaximizeWindowKeyword.maximizeWindow(MaximizeWindowKeyword.groovy:74)
	at com.kms.katalon.core.webui.keyword.builtin.MaximizeWindowKeyword.execute(MaximizeWindowKeyword.groovy:69)
	at com.kms.katalon.core.keyword.internal.KeywordExecutor.executeKeywordForPlatform(KeywordExecutor.groovy:73)
	at com.kms.katalon.core.webui.keyword.WebUiBuiltInKeywords.maximizeWindow(WebUiBuiltInKeywords.groovy:280)
	at com.kms.katalon.core.webui.keyword.WebUiBuiltInKeywords$maximizeWindow$0.call(Unknown Source)
	at customKeywords.commanFunctions.openBrowser(commanFunctions.groovy:48)
	at customKeywords.commanFunctions.uploadFileOfRegisterUser(commanFunctions.groovy:747)
	at customKeywords.commanFunctions.invokeMethod(commanFunctions.groovy)
	at com.kms.katalon.core.main.CustomKeywordDelegatingMetaClass.invokeStaticMethod(CustomKeywordDelegatingMetaClass.java:50)
	at TC_As a register user, Upload Web page imagemap File and verify Uploded file in Submission Page.run(TC_As a register user, Upload Web page imagemap File and verify Uploded file in Submission Page:16)
	at com.kms.katalon.core.main.ScriptEngine.run(ScriptEngine.java:194)
	at com.kms.katalon.core.main.ScriptEngine.runScriptAsRawText(ScriptEngine.java:119)
	at com.kms.katalon.core.main.TestCaseExecutor.runScript(TestCaseExecutor.java:394)
	at com.kms.katalon.core.main.TestCaseExecutor.doExecute(TestCaseExecutor.java:385)
	at com.kms.katalon.core.main.TestCaseExecutor.processExecutionPhase(TestCaseExecutor.java:364)
	at com.kms.katalon.core.main.TestCaseExecutor.accessMainPhase(TestCaseExecutor.java:356)
	at com.kms.katalon.core.main.TestCaseExecutor.execute(TestCaseExecutor.java:251)
	at com.kms.katalon.core.main.TestSuiteExecutor.accessTestCaseMainPhase(TestSuiteExecutor.java:203)
	at com.kms.katalon.core.main.TestSuiteExecutor.accessTestSuiteMainPhase(TestSuiteExecutor.java:152)
	at com.kms.katalon.core.main.TestSuiteExecutor.execute(TestSuiteExecutor.java:95)
	at com.kms.katalon.core.main.TestCaseMain.startTestSuite(TestCaseMain.java:157)
	at com.kms.katalon.core.main.TestCaseMain$startTestSuite$0.call(Unknown Source)
	at TempTestSuite1613733199540.run(TempTestSuite1613733199540.groovy:39)
Caused by: org.openqa.selenium.NoSuchWindowException: no such window: target window already closed
from unknown error: web view not found
  (Session info: chrome=86.0.4240.75)
Build info: version: '3.141.59', revision: 'e82be7d358', time: '2018-11-14T08:25:53'
System info: host: 'OMTPGCN1132568L', ip: '192.168.1.1', os.name: 'Windows 10', os.arch: 'amd64', os.version: '10.0', java.version: '1.8.0_181'
Driver info: com.kms.katalon.selenium.driver.CChromeDriver
Capabilities {acceptInsecureCerts: false, browserName: chrome, browserVersion: 86.0.4240.75, chrome: {chromedriverVersion: 86.0.4240.22 (398b0743353ff..., userDataDir: C:\Users\ashok\AppData\Loca...}, goog:chromeOptions: {debuggerAddress: localhost:51122}, javascriptEnabled: true, networkConnectionEnabled: false, pageLoadStrategy: normal, platform: WINDOWS, platformName: WINDOWS, proxy: Proxy(), setWindowRect: true, strictFileInteractability: false, timeouts: {implicit: 0, pageLoad: 300000, script: 30000}, unhandledPromptBehavior: dismiss and notify, webauthn:virtualAuthenticators: true}
Session ID: c42d3b257b3076837bb8bdebed8ace0b
	at org.openqa.selenium.remote.http.W3CHttpResponseCodec.createException(W3CHttpResponseCodec.java:187)
	at org.openqa.selenium.remote.http.W3CHttpResponseCodec.decode(W3CHttpResponseCodec.java:122)
	at org.openqa.selenium.remote.http.W3CHttpResponseCodec.decode(W3CHttpResponseCodec.java:49)
	at org.openqa.selenium.remote.HttpCommandExecutor.execute(HttpCommandExecutor.java:158)
	at org.openqa.selenium.remote.service.DriverCommandExecutor.execute(DriverCommandExecutor.java:83)
	at org.openqa.selenium.remote.RemoteWebDriver.execute(RemoteWebDriver.java:552)
	at com.kms.katalon.selenium.driver.CChromeDriver.execute(CChromeDriver.java:19)
	at org.openqa.selenium.remote.RemoteWebDriver.execute(RemoteWebDriver.java:609)
	at org.openqa.selenium.remote.RemoteWebDriver$RemoteWebDriverOptions$RemoteWindow.maximize(RemoteWebDriver.java:837)
	at org.openqa.selenium.support.events.EventFiringWebDriver$EventFiringWindow.maximize(EventFiringWebDriver.java:769)
	at com.kms.katalon.core.webui.keyword.builtin.MaximizeWindowKeyword$_maximizeWindow_closure1.doCall(MaximizeWindowKeyword.groovy:85)
	at com.kms.katalon.core.webui.keyword.builtin.MaximizeWindowKeyword$_maximizeWindow_closure1.call(MaximizeWindowKeyword.groovy)
	at com.kms.katalon.core.webui.keyword.internal.WebUIKeywordMain.runKeyword(WebUIKeywordMain.groovy:20)
	at com.kms.katalon.core.webui.keyword.builtin.MaximizeWindowKeyword.maximizeWindow(MaximizeWindowKeyword.groovy:74)
	at com.kms.katalon.core.webui.keyword.builtin.MaximizeWindowKeyword.execute(MaximizeWindowKeyword.groovy:69)
	at com.kms.katalon.core.keyword.internal.KeywordExecutor.executeKeywordForPlatform(KeywordExecutor.groovy:73)
	at com.kms.katalon.core.webui.keyword.WebUiBuiltInKeywords.maximizeWindow(WebUiBuiltInKeywords.groovy:280)
	at com.kms.katalon.core.webui.keyword.WebUiBuiltInKeywords$maximizeWindow$0.call(Unknown Source)
	at customKeywords.commanFunctions.openBrowser(commanFunctions.groovy:48)
	at customKeywords.commanFunctions.uploadFileOfRegisterUser(commanFunctions.groovy:747)
	at customKeywords.commanFunctions.invokeMethod(commanFunctions.groovy)
	at com.kms.katalon.core.main.CustomKeywordDelegatingMetaClass.invokeStaticMethod(CustomKeywordDelegatingMetaClass.java:50)
	at Script1613375143804.run(Script1613375143804.groovy:16)
	... 13 more
)

2021-02-19 16:48:36 - [MESSAGE][FAILED] - Unable to maximize current window

2021-02-19 16:48:36 - [TEST_STEP][PASSED] - Start tear down : tearDownMethodIfFailed: Method 'tearDownMethodIfFailed' complete successfully

2021-02-19 16:48:36 - [TEST_STEP][PASSED] - customKeywords.commanFunctions.onlyCloseBrowser(): customKeywords.commanFunctions.onlyCloseBrowser is PASSED

2021-02-19 16:48:37 - [MESSAGE][PASSED] - Browser is closed

2021-02-19 16:48:37 - [MESSAGE][PASSED] - customKeywords.commanFunctions.onlyCloseBrowser is PASSED

2021-02-19 16:48:37 - [TEST_STEP][PASSED] - logInfo("[--------This is tearDownIfFailed method------]"): [--------This is tearDownIfFailed method------]

2021-02-19 16:48:37 - [MESSAGE][INFO] - [--------This is tearDownIfFailed method------]

2021-02-19 16:48:37 - [MESSAGE][PASSED] - Method 'tearDownMethodIfFailed' complete successfully]]></system-out>
         <system-err><![CDATA[2021-02-19 16:48:29 - [TEST_CASE][FAILED] - Test Cases/UploadDiffFiles_RegisterUser/TC_As a register user, Upload Web page imagemap File and verify Uploded file in Submission Page: Test Cases/UploadDiffFiles_RegisterUser/TC_As a register user, Upload Web page imagemap File and verify Uploded file in Submission Page FAILED.
Reason:
com.kms.katalon.core.exception.StepFailedException: Unable to maximize current window
	at com.kms.katalon.core.webui.keyword.internal.WebUIKeywordMain.stepFailed(WebUIKeywordMain.groovy:64)
	at com.kms.katalon.core.webui.keyword.internal.WebUIKeywordMain.runKeyword(WebUIKeywordMain.groovy:26)
	at com.kms.katalon.core.webui.keyword.builtin.MaximizeWindowKeyword.maximizeWindow(MaximizeWindowKeyword.groovy:74)
	at com.kms.katalon.core.webui.keyword.builtin.MaximizeWindowKeyword.execute(MaximizeWindowKeyword.groovy:69)
	at com.kms.katalon.core.keyword.internal.KeywordExecutor.executeKeywordForPlatform(KeywordExecutor.groovy:73)
	at com.kms.katalon.core.webui.keyword.WebUiBuiltInKeywords.maximizeWindow(WebUiBuiltInKeywords.groovy:280)
	at com.kms.katalon.core.webui.keyword.WebUiBuiltInKeywords$maximizeWindow$0.call(Unknown Source)
	at customKeywords.commanFunctions.openBrowser(commanFunctions.groovy:48)
	at customKeywords.commanFunctions.uploadFileOfRegisterUser(commanFunctions.groovy:747)
	at customKeywords.commanFunctions.invokeMethod(commanFunctions.groovy)
	at com.kms.katalon.core.main.CustomKeywordDelegatingMetaClass.invokeStaticMethod(CustomKeywordDelegatingMetaClass.java:50)
	at TC_As a register user, Upload Web page imagemap File and verify Uploded file in Submission Page.run(TC_As a register user, Upload Web page imagemap File and verify Uploded file in Submission Page:16)
	at com.kms.katalon.core.main.ScriptEngine.run(ScriptEngine.java:194)
	at com.kms.katalon.core.main.ScriptEngine.runScriptAsRawText(ScriptEngine.java:119)
	at com.kms.katalon.core.main.TestCaseExecutor.runScript(TestCaseExecutor.java:394)
	at com.kms.katalon.core.main.TestCaseExecutor.doExecute(TestCaseExecutor.java:385)
	at com.kms.katalon.core.main.TestCaseExecutor.processExecutionPhase(TestCaseExecutor.java:364)
	at com.kms.katalon.core.main.TestCaseExecutor.accessMainPhase(TestCaseExecutor.java:356)
	at com.kms.katalon.core.main.TestCaseExecutor.execute(TestCaseExecutor.java:251)
	at com.kms.katalon.core.main.TestSuiteExecutor.accessTestCaseMainPhase(TestSuiteExecutor.java:203)
	at com.kms.katalon.core.main.TestSuiteExecutor.accessTestSuiteMainPhase(TestSuiteExecutor.java:152)
	at com.kms.katalon.core.main.TestSuiteExecutor.execute(TestSuiteExecutor.java:95)
	at com.kms.katalon.core.main.TestCaseMain.startTestSuite(TestCaseMain.java:157)
	at com.kms.katalon.core.main.TestCaseMain$startTestSuite$0.call(Unknown Source)
	at TempTestSuite1613733199540.run(TempTestSuite1613733199540.groovy:39)
Caused by: org.openqa.selenium.NoSuchWindowException: no such window: target window already closed
from unknown error: web view not found
  (Session info: chrome=86.0.4240.75)
Build info: version: '3.141.59', revision: 'e82be7d358', time: '2018-11-14T08:25:53'
System info: host: 'OMTPGCN1132568L', ip: '192.168.1.1', os.name: 'Windows 10', os.arch: 'amd64', os.version: '10.0', java.version: '1.8.0_181'
Driver info: com.kms.katalon.selenium.driver.CChromeDriver
Capabilities {acceptInsecureCerts: false, browserName: chrome, browserVersion: 86.0.4240.75, chrome: {chromedriverVersion: 86.0.4240.22 (398b0743353ff..., userDataDir: C:\Users\ashok\AppData\Loca...}, goog:chromeOptions: {debuggerAddress: localhost:51122}, javascriptEnabled: true, networkConnectionEnabled: false, pageLoadStrategy: normal, platform: WINDOWS, platformName: WINDOWS, proxy: Proxy(), setWindowRect: true, strictFileInteractability: false, timeouts: {implicit: 0, pageLoad: 300000, script: 30000}, unhandledPromptBehavior: dismiss and notify, webauthn:virtualAuthenticators: true}
Session ID: c42d3b257b3076837bb8bdebed8ace0b
	at org.openqa.selenium.remote.http.W3CHttpResponseCodec.createException(W3CHttpResponseCodec.java:187)
	at org.openqa.selenium.remote.http.W3CHttpResponseCodec.decode(W3CHttpResponseCodec.java:122)
	at org.openqa.selenium.remote.http.W3CHttpResponseCodec.decode(W3CHttpResponseCodec.java:49)
	at org.openqa.selenium.remote.HttpCommandExecutor.execute(HttpCommandExecutor.java:158)
	at org.openqa.selenium.remote.service.DriverCommandExecutor.execute(DriverCommandExecutor.java:83)
	at org.openqa.selenium.remote.RemoteWebDriver.execute(RemoteWebDriver.java:552)
	at com.kms.katalon.selenium.driver.CChromeDriver.execute(CChromeDriver.java:19)
	at org.openqa.selenium.remote.RemoteWebDriver.execute(RemoteWebDriver.java:609)
	at org.openqa.selenium.remote.RemoteWebDriver$RemoteWebDriverOptions$RemoteWindow.maximize(RemoteWebDriver.java:837)
	at org.openqa.selenium.support.events.EventFiringWebDriver$EventFiringWindow.maximize(EventFiringWebDriver.java:769)
	at com.kms.katalon.core.webui.keyword.builtin.MaximizeWindowKeyword$_maximizeWindow_closure1.doCall(MaximizeWindowKeyword.groovy:85)
	at com.kms.katalon.core.webui.keyword.builtin.MaximizeWindowKeyword$_maximizeWindow_closure1.call(MaximizeWindowKeyword.groovy)
	at com.kms.katalon.core.webui.keyword.internal.WebUIKeywordMain.runKeyword(WebUIKeywordMain.groovy:20)
	... 23 more]]></system-err>
      </testcase>
      <testcase name="Test Cases/UploadDiffFiles_RegisterUser/TC_As a register user, Upload Windows BitMap File and verify Uploded file in Submission Page" time="54.936" classname="Test Cases/UploadDiffFiles_RegisterUser/TC_As a register user, Upload Windows BitMap File and verify Uploded file in Submission Page" status="FAILED">
         <failure type="FAILED" message="Test Cases/UploadDiffFiles_RegisterUser/TC_As a register user, Upload Windows BitMap File and verify Uploded file in Submission Page FAILED.
Reason:
com.kms.katalon.core.exception.StepFailedException: Unable to send keys 'Test@12345' to object 'Object Repository/LoginAndRigisterUser/Password_Input'
	at com.kms.katalon.core.webui.keyword.internal.WebUIKeywordMain.stepFailed(WebUIKeywordMain.groovy:64)
	at com.kms.katalon.core.webui.keyword.internal.WebUIKeywordMain.runKeyword(WebUIKeywordMain.groovy:26)
	at com.kms.katalon.core.webui.keyword.builtin.SendKeysKeyword.sendKeys(SendKeysKeyword.groovy:60)
	at com.kms.katalon.core.webui.keyword.builtin.SendKeysKeyword.execute(SendKeysKeyword.groovy:38)
	at com.kms.katalon.core.keyword.internal.KeywordExecutor.executeKeywordForPlatform(KeywordExecutor.groovy:73)
	at com.kms.katalon.core.webui.keyword.WebUiBuiltInKeywords.sendKeys(WebUiBuiltInKeywords.groovy:861)
	at com.kms.katalon.core.webui.keyword.WebUiBuiltInKeywords$sendKeys$4.call(Unknown Source)
	at customKeywords.commanFunctions.logIntoBrowserWithReqCredentials(commanFunctions.groovy:70)
	at customKeywords.commanFunctions.uploadFileOfRegisterUser(commanFunctions.groovy:753)
	at customKeywords.commanFunctions.invokeMethod(commanFunctions.groovy)
	at com.kms.katalon.core.main.CustomKeywordDelegatingMetaClass.invokeStaticMethod(CustomKeywordDelegatingMetaClass.java:50)
	at TC_As a register user, Upload Windows BitMap File and verify Uploded file in Submission Page.run(TC_As a register user, Upload Windows BitMap File and verify Uploded file in Submission Page:16)
	at com.kms.katalon.core.main.ScriptEngine.run(ScriptEngine.java:194)
	at com.kms.katalon.core.main.ScriptEngine.runScriptAsRawText(ScriptEngine.java:119)
	at com.kms.katalon.core.main.TestCaseExecutor.runScript(TestCaseExecutor.java:394)
	at com.kms.katalon.core.main.TestCaseExecutor.doExecute(TestCaseExecutor.java:385)
	at com.kms.katalon.core.main.TestCaseExecutor.processExecutionPhase(TestCaseExecutor.java:364)
	at com.kms.katalon.core.main.TestCaseExecutor.accessMainPhase(TestCaseExecutor.java:356)
	at com.kms.katalon.core.main.TestCaseExecutor.execute(TestCaseExecutor.java:251)
	at com.kms.katalon.core.main.TestSuiteExecutor.accessTestCaseMainPhase(TestSuiteExecutor.java:203)
	at com.kms.katalon.core.main.TestSuiteExecutor.accessTestSuiteMainPhase(TestSuiteExecutor.java:152)
	at com.kms.katalon.core.main.TestSuiteExecutor.execute(TestSuiteExecutor.java:95)
	at com.kms.katalon.core.main.TestCaseMain.startTestSuite(TestCaseMain.java:157)
	at com.kms.katalon.core.main.TestCaseMain$startTestSuite$0.call(Unknown Source)
	at TempTestSuite1613733199540.run(TempTestSuite1613733199540.groovy:39)
Caused by: org.openqa.selenium.WebDriverException: chrome not reachable
  (Session info: chrome=86.0.4240.75)
Build info: version: '3.141.59', revision: 'e82be7d358', time: '2018-11-14T08:25:53'
System info: host: 'OMTPGCN1132568L', ip: '192.168.1.1', os.name: 'Windows 10', os.arch: 'amd64', os.version: '10.0', java.version: '1.8.0_181'
Driver info: com.kms.katalon.selenium.driver.CChromeDriver
Capabilities {acceptInsecureCerts: false, browserName: chrome, browserVersion: 86.0.4240.75, chrome: {chromedriverVersion: 86.0.4240.22 (398b0743353ff..., userDataDir: C:\Users\ashok\AppData\Loca...}, goog:chromeOptions: {debuggerAddress: localhost:51140}, javascriptEnabled: true, networkConnectionEnabled: false, pageLoadStrategy: normal, platform: WINDOWS, platformName: WINDOWS, proxy: Proxy(), setWindowRect: true, strictFileInteractability: false, timeouts: {implicit: 0, pageLoad: 300000, script: 30000}, unhandledPromptBehavior: dismiss and notify, webauthn:virtualAuthenticators: true}
Session ID: 67513363e96869e340c462afad22cae5
*** Element info: {Using=xpath, value=//app-header/nz-layout[1]/nz-content[1]/app-login[1]/div[2]/div[1]/form[1]/nz-form-item[2]/nz-form-control[1]/div[1]/span[1]/nz-input-group[1]/input[1]}
	at org.openqa.selenium.remote.http.W3CHttpResponseCodec.createException(W3CHttpResponseCodec.java:187)
	at org.openqa.selenium.remote.http.W3CHttpResponseCodec.decode(W3CHttpResponseCodec.java:122)
	at org.openqa.selenium.remote.http.W3CHttpResponseCodec.decode(W3CHttpResponseCodec.java:49)
	at org.openqa.selenium.remote.HttpCommandExecutor.execute(HttpCommandExecutor.java:158)
	at org.openqa.selenium.remote.service.DriverCommandExecutor.execute(DriverCommandExecutor.java:83)
	at org.openqa.selenium.remote.RemoteWebDriver.execute(RemoteWebDriver.java:552)
	at com.kms.katalon.selenium.driver.CChromeDriver.execute(CChromeDriver.java:19)
	at org.openqa.selenium.remote.RemoteWebDriver.findElements(RemoteWebDriver.java:353)
	at org.openqa.selenium.remote.RemoteWebDriver.findElementsByXPath(RemoteWebDriver.java:432)
	at org.openqa.selenium.By$ByXPath.findElements(By.java:348)
	at org.openqa.selenium.remote.RemoteWebDriver.findElements(RemoteWebDriver.java:311)
	at org.openqa.selenium.support.events.EventFiringWebDriver.lambda$new$1(EventFiringWebDriver.java:105)
	at com.sun.proxy.$Proxy11.findElements(Unknown Source)
	at org.openqa.selenium.support.events.EventFiringWebDriver.findElements(EventFiringWebDriver.java:182)
	at com.kms.katalon.core.webui.common.WebUiCommonHelper.findElementByNormalMethods(WebUiCommonHelper.java:1014)
	at com.kms.katalon.core.webui.common.WebUiCommonHelper.findElementsBySelectedMethod(WebUiCommonHelper.java:903)
	at com.kms.katalon.core.webui.common.WebUiCommonHelper.findElementsBySelectedMethod(WebUiCommonHelper.java:892)
	at com.kms.katalon.core.webui.common.WebUiCommonHelper.findElementsBySelectedMethod(WebUiCommonHelper.java:887)
	at com.kms.katalon.core.webui.common.WebUiCommonHelper.findElementsByDefault(WebUiCommonHelper.java:883)
	at com.kms.katalon.core.webui.common.WebUiCommonHelper.findElementsWithSelfHealing(WebUiCommonHelper.java:733)
	at com.kms.katalon.core.webui.common.WebUiCommonHelper.findWebElements(WebUiCommonHelper.java:718)
	at com.kms.katalon.core.webui.common.WebUiCommonHelper.findWebElement(WebUiCommonHelper.java:1364)
	at com.kms.katalon.core.webui.keyword.internal.WebUIAbstractKeyword.findWebElement(WebUIAbstractKeyword.groovy:27)
	at com.kms.katalon.core.webui.keyword.internal.WebUIAbstractKeyword.findWebElement(WebUIAbstractKeyword.groovy:26)
	at com.kms.katalon.core.webui.keyword.builtin.SendKeysKeyword$_sendKeys_closure1.doCall(SendKeysKeyword.groovy:52)
	at com.kms.katalon.core.webui.keyword.builtin.SendKeysKeyword$_sendKeys_closure1.call(SendKeysKeyword.groovy)
	at com.kms.katalon.core.webui.keyword.internal.WebUIKeywordMain.runKeyword(WebUIKeywordMain.groovy:20)
	... 23 more
"/>
         <system-out><![CDATA[2021-02-19 16:48:37 - [TEST_CASE][FAILED] - Test Cases/UploadDiffFiles_RegisterUser/TC_As a register user, Upload Windows BitMap File and verify Uploded file in Submission Page: Test Cases/UploadDiffFiles_RegisterUser/TC_As a register user, Upload Windows BitMap File and verify Uploded file in Submission Page FAILED.
Reason:
com.kms.katalon.core.exception.StepFailedException: Unable to send keys 'Test@12345' to object 'Object Repository/LoginAndRigisterUser/Password_Input'
	at com.kms.katalon.core.webui.keyword.internal.WebUIKeywordMain.stepFailed(WebUIKeywordMain.groovy:64)
	at com.kms.katalon.core.webui.keyword.internal.WebUIKeywordMain.runKeyword(WebUIKeywordMain.groovy:26)
	at com.kms.katalon.core.webui.keyword.builtin.SendKeysKeyword.sendKeys(SendKeysKeyword.groovy:60)
	at com.kms.katalon.core.webui.keyword.builtin.SendKeysKeyword.execute(SendKeysKeyword.groovy:38)
	at com.kms.katalon.core.keyword.internal.KeywordExecutor.executeKeywordForPlatform(KeywordExecutor.groovy:73)
	at com.kms.katalon.core.webui.keyword.WebUiBuiltInKeywords.sendKeys(WebUiBuiltInKeywords.groovy:861)
	at com.kms.katalon.core.webui.keyword.WebUiBuiltInKeywords$sendKeys$4.call(Unknown Source)
	at customKeywords.commanFunctions.logIntoBrowserWithReqCredentials(commanFunctions.groovy:70)
	at customKeywords.commanFunctions.uploadFileOfRegisterUser(commanFunctions.groovy:753)
	at customKeywords.commanFunctions.invokeMethod(commanFunctions.groovy)
	at com.kms.katalon.core.main.CustomKeywordDelegatingMetaClass.invokeStaticMethod(CustomKeywordDelegatingMetaClass.java:50)
	at TC_As a register user, Upload Windows BitMap File and verify Uploded file in Submission Page.run(TC_As a register user, Upload Windows BitMap File and verify Uploded file in Submission Page:16)
	at com.kms.katalon.core.main.ScriptEngine.run(ScriptEngine.java:194)
	at com.kms.katalon.core.main.ScriptEngine.runScriptAsRawText(ScriptEngine.java:119)
	at com.kms.katalon.core.main.TestCaseExecutor.runScript(TestCaseExecutor.java:394)
	at com.kms.katalon.core.main.TestCaseExecutor.doExecute(TestCaseExecutor.java:385)
	at com.kms.katalon.core.main.TestCaseExecutor.processExecutionPhase(TestCaseExecutor.java:364)
	at com.kms.katalon.core.main.TestCaseExecutor.accessMainPhase(TestCaseExecutor.java:356)
	at com.kms.katalon.core.main.TestCaseExecutor.execute(TestCaseExecutor.java:251)
	at com.kms.katalon.core.main.TestSuiteExecutor.accessTestCaseMainPhase(TestSuiteExecutor.java:203)
	at com.kms.katalon.core.main.TestSuiteExecutor.accessTestSuiteMainPhase(TestSuiteExecutor.java:152)
	at com.kms.katalon.core.main.TestSuiteExecutor.execute(TestSuiteExecutor.java:95)
	at com.kms.katalon.core.main.TestCaseMain.startTestSuite(TestCaseMain.java:157)
	at com.kms.katalon.core.main.TestCaseMain$startTestSuite$0.call(Unknown Source)
	at TempTestSuite1613733199540.run(TempTestSuite1613733199540.groovy:39)
Caused by: org.openqa.selenium.WebDriverException: chrome not reachable
  (Session info: chrome=86.0.4240.75)
Build info: version: '3.141.59', revision: 'e82be7d358', time: '2018-11-14T08:25:53'
System info: host: 'OMTPGCN1132568L', ip: '192.168.1.1', os.name: 'Windows 10', os.arch: 'amd64', os.version: '10.0', java.version: '1.8.0_181'
Driver info: com.kms.katalon.selenium.driver.CChromeDriver
Capabilities {acceptInsecureCerts: false, browserName: chrome, browserVersion: 86.0.4240.75, chrome: {chromedriverVersion: 86.0.4240.22 (398b0743353ff..., userDataDir: C:\Users\ashok\AppData\Loca...}, goog:chromeOptions: {debuggerAddress: localhost:51140}, javascriptEnabled: true, networkConnectionEnabled: false, pageLoadStrategy: normal, platform: WINDOWS, platformName: WINDOWS, proxy: Proxy(), setWindowRect: true, strictFileInteractability: false, timeouts: {implicit: 0, pageLoad: 300000, script: 30000}, unhandledPromptBehavior: dismiss and notify, webauthn:virtualAuthenticators: true}
Session ID: 67513363e96869e340c462afad22cae5
*** Element info: {Using=xpath, value=//app-header/nz-layout[1]/nz-content[1]/app-login[1]/div[2]/div[1]/form[1]/nz-form-item[2]/nz-form-control[1]/div[1]/span[1]/nz-input-group[1]/input[1]}
	at org.openqa.selenium.remote.http.W3CHttpResponseCodec.createException(W3CHttpResponseCodec.java:187)
	at org.openqa.selenium.remote.http.W3CHttpResponseCodec.decode(W3CHttpResponseCodec.java:122)
	at org.openqa.selenium.remote.http.W3CHttpResponseCodec.decode(W3CHttpResponseCodec.java:49)
	at org.openqa.selenium.remote.HttpCommandExecutor.execute(HttpCommandExecutor.java:158)
	at org.openqa.selenium.remote.service.DriverCommandExecutor.execute(DriverCommandExecutor.java:83)
	at org.openqa.selenium.remote.RemoteWebDriver.execute(RemoteWebDriver.java:552)
	at com.kms.katalon.selenium.driver.CChromeDriver.execute(CChromeDriver.java:19)
	at org.openqa.selenium.remote.RemoteWebDriver.findElements(RemoteWebDriver.java:353)
	at org.openqa.selenium.remote.RemoteWebDriver.findElementsByXPath(RemoteWebDriver.java:432)
	at org.openqa.selenium.By$ByXPath.findElements(By.java:348)
	at org.openqa.selenium.remote.RemoteWebDriver.findElements(RemoteWebDriver.java:311)
	at org.openqa.selenium.support.events.EventFiringWebDriver.lambda$new$1(EventFiringWebDriver.java:105)
	at com.sun.proxy.$Proxy11.findElements(Unknown Source)
	at org.openqa.selenium.support.events.EventFiringWebDriver.findElements(EventFiringWebDriver.java:182)
	at com.kms.katalon.core.webui.common.WebUiCommonHelper.findElementByNormalMethods(WebUiCommonHelper.java:1014)
	at com.kms.katalon.core.webui.common.WebUiCommonHelper.findElementsBySelectedMethod(WebUiCommonHelper.java:903)
	at com.kms.katalon.core.webui.common.WebUiCommonHelper.findElementsBySelectedMethod(WebUiCommonHelper.java:892)
	at com.kms.katalon.core.webui.common.WebUiCommonHelper.findElementsBySelectedMethod(WebUiCommonHelper.java:887)
	at com.kms.katalon.core.webui.common.WebUiCommonHelper.findElementsByDefault(WebUiCommonHelper.java:883)
	at com.kms.katalon.core.webui.common.WebUiCommonHelper.findElementsWithSelfHealing(WebUiCommonHelper.java:733)
	at com.kms.katalon.core.webui.common.WebUiCommonHelper.findWebElements(WebUiCommonHelper.java:718)
	at com.kms.katalon.core.webui.common.WebUiCommonHelper.findWebElement(WebUiCommonHelper.java:1364)
	at com.kms.katalon.core.webui.keyword.internal.WebUIAbstractKeyword.findWebElement(WebUIAbstractKeyword.groovy:27)
	at com.kms.katalon.core.webui.keyword.internal.WebUIAbstractKeyword.findWebElement(WebUIAbstractKeyword.groovy:26)
	at com.kms.katalon.core.webui.keyword.builtin.SendKeysKeyword$_sendKeys_closure1.doCall(SendKeysKeyword.groovy:52)
	at com.kms.katalon.core.webui.keyword.builtin.SendKeysKeyword$_sendKeys_closure1.call(SendKeysKeyword.groovy)
	at com.kms.katalon.core.webui.keyword.internal.WebUIKeywordMain.runKeyword(WebUIKeywordMain.groovy:20)
	... 23 more


2021-02-19 16:48:37 - [TEST_STEP][PASSED] - excelTestData = findTestData("Data Files/TestData/InspectTestData"): null

2021-02-19 16:48:37 - [TEST_STEP][PASSED] - rigisterUN = excelTestData.getValue(2, 23): null

2021-02-19 16:48:37 - [TEST_STEP][PASSED] - rigisterPW = excelTestData.getValue(3, 23): null

2021-02-19 16:48:37 - [TEST_STEP][FAILED] - customKeywords.commanFunctions.uploadFileOfRegisterUser(272, rigisterUN, rigisterPW): Unable to send keys 'Test@12345' to object 'Object Repository/LoginAndRigisterUser/Password_Input'

2021-02-19 16:48:37 - [MESSAGE][INFO] - Starting 'Chrome' driver

2021-02-19 16:48:37 - [MESSAGE][INFO] - Action delay is set to 0 milliseconds

2021-02-19 16:48:47 - [MESSAGE][PASSED] - Browser is opened with url: 'https://Inspect.Stage.site.sa'

2021-02-19 16:48:49 - [MESSAGE][PASSED] - Current window maximized

2021-02-19 16:48:49 - [MESSAGE][PASSED] - Wait for page load successfully

2021-02-19 16:48:50 - [MESSAGE][PASSED] - Object 'Object Repository/LoginAndRigisterUser/LoginLink' is clickable

2021-02-19 16:48:50 - [MESSAGE][INFO] - Clicked on element with JS

2021-02-19 16:48:51 - [MESSAGE][PASSED] - Keys 'Os-ARahman@projects.site.sa' sent to object: 'Object Repository/LoginAndRigisterUser/UserName_Email_Input'

2021-02-19 16:49:19 - [MESSAGE][WARNING] - [SELF-HEALING] Failed to find element with id 'Object Repository/LoginAndRigisterUser/Password_Input'. Try using Self-healing.

2021-02-19 16:49:19 - [MESSAGE][ERROR] - [SELF-HEALING] java.lang.IllegalStateException: Expected BEGIN_OBJECT but was STRING at line 1 column 1 path $

2021-02-19 16:49:19 - [MESSAGE][WARNING] - [SELF-HEALING] Cannot find elements when the XPath is null.

2021-02-19 16:49:19 - [MESSAGE][WARNING] - [SELF-HEALING] Cannot find elements when the selector is null

2021-02-19 16:49:31 - [MESSAGE][WARNING] - Cannot take screenshot

2021-02-19 16:49:31 - [MESSAGE][FAILED] - Unable to send keys 'Test@12345' to object 'Object Repository/LoginAndRigisterUser/Password_Input' (Root cause: com.kms.katalon.core.exception.StepFailedException: Unable to send keys 'Test@12345' to object 'Object Repository/LoginAndRigisterUser/Password_Input'
	at com.kms.katalon.core.webui.keyword.internal.WebUIKeywordMain.stepFailed(WebUIKeywordMain.groovy:64)
	at com.kms.katalon.core.webui.keyword.internal.WebUIKeywordMain.runKeyword(WebUIKeywordMain.groovy:26)
	at com.kms.katalon.core.webui.keyword.builtin.SendKeysKeyword.sendKeys(SendKeysKeyword.groovy:60)
	at com.kms.katalon.core.webui.keyword.builtin.SendKeysKeyword.execute(SendKeysKeyword.groovy:38)
	at com.kms.katalon.core.keyword.internal.KeywordExecutor.executeKeywordForPlatform(KeywordExecutor.groovy:73)
	at com.kms.katalon.core.webui.keyword.WebUiBuiltInKeywords.sendKeys(WebUiBuiltInKeywords.groovy:861)
	at com.kms.katalon.core.webui.keyword.WebUiBuiltInKeywords$sendKeys$4.call(Unknown Source)
	at customKeywords.commanFunctions.logIntoBrowserWithReqCredentials(commanFunctions.groovy:70)
	at customKeywords.commanFunctions.uploadFileOfRegisterUser(commanFunctions.groovy:753)
	at customKeywords.commanFunctions.invokeMethod(commanFunctions.groovy)
	at com.kms.katalon.core.main.CustomKeywordDelegatingMetaClass.invokeStaticMethod(CustomKeywordDelegatingMetaClass.java:50)
	at TC_As a register user, Upload Windows BitMap File and verify Uploded file in Submission Page.run(TC_As a register user, Upload Windows BitMap File and verify Uploded file in Submission Page:16)
	at com.kms.katalon.core.main.ScriptEngine.run(ScriptEngine.java:194)
	at com.kms.katalon.core.main.ScriptEngine.runScriptAsRawText(ScriptEngine.java:119)
	at com.kms.katalon.core.main.TestCaseExecutor.runScript(TestCaseExecutor.java:394)
	at com.kms.katalon.core.main.TestCaseExecutor.doExecute(TestCaseExecutor.java:385)
	at com.kms.katalon.core.main.TestCaseExecutor.processExecutionPhase(TestCaseExecutor.java:364)
	at com.kms.katalon.core.main.TestCaseExecutor.accessMainPhase(TestCaseExecutor.java:356)
	at com.kms.katalon.core.main.TestCaseExecutor.execute(TestCaseExecutor.java:251)
	at com.kms.katalon.core.main.TestSuiteExecutor.accessTestCaseMainPhase(TestSuiteExecutor.java:203)
	at com.kms.katalon.core.main.TestSuiteExecutor.accessTestSuiteMainPhase(TestSuiteExecutor.java:152)
	at com.kms.katalon.core.main.TestSuiteExecutor.execute(TestSuiteExecutor.java:95)
	at com.kms.katalon.core.main.TestCaseMain.startTestSuite(TestCaseMain.java:157)
	at com.kms.katalon.core.main.TestCaseMain$startTestSuite$0.call(Unknown Source)
	at TempTestSuite1613733199540.run(TempTestSuite1613733199540.groovy:39)
Caused by: org.openqa.selenium.WebDriverException: chrome not reachable
  (Session info: chrome=86.0.4240.75)
Build info: version: '3.141.59', revision: 'e82be7d358', time: '2018-11-14T08:25:53'
System info: host: 'OMTPGCN1132568L', ip: '192.168.1.1', os.name: 'Windows 10', os.arch: 'amd64', os.version: '10.0', java.version: '1.8.0_181'
Driver info: com.kms.katalon.selenium.driver.CChromeDriver
Capabilities {acceptInsecureCerts: false, browserName: chrome, browserVersion: 86.0.4240.75, chrome: {chromedriverVersion: 86.0.4240.22 (398b0743353ff..., userDataDir: C:\Users\ashok\AppData\Loca...}, goog:chromeOptions: {debuggerAddress: localhost:51140}, javascriptEnabled: true, networkConnectionEnabled: false, pageLoadStrategy: normal, platform: WINDOWS, platformName: WINDOWS, proxy: Proxy(), setWindowRect: true, strictFileInteractability: false, timeouts: {implicit: 0, pageLoad: 300000, script: 30000}, unhandledPromptBehavior: dismiss and notify, webauthn:virtualAuthenticators: true}
Session ID: 67513363e96869e340c462afad22cae5
*** Element info: {Using=xpath, value=//app-header/nz-layout[1]/nz-content[1]/app-login[1]/div[2]/div[1]/form[1]/nz-form-item[2]/nz-form-control[1]/div[1]/span[1]/nz-input-group[1]/input[1]}
	at org.openqa.selenium.remote.http.W3CHttpResponseCodec.createException(W3CHttpResponseCodec.java:187)
	at org.openqa.selenium.remote.http.W3CHttpResponseCodec.decode(W3CHttpResponseCodec.java:122)
	at org.openqa.selenium.remote.http.W3CHttpResponseCodec.decode(W3CHttpResponseCodec.java:49)
	at org.openqa.selenium.remote.HttpCommandExecutor.execute(HttpCommandExecutor.java:158)
	at org.openqa.selenium.remote.service.DriverCommandExecutor.execute(DriverCommandExecutor.java:83)
	at org.openqa.selenium.remote.RemoteWebDriver.execute(RemoteWebDriver.java:552)
	at com.kms.katalon.selenium.driver.CChromeDriver.execute(CChromeDriver.java:19)
	at org.openqa.selenium.remote.RemoteWebDriver.findElements(RemoteWebDriver.java:353)
	at org.openqa.selenium.remote.RemoteWebDriver.findElementsByXPath(RemoteWebDriver.java:432)
	at org.openqa.selenium.By$ByXPath.findElements(By.java:348)
	at org.openqa.selenium.remote.RemoteWebDriver.findElements(RemoteWebDriver.java:311)
	at org.openqa.selenium.support.events.EventFiringWebDriver.lambda$new$1(EventFiringWebDriver.java:105)
	at com.sun.proxy.$Proxy11.findElements(Unknown Source)
	at org.openqa.selenium.support.events.EventFiringWebDriver.findElements(EventFiringWebDriver.java:182)
	at com.kms.katalon.core.webui.common.WebUiCommonHelper.findElementByNormalMethods(WebUiCommonHelper.java:1014)
	at com.kms.katalon.core.webui.common.WebUiCommonHelper.findElementsBySelectedMethod(WebUiCommonHelper.java:903)
	at com.kms.katalon.core.webui.common.WebUiCommonHelper.findElementsBySelectedMethod(WebUiCommonHelper.java:892)
	at com.kms.katalon.core.webui.common.WebUiCommonHelper.findElementsBySelectedMethod(WebUiCommonHelper.java:887)
	at com.kms.katalon.core.webui.common.WebUiCommonHelper.findElementsByDefault(WebUiCommonHelper.java:883)
	at com.kms.katalon.core.webui.common.WebUiCommonHelper.findElementsWithSelfHealing(WebUiCommonHelper.java:733)
	at com.kms.katalon.core.webui.common.WebUiCommonHelper.findWebElements(WebUiCommonHelper.java:718)
	at com.kms.katalon.core.webui.common.WebUiCommonHelper.findWebElement(WebUiCommonHelper.java:1364)
	at com.kms.katalon.core.webui.keyword.internal.WebUIAbstractKeyword.findWebElement(WebUIAbstractKeyword.groovy:27)
	at com.kms.katalon.core.webui.keyword.internal.WebUIAbstractKeyword.findWebElement(WebUIAbstractKeyword.groovy:26)
	at com.kms.katalon.core.webui.keyword.builtin.SendKeysKeyword$_sendKeys_closure1.doCall(SendKeysKeyword.groovy:52)
	at com.kms.katalon.core.webui.keyword.builtin.SendKeysKeyword$_sendKeys_closure1.call(SendKeysKeyword.groovy)
	at com.kms.katalon.core.webui.keyword.internal.WebUIKeywordMain.runKeyword(WebUIKeywordMain.groovy:20)
	at com.kms.katalon.core.webui.keyword.builtin.SendKeysKeyword.sendKeys(SendKeysKeyword.groovy:60)
	at com.kms.katalon.core.webui.keyword.builtin.SendKeysKeyword.execute(SendKeysKeyword.groovy:38)
	at com.kms.katalon.core.keyword.internal.KeywordExecutor.executeKeywordForPlatform(KeywordExecutor.groovy:73)
	at com.kms.katalon.core.webui.keyword.WebUiBuiltInKeywords.sendKeys(WebUiBuiltInKeywords.groovy:861)
	at com.kms.katalon.core.webui.keyword.WebUiBuiltInKeywords$sendKeys$4.call(Unknown Source)
	at customKeywords.commanFunctions.logIntoBrowserWithReqCredentials(commanFunctions.groovy:70)
	at customKeywords.commanFunctions.uploadFileOfRegisterUser(commanFunctions.groovy:753)
	at customKeywords.commanFunctions.invokeMethod(commanFunctions.groovy)
	at com.kms.katalon.core.main.CustomKeywordDelegatingMetaClass.invokeStaticMethod(CustomKeywordDelegatingMetaClass.java:50)
	at Script1613387781163.run(Script1613387781163.groovy:16)
	... 13 more
)

2021-02-19 16:49:31 - [MESSAGE][FAILED] - Unable to send keys 'Test@12345' to object 'Object Repository/LoginAndRigisterUser/Password_Input'

2021-02-19 16:49:31 - [TEST_STEP][PASSED] - Start tear down : tearDownMethodIfFailed: Method 'tearDownMethodIfFailed' complete successfully

2021-02-19 16:49:31 - [TEST_STEP][PASSED] - customKeywords.commanFunctions.onlyCloseBrowser(): customKeywords.commanFunctions.onlyCloseBrowser is PASSED

2021-02-19 16:49:32 - [MESSAGE][PASSED] - Browser is closed

2021-02-19 16:49:32 - [MESSAGE][PASSED] - customKeywords.commanFunctions.onlyCloseBrowser is PASSED

2021-02-19 16:49:32 - [TEST_STEP][PASSED] - logInfo("[--------This is tearDownIfFailed method------]"): [--------This is tearDownIfFailed method------]

2021-02-19 16:49:32 - [MESSAGE][INFO] - [--------This is tearDownIfFailed method------]

2021-02-19 16:49:32 - [MESSAGE][PASSED] - Method 'tearDownMethodIfFailed' complete successfully]]></system-out>
         <system-err><![CDATA[2021-02-19 16:48:37 - [TEST_CASE][FAILED] - Test Cases/UploadDiffFiles_RegisterUser/TC_As a register user, Upload Windows BitMap File and verify Uploded file in Submission Page: Test Cases/UploadDiffFiles_RegisterUser/TC_As a register user, Upload Windows BitMap File and verify Uploded file in Submission Page FAILED.
Reason:
com.kms.katalon.core.exception.StepFailedException: Unable to send keys 'Test@12345' to object 'Object Repository/LoginAndRigisterUser/Password_Input'
	at com.kms.katalon.core.webui.keyword.internal.WebUIKeywordMain.stepFailed(WebUIKeywordMain.groovy:64)
	at com.kms.katalon.core.webui.keyword.internal.WebUIKeywordMain.runKeyword(WebUIKeywordMain.groovy:26)
	at com.kms.katalon.core.webui.keyword.builtin.SendKeysKeyword.sendKeys(SendKeysKeyword.groovy:60)
	at com.kms.katalon.core.webui.keyword.builtin.SendKeysKeyword.execute(SendKeysKeyword.groovy:38)
	at com.kms.katalon.core.keyword.internal.KeywordExecutor.executeKeywordForPlatform(KeywordExecutor.groovy:73)
	at com.kms.katalon.core.webui.keyword.WebUiBuiltInKeywords.sendKeys(WebUiBuiltInKeywords.groovy:861)
	at com.kms.katalon.core.webui.keyword.WebUiBuiltInKeywords$sendKeys$4.call(Unknown Source)
	at customKeywords.commanFunctions.logIntoBrowserWithReqCredentials(commanFunctions.groovy:70)
	at customKeywords.commanFunctions.uploadFileOfRegisterUser(commanFunctions.groovy:753)
	at customKeywords.commanFunctions.invokeMethod(commanFunctions.groovy)
	at com.kms.katalon.core.main.CustomKeywordDelegatingMetaClass.invokeStaticMethod(CustomKeywordDelegatingMetaClass.java:50)
	at TC_As a register user, Upload Windows BitMap File and verify Uploded file in Submission Page.run(TC_As a register user, Upload Windows BitMap File and verify Uploded file in Submission Page:16)
	at com.kms.katalon.core.main.ScriptEngine.run(ScriptEngine.java:194)
	at com.kms.katalon.core.main.ScriptEngine.runScriptAsRawText(ScriptEngine.java:119)
	at com.kms.katalon.core.main.TestCaseExecutor.runScript(TestCaseExecutor.java:394)
	at com.kms.katalon.core.main.TestCaseExecutor.doExecute(TestCaseExecutor.java:385)
	at com.kms.katalon.core.main.TestCaseExecutor.processExecutionPhase(TestCaseExecutor.java:364)
	at com.kms.katalon.core.main.TestCaseExecutor.accessMainPhase(TestCaseExecutor.java:356)
	at com.kms.katalon.core.main.TestCaseExecutor.execute(TestCaseExecutor.java:251)
	at com.kms.katalon.core.main.TestSuiteExecutor.accessTestCaseMainPhase(TestSuiteExecutor.java:203)
	at com.kms.katalon.core.main.TestSuiteExecutor.accessTestSuiteMainPhase(TestSuiteExecutor.java:152)
	at com.kms.katalon.core.main.TestSuiteExecutor.execute(TestSuiteExecutor.java:95)
	at com.kms.katalon.core.main.TestCaseMain.startTestSuite(TestCaseMain.java:157)
	at com.kms.katalon.core.main.TestCaseMain$startTestSuite$0.call(Unknown Source)
	at TempTestSuite1613733199540.run(TempTestSuite1613733199540.groovy:39)
Caused by: org.openqa.selenium.WebDriverException: chrome not reachable
  (Session info: chrome=86.0.4240.75)
Build info: version: '3.141.59', revision: 'e82be7d358', time: '2018-11-14T08:25:53'
System info: host: 'OMTPGCN1132568L', ip: '192.168.1.1', os.name: 'Windows 10', os.arch: 'amd64', os.version: '10.0', java.version: '1.8.0_181'
Driver info: com.kms.katalon.selenium.driver.CChromeDriver
Capabilities {acceptInsecureCerts: false, browserName: chrome, browserVersion: 86.0.4240.75, chrome: {chromedriverVersion: 86.0.4240.22 (398b0743353ff..., userDataDir: C:\Users\ashok\AppData\Loca...}, goog:chromeOptions: {debuggerAddress: localhost:51140}, javascriptEnabled: true, networkConnectionEnabled: false, pageLoadStrategy: normal, platform: WINDOWS, platformName: WINDOWS, proxy: Proxy(), setWindowRect: true, strictFileInteractability: false, timeouts: {implicit: 0, pageLoad: 300000, script: 30000}, unhandledPromptBehavior: dismiss and notify, webauthn:virtualAuthenticators: true}
Session ID: 67513363e96869e340c462afad22cae5
*** Element info: {Using=xpath, value=//app-header/nz-layout[1]/nz-content[1]/app-login[1]/div[2]/div[1]/form[1]/nz-form-item[2]/nz-form-control[1]/div[1]/span[1]/nz-input-group[1]/input[1]}
	at org.openqa.selenium.remote.http.W3CHttpResponseCodec.createException(W3CHttpResponseCodec.java:187)
	at org.openqa.selenium.remote.http.W3CHttpResponseCodec.decode(W3CHttpResponseCodec.java:122)
	at org.openqa.selenium.remote.http.W3CHttpResponseCodec.decode(W3CHttpResponseCodec.java:49)
	at org.openqa.selenium.remote.HttpCommandExecutor.execute(HttpCommandExecutor.java:158)
	at org.openqa.selenium.remote.service.DriverCommandExecutor.execute(DriverCommandExecutor.java:83)
	at org.openqa.selenium.remote.RemoteWebDriver.execute(RemoteWebDriver.java:552)
	at com.kms.katalon.selenium.driver.CChromeDriver.execute(CChromeDriver.java:19)
	at org.openqa.selenium.remote.RemoteWebDriver.findElements(RemoteWebDriver.java:353)
	at org.openqa.selenium.remote.RemoteWebDriver.findElementsByXPath(RemoteWebDriver.java:432)
	at org.openqa.selenium.By$ByXPath.findElements(By.java:348)
	at org.openqa.selenium.remote.RemoteWebDriver.findElements(RemoteWebDriver.java:311)
	at org.openqa.selenium.support.events.EventFiringWebDriver.lambda$new$1(EventFiringWebDriver.java:105)
	at com.sun.proxy.$Proxy11.findElements(Unknown Source)
	at org.openqa.selenium.support.events.EventFiringWebDriver.findElements(EventFiringWebDriver.java:182)
	at com.kms.katalon.core.webui.common.WebUiCommonHelper.findElementByNormalMethods(WebUiCommonHelper.java:1014)
	at com.kms.katalon.core.webui.common.WebUiCommonHelper.findElementsBySelectedMethod(WebUiCommonHelper.java:903)
	at com.kms.katalon.core.webui.common.WebUiCommonHelper.findElementsBySelectedMethod(WebUiCommonHelper.java:892)
	at com.kms.katalon.core.webui.common.WebUiCommonHelper.findElementsBySelectedMethod(WebUiCommonHelper.java:887)
	at com.kms.katalon.core.webui.common.WebUiCommonHelper.findElementsByDefault(WebUiCommonHelper.java:883)
	at com.kms.katalon.core.webui.common.WebUiCommonHelper.findElementsWithSelfHealing(WebUiCommonHelper.java:733)
	at com.kms.katalon.core.webui.common.WebUiCommonHelper.findWebElements(WebUiCommonHelper.java:718)
	at com.kms.katalon.core.webui.common.WebUiCommonHelper.findWebElement(WebUiCommonHelper.java:1364)
	at com.kms.katalon.core.webui.keyword.internal.WebUIAbstractKeyword.findWebElement(WebUIAbstractKeyword.groovy:27)
	at com.kms.katalon.core.webui.keyword.internal.WebUIAbstractKeyword.findWebElement(WebUIAbstractKeyword.groovy:26)
	at com.kms.katalon.core.webui.keyword.builtin.SendKeysKeyword$_sendKeys_closure1.doCall(SendKeysKeyword.groovy:52)
	at com.kms.katalon.core.webui.keyword.builtin.SendKeysKeyword$_sendKeys_closure1.call(SendKeysKeyword.groovy)
	at com.kms.katalon.core.webui.keyword.internal.WebUIKeywordMain.runKeyword(WebUIKeywordMain.groovy:20)
	... 23 more]]></system-err>
      </testcase>
      <testcase name="Test Cases/UploadDiffFiles_RegisterUser/TC_As a register user, Upload Windows sound File and verify Uploded file in Submission Page" time="38.34" classname="Test Cases/UploadDiffFiles_RegisterUser/TC_As a register user, Upload Windows sound File and verify Uploded file in Submission Page" status="PASSED">
         <system-out><![CDATA[2021-02-19 16:49:32 - [TEST_CASE][PASSED] - Test Cases/UploadDiffFiles_RegisterUser/TC_As a register user, Upload Windows sound File and verify Uploded file in Submission Page: Test Cases/UploadDiffFiles_RegisterUser/TC_As a register user, Upload Windows sound File and verify Uploded file in Submission Page

2021-02-19 16:49:32 - [TEST_STEP][PASSED] - excelTestData = findTestData("Data Files/TestData/InspectTestData"): null

2021-02-19 16:49:32 - [TEST_STEP][PASSED] - rigisterUN = excelTestData.getValue(6, 23): null

2021-02-19 16:49:32 - [TEST_STEP][PASSED] - rigisterPW = excelTestData.getValue(3, 23): null

2021-02-19 16:49:32 - [TEST_STEP][PASSED] - customKeywords.commanFunctions.uploadFileOfRegisterUser(321, rigisterUN, rigisterPW): customKeywords.commanFunctions.uploadFileOfRegisterUser is PASSED

2021-02-19 16:49:32 - [MESSAGE][INFO] - Starting 'Chrome' driver

2021-02-19 16:49:32 - [MESSAGE][INFO] - Action delay is set to 0 milliseconds

2021-02-19 16:49:42 - [MESSAGE][PASSED] - Browser is opened with url: 'https://Inspect.Stage.site.sa'

2021-02-19 16:49:44 - [MESSAGE][PASSED] - Current window maximized

2021-02-19 16:49:44 - [MESSAGE][PASSED] - Wait for page load successfully

2021-02-19 16:49:44 - [MESSAGE][PASSED] - Object 'Object Repository/LoginAndRigisterUser/LoginLink' is clickable

2021-02-19 16:49:44 - [MESSAGE][INFO] - Clicked on element with JS

2021-02-19 16:49:45 - [MESSAGE][PASSED] - Keys 'Os-anelapatla@projects.site.sa' sent to object: 'Object Repository/LoginAndRigisterUser/UserName_Email_Input'

2021-02-19 16:49:46 - [MESSAGE][PASSED] - Keys 'Test@12345' sent to object: 'Object Repository/LoginAndRigisterUser/Password_Input'

2021-02-19 16:49:47 - [MESSAGE][PASSED] - Delayed 1 second(s)

2021-02-19 16:49:47 - [MESSAGE][PASSED] - Object 'Object Repository/LoginAndRigisterUser/LoginBtn' is clickable

2021-02-19 16:49:47 - [MESSAGE][INFO] - Clicked on element with JS

2021-02-19 16:49:49 - [MESSAGE][PASSED] - Keys '0' sent to object: 'Object Repository/LoginAndRigisterUser/otpOne'

2021-02-19 16:49:50 - [MESSAGE][PASSED] - Keys '0' sent to object: 'Object Repository/LoginAndRigisterUser/otpTwo'

2021-02-19 16:49:52 - [MESSAGE][PASSED] - Keys '0' sent to object: 'Object Repository/LoginAndRigisterUser/otpThree'

2021-02-19 16:49:52 - [MESSAGE][PASSED] - Keys '0' sent to object: 'Object Repository/LoginAndRigisterUser/otpFour'

2021-02-19 16:49:53 - [MESSAGE][PASSED] - Keys '0' sent to object: 'Object Repository/LoginAndRigisterUser/otpFive'

2021-02-19 16:49:54 - [MESSAGE][INFO] - Clicked on element with JS

2021-02-19 16:49:56 - [MESSAGE][PASSED] - Object: 'Object Repository/HomePage/ChooseAFile' is clicked on

2021-02-19 16:49:58 - [MESSAGE][PASSED] - Delayed 2 second(s)

2021-02-19 16:50:00 - [MESSAGE][INFO] - Image Uploaded Sucsessfully

2021-02-19 16:50:02 - [MESSAGE][PASSED] - Delayed 2 second(s)

2021-02-19 16:50:03 - [MESSAGE][PASSED] - Text 'Windows sound' is present on page 

2021-02-19 16:50:03 - [MESSAGE][PASSED] - Object: 'Object Repository/HomePage/Window7RadioBtn' is clicked on

2021-02-19 16:50:04 - [MESSAGE][PASSED] - Scroll to object 'Object Repository/HomePage/startAnalysis_EnableBtn' successfully

2021-02-19 16:50:05 - [MESSAGE][PASSED] - Object: 'Object Repository/HomePage/startAnalysis_EnableBtn' is clicked on

2021-02-19 16:50:06 - [MESSAGE][PASSED] - Object 'Object Repository/SubmissionPage/Submission_SearchIcon' is visible

2021-02-19 16:50:07 - [MESSAGE][PASSED] - Object 'Object Repository/SubmissionPage/Submission_SearchIcon' is visible

2021-02-19 16:50:07 - [MESSAGE][PASSED] - Actual object 'Windows sound.wav' and expected object 'Windows sound.wav' are equal

2021-02-19 16:50:07 - [MESSAGE][PASSED] - customKeywords.commanFunctions.uploadFileOfRegisterUser is PASSED

2021-02-19 16:50:07 - [TEST_STEP][PASSED] - customKeywords.commanFunctions.logOutAndcloseBrowser(): customKeywords.commanFunctions.logOutAndcloseBrowser is PASSED

2021-02-19 16:50:08 - [MESSAGE][PASSED] - Object 'Object Repository/LoginAndRigisterUser/AdminDD' is clickable

2021-02-19 16:50:08 - [MESSAGE][INFO] - Clicked on element with JS

2021-02-19 16:50:08 - [MESSAGE][INFO] - Clicked on element with JS

2021-02-19 16:50:09 - [MESSAGE][PASSED] - Delayed 1 second(s)

2021-02-19 16:50:10 - [MESSAGE][PASSED] - Browser is closed

2021-02-19 16:50:10 - [MESSAGE][PASSED] - customKeywords.commanFunctions.logOutAndcloseBrowser is PASSED]]></system-out>
         <system-err><![CDATA[]]></system-err>
      </testcase>
      <testcase name="Test Cases/UploadDiffFiles_RegisterUser/TC_As a register user, Upload WordPad File and verify Uploded file in Submission Page" time="40.698" classname="Test Cases/UploadDiffFiles_RegisterUser/TC_As a register user, Upload WordPad File and verify Uploded file in Submission Page" status="PASSED">
         <system-out><![CDATA[2021-02-19 16:50:10 - [TEST_CASE][PASSED] - Test Cases/UploadDiffFiles_RegisterUser/TC_As a register user, Upload WordPad File and verify Uploded file in Submission Page: Test Cases/UploadDiffFiles_RegisterUser/TC_As a register user, Upload WordPad File and verify Uploded file in Submission Page

2021-02-19 16:50:10 - [TEST_STEP][PASSED] - excelTestData = findTestData("Data Files/TestData/InspectTestData"): null

2021-02-19 16:50:10 - [TEST_STEP][PASSED] - rigisterUN = excelTestData.getValue(2, 23): null

2021-02-19 16:50:10 - [TEST_STEP][PASSED] - rigisterPW = excelTestData.getValue(3, 23): null

2021-02-19 16:50:10 - [TEST_STEP][PASSED] - customKeywords.commanFunctions.uploadFileOfRegisterUser(260, rigisterUN, rigisterPW): customKeywords.commanFunctions.uploadFileOfRegisterUser is PASSED

2021-02-19 16:50:10 - [MESSAGE][INFO] - Starting 'Chrome' driver

2021-02-19 16:50:10 - [MESSAGE][INFO] - Action delay is set to 0 milliseconds

2021-02-19 16:50:20 - [MESSAGE][PASSED] - Browser is opened with url: 'https://Inspect.Stage.site.sa'

2021-02-19 16:50:22 - [MESSAGE][PASSED] - Current window maximized

2021-02-19 16:50:22 - [MESSAGE][PASSED] - Wait for page load successfully

2021-02-19 16:50:23 - [MESSAGE][PASSED] - Object 'Object Repository/LoginAndRigisterUser/LoginLink' is clickable

2021-02-19 16:50:23 - [MESSAGE][INFO] - Clicked on element with JS

2021-02-19 16:50:24 - [MESSAGE][PASSED] - Keys 'Os-ARahman@projects.site.sa' sent to object: 'Object Repository/LoginAndRigisterUser/UserName_Email_Input'

2021-02-19 16:50:24 - [MESSAGE][PASSED] - Keys 'Test@12345' sent to object: 'Object Repository/LoginAndRigisterUser/Password_Input'

2021-02-19 16:50:25 - [MESSAGE][PASSED] - Delayed 1 second(s)

2021-02-19 16:50:25 - [MESSAGE][PASSED] - Object 'Object Repository/LoginAndRigisterUser/LoginBtn' is clickable

2021-02-19 16:50:26 - [MESSAGE][INFO] - Clicked on element with JS

2021-02-19 16:50:28 - [MESSAGE][PASSED] - Keys '0' sent to object: 'Object Repository/LoginAndRigisterUser/otpOne'

2021-02-19 16:50:29 - [MESSAGE][PASSED] - Keys '0' sent to object: 'Object Repository/LoginAndRigisterUser/otpTwo'

2021-02-19 16:50:30 - [MESSAGE][PASSED] - Keys '0' sent to object: 'Object Repository/LoginAndRigisterUser/otpThree'

2021-02-19 16:50:30 - [MESSAGE][PASSED] - Keys '0' sent to object: 'Object Repository/LoginAndRigisterUser/otpFour'

2021-02-19 16:50:31 - [MESSAGE][PASSED] - Keys '0' sent to object: 'Object Repository/LoginAndRigisterUser/otpFive'

2021-02-19 16:50:32 - [MESSAGE][INFO] - Clicked on element with JS

2021-02-19 16:50:34 - [MESSAGE][PASSED] - Object: 'Object Repository/HomePage/ChooseAFile' is clicked on

2021-02-19 16:50:36 - [MESSAGE][PASSED] - Delayed 2 second(s)

2021-02-19 16:50:38 - [MESSAGE][INFO] - Image Uploaded Sucsessfully

2021-02-19 16:50:40 - [MESSAGE][PASSED] - Delayed 2 second(s)

2021-02-19 16:50:41 - [MESSAGE][PASSED] - Text 'WordPad' is present on page 

2021-02-19 16:50:42 - [MESSAGE][PASSED] - Object: 'Object Repository/HomePage/Window7RadioBtn' is clicked on

2021-02-19 16:50:44 - [MESSAGE][PASSED] - Scroll to object 'Object Repository/HomePage/startAnalysis_EnableBtn' successfully

2021-02-19 16:50:45 - [MESSAGE][PASSED] - Object: 'Object Repository/HomePage/startAnalysis_EnableBtn' is clicked on

2021-02-19 16:50:47 - [MESSAGE][PASSED] - Object 'Object Repository/SubmissionPage/Submission_SearchIcon' is visible

2021-02-19 16:50:47 - [MESSAGE][PASSED] - Object 'Object Repository/SubmissionPage/Submission_SearchIcon' is visible

2021-02-19 16:50:48 - [MESSAGE][PASSED] - Actual object 'WordPad.rtf' and expected object 'WordPad.rtf' are equal

2021-02-19 16:50:48 - [MESSAGE][PASSED] - customKeywords.commanFunctions.uploadFileOfRegisterUser is PASSED

2021-02-19 16:50:48 - [TEST_STEP][PASSED] - customKeywords.commanFunctions.logOutAndcloseBrowser(): customKeywords.commanFunctions.logOutAndcloseBrowser is PASSED

2021-02-19 16:50:48 - [MESSAGE][PASSED] - Object 'Object Repository/LoginAndRigisterUser/AdminDD' is clickable

2021-02-19 16:50:48 - [MESSAGE][INFO] - Clicked on element with JS

2021-02-19 16:50:49 - [MESSAGE][INFO] - Clicked on element with JS

2021-02-19 16:50:50 - [MESSAGE][PASSED] - Delayed 1 second(s)

2021-02-19 16:50:51 - [MESSAGE][PASSED] - Browser is closed

2021-02-19 16:50:51 - [MESSAGE][PASSED] - customKeywords.commanFunctions.logOutAndcloseBrowser is PASSED]]></system-out>
         <system-err><![CDATA[]]></system-err>
      </testcase>
      <testcase name="Test Cases/UploadDiffFiles_RegisterUser/TC_As a register user, Upload Xlsx File and verify Uploded file in Submission Page" time="54.68" classname="Test Cases/UploadDiffFiles_RegisterUser/TC_As a register user, Upload Xlsx File and verify Uploded file in Submission Page" status="FAILED">
         <failure type="FAILED" message="Test Cases/UploadDiffFiles_RegisterUser/TC_As a register user, Upload Xlsx File and verify Uploded file in Submission Page FAILED.
Reason:
com.kms.katalon.core.exception.StepFailedException: Unable to wait for page load
	at com.kms.katalon.core.webui.keyword.internal.WebUIKeywordMain.stepFailed(WebUIKeywordMain.groovy:64)
	at com.kms.katalon.core.webui.keyword.internal.WebUIKeywordMain.runKeyword(WebUIKeywordMain.groovy:26)
	at com.kms.katalon.core.webui.keyword.internal.WebUIKeywordMain$runKeyword.call(Unknown Source)
	at com.kms.katalon.core.webui.keyword.builtin.WaitForPageLoadKeyword.waitForPageLoad(WaitForPageLoadKeyword.groovy:71)
	at com.kms.katalon.core.webui.keyword.builtin.WaitForPageLoadKeyword.execute(WaitForPageLoadKeyword.groovy:67)
	at com.kms.katalon.core.keyword.internal.KeywordExecutor.executeKeywordForPlatform(KeywordExecutor.groovy:73)
	at com.kms.katalon.core.webui.keyword.WebUiBuiltInKeywords.waitForPageLoad(WebUiBuiltInKeywords.groovy:2454)
	at com.kms.katalon.core.webui.keyword.WebUiBuiltInKeywords$waitForPageLoad$1.call(Unknown Source)
	at customKeywords.commanFunctions.openBrowser(commanFunctions.groovy:49)
	at customKeywords.commanFunctions.uploadFileOfRegisterUser(commanFunctions.groovy:747)
	at customKeywords.commanFunctions.invokeMethod(commanFunctions.groovy)
	at com.kms.katalon.core.main.CustomKeywordDelegatingMetaClass.invokeStaticMethod(CustomKeywordDelegatingMetaClass.java:50)
	at TC_As a register user, Upload Xlsx File and verify Uploded file in Submission Page.run(TC_As a register user, Upload Xlsx File and verify Uploded file in Submission Page:16)
	at com.kms.katalon.core.main.ScriptEngine.run(ScriptEngine.java:194)
	at com.kms.katalon.core.main.ScriptEngine.runScriptAsRawText(ScriptEngine.java:119)
	at com.kms.katalon.core.main.TestCaseExecutor.runScript(TestCaseExecutor.java:394)
	at com.kms.katalon.core.main.TestCaseExecutor.doExecute(TestCaseExecutor.java:385)
	at com.kms.katalon.core.main.TestCaseExecutor.processExecutionPhase(TestCaseExecutor.java:364)
	at com.kms.katalon.core.main.TestCaseExecutor.accessMainPhase(TestCaseExecutor.java:356)
	at com.kms.katalon.core.main.TestCaseExecutor.execute(TestCaseExecutor.java:251)
	at com.kms.katalon.core.main.TestSuiteExecutor.accessTestCaseMainPhase(TestSuiteExecutor.java:203)
	at com.kms.katalon.core.main.TestSuiteExecutor.accessTestSuiteMainPhase(TestSuiteExecutor.java:152)
	at com.kms.katalon.core.main.TestSuiteExecutor.execute(TestSuiteExecutor.java:95)
	at com.kms.katalon.core.main.TestCaseMain.startTestSuite(TestCaseMain.java:157)
	at com.kms.katalon.core.main.TestCaseMain$startTestSuite$0.call(Unknown Source)
	at TempTestSuite1613733199540.run(TempTestSuite1613733199540.groovy:39)
Caused by: org.openqa.selenium.WebDriverException: chrome not reachable
  (Session info: chrome=86.0.4240.75)
Build info: version: '3.141.59', revision: 'e82be7d358', time: '2018-11-14T08:25:53'
System info: host: 'OMTPGCN1132568L', ip: '192.168.1.1', os.name: 'Windows 10', os.arch: 'amd64', os.version: '10.0', java.version: '1.8.0_181'
Driver info: com.kms.katalon.selenium.driver.CChromeDriver
Capabilities {acceptInsecureCerts: false, browserName: chrome, browserVersion: 86.0.4240.75, chrome: {chromedriverVersion: 86.0.4240.22 (398b0743353ff..., userDataDir: C:\Users\ashok\AppData\Loca...}, goog:chromeOptions: {debuggerAddress: localhost:51265}, javascriptEnabled: true, networkConnectionEnabled: false, pageLoadStrategy: normal, platform: WINDOWS, platformName: WINDOWS, proxy: Proxy(), setWindowRect: true, strictFileInteractability: false, timeouts: {implicit: 0, pageLoad: 300000, script: 30000}, unhandledPromptBehavior: dismiss and notify, webauthn:virtualAuthenticators: true}
Session ID: 582b353bb4054312f40c1622397a3a21
	at org.openqa.selenium.remote.http.W3CHttpResponseCodec.createException(W3CHttpResponseCodec.java:187)
	at org.openqa.selenium.remote.http.W3CHttpResponseCodec.decode(W3CHttpResponseCodec.java:122)
	at org.openqa.selenium.remote.http.W3CHttpResponseCodec.decode(W3CHttpResponseCodec.java:49)
	at org.openqa.selenium.remote.HttpCommandExecutor.execute(HttpCommandExecutor.java:158)
	at org.openqa.selenium.remote.service.DriverCommandExecutor.execute(DriverCommandExecutor.java:83)
	at org.openqa.selenium.remote.RemoteWebDriver.execute(RemoteWebDriver.java:552)
	at com.kms.katalon.selenium.driver.CChromeDriver.execute(CChromeDriver.java:19)
	at org.openqa.selenium.remote.RemoteWebDriver.executeScript(RemoteWebDriver.java:489)
	at org.openqa.selenium.support.events.EventFiringWebDriver.lambda$new$1(EventFiringWebDriver.java:105)
	at com.sun.proxy.$Proxy11.executeScript(Unknown Source)
	at org.openqa.selenium.support.events.EventFiringWebDriver.executeScript(EventFiringWebDriver.java:229)
	at com.kms.katalon.core.webui.keyword.builtin.WaitForPageLoadKeyword$1.apply(WaitForPageLoadKeyword.groovy:80)
	at com.kms.katalon.core.webui.keyword.builtin.WaitForPageLoadKeyword$1.apply(WaitForPageLoadKeyword.groovy)
	at org.openqa.selenium.support.ui.FluentWait.until(FluentWait.java:249)
	at org.openqa.selenium.support.ui.Wait$until.call(Unknown Source)
	at com.kms.katalon.core.webui.keyword.builtin.WaitForPageLoadKeyword$_waitForPageLoad_closure1.doCall(WaitForPageLoadKeyword.groovy:76)
	at com.kms.katalon.core.webui.keyword.builtin.WaitForPageLoadKeyword$_waitForPageLoad_closure1.doCall(WaitForPageLoadKeyword.groovy)
	at com.kms.katalon.core.webui.keyword.internal.WebUIKeywordMain.runKeyword(WebUIKeywordMain.groovy:20)
	... 24 more
"/>
         <system-out><![CDATA[2021-02-19 16:50:51 - [TEST_CASE][FAILED] - Test Cases/UploadDiffFiles_RegisterUser/TC_As a register user, Upload Xlsx File and verify Uploded file in Submission Page: Test Cases/UploadDiffFiles_RegisterUser/TC_As a register user, Upload Xlsx File and verify Uploded file in Submission Page FAILED.
Reason:
com.kms.katalon.core.exception.StepFailedException: Unable to wait for page load
	at com.kms.katalon.core.webui.keyword.internal.WebUIKeywordMain.stepFailed(WebUIKeywordMain.groovy:64)
	at com.kms.katalon.core.webui.keyword.internal.WebUIKeywordMain.runKeyword(WebUIKeywordMain.groovy:26)
	at com.kms.katalon.core.webui.keyword.internal.WebUIKeywordMain$runKeyword.call(Unknown Source)
	at com.kms.katalon.core.webui.keyword.builtin.WaitForPageLoadKeyword.waitForPageLoad(WaitForPageLoadKeyword.groovy:71)
	at com.kms.katalon.core.webui.keyword.builtin.WaitForPageLoadKeyword.execute(WaitForPageLoadKeyword.groovy:67)
	at com.kms.katalon.core.keyword.internal.KeywordExecutor.executeKeywordForPlatform(KeywordExecutor.groovy:73)
	at com.kms.katalon.core.webui.keyword.WebUiBuiltInKeywords.waitForPageLoad(WebUiBuiltInKeywords.groovy:2454)
	at com.kms.katalon.core.webui.keyword.WebUiBuiltInKeywords$waitForPageLoad$1.call(Unknown Source)
	at customKeywords.commanFunctions.openBrowser(commanFunctions.groovy:49)
	at customKeywords.commanFunctions.uploadFileOfRegisterUser(commanFunctions.groovy:747)
	at customKeywords.commanFunctions.invokeMethod(commanFunctions.groovy)
	at com.kms.katalon.core.main.CustomKeywordDelegatingMetaClass.invokeStaticMethod(CustomKeywordDelegatingMetaClass.java:50)
	at TC_As a register user, Upload Xlsx File and verify Uploded file in Submission Page.run(TC_As a register user, Upload Xlsx File and verify Uploded file in Submission Page:16)
	at com.kms.katalon.core.main.ScriptEngine.run(ScriptEngine.java:194)
	at com.kms.katalon.core.main.ScriptEngine.runScriptAsRawText(ScriptEngine.java:119)
	at com.kms.katalon.core.main.TestCaseExecutor.runScript(TestCaseExecutor.java:394)
	at com.kms.katalon.core.main.TestCaseExecutor.doExecute(TestCaseExecutor.java:385)
	at com.kms.katalon.core.main.TestCaseExecutor.processExecutionPhase(TestCaseExecutor.java:364)
	at com.kms.katalon.core.main.TestCaseExecutor.accessMainPhase(TestCaseExecutor.java:356)
	at com.kms.katalon.core.main.TestCaseExecutor.execute(TestCaseExecutor.java:251)
	at com.kms.katalon.core.main.TestSuiteExecutor.accessTestCaseMainPhase(TestSuiteExecutor.java:203)
	at com.kms.katalon.core.main.TestSuiteExecutor.accessTestSuiteMainPhase(TestSuiteExecutor.java:152)
	at com.kms.katalon.core.main.TestSuiteExecutor.execute(TestSuiteExecutor.java:95)
	at com.kms.katalon.core.main.TestCaseMain.startTestSuite(TestCaseMain.java:157)
	at com.kms.katalon.core.main.TestCaseMain$startTestSuite$0.call(Unknown Source)
	at TempTestSuite1613733199540.run(TempTestSuite1613733199540.groovy:39)
Caused by: org.openqa.selenium.WebDriverException: chrome not reachable
  (Session info: chrome=86.0.4240.75)
Build info: version: '3.141.59', revision: 'e82be7d358', time: '2018-11-14T08:25:53'
System info: host: 'OMTPGCN1132568L', ip: '192.168.1.1', os.name: 'Windows 10', os.arch: 'amd64', os.version: '10.0', java.version: '1.8.0_181'
Driver info: com.kms.katalon.selenium.driver.CChromeDriver
Capabilities {acceptInsecureCerts: false, browserName: chrome, browserVersion: 86.0.4240.75, chrome: {chromedriverVersion: 86.0.4240.22 (398b0743353ff..., userDataDir: C:\Users\ashok\AppData\Loca...}, goog:chromeOptions: {debuggerAddress: localhost:51265}, javascriptEnabled: true, networkConnectionEnabled: false, pageLoadStrategy: normal, platform: WINDOWS, platformName: WINDOWS, proxy: Proxy(), setWindowRect: true, strictFileInteractability: false, timeouts: {implicit: 0, pageLoad: 300000, script: 30000}, unhandledPromptBehavior: dismiss and notify, webauthn:virtualAuthenticators: true}
Session ID: 582b353bb4054312f40c1622397a3a21
	at org.openqa.selenium.remote.http.W3CHttpResponseCodec.createException(W3CHttpResponseCodec.java:187)
	at org.openqa.selenium.remote.http.W3CHttpResponseCodec.decode(W3CHttpResponseCodec.java:122)
	at org.openqa.selenium.remote.http.W3CHttpResponseCodec.decode(W3CHttpResponseCodec.java:49)
	at org.openqa.selenium.remote.HttpCommandExecutor.execute(HttpCommandExecutor.java:158)
	at org.openqa.selenium.remote.service.DriverCommandExecutor.execute(DriverCommandExecutor.java:83)
	at org.openqa.selenium.remote.RemoteWebDriver.execute(RemoteWebDriver.java:552)
	at com.kms.katalon.selenium.driver.CChromeDriver.execute(CChromeDriver.java:19)
	at org.openqa.selenium.remote.RemoteWebDriver.executeScript(RemoteWebDriver.java:489)
	at org.openqa.selenium.support.events.EventFiringWebDriver.lambda$new$1(EventFiringWebDriver.java:105)
	at com.sun.proxy.$Proxy11.executeScript(Unknown Source)
	at org.openqa.selenium.support.events.EventFiringWebDriver.executeScript(EventFiringWebDriver.java:229)
	at com.kms.katalon.core.webui.keyword.builtin.WaitForPageLoadKeyword$1.apply(WaitForPageLoadKeyword.groovy:80)
	at com.kms.katalon.core.webui.keyword.builtin.WaitForPageLoadKeyword$1.apply(WaitForPageLoadKeyword.groovy)
	at org.openqa.selenium.support.ui.FluentWait.until(FluentWait.java:249)
	at org.openqa.selenium.support.ui.Wait$until.call(Unknown Source)
	at com.kms.katalon.core.webui.keyword.builtin.WaitForPageLoadKeyword$_waitForPageLoad_closure1.doCall(WaitForPageLoadKeyword.groovy:76)
	at com.kms.katalon.core.webui.keyword.builtin.WaitForPageLoadKeyword$_waitForPageLoad_closure1.doCall(WaitForPageLoadKeyword.groovy)
	at com.kms.katalon.core.webui.keyword.internal.WebUIKeywordMain.runKeyword(WebUIKeywordMain.groovy:20)
	... 24 more


2021-02-19 16:50:51 - [TEST_STEP][PASSED] - excelTestData = findTestData("Data Files/TestData/InspectTestData"): null

2021-02-19 16:50:51 - [TEST_STEP][PASSED] - rigisterUN = excelTestData.getValue(6, 23): null

2021-02-19 16:50:51 - [TEST_STEP][PASSED] - rigisterPW = excelTestData.getValue(3, 23): null

2021-02-19 16:50:51 - [TEST_STEP][FAILED] - customKeywords.commanFunctions.uploadFileOfRegisterUser(212, rigisterUN, rigisterPW): Unable to wait for page load

2021-02-19 16:50:51 - [MESSAGE][INFO] - Starting 'Chrome' driver

2021-02-19 16:50:51 - [MESSAGE][INFO] - Action delay is set to 0 milliseconds

2021-02-19 16:51:00 - [MESSAGE][PASSED] - Browser is opened with url: 'https://Inspect.Stage.site.sa'

2021-02-19 16:51:20 - [MESSAGE][PASSED] - Current window maximized

2021-02-19 16:51:45 - [MESSAGE][WARNING] - Cannot take screenshot

2021-02-19 16:51:45 - [MESSAGE][FAILED] - Unable to wait for page load (Root cause: com.kms.katalon.core.exception.StepFailedException: Unable to wait for page load
	at com.kms.katalon.core.webui.keyword.internal.WebUIKeywordMain.stepFailed(WebUIKeywordMain.groovy:64)
	at com.kms.katalon.core.webui.keyword.internal.WebUIKeywordMain.runKeyword(WebUIKeywordMain.groovy:26)
	at com.kms.katalon.core.webui.keyword.internal.WebUIKeywordMain$runKeyword.call(Unknown Source)
	at com.kms.katalon.core.webui.keyword.builtin.WaitForPageLoadKeyword.waitForPageLoad(WaitForPageLoadKeyword.groovy:71)
	at com.kms.katalon.core.webui.keyword.builtin.WaitForPageLoadKeyword.execute(WaitForPageLoadKeyword.groovy:67)
	at com.kms.katalon.core.keyword.internal.KeywordExecutor.executeKeywordForPlatform(KeywordExecutor.groovy:73)
	at com.kms.katalon.core.webui.keyword.WebUiBuiltInKeywords.waitForPageLoad(WebUiBuiltInKeywords.groovy:2454)
	at com.kms.katalon.core.webui.keyword.WebUiBuiltInKeywords$waitForPageLoad$1.call(Unknown Source)
	at customKeywords.commanFunctions.openBrowser(commanFunctions.groovy:49)
	at customKeywords.commanFunctions.uploadFileOfRegisterUser(commanFunctions.groovy:747)
	at customKeywords.commanFunctions.invokeMethod(commanFunctions.groovy)
	at com.kms.katalon.core.main.CustomKeywordDelegatingMetaClass.invokeStaticMethod(CustomKeywordDelegatingMetaClass.java:50)
	at TC_As a register user, Upload Xlsx File and verify Uploded file in Submission Page.run(TC_As a register user, Upload Xlsx File and verify Uploded file in Submission Page:16)
	at com.kms.katalon.core.main.ScriptEngine.run(ScriptEngine.java:194)
	at com.kms.katalon.core.main.ScriptEngine.runScriptAsRawText(ScriptEngine.java:119)
	at com.kms.katalon.core.main.TestCaseExecutor.runScript(TestCaseExecutor.java:394)
	at com.kms.katalon.core.main.TestCaseExecutor.doExecute(TestCaseExecutor.java:385)
	at com.kms.katalon.core.main.TestCaseExecutor.processExecutionPhase(TestCaseExecutor.java:364)
	at com.kms.katalon.core.main.TestCaseExecutor.accessMainPhase(TestCaseExecutor.java:356)
	at com.kms.katalon.core.main.TestCaseExecutor.execute(TestCaseExecutor.java:251)
	at com.kms.katalon.core.main.TestSuiteExecutor.accessTestCaseMainPhase(TestSuiteExecutor.java:203)
	at com.kms.katalon.core.main.TestSuiteExecutor.accessTestSuiteMainPhase(TestSuiteExecutor.java:152)
	at com.kms.katalon.core.main.TestSuiteExecutor.execute(TestSuiteExecutor.java:95)
	at com.kms.katalon.core.main.TestCaseMain.startTestSuite(TestCaseMain.java:157)
	at com.kms.katalon.core.main.TestCaseMain$startTestSuite$0.call(Unknown Source)
	at TempTestSuite1613733199540.run(TempTestSuite1613733199540.groovy:39)
Caused by: org.openqa.selenium.WebDriverException: chrome not reachable
  (Session info: chrome=86.0.4240.75)
Build info: version: '3.141.59', revision: 'e82be7d358', time: '2018-11-14T08:25:53'
System info: host: 'OMTPGCN1132568L', ip: '192.168.1.1', os.name: 'Windows 10', os.arch: 'amd64', os.version: '10.0', java.version: '1.8.0_181'
Driver info: com.kms.katalon.selenium.driver.CChromeDriver
Capabilities {acceptInsecureCerts: false, browserName: chrome, browserVersion: 86.0.4240.75, chrome: {chromedriverVersion: 86.0.4240.22 (398b0743353ff..., userDataDir: C:\Users\ashok\AppData\Loca...}, goog:chromeOptions: {debuggerAddress: localhost:51265}, javascriptEnabled: true, networkConnectionEnabled: false, pageLoadStrategy: normal, platform: WINDOWS, platformName: WINDOWS, proxy: Proxy(), setWindowRect: true, strictFileInteractability: false, timeouts: {implicit: 0, pageLoad: 300000, script: 30000}, unhandledPromptBehavior: dismiss and notify, webauthn:virtualAuthenticators: true}
Session ID: 582b353bb4054312f40c1622397a3a21
	at org.openqa.selenium.remote.http.W3CHttpResponseCodec.createException(W3CHttpResponseCodec.java:187)
	at org.openqa.selenium.remote.http.W3CHttpResponseCodec.decode(W3CHttpResponseCodec.java:122)
	at org.openqa.selenium.remote.http.W3CHttpResponseCodec.decode(W3CHttpResponseCodec.java:49)
	at org.openqa.selenium.remote.HttpCommandExecutor.execute(HttpCommandExecutor.java:158)
	at org.openqa.selenium.remote.service.DriverCommandExecutor.execute(DriverCommandExecutor.java:83)
	at org.openqa.selenium.remote.RemoteWebDriver.execute(RemoteWebDriver.java:552)
	at com.kms.katalon.selenium.driver.CChromeDriver.execute(CChromeDriver.java:19)
	at org.openqa.selenium.remote.RemoteWebDriver.executeScript(RemoteWebDriver.java:489)
	at org.openqa.selenium.support.events.EventFiringWebDriver.lambda$new$1(EventFiringWebDriver.java:105)
	at com.sun.proxy.$Proxy11.executeScript(Unknown Source)
	at org.openqa.selenium.support.events.EventFiringWebDriver.executeScript(EventFiringWebDriver.java:229)
	at com.kms.katalon.core.webui.keyword.builtin.WaitForPageLoadKeyword$1.apply(WaitForPageLoadKeyword.groovy:80)
	at com.kms.katalon.core.webui.keyword.builtin.WaitForPageLoadKeyword$1.apply(WaitForPageLoadKeyword.groovy)
	at org.openqa.selenium.support.ui.FluentWait.until(FluentWait.java:249)
	at org.openqa.selenium.support.ui.Wait$until.call(Unknown Source)
	at com.kms.katalon.core.webui.keyword.builtin.WaitForPageLoadKeyword$_waitForPageLoad_closure1.doCall(WaitForPageLoadKeyword.groovy:76)
	at com.kms.katalon.core.webui.keyword.builtin.WaitForPageLoadKeyword$_waitForPageLoad_closure1.doCall(WaitForPageLoadKeyword.groovy)
	at com.kms.katalon.core.webui.keyword.internal.WebUIKeywordMain.runKeyword(WebUIKeywordMain.groovy:20)
	at com.kms.katalon.core.webui.keyword.internal.WebUIKeywordMain$runKeyword.call(Unknown Source)
	at com.kms.katalon.core.webui.keyword.builtin.WaitForPageLoadKeyword.waitForPageLoad(WaitForPageLoadKeyword.groovy:71)
	at com.kms.katalon.core.webui.keyword.builtin.WaitForPageLoadKeyword.execute(WaitForPageLoadKeyword.groovy:67)
	at com.kms.katalon.core.keyword.internal.KeywordExecutor.executeKeywordForPlatform(KeywordExecutor.groovy:73)
	at com.kms.katalon.core.webui.keyword.WebUiBuiltInKeywords.waitForPageLoad(WebUiBuiltInKeywords.groovy:2454)
	at com.kms.katalon.core.webui.keyword.WebUiBuiltInKeywords$waitForPageLoad$1.call(Unknown Source)
	at customKeywords.commanFunctions.openBrowser(commanFunctions.groovy:49)
	at customKeywords.commanFunctions.uploadFileOfRegisterUser(commanFunctions.groovy:747)
	at customKeywords.commanFunctions.invokeMethod(commanFunctions.groovy)
	at com.kms.katalon.core.main.CustomKeywordDelegatingMetaClass.invokeStaticMethod(CustomKeywordDelegatingMetaClass.java:50)
	at Script1613223119482.run(Script1613223119482.groovy:16)
	... 13 more
)

2021-02-19 16:51:45 - [MESSAGE][FAILED] - Unable to wait for page load

2021-02-19 16:51:45 - [TEST_STEP][PASSED] - Start tear down : tearDownMethodIfFailed: Method 'tearDownMethodIfFailed' complete successfully

2021-02-19 16:51:45 - [TEST_STEP][PASSED] - customKeywords.commanFunctions.onlyCloseBrowser(): customKeywords.commanFunctions.onlyCloseBrowser is PASSED

2021-02-19 16:51:45 - [MESSAGE][PASSED] - Browser is closed

2021-02-19 16:51:45 - [MESSAGE][PASSED] - customKeywords.commanFunctions.onlyCloseBrowser is PASSED

2021-02-19 16:51:45 - [TEST_STEP][PASSED] - logInfo("[--------This is tearDownIfFailed method------]"): [--------This is tearDownIfFailed method------]

2021-02-19 16:51:45 - [MESSAGE][INFO] - [--------This is tearDownIfFailed method------]

2021-02-19 16:51:45 - [MESSAGE][PASSED] - Method 'tearDownMethodIfFailed' complete successfully]]></system-out>
         <system-err><![CDATA[2021-02-19 16:50:51 - [TEST_CASE][FAILED] - Test Cases/UploadDiffFiles_RegisterUser/TC_As a register user, Upload Xlsx File and verify Uploded file in Submission Page: Test Cases/UploadDiffFiles_RegisterUser/TC_As a register user, Upload Xlsx File and verify Uploded file in Submission Page FAILED.
Reason:
com.kms.katalon.core.exception.StepFailedException: Unable to wait for page load
	at com.kms.katalon.core.webui.keyword.internal.WebUIKeywordMain.stepFailed(WebUIKeywordMain.groovy:64)
	at com.kms.katalon.core.webui.keyword.internal.WebUIKeywordMain.runKeyword(WebUIKeywordMain.groovy:26)
	at com.kms.katalon.core.webui.keyword.internal.WebUIKeywordMain$runKeyword.call(Unknown Source)
	at com.kms.katalon.core.webui.keyword.builtin.WaitForPageLoadKeyword.waitForPageLoad(WaitForPageLoadKeyword.groovy:71)
	at com.kms.katalon.core.webui.keyword.builtin.WaitForPageLoadKeyword.execute(WaitForPageLoadKeyword.groovy:67)
	at com.kms.katalon.core.keyword.internal.KeywordExecutor.executeKeywordForPlatform(KeywordExecutor.groovy:73)
	at com.kms.katalon.core.webui.keyword.WebUiBuiltInKeywords.waitForPageLoad(WebUiBuiltInKeywords.groovy:2454)
	at com.kms.katalon.core.webui.keyword.WebUiBuiltInKeywords$waitForPageLoad$1.call(Unknown Source)
	at customKeywords.commanFunctions.openBrowser(commanFunctions.groovy:49)
	at customKeywords.commanFunctions.uploadFileOfRegisterUser(commanFunctions.groovy:747)
	at customKeywords.commanFunctions.invokeMethod(commanFunctions.groovy)
	at com.kms.katalon.core.main.CustomKeywordDelegatingMetaClass.invokeStaticMethod(CustomKeywordDelegatingMetaClass.java:50)
	at TC_As a register user, Upload Xlsx File and verify Uploded file in Submission Page.run(TC_As a register user, Upload Xlsx File and verify Uploded file in Submission Page:16)
	at com.kms.katalon.core.main.ScriptEngine.run(ScriptEngine.java:194)
	at com.kms.katalon.core.main.ScriptEngine.runScriptAsRawText(ScriptEngine.java:119)
	at com.kms.katalon.core.main.TestCaseExecutor.runScript(TestCaseExecutor.java:394)
	at com.kms.katalon.core.main.TestCaseExecutor.doExecute(TestCaseExecutor.java:385)
	at com.kms.katalon.core.main.TestCaseExecutor.processExecutionPhase(TestCaseExecutor.java:364)
	at com.kms.katalon.core.main.TestCaseExecutor.accessMainPhase(TestCaseExecutor.java:356)
	at com.kms.katalon.core.main.TestCaseExecutor.execute(TestCaseExecutor.java:251)
	at com.kms.katalon.core.main.TestSuiteExecutor.accessTestCaseMainPhase(TestSuiteExecutor.java:203)
	at com.kms.katalon.core.main.TestSuiteExecutor.accessTestSuiteMainPhase(TestSuiteExecutor.java:152)
	at com.kms.katalon.core.main.TestSuiteExecutor.execute(TestSuiteExecutor.java:95)
	at com.kms.katalon.core.main.TestCaseMain.startTestSuite(TestCaseMain.java:157)
	at com.kms.katalon.core.main.TestCaseMain$startTestSuite$0.call(Unknown Source)
	at TempTestSuite1613733199540.run(TempTestSuite1613733199540.groovy:39)
Caused by: org.openqa.selenium.WebDriverException: chrome not reachable
  (Session info: chrome=86.0.4240.75)
Build info: version: '3.141.59', revision: 'e82be7d358', time: '2018-11-14T08:25:53'
System info: host: 'OMTPGCN1132568L', ip: '192.168.1.1', os.name: 'Windows 10', os.arch: 'amd64', os.version: '10.0', java.version: '1.8.0_181'
Driver info: com.kms.katalon.selenium.driver.CChromeDriver
Capabilities {acceptInsecureCerts: false, browserName: chrome, browserVersion: 86.0.4240.75, chrome: {chromedriverVersion: 86.0.4240.22 (398b0743353ff..., userDataDir: C:\Users\ashok\AppData\Loca...}, goog:chromeOptions: {debuggerAddress: localhost:51265}, javascriptEnabled: true, networkConnectionEnabled: false, pageLoadStrategy: normal, platform: WINDOWS, platformName: WINDOWS, proxy: Proxy(), setWindowRect: true, strictFileInteractability: false, timeouts: {implicit: 0, pageLoad: 300000, script: 30000}, unhandledPromptBehavior: dismiss and notify, webauthn:virtualAuthenticators: true}
Session ID: 582b353bb4054312f40c1622397a3a21
	at org.openqa.selenium.remote.http.W3CHttpResponseCodec.createException(W3CHttpResponseCodec.java:187)
	at org.openqa.selenium.remote.http.W3CHttpResponseCodec.decode(W3CHttpResponseCodec.java:122)
	at org.openqa.selenium.remote.http.W3CHttpResponseCodec.decode(W3CHttpResponseCodec.java:49)
	at org.openqa.selenium.remote.HttpCommandExecutor.execute(HttpCommandExecutor.java:158)
	at org.openqa.selenium.remote.service.DriverCommandExecutor.execute(DriverCommandExecutor.java:83)
	at org.openqa.selenium.remote.RemoteWebDriver.execute(RemoteWebDriver.java:552)
	at com.kms.katalon.selenium.driver.CChromeDriver.execute(CChromeDriver.java:19)
	at org.openqa.selenium.remote.RemoteWebDriver.executeScript(RemoteWebDriver.java:489)
	at org.openqa.selenium.support.events.EventFiringWebDriver.lambda$new$1(EventFiringWebDriver.java:105)
	at com.sun.proxy.$Proxy11.executeScript(Unknown Source)
	at org.openqa.selenium.support.events.EventFiringWebDriver.executeScript(EventFiringWebDriver.java:229)
	at com.kms.katalon.core.webui.keyword.builtin.WaitForPageLoadKeyword$1.apply(WaitForPageLoadKeyword.groovy:80)
	at com.kms.katalon.core.webui.keyword.builtin.WaitForPageLoadKeyword$1.apply(WaitForPageLoadKeyword.groovy)
	at org.openqa.selenium.support.ui.FluentWait.until(FluentWait.java:249)
	at org.openqa.selenium.support.ui.Wait$until.call(Unknown Source)
	at com.kms.katalon.core.webui.keyword.builtin.WaitForPageLoadKeyword$_waitForPageLoad_closure1.doCall(WaitForPageLoadKeyword.groovy:76)
	at com.kms.katalon.core.webui.keyword.builtin.WaitForPageLoadKeyword$_waitForPageLoad_closure1.doCall(WaitForPageLoadKeyword.groovy)
	at com.kms.katalon.core.webui.keyword.internal.WebUIKeywordMain.runKeyword(WebUIKeywordMain.groovy:20)
	... 24 more]]></system-err>
      </testcase>
      <testcase name="Test Cases/UploadDiffURLs_RegisterUser/TC_As a register user, Successfully submit the URL" time="32.267" classname="Test Cases/UploadDiffURLs_RegisterUser/TC_As a register user, Successfully submit the URL" status="PASSED">
         <system-out><![CDATA[2021-02-19 16:51:45 - [TEST_CASE][PASSED] - Test Cases/UploadDiffURLs_RegisterUser/TC_As a register user, Successfully submit the URL: Test Cases/UploadDiffURLs_RegisterUser/TC_As a register user, Successfully submit the URL

2021-02-19 16:51:45 - [TEST_STEP][PASSED] - excelTestData = findTestData("Data Files/TestData/InspectTestData"): null

2021-02-19 16:51:45 - [TEST_STEP][PASSED] - sampleURL = excelTestData.getValue(2, 382): null

2021-02-19 16:51:45 - [TEST_STEP][PASSED] - rigisterUN = excelTestData.getValue(6, 23): null

2021-02-19 16:51:45 - [TEST_STEP][PASSED] - rigisterPW = excelTestData.getValue(3, 23): null

2021-02-19 16:51:45 - [TEST_STEP][PASSED] - customKeywords.commanFunctions.enterURLOfRegisterUser(sampleURL, rigisterUN, rigisterPW): customKeywords.commanFunctions.enterURLOfRegisterUser is PASSED

2021-02-19 16:51:46 - [MESSAGE][INFO] - Starting 'Chrome' driver

2021-02-19 16:51:46 - [MESSAGE][INFO] - Action delay is set to 0 milliseconds

2021-02-19 16:51:55 - [MESSAGE][PASSED] - Browser is opened with url: 'https://Inspect.Stage.site.sa'

2021-02-19 16:51:57 - [MESSAGE][PASSED] - Current window maximized

2021-02-19 16:51:57 - [MESSAGE][PASSED] - Wait for page load successfully

2021-02-19 16:51:58 - [MESSAGE][PASSED] - Object 'Object Repository/LoginAndRigisterUser/LoginLink' is clickable

2021-02-19 16:51:58 - [MESSAGE][INFO] - Clicked on element with JS

2021-02-19 16:51:59 - [MESSAGE][PASSED] - Keys 'Os-anelapatla@projects.site.sa' sent to object: 'Object Repository/LoginAndRigisterUser/UserName_Email_Input'

2021-02-19 16:51:59 - [MESSAGE][PASSED] - Keys 'Test@12345' sent to object: 'Object Repository/LoginAndRigisterUser/Password_Input'

2021-02-19 16:52:00 - [MESSAGE][PASSED] - Delayed 1 second(s)

2021-02-19 16:52:01 - [MESSAGE][PASSED] - Object 'Object Repository/LoginAndRigisterUser/LoginBtn' is clickable

2021-02-19 16:52:01 - [MESSAGE][INFO] - Clicked on element with JS

2021-02-19 16:52:03 - [MESSAGE][PASSED] - Keys '0' sent to object: 'Object Repository/LoginAndRigisterUser/otpOne'

2021-02-19 16:52:04 - [MESSAGE][PASSED] - Keys '0' sent to object: 'Object Repository/LoginAndRigisterUser/otpTwo'

2021-02-19 16:52:05 - [MESSAGE][PASSED] - Keys '0' sent to object: 'Object Repository/LoginAndRigisterUser/otpThree'

2021-02-19 16:52:06 - [MESSAGE][PASSED] - Keys '0' sent to object: 'Object Repository/LoginAndRigisterUser/otpFour'

2021-02-19 16:52:07 - [MESSAGE][PASSED] - Keys '0' sent to object: 'Object Repository/LoginAndRigisterUser/otpFive'

2021-02-19 16:52:07 - [MESSAGE][INFO] - Clicked on element with JS

2021-02-19 16:52:09 - [MESSAGE][PASSED] - Object: 'Object Repository/HomePage/URL_Tab' is clicked on

2021-02-19 16:52:10 - [MESSAGE][PASSED] - Keys 'http://www.company.com' sent to object: 'Object Repository/HomePage/PleaseEnterURL_Input'

2021-02-19 16:52:11 - [MESSAGE][PASSED] - Object: 'Object Repository/HomePage/Window10RadioBtn' is clicked on

2021-02-19 16:52:12 - [MESSAGE][PASSED] - Object: 'Object Repository/HomePage/startAnalysis_EnableBtn' is clicked on

2021-02-19 16:52:14 - [MESSAGE][PASSED] - Text 'Your submission was successful, the analysis results will be delivered to you via email' is present on page 

2021-02-19 16:52:14 - [MESSAGE][PASSED] - Object 'Object Repository/SubmissionPage/Submission_SearchIcon' is visible

2021-02-19 16:52:14 - [MESSAGE][PASSED] - Object 'Object Repository/SubmissionPage/Submission_SearchIcon' is visible

2021-02-19 16:52:15 - [MESSAGE][PASSED] - Actual object 'http://www.company.com' and expected object 'http://www.company.com' are equal

2021-02-19 16:52:15 - [MESSAGE][PASSED] - customKeywords.commanFunctions.enterURLOfRegisterUser is PASSED

2021-02-19 16:52:15 - [TEST_STEP][PASSED] - customKeywords.commanFunctions.logOutAndcloseBrowser(): customKeywords.commanFunctions.logOutAndcloseBrowser is PASSED

2021-02-19 16:52:15 - [MESSAGE][PASSED] - Object 'Object Repository/LoginAndRigisterUser/AdminDD' is clickable

2021-02-19 16:52:15 - [MESSAGE][INFO] - Clicked on element with JS

2021-02-19 16:52:16 - [MESSAGE][INFO] - Clicked on element with JS

2021-02-19 16:52:17 - [MESSAGE][PASSED] - Delayed 1 second(s)

2021-02-19 16:52:18 - [MESSAGE][PASSED] - Browser is closed

2021-02-19 16:52:18 - [MESSAGE][PASSED] - customKeywords.commanFunctions.logOutAndcloseBrowser is PASSED]]></system-out>
         <system-err><![CDATA[]]></system-err>
      </testcase>
      <testcase name="Test Cases/UploadDiffURLs_RegisterUser/TC_As a register user, Successfully submit the URLWithPathParameters" time="32.388" classname="Test Cases/UploadDiffURLs_RegisterUser/TC_As a register user, Successfully submit the URLWithPathParameters" status="PASSED">
         <system-out><![CDATA[2021-02-19 16:52:18 - [TEST_CASE][PASSED] - Test Cases/UploadDiffURLs_RegisterUser/TC_As a register user, Successfully submit the URLWithPathParameters: Test Cases/UploadDiffURLs_RegisterUser/TC_As a register user, Successfully submit the URLWithPathParameters

2021-02-19 16:52:18 - [TEST_STEP][PASSED] - excelTestData = findTestData("Data Files/TestData/InspectTestData"): null

2021-02-19 16:52:18 - [TEST_STEP][PASSED] - sampleURL = excelTestData.getValue(2, 386): null

2021-02-19 16:52:18 - [TEST_STEP][PASSED] - rigisterUN = excelTestData.getValue(6, 23): null

2021-02-19 16:52:18 - [TEST_STEP][PASSED] - rigisterPW = excelTestData.getValue(3, 23): null

2021-02-19 16:52:18 - [TEST_STEP][PASSED] - customKeywords.commanFunctions.enterURLOfRegisterUser(sampleURL, rigisterUN, rigisterPW): customKeywords.commanFunctions.enterURLOfRegisterUser is PASSED

2021-02-19 16:52:18 - [MESSAGE][INFO] - Starting 'Chrome' driver

2021-02-19 16:52:18 - [MESSAGE][INFO] - Action delay is set to 0 milliseconds

2021-02-19 16:52:27 - [MESSAGE][PASSED] - Browser is opened with url: 'https://Inspect.Stage.site.sa'

2021-02-19 16:52:30 - [MESSAGE][PASSED] - Current window maximized

2021-02-19 16:52:30 - [MESSAGE][PASSED] - Wait for page load successfully

2021-02-19 16:52:30 - [MESSAGE][PASSED] - Object 'Object Repository/LoginAndRigisterUser/LoginLink' is clickable

2021-02-19 16:52:30 - [MESSAGE][INFO] - Clicked on element with JS

2021-02-19 16:52:31 - [MESSAGE][PASSED] - Keys 'Os-anelapatla@projects.site.sa' sent to object: 'Object Repository/LoginAndRigisterUser/UserName_Email_Input'

2021-02-19 16:52:31 - [MESSAGE][PASSED] - Keys 'Test@12345' sent to object: 'Object Repository/LoginAndRigisterUser/Password_Input'

2021-02-19 16:52:32 - [MESSAGE][PASSED] - Delayed 1 second(s)

2021-02-19 16:52:33 - [MESSAGE][PASSED] - Object 'Object Repository/LoginAndRigisterUser/LoginBtn' is clickable

2021-02-19 16:52:33 - [MESSAGE][INFO] - Clicked on element with JS

2021-02-19 16:52:35 - [MESSAGE][PASSED] - Keys '0' sent to object: 'Object Repository/LoginAndRigisterUser/otpOne'

2021-02-19 16:52:35 - [MESSAGE][PASSED] - Keys '0' sent to object: 'Object Repository/LoginAndRigisterUser/otpTwo'

2021-02-19 16:52:36 - [MESSAGE][PASSED] - Keys '0' sent to object: 'Object Repository/LoginAndRigisterUser/otpThree'

2021-02-19 16:52:37 - [MESSAGE][PASSED] - Keys '0' sent to object: 'Object Repository/LoginAndRigisterUser/otpFour'

2021-02-19 16:52:37 - [MESSAGE][PASSED] - Keys '0' sent to object: 'Object Repository/LoginAndRigisterUser/otpFive'

2021-02-19 16:52:38 - [MESSAGE][INFO] - Clicked on element with JS

2021-02-19 16:52:40 - [MESSAGE][PASSED] - Object: 'Object Repository/HomePage/URL_Tab' is clicked on

2021-02-19 16:52:42 - [MESSAGE][PASSED] - Keys 'http://www.company.com/showOrder.php' sent to object: 'Object Repository/HomePage/PleaseEnterURL_Input'

2021-02-19 16:52:43 - [MESSAGE][PASSED] - Object: 'Object Repository/HomePage/Window10RadioBtn' is clicked on

2021-02-19 16:52:44 - [MESSAGE][PASSED] - Object: 'Object Repository/HomePage/startAnalysis_EnableBtn' is clicked on

2021-02-19 16:52:46 - [MESSAGE][PASSED] - Text 'Your submission was successful, the analysis results will be delivered to you via email' is present on page 

2021-02-19 16:52:46 - [MESSAGE][PASSED] - Object 'Object Repository/SubmissionPage/Submission_SearchIcon' is visible

2021-02-19 16:52:47 - [MESSAGE][PASSED] - Object 'Object Repository/SubmissionPage/Submission_SearchIcon' is visible

2021-02-19 16:52:47 - [MESSAGE][PASSED] - Actual object 'http://www.company.com/showOrder.php' and expected object 'http://www.company.com/showOrder.php' are equal

2021-02-19 16:52:47 - [MESSAGE][PASSED] - customKeywords.commanFunctions.enterURLOfRegisterUser is PASSED

2021-02-19 16:52:47 - [TEST_STEP][PASSED] - customKeywords.commanFunctions.logOutAndcloseBrowser(): customKeywords.commanFunctions.logOutAndcloseBrowser is PASSED

2021-02-19 16:52:47 - [MESSAGE][PASSED] - Object 'Object Repository/LoginAndRigisterUser/AdminDD' is clickable

2021-02-19 16:52:48 - [MESSAGE][INFO] - Clicked on element with JS

2021-02-19 16:52:48 - [MESSAGE][INFO] - Clicked on element with JS

2021-02-19 16:52:49 - [MESSAGE][PASSED] - Delayed 1 second(s)

2021-02-19 16:52:50 - [MESSAGE][PASSED] - Browser is closed

2021-02-19 16:52:50 - [MESSAGE][PASSED] - customKeywords.commanFunctions.logOutAndcloseBrowser is PASSED]]></system-out>
         <system-err><![CDATA[]]></system-err>
      </testcase>
      <testcase name="Test Cases/UploadDiffURLs_RegisterUser/TC_As a register user, Successfully submit the URLWithQueryParameters" time="8.323" classname="Test Cases/UploadDiffURLs_RegisterUser/TC_As a register user, Successfully submit the URLWithQueryParameters" status="FAILED">
         <failure type="FAILED" message="Test Cases/UploadDiffURLs_RegisterUser/TC_As a register user, Successfully submit the URLWithQueryParameters FAILED.
Reason:
com.kms.katalon.core.exception.StepFailedException: Unable to maximize current window
	at com.kms.katalon.core.webui.keyword.internal.WebUIKeywordMain.stepFailed(WebUIKeywordMain.groovy:64)
	at com.kms.katalon.core.webui.keyword.internal.WebUIKeywordMain.runKeyword(WebUIKeywordMain.groovy:26)
	at com.kms.katalon.core.webui.keyword.builtin.MaximizeWindowKeyword.maximizeWindow(MaximizeWindowKeyword.groovy:74)
	at com.kms.katalon.core.webui.keyword.builtin.MaximizeWindowKeyword.execute(MaximizeWindowKeyword.groovy:69)
	at com.kms.katalon.core.keyword.internal.KeywordExecutor.executeKeywordForPlatform(KeywordExecutor.groovy:73)
	at com.kms.katalon.core.webui.keyword.WebUiBuiltInKeywords.maximizeWindow(WebUiBuiltInKeywords.groovy:280)
	at com.kms.katalon.core.webui.keyword.WebUiBuiltInKeywords$maximizeWindow$0.call(Unknown Source)
	at customKeywords.commanFunctions.openBrowser(commanFunctions.groovy:48)
	at customKeywords.commanFunctions.enterURLOfRegisterUser(commanFunctions.groovy:709)
	at customKeywords.commanFunctions.invokeMethod(commanFunctions.groovy)
	at com.kms.katalon.core.main.CustomKeywordDelegatingMetaClass.invokeStaticMethod(CustomKeywordDelegatingMetaClass.java:50)
	at TC_As a register user, Successfully submit the URLWithQueryParameters.run(TC_As a register user, Successfully submit the URLWithQueryParameters:18)
	at com.kms.katalon.core.main.ScriptEngine.run(ScriptEngine.java:194)
	at com.kms.katalon.core.main.ScriptEngine.runScriptAsRawText(ScriptEngine.java:119)
	at com.kms.katalon.core.main.TestCaseExecutor.runScript(TestCaseExecutor.java:394)
	at com.kms.katalon.core.main.TestCaseExecutor.doExecute(TestCaseExecutor.java:385)
	at com.kms.katalon.core.main.TestCaseExecutor.processExecutionPhase(TestCaseExecutor.java:364)
	at com.kms.katalon.core.main.TestCaseExecutor.accessMainPhase(TestCaseExecutor.java:356)
	at com.kms.katalon.core.main.TestCaseExecutor.execute(TestCaseExecutor.java:251)
	at com.kms.katalon.core.main.TestSuiteExecutor.accessTestCaseMainPhase(TestSuiteExecutor.java:203)
	at com.kms.katalon.core.main.TestSuiteExecutor.accessTestSuiteMainPhase(TestSuiteExecutor.java:152)
	at com.kms.katalon.core.main.TestSuiteExecutor.execute(TestSuiteExecutor.java:95)
	at com.kms.katalon.core.main.TestCaseMain.startTestSuite(TestCaseMain.java:157)
	at com.kms.katalon.core.main.TestCaseMain$startTestSuite$0.call(Unknown Source)
	at TempTestSuite1613733199540.run(TempTestSuite1613733199540.groovy:39)
Caused by: org.openqa.selenium.NoSuchWindowException: no such window: target window already closed
from unknown error: web view not found
  (Session info: chrome=86.0.4240.75)
Build info: version: '3.141.59', revision: 'e82be7d358', time: '2018-11-14T08:25:53'
System info: host: 'OMTPGCN1132568L', ip: '192.168.1.1', os.name: 'Windows 10', os.arch: 'amd64', os.version: '10.0', java.version: '1.8.0_181'
Driver info: com.kms.katalon.selenium.driver.CChromeDriver
Capabilities {acceptInsecureCerts: false, browserName: chrome, browserVersion: 86.0.4240.75, chrome: {chromedriverVersion: 86.0.4240.22 (398b0743353ff..., userDataDir: C:\Users\ashok\AppData\Loca...}, goog:chromeOptions: {debuggerAddress: localhost:51400}, javascriptEnabled: true, networkConnectionEnabled: false, pageLoadStrategy: normal, platform: WINDOWS, platformName: WINDOWS, proxy: Proxy(), setWindowRect: true, strictFileInteractability: false, timeouts: {implicit: 0, pageLoad: 300000, script: 30000}, unhandledPromptBehavior: dismiss and notify, webauthn:virtualAuthenticators: true}
Session ID: 2a36b2d2b295570eca45fcb7d0f1e873
	at org.openqa.selenium.remote.http.W3CHttpResponseCodec.createException(W3CHttpResponseCodec.java:187)
	at org.openqa.selenium.remote.http.W3CHttpResponseCodec.decode(W3CHttpResponseCodec.java:122)
	at org.openqa.selenium.remote.http.W3CHttpResponseCodec.decode(W3CHttpResponseCodec.java:49)
	at org.openqa.selenium.remote.HttpCommandExecutor.execute(HttpCommandExecutor.java:158)
	at org.openqa.selenium.remote.service.DriverCommandExecutor.execute(DriverCommandExecutor.java:83)
	at org.openqa.selenium.remote.RemoteWebDriver.execute(RemoteWebDriver.java:552)
	at com.kms.katalon.selenium.driver.CChromeDriver.execute(CChromeDriver.java:19)
	at org.openqa.selenium.remote.RemoteWebDriver.execute(RemoteWebDriver.java:609)
	at org.openqa.selenium.remote.RemoteWebDriver$RemoteWebDriverOptions$RemoteWindow.maximize(RemoteWebDriver.java:837)
	at org.openqa.selenium.support.events.EventFiringWebDriver$EventFiringWindow.maximize(EventFiringWebDriver.java:769)
	at com.kms.katalon.core.webui.keyword.builtin.MaximizeWindowKeyword$_maximizeWindow_closure1.doCall(MaximizeWindowKeyword.groovy:85)
	at com.kms.katalon.core.webui.keyword.builtin.MaximizeWindowKeyword$_maximizeWindow_closure1.call(MaximizeWindowKeyword.groovy)
	at com.kms.katalon.core.webui.keyword.internal.WebUIKeywordMain.runKeyword(WebUIKeywordMain.groovy:20)
	... 23 more
"/>
         <system-out><![CDATA[2021-02-19 16:52:50 - [TEST_CASE][FAILED] - Test Cases/UploadDiffURLs_RegisterUser/TC_As a register user, Successfully submit the URLWithQueryParameters: Test Cases/UploadDiffURLs_RegisterUser/TC_As a register user, Successfully submit the URLWithQueryParameters FAILED.
Reason:
com.kms.katalon.core.exception.StepFailedException: Unable to maximize current window
	at com.kms.katalon.core.webui.keyword.internal.WebUIKeywordMain.stepFailed(WebUIKeywordMain.groovy:64)
	at com.kms.katalon.core.webui.keyword.internal.WebUIKeywordMain.runKeyword(WebUIKeywordMain.groovy:26)
	at com.kms.katalon.core.webui.keyword.builtin.MaximizeWindowKeyword.maximizeWindow(MaximizeWindowKeyword.groovy:74)
	at com.kms.katalon.core.webui.keyword.builtin.MaximizeWindowKeyword.execute(MaximizeWindowKeyword.groovy:69)
	at com.kms.katalon.core.keyword.internal.KeywordExecutor.executeKeywordForPlatform(KeywordExecutor.groovy:73)
	at com.kms.katalon.core.webui.keyword.WebUiBuiltInKeywords.maximizeWindow(WebUiBuiltInKeywords.groovy:280)
	at com.kms.katalon.core.webui.keyword.WebUiBuiltInKeywords$maximizeWindow$0.call(Unknown Source)
	at customKeywords.commanFunctions.openBrowser(commanFunctions.groovy:48)
	at customKeywords.commanFunctions.enterURLOfRegisterUser(commanFunctions.groovy:709)
	at customKeywords.commanFunctions.invokeMethod(commanFunctions.groovy)
	at com.kms.katalon.core.main.CustomKeywordDelegatingMetaClass.invokeStaticMethod(CustomKeywordDelegatingMetaClass.java:50)
	at TC_As a register user, Successfully submit the URLWithQueryParameters.run(TC_As a register user, Successfully submit the URLWithQueryParameters:18)
	at com.kms.katalon.core.main.ScriptEngine.run(ScriptEngine.java:194)
	at com.kms.katalon.core.main.ScriptEngine.runScriptAsRawText(ScriptEngine.java:119)
	at com.kms.katalon.core.main.TestCaseExecutor.runScript(TestCaseExecutor.java:394)
	at com.kms.katalon.core.main.TestCaseExecutor.doExecute(TestCaseExecutor.java:385)
	at com.kms.katalon.core.main.TestCaseExecutor.processExecutionPhase(TestCaseExecutor.java:364)
	at com.kms.katalon.core.main.TestCaseExecutor.accessMainPhase(TestCaseExecutor.java:356)
	at com.kms.katalon.core.main.TestCaseExecutor.execute(TestCaseExecutor.java:251)
	at com.kms.katalon.core.main.TestSuiteExecutor.accessTestCaseMainPhase(TestSuiteExecutor.java:203)
	at com.kms.katalon.core.main.TestSuiteExecutor.accessTestSuiteMainPhase(TestSuiteExecutor.java:152)
	at com.kms.katalon.core.main.TestSuiteExecutor.execute(TestSuiteExecutor.java:95)
	at com.kms.katalon.core.main.TestCaseMain.startTestSuite(TestCaseMain.java:157)
	at com.kms.katalon.core.main.TestCaseMain$startTestSuite$0.call(Unknown Source)
	at TempTestSuite1613733199540.run(TempTestSuite1613733199540.groovy:39)
Caused by: org.openqa.selenium.NoSuchWindowException: no such window: target window already closed
from unknown error: web view not found
  (Session info: chrome=86.0.4240.75)
Build info: version: '3.141.59', revision: 'e82be7d358', time: '2018-11-14T08:25:53'
System info: host: 'OMTPGCN1132568L', ip: '192.168.1.1', os.name: 'Windows 10', os.arch: 'amd64', os.version: '10.0', java.version: '1.8.0_181'
Driver info: com.kms.katalon.selenium.driver.CChromeDriver
Capabilities {acceptInsecureCerts: false, browserName: chrome, browserVersion: 86.0.4240.75, chrome: {chromedriverVersion: 86.0.4240.22 (398b0743353ff..., userDataDir: C:\Users\ashok\AppData\Loca...}, goog:chromeOptions: {debuggerAddress: localhost:51400}, javascriptEnabled: true, networkConnectionEnabled: false, pageLoadStrategy: normal, platform: WINDOWS, platformName: WINDOWS, proxy: Proxy(), setWindowRect: true, strictFileInteractability: false, timeouts: {implicit: 0, pageLoad: 300000, script: 30000}, unhandledPromptBehavior: dismiss and notify, webauthn:virtualAuthenticators: true}
Session ID: 2a36b2d2b295570eca45fcb7d0f1e873
	at org.openqa.selenium.remote.http.W3CHttpResponseCodec.createException(W3CHttpResponseCodec.java:187)
	at org.openqa.selenium.remote.http.W3CHttpResponseCodec.decode(W3CHttpResponseCodec.java:122)
	at org.openqa.selenium.remote.http.W3CHttpResponseCodec.decode(W3CHttpResponseCodec.java:49)
	at org.openqa.selenium.remote.HttpCommandExecutor.execute(HttpCommandExecutor.java:158)
	at org.openqa.selenium.remote.service.DriverCommandExecutor.execute(DriverCommandExecutor.java:83)
	at org.openqa.selenium.remote.RemoteWebDriver.execute(RemoteWebDriver.java:552)
	at com.kms.katalon.selenium.driver.CChromeDriver.execute(CChromeDriver.java:19)
	at org.openqa.selenium.remote.RemoteWebDriver.execute(RemoteWebDriver.java:609)
	at org.openqa.selenium.remote.RemoteWebDriver$RemoteWebDriverOptions$RemoteWindow.maximize(RemoteWebDriver.java:837)
	at org.openqa.selenium.support.events.EventFiringWebDriver$EventFiringWindow.maximize(EventFiringWebDriver.java:769)
	at com.kms.katalon.core.webui.keyword.builtin.MaximizeWindowKeyword$_maximizeWindow_closure1.doCall(MaximizeWindowKeyword.groovy:85)
	at com.kms.katalon.core.webui.keyword.builtin.MaximizeWindowKeyword$_maximizeWindow_closure1.call(MaximizeWindowKeyword.groovy)
	at com.kms.katalon.core.webui.keyword.internal.WebUIKeywordMain.runKeyword(WebUIKeywordMain.groovy:20)
	... 23 more


2021-02-19 16:52:50 - [TEST_STEP][PASSED] - excelTestData = findTestData("Data Files/TestData/InspectTestData"): null

2021-02-19 16:52:50 - [TEST_STEP][PASSED] - sampleURL = excelTestData.getValue(2, 390): null

2021-02-19 16:52:50 - [TEST_STEP][PASSED] - rigisterUN = excelTestData.getValue(6, 23): null

2021-02-19 16:52:50 - [TEST_STEP][PASSED] - rigisterPW = excelTestData.getValue(3, 23): null

2021-02-19 16:52:50 - [TEST_STEP][FAILED] - customKeywords.commanFunctions.enterURLOfRegisterUser(sampleURL, rigisterUN, rigisterPW): Unable to maximize current window

2021-02-19 16:52:50 - [MESSAGE][INFO] - Starting 'Chrome' driver

2021-02-19 16:52:50 - [MESSAGE][INFO] - Action delay is set to 0 milliseconds

2021-02-19 16:52:57 - [MESSAGE][PASSED] - Browser is opened with url: 'https://Inspect.Stage.site.sa'

2021-02-19 16:52:58 - [MESSAGE][WARNING] - Cannot take screenshot

2021-02-19 16:52:58 - [MESSAGE][FAILED] - Unable to maximize current window (Root cause: com.kms.katalon.core.exception.StepFailedException: Unable to maximize current window
	at com.kms.katalon.core.webui.keyword.internal.WebUIKeywordMain.stepFailed(WebUIKeywordMain.groovy:64)
	at com.kms.katalon.core.webui.keyword.internal.WebUIKeywordMain.runKeyword(WebUIKeywordMain.groovy:26)
	at com.kms.katalon.core.webui.keyword.builtin.MaximizeWindowKeyword.maximizeWindow(MaximizeWindowKeyword.groovy:74)
	at com.kms.katalon.core.webui.keyword.builtin.MaximizeWindowKeyword.execute(MaximizeWindowKeyword.groovy:69)
	at com.kms.katalon.core.keyword.internal.KeywordExecutor.executeKeywordForPlatform(KeywordExecutor.groovy:73)
	at com.kms.katalon.core.webui.keyword.WebUiBuiltInKeywords.maximizeWindow(WebUiBuiltInKeywords.groovy:280)
	at com.kms.katalon.core.webui.keyword.WebUiBuiltInKeywords$maximizeWindow$0.call(Unknown Source)
	at customKeywords.commanFunctions.openBrowser(commanFunctions.groovy:48)
	at customKeywords.commanFunctions.enterURLOfRegisterUser(commanFunctions.groovy:709)
	at customKeywords.commanFunctions.invokeMethod(commanFunctions.groovy)
	at com.kms.katalon.core.main.CustomKeywordDelegatingMetaClass.invokeStaticMethod(CustomKeywordDelegatingMetaClass.java:50)
	at TC_As a register user, Successfully submit the URLWithQueryParameters.run(TC_As a register user, Successfully submit the URLWithQueryParameters:18)
	at com.kms.katalon.core.main.ScriptEngine.run(ScriptEngine.java:194)
	at com.kms.katalon.core.main.ScriptEngine.runScriptAsRawText(ScriptEngine.java:119)
	at com.kms.katalon.core.main.TestCaseExecutor.runScript(TestCaseExecutor.java:394)
	at com.kms.katalon.core.main.TestCaseExecutor.doExecute(TestCaseExecutor.java:385)
	at com.kms.katalon.core.main.TestCaseExecutor.processExecutionPhase(TestCaseExecutor.java:364)
	at com.kms.katalon.core.main.TestCaseExecutor.accessMainPhase(TestCaseExecutor.java:356)
	at com.kms.katalon.core.main.TestCaseExecutor.execute(TestCaseExecutor.java:251)
	at com.kms.katalon.core.main.TestSuiteExecutor.accessTestCaseMainPhase(TestSuiteExecutor.java:203)
	at com.kms.katalon.core.main.TestSuiteExecutor.accessTestSuiteMainPhase(TestSuiteExecutor.java:152)
	at com.kms.katalon.core.main.TestSuiteExecutor.execute(TestSuiteExecutor.java:95)
	at com.kms.katalon.core.main.TestCaseMain.startTestSuite(TestCaseMain.java:157)
	at com.kms.katalon.core.main.TestCaseMain$startTestSuite$0.call(Unknown Source)
	at TempTestSuite1613733199540.run(TempTestSuite1613733199540.groovy:39)
Caused by: org.openqa.selenium.NoSuchWindowException: no such window: target window already closed
from unknown error: web view not found
  (Session info: chrome=86.0.4240.75)
Build info: version: '3.141.59', revision: 'e82be7d358', time: '2018-11-14T08:25:53'
System info: host: 'OMTPGCN1132568L', ip: '192.168.1.1', os.name: 'Windows 10', os.arch: 'amd64', os.version: '10.0', java.version: '1.8.0_181'
Driver info: com.kms.katalon.selenium.driver.CChromeDriver
Capabilities {acceptInsecureCerts: false, browserName: chrome, browserVersion: 86.0.4240.75, chrome: {chromedriverVersion: 86.0.4240.22 (398b0743353ff..., userDataDir: C:\Users\ashok\AppData\Loca...}, goog:chromeOptions: {debuggerAddress: localhost:51400}, javascriptEnabled: true, networkConnectionEnabled: false, pageLoadStrategy: normal, platform: WINDOWS, platformName: WINDOWS, proxy: Proxy(), setWindowRect: true, strictFileInteractability: false, timeouts: {implicit: 0, pageLoad: 300000, script: 30000}, unhandledPromptBehavior: dismiss and notify, webauthn:virtualAuthenticators: true}
Session ID: 2a36b2d2b295570eca45fcb7d0f1e873
	at org.openqa.selenium.remote.http.W3CHttpResponseCodec.createException(W3CHttpResponseCodec.java:187)
	at org.openqa.selenium.remote.http.W3CHttpResponseCodec.decode(W3CHttpResponseCodec.java:122)
	at org.openqa.selenium.remote.http.W3CHttpResponseCodec.decode(W3CHttpResponseCodec.java:49)
	at org.openqa.selenium.remote.HttpCommandExecutor.execute(HttpCommandExecutor.java:158)
	at org.openqa.selenium.remote.service.DriverCommandExecutor.execute(DriverCommandExecutor.java:83)
	at org.openqa.selenium.remote.RemoteWebDriver.execute(RemoteWebDriver.java:552)
	at com.kms.katalon.selenium.driver.CChromeDriver.execute(CChromeDriver.java:19)
	at org.openqa.selenium.remote.RemoteWebDriver.execute(RemoteWebDriver.java:609)
	at org.openqa.selenium.remote.RemoteWebDriver$RemoteWebDriverOptions$RemoteWindow.maximize(RemoteWebDriver.java:837)
	at org.openqa.selenium.support.events.EventFiringWebDriver$EventFiringWindow.maximize(EventFiringWebDriver.java:769)
	at com.kms.katalon.core.webui.keyword.builtin.MaximizeWindowKeyword$_maximizeWindow_closure1.doCall(MaximizeWindowKeyword.groovy:85)
	at com.kms.katalon.core.webui.keyword.builtin.MaximizeWindowKeyword$_maximizeWindow_closure1.call(MaximizeWindowKeyword.groovy)
	at com.kms.katalon.core.webui.keyword.internal.WebUIKeywordMain.runKeyword(WebUIKeywordMain.groovy:20)
	at com.kms.katalon.core.webui.keyword.builtin.MaximizeWindowKeyword.maximizeWindow(MaximizeWindowKeyword.groovy:74)
	at com.kms.katalon.core.webui.keyword.builtin.MaximizeWindowKeyword.execute(MaximizeWindowKeyword.groovy:69)
	at com.kms.katalon.core.keyword.internal.KeywordExecutor.executeKeywordForPlatform(KeywordExecutor.groovy:73)
	at com.kms.katalon.core.webui.keyword.WebUiBuiltInKeywords.maximizeWindow(WebUiBuiltInKeywords.groovy:280)
	at com.kms.katalon.core.webui.keyword.WebUiBuiltInKeywords$maximizeWindow$0.call(Unknown Source)
	at customKeywords.commanFunctions.openBrowser(commanFunctions.groovy:48)
	at customKeywords.commanFunctions.enterURLOfRegisterUser(commanFunctions.groovy:709)
	at customKeywords.commanFunctions.invokeMethod(commanFunctions.groovy)
	at com.kms.katalon.core.main.CustomKeywordDelegatingMetaClass.invokeStaticMethod(CustomKeywordDelegatingMetaClass.java:50)
	at Script1613398000262.run(Script1613398000262.groovy:18)
	... 13 more
)

2021-02-19 16:52:58 - [MESSAGE][FAILED] - Unable to maximize current window

2021-02-19 16:52:58 - [TEST_STEP][PASSED] - Start tear down : tearDownMethodIfFailed: Method 'tearDownMethodIfFailed' complete successfully

2021-02-19 16:52:58 - [TEST_STEP][PASSED] - customKeywords.commanFunctions.onlyCloseBrowser(): customKeywords.commanFunctions.onlyCloseBrowser is PASSED

2021-02-19 16:52:58 - [MESSAGE][PASSED] - Browser is closed

2021-02-19 16:52:58 - [MESSAGE][PASSED] - customKeywords.commanFunctions.onlyCloseBrowser is PASSED

2021-02-19 16:52:58 - [TEST_STEP][PASSED] - logInfo("[--------This is tearDownIfFailed method------]"): [--------This is tearDownIfFailed method------]

2021-02-19 16:52:58 - [MESSAGE][INFO] - [--------This is tearDownIfFailed method------]

2021-02-19 16:52:58 - [MESSAGE][PASSED] - Method 'tearDownMethodIfFailed' complete successfully]]></system-out>
         <system-err><![CDATA[2021-02-19 16:52:50 - [TEST_CASE][FAILED] - Test Cases/UploadDiffURLs_RegisterUser/TC_As a register user, Successfully submit the URLWithQueryParameters: Test Cases/UploadDiffURLs_RegisterUser/TC_As a register user, Successfully submit the URLWithQueryParameters FAILED.
Reason:
com.kms.katalon.core.exception.StepFailedException: Unable to maximize current window
	at com.kms.katalon.core.webui.keyword.internal.WebUIKeywordMain.stepFailed(WebUIKeywordMain.groovy:64)
	at com.kms.katalon.core.webui.keyword.internal.WebUIKeywordMain.runKeyword(WebUIKeywordMain.groovy:26)
	at com.kms.katalon.core.webui.keyword.builtin.MaximizeWindowKeyword.maximizeWindow(MaximizeWindowKeyword.groovy:74)
	at com.kms.katalon.core.webui.keyword.builtin.MaximizeWindowKeyword.execute(MaximizeWindowKeyword.groovy:69)
	at com.kms.katalon.core.keyword.internal.KeywordExecutor.executeKeywordForPlatform(KeywordExecutor.groovy:73)
	at com.kms.katalon.core.webui.keyword.WebUiBuiltInKeywords.maximizeWindow(WebUiBuiltInKeywords.groovy:280)
	at com.kms.katalon.core.webui.keyword.WebUiBuiltInKeywords$maximizeWindow$0.call(Unknown Source)
	at customKeywords.commanFunctions.openBrowser(commanFunctions.groovy:48)
	at customKeywords.commanFunctions.enterURLOfRegisterUser(commanFunctions.groovy:709)
	at customKeywords.commanFunctions.invokeMethod(commanFunctions.groovy)
	at com.kms.katalon.core.main.CustomKeywordDelegatingMetaClass.invokeStaticMethod(CustomKeywordDelegatingMetaClass.java:50)
	at TC_As a register user, Successfully submit the URLWithQueryParameters.run(TC_As a register user, Successfully submit the URLWithQueryParameters:18)
	at com.kms.katalon.core.main.ScriptEngine.run(ScriptEngine.java:194)
	at com.kms.katalon.core.main.ScriptEngine.runScriptAsRawText(ScriptEngine.java:119)
	at com.kms.katalon.core.main.TestCaseExecutor.runScript(TestCaseExecutor.java:394)
	at com.kms.katalon.core.main.TestCaseExecutor.doExecute(TestCaseExecutor.java:385)
	at com.kms.katalon.core.main.TestCaseExecutor.processExecutionPhase(TestCaseExecutor.java:364)
	at com.kms.katalon.core.main.TestCaseExecutor.accessMainPhase(TestCaseExecutor.java:356)
	at com.kms.katalon.core.main.TestCaseExecutor.execute(TestCaseExecutor.java:251)
	at com.kms.katalon.core.main.TestSuiteExecutor.accessTestCaseMainPhase(TestSuiteExecutor.java:203)
	at com.kms.katalon.core.main.TestSuiteExecutor.accessTestSuiteMainPhase(TestSuiteExecutor.java:152)
	at com.kms.katalon.core.main.TestSuiteExecutor.execute(TestSuiteExecutor.java:95)
	at com.kms.katalon.core.main.TestCaseMain.startTestSuite(TestCaseMain.java:157)
	at com.kms.katalon.core.main.TestCaseMain$startTestSuite$0.call(Unknown Source)
	at TempTestSuite1613733199540.run(TempTestSuite1613733199540.groovy:39)
Caused by: org.openqa.selenium.NoSuchWindowException: no such window: target window already closed
from unknown error: web view not found
  (Session info: chrome=86.0.4240.75)
Build info: version: '3.141.59', revision: 'e82be7d358', time: '2018-11-14T08:25:53'
System info: host: 'OMTPGCN1132568L', ip: '192.168.1.1', os.name: 'Windows 10', os.arch: 'amd64', os.version: '10.0', java.version: '1.8.0_181'
Driver info: com.kms.katalon.selenium.driver.CChromeDriver
Capabilities {acceptInsecureCerts: false, browserName: chrome, browserVersion: 86.0.4240.75, chrome: {chromedriverVersion: 86.0.4240.22 (398b0743353ff..., userDataDir: C:\Users\ashok\AppData\Loca...}, goog:chromeOptions: {debuggerAddress: localhost:51400}, javascriptEnabled: true, networkConnectionEnabled: false, pageLoadStrategy: normal, platform: WINDOWS, platformName: WINDOWS, proxy: Proxy(), setWindowRect: true, strictFileInteractability: false, timeouts: {implicit: 0, pageLoad: 300000, script: 30000}, unhandledPromptBehavior: dismiss and notify, webauthn:virtualAuthenticators: true}
Session ID: 2a36b2d2b295570eca45fcb7d0f1e873
	at org.openqa.selenium.remote.http.W3CHttpResponseCodec.createException(W3CHttpResponseCodec.java:187)
	at org.openqa.selenium.remote.http.W3CHttpResponseCodec.decode(W3CHttpResponseCodec.java:122)
	at org.openqa.selenium.remote.http.W3CHttpResponseCodec.decode(W3CHttpResponseCodec.java:49)
	at org.openqa.selenium.remote.HttpCommandExecutor.execute(HttpCommandExecutor.java:158)
	at org.openqa.selenium.remote.service.DriverCommandExecutor.execute(DriverCommandExecutor.java:83)
	at org.openqa.selenium.remote.RemoteWebDriver.execute(RemoteWebDriver.java:552)
	at com.kms.katalon.selenium.driver.CChromeDriver.execute(CChromeDriver.java:19)
	at org.openqa.selenium.remote.RemoteWebDriver.execute(RemoteWebDriver.java:609)
	at org.openqa.selenium.remote.RemoteWebDriver$RemoteWebDriverOptions$RemoteWindow.maximize(RemoteWebDriver.java:837)
	at org.openqa.selenium.support.events.EventFiringWebDriver$EventFiringWindow.maximize(EventFiringWebDriver.java:769)
	at com.kms.katalon.core.webui.keyword.builtin.MaximizeWindowKeyword$_maximizeWindow_closure1.doCall(MaximizeWindowKeyword.groovy:85)
	at com.kms.katalon.core.webui.keyword.builtin.MaximizeWindowKeyword$_maximizeWindow_closure1.call(MaximizeWindowKeyword.groovy)
	at com.kms.katalon.core.webui.keyword.internal.WebUIKeywordMain.runKeyword(WebUIKeywordMain.groovy:20)
	... 23 more]]></system-err>
      </testcase>
      <testcase name="Test Cases/UploadDiffURLs_RegisterUser/TC_As register user , Trigger URL validation with invalid formats" time="15.762" classname="Test Cases/UploadDiffURLs_RegisterUser/TC_As register user , Trigger URL validation with invalid formats" status="FAILED">
         <failure type="FAILED" message="Test Cases/UploadDiffURLs_RegisterUser/TC_As register user , Trigger URL validation with invalid formats FAILED.
Reason:
com.kms.katalon.core.exception.StepFailedException: Unable to wait for object 'Object Repository/LoginAndRigisterUser/LoginBtn' to be clickable
	at com.kms.katalon.core.webui.keyword.internal.WebUIKeywordMain.stepFailed(WebUIKeywordMain.groovy:64)
	at com.kms.katalon.core.webui.keyword.internal.WebUIKeywordMain.runKeyword(WebUIKeywordMain.groovy:26)
	at com.kms.katalon.core.webui.keyword.internal.WebUIKeywordMain$runKeyword.call(Unknown Source)
	at com.kms.katalon.core.webui.keyword.builtin.WaitForElementClickableKeyword.waitForElementClickable(WaitForElementClickableKeyword.groovy:107)
	at com.kms.katalon.core.webui.keyword.builtin.WaitForElementClickableKeyword.execute(WaitForElementClickableKeyword.groovy:68)
	at com.kms.katalon.core.keyword.internal.KeywordExecutor.executeKeywordForPlatform(KeywordExecutor.groovy:73)
	at com.kms.katalon.core.webui.keyword.WebUiBuiltInKeywords.waitForElementClickable(WebUiBuiltInKeywords.groovy:501)
	at com.kms.katalon.core.webui.keyword.WebUiBuiltInKeywords$waitForElementClickable$2.call(Unknown Source)
	at customKeywords.commanFunctions.logIntoBrowserWithReqCredentials(commanFunctions.groovy:72)
	at customKeywords.commanFunctions.invokeMethod(commanFunctions.groovy)
	at com.kms.katalon.core.main.CustomKeywordDelegatingMetaClass.invokeStaticMethod(CustomKeywordDelegatingMetaClass.java:50)
	at TC_As register user , Trigger URL validation with invalid formats.run(TC_As register user , Trigger URL validation with invalid formats:27)
	at com.kms.katalon.core.main.ScriptEngine.run(ScriptEngine.java:194)
	at com.kms.katalon.core.main.ScriptEngine.runScriptAsRawText(ScriptEngine.java:119)
	at com.kms.katalon.core.main.TestCaseExecutor.runScript(TestCaseExecutor.java:394)
	at com.kms.katalon.core.main.TestCaseExecutor.doExecute(TestCaseExecutor.java:385)
	at com.kms.katalon.core.main.TestCaseExecutor.processExecutionPhase(TestCaseExecutor.java:364)
	at com.kms.katalon.core.main.TestCaseExecutor.accessMainPhase(TestCaseExecutor.java:356)
	at com.kms.katalon.core.main.TestCaseExecutor.execute(TestCaseExecutor.java:251)
	at com.kms.katalon.core.main.TestSuiteExecutor.accessTestCaseMainPhase(TestSuiteExecutor.java:203)
	at com.kms.katalon.core.main.TestSuiteExecutor.accessTestSuiteMainPhase(TestSuiteExecutor.java:152)
	at com.kms.katalon.core.main.TestSuiteExecutor.execute(TestSuiteExecutor.java:95)
	at com.kms.katalon.core.main.TestCaseMain.startTestSuite(TestCaseMain.java:157)
	at com.kms.katalon.core.main.TestCaseMain$startTestSuite$0.call(Unknown Source)
	at TempTestSuite1613733199540.run(TempTestSuite1613733199540.groovy:39)
Caused by: org.openqa.selenium.NoSuchWindowException: no such window: target window already closed
from unknown error: web view not found
  (Session info: chrome=86.0.4240.75)
Build info: version: '3.141.59', revision: 'e82be7d358', time: '2018-11-14T08:25:53'
System info: host: 'OMTPGCN1132568L', ip: '192.168.1.1', os.name: 'Windows 10', os.arch: 'amd64', os.version: '10.0', java.version: '1.8.0_181'
Driver info: com.kms.katalon.selenium.driver.CChromeDriver
Capabilities {acceptInsecureCerts: false, browserName: chrome, browserVersion: 86.0.4240.75, chrome: {chromedriverVersion: 86.0.4240.22 (398b0743353ff..., userDataDir: C:\Users\ashok\AppData\Loca...}, goog:chromeOptions: {debuggerAddress: localhost:51418}, javascriptEnabled: true, networkConnectionEnabled: false, pageLoadStrategy: normal, platform: WINDOWS, platformName: WINDOWS, proxy: Proxy(), setWindowRect: true, strictFileInteractability: false, timeouts: {implicit: 0, pageLoad: 300000, script: 30000}, unhandledPromptBehavior: dismiss and notify, webauthn:virtualAuthenticators: true}
Session ID: 0b77bc9f3527144f25b85f1322b41151
*** Element info: {Using=xpath, value=//app-header/nz-layout[1]/nz-content[1]/app-login[1]/div[2]/div[1]/form[1]/button[1]}
	at org.openqa.selenium.remote.http.W3CHttpResponseCodec.createException(W3CHttpResponseCodec.java:187)
	at org.openqa.selenium.remote.http.W3CHttpResponseCodec.decode(W3CHttpResponseCodec.java:122)
	at org.openqa.selenium.remote.http.W3CHttpResponseCodec.decode(W3CHttpResponseCodec.java:49)
	at org.openqa.selenium.remote.HttpCommandExecutor.execute(HttpCommandExecutor.java:158)
	at org.openqa.selenium.remote.service.DriverCommandExecutor.execute(DriverCommandExecutor.java:83)
	at org.openqa.selenium.remote.RemoteWebDriver.execute(RemoteWebDriver.java:552)
	at com.kms.katalon.selenium.driver.CChromeDriver.execute(CChromeDriver.java:19)
	at org.openqa.selenium.remote.RemoteWebDriver.findElements(RemoteWebDriver.java:353)
	at org.openqa.selenium.remote.RemoteWebDriver.findElementsByXPath(RemoteWebDriver.java:432)
	at org.openqa.selenium.By$ByXPath.findElements(By.java:348)
	at org.openqa.selenium.remote.RemoteWebDriver.findElements(RemoteWebDriver.java:311)
	at org.openqa.selenium.support.events.EventFiringWebDriver.lambda$new$1(EventFiringWebDriver.java:105)
	at com.sun.proxy.$Proxy11.findElements(Unknown Source)
	at org.openqa.selenium.support.events.EventFiringWebDriver.findElements(EventFiringWebDriver.java:182)
	at com.kms.katalon.core.webui.common.WebUiCommonHelper.findElementByNormalMethods(WebUiCommonHelper.java:1014)
	at com.kms.katalon.core.webui.common.WebUiCommonHelper.findElementsBySelectedMethod(WebUiCommonHelper.java:903)
	at com.kms.katalon.core.webui.common.WebUiCommonHelper.findElementsBySelectedMethod(WebUiCommonHelper.java:892)
	at com.kms.katalon.core.webui.common.WebUiCommonHelper.findElementsBySelectedMethod(WebUiCommonHelper.java:887)
	at com.kms.katalon.core.webui.common.WebUiCommonHelper.findElementsByDefault(WebUiCommonHelper.java:883)
	at com.kms.katalon.core.webui.common.WebUiCommonHelper.findElementsWithSelfHealing(WebUiCommonHelper.java:733)
	at com.kms.katalon.core.webui.common.WebUiCommonHelper.findWebElements(WebUiCommonHelper.java:718)
	at com.kms.katalon.core.webui.common.WebUiCommonHelper.findWebElement(WebUiCommonHelper.java:1364)
	at com.kms.katalon.core.webui.keyword.internal.WebUIAbstractKeyword.findWebElement(WebUIAbstractKeyword.groovy:27)
	at com.kms.katalon.core.webui.keyword.internal.WebUIAbstractKeyword$findWebElement.call(Unknown Source)
	at com.kms.katalon.core.webui.keyword.builtin.WaitForElementClickableKeyword$_waitForElementClickable_closure1.doCall(WaitForElementClickableKeyword.groovy:79)
	at com.kms.katalon.core.webui.keyword.builtin.WaitForElementClickableKeyword$_waitForElementClickable_closure1.doCall(WaitForElementClickableKeyword.groovy)
	at com.kms.katalon.core.webui.keyword.internal.WebUIKeywordMain.runKeyword(WebUIKeywordMain.groovy:20)
	... 23 more
"/>
         <system-out><![CDATA[2021-02-19 16:52:58 - [TEST_CASE][FAILED] - Test Cases/UploadDiffURLs_RegisterUser/TC_As register user , Trigger URL validation with invalid formats: Test Cases/UploadDiffURLs_RegisterUser/TC_As register user , Trigger URL validation with invalid formats FAILED.
Reason:
com.kms.katalon.core.exception.StepFailedException: Unable to wait for object 'Object Repository/LoginAndRigisterUser/LoginBtn' to be clickable
	at com.kms.katalon.core.webui.keyword.internal.WebUIKeywordMain.stepFailed(WebUIKeywordMain.groovy:64)
	at com.kms.katalon.core.webui.keyword.internal.WebUIKeywordMain.runKeyword(WebUIKeywordMain.groovy:26)
	at com.kms.katalon.core.webui.keyword.internal.WebUIKeywordMain$runKeyword.call(Unknown Source)
	at com.kms.katalon.core.webui.keyword.builtin.WaitForElementClickableKeyword.waitForElementClickable(WaitForElementClickableKeyword.groovy:107)
	at com.kms.katalon.core.webui.keyword.builtin.WaitForElementClickableKeyword.execute(WaitForElementClickableKeyword.groovy:68)
	at com.kms.katalon.core.keyword.internal.KeywordExecutor.executeKeywordForPlatform(KeywordExecutor.groovy:73)
	at com.kms.katalon.core.webui.keyword.WebUiBuiltInKeywords.waitForElementClickable(WebUiBuiltInKeywords.groovy:501)
	at com.kms.katalon.core.webui.keyword.WebUiBuiltInKeywords$waitForElementClickable$2.call(Unknown Source)
	at customKeywords.commanFunctions.logIntoBrowserWithReqCredentials(commanFunctions.groovy:72)
	at customKeywords.commanFunctions.invokeMethod(commanFunctions.groovy)
	at com.kms.katalon.core.main.CustomKeywordDelegatingMetaClass.invokeStaticMethod(CustomKeywordDelegatingMetaClass.java:50)
	at TC_As register user , Trigger URL validation with invalid formats.run(TC_As register user , Trigger URL validation with invalid formats:27)
	at com.kms.katalon.core.main.ScriptEngine.run(ScriptEngine.java:194)
	at com.kms.katalon.core.main.ScriptEngine.runScriptAsRawText(ScriptEngine.java:119)
	at com.kms.katalon.core.main.TestCaseExecutor.runScript(TestCaseExecutor.java:394)
	at com.kms.katalon.core.main.TestCaseExecutor.doExecute(TestCaseExecutor.java:385)
	at com.kms.katalon.core.main.TestCaseExecutor.processExecutionPhase(TestCaseExecutor.java:364)
	at com.kms.katalon.core.main.TestCaseExecutor.accessMainPhase(TestCaseExecutor.java:356)
	at com.kms.katalon.core.main.TestCaseExecutor.execute(TestCaseExecutor.java:251)
	at com.kms.katalon.core.main.TestSuiteExecutor.accessTestCaseMainPhase(TestSuiteExecutor.java:203)
	at com.kms.katalon.core.main.TestSuiteExecutor.accessTestSuiteMainPhase(TestSuiteExecutor.java:152)
	at com.kms.katalon.core.main.TestSuiteExecutor.execute(TestSuiteExecutor.java:95)
	at com.kms.katalon.core.main.TestCaseMain.startTestSuite(TestCaseMain.java:157)
	at com.kms.katalon.core.main.TestCaseMain$startTestSuite$0.call(Unknown Source)
	at TempTestSuite1613733199540.run(TempTestSuite1613733199540.groovy:39)
Caused by: org.openqa.selenium.NoSuchWindowException: no such window: target window already closed
from unknown error: web view not found
  (Session info: chrome=86.0.4240.75)
Build info: version: '3.141.59', revision: 'e82be7d358', time: '2018-11-14T08:25:53'
System info: host: 'OMTPGCN1132568L', ip: '192.168.1.1', os.name: 'Windows 10', os.arch: 'amd64', os.version: '10.0', java.version: '1.8.0_181'
Driver info: com.kms.katalon.selenium.driver.CChromeDriver
Capabilities {acceptInsecureCerts: false, browserName: chrome, browserVersion: 86.0.4240.75, chrome: {chromedriverVersion: 86.0.4240.22 (398b0743353ff..., userDataDir: C:\Users\ashok\AppData\Loca...}, goog:chromeOptions: {debuggerAddress: localhost:51418}, javascriptEnabled: true, networkConnectionEnabled: false, pageLoadStrategy: normal, platform: WINDOWS, platformName: WINDOWS, proxy: Proxy(), setWindowRect: true, strictFileInteractability: false, timeouts: {implicit: 0, pageLoad: 300000, script: 30000}, unhandledPromptBehavior: dismiss and notify, webauthn:virtualAuthenticators: true}
Session ID: 0b77bc9f3527144f25b85f1322b41151
*** Element info: {Using=xpath, value=//app-header/nz-layout[1]/nz-content[1]/app-login[1]/div[2]/div[1]/form[1]/button[1]}
	at org.openqa.selenium.remote.http.W3CHttpResponseCodec.createException(W3CHttpResponseCodec.java:187)
	at org.openqa.selenium.remote.http.W3CHttpResponseCodec.decode(W3CHttpResponseCodec.java:122)
	at org.openqa.selenium.remote.http.W3CHttpResponseCodec.decode(W3CHttpResponseCodec.java:49)
	at org.openqa.selenium.remote.HttpCommandExecutor.execute(HttpCommandExecutor.java:158)
	at org.openqa.selenium.remote.service.DriverCommandExecutor.execute(DriverCommandExecutor.java:83)
	at org.openqa.selenium.remote.RemoteWebDriver.execute(RemoteWebDriver.java:552)
	at com.kms.katalon.selenium.driver.CChromeDriver.execute(CChromeDriver.java:19)
	at org.openqa.selenium.remote.RemoteWebDriver.findElements(RemoteWebDriver.java:353)
	at org.openqa.selenium.remote.RemoteWebDriver.findElementsByXPath(RemoteWebDriver.java:432)
	at org.openqa.selenium.By$ByXPath.findElements(By.java:348)
	at org.openqa.selenium.remote.RemoteWebDriver.findElements(RemoteWebDriver.java:311)
	at org.openqa.selenium.support.events.EventFiringWebDriver.lambda$new$1(EventFiringWebDriver.java:105)
	at com.sun.proxy.$Proxy11.findElements(Unknown Source)
	at org.openqa.selenium.support.events.EventFiringWebDriver.findElements(EventFiringWebDriver.java:182)
	at com.kms.katalon.core.webui.common.WebUiCommonHelper.findElementByNormalMethods(WebUiCommonHelper.java:1014)
	at com.kms.katalon.core.webui.common.WebUiCommonHelper.findElementsBySelectedMethod(WebUiCommonHelper.java:903)
	at com.kms.katalon.core.webui.common.WebUiCommonHelper.findElementsBySelectedMethod(WebUiCommonHelper.java:892)
	at com.kms.katalon.core.webui.common.WebUiCommonHelper.findElementsBySelectedMethod(WebUiCommonHelper.java:887)
	at com.kms.katalon.core.webui.common.WebUiCommonHelper.findElementsByDefault(WebUiCommonHelper.java:883)
	at com.kms.katalon.core.webui.common.WebUiCommonHelper.findElementsWithSelfHealing(WebUiCommonHelper.java:733)
	at com.kms.katalon.core.webui.common.WebUiCommonHelper.findWebElements(WebUiCommonHelper.java:718)
	at com.kms.katalon.core.webui.common.WebUiCommonHelper.findWebElement(WebUiCommonHelper.java:1364)
	at com.kms.katalon.core.webui.keyword.internal.WebUIAbstractKeyword.findWebElement(WebUIAbstractKeyword.groovy:27)
	at com.kms.katalon.core.webui.keyword.internal.WebUIAbstractKeyword$findWebElement.call(Unknown Source)
	at com.kms.katalon.core.webui.keyword.builtin.WaitForElementClickableKeyword$_waitForElementClickable_closure1.doCall(WaitForElementClickableKeyword.groovy:79)
	at com.kms.katalon.core.webui.keyword.builtin.WaitForElementClickableKeyword$_waitForElementClickable_closure1.doCall(WaitForElementClickableKeyword.groovy)
	at com.kms.katalon.core.webui.keyword.internal.WebUIKeywordMain.runKeyword(WebUIKeywordMain.groovy:20)
	... 23 more


2021-02-19 16:52:58 - [TEST_STEP][PASSED] - excelTestData = findTestData("Data Files/TestData/InspectTestData"): null

2021-02-19 16:52:58 - [TEST_STEP][PASSED] - obj = findTestObject("LoginAndRigisterUser/LoginLink"): null

2021-02-19 16:52:59 - [TEST_STEP][PASSED] - customKeywords.commanFunctions.openBrowser(): customKeywords.commanFunctions.openBrowser is PASSED

2021-02-19 16:52:59 - [MESSAGE][INFO] - Starting 'Chrome' driver

2021-02-19 16:52:59 - [MESSAGE][INFO] - Action delay is set to 0 milliseconds

2021-02-19 16:53:08 - [MESSAGE][PASSED] - Browser is opened with url: 'https://Inspect.Stage.site.sa'

2021-02-19 16:53:10 - [MESSAGE][PASSED] - Current window maximized

2021-02-19 16:53:10 - [MESSAGE][PASSED] - Wait for page load successfully

2021-02-19 16:53:10 - [MESSAGE][PASSED] - customKeywords.commanFunctions.openBrowser is PASSED

2021-02-19 16:53:10 - [TEST_STEP][PASSED] - waitForElementClickable(findTestObject("LoginAndRigisterUser/LoginLink"), TimeOut): Object 'Object Repository/LoginAndRigisterUser/LoginLink' is clickable

2021-02-19 16:53:11 - [MESSAGE][PASSED] - Object 'Object Repository/LoginAndRigisterUser/LoginLink' is clickable

2021-02-19 16:53:11 - [TEST_STEP][PASSED] - customKeywords.commanFunctions.clickElementWithJS(obj): customKeywords.commanFunctions.clickElementWithJS is PASSED

2021-02-19 16:53:11 - [MESSAGE][INFO] - Clicked on element with JS

2021-02-19 16:53:11 - [MESSAGE][PASSED] - customKeywords.commanFunctions.clickElementWithJS is PASSED

2021-02-19 16:53:11 - [TEST_STEP][PASSED] - rigisterUN = excelTestData.getValue(2, 23): null

2021-02-19 16:53:11 - [TEST_STEP][PASSED] - rigisterPW = excelTestData.getValue(3, 23): null

2021-02-19 16:53:11 - [TEST_STEP][FAILED] - customKeywords.commanFunctions.logIntoBrowserWithReqCredentials(rigisterUN, rigisterPW): Unable to wait for object 'Object Repository/LoginAndRigisterUser/LoginBtn' to be clickable

2021-02-19 16:53:12 - [MESSAGE][PASSED] - Keys 'Os-ARahman@projects.site.sa' sent to object: 'Object Repository/LoginAndRigisterUser/UserName_Email_Input'

2021-02-19 16:53:12 - [MESSAGE][PASSED] - Keys 'Test@12345' sent to object: 'Object Repository/LoginAndRigisterUser/Password_Input'

2021-02-19 16:53:13 - [MESSAGE][PASSED] - Delayed 1 second(s)

2021-02-19 16:53:13 - [MESSAGE][WARNING] - [SELF-HEALING] Failed to find element with id 'Object Repository/LoginAndRigisterUser/LoginBtn'. Try using Self-healing.

2021-02-19 16:53:13 - [MESSAGE][ERROR] - [SELF-HEALING] java.lang.IllegalStateException: Expected BEGIN_OBJECT but was STRING at line 1 column 1 path $

2021-02-19 16:53:13 - [MESSAGE][WARNING] - [SELF-HEALING] Cannot find elements when the XPath is null.

2021-02-19 16:53:13 - [MESSAGE][WARNING] - [SELF-HEALING] Cannot find elements when the selector is null

2021-02-19 16:53:13 - [MESSAGE][WARNING] - Cannot take screenshot

2021-02-19 16:53:13 - [MESSAGE][FAILED] - Unable to wait for object 'Object Repository/LoginAndRigisterUser/LoginBtn' to be clickable (Root cause: com.kms.katalon.core.exception.StepFailedException: Unable to wait for object 'Object Repository/LoginAndRigisterUser/LoginBtn' to be clickable
	at com.kms.katalon.core.webui.keyword.internal.WebUIKeywordMain.stepFailed(WebUIKeywordMain.groovy:64)
	at com.kms.katalon.core.webui.keyword.internal.WebUIKeywordMain.runKeyword(WebUIKeywordMain.groovy:26)
	at com.kms.katalon.core.webui.keyword.internal.WebUIKeywordMain$runKeyword.call(Unknown Source)
	at com.kms.katalon.core.webui.keyword.builtin.WaitForElementClickableKeyword.waitForElementClickable(WaitForElementClickableKeyword.groovy:107)
	at com.kms.katalon.core.webui.keyword.builtin.WaitForElementClickableKeyword.execute(WaitForElementClickableKeyword.groovy:68)
	at com.kms.katalon.core.keyword.internal.KeywordExecutor.executeKeywordForPlatform(KeywordExecutor.groovy:73)
	at com.kms.katalon.core.webui.keyword.WebUiBuiltInKeywords.waitForElementClickable(WebUiBuiltInKeywords.groovy:501)
	at com.kms.katalon.core.webui.keyword.WebUiBuiltInKeywords$waitForElementClickable$2.call(Unknown Source)
	at customKeywords.commanFunctions.logIntoBrowserWithReqCredentials(commanFunctions.groovy:72)
	at customKeywords.commanFunctions.invokeMethod(commanFunctions.groovy)
	at com.kms.katalon.core.main.CustomKeywordDelegatingMetaClass.invokeStaticMethod(CustomKeywordDelegatingMetaClass.java:50)
	at TC_As register user , Trigger URL validation with invalid formats.run(TC_As register user , Trigger URL validation with invalid formats:27)
	at com.kms.katalon.core.main.ScriptEngine.run(ScriptEngine.java:194)
	at com.kms.katalon.core.main.ScriptEngine.runScriptAsRawText(ScriptEngine.java:119)
	at com.kms.katalon.core.main.TestCaseExecutor.runScript(TestCaseExecutor.java:394)
	at com.kms.katalon.core.main.TestCaseExecutor.doExecute(TestCaseExecutor.java:385)
	at com.kms.katalon.core.main.TestCaseExecutor.processExecutionPhase(TestCaseExecutor.java:364)
	at com.kms.katalon.core.main.TestCaseExecutor.accessMainPhase(TestCaseExecutor.java:356)
	at com.kms.katalon.core.main.TestCaseExecutor.execute(TestCaseExecutor.java:251)
	at com.kms.katalon.core.main.TestSuiteExecutor.accessTestCaseMainPhase(TestSuiteExecutor.java:203)
	at com.kms.katalon.core.main.TestSuiteExecutor.accessTestSuiteMainPhase(TestSuiteExecutor.java:152)
	at com.kms.katalon.core.main.TestSuiteExecutor.execute(TestSuiteExecutor.java:95)
	at com.kms.katalon.core.main.TestCaseMain.startTestSuite(TestCaseMain.java:157)
	at com.kms.katalon.core.main.TestCaseMain$startTestSuite$0.call(Unknown Source)
	at TempTestSuite1613733199540.run(TempTestSuite1613733199540.groovy:39)
Caused by: org.openqa.selenium.NoSuchWindowException: no such window: target window already closed
from unknown error: web view not found
  (Session info: chrome=86.0.4240.75)
Build info: version: '3.141.59', revision: 'e82be7d358', time: '2018-11-14T08:25:53'
System info: host: 'OMTPGCN1132568L', ip: '192.168.1.1', os.name: 'Windows 10', os.arch: 'amd64', os.version: '10.0', java.version: '1.8.0_181'
Driver info: com.kms.katalon.selenium.driver.CChromeDriver
Capabilities {acceptInsecureCerts: false, browserName: chrome, browserVersion: 86.0.4240.75, chrome: {chromedriverVersion: 86.0.4240.22 (398b0743353ff..., userDataDir: C:\Users\ashok\AppData\Loca...}, goog:chromeOptions: {debuggerAddress: localhost:51418}, javascriptEnabled: true, networkConnectionEnabled: false, pageLoadStrategy: normal, platform: WINDOWS, platformName: WINDOWS, proxy: Proxy(), setWindowRect: true, strictFileInteractability: false, timeouts: {implicit: 0, pageLoad: 300000, script: 30000}, unhandledPromptBehavior: dismiss and notify, webauthn:virtualAuthenticators: true}
Session ID: 0b77bc9f3527144f25b85f1322b41151
*** Element info: {Using=xpath, value=//app-header/nz-layout[1]/nz-content[1]/app-login[1]/div[2]/div[1]/form[1]/button[1]}
	at org.openqa.selenium.remote.http.W3CHttpResponseCodec.createException(W3CHttpResponseCodec.java:187)
	at org.openqa.selenium.remote.http.W3CHttpResponseCodec.decode(W3CHttpResponseCodec.java:122)
	at org.openqa.selenium.remote.http.W3CHttpResponseCodec.decode(W3CHttpResponseCodec.java:49)
	at org.openqa.selenium.remote.HttpCommandExecutor.execute(HttpCommandExecutor.java:158)
	at org.openqa.selenium.remote.service.DriverCommandExecutor.execute(DriverCommandExecutor.java:83)
	at org.openqa.selenium.remote.RemoteWebDriver.execute(RemoteWebDriver.java:552)
	at com.kms.katalon.selenium.driver.CChromeDriver.execute(CChromeDriver.java:19)
	at org.openqa.selenium.remote.RemoteWebDriver.findElements(RemoteWebDriver.java:353)
	at org.openqa.selenium.remote.RemoteWebDriver.findElementsByXPath(RemoteWebDriver.java:432)
	at org.openqa.selenium.By$ByXPath.findElements(By.java:348)
	at org.openqa.selenium.remote.RemoteWebDriver.findElements(RemoteWebDriver.java:311)
	at org.openqa.selenium.support.events.EventFiringWebDriver.lambda$new$1(EventFiringWebDriver.java:105)
	at com.sun.proxy.$Proxy11.findElements(Unknown Source)
	at org.openqa.selenium.support.events.EventFiringWebDriver.findElements(EventFiringWebDriver.java:182)
	at com.kms.katalon.core.webui.common.WebUiCommonHelper.findElementByNormalMethods(WebUiCommonHelper.java:1014)
	at com.kms.katalon.core.webui.common.WebUiCommonHelper.findElementsBySelectedMethod(WebUiCommonHelper.java:903)
	at com.kms.katalon.core.webui.common.WebUiCommonHelper.findElementsBySelectedMethod(WebUiCommonHelper.java:892)
	at com.kms.katalon.core.webui.common.WebUiCommonHelper.findElementsBySelectedMethod(WebUiCommonHelper.java:887)
	at com.kms.katalon.core.webui.common.WebUiCommonHelper.findElementsByDefault(WebUiCommonHelper.java:883)
	at com.kms.katalon.core.webui.common.WebUiCommonHelper.findElementsWithSelfHealing(WebUiCommonHelper.java:733)
	at com.kms.katalon.core.webui.common.WebUiCommonHelper.findWebElements(WebUiCommonHelper.java:718)
	at com.kms.katalon.core.webui.common.WebUiCommonHelper.findWebElement(WebUiCommonHelper.java:1364)
	at com.kms.katalon.core.webui.keyword.internal.WebUIAbstractKeyword.findWebElement(WebUIAbstractKeyword.groovy:27)
	at com.kms.katalon.core.webui.keyword.internal.WebUIAbstractKeyword$findWebElement.call(Unknown Source)
	at com.kms.katalon.core.webui.keyword.builtin.WaitForElementClickableKeyword$_waitForElementClickable_closure1.doCall(WaitForElementClickableKeyword.groovy:79)
	at com.kms.katalon.core.webui.keyword.builtin.WaitForElementClickableKeyword$_waitForElementClickable_closure1.doCall(WaitForElementClickableKeyword.groovy)
	at com.kms.katalon.core.webui.keyword.internal.WebUIKeywordMain.runKeyword(WebUIKeywordMain.groovy:20)
	at com.kms.katalon.core.webui.keyword.internal.WebUIKeywordMain$runKeyword.call(Unknown Source)
	at com.kms.katalon.core.webui.keyword.builtin.WaitForElementClickableKeyword.waitForElementClickable(WaitForElementClickableKeyword.groovy:107)
	at com.kms.katalon.core.webui.keyword.builtin.WaitForElementClickableKeyword.execute(WaitForElementClickableKeyword.groovy:68)
	at com.kms.katalon.core.keyword.internal.KeywordExecutor.executeKeywordForPlatform(KeywordExecutor.groovy:73)
	at com.kms.katalon.core.webui.keyword.WebUiBuiltInKeywords.waitForElementClickable(WebUiBuiltInKeywords.groovy:501)
	at com.kms.katalon.core.webui.keyword.WebUiBuiltInKeywords$waitForElementClickable$2.call(Unknown Source)
	at customKeywords.commanFunctions.logIntoBrowserWithReqCredentials(commanFunctions.groovy:72)
	at customKeywords.commanFunctions.invokeMethod(commanFunctions.groovy)
	at com.kms.katalon.core.main.CustomKeywordDelegatingMetaClass.invokeStaticMethod(CustomKeywordDelegatingMetaClass.java:50)
	at Script1613400109308.run(Script1613400109308.groovy:27)
	... 13 more
)

2021-02-19 16:53:13 - [MESSAGE][FAILED] - Unable to wait for object 'Object Repository/LoginAndRigisterUser/LoginBtn' to be clickable

2021-02-19 16:53:13 - [TEST_STEP][PASSED] - Start tear down : tearDownMethodIfFailed: Method 'tearDownMethodIfFailed' complete successfully

2021-02-19 16:53:13 - [TEST_STEP][PASSED] - customKeywords.commanFunctions.onlyCloseBrowser(): customKeywords.commanFunctions.onlyCloseBrowser is PASSED

2021-02-19 16:53:14 - [MESSAGE][PASSED] - Browser is closed

2021-02-19 16:53:14 - [MESSAGE][PASSED] - customKeywords.commanFunctions.onlyCloseBrowser is PASSED

2021-02-19 16:53:14 - [TEST_STEP][PASSED] - logInfo("[--------This is tearDownIfFailed method------]"): [--------This is tearDownIfFailed method------]

2021-02-19 16:53:14 - [MESSAGE][INFO] - [--------This is tearDownIfFailed method------]

2021-02-19 16:53:14 - [MESSAGE][PASSED] - Method 'tearDownMethodIfFailed' complete successfully]]></system-out>
         <system-err><![CDATA[2021-02-19 16:52:58 - [TEST_CASE][FAILED] - Test Cases/UploadDiffURLs_RegisterUser/TC_As register user , Trigger URL validation with invalid formats: Test Cases/UploadDiffURLs_RegisterUser/TC_As register user , Trigger URL validation with invalid formats FAILED.
Reason:
com.kms.katalon.core.exception.StepFailedException: Unable to wait for object 'Object Repository/LoginAndRigisterUser/LoginBtn' to be clickable
	at com.kms.katalon.core.webui.keyword.internal.WebUIKeywordMain.stepFailed(WebUIKeywordMain.groovy:64)
	at com.kms.katalon.core.webui.keyword.internal.WebUIKeywordMain.runKeyword(WebUIKeywordMain.groovy:26)
	at com.kms.katalon.core.webui.keyword.internal.WebUIKeywordMain$runKeyword.call(Unknown Source)
	at com.kms.katalon.core.webui.keyword.builtin.WaitForElementClickableKeyword.waitForElementClickable(WaitForElementClickableKeyword.groovy:107)
	at com.kms.katalon.core.webui.keyword.builtin.WaitForElementClickableKeyword.execute(WaitForElementClickableKeyword.groovy:68)
	at com.kms.katalon.core.keyword.internal.KeywordExecutor.executeKeywordForPlatform(KeywordExecutor.groovy:73)
	at com.kms.katalon.core.webui.keyword.WebUiBuiltInKeywords.waitForElementClickable(WebUiBuiltInKeywords.groovy:501)
	at com.kms.katalon.core.webui.keyword.WebUiBuiltInKeywords$waitForElementClickable$2.call(Unknown Source)
	at customKeywords.commanFunctions.logIntoBrowserWithReqCredentials(commanFunctions.groovy:72)
	at customKeywords.commanFunctions.invokeMethod(commanFunctions.groovy)
	at com.kms.katalon.core.main.CustomKeywordDelegatingMetaClass.invokeStaticMethod(CustomKeywordDelegatingMetaClass.java:50)
	at TC_As register user , Trigger URL validation with invalid formats.run(TC_As register user , Trigger URL validation with invalid formats:27)
	at com.kms.katalon.core.main.ScriptEngine.run(ScriptEngine.java:194)
	at com.kms.katalon.core.main.ScriptEngine.runScriptAsRawText(ScriptEngine.java:119)
	at com.kms.katalon.core.main.TestCaseExecutor.runScript(TestCaseExecutor.java:394)
	at com.kms.katalon.core.main.TestCaseExecutor.doExecute(TestCaseExecutor.java:385)
	at com.kms.katalon.core.main.TestCaseExecutor.processExecutionPhase(TestCaseExecutor.java:364)
	at com.kms.katalon.core.main.TestCaseExecutor.accessMainPhase(TestCaseExecutor.java:356)
	at com.kms.katalon.core.main.TestCaseExecutor.execute(TestCaseExecutor.java:251)
	at com.kms.katalon.core.main.TestSuiteExecutor.accessTestCaseMainPhase(TestSuiteExecutor.java:203)
	at com.kms.katalon.core.main.TestSuiteExecutor.accessTestSuiteMainPhase(TestSuiteExecutor.java:152)
	at com.kms.katalon.core.main.TestSuiteExecutor.execute(TestSuiteExecutor.java:95)
	at com.kms.katalon.core.main.TestCaseMain.startTestSuite(TestCaseMain.java:157)
	at com.kms.katalon.core.main.TestCaseMain$startTestSuite$0.call(Unknown Source)
	at TempTestSuite1613733199540.run(TempTestSuite1613733199540.groovy:39)
Caused by: org.openqa.selenium.NoSuchWindowException: no such window: target window already closed
from unknown error: web view not found
  (Session info: chrome=86.0.4240.75)
Build info: version: '3.141.59', revision: 'e82be7d358', time: '2018-11-14T08:25:53'
System info: host: 'OMTPGCN1132568L', ip: '192.168.1.1', os.name: 'Windows 10', os.arch: 'amd64', os.version: '10.0', java.version: '1.8.0_181'
Driver info: com.kms.katalon.selenium.driver.CChromeDriver
Capabilities {acceptInsecureCerts: false, browserName: chrome, browserVersion: 86.0.4240.75, chrome: {chromedriverVersion: 86.0.4240.22 (398b0743353ff..., userDataDir: C:\Users\ashok\AppData\Loca...}, goog:chromeOptions: {debuggerAddress: localhost:51418}, javascriptEnabled: true, networkConnectionEnabled: false, pageLoadStrategy: normal, platform: WINDOWS, platformName: WINDOWS, proxy: Proxy(), setWindowRect: true, strictFileInteractability: false, timeouts: {implicit: 0, pageLoad: 300000, script: 30000}, unhandledPromptBehavior: dismiss and notify, webauthn:virtualAuthenticators: true}
Session ID: 0b77bc9f3527144f25b85f1322b41151
*** Element info: {Using=xpath, value=//app-header/nz-layout[1]/nz-content[1]/app-login[1]/div[2]/div[1]/form[1]/button[1]}
	at org.openqa.selenium.remote.http.W3CHttpResponseCodec.createException(W3CHttpResponseCodec.java:187)
	at org.openqa.selenium.remote.http.W3CHttpResponseCodec.decode(W3CHttpResponseCodec.java:122)
	at org.openqa.selenium.remote.http.W3CHttpResponseCodec.decode(W3CHttpResponseCodec.java:49)
	at org.openqa.selenium.remote.HttpCommandExecutor.execute(HttpCommandExecutor.java:158)
	at org.openqa.selenium.remote.service.DriverCommandExecutor.execute(DriverCommandExecutor.java:83)
	at org.openqa.selenium.remote.RemoteWebDriver.execute(RemoteWebDriver.java:552)
	at com.kms.katalon.selenium.driver.CChromeDriver.execute(CChromeDriver.java:19)
	at org.openqa.selenium.remote.RemoteWebDriver.findElements(RemoteWebDriver.java:353)
	at org.openqa.selenium.remote.RemoteWebDriver.findElementsByXPath(RemoteWebDriver.java:432)
	at org.openqa.selenium.By$ByXPath.findElements(By.java:348)
	at org.openqa.selenium.remote.RemoteWebDriver.findElements(RemoteWebDriver.java:311)
	at org.openqa.selenium.support.events.EventFiringWebDriver.lambda$new$1(EventFiringWebDriver.java:105)
	at com.sun.proxy.$Proxy11.findElements(Unknown Source)
	at org.openqa.selenium.support.events.EventFiringWebDriver.findElements(EventFiringWebDriver.java:182)
	at com.kms.katalon.core.webui.common.WebUiCommonHelper.findElementByNormalMethods(WebUiCommonHelper.java:1014)
	at com.kms.katalon.core.webui.common.WebUiCommonHelper.findElementsBySelectedMethod(WebUiCommonHelper.java:903)
	at com.kms.katalon.core.webui.common.WebUiCommonHelper.findElementsBySelectedMethod(WebUiCommonHelper.java:892)
	at com.kms.katalon.core.webui.common.WebUiCommonHelper.findElementsBySelectedMethod(WebUiCommonHelper.java:887)
	at com.kms.katalon.core.webui.common.WebUiCommonHelper.findElementsByDefault(WebUiCommonHelper.java:883)
	at com.kms.katalon.core.webui.common.WebUiCommonHelper.findElementsWithSelfHealing(WebUiCommonHelper.java:733)
	at com.kms.katalon.core.webui.common.WebUiCommonHelper.findWebElements(WebUiCommonHelper.java:718)
	at com.kms.katalon.core.webui.common.WebUiCommonHelper.findWebElement(WebUiCommonHelper.java:1364)
	at com.kms.katalon.core.webui.keyword.internal.WebUIAbstractKeyword.findWebElement(WebUIAbstractKeyword.groovy:27)
	at com.kms.katalon.core.webui.keyword.internal.WebUIAbstractKeyword$findWebElement.call(Unknown Source)
	at com.kms.katalon.core.webui.keyword.builtin.WaitForElementClickableKeyword$_waitForElementClickable_closure1.doCall(WaitForElementClickableKeyword.groovy:79)
	at com.kms.katalon.core.webui.keyword.builtin.WaitForElementClickableKeyword$_waitForElementClickable_closure1.doCall(WaitForElementClickableKeyword.groovy)
	at com.kms.katalon.core.webui.keyword.internal.WebUIKeywordMain.runKeyword(WebUIKeywordMain.groovy:20)
	... 23 more]]></system-err>
      </testcase>
      <system-out><![CDATA[2021-02-19 16:43:32 - [TEST_SUITE][FAILED] - RegisterUser_Regression: Test Cases/UploadDiffFiles_RegisterUser/TC_As a register user, Upload Adobe PhotoShop File and verify Uploded file in Submission Page FAILED.
Reason:
com.kms.katalon.core.exception.StepFailedException: Unable to send keys '0' to object 'Object Repository/LoginAndRigisterUser/otpTwo'
	at com.kms.katalon.core.webui.keyword.internal.WebUIKeywordMain.stepFailed(WebUIKeywordMain.groovy:64)
	at com.kms.katalon.core.webui.keyword.internal.WebUIKeywordMain.runKeyword(WebUIKeywordMain.groovy:26)
	at com.kms.katalon.core.webui.keyword.builtin.SendKeysKeyword.sendKeys(SendKeysKeyword.groovy:60)
	at com.kms.katalon.core.webui.keyword.builtin.SendKeysKeyword.execute(SendKeysKeyword.groovy:38)
	at com.kms.katalon.core.keyword.internal.KeywordExecutor.executeKeywordForPlatform(KeywordExecutor.groovy:73)
	at com.kms.katalon.core.webui.keyword.WebUiBuiltInKeywords.sendKeys(WebUiBuiltInKeywords.groovy:861)
	at com.kms.katalon.core.webui.keyword.WebUiBuiltInKeywords$sendKeys$4.call(Unknown Source)
	at customKeywords.commanFunctions.otpLogin(commanFunctions.groovy:83)
	at customKeywords.commanFunctions.uploadFileOfRegisterUser(commanFunctions.groovy:755)
	at customKeywords.commanFunctions.invokeMethod(commanFunctions.groovy)
	at com.kms.katalon.core.main.CustomKeywordDelegatingMetaClass.invokeStaticMethod(CustomKeywordDelegatingMetaClass.java:50)
	at TC_As a register user, Upload Adobe PhotoShop File and verify Uploded file in Submission Page.run(TC_As a register user, Upload Adobe PhotoShop File and verify Uploded file in Submission Page:16)
	at com.kms.katalon.core.main.ScriptEngine.run(ScriptEngine.java:194)
	at com.kms.katalon.core.main.ScriptEngine.runScriptAsRawText(ScriptEngine.java:119)
	at com.kms.katalon.core.main.TestCaseExecutor.runScript(TestCaseExecutor.java:394)
	at com.kms.katalon.core.main.TestCaseExecutor.doExecute(TestCaseExecutor.java:385)
	at com.kms.katalon.core.main.TestCaseExecutor.processExecutionPhase(TestCaseExecutor.java:364)
	at com.kms.katalon.core.main.TestCaseExecutor.accessMainPhase(TestCaseExecutor.java:356)
	at com.kms.katalon.core.main.TestCaseExecutor.execute(TestCaseExecutor.java:251)
	at com.kms.katalon.core.main.TestSuiteExecutor.accessTestCaseMainPhase(TestSuiteExecutor.java:203)
	at com.kms.katalon.core.main.TestSuiteExecutor.accessTestSuiteMainPhase(TestSuiteExecutor.java:152)
	at com.kms.katalon.core.main.TestSuiteExecutor.execute(TestSuiteExecutor.java:95)
	at com.kms.katalon.core.main.TestCaseMain.startTestSuite(TestCaseMain.java:157)
	at com.kms.katalon.core.main.TestCaseMain$startTestSuite$0.call(Unknown Source)
	at TempTestSuite1613733199540.run(TempTestSuite1613733199540.groovy:39)
Caused by: org.openqa.selenium.WebDriverException: chrome not reachable
  (Session info: chrome=86.0.4240.75)
Build info: version: '3.141.59', revision: 'e82be7d358', time: '2018-11-14T08:25:53'
System info: host: 'OMTPGCN1132568L', ip: '192.168.1.1', os.name: 'Windows 10', os.arch: 'amd64', os.version: '10.0', java.version: '1.8.0_181'
Driver info: com.kms.katalon.selenium.driver.CChromeDriver
Capabilities {acceptInsecureCerts: false, browserName: chrome, browserVersion: 86.0.4240.75, chrome: {chromedriverVersion: 86.0.4240.22 (398b0743353ff..., userDataDir: C:\Users\ashok\AppData\Loca...}, goog:chromeOptions: {debuggerAddress: localhost:50604}, javascriptEnabled: true, networkConnectionEnabled: false, pageLoadStrategy: normal, platform: WINDOWS, platformName: WINDOWS, proxy: Proxy(), setWindowRect: true, strictFileInteractability: false, timeouts: {implicit: 0, pageLoad: 300000, script: 30000}, unhandledPromptBehavior: dismiss and notify, webauthn:virtualAuthenticators: true}
Session ID: c9b590d537a02cd133b1ae1555c423ff
*** Element info: {Using=xpath, value=//*[@id='otp_2']}
	at org.openqa.selenium.remote.http.W3CHttpResponseCodec.createException(W3CHttpResponseCodec.java:187)
	at org.openqa.selenium.remote.http.W3CHttpResponseCodec.decode(W3CHttpResponseCodec.java:122)
	at org.openqa.selenium.remote.http.W3CHttpResponseCodec.decode(W3CHttpResponseCodec.java:49)
	at org.openqa.selenium.remote.HttpCommandExecutor.execute(HttpCommandExecutor.java:158)
	at org.openqa.selenium.remote.service.DriverCommandExecutor.execute(DriverCommandExecutor.java:83)
	at org.openqa.selenium.remote.RemoteWebDriver.execute(RemoteWebDriver.java:552)
	at com.kms.katalon.selenium.driver.CChromeDriver.execute(CChromeDriver.java:19)
	at org.openqa.selenium.remote.RemoteWebDriver.findElements(RemoteWebDriver.java:353)
	at org.openqa.selenium.remote.RemoteWebDriver.findElementsByXPath(RemoteWebDriver.java:432)
	at org.openqa.selenium.By$ByXPath.findElements(By.java:348)
	at org.openqa.selenium.remote.RemoteWebDriver.findElements(RemoteWebDriver.java:311)
	at org.openqa.selenium.support.events.EventFiringWebDriver.lambda$new$1(EventFiringWebDriver.java:105)
	at com.sun.proxy.$Proxy11.findElements(Unknown Source)
	at org.openqa.selenium.support.events.EventFiringWebDriver.findElements(EventFiringWebDriver.java:182)
	at com.kms.katalon.core.webui.common.WebUiCommonHelper.findElementByNormalMethods(WebUiCommonHelper.java:1014)
	at com.kms.katalon.core.webui.common.WebUiCommonHelper.findElementsBySelectedMethod(WebUiCommonHelper.java:903)
	at com.kms.katalon.core.webui.common.WebUiCommonHelper.findElementsBySelectedMethod(WebUiCommonHelper.java:892)
	at com.kms.katalon.core.webui.common.WebUiCommonHelper.findElementsBySelectedMethod(WebUiCommonHelper.java:887)
	at com.kms.katalon.core.webui.common.WebUiCommonHelper.findElementsByDefault(WebUiCommonHelper.java:883)
	at com.kms.katalon.core.webui.common.WebUiCommonHelper.findElementsWithSelfHealing(WebUiCommonHelper.java:733)
	at com.kms.katalon.core.webui.common.WebUiCommonHelper.findWebElements(WebUiCommonHelper.java:718)
	at com.kms.katalon.core.webui.common.WebUiCommonHelper.findWebElement(WebUiCommonHelper.java:1364)
	at com.kms.katalon.core.webui.keyword.internal.WebUIAbstractKeyword.findWebElement(WebUIAbstractKeyword.groovy:27)
	at com.kms.katalon.core.webui.keyword.internal.WebUIAbstractKeyword.findWebElement(WebUIAbstractKeyword.groovy:26)
	at com.kms.katalon.core.webui.keyword.builtin.SendKeysKeyword$_sendKeys_closure1.doCall(SendKeysKeyword.groovy:52)
	at com.kms.katalon.core.webui.keyword.builtin.SendKeysKeyword$_sendKeys_closure1.call(SendKeysKeyword.groovy)
	at com.kms.katalon.core.webui.keyword.internal.WebUIKeywordMain.runKeyword(WebUIKeywordMain.groovy:20)
	... 23 more]]></system-out>
      <system-err><![CDATA[2021-02-19 16:43:32 - [TEST_SUITE][FAILED] - RegisterUser_Regression: Test Cases/UploadDiffFiles_RegisterUser/TC_As a register user, Upload Adobe PhotoShop File and verify Uploded file in Submission Page FAILED.
Reason:
com.kms.katalon.core.exception.StepFailedException: Unable to send keys '0' to object 'Object Repository/LoginAndRigisterUser/otpTwo'
	at com.kms.katalon.core.webui.keyword.internal.WebUIKeywordMain.stepFailed(WebUIKeywordMain.groovy:64)
	at com.kms.katalon.core.webui.keyword.internal.WebUIKeywordMain.runKeyword(WebUIKeywordMain.groovy:26)
	at com.kms.katalon.core.webui.keyword.builtin.SendKeysKeyword.sendKeys(SendKeysKeyword.groovy:60)
	at com.kms.katalon.core.webui.keyword.builtin.SendKeysKeyword.execute(SendKeysKeyword.groovy:38)
	at com.kms.katalon.core.keyword.internal.KeywordExecutor.executeKeywordForPlatform(KeywordExecutor.groovy:73)
	at com.kms.katalon.core.webui.keyword.WebUiBuiltInKeywords.sendKeys(WebUiBuiltInKeywords.groovy:861)
	at com.kms.katalon.core.webui.keyword.WebUiBuiltInKeywords$sendKeys$4.call(Unknown Source)
	at customKeywords.commanFunctions.otpLogin(commanFunctions.groovy:83)
	at customKeywords.commanFunctions.uploadFileOfRegisterUser(commanFunctions.groovy:755)
	at customKeywords.commanFunctions.invokeMethod(commanFunctions.groovy)
	at com.kms.katalon.core.main.CustomKeywordDelegatingMetaClass.invokeStaticMethod(CustomKeywordDelegatingMetaClass.java:50)
	at TC_As a register user, Upload Adobe PhotoShop File and verify Uploded file in Submission Page.run(TC_As a register user, Upload Adobe PhotoShop File and verify Uploded file in Submission Page:16)
	at com.kms.katalon.core.main.ScriptEngine.run(ScriptEngine.java:194)
	at com.kms.katalon.core.main.ScriptEngine.runScriptAsRawText(ScriptEngine.java:119)
	at com.kms.katalon.core.main.TestCaseExecutor.runScript(TestCaseExecutor.java:394)
	at com.kms.katalon.core.main.TestCaseExecutor.doExecute(TestCaseExecutor.java:385)
	at com.kms.katalon.core.main.TestCaseExecutor.processExecutionPhase(TestCaseExecutor.java:364)
	at com.kms.katalon.core.main.TestCaseExecutor.accessMainPhase(TestCaseExecutor.java:356)
	at com.kms.katalon.core.main.TestCaseExecutor.execute(TestCaseExecutor.java:251)
	at com.kms.katalon.core.main.TestSuiteExecutor.accessTestCaseMainPhase(TestSuiteExecutor.java:203)
	at com.kms.katalon.core.main.TestSuiteExecutor.accessTestSuiteMainPhase(TestSuiteExecutor.java:152)
	at com.kms.katalon.core.main.TestSuiteExecutor.execute(TestSuiteExecutor.java:95)
	at com.kms.katalon.core.main.TestCaseMain.startTestSuite(TestCaseMain.java:157)
	at com.kms.katalon.core.main.TestCaseMain$startTestSuite$0.call(Unknown Source)
	at TempTestSuite1613733199540.run(TempTestSuite1613733199540.groovy:39)
Caused by: org.openqa.selenium.WebDriverException: chrome not reachable
  (Session info: chrome=86.0.4240.75)
Build info: version: '3.141.59', revision: 'e82be7d358', time: '2018-11-14T08:25:53'
System info: host: 'OMTPGCN1132568L', ip: '192.168.1.1', os.name: 'Windows 10', os.arch: 'amd64', os.version: '10.0', java.version: '1.8.0_181'
Driver info: com.kms.katalon.selenium.driver.CChromeDriver
Capabilities {acceptInsecureCerts: false, browserName: chrome, browserVersion: 86.0.4240.75, chrome: {chromedriverVersion: 86.0.4240.22 (398b0743353ff..., userDataDir: C:\Users\ashok\AppData\Loca...}, goog:chromeOptions: {debuggerAddress: localhost:50604}, javascriptEnabled: true, networkConnectionEnabled: false, pageLoadStrategy: normal, platform: WINDOWS, platformName: WINDOWS, proxy: Proxy(), setWindowRect: true, strictFileInteractability: false, timeouts: {implicit: 0, pageLoad: 300000, script: 30000}, unhandledPromptBehavior: dismiss and notify, webauthn:virtualAuthenticators: true}
Session ID: c9b590d537a02cd133b1ae1555c423ff
*** Element info: {Using=xpath, value=//*[@id='otp_2']}
	at org.openqa.selenium.remote.http.W3CHttpResponseCodec.createException(W3CHttpResponseCodec.java:187)
	at org.openqa.selenium.remote.http.W3CHttpResponseCodec.decode(W3CHttpResponseCodec.java:122)
	at org.openqa.selenium.remote.http.W3CHttpResponseCodec.decode(W3CHttpResponseCodec.java:49)
	at org.openqa.selenium.remote.HttpCommandExecutor.execute(HttpCommandExecutor.java:158)
	at org.openqa.selenium.remote.service.DriverCommandExecutor.execute(DriverCommandExecutor.java:83)
	at org.openqa.selenium.remote.RemoteWebDriver.execute(RemoteWebDriver.java:552)
	at com.kms.katalon.selenium.driver.CChromeDriver.execute(CChromeDriver.java:19)
	at org.openqa.selenium.remote.RemoteWebDriver.findElements(RemoteWebDriver.java:353)
	at org.openqa.selenium.remote.RemoteWebDriver.findElementsByXPath(RemoteWebDriver.java:432)
	at org.openqa.selenium.By$ByXPath.findElements(By.java:348)
	at org.openqa.selenium.remote.RemoteWebDriver.findElements(RemoteWebDriver.java:311)
	at org.openqa.selenium.support.events.EventFiringWebDriver.lambda$new$1(EventFiringWebDriver.java:105)
	at com.sun.proxy.$Proxy11.findElements(Unknown Source)
	at org.openqa.selenium.support.events.EventFiringWebDriver.findElements(EventFiringWebDriver.java:182)
	at com.kms.katalon.core.webui.common.WebUiCommonHelper.findElementByNormalMethods(WebUiCommonHelper.java:1014)
	at com.kms.katalon.core.webui.common.WebUiCommonHelper.findElementsBySelectedMethod(WebUiCommonHelper.java:903)
	at com.kms.katalon.core.webui.common.WebUiCommonHelper.findElementsBySelectedMethod(WebUiCommonHelper.java:892)
	at com.kms.katalon.core.webui.common.WebUiCommonHelper.findElementsBySelectedMethod(WebUiCommonHelper.java:887)
	at com.kms.katalon.core.webui.common.WebUiCommonHelper.findElementsByDefault(WebUiCommonHelper.java:883)
	at com.kms.katalon.core.webui.common.WebUiCommonHelper.findElementsWithSelfHealing(WebUiCommonHelper.java:733)
	at com.kms.katalon.core.webui.common.WebUiCommonHelper.findWebElements(WebUiCommonHelper.java:718)
	at com.kms.katalon.core.webui.common.WebUiCommonHelper.findWebElement(WebUiCommonHelper.java:1364)
	at com.kms.katalon.core.webui.keyword.internal.WebUIAbstractKeyword.findWebElement(WebUIAbstractKeyword.groovy:27)
	at com.kms.katalon.core.webui.keyword.internal.WebUIAbstractKeyword.findWebElement(WebUIAbstractKeyword.groovy:26)
	at com.kms.katalon.core.webui.keyword.builtin.SendKeysKeyword$_sendKeys_closure1.doCall(SendKeysKeyword.groovy:52)
	at com.kms.katalon.core.webui.keyword.builtin.SendKeysKeyword$_sendKeys_closure1.call(SendKeysKeyword.groovy)
	at com.kms.katalon.core.webui.keyword.internal.WebUIKeywordMain.runKeyword(WebUIKeywordMain.groovy:20)
	... 23 more]]></system-err>
   </testsuite>
   <testsuite name="PublicUser_URL" tests="4" failures="1" errors="0" time="67.953" skips="0" timestamp="2021-02-19 16:53:28" hostname="ashok - OMTPGCN1132568L" id="Test Suites/Regression_Suite/PublicUser_Suite/PublicUser_URL">
      <properties>
         <property name="deviceName" value=""/>
         <property name="devicePlatform" value=""/>
         <property name="logFolder" value="E:\\Inspect\\15022021\\SiteInspectAutomation\\Reports\\20210219_164318\\Regression_Suite\\PublicUser_Suite\\PublicUser_URL\\20210219_164321"/>
         <property name="logFiles" value="E:\\Inspect\\15022021\\SiteInspectAutomation\\Reports\\20210219_164318\\Regression_Suite\\PublicUser_Suite\\PublicUser_URL\\20210219_164321\\execution0.log"/>
         <property name="attachments" value="E:\\Inspect\\15022021\\SiteInspectAutomation\\Reports\\20210219_164318\\Regression_Suite\\PublicUser_Suite\\PublicUser_URL\\20210219_164321\\1613733875179.png"/>
         <property name="hostName" value="ashok - OMTPGCN1132568L"/>
         <property name="os" value="Windows 10 64bit"/>
         <property name="katalonVersion" value="7.8.2.208"/>
         <property name="browser" value="Firefox 85.0"/>
         <property name="hostAddress" value="192.168.1.1"/>
         <property name="sessionId" value="ef2de4de-1660-4854-8cb1-3ad2a096771e"/>
         <property name="seleniumVersion" value="3.141.59"/>
         <property name="proxyInformation" value="ProxyInformation { proxyOption=NO_PROXY, proxyServerType=HTTP, username=, password=********, proxyServerAddress=, proxyServerPort=0, executionList=&quot;&quot;, isApplyToDesiredCapabilities=true }"/>
         <property name="platform" value="Windows 10"/>
      </properties>
      <testcase name="Test Cases/UploadDiffURLs_PublicUser/TC_As a public user, Successfully submit the URL" time="18.492" classname="Test Cases/UploadDiffURLs_PublicUser/TC_As a public user, Successfully submit the URL" status="PASSED">
         <system-out><![CDATA[2021-02-19 16:53:29 - [TEST_CASE][PASSED] - Test Cases/UploadDiffURLs_PublicUser/TC_As a public user, Successfully submit the URL: Test Cases/UploadDiffURLs_PublicUser/TC_As a public user, Successfully submit the URL

2021-02-19 16:53:29 - [TEST_STEP][PASSED] - excelTestData = findTestData("Data Files/TestData/InspectTestData"): null

2021-02-19 16:53:30 - [TEST_STEP][PASSED] - sampleURL = excelTestData.getValue(2, 370): null

2021-02-19 16:53:30 - [TEST_STEP][PASSED] - userEmail = excelTestData.getValue(6, 23): null

2021-02-19 16:53:30 - [TEST_STEP][PASSED] - customKeywords.commanFunctions.enterURLOfPublicUser(sampleURL, userEmail): Object: 'Object Repository/PublicUserHomePage/OKPopUpBtn' is clicked on

2021-02-19 16:53:31 - [MESSAGE][INFO] - Starting 'Firefox' driver

2021-02-19 16:53:31 - [MESSAGE][INFO] - Action delay is set to 0 milliseconds

2021-02-19 16:53:42 - [MESSAGE][PASSED] - Browser is opened with url: 'https://Inspect.Stage.site.sa'

2021-02-19 16:53:42 - [MESSAGE][PASSED] - Current window maximized

2021-02-19 16:53:42 - [MESSAGE][PASSED] - Wait for page load successfully

2021-02-19 16:53:42 - [MESSAGE][PASSED] - Object: 'Object Repository/PublicUserHomePage/UrlTab' is clicked on

2021-02-19 16:53:43 - [MESSAGE][PASSED] - Keys 'http://www.company.com' sent to object: 'Object Repository/HomePage/PleaseEnterURL_Input'

2021-02-19 16:53:43 - [MESSAGE][PASSED] - Keys 'Os-anelapatla@projects.site.sa' sent to object: 'Object Repository/PublicUserHomePage/email_Input'

2021-02-19 16:53:44 - [MESSAGE][PASSED] - Object: 'Object Repository/PublicUserHomePage/SiteInspectTermsOfUse_CheckBox' is clicked on

2021-02-19 16:53:44 - [MESSAGE][INFO] - Finding element is enabled

2021-02-19 16:53:44 - [MESSAGE][PASSED] - Element is Enabled

2021-02-19 16:53:45 - [MESSAGE][PASSED] - Object: 'Object Repository/HomePage/startAnalysis_EnableBtn' is clicked on

2021-02-19 16:53:46 - [MESSAGE][PASSED] - Object 'Object Repository/PublicUserHomePage/OKPopUpBtn' is present

2021-02-19 16:53:46 - [MESSAGE][PASSED] - Text 'Your submission was successful
The analysis results will be delivered to you via email' is present on page 

2021-02-19 16:53:47 - [MESSAGE][PASSED] - Object: 'Object Repository/PublicUserHomePage/OKPopUpBtn' is clicked on

2021-02-19 16:53:47 - [TEST_STEP][PASSED] - customKeywords.commanFunctions.onlyCloseBrowser(): customKeywords.commanFunctions.onlyCloseBrowser is PASSED

2021-02-19 16:53:48 - [MESSAGE][PASSED] - Browser is closed

2021-02-19 16:53:48 - [MESSAGE][PASSED] - customKeywords.commanFunctions.onlyCloseBrowser is PASSED]]></system-out>
         <system-err><![CDATA[]]></system-err>
      </testcase>
      <testcase name="Test Cases/UploadDiffURLs_PublicUser/TC_As a public user, Successfully submit the URLWithPathParameters" time="16.204" classname="Test Cases/UploadDiffURLs_PublicUser/TC_As a public user, Successfully submit the URLWithPathParameters" status="PASSED">
         <system-out><![CDATA[2021-02-19 16:53:48 - [TEST_CASE][PASSED] - Test Cases/UploadDiffURLs_PublicUser/TC_As a public user, Successfully submit the URLWithPathParameters: Test Cases/UploadDiffURLs_PublicUser/TC_As a public user, Successfully submit the URLWithPathParameters

2021-02-19 16:53:48 - [TEST_STEP][PASSED] - excelTestData = findTestData("Data Files/TestData/InspectTestData"): null

2021-02-19 16:53:48 - [TEST_STEP][PASSED] - sampleURL = excelTestData.getValue(2, 374): null

2021-02-19 16:53:48 - [TEST_STEP][PASSED] - userEmail = excelTestData.getValue(6, 23): null

2021-02-19 16:53:48 - [TEST_STEP][PASSED] - customKeywords.commanFunctions.enterURLOfPublicUser(sampleURL, userEmail): Object: 'Object Repository/PublicUserHomePage/OKPopUpBtn' is clicked on

2021-02-19 16:53:48 - [MESSAGE][INFO] - Starting 'Firefox' driver

2021-02-19 16:53:48 - [MESSAGE][INFO] - Action delay is set to 0 milliseconds

2021-02-19 16:53:58 - [MESSAGE][PASSED] - Browser is opened with url: 'https://Inspect.Stage.site.sa'

2021-02-19 16:53:58 - [MESSAGE][PASSED] - Current window maximized

2021-02-19 16:53:58 - [MESSAGE][PASSED] - Wait for page load successfully

2021-02-19 16:53:59 - [MESSAGE][PASSED] - Object: 'Object Repository/PublicUserHomePage/UrlTab' is clicked on

2021-02-19 16:53:59 - [MESSAGE][PASSED] - Keys 'http://www.company.com/showOrder.php' sent to object: 'Object Repository/HomePage/PleaseEnterURL_Input'

2021-02-19 16:54:00 - [MESSAGE][PASSED] - Keys 'Os-anelapatla@projects.site.sa' sent to object: 'Object Repository/PublicUserHomePage/email_Input'

2021-02-19 16:54:01 - [MESSAGE][PASSED] - Object: 'Object Repository/PublicUserHomePage/SiteInspectTermsOfUse_CheckBox' is clicked on

2021-02-19 16:54:01 - [MESSAGE][INFO] - Finding element is enabled

2021-02-19 16:54:01 - [MESSAGE][PASSED] - Element is Enabled

2021-02-19 16:54:01 - [MESSAGE][PASSED] - Object: 'Object Repository/HomePage/startAnalysis_EnableBtn' is clicked on

2021-02-19 16:54:02 - [MESSAGE][PASSED] - Object 'Object Repository/PublicUserHomePage/OKPopUpBtn' is present

2021-02-19 16:54:02 - [MESSAGE][PASSED] - Text 'Your submission was successful
The analysis results will be delivered to you via email' is present on page 

2021-02-19 16:54:03 - [MESSAGE][PASSED] - Object: 'Object Repository/PublicUserHomePage/OKPopUpBtn' is clicked on

2021-02-19 16:54:03 - [TEST_STEP][PASSED] - customKeywords.commanFunctions.onlyCloseBrowser(): customKeywords.commanFunctions.onlyCloseBrowser is PASSED

2021-02-19 16:54:04 - [MESSAGE][PASSED] - Browser is closed

2021-02-19 16:54:04 - [MESSAGE][PASSED] - customKeywords.commanFunctions.onlyCloseBrowser is PASSED]]></system-out>
         <system-err><![CDATA[]]></system-err>
      </testcase>
      <testcase name="Test Cases/UploadDiffURLs_PublicUser/TC_As a public user, Successfully submit the URLWithQueryParameters" time="15.872" classname="Test Cases/UploadDiffURLs_PublicUser/TC_As a public user, Successfully submit the URLWithQueryParameters" status="PASSED">
         <system-out><![CDATA[2021-02-19 16:54:04 - [TEST_CASE][PASSED] - Test Cases/UploadDiffURLs_PublicUser/TC_As a public user, Successfully submit the URLWithQueryParameters: Test Cases/UploadDiffURLs_PublicUser/TC_As a public user, Successfully submit the URLWithQueryParameters

2021-02-19 16:54:04 - [TEST_STEP][PASSED] - excelTestData = findTestData("Data Files/TestData/InspectTestData"): null

2021-02-19 16:54:04 - [TEST_STEP][PASSED] - sampleURL = excelTestData.getValue(2, 378): null

2021-02-19 16:54:04 - [TEST_STEP][PASSED] - userEmail = excelTestData.getValue(6, 23): null

2021-02-19 16:54:04 - [TEST_STEP][PASSED] - customKeywords.commanFunctions.enterURLOfPublicUser(sampleURL, userEmail): Object: 'Object Repository/PublicUserHomePage/OKPopUpBtn' is clicked on

2021-02-19 16:54:04 - [MESSAGE][INFO] - Starting 'Firefox' driver

2021-02-19 16:54:04 - [MESSAGE][INFO] - Action delay is set to 0 milliseconds

2021-02-19 16:54:14 - [MESSAGE][PASSED] - Browser is opened with url: 'https://Inspect.Stage.site.sa'

2021-02-19 16:54:14 - [MESSAGE][PASSED] - Current window maximized

2021-02-19 16:54:14 - [MESSAGE][PASSED] - Wait for page load successfully

2021-02-19 16:54:14 - [MESSAGE][PASSED] - Object: 'Object Repository/PublicUserHomePage/UrlTab' is clicked on

2021-02-19 16:54:15 - [MESSAGE][PASSED] - Keys 'http://www.company.com/showOrder.php?order=4621047' sent to object: 'Object Repository/HomePage/PleaseEnterURL_Input'

2021-02-19 16:54:15 - [MESSAGE][PASSED] - Keys 'Os-anelapatla@projects.site.sa' sent to object: 'Object Repository/PublicUserHomePage/email_Input'

2021-02-19 16:54:16 - [MESSAGE][PASSED] - Object: 'Object Repository/PublicUserHomePage/SiteInspectTermsOfUse_CheckBox' is clicked on

2021-02-19 16:54:17 - [MESSAGE][INFO] - Finding element is enabled

2021-02-19 16:54:17 - [MESSAGE][PASSED] - Element is Enabled

2021-02-19 16:54:17 - [MESSAGE][PASSED] - Object: 'Object Repository/HomePage/startAnalysis_EnableBtn' is clicked on

2021-02-19 16:54:18 - [MESSAGE][PASSED] - Object 'Object Repository/PublicUserHomePage/OKPopUpBtn' is present

2021-02-19 16:54:18 - [MESSAGE][PASSED] - Text 'Your submission was successful
The analysis results will be delivered to you via email' is present on page 

2021-02-19 16:54:19 - [MESSAGE][PASSED] - Object: 'Object Repository/PublicUserHomePage/OKPopUpBtn' is clicked on

2021-02-19 16:54:19 - [TEST_STEP][PASSED] - customKeywords.commanFunctions.onlyCloseBrowser(): customKeywords.commanFunctions.onlyCloseBrowser is PASSED

2021-02-19 16:54:20 - [MESSAGE][PASSED] - Browser is closed

2021-02-19 16:54:20 - [MESSAGE][PASSED] - customKeywords.commanFunctions.onlyCloseBrowser is PASSED]]></system-out>
         <system-err><![CDATA[]]></system-err>
      </testcase>
      <testcase name="Test Cases/UploadDiffURLs_PublicUser/TC_As public user , Trigger URL validation with invalid formats" time="15.825" classname="Test Cases/UploadDiffURLs_PublicUser/TC_As public user , Trigger URL validation with invalid formats" status="FAILED">
         <failure type="FAILED" message="Test Cases/UploadDiffURLs_PublicUser/TC_As public user , Trigger URL validation with invalid formats FAILED.
Reason:
com.kms.katalon.core.exception.StepFailedException: Unable to verify text 'URL format is not valid.' is present 
	at com.kms.katalon.core.webui.keyword.internal.WebUIKeywordMain.stepFailed(WebUIKeywordMain.groovy:64)
	at com.kms.katalon.core.webui.keyword.internal.WebUIKeywordMain.runKeyword(WebUIKeywordMain.groovy:26)
	at com.kms.katalon.core.webui.keyword.builtin.VerifyTextPresentKeyword.verifyTextPresent(VerifyTextPresentKeyword.groovy:83)
	at com.kms.katalon.core.webui.keyword.builtin.VerifyTextPresentKeyword.execute(VerifyTextPresentKeyword.groovy:68)
	at com.kms.katalon.core.keyword.internal.KeywordExecutor.executeKeywordForPlatform(KeywordExecutor.groovy:73)
	at com.kms.katalon.core.webui.keyword.WebUiBuiltInKeywords.verifyTextPresent(WebUiBuiltInKeywords.groovy:1720)
	at com.kms.katalon.core.webui.keyword.WebUiBuiltInKeywords$verifyTextPresent$6.call(Unknown Source)
	at TC_As public user , Trigger URL validation with invalid formats.run(TC_As public user , Trigger URL validation with invalid formats:24)
	at com.kms.katalon.core.main.ScriptEngine.run(ScriptEngine.java:194)
	at com.kms.katalon.core.main.ScriptEngine.runScriptAsRawText(ScriptEngine.java:119)
	at com.kms.katalon.core.main.TestCaseExecutor.runScript(TestCaseExecutor.java:394)
	at com.kms.katalon.core.main.TestCaseExecutor.doExecute(TestCaseExecutor.java:385)
	at com.kms.katalon.core.main.TestCaseExecutor.processExecutionPhase(TestCaseExecutor.java:364)
	at com.kms.katalon.core.main.TestCaseExecutor.accessMainPhase(TestCaseExecutor.java:356)
	at com.kms.katalon.core.main.TestCaseExecutor.execute(TestCaseExecutor.java:251)
	at com.kms.katalon.core.main.TestSuiteExecutor.accessTestCaseMainPhase(TestSuiteExecutor.java:203)
	at com.kms.katalon.core.main.TestSuiteExecutor.accessTestSuiteMainPhase(TestSuiteExecutor.java:152)
	at com.kms.katalon.core.main.TestSuiteExecutor.execute(TestSuiteExecutor.java:95)
	at com.kms.katalon.core.main.TestCaseMain.startTestSuite(TestCaseMain.java:157)
	at com.kms.katalon.core.main.TestCaseMain$startTestSuite$0.call(Unknown Source)
	at TempTestSuite1613733201198.run(TempTestSuite1613733201198.groovy:39)
Caused by: com.kms.katalon.core.exception.StepFailedException: Text 'URL format is not valid.' is not present on page 
	at com.kms.katalon.core.webui.keyword.internal.WebUIKeywordMain.stepFailed(WebUIKeywordMain.groovy:64)
	at com.kms.katalon.core.webui.keyword.builtin.VerifyTextPresentKeyword$_verifyTextPresent_closure1.doCall(VerifyTextPresentKeyword.groovy:79)
	at com.kms.katalon.core.webui.keyword.builtin.VerifyTextPresentKeyword$_verifyTextPresent_closure1.call(VerifyTextPresentKeyword.groovy)
	at com.kms.katalon.core.webui.keyword.internal.WebUIKeywordMain.runKeyword(WebUIKeywordMain.groovy:20)
	... 19 more
"/>
         <system-out><![CDATA[2021-02-19 16:54:20 - [TEST_CASE][FAILED] - Test Cases/UploadDiffURLs_PublicUser/TC_As public user , Trigger URL validation with invalid formats: Test Cases/UploadDiffURLs_PublicUser/TC_As public user , Trigger URL validation with invalid formats FAILED.
Reason:
com.kms.katalon.core.exception.StepFailedException: Unable to verify text 'URL format is not valid.' is present 
	at com.kms.katalon.core.webui.keyword.internal.WebUIKeywordMain.stepFailed(WebUIKeywordMain.groovy:64)
	at com.kms.katalon.core.webui.keyword.internal.WebUIKeywordMain.runKeyword(WebUIKeywordMain.groovy:26)
	at com.kms.katalon.core.webui.keyword.builtin.VerifyTextPresentKeyword.verifyTextPresent(VerifyTextPresentKeyword.groovy:83)
	at com.kms.katalon.core.webui.keyword.builtin.VerifyTextPresentKeyword.execute(VerifyTextPresentKeyword.groovy:68)
	at com.kms.katalon.core.keyword.internal.KeywordExecutor.executeKeywordForPlatform(KeywordExecutor.groovy:73)
	at com.kms.katalon.core.webui.keyword.WebUiBuiltInKeywords.verifyTextPresent(WebUiBuiltInKeywords.groovy:1720)
	at com.kms.katalon.core.webui.keyword.WebUiBuiltInKeywords$verifyTextPresent$6.call(Unknown Source)
	at TC_As public user , Trigger URL validation with invalid formats.run(TC_As public user , Trigger URL validation with invalid formats:24)
	at com.kms.katalon.core.main.ScriptEngine.run(ScriptEngine.java:194)
	at com.kms.katalon.core.main.ScriptEngine.runScriptAsRawText(ScriptEngine.java:119)
	at com.kms.katalon.core.main.TestCaseExecutor.runScript(TestCaseExecutor.java:394)
	at com.kms.katalon.core.main.TestCaseExecutor.doExecute(TestCaseExecutor.java:385)
	at com.kms.katalon.core.main.TestCaseExecutor.processExecutionPhase(TestCaseExecutor.java:364)
	at com.kms.katalon.core.main.TestCaseExecutor.accessMainPhase(TestCaseExecutor.java:356)
	at com.kms.katalon.core.main.TestCaseExecutor.execute(TestCaseExecutor.java:251)
	at com.kms.katalon.core.main.TestSuiteExecutor.accessTestCaseMainPhase(TestSuiteExecutor.java:203)
	at com.kms.katalon.core.main.TestSuiteExecutor.accessTestSuiteMainPhase(TestSuiteExecutor.java:152)
	at com.kms.katalon.core.main.TestSuiteExecutor.execute(TestSuiteExecutor.java:95)
	at com.kms.katalon.core.main.TestCaseMain.startTestSuite(TestCaseMain.java:157)
	at com.kms.katalon.core.main.TestCaseMain$startTestSuite$0.call(Unknown Source)
	at TempTestSuite1613733201198.run(TempTestSuite1613733201198.groovy:39)
Caused by: com.kms.katalon.core.exception.StepFailedException: Text 'URL format is not valid.' is not present on page 
	at com.kms.katalon.core.webui.keyword.internal.WebUIKeywordMain.stepFailed(WebUIKeywordMain.groovy:64)
	at com.kms.katalon.core.webui.keyword.builtin.VerifyTextPresentKeyword$_verifyTextPresent_closure1.doCall(VerifyTextPresentKeyword.groovy:79)
	at com.kms.katalon.core.webui.keyword.builtin.VerifyTextPresentKeyword$_verifyTextPresent_closure1.call(VerifyTextPresentKeyword.groovy)
	at com.kms.katalon.core.webui.keyword.internal.WebUIKeywordMain.runKeyword(WebUIKeywordMain.groovy:20)
	... 19 more


2021-02-19 16:54:20 - [TEST_STEP][PASSED] - customKeywords.commanFunctions.openBrowser(): customKeywords.commanFunctions.openBrowser is PASSED

2021-02-19 16:54:20 - [MESSAGE][INFO] - Starting 'Firefox' driver

2021-02-19 16:54:20 - [MESSAGE][INFO] - Action delay is set to 0 milliseconds

2021-02-19 16:54:30 - [MESSAGE][PASSED] - Browser is opened with url: 'https://Inspect.Stage.site.sa'

2021-02-19 16:54:30 - [MESSAGE][PASSED] - Current window maximized

2021-02-19 16:54:30 - [MESSAGE][PASSED] - Wait for page load successfully

2021-02-19 16:54:30 - [MESSAGE][PASSED] - customKeywords.commanFunctions.openBrowser is PASSED

2021-02-19 16:54:30 - [TEST_STEP][PASSED] - excelTestData = findTestData("Data Files/TestData/InspectTestData"): null

2021-02-19 16:54:30 - [TEST_STEP][PASSED] - click(findTestObject("Object Repository/PublicUserHomePage/UrlTab")): Object: 'Object Repository/PublicUserHomePage/UrlTab' is clicked on

2021-02-19 16:54:31 - [MESSAGE][PASSED] - Object: 'Object Repository/PublicUserHomePage/UrlTab' is clicked on

2021-02-19 16:54:31 - [TEST_STEP][PASSED] - ErrorValidationMessage = excelTestData.getValue(3, 42): null

2021-02-19 16:54:31 - [TEST_STEP][FAILED] - for ([i = 42, i <= 46, (i++)]): Unable to verify text 'URL format is not valid.' is present  (Root cause: com.kms.katalon.core.exception.StepFailedException: Unable to verify text 'URL format is not valid.' is present 
	at com.kms.katalon.core.webui.keyword.internal.WebUIKeywordMain.stepFailed(WebUIKeywordMain.groovy:64)
	at com.kms.katalon.core.webui.keyword.internal.WebUIKeywordMain.runKeyword(WebUIKeywordMain.groovy:26)
	at com.kms.katalon.core.webui.keyword.builtin.VerifyTextPresentKeyword.verifyTextPresent(VerifyTextPresentKeyword.groovy:83)
	at com.kms.katalon.core.webui.keyword.builtin.VerifyTextPresentKeyword.execute(VerifyTextPresentKeyword.groovy:68)
	at com.kms.katalon.core.keyword.internal.KeywordExecutor.executeKeywordForPlatform(KeywordExecutor.groovy:73)
	at com.kms.katalon.core.webui.keyword.WebUiBuiltInKeywords.verifyTextPresent(WebUiBuiltInKeywords.groovy:1720)
	at com.kms.katalon.core.webui.keyword.WebUiBuiltInKeywords$verifyTextPresent$6.call(Unknown Source)
	at TC_As public user , Trigger URL validation with invalid formats.run(TC_As public user , Trigger URL validation with invalid formats:24)
	at com.kms.katalon.core.main.ScriptEngine.run(ScriptEngine.java:194)
	at com.kms.katalon.core.main.ScriptEngine.runScriptAsRawText(ScriptEngine.java:119)
	at com.kms.katalon.core.main.TestCaseExecutor.runScript(TestCaseExecutor.java:394)
	at com.kms.katalon.core.main.TestCaseExecutor.doExecute(TestCaseExecutor.java:385)
	at com.kms.katalon.core.main.TestCaseExecutor.processExecutionPhase(TestCaseExecutor.java:364)
	at com.kms.katalon.core.main.TestCaseExecutor.accessMainPhase(TestCaseExecutor.java:356)
	at com.kms.katalon.core.main.TestCaseExecutor.execute(TestCaseExecutor.java:251)
	at com.kms.katalon.core.main.TestSuiteExecutor.accessTestCaseMainPhase(TestSuiteExecutor.java:203)
	at com.kms.katalon.core.main.TestSuiteExecutor.accessTestSuiteMainPhase(TestSuiteExecutor.java:152)
	at com.kms.katalon.core.main.TestSuiteExecutor.execute(TestSuiteExecutor.java:95)
	at com.kms.katalon.core.main.TestCaseMain.startTestSuite(TestCaseMain.java:157)
	at com.kms.katalon.core.main.TestCaseMain$startTestSuite$0.call(Unknown Source)
	at TempTestSuite1613733201198.run(TempTestSuite1613733201198.groovy:39)
Caused by: com.kms.katalon.core.exception.StepFailedException: Text 'URL format is not valid.' is not present on page 
	at com.kms.katalon.core.webui.keyword.internal.WebUIKeywordMain.stepFailed(WebUIKeywordMain.groovy:64)
	at com.kms.katalon.core.webui.keyword.builtin.VerifyTextPresentKeyword$_verifyTextPresent_closure1.doCall(VerifyTextPresentKeyword.groovy:79)
	at com.kms.katalon.core.webui.keyword.builtin.VerifyTextPresentKeyword$_verifyTextPresent_closure1.call(VerifyTextPresentKeyword.groovy)
	at com.kms.katalon.core.webui.keyword.internal.WebUIKeywordMain.runKeyword(WebUIKeywordMain.groovy:20)
	... 19 more
)

2021-02-19 16:54:31 - [TEST_STEP][PASSED] - IncorrectURLs = excelTestData.getValue(2, i): null

2021-02-19 16:54:31 - [TEST_STEP][PASSED] - sendKeys(findTestObject("Object Repository/HomePage/PleaseEnterURL_Input"), IncorrectURLs): Keys 'https://www.slideshare.net/socialogilvy ' sent to object: 'Object Repository/HomePage/PleaseEnterURL_Input'

2021-02-19 16:54:31 - [MESSAGE][PASSED] - Keys 'https://www.slideshare.net/socialogilvy ' sent to object: 'Object Repository/HomePage/PleaseEnterURL_Input'

2021-02-19 16:54:31 - [TEST_STEP][PASSED] - verifyTextPresent(ErrorValidationMessage, false): Text 'URL format is not valid.' is present on page 

2021-02-19 16:54:32 - [MESSAGE][PASSED] - Text 'URL format is not valid.' is present on page 

2021-02-19 16:54:32 - [TEST_STEP][PASSED] - clearText(findTestObject("Object Repository/HomePage/PleaseEnterURL_Input")): Text of object 'Object Repository/HomePage/PleaseEnterURL_Input' is cleared

2021-02-19 16:54:32 - [MESSAGE][PASSED] - Text of object 'Object Repository/HomePage/PleaseEnterURL_Input' is cleared

2021-02-19 16:54:32 - [TEST_STEP][PASSED] - IncorrectURLs = excelTestData.getValue(2, i): null

2021-02-19 16:54:32 - [TEST_STEP][PASSED] - sendKeys(findTestObject("Object Repository/HomePage/PleaseEnterURL_Input"), IncorrectURLs): Keys 'htps://www.slideshare.net/socialogilvy' sent to object: 'Object Repository/HomePage/PleaseEnterURL_Input'

2021-02-19 16:54:33 - [MESSAGE][PASSED] - Keys 'htps://www.slideshare.net/socialogilvy' sent to object: 'Object Repository/HomePage/PleaseEnterURL_Input'

2021-02-19 16:54:33 - [TEST_STEP][PASSED] - verifyTextPresent(ErrorValidationMessage, false): Text 'URL format is not valid.' is present on page 

2021-02-19 16:54:33 - [MESSAGE][PASSED] - Text 'URL format is not valid.' is present on page 

2021-02-19 16:54:33 - [TEST_STEP][PASSED] - clearText(findTestObject("Object Repository/HomePage/PleaseEnterURL_Input")): Text of object 'Object Repository/HomePage/PleaseEnterURL_Input' is cleared

2021-02-19 16:54:34 - [MESSAGE][PASSED] - Text of object 'Object Repository/HomePage/PleaseEnterURL_Input' is cleared

2021-02-19 16:54:34 - [TEST_STEP][PASSED] - IncorrectURLs = excelTestData.getValue(2, i): null

2021-02-19 16:54:34 - [TEST_STEP][PASSED] - sendKeys(findTestObject("Object Repository/HomePage/PleaseEnterURL_Input"), IncorrectURLs): Keys 'https://ww.slideshare.net/socialogilvy' sent to object: 'Object Repository/HomePage/PleaseEnterURL_Input'

2021-02-19 16:54:34 - [MESSAGE][PASSED] - Keys 'https://ww.slideshare.net/socialogilvy' sent to object: 'Object Repository/HomePage/PleaseEnterURL_Input'

2021-02-19 16:54:34 - [TEST_STEP][FAILED] - verifyTextPresent(ErrorValidationMessage, false): Unable to verify text 'URL format is not valid.' is present  (Root cause: com.kms.katalon.core.exception.StepFailedException: Unable to verify text 'URL format is not valid.' is present 
	at com.kms.katalon.core.webui.keyword.internal.WebUIKeywordMain.stepFailed(WebUIKeywordMain.groovy:64)
	at com.kms.katalon.core.webui.keyword.internal.WebUIKeywordMain.runKeyword(WebUIKeywordMain.groovy:26)
	at com.kms.katalon.core.webui.keyword.builtin.VerifyTextPresentKeyword.verifyTextPresent(VerifyTextPresentKeyword.groovy:83)
	at com.kms.katalon.core.webui.keyword.builtin.VerifyTextPresentKeyword.execute(VerifyTextPresentKeyword.groovy:68)
	at com.kms.katalon.core.keyword.internal.KeywordExecutor.executeKeywordForPlatform(KeywordExecutor.groovy:73)
	at com.kms.katalon.core.webui.keyword.WebUiBuiltInKeywords.verifyTextPresent(WebUiBuiltInKeywords.groovy:1720)
	at com.kms.katalon.core.webui.keyword.WebUiBuiltInKeywords$verifyTextPresent$6.call(Unknown Source)
	at TC_As public user , Trigger URL validation with invalid formats.run(TC_As public user , Trigger URL validation with invalid formats:24)
	at com.kms.katalon.core.main.ScriptEngine.run(ScriptEngine.java:194)
	at com.kms.katalon.core.main.ScriptEngine.runScriptAsRawText(ScriptEngine.java:119)
	at com.kms.katalon.core.main.TestCaseExecutor.runScript(TestCaseExecutor.java:394)
	at com.kms.katalon.core.main.TestCaseExecutor.doExecute(TestCaseExecutor.java:385)
	at com.kms.katalon.core.main.TestCaseExecutor.processExecutionPhase(TestCaseExecutor.java:364)
	at com.kms.katalon.core.main.TestCaseExecutor.accessMainPhase(TestCaseExecutor.java:356)
	at com.kms.katalon.core.main.TestCaseExecutor.execute(TestCaseExecutor.java:251)
	at com.kms.katalon.core.main.TestSuiteExecutor.accessTestCaseMainPhase(TestSuiteExecutor.java:203)
	at com.kms.katalon.core.main.TestSuiteExecutor.accessTestSuiteMainPhase(TestSuiteExecutor.java:152)
	at com.kms.katalon.core.main.TestSuiteExecutor.execute(TestSuiteExecutor.java:95)
	at com.kms.katalon.core.main.TestCaseMain.startTestSuite(TestCaseMain.java:157)
	at com.kms.katalon.core.main.TestCaseMain$startTestSuite$0.call(Unknown Source)
	at TempTestSuite1613733201198.run(TempTestSuite1613733201198.groovy:39)
Caused by: com.kms.katalon.core.exception.StepFailedException: Text 'URL format is not valid.' is not present on page 
	at com.kms.katalon.core.webui.keyword.internal.WebUIKeywordMain.stepFailed(WebUIKeywordMain.groovy:64)
	at com.kms.katalon.core.webui.keyword.builtin.VerifyTextPresentKeyword$_verifyTextPresent_closure1.doCall(VerifyTextPresentKeyword.groovy:79)
	at com.kms.katalon.core.webui.keyword.builtin.VerifyTextPresentKeyword$_verifyTextPresent_closure1.call(VerifyTextPresentKeyword.groovy)
	at com.kms.katalon.core.webui.keyword.internal.WebUIKeywordMain.runKeyword(WebUIKeywordMain.groovy:20)
	... 19 more
)

2021-02-19 16:54:35 - [MESSAGE][FAILED] - Text 'URL format is not valid.' is not present on page  (Root cause: com.kms.katalon.core.exception.StepFailedException: Text 'URL format is not valid.' is not present on page 
	at com.kms.katalon.core.webui.keyword.internal.WebUIKeywordMain.stepFailed(WebUIKeywordMain.groovy:64)
	at com.kms.katalon.core.webui.keyword.builtin.VerifyTextPresentKeyword$_verifyTextPresent_closure1.doCall(VerifyTextPresentKeyword.groovy:79)
	at com.kms.katalon.core.webui.keyword.builtin.VerifyTextPresentKeyword$_verifyTextPresent_closure1.call(VerifyTextPresentKeyword.groovy)
	at com.kms.katalon.core.webui.keyword.internal.WebUIKeywordMain.runKeyword(WebUIKeywordMain.groovy:20)
	at com.kms.katalon.core.webui.keyword.builtin.VerifyTextPresentKeyword.verifyTextPresent(VerifyTextPresentKeyword.groovy:83)
	at com.kms.katalon.core.webui.keyword.builtin.VerifyTextPresentKeyword.execute(VerifyTextPresentKeyword.groovy:68)
	at com.kms.katalon.core.keyword.internal.KeywordExecutor.executeKeywordForPlatform(KeywordExecutor.groovy:73)
	at com.kms.katalon.core.webui.keyword.WebUiBuiltInKeywords.verifyTextPresent(WebUiBuiltInKeywords.groovy:1720)
	at com.kms.katalon.core.webui.keyword.WebUiBuiltInKeywords$verifyTextPresent$6.call(Unknown Source)
	at TC_As public user , Trigger URL validation with invalid formats.run(TC_As public user , Trigger URL validation with invalid formats:24)
	at com.kms.katalon.core.main.ScriptEngine.run(ScriptEngine.java:194)
	at com.kms.katalon.core.main.ScriptEngine.runScriptAsRawText(ScriptEngine.java:119)
	at com.kms.katalon.core.main.TestCaseExecutor.runScript(TestCaseExecutor.java:394)
	at com.kms.katalon.core.main.TestCaseExecutor.doExecute(TestCaseExecutor.java:385)
	at com.kms.katalon.core.main.TestCaseExecutor.processExecutionPhase(TestCaseExecutor.java:364)
	at com.kms.katalon.core.main.TestCaseExecutor.accessMainPhase(TestCaseExecutor.java:356)
	at com.kms.katalon.core.main.TestCaseExecutor.execute(TestCaseExecutor.java:251)
	at com.kms.katalon.core.main.TestSuiteExecutor.accessTestCaseMainPhase(TestSuiteExecutor.java:203)
	at com.kms.katalon.core.main.TestSuiteExecutor.accessTestSuiteMainPhase(TestSuiteExecutor.java:152)
	at com.kms.katalon.core.main.TestSuiteExecutor.execute(TestSuiteExecutor.java:95)
	at com.kms.katalon.core.main.TestCaseMain.startTestSuite(TestCaseMain.java:157)
	at com.kms.katalon.core.main.TestCaseMain$startTestSuite$0.call(Unknown Source)
	at TempTestSuite1613733201198.run(TempTestSuite1613733201198.groovy:39)
)

2021-02-19 16:54:35 - [MESSAGE][FAILED] - Unable to verify text 'URL format is not valid.' is present  (Root cause: com.kms.katalon.core.exception.StepFailedException: Unable to verify text 'URL format is not valid.' is present 
	at com.kms.katalon.core.webui.keyword.internal.WebUIKeywordMain.stepFailed(WebUIKeywordMain.groovy:64)
	at com.kms.katalon.core.webui.keyword.internal.WebUIKeywordMain.runKeyword(WebUIKeywordMain.groovy:26)
	at com.kms.katalon.core.webui.keyword.builtin.VerifyTextPresentKeyword.verifyTextPresent(VerifyTextPresentKeyword.groovy:83)
	at com.kms.katalon.core.webui.keyword.builtin.VerifyTextPresentKeyword.execute(VerifyTextPresentKeyword.groovy:68)
	at com.kms.katalon.core.keyword.internal.KeywordExecutor.executeKeywordForPlatform(KeywordExecutor.groovy:73)
	at com.kms.katalon.core.webui.keyword.WebUiBuiltInKeywords.verifyTextPresent(WebUiBuiltInKeywords.groovy:1720)
	at com.kms.katalon.core.webui.keyword.WebUiBuiltInKeywords$verifyTextPresent$6.call(Unknown Source)
	at TC_As public user , Trigger URL validation with invalid formats.run(TC_As public user , Trigger URL validation with invalid formats:24)
	at com.kms.katalon.core.main.ScriptEngine.run(ScriptEngine.java:194)
	at com.kms.katalon.core.main.ScriptEngine.runScriptAsRawText(ScriptEngine.java:119)
	at com.kms.katalon.core.main.TestCaseExecutor.runScript(TestCaseExecutor.java:394)
	at com.kms.katalon.core.main.TestCaseExecutor.doExecute(TestCaseExecutor.java:385)
	at com.kms.katalon.core.main.TestCaseExecutor.processExecutionPhase(TestCaseExecutor.java:364)
	at com.kms.katalon.core.main.TestCaseExecutor.accessMainPhase(TestCaseExecutor.java:356)
	at com.kms.katalon.core.main.TestCaseExecutor.execute(TestCaseExecutor.java:251)
	at com.kms.katalon.core.main.TestSuiteExecutor.accessTestCaseMainPhase(TestSuiteExecutor.java:203)
	at com.kms.katalon.core.main.TestSuiteExecutor.accessTestSuiteMainPhase(TestSuiteExecutor.java:152)
	at com.kms.katalon.core.main.TestSuiteExecutor.execute(TestSuiteExecutor.java:95)
	at com.kms.katalon.core.main.TestCaseMain.startTestSuite(TestCaseMain.java:157)
	at com.kms.katalon.core.main.TestCaseMain$startTestSuite$0.call(Unknown Source)
	at TempTestSuite1613733201198.run(TempTestSuite1613733201198.groovy:39)
Caused by: com.kms.katalon.core.exception.StepFailedException: Text 'URL format is not valid.' is not present on page 
	at com.kms.katalon.core.webui.keyword.internal.WebUIKeywordMain.stepFailed(WebUIKeywordMain.groovy:64)
	at com.kms.katalon.core.webui.keyword.builtin.VerifyTextPresentKeyword$_verifyTextPresent_closure1.doCall(VerifyTextPresentKeyword.groovy:79)
	at com.kms.katalon.core.webui.keyword.builtin.VerifyTextPresentKeyword$_verifyTextPresent_closure1.call(VerifyTextPresentKeyword.groovy)
	at com.kms.katalon.core.webui.keyword.internal.WebUIKeywordMain.runKeyword(WebUIKeywordMain.groovy:20)
	... 19 more
)
[[ATTACHMENT|E:\\Inspect\\15022021\\SiteInspectAutomation\\Reports\\20210219_164318\\Regression_Suite\\PublicUser_Suite\\PublicUser_URL\\20210219_164321\\1613733875179.png]]

2021-02-19 16:54:35 - [TEST_STEP][PASSED] - Start tear down : tearDownMethodIfFailed: Method 'tearDownMethodIfFailed' complete successfully

2021-02-19 16:54:35 - [TEST_STEP][PASSED] - customKeywords.commanFunctions.onlyCloseBrowser(): customKeywords.commanFunctions.onlyCloseBrowser is PASSED

2021-02-19 16:54:36 - [MESSAGE][PASSED] - Browser is closed

2021-02-19 16:54:36 - [MESSAGE][PASSED] - customKeywords.commanFunctions.onlyCloseBrowser is PASSED

2021-02-19 16:54:36 - [TEST_STEP][PASSED] - logInfo("[--------This is tearDownIfFailed method------]"): [--------This is tearDownIfFailed method------]

2021-02-19 16:54:36 - [MESSAGE][INFO] - [--------This is tearDownIfFailed method------]

2021-02-19 16:54:36 - [MESSAGE][PASSED] - Method 'tearDownMethodIfFailed' complete successfully]]></system-out>
         <system-err><![CDATA[2021-02-19 16:54:20 - [TEST_CASE][FAILED] - Test Cases/UploadDiffURLs_PublicUser/TC_As public user , Trigger URL validation with invalid formats: Test Cases/UploadDiffURLs_PublicUser/TC_As public user , Trigger URL validation with invalid formats FAILED.
Reason:
com.kms.katalon.core.exception.StepFailedException: Unable to verify text 'URL format is not valid.' is present 
	at com.kms.katalon.core.webui.keyword.internal.WebUIKeywordMain.stepFailed(WebUIKeywordMain.groovy:64)
	at com.kms.katalon.core.webui.keyword.internal.WebUIKeywordMain.runKeyword(WebUIKeywordMain.groovy:26)
	at com.kms.katalon.core.webui.keyword.builtin.VerifyTextPresentKeyword.verifyTextPresent(VerifyTextPresentKeyword.groovy:83)
	at com.kms.katalon.core.webui.keyword.builtin.VerifyTextPresentKeyword.execute(VerifyTextPresentKeyword.groovy:68)
	at com.kms.katalon.core.keyword.internal.KeywordExecutor.executeKeywordForPlatform(KeywordExecutor.groovy:73)
	at com.kms.katalon.core.webui.keyword.WebUiBuiltInKeywords.verifyTextPresent(WebUiBuiltInKeywords.groovy:1720)
	at com.kms.katalon.core.webui.keyword.WebUiBuiltInKeywords$verifyTextPresent$6.call(Unknown Source)
	at TC_As public user , Trigger URL validation with invalid formats.run(TC_As public user , Trigger URL validation with invalid formats:24)
	at com.kms.katalon.core.main.ScriptEngine.run(ScriptEngine.java:194)
	at com.kms.katalon.core.main.ScriptEngine.runScriptAsRawText(ScriptEngine.java:119)
	at com.kms.katalon.core.main.TestCaseExecutor.runScript(TestCaseExecutor.java:394)
	at com.kms.katalon.core.main.TestCaseExecutor.doExecute(TestCaseExecutor.java:385)
	at com.kms.katalon.core.main.TestCaseExecutor.processExecutionPhase(TestCaseExecutor.java:364)
	at com.kms.katalon.core.main.TestCaseExecutor.accessMainPhase(TestCaseExecutor.java:356)
	at com.kms.katalon.core.main.TestCaseExecutor.execute(TestCaseExecutor.java:251)
	at com.kms.katalon.core.main.TestSuiteExecutor.accessTestCaseMainPhase(TestSuiteExecutor.java:203)
	at com.kms.katalon.core.main.TestSuiteExecutor.accessTestSuiteMainPhase(TestSuiteExecutor.java:152)
	at com.kms.katalon.core.main.TestSuiteExecutor.execute(TestSuiteExecutor.java:95)
	at com.kms.katalon.core.main.TestCaseMain.startTestSuite(TestCaseMain.java:157)
	at com.kms.katalon.core.main.TestCaseMain$startTestSuite$0.call(Unknown Source)
	at TempTestSuite1613733201198.run(TempTestSuite1613733201198.groovy:39)
Caused by: com.kms.katalon.core.exception.StepFailedException: Text 'URL format is not valid.' is not present on page 
	at com.kms.katalon.core.webui.keyword.internal.WebUIKeywordMain.stepFailed(WebUIKeywordMain.groovy:64)
	at com.kms.katalon.core.webui.keyword.builtin.VerifyTextPresentKeyword$_verifyTextPresent_closure1.doCall(VerifyTextPresentKeyword.groovy:79)
	at com.kms.katalon.core.webui.keyword.builtin.VerifyTextPresentKeyword$_verifyTextPresent_closure1.call(VerifyTextPresentKeyword.groovy)
	at com.kms.katalon.core.webui.keyword.internal.WebUIKeywordMain.runKeyword(WebUIKeywordMain.groovy:20)
	... 19 more]]></system-err>
      </testcase>
      <system-out><![CDATA[2021-02-19 16:53:28 - [TEST_SUITE][FAILED] - PublicUser_URL: Test Cases/UploadDiffURLs_PublicUser/TC_As public user , Trigger URL validation with invalid formats FAILED.
Reason:
com.kms.katalon.core.exception.StepFailedException: Unable to verify text 'URL format is not valid.' is present 
	at com.kms.katalon.core.webui.keyword.internal.WebUIKeywordMain.stepFailed(WebUIKeywordMain.groovy:64)
	at com.kms.katalon.core.webui.keyword.internal.WebUIKeywordMain.runKeyword(WebUIKeywordMain.groovy:26)
	at com.kms.katalon.core.webui.keyword.builtin.VerifyTextPresentKeyword.verifyTextPresent(VerifyTextPresentKeyword.groovy:83)
	at com.kms.katalon.core.webui.keyword.builtin.VerifyTextPresentKeyword.execute(VerifyTextPresentKeyword.groovy:68)
	at com.kms.katalon.core.keyword.internal.KeywordExecutor.executeKeywordForPlatform(KeywordExecutor.groovy:73)
	at com.kms.katalon.core.webui.keyword.WebUiBuiltInKeywords.verifyTextPresent(WebUiBuiltInKeywords.groovy:1720)
	at com.kms.katalon.core.webui.keyword.WebUiBuiltInKeywords$verifyTextPresent$6.call(Unknown Source)
	at TC_As public user , Trigger URL validation with invalid formats.run(TC_As public user , Trigger URL validation with invalid formats:24)
	at com.kms.katalon.core.main.ScriptEngine.run(ScriptEngine.java:194)
	at com.kms.katalon.core.main.ScriptEngine.runScriptAsRawText(ScriptEngine.java:119)
	at com.kms.katalon.core.main.TestCaseExecutor.runScript(TestCaseExecutor.java:394)
	at com.kms.katalon.core.main.TestCaseExecutor.doExecute(TestCaseExecutor.java:385)
	at com.kms.katalon.core.main.TestCaseExecutor.processExecutionPhase(TestCaseExecutor.java:364)
	at com.kms.katalon.core.main.TestCaseExecutor.accessMainPhase(TestCaseExecutor.java:356)
	at com.kms.katalon.core.main.TestCaseExecutor.execute(TestCaseExecutor.java:251)
	at com.kms.katalon.core.main.TestSuiteExecutor.accessTestCaseMainPhase(TestSuiteExecutor.java:203)
	at com.kms.katalon.core.main.TestSuiteExecutor.accessTestSuiteMainPhase(TestSuiteExecutor.java:152)
	at com.kms.katalon.core.main.TestSuiteExecutor.execute(TestSuiteExecutor.java:95)
	at com.kms.katalon.core.main.TestCaseMain.startTestSuite(TestCaseMain.java:157)
	at com.kms.katalon.core.main.TestCaseMain$startTestSuite$0.call(Unknown Source)
	at TempTestSuite1613733201198.run(TempTestSuite1613733201198.groovy:39)
Caused by: com.kms.katalon.core.exception.StepFailedException: Text 'URL format is not valid.' is not present on page 
	at com.kms.katalon.core.webui.keyword.internal.WebUIKeywordMain.stepFailed(WebUIKeywordMain.groovy:64)
	at com.kms.katalon.core.webui.keyword.builtin.VerifyTextPresentKeyword$_verifyTextPresent_closure1.doCall(VerifyTextPresentKeyword.groovy:79)
	at com.kms.katalon.core.webui.keyword.builtin.VerifyTextPresentKeyword$_verifyTextPresent_closure1.call(VerifyTextPresentKeyword.groovy)
	at com.kms.katalon.core.webui.keyword.internal.WebUIKeywordMain.runKeyword(WebUIKeywordMain.groovy:20)
	... 19 more]]></system-out>
      <system-err><![CDATA[2021-02-19 16:53:28 - [TEST_SUITE][FAILED] - PublicUser_URL: Test Cases/UploadDiffURLs_PublicUser/TC_As public user , Trigger URL validation with invalid formats FAILED.
Reason:
com.kms.katalon.core.exception.StepFailedException: Unable to verify text 'URL format is not valid.' is present 
	at com.kms.katalon.core.webui.keyword.internal.WebUIKeywordMain.stepFailed(WebUIKeywordMain.groovy:64)
	at com.kms.katalon.core.webui.keyword.internal.WebUIKeywordMain.runKeyword(WebUIKeywordMain.groovy:26)
	at com.kms.katalon.core.webui.keyword.builtin.VerifyTextPresentKeyword.verifyTextPresent(VerifyTextPresentKeyword.groovy:83)
	at com.kms.katalon.core.webui.keyword.builtin.VerifyTextPresentKeyword.execute(VerifyTextPresentKeyword.groovy:68)
	at com.kms.katalon.core.keyword.internal.KeywordExecutor.executeKeywordForPlatform(KeywordExecutor.groovy:73)
	at com.kms.katalon.core.webui.keyword.WebUiBuiltInKeywords.verifyTextPresent(WebUiBuiltInKeywords.groovy:1720)
	at com.kms.katalon.core.webui.keyword.WebUiBuiltInKeywords$verifyTextPresent$6.call(Unknown Source)
	at TC_As public user , Trigger URL validation with invalid formats.run(TC_As public user , Trigger URL validation with invalid formats:24)
	at com.kms.katalon.core.main.ScriptEngine.run(ScriptEngine.java:194)
	at com.kms.katalon.core.main.ScriptEngine.runScriptAsRawText(ScriptEngine.java:119)
	at com.kms.katalon.core.main.TestCaseExecutor.runScript(TestCaseExecutor.java:394)
	at com.kms.katalon.core.main.TestCaseExecutor.doExecute(TestCaseExecutor.java:385)
	at com.kms.katalon.core.main.TestCaseExecutor.processExecutionPhase(TestCaseExecutor.java:364)
	at com.kms.katalon.core.main.TestCaseExecutor.accessMainPhase(TestCaseExecutor.java:356)
	at com.kms.katalon.core.main.TestCaseExecutor.execute(TestCaseExecutor.java:251)
	at com.kms.katalon.core.main.TestSuiteExecutor.accessTestCaseMainPhase(TestSuiteExecutor.java:203)
	at com.kms.katalon.core.main.TestSuiteExecutor.accessTestSuiteMainPhase(TestSuiteExecutor.java:152)
	at com.kms.katalon.core.main.TestSuiteExecutor.execute(TestSuiteExecutor.java:95)
	at com.kms.katalon.core.main.TestCaseMain.startTestSuite(TestCaseMain.java:157)
	at com.kms.katalon.core.main.TestCaseMain$startTestSuite$0.call(Unknown Source)
	at TempTestSuite1613733201198.run(TempTestSuite1613733201198.groovy:39)
Caused by: com.kms.katalon.core.exception.StepFailedException: Text 'URL format is not valid.' is not present on page 
	at com.kms.katalon.core.webui.keyword.internal.WebUIKeywordMain.stepFailed(WebUIKeywordMain.groovy:64)
	at com.kms.katalon.core.webui.keyword.builtin.VerifyTextPresentKeyword$_verifyTextPresent_closure1.doCall(VerifyTextPresentKeyword.groovy:79)
	at com.kms.katalon.core.webui.keyword.builtin.VerifyTextPresentKeyword$_verifyTextPresent_closure1.call(VerifyTextPresentKeyword.groovy)
	at com.kms.katalon.core.webui.keyword.internal.WebUIKeywordMain.runKeyword(WebUIKeywordMain.groovy:20)
	... 19 more]]></system-err>
   </testsuite>
   <testsuite name="PublicUser_UploadFiles" tests="26" failures="11" errors="0" time="615.824" skips="0" timestamp="2021-02-19 16:54:49" hostname="ashok - OMTPGCN1132568L" id="Test Suites/Regression_Suite/PublicUser_Suite/PublicUser_UploadFiles">
      <properties>
         <property name="deviceName" value=""/>
         <property name="devicePlatform" value=""/>
         <property name="logFolder" value="E:\\Inspect\\15022021\\SiteInspectAutomation\\Reports\\20210219_164318\\Regression_Suite\\PublicUser_Suite\\PublicUser_UploadFiles\\20210219_164323"/>
         <property name="logFiles" value="E:\\Inspect\\15022021\\SiteInspectAutomation\\Reports\\20210219_164318\\Regression_Suite\\PublicUser_Suite\\PublicUser_UploadFiles\\20210219_164323\\execution0.log"/>
         <property name="attachments" value="E:\\Inspect\\15022021\\SiteInspectAutomation\\Reports\\20210219_164318\\Regression_Suite\\PublicUser_Suite\\PublicUser_UploadFiles\\20210219_164323\\1613733995272.png, E:\\Inspect\\15022021\\SiteInspectAutomation\\Reports\\20210219_164318\\Regression_Suite\\PublicUser_Suite\\PublicUser_UploadFiles\\20210219_164323\\1613734276345.png"/>
         <property name="hostName" value="ashok - OMTPGCN1132568L"/>
         <property name="os" value="Windows 10 64bit"/>
         <property name="katalonVersion" value="7.8.2.208"/>
         <property name="browser" value="Chrome 86.0.4240.75"/>
         <property name="hostAddress" value="192.168.1.1"/>
         <property name="sessionId" value="cff0ced6add90ba3c5580b1c7eec96f8"/>
         <property name="seleniumVersion" value="3.141.59"/>
         <property name="proxyInformation" value="ProxyInformation { proxyOption=NO_PROXY, proxyServerType=HTTP, username=, password=********, proxyServerAddress=, proxyServerPort=0, executionList=&quot;&quot;, isApplyToDesiredCapabilities=true }"/>
         <property name="platform" value="Windows 10"/>
      </properties>
      <testcase name="Test Cases/UploadDiffFiles_PublicUser/TC_As a public user, Upload Adobe PhotoShop File" time="24.168" classname="Test Cases/UploadDiffFiles_PublicUser/TC_As a public user, Upload Adobe PhotoShop File" status="PASSED">
         <system-out><![CDATA[2021-02-19 16:54:50 - [TEST_CASE][PASSED] - Test Cases/UploadDiffFiles_PublicUser/TC_As a public user, Upload Adobe PhotoShop File: Test Cases/UploadDiffFiles_PublicUser/TC_As a public user, Upload Adobe PhotoShop File

2021-02-19 16:54:51 - [TEST_STEP][PASSED] - excelTestData = findTestData("Data Files/TestData/InspectTestData"): null

2021-02-19 16:54:51 - [TEST_STEP][PASSED] - userEmail = excelTestData.getValue(2, 23): null

2021-02-19 16:54:51 - [TEST_STEP][PASSED] - customKeywords.commanFunctions.uploadFileOfPublicUser(346, userEmail): customKeywords.commanFunctions.uploadFileOfPublicUser is PASSED

2021-02-19 16:54:52 - [MESSAGE][INFO] - Starting 'Chrome' driver

2021-02-19 16:54:52 - [MESSAGE][INFO] - Action delay is set to 0 milliseconds

2021-02-19 16:55:01 - [MESSAGE][PASSED] - Browser is opened with url: 'https://Inspect.Stage.site.sa'

2021-02-19 16:55:03 - [MESSAGE][PASSED] - Current window maximized

2021-02-19 16:55:04 - [MESSAGE][PASSED] - Wait for page load successfully

2021-02-19 16:55:04 - [MESSAGE][PASSED] - Object: 'Object Repository/HomePage/ChooseAFile' is clicked on

2021-02-19 16:55:06 - [MESSAGE][PASSED] - Delayed 2 second(s)

2021-02-19 16:55:08 - [MESSAGE][INFO] - Image Uploaded Sucsessfully

2021-02-19 16:55:10 - [MESSAGE][PASSED] - Delayed 2 second(s)

2021-02-19 16:55:10 - [MESSAGE][PASSED] - Text 'Adobe PhotoShop' is present on page 

2021-02-19 16:55:11 - [MESSAGE][PASSED] - Keys 'Os-ARahman@projects.site.sa' sent to object: 'Object Repository/PublicUserHomePage/email_Input'

2021-02-19 16:55:11 - [MESSAGE][PASSED] - Object: 'Object Repository/PublicUserHomePage/SiteInspectTermsOfUse_CheckBox' is clicked on

2021-02-19 16:55:12 - [MESSAGE][PASSED] - Object: 'Object Repository/HomePage/startAnalysis_EnableBtn' is clicked on

2021-02-19 16:55:14 - [MESSAGE][PASSED] - Text 'Your submission was successful
The analysis results will be delivered to you via email' is present on page 

2021-02-19 16:55:14 - [MESSAGE][PASSED] - customKeywords.commanFunctions.uploadFileOfPublicUser is PASSED

2021-02-19 16:55:14 - [TEST_STEP][PASSED] - customKeywords.commanFunctions.onlyCloseBrowser(): customKeywords.commanFunctions.onlyCloseBrowser is PASSED

2021-02-19 16:55:15 - [MESSAGE][PASSED] - Browser is closed

2021-02-19 16:55:15 - [MESSAGE][PASSED] - customKeywords.commanFunctions.onlyCloseBrowser is PASSED]]></system-out>
         <system-err><![CDATA[]]></system-err>
      </testcase>
      <testcase name="Test Cases/UploadDiffFiles_PublicUser/TC_As a public user, Upload Basic Audio File" time="56.105" classname="Test Cases/UploadDiffFiles_PublicUser/TC_As a public user, Upload Basic Audio File" status="FAILED">
         <failure type="FAILED" message="Test Cases/UploadDiffFiles_PublicUser/TC_As a public user, Upload Basic Audio File FAILED.
Reason:
com.kms.katalon.core.exception.StepFailedException: Unable to verify text 'BasicAudio' is present 
	at com.kms.katalon.core.webui.keyword.internal.WebUIKeywordMain.stepFailed(WebUIKeywordMain.groovy:64)
	at com.kms.katalon.core.webui.keyword.internal.WebUIKeywordMain.runKeyword(WebUIKeywordMain.groovy:26)
	at com.kms.katalon.core.webui.keyword.builtin.VerifyTextPresentKeyword.verifyTextPresent(VerifyTextPresentKeyword.groovy:83)
	at com.kms.katalon.core.webui.keyword.builtin.VerifyTextPresentKeyword.execute(VerifyTextPresentKeyword.groovy:68)
	at com.kms.katalon.core.keyword.internal.KeywordExecutor.executeKeywordForPlatform(KeywordExecutor.groovy:73)
	at com.kms.katalon.core.webui.keyword.WebUiBuiltInKeywords.verifyTextPresent(WebUiBuiltInKeywords.groovy:1720)
	at com.kms.katalon.core.webui.keyword.WebUiBuiltInKeywords$verifyTextPresent$3.call(Unknown Source)
	at customKeywords.commanFunctions.UploadReqFile(commanFunctions.groovy:282)
	at customKeywords.commanFunctions.uploadFileOfPublicUser(commanFunctions.groovy:656)
	at customKeywords.commanFunctions.invokeMethod(commanFunctions.groovy)
	at com.kms.katalon.core.main.CustomKeywordDelegatingMetaClass.invokeStaticMethod(CustomKeywordDelegatingMetaClass.java:50)
	at TC_As a public user, Upload Basic Audio File.run(TC_As a public user, Upload Basic Audio File:14)
	at com.kms.katalon.core.main.ScriptEngine.run(ScriptEngine.java:194)
	at com.kms.katalon.core.main.ScriptEngine.runScriptAsRawText(ScriptEngine.java:119)
	at com.kms.katalon.core.main.TestCaseExecutor.runScript(TestCaseExecutor.java:394)
	at com.kms.katalon.core.main.TestCaseExecutor.doExecute(TestCaseExecutor.java:385)
	at com.kms.katalon.core.main.TestCaseExecutor.processExecutionPhase(TestCaseExecutor.java:364)
	at com.kms.katalon.core.main.TestCaseExecutor.accessMainPhase(TestCaseExecutor.java:356)
	at com.kms.katalon.core.main.TestCaseExecutor.execute(TestCaseExecutor.java:251)
	at com.kms.katalon.core.main.TestSuiteExecutor.accessTestCaseMainPhase(TestSuiteExecutor.java:203)
	at com.kms.katalon.core.main.TestSuiteExecutor.accessTestSuiteMainPhase(TestSuiteExecutor.java:152)
	at com.kms.katalon.core.main.TestSuiteExecutor.execute(TestSuiteExecutor.java:95)
	at com.kms.katalon.core.main.TestCaseMain.startTestSuite(TestCaseMain.java:157)
	at com.kms.katalon.core.main.TestCaseMain$startTestSuite$0.call(Unknown Source)
	at TempTestSuite1613733203700.run(TempTestSuite1613733203700.groovy:39)
Caused by: org.openqa.selenium.WebDriverException: chrome not reachable
  (Session info: chrome=86.0.4240.75)
Build info: version: '3.141.59', revision: 'e82be7d358', time: '2018-11-14T08:25:53'
System info: host: 'OMTPGCN1132568L', ip: '192.168.1.1', os.name: 'Windows 10', os.arch: 'amd64', os.version: '10.0', java.version: '1.8.0_181'
Driver info: com.kms.katalon.selenium.driver.CChromeDriver
Capabilities {acceptInsecureCerts: false, browserName: chrome, browserVersion: 86.0.4240.75, chrome: {chromedriverVersion: 86.0.4240.22 (398b0743353ff..., userDataDir: C:\Users\ashok\AppData\Loca...}, goog:chromeOptions: {debuggerAddress: localhost:51653}, javascriptEnabled: true, networkConnectionEnabled: false, pageLoadStrategy: normal, platform: WINDOWS, platformName: WINDOWS, proxy: Proxy(), setWindowRect: true, strictFileInteractability: false, timeouts: {implicit: 0, pageLoad: 300000, script: 30000}, unhandledPromptBehavior: dismiss and notify, webauthn:virtualAuthenticators: true}
Session ID: 4dd18da85b2fc3e57e5862b5ab0f1c5e
*** Element info: {Using=tag name, value=body}
	at org.openqa.selenium.remote.http.W3CHttpResponseCodec.createException(W3CHttpResponseCodec.java:187)
	at org.openqa.selenium.remote.http.W3CHttpResponseCodec.decode(W3CHttpResponseCodec.java:122)
	at org.openqa.selenium.remote.http.W3CHttpResponseCodec.decode(W3CHttpResponseCodec.java:49)
	at org.openqa.selenium.remote.HttpCommandExecutor.execute(HttpCommandExecutor.java:158)
	at org.openqa.selenium.remote.service.DriverCommandExecutor.execute(DriverCommandExecutor.java:83)
	at org.openqa.selenium.remote.RemoteWebDriver.execute(RemoteWebDriver.java:552)
	at com.kms.katalon.selenium.driver.CChromeDriver.execute(CChromeDriver.java:19)
	at org.openqa.selenium.remote.RemoteWebDriver.findElement(RemoteWebDriver.java:323)
	at org.openqa.selenium.remote.RemoteWebDriver.findElementByTagName(RemoteWebDriver.java:396)
	at org.openqa.selenium.By$ByTagName.findElement(By.java:320)
	at org.openqa.selenium.remote.RemoteWebDriver.findElement(RemoteWebDriver.java:315)
	at org.openqa.selenium.support.events.EventFiringWebDriver.lambda$new$1(EventFiringWebDriver.java:105)
	at com.sun.proxy.$Proxy11.findElement(Unknown Source)
	at org.openqa.selenium.support.events.EventFiringWebDriver.findElement(EventFiringWebDriver.java:194)
	at com.kms.katalon.core.webui.common.WebUiCommonHelper.isTextPresent(WebUiCommonHelper.java:86)
	at com.kms.katalon.core.webui.keyword.builtin.VerifyTextPresentKeyword$_verifyTextPresent_closure1.doCall(VerifyTextPresentKeyword.groovy:75)
	at com.kms.katalon.core.webui.keyword.builtin.VerifyTextPresentKeyword$_verifyTextPresent_closure1.call(VerifyTextPresentKeyword.groovy)
	at com.kms.katalon.core.webui.keyword.internal.WebUIKeywordMain.runKeyword(WebUIKeywordMain.groovy:20)
	... 23 more
"/>
         <system-out><![CDATA[2021-02-19 16:55:15 - [TEST_CASE][FAILED] - Test Cases/UploadDiffFiles_PublicUser/TC_As a public user, Upload Basic Audio File: Test Cases/UploadDiffFiles_PublicUser/TC_As a public user, Upload Basic Audio File FAILED.
Reason:
com.kms.katalon.core.exception.StepFailedException: Unable to verify text 'BasicAudio' is present 
	at com.kms.katalon.core.webui.keyword.internal.WebUIKeywordMain.stepFailed(WebUIKeywordMain.groovy:64)
	at com.kms.katalon.core.webui.keyword.internal.WebUIKeywordMain.runKeyword(WebUIKeywordMain.groovy:26)
	at com.kms.katalon.core.webui.keyword.builtin.VerifyTextPresentKeyword.verifyTextPresent(VerifyTextPresentKeyword.groovy:83)
	at com.kms.katalon.core.webui.keyword.builtin.VerifyTextPresentKeyword.execute(VerifyTextPresentKeyword.groovy:68)
	at com.kms.katalon.core.keyword.internal.KeywordExecutor.executeKeywordForPlatform(KeywordExecutor.groovy:73)
	at com.kms.katalon.core.webui.keyword.WebUiBuiltInKeywords.verifyTextPresent(WebUiBuiltInKeywords.groovy:1720)
	at com.kms.katalon.core.webui.keyword.WebUiBuiltInKeywords$verifyTextPresent$3.call(Unknown Source)
	at customKeywords.commanFunctions.UploadReqFile(commanFunctions.groovy:282)
	at customKeywords.commanFunctions.uploadFileOfPublicUser(commanFunctions.groovy:656)
	at customKeywords.commanFunctions.invokeMethod(commanFunctions.groovy)
	at com.kms.katalon.core.main.CustomKeywordDelegatingMetaClass.invokeStaticMethod(CustomKeywordDelegatingMetaClass.java:50)
	at TC_As a public user, Upload Basic Audio File.run(TC_As a public user, Upload Basic Audio File:14)
	at com.kms.katalon.core.main.ScriptEngine.run(ScriptEngine.java:194)
	at com.kms.katalon.core.main.ScriptEngine.runScriptAsRawText(ScriptEngine.java:119)
	at com.kms.katalon.core.main.TestCaseExecutor.runScript(TestCaseExecutor.java:394)
	at com.kms.katalon.core.main.TestCaseExecutor.doExecute(TestCaseExecutor.java:385)
	at com.kms.katalon.core.main.TestCaseExecutor.processExecutionPhase(TestCaseExecutor.java:364)
	at com.kms.katalon.core.main.TestCaseExecutor.accessMainPhase(TestCaseExecutor.java:356)
	at com.kms.katalon.core.main.TestCaseExecutor.execute(TestCaseExecutor.java:251)
	at com.kms.katalon.core.main.TestSuiteExecutor.accessTestCaseMainPhase(TestSuiteExecutor.java:203)
	at com.kms.katalon.core.main.TestSuiteExecutor.accessTestSuiteMainPhase(TestSuiteExecutor.java:152)
	at com.kms.katalon.core.main.TestSuiteExecutor.execute(TestSuiteExecutor.java:95)
	at com.kms.katalon.core.main.TestCaseMain.startTestSuite(TestCaseMain.java:157)
	at com.kms.katalon.core.main.TestCaseMain$startTestSuite$0.call(Unknown Source)
	at TempTestSuite1613733203700.run(TempTestSuite1613733203700.groovy:39)
Caused by: org.openqa.selenium.WebDriverException: chrome not reachable
  (Session info: chrome=86.0.4240.75)
Build info: version: '3.141.59', revision: 'e82be7d358', time: '2018-11-14T08:25:53'
System info: host: 'OMTPGCN1132568L', ip: '192.168.1.1', os.name: 'Windows 10', os.arch: 'amd64', os.version: '10.0', java.version: '1.8.0_181'
Driver info: com.kms.katalon.selenium.driver.CChromeDriver
Capabilities {acceptInsecureCerts: false, browserName: chrome, browserVersion: 86.0.4240.75, chrome: {chromedriverVersion: 86.0.4240.22 (398b0743353ff..., userDataDir: C:\Users\ashok\AppData\Loca...}, goog:chromeOptions: {debuggerAddress: localhost:51653}, javascriptEnabled: true, networkConnectionEnabled: false, pageLoadStrategy: normal, platform: WINDOWS, platformName: WINDOWS, proxy: Proxy(), setWindowRect: true, strictFileInteractability: false, timeouts: {implicit: 0, pageLoad: 300000, script: 30000}, unhandledPromptBehavior: dismiss and notify, webauthn:virtualAuthenticators: true}
Session ID: 4dd18da85b2fc3e57e5862b5ab0f1c5e
*** Element info: {Using=tag name, value=body}
	at org.openqa.selenium.remote.http.W3CHttpResponseCodec.createException(W3CHttpResponseCodec.java:187)
	at org.openqa.selenium.remote.http.W3CHttpResponseCodec.decode(W3CHttpResponseCodec.java:122)
	at org.openqa.selenium.remote.http.W3CHttpResponseCodec.decode(W3CHttpResponseCodec.java:49)
	at org.openqa.selenium.remote.HttpCommandExecutor.execute(HttpCommandExecutor.java:158)
	at org.openqa.selenium.remote.service.DriverCommandExecutor.execute(DriverCommandExecutor.java:83)
	at org.openqa.selenium.remote.RemoteWebDriver.execute(RemoteWebDriver.java:552)
	at com.kms.katalon.selenium.driver.CChromeDriver.execute(CChromeDriver.java:19)
	at org.openqa.selenium.remote.RemoteWebDriver.findElement(RemoteWebDriver.java:323)
	at org.openqa.selenium.remote.RemoteWebDriver.findElementByTagName(RemoteWebDriver.java:396)
	at org.openqa.selenium.By$ByTagName.findElement(By.java:320)
	at org.openqa.selenium.remote.RemoteWebDriver.findElement(RemoteWebDriver.java:315)
	at org.openqa.selenium.support.events.EventFiringWebDriver.lambda$new$1(EventFiringWebDriver.java:105)
	at com.sun.proxy.$Proxy11.findElement(Unknown Source)
	at org.openqa.selenium.support.events.EventFiringWebDriver.findElement(EventFiringWebDriver.java:194)
	at com.kms.katalon.core.webui.common.WebUiCommonHelper.isTextPresent(WebUiCommonHelper.java:86)
	at com.kms.katalon.core.webui.keyword.builtin.VerifyTextPresentKeyword$_verifyTextPresent_closure1.doCall(VerifyTextPresentKeyword.groovy:75)
	at com.kms.katalon.core.webui.keyword.builtin.VerifyTextPresentKeyword$_verifyTextPresent_closure1.call(VerifyTextPresentKeyword.groovy)
	at com.kms.katalon.core.webui.keyword.internal.WebUIKeywordMain.runKeyword(WebUIKeywordMain.groovy:20)
	... 23 more


2021-02-19 16:55:15 - [TEST_STEP][PASSED] - excelTestData = findTestData("Data Files/TestData/InspectTestData"): null

2021-02-19 16:55:15 - [TEST_STEP][PASSED] - userEmail = excelTestData.getValue(2, 23): null

2021-02-19 16:55:15 - [TEST_STEP][FAILED] - customKeywords.commanFunctions.uploadFileOfPublicUser(228, userEmail): Unable to verify text 'BasicAudio' is present 

2021-02-19 16:55:15 - [MESSAGE][INFO] - Starting 'Chrome' driver

2021-02-19 16:55:15 - [MESSAGE][INFO] - Action delay is set to 0 milliseconds

2021-02-19 16:55:25 - [MESSAGE][PASSED] - Browser is opened with url: 'https://Inspect.Stage.site.sa'

2021-02-19 16:55:27 - [MESSAGE][PASSED] - Current window maximized

2021-02-19 16:55:27 - [MESSAGE][PASSED] - Wait for page load successfully

2021-02-19 16:55:28 - [MESSAGE][PASSED] - Object: 'Object Repository/HomePage/ChooseAFile' is clicked on

2021-02-19 16:55:30 - [MESSAGE][PASSED] - Delayed 2 second(s)

2021-02-19 16:55:32 - [MESSAGE][INFO] - Image Uploaded Sucsessfully

2021-02-19 16:55:34 - [MESSAGE][PASSED] - Delayed 2 second(s)

2021-02-19 16:56:10 - [MESSAGE][WARNING] - Cannot take screenshot

2021-02-19 16:56:10 - [MESSAGE][FAILED] - Unable to verify text 'BasicAudio' is present  (Root cause: com.kms.katalon.core.exception.StepFailedException: Unable to verify text 'BasicAudio' is present 
	at com.kms.katalon.core.webui.keyword.internal.WebUIKeywordMain.stepFailed(WebUIKeywordMain.groovy:64)
	at com.kms.katalon.core.webui.keyword.internal.WebUIKeywordMain.runKeyword(WebUIKeywordMain.groovy:26)
	at com.kms.katalon.core.webui.keyword.builtin.VerifyTextPresentKeyword.verifyTextPresent(VerifyTextPresentKeyword.groovy:83)
	at com.kms.katalon.core.webui.keyword.builtin.VerifyTextPresentKeyword.execute(VerifyTextPresentKeyword.groovy:68)
	at com.kms.katalon.core.keyword.internal.KeywordExecutor.executeKeywordForPlatform(KeywordExecutor.groovy:73)
	at com.kms.katalon.core.webui.keyword.WebUiBuiltInKeywords.verifyTextPresent(WebUiBuiltInKeywords.groovy:1720)
	at com.kms.katalon.core.webui.keyword.WebUiBuiltInKeywords$verifyTextPresent$3.call(Unknown Source)
	at customKeywords.commanFunctions.UploadReqFile(commanFunctions.groovy:282)
	at customKeywords.commanFunctions.uploadFileOfPublicUser(commanFunctions.groovy:656)
	at customKeywords.commanFunctions.invokeMethod(commanFunctions.groovy)
	at com.kms.katalon.core.main.CustomKeywordDelegatingMetaClass.invokeStaticMethod(CustomKeywordDelegatingMetaClass.java:50)
	at TC_As a public user, Upload Basic Audio File.run(TC_As a public user, Upload Basic Audio File:14)
	at com.kms.katalon.core.main.ScriptEngine.run(ScriptEngine.java:194)
	at com.kms.katalon.core.main.ScriptEngine.runScriptAsRawText(ScriptEngine.java:119)
	at com.kms.katalon.core.main.TestCaseExecutor.runScript(TestCaseExecutor.java:394)
	at com.kms.katalon.core.main.TestCaseExecutor.doExecute(TestCaseExecutor.java:385)
	at com.kms.katalon.core.main.TestCaseExecutor.processExecutionPhase(TestCaseExecutor.java:364)
	at com.kms.katalon.core.main.TestCaseExecutor.accessMainPhase(TestCaseExecutor.java:356)
	at com.kms.katalon.core.main.TestCaseExecutor.execute(TestCaseExecutor.java:251)
	at com.kms.katalon.core.main.TestSuiteExecutor.accessTestCaseMainPhase(TestSuiteExecutor.java:203)
	at com.kms.katalon.core.main.TestSuiteExecutor.accessTestSuiteMainPhase(TestSuiteExecutor.java:152)
	at com.kms.katalon.core.main.TestSuiteExecutor.execute(TestSuiteExecutor.java:95)
	at com.kms.katalon.core.main.TestCaseMain.startTestSuite(TestCaseMain.java:157)
	at com.kms.katalon.core.main.TestCaseMain$startTestSuite$0.call(Unknown Source)
	at TempTestSuite1613733203700.run(TempTestSuite1613733203700.groovy:39)
Caused by: org.openqa.selenium.WebDriverException: chrome not reachable
  (Session info: chrome=86.0.4240.75)
Build info: version: '3.141.59', revision: 'e82be7d358', time: '2018-11-14T08:25:53'
System info: host: 'OMTPGCN1132568L', ip: '192.168.1.1', os.name: 'Windows 10', os.arch: 'amd64', os.version: '10.0', java.version: '1.8.0_181'
Driver info: com.kms.katalon.selenium.driver.CChromeDriver
Capabilities {acceptInsecureCerts: false, browserName: chrome, browserVersion: 86.0.4240.75, chrome: {chromedriverVersion: 86.0.4240.22 (398b0743353ff..., userDataDir: C:\Users\ashok\AppData\Loca...}, goog:chromeOptions: {debuggerAddress: localhost:51653}, javascriptEnabled: true, networkConnectionEnabled: false, pageLoadStrategy: normal, platform: WINDOWS, platformName: WINDOWS, proxy: Proxy(), setWindowRect: true, strictFileInteractability: false, timeouts: {implicit: 0, pageLoad: 300000, script: 30000}, unhandledPromptBehavior: dismiss and notify, webauthn:virtualAuthenticators: true}
Session ID: 4dd18da85b2fc3e57e5862b5ab0f1c5e
*** Element info: {Using=tag name, value=body}
	at org.openqa.selenium.remote.http.W3CHttpResponseCodec.createException(W3CHttpResponseCodec.java:187)
	at org.openqa.selenium.remote.http.W3CHttpResponseCodec.decode(W3CHttpResponseCodec.java:122)
	at org.openqa.selenium.remote.http.W3CHttpResponseCodec.decode(W3CHttpResponseCodec.java:49)
	at org.openqa.selenium.remote.HttpCommandExecutor.execute(HttpCommandExecutor.java:158)
	at org.openqa.selenium.remote.service.DriverCommandExecutor.execute(DriverCommandExecutor.java:83)
	at org.openqa.selenium.remote.RemoteWebDriver.execute(RemoteWebDriver.java:552)
	at com.kms.katalon.selenium.driver.CChromeDriver.execute(CChromeDriver.java:19)
	at org.openqa.selenium.remote.RemoteWebDriver.findElement(RemoteWebDriver.java:323)
	at org.openqa.selenium.remote.RemoteWebDriver.findElementByTagName(RemoteWebDriver.java:396)
	at org.openqa.selenium.By$ByTagName.findElement(By.java:320)
	at org.openqa.selenium.remote.RemoteWebDriver.findElement(RemoteWebDriver.java:315)
	at org.openqa.selenium.support.events.EventFiringWebDriver.lambda$new$1(EventFiringWebDriver.java:105)
	at com.sun.proxy.$Proxy11.findElement(Unknown Source)
	at org.openqa.selenium.support.events.EventFiringWebDriver.findElement(EventFiringWebDriver.java:194)
	at com.kms.katalon.core.webui.common.WebUiCommonHelper.isTextPresent(WebUiCommonHelper.java:86)
	at com.kms.katalon.core.webui.keyword.builtin.VerifyTextPresentKeyword$_verifyTextPresent_closure1.doCall(VerifyTextPresentKeyword.groovy:75)
	at com.kms.katalon.core.webui.keyword.builtin.VerifyTextPresentKeyword$_verifyTextPresent_closure1.call(VerifyTextPresentKeyword.groovy)
	at com.kms.katalon.core.webui.keyword.internal.WebUIKeywordMain.runKeyword(WebUIKeywordMain.groovy:20)
	at com.kms.katalon.core.webui.keyword.builtin.VerifyTextPresentKeyword.verifyTextPresent(VerifyTextPresentKeyword.groovy:83)
	at com.kms.katalon.core.webui.keyword.builtin.VerifyTextPresentKeyword.execute(VerifyTextPresentKeyword.groovy:68)
	at com.kms.katalon.core.keyword.internal.KeywordExecutor.executeKeywordForPlatform(KeywordExecutor.groovy:73)
	at com.kms.katalon.core.webui.keyword.WebUiBuiltInKeywords.verifyTextPresent(WebUiBuiltInKeywords.groovy:1720)
	at com.kms.katalon.core.webui.keyword.WebUiBuiltInKeywords$verifyTextPresent$3.call(Unknown Source)
	at customKeywords.commanFunctions.UploadReqFile(commanFunctions.groovy:282)
	at customKeywords.commanFunctions.uploadFileOfPublicUser(commanFunctions.groovy:656)
	at customKeywords.commanFunctions.invokeMethod(commanFunctions.groovy)
	at com.kms.katalon.core.main.CustomKeywordDelegatingMetaClass.invokeStaticMethod(CustomKeywordDelegatingMetaClass.java:50)
	at Script1613231868449.run(Script1613231868449.groovy:14)
	... 13 more
)

2021-02-19 16:56:10 - [MESSAGE][FAILED] - Unable to verify text 'BasicAudio' is present 

2021-02-19 16:56:10 - [TEST_STEP][PASSED] - Start tear down : tearDownMethodIfFailed: Method 'tearDownMethodIfFailed' complete successfully

2021-02-19 16:56:10 - [TEST_STEP][PASSED] - customKeywords.commanFunctions.onlyCloseBrowser(): customKeywords.commanFunctions.onlyCloseBrowser is PASSED

2021-02-19 16:56:11 - [MESSAGE][PASSED] - Browser is closed

2021-02-19 16:56:11 - [MESSAGE][PASSED] - customKeywords.commanFunctions.onlyCloseBrowser is PASSED

2021-02-19 16:56:11 - [TEST_STEP][PASSED] - logInfo("[--------This is tearDownIfFailed method------]"): [--------This is tearDownIfFailed method------]

2021-02-19 16:56:11 - [MESSAGE][INFO] - [--------This is tearDownIfFailed method------]

2021-02-19 16:56:11 - [MESSAGE][PASSED] - Method 'tearDownMethodIfFailed' complete successfully]]></system-out>
         <system-err><![CDATA[2021-02-19 16:55:15 - [TEST_CASE][FAILED] - Test Cases/UploadDiffFiles_PublicUser/TC_As a public user, Upload Basic Audio File: Test Cases/UploadDiffFiles_PublicUser/TC_As a public user, Upload Basic Audio File FAILED.
Reason:
com.kms.katalon.core.exception.StepFailedException: Unable to verify text 'BasicAudio' is present 
	at com.kms.katalon.core.webui.keyword.internal.WebUIKeywordMain.stepFailed(WebUIKeywordMain.groovy:64)
	at com.kms.katalon.core.webui.keyword.internal.WebUIKeywordMain.runKeyword(WebUIKeywordMain.groovy:26)
	at com.kms.katalon.core.webui.keyword.builtin.VerifyTextPresentKeyword.verifyTextPresent(VerifyTextPresentKeyword.groovy:83)
	at com.kms.katalon.core.webui.keyword.builtin.VerifyTextPresentKeyword.execute(VerifyTextPresentKeyword.groovy:68)
	at com.kms.katalon.core.keyword.internal.KeywordExecutor.executeKeywordForPlatform(KeywordExecutor.groovy:73)
	at com.kms.katalon.core.webui.keyword.WebUiBuiltInKeywords.verifyTextPresent(WebUiBuiltInKeywords.groovy:1720)
	at com.kms.katalon.core.webui.keyword.WebUiBuiltInKeywords$verifyTextPresent$3.call(Unknown Source)
	at customKeywords.commanFunctions.UploadReqFile(commanFunctions.groovy:282)
	at customKeywords.commanFunctions.uploadFileOfPublicUser(commanFunctions.groovy:656)
	at customKeywords.commanFunctions.invokeMethod(commanFunctions.groovy)
	at com.kms.katalon.core.main.CustomKeywordDelegatingMetaClass.invokeStaticMethod(CustomKeywordDelegatingMetaClass.java:50)
	at TC_As a public user, Upload Basic Audio File.run(TC_As a public user, Upload Basic Audio File:14)
	at com.kms.katalon.core.main.ScriptEngine.run(ScriptEngine.java:194)
	at com.kms.katalon.core.main.ScriptEngine.runScriptAsRawText(ScriptEngine.java:119)
	at com.kms.katalon.core.main.TestCaseExecutor.runScript(TestCaseExecutor.java:394)
	at com.kms.katalon.core.main.TestCaseExecutor.doExecute(TestCaseExecutor.java:385)
	at com.kms.katalon.core.main.TestCaseExecutor.processExecutionPhase(TestCaseExecutor.java:364)
	at com.kms.katalon.core.main.TestCaseExecutor.accessMainPhase(TestCaseExecutor.java:356)
	at com.kms.katalon.core.main.TestCaseExecutor.execute(TestCaseExecutor.java:251)
	at com.kms.katalon.core.main.TestSuiteExecutor.accessTestCaseMainPhase(TestSuiteExecutor.java:203)
	at com.kms.katalon.core.main.TestSuiteExecutor.accessTestSuiteMainPhase(TestSuiteExecutor.java:152)
	at com.kms.katalon.core.main.TestSuiteExecutor.execute(TestSuiteExecutor.java:95)
	at com.kms.katalon.core.main.TestCaseMain.startTestSuite(TestCaseMain.java:157)
	at com.kms.katalon.core.main.TestCaseMain$startTestSuite$0.call(Unknown Source)
	at TempTestSuite1613733203700.run(TempTestSuite1613733203700.groovy:39)
Caused by: org.openqa.selenium.WebDriverException: chrome not reachable
  (Session info: chrome=86.0.4240.75)
Build info: version: '3.141.59', revision: 'e82be7d358', time: '2018-11-14T08:25:53'
System info: host: 'OMTPGCN1132568L', ip: '192.168.1.1', os.name: 'Windows 10', os.arch: 'amd64', os.version: '10.0', java.version: '1.8.0_181'
Driver info: com.kms.katalon.selenium.driver.CChromeDriver
Capabilities {acceptInsecureCerts: false, browserName: chrome, browserVersion: 86.0.4240.75, chrome: {chromedriverVersion: 86.0.4240.22 (398b0743353ff..., userDataDir: C:\Users\ashok\AppData\Loca...}, goog:chromeOptions: {debuggerAddress: localhost:51653}, javascriptEnabled: true, networkConnectionEnabled: false, pageLoadStrategy: normal, platform: WINDOWS, platformName: WINDOWS, proxy: Proxy(), setWindowRect: true, strictFileInteractability: false, timeouts: {implicit: 0, pageLoad: 300000, script: 30000}, unhandledPromptBehavior: dismiss and notify, webauthn:virtualAuthenticators: true}
Session ID: 4dd18da85b2fc3e57e5862b5ab0f1c5e
*** Element info: {Using=tag name, value=body}
	at org.openqa.selenium.remote.http.W3CHttpResponseCodec.createException(W3CHttpResponseCodec.java:187)
	at org.openqa.selenium.remote.http.W3CHttpResponseCodec.decode(W3CHttpResponseCodec.java:122)
	at org.openqa.selenium.remote.http.W3CHttpResponseCodec.decode(W3CHttpResponseCodec.java:49)
	at org.openqa.selenium.remote.HttpCommandExecutor.execute(HttpCommandExecutor.java:158)
	at org.openqa.selenium.remote.service.DriverCommandExecutor.execute(DriverCommandExecutor.java:83)
	at org.openqa.selenium.remote.RemoteWebDriver.execute(RemoteWebDriver.java:552)
	at com.kms.katalon.selenium.driver.CChromeDriver.execute(CChromeDriver.java:19)
	at org.openqa.selenium.remote.RemoteWebDriver.findElement(RemoteWebDriver.java:323)
	at org.openqa.selenium.remote.RemoteWebDriver.findElementByTagName(RemoteWebDriver.java:396)
	at org.openqa.selenium.By$ByTagName.findElement(By.java:320)
	at org.openqa.selenium.remote.RemoteWebDriver.findElement(RemoteWebDriver.java:315)
	at org.openqa.selenium.support.events.EventFiringWebDriver.lambda$new$1(EventFiringWebDriver.java:105)
	at com.sun.proxy.$Proxy11.findElement(Unknown Source)
	at org.openqa.selenium.support.events.EventFiringWebDriver.findElement(EventFiringWebDriver.java:194)
	at com.kms.katalon.core.webui.common.WebUiCommonHelper.isTextPresent(WebUiCommonHelper.java:86)
	at com.kms.katalon.core.webui.keyword.builtin.VerifyTextPresentKeyword$_verifyTextPresent_closure1.doCall(VerifyTextPresentKeyword.groovy:75)
	at com.kms.katalon.core.webui.keyword.builtin.VerifyTextPresentKeyword$_verifyTextPresent_closure1.call(VerifyTextPresentKeyword.groovy)
	at com.kms.katalon.core.webui.keyword.internal.WebUIKeywordMain.runKeyword(WebUIKeywordMain.groovy:20)
	... 23 more]]></system-err>
      </testcase>
      <testcase name="Test Cases/UploadDiffFiles_PublicUser/TC_As a public user, Upload CSV File" time="5.402" classname="Test Cases/UploadDiffFiles_PublicUser/TC_As a public user, Upload CSV File" status="FAILED">
         <failure type="FAILED" message="Test Cases/UploadDiffFiles_PublicUser/TC_As a public user, Upload CSV File FAILED.
Reason:
com.kms.katalon.core.exception.StepFailedException: Unable to maximize current window
	at com.kms.katalon.core.webui.keyword.internal.WebUIKeywordMain.stepFailed(WebUIKeywordMain.groovy:64)
	at com.kms.katalon.core.webui.keyword.internal.WebUIKeywordMain.runKeyword(WebUIKeywordMain.groovy:26)
	at com.kms.katalon.core.webui.keyword.builtin.MaximizeWindowKeyword.maximizeWindow(MaximizeWindowKeyword.groovy:74)
	at com.kms.katalon.core.webui.keyword.builtin.MaximizeWindowKeyword.execute(MaximizeWindowKeyword.groovy:69)
	at com.kms.katalon.core.keyword.internal.KeywordExecutor.executeKeywordForPlatform(KeywordExecutor.groovy:73)
	at com.kms.katalon.core.webui.keyword.WebUiBuiltInKeywords.maximizeWindow(WebUiBuiltInKeywords.groovy:280)
	at com.kms.katalon.core.webui.keyword.WebUiBuiltInKeywords$maximizeWindow$0.call(Unknown Source)
	at customKeywords.commanFunctions.openBrowser(commanFunctions.groovy:48)
	at customKeywords.commanFunctions.uploadFileOfPublicUser(commanFunctions.groovy:650)
	at customKeywords.commanFunctions.invokeMethod(commanFunctions.groovy)
	at com.kms.katalon.core.main.CustomKeywordDelegatingMetaClass.invokeStaticMethod(CustomKeywordDelegatingMetaClass.java:50)
	at TC_As a public user, Upload CSV File.run(TC_As a public user, Upload CSV File:14)
	at com.kms.katalon.core.main.ScriptEngine.run(ScriptEngine.java:194)
	at com.kms.katalon.core.main.ScriptEngine.runScriptAsRawText(ScriptEngine.java:119)
	at com.kms.katalon.core.main.TestCaseExecutor.runScript(TestCaseExecutor.java:394)
	at com.kms.katalon.core.main.TestCaseExecutor.doExecute(TestCaseExecutor.java:385)
	at com.kms.katalon.core.main.TestCaseExecutor.processExecutionPhase(TestCaseExecutor.java:364)
	at com.kms.katalon.core.main.TestCaseExecutor.accessMainPhase(TestCaseExecutor.java:356)
	at com.kms.katalon.core.main.TestCaseExecutor.execute(TestCaseExecutor.java:251)
	at com.kms.katalon.core.main.TestSuiteExecutor.accessTestCaseMainPhase(TestSuiteExecutor.java:203)
	at com.kms.katalon.core.main.TestSuiteExecutor.accessTestSuiteMainPhase(TestSuiteExecutor.java:152)
	at com.kms.katalon.core.main.TestSuiteExecutor.execute(TestSuiteExecutor.java:95)
	at com.kms.katalon.core.main.TestCaseMain.startTestSuite(TestCaseMain.java:157)
	at com.kms.katalon.core.main.TestCaseMain$startTestSuite$0.call(Unknown Source)
	at TempTestSuite1613733203700.run(TempTestSuite1613733203700.groovy:39)
Caused by: org.openqa.selenium.NoSuchWindowException: no such window: target window already closed
from unknown error: web view not found
  (Session info: chrome=86.0.4240.75)
Build info: version: '3.141.59', revision: 'e82be7d358', time: '2018-11-14T08:25:53'
System info: host: 'OMTPGCN1132568L', ip: '192.168.1.1', os.name: 'Windows 10', os.arch: 'amd64', os.version: '10.0', java.version: '1.8.0_181'
Driver info: com.kms.katalon.selenium.driver.CChromeDriver
Capabilities {acceptInsecureCerts: false, browserName: chrome, browserVersion: 86.0.4240.75, chrome: {chromedriverVersion: 86.0.4240.22 (398b0743353ff..., userDataDir: C:\Users\ashok\AppData\Loca...}, goog:chromeOptions: {debuggerAddress: localhost:51732}, javascriptEnabled: true, networkConnectionEnabled: false, pageLoadStrategy: normal, platform: WINDOWS, platformName: WINDOWS, proxy: Proxy(), setWindowRect: true, strictFileInteractability: false, timeouts: {implicit: 0, pageLoad: 300000, script: 30000}, unhandledPromptBehavior: dismiss and notify, webauthn:virtualAuthenticators: true}
Session ID: bde86d8be492c4e62d0f40ad3fa39267
	at org.openqa.selenium.remote.http.W3CHttpResponseCodec.createException(W3CHttpResponseCodec.java:187)
	at org.openqa.selenium.remote.http.W3CHttpResponseCodec.decode(W3CHttpResponseCodec.java:122)
	at org.openqa.selenium.remote.http.W3CHttpResponseCodec.decode(W3CHttpResponseCodec.java:49)
	at org.openqa.selenium.remote.HttpCommandExecutor.execute(HttpCommandExecutor.java:158)
	at org.openqa.selenium.remote.service.DriverCommandExecutor.execute(DriverCommandExecutor.java:83)
	at org.openqa.selenium.remote.RemoteWebDriver.execute(RemoteWebDriver.java:552)
	at com.kms.katalon.selenium.driver.CChromeDriver.execute(CChromeDriver.java:19)
	at org.openqa.selenium.remote.RemoteWebDriver.execute(RemoteWebDriver.java:609)
	at org.openqa.selenium.remote.RemoteWebDriver$RemoteWebDriverOptions$RemoteWindow.maximize(RemoteWebDriver.java:837)
	at org.openqa.selenium.support.events.EventFiringWebDriver$EventFiringWindow.maximize(EventFiringWebDriver.java:769)
	at com.kms.katalon.core.webui.keyword.builtin.MaximizeWindowKeyword$_maximizeWindow_closure1.doCall(MaximizeWindowKeyword.groovy:85)
	at com.kms.katalon.core.webui.keyword.builtin.MaximizeWindowKeyword$_maximizeWindow_closure1.call(MaximizeWindowKeyword.groovy)
	at com.kms.katalon.core.webui.keyword.internal.WebUIKeywordMain.runKeyword(WebUIKeywordMain.groovy:20)
	... 23 more
"/>
         <system-out><![CDATA[2021-02-19 16:56:11 - [TEST_CASE][FAILED] - Test Cases/UploadDiffFiles_PublicUser/TC_As a public user, Upload CSV File: Test Cases/UploadDiffFiles_PublicUser/TC_As a public user, Upload CSV File FAILED.
Reason:
com.kms.katalon.core.exception.StepFailedException: Unable to maximize current window
	at com.kms.katalon.core.webui.keyword.internal.WebUIKeywordMain.stepFailed(WebUIKeywordMain.groovy:64)
	at com.kms.katalon.core.webui.keyword.internal.WebUIKeywordMain.runKeyword(WebUIKeywordMain.groovy:26)
	at com.kms.katalon.core.webui.keyword.builtin.MaximizeWindowKeyword.maximizeWindow(MaximizeWindowKeyword.groovy:74)
	at com.kms.katalon.core.webui.keyword.builtin.MaximizeWindowKeyword.execute(MaximizeWindowKeyword.groovy:69)
	at com.kms.katalon.core.keyword.internal.KeywordExecutor.executeKeywordForPlatform(KeywordExecutor.groovy:73)
	at com.kms.katalon.core.webui.keyword.WebUiBuiltInKeywords.maximizeWindow(WebUiBuiltInKeywords.groovy:280)
	at com.kms.katalon.core.webui.keyword.WebUiBuiltInKeywords$maximizeWindow$0.call(Unknown Source)
	at customKeywords.commanFunctions.openBrowser(commanFunctions.groovy:48)
	at customKeywords.commanFunctions.uploadFileOfPublicUser(commanFunctions.groovy:650)
	at customKeywords.commanFunctions.invokeMethod(commanFunctions.groovy)
	at com.kms.katalon.core.main.CustomKeywordDelegatingMetaClass.invokeStaticMethod(CustomKeywordDelegatingMetaClass.java:50)
	at TC_As a public user, Upload CSV File.run(TC_As a public user, Upload CSV File:14)
	at com.kms.katalon.core.main.ScriptEngine.run(ScriptEngine.java:194)
	at com.kms.katalon.core.main.ScriptEngine.runScriptAsRawText(ScriptEngine.java:119)
	at com.kms.katalon.core.main.TestCaseExecutor.runScript(TestCaseExecutor.java:394)
	at com.kms.katalon.core.main.TestCaseExecutor.doExecute(TestCaseExecutor.java:385)
	at com.kms.katalon.core.main.TestCaseExecutor.processExecutionPhase(TestCaseExecutor.java:364)
	at com.kms.katalon.core.main.TestCaseExecutor.accessMainPhase(TestCaseExecutor.java:356)
	at com.kms.katalon.core.main.TestCaseExecutor.execute(TestCaseExecutor.java:251)
	at com.kms.katalon.core.main.TestSuiteExecutor.accessTestCaseMainPhase(TestSuiteExecutor.java:203)
	at com.kms.katalon.core.main.TestSuiteExecutor.accessTestSuiteMainPhase(TestSuiteExecutor.java:152)
	at com.kms.katalon.core.main.TestSuiteExecutor.execute(TestSuiteExecutor.java:95)
	at com.kms.katalon.core.main.TestCaseMain.startTestSuite(TestCaseMain.java:157)
	at com.kms.katalon.core.main.TestCaseMain$startTestSuite$0.call(Unknown Source)
	at TempTestSuite1613733203700.run(TempTestSuite1613733203700.groovy:39)
Caused by: org.openqa.selenium.NoSuchWindowException: no such window: target window already closed
from unknown error: web view not found
  (Session info: chrome=86.0.4240.75)
Build info: version: '3.141.59', revision: 'e82be7d358', time: '2018-11-14T08:25:53'
System info: host: 'OMTPGCN1132568L', ip: '192.168.1.1', os.name: 'Windows 10', os.arch: 'amd64', os.version: '10.0', java.version: '1.8.0_181'
Driver info: com.kms.katalon.selenium.driver.CChromeDriver
Capabilities {acceptInsecureCerts: false, browserName: chrome, browserVersion: 86.0.4240.75, chrome: {chromedriverVersion: 86.0.4240.22 (398b0743353ff..., userDataDir: C:\Users\ashok\AppData\Loca...}, goog:chromeOptions: {debuggerAddress: localhost:51732}, javascriptEnabled: true, networkConnectionEnabled: false, pageLoadStrategy: normal, platform: WINDOWS, platformName: WINDOWS, proxy: Proxy(), setWindowRect: true, strictFileInteractability: false, timeouts: {implicit: 0, pageLoad: 300000, script: 30000}, unhandledPromptBehavior: dismiss and notify, webauthn:virtualAuthenticators: true}
Session ID: bde86d8be492c4e62d0f40ad3fa39267
	at org.openqa.selenium.remote.http.W3CHttpResponseCodec.createException(W3CHttpResponseCodec.java:187)
	at org.openqa.selenium.remote.http.W3CHttpResponseCodec.decode(W3CHttpResponseCodec.java:122)
	at org.openqa.selenium.remote.http.W3CHttpResponseCodec.decode(W3CHttpResponseCodec.java:49)
	at org.openqa.selenium.remote.HttpCommandExecutor.execute(HttpCommandExecutor.java:158)
	at org.openqa.selenium.remote.service.DriverCommandExecutor.execute(DriverCommandExecutor.java:83)
	at org.openqa.selenium.remote.RemoteWebDriver.execute(RemoteWebDriver.java:552)
	at com.kms.katalon.selenium.driver.CChromeDriver.execute(CChromeDriver.java:19)
	at org.openqa.selenium.remote.RemoteWebDriver.execute(RemoteWebDriver.java:609)
	at org.openqa.selenium.remote.RemoteWebDriver$RemoteWebDriverOptions$RemoteWindow.maximize(RemoteWebDriver.java:837)
	at org.openqa.selenium.support.events.EventFiringWebDriver$EventFiringWindow.maximize(EventFiringWebDriver.java:769)
	at com.kms.katalon.core.webui.keyword.builtin.MaximizeWindowKeyword$_maximizeWindow_closure1.doCall(MaximizeWindowKeyword.groovy:85)
	at com.kms.katalon.core.webui.keyword.builtin.MaximizeWindowKeyword$_maximizeWindow_closure1.call(MaximizeWindowKeyword.groovy)
	at com.kms.katalon.core.webui.keyword.internal.WebUIKeywordMain.runKeyword(WebUIKeywordMain.groovy:20)
	... 23 more


2021-02-19 16:56:11 - [TEST_STEP][PASSED] - excelTestData = findTestData("Data Files/TestData/InspectTestData"): null

2021-02-19 16:56:11 - [TEST_STEP][PASSED] - userEmail = excelTestData.getValue(2, 23): null

2021-02-19 16:56:11 - [TEST_STEP][FAILED] - customKeywords.commanFunctions.uploadFileOfPublicUser(176, userEmail): Unable to maximize current window

2021-02-19 16:56:11 - [MESSAGE][INFO] - Starting 'Chrome' driver

2021-02-19 16:56:11 - [MESSAGE][INFO] - Action delay is set to 0 milliseconds

2021-02-19 16:56:15 - [MESSAGE][PASSED] - Browser is opened with url: 'https://Inspect.Stage.site.sa'

2021-02-19 16:56:15 - [MESSAGE][WARNING] - Cannot take screenshot

2021-02-19 16:56:15 - [MESSAGE][FAILED] - Unable to maximize current window (Root cause: com.kms.katalon.core.exception.StepFailedException: Unable to maximize current window
	at com.kms.katalon.core.webui.keyword.internal.WebUIKeywordMain.stepFailed(WebUIKeywordMain.groovy:64)
	at com.kms.katalon.core.webui.keyword.internal.WebUIKeywordMain.runKeyword(WebUIKeywordMain.groovy:26)
	at com.kms.katalon.core.webui.keyword.builtin.MaximizeWindowKeyword.maximizeWindow(MaximizeWindowKeyword.groovy:74)
	at com.kms.katalon.core.webui.keyword.builtin.MaximizeWindowKeyword.execute(MaximizeWindowKeyword.groovy:69)
	at com.kms.katalon.core.keyword.internal.KeywordExecutor.executeKeywordForPlatform(KeywordExecutor.groovy:73)
	at com.kms.katalon.core.webui.keyword.WebUiBuiltInKeywords.maximizeWindow(WebUiBuiltInKeywords.groovy:280)
	at com.kms.katalon.core.webui.keyword.WebUiBuiltInKeywords$maximizeWindow$0.call(Unknown Source)
	at customKeywords.commanFunctions.openBrowser(commanFunctions.groovy:48)
	at customKeywords.commanFunctions.uploadFileOfPublicUser(commanFunctions.groovy:650)
	at customKeywords.commanFunctions.invokeMethod(commanFunctions.groovy)
	at com.kms.katalon.core.main.CustomKeywordDelegatingMetaClass.invokeStaticMethod(CustomKeywordDelegatingMetaClass.java:50)
	at TC_As a public user, Upload CSV File.run(TC_As a public user, Upload CSV File:14)
	at com.kms.katalon.core.main.ScriptEngine.run(ScriptEngine.java:194)
	at com.kms.katalon.core.main.ScriptEngine.runScriptAsRawText(ScriptEngine.java:119)
	at com.kms.katalon.core.main.TestCaseExecutor.runScript(TestCaseExecutor.java:394)
	at com.kms.katalon.core.main.TestCaseExecutor.doExecute(TestCaseExecutor.java:385)
	at com.kms.katalon.core.main.TestCaseExecutor.processExecutionPhase(TestCaseExecutor.java:364)
	at com.kms.katalon.core.main.TestCaseExecutor.accessMainPhase(TestCaseExecutor.java:356)
	at com.kms.katalon.core.main.TestCaseExecutor.execute(TestCaseExecutor.java:251)
	at com.kms.katalon.core.main.TestSuiteExecutor.accessTestCaseMainPhase(TestSuiteExecutor.java:203)
	at com.kms.katalon.core.main.TestSuiteExecutor.accessTestSuiteMainPhase(TestSuiteExecutor.java:152)
	at com.kms.katalon.core.main.TestSuiteExecutor.execute(TestSuiteExecutor.java:95)
	at com.kms.katalon.core.main.TestCaseMain.startTestSuite(TestCaseMain.java:157)
	at com.kms.katalon.core.main.TestCaseMain$startTestSuite$0.call(Unknown Source)
	at TempTestSuite1613733203700.run(TempTestSuite1613733203700.groovy:39)
Caused by: org.openqa.selenium.NoSuchWindowException: no such window: target window already closed
from unknown error: web view not found
  (Session info: chrome=86.0.4240.75)
Build info: version: '3.141.59', revision: 'e82be7d358', time: '2018-11-14T08:25:53'
System info: host: 'OMTPGCN1132568L', ip: '192.168.1.1', os.name: 'Windows 10', os.arch: 'amd64', os.version: '10.0', java.version: '1.8.0_181'
Driver info: com.kms.katalon.selenium.driver.CChromeDriver
Capabilities {acceptInsecureCerts: false, browserName: chrome, browserVersion: 86.0.4240.75, chrome: {chromedriverVersion: 86.0.4240.22 (398b0743353ff..., userDataDir: C:\Users\ashok\AppData\Loca...}, goog:chromeOptions: {debuggerAddress: localhost:51732}, javascriptEnabled: true, networkConnectionEnabled: false, pageLoadStrategy: normal, platform: WINDOWS, platformName: WINDOWS, proxy: Proxy(), setWindowRect: true, strictFileInteractability: false, timeouts: {implicit: 0, pageLoad: 300000, script: 30000}, unhandledPromptBehavior: dismiss and notify, webauthn:virtualAuthenticators: true}
Session ID: bde86d8be492c4e62d0f40ad3fa39267
	at org.openqa.selenium.remote.http.W3CHttpResponseCodec.createException(W3CHttpResponseCodec.java:187)
	at org.openqa.selenium.remote.http.W3CHttpResponseCodec.decode(W3CHttpResponseCodec.java:122)
	at org.openqa.selenium.remote.http.W3CHttpResponseCodec.decode(W3CHttpResponseCodec.java:49)
	at org.openqa.selenium.remote.HttpCommandExecutor.execute(HttpCommandExecutor.java:158)
	at org.openqa.selenium.remote.service.DriverCommandExecutor.execute(DriverCommandExecutor.java:83)
	at org.openqa.selenium.remote.RemoteWebDriver.execute(RemoteWebDriver.java:552)
	at com.kms.katalon.selenium.driver.CChromeDriver.execute(CChromeDriver.java:19)
	at org.openqa.selenium.remote.RemoteWebDriver.execute(RemoteWebDriver.java:609)
	at org.openqa.selenium.remote.RemoteWebDriver$RemoteWebDriverOptions$RemoteWindow.maximize(RemoteWebDriver.java:837)
	at org.openqa.selenium.support.events.EventFiringWebDriver$EventFiringWindow.maximize(EventFiringWebDriver.java:769)
	at com.kms.katalon.core.webui.keyword.builtin.MaximizeWindowKeyword$_maximizeWindow_closure1.doCall(MaximizeWindowKeyword.groovy:85)
	at com.kms.katalon.core.webui.keyword.builtin.MaximizeWindowKeyword$_maximizeWindow_closure1.call(MaximizeWindowKeyword.groovy)
	at com.kms.katalon.core.webui.keyword.internal.WebUIKeywordMain.runKeyword(WebUIKeywordMain.groovy:20)
	at com.kms.katalon.core.webui.keyword.builtin.MaximizeWindowKeyword.maximizeWindow(MaximizeWindowKeyword.groovy:74)
	at com.kms.katalon.core.webui.keyword.builtin.MaximizeWindowKeyword.execute(MaximizeWindowKeyword.groovy:69)
	at com.kms.katalon.core.keyword.internal.KeywordExecutor.executeKeywordForPlatform(KeywordExecutor.groovy:73)
	at com.kms.katalon.core.webui.keyword.WebUiBuiltInKeywords.maximizeWindow(WebUiBuiltInKeywords.groovy:280)
	at com.kms.katalon.core.webui.keyword.WebUiBuiltInKeywords$maximizeWindow$0.call(Unknown Source)
	at customKeywords.commanFunctions.openBrowser(commanFunctions.groovy:48)
	at customKeywords.commanFunctions.uploadFileOfPublicUser(commanFunctions.groovy:650)
	at customKeywords.commanFunctions.invokeMethod(commanFunctions.groovy)
	at com.kms.katalon.core.main.CustomKeywordDelegatingMetaClass.invokeStaticMethod(CustomKeywordDelegatingMetaClass.java:50)
	at Script1613218017931.run(Script1613218017931.groovy:14)
	... 13 more
)

2021-02-19 16:56:15 - [MESSAGE][FAILED] - Unable to maximize current window

2021-02-19 16:56:15 - [TEST_STEP][PASSED] - Start tear down : tearDownMethodIfFailed: Method 'tearDownMethodIfFailed' complete successfully

2021-02-19 16:56:15 - [TEST_STEP][PASSED] - customKeywords.commanFunctions.onlyCloseBrowser(): customKeywords.commanFunctions.onlyCloseBrowser is PASSED

2021-02-19 16:56:16 - [MESSAGE][PASSED] - Browser is closed

2021-02-19 16:56:16 - [MESSAGE][PASSED] - customKeywords.commanFunctions.onlyCloseBrowser is PASSED

2021-02-19 16:56:16 - [TEST_STEP][PASSED] - logInfo("[--------This is tearDownIfFailed method------]"): [--------This is tearDownIfFailed method------]

2021-02-19 16:56:16 - [MESSAGE][INFO] - [--------This is tearDownIfFailed method------]

2021-02-19 16:56:16 - [MESSAGE][PASSED] - Method 'tearDownMethodIfFailed' complete successfully]]></system-out>
         <system-err><![CDATA[2021-02-19 16:56:11 - [TEST_CASE][FAILED] - Test Cases/UploadDiffFiles_PublicUser/TC_As a public user, Upload CSV File: Test Cases/UploadDiffFiles_PublicUser/TC_As a public user, Upload CSV File FAILED.
Reason:
com.kms.katalon.core.exception.StepFailedException: Unable to maximize current window
	at com.kms.katalon.core.webui.keyword.internal.WebUIKeywordMain.stepFailed(WebUIKeywordMain.groovy:64)
	at com.kms.katalon.core.webui.keyword.internal.WebUIKeywordMain.runKeyword(WebUIKeywordMain.groovy:26)
	at com.kms.katalon.core.webui.keyword.builtin.MaximizeWindowKeyword.maximizeWindow(MaximizeWindowKeyword.groovy:74)
	at com.kms.katalon.core.webui.keyword.builtin.MaximizeWindowKeyword.execute(MaximizeWindowKeyword.groovy:69)
	at com.kms.katalon.core.keyword.internal.KeywordExecutor.executeKeywordForPlatform(KeywordExecutor.groovy:73)
	at com.kms.katalon.core.webui.keyword.WebUiBuiltInKeywords.maximizeWindow(WebUiBuiltInKeywords.groovy:280)
	at com.kms.katalon.core.webui.keyword.WebUiBuiltInKeywords$maximizeWindow$0.call(Unknown Source)
	at customKeywords.commanFunctions.openBrowser(commanFunctions.groovy:48)
	at customKeywords.commanFunctions.uploadFileOfPublicUser(commanFunctions.groovy:650)
	at customKeywords.commanFunctions.invokeMethod(commanFunctions.groovy)
	at com.kms.katalon.core.main.CustomKeywordDelegatingMetaClass.invokeStaticMethod(CustomKeywordDelegatingMetaClass.java:50)
	at TC_As a public user, Upload CSV File.run(TC_As a public user, Upload CSV File:14)
	at com.kms.katalon.core.main.ScriptEngine.run(ScriptEngine.java:194)
	at com.kms.katalon.core.main.ScriptEngine.runScriptAsRawText(ScriptEngine.java:119)
	at com.kms.katalon.core.main.TestCaseExecutor.runScript(TestCaseExecutor.java:394)
	at com.kms.katalon.core.main.TestCaseExecutor.doExecute(TestCaseExecutor.java:385)
	at com.kms.katalon.core.main.TestCaseExecutor.processExecutionPhase(TestCaseExecutor.java:364)
	at com.kms.katalon.core.main.TestCaseExecutor.accessMainPhase(TestCaseExecutor.java:356)
	at com.kms.katalon.core.main.TestCaseExecutor.execute(TestCaseExecutor.java:251)
	at com.kms.katalon.core.main.TestSuiteExecutor.accessTestCaseMainPhase(TestSuiteExecutor.java:203)
	at com.kms.katalon.core.main.TestSuiteExecutor.accessTestSuiteMainPhase(TestSuiteExecutor.java:152)
	at com.kms.katalon.core.main.TestSuiteExecutor.execute(TestSuiteExecutor.java:95)
	at com.kms.katalon.core.main.TestCaseMain.startTestSuite(TestCaseMain.java:157)
	at com.kms.katalon.core.main.TestCaseMain$startTestSuite$0.call(Unknown Source)
	at TempTestSuite1613733203700.run(TempTestSuite1613733203700.groovy:39)
Caused by: org.openqa.selenium.NoSuchWindowException: no such window: target window already closed
from unknown error: web view not found
  (Session info: chrome=86.0.4240.75)
Build info: version: '3.141.59', revision: 'e82be7d358', time: '2018-11-14T08:25:53'
System info: host: 'OMTPGCN1132568L', ip: '192.168.1.1', os.name: 'Windows 10', os.arch: 'amd64', os.version: '10.0', java.version: '1.8.0_181'
Driver info: com.kms.katalon.selenium.driver.CChromeDriver
Capabilities {acceptInsecureCerts: false, browserName: chrome, browserVersion: 86.0.4240.75, chrome: {chromedriverVersion: 86.0.4240.22 (398b0743353ff..., userDataDir: C:\Users\ashok\AppData\Loca...}, goog:chromeOptions: {debuggerAddress: localhost:51732}, javascriptEnabled: true, networkConnectionEnabled: false, pageLoadStrategy: normal, platform: WINDOWS, platformName: WINDOWS, proxy: Proxy(), setWindowRect: true, strictFileInteractability: false, timeouts: {implicit: 0, pageLoad: 300000, script: 30000}, unhandledPromptBehavior: dismiss and notify, webauthn:virtualAuthenticators: true}
Session ID: bde86d8be492c4e62d0f40ad3fa39267
	at org.openqa.selenium.remote.http.W3CHttpResponseCodec.createException(W3CHttpResponseCodec.java:187)
	at org.openqa.selenium.remote.http.W3CHttpResponseCodec.decode(W3CHttpResponseCodec.java:122)
	at org.openqa.selenium.remote.http.W3CHttpResponseCodec.decode(W3CHttpResponseCodec.java:49)
	at org.openqa.selenium.remote.HttpCommandExecutor.execute(HttpCommandExecutor.java:158)
	at org.openqa.selenium.remote.service.DriverCommandExecutor.execute(DriverCommandExecutor.java:83)
	at org.openqa.selenium.remote.RemoteWebDriver.execute(RemoteWebDriver.java:552)
	at com.kms.katalon.selenium.driver.CChromeDriver.execute(CChromeDriver.java:19)
	at org.openqa.selenium.remote.RemoteWebDriver.execute(RemoteWebDriver.java:609)
	at org.openqa.selenium.remote.RemoteWebDriver$RemoteWebDriverOptions$RemoteWindow.maximize(RemoteWebDriver.java:837)
	at org.openqa.selenium.support.events.EventFiringWebDriver$EventFiringWindow.maximize(EventFiringWebDriver.java:769)
	at com.kms.katalon.core.webui.keyword.builtin.MaximizeWindowKeyword$_maximizeWindow_closure1.doCall(MaximizeWindowKeyword.groovy:85)
	at com.kms.katalon.core.webui.keyword.builtin.MaximizeWindowKeyword$_maximizeWindow_closure1.call(MaximizeWindowKeyword.groovy)
	at com.kms.katalon.core.webui.keyword.internal.WebUIKeywordMain.runKeyword(WebUIKeywordMain.groovy:20)
	... 23 more]]></system-err>
      </testcase>
      <testcase name="Test Cases/UploadDiffFiles_PublicUser/TC_As a public user, Upload Exe File" time="19.942" classname="Test Cases/UploadDiffFiles_PublicUser/TC_As a public user, Upload Exe File" status="FAILED">
         <failure type="FAILED" message="Test Cases/UploadDiffFiles_PublicUser/TC_As a public user, Upload Exe File FAILED.
Reason:
com.kms.katalon.core.exception.StepFailedException: Unable to verify text 'readerdc_en_ka_cra_install' is present 
	at com.kms.katalon.core.webui.keyword.internal.WebUIKeywordMain.stepFailed(WebUIKeywordMain.groovy:64)
	at com.kms.katalon.core.webui.keyword.internal.WebUIKeywordMain.runKeyword(WebUIKeywordMain.groovy:26)
	at com.kms.katalon.core.webui.keyword.builtin.VerifyTextPresentKeyword.verifyTextPresent(VerifyTextPresentKeyword.groovy:83)
	at com.kms.katalon.core.webui.keyword.builtin.VerifyTextPresentKeyword.execute(VerifyTextPresentKeyword.groovy:68)
	at com.kms.katalon.core.keyword.internal.KeywordExecutor.executeKeywordForPlatform(KeywordExecutor.groovy:73)
	at com.kms.katalon.core.webui.keyword.WebUiBuiltInKeywords.verifyTextPresent(WebUiBuiltInKeywords.groovy:1720)
	at com.kms.katalon.core.webui.keyword.WebUiBuiltInKeywords$verifyTextPresent$3.call(Unknown Source)
	at customKeywords.commanFunctions.UploadReqFile(commanFunctions.groovy:282)
	at customKeywords.commanFunctions.uploadFileOfPublicUser(commanFunctions.groovy:656)
	at customKeywords.commanFunctions.invokeMethod(commanFunctions.groovy)
	at com.kms.katalon.core.main.CustomKeywordDelegatingMetaClass.invokeStaticMethod(CustomKeywordDelegatingMetaClass.java:50)
	at TC_As a public user, Upload Exe File.run(TC_As a public user, Upload Exe File:14)
	at com.kms.katalon.core.main.ScriptEngine.run(ScriptEngine.java:194)
	at com.kms.katalon.core.main.ScriptEngine.runScriptAsRawText(ScriptEngine.java:119)
	at com.kms.katalon.core.main.TestCaseExecutor.runScript(TestCaseExecutor.java:394)
	at com.kms.katalon.core.main.TestCaseExecutor.doExecute(TestCaseExecutor.java:385)
	at com.kms.katalon.core.main.TestCaseExecutor.processExecutionPhase(TestCaseExecutor.java:364)
	at com.kms.katalon.core.main.TestCaseExecutor.accessMainPhase(TestCaseExecutor.java:356)
	at com.kms.katalon.core.main.TestCaseExecutor.execute(TestCaseExecutor.java:251)
	at com.kms.katalon.core.main.TestSuiteExecutor.accessTestCaseMainPhase(TestSuiteExecutor.java:203)
	at com.kms.katalon.core.main.TestSuiteExecutor.accessTestSuiteMainPhase(TestSuiteExecutor.java:152)
	at com.kms.katalon.core.main.TestSuiteExecutor.execute(TestSuiteExecutor.java:95)
	at com.kms.katalon.core.main.TestCaseMain.startTestSuite(TestCaseMain.java:157)
	at com.kms.katalon.core.main.TestCaseMain$startTestSuite$0.call(Unknown Source)
	at TempTestSuite1613733203700.run(TempTestSuite1613733203700.groovy:39)
Caused by: com.kms.katalon.core.exception.StepFailedException: Text 'readerdc_en_ka_cra_install' is not present on page 
	at com.kms.katalon.core.webui.keyword.internal.WebUIKeywordMain.stepFailed(WebUIKeywordMain.groovy:64)
	at com.kms.katalon.core.webui.keyword.builtin.VerifyTextPresentKeyword$_verifyTextPresent_closure1.doCall(VerifyTextPresentKeyword.groovy:79)
	at com.kms.katalon.core.webui.keyword.builtin.VerifyTextPresentKeyword$_verifyTextPresent_closure1.call(VerifyTextPresentKeyword.groovy)
	at com.kms.katalon.core.webui.keyword.internal.WebUIKeywordMain.runKeyword(WebUIKeywordMain.groovy:20)
	... 23 more
"/>
         <system-out><![CDATA[2021-02-19 16:56:16 - [TEST_CASE][FAILED] - Test Cases/UploadDiffFiles_PublicUser/TC_As a public user, Upload Exe File: Test Cases/UploadDiffFiles_PublicUser/TC_As a public user, Upload Exe File FAILED.
Reason:
com.kms.katalon.core.exception.StepFailedException: Unable to verify text 'readerdc_en_ka_cra_install' is present 
	at com.kms.katalon.core.webui.keyword.internal.WebUIKeywordMain.stepFailed(WebUIKeywordMain.groovy:64)
	at com.kms.katalon.core.webui.keyword.internal.WebUIKeywordMain.runKeyword(WebUIKeywordMain.groovy:26)
	at com.kms.katalon.core.webui.keyword.builtin.VerifyTextPresentKeyword.verifyTextPresent(VerifyTextPresentKeyword.groovy:83)
	at com.kms.katalon.core.webui.keyword.builtin.VerifyTextPresentKeyword.execute(VerifyTextPresentKeyword.groovy:68)
	at com.kms.katalon.core.keyword.internal.KeywordExecutor.executeKeywordForPlatform(KeywordExecutor.groovy:73)
	at com.kms.katalon.core.webui.keyword.WebUiBuiltInKeywords.verifyTextPresent(WebUiBuiltInKeywords.groovy:1720)
	at com.kms.katalon.core.webui.keyword.WebUiBuiltInKeywords$verifyTextPresent$3.call(Unknown Source)
	at customKeywords.commanFunctions.UploadReqFile(commanFunctions.groovy:282)
	at customKeywords.commanFunctions.uploadFileOfPublicUser(commanFunctions.groovy:656)
	at customKeywords.commanFunctions.invokeMethod(commanFunctions.groovy)
	at com.kms.katalon.core.main.CustomKeywordDelegatingMetaClass.invokeStaticMethod(CustomKeywordDelegatingMetaClass.java:50)
	at TC_As a public user, Upload Exe File.run(TC_As a public user, Upload Exe File:14)
	at com.kms.katalon.core.main.ScriptEngine.run(ScriptEngine.java:194)
	at com.kms.katalon.core.main.ScriptEngine.runScriptAsRawText(ScriptEngine.java:119)
	at com.kms.katalon.core.main.TestCaseExecutor.runScript(TestCaseExecutor.java:394)
	at com.kms.katalon.core.main.TestCaseExecutor.doExecute(TestCaseExecutor.java:385)
	at com.kms.katalon.core.main.TestCaseExecutor.processExecutionPhase(TestCaseExecutor.java:364)
	at com.kms.katalon.core.main.TestCaseExecutor.accessMainPhase(TestCaseExecutor.java:356)
	at com.kms.katalon.core.main.TestCaseExecutor.execute(TestCaseExecutor.java:251)
	at com.kms.katalon.core.main.TestSuiteExecutor.accessTestCaseMainPhase(TestSuiteExecutor.java:203)
	at com.kms.katalon.core.main.TestSuiteExecutor.accessTestSuiteMainPhase(TestSuiteExecutor.java:152)
	at com.kms.katalon.core.main.TestSuiteExecutor.execute(TestSuiteExecutor.java:95)
	at com.kms.katalon.core.main.TestCaseMain.startTestSuite(TestCaseMain.java:157)
	at com.kms.katalon.core.main.TestCaseMain$startTestSuite$0.call(Unknown Source)
	at TempTestSuite1613733203700.run(TempTestSuite1613733203700.groovy:39)
Caused by: com.kms.katalon.core.exception.StepFailedException: Text 'readerdc_en_ka_cra_install' is not present on page 
	at com.kms.katalon.core.webui.keyword.internal.WebUIKeywordMain.stepFailed(WebUIKeywordMain.groovy:64)
	at com.kms.katalon.core.webui.keyword.builtin.VerifyTextPresentKeyword$_verifyTextPresent_closure1.doCall(VerifyTextPresentKeyword.groovy:79)
	at com.kms.katalon.core.webui.keyword.builtin.VerifyTextPresentKeyword$_verifyTextPresent_closure1.call(VerifyTextPresentKeyword.groovy)
	at com.kms.katalon.core.webui.keyword.internal.WebUIKeywordMain.runKeyword(WebUIKeywordMain.groovy:20)
	... 23 more


2021-02-19 16:56:16 - [TEST_STEP][PASSED] - excelTestData = findTestData("Data Files/TestData/InspectTestData"): null

2021-02-19 16:56:16 - [TEST_STEP][PASSED] - userEmail = excelTestData.getValue(2, 23): null

2021-02-19 16:56:16 - [TEST_STEP][FAILED] - customKeywords.commanFunctions.uploadFileOfPublicUser(172, userEmail): Unable to verify text 'readerdc_en_ka_cra_install' is present 

2021-02-19 16:56:16 - [MESSAGE][INFO] - Starting 'Chrome' driver

2021-02-19 16:56:16 - [MESSAGE][INFO] - Action delay is set to 0 milliseconds

2021-02-19 16:56:26 - [MESSAGE][PASSED] - Browser is opened with url: 'https://Inspect.Stage.site.sa'

2021-02-19 16:56:28 - [MESSAGE][PASSED] - Current window maximized

2021-02-19 16:56:28 - [MESSAGE][PASSED] - Wait for page load successfully

2021-02-19 16:56:28 - [MESSAGE][PASSED] - Object: 'Object Repository/HomePage/ChooseAFile' is clicked on

2021-02-19 16:56:30 - [MESSAGE][PASSED] - Delayed 2 second(s)

2021-02-19 16:56:32 - [MESSAGE][INFO] - Image Uploaded Sucsessfully

2021-02-19 16:56:34 - [MESSAGE][PASSED] - Delayed 2 second(s)

2021-02-19 16:56:35 - [MESSAGE][FAILED] - Text 'readerdc_en_ka_cra_install' is not present on page  (Root cause: com.kms.katalon.core.exception.StepFailedException: Text 'readerdc_en_ka_cra_install' is not present on page 
	at com.kms.katalon.core.webui.keyword.internal.WebUIKeywordMain.stepFailed(WebUIKeywordMain.groovy:64)
	at com.kms.katalon.core.webui.keyword.builtin.VerifyTextPresentKeyword$_verifyTextPresent_closure1.doCall(VerifyTextPresentKeyword.groovy:79)
	at com.kms.katalon.core.webui.keyword.builtin.VerifyTextPresentKeyword$_verifyTextPresent_closure1.call(VerifyTextPresentKeyword.groovy)
	at com.kms.katalon.core.webui.keyword.internal.WebUIKeywordMain.runKeyword(WebUIKeywordMain.groovy:20)
	at com.kms.katalon.core.webui.keyword.builtin.VerifyTextPresentKeyword.verifyTextPresent(VerifyTextPresentKeyword.groovy:83)
	at com.kms.katalon.core.webui.keyword.builtin.VerifyTextPresentKeyword.execute(VerifyTextPresentKeyword.groovy:68)
	at com.kms.katalon.core.keyword.internal.KeywordExecutor.executeKeywordForPlatform(KeywordExecutor.groovy:73)
	at com.kms.katalon.core.webui.keyword.WebUiBuiltInKeywords.verifyTextPresent(WebUiBuiltInKeywords.groovy:1720)
	at com.kms.katalon.core.webui.keyword.WebUiBuiltInKeywords$verifyTextPresent$3.call(Unknown Source)
	at customKeywords.commanFunctions.UploadReqFile(commanFunctions.groovy:282)
	at customKeywords.commanFunctions.uploadFileOfPublicUser(commanFunctions.groovy:656)
	at customKeywords.commanFunctions.invokeMethod(commanFunctions.groovy)
	at com.kms.katalon.core.main.CustomKeywordDelegatingMetaClass.invokeStaticMethod(CustomKeywordDelegatingMetaClass.java:50)
	at TC_As a public user, Upload Exe File.run(TC_As a public user, Upload Exe File:14)
	at com.kms.katalon.core.main.ScriptEngine.run(ScriptEngine.java:194)
	at com.kms.katalon.core.main.ScriptEngine.runScriptAsRawText(ScriptEngine.java:119)
	at com.kms.katalon.core.main.TestCaseExecutor.runScript(TestCaseExecutor.java:394)
	at com.kms.katalon.core.main.TestCaseExecutor.doExecute(TestCaseExecutor.java:385)
	at com.kms.katalon.core.main.TestCaseExecutor.processExecutionPhase(TestCaseExecutor.java:364)
	at com.kms.katalon.core.main.TestCaseExecutor.accessMainPhase(TestCaseExecutor.java:356)
	at com.kms.katalon.core.main.TestCaseExecutor.execute(TestCaseExecutor.java:251)
	at com.kms.katalon.core.main.TestSuiteExecutor.accessTestCaseMainPhase(TestSuiteExecutor.java:203)
	at com.kms.katalon.core.main.TestSuiteExecutor.accessTestSuiteMainPhase(TestSuiteExecutor.java:152)
	at com.kms.katalon.core.main.TestSuiteExecutor.execute(TestSuiteExecutor.java:95)
	at com.kms.katalon.core.main.TestCaseMain.startTestSuite(TestCaseMain.java:157)
	at com.kms.katalon.core.main.TestCaseMain$startTestSuite$0.call(Unknown Source)
	at TempTestSuite1613733203700.run(TempTestSuite1613733203700.groovy:39)
)

2021-02-19 16:56:35 - [MESSAGE][FAILED] - Unable to verify text 'readerdc_en_ka_cra_install' is present  (Root cause: com.kms.katalon.core.exception.StepFailedException: Unable to verify text 'readerdc_en_ka_cra_install' is present 
	at com.kms.katalon.core.webui.keyword.internal.WebUIKeywordMain.stepFailed(WebUIKeywordMain.groovy:64)
	at com.kms.katalon.core.webui.keyword.internal.WebUIKeywordMain.runKeyword(WebUIKeywordMain.groovy:26)
	at com.kms.katalon.core.webui.keyword.builtin.VerifyTextPresentKeyword.verifyTextPresent(VerifyTextPresentKeyword.groovy:83)
	at com.kms.katalon.core.webui.keyword.builtin.VerifyTextPresentKeyword.execute(VerifyTextPresentKeyword.groovy:68)
	at com.kms.katalon.core.keyword.internal.KeywordExecutor.executeKeywordForPlatform(KeywordExecutor.groovy:73)
	at com.kms.katalon.core.webui.keyword.WebUiBuiltInKeywords.verifyTextPresent(WebUiBuiltInKeywords.groovy:1720)
	at com.kms.katalon.core.webui.keyword.WebUiBuiltInKeywords$verifyTextPresent$3.call(Unknown Source)
	at customKeywords.commanFunctions.UploadReqFile(commanFunctions.groovy:282)
	at customKeywords.commanFunctions.uploadFileOfPublicUser(commanFunctions.groovy:656)
	at customKeywords.commanFunctions.invokeMethod(commanFunctions.groovy)
	at com.kms.katalon.core.main.CustomKeywordDelegatingMetaClass.invokeStaticMethod(CustomKeywordDelegatingMetaClass.java:50)
	at TC_As a public user, Upload Exe File.run(TC_As a public user, Upload Exe File:14)
	at com.kms.katalon.core.main.ScriptEngine.run(ScriptEngine.java:194)
	at com.kms.katalon.core.main.ScriptEngine.runScriptAsRawText(ScriptEngine.java:119)
	at com.kms.katalon.core.main.TestCaseExecutor.runScript(TestCaseExecutor.java:394)
	at com.kms.katalon.core.main.TestCaseExecutor.doExecute(TestCaseExecutor.java:385)
	at com.kms.katalon.core.main.TestCaseExecutor.processExecutionPhase(TestCaseExecutor.java:364)
	at com.kms.katalon.core.main.TestCaseExecutor.accessMainPhase(TestCaseExecutor.java:356)
	at com.kms.katalon.core.main.TestCaseExecutor.execute(TestCaseExecutor.java:251)
	at com.kms.katalon.core.main.TestSuiteExecutor.accessTestCaseMainPhase(TestSuiteExecutor.java:203)
	at com.kms.katalon.core.main.TestSuiteExecutor.accessTestSuiteMainPhase(TestSuiteExecutor.java:152)
	at com.kms.katalon.core.main.TestSuiteExecutor.execute(TestSuiteExecutor.java:95)
	at com.kms.katalon.core.main.TestCaseMain.startTestSuite(TestCaseMain.java:157)
	at com.kms.katalon.core.main.TestCaseMain$startTestSuite$0.call(Unknown Source)
	at TempTestSuite1613733203700.run(TempTestSuite1613733203700.groovy:39)
Caused by: com.kms.katalon.core.exception.StepFailedException: Text 'readerdc_en_ka_cra_install' is not present on page 
	at com.kms.katalon.core.webui.keyword.internal.WebUIKeywordMain.stepFailed(WebUIKeywordMain.groovy:64)
	at com.kms.katalon.core.webui.keyword.builtin.VerifyTextPresentKeyword$_verifyTextPresent_closure1.doCall(VerifyTextPresentKeyword.groovy:79)
	at com.kms.katalon.core.webui.keyword.builtin.VerifyTextPresentKeyword$_verifyTextPresent_closure1.call(VerifyTextPresentKeyword.groovy)
	at com.kms.katalon.core.webui.keyword.internal.WebUIKeywordMain.runKeyword(WebUIKeywordMain.groovy:20)
	... 23 more
)
[[ATTACHMENT|E:\\Inspect\\15022021\\SiteInspectAutomation\\Reports\\20210219_164318\\Regression_Suite\\PublicUser_Suite\\PublicUser_UploadFiles\\20210219_164323\\1613733995272.png]]

2021-02-19 16:56:35 - [MESSAGE][FAILED] - Unable to verify text 'readerdc_en_ka_cra_install' is present 

2021-02-19 16:56:35 - [TEST_STEP][PASSED] - Start tear down : tearDownMethodIfFailed: Method 'tearDownMethodIfFailed' complete successfully

2021-02-19 16:56:35 - [TEST_STEP][PASSED] - customKeywords.commanFunctions.onlyCloseBrowser(): customKeywords.commanFunctions.onlyCloseBrowser is PASSED

2021-02-19 16:56:36 - [MESSAGE][PASSED] - Browser is closed

2021-02-19 16:56:36 - [MESSAGE][PASSED] - customKeywords.commanFunctions.onlyCloseBrowser is PASSED

2021-02-19 16:56:36 - [TEST_STEP][PASSED] - logInfo("[--------This is tearDownIfFailed method------]"): [--------This is tearDownIfFailed method------]

2021-02-19 16:56:36 - [MESSAGE][INFO] - [--------This is tearDownIfFailed method------]

2021-02-19 16:56:36 - [MESSAGE][PASSED] - Method 'tearDownMethodIfFailed' complete successfully]]></system-out>
         <system-err><![CDATA[2021-02-19 16:56:16 - [TEST_CASE][FAILED] - Test Cases/UploadDiffFiles_PublicUser/TC_As a public user, Upload Exe File: Test Cases/UploadDiffFiles_PublicUser/TC_As a public user, Upload Exe File FAILED.
Reason:
com.kms.katalon.core.exception.StepFailedException: Unable to verify text 'readerdc_en_ka_cra_install' is present 
	at com.kms.katalon.core.webui.keyword.internal.WebUIKeywordMain.stepFailed(WebUIKeywordMain.groovy:64)
	at com.kms.katalon.core.webui.keyword.internal.WebUIKeywordMain.runKeyword(WebUIKeywordMain.groovy:26)
	at com.kms.katalon.core.webui.keyword.builtin.VerifyTextPresentKeyword.verifyTextPresent(VerifyTextPresentKeyword.groovy:83)
	at com.kms.katalon.core.webui.keyword.builtin.VerifyTextPresentKeyword.execute(VerifyTextPresentKeyword.groovy:68)
	at com.kms.katalon.core.keyword.internal.KeywordExecutor.executeKeywordForPlatform(KeywordExecutor.groovy:73)
	at com.kms.katalon.core.webui.keyword.WebUiBuiltInKeywords.verifyTextPresent(WebUiBuiltInKeywords.groovy:1720)
	at com.kms.katalon.core.webui.keyword.WebUiBuiltInKeywords$verifyTextPresent$3.call(Unknown Source)
	at customKeywords.commanFunctions.UploadReqFile(commanFunctions.groovy:282)
	at customKeywords.commanFunctions.uploadFileOfPublicUser(commanFunctions.groovy:656)
	at customKeywords.commanFunctions.invokeMethod(commanFunctions.groovy)
	at com.kms.katalon.core.main.CustomKeywordDelegatingMetaClass.invokeStaticMethod(CustomKeywordDelegatingMetaClass.java:50)
	at TC_As a public user, Upload Exe File.run(TC_As a public user, Upload Exe File:14)
	at com.kms.katalon.core.main.ScriptEngine.run(ScriptEngine.java:194)
	at com.kms.katalon.core.main.ScriptEngine.runScriptAsRawText(ScriptEngine.java:119)
	at com.kms.katalon.core.main.TestCaseExecutor.runScript(TestCaseExecutor.java:394)
	at com.kms.katalon.core.main.TestCaseExecutor.doExecute(TestCaseExecutor.java:385)
	at com.kms.katalon.core.main.TestCaseExecutor.processExecutionPhase(TestCaseExecutor.java:364)
	at com.kms.katalon.core.main.TestCaseExecutor.accessMainPhase(TestCaseExecutor.java:356)
	at com.kms.katalon.core.main.TestCaseExecutor.execute(TestCaseExecutor.java:251)
	at com.kms.katalon.core.main.TestSuiteExecutor.accessTestCaseMainPhase(TestSuiteExecutor.java:203)
	at com.kms.katalon.core.main.TestSuiteExecutor.accessTestSuiteMainPhase(TestSuiteExecutor.java:152)
	at com.kms.katalon.core.main.TestSuiteExecutor.execute(TestSuiteExecutor.java:95)
	at com.kms.katalon.core.main.TestCaseMain.startTestSuite(TestCaseMain.java:157)
	at com.kms.katalon.core.main.TestCaseMain$startTestSuite$0.call(Unknown Source)
	at TempTestSuite1613733203700.run(TempTestSuite1613733203700.groovy:39)
Caused by: com.kms.katalon.core.exception.StepFailedException: Text 'readerdc_en_ka_cra_install' is not present on page 
	at com.kms.katalon.core.webui.keyword.internal.WebUIKeywordMain.stepFailed(WebUIKeywordMain.groovy:64)
	at com.kms.katalon.core.webui.keyword.builtin.VerifyTextPresentKeyword$_verifyTextPresent_closure1.doCall(VerifyTextPresentKeyword.groovy:79)
	at com.kms.katalon.core.webui.keyword.builtin.VerifyTextPresentKeyword$_verifyTextPresent_closure1.call(VerifyTextPresentKeyword.groovy)
	at com.kms.katalon.core.webui.keyword.internal.WebUIKeywordMain.runKeyword(WebUIKeywordMain.groovy:20)
	... 23 more]]></system-err>
      </testcase>
      <testcase name="Test Cases/UploadDiffFiles_PublicUser/TC_As a public user, Upload Graphics Interchange Format File" time="13.71" classname="Test Cases/UploadDiffFiles_PublicUser/TC_As a public user, Upload Graphics Interchange Format File" status="FAILED">
         <failure type="FAILED" message="Test Cases/UploadDiffFiles_PublicUser/TC_As a public user, Upload Graphics Interchange Format File FAILED.
Reason:
com.kms.katalon.core.exception.StepFailedException: Unable to open browser with url: 'https://Inspect.Stage.site.sa'
	at com.kms.katalon.core.webui.keyword.internal.WebUIKeywordMain.stepFailed(WebUIKeywordMain.groovy:64)
	at com.kms.katalon.core.webui.keyword.internal.WebUIKeywordMain.runKeyword(WebUIKeywordMain.groovy:26)
	at com.kms.katalon.core.webui.keyword.builtin.OpenBrowserKeyword.openBrowser(OpenBrowserKeyword.groovy:81)
	at com.kms.katalon.core.webui.keyword.builtin.OpenBrowserKeyword.execute(OpenBrowserKeyword.groovy:67)
	at com.kms.katalon.core.keyword.internal.KeywordExecutor.executeKeywordForPlatform(KeywordExecutor.groovy:73)
	at com.kms.katalon.core.webui.keyword.WebUiBuiltInKeywords.openBrowser(WebUiBuiltInKeywords.groovy:61)
	at com.kms.katalon.core.webui.keyword.WebUiBuiltInKeywords$openBrowser.call(Unknown Source)
	at customKeywords.commanFunctions.openBrowser(commanFunctions.groovy:47)
	at customKeywords.commanFunctions.uploadFileOfPublicUser(commanFunctions.groovy:650)
	at customKeywords.commanFunctions.invokeMethod(commanFunctions.groovy)
	at com.kms.katalon.core.main.CustomKeywordDelegatingMetaClass.invokeStaticMethod(CustomKeywordDelegatingMetaClass.java:50)
	at TC_As a public user, Upload Graphics Interchange Format File.run(TC_As a public user, Upload Graphics Interchange Format File:14)
	at com.kms.katalon.core.main.ScriptEngine.run(ScriptEngine.java:194)
	at com.kms.katalon.core.main.ScriptEngine.runScriptAsRawText(ScriptEngine.java:119)
	at com.kms.katalon.core.main.TestCaseExecutor.runScript(TestCaseExecutor.java:394)
	at com.kms.katalon.core.main.TestCaseExecutor.doExecute(TestCaseExecutor.java:385)
	at com.kms.katalon.core.main.TestCaseExecutor.processExecutionPhase(TestCaseExecutor.java:364)
	at com.kms.katalon.core.main.TestCaseExecutor.accessMainPhase(TestCaseExecutor.java:356)
	at com.kms.katalon.core.main.TestCaseExecutor.execute(TestCaseExecutor.java:251)
	at com.kms.katalon.core.main.TestSuiteExecutor.accessTestCaseMainPhase(TestSuiteExecutor.java:203)
	at com.kms.katalon.core.main.TestSuiteExecutor.accessTestSuiteMainPhase(TestSuiteExecutor.java:152)
	at com.kms.katalon.core.main.TestSuiteExecutor.execute(TestSuiteExecutor.java:95)
	at com.kms.katalon.core.main.TestCaseMain.startTestSuite(TestCaseMain.java:157)
	at com.kms.katalon.core.main.TestCaseMain$startTestSuite$0.call(Unknown Source)
	at TempTestSuite1613733203700.run(TempTestSuite1613733203700.groovy:39)
Caused by: org.openqa.selenium.SessionNotCreatedException: session not created
from chrome not reachable
  (Session info: chrome=86.0.4240.75)
Build info: version: '3.141.59', revision: 'e82be7d358', time: '2018-11-14T08:25:53'
System info: host: 'OMTPGCN1132568L', ip: '192.168.1.1', os.name: 'Windows 10', os.arch: 'amd64', os.version: '10.0', java.version: '1.8.0_181'
Driver info: driver.version: CChromeDriver
remote stacktrace: Backtrace:
	Ordinal0 [0x00A8C013+3194899]
	Ordinal0 [0x00976021+2056225]
	Ordinal0 [0x0080F4B0+586928]
	Ordinal0 [0x00805894+546964]
	Ordinal0 [0x00805F2C+548652]
	Ordinal0 [0x00807175+553333]
	Ordinal0 [0x0080241E+533534]
	Ordinal0 [0x00810620+591392]
	Ordinal0 [0x007B2A0C+207372]
	Ordinal0 [0x007B1D0D+204045]
	Ordinal0 [0x007AFC1B+195611]
	Ordinal0 [0x00793B7F+80767]
	Ordinal0 [0x00794B4E+84814]
	Ordinal0 [0x00794AD9+84697]
	Ordinal0 [0x0098CE64+2149988]
	GetHandleVerifier [0x00BFBE95+1400773]
	GetHandleVerifier [0x00BFBB61+1399953]
	GetHandleVerifier [0x00C031FA+1430314]
	GetHandleVerifier [0x00BFC69F+1402831]
	Ordinal0 [0x00983D61+2112865]
	Ordinal0 [0x0098E5CB+2155979]
	Ordinal0 [0x0098E6F5+2156277]
	Ordinal0 [0x0099F26E+2224750]
	BaseThreadInitThunk [0x77026359+25]
	RtlGetAppContainerNamedObjectPath [0x77BD8944+228]
	RtlGetAppContainerNamedObjectPath [0x77BD8914+180]

	at org.openqa.selenium.remote.W3CHandshakeResponse.lambda$errorHandler$0(W3CHandshakeResponse.java:62)
	at org.openqa.selenium.remote.HandshakeResponse.lambda$getResponseFunction$0(HandshakeResponse.java:30)
	at org.openqa.selenium.remote.ProtocolHandshake.lambda$createSession$0(ProtocolHandshake.java:126)
	at org.openqa.selenium.remote.ProtocolHandshake.createSession(ProtocolHandshake.java:128)
	at org.openqa.selenium.remote.ProtocolHandshake.createSession(ProtocolHandshake.java:74)
	at org.openqa.selenium.remote.HttpCommandExecutor.execute(HttpCommandExecutor.java:136)
	at org.openqa.selenium.remote.service.DriverCommandExecutor.execute(DriverCommandExecutor.java:83)
	at org.openqa.selenium.remote.RemoteWebDriver.execute(RemoteWebDriver.java:552)
	at com.kms.katalon.selenium.driver.CChromeDriver.execute(CChromeDriver.java:19)
	at org.openqa.selenium.remote.RemoteWebDriver.startSession(RemoteWebDriver.java:213)
	at org.openqa.selenium.remote.RemoteWebDriver.&lt;init>(RemoteWebDriver.java:131)
	at org.openqa.selenium.chrome.ChromeDriver.&lt;init>(ChromeDriver.java:181)
	at org.openqa.selenium.chrome.ChromeDriver.&lt;init>(ChromeDriver.java:147)
	at com.kms.katalon.selenium.driver.CChromeDriver.&lt;init>(CChromeDriver.java:13)
	at com.kms.katalon.core.webui.driver.DriverFactory.createNewChromeDriver(DriverFactory.java:400)
	at com.kms.katalon.core.webui.driver.DriverFactory.startNewBrowser(DriverFactory.java:358)
	at com.kms.katalon.core.webui.driver.DriverFactory.openWebDriver(DriverFactory.java:245)
	at com.kms.katalon.core.webui.keyword.builtin.OpenBrowserKeyword$_openBrowser_closure1.doCall(OpenBrowserKeyword.groovy:74)
	at com.kms.katalon.core.webui.keyword.builtin.OpenBrowserKeyword$_openBrowser_closure1.call(OpenBrowserKeyword.groovy)
	at com.kms.katalon.core.webui.keyword.internal.WebUIKeywordMain.runKeyword(WebUIKeywordMain.groovy:20)
	... 23 more
"/>
         <system-out><![CDATA[2021-02-19 16:56:36 - [TEST_CASE][FAILED] - Test Cases/UploadDiffFiles_PublicUser/TC_As a public user, Upload Graphics Interchange Format File: Test Cases/UploadDiffFiles_PublicUser/TC_As a public user, Upload Graphics Interchange Format File FAILED.
Reason:
com.kms.katalon.core.exception.StepFailedException: Unable to open browser with url: 'https://Inspect.Stage.site.sa'
	at com.kms.katalon.core.webui.keyword.internal.WebUIKeywordMain.stepFailed(WebUIKeywordMain.groovy:64)
	at com.kms.katalon.core.webui.keyword.internal.WebUIKeywordMain.runKeyword(WebUIKeywordMain.groovy:26)
	at com.kms.katalon.core.webui.keyword.builtin.OpenBrowserKeyword.openBrowser(OpenBrowserKeyword.groovy:81)
	at com.kms.katalon.core.webui.keyword.builtin.OpenBrowserKeyword.execute(OpenBrowserKeyword.groovy:67)
	at com.kms.katalon.core.keyword.internal.KeywordExecutor.executeKeywordForPlatform(KeywordExecutor.groovy:73)
	at com.kms.katalon.core.webui.keyword.WebUiBuiltInKeywords.openBrowser(WebUiBuiltInKeywords.groovy:61)
	at com.kms.katalon.core.webui.keyword.WebUiBuiltInKeywords$openBrowser.call(Unknown Source)
	at customKeywords.commanFunctions.openBrowser(commanFunctions.groovy:47)
	at customKeywords.commanFunctions.uploadFileOfPublicUser(commanFunctions.groovy:650)
	at customKeywords.commanFunctions.invokeMethod(commanFunctions.groovy)
	at com.kms.katalon.core.main.CustomKeywordDelegatingMetaClass.invokeStaticMethod(CustomKeywordDelegatingMetaClass.java:50)
	at TC_As a public user, Upload Graphics Interchange Format File.run(TC_As a public user, Upload Graphics Interchange Format File:14)
	at com.kms.katalon.core.main.ScriptEngine.run(ScriptEngine.java:194)
	at com.kms.katalon.core.main.ScriptEngine.runScriptAsRawText(ScriptEngine.java:119)
	at com.kms.katalon.core.main.TestCaseExecutor.runScript(TestCaseExecutor.java:394)
	at com.kms.katalon.core.main.TestCaseExecutor.doExecute(TestCaseExecutor.java:385)
	at com.kms.katalon.core.main.TestCaseExecutor.processExecutionPhase(TestCaseExecutor.java:364)
	at com.kms.katalon.core.main.TestCaseExecutor.accessMainPhase(TestCaseExecutor.java:356)
	at com.kms.katalon.core.main.TestCaseExecutor.execute(TestCaseExecutor.java:251)
	at com.kms.katalon.core.main.TestSuiteExecutor.accessTestCaseMainPhase(TestSuiteExecutor.java:203)
	at com.kms.katalon.core.main.TestSuiteExecutor.accessTestSuiteMainPhase(TestSuiteExecutor.java:152)
	at com.kms.katalon.core.main.TestSuiteExecutor.execute(TestSuiteExecutor.java:95)
	at com.kms.katalon.core.main.TestCaseMain.startTestSuite(TestCaseMain.java:157)
	at com.kms.katalon.core.main.TestCaseMain$startTestSuite$0.call(Unknown Source)
	at TempTestSuite1613733203700.run(TempTestSuite1613733203700.groovy:39)
Caused by: org.openqa.selenium.SessionNotCreatedException: session not created
from chrome not reachable
  (Session info: chrome=86.0.4240.75)
Build info: version: '3.141.59', revision: 'e82be7d358', time: '2018-11-14T08:25:53'
System info: host: 'OMTPGCN1132568L', ip: '192.168.1.1', os.name: 'Windows 10', os.arch: 'amd64', os.version: '10.0', java.version: '1.8.0_181'
Driver info: driver.version: CChromeDriver
remote stacktrace: Backtrace:
	Ordinal0 [0x00A8C013+3194899]
	Ordinal0 [0x00976021+2056225]
	Ordinal0 [0x0080F4B0+586928]
	Ordinal0 [0x00805894+546964]
	Ordinal0 [0x00805F2C+548652]
	Ordinal0 [0x00807175+553333]
	Ordinal0 [0x0080241E+533534]
	Ordinal0 [0x00810620+591392]
	Ordinal0 [0x007B2A0C+207372]
	Ordinal0 [0x007B1D0D+204045]
	Ordinal0 [0x007AFC1B+195611]
	Ordinal0 [0x00793B7F+80767]
	Ordinal0 [0x00794B4E+84814]
	Ordinal0 [0x00794AD9+84697]
	Ordinal0 [0x0098CE64+2149988]
	GetHandleVerifier [0x00BFBE95+1400773]
	GetHandleVerifier [0x00BFBB61+1399953]
	GetHandleVerifier [0x00C031FA+1430314]
	GetHandleVerifier [0x00BFC69F+1402831]
	Ordinal0 [0x00983D61+2112865]
	Ordinal0 [0x0098E5CB+2155979]
	Ordinal0 [0x0098E6F5+2156277]
	Ordinal0 [0x0099F26E+2224750]
	BaseThreadInitThunk [0x77026359+25]
	RtlGetAppContainerNamedObjectPath [0x77BD8944+228]
	RtlGetAppContainerNamedObjectPath [0x77BD8914+180]

	at org.openqa.selenium.remote.W3CHandshakeResponse.lambda$errorHandler$0(W3CHandshakeResponse.java:62)
	at org.openqa.selenium.remote.HandshakeResponse.lambda$getResponseFunction$0(HandshakeResponse.java:30)
	at org.openqa.selenium.remote.ProtocolHandshake.lambda$createSession$0(ProtocolHandshake.java:126)
	at org.openqa.selenium.remote.ProtocolHandshake.createSession(ProtocolHandshake.java:128)
	at org.openqa.selenium.remote.ProtocolHandshake.createSession(ProtocolHandshake.java:74)
	at org.openqa.selenium.remote.HttpCommandExecutor.execute(HttpCommandExecutor.java:136)
	at org.openqa.selenium.remote.service.DriverCommandExecutor.execute(DriverCommandExecutor.java:83)
	at org.openqa.selenium.remote.RemoteWebDriver.execute(RemoteWebDriver.java:552)
	at com.kms.katalon.selenium.driver.CChromeDriver.execute(CChromeDriver.java:19)
	at org.openqa.selenium.remote.RemoteWebDriver.startSession(RemoteWebDriver.java:213)
	at org.openqa.selenium.remote.RemoteWebDriver.<init>(RemoteWebDriver.java:131)
	at org.openqa.selenium.chrome.ChromeDriver.<init>(ChromeDriver.java:181)
	at org.openqa.selenium.chrome.ChromeDriver.<init>(ChromeDriver.java:147)
	at com.kms.katalon.selenium.driver.CChromeDriver.<init>(CChromeDriver.java:13)
	at com.kms.katalon.core.webui.driver.DriverFactory.createNewChromeDriver(DriverFactory.java:400)
	at com.kms.katalon.core.webui.driver.DriverFactory.startNewBrowser(DriverFactory.java:358)
	at com.kms.katalon.core.webui.driver.DriverFactory.openWebDriver(DriverFactory.java:245)
	at com.kms.katalon.core.webui.keyword.builtin.OpenBrowserKeyword$_openBrowser_closure1.doCall(OpenBrowserKeyword.groovy:74)
	at com.kms.katalon.core.webui.keyword.builtin.OpenBrowserKeyword$_openBrowser_closure1.call(OpenBrowserKeyword.groovy)
	at com.kms.katalon.core.webui.keyword.internal.WebUIKeywordMain.runKeyword(WebUIKeywordMain.groovy:20)
	... 23 more


2021-02-19 16:56:36 - [TEST_STEP][PASSED] - excelTestData = findTestData("Data Files/TestData/InspectTestData"): null

2021-02-19 16:56:36 - [TEST_STEP][PASSED] - userEmail = excelTestData.getValue(2, 23): null

2021-02-19 16:56:36 - [TEST_STEP][FAILED] - customKeywords.commanFunctions.uploadFileOfPublicUser(252, userEmail): Unable to open browser with url: 'https://Inspect.Stage.site.sa'

2021-02-19 16:56:36 - [MESSAGE][INFO] - Starting 'Chrome' driver

2021-02-19 16:56:36 - [MESSAGE][INFO] - Action delay is set to 0 milliseconds

2021-02-19 16:56:49 - [MESSAGE][FAILED] - Unable to open browser with url: 'https://Inspect.Stage.site.sa' (Root cause: com.kms.katalon.core.exception.StepFailedException: Unable to open browser with url: 'https://Inspect.Stage.site.sa'
	at com.kms.katalon.core.webui.keyword.internal.WebUIKeywordMain.stepFailed(WebUIKeywordMain.groovy:64)
	at com.kms.katalon.core.webui.keyword.internal.WebUIKeywordMain.runKeyword(WebUIKeywordMain.groovy:26)
	at com.kms.katalon.core.webui.keyword.builtin.OpenBrowserKeyword.openBrowser(OpenBrowserKeyword.groovy:81)
	at com.kms.katalon.core.webui.keyword.builtin.OpenBrowserKeyword.execute(OpenBrowserKeyword.groovy:67)
	at com.kms.katalon.core.keyword.internal.KeywordExecutor.executeKeywordForPlatform(KeywordExecutor.groovy:73)
	at com.kms.katalon.core.webui.keyword.WebUiBuiltInKeywords.openBrowser(WebUiBuiltInKeywords.groovy:61)
	at com.kms.katalon.core.webui.keyword.WebUiBuiltInKeywords$openBrowser.call(Unknown Source)
	at customKeywords.commanFunctions.openBrowser(commanFunctions.groovy:47)
	at customKeywords.commanFunctions.uploadFileOfPublicUser(commanFunctions.groovy:650)
	at customKeywords.commanFunctions.invokeMethod(commanFunctions.groovy)
	at com.kms.katalon.core.main.CustomKeywordDelegatingMetaClass.invokeStaticMethod(CustomKeywordDelegatingMetaClass.java:50)
	at TC_As a public user, Upload Graphics Interchange Format File.run(TC_As a public user, Upload Graphics Interchange Format File:14)
	at com.kms.katalon.core.main.ScriptEngine.run(ScriptEngine.java:194)
	at com.kms.katalon.core.main.ScriptEngine.runScriptAsRawText(ScriptEngine.java:119)
	at com.kms.katalon.core.main.TestCaseExecutor.runScript(TestCaseExecutor.java:394)
	at com.kms.katalon.core.main.TestCaseExecutor.doExecute(TestCaseExecutor.java:385)
	at com.kms.katalon.core.main.TestCaseExecutor.processExecutionPhase(TestCaseExecutor.java:364)
	at com.kms.katalon.core.main.TestCaseExecutor.accessMainPhase(TestCaseExecutor.java:356)
	at com.kms.katalon.core.main.TestCaseExecutor.execute(TestCaseExecutor.java:251)
	at com.kms.katalon.core.main.TestSuiteExecutor.accessTestCaseMainPhase(TestSuiteExecutor.java:203)
	at com.kms.katalon.core.main.TestSuiteExecutor.accessTestSuiteMainPhase(TestSuiteExecutor.java:152)
	at com.kms.katalon.core.main.TestSuiteExecutor.execute(TestSuiteExecutor.java:95)
	at com.kms.katalon.core.main.TestCaseMain.startTestSuite(TestCaseMain.java:157)
	at com.kms.katalon.core.main.TestCaseMain$startTestSuite$0.call(Unknown Source)
	at TempTestSuite1613733203700.run(TempTestSuite1613733203700.groovy:39)
Caused by: org.openqa.selenium.SessionNotCreatedException: session not created
from chrome not reachable
  (Session info: chrome=86.0.4240.75)
Build info: version: '3.141.59', revision: 'e82be7d358', time: '2018-11-14T08:25:53'
System info: host: 'OMTPGCN1132568L', ip: '192.168.1.1', os.name: 'Windows 10', os.arch: 'amd64', os.version: '10.0', java.version: '1.8.0_181'
Driver info: driver.version: CChromeDriver
remote stacktrace: Backtrace:
	Ordinal0 [0x00A8C013+3194899]
	Ordinal0 [0x00976021+2056225]
	Ordinal0 [0x0080F4B0+586928]
	Ordinal0 [0x00805894+546964]
	Ordinal0 [0x00805F2C+548652]
	Ordinal0 [0x00807175+553333]
	Ordinal0 [0x0080241E+533534]
	Ordinal0 [0x00810620+591392]
	Ordinal0 [0x007B2A0C+207372]
	Ordinal0 [0x007B1D0D+204045]
	Ordinal0 [0x007AFC1B+195611]
	Ordinal0 [0x00793B7F+80767]
	Ordinal0 [0x00794B4E+84814]
	Ordinal0 [0x00794AD9+84697]
	Ordinal0 [0x0098CE64+2149988]
	GetHandleVerifier [0x00BFBE95+1400773]
	GetHandleVerifier [0x00BFBB61+1399953]
	GetHandleVerifier [0x00C031FA+1430314]
	GetHandleVerifier [0x00BFC69F+1402831]
	Ordinal0 [0x00983D61+2112865]
	Ordinal0 [0x0098E5CB+2155979]
	Ordinal0 [0x0098E6F5+2156277]
	Ordinal0 [0x0099F26E+2224750]
	BaseThreadInitThunk [0x77026359+25]
	RtlGetAppContainerNamedObjectPath [0x77BD8944+228]
	RtlGetAppContainerNamedObjectPath [0x77BD8914+180]

	at org.openqa.selenium.remote.W3CHandshakeResponse.lambda$errorHandler$0(W3CHandshakeResponse.java:62)
	at org.openqa.selenium.remote.HandshakeResponse.lambda$getResponseFunction$0(HandshakeResponse.java:30)
	at org.openqa.selenium.remote.ProtocolHandshake.lambda$createSession$0(ProtocolHandshake.java:126)
	at org.openqa.selenium.remote.ProtocolHandshake.createSession(ProtocolHandshake.java:128)
	at org.openqa.selenium.remote.ProtocolHandshake.createSession(ProtocolHandshake.java:74)
	at org.openqa.selenium.remote.HttpCommandExecutor.execute(HttpCommandExecutor.java:136)
	at org.openqa.selenium.remote.service.DriverCommandExecutor.execute(DriverCommandExecutor.java:83)
	at org.openqa.selenium.remote.RemoteWebDriver.execute(RemoteWebDriver.java:552)
	at com.kms.katalon.selenium.driver.CChromeDriver.execute(CChromeDriver.java:19)
	at org.openqa.selenium.remote.RemoteWebDriver.startSession(RemoteWebDriver.java:213)
	at org.openqa.selenium.remote.RemoteWebDriver.<init>(RemoteWebDriver.java:131)
	at org.openqa.selenium.chrome.ChromeDriver.<init>(ChromeDriver.java:181)
	at org.openqa.selenium.chrome.ChromeDriver.<init>(ChromeDriver.java:147)
	at com.kms.katalon.selenium.driver.CChromeDriver.<init>(CChromeDriver.java:13)
	at com.kms.katalon.core.webui.driver.DriverFactory.createNewChromeDriver(DriverFactory.java:400)
	at com.kms.katalon.core.webui.driver.DriverFactory.startNewBrowser(DriverFactory.java:358)
	at com.kms.katalon.core.webui.driver.DriverFactory.openWebDriver(DriverFactory.java:245)
	at com.kms.katalon.core.webui.keyword.builtin.OpenBrowserKeyword$_openBrowser_closure1.doCall(OpenBrowserKeyword.groovy:74)
	at com.kms.katalon.core.webui.keyword.builtin.OpenBrowserKeyword$_openBrowser_closure1.call(OpenBrowserKeyword.groovy)
	at com.kms.katalon.core.webui.keyword.internal.WebUIKeywordMain.runKeyword(WebUIKeywordMain.groovy:20)
	at com.kms.katalon.core.webui.keyword.builtin.OpenBrowserKeyword.openBrowser(OpenBrowserKeyword.groovy:81)
	at com.kms.katalon.core.webui.keyword.builtin.OpenBrowserKeyword.execute(OpenBrowserKeyword.groovy:67)
	at com.kms.katalon.core.keyword.internal.KeywordExecutor.executeKeywordForPlatform(KeywordExecutor.groovy:73)
	at com.kms.katalon.core.webui.keyword.WebUiBuiltInKeywords.openBrowser(WebUiBuiltInKeywords.groovy:61)
	at com.kms.katalon.core.webui.keyword.WebUiBuiltInKeywords$openBrowser.call(Unknown Source)
	at customKeywords.commanFunctions.openBrowser(commanFunctions.groovy:47)
	at customKeywords.commanFunctions.uploadFileOfPublicUser(commanFunctions.groovy:650)
	at customKeywords.commanFunctions.invokeMethod(commanFunctions.groovy)
	at com.kms.katalon.core.main.CustomKeywordDelegatingMetaClass.invokeStaticMethod(CustomKeywordDelegatingMetaClass.java:50)
	at Script1613233320775.run(Script1613233320775.groovy:14)
	... 13 more
)

2021-02-19 16:56:49 - [MESSAGE][FAILED] - Unable to open browser with url: 'https://Inspect.Stage.site.sa'

2021-02-19 16:56:49 - [TEST_STEP][PASSED] - Start tear down : tearDownMethodIfFailed: Method 'tearDownMethodIfFailed' complete successfully

2021-02-19 16:56:49 - [TEST_STEP][PASSED] - customKeywords.commanFunctions.onlyCloseBrowser(): customKeywords.commanFunctions.onlyCloseBrowser is PASSED

2021-02-19 16:56:50 - [MESSAGE][PASSED] - Browser is closed

2021-02-19 16:56:50 - [MESSAGE][PASSED] - customKeywords.commanFunctions.onlyCloseBrowser is PASSED

2021-02-19 16:56:50 - [TEST_STEP][PASSED] - logInfo("[--------This is tearDownIfFailed method------]"): [--------This is tearDownIfFailed method------]

2021-02-19 16:56:50 - [MESSAGE][INFO] - [--------This is tearDownIfFailed method------]

2021-02-19 16:56:50 - [MESSAGE][PASSED] - Method 'tearDownMethodIfFailed' complete successfully]]></system-out>
         <system-err><![CDATA[2021-02-19 16:56:36 - [TEST_CASE][FAILED] - Test Cases/UploadDiffFiles_PublicUser/TC_As a public user, Upload Graphics Interchange Format File: Test Cases/UploadDiffFiles_PublicUser/TC_As a public user, Upload Graphics Interchange Format File FAILED.
Reason:
com.kms.katalon.core.exception.StepFailedException: Unable to open browser with url: 'https://Inspect.Stage.site.sa'
	at com.kms.katalon.core.webui.keyword.internal.WebUIKeywordMain.stepFailed(WebUIKeywordMain.groovy:64)
	at com.kms.katalon.core.webui.keyword.internal.WebUIKeywordMain.runKeyword(WebUIKeywordMain.groovy:26)
	at com.kms.katalon.core.webui.keyword.builtin.OpenBrowserKeyword.openBrowser(OpenBrowserKeyword.groovy:81)
	at com.kms.katalon.core.webui.keyword.builtin.OpenBrowserKeyword.execute(OpenBrowserKeyword.groovy:67)
	at com.kms.katalon.core.keyword.internal.KeywordExecutor.executeKeywordForPlatform(KeywordExecutor.groovy:73)
	at com.kms.katalon.core.webui.keyword.WebUiBuiltInKeywords.openBrowser(WebUiBuiltInKeywords.groovy:61)
	at com.kms.katalon.core.webui.keyword.WebUiBuiltInKeywords$openBrowser.call(Unknown Source)
	at customKeywords.commanFunctions.openBrowser(commanFunctions.groovy:47)
	at customKeywords.commanFunctions.uploadFileOfPublicUser(commanFunctions.groovy:650)
	at customKeywords.commanFunctions.invokeMethod(commanFunctions.groovy)
	at com.kms.katalon.core.main.CustomKeywordDelegatingMetaClass.invokeStaticMethod(CustomKeywordDelegatingMetaClass.java:50)
	at TC_As a public user, Upload Graphics Interchange Format File.run(TC_As a public user, Upload Graphics Interchange Format File:14)
	at com.kms.katalon.core.main.ScriptEngine.run(ScriptEngine.java:194)
	at com.kms.katalon.core.main.ScriptEngine.runScriptAsRawText(ScriptEngine.java:119)
	at com.kms.katalon.core.main.TestCaseExecutor.runScript(TestCaseExecutor.java:394)
	at com.kms.katalon.core.main.TestCaseExecutor.doExecute(TestCaseExecutor.java:385)
	at com.kms.katalon.core.main.TestCaseExecutor.processExecutionPhase(TestCaseExecutor.java:364)
	at com.kms.katalon.core.main.TestCaseExecutor.accessMainPhase(TestCaseExecutor.java:356)
	at com.kms.katalon.core.main.TestCaseExecutor.execute(TestCaseExecutor.java:251)
	at com.kms.katalon.core.main.TestSuiteExecutor.accessTestCaseMainPhase(TestSuiteExecutor.java:203)
	at com.kms.katalon.core.main.TestSuiteExecutor.accessTestSuiteMainPhase(TestSuiteExecutor.java:152)
	at com.kms.katalon.core.main.TestSuiteExecutor.execute(TestSuiteExecutor.java:95)
	at com.kms.katalon.core.main.TestCaseMain.startTestSuite(TestCaseMain.java:157)
	at com.kms.katalon.core.main.TestCaseMain$startTestSuite$0.call(Unknown Source)
	at TempTestSuite1613733203700.run(TempTestSuite1613733203700.groovy:39)
Caused by: org.openqa.selenium.SessionNotCreatedException: session not created
from chrome not reachable
  (Session info: chrome=86.0.4240.75)
Build info: version: '3.141.59', revision: 'e82be7d358', time: '2018-11-14T08:25:53'
System info: host: 'OMTPGCN1132568L', ip: '192.168.1.1', os.name: 'Windows 10', os.arch: 'amd64', os.version: '10.0', java.version: '1.8.0_181'
Driver info: driver.version: CChromeDriver
remote stacktrace: Backtrace:
	Ordinal0 [0x00A8C013+3194899]
	Ordinal0 [0x00976021+2056225]
	Ordinal0 [0x0080F4B0+586928]
	Ordinal0 [0x00805894+546964]
	Ordinal0 [0x00805F2C+548652]
	Ordinal0 [0x00807175+553333]
	Ordinal0 [0x0080241E+533534]
	Ordinal0 [0x00810620+591392]
	Ordinal0 [0x007B2A0C+207372]
	Ordinal0 [0x007B1D0D+204045]
	Ordinal0 [0x007AFC1B+195611]
	Ordinal0 [0x00793B7F+80767]
	Ordinal0 [0x00794B4E+84814]
	Ordinal0 [0x00794AD9+84697]
	Ordinal0 [0x0098CE64+2149988]
	GetHandleVerifier [0x00BFBE95+1400773]
	GetHandleVerifier [0x00BFBB61+1399953]
	GetHandleVerifier [0x00C031FA+1430314]
	GetHandleVerifier [0x00BFC69F+1402831]
	Ordinal0 [0x00983D61+2112865]
	Ordinal0 [0x0098E5CB+2155979]
	Ordinal0 [0x0098E6F5+2156277]
	Ordinal0 [0x0099F26E+2224750]
	BaseThreadInitThunk [0x77026359+25]
	RtlGetAppContainerNamedObjectPath [0x77BD8944+228]
	RtlGetAppContainerNamedObjectPath [0x77BD8914+180]

	at org.openqa.selenium.remote.W3CHandshakeResponse.lambda$errorHandler$0(W3CHandshakeResponse.java:62)
	at org.openqa.selenium.remote.HandshakeResponse.lambda$getResponseFunction$0(HandshakeResponse.java:30)
	at org.openqa.selenium.remote.ProtocolHandshake.lambda$createSession$0(ProtocolHandshake.java:126)
	at org.openqa.selenium.remote.ProtocolHandshake.createSession(ProtocolHandshake.java:128)
	at org.openqa.selenium.remote.ProtocolHandshake.createSession(ProtocolHandshake.java:74)
	at org.openqa.selenium.remote.HttpCommandExecutor.execute(HttpCommandExecutor.java:136)
	at org.openqa.selenium.remote.service.DriverCommandExecutor.execute(DriverCommandExecutor.java:83)
	at org.openqa.selenium.remote.RemoteWebDriver.execute(RemoteWebDriver.java:552)
	at com.kms.katalon.selenium.driver.CChromeDriver.execute(CChromeDriver.java:19)
	at org.openqa.selenium.remote.RemoteWebDriver.startSession(RemoteWebDriver.java:213)
	at org.openqa.selenium.remote.RemoteWebDriver.<init>(RemoteWebDriver.java:131)
	at org.openqa.selenium.chrome.ChromeDriver.<init>(ChromeDriver.java:181)
	at org.openqa.selenium.chrome.ChromeDriver.<init>(ChromeDriver.java:147)
	at com.kms.katalon.selenium.driver.CChromeDriver.<init>(CChromeDriver.java:13)
	at com.kms.katalon.core.webui.driver.DriverFactory.createNewChromeDriver(DriverFactory.java:400)
	at com.kms.katalon.core.webui.driver.DriverFactory.startNewBrowser(DriverFactory.java:358)
	at com.kms.katalon.core.webui.driver.DriverFactory.openWebDriver(DriverFactory.java:245)
	at com.kms.katalon.core.webui.keyword.builtin.OpenBrowserKeyword$_openBrowser_closure1.doCall(OpenBrowserKeyword.groovy:74)
	at com.kms.katalon.core.webui.keyword.builtin.OpenBrowserKeyword$_openBrowser_closure1.call(OpenBrowserKeyword.groovy)
	at com.kms.katalon.core.webui.keyword.internal.WebUIKeywordMain.runKeyword(WebUIKeywordMain.groovy:20)
	... 23 more]]></system-err>
      </testcase>
      <testcase name="Test Cases/UploadDiffFiles_PublicUser/TC_As a public user, Upload Jar File" time="55.197" classname="Test Cases/UploadDiffFiles_PublicUser/TC_As a public user, Upload Jar File" status="FAILED">
         <failure type="FAILED" message="Test Cases/UploadDiffFiles_PublicUser/TC_As a public user, Upload Jar File FAILED.
Reason:
com.kms.katalon.core.exception.StepFailedException: Unable to verify text 'commonsCode' is present 
	at com.kms.katalon.core.webui.keyword.internal.WebUIKeywordMain.stepFailed(WebUIKeywordMain.groovy:64)
	at com.kms.katalon.core.webui.keyword.internal.WebUIKeywordMain.runKeyword(WebUIKeywordMain.groovy:26)
	at com.kms.katalon.core.webui.keyword.builtin.VerifyTextPresentKeyword.verifyTextPresent(VerifyTextPresentKeyword.groovy:83)
	at com.kms.katalon.core.webui.keyword.builtin.VerifyTextPresentKeyword.execute(VerifyTextPresentKeyword.groovy:68)
	at com.kms.katalon.core.keyword.internal.KeywordExecutor.executeKeywordForPlatform(KeywordExecutor.groovy:73)
	at com.kms.katalon.core.webui.keyword.WebUiBuiltInKeywords.verifyTextPresent(WebUiBuiltInKeywords.groovy:1720)
	at com.kms.katalon.core.webui.keyword.WebUiBuiltInKeywords$verifyTextPresent$3.call(Unknown Source)
	at customKeywords.commanFunctions.UploadReqFile(commanFunctions.groovy:282)
	at customKeywords.commanFunctions.uploadFileOfPublicUser(commanFunctions.groovy:656)
	at customKeywords.commanFunctions.invokeMethod(commanFunctions.groovy)
	at com.kms.katalon.core.main.CustomKeywordDelegatingMetaClass.invokeStaticMethod(CustomKeywordDelegatingMetaClass.java:50)
	at TC_As a public user, Upload Jar File.run(TC_As a public user, Upload Jar File:14)
	at com.kms.katalon.core.main.ScriptEngine.run(ScriptEngine.java:194)
	at com.kms.katalon.core.main.ScriptEngine.runScriptAsRawText(ScriptEngine.java:119)
	at com.kms.katalon.core.main.TestCaseExecutor.runScript(TestCaseExecutor.java:394)
	at com.kms.katalon.core.main.TestCaseExecutor.doExecute(TestCaseExecutor.java:385)
	at com.kms.katalon.core.main.TestCaseExecutor.processExecutionPhase(TestCaseExecutor.java:364)
	at com.kms.katalon.core.main.TestCaseExecutor.accessMainPhase(TestCaseExecutor.java:356)
	at com.kms.katalon.core.main.TestCaseExecutor.execute(TestCaseExecutor.java:251)
	at com.kms.katalon.core.main.TestSuiteExecutor.accessTestCaseMainPhase(TestSuiteExecutor.java:203)
	at com.kms.katalon.core.main.TestSuiteExecutor.accessTestSuiteMainPhase(TestSuiteExecutor.java:152)
	at com.kms.katalon.core.main.TestSuiteExecutor.execute(TestSuiteExecutor.java:95)
	at com.kms.katalon.core.main.TestCaseMain.startTestSuite(TestCaseMain.java:157)
	at com.kms.katalon.core.main.TestCaseMain$startTestSuite$0.call(Unknown Source)
	at TempTestSuite1613733203700.run(TempTestSuite1613733203700.groovy:39)
Caused by: org.openqa.selenium.WebDriverException: chrome not reachable
  (Session info: chrome=86.0.4240.75)
Build info: version: '3.141.59', revision: 'e82be7d358', time: '2018-11-14T08:25:53'
System info: host: 'OMTPGCN1132568L', ip: '192.168.1.1', os.name: 'Windows 10', os.arch: 'amd64', os.version: '10.0', java.version: '1.8.0_181'
Driver info: com.kms.katalon.selenium.driver.CChromeDriver
Capabilities {acceptInsecureCerts: false, browserName: chrome, browserVersion: 86.0.4240.75, chrome: {chromedriverVersion: 86.0.4240.22 (398b0743353ff..., userDataDir: C:\Users\ashok\AppData\Loca...}, goog:chromeOptions: {debuggerAddress: localhost:51798}, javascriptEnabled: true, networkConnectionEnabled: false, pageLoadStrategy: normal, platform: WINDOWS, platformName: WINDOWS, proxy: Proxy(), setWindowRect: true, strictFileInteractability: false, timeouts: {implicit: 0, pageLoad: 300000, script: 30000}, unhandledPromptBehavior: dismiss and notify, webauthn:virtualAuthenticators: true}
Session ID: 5e47957fa7568d7aee029c86eceba671
*** Element info: {Using=tag name, value=body}
	at org.openqa.selenium.remote.http.W3CHttpResponseCodec.createException(W3CHttpResponseCodec.java:187)
	at org.openqa.selenium.remote.http.W3CHttpResponseCodec.decode(W3CHttpResponseCodec.java:122)
	at org.openqa.selenium.remote.http.W3CHttpResponseCodec.decode(W3CHttpResponseCodec.java:49)
	at org.openqa.selenium.remote.HttpCommandExecutor.execute(HttpCommandExecutor.java:158)
	at org.openqa.selenium.remote.service.DriverCommandExecutor.execute(DriverCommandExecutor.java:83)
	at org.openqa.selenium.remote.RemoteWebDriver.execute(RemoteWebDriver.java:552)
	at com.kms.katalon.selenium.driver.CChromeDriver.execute(CChromeDriver.java:19)
	at org.openqa.selenium.remote.RemoteWebDriver.findElement(RemoteWebDriver.java:323)
	at org.openqa.selenium.remote.RemoteWebDriver.findElementByTagName(RemoteWebDriver.java:396)
	at org.openqa.selenium.By$ByTagName.findElement(By.java:320)
	at org.openqa.selenium.remote.RemoteWebDriver.findElement(RemoteWebDriver.java:315)
	at org.openqa.selenium.support.events.EventFiringWebDriver.lambda$new$1(EventFiringWebDriver.java:105)
	at com.sun.proxy.$Proxy11.findElement(Unknown Source)
	at org.openqa.selenium.support.events.EventFiringWebDriver.findElement(EventFiringWebDriver.java:194)
	at com.kms.katalon.core.webui.common.WebUiCommonHelper.isTextPresent(WebUiCommonHelper.java:86)
	at com.kms.katalon.core.webui.keyword.builtin.VerifyTextPresentKeyword$_verifyTextPresent_closure1.doCall(VerifyTextPresentKeyword.groovy:75)
	at com.kms.katalon.core.webui.keyword.builtin.VerifyTextPresentKeyword$_verifyTextPresent_closure1.call(VerifyTextPresentKeyword.groovy)
	at com.kms.katalon.core.webui.keyword.internal.WebUIKeywordMain.runKeyword(WebUIKeywordMain.groovy:20)
	... 23 more
"/>
         <system-out><![CDATA[2021-02-19 16:56:50 - [TEST_CASE][FAILED] - Test Cases/UploadDiffFiles_PublicUser/TC_As a public user, Upload Jar File: Test Cases/UploadDiffFiles_PublicUser/TC_As a public user, Upload Jar File FAILED.
Reason:
com.kms.katalon.core.exception.StepFailedException: Unable to verify text 'commonsCode' is present 
	at com.kms.katalon.core.webui.keyword.internal.WebUIKeywordMain.stepFailed(WebUIKeywordMain.groovy:64)
	at com.kms.katalon.core.webui.keyword.internal.WebUIKeywordMain.runKeyword(WebUIKeywordMain.groovy:26)
	at com.kms.katalon.core.webui.keyword.builtin.VerifyTextPresentKeyword.verifyTextPresent(VerifyTextPresentKeyword.groovy:83)
	at com.kms.katalon.core.webui.keyword.builtin.VerifyTextPresentKeyword.execute(VerifyTextPresentKeyword.groovy:68)
	at com.kms.katalon.core.keyword.internal.KeywordExecutor.executeKeywordForPlatform(KeywordExecutor.groovy:73)
	at com.kms.katalon.core.webui.keyword.WebUiBuiltInKeywords.verifyTextPresent(WebUiBuiltInKeywords.groovy:1720)
	at com.kms.katalon.core.webui.keyword.WebUiBuiltInKeywords$verifyTextPresent$3.call(Unknown Source)
	at customKeywords.commanFunctions.UploadReqFile(commanFunctions.groovy:282)
	at customKeywords.commanFunctions.uploadFileOfPublicUser(commanFunctions.groovy:656)
	at customKeywords.commanFunctions.invokeMethod(commanFunctions.groovy)
	at com.kms.katalon.core.main.CustomKeywordDelegatingMetaClass.invokeStaticMethod(CustomKeywordDelegatingMetaClass.java:50)
	at TC_As a public user, Upload Jar File.run(TC_As a public user, Upload Jar File:14)
	at com.kms.katalon.core.main.ScriptEngine.run(ScriptEngine.java:194)
	at com.kms.katalon.core.main.ScriptEngine.runScriptAsRawText(ScriptEngine.java:119)
	at com.kms.katalon.core.main.TestCaseExecutor.runScript(TestCaseExecutor.java:394)
	at com.kms.katalon.core.main.TestCaseExecutor.doExecute(TestCaseExecutor.java:385)
	at com.kms.katalon.core.main.TestCaseExecutor.processExecutionPhase(TestCaseExecutor.java:364)
	at com.kms.katalon.core.main.TestCaseExecutor.accessMainPhase(TestCaseExecutor.java:356)
	at com.kms.katalon.core.main.TestCaseExecutor.execute(TestCaseExecutor.java:251)
	at com.kms.katalon.core.main.TestSuiteExecutor.accessTestCaseMainPhase(TestSuiteExecutor.java:203)
	at com.kms.katalon.core.main.TestSuiteExecutor.accessTestSuiteMainPhase(TestSuiteExecutor.java:152)
	at com.kms.katalon.core.main.TestSuiteExecutor.execute(TestSuiteExecutor.java:95)
	at com.kms.katalon.core.main.TestCaseMain.startTestSuite(TestCaseMain.java:157)
	at com.kms.katalon.core.main.TestCaseMain$startTestSuite$0.call(Unknown Source)
	at TempTestSuite1613733203700.run(TempTestSuite1613733203700.groovy:39)
Caused by: org.openqa.selenium.WebDriverException: chrome not reachable
  (Session info: chrome=86.0.4240.75)
Build info: version: '3.141.59', revision: 'e82be7d358', time: '2018-11-14T08:25:53'
System info: host: 'OMTPGCN1132568L', ip: '192.168.1.1', os.name: 'Windows 10', os.arch: 'amd64', os.version: '10.0', java.version: '1.8.0_181'
Driver info: com.kms.katalon.selenium.driver.CChromeDriver
Capabilities {acceptInsecureCerts: false, browserName: chrome, browserVersion: 86.0.4240.75, chrome: {chromedriverVersion: 86.0.4240.22 (398b0743353ff..., userDataDir: C:\Users\ashok\AppData\Loca...}, goog:chromeOptions: {debuggerAddress: localhost:51798}, javascriptEnabled: true, networkConnectionEnabled: false, pageLoadStrategy: normal, platform: WINDOWS, platformName: WINDOWS, proxy: Proxy(), setWindowRect: true, strictFileInteractability: false, timeouts: {implicit: 0, pageLoad: 300000, script: 30000}, unhandledPromptBehavior: dismiss and notify, webauthn:virtualAuthenticators: true}
Session ID: 5e47957fa7568d7aee029c86eceba671
*** Element info: {Using=tag name, value=body}
	at org.openqa.selenium.remote.http.W3CHttpResponseCodec.createException(W3CHttpResponseCodec.java:187)
	at org.openqa.selenium.remote.http.W3CHttpResponseCodec.decode(W3CHttpResponseCodec.java:122)
	at org.openqa.selenium.remote.http.W3CHttpResponseCodec.decode(W3CHttpResponseCodec.java:49)
	at org.openqa.selenium.remote.HttpCommandExecutor.execute(HttpCommandExecutor.java:158)
	at org.openqa.selenium.remote.service.DriverCommandExecutor.execute(DriverCommandExecutor.java:83)
	at org.openqa.selenium.remote.RemoteWebDriver.execute(RemoteWebDriver.java:552)
	at com.kms.katalon.selenium.driver.CChromeDriver.execute(CChromeDriver.java:19)
	at org.openqa.selenium.remote.RemoteWebDriver.findElement(RemoteWebDriver.java:323)
	at org.openqa.selenium.remote.RemoteWebDriver.findElementByTagName(RemoteWebDriver.java:396)
	at org.openqa.selenium.By$ByTagName.findElement(By.java:320)
	at org.openqa.selenium.remote.RemoteWebDriver.findElement(RemoteWebDriver.java:315)
	at org.openqa.selenium.support.events.EventFiringWebDriver.lambda$new$1(EventFiringWebDriver.java:105)
	at com.sun.proxy.$Proxy11.findElement(Unknown Source)
	at org.openqa.selenium.support.events.EventFiringWebDriver.findElement(EventFiringWebDriver.java:194)
	at com.kms.katalon.core.webui.common.WebUiCommonHelper.isTextPresent(WebUiCommonHelper.java:86)
	at com.kms.katalon.core.webui.keyword.builtin.VerifyTextPresentKeyword$_verifyTextPresent_closure1.doCall(VerifyTextPresentKeyword.groovy:75)
	at com.kms.katalon.core.webui.keyword.builtin.VerifyTextPresentKeyword$_verifyTextPresent_closure1.call(VerifyTextPresentKeyword.groovy)
	at com.kms.katalon.core.webui.keyword.internal.WebUIKeywordMain.runKeyword(WebUIKeywordMain.groovy:20)
	... 23 more


2021-02-19 16:56:50 - [TEST_STEP][PASSED] - excelTestData = findTestData("Data Files/TestData/InspectTestData"): null

2021-02-19 16:56:50 - [TEST_STEP][PASSED] - userEmail = excelTestData.getValue(2, 23): null

2021-02-19 16:56:50 - [TEST_STEP][FAILED] - customKeywords.commanFunctions.uploadFileOfPublicUser(160, userEmail): Unable to verify text 'commonsCode' is present 

2021-02-19 16:56:50 - [MESSAGE][INFO] - Starting 'Chrome' driver

2021-02-19 16:56:50 - [MESSAGE][INFO] - Action delay is set to 0 milliseconds

2021-02-19 16:56:59 - [MESSAGE][PASSED] - Browser is opened with url: 'https://Inspect.Stage.site.sa'

2021-02-19 16:57:02 - [MESSAGE][PASSED] - Current window maximized

2021-02-19 16:57:02 - [MESSAGE][PASSED] - Wait for page load successfully

2021-02-19 16:57:02 - [MESSAGE][PASSED] - Object: 'Object Repository/HomePage/ChooseAFile' is clicked on

2021-02-19 16:57:04 - [MESSAGE][PASSED] - Delayed 2 second(s)

2021-02-19 16:57:06 - [MESSAGE][INFO] - Image Uploaded Sucsessfully

2021-02-19 16:57:08 - [MESSAGE][PASSED] - Delayed 2 second(s)

2021-02-19 16:57:44 - [MESSAGE][WARNING] - Cannot take screenshot

2021-02-19 16:57:44 - [MESSAGE][FAILED] - Unable to verify text 'commonsCode' is present  (Root cause: com.kms.katalon.core.exception.StepFailedException: Unable to verify text 'commonsCode' is present 
	at com.kms.katalon.core.webui.keyword.internal.WebUIKeywordMain.stepFailed(WebUIKeywordMain.groovy:64)
	at com.kms.katalon.core.webui.keyword.internal.WebUIKeywordMain.runKeyword(WebUIKeywordMain.groovy:26)
	at com.kms.katalon.core.webui.keyword.builtin.VerifyTextPresentKeyword.verifyTextPresent(VerifyTextPresentKeyword.groovy:83)
	at com.kms.katalon.core.webui.keyword.builtin.VerifyTextPresentKeyword.execute(VerifyTextPresentKeyword.groovy:68)
	at com.kms.katalon.core.keyword.internal.KeywordExecutor.executeKeywordForPlatform(KeywordExecutor.groovy:73)
	at com.kms.katalon.core.webui.keyword.WebUiBuiltInKeywords.verifyTextPresent(WebUiBuiltInKeywords.groovy:1720)
	at com.kms.katalon.core.webui.keyword.WebUiBuiltInKeywords$verifyTextPresent$3.call(Unknown Source)
	at customKeywords.commanFunctions.UploadReqFile(commanFunctions.groovy:282)
	at customKeywords.commanFunctions.uploadFileOfPublicUser(commanFunctions.groovy:656)
	at customKeywords.commanFunctions.invokeMethod(commanFunctions.groovy)
	at com.kms.katalon.core.main.CustomKeywordDelegatingMetaClass.invokeStaticMethod(CustomKeywordDelegatingMetaClass.java:50)
	at TC_As a public user, Upload Jar File.run(TC_As a public user, Upload Jar File:14)
	at com.kms.katalon.core.main.ScriptEngine.run(ScriptEngine.java:194)
	at com.kms.katalon.core.main.ScriptEngine.runScriptAsRawText(ScriptEngine.java:119)
	at com.kms.katalon.core.main.TestCaseExecutor.runScript(TestCaseExecutor.java:394)
	at com.kms.katalon.core.main.TestCaseExecutor.doExecute(TestCaseExecutor.java:385)
	at com.kms.katalon.core.main.TestCaseExecutor.processExecutionPhase(TestCaseExecutor.java:364)
	at com.kms.katalon.core.main.TestCaseExecutor.accessMainPhase(TestCaseExecutor.java:356)
	at com.kms.katalon.core.main.TestCaseExecutor.execute(TestCaseExecutor.java:251)
	at com.kms.katalon.core.main.TestSuiteExecutor.accessTestCaseMainPhase(TestSuiteExecutor.java:203)
	at com.kms.katalon.core.main.TestSuiteExecutor.accessTestSuiteMainPhase(TestSuiteExecutor.java:152)
	at com.kms.katalon.core.main.TestSuiteExecutor.execute(TestSuiteExecutor.java:95)
	at com.kms.katalon.core.main.TestCaseMain.startTestSuite(TestCaseMain.java:157)
	at com.kms.katalon.core.main.TestCaseMain$startTestSuite$0.call(Unknown Source)
	at TempTestSuite1613733203700.run(TempTestSuite1613733203700.groovy:39)
Caused by: org.openqa.selenium.WebDriverException: chrome not reachable
  (Session info: chrome=86.0.4240.75)
Build info: version: '3.141.59', revision: 'e82be7d358', time: '2018-11-14T08:25:53'
System info: host: 'OMTPGCN1132568L', ip: '192.168.1.1', os.name: 'Windows 10', os.arch: 'amd64', os.version: '10.0', java.version: '1.8.0_181'
Driver info: com.kms.katalon.selenium.driver.CChromeDriver
Capabilities {acceptInsecureCerts: false, browserName: chrome, browserVersion: 86.0.4240.75, chrome: {chromedriverVersion: 86.0.4240.22 (398b0743353ff..., userDataDir: C:\Users\ashok\AppData\Loca...}, goog:chromeOptions: {debuggerAddress: localhost:51798}, javascriptEnabled: true, networkConnectionEnabled: false, pageLoadStrategy: normal, platform: WINDOWS, platformName: WINDOWS, proxy: Proxy(), setWindowRect: true, strictFileInteractability: false, timeouts: {implicit: 0, pageLoad: 300000, script: 30000}, unhandledPromptBehavior: dismiss and notify, webauthn:virtualAuthenticators: true}
Session ID: 5e47957fa7568d7aee029c86eceba671
*** Element info: {Using=tag name, value=body}
	at org.openqa.selenium.remote.http.W3CHttpResponseCodec.createException(W3CHttpResponseCodec.java:187)
	at org.openqa.selenium.remote.http.W3CHttpResponseCodec.decode(W3CHttpResponseCodec.java:122)
	at org.openqa.selenium.remote.http.W3CHttpResponseCodec.decode(W3CHttpResponseCodec.java:49)
	at org.openqa.selenium.remote.HttpCommandExecutor.execute(HttpCommandExecutor.java:158)
	at org.openqa.selenium.remote.service.DriverCommandExecutor.execute(DriverCommandExecutor.java:83)
	at org.openqa.selenium.remote.RemoteWebDriver.execute(RemoteWebDriver.java:552)
	at com.kms.katalon.selenium.driver.CChromeDriver.execute(CChromeDriver.java:19)
	at org.openqa.selenium.remote.RemoteWebDriver.findElement(RemoteWebDriver.java:323)
	at org.openqa.selenium.remote.RemoteWebDriver.findElementByTagName(RemoteWebDriver.java:396)
	at org.openqa.selenium.By$ByTagName.findElement(By.java:320)
	at org.openqa.selenium.remote.RemoteWebDriver.findElement(RemoteWebDriver.java:315)
	at org.openqa.selenium.support.events.EventFiringWebDriver.lambda$new$1(EventFiringWebDriver.java:105)
	at com.sun.proxy.$Proxy11.findElement(Unknown Source)
	at org.openqa.selenium.support.events.EventFiringWebDriver.findElement(EventFiringWebDriver.java:194)
	at com.kms.katalon.core.webui.common.WebUiCommonHelper.isTextPresent(WebUiCommonHelper.java:86)
	at com.kms.katalon.core.webui.keyword.builtin.VerifyTextPresentKeyword$_verifyTextPresent_closure1.doCall(VerifyTextPresentKeyword.groovy:75)
	at com.kms.katalon.core.webui.keyword.builtin.VerifyTextPresentKeyword$_verifyTextPresent_closure1.call(VerifyTextPresentKeyword.groovy)
	at com.kms.katalon.core.webui.keyword.internal.WebUIKeywordMain.runKeyword(WebUIKeywordMain.groovy:20)
	at com.kms.katalon.core.webui.keyword.builtin.VerifyTextPresentKeyword.verifyTextPresent(VerifyTextPresentKeyword.groovy:83)
	at com.kms.katalon.core.webui.keyword.builtin.VerifyTextPresentKeyword.execute(VerifyTextPresentKeyword.groovy:68)
	at com.kms.katalon.core.keyword.internal.KeywordExecutor.executeKeywordForPlatform(KeywordExecutor.groovy:73)
	at com.kms.katalon.core.webui.keyword.WebUiBuiltInKeywords.verifyTextPresent(WebUiBuiltInKeywords.groovy:1720)
	at com.kms.katalon.core.webui.keyword.WebUiBuiltInKeywords$verifyTextPresent$3.call(Unknown Source)
	at customKeywords.commanFunctions.UploadReqFile(commanFunctions.groovy:282)
	at customKeywords.commanFunctions.uploadFileOfPublicUser(commanFunctions.groovy:656)
	at customKeywords.commanFunctions.invokeMethod(commanFunctions.groovy)
	at com.kms.katalon.core.main.CustomKeywordDelegatingMetaClass.invokeStaticMethod(CustomKeywordDelegatingMetaClass.java:50)
	at Script1613218017952.run(Script1613218017952.groovy:14)
	... 13 more
)

2021-02-19 16:57:44 - [MESSAGE][FAILED] - Unable to verify text 'commonsCode' is present 

2021-02-19 16:57:44 - [TEST_STEP][PASSED] - Start tear down : tearDownMethodIfFailed: Method 'tearDownMethodIfFailed' complete successfully

2021-02-19 16:57:44 - [TEST_STEP][PASSED] - customKeywords.commanFunctions.onlyCloseBrowser(): customKeywords.commanFunctions.onlyCloseBrowser is PASSED

2021-02-19 16:57:45 - [MESSAGE][PASSED] - Browser is closed

2021-02-19 16:57:45 - [MESSAGE][PASSED] - customKeywords.commanFunctions.onlyCloseBrowser is PASSED

2021-02-19 16:57:45 - [TEST_STEP][PASSED] - logInfo("[--------This is tearDownIfFailed method------]"): [--------This is tearDownIfFailed method------]

2021-02-19 16:57:45 - [MESSAGE][INFO] - [--------This is tearDownIfFailed method------]

2021-02-19 16:57:45 - [MESSAGE][PASSED] - Method 'tearDownMethodIfFailed' complete successfully]]></system-out>
         <system-err><![CDATA[2021-02-19 16:56:50 - [TEST_CASE][FAILED] - Test Cases/UploadDiffFiles_PublicUser/TC_As a public user, Upload Jar File: Test Cases/UploadDiffFiles_PublicUser/TC_As a public user, Upload Jar File FAILED.
Reason:
com.kms.katalon.core.exception.StepFailedException: Unable to verify text 'commonsCode' is present 
	at com.kms.katalon.core.webui.keyword.internal.WebUIKeywordMain.stepFailed(WebUIKeywordMain.groovy:64)
	at com.kms.katalon.core.webui.keyword.internal.WebUIKeywordMain.runKeyword(WebUIKeywordMain.groovy:26)
	at com.kms.katalon.core.webui.keyword.builtin.VerifyTextPresentKeyword.verifyTextPresent(VerifyTextPresentKeyword.groovy:83)
	at com.kms.katalon.core.webui.keyword.builtin.VerifyTextPresentKeyword.execute(VerifyTextPresentKeyword.groovy:68)
	at com.kms.katalon.core.keyword.internal.KeywordExecutor.executeKeywordForPlatform(KeywordExecutor.groovy:73)
	at com.kms.katalon.core.webui.keyword.WebUiBuiltInKeywords.verifyTextPresent(WebUiBuiltInKeywords.groovy:1720)
	at com.kms.katalon.core.webui.keyword.WebUiBuiltInKeywords$verifyTextPresent$3.call(Unknown Source)
	at customKeywords.commanFunctions.UploadReqFile(commanFunctions.groovy:282)
	at customKeywords.commanFunctions.uploadFileOfPublicUser(commanFunctions.groovy:656)
	at customKeywords.commanFunctions.invokeMethod(commanFunctions.groovy)
	at com.kms.katalon.core.main.CustomKeywordDelegatingMetaClass.invokeStaticMethod(CustomKeywordDelegatingMetaClass.java:50)
	at TC_As a public user, Upload Jar File.run(TC_As a public user, Upload Jar File:14)
	at com.kms.katalon.core.main.ScriptEngine.run(ScriptEngine.java:194)
	at com.kms.katalon.core.main.ScriptEngine.runScriptAsRawText(ScriptEngine.java:119)
	at com.kms.katalon.core.main.TestCaseExecutor.runScript(TestCaseExecutor.java:394)
	at com.kms.katalon.core.main.TestCaseExecutor.doExecute(TestCaseExecutor.java:385)
	at com.kms.katalon.core.main.TestCaseExecutor.processExecutionPhase(TestCaseExecutor.java:364)
	at com.kms.katalon.core.main.TestCaseExecutor.accessMainPhase(TestCaseExecutor.java:356)
	at com.kms.katalon.core.main.TestCaseExecutor.execute(TestCaseExecutor.java:251)
	at com.kms.katalon.core.main.TestSuiteExecutor.accessTestCaseMainPhase(TestSuiteExecutor.java:203)
	at com.kms.katalon.core.main.TestSuiteExecutor.accessTestSuiteMainPhase(TestSuiteExecutor.java:152)
	at com.kms.katalon.core.main.TestSuiteExecutor.execute(TestSuiteExecutor.java:95)
	at com.kms.katalon.core.main.TestCaseMain.startTestSuite(TestCaseMain.java:157)
	at com.kms.katalon.core.main.TestCaseMain$startTestSuite$0.call(Unknown Source)
	at TempTestSuite1613733203700.run(TempTestSuite1613733203700.groovy:39)
Caused by: org.openqa.selenium.WebDriverException: chrome not reachable
  (Session info: chrome=86.0.4240.75)
Build info: version: '3.141.59', revision: 'e82be7d358', time: '2018-11-14T08:25:53'
System info: host: 'OMTPGCN1132568L', ip: '192.168.1.1', os.name: 'Windows 10', os.arch: 'amd64', os.version: '10.0', java.version: '1.8.0_181'
Driver info: com.kms.katalon.selenium.driver.CChromeDriver
Capabilities {acceptInsecureCerts: false, browserName: chrome, browserVersion: 86.0.4240.75, chrome: {chromedriverVersion: 86.0.4240.22 (398b0743353ff..., userDataDir: C:\Users\ashok\AppData\Loca...}, goog:chromeOptions: {debuggerAddress: localhost:51798}, javascriptEnabled: true, networkConnectionEnabled: false, pageLoadStrategy: normal, platform: WINDOWS, platformName: WINDOWS, proxy: Proxy(), setWindowRect: true, strictFileInteractability: false, timeouts: {implicit: 0, pageLoad: 300000, script: 30000}, unhandledPromptBehavior: dismiss and notify, webauthn:virtualAuthenticators: true}
Session ID: 5e47957fa7568d7aee029c86eceba671
*** Element info: {Using=tag name, value=body}
	at org.openqa.selenium.remote.http.W3CHttpResponseCodec.createException(W3CHttpResponseCodec.java:187)
	at org.openqa.selenium.remote.http.W3CHttpResponseCodec.decode(W3CHttpResponseCodec.java:122)
	at org.openqa.selenium.remote.http.W3CHttpResponseCodec.decode(W3CHttpResponseCodec.java:49)
	at org.openqa.selenium.remote.HttpCommandExecutor.execute(HttpCommandExecutor.java:158)
	at org.openqa.selenium.remote.service.DriverCommandExecutor.execute(DriverCommandExecutor.java:83)
	at org.openqa.selenium.remote.RemoteWebDriver.execute(RemoteWebDriver.java:552)
	at com.kms.katalon.selenium.driver.CChromeDriver.execute(CChromeDriver.java:19)
	at org.openqa.selenium.remote.RemoteWebDriver.findElement(RemoteWebDriver.java:323)
	at org.openqa.selenium.remote.RemoteWebDriver.findElementByTagName(RemoteWebDriver.java:396)
	at org.openqa.selenium.By$ByTagName.findElement(By.java:320)
	at org.openqa.selenium.remote.RemoteWebDriver.findElement(RemoteWebDriver.java:315)
	at org.openqa.selenium.support.events.EventFiringWebDriver.lambda$new$1(EventFiringWebDriver.java:105)
	at com.sun.proxy.$Proxy11.findElement(Unknown Source)
	at org.openqa.selenium.support.events.EventFiringWebDriver.findElement(EventFiringWebDriver.java:194)
	at com.kms.katalon.core.webui.common.WebUiCommonHelper.isTextPresent(WebUiCommonHelper.java:86)
	at com.kms.katalon.core.webui.keyword.builtin.VerifyTextPresentKeyword$_verifyTextPresent_closure1.doCall(VerifyTextPresentKeyword.groovy:75)
	at com.kms.katalon.core.webui.keyword.builtin.VerifyTextPresentKeyword$_verifyTextPresent_closure1.call(VerifyTextPresentKeyword.groovy)
	at com.kms.katalon.core.webui.keyword.internal.WebUIKeywordMain.runKeyword(WebUIKeywordMain.groovy:20)
	... 23 more]]></system-err>
      </testcase>
      <testcase name="Test Cases/UploadDiffFiles_PublicUser/TC_As a public user, Upload Java File" time="6.268" classname="Test Cases/UploadDiffFiles_PublicUser/TC_As a public user, Upload Java File" status="FAILED">
         <failure type="FAILED" message="Test Cases/UploadDiffFiles_PublicUser/TC_As a public user, Upload Java File FAILED.
Reason:
com.kms.katalon.core.exception.StepFailedException: Unable to maximize current window
	at com.kms.katalon.core.webui.keyword.internal.WebUIKeywordMain.stepFailed(WebUIKeywordMain.groovy:64)
	at com.kms.katalon.core.webui.keyword.internal.WebUIKeywordMain.runKeyword(WebUIKeywordMain.groovy:26)
	at com.kms.katalon.core.webui.keyword.builtin.MaximizeWindowKeyword.maximizeWindow(MaximizeWindowKeyword.groovy:74)
	at com.kms.katalon.core.webui.keyword.builtin.MaximizeWindowKeyword.execute(MaximizeWindowKeyword.groovy:69)
	at com.kms.katalon.core.keyword.internal.KeywordExecutor.executeKeywordForPlatform(KeywordExecutor.groovy:73)
	at com.kms.katalon.core.webui.keyword.WebUiBuiltInKeywords.maximizeWindow(WebUiBuiltInKeywords.groovy:280)
	at com.kms.katalon.core.webui.keyword.WebUiBuiltInKeywords$maximizeWindow$0.call(Unknown Source)
	at customKeywords.commanFunctions.openBrowser(commanFunctions.groovy:48)
	at customKeywords.commanFunctions.uploadFileOfPublicUser(commanFunctions.groovy:650)
	at customKeywords.commanFunctions.invokeMethod(commanFunctions.groovy)
	at com.kms.katalon.core.main.CustomKeywordDelegatingMetaClass.invokeStaticMethod(CustomKeywordDelegatingMetaClass.java:50)
	at TC_As a public user, Upload Java File.run(TC_As a public user, Upload Java File:14)
	at com.kms.katalon.core.main.ScriptEngine.run(ScriptEngine.java:194)
	at com.kms.katalon.core.main.ScriptEngine.runScriptAsRawText(ScriptEngine.java:119)
	at com.kms.katalon.core.main.TestCaseExecutor.runScript(TestCaseExecutor.java:394)
	at com.kms.katalon.core.main.TestCaseExecutor.doExecute(TestCaseExecutor.java:385)
	at com.kms.katalon.core.main.TestCaseExecutor.processExecutionPhase(TestCaseExecutor.java:364)
	at com.kms.katalon.core.main.TestCaseExecutor.accessMainPhase(TestCaseExecutor.java:356)
	at com.kms.katalon.core.main.TestCaseExecutor.execute(TestCaseExecutor.java:251)
	at com.kms.katalon.core.main.TestSuiteExecutor.accessTestCaseMainPhase(TestSuiteExecutor.java:203)
	at com.kms.katalon.core.main.TestSuiteExecutor.accessTestSuiteMainPhase(TestSuiteExecutor.java:152)
	at com.kms.katalon.core.main.TestSuiteExecutor.execute(TestSuiteExecutor.java:95)
	at com.kms.katalon.core.main.TestCaseMain.startTestSuite(TestCaseMain.java:157)
	at com.kms.katalon.core.main.TestCaseMain$startTestSuite$0.call(Unknown Source)
	at TempTestSuite1613733203700.run(TempTestSuite1613733203700.groovy:39)
Caused by: org.openqa.selenium.NoSuchWindowException: no such window: target window already closed
from unknown error: web view not found
  (Session info: chrome=86.0.4240.75)
Build info: version: '3.141.59', revision: 'e82be7d358', time: '2018-11-14T08:25:53'
System info: host: 'OMTPGCN1132568L', ip: '192.168.1.1', os.name: 'Windows 10', os.arch: 'amd64', os.version: '10.0', java.version: '1.8.0_181'
Driver info: com.kms.katalon.selenium.driver.CChromeDriver
Capabilities {acceptInsecureCerts: false, browserName: chrome, browserVersion: 86.0.4240.75, chrome: {chromedriverVersion: 86.0.4240.22 (398b0743353ff..., userDataDir: C:\Users\ashok\AppData\Loca...}, goog:chromeOptions: {debuggerAddress: localhost:51870}, javascriptEnabled: true, networkConnectionEnabled: false, pageLoadStrategy: normal, platform: WINDOWS, platformName: WINDOWS, proxy: Proxy(), setWindowRect: true, strictFileInteractability: false, timeouts: {implicit: 0, pageLoad: 300000, script: 30000}, unhandledPromptBehavior: dismiss and notify, webauthn:virtualAuthenticators: true}
Session ID: 9b7a6cfa11186852a796090592a05eb0
	at org.openqa.selenium.remote.http.W3CHttpResponseCodec.createException(W3CHttpResponseCodec.java:187)
	at org.openqa.selenium.remote.http.W3CHttpResponseCodec.decode(W3CHttpResponseCodec.java:122)
	at org.openqa.selenium.remote.http.W3CHttpResponseCodec.decode(W3CHttpResponseCodec.java:49)
	at org.openqa.selenium.remote.HttpCommandExecutor.execute(HttpCommandExecutor.java:158)
	at org.openqa.selenium.remote.service.DriverCommandExecutor.execute(DriverCommandExecutor.java:83)
	at org.openqa.selenium.remote.RemoteWebDriver.execute(RemoteWebDriver.java:552)
	at com.kms.katalon.selenium.driver.CChromeDriver.execute(CChromeDriver.java:19)
	at org.openqa.selenium.remote.RemoteWebDriver.execute(RemoteWebDriver.java:609)
	at org.openqa.selenium.remote.RemoteWebDriver$RemoteWebDriverOptions$RemoteWindow.maximize(RemoteWebDriver.java:837)
	at org.openqa.selenium.support.events.EventFiringWebDriver$EventFiringWindow.maximize(EventFiringWebDriver.java:769)
	at com.kms.katalon.core.webui.keyword.builtin.MaximizeWindowKeyword$_maximizeWindow_closure1.doCall(MaximizeWindowKeyword.groovy:85)
	at com.kms.katalon.core.webui.keyword.builtin.MaximizeWindowKeyword$_maximizeWindow_closure1.call(MaximizeWindowKeyword.groovy)
	at com.kms.katalon.core.webui.keyword.internal.WebUIKeywordMain.runKeyword(WebUIKeywordMain.groovy:20)
	... 23 more
"/>
         <system-out><![CDATA[2021-02-19 16:57:45 - [TEST_CASE][FAILED] - Test Cases/UploadDiffFiles_PublicUser/TC_As a public user, Upload Java File: Test Cases/UploadDiffFiles_PublicUser/TC_As a public user, Upload Java File FAILED.
Reason:
com.kms.katalon.core.exception.StepFailedException: Unable to maximize current window
	at com.kms.katalon.core.webui.keyword.internal.WebUIKeywordMain.stepFailed(WebUIKeywordMain.groovy:64)
	at com.kms.katalon.core.webui.keyword.internal.WebUIKeywordMain.runKeyword(WebUIKeywordMain.groovy:26)
	at com.kms.katalon.core.webui.keyword.builtin.MaximizeWindowKeyword.maximizeWindow(MaximizeWindowKeyword.groovy:74)
	at com.kms.katalon.core.webui.keyword.builtin.MaximizeWindowKeyword.execute(MaximizeWindowKeyword.groovy:69)
	at com.kms.katalon.core.keyword.internal.KeywordExecutor.executeKeywordForPlatform(KeywordExecutor.groovy:73)
	at com.kms.katalon.core.webui.keyword.WebUiBuiltInKeywords.maximizeWindow(WebUiBuiltInKeywords.groovy:280)
	at com.kms.katalon.core.webui.keyword.WebUiBuiltInKeywords$maximizeWindow$0.call(Unknown Source)
	at customKeywords.commanFunctions.openBrowser(commanFunctions.groovy:48)
	at customKeywords.commanFunctions.uploadFileOfPublicUser(commanFunctions.groovy:650)
	at customKeywords.commanFunctions.invokeMethod(commanFunctions.groovy)
	at com.kms.katalon.core.main.CustomKeywordDelegatingMetaClass.invokeStaticMethod(CustomKeywordDelegatingMetaClass.java:50)
	at TC_As a public user, Upload Java File.run(TC_As a public user, Upload Java File:14)
	at com.kms.katalon.core.main.ScriptEngine.run(ScriptEngine.java:194)
	at com.kms.katalon.core.main.ScriptEngine.runScriptAsRawText(ScriptEngine.java:119)
	at com.kms.katalon.core.main.TestCaseExecutor.runScript(TestCaseExecutor.java:394)
	at com.kms.katalon.core.main.TestCaseExecutor.doExecute(TestCaseExecutor.java:385)
	at com.kms.katalon.core.main.TestCaseExecutor.processExecutionPhase(TestCaseExecutor.java:364)
	at com.kms.katalon.core.main.TestCaseExecutor.accessMainPhase(TestCaseExecutor.java:356)
	at com.kms.katalon.core.main.TestCaseExecutor.execute(TestCaseExecutor.java:251)
	at com.kms.katalon.core.main.TestSuiteExecutor.accessTestCaseMainPhase(TestSuiteExecutor.java:203)
	at com.kms.katalon.core.main.TestSuiteExecutor.accessTestSuiteMainPhase(TestSuiteExecutor.java:152)
	at com.kms.katalon.core.main.TestSuiteExecutor.execute(TestSuiteExecutor.java:95)
	at com.kms.katalon.core.main.TestCaseMain.startTestSuite(TestCaseMain.java:157)
	at com.kms.katalon.core.main.TestCaseMain$startTestSuite$0.call(Unknown Source)
	at TempTestSuite1613733203700.run(TempTestSuite1613733203700.groovy:39)
Caused by: org.openqa.selenium.NoSuchWindowException: no such window: target window already closed
from unknown error: web view not found
  (Session info: chrome=86.0.4240.75)
Build info: version: '3.141.59', revision: 'e82be7d358', time: '2018-11-14T08:25:53'
System info: host: 'OMTPGCN1132568L', ip: '192.168.1.1', os.name: 'Windows 10', os.arch: 'amd64', os.version: '10.0', java.version: '1.8.0_181'
Driver info: com.kms.katalon.selenium.driver.CChromeDriver
Capabilities {acceptInsecureCerts: false, browserName: chrome, browserVersion: 86.0.4240.75, chrome: {chromedriverVersion: 86.0.4240.22 (398b0743353ff..., userDataDir: C:\Users\ashok\AppData\Loca...}, goog:chromeOptions: {debuggerAddress: localhost:51870}, javascriptEnabled: true, networkConnectionEnabled: false, pageLoadStrategy: normal, platform: WINDOWS, platformName: WINDOWS, proxy: Proxy(), setWindowRect: true, strictFileInteractability: false, timeouts: {implicit: 0, pageLoad: 300000, script: 30000}, unhandledPromptBehavior: dismiss and notify, webauthn:virtualAuthenticators: true}
Session ID: 9b7a6cfa11186852a796090592a05eb0
	at org.openqa.selenium.remote.http.W3CHttpResponseCodec.createException(W3CHttpResponseCodec.java:187)
	at org.openqa.selenium.remote.http.W3CHttpResponseCodec.decode(W3CHttpResponseCodec.java:122)
	at org.openqa.selenium.remote.http.W3CHttpResponseCodec.decode(W3CHttpResponseCodec.java:49)
	at org.openqa.selenium.remote.HttpCommandExecutor.execute(HttpCommandExecutor.java:158)
	at org.openqa.selenium.remote.service.DriverCommandExecutor.execute(DriverCommandExecutor.java:83)
	at org.openqa.selenium.remote.RemoteWebDriver.execute(RemoteWebDriver.java:552)
	at com.kms.katalon.selenium.driver.CChromeDriver.execute(CChromeDriver.java:19)
	at org.openqa.selenium.remote.RemoteWebDriver.execute(RemoteWebDriver.java:609)
	at org.openqa.selenium.remote.RemoteWebDriver$RemoteWebDriverOptions$RemoteWindow.maximize(RemoteWebDriver.java:837)
	at org.openqa.selenium.support.events.EventFiringWebDriver$EventFiringWindow.maximize(EventFiringWebDriver.java:769)
	at com.kms.katalon.core.webui.keyword.builtin.MaximizeWindowKeyword$_maximizeWindow_closure1.doCall(MaximizeWindowKeyword.groovy:85)
	at com.kms.katalon.core.webui.keyword.builtin.MaximizeWindowKeyword$_maximizeWindow_closure1.call(MaximizeWindowKeyword.groovy)
	at com.kms.katalon.core.webui.keyword.internal.WebUIKeywordMain.runKeyword(WebUIKeywordMain.groovy:20)
	... 23 more


2021-02-19 16:57:45 - [TEST_STEP][PASSED] - excelTestData = findTestData("Data Files/TestData/InspectTestData"): null

2021-02-19 16:57:45 - [TEST_STEP][PASSED] - userEmail = excelTestData.getValue(2, 23): null

2021-02-19 16:57:45 - [TEST_STEP][FAILED] - customKeywords.commanFunctions.uploadFileOfPublicUser(180, userEmail): Unable to maximize current window

2021-02-19 16:57:45 - [MESSAGE][INFO] - Starting 'Chrome' driver

2021-02-19 16:57:45 - [MESSAGE][INFO] - Action delay is set to 0 milliseconds

2021-02-19 16:57:50 - [MESSAGE][PASSED] - Browser is opened with url: 'https://Inspect.Stage.site.sa'

2021-02-19 16:57:50 - [MESSAGE][WARNING] - Cannot take screenshot

2021-02-19 16:57:50 - [MESSAGE][FAILED] - Unable to maximize current window (Root cause: com.kms.katalon.core.exception.StepFailedException: Unable to maximize current window
	at com.kms.katalon.core.webui.keyword.internal.WebUIKeywordMain.stepFailed(WebUIKeywordMain.groovy:64)
	at com.kms.katalon.core.webui.keyword.internal.WebUIKeywordMain.runKeyword(WebUIKeywordMain.groovy:26)
	at com.kms.katalon.core.webui.keyword.builtin.MaximizeWindowKeyword.maximizeWindow(MaximizeWindowKeyword.groovy:74)
	at com.kms.katalon.core.webui.keyword.builtin.MaximizeWindowKeyword.execute(MaximizeWindowKeyword.groovy:69)
	at com.kms.katalon.core.keyword.internal.KeywordExecutor.executeKeywordForPlatform(KeywordExecutor.groovy:73)
	at com.kms.katalon.core.webui.keyword.WebUiBuiltInKeywords.maximizeWindow(WebUiBuiltInKeywords.groovy:280)
	at com.kms.katalon.core.webui.keyword.WebUiBuiltInKeywords$maximizeWindow$0.call(Unknown Source)
	at customKeywords.commanFunctions.openBrowser(commanFunctions.groovy:48)
	at customKeywords.commanFunctions.uploadFileOfPublicUser(commanFunctions.groovy:650)
	at customKeywords.commanFunctions.invokeMethod(commanFunctions.groovy)
	at com.kms.katalon.core.main.CustomKeywordDelegatingMetaClass.invokeStaticMethod(CustomKeywordDelegatingMetaClass.java:50)
	at TC_As a public user, Upload Java File.run(TC_As a public user, Upload Java File:14)
	at com.kms.katalon.core.main.ScriptEngine.run(ScriptEngine.java:194)
	at com.kms.katalon.core.main.ScriptEngine.runScriptAsRawText(ScriptEngine.java:119)
	at com.kms.katalon.core.main.TestCaseExecutor.runScript(TestCaseExecutor.java:394)
	at com.kms.katalon.core.main.TestCaseExecutor.doExecute(TestCaseExecutor.java:385)
	at com.kms.katalon.core.main.TestCaseExecutor.processExecutionPhase(TestCaseExecutor.java:364)
	at com.kms.katalon.core.main.TestCaseExecutor.accessMainPhase(TestCaseExecutor.java:356)
	at com.kms.katalon.core.main.TestCaseExecutor.execute(TestCaseExecutor.java:251)
	at com.kms.katalon.core.main.TestSuiteExecutor.accessTestCaseMainPhase(TestSuiteExecutor.java:203)
	at com.kms.katalon.core.main.TestSuiteExecutor.accessTestSuiteMainPhase(TestSuiteExecutor.java:152)
	at com.kms.katalon.core.main.TestSuiteExecutor.execute(TestSuiteExecutor.java:95)
	at com.kms.katalon.core.main.TestCaseMain.startTestSuite(TestCaseMain.java:157)
	at com.kms.katalon.core.main.TestCaseMain$startTestSuite$0.call(Unknown Source)
	at TempTestSuite1613733203700.run(TempTestSuite1613733203700.groovy:39)
Caused by: org.openqa.selenium.NoSuchWindowException: no such window: target window already closed
from unknown error: web view not found
  (Session info: chrome=86.0.4240.75)
Build info: version: '3.141.59', revision: 'e82be7d358', time: '2018-11-14T08:25:53'
System info: host: 'OMTPGCN1132568L', ip: '192.168.1.1', os.name: 'Windows 10', os.arch: 'amd64', os.version: '10.0', java.version: '1.8.0_181'
Driver info: com.kms.katalon.selenium.driver.CChromeDriver
Capabilities {acceptInsecureCerts: false, browserName: chrome, browserVersion: 86.0.4240.75, chrome: {chromedriverVersion: 86.0.4240.22 (398b0743353ff..., userDataDir: C:\Users\ashok\AppData\Loca...}, goog:chromeOptions: {debuggerAddress: localhost:51870}, javascriptEnabled: true, networkConnectionEnabled: false, pageLoadStrategy: normal, platform: WINDOWS, platformName: WINDOWS, proxy: Proxy(), setWindowRect: true, strictFileInteractability: false, timeouts: {implicit: 0, pageLoad: 300000, script: 30000}, unhandledPromptBehavior: dismiss and notify, webauthn:virtualAuthenticators: true}
Session ID: 9b7a6cfa11186852a796090592a05eb0
	at org.openqa.selenium.remote.http.W3CHttpResponseCodec.createException(W3CHttpResponseCodec.java:187)
	at org.openqa.selenium.remote.http.W3CHttpResponseCodec.decode(W3CHttpResponseCodec.java:122)
	at org.openqa.selenium.remote.http.W3CHttpResponseCodec.decode(W3CHttpResponseCodec.java:49)
	at org.openqa.selenium.remote.HttpCommandExecutor.execute(HttpCommandExecutor.java:158)
	at org.openqa.selenium.remote.service.DriverCommandExecutor.execute(DriverCommandExecutor.java:83)
	at org.openqa.selenium.remote.RemoteWebDriver.execute(RemoteWebDriver.java:552)
	at com.kms.katalon.selenium.driver.CChromeDriver.execute(CChromeDriver.java:19)
	at org.openqa.selenium.remote.RemoteWebDriver.execute(RemoteWebDriver.java:609)
	at org.openqa.selenium.remote.RemoteWebDriver$RemoteWebDriverOptions$RemoteWindow.maximize(RemoteWebDriver.java:837)
	at org.openqa.selenium.support.events.EventFiringWebDriver$EventFiringWindow.maximize(EventFiringWebDriver.java:769)
	at com.kms.katalon.core.webui.keyword.builtin.MaximizeWindowKeyword$_maximizeWindow_closure1.doCall(MaximizeWindowKeyword.groovy:85)
	at com.kms.katalon.core.webui.keyword.builtin.MaximizeWindowKeyword$_maximizeWindow_closure1.call(MaximizeWindowKeyword.groovy)
	at com.kms.katalon.core.webui.keyword.internal.WebUIKeywordMain.runKeyword(WebUIKeywordMain.groovy:20)
	at com.kms.katalon.core.webui.keyword.builtin.MaximizeWindowKeyword.maximizeWindow(MaximizeWindowKeyword.groovy:74)
	at com.kms.katalon.core.webui.keyword.builtin.MaximizeWindowKeyword.execute(MaximizeWindowKeyword.groovy:69)
	at com.kms.katalon.core.keyword.internal.KeywordExecutor.executeKeywordForPlatform(KeywordExecutor.groovy:73)
	at com.kms.katalon.core.webui.keyword.WebUiBuiltInKeywords.maximizeWindow(WebUiBuiltInKeywords.groovy:280)
	at com.kms.katalon.core.webui.keyword.WebUiBuiltInKeywords$maximizeWindow$0.call(Unknown Source)
	at customKeywords.commanFunctions.openBrowser(commanFunctions.groovy:48)
	at customKeywords.commanFunctions.uploadFileOfPublicUser(commanFunctions.groovy:650)
	at customKeywords.commanFunctions.invokeMethod(commanFunctions.groovy)
	at com.kms.katalon.core.main.CustomKeywordDelegatingMetaClass.invokeStaticMethod(CustomKeywordDelegatingMetaClass.java:50)
	at Script1613231972015.run(Script1613231972015.groovy:14)
	... 13 more
)

2021-02-19 16:57:50 - [MESSAGE][FAILED] - Unable to maximize current window

2021-02-19 16:57:50 - [TEST_STEP][PASSED] - Start tear down : tearDownMethodIfFailed: Method 'tearDownMethodIfFailed' complete successfully

2021-02-19 16:57:50 - [TEST_STEP][PASSED] - customKeywords.commanFunctions.onlyCloseBrowser(): customKeywords.commanFunctions.onlyCloseBrowser is PASSED

2021-02-19 16:57:51 - [MESSAGE][PASSED] - Browser is closed

2021-02-19 16:57:51 - [MESSAGE][PASSED] - customKeywords.commanFunctions.onlyCloseBrowser is PASSED

2021-02-19 16:57:51 - [TEST_STEP][PASSED] - logInfo("[--------This is tearDownIfFailed method------]"): [--------This is tearDownIfFailed method------]

2021-02-19 16:57:51 - [MESSAGE][INFO] - [--------This is tearDownIfFailed method------]

2021-02-19 16:57:51 - [MESSAGE][PASSED] - Method 'tearDownMethodIfFailed' complete successfully]]></system-out>
         <system-err><![CDATA[2021-02-19 16:57:45 - [TEST_CASE][FAILED] - Test Cases/UploadDiffFiles_PublicUser/TC_As a public user, Upload Java File: Test Cases/UploadDiffFiles_PublicUser/TC_As a public user, Upload Java File FAILED.
Reason:
com.kms.katalon.core.exception.StepFailedException: Unable to maximize current window
	at com.kms.katalon.core.webui.keyword.internal.WebUIKeywordMain.stepFailed(WebUIKeywordMain.groovy:64)
	at com.kms.katalon.core.webui.keyword.internal.WebUIKeywordMain.runKeyword(WebUIKeywordMain.groovy:26)
	at com.kms.katalon.core.webui.keyword.builtin.MaximizeWindowKeyword.maximizeWindow(MaximizeWindowKeyword.groovy:74)
	at com.kms.katalon.core.webui.keyword.builtin.MaximizeWindowKeyword.execute(MaximizeWindowKeyword.groovy:69)
	at com.kms.katalon.core.keyword.internal.KeywordExecutor.executeKeywordForPlatform(KeywordExecutor.groovy:73)
	at com.kms.katalon.core.webui.keyword.WebUiBuiltInKeywords.maximizeWindow(WebUiBuiltInKeywords.groovy:280)
	at com.kms.katalon.core.webui.keyword.WebUiBuiltInKeywords$maximizeWindow$0.call(Unknown Source)
	at customKeywords.commanFunctions.openBrowser(commanFunctions.groovy:48)
	at customKeywords.commanFunctions.uploadFileOfPublicUser(commanFunctions.groovy:650)
	at customKeywords.commanFunctions.invokeMethod(commanFunctions.groovy)
	at com.kms.katalon.core.main.CustomKeywordDelegatingMetaClass.invokeStaticMethod(CustomKeywordDelegatingMetaClass.java:50)
	at TC_As a public user, Upload Java File.run(TC_As a public user, Upload Java File:14)
	at com.kms.katalon.core.main.ScriptEngine.run(ScriptEngine.java:194)
	at com.kms.katalon.core.main.ScriptEngine.runScriptAsRawText(ScriptEngine.java:119)
	at com.kms.katalon.core.main.TestCaseExecutor.runScript(TestCaseExecutor.java:394)
	at com.kms.katalon.core.main.TestCaseExecutor.doExecute(TestCaseExecutor.java:385)
	at com.kms.katalon.core.main.TestCaseExecutor.processExecutionPhase(TestCaseExecutor.java:364)
	at com.kms.katalon.core.main.TestCaseExecutor.accessMainPhase(TestCaseExecutor.java:356)
	at com.kms.katalon.core.main.TestCaseExecutor.execute(TestCaseExecutor.java:251)
	at com.kms.katalon.core.main.TestSuiteExecutor.accessTestCaseMainPhase(TestSuiteExecutor.java:203)
	at com.kms.katalon.core.main.TestSuiteExecutor.accessTestSuiteMainPhase(TestSuiteExecutor.java:152)
	at com.kms.katalon.core.main.TestSuiteExecutor.execute(TestSuiteExecutor.java:95)
	at com.kms.katalon.core.main.TestCaseMain.startTestSuite(TestCaseMain.java:157)
	at com.kms.katalon.core.main.TestCaseMain$startTestSuite$0.call(Unknown Source)
	at TempTestSuite1613733203700.run(TempTestSuite1613733203700.groovy:39)
Caused by: org.openqa.selenium.NoSuchWindowException: no such window: target window already closed
from unknown error: web view not found
  (Session info: chrome=86.0.4240.75)
Build info: version: '3.141.59', revision: 'e82be7d358', time: '2018-11-14T08:25:53'
System info: host: 'OMTPGCN1132568L', ip: '192.168.1.1', os.name: 'Windows 10', os.arch: 'amd64', os.version: '10.0', java.version: '1.8.0_181'
Driver info: com.kms.katalon.selenium.driver.CChromeDriver
Capabilities {acceptInsecureCerts: false, browserName: chrome, browserVersion: 86.0.4240.75, chrome: {chromedriverVersion: 86.0.4240.22 (398b0743353ff..., userDataDir: C:\Users\ashok\AppData\Loca...}, goog:chromeOptions: {debuggerAddress: localhost:51870}, javascriptEnabled: true, networkConnectionEnabled: false, pageLoadStrategy: normal, platform: WINDOWS, platformName: WINDOWS, proxy: Proxy(), setWindowRect: true, strictFileInteractability: false, timeouts: {implicit: 0, pageLoad: 300000, script: 30000}, unhandledPromptBehavior: dismiss and notify, webauthn:virtualAuthenticators: true}
Session ID: 9b7a6cfa11186852a796090592a05eb0
	at org.openqa.selenium.remote.http.W3CHttpResponseCodec.createException(W3CHttpResponseCodec.java:187)
	at org.openqa.selenium.remote.http.W3CHttpResponseCodec.decode(W3CHttpResponseCodec.java:122)
	at org.openqa.selenium.remote.http.W3CHttpResponseCodec.decode(W3CHttpResponseCodec.java:49)
	at org.openqa.selenium.remote.HttpCommandExecutor.execute(HttpCommandExecutor.java:158)
	at org.openqa.selenium.remote.service.DriverCommandExecutor.execute(DriverCommandExecutor.java:83)
	at org.openqa.selenium.remote.RemoteWebDriver.execute(RemoteWebDriver.java:552)
	at com.kms.katalon.selenium.driver.CChromeDriver.execute(CChromeDriver.java:19)
	at org.openqa.selenium.remote.RemoteWebDriver.execute(RemoteWebDriver.java:609)
	at org.openqa.selenium.remote.RemoteWebDriver$RemoteWebDriverOptions$RemoteWindow.maximize(RemoteWebDriver.java:837)
	at org.openqa.selenium.support.events.EventFiringWebDriver$EventFiringWindow.maximize(EventFiringWebDriver.java:769)
	at com.kms.katalon.core.webui.keyword.builtin.MaximizeWindowKeyword$_maximizeWindow_closure1.doCall(MaximizeWindowKeyword.groovy:85)
	at com.kms.katalon.core.webui.keyword.builtin.MaximizeWindowKeyword$_maximizeWindow_closure1.call(MaximizeWindowKeyword.groovy)
	at com.kms.katalon.core.webui.keyword.internal.WebUIKeywordMain.runKeyword(WebUIKeywordMain.groovy:20)
	... 23 more]]></system-err>
      </testcase>
      <testcase name="Test Cases/UploadDiffFiles_PublicUser/TC_As a public user, Upload JPEG graphic File" time="13.678" classname="Test Cases/UploadDiffFiles_PublicUser/TC_As a public user, Upload JPEG graphic File" status="FAILED">
         <failure type="FAILED" message="Test Cases/UploadDiffFiles_PublicUser/TC_As a public user, Upload JPEG graphic File FAILED.
Reason:
com.kms.katalon.core.exception.StepFailedException: Unable to open browser with url: 'https://Inspect.Stage.site.sa'
	at com.kms.katalon.core.webui.keyword.internal.WebUIKeywordMain.stepFailed(WebUIKeywordMain.groovy:64)
	at com.kms.katalon.core.webui.keyword.internal.WebUIKeywordMain.runKeyword(WebUIKeywordMain.groovy:26)
	at com.kms.katalon.core.webui.keyword.builtin.OpenBrowserKeyword.openBrowser(OpenBrowserKeyword.groovy:81)
	at com.kms.katalon.core.webui.keyword.builtin.OpenBrowserKeyword.execute(OpenBrowserKeyword.groovy:67)
	at com.kms.katalon.core.keyword.internal.KeywordExecutor.executeKeywordForPlatform(KeywordExecutor.groovy:73)
	at com.kms.katalon.core.webui.keyword.WebUiBuiltInKeywords.openBrowser(WebUiBuiltInKeywords.groovy:61)
	at com.kms.katalon.core.webui.keyword.WebUiBuiltInKeywords$openBrowser.call(Unknown Source)
	at customKeywords.commanFunctions.openBrowser(commanFunctions.groovy:47)
	at customKeywords.commanFunctions.uploadFileOfPublicUser(commanFunctions.groovy:650)
	at customKeywords.commanFunctions.invokeMethod(commanFunctions.groovy)
	at com.kms.katalon.core.main.CustomKeywordDelegatingMetaClass.invokeStaticMethod(CustomKeywordDelegatingMetaClass.java:50)
	at TC_As a public user, Upload JPEG graphic File.run(TC_As a public user, Upload JPEG graphic File:14)
	at com.kms.katalon.core.main.ScriptEngine.run(ScriptEngine.java:194)
	at com.kms.katalon.core.main.ScriptEngine.runScriptAsRawText(ScriptEngine.java:119)
	at com.kms.katalon.core.main.TestCaseExecutor.runScript(TestCaseExecutor.java:394)
	at com.kms.katalon.core.main.TestCaseExecutor.doExecute(TestCaseExecutor.java:385)
	at com.kms.katalon.core.main.TestCaseExecutor.processExecutionPhase(TestCaseExecutor.java:364)
	at com.kms.katalon.core.main.TestCaseExecutor.accessMainPhase(TestCaseExecutor.java:356)
	at com.kms.katalon.core.main.TestCaseExecutor.execute(TestCaseExecutor.java:251)
	at com.kms.katalon.core.main.TestSuiteExecutor.accessTestCaseMainPhase(TestSuiteExecutor.java:203)
	at com.kms.katalon.core.main.TestSuiteExecutor.accessTestSuiteMainPhase(TestSuiteExecutor.java:152)
	at com.kms.katalon.core.main.TestSuiteExecutor.execute(TestSuiteExecutor.java:95)
	at com.kms.katalon.core.main.TestCaseMain.startTestSuite(TestCaseMain.java:157)
	at com.kms.katalon.core.main.TestCaseMain$startTestSuite$0.call(Unknown Source)
	at TempTestSuite1613733203700.run(TempTestSuite1613733203700.groovy:39)
Caused by: org.openqa.selenium.SessionNotCreatedException: session not created
from chrome not reachable
  (Session info: chrome=86.0.4240.75)
Build info: version: '3.141.59', revision: 'e82be7d358', time: '2018-11-14T08:25:53'
System info: host: 'OMTPGCN1132568L', ip: '192.168.1.1', os.name: 'Windows 10', os.arch: 'amd64', os.version: '10.0', java.version: '1.8.0_181'
Driver info: driver.version: CChromeDriver
remote stacktrace: Backtrace:
	Ordinal0 [0x00A8C013+3194899]
	Ordinal0 [0x00976021+2056225]
	Ordinal0 [0x0080F4B0+586928]
	Ordinal0 [0x00805894+546964]
	Ordinal0 [0x00805F2C+548652]
	Ordinal0 [0x00807175+553333]
	Ordinal0 [0x0080241E+533534]
	Ordinal0 [0x00810620+591392]
	Ordinal0 [0x007B2A0C+207372]
	Ordinal0 [0x007B1D0D+204045]
	Ordinal0 [0x007AFC1B+195611]
	Ordinal0 [0x00793B7F+80767]
	Ordinal0 [0x00794B4E+84814]
	Ordinal0 [0x00794AD9+84697]
	Ordinal0 [0x0098CE64+2149988]
	GetHandleVerifier [0x00BFBE95+1400773]
	GetHandleVerifier [0x00BFBB61+1399953]
	GetHandleVerifier [0x00C031FA+1430314]
	GetHandleVerifier [0x00BFC69F+1402831]
	Ordinal0 [0x00983D61+2112865]
	Ordinal0 [0x0098E5CB+2155979]
	Ordinal0 [0x0098E6F5+2156277]
	Ordinal0 [0x0099F26E+2224750]
	BaseThreadInitThunk [0x77026359+25]
	RtlGetAppContainerNamedObjectPath [0x77BD8944+228]
	RtlGetAppContainerNamedObjectPath [0x77BD8914+180]

	at org.openqa.selenium.remote.W3CHandshakeResponse.lambda$errorHandler$0(W3CHandshakeResponse.java:62)
	at org.openqa.selenium.remote.HandshakeResponse.lambda$getResponseFunction$0(HandshakeResponse.java:30)
	at org.openqa.selenium.remote.ProtocolHandshake.lambda$createSession$0(ProtocolHandshake.java:126)
	at org.openqa.selenium.remote.ProtocolHandshake.createSession(ProtocolHandshake.java:128)
	at org.openqa.selenium.remote.ProtocolHandshake.createSession(ProtocolHandshake.java:74)
	at org.openqa.selenium.remote.HttpCommandExecutor.execute(HttpCommandExecutor.java:136)
	at org.openqa.selenium.remote.service.DriverCommandExecutor.execute(DriverCommandExecutor.java:83)
	at org.openqa.selenium.remote.RemoteWebDriver.execute(RemoteWebDriver.java:552)
	at com.kms.katalon.selenium.driver.CChromeDriver.execute(CChromeDriver.java:19)
	at org.openqa.selenium.remote.RemoteWebDriver.startSession(RemoteWebDriver.java:213)
	at org.openqa.selenium.remote.RemoteWebDriver.&lt;init>(RemoteWebDriver.java:131)
	at org.openqa.selenium.chrome.ChromeDriver.&lt;init>(ChromeDriver.java:181)
	at org.openqa.selenium.chrome.ChromeDriver.&lt;init>(ChromeDriver.java:147)
	at com.kms.katalon.selenium.driver.CChromeDriver.&lt;init>(CChromeDriver.java:13)
	at com.kms.katalon.core.webui.driver.DriverFactory.createNewChromeDriver(DriverFactory.java:400)
	at com.kms.katalon.core.webui.driver.DriverFactory.startNewBrowser(DriverFactory.java:358)
	at com.kms.katalon.core.webui.driver.DriverFactory.openWebDriver(DriverFactory.java:245)
	at com.kms.katalon.core.webui.keyword.builtin.OpenBrowserKeyword$_openBrowser_closure1.doCall(OpenBrowserKeyword.groovy:74)
	at com.kms.katalon.core.webui.keyword.builtin.OpenBrowserKeyword$_openBrowser_closure1.call(OpenBrowserKeyword.groovy)
	at com.kms.katalon.core.webui.keyword.internal.WebUIKeywordMain.runKeyword(WebUIKeywordMain.groovy:20)
	... 23 more
"/>
         <system-out><![CDATA[2021-02-19 16:57:51 - [TEST_CASE][FAILED] - Test Cases/UploadDiffFiles_PublicUser/TC_As a public user, Upload JPEG graphic File: Test Cases/UploadDiffFiles_PublicUser/TC_As a public user, Upload JPEG graphic File FAILED.
Reason:
com.kms.katalon.core.exception.StepFailedException: Unable to open browser with url: 'https://Inspect.Stage.site.sa'
	at com.kms.katalon.core.webui.keyword.internal.WebUIKeywordMain.stepFailed(WebUIKeywordMain.groovy:64)
	at com.kms.katalon.core.webui.keyword.internal.WebUIKeywordMain.runKeyword(WebUIKeywordMain.groovy:26)
	at com.kms.katalon.core.webui.keyword.builtin.OpenBrowserKeyword.openBrowser(OpenBrowserKeyword.groovy:81)
	at com.kms.katalon.core.webui.keyword.builtin.OpenBrowserKeyword.execute(OpenBrowserKeyword.groovy:67)
	at com.kms.katalon.core.keyword.internal.KeywordExecutor.executeKeywordForPlatform(KeywordExecutor.groovy:73)
	at com.kms.katalon.core.webui.keyword.WebUiBuiltInKeywords.openBrowser(WebUiBuiltInKeywords.groovy:61)
	at com.kms.katalon.core.webui.keyword.WebUiBuiltInKeywords$openBrowser.call(Unknown Source)
	at customKeywords.commanFunctions.openBrowser(commanFunctions.groovy:47)
	at customKeywords.commanFunctions.uploadFileOfPublicUser(commanFunctions.groovy:650)
	at customKeywords.commanFunctions.invokeMethod(commanFunctions.groovy)
	at com.kms.katalon.core.main.CustomKeywordDelegatingMetaClass.invokeStaticMethod(CustomKeywordDelegatingMetaClass.java:50)
	at TC_As a public user, Upload JPEG graphic File.run(TC_As a public user, Upload JPEG graphic File:14)
	at com.kms.katalon.core.main.ScriptEngine.run(ScriptEngine.java:194)
	at com.kms.katalon.core.main.ScriptEngine.runScriptAsRawText(ScriptEngine.java:119)
	at com.kms.katalon.core.main.TestCaseExecutor.runScript(TestCaseExecutor.java:394)
	at com.kms.katalon.core.main.TestCaseExecutor.doExecute(TestCaseExecutor.java:385)
	at com.kms.katalon.core.main.TestCaseExecutor.processExecutionPhase(TestCaseExecutor.java:364)
	at com.kms.katalon.core.main.TestCaseExecutor.accessMainPhase(TestCaseExecutor.java:356)
	at com.kms.katalon.core.main.TestCaseExecutor.execute(TestCaseExecutor.java:251)
	at com.kms.katalon.core.main.TestSuiteExecutor.accessTestCaseMainPhase(TestSuiteExecutor.java:203)
	at com.kms.katalon.core.main.TestSuiteExecutor.accessTestSuiteMainPhase(TestSuiteExecutor.java:152)
	at com.kms.katalon.core.main.TestSuiteExecutor.execute(TestSuiteExecutor.java:95)
	at com.kms.katalon.core.main.TestCaseMain.startTestSuite(TestCaseMain.java:157)
	at com.kms.katalon.core.main.TestCaseMain$startTestSuite$0.call(Unknown Source)
	at TempTestSuite1613733203700.run(TempTestSuite1613733203700.groovy:39)
Caused by: org.openqa.selenium.SessionNotCreatedException: session not created
from chrome not reachable
  (Session info: chrome=86.0.4240.75)
Build info: version: '3.141.59', revision: 'e82be7d358', time: '2018-11-14T08:25:53'
System info: host: 'OMTPGCN1132568L', ip: '192.168.1.1', os.name: 'Windows 10', os.arch: 'amd64', os.version: '10.0', java.version: '1.8.0_181'
Driver info: driver.version: CChromeDriver
remote stacktrace: Backtrace:
	Ordinal0 [0x00A8C013+3194899]
	Ordinal0 [0x00976021+2056225]
	Ordinal0 [0x0080F4B0+586928]
	Ordinal0 [0x00805894+546964]
	Ordinal0 [0x00805F2C+548652]
	Ordinal0 [0x00807175+553333]
	Ordinal0 [0x0080241E+533534]
	Ordinal0 [0x00810620+591392]
	Ordinal0 [0x007B2A0C+207372]
	Ordinal0 [0x007B1D0D+204045]
	Ordinal0 [0x007AFC1B+195611]
	Ordinal0 [0x00793B7F+80767]
	Ordinal0 [0x00794B4E+84814]
	Ordinal0 [0x00794AD9+84697]
	Ordinal0 [0x0098CE64+2149988]
	GetHandleVerifier [0x00BFBE95+1400773]
	GetHandleVerifier [0x00BFBB61+1399953]
	GetHandleVerifier [0x00C031FA+1430314]
	GetHandleVerifier [0x00BFC69F+1402831]
	Ordinal0 [0x00983D61+2112865]
	Ordinal0 [0x0098E5CB+2155979]
	Ordinal0 [0x0098E6F5+2156277]
	Ordinal0 [0x0099F26E+2224750]
	BaseThreadInitThunk [0x77026359+25]
	RtlGetAppContainerNamedObjectPath [0x77BD8944+228]
	RtlGetAppContainerNamedObjectPath [0x77BD8914+180]

	at org.openqa.selenium.remote.W3CHandshakeResponse.lambda$errorHandler$0(W3CHandshakeResponse.java:62)
	at org.openqa.selenium.remote.HandshakeResponse.lambda$getResponseFunction$0(HandshakeResponse.java:30)
	at org.openqa.selenium.remote.ProtocolHandshake.lambda$createSession$0(ProtocolHandshake.java:126)
	at org.openqa.selenium.remote.ProtocolHandshake.createSession(ProtocolHandshake.java:128)
	at org.openqa.selenium.remote.ProtocolHandshake.createSession(ProtocolHandshake.java:74)
	at org.openqa.selenium.remote.HttpCommandExecutor.execute(HttpCommandExecutor.java:136)
	at org.openqa.selenium.remote.service.DriverCommandExecutor.execute(DriverCommandExecutor.java:83)
	at org.openqa.selenium.remote.RemoteWebDriver.execute(RemoteWebDriver.java:552)
	at com.kms.katalon.selenium.driver.CChromeDriver.execute(CChromeDriver.java:19)
	at org.openqa.selenium.remote.RemoteWebDriver.startSession(RemoteWebDriver.java:213)
	at org.openqa.selenium.remote.RemoteWebDriver.<init>(RemoteWebDriver.java:131)
	at org.openqa.selenium.chrome.ChromeDriver.<init>(ChromeDriver.java:181)
	at org.openqa.selenium.chrome.ChromeDriver.<init>(ChromeDriver.java:147)
	at com.kms.katalon.selenium.driver.CChromeDriver.<init>(CChromeDriver.java:13)
	at com.kms.katalon.core.webui.driver.DriverFactory.createNewChromeDriver(DriverFactory.java:400)
	at com.kms.katalon.core.webui.driver.DriverFactory.startNewBrowser(DriverFactory.java:358)
	at com.kms.katalon.core.webui.driver.DriverFactory.openWebDriver(DriverFactory.java:245)
	at com.kms.katalon.core.webui.keyword.builtin.OpenBrowserKeyword$_openBrowser_closure1.doCall(OpenBrowserKeyword.groovy:74)
	at com.kms.katalon.core.webui.keyword.builtin.OpenBrowserKeyword$_openBrowser_closure1.call(OpenBrowserKeyword.groovy)
	at com.kms.katalon.core.webui.keyword.internal.WebUIKeywordMain.runKeyword(WebUIKeywordMain.groovy:20)
	... 23 more


2021-02-19 16:57:51 - [TEST_STEP][PASSED] - excelTestData = findTestData("Data Files/TestData/InspectTestData"): null

2021-02-19 16:57:51 - [TEST_STEP][PASSED] - userEmail = excelTestData.getValue(2, 23): null

2021-02-19 16:57:51 - [TEST_STEP][FAILED] - customKeywords.commanFunctions.uploadFileOfPublicUser(256, userEmail): Unable to open browser with url: 'https://Inspect.Stage.site.sa'

2021-02-19 16:57:52 - [MESSAGE][INFO] - Starting 'Chrome' driver

2021-02-19 16:57:52 - [MESSAGE][INFO] - Action delay is set to 0 milliseconds

2021-02-19 16:58:05 - [MESSAGE][FAILED] - Unable to open browser with url: 'https://Inspect.Stage.site.sa' (Root cause: com.kms.katalon.core.exception.StepFailedException: Unable to open browser with url: 'https://Inspect.Stage.site.sa'
	at com.kms.katalon.core.webui.keyword.internal.WebUIKeywordMain.stepFailed(WebUIKeywordMain.groovy:64)
	at com.kms.katalon.core.webui.keyword.internal.WebUIKeywordMain.runKeyword(WebUIKeywordMain.groovy:26)
	at com.kms.katalon.core.webui.keyword.builtin.OpenBrowserKeyword.openBrowser(OpenBrowserKeyword.groovy:81)
	at com.kms.katalon.core.webui.keyword.builtin.OpenBrowserKeyword.execute(OpenBrowserKeyword.groovy:67)
	at com.kms.katalon.core.keyword.internal.KeywordExecutor.executeKeywordForPlatform(KeywordExecutor.groovy:73)
	at com.kms.katalon.core.webui.keyword.WebUiBuiltInKeywords.openBrowser(WebUiBuiltInKeywords.groovy:61)
	at com.kms.katalon.core.webui.keyword.WebUiBuiltInKeywords$openBrowser.call(Unknown Source)
	at customKeywords.commanFunctions.openBrowser(commanFunctions.groovy:47)
	at customKeywords.commanFunctions.uploadFileOfPublicUser(commanFunctions.groovy:650)
	at customKeywords.commanFunctions.invokeMethod(commanFunctions.groovy)
	at com.kms.katalon.core.main.CustomKeywordDelegatingMetaClass.invokeStaticMethod(CustomKeywordDelegatingMetaClass.java:50)
	at TC_As a public user, Upload JPEG graphic File.run(TC_As a public user, Upload JPEG graphic File:14)
	at com.kms.katalon.core.main.ScriptEngine.run(ScriptEngine.java:194)
	at com.kms.katalon.core.main.ScriptEngine.runScriptAsRawText(ScriptEngine.java:119)
	at com.kms.katalon.core.main.TestCaseExecutor.runScript(TestCaseExecutor.java:394)
	at com.kms.katalon.core.main.TestCaseExecutor.doExecute(TestCaseExecutor.java:385)
	at com.kms.katalon.core.main.TestCaseExecutor.processExecutionPhase(TestCaseExecutor.java:364)
	at com.kms.katalon.core.main.TestCaseExecutor.accessMainPhase(TestCaseExecutor.java:356)
	at com.kms.katalon.core.main.TestCaseExecutor.execute(TestCaseExecutor.java:251)
	at com.kms.katalon.core.main.TestSuiteExecutor.accessTestCaseMainPhase(TestSuiteExecutor.java:203)
	at com.kms.katalon.core.main.TestSuiteExecutor.accessTestSuiteMainPhase(TestSuiteExecutor.java:152)
	at com.kms.katalon.core.main.TestSuiteExecutor.execute(TestSuiteExecutor.java:95)
	at com.kms.katalon.core.main.TestCaseMain.startTestSuite(TestCaseMain.java:157)
	at com.kms.katalon.core.main.TestCaseMain$startTestSuite$0.call(Unknown Source)
	at TempTestSuite1613733203700.run(TempTestSuite1613733203700.groovy:39)
Caused by: org.openqa.selenium.SessionNotCreatedException: session not created
from chrome not reachable
  (Session info: chrome=86.0.4240.75)
Build info: version: '3.141.59', revision: 'e82be7d358', time: '2018-11-14T08:25:53'
System info: host: 'OMTPGCN1132568L', ip: '192.168.1.1', os.name: 'Windows 10', os.arch: 'amd64', os.version: '10.0', java.version: '1.8.0_181'
Driver info: driver.version: CChromeDriver
remote stacktrace: Backtrace:
	Ordinal0 [0x00A8C013+3194899]
	Ordinal0 [0x00976021+2056225]
	Ordinal0 [0x0080F4B0+586928]
	Ordinal0 [0x00805894+546964]
	Ordinal0 [0x00805F2C+548652]
	Ordinal0 [0x00807175+553333]
	Ordinal0 [0x0080241E+533534]
	Ordinal0 [0x00810620+591392]
	Ordinal0 [0x007B2A0C+207372]
	Ordinal0 [0x007B1D0D+204045]
	Ordinal0 [0x007AFC1B+195611]
	Ordinal0 [0x00793B7F+80767]
	Ordinal0 [0x00794B4E+84814]
	Ordinal0 [0x00794AD9+84697]
	Ordinal0 [0x0098CE64+2149988]
	GetHandleVerifier [0x00BFBE95+1400773]
	GetHandleVerifier [0x00BFBB61+1399953]
	GetHandleVerifier [0x00C031FA+1430314]
	GetHandleVerifier [0x00BFC69F+1402831]
	Ordinal0 [0x00983D61+2112865]
	Ordinal0 [0x0098E5CB+2155979]
	Ordinal0 [0x0098E6F5+2156277]
	Ordinal0 [0x0099F26E+2224750]
	BaseThreadInitThunk [0x77026359+25]
	RtlGetAppContainerNamedObjectPath [0x77BD8944+228]
	RtlGetAppContainerNamedObjectPath [0x77BD8914+180]

	at org.openqa.selenium.remote.W3CHandshakeResponse.lambda$errorHandler$0(W3CHandshakeResponse.java:62)
	at org.openqa.selenium.remote.HandshakeResponse.lambda$getResponseFunction$0(HandshakeResponse.java:30)
	at org.openqa.selenium.remote.ProtocolHandshake.lambda$createSession$0(ProtocolHandshake.java:126)
	at org.openqa.selenium.remote.ProtocolHandshake.createSession(ProtocolHandshake.java:128)
	at org.openqa.selenium.remote.ProtocolHandshake.createSession(ProtocolHandshake.java:74)
	at org.openqa.selenium.remote.HttpCommandExecutor.execute(HttpCommandExecutor.java:136)
	at org.openqa.selenium.remote.service.DriverCommandExecutor.execute(DriverCommandExecutor.java:83)
	at org.openqa.selenium.remote.RemoteWebDriver.execute(RemoteWebDriver.java:552)
	at com.kms.katalon.selenium.driver.CChromeDriver.execute(CChromeDriver.java:19)
	at org.openqa.selenium.remote.RemoteWebDriver.startSession(RemoteWebDriver.java:213)
	at org.openqa.selenium.remote.RemoteWebDriver.<init>(RemoteWebDriver.java:131)
	at org.openqa.selenium.chrome.ChromeDriver.<init>(ChromeDriver.java:181)
	at org.openqa.selenium.chrome.ChromeDriver.<init>(ChromeDriver.java:147)
	at com.kms.katalon.selenium.driver.CChromeDriver.<init>(CChromeDriver.java:13)
	at com.kms.katalon.core.webui.driver.DriverFactory.createNewChromeDriver(DriverFactory.java:400)
	at com.kms.katalon.core.webui.driver.DriverFactory.startNewBrowser(DriverFactory.java:358)
	at com.kms.katalon.core.webui.driver.DriverFactory.openWebDriver(DriverFactory.java:245)
	at com.kms.katalon.core.webui.keyword.builtin.OpenBrowserKeyword$_openBrowser_closure1.doCall(OpenBrowserKeyword.groovy:74)
	at com.kms.katalon.core.webui.keyword.builtin.OpenBrowserKeyword$_openBrowser_closure1.call(OpenBrowserKeyword.groovy)
	at com.kms.katalon.core.webui.keyword.internal.WebUIKeywordMain.runKeyword(WebUIKeywordMain.groovy:20)
	at com.kms.katalon.core.webui.keyword.builtin.OpenBrowserKeyword.openBrowser(OpenBrowserKeyword.groovy:81)
	at com.kms.katalon.core.webui.keyword.builtin.OpenBrowserKeyword.execute(OpenBrowserKeyword.groovy:67)
	at com.kms.katalon.core.keyword.internal.KeywordExecutor.executeKeywordForPlatform(KeywordExecutor.groovy:73)
	at com.kms.katalon.core.webui.keyword.WebUiBuiltInKeywords.openBrowser(WebUiBuiltInKeywords.groovy:61)
	at com.kms.katalon.core.webui.keyword.WebUiBuiltInKeywords$openBrowser.call(Unknown Source)
	at customKeywords.commanFunctions.openBrowser(commanFunctions.groovy:47)
	at customKeywords.commanFunctions.uploadFileOfPublicUser(commanFunctions.groovy:650)
	at customKeywords.commanFunctions.invokeMethod(commanFunctions.groovy)
	at com.kms.katalon.core.main.CustomKeywordDelegatingMetaClass.invokeStaticMethod(CustomKeywordDelegatingMetaClass.java:50)
	at Script1613233417460.run(Script1613233417460.groovy:14)
	... 13 more
)

2021-02-19 16:58:05 - [MESSAGE][FAILED] - Unable to open browser with url: 'https://Inspect.Stage.site.sa'

2021-02-19 16:58:05 - [TEST_STEP][PASSED] - Start tear down : tearDownMethodIfFailed: Method 'tearDownMethodIfFailed' complete successfully

2021-02-19 16:58:05 - [TEST_STEP][PASSED] - customKeywords.commanFunctions.onlyCloseBrowser(): customKeywords.commanFunctions.onlyCloseBrowser is PASSED

2021-02-19 16:58:05 - [MESSAGE][PASSED] - Browser is closed

2021-02-19 16:58:05 - [MESSAGE][PASSED] - customKeywords.commanFunctions.onlyCloseBrowser is PASSED

2021-02-19 16:58:05 - [TEST_STEP][PASSED] - logInfo("[--------This is tearDownIfFailed method------]"): [--------This is tearDownIfFailed method------]

2021-02-19 16:58:05 - [MESSAGE][INFO] - [--------This is tearDownIfFailed method------]

2021-02-19 16:58:05 - [MESSAGE][PASSED] - Method 'tearDownMethodIfFailed' complete successfully]]></system-out>
         <system-err><![CDATA[2021-02-19 16:57:51 - [TEST_CASE][FAILED] - Test Cases/UploadDiffFiles_PublicUser/TC_As a public user, Upload JPEG graphic File: Test Cases/UploadDiffFiles_PublicUser/TC_As a public user, Upload JPEG graphic File FAILED.
Reason:
com.kms.katalon.core.exception.StepFailedException: Unable to open browser with url: 'https://Inspect.Stage.site.sa'
	at com.kms.katalon.core.webui.keyword.internal.WebUIKeywordMain.stepFailed(WebUIKeywordMain.groovy:64)
	at com.kms.katalon.core.webui.keyword.internal.WebUIKeywordMain.runKeyword(WebUIKeywordMain.groovy:26)
	at com.kms.katalon.core.webui.keyword.builtin.OpenBrowserKeyword.openBrowser(OpenBrowserKeyword.groovy:81)
	at com.kms.katalon.core.webui.keyword.builtin.OpenBrowserKeyword.execute(OpenBrowserKeyword.groovy:67)
	at com.kms.katalon.core.keyword.internal.KeywordExecutor.executeKeywordForPlatform(KeywordExecutor.groovy:73)
	at com.kms.katalon.core.webui.keyword.WebUiBuiltInKeywords.openBrowser(WebUiBuiltInKeywords.groovy:61)
	at com.kms.katalon.core.webui.keyword.WebUiBuiltInKeywords$openBrowser.call(Unknown Source)
	at customKeywords.commanFunctions.openBrowser(commanFunctions.groovy:47)
	at customKeywords.commanFunctions.uploadFileOfPublicUser(commanFunctions.groovy:650)
	at customKeywords.commanFunctions.invokeMethod(commanFunctions.groovy)
	at com.kms.katalon.core.main.CustomKeywordDelegatingMetaClass.invokeStaticMethod(CustomKeywordDelegatingMetaClass.java:50)
	at TC_As a public user, Upload JPEG graphic File.run(TC_As a public user, Upload JPEG graphic File:14)
	at com.kms.katalon.core.main.ScriptEngine.run(ScriptEngine.java:194)
	at com.kms.katalon.core.main.ScriptEngine.runScriptAsRawText(ScriptEngine.java:119)
	at com.kms.katalon.core.main.TestCaseExecutor.runScript(TestCaseExecutor.java:394)
	at com.kms.katalon.core.main.TestCaseExecutor.doExecute(TestCaseExecutor.java:385)
	at com.kms.katalon.core.main.TestCaseExecutor.processExecutionPhase(TestCaseExecutor.java:364)
	at com.kms.katalon.core.main.TestCaseExecutor.accessMainPhase(TestCaseExecutor.java:356)
	at com.kms.katalon.core.main.TestCaseExecutor.execute(TestCaseExecutor.java:251)
	at com.kms.katalon.core.main.TestSuiteExecutor.accessTestCaseMainPhase(TestSuiteExecutor.java:203)
	at com.kms.katalon.core.main.TestSuiteExecutor.accessTestSuiteMainPhase(TestSuiteExecutor.java:152)
	at com.kms.katalon.core.main.TestSuiteExecutor.execute(TestSuiteExecutor.java:95)
	at com.kms.katalon.core.main.TestCaseMain.startTestSuite(TestCaseMain.java:157)
	at com.kms.katalon.core.main.TestCaseMain$startTestSuite$0.call(Unknown Source)
	at TempTestSuite1613733203700.run(TempTestSuite1613733203700.groovy:39)
Caused by: org.openqa.selenium.SessionNotCreatedException: session not created
from chrome not reachable
  (Session info: chrome=86.0.4240.75)
Build info: version: '3.141.59', revision: 'e82be7d358', time: '2018-11-14T08:25:53'
System info: host: 'OMTPGCN1132568L', ip: '192.168.1.1', os.name: 'Windows 10', os.arch: 'amd64', os.version: '10.0', java.version: '1.8.0_181'
Driver info: driver.version: CChromeDriver
remote stacktrace: Backtrace:
	Ordinal0 [0x00A8C013+3194899]
	Ordinal0 [0x00976021+2056225]
	Ordinal0 [0x0080F4B0+586928]
	Ordinal0 [0x00805894+546964]
	Ordinal0 [0x00805F2C+548652]
	Ordinal0 [0x00807175+553333]
	Ordinal0 [0x0080241E+533534]
	Ordinal0 [0x00810620+591392]
	Ordinal0 [0x007B2A0C+207372]
	Ordinal0 [0x007B1D0D+204045]
	Ordinal0 [0x007AFC1B+195611]
	Ordinal0 [0x00793B7F+80767]
	Ordinal0 [0x00794B4E+84814]
	Ordinal0 [0x00794AD9+84697]
	Ordinal0 [0x0098CE64+2149988]
	GetHandleVerifier [0x00BFBE95+1400773]
	GetHandleVerifier [0x00BFBB61+1399953]
	GetHandleVerifier [0x00C031FA+1430314]
	GetHandleVerifier [0x00BFC69F+1402831]
	Ordinal0 [0x00983D61+2112865]
	Ordinal0 [0x0098E5CB+2155979]
	Ordinal0 [0x0098E6F5+2156277]
	Ordinal0 [0x0099F26E+2224750]
	BaseThreadInitThunk [0x77026359+25]
	RtlGetAppContainerNamedObjectPath [0x77BD8944+228]
	RtlGetAppContainerNamedObjectPath [0x77BD8914+180]

	at org.openqa.selenium.remote.W3CHandshakeResponse.lambda$errorHandler$0(W3CHandshakeResponse.java:62)
	at org.openqa.selenium.remote.HandshakeResponse.lambda$getResponseFunction$0(HandshakeResponse.java:30)
	at org.openqa.selenium.remote.ProtocolHandshake.lambda$createSession$0(ProtocolHandshake.java:126)
	at org.openqa.selenium.remote.ProtocolHandshake.createSession(ProtocolHandshake.java:128)
	at org.openqa.selenium.remote.ProtocolHandshake.createSession(ProtocolHandshake.java:74)
	at org.openqa.selenium.remote.HttpCommandExecutor.execute(HttpCommandExecutor.java:136)
	at org.openqa.selenium.remote.service.DriverCommandExecutor.execute(DriverCommandExecutor.java:83)
	at org.openqa.selenium.remote.RemoteWebDriver.execute(RemoteWebDriver.java:552)
	at com.kms.katalon.selenium.driver.CChromeDriver.execute(CChromeDriver.java:19)
	at org.openqa.selenium.remote.RemoteWebDriver.startSession(RemoteWebDriver.java:213)
	at org.openqa.selenium.remote.RemoteWebDriver.<init>(RemoteWebDriver.java:131)
	at org.openqa.selenium.chrome.ChromeDriver.<init>(ChromeDriver.java:181)
	at org.openqa.selenium.chrome.ChromeDriver.<init>(ChromeDriver.java:147)
	at com.kms.katalon.selenium.driver.CChromeDriver.<init>(CChromeDriver.java:13)
	at com.kms.katalon.core.webui.driver.DriverFactory.createNewChromeDriver(DriverFactory.java:400)
	at com.kms.katalon.core.webui.driver.DriverFactory.startNewBrowser(DriverFactory.java:358)
	at com.kms.katalon.core.webui.driver.DriverFactory.openWebDriver(DriverFactory.java:245)
	at com.kms.katalon.core.webui.keyword.builtin.OpenBrowserKeyword$_openBrowser_closure1.doCall(OpenBrowserKeyword.groovy:74)
	at com.kms.katalon.core.webui.keyword.builtin.OpenBrowserKeyword$_openBrowser_closure1.call(OpenBrowserKeyword.groovy)
	at com.kms.katalon.core.webui.keyword.internal.WebUIKeywordMain.runKeyword(WebUIKeywordMain.groovy:20)
	... 23 more]]></system-err>
      </testcase>
      <testcase name="Test Cases/UploadDiffFiles_PublicUser/TC_As a public user, Upload MacPaint.mac File" time="13.676" classname="Test Cases/UploadDiffFiles_PublicUser/TC_As a public user, Upload MacPaint.mac File" status="FAILED">
         <failure type="FAILED" message="Test Cases/UploadDiffFiles_PublicUser/TC_As a public user, Upload MacPaint.mac File FAILED.
Reason:
com.kms.katalon.core.exception.StepFailedException: Unable to open browser with url: 'https://Inspect.Stage.site.sa'
	at com.kms.katalon.core.webui.keyword.internal.WebUIKeywordMain.stepFailed(WebUIKeywordMain.groovy:64)
	at com.kms.katalon.core.webui.keyword.internal.WebUIKeywordMain.runKeyword(WebUIKeywordMain.groovy:26)
	at com.kms.katalon.core.webui.keyword.builtin.OpenBrowserKeyword.openBrowser(OpenBrowserKeyword.groovy:81)
	at com.kms.katalon.core.webui.keyword.builtin.OpenBrowserKeyword.execute(OpenBrowserKeyword.groovy:67)
	at com.kms.katalon.core.keyword.internal.KeywordExecutor.executeKeywordForPlatform(KeywordExecutor.groovy:73)
	at com.kms.katalon.core.webui.keyword.WebUiBuiltInKeywords.openBrowser(WebUiBuiltInKeywords.groovy:61)
	at com.kms.katalon.core.webui.keyword.WebUiBuiltInKeywords$openBrowser.call(Unknown Source)
	at customKeywords.commanFunctions.openBrowser(commanFunctions.groovy:47)
	at customKeywords.commanFunctions.uploadFileOfPublicUser(commanFunctions.groovy:650)
	at customKeywords.commanFunctions.invokeMethod(commanFunctions.groovy)
	at com.kms.katalon.core.main.CustomKeywordDelegatingMetaClass.invokeStaticMethod(CustomKeywordDelegatingMetaClass.java:50)
	at TC_As a public user, Upload MacPaint.mac File.run(TC_As a public user, Upload MacPaint.mac File:14)
	at com.kms.katalon.core.main.ScriptEngine.run(ScriptEngine.java:194)
	at com.kms.katalon.core.main.ScriptEngine.runScriptAsRawText(ScriptEngine.java:119)
	at com.kms.katalon.core.main.TestCaseExecutor.runScript(TestCaseExecutor.java:394)
	at com.kms.katalon.core.main.TestCaseExecutor.doExecute(TestCaseExecutor.java:385)
	at com.kms.katalon.core.main.TestCaseExecutor.processExecutionPhase(TestCaseExecutor.java:364)
	at com.kms.katalon.core.main.TestCaseExecutor.accessMainPhase(TestCaseExecutor.java:356)
	at com.kms.katalon.core.main.TestCaseExecutor.execute(TestCaseExecutor.java:251)
	at com.kms.katalon.core.main.TestSuiteExecutor.accessTestCaseMainPhase(TestSuiteExecutor.java:203)
	at com.kms.katalon.core.main.TestSuiteExecutor.accessTestSuiteMainPhase(TestSuiteExecutor.java:152)
	at com.kms.katalon.core.main.TestSuiteExecutor.execute(TestSuiteExecutor.java:95)
	at com.kms.katalon.core.main.TestCaseMain.startTestSuite(TestCaseMain.java:157)
	at com.kms.katalon.core.main.TestCaseMain$startTestSuite$0.call(Unknown Source)
	at TempTestSuite1613733203700.run(TempTestSuite1613733203700.groovy:39)
Caused by: org.openqa.selenium.SessionNotCreatedException: session not created
from chrome not reachable
  (Session info: chrome=86.0.4240.75)
Build info: version: '3.141.59', revision: 'e82be7d358', time: '2018-11-14T08:25:53'
System info: host: 'OMTPGCN1132568L', ip: '192.168.1.1', os.name: 'Windows 10', os.arch: 'amd64', os.version: '10.0', java.version: '1.8.0_181'
Driver info: driver.version: CChromeDriver
remote stacktrace: Backtrace:
	Ordinal0 [0x00A8C013+3194899]
	Ordinal0 [0x00976021+2056225]
	Ordinal0 [0x0080F4B0+586928]
	Ordinal0 [0x00805894+546964]
	Ordinal0 [0x00805F2C+548652]
	Ordinal0 [0x00807175+553333]
	Ordinal0 [0x0080241E+533534]
	Ordinal0 [0x00810620+591392]
	Ordinal0 [0x007B2A0C+207372]
	Ordinal0 [0x007B1D0D+204045]
	Ordinal0 [0x007AFC1B+195611]
	Ordinal0 [0x00793B7F+80767]
	Ordinal0 [0x00794B4E+84814]
	Ordinal0 [0x00794AD9+84697]
	Ordinal0 [0x0098CE64+2149988]
	GetHandleVerifier [0x00BFBE95+1400773]
	GetHandleVerifier [0x00BFBB61+1399953]
	GetHandleVerifier [0x00C031FA+1430314]
	GetHandleVerifier [0x00BFC69F+1402831]
	Ordinal0 [0x00983D61+2112865]
	Ordinal0 [0x0098E5CB+2155979]
	Ordinal0 [0x0098E6F5+2156277]
	Ordinal0 [0x0099F26E+2224750]
	BaseThreadInitThunk [0x77026359+25]
	RtlGetAppContainerNamedObjectPath [0x77BD8944+228]
	RtlGetAppContainerNamedObjectPath [0x77BD8914+180]

	at org.openqa.selenium.remote.W3CHandshakeResponse.lambda$errorHandler$0(W3CHandshakeResponse.java:62)
	at org.openqa.selenium.remote.HandshakeResponse.lambda$getResponseFunction$0(HandshakeResponse.java:30)
	at org.openqa.selenium.remote.ProtocolHandshake.lambda$createSession$0(ProtocolHandshake.java:126)
	at org.openqa.selenium.remote.ProtocolHandshake.createSession(ProtocolHandshake.java:128)
	at org.openqa.selenium.remote.ProtocolHandshake.createSession(ProtocolHandshake.java:74)
	at org.openqa.selenium.remote.HttpCommandExecutor.execute(HttpCommandExecutor.java:136)
	at org.openqa.selenium.remote.service.DriverCommandExecutor.execute(DriverCommandExecutor.java:83)
	at org.openqa.selenium.remote.RemoteWebDriver.execute(RemoteWebDriver.java:552)
	at com.kms.katalon.selenium.driver.CChromeDriver.execute(CChromeDriver.java:19)
	at org.openqa.selenium.remote.RemoteWebDriver.startSession(RemoteWebDriver.java:213)
	at org.openqa.selenium.remote.RemoteWebDriver.&lt;init>(RemoteWebDriver.java:131)
	at org.openqa.selenium.chrome.ChromeDriver.&lt;init>(ChromeDriver.java:181)
	at org.openqa.selenium.chrome.ChromeDriver.&lt;init>(ChromeDriver.java:147)
	at com.kms.katalon.selenium.driver.CChromeDriver.&lt;init>(CChromeDriver.java:13)
	at com.kms.katalon.core.webui.driver.DriverFactory.createNewChromeDriver(DriverFactory.java:400)
	at com.kms.katalon.core.webui.driver.DriverFactory.startNewBrowser(DriverFactory.java:358)
	at com.kms.katalon.core.webui.driver.DriverFactory.openWebDriver(DriverFactory.java:245)
	at com.kms.katalon.core.webui.keyword.builtin.OpenBrowserKeyword$_openBrowser_closure1.doCall(OpenBrowserKeyword.groovy:74)
	at com.kms.katalon.core.webui.keyword.builtin.OpenBrowserKeyword$_openBrowser_closure1.call(OpenBrowserKeyword.groovy)
	at com.kms.katalon.core.webui.keyword.internal.WebUIKeywordMain.runKeyword(WebUIKeywordMain.groovy:20)
	... 23 more
"/>
         <system-out><![CDATA[2021-02-19 16:58:05 - [TEST_CASE][FAILED] - Test Cases/UploadDiffFiles_PublicUser/TC_As a public user, Upload MacPaint.mac File: Test Cases/UploadDiffFiles_PublicUser/TC_As a public user, Upload MacPaint.mac File FAILED.
Reason:
com.kms.katalon.core.exception.StepFailedException: Unable to open browser with url: 'https://Inspect.Stage.site.sa'
	at com.kms.katalon.core.webui.keyword.internal.WebUIKeywordMain.stepFailed(WebUIKeywordMain.groovy:64)
	at com.kms.katalon.core.webui.keyword.internal.WebUIKeywordMain.runKeyword(WebUIKeywordMain.groovy:26)
	at com.kms.katalon.core.webui.keyword.builtin.OpenBrowserKeyword.openBrowser(OpenBrowserKeyword.groovy:81)
	at com.kms.katalon.core.webui.keyword.builtin.OpenBrowserKeyword.execute(OpenBrowserKeyword.groovy:67)
	at com.kms.katalon.core.keyword.internal.KeywordExecutor.executeKeywordForPlatform(KeywordExecutor.groovy:73)
	at com.kms.katalon.core.webui.keyword.WebUiBuiltInKeywords.openBrowser(WebUiBuiltInKeywords.groovy:61)
	at com.kms.katalon.core.webui.keyword.WebUiBuiltInKeywords$openBrowser.call(Unknown Source)
	at customKeywords.commanFunctions.openBrowser(commanFunctions.groovy:47)
	at customKeywords.commanFunctions.uploadFileOfPublicUser(commanFunctions.groovy:650)
	at customKeywords.commanFunctions.invokeMethod(commanFunctions.groovy)
	at com.kms.katalon.core.main.CustomKeywordDelegatingMetaClass.invokeStaticMethod(CustomKeywordDelegatingMetaClass.java:50)
	at TC_As a public user, Upload MacPaint.mac File.run(TC_As a public user, Upload MacPaint.mac File:14)
	at com.kms.katalon.core.main.ScriptEngine.run(ScriptEngine.java:194)
	at com.kms.katalon.core.main.ScriptEngine.runScriptAsRawText(ScriptEngine.java:119)
	at com.kms.katalon.core.main.TestCaseExecutor.runScript(TestCaseExecutor.java:394)
	at com.kms.katalon.core.main.TestCaseExecutor.doExecute(TestCaseExecutor.java:385)
	at com.kms.katalon.core.main.TestCaseExecutor.processExecutionPhase(TestCaseExecutor.java:364)
	at com.kms.katalon.core.main.TestCaseExecutor.accessMainPhase(TestCaseExecutor.java:356)
	at com.kms.katalon.core.main.TestCaseExecutor.execute(TestCaseExecutor.java:251)
	at com.kms.katalon.core.main.TestSuiteExecutor.accessTestCaseMainPhase(TestSuiteExecutor.java:203)
	at com.kms.katalon.core.main.TestSuiteExecutor.accessTestSuiteMainPhase(TestSuiteExecutor.java:152)
	at com.kms.katalon.core.main.TestSuiteExecutor.execute(TestSuiteExecutor.java:95)
	at com.kms.katalon.core.main.TestCaseMain.startTestSuite(TestCaseMain.java:157)
	at com.kms.katalon.core.main.TestCaseMain$startTestSuite$0.call(Unknown Source)
	at TempTestSuite1613733203700.run(TempTestSuite1613733203700.groovy:39)
Caused by: org.openqa.selenium.SessionNotCreatedException: session not created
from chrome not reachable
  (Session info: chrome=86.0.4240.75)
Build info: version: '3.141.59', revision: 'e82be7d358', time: '2018-11-14T08:25:53'
System info: host: 'OMTPGCN1132568L', ip: '192.168.1.1', os.name: 'Windows 10', os.arch: 'amd64', os.version: '10.0', java.version: '1.8.0_181'
Driver info: driver.version: CChromeDriver
remote stacktrace: Backtrace:
	Ordinal0 [0x00A8C013+3194899]
	Ordinal0 [0x00976021+2056225]
	Ordinal0 [0x0080F4B0+586928]
	Ordinal0 [0x00805894+546964]
	Ordinal0 [0x00805F2C+548652]
	Ordinal0 [0x00807175+553333]
	Ordinal0 [0x0080241E+533534]
	Ordinal0 [0x00810620+591392]
	Ordinal0 [0x007B2A0C+207372]
	Ordinal0 [0x007B1D0D+204045]
	Ordinal0 [0x007AFC1B+195611]
	Ordinal0 [0x00793B7F+80767]
	Ordinal0 [0x00794B4E+84814]
	Ordinal0 [0x00794AD9+84697]
	Ordinal0 [0x0098CE64+2149988]
	GetHandleVerifier [0x00BFBE95+1400773]
	GetHandleVerifier [0x00BFBB61+1399953]
	GetHandleVerifier [0x00C031FA+1430314]
	GetHandleVerifier [0x00BFC69F+1402831]
	Ordinal0 [0x00983D61+2112865]
	Ordinal0 [0x0098E5CB+2155979]
	Ordinal0 [0x0098E6F5+2156277]
	Ordinal0 [0x0099F26E+2224750]
	BaseThreadInitThunk [0x77026359+25]
	RtlGetAppContainerNamedObjectPath [0x77BD8944+228]
	RtlGetAppContainerNamedObjectPath [0x77BD8914+180]

	at org.openqa.selenium.remote.W3CHandshakeResponse.lambda$errorHandler$0(W3CHandshakeResponse.java:62)
	at org.openqa.selenium.remote.HandshakeResponse.lambda$getResponseFunction$0(HandshakeResponse.java:30)
	at org.openqa.selenium.remote.ProtocolHandshake.lambda$createSession$0(ProtocolHandshake.java:126)
	at org.openqa.selenium.remote.ProtocolHandshake.createSession(ProtocolHandshake.java:128)
	at org.openqa.selenium.remote.ProtocolHandshake.createSession(ProtocolHandshake.java:74)
	at org.openqa.selenium.remote.HttpCommandExecutor.execute(HttpCommandExecutor.java:136)
	at org.openqa.selenium.remote.service.DriverCommandExecutor.execute(DriverCommandExecutor.java:83)
	at org.openqa.selenium.remote.RemoteWebDriver.execute(RemoteWebDriver.java:552)
	at com.kms.katalon.selenium.driver.CChromeDriver.execute(CChromeDriver.java:19)
	at org.openqa.selenium.remote.RemoteWebDriver.startSession(RemoteWebDriver.java:213)
	at org.openqa.selenium.remote.RemoteWebDriver.<init>(RemoteWebDriver.java:131)
	at org.openqa.selenium.chrome.ChromeDriver.<init>(ChromeDriver.java:181)
	at org.openqa.selenium.chrome.ChromeDriver.<init>(ChromeDriver.java:147)
	at com.kms.katalon.selenium.driver.CChromeDriver.<init>(CChromeDriver.java:13)
	at com.kms.katalon.core.webui.driver.DriverFactory.createNewChromeDriver(DriverFactory.java:400)
	at com.kms.katalon.core.webui.driver.DriverFactory.startNewBrowser(DriverFactory.java:358)
	at com.kms.katalon.core.webui.driver.DriverFactory.openWebDriver(DriverFactory.java:245)
	at com.kms.katalon.core.webui.keyword.builtin.OpenBrowserKeyword$_openBrowser_closure1.doCall(OpenBrowserKeyword.groovy:74)
	at com.kms.katalon.core.webui.keyword.builtin.OpenBrowserKeyword$_openBrowser_closure1.call(OpenBrowserKeyword.groovy)
	at com.kms.katalon.core.webui.keyword.internal.WebUIKeywordMain.runKeyword(WebUIKeywordMain.groovy:20)
	... 23 more


2021-02-19 16:58:05 - [TEST_STEP][PASSED] - excelTestData = findTestData("Data Files/TestData/InspectTestData"): null

2021-02-19 16:58:05 - [TEST_STEP][PASSED] - userEmail = excelTestData.getValue(2, 23): null

2021-02-19 16:58:05 - [TEST_STEP][FAILED] - customKeywords.commanFunctions.uploadFileOfPublicUser(333, userEmail): Unable to open browser with url: 'https://Inspect.Stage.site.sa'

2021-02-19 16:58:05 - [MESSAGE][INFO] - Starting 'Chrome' driver

2021-02-19 16:58:05 - [MESSAGE][INFO] - Action delay is set to 0 milliseconds

2021-02-19 16:58:18 - [MESSAGE][FAILED] - Unable to open browser with url: 'https://Inspect.Stage.site.sa' (Root cause: com.kms.katalon.core.exception.StepFailedException: Unable to open browser with url: 'https://Inspect.Stage.site.sa'
	at com.kms.katalon.core.webui.keyword.internal.WebUIKeywordMain.stepFailed(WebUIKeywordMain.groovy:64)
	at com.kms.katalon.core.webui.keyword.internal.WebUIKeywordMain.runKeyword(WebUIKeywordMain.groovy:26)
	at com.kms.katalon.core.webui.keyword.builtin.OpenBrowserKeyword.openBrowser(OpenBrowserKeyword.groovy:81)
	at com.kms.katalon.core.webui.keyword.builtin.OpenBrowserKeyword.execute(OpenBrowserKeyword.groovy:67)
	at com.kms.katalon.core.keyword.internal.KeywordExecutor.executeKeywordForPlatform(KeywordExecutor.groovy:73)
	at com.kms.katalon.core.webui.keyword.WebUiBuiltInKeywords.openBrowser(WebUiBuiltInKeywords.groovy:61)
	at com.kms.katalon.core.webui.keyword.WebUiBuiltInKeywords$openBrowser.call(Unknown Source)
	at customKeywords.commanFunctions.openBrowser(commanFunctions.groovy:47)
	at customKeywords.commanFunctions.uploadFileOfPublicUser(commanFunctions.groovy:650)
	at customKeywords.commanFunctions.invokeMethod(commanFunctions.groovy)
	at com.kms.katalon.core.main.CustomKeywordDelegatingMetaClass.invokeStaticMethod(CustomKeywordDelegatingMetaClass.java:50)
	at TC_As a public user, Upload MacPaint.mac File.run(TC_As a public user, Upload MacPaint.mac File:14)
	at com.kms.katalon.core.main.ScriptEngine.run(ScriptEngine.java:194)
	at com.kms.katalon.core.main.ScriptEngine.runScriptAsRawText(ScriptEngine.java:119)
	at com.kms.katalon.core.main.TestCaseExecutor.runScript(TestCaseExecutor.java:394)
	at com.kms.katalon.core.main.TestCaseExecutor.doExecute(TestCaseExecutor.java:385)
	at com.kms.katalon.core.main.TestCaseExecutor.processExecutionPhase(TestCaseExecutor.java:364)
	at com.kms.katalon.core.main.TestCaseExecutor.accessMainPhase(TestCaseExecutor.java:356)
	at com.kms.katalon.core.main.TestCaseExecutor.execute(TestCaseExecutor.java:251)
	at com.kms.katalon.core.main.TestSuiteExecutor.accessTestCaseMainPhase(TestSuiteExecutor.java:203)
	at com.kms.katalon.core.main.TestSuiteExecutor.accessTestSuiteMainPhase(TestSuiteExecutor.java:152)
	at com.kms.katalon.core.main.TestSuiteExecutor.execute(TestSuiteExecutor.java:95)
	at com.kms.katalon.core.main.TestCaseMain.startTestSuite(TestCaseMain.java:157)
	at com.kms.katalon.core.main.TestCaseMain$startTestSuite$0.call(Unknown Source)
	at TempTestSuite1613733203700.run(TempTestSuite1613733203700.groovy:39)
Caused by: org.openqa.selenium.SessionNotCreatedException: session not created
from chrome not reachable
  (Session info: chrome=86.0.4240.75)
Build info: version: '3.141.59', revision: 'e82be7d358', time: '2018-11-14T08:25:53'
System info: host: 'OMTPGCN1132568L', ip: '192.168.1.1', os.name: 'Windows 10', os.arch: 'amd64', os.version: '10.0', java.version: '1.8.0_181'
Driver info: driver.version: CChromeDriver
remote stacktrace: Backtrace:
	Ordinal0 [0x00A8C013+3194899]
	Ordinal0 [0x00976021+2056225]
	Ordinal0 [0x0080F4B0+586928]
	Ordinal0 [0x00805894+546964]
	Ordinal0 [0x00805F2C+548652]
	Ordinal0 [0x00807175+553333]
	Ordinal0 [0x0080241E+533534]
	Ordinal0 [0x00810620+591392]
	Ordinal0 [0x007B2A0C+207372]
	Ordinal0 [0x007B1D0D+204045]
	Ordinal0 [0x007AFC1B+195611]
	Ordinal0 [0x00793B7F+80767]
	Ordinal0 [0x00794B4E+84814]
	Ordinal0 [0x00794AD9+84697]
	Ordinal0 [0x0098CE64+2149988]
	GetHandleVerifier [0x00BFBE95+1400773]
	GetHandleVerifier [0x00BFBB61+1399953]
	GetHandleVerifier [0x00C031FA+1430314]
	GetHandleVerifier [0x00BFC69F+1402831]
	Ordinal0 [0x00983D61+2112865]
	Ordinal0 [0x0098E5CB+2155979]
	Ordinal0 [0x0098E6F5+2156277]
	Ordinal0 [0x0099F26E+2224750]
	BaseThreadInitThunk [0x77026359+25]
	RtlGetAppContainerNamedObjectPath [0x77BD8944+228]
	RtlGetAppContainerNamedObjectPath [0x77BD8914+180]

	at org.openqa.selenium.remote.W3CHandshakeResponse.lambda$errorHandler$0(W3CHandshakeResponse.java:62)
	at org.openqa.selenium.remote.HandshakeResponse.lambda$getResponseFunction$0(HandshakeResponse.java:30)
	at org.openqa.selenium.remote.ProtocolHandshake.lambda$createSession$0(ProtocolHandshake.java:126)
	at org.openqa.selenium.remote.ProtocolHandshake.createSession(ProtocolHandshake.java:128)
	at org.openqa.selenium.remote.ProtocolHandshake.createSession(ProtocolHandshake.java:74)
	at org.openqa.selenium.remote.HttpCommandExecutor.execute(HttpCommandExecutor.java:136)
	at org.openqa.selenium.remote.service.DriverCommandExecutor.execute(DriverCommandExecutor.java:83)
	at org.openqa.selenium.remote.RemoteWebDriver.execute(RemoteWebDriver.java:552)
	at com.kms.katalon.selenium.driver.CChromeDriver.execute(CChromeDriver.java:19)
	at org.openqa.selenium.remote.RemoteWebDriver.startSession(RemoteWebDriver.java:213)
	at org.openqa.selenium.remote.RemoteWebDriver.<init>(RemoteWebDriver.java:131)
	at org.openqa.selenium.chrome.ChromeDriver.<init>(ChromeDriver.java:181)
	at org.openqa.selenium.chrome.ChromeDriver.<init>(ChromeDriver.java:147)
	at com.kms.katalon.selenium.driver.CChromeDriver.<init>(CChromeDriver.java:13)
	at com.kms.katalon.core.webui.driver.DriverFactory.createNewChromeDriver(DriverFactory.java:400)
	at com.kms.katalon.core.webui.driver.DriverFactory.startNewBrowser(DriverFactory.java:358)
	at com.kms.katalon.core.webui.driver.DriverFactory.openWebDriver(DriverFactory.java:245)
	at com.kms.katalon.core.webui.keyword.builtin.OpenBrowserKeyword$_openBrowser_closure1.doCall(OpenBrowserKeyword.groovy:74)
	at com.kms.katalon.core.webui.keyword.builtin.OpenBrowserKeyword$_openBrowser_closure1.call(OpenBrowserKeyword.groovy)
	at com.kms.katalon.core.webui.keyword.internal.WebUIKeywordMain.runKeyword(WebUIKeywordMain.groovy:20)
	at com.kms.katalon.core.webui.keyword.builtin.OpenBrowserKeyword.openBrowser(OpenBrowserKeyword.groovy:81)
	at com.kms.katalon.core.webui.keyword.builtin.OpenBrowserKeyword.execute(OpenBrowserKeyword.groovy:67)
	at com.kms.katalon.core.keyword.internal.KeywordExecutor.executeKeywordForPlatform(KeywordExecutor.groovy:73)
	at com.kms.katalon.core.webui.keyword.WebUiBuiltInKeywords.openBrowser(WebUiBuiltInKeywords.groovy:61)
	at com.kms.katalon.core.webui.keyword.WebUiBuiltInKeywords$openBrowser.call(Unknown Source)
	at customKeywords.commanFunctions.openBrowser(commanFunctions.groovy:47)
	at customKeywords.commanFunctions.uploadFileOfPublicUser(commanFunctions.groovy:650)
	at customKeywords.commanFunctions.invokeMethod(commanFunctions.groovy)
	at com.kms.katalon.core.main.CustomKeywordDelegatingMetaClass.invokeStaticMethod(CustomKeywordDelegatingMetaClass.java:50)
	at Script1613387861774.run(Script1613387861774.groovy:14)
	... 13 more
)

2021-02-19 16:58:18 - [MESSAGE][FAILED] - Unable to open browser with url: 'https://Inspect.Stage.site.sa'

2021-02-19 16:58:18 - [TEST_STEP][PASSED] - Start tear down : tearDownMethodIfFailed: Method 'tearDownMethodIfFailed' complete successfully

2021-02-19 16:58:18 - [TEST_STEP][PASSED] - customKeywords.commanFunctions.onlyCloseBrowser(): customKeywords.commanFunctions.onlyCloseBrowser is PASSED

2021-02-19 16:58:19 - [MESSAGE][PASSED] - Browser is closed

2021-02-19 16:58:19 - [MESSAGE][PASSED] - customKeywords.commanFunctions.onlyCloseBrowser is PASSED

2021-02-19 16:58:19 - [TEST_STEP][PASSED] - logInfo("[--------This is tearDownIfFailed method------]"): [--------This is tearDownIfFailed method------]

2021-02-19 16:58:19 - [MESSAGE][INFO] - [--------This is tearDownIfFailed method------]

2021-02-19 16:58:19 - [MESSAGE][PASSED] - Method 'tearDownMethodIfFailed' complete successfully]]></system-out>
         <system-err><![CDATA[2021-02-19 16:58:05 - [TEST_CASE][FAILED] - Test Cases/UploadDiffFiles_PublicUser/TC_As a public user, Upload MacPaint.mac File: Test Cases/UploadDiffFiles_PublicUser/TC_As a public user, Upload MacPaint.mac File FAILED.
Reason:
com.kms.katalon.core.exception.StepFailedException: Unable to open browser with url: 'https://Inspect.Stage.site.sa'
	at com.kms.katalon.core.webui.keyword.internal.WebUIKeywordMain.stepFailed(WebUIKeywordMain.groovy:64)
	at com.kms.katalon.core.webui.keyword.internal.WebUIKeywordMain.runKeyword(WebUIKeywordMain.groovy:26)
	at com.kms.katalon.core.webui.keyword.builtin.OpenBrowserKeyword.openBrowser(OpenBrowserKeyword.groovy:81)
	at com.kms.katalon.core.webui.keyword.builtin.OpenBrowserKeyword.execute(OpenBrowserKeyword.groovy:67)
	at com.kms.katalon.core.keyword.internal.KeywordExecutor.executeKeywordForPlatform(KeywordExecutor.groovy:73)
	at com.kms.katalon.core.webui.keyword.WebUiBuiltInKeywords.openBrowser(WebUiBuiltInKeywords.groovy:61)
	at com.kms.katalon.core.webui.keyword.WebUiBuiltInKeywords$openBrowser.call(Unknown Source)
	at customKeywords.commanFunctions.openBrowser(commanFunctions.groovy:47)
	at customKeywords.commanFunctions.uploadFileOfPublicUser(commanFunctions.groovy:650)
	at customKeywords.commanFunctions.invokeMethod(commanFunctions.groovy)
	at com.kms.katalon.core.main.CustomKeywordDelegatingMetaClass.invokeStaticMethod(CustomKeywordDelegatingMetaClass.java:50)
	at TC_As a public user, Upload MacPaint.mac File.run(TC_As a public user, Upload MacPaint.mac File:14)
	at com.kms.katalon.core.main.ScriptEngine.run(ScriptEngine.java:194)
	at com.kms.katalon.core.main.ScriptEngine.runScriptAsRawText(ScriptEngine.java:119)
	at com.kms.katalon.core.main.TestCaseExecutor.runScript(TestCaseExecutor.java:394)
	at com.kms.katalon.core.main.TestCaseExecutor.doExecute(TestCaseExecutor.java:385)
	at com.kms.katalon.core.main.TestCaseExecutor.processExecutionPhase(TestCaseExecutor.java:364)
	at com.kms.katalon.core.main.TestCaseExecutor.accessMainPhase(TestCaseExecutor.java:356)
	at com.kms.katalon.core.main.TestCaseExecutor.execute(TestCaseExecutor.java:251)
	at com.kms.katalon.core.main.TestSuiteExecutor.accessTestCaseMainPhase(TestSuiteExecutor.java:203)
	at com.kms.katalon.core.main.TestSuiteExecutor.accessTestSuiteMainPhase(TestSuiteExecutor.java:152)
	at com.kms.katalon.core.main.TestSuiteExecutor.execute(TestSuiteExecutor.java:95)
	at com.kms.katalon.core.main.TestCaseMain.startTestSuite(TestCaseMain.java:157)
	at com.kms.katalon.core.main.TestCaseMain$startTestSuite$0.call(Unknown Source)
	at TempTestSuite1613733203700.run(TempTestSuite1613733203700.groovy:39)
Caused by: org.openqa.selenium.SessionNotCreatedException: session not created
from chrome not reachable
  (Session info: chrome=86.0.4240.75)
Build info: version: '3.141.59', revision: 'e82be7d358', time: '2018-11-14T08:25:53'
System info: host: 'OMTPGCN1132568L', ip: '192.168.1.1', os.name: 'Windows 10', os.arch: 'amd64', os.version: '10.0', java.version: '1.8.0_181'
Driver info: driver.version: CChromeDriver
remote stacktrace: Backtrace:
	Ordinal0 [0x00A8C013+3194899]
	Ordinal0 [0x00976021+2056225]
	Ordinal0 [0x0080F4B0+586928]
	Ordinal0 [0x00805894+546964]
	Ordinal0 [0x00805F2C+548652]
	Ordinal0 [0x00807175+553333]
	Ordinal0 [0x0080241E+533534]
	Ordinal0 [0x00810620+591392]
	Ordinal0 [0x007B2A0C+207372]
	Ordinal0 [0x007B1D0D+204045]
	Ordinal0 [0x007AFC1B+195611]
	Ordinal0 [0x00793B7F+80767]
	Ordinal0 [0x00794B4E+84814]
	Ordinal0 [0x00794AD9+84697]
	Ordinal0 [0x0098CE64+2149988]
	GetHandleVerifier [0x00BFBE95+1400773]
	GetHandleVerifier [0x00BFBB61+1399953]
	GetHandleVerifier [0x00C031FA+1430314]
	GetHandleVerifier [0x00BFC69F+1402831]
	Ordinal0 [0x00983D61+2112865]
	Ordinal0 [0x0098E5CB+2155979]
	Ordinal0 [0x0098E6F5+2156277]
	Ordinal0 [0x0099F26E+2224750]
	BaseThreadInitThunk [0x77026359+25]
	RtlGetAppContainerNamedObjectPath [0x77BD8944+228]
	RtlGetAppContainerNamedObjectPath [0x77BD8914+180]

	at org.openqa.selenium.remote.W3CHandshakeResponse.lambda$errorHandler$0(W3CHandshakeResponse.java:62)
	at org.openqa.selenium.remote.HandshakeResponse.lambda$getResponseFunction$0(HandshakeResponse.java:30)
	at org.openqa.selenium.remote.ProtocolHandshake.lambda$createSession$0(ProtocolHandshake.java:126)
	at org.openqa.selenium.remote.ProtocolHandshake.createSession(ProtocolHandshake.java:128)
	at org.openqa.selenium.remote.ProtocolHandshake.createSession(ProtocolHandshake.java:74)
	at org.openqa.selenium.remote.HttpCommandExecutor.execute(HttpCommandExecutor.java:136)
	at org.openqa.selenium.remote.service.DriverCommandExecutor.execute(DriverCommandExecutor.java:83)
	at org.openqa.selenium.remote.RemoteWebDriver.execute(RemoteWebDriver.java:552)
	at com.kms.katalon.selenium.driver.CChromeDriver.execute(CChromeDriver.java:19)
	at org.openqa.selenium.remote.RemoteWebDriver.startSession(RemoteWebDriver.java:213)
	at org.openqa.selenium.remote.RemoteWebDriver.<init>(RemoteWebDriver.java:131)
	at org.openqa.selenium.chrome.ChromeDriver.<init>(ChromeDriver.java:181)
	at org.openqa.selenium.chrome.ChromeDriver.<init>(ChromeDriver.java:147)
	at com.kms.katalon.selenium.driver.CChromeDriver.<init>(CChromeDriver.java:13)
	at com.kms.katalon.core.webui.driver.DriverFactory.createNewChromeDriver(DriverFactory.java:400)
	at com.kms.katalon.core.webui.driver.DriverFactory.startNewBrowser(DriverFactory.java:358)
	at com.kms.katalon.core.webui.driver.DriverFactory.openWebDriver(DriverFactory.java:245)
	at com.kms.katalon.core.webui.keyword.builtin.OpenBrowserKeyword$_openBrowser_closure1.doCall(OpenBrowserKeyword.groovy:74)
	at com.kms.katalon.core.webui.keyword.builtin.OpenBrowserKeyword$_openBrowser_closure1.call(OpenBrowserKeyword.groovy)
	at com.kms.katalon.core.webui.keyword.internal.WebUIKeywordMain.runKeyword(WebUIKeywordMain.groovy:20)
	... 23 more]]></system-err>
      </testcase>
      <testcase name="Test Cases/UploadDiffFiles_PublicUser/TC_As a public user, Upload Microsoft Word File" time="4.742" classname="Test Cases/UploadDiffFiles_PublicUser/TC_As a public user, Upload Microsoft Word File" status="FAILED">
         <failure type="FAILED" message="Test Cases/UploadDiffFiles_PublicUser/TC_As a public user, Upload Microsoft Word File FAILED.
Reason:
com.kms.katalon.core.exception.StepFailedException: Unable to open browser with url: 'https://Inspect.Stage.site.sa'
	at com.kms.katalon.core.webui.keyword.internal.WebUIKeywordMain.stepFailed(WebUIKeywordMain.groovy:64)
	at com.kms.katalon.core.webui.keyword.internal.WebUIKeywordMain.runKeyword(WebUIKeywordMain.groovy:26)
	at com.kms.katalon.core.webui.keyword.builtin.OpenBrowserKeyword.openBrowser(OpenBrowserKeyword.groovy:81)
	at com.kms.katalon.core.webui.keyword.builtin.OpenBrowserKeyword.execute(OpenBrowserKeyword.groovy:67)
	at com.kms.katalon.core.keyword.internal.KeywordExecutor.executeKeywordForPlatform(KeywordExecutor.groovy:73)
	at com.kms.katalon.core.webui.keyword.WebUiBuiltInKeywords.openBrowser(WebUiBuiltInKeywords.groovy:61)
	at com.kms.katalon.core.webui.keyword.WebUiBuiltInKeywords$openBrowser.call(Unknown Source)
	at customKeywords.commanFunctions.openBrowser(commanFunctions.groovy:47)
	at customKeywords.commanFunctions.uploadFileOfPublicUser(commanFunctions.groovy:650)
	at customKeywords.commanFunctions.invokeMethod(commanFunctions.groovy)
	at com.kms.katalon.core.main.CustomKeywordDelegatingMetaClass.invokeStaticMethod(CustomKeywordDelegatingMetaClass.java:50)
	at TC_As a public user, Upload Microsoft Word File.run(TC_As a public user, Upload Microsoft Word File:14)
	at com.kms.katalon.core.main.ScriptEngine.run(ScriptEngine.java:194)
	at com.kms.katalon.core.main.ScriptEngine.runScriptAsRawText(ScriptEngine.java:119)
	at com.kms.katalon.core.main.TestCaseExecutor.runScript(TestCaseExecutor.java:394)
	at com.kms.katalon.core.main.TestCaseExecutor.doExecute(TestCaseExecutor.java:385)
	at com.kms.katalon.core.main.TestCaseExecutor.processExecutionPhase(TestCaseExecutor.java:364)
	at com.kms.katalon.core.main.TestCaseExecutor.accessMainPhase(TestCaseExecutor.java:356)
	at com.kms.katalon.core.main.TestCaseExecutor.execute(TestCaseExecutor.java:251)
	at com.kms.katalon.core.main.TestSuiteExecutor.accessTestCaseMainPhase(TestSuiteExecutor.java:203)
	at com.kms.katalon.core.main.TestSuiteExecutor.accessTestSuiteMainPhase(TestSuiteExecutor.java:152)
	at com.kms.katalon.core.main.TestSuiteExecutor.execute(TestSuiteExecutor.java:95)
	at com.kms.katalon.core.main.TestCaseMain.startTestSuite(TestCaseMain.java:157)
	at com.kms.katalon.core.main.TestCaseMain$startTestSuite$0.call(Unknown Source)
	at TempTestSuite1613733203700.run(TempTestSuite1613733203700.groovy:39)
Caused by: org.openqa.selenium.WebDriverException: unknown error: cannot determine loading status
from disconnected: received Inspector.detached event
  (Session info: chrome=86.0.4240.75)
Build info: version: '3.141.59', revision: 'e82be7d358', time: '2018-11-14T08:25:53'
System info: host: 'OMTPGCN1132568L', ip: '192.168.1.1', os.name: 'Windows 10', os.arch: 'amd64', os.version: '10.0', java.version: '1.8.0_181'
Driver info: com.kms.katalon.selenium.driver.CChromeDriver
Capabilities {acceptInsecureCerts: false, browserName: chrome, browserVersion: 86.0.4240.75, chrome: {chromedriverVersion: 86.0.4240.22 (398b0743353ff..., userDataDir: C:\Users\ashok\AppData\Loca...}, goog:chromeOptions: {debuggerAddress: localhost:51953}, javascriptEnabled: true, networkConnectionEnabled: false, pageLoadStrategy: normal, platform: WINDOWS, platformName: WINDOWS, proxy: Proxy(), setWindowRect: true, strictFileInteractability: false, timeouts: {implicit: 0, pageLoad: 300000, script: 30000}, unhandledPromptBehavior: dismiss and notify, webauthn:virtualAuthenticators: true}
Session ID: ff2a1d66a6f32cf707dec6ceade25529
	at org.openqa.selenium.remote.http.W3CHttpResponseCodec.createException(W3CHttpResponseCodec.java:187)
	at org.openqa.selenium.remote.http.W3CHttpResponseCodec.decode(W3CHttpResponseCodec.java:122)
	at org.openqa.selenium.remote.http.W3CHttpResponseCodec.decode(W3CHttpResponseCodec.java:49)
	at org.openqa.selenium.remote.HttpCommandExecutor.execute(HttpCommandExecutor.java:158)
	at org.openqa.selenium.remote.service.DriverCommandExecutor.execute(DriverCommandExecutor.java:83)
	at org.openqa.selenium.remote.RemoteWebDriver.execute(RemoteWebDriver.java:552)
	at com.kms.katalon.selenium.driver.CChromeDriver.execute(CChromeDriver.java:19)
	at org.openqa.selenium.remote.RemoteWebDriver.get(RemoteWebDriver.java:277)
	at org.openqa.selenium.support.events.EventFiringWebDriver.lambda$new$1(EventFiringWebDriver.java:105)
	at com.sun.proxy.$Proxy11.get(Unknown Source)
	at org.openqa.selenium.support.events.EventFiringWebDriver.get(EventFiringWebDriver.java:165)
	at com.kms.katalon.core.webui.keyword.builtin.OpenBrowserKeyword$_openBrowser_closure1.doCall(OpenBrowserKeyword.groovy:78)
	at com.kms.katalon.core.webui.keyword.builtin.OpenBrowserKeyword$_openBrowser_closure1.call(OpenBrowserKeyword.groovy)
	at com.kms.katalon.core.webui.keyword.internal.WebUIKeywordMain.runKeyword(WebUIKeywordMain.groovy:20)
	... 23 more
"/>
         <system-out><![CDATA[2021-02-19 16:58:19 - [TEST_CASE][FAILED] - Test Cases/UploadDiffFiles_PublicUser/TC_As a public user, Upload Microsoft Word File: Test Cases/UploadDiffFiles_PublicUser/TC_As a public user, Upload Microsoft Word File FAILED.
Reason:
com.kms.katalon.core.exception.StepFailedException: Unable to open browser with url: 'https://Inspect.Stage.site.sa'
	at com.kms.katalon.core.webui.keyword.internal.WebUIKeywordMain.stepFailed(WebUIKeywordMain.groovy:64)
	at com.kms.katalon.core.webui.keyword.internal.WebUIKeywordMain.runKeyword(WebUIKeywordMain.groovy:26)
	at com.kms.katalon.core.webui.keyword.builtin.OpenBrowserKeyword.openBrowser(OpenBrowserKeyword.groovy:81)
	at com.kms.katalon.core.webui.keyword.builtin.OpenBrowserKeyword.execute(OpenBrowserKeyword.groovy:67)
	at com.kms.katalon.core.keyword.internal.KeywordExecutor.executeKeywordForPlatform(KeywordExecutor.groovy:73)
	at com.kms.katalon.core.webui.keyword.WebUiBuiltInKeywords.openBrowser(WebUiBuiltInKeywords.groovy:61)
	at com.kms.katalon.core.webui.keyword.WebUiBuiltInKeywords$openBrowser.call(Unknown Source)
	at customKeywords.commanFunctions.openBrowser(commanFunctions.groovy:47)
	at customKeywords.commanFunctions.uploadFileOfPublicUser(commanFunctions.groovy:650)
	at customKeywords.commanFunctions.invokeMethod(commanFunctions.groovy)
	at com.kms.katalon.core.main.CustomKeywordDelegatingMetaClass.invokeStaticMethod(CustomKeywordDelegatingMetaClass.java:50)
	at TC_As a public user, Upload Microsoft Word File.run(TC_As a public user, Upload Microsoft Word File:14)
	at com.kms.katalon.core.main.ScriptEngine.run(ScriptEngine.java:194)
	at com.kms.katalon.core.main.ScriptEngine.runScriptAsRawText(ScriptEngine.java:119)
	at com.kms.katalon.core.main.TestCaseExecutor.runScript(TestCaseExecutor.java:394)
	at com.kms.katalon.core.main.TestCaseExecutor.doExecute(TestCaseExecutor.java:385)
	at com.kms.katalon.core.main.TestCaseExecutor.processExecutionPhase(TestCaseExecutor.java:364)
	at com.kms.katalon.core.main.TestCaseExecutor.accessMainPhase(TestCaseExecutor.java:356)
	at com.kms.katalon.core.main.TestCaseExecutor.execute(TestCaseExecutor.java:251)
	at com.kms.katalon.core.main.TestSuiteExecutor.accessTestCaseMainPhase(TestSuiteExecutor.java:203)
	at com.kms.katalon.core.main.TestSuiteExecutor.accessTestSuiteMainPhase(TestSuiteExecutor.java:152)
	at com.kms.katalon.core.main.TestSuiteExecutor.execute(TestSuiteExecutor.java:95)
	at com.kms.katalon.core.main.TestCaseMain.startTestSuite(TestCaseMain.java:157)
	at com.kms.katalon.core.main.TestCaseMain$startTestSuite$0.call(Unknown Source)
	at TempTestSuite1613733203700.run(TempTestSuite1613733203700.groovy:39)
Caused by: org.openqa.selenium.WebDriverException: unknown error: cannot determine loading status
from disconnected: received Inspector.detached event
  (Session info: chrome=86.0.4240.75)
Build info: version: '3.141.59', revision: 'e82be7d358', time: '2018-11-14T08:25:53'
System info: host: 'OMTPGCN1132568L', ip: '192.168.1.1', os.name: 'Windows 10', os.arch: 'amd64', os.version: '10.0', java.version: '1.8.0_181'
Driver info: com.kms.katalon.selenium.driver.CChromeDriver
Capabilities {acceptInsecureCerts: false, browserName: chrome, browserVersion: 86.0.4240.75, chrome: {chromedriverVersion: 86.0.4240.22 (398b0743353ff..., userDataDir: C:\Users\ashok\AppData\Loca...}, goog:chromeOptions: {debuggerAddress: localhost:51953}, javascriptEnabled: true, networkConnectionEnabled: false, pageLoadStrategy: normal, platform: WINDOWS, platformName: WINDOWS, proxy: Proxy(), setWindowRect: true, strictFileInteractability: false, timeouts: {implicit: 0, pageLoad: 300000, script: 30000}, unhandledPromptBehavior: dismiss and notify, webauthn:virtualAuthenticators: true}
Session ID: ff2a1d66a6f32cf707dec6ceade25529
	at org.openqa.selenium.remote.http.W3CHttpResponseCodec.createException(W3CHttpResponseCodec.java:187)
	at org.openqa.selenium.remote.http.W3CHttpResponseCodec.decode(W3CHttpResponseCodec.java:122)
	at org.openqa.selenium.remote.http.W3CHttpResponseCodec.decode(W3CHttpResponseCodec.java:49)
	at org.openqa.selenium.remote.HttpCommandExecutor.execute(HttpCommandExecutor.java:158)
	at org.openqa.selenium.remote.service.DriverCommandExecutor.execute(DriverCommandExecutor.java:83)
	at org.openqa.selenium.remote.RemoteWebDriver.execute(RemoteWebDriver.java:552)
	at com.kms.katalon.selenium.driver.CChromeDriver.execute(CChromeDriver.java:19)
	at org.openqa.selenium.remote.RemoteWebDriver.get(RemoteWebDriver.java:277)
	at org.openqa.selenium.support.events.EventFiringWebDriver.lambda$new$1(EventFiringWebDriver.java:105)
	at com.sun.proxy.$Proxy11.get(Unknown Source)
	at org.openqa.selenium.support.events.EventFiringWebDriver.get(EventFiringWebDriver.java:165)
	at com.kms.katalon.core.webui.keyword.builtin.OpenBrowserKeyword$_openBrowser_closure1.doCall(OpenBrowserKeyword.groovy:78)
	at com.kms.katalon.core.webui.keyword.builtin.OpenBrowserKeyword$_openBrowser_closure1.call(OpenBrowserKeyword.groovy)
	at com.kms.katalon.core.webui.keyword.internal.WebUIKeywordMain.runKeyword(WebUIKeywordMain.groovy:20)
	... 23 more


2021-02-19 16:58:19 - [TEST_STEP][PASSED] - excelTestData = findTestData("Data Files/TestData/InspectTestData"): null

2021-02-19 16:58:19 - [TEST_STEP][PASSED] - userEmail = excelTestData.getValue(2, 23): null

2021-02-19 16:58:19 - [TEST_STEP][FAILED] - customKeywords.commanFunctions.uploadFileOfPublicUser(248, userEmail): Unable to open browser with url: 'https://Inspect.Stage.site.sa'

2021-02-19 16:58:19 - [MESSAGE][INFO] - Starting 'Chrome' driver

2021-02-19 16:58:19 - [MESSAGE][INFO] - Action delay is set to 0 milliseconds

2021-02-19 16:58:22 - [MESSAGE][FAILED] - Unable to open browser with url: 'https://Inspect.Stage.site.sa' (Root cause: com.kms.katalon.core.exception.StepFailedException: Unable to open browser with url: 'https://Inspect.Stage.site.sa'
	at com.kms.katalon.core.webui.keyword.internal.WebUIKeywordMain.stepFailed(WebUIKeywordMain.groovy:64)
	at com.kms.katalon.core.webui.keyword.internal.WebUIKeywordMain.runKeyword(WebUIKeywordMain.groovy:26)
	at com.kms.katalon.core.webui.keyword.builtin.OpenBrowserKeyword.openBrowser(OpenBrowserKeyword.groovy:81)
	at com.kms.katalon.core.webui.keyword.builtin.OpenBrowserKeyword.execute(OpenBrowserKeyword.groovy:67)
	at com.kms.katalon.core.keyword.internal.KeywordExecutor.executeKeywordForPlatform(KeywordExecutor.groovy:73)
	at com.kms.katalon.core.webui.keyword.WebUiBuiltInKeywords.openBrowser(WebUiBuiltInKeywords.groovy:61)
	at com.kms.katalon.core.webui.keyword.WebUiBuiltInKeywords$openBrowser.call(Unknown Source)
	at customKeywords.commanFunctions.openBrowser(commanFunctions.groovy:47)
	at customKeywords.commanFunctions.uploadFileOfPublicUser(commanFunctions.groovy:650)
	at customKeywords.commanFunctions.invokeMethod(commanFunctions.groovy)
	at com.kms.katalon.core.main.CustomKeywordDelegatingMetaClass.invokeStaticMethod(CustomKeywordDelegatingMetaClass.java:50)
	at TC_As a public user, Upload Microsoft Word File.run(TC_As a public user, Upload Microsoft Word File:14)
	at com.kms.katalon.core.main.ScriptEngine.run(ScriptEngine.java:194)
	at com.kms.katalon.core.main.ScriptEngine.runScriptAsRawText(ScriptEngine.java:119)
	at com.kms.katalon.core.main.TestCaseExecutor.runScript(TestCaseExecutor.java:394)
	at com.kms.katalon.core.main.TestCaseExecutor.doExecute(TestCaseExecutor.java:385)
	at com.kms.katalon.core.main.TestCaseExecutor.processExecutionPhase(TestCaseExecutor.java:364)
	at com.kms.katalon.core.main.TestCaseExecutor.accessMainPhase(TestCaseExecutor.java:356)
	at com.kms.katalon.core.main.TestCaseExecutor.execute(TestCaseExecutor.java:251)
	at com.kms.katalon.core.main.TestSuiteExecutor.accessTestCaseMainPhase(TestSuiteExecutor.java:203)
	at com.kms.katalon.core.main.TestSuiteExecutor.accessTestSuiteMainPhase(TestSuiteExecutor.java:152)
	at com.kms.katalon.core.main.TestSuiteExecutor.execute(TestSuiteExecutor.java:95)
	at com.kms.katalon.core.main.TestCaseMain.startTestSuite(TestCaseMain.java:157)
	at com.kms.katalon.core.main.TestCaseMain$startTestSuite$0.call(Unknown Source)
	at TempTestSuite1613733203700.run(TempTestSuite1613733203700.groovy:39)
Caused by: org.openqa.selenium.WebDriverException: unknown error: cannot determine loading status
from disconnected: received Inspector.detached event
  (Session info: chrome=86.0.4240.75)
Build info: version: '3.141.59', revision: 'e82be7d358', time: '2018-11-14T08:25:53'
System info: host: 'OMTPGCN1132568L', ip: '192.168.1.1', os.name: 'Windows 10', os.arch: 'amd64', os.version: '10.0', java.version: '1.8.0_181'
Driver info: com.kms.katalon.selenium.driver.CChromeDriver
Capabilities {acceptInsecureCerts: false, browserName: chrome, browserVersion: 86.0.4240.75, chrome: {chromedriverVersion: 86.0.4240.22 (398b0743353ff..., userDataDir: C:\Users\ashok\AppData\Loca...}, goog:chromeOptions: {debuggerAddress: localhost:51953}, javascriptEnabled: true, networkConnectionEnabled: false, pageLoadStrategy: normal, platform: WINDOWS, platformName: WINDOWS, proxy: Proxy(), setWindowRect: true, strictFileInteractability: false, timeouts: {implicit: 0, pageLoad: 300000, script: 30000}, unhandledPromptBehavior: dismiss and notify, webauthn:virtualAuthenticators: true}
Session ID: ff2a1d66a6f32cf707dec6ceade25529
	at org.openqa.selenium.remote.http.W3CHttpResponseCodec.createException(W3CHttpResponseCodec.java:187)
	at org.openqa.selenium.remote.http.W3CHttpResponseCodec.decode(W3CHttpResponseCodec.java:122)
	at org.openqa.selenium.remote.http.W3CHttpResponseCodec.decode(W3CHttpResponseCodec.java:49)
	at org.openqa.selenium.remote.HttpCommandExecutor.execute(HttpCommandExecutor.java:158)
	at org.openqa.selenium.remote.service.DriverCommandExecutor.execute(DriverCommandExecutor.java:83)
	at org.openqa.selenium.remote.RemoteWebDriver.execute(RemoteWebDriver.java:552)
	at com.kms.katalon.selenium.driver.CChromeDriver.execute(CChromeDriver.java:19)
	at org.openqa.selenium.remote.RemoteWebDriver.get(RemoteWebDriver.java:277)
	at org.openqa.selenium.support.events.EventFiringWebDriver.lambda$new$1(EventFiringWebDriver.java:105)
	at com.sun.proxy.$Proxy11.get(Unknown Source)
	at org.openqa.selenium.support.events.EventFiringWebDriver.get(EventFiringWebDriver.java:165)
	at com.kms.katalon.core.webui.keyword.builtin.OpenBrowserKeyword$_openBrowser_closure1.doCall(OpenBrowserKeyword.groovy:78)
	at com.kms.katalon.core.webui.keyword.builtin.OpenBrowserKeyword$_openBrowser_closure1.call(OpenBrowserKeyword.groovy)
	at com.kms.katalon.core.webui.keyword.internal.WebUIKeywordMain.runKeyword(WebUIKeywordMain.groovy:20)
	at com.kms.katalon.core.webui.keyword.builtin.OpenBrowserKeyword.openBrowser(OpenBrowserKeyword.groovy:81)
	at com.kms.katalon.core.webui.keyword.builtin.OpenBrowserKeyword.execute(OpenBrowserKeyword.groovy:67)
	at com.kms.katalon.core.keyword.internal.KeywordExecutor.executeKeywordForPlatform(KeywordExecutor.groovy:73)
	at com.kms.katalon.core.webui.keyword.WebUiBuiltInKeywords.openBrowser(WebUiBuiltInKeywords.groovy:61)
	at com.kms.katalon.core.webui.keyword.WebUiBuiltInKeywords$openBrowser.call(Unknown Source)
	at customKeywords.commanFunctions.openBrowser(commanFunctions.groovy:47)
	at customKeywords.commanFunctions.uploadFileOfPublicUser(commanFunctions.groovy:650)
	at customKeywords.commanFunctions.invokeMethod(commanFunctions.groovy)
	at com.kms.katalon.core.main.CustomKeywordDelegatingMetaClass.invokeStaticMethod(CustomKeywordDelegatingMetaClass.java:50)
	at Script1613233167772.run(Script1613233167772.groovy:14)
	... 13 more
)

2021-02-19 16:58:22 - [MESSAGE][FAILED] - Unable to open browser with url: 'https://Inspect.Stage.site.sa'

2021-02-19 16:58:22 - [TEST_STEP][PASSED] - Start tear down : tearDownMethodIfFailed: Method 'tearDownMethodIfFailed' complete successfully

2021-02-19 16:58:22 - [TEST_STEP][PASSED] - customKeywords.commanFunctions.onlyCloseBrowser(): customKeywords.commanFunctions.onlyCloseBrowser is PASSED

2021-02-19 16:58:23 - [MESSAGE][PASSED] - Browser is closed

2021-02-19 16:58:23 - [MESSAGE][PASSED] - customKeywords.commanFunctions.onlyCloseBrowser is PASSED

2021-02-19 16:58:23 - [TEST_STEP][PASSED] - logInfo("[--------This is tearDownIfFailed method------]"): [--------This is tearDownIfFailed method------]

2021-02-19 16:58:23 - [MESSAGE][INFO] - [--------This is tearDownIfFailed method------]

2021-02-19 16:58:23 - [MESSAGE][PASSED] - Method 'tearDownMethodIfFailed' complete successfully]]></system-out>
         <system-err><![CDATA[2021-02-19 16:58:19 - [TEST_CASE][FAILED] - Test Cases/UploadDiffFiles_PublicUser/TC_As a public user, Upload Microsoft Word File: Test Cases/UploadDiffFiles_PublicUser/TC_As a public user, Upload Microsoft Word File FAILED.
Reason:
com.kms.katalon.core.exception.StepFailedException: Unable to open browser with url: 'https://Inspect.Stage.site.sa'
	at com.kms.katalon.core.webui.keyword.internal.WebUIKeywordMain.stepFailed(WebUIKeywordMain.groovy:64)
	at com.kms.katalon.core.webui.keyword.internal.WebUIKeywordMain.runKeyword(WebUIKeywordMain.groovy:26)
	at com.kms.katalon.core.webui.keyword.builtin.OpenBrowserKeyword.openBrowser(OpenBrowserKeyword.groovy:81)
	at com.kms.katalon.core.webui.keyword.builtin.OpenBrowserKeyword.execute(OpenBrowserKeyword.groovy:67)
	at com.kms.katalon.core.keyword.internal.KeywordExecutor.executeKeywordForPlatform(KeywordExecutor.groovy:73)
	at com.kms.katalon.core.webui.keyword.WebUiBuiltInKeywords.openBrowser(WebUiBuiltInKeywords.groovy:61)
	at com.kms.katalon.core.webui.keyword.WebUiBuiltInKeywords$openBrowser.call(Unknown Source)
	at customKeywords.commanFunctions.openBrowser(commanFunctions.groovy:47)
	at customKeywords.commanFunctions.uploadFileOfPublicUser(commanFunctions.groovy:650)
	at customKeywords.commanFunctions.invokeMethod(commanFunctions.groovy)
	at com.kms.katalon.core.main.CustomKeywordDelegatingMetaClass.invokeStaticMethod(CustomKeywordDelegatingMetaClass.java:50)
	at TC_As a public user, Upload Microsoft Word File.run(TC_As a public user, Upload Microsoft Word File:14)
	at com.kms.katalon.core.main.ScriptEngine.run(ScriptEngine.java:194)
	at com.kms.katalon.core.main.ScriptEngine.runScriptAsRawText(ScriptEngine.java:119)
	at com.kms.katalon.core.main.TestCaseExecutor.runScript(TestCaseExecutor.java:394)
	at com.kms.katalon.core.main.TestCaseExecutor.doExecute(TestCaseExecutor.java:385)
	at com.kms.katalon.core.main.TestCaseExecutor.processExecutionPhase(TestCaseExecutor.java:364)
	at com.kms.katalon.core.main.TestCaseExecutor.accessMainPhase(TestCaseExecutor.java:356)
	at com.kms.katalon.core.main.TestCaseExecutor.execute(TestCaseExecutor.java:251)
	at com.kms.katalon.core.main.TestSuiteExecutor.accessTestCaseMainPhase(TestSuiteExecutor.java:203)
	at com.kms.katalon.core.main.TestSuiteExecutor.accessTestSuiteMainPhase(TestSuiteExecutor.java:152)
	at com.kms.katalon.core.main.TestSuiteExecutor.execute(TestSuiteExecutor.java:95)
	at com.kms.katalon.core.main.TestCaseMain.startTestSuite(TestCaseMain.java:157)
	at com.kms.katalon.core.main.TestCaseMain$startTestSuite$0.call(Unknown Source)
	at TempTestSuite1613733203700.run(TempTestSuite1613733203700.groovy:39)
Caused by: org.openqa.selenium.WebDriverException: unknown error: cannot determine loading status
from disconnected: received Inspector.detached event
  (Session info: chrome=86.0.4240.75)
Build info: version: '3.141.59', revision: 'e82be7d358', time: '2018-11-14T08:25:53'
System info: host: 'OMTPGCN1132568L', ip: '192.168.1.1', os.name: 'Windows 10', os.arch: 'amd64', os.version: '10.0', java.version: '1.8.0_181'
Driver info: com.kms.katalon.selenium.driver.CChromeDriver
Capabilities {acceptInsecureCerts: false, browserName: chrome, browserVersion: 86.0.4240.75, chrome: {chromedriverVersion: 86.0.4240.22 (398b0743353ff..., userDataDir: C:\Users\ashok\AppData\Loca...}, goog:chromeOptions: {debuggerAddress: localhost:51953}, javascriptEnabled: true, networkConnectionEnabled: false, pageLoadStrategy: normal, platform: WINDOWS, platformName: WINDOWS, proxy: Proxy(), setWindowRect: true, strictFileInteractability: false, timeouts: {implicit: 0, pageLoad: 300000, script: 30000}, unhandledPromptBehavior: dismiss and notify, webauthn:virtualAuthenticators: true}
Session ID: ff2a1d66a6f32cf707dec6ceade25529
	at org.openqa.selenium.remote.http.W3CHttpResponseCodec.createException(W3CHttpResponseCodec.java:187)
	at org.openqa.selenium.remote.http.W3CHttpResponseCodec.decode(W3CHttpResponseCodec.java:122)
	at org.openqa.selenium.remote.http.W3CHttpResponseCodec.decode(W3CHttpResponseCodec.java:49)
	at org.openqa.selenium.remote.HttpCommandExecutor.execute(HttpCommandExecutor.java:158)
	at org.openqa.selenium.remote.service.DriverCommandExecutor.execute(DriverCommandExecutor.java:83)
	at org.openqa.selenium.remote.RemoteWebDriver.execute(RemoteWebDriver.java:552)
	at com.kms.katalon.selenium.driver.CChromeDriver.execute(CChromeDriver.java:19)
	at org.openqa.selenium.remote.RemoteWebDriver.get(RemoteWebDriver.java:277)
	at org.openqa.selenium.support.events.EventFiringWebDriver.lambda$new$1(EventFiringWebDriver.java:105)
	at com.sun.proxy.$Proxy11.get(Unknown Source)
	at org.openqa.selenium.support.events.EventFiringWebDriver.get(EventFiringWebDriver.java:165)
	at com.kms.katalon.core.webui.keyword.builtin.OpenBrowserKeyword$_openBrowser_closure1.doCall(OpenBrowserKeyword.groovy:78)
	at com.kms.katalon.core.webui.keyword.builtin.OpenBrowserKeyword$_openBrowser_closure1.call(OpenBrowserKeyword.groovy)
	at com.kms.katalon.core.webui.keyword.internal.WebUIKeywordMain.runKeyword(WebUIKeywordMain.groovy:20)
	... 23 more]]></system-err>
      </testcase>
      <testcase name="Test Cases/UploadDiffFiles_PublicUser/TC_As a public user, Upload MS Access database File" time="55.009" classname="Test Cases/UploadDiffFiles_PublicUser/TC_As a public user, Upload MS Access database File" status="FAILED">
         <failure type="FAILED" message="Test Cases/UploadDiffFiles_PublicUser/TC_As a public user, Upload MS Access database File FAILED.
Reason:
com.kms.katalon.core.exception.StepFailedException: Unable to wait for page load
	at com.kms.katalon.core.webui.keyword.internal.WebUIKeywordMain.stepFailed(WebUIKeywordMain.groovy:64)
	at com.kms.katalon.core.webui.keyword.internal.WebUIKeywordMain.runKeyword(WebUIKeywordMain.groovy:26)
	at com.kms.katalon.core.webui.keyword.internal.WebUIKeywordMain$runKeyword.call(Unknown Source)
	at com.kms.katalon.core.webui.keyword.builtin.WaitForPageLoadKeyword.waitForPageLoad(WaitForPageLoadKeyword.groovy:71)
	at com.kms.katalon.core.webui.keyword.builtin.WaitForPageLoadKeyword.execute(WaitForPageLoadKeyword.groovy:67)
	at com.kms.katalon.core.keyword.internal.KeywordExecutor.executeKeywordForPlatform(KeywordExecutor.groovy:73)
	at com.kms.katalon.core.webui.keyword.WebUiBuiltInKeywords.waitForPageLoad(WebUiBuiltInKeywords.groovy:2454)
	at com.kms.katalon.core.webui.keyword.WebUiBuiltInKeywords$waitForPageLoad$1.call(Unknown Source)
	at customKeywords.commanFunctions.openBrowser(commanFunctions.groovy:49)
	at customKeywords.commanFunctions.uploadFileOfPublicUser(commanFunctions.groovy:650)
	at customKeywords.commanFunctions.invokeMethod(commanFunctions.groovy)
	at com.kms.katalon.core.main.CustomKeywordDelegatingMetaClass.invokeStaticMethod(CustomKeywordDelegatingMetaClass.java:50)
	at TC_As a public user, Upload MS Access database File.run(TC_As a public user, Upload MS Access database File:14)
	at com.kms.katalon.core.main.ScriptEngine.run(ScriptEngine.java:194)
	at com.kms.katalon.core.main.ScriptEngine.runScriptAsRawText(ScriptEngine.java:119)
	at com.kms.katalon.core.main.TestCaseExecutor.runScript(TestCaseExecutor.java:394)
	at com.kms.katalon.core.main.TestCaseExecutor.doExecute(TestCaseExecutor.java:385)
	at com.kms.katalon.core.main.TestCaseExecutor.processExecutionPhase(TestCaseExecutor.java:364)
	at com.kms.katalon.core.main.TestCaseExecutor.accessMainPhase(TestCaseExecutor.java:356)
	at com.kms.katalon.core.main.TestCaseExecutor.execute(TestCaseExecutor.java:251)
	at com.kms.katalon.core.main.TestSuiteExecutor.accessTestCaseMainPhase(TestSuiteExecutor.java:203)
	at com.kms.katalon.core.main.TestSuiteExecutor.accessTestSuiteMainPhase(TestSuiteExecutor.java:152)
	at com.kms.katalon.core.main.TestSuiteExecutor.execute(TestSuiteExecutor.java:95)
	at com.kms.katalon.core.main.TestCaseMain.startTestSuite(TestCaseMain.java:157)
	at com.kms.katalon.core.main.TestCaseMain$startTestSuite$0.call(Unknown Source)
	at TempTestSuite1613733203700.run(TempTestSuite1613733203700.groovy:39)
Caused by: org.openqa.selenium.WebDriverException: chrome not reachable
  (Session info: chrome=86.0.4240.75)
Build info: version: '3.141.59', revision: 'e82be7d358', time: '2018-11-14T08:25:53'
System info: host: 'OMTPGCN1132568L', ip: '192.168.1.1', os.name: 'Windows 10', os.arch: 'amd64', os.version: '10.0', java.version: '1.8.0_181'
Driver info: com.kms.katalon.selenium.driver.CChromeDriver
Capabilities {acceptInsecureCerts: false, browserName: chrome, browserVersion: 86.0.4240.75, chrome: {chromedriverVersion: 86.0.4240.22 (398b0743353ff..., userDataDir: C:\Users\ashok\AppData\Loca...}, goog:chromeOptions: {debuggerAddress: localhost:51974}, javascriptEnabled: true, networkConnectionEnabled: false, pageLoadStrategy: normal, platform: WINDOWS, platformName: WINDOWS, proxy: Proxy(), setWindowRect: true, strictFileInteractability: false, timeouts: {implicit: 0, pageLoad: 300000, script: 30000}, unhandledPromptBehavior: dismiss and notify, webauthn:virtualAuthenticators: true}
Session ID: 5aeb79259417ac6d7bdc901779a43442
	at org.openqa.selenium.remote.http.W3CHttpResponseCodec.createException(W3CHttpResponseCodec.java:187)
	at org.openqa.selenium.remote.http.W3CHttpResponseCodec.decode(W3CHttpResponseCodec.java:122)
	at org.openqa.selenium.remote.http.W3CHttpResponseCodec.decode(W3CHttpResponseCodec.java:49)
	at org.openqa.selenium.remote.HttpCommandExecutor.execute(HttpCommandExecutor.java:158)
	at org.openqa.selenium.remote.service.DriverCommandExecutor.execute(DriverCommandExecutor.java:83)
	at org.openqa.selenium.remote.RemoteWebDriver.execute(RemoteWebDriver.java:552)
	at com.kms.katalon.selenium.driver.CChromeDriver.execute(CChromeDriver.java:19)
	at org.openqa.selenium.remote.RemoteWebDriver.executeScript(RemoteWebDriver.java:489)
	at org.openqa.selenium.support.events.EventFiringWebDriver.lambda$new$1(EventFiringWebDriver.java:105)
	at com.sun.proxy.$Proxy11.executeScript(Unknown Source)
	at org.openqa.selenium.support.events.EventFiringWebDriver.executeScript(EventFiringWebDriver.java:229)
	at com.kms.katalon.core.webui.keyword.builtin.WaitForPageLoadKeyword$1.apply(WaitForPageLoadKeyword.groovy:80)
	at com.kms.katalon.core.webui.keyword.builtin.WaitForPageLoadKeyword$1.apply(WaitForPageLoadKeyword.groovy)
	at org.openqa.selenium.support.ui.FluentWait.until(FluentWait.java:249)
	at org.openqa.selenium.support.ui.Wait$until.call(Unknown Source)
	at com.kms.katalon.core.webui.keyword.builtin.WaitForPageLoadKeyword$_waitForPageLoad_closure1.doCall(WaitForPageLoadKeyword.groovy:76)
	at com.kms.katalon.core.webui.keyword.builtin.WaitForPageLoadKeyword$_waitForPageLoad_closure1.doCall(WaitForPageLoadKeyword.groovy)
	at com.kms.katalon.core.webui.keyword.internal.WebUIKeywordMain.runKeyword(WebUIKeywordMain.groovy:20)
	... 24 more
"/>
         <system-out><![CDATA[2021-02-19 16:58:23 - [TEST_CASE][FAILED] - Test Cases/UploadDiffFiles_PublicUser/TC_As a public user, Upload MS Access database File: Test Cases/UploadDiffFiles_PublicUser/TC_As a public user, Upload MS Access database File FAILED.
Reason:
com.kms.katalon.core.exception.StepFailedException: Unable to wait for page load
	at com.kms.katalon.core.webui.keyword.internal.WebUIKeywordMain.stepFailed(WebUIKeywordMain.groovy:64)
	at com.kms.katalon.core.webui.keyword.internal.WebUIKeywordMain.runKeyword(WebUIKeywordMain.groovy:26)
	at com.kms.katalon.core.webui.keyword.internal.WebUIKeywordMain$runKeyword.call(Unknown Source)
	at com.kms.katalon.core.webui.keyword.builtin.WaitForPageLoadKeyword.waitForPageLoad(WaitForPageLoadKeyword.groovy:71)
	at com.kms.katalon.core.webui.keyword.builtin.WaitForPageLoadKeyword.execute(WaitForPageLoadKeyword.groovy:67)
	at com.kms.katalon.core.keyword.internal.KeywordExecutor.executeKeywordForPlatform(KeywordExecutor.groovy:73)
	at com.kms.katalon.core.webui.keyword.WebUiBuiltInKeywords.waitForPageLoad(WebUiBuiltInKeywords.groovy:2454)
	at com.kms.katalon.core.webui.keyword.WebUiBuiltInKeywords$waitForPageLoad$1.call(Unknown Source)
	at customKeywords.commanFunctions.openBrowser(commanFunctions.groovy:49)
	at customKeywords.commanFunctions.uploadFileOfPublicUser(commanFunctions.groovy:650)
	at customKeywords.commanFunctions.invokeMethod(commanFunctions.groovy)
	at com.kms.katalon.core.main.CustomKeywordDelegatingMetaClass.invokeStaticMethod(CustomKeywordDelegatingMetaClass.java:50)
	at TC_As a public user, Upload MS Access database File.run(TC_As a public user, Upload MS Access database File:14)
	at com.kms.katalon.core.main.ScriptEngine.run(ScriptEngine.java:194)
	at com.kms.katalon.core.main.ScriptEngine.runScriptAsRawText(ScriptEngine.java:119)
	at com.kms.katalon.core.main.TestCaseExecutor.runScript(TestCaseExecutor.java:394)
	at com.kms.katalon.core.main.TestCaseExecutor.doExecute(TestCaseExecutor.java:385)
	at com.kms.katalon.core.main.TestCaseExecutor.processExecutionPhase(TestCaseExecutor.java:364)
	at com.kms.katalon.core.main.TestCaseExecutor.accessMainPhase(TestCaseExecutor.java:356)
	at com.kms.katalon.core.main.TestCaseExecutor.execute(TestCaseExecutor.java:251)
	at com.kms.katalon.core.main.TestSuiteExecutor.accessTestCaseMainPhase(TestSuiteExecutor.java:203)
	at com.kms.katalon.core.main.TestSuiteExecutor.accessTestSuiteMainPhase(TestSuiteExecutor.java:152)
	at com.kms.katalon.core.main.TestSuiteExecutor.execute(TestSuiteExecutor.java:95)
	at com.kms.katalon.core.main.TestCaseMain.startTestSuite(TestCaseMain.java:157)
	at com.kms.katalon.core.main.TestCaseMain$startTestSuite$0.call(Unknown Source)
	at TempTestSuite1613733203700.run(TempTestSuite1613733203700.groovy:39)
Caused by: org.openqa.selenium.WebDriverException: chrome not reachable
  (Session info: chrome=86.0.4240.75)
Build info: version: '3.141.59', revision: 'e82be7d358', time: '2018-11-14T08:25:53'
System info: host: 'OMTPGCN1132568L', ip: '192.168.1.1', os.name: 'Windows 10', os.arch: 'amd64', os.version: '10.0', java.version: '1.8.0_181'
Driver info: com.kms.katalon.selenium.driver.CChromeDriver
Capabilities {acceptInsecureCerts: false, browserName: chrome, browserVersion: 86.0.4240.75, chrome: {chromedriverVersion: 86.0.4240.22 (398b0743353ff..., userDataDir: C:\Users\ashok\AppData\Loca...}, goog:chromeOptions: {debuggerAddress: localhost:51974}, javascriptEnabled: true, networkConnectionEnabled: false, pageLoadStrategy: normal, platform: WINDOWS, platformName: WINDOWS, proxy: Proxy(), setWindowRect: true, strictFileInteractability: false, timeouts: {implicit: 0, pageLoad: 300000, script: 30000}, unhandledPromptBehavior: dismiss and notify, webauthn:virtualAuthenticators: true}
Session ID: 5aeb79259417ac6d7bdc901779a43442
	at org.openqa.selenium.remote.http.W3CHttpResponseCodec.createException(W3CHttpResponseCodec.java:187)
	at org.openqa.selenium.remote.http.W3CHttpResponseCodec.decode(W3CHttpResponseCodec.java:122)
	at org.openqa.selenium.remote.http.W3CHttpResponseCodec.decode(W3CHttpResponseCodec.java:49)
	at org.openqa.selenium.remote.HttpCommandExecutor.execute(HttpCommandExecutor.java:158)
	at org.openqa.selenium.remote.service.DriverCommandExecutor.execute(DriverCommandExecutor.java:83)
	at org.openqa.selenium.remote.RemoteWebDriver.execute(RemoteWebDriver.java:552)
	at com.kms.katalon.selenium.driver.CChromeDriver.execute(CChromeDriver.java:19)
	at org.openqa.selenium.remote.RemoteWebDriver.executeScript(RemoteWebDriver.java:489)
	at org.openqa.selenium.support.events.EventFiringWebDriver.lambda$new$1(EventFiringWebDriver.java:105)
	at com.sun.proxy.$Proxy11.executeScript(Unknown Source)
	at org.openqa.selenium.support.events.EventFiringWebDriver.executeScript(EventFiringWebDriver.java:229)
	at com.kms.katalon.core.webui.keyword.builtin.WaitForPageLoadKeyword$1.apply(WaitForPageLoadKeyword.groovy:80)
	at com.kms.katalon.core.webui.keyword.builtin.WaitForPageLoadKeyword$1.apply(WaitForPageLoadKeyword.groovy)
	at org.openqa.selenium.support.ui.FluentWait.until(FluentWait.java:249)
	at org.openqa.selenium.support.ui.Wait$until.call(Unknown Source)
	at com.kms.katalon.core.webui.keyword.builtin.WaitForPageLoadKeyword$_waitForPageLoad_closure1.doCall(WaitForPageLoadKeyword.groovy:76)
	at com.kms.katalon.core.webui.keyword.builtin.WaitForPageLoadKeyword$_waitForPageLoad_closure1.doCall(WaitForPageLoadKeyword.groovy)
	at com.kms.katalon.core.webui.keyword.internal.WebUIKeywordMain.runKeyword(WebUIKeywordMain.groovy:20)
	... 24 more


2021-02-19 16:58:23 - [TEST_STEP][PASSED] - excelTestData = findTestData("Data Files/TestData/InspectTestData"): null

2021-02-19 16:58:23 - [TEST_STEP][PASSED] - userEmail = excelTestData.getValue(2, 23): null

2021-02-19 16:58:23 - [TEST_STEP][FAILED] - customKeywords.commanFunctions.uploadFileOfPublicUser(342, userEmail): Unable to wait for page load

2021-02-19 16:58:24 - [MESSAGE][INFO] - Starting 'Chrome' driver

2021-02-19 16:58:24 - [MESSAGE][INFO] - Action delay is set to 0 milliseconds

2021-02-19 16:58:33 - [MESSAGE][PASSED] - Browser is opened with url: 'https://Inspect.Stage.site.sa'

2021-02-19 16:58:53 - [MESSAGE][PASSED] - Current window maximized

2021-02-19 16:59:18 - [MESSAGE][WARNING] - Cannot take screenshot

2021-02-19 16:59:18 - [MESSAGE][FAILED] - Unable to wait for page load (Root cause: com.kms.katalon.core.exception.StepFailedException: Unable to wait for page load
	at com.kms.katalon.core.webui.keyword.internal.WebUIKeywordMain.stepFailed(WebUIKeywordMain.groovy:64)
	at com.kms.katalon.core.webui.keyword.internal.WebUIKeywordMain.runKeyword(WebUIKeywordMain.groovy:26)
	at com.kms.katalon.core.webui.keyword.internal.WebUIKeywordMain$runKeyword.call(Unknown Source)
	at com.kms.katalon.core.webui.keyword.builtin.WaitForPageLoadKeyword.waitForPageLoad(WaitForPageLoadKeyword.groovy:71)
	at com.kms.katalon.core.webui.keyword.builtin.WaitForPageLoadKeyword.execute(WaitForPageLoadKeyword.groovy:67)
	at com.kms.katalon.core.keyword.internal.KeywordExecutor.executeKeywordForPlatform(KeywordExecutor.groovy:73)
	at com.kms.katalon.core.webui.keyword.WebUiBuiltInKeywords.waitForPageLoad(WebUiBuiltInKeywords.groovy:2454)
	at com.kms.katalon.core.webui.keyword.WebUiBuiltInKeywords$waitForPageLoad$1.call(Unknown Source)
	at customKeywords.commanFunctions.openBrowser(commanFunctions.groovy:49)
	at customKeywords.commanFunctions.uploadFileOfPublicUser(commanFunctions.groovy:650)
	at customKeywords.commanFunctions.invokeMethod(commanFunctions.groovy)
	at com.kms.katalon.core.main.CustomKeywordDelegatingMetaClass.invokeStaticMethod(CustomKeywordDelegatingMetaClass.java:50)
	at TC_As a public user, Upload MS Access database File.run(TC_As a public user, Upload MS Access database File:14)
	at com.kms.katalon.core.main.ScriptEngine.run(ScriptEngine.java:194)
	at com.kms.katalon.core.main.ScriptEngine.runScriptAsRawText(ScriptEngine.java:119)
	at com.kms.katalon.core.main.TestCaseExecutor.runScript(TestCaseExecutor.java:394)
	at com.kms.katalon.core.main.TestCaseExecutor.doExecute(TestCaseExecutor.java:385)
	at com.kms.katalon.core.main.TestCaseExecutor.processExecutionPhase(TestCaseExecutor.java:364)
	at com.kms.katalon.core.main.TestCaseExecutor.accessMainPhase(TestCaseExecutor.java:356)
	at com.kms.katalon.core.main.TestCaseExecutor.execute(TestCaseExecutor.java:251)
	at com.kms.katalon.core.main.TestSuiteExecutor.accessTestCaseMainPhase(TestSuiteExecutor.java:203)
	at com.kms.katalon.core.main.TestSuiteExecutor.accessTestSuiteMainPhase(TestSuiteExecutor.java:152)
	at com.kms.katalon.core.main.TestSuiteExecutor.execute(TestSuiteExecutor.java:95)
	at com.kms.katalon.core.main.TestCaseMain.startTestSuite(TestCaseMain.java:157)
	at com.kms.katalon.core.main.TestCaseMain$startTestSuite$0.call(Unknown Source)
	at TempTestSuite1613733203700.run(TempTestSuite1613733203700.groovy:39)
Caused by: org.openqa.selenium.WebDriverException: chrome not reachable
  (Session info: chrome=86.0.4240.75)
Build info: version: '3.141.59', revision: 'e82be7d358', time: '2018-11-14T08:25:53'
System info: host: 'OMTPGCN1132568L', ip: '192.168.1.1', os.name: 'Windows 10', os.arch: 'amd64', os.version: '10.0', java.version: '1.8.0_181'
Driver info: com.kms.katalon.selenium.driver.CChromeDriver
Capabilities {acceptInsecureCerts: false, browserName: chrome, browserVersion: 86.0.4240.75, chrome: {chromedriverVersion: 86.0.4240.22 (398b0743353ff..., userDataDir: C:\Users\ashok\AppData\Loca...}, goog:chromeOptions: {debuggerAddress: localhost:51974}, javascriptEnabled: true, networkConnectionEnabled: false, pageLoadStrategy: normal, platform: WINDOWS, platformName: WINDOWS, proxy: Proxy(), setWindowRect: true, strictFileInteractability: false, timeouts: {implicit: 0, pageLoad: 300000, script: 30000}, unhandledPromptBehavior: dismiss and notify, webauthn:virtualAuthenticators: true}
Session ID: 5aeb79259417ac6d7bdc901779a43442
	at org.openqa.selenium.remote.http.W3CHttpResponseCodec.createException(W3CHttpResponseCodec.java:187)
	at org.openqa.selenium.remote.http.W3CHttpResponseCodec.decode(W3CHttpResponseCodec.java:122)
	at org.openqa.selenium.remote.http.W3CHttpResponseCodec.decode(W3CHttpResponseCodec.java:49)
	at org.openqa.selenium.remote.HttpCommandExecutor.execute(HttpCommandExecutor.java:158)
	at org.openqa.selenium.remote.service.DriverCommandExecutor.execute(DriverCommandExecutor.java:83)
	at org.openqa.selenium.remote.RemoteWebDriver.execute(RemoteWebDriver.java:552)
	at com.kms.katalon.selenium.driver.CChromeDriver.execute(CChromeDriver.java:19)
	at org.openqa.selenium.remote.RemoteWebDriver.executeScript(RemoteWebDriver.java:489)
	at org.openqa.selenium.support.events.EventFiringWebDriver.lambda$new$1(EventFiringWebDriver.java:105)
	at com.sun.proxy.$Proxy11.executeScript(Unknown Source)
	at org.openqa.selenium.support.events.EventFiringWebDriver.executeScript(EventFiringWebDriver.java:229)
	at com.kms.katalon.core.webui.keyword.builtin.WaitForPageLoadKeyword$1.apply(WaitForPageLoadKeyword.groovy:80)
	at com.kms.katalon.core.webui.keyword.builtin.WaitForPageLoadKeyword$1.apply(WaitForPageLoadKeyword.groovy)
	at org.openqa.selenium.support.ui.FluentWait.until(FluentWait.java:249)
	at org.openqa.selenium.support.ui.Wait$until.call(Unknown Source)
	at com.kms.katalon.core.webui.keyword.builtin.WaitForPageLoadKeyword$_waitForPageLoad_closure1.doCall(WaitForPageLoadKeyword.groovy:76)
	at com.kms.katalon.core.webui.keyword.builtin.WaitForPageLoadKeyword$_waitForPageLoad_closure1.doCall(WaitForPageLoadKeyword.groovy)
	at com.kms.katalon.core.webui.keyword.internal.WebUIKeywordMain.runKeyword(WebUIKeywordMain.groovy:20)
	at com.kms.katalon.core.webui.keyword.internal.WebUIKeywordMain$runKeyword.call(Unknown Source)
	at com.kms.katalon.core.webui.keyword.builtin.WaitForPageLoadKeyword.waitForPageLoad(WaitForPageLoadKeyword.groovy:71)
	at com.kms.katalon.core.webui.keyword.builtin.WaitForPageLoadKeyword.execute(WaitForPageLoadKeyword.groovy:67)
	at com.kms.katalon.core.keyword.internal.KeywordExecutor.executeKeywordForPlatform(KeywordExecutor.groovy:73)
	at com.kms.katalon.core.webui.keyword.WebUiBuiltInKeywords.waitForPageLoad(WebUiBuiltInKeywords.groovy:2454)
	at com.kms.katalon.core.webui.keyword.WebUiBuiltInKeywords$waitForPageLoad$1.call(Unknown Source)
	at customKeywords.commanFunctions.openBrowser(commanFunctions.groovy:49)
	at customKeywords.commanFunctions.uploadFileOfPublicUser(commanFunctions.groovy:650)
	at customKeywords.commanFunctions.invokeMethod(commanFunctions.groovy)
	at com.kms.katalon.core.main.CustomKeywordDelegatingMetaClass.invokeStaticMethod(CustomKeywordDelegatingMetaClass.java:50)
	at Script1613388011213.run(Script1613388011213.groovy:14)
	... 13 more
)

2021-02-19 16:59:18 - [MESSAGE][FAILED] - Unable to wait for page load

2021-02-19 16:59:18 - [TEST_STEP][PASSED] - Start tear down : tearDownMethodIfFailed: Method 'tearDownMethodIfFailed' complete successfully

2021-02-19 16:59:18 - [TEST_STEP][PASSED] - customKeywords.commanFunctions.onlyCloseBrowser(): customKeywords.commanFunctions.onlyCloseBrowser is PASSED

2021-02-19 16:59:18 - [MESSAGE][PASSED] - Browser is closed

2021-02-19 16:59:18 - [MESSAGE][PASSED] - customKeywords.commanFunctions.onlyCloseBrowser is PASSED

2021-02-19 16:59:18 - [TEST_STEP][PASSED] - logInfo("[--------This is tearDownIfFailed method------]"): [--------This is tearDownIfFailed method------]

2021-02-19 16:59:18 - [MESSAGE][INFO] - [--------This is tearDownIfFailed method------]

2021-02-19 16:59:18 - [MESSAGE][PASSED] - Method 'tearDownMethodIfFailed' complete successfully]]></system-out>
         <system-err><![CDATA[2021-02-19 16:58:23 - [TEST_CASE][FAILED] - Test Cases/UploadDiffFiles_PublicUser/TC_As a public user, Upload MS Access database File: Test Cases/UploadDiffFiles_PublicUser/TC_As a public user, Upload MS Access database File FAILED.
Reason:
com.kms.katalon.core.exception.StepFailedException: Unable to wait for page load
	at com.kms.katalon.core.webui.keyword.internal.WebUIKeywordMain.stepFailed(WebUIKeywordMain.groovy:64)
	at com.kms.katalon.core.webui.keyword.internal.WebUIKeywordMain.runKeyword(WebUIKeywordMain.groovy:26)
	at com.kms.katalon.core.webui.keyword.internal.WebUIKeywordMain$runKeyword.call(Unknown Source)
	at com.kms.katalon.core.webui.keyword.builtin.WaitForPageLoadKeyword.waitForPageLoad(WaitForPageLoadKeyword.groovy:71)
	at com.kms.katalon.core.webui.keyword.builtin.WaitForPageLoadKeyword.execute(WaitForPageLoadKeyword.groovy:67)
	at com.kms.katalon.core.keyword.internal.KeywordExecutor.executeKeywordForPlatform(KeywordExecutor.groovy:73)
	at com.kms.katalon.core.webui.keyword.WebUiBuiltInKeywords.waitForPageLoad(WebUiBuiltInKeywords.groovy:2454)
	at com.kms.katalon.core.webui.keyword.WebUiBuiltInKeywords$waitForPageLoad$1.call(Unknown Source)
	at customKeywords.commanFunctions.openBrowser(commanFunctions.groovy:49)
	at customKeywords.commanFunctions.uploadFileOfPublicUser(commanFunctions.groovy:650)
	at customKeywords.commanFunctions.invokeMethod(commanFunctions.groovy)
	at com.kms.katalon.core.main.CustomKeywordDelegatingMetaClass.invokeStaticMethod(CustomKeywordDelegatingMetaClass.java:50)
	at TC_As a public user, Upload MS Access database File.run(TC_As a public user, Upload MS Access database File:14)
	at com.kms.katalon.core.main.ScriptEngine.run(ScriptEngine.java:194)
	at com.kms.katalon.core.main.ScriptEngine.runScriptAsRawText(ScriptEngine.java:119)
	at com.kms.katalon.core.main.TestCaseExecutor.runScript(TestCaseExecutor.java:394)
	at com.kms.katalon.core.main.TestCaseExecutor.doExecute(TestCaseExecutor.java:385)
	at com.kms.katalon.core.main.TestCaseExecutor.processExecutionPhase(TestCaseExecutor.java:364)
	at com.kms.katalon.core.main.TestCaseExecutor.accessMainPhase(TestCaseExecutor.java:356)
	at com.kms.katalon.core.main.TestCaseExecutor.execute(TestCaseExecutor.java:251)
	at com.kms.katalon.core.main.TestSuiteExecutor.accessTestCaseMainPhase(TestSuiteExecutor.java:203)
	at com.kms.katalon.core.main.TestSuiteExecutor.accessTestSuiteMainPhase(TestSuiteExecutor.java:152)
	at com.kms.katalon.core.main.TestSuiteExecutor.execute(TestSuiteExecutor.java:95)
	at com.kms.katalon.core.main.TestCaseMain.startTestSuite(TestCaseMain.java:157)
	at com.kms.katalon.core.main.TestCaseMain$startTestSuite$0.call(Unknown Source)
	at TempTestSuite1613733203700.run(TempTestSuite1613733203700.groovy:39)
Caused by: org.openqa.selenium.WebDriverException: chrome not reachable
  (Session info: chrome=86.0.4240.75)
Build info: version: '3.141.59', revision: 'e82be7d358', time: '2018-11-14T08:25:53'
System info: host: 'OMTPGCN1132568L', ip: '192.168.1.1', os.name: 'Windows 10', os.arch: 'amd64', os.version: '10.0', java.version: '1.8.0_181'
Driver info: com.kms.katalon.selenium.driver.CChromeDriver
Capabilities {acceptInsecureCerts: false, browserName: chrome, browserVersion: 86.0.4240.75, chrome: {chromedriverVersion: 86.0.4240.22 (398b0743353ff..., userDataDir: C:\Users\ashok\AppData\Loca...}, goog:chromeOptions: {debuggerAddress: localhost:51974}, javascriptEnabled: true, networkConnectionEnabled: false, pageLoadStrategy: normal, platform: WINDOWS, platformName: WINDOWS, proxy: Proxy(), setWindowRect: true, strictFileInteractability: false, timeouts: {implicit: 0, pageLoad: 300000, script: 30000}, unhandledPromptBehavior: dismiss and notify, webauthn:virtualAuthenticators: true}
Session ID: 5aeb79259417ac6d7bdc901779a43442
	at org.openqa.selenium.remote.http.W3CHttpResponseCodec.createException(W3CHttpResponseCodec.java:187)
	at org.openqa.selenium.remote.http.W3CHttpResponseCodec.decode(W3CHttpResponseCodec.java:122)
	at org.openqa.selenium.remote.http.W3CHttpResponseCodec.decode(W3CHttpResponseCodec.java:49)
	at org.openqa.selenium.remote.HttpCommandExecutor.execute(HttpCommandExecutor.java:158)
	at org.openqa.selenium.remote.service.DriverCommandExecutor.execute(DriverCommandExecutor.java:83)
	at org.openqa.selenium.remote.RemoteWebDriver.execute(RemoteWebDriver.java:552)
	at com.kms.katalon.selenium.driver.CChromeDriver.execute(CChromeDriver.java:19)
	at org.openqa.selenium.remote.RemoteWebDriver.executeScript(RemoteWebDriver.java:489)
	at org.openqa.selenium.support.events.EventFiringWebDriver.lambda$new$1(EventFiringWebDriver.java:105)
	at com.sun.proxy.$Proxy11.executeScript(Unknown Source)
	at org.openqa.selenium.support.events.EventFiringWebDriver.executeScript(EventFiringWebDriver.java:229)
	at com.kms.katalon.core.webui.keyword.builtin.WaitForPageLoadKeyword$1.apply(WaitForPageLoadKeyword.groovy:80)
	at com.kms.katalon.core.webui.keyword.builtin.WaitForPageLoadKeyword$1.apply(WaitForPageLoadKeyword.groovy)
	at org.openqa.selenium.support.ui.FluentWait.until(FluentWait.java:249)
	at org.openqa.selenium.support.ui.Wait$until.call(Unknown Source)
	at com.kms.katalon.core.webui.keyword.builtin.WaitForPageLoadKeyword$_waitForPageLoad_closure1.doCall(WaitForPageLoadKeyword.groovy:76)
	at com.kms.katalon.core.webui.keyword.builtin.WaitForPageLoadKeyword$_waitForPageLoad_closure1.doCall(WaitForPageLoadKeyword.groovy)
	at com.kms.katalon.core.webui.keyword.internal.WebUIKeywordMain.runKeyword(WebUIKeywordMain.groovy:20)
	... 24 more]]></system-err>
      </testcase>
      <testcase name="Test Cases/UploadDiffFiles_PublicUser/TC_As a public user, Upload MS Works File" time="22.125" classname="Test Cases/UploadDiffFiles_PublicUser/TC_As a public user, Upload MS Works File" status="PASSED">
         <system-out><![CDATA[2021-02-19 16:59:18 - [TEST_CASE][PASSED] - Test Cases/UploadDiffFiles_PublicUser/TC_As a public user, Upload MS Works File: Test Cases/UploadDiffFiles_PublicUser/TC_As a public user, Upload MS Works File

2021-02-19 16:59:18 - [TEST_STEP][PASSED] - excelTestData = findTestData("Data Files/TestData/InspectTestData"): null

2021-02-19 16:59:18 - [TEST_STEP][PASSED] - userEmail = excelTestData.getValue(2, 23): null

2021-02-19 16:59:18 - [TEST_STEP][PASSED] - customKeywords.commanFunctions.uploadFileOfPublicUser(362, userEmail): customKeywords.commanFunctions.uploadFileOfPublicUser is PASSED

2021-02-19 16:59:19 - [MESSAGE][INFO] - Starting 'Chrome' driver

2021-02-19 16:59:19 - [MESSAGE][INFO] - Action delay is set to 0 milliseconds

2021-02-19 16:59:28 - [MESSAGE][PASSED] - Browser is opened with url: 'https://Inspect.Stage.site.sa'

2021-02-19 16:59:30 - [MESSAGE][PASSED] - Current window maximized

2021-02-19 16:59:30 - [MESSAGE][PASSED] - Wait for page load successfully

2021-02-19 16:59:31 - [MESSAGE][PASSED] - Object: 'Object Repository/HomePage/ChooseAFile' is clicked on

2021-02-19 16:59:33 - [MESSAGE][PASSED] - Delayed 2 second(s)

2021-02-19 16:59:35 - [MESSAGE][INFO] - Image Uploaded Sucsessfully

2021-02-19 16:59:37 - [MESSAGE][PASSED] - Delayed 2 second(s)

2021-02-19 16:59:37 - [MESSAGE][PASSED] - Text 'MS Works' is present on page 

2021-02-19 16:59:37 - [MESSAGE][PASSED] - Keys 'Os-ARahman@projects.site.sa' sent to object: 'Object Repository/PublicUserHomePage/email_Input'

2021-02-19 16:59:38 - [MESSAGE][PASSED] - Object: 'Object Repository/PublicUserHomePage/SiteInspectTermsOfUse_CheckBox' is clicked on

2021-02-19 16:59:38 - [MESSAGE][PASSED] - Object: 'Object Repository/HomePage/startAnalysis_EnableBtn' is clicked on

2021-02-19 16:59:40 - [MESSAGE][PASSED] - Text 'Your submission was successful
The analysis results will be delivered to you via email' is present on page 

2021-02-19 16:59:40 - [MESSAGE][PASSED] - customKeywords.commanFunctions.uploadFileOfPublicUser is PASSED

2021-02-19 16:59:40 - [TEST_STEP][PASSED] - customKeywords.commanFunctions.onlyCloseBrowser(): customKeywords.commanFunctions.onlyCloseBrowser is PASSED

2021-02-19 16:59:40 - [MESSAGE][PASSED] - Browser is closed

2021-02-19 16:59:40 - [MESSAGE][PASSED] - customKeywords.commanFunctions.onlyCloseBrowser is PASSED]]></system-out>
         <system-err><![CDATA[]]></system-err>
      </testcase>
      <testcase name="Test Cases/UploadDiffFiles_PublicUser/TC_As a public user, Upload Multimedia File" time="22.795" classname="Test Cases/UploadDiffFiles_PublicUser/TC_As a public user, Upload Multimedia File" status="PASSED">
         <system-out><![CDATA[2021-02-19 16:59:40 - [TEST_CASE][PASSED] - Test Cases/UploadDiffFiles_PublicUser/TC_As a public user, Upload Multimedia File: Test Cases/UploadDiffFiles_PublicUser/TC_As a public user, Upload Multimedia File

2021-02-19 16:59:41 - [TEST_STEP][PASSED] - excelTestData = findTestData("Data Files/TestData/InspectTestData"): null

2021-02-19 16:59:41 - [TEST_STEP][PASSED] - userEmail = excelTestData.getValue(2, 23): null

2021-02-19 16:59:41 - [TEST_STEP][PASSED] - customKeywords.commanFunctions.uploadFileOfPublicUser(244, userEmail): customKeywords.commanFunctions.uploadFileOfPublicUser is PASSED

2021-02-19 16:59:41 - [MESSAGE][INFO] - Starting 'Chrome' driver

2021-02-19 16:59:41 - [MESSAGE][INFO] - Action delay is set to 0 milliseconds

2021-02-19 16:59:50 - [MESSAGE][PASSED] - Browser is opened with url: 'https://Inspect.Stage.site.sa'

2021-02-19 16:59:52 - [MESSAGE][PASSED] - Current window maximized

2021-02-19 16:59:52 - [MESSAGE][PASSED] - Wait for page load successfully

2021-02-19 16:59:53 - [MESSAGE][PASSED] - Object: 'Object Repository/HomePage/ChooseAFile' is clicked on

2021-02-19 16:59:55 - [MESSAGE][PASSED] - Delayed 2 second(s)

2021-02-19 16:59:57 - [MESSAGE][INFO] - Image Uploaded Sucsessfully

2021-02-19 16:59:59 - [MESSAGE][PASSED] - Delayed 2 second(s)

2021-02-19 16:59:59 - [MESSAGE][PASSED] - Text 'Multimedia' is present on page 

2021-02-19 17:00:00 - [MESSAGE][PASSED] - Keys 'Os-ARahman@projects.site.sa' sent to object: 'Object Repository/PublicUserHomePage/email_Input'

2021-02-19 17:00:00 - [MESSAGE][PASSED] - Object: 'Object Repository/PublicUserHomePage/SiteInspectTermsOfUse_CheckBox' is clicked on

2021-02-19 17:00:01 - [MESSAGE][PASSED] - Object: 'Object Repository/HomePage/startAnalysis_EnableBtn' is clicked on

2021-02-19 17:00:02 - [MESSAGE][PASSED] - Text 'Your submission was successful
The analysis results will be delivered to you via email' is present on page 

2021-02-19 17:00:02 - [MESSAGE][PASSED] - customKeywords.commanFunctions.uploadFileOfPublicUser is PASSED

2021-02-19 17:00:02 - [TEST_STEP][PASSED] - customKeywords.commanFunctions.onlyCloseBrowser(): customKeywords.commanFunctions.onlyCloseBrowser is PASSED

2021-02-19 17:00:03 - [MESSAGE][PASSED] - Browser is closed

2021-02-19 17:00:03 - [MESSAGE][PASSED] - customKeywords.commanFunctions.onlyCloseBrowser is PASSED]]></system-out>
         <system-err><![CDATA[]]></system-err>
      </testcase>
      <testcase name="Test Cases/UploadDiffFiles_PublicUser/TC_As a public user, Upload PaintShop Pro File" time="25.165" classname="Test Cases/UploadDiffFiles_PublicUser/TC_As a public user, Upload PaintShop Pro File" status="PASSED">
         <system-out><![CDATA[2021-02-19 17:00:03 - [TEST_CASE][PASSED] - Test Cases/UploadDiffFiles_PublicUser/TC_As a public user, Upload PaintShop Pro File: Test Cases/UploadDiffFiles_PublicUser/TC_As a public user, Upload PaintShop Pro File

2021-02-19 17:00:03 - [TEST_STEP][PASSED] - excelTestData = findTestData("Data Files/TestData/InspectTestData"): null

2021-02-19 17:00:03 - [TEST_STEP][PASSED] - userEmail = excelTestData.getValue(2, 23): null

2021-02-19 17:00:03 - [TEST_STEP][PASSED] - customKeywords.commanFunctions.uploadFileOfPublicUser(350, userEmail): customKeywords.commanFunctions.uploadFileOfPublicUser is PASSED

2021-02-19 17:00:04 - [MESSAGE][INFO] - Starting 'Chrome' driver

2021-02-19 17:00:04 - [MESSAGE][INFO] - Action delay is set to 0 milliseconds

2021-02-19 17:00:15 - [MESSAGE][PASSED] - Browser is opened with url: 'https://Inspect.Stage.site.sa'

2021-02-19 17:00:18 - [MESSAGE][PASSED] - Current window maximized

2021-02-19 17:00:18 - [MESSAGE][PASSED] - Wait for page load successfully

2021-02-19 17:00:18 - [MESSAGE][PASSED] - Object: 'Object Repository/HomePage/ChooseAFile' is clicked on

2021-02-19 17:00:20 - [MESSAGE][PASSED] - Delayed 2 second(s)

2021-02-19 17:00:22 - [MESSAGE][INFO] - Image Uploaded Sucsessfully

2021-02-19 17:00:24 - [MESSAGE][PASSED] - Delayed 2 second(s)

2021-02-19 17:00:24 - [MESSAGE][PASSED] - Text 'PaintShop Pro' is present on page 

2021-02-19 17:00:25 - [MESSAGE][PASSED] - Keys 'Os-ARahman@projects.site.sa' sent to object: 'Object Repository/PublicUserHomePage/email_Input'

2021-02-19 17:00:25 - [MESSAGE][PASSED] - Object: 'Object Repository/PublicUserHomePage/SiteInspectTermsOfUse_CheckBox' is clicked on

2021-02-19 17:00:26 - [MESSAGE][PASSED] - Object: 'Object Repository/HomePage/startAnalysis_EnableBtn' is clicked on

2021-02-19 17:00:28 - [MESSAGE][PASSED] - Text 'Your submission was successful
The analysis results will be delivered to you via email' is present on page 

2021-02-19 17:00:28 - [MESSAGE][PASSED] - customKeywords.commanFunctions.uploadFileOfPublicUser is PASSED

2021-02-19 17:00:28 - [TEST_STEP][PASSED] - customKeywords.commanFunctions.onlyCloseBrowser(): customKeywords.commanFunctions.onlyCloseBrowser is PASSED

2021-02-19 17:00:28 - [MESSAGE][PASSED] - Browser is closed

2021-02-19 17:00:28 - [MESSAGE][PASSED] - customKeywords.commanFunctions.onlyCloseBrowser is PASSED]]></system-out>
         <system-err><![CDATA[]]></system-err>
      </testcase>
      <testcase name="Test Cases/UploadDiffFiles_PublicUser/TC_As a public user, Upload PC batch file File" time="24.399" classname="Test Cases/UploadDiffFiles_PublicUser/TC_As a public user, Upload PC batch file File" status="PASSED">
         <system-out><![CDATA[2021-02-19 17:00:28 - [TEST_CASE][PASSED] - Test Cases/UploadDiffFiles_PublicUser/TC_As a public user, Upload PC batch file File: Test Cases/UploadDiffFiles_PublicUser/TC_As a public user, Upload PC batch file File

2021-02-19 17:00:28 - [TEST_STEP][PASSED] - excelTestData = findTestData("Data Files/TestData/InspectTestData"): null

2021-02-19 17:00:28 - [TEST_STEP][PASSED] - userEmail = excelTestData.getValue(2, 23): null

2021-02-19 17:00:28 - [TEST_STEP][PASSED] - customKeywords.commanFunctions.uploadFileOfPublicUser(232, userEmail): customKeywords.commanFunctions.uploadFileOfPublicUser is PASSED

2021-02-19 17:00:29 - [MESSAGE][INFO] - Starting 'Chrome' driver

2021-02-19 17:00:29 - [MESSAGE][INFO] - Action delay is set to 0 milliseconds

2021-02-19 17:00:40 - [MESSAGE][PASSED] - Browser is opened with url: 'https://Inspect.Stage.site.sa'

2021-02-19 17:00:42 - [MESSAGE][PASSED] - Current window maximized

2021-02-19 17:00:42 - [MESSAGE][PASSED] - Wait for page load successfully

2021-02-19 17:00:42 - [MESSAGE][PASSED] - Object: 'Object Repository/HomePage/ChooseAFile' is clicked on

2021-02-19 17:00:44 - [MESSAGE][PASSED] - Delayed 2 second(s)

2021-02-19 17:00:46 - [MESSAGE][INFO] - Image Uploaded Sucsessfully

2021-02-19 17:00:48 - [MESSAGE][PASSED] - Delayed 2 second(s)

2021-02-19 17:00:49 - [MESSAGE][PASSED] - Text 'PC batch file' is present on page 

2021-02-19 17:00:49 - [MESSAGE][PASSED] - Keys 'Os-ARahman@projects.site.sa' sent to object: 'Object Repository/PublicUserHomePage/email_Input'

2021-02-19 17:00:50 - [MESSAGE][PASSED] - Object: 'Object Repository/PublicUserHomePage/SiteInspectTermsOfUse_CheckBox' is clicked on

2021-02-19 17:00:50 - [MESSAGE][PASSED] - Object: 'Object Repository/HomePage/startAnalysis_EnableBtn' is clicked on

2021-02-19 17:00:52 - [MESSAGE][PASSED] - Text 'Your submission was successful
The analysis results will be delivered to you via email' is present on page 

2021-02-19 17:00:52 - [MESSAGE][PASSED] - customKeywords.commanFunctions.uploadFileOfPublicUser is PASSED

2021-02-19 17:00:52 - [TEST_STEP][PASSED] - customKeywords.commanFunctions.onlyCloseBrowser(): customKeywords.commanFunctions.onlyCloseBrowser is PASSED

2021-02-19 17:00:53 - [MESSAGE][PASSED] - Browser is closed

2021-02-19 17:00:53 - [MESSAGE][PASSED] - customKeywords.commanFunctions.onlyCloseBrowser is PASSED]]></system-out>
         <system-err><![CDATA[]]></system-err>
      </testcase>
      <testcase name="Test Cases/UploadDiffFiles_PublicUser/TC_As a public user, Upload PC Zip Compressed Archive File" time="24.22" classname="Test Cases/UploadDiffFiles_PublicUser/TC_As a public user, Upload PC Zip Compressed Archive File" status="FAILED">
         <failure type="FAILED" message="Test Cases/UploadDiffFiles_PublicUser/TC_As a public user, Upload PC Zip Compressed Archive File FAILED.
Reason:
com.kms.katalon.core.exception.StepFailedException: Unable to verify text 'Your submission was successful
The analysis results will be delivered to you via email' is present 
	at com.kms.katalon.core.webui.keyword.internal.WebUIKeywordMain.stepFailed(WebUIKeywordMain.groovy:64)
	at com.kms.katalon.core.webui.keyword.internal.WebUIKeywordMain.runKeyword(WebUIKeywordMain.groovy:26)
	at com.kms.katalon.core.webui.keyword.builtin.VerifyTextPresentKeyword.verifyTextPresent(VerifyTextPresentKeyword.groovy:83)
	at com.kms.katalon.core.webui.keyword.builtin.VerifyTextPresentKeyword.execute(VerifyTextPresentKeyword.groovy:68)
	at com.kms.katalon.core.keyword.internal.KeywordExecutor.executeKeywordForPlatform(KeywordExecutor.groovy:73)
	at com.kms.katalon.core.webui.keyword.WebUiBuiltInKeywords.verifyTextPresent(WebUiBuiltInKeywords.groovy:1720)
	at com.kms.katalon.core.webui.keyword.WebUiBuiltInKeywords$verifyTextPresent$3.call(Unknown Source)
	at customKeywords.commanFunctions.uploadFileOfPublicUser(commanFunctions.groovy:668)
	at customKeywords.commanFunctions.invokeMethod(commanFunctions.groovy)
	at com.kms.katalon.core.main.CustomKeywordDelegatingMetaClass.invokeStaticMethod(CustomKeywordDelegatingMetaClass.java:50)
	at TC_As a public user, Upload PC Zip Compressed Archive File.run(TC_As a public user, Upload PC Zip Compressed Archive File:14)
	at com.kms.katalon.core.main.ScriptEngine.run(ScriptEngine.java:194)
	at com.kms.katalon.core.main.ScriptEngine.runScriptAsRawText(ScriptEngine.java:119)
	at com.kms.katalon.core.main.TestCaseExecutor.runScript(TestCaseExecutor.java:394)
	at com.kms.katalon.core.main.TestCaseExecutor.doExecute(TestCaseExecutor.java:385)
	at com.kms.katalon.core.main.TestCaseExecutor.processExecutionPhase(TestCaseExecutor.java:364)
	at com.kms.katalon.core.main.TestCaseExecutor.accessMainPhase(TestCaseExecutor.java:356)
	at com.kms.katalon.core.main.TestCaseExecutor.execute(TestCaseExecutor.java:251)
	at com.kms.katalon.core.main.TestSuiteExecutor.accessTestCaseMainPhase(TestSuiteExecutor.java:203)
	at com.kms.katalon.core.main.TestSuiteExecutor.accessTestSuiteMainPhase(TestSuiteExecutor.java:152)
	at com.kms.katalon.core.main.TestSuiteExecutor.execute(TestSuiteExecutor.java:95)
	at com.kms.katalon.core.main.TestCaseMain.startTestSuite(TestCaseMain.java:157)
	at com.kms.katalon.core.main.TestCaseMain$startTestSuite$0.call(Unknown Source)
	at TempTestSuite1613733203700.run(TempTestSuite1613733203700.groovy:39)
Caused by: com.kms.katalon.core.exception.StepFailedException: Text 'Your submission was successful
The analysis results will be delivered to you via email' is not present on page 
	at com.kms.katalon.core.webui.keyword.internal.WebUIKeywordMain.stepFailed(WebUIKeywordMain.groovy:64)
	at com.kms.katalon.core.webui.keyword.builtin.VerifyTextPresentKeyword$_verifyTextPresent_closure1.doCall(VerifyTextPresentKeyword.groovy:79)
	at com.kms.katalon.core.webui.keyword.builtin.VerifyTextPresentKeyword$_verifyTextPresent_closure1.call(VerifyTextPresentKeyword.groovy)
	at com.kms.katalon.core.webui.keyword.internal.WebUIKeywordMain.runKeyword(WebUIKeywordMain.groovy:20)
	... 22 more
"/>
         <system-out><![CDATA[2021-02-19 17:00:53 - [TEST_CASE][FAILED] - Test Cases/UploadDiffFiles_PublicUser/TC_As a public user, Upload PC Zip Compressed Archive File: Test Cases/UploadDiffFiles_PublicUser/TC_As a public user, Upload PC Zip Compressed Archive File FAILED.
Reason:
com.kms.katalon.core.exception.StepFailedException: Unable to verify text 'Your submission was successful
The analysis results will be delivered to you via email' is present 
	at com.kms.katalon.core.webui.keyword.internal.WebUIKeywordMain.stepFailed(WebUIKeywordMain.groovy:64)
	at com.kms.katalon.core.webui.keyword.internal.WebUIKeywordMain.runKeyword(WebUIKeywordMain.groovy:26)
	at com.kms.katalon.core.webui.keyword.builtin.VerifyTextPresentKeyword.verifyTextPresent(VerifyTextPresentKeyword.groovy:83)
	at com.kms.katalon.core.webui.keyword.builtin.VerifyTextPresentKeyword.execute(VerifyTextPresentKeyword.groovy:68)
	at com.kms.katalon.core.keyword.internal.KeywordExecutor.executeKeywordForPlatform(KeywordExecutor.groovy:73)
	at com.kms.katalon.core.webui.keyword.WebUiBuiltInKeywords.verifyTextPresent(WebUiBuiltInKeywords.groovy:1720)
	at com.kms.katalon.core.webui.keyword.WebUiBuiltInKeywords$verifyTextPresent$3.call(Unknown Source)
	at customKeywords.commanFunctions.uploadFileOfPublicUser(commanFunctions.groovy:668)
	at customKeywords.commanFunctions.invokeMethod(commanFunctions.groovy)
	at com.kms.katalon.core.main.CustomKeywordDelegatingMetaClass.invokeStaticMethod(CustomKeywordDelegatingMetaClass.java:50)
	at TC_As a public user, Upload PC Zip Compressed Archive File.run(TC_As a public user, Upload PC Zip Compressed Archive File:14)
	at com.kms.katalon.core.main.ScriptEngine.run(ScriptEngine.java:194)
	at com.kms.katalon.core.main.ScriptEngine.runScriptAsRawText(ScriptEngine.java:119)
	at com.kms.katalon.core.main.TestCaseExecutor.runScript(TestCaseExecutor.java:394)
	at com.kms.katalon.core.main.TestCaseExecutor.doExecute(TestCaseExecutor.java:385)
	at com.kms.katalon.core.main.TestCaseExecutor.processExecutionPhase(TestCaseExecutor.java:364)
	at com.kms.katalon.core.main.TestCaseExecutor.accessMainPhase(TestCaseExecutor.java:356)
	at com.kms.katalon.core.main.TestCaseExecutor.execute(TestCaseExecutor.java:251)
	at com.kms.katalon.core.main.TestSuiteExecutor.accessTestCaseMainPhase(TestSuiteExecutor.java:203)
	at com.kms.katalon.core.main.TestSuiteExecutor.accessTestSuiteMainPhase(TestSuiteExecutor.java:152)
	at com.kms.katalon.core.main.TestSuiteExecutor.execute(TestSuiteExecutor.java:95)
	at com.kms.katalon.core.main.TestCaseMain.startTestSuite(TestCaseMain.java:157)
	at com.kms.katalon.core.main.TestCaseMain$startTestSuite$0.call(Unknown Source)
	at TempTestSuite1613733203700.run(TempTestSuite1613733203700.groovy:39)
Caused by: com.kms.katalon.core.exception.StepFailedException: Text 'Your submission was successful
The analysis results will be delivered to you via email' is not present on page 
	at com.kms.katalon.core.webui.keyword.internal.WebUIKeywordMain.stepFailed(WebUIKeywordMain.groovy:64)
	at com.kms.katalon.core.webui.keyword.builtin.VerifyTextPresentKeyword$_verifyTextPresent_closure1.doCall(VerifyTextPresentKeyword.groovy:79)
	at com.kms.katalon.core.webui.keyword.builtin.VerifyTextPresentKeyword$_verifyTextPresent_closure1.call(VerifyTextPresentKeyword.groovy)
	at com.kms.katalon.core.webui.keyword.internal.WebUIKeywordMain.runKeyword(WebUIKeywordMain.groovy:20)
	... 22 more


2021-02-19 17:00:53 - [TEST_STEP][PASSED] - excelTestData = findTestData("Data Files/TestData/InspectTestData"): null

2021-02-19 17:00:53 - [TEST_STEP][PASSED] - userEmail = excelTestData.getValue(2, 23): null

2021-02-19 17:00:53 - [TEST_STEP][FAILED] - customKeywords.commanFunctions.uploadFileOfPublicUser(366, userEmail): Unable to verify text 'Your submission was successful
The analysis results will be delivered to you via email' is present 

2021-02-19 17:00:53 - [MESSAGE][INFO] - Starting 'Chrome' driver

2021-02-19 17:00:53 - [MESSAGE][INFO] - Action delay is set to 0 milliseconds

2021-02-19 17:01:04 - [MESSAGE][PASSED] - Browser is opened with url: 'https://Inspect.Stage.site.sa'

2021-02-19 17:01:06 - [MESSAGE][PASSED] - Current window maximized

2021-02-19 17:01:06 - [MESSAGE][PASSED] - Wait for page load successfully

2021-02-19 17:01:06 - [MESSAGE][PASSED] - Object: 'Object Repository/HomePage/ChooseAFile' is clicked on

2021-02-19 17:01:08 - [MESSAGE][PASSED] - Delayed 2 second(s)

2021-02-19 17:01:10 - [MESSAGE][INFO] - Image Uploaded Sucsessfully

2021-02-19 17:01:12 - [MESSAGE][PASSED] - Delayed 2 second(s)

2021-02-19 17:01:13 - [MESSAGE][PASSED] - Text 'PC Zip Compressed Archive' is present on page 

2021-02-19 17:01:13 - [MESSAGE][PASSED] - Keys 'Os-ARahman@projects.site.sa' sent to object: 'Object Repository/PublicUserHomePage/email_Input'

2021-02-19 17:01:14 - [MESSAGE][PASSED] - Object: 'Object Repository/PublicUserHomePage/SiteInspectTermsOfUse_CheckBox' is clicked on

2021-02-19 17:01:14 - [MESSAGE][PASSED] - Object: 'Object Repository/HomePage/startAnalysis_EnableBtn' is clicked on

2021-02-19 17:01:16 - [MESSAGE][FAILED] - Text 'Your submission was successful
The analysis results will be delivered to you via email' is not present on page  (Root cause: com.kms.katalon.core.exception.StepFailedException: Text 'Your submission was successful
The analysis results will be delivered to you via email' is not present on page 
	at com.kms.katalon.core.webui.keyword.internal.WebUIKeywordMain.stepFailed(WebUIKeywordMain.groovy:64)
	at com.kms.katalon.core.webui.keyword.builtin.VerifyTextPresentKeyword$_verifyTextPresent_closure1.doCall(VerifyTextPresentKeyword.groovy:79)
	at com.kms.katalon.core.webui.keyword.builtin.VerifyTextPresentKeyword$_verifyTextPresent_closure1.call(VerifyTextPresentKeyword.groovy)
	at com.kms.katalon.core.webui.keyword.internal.WebUIKeywordMain.runKeyword(WebUIKeywordMain.groovy:20)
	at com.kms.katalon.core.webui.keyword.builtin.VerifyTextPresentKeyword.verifyTextPresent(VerifyTextPresentKeyword.groovy:83)
	at com.kms.katalon.core.webui.keyword.builtin.VerifyTextPresentKeyword.execute(VerifyTextPresentKeyword.groovy:68)
	at com.kms.katalon.core.keyword.internal.KeywordExecutor.executeKeywordForPlatform(KeywordExecutor.groovy:73)
	at com.kms.katalon.core.webui.keyword.WebUiBuiltInKeywords.verifyTextPresent(WebUiBuiltInKeywords.groovy:1720)
	at com.kms.katalon.core.webui.keyword.WebUiBuiltInKeywords$verifyTextPresent$3.call(Unknown Source)
	at customKeywords.commanFunctions.uploadFileOfPublicUser(commanFunctions.groovy:668)
	at customKeywords.commanFunctions.invokeMethod(commanFunctions.groovy)
	at com.kms.katalon.core.main.CustomKeywordDelegatingMetaClass.invokeStaticMethod(CustomKeywordDelegatingMetaClass.java:50)
	at TC_As a public user, Upload PC Zip Compressed Archive File.run(TC_As a public user, Upload PC Zip Compressed Archive File:14)
	at com.kms.katalon.core.main.ScriptEngine.run(ScriptEngine.java:194)
	at com.kms.katalon.core.main.ScriptEngine.runScriptAsRawText(ScriptEngine.java:119)
	at com.kms.katalon.core.main.TestCaseExecutor.runScript(TestCaseExecutor.java:394)
	at com.kms.katalon.core.main.TestCaseExecutor.doExecute(TestCaseExecutor.java:385)
	at com.kms.katalon.core.main.TestCaseExecutor.processExecutionPhase(TestCaseExecutor.java:364)
	at com.kms.katalon.core.main.TestCaseExecutor.accessMainPhase(TestCaseExecutor.java:356)
	at com.kms.katalon.core.main.TestCaseExecutor.execute(TestCaseExecutor.java:251)
	at com.kms.katalon.core.main.TestSuiteExecutor.accessTestCaseMainPhase(TestSuiteExecutor.java:203)
	at com.kms.katalon.core.main.TestSuiteExecutor.accessTestSuiteMainPhase(TestSuiteExecutor.java:152)
	at com.kms.katalon.core.main.TestSuiteExecutor.execute(TestSuiteExecutor.java:95)
	at com.kms.katalon.core.main.TestCaseMain.startTestSuite(TestCaseMain.java:157)
	at com.kms.katalon.core.main.TestCaseMain$startTestSuite$0.call(Unknown Source)
	at TempTestSuite1613733203700.run(TempTestSuite1613733203700.groovy:39)
)

2021-02-19 17:01:16 - [MESSAGE][FAILED] - Unable to verify text 'Your submission was successful
The analysis results will be delivered to you via email' is present  (Root cause: com.kms.katalon.core.exception.StepFailedException: Unable to verify text 'Your submission was successful
The analysis results will be delivered to you via email' is present 
	at com.kms.katalon.core.webui.keyword.internal.WebUIKeywordMain.stepFailed(WebUIKeywordMain.groovy:64)
	at com.kms.katalon.core.webui.keyword.internal.WebUIKeywordMain.runKeyword(WebUIKeywordMain.groovy:26)
	at com.kms.katalon.core.webui.keyword.builtin.VerifyTextPresentKeyword.verifyTextPresent(VerifyTextPresentKeyword.groovy:83)
	at com.kms.katalon.core.webui.keyword.builtin.VerifyTextPresentKeyword.execute(VerifyTextPresentKeyword.groovy:68)
	at com.kms.katalon.core.keyword.internal.KeywordExecutor.executeKeywordForPlatform(KeywordExecutor.groovy:73)
	at com.kms.katalon.core.webui.keyword.WebUiBuiltInKeywords.verifyTextPresent(WebUiBuiltInKeywords.groovy:1720)
	at com.kms.katalon.core.webui.keyword.WebUiBuiltInKeywords$verifyTextPresent$3.call(Unknown Source)
	at customKeywords.commanFunctions.uploadFileOfPublicUser(commanFunctions.groovy:668)
	at customKeywords.commanFunctions.invokeMethod(commanFunctions.groovy)
	at com.kms.katalon.core.main.CustomKeywordDelegatingMetaClass.invokeStaticMethod(CustomKeywordDelegatingMetaClass.java:50)
	at TC_As a public user, Upload PC Zip Compressed Archive File.run(TC_As a public user, Upload PC Zip Compressed Archive File:14)
	at com.kms.katalon.core.main.ScriptEngine.run(ScriptEngine.java:194)
	at com.kms.katalon.core.main.ScriptEngine.runScriptAsRawText(ScriptEngine.java:119)
	at com.kms.katalon.core.main.TestCaseExecutor.runScript(TestCaseExecutor.java:394)
	at com.kms.katalon.core.main.TestCaseExecutor.doExecute(TestCaseExecutor.java:385)
	at com.kms.katalon.core.main.TestCaseExecutor.processExecutionPhase(TestCaseExecutor.java:364)
	at com.kms.katalon.core.main.TestCaseExecutor.accessMainPhase(TestCaseExecutor.java:356)
	at com.kms.katalon.core.main.TestCaseExecutor.execute(TestCaseExecutor.java:251)
	at com.kms.katalon.core.main.TestSuiteExecutor.accessTestCaseMainPhase(TestSuiteExecutor.java:203)
	at com.kms.katalon.core.main.TestSuiteExecutor.accessTestSuiteMainPhase(TestSuiteExecutor.java:152)
	at com.kms.katalon.core.main.TestSuiteExecutor.execute(TestSuiteExecutor.java:95)
	at com.kms.katalon.core.main.TestCaseMain.startTestSuite(TestCaseMain.java:157)
	at com.kms.katalon.core.main.TestCaseMain$startTestSuite$0.call(Unknown Source)
	at TempTestSuite1613733203700.run(TempTestSuite1613733203700.groovy:39)
Caused by: com.kms.katalon.core.exception.StepFailedException: Text 'Your submission was successful
The analysis results will be delivered to you via email' is not present on page 
	at com.kms.katalon.core.webui.keyword.internal.WebUIKeywordMain.stepFailed(WebUIKeywordMain.groovy:64)
	at com.kms.katalon.core.webui.keyword.builtin.VerifyTextPresentKeyword$_verifyTextPresent_closure1.doCall(VerifyTextPresentKeyword.groovy:79)
	at com.kms.katalon.core.webui.keyword.builtin.VerifyTextPresentKeyword$_verifyTextPresent_closure1.call(VerifyTextPresentKeyword.groovy)
	at com.kms.katalon.core.webui.keyword.internal.WebUIKeywordMain.runKeyword(WebUIKeywordMain.groovy:20)
	... 22 more
)
[[ATTACHMENT|E:\\Inspect\\15022021\\SiteInspectAutomation\\Reports\\20210219_164318\\Regression_Suite\\PublicUser_Suite\\PublicUser_UploadFiles\\20210219_164323\\1613734276345.png]]

2021-02-19 17:01:16 - [MESSAGE][FAILED] - Unable to verify text 'Your submission was successful
The analysis results will be delivered to you via email' is present 

2021-02-19 17:01:16 - [TEST_STEP][PASSED] - Start tear down : tearDownMethodIfFailed: Method 'tearDownMethodIfFailed' complete successfully

2021-02-19 17:01:16 - [TEST_STEP][PASSED] - customKeywords.commanFunctions.onlyCloseBrowser(): customKeywords.commanFunctions.onlyCloseBrowser is PASSED

2021-02-19 17:01:17 - [MESSAGE][PASSED] - Browser is closed

2021-02-19 17:01:17 - [MESSAGE][PASSED] - customKeywords.commanFunctions.onlyCloseBrowser is PASSED

2021-02-19 17:01:17 - [TEST_STEP][PASSED] - logInfo("[--------This is tearDownIfFailed method------]"): [--------This is tearDownIfFailed method------]

2021-02-19 17:01:17 - [MESSAGE][INFO] - [--------This is tearDownIfFailed method------]

2021-02-19 17:01:17 - [MESSAGE][PASSED] - Method 'tearDownMethodIfFailed' complete successfully]]></system-out>
         <system-err><![CDATA[2021-02-19 17:00:53 - [TEST_CASE][FAILED] - Test Cases/UploadDiffFiles_PublicUser/TC_As a public user, Upload PC Zip Compressed Archive File: Test Cases/UploadDiffFiles_PublicUser/TC_As a public user, Upload PC Zip Compressed Archive File FAILED.
Reason:
com.kms.katalon.core.exception.StepFailedException: Unable to verify text 'Your submission was successful
The analysis results will be delivered to you via email' is present 
	at com.kms.katalon.core.webui.keyword.internal.WebUIKeywordMain.stepFailed(WebUIKeywordMain.groovy:64)
	at com.kms.katalon.core.webui.keyword.internal.WebUIKeywordMain.runKeyword(WebUIKeywordMain.groovy:26)
	at com.kms.katalon.core.webui.keyword.builtin.VerifyTextPresentKeyword.verifyTextPresent(VerifyTextPresentKeyword.groovy:83)
	at com.kms.katalon.core.webui.keyword.builtin.VerifyTextPresentKeyword.execute(VerifyTextPresentKeyword.groovy:68)
	at com.kms.katalon.core.keyword.internal.KeywordExecutor.executeKeywordForPlatform(KeywordExecutor.groovy:73)
	at com.kms.katalon.core.webui.keyword.WebUiBuiltInKeywords.verifyTextPresent(WebUiBuiltInKeywords.groovy:1720)
	at com.kms.katalon.core.webui.keyword.WebUiBuiltInKeywords$verifyTextPresent$3.call(Unknown Source)
	at customKeywords.commanFunctions.uploadFileOfPublicUser(commanFunctions.groovy:668)
	at customKeywords.commanFunctions.invokeMethod(commanFunctions.groovy)
	at com.kms.katalon.core.main.CustomKeywordDelegatingMetaClass.invokeStaticMethod(CustomKeywordDelegatingMetaClass.java:50)
	at TC_As a public user, Upload PC Zip Compressed Archive File.run(TC_As a public user, Upload PC Zip Compressed Archive File:14)
	at com.kms.katalon.core.main.ScriptEngine.run(ScriptEngine.java:194)
	at com.kms.katalon.core.main.ScriptEngine.runScriptAsRawText(ScriptEngine.java:119)
	at com.kms.katalon.core.main.TestCaseExecutor.runScript(TestCaseExecutor.java:394)
	at com.kms.katalon.core.main.TestCaseExecutor.doExecute(TestCaseExecutor.java:385)
	at com.kms.katalon.core.main.TestCaseExecutor.processExecutionPhase(TestCaseExecutor.java:364)
	at com.kms.katalon.core.main.TestCaseExecutor.accessMainPhase(TestCaseExecutor.java:356)
	at com.kms.katalon.core.main.TestCaseExecutor.execute(TestCaseExecutor.java:251)
	at com.kms.katalon.core.main.TestSuiteExecutor.accessTestCaseMainPhase(TestSuiteExecutor.java:203)
	at com.kms.katalon.core.main.TestSuiteExecutor.accessTestSuiteMainPhase(TestSuiteExecutor.java:152)
	at com.kms.katalon.core.main.TestSuiteExecutor.execute(TestSuiteExecutor.java:95)
	at com.kms.katalon.core.main.TestCaseMain.startTestSuite(TestCaseMain.java:157)
	at com.kms.katalon.core.main.TestCaseMain$startTestSuite$0.call(Unknown Source)
	at TempTestSuite1613733203700.run(TempTestSuite1613733203700.groovy:39)
Caused by: com.kms.katalon.core.exception.StepFailedException: Text 'Your submission was successful
The analysis results will be delivered to you via email' is not present on page 
	at com.kms.katalon.core.webui.keyword.internal.WebUIKeywordMain.stepFailed(WebUIKeywordMain.groovy:64)
	at com.kms.katalon.core.webui.keyword.builtin.VerifyTextPresentKeyword$_verifyTextPresent_closure1.doCall(VerifyTextPresentKeyword.groovy:79)
	at com.kms.katalon.core.webui.keyword.builtin.VerifyTextPresentKeyword$_verifyTextPresent_closure1.call(VerifyTextPresentKeyword.groovy)
	at com.kms.katalon.core.webui.keyword.internal.WebUIKeywordMain.runKeyword(WebUIKeywordMain.groovy:20)
	... 22 more]]></system-err>
      </testcase>
      <testcase name="Test Cases/UploadDiffFiles_PublicUser/TC_As a public user, Upload PDF File" time="22.661" classname="Test Cases/UploadDiffFiles_PublicUser/TC_As a public user, Upload PDF File" status="PASSED">
         <system-out><![CDATA[2021-02-19 17:01:17 - [TEST_CASE][PASSED] - Test Cases/UploadDiffFiles_PublicUser/TC_As a public user, Upload PDF File: Test Cases/UploadDiffFiles_PublicUser/TC_As a public user, Upload PDF File

2021-02-19 17:01:17 - [TEST_STEP][PASSED] - excelTestData = findTestData("Data Files/TestData/InspectTestData"): null

2021-02-19 17:01:17 - [TEST_STEP][PASSED] - userEmail = excelTestData.getValue(2, 23): null

2021-02-19 17:01:17 - [TEST_STEP][PASSED] - customKeywords.commanFunctions.uploadFileOfPublicUser(188, userEmail): customKeywords.commanFunctions.uploadFileOfPublicUser is PASSED

2021-02-19 17:01:17 - [MESSAGE][INFO] - Starting 'Chrome' driver

2021-02-19 17:01:17 - [MESSAGE][INFO] - Action delay is set to 0 milliseconds

2021-02-19 17:01:27 - [MESSAGE][PASSED] - Browser is opened with url: 'https://Inspect.Stage.site.sa'

2021-02-19 17:01:29 - [MESSAGE][PASSED] - Current window maximized

2021-02-19 17:01:30 - [MESSAGE][PASSED] - Wait for page load successfully

2021-02-19 17:01:30 - [MESSAGE][PASSED] - Object: 'Object Repository/HomePage/ChooseAFile' is clicked on

2021-02-19 17:01:32 - [MESSAGE][PASSED] - Delayed 2 second(s)

2021-02-19 17:01:34 - [MESSAGE][INFO] - Image Uploaded Sucsessfully

2021-02-19 17:01:36 - [MESSAGE][PASSED] - Delayed 2 second(s)

2021-02-19 17:01:36 - [MESSAGE][PASSED] - Text 'SampleTestPDF' is present on page 

2021-02-19 17:01:37 - [MESSAGE][PASSED] - Keys 'Os-ARahman@projects.site.sa' sent to object: 'Object Repository/PublicUserHomePage/email_Input'

2021-02-19 17:01:37 - [MESSAGE][PASSED] - Object: 'Object Repository/PublicUserHomePage/SiteInspectTermsOfUse_CheckBox' is clicked on

2021-02-19 17:01:38 - [MESSAGE][PASSED] - Object: 'Object Repository/HomePage/startAnalysis_EnableBtn' is clicked on

2021-02-19 17:01:39 - [MESSAGE][PASSED] - Text 'Your submission was successful
The analysis results will be delivered to you via email' is present on page 

2021-02-19 17:01:39 - [MESSAGE][PASSED] - customKeywords.commanFunctions.uploadFileOfPublicUser is PASSED

2021-02-19 17:01:39 - [TEST_STEP][PASSED] - customKeywords.commanFunctions.onlyCloseBrowser(): customKeywords.commanFunctions.onlyCloseBrowser is PASSED

2021-02-19 17:01:40 - [MESSAGE][PASSED] - Browser is closed

2021-02-19 17:01:40 - [MESSAGE][PASSED] - customKeywords.commanFunctions.onlyCloseBrowser is PASSED]]></system-out>
         <system-err><![CDATA[]]></system-err>
      </testcase>
      <testcase name="Test Cases/UploadDiffFiles_PublicUser/TC_As a public user, Upload PNG File" time="23.247" classname="Test Cases/UploadDiffFiles_PublicUser/TC_As a public user, Upload PNG File" status="PASSED">
         <system-out><![CDATA[2021-02-19 17:01:40 - [TEST_CASE][PASSED] - Test Cases/UploadDiffFiles_PublicUser/TC_As a public user, Upload PNG File: Test Cases/UploadDiffFiles_PublicUser/TC_As a public user, Upload PNG File

2021-02-19 17:01:40 - [TEST_STEP][PASSED] - excelTestData = findTestData("Data Files/TestData/InspectTestData"): null

2021-02-19 17:01:40 - [TEST_STEP][PASSED] - userEmail = excelTestData.getValue(2, 23): null

2021-02-19 17:01:40 - [TEST_STEP][PASSED] - customKeywords.commanFunctions.uploadFileOfPublicUser(184, userEmail): customKeywords.commanFunctions.uploadFileOfPublicUser is PASSED

2021-02-19 17:01:40 - [MESSAGE][INFO] - Starting 'Chrome' driver

2021-02-19 17:01:40 - [MESSAGE][INFO] - Action delay is set to 0 milliseconds

2021-02-19 17:01:50 - [MESSAGE][PASSED] - Browser is opened with url: 'https://Inspect.Stage.site.sa'

2021-02-19 17:01:52 - [MESSAGE][PASSED] - Current window maximized

2021-02-19 17:01:52 - [MESSAGE][PASSED] - Wait for page load successfully

2021-02-19 17:01:53 - [MESSAGE][PASSED] - Object: 'Object Repository/HomePage/ChooseAFile' is clicked on

2021-02-19 17:01:55 - [MESSAGE][PASSED] - Delayed 2 second(s)

2021-02-19 17:01:57 - [MESSAGE][INFO] - Image Uploaded Sucsessfully

2021-02-19 17:01:59 - [MESSAGE][PASSED] - Delayed 2 second(s)

2021-02-19 17:01:59 - [MESSAGE][PASSED] - Text 'SamplePNGImage' is present on page 

2021-02-19 17:02:00 - [MESSAGE][PASSED] - Keys 'Os-ARahman@projects.site.sa' sent to object: 'Object Repository/PublicUserHomePage/email_Input'

2021-02-19 17:02:00 - [MESSAGE][PASSED] - Object: 'Object Repository/PublicUserHomePage/SiteInspectTermsOfUse_CheckBox' is clicked on

2021-02-19 17:02:01 - [MESSAGE][PASSED] - Object: 'Object Repository/HomePage/startAnalysis_EnableBtn' is clicked on

2021-02-19 17:02:02 - [MESSAGE][PASSED] - Text 'Your submission was successful
The analysis results will be delivered to you via email' is present on page 

2021-02-19 17:02:02 - [MESSAGE][PASSED] - customKeywords.commanFunctions.uploadFileOfPublicUser is PASSED

2021-02-19 17:02:02 - [TEST_STEP][PASSED] - customKeywords.commanFunctions.onlyCloseBrowser(): customKeywords.commanFunctions.onlyCloseBrowser is PASSED

2021-02-19 17:02:03 - [MESSAGE][PASSED] - Browser is closed

2021-02-19 17:02:03 - [MESSAGE][PASSED] - customKeywords.commanFunctions.onlyCloseBrowser is PASSED]]></system-out>
         <system-err><![CDATA[]]></system-err>
      </testcase>
      <testcase name="Test Cases/UploadDiffFiles_PublicUser/TC_As a public user, Upload PowerPoint File" time="22.868" classname="Test Cases/UploadDiffFiles_PublicUser/TC_As a public user, Upload PowerPoint File" status="PASSED">
         <system-out><![CDATA[2021-02-19 17:02:03 - [TEST_CASE][PASSED] - Test Cases/UploadDiffFiles_PublicUser/TC_As a public user, Upload PowerPoint File: Test Cases/UploadDiffFiles_PublicUser/TC_As a public user, Upload PowerPoint File

2021-02-19 17:02:03 - [TEST_STEP][PASSED] - excelTestData = findTestData("Data Files/TestData/InspectTestData"): null

2021-02-19 17:02:03 - [TEST_STEP][PASSED] - userEmail = excelTestData.getValue(2, 23): null

2021-02-19 17:02:03 - [TEST_STEP][PASSED] - customKeywords.commanFunctions.uploadFileOfPublicUser(168, userEmail): customKeywords.commanFunctions.uploadFileOfPublicUser is PASSED

2021-02-19 17:02:03 - [MESSAGE][INFO] - Starting 'Chrome' driver

2021-02-19 17:02:03 - [MESSAGE][INFO] - Action delay is set to 0 milliseconds

2021-02-19 17:02:13 - [MESSAGE][PASSED] - Browser is opened with url: 'https://Inspect.Stage.site.sa'

2021-02-19 17:02:15 - [MESSAGE][PASSED] - Current window maximized

2021-02-19 17:02:15 - [MESSAGE][PASSED] - Wait for page load successfully

2021-02-19 17:02:16 - [MESSAGE][PASSED] - Object: 'Object Repository/HomePage/ChooseAFile' is clicked on

2021-02-19 17:02:18 - [MESSAGE][PASSED] - Delayed 2 second(s)

2021-02-19 17:02:20 - [MESSAGE][INFO] - Image Uploaded Sucsessfully

2021-02-19 17:02:22 - [MESSAGE][PASSED] - Delayed 2 second(s)

2021-02-19 17:02:22 - [MESSAGE][PASSED] - Text 'POwerPoint' is present on page 

2021-02-19 17:02:22 - [MESSAGE][PASSED] - Keys 'Os-ARahman@projects.site.sa' sent to object: 'Object Repository/PublicUserHomePage/email_Input'

2021-02-19 17:02:23 - [MESSAGE][PASSED] - Object: 'Object Repository/PublicUserHomePage/SiteInspectTermsOfUse_CheckBox' is clicked on

2021-02-19 17:02:24 - [MESSAGE][PASSED] - Object: 'Object Repository/HomePage/startAnalysis_EnableBtn' is clicked on

2021-02-19 17:02:25 - [MESSAGE][PASSED] - Text 'Your submission was successful
The analysis results will be delivered to you via email' is present on page 

2021-02-19 17:02:25 - [MESSAGE][PASSED] - customKeywords.commanFunctions.uploadFileOfPublicUser is PASSED

2021-02-19 17:02:25 - [TEST_STEP][PASSED] - customKeywords.commanFunctions.onlyCloseBrowser(): customKeywords.commanFunctions.onlyCloseBrowser is PASSED

2021-02-19 17:02:26 - [MESSAGE][PASSED] - Browser is closed

2021-02-19 17:02:26 - [MESSAGE][PASSED] - customKeywords.commanFunctions.onlyCloseBrowser is PASSED]]></system-out>
         <system-err><![CDATA[]]></system-err>
      </testcase>
      <testcase name="Test Cases/UploadDiffFiles_PublicUser/TC_As a public user, Upload RealAudio File" time="22.97" classname="Test Cases/UploadDiffFiles_PublicUser/TC_As a public user, Upload RealAudio File" status="PASSED">
         <system-out><![CDATA[2021-02-19 17:02:26 - [TEST_CASE][PASSED] - Test Cases/UploadDiffFiles_PublicUser/TC_As a public user, Upload RealAudio File: Test Cases/UploadDiffFiles_PublicUser/TC_As a public user, Upload RealAudio File

2021-02-19 17:02:26 - [TEST_STEP][PASSED] - excelTestData = findTestData("Data Files/TestData/InspectTestData"): null

2021-02-19 17:02:26 - [TEST_STEP][PASSED] - userEmail = excelTestData.getValue(2, 23): null

2021-02-19 17:02:26 - [TEST_STEP][PASSED] - customKeywords.commanFunctions.uploadFileOfPublicUser(354, userEmail): customKeywords.commanFunctions.uploadFileOfPublicUser is PASSED

2021-02-19 17:02:26 - [MESSAGE][INFO] - Starting 'Chrome' driver

2021-02-19 17:02:26 - [MESSAGE][INFO] - Action delay is set to 0 milliseconds

2021-02-19 17:02:36 - [MESSAGE][PASSED] - Browser is opened with url: 'https://Inspect.Stage.site.sa'

2021-02-19 17:02:38 - [MESSAGE][PASSED] - Current window maximized

2021-02-19 17:02:38 - [MESSAGE][PASSED] - Wait for page load successfully

2021-02-19 17:02:38 - [MESSAGE][PASSED] - Object: 'Object Repository/HomePage/ChooseAFile' is clicked on

2021-02-19 17:02:40 - [MESSAGE][PASSED] - Delayed 2 second(s)

2021-02-19 17:02:42 - [MESSAGE][INFO] - Image Uploaded Sucsessfully

2021-02-19 17:02:44 - [MESSAGE][PASSED] - Delayed 2 second(s)

2021-02-19 17:02:45 - [MESSAGE][PASSED] - Text 'RealAudio' is present on page 

2021-02-19 17:02:45 - [MESSAGE][PASSED] - Keys 'Os-ARahman@projects.site.sa' sent to object: 'Object Repository/PublicUserHomePage/email_Input'

2021-02-19 17:02:46 - [MESSAGE][PASSED] - Object: 'Object Repository/PublicUserHomePage/SiteInspectTermsOfUse_CheckBox' is clicked on

2021-02-19 17:02:46 - [MESSAGE][PASSED] - Object: 'Object Repository/HomePage/startAnalysis_EnableBtn' is clicked on

2021-02-19 17:02:48 - [MESSAGE][PASSED] - Text 'Your submission was successful
The analysis results will be delivered to you via email' is present on page 

2021-02-19 17:02:48 - [MESSAGE][PASSED] - customKeywords.commanFunctions.uploadFileOfPublicUser is PASSED

2021-02-19 17:02:48 - [TEST_STEP][PASSED] - customKeywords.commanFunctions.onlyCloseBrowser(): customKeywords.commanFunctions.onlyCloseBrowser is PASSED

2021-02-19 17:02:49 - [MESSAGE][PASSED] - Browser is closed

2021-02-19 17:02:49 - [MESSAGE][PASSED] - customKeywords.commanFunctions.onlyCloseBrowser is PASSED]]></system-out>
         <system-err><![CDATA[]]></system-err>
      </testcase>
      <testcase name="Test Cases/UploadDiffFiles_PublicUser/TC_As a public user, Upload Txt File" time="22.39" classname="Test Cases/UploadDiffFiles_PublicUser/TC_As a public user, Upload Txt File" status="PASSED">
         <system-out><![CDATA[2021-02-19 17:02:49 - [TEST_CASE][PASSED] - Test Cases/UploadDiffFiles_PublicUser/TC_As a public user, Upload Txt File: Test Cases/UploadDiffFiles_PublicUser/TC_As a public user, Upload Txt File

2021-02-19 17:02:49 - [TEST_STEP][PASSED] - excelTestData = findTestData("Data Files/TestData/InspectTestData"): null

2021-02-19 17:02:49 - [TEST_STEP][PASSED] - userEmail = excelTestData.getValue(2, 23): null

2021-02-19 17:02:49 - [TEST_STEP][PASSED] - customKeywords.commanFunctions.uploadFileOfPublicUser(164, userEmail): customKeywords.commanFunctions.uploadFileOfPublicUser is PASSED

2021-02-19 17:02:49 - [MESSAGE][INFO] - Starting 'Chrome' driver

2021-02-19 17:02:49 - [MESSAGE][INFO] - Action delay is set to 0 milliseconds

2021-02-19 17:02:59 - [MESSAGE][PASSED] - Browser is opened with url: 'https://Inspect.Stage.site.sa'

2021-02-19 17:03:01 - [MESSAGE][PASSED] - Current window maximized

2021-02-19 17:03:01 - [MESSAGE][PASSED] - Wait for page load successfully

2021-02-19 17:03:01 - [MESSAGE][PASSED] - Object: 'Object Repository/HomePage/ChooseAFile' is clicked on

2021-02-19 17:03:03 - [MESSAGE][PASSED] - Delayed 2 second(s)

2021-02-19 17:03:05 - [MESSAGE][INFO] - Image Uploaded Sucsessfully

2021-02-19 17:03:07 - [MESSAGE][PASSED] - Delayed 2 second(s)

2021-02-19 17:03:08 - [MESSAGE][PASSED] - Text 'NotePad' is present on page 

2021-02-19 17:03:08 - [MESSAGE][PASSED] - Keys 'Os-ARahman@projects.site.sa' sent to object: 'Object Repository/PublicUserHomePage/email_Input'

2021-02-19 17:03:09 - [MESSAGE][PASSED] - Object: 'Object Repository/PublicUserHomePage/SiteInspectTermsOfUse_CheckBox' is clicked on

2021-02-19 17:03:09 - [MESSAGE][PASSED] - Object: 'Object Repository/HomePage/startAnalysis_EnableBtn' is clicked on

2021-02-19 17:03:10 - [MESSAGE][PASSED] - Text 'Your submission was successful
The analysis results will be delivered to you via email' is present on page 

2021-02-19 17:03:10 - [MESSAGE][PASSED] - customKeywords.commanFunctions.uploadFileOfPublicUser is PASSED

2021-02-19 17:03:10 - [TEST_STEP][PASSED] - customKeywords.commanFunctions.onlyCloseBrowser(): customKeywords.commanFunctions.onlyCloseBrowser is PASSED

2021-02-19 17:03:11 - [MESSAGE][PASSED] - Browser is closed

2021-02-19 17:03:11 - [MESSAGE][PASSED] - customKeywords.commanFunctions.onlyCloseBrowser is PASSED]]></system-out>
         <system-err><![CDATA[]]></system-err>
      </testcase>
      <testcase name="Test Cases/UploadDiffFiles_PublicUser/TC_As a public user, Upload Web page imagemap.map File" time="22.913" classname="Test Cases/UploadDiffFiles_PublicUser/TC_As a public user, Upload Web page imagemap.map File" status="PASSED">
         <system-out><![CDATA[2021-02-19 17:03:11 - [TEST_CASE][PASSED] - Test Cases/UploadDiffFiles_PublicUser/TC_As a public user, Upload Web page imagemap.map File: Test Cases/UploadDiffFiles_PublicUser/TC_As a public user, Upload Web page imagemap.map File

2021-02-19 17:03:11 - [TEST_STEP][PASSED] - excelTestData = findTestData("Data Files/TestData/InspectTestData"): null

2021-02-19 17:03:11 - [TEST_STEP][PASSED] - userEmail = excelTestData.getValue(2, 23): null

2021-02-19 17:03:11 - [TEST_STEP][PASSED] - customKeywords.commanFunctions.uploadFileOfPublicUser(338, userEmail): customKeywords.commanFunctions.uploadFileOfPublicUser is PASSED

2021-02-19 17:03:12 - [MESSAGE][INFO] - Starting 'Chrome' driver

2021-02-19 17:03:12 - [MESSAGE][INFO] - Action delay is set to 0 milliseconds

2021-02-19 17:03:21 - [MESSAGE][PASSED] - Browser is opened with url: 'https://Inspect.Stage.site.sa'

2021-02-19 17:03:23 - [MESSAGE][PASSED] - Current window maximized

2021-02-19 17:03:23 - [MESSAGE][PASSED] - Wait for page load successfully

2021-02-19 17:03:24 - [MESSAGE][PASSED] - Object: 'Object Repository/HomePage/ChooseAFile' is clicked on

2021-02-19 17:03:26 - [MESSAGE][PASSED] - Delayed 2 second(s)

2021-02-19 17:03:28 - [MESSAGE][INFO] - Image Uploaded Sucsessfully

2021-02-19 17:03:30 - [MESSAGE][PASSED] - Delayed 2 second(s)

2021-02-19 17:03:30 - [MESSAGE][PASSED] - Text 'Web page imagemap' is present on page 

2021-02-19 17:03:30 - [MESSAGE][PASSED] - Keys 'Os-ARahman@projects.site.sa' sent to object: 'Object Repository/PublicUserHomePage/email_Input'

2021-02-19 17:03:31 - [MESSAGE][PASSED] - Object: 'Object Repository/PublicUserHomePage/SiteInspectTermsOfUse_CheckBox' is clicked on

2021-02-19 17:03:31 - [MESSAGE][PASSED] - Object: 'Object Repository/HomePage/startAnalysis_EnableBtn' is clicked on

2021-02-19 17:03:33 - [MESSAGE][PASSED] - Text 'Your submission was successful
The analysis results will be delivered to you via email' is present on page 

2021-02-19 17:03:33 - [MESSAGE][PASSED] - customKeywords.commanFunctions.uploadFileOfPublicUser is PASSED

2021-02-19 17:03:33 - [TEST_STEP][PASSED] - customKeywords.commanFunctions.onlyCloseBrowser(): customKeywords.commanFunctions.onlyCloseBrowser is PASSED

2021-02-19 17:03:34 - [MESSAGE][PASSED] - Browser is closed

2021-02-19 17:03:34 - [MESSAGE][PASSED] - customKeywords.commanFunctions.onlyCloseBrowser is PASSED]]></system-out>
         <system-err><![CDATA[]]></system-err>
      </testcase>
      <testcase name="Test Cases/UploadDiffFiles_PublicUser/TC_As a public user, Upload Windows BitMap File" time="22.9" classname="Test Cases/UploadDiffFiles_PublicUser/TC_As a public user, Upload Windows BitMap File" status="PASSED">
         <system-out><![CDATA[2021-02-19 17:03:34 - [TEST_CASE][PASSED] - Test Cases/UploadDiffFiles_PublicUser/TC_As a public user, Upload Windows BitMap File: Test Cases/UploadDiffFiles_PublicUser/TC_As a public user, Upload Windows BitMap File

2021-02-19 17:03:34 - [TEST_STEP][PASSED] - excelTestData = findTestData("Data Files/TestData/InspectTestData"): null

2021-02-19 17:03:34 - [TEST_STEP][PASSED] - userEmail = excelTestData.getValue(2, 23): null

2021-02-19 17:03:34 - [TEST_STEP][PASSED] - customKeywords.commanFunctions.uploadFileOfPublicUser(236, userEmail): customKeywords.commanFunctions.uploadFileOfPublicUser is PASSED

2021-02-19 17:03:34 - [MESSAGE][INFO] - Starting 'Chrome' driver

2021-02-19 17:03:34 - [MESSAGE][INFO] - Action delay is set to 0 milliseconds

2021-02-19 17:03:44 - [MESSAGE][PASSED] - Browser is opened with url: 'https://Inspect.Stage.site.sa'

2021-02-19 17:03:46 - [MESSAGE][PASSED] - Current window maximized

2021-02-19 17:03:46 - [MESSAGE][PASSED] - Wait for page load successfully

2021-02-19 17:03:47 - [MESSAGE][PASSED] - Object: 'Object Repository/HomePage/ChooseAFile' is clicked on

2021-02-19 17:03:49 - [MESSAGE][PASSED] - Delayed 2 second(s)

2021-02-19 17:03:51 - [MESSAGE][INFO] - Image Uploaded Sucsessfully

2021-02-19 17:03:53 - [MESSAGE][PASSED] - Delayed 2 second(s)

2021-02-19 17:03:53 - [MESSAGE][PASSED] - Text 'Windows BitMap.bmp' is present on page 

2021-02-19 17:03:53 - [MESSAGE][PASSED] - Keys 'Os-ARahman@projects.site.sa' sent to object: 'Object Repository/PublicUserHomePage/email_Input'

2021-02-19 17:03:54 - [MESSAGE][PASSED] - Object: 'Object Repository/PublicUserHomePage/SiteInspectTermsOfUse_CheckBox' is clicked on

2021-02-19 17:03:54 - [MESSAGE][PASSED] - Object: 'Object Repository/HomePage/startAnalysis_EnableBtn' is clicked on

2021-02-19 17:03:56 - [MESSAGE][PASSED] - Text 'Your submission was successful
The analysis results will be delivered to you via email' is present on page 

2021-02-19 17:03:56 - [MESSAGE][PASSED] - customKeywords.commanFunctions.uploadFileOfPublicUser is PASSED

2021-02-19 17:03:56 - [TEST_STEP][PASSED] - customKeywords.commanFunctions.onlyCloseBrowser(): customKeywords.commanFunctions.onlyCloseBrowser is PASSED

2021-02-19 17:03:57 - [MESSAGE][PASSED] - Browser is closed

2021-02-19 17:03:57 - [MESSAGE][PASSED] - customKeywords.commanFunctions.onlyCloseBrowser is PASSED]]></system-out>
         <system-err><![CDATA[]]></system-err>
      </testcase>
      <testcase name="Test Cases/UploadDiffFiles_PublicUser/TC_As a public user, Upload Windows sound File" time="22.772" classname="Test Cases/UploadDiffFiles_PublicUser/TC_As a public user, Upload Windows sound File" status="PASSED">
         <system-out><![CDATA[2021-02-19 17:03:57 - [TEST_CASE][PASSED] - Test Cases/UploadDiffFiles_PublicUser/TC_As a public user, Upload Windows sound File: Test Cases/UploadDiffFiles_PublicUser/TC_As a public user, Upload Windows sound File

2021-02-19 17:03:57 - [TEST_STEP][PASSED] - excelTestData = findTestData("Data Files/TestData/InspectTestData"): null

2021-02-19 17:03:57 - [TEST_STEP][PASSED] - userEmail = excelTestData.getValue(2, 23): null

2021-02-19 17:03:57 - [TEST_STEP][PASSED] - customKeywords.commanFunctions.uploadFileOfPublicUser(358, userEmail): customKeywords.commanFunctions.uploadFileOfPublicUser is PASSED

2021-02-19 17:03:57 - [MESSAGE][INFO] - Starting 'Chrome' driver

2021-02-19 17:03:57 - [MESSAGE][INFO] - Action delay is set to 0 milliseconds

2021-02-19 17:04:07 - [MESSAGE][PASSED] - Browser is opened with url: 'https://Inspect.Stage.site.sa'

2021-02-19 17:04:10 - [MESSAGE][PASSED] - Current window maximized

2021-02-19 17:04:10 - [MESSAGE][PASSED] - Wait for page load successfully

2021-02-19 17:04:10 - [MESSAGE][PASSED] - Object: 'Object Repository/HomePage/ChooseAFile' is clicked on

2021-02-19 17:04:12 - [MESSAGE][PASSED] - Delayed 2 second(s)

2021-02-19 17:04:14 - [MESSAGE][INFO] - Image Uploaded Sucsessfully

2021-02-19 17:04:16 - [MESSAGE][PASSED] - Delayed 2 second(s)

2021-02-19 17:04:16 - [MESSAGE][PASSED] - Text 'Windows sound' is present on page 

2021-02-19 17:04:17 - [MESSAGE][PASSED] - Keys 'Os-ARahman@projects.site.sa' sent to object: 'Object Repository/PublicUserHomePage/email_Input'

2021-02-19 17:04:17 - [MESSAGE][PASSED] - Object: 'Object Repository/PublicUserHomePage/SiteInspectTermsOfUse_CheckBox' is clicked on

2021-02-19 17:04:18 - [MESSAGE][PASSED] - Object: 'Object Repository/HomePage/startAnalysis_EnableBtn' is clicked on

2021-02-19 17:04:19 - [MESSAGE][PASSED] - Text 'Your submission was successful
The analysis results will be delivered to you via email' is present on page 

2021-02-19 17:04:19 - [MESSAGE][PASSED] - customKeywords.commanFunctions.uploadFileOfPublicUser is PASSED

2021-02-19 17:04:19 - [TEST_STEP][PASSED] - customKeywords.commanFunctions.onlyCloseBrowser(): customKeywords.commanFunctions.onlyCloseBrowser is PASSED

2021-02-19 17:04:20 - [MESSAGE][PASSED] - Browser is closed

2021-02-19 17:04:20 - [MESSAGE][PASSED] - customKeywords.commanFunctions.onlyCloseBrowser is PASSED]]></system-out>
         <system-err><![CDATA[]]></system-err>
      </testcase>
      <testcase name="Test Cases/UploadDiffFiles_PublicUser/TC_As a public user, Upload WordPad File" time="22.887" classname="Test Cases/UploadDiffFiles_PublicUser/TC_As a public user, Upload WordPad File" status="PASSED">
         <system-out><![CDATA[2021-02-19 17:04:20 - [TEST_CASE][PASSED] - Test Cases/UploadDiffFiles_PublicUser/TC_As a public user, Upload WordPad File: Test Cases/UploadDiffFiles_PublicUser/TC_As a public user, Upload WordPad File

2021-02-19 17:04:20 - [TEST_STEP][PASSED] - excelTestData = findTestData("Data Files/TestData/InspectTestData"): null

2021-02-19 17:04:20 - [TEST_STEP][PASSED] - userEmail = excelTestData.getValue(2, 23): null

2021-02-19 17:04:20 - [TEST_STEP][PASSED] - customKeywords.commanFunctions.uploadFileOfPublicUser(224, userEmail): customKeywords.commanFunctions.uploadFileOfPublicUser is PASSED

2021-02-19 17:04:20 - [MESSAGE][INFO] - Starting 'Chrome' driver

2021-02-19 17:04:20 - [MESSAGE][INFO] - Action delay is set to 0 milliseconds

2021-02-19 17:04:30 - [MESSAGE][PASSED] - Browser is opened with url: 'https://Inspect.Stage.site.sa'

2021-02-19 17:04:32 - [MESSAGE][PASSED] - Current window maximized

2021-02-19 17:04:32 - [MESSAGE][PASSED] - Wait for page load successfully

2021-02-19 17:04:32 - [MESSAGE][PASSED] - Object: 'Object Repository/HomePage/ChooseAFile' is clicked on

2021-02-19 17:04:34 - [MESSAGE][PASSED] - Delayed 2 second(s)

2021-02-19 17:04:36 - [MESSAGE][INFO] - Image Uploaded Sucsessfully

2021-02-19 17:04:38 - [MESSAGE][PASSED] - Delayed 2 second(s)

2021-02-19 17:04:39 - [MESSAGE][PASSED] - Text 'WordPad' is present on page 

2021-02-19 17:04:39 - [MESSAGE][PASSED] - Keys 'Os-ARahman@projects.site.sa' sent to object: 'Object Repository/PublicUserHomePage/email_Input'

2021-02-19 17:04:40 - [MESSAGE][PASSED] - Object: 'Object Repository/PublicUserHomePage/SiteInspectTermsOfUse_CheckBox' is clicked on

2021-02-19 17:04:40 - [MESSAGE][PASSED] - Object: 'Object Repository/HomePage/startAnalysis_EnableBtn' is clicked on

2021-02-19 17:04:42 - [MESSAGE][PASSED] - Text 'Your submission was successful
The analysis results will be delivered to you via email' is present on page 

2021-02-19 17:04:42 - [MESSAGE][PASSED] - customKeywords.commanFunctions.uploadFileOfPublicUser is PASSED

2021-02-19 17:04:42 - [TEST_STEP][PASSED] - customKeywords.commanFunctions.onlyCloseBrowser(): customKeywords.commanFunctions.onlyCloseBrowser is PASSED

2021-02-19 17:04:43 - [MESSAGE][PASSED] - Browser is closed

2021-02-19 17:04:43 - [MESSAGE][PASSED] - customKeywords.commanFunctions.onlyCloseBrowser is PASSED]]></system-out>
         <system-err><![CDATA[]]></system-err>
      </testcase>
      <testcase name="Test Cases/UploadDiffFiles_PublicUser/TC_As a public user, Upload Xlsx File" time="21.882" classname="Test Cases/UploadDiffFiles_PublicUser/TC_As a public user, Upload Xlsx File" status="PASSED">
         <system-out><![CDATA[2021-02-19 17:04:43 - [TEST_CASE][PASSED] - Test Cases/UploadDiffFiles_PublicUser/TC_As a public user, Upload Xlsx File: Test Cases/UploadDiffFiles_PublicUser/TC_As a public user, Upload Xlsx File

2021-02-19 17:04:43 - [TEST_STEP][PASSED] - excelTestData = findTestData("Data Files/TestData/InspectTestData"): null

2021-02-19 17:04:43 - [TEST_STEP][PASSED] - userEmail = excelTestData.getValue(2, 23): null

2021-02-19 17:04:43 - [TEST_STEP][PASSED] - customKeywords.commanFunctions.uploadFileOfPublicUser(180, userEmail): customKeywords.commanFunctions.uploadFileOfPublicUser is PASSED

2021-02-19 17:04:43 - [MESSAGE][INFO] - Starting 'Chrome' driver

2021-02-19 17:04:43 - [MESSAGE][INFO] - Action delay is set to 0 milliseconds

2021-02-19 17:04:52 - [MESSAGE][PASSED] - Browser is opened with url: 'https://Inspect.Stage.site.sa'

2021-02-19 17:04:54 - [MESSAGE][PASSED] - Current window maximized

2021-02-19 17:04:54 - [MESSAGE][PASSED] - Wait for page load successfully

2021-02-19 17:04:55 - [MESSAGE][PASSED] - Object: 'Object Repository/HomePage/ChooseAFile' is clicked on

2021-02-19 17:04:57 - [MESSAGE][PASSED] - Delayed 2 second(s)

2021-02-19 17:04:59 - [MESSAGE][INFO] - Image Uploaded Sucsessfully

2021-02-19 17:05:01 - [MESSAGE][PASSED] - Delayed 2 second(s)

2021-02-19 17:05:01 - [MESSAGE][PASSED] - Text 'sampleExcel' is present on page 

2021-02-19 17:05:02 - [MESSAGE][PASSED] - Keys 'Os-ARahman@projects.site.sa' sent to object: 'Object Repository/PublicUserHomePage/email_Input'

2021-02-19 17:05:02 - [MESSAGE][PASSED] - Object: 'Object Repository/PublicUserHomePage/SiteInspectTermsOfUse_CheckBox' is clicked on

2021-02-19 17:05:03 - [MESSAGE][PASSED] - Object: 'Object Repository/HomePage/startAnalysis_EnableBtn' is clicked on

2021-02-19 17:05:04 - [MESSAGE][PASSED] - Text 'Your submission was successful
The analysis results will be delivered to you via email' is present on page 

2021-02-19 17:05:04 - [MESSAGE][PASSED] - customKeywords.commanFunctions.uploadFileOfPublicUser is PASSED

2021-02-19 17:05:04 - [TEST_STEP][PASSED] - customKeywords.commanFunctions.onlyCloseBrowser(): customKeywords.commanFunctions.onlyCloseBrowser is PASSED

2021-02-19 17:05:05 - [MESSAGE][PASSED] - Browser is closed

2021-02-19 17:05:05 - [MESSAGE][PASSED] - customKeywords.commanFunctions.onlyCloseBrowser is PASSED]]></system-out>
         <system-err><![CDATA[]]></system-err>
      </testcase>
      <system-out><![CDATA[2021-02-19 16:54:49 - [TEST_SUITE][FAILED] - PublicUser_UploadFiles: Test Cases/UploadDiffFiles_PublicUser/TC_As a public user, Upload Basic Audio File FAILED.
Reason:
com.kms.katalon.core.exception.StepFailedException: Unable to verify text 'BasicAudio' is present 
	at com.kms.katalon.core.webui.keyword.internal.WebUIKeywordMain.stepFailed(WebUIKeywordMain.groovy:64)
	at com.kms.katalon.core.webui.keyword.internal.WebUIKeywordMain.runKeyword(WebUIKeywordMain.groovy:26)
	at com.kms.katalon.core.webui.keyword.builtin.VerifyTextPresentKeyword.verifyTextPresent(VerifyTextPresentKeyword.groovy:83)
	at com.kms.katalon.core.webui.keyword.builtin.VerifyTextPresentKeyword.execute(VerifyTextPresentKeyword.groovy:68)
	at com.kms.katalon.core.keyword.internal.KeywordExecutor.executeKeywordForPlatform(KeywordExecutor.groovy:73)
	at com.kms.katalon.core.webui.keyword.WebUiBuiltInKeywords.verifyTextPresent(WebUiBuiltInKeywords.groovy:1720)
	at com.kms.katalon.core.webui.keyword.WebUiBuiltInKeywords$verifyTextPresent$3.call(Unknown Source)
	at customKeywords.commanFunctions.UploadReqFile(commanFunctions.groovy:282)
	at customKeywords.commanFunctions.uploadFileOfPublicUser(commanFunctions.groovy:656)
	at customKeywords.commanFunctions.invokeMethod(commanFunctions.groovy)
	at com.kms.katalon.core.main.CustomKeywordDelegatingMetaClass.invokeStaticMethod(CustomKeywordDelegatingMetaClass.java:50)
	at TC_As a public user, Upload Basic Audio File.run(TC_As a public user, Upload Basic Audio File:14)
	at com.kms.katalon.core.main.ScriptEngine.run(ScriptEngine.java:194)
	at com.kms.katalon.core.main.ScriptEngine.runScriptAsRawText(ScriptEngine.java:119)
	at com.kms.katalon.core.main.TestCaseExecutor.runScript(TestCaseExecutor.java:394)
	at com.kms.katalon.core.main.TestCaseExecutor.doExecute(TestCaseExecutor.java:385)
	at com.kms.katalon.core.main.TestCaseExecutor.processExecutionPhase(TestCaseExecutor.java:364)
	at com.kms.katalon.core.main.TestCaseExecutor.accessMainPhase(TestCaseExecutor.java:356)
	at com.kms.katalon.core.main.TestCaseExecutor.execute(TestCaseExecutor.java:251)
	at com.kms.katalon.core.main.TestSuiteExecutor.accessTestCaseMainPhase(TestSuiteExecutor.java:203)
	at com.kms.katalon.core.main.TestSuiteExecutor.accessTestSuiteMainPhase(TestSuiteExecutor.java:152)
	at com.kms.katalon.core.main.TestSuiteExecutor.execute(TestSuiteExecutor.java:95)
	at com.kms.katalon.core.main.TestCaseMain.startTestSuite(TestCaseMain.java:157)
	at com.kms.katalon.core.main.TestCaseMain$startTestSuite$0.call(Unknown Source)
	at TempTestSuite1613733203700.run(TempTestSuite1613733203700.groovy:39)
Caused by: org.openqa.selenium.WebDriverException: chrome not reachable
  (Session info: chrome=86.0.4240.75)
Build info: version: '3.141.59', revision: 'e82be7d358', time: '2018-11-14T08:25:53'
System info: host: 'OMTPGCN1132568L', ip: '192.168.1.1', os.name: 'Windows 10', os.arch: 'amd64', os.version: '10.0', java.version: '1.8.0_181'
Driver info: com.kms.katalon.selenium.driver.CChromeDriver
Capabilities {acceptInsecureCerts: false, browserName: chrome, browserVersion: 86.0.4240.75, chrome: {chromedriverVersion: 86.0.4240.22 (398b0743353ff..., userDataDir: C:\Users\ashok\AppData\Loca...}, goog:chromeOptions: {debuggerAddress: localhost:51653}, javascriptEnabled: true, networkConnectionEnabled: false, pageLoadStrategy: normal, platform: WINDOWS, platformName: WINDOWS, proxy: Proxy(), setWindowRect: true, strictFileInteractability: false, timeouts: {implicit: 0, pageLoad: 300000, script: 30000}, unhandledPromptBehavior: dismiss and notify, webauthn:virtualAuthenticators: true}
Session ID: 4dd18da85b2fc3e57e5862b5ab0f1c5e
*** Element info: {Using=tag name, value=body}
	at org.openqa.selenium.remote.http.W3CHttpResponseCodec.createException(W3CHttpResponseCodec.java:187)
	at org.openqa.selenium.remote.http.W3CHttpResponseCodec.decode(W3CHttpResponseCodec.java:122)
	at org.openqa.selenium.remote.http.W3CHttpResponseCodec.decode(W3CHttpResponseCodec.java:49)
	at org.openqa.selenium.remote.HttpCommandExecutor.execute(HttpCommandExecutor.java:158)
	at org.openqa.selenium.remote.service.DriverCommandExecutor.execute(DriverCommandExecutor.java:83)
	at org.openqa.selenium.remote.RemoteWebDriver.execute(RemoteWebDriver.java:552)
	at com.kms.katalon.selenium.driver.CChromeDriver.execute(CChromeDriver.java:19)
	at org.openqa.selenium.remote.RemoteWebDriver.findElement(RemoteWebDriver.java:323)
	at org.openqa.selenium.remote.RemoteWebDriver.findElementByTagName(RemoteWebDriver.java:396)
	at org.openqa.selenium.By$ByTagName.findElement(By.java:320)
	at org.openqa.selenium.remote.RemoteWebDriver.findElement(RemoteWebDriver.java:315)
	at org.openqa.selenium.support.events.EventFiringWebDriver.lambda$new$1(EventFiringWebDriver.java:105)
	at com.sun.proxy.$Proxy11.findElement(Unknown Source)
	at org.openqa.selenium.support.events.EventFiringWebDriver.findElement(EventFiringWebDriver.java:194)
	at com.kms.katalon.core.webui.common.WebUiCommonHelper.isTextPresent(WebUiCommonHelper.java:86)
	at com.kms.katalon.core.webui.keyword.builtin.VerifyTextPresentKeyword$_verifyTextPresent_closure1.doCall(VerifyTextPresentKeyword.groovy:75)
	at com.kms.katalon.core.webui.keyword.builtin.VerifyTextPresentKeyword$_verifyTextPresent_closure1.call(VerifyTextPresentKeyword.groovy)
	at com.kms.katalon.core.webui.keyword.internal.WebUIKeywordMain.runKeyword(WebUIKeywordMain.groovy:20)
	... 23 more]]></system-out>
      <system-err><![CDATA[2021-02-19 16:54:49 - [TEST_SUITE][FAILED] - PublicUser_UploadFiles: Test Cases/UploadDiffFiles_PublicUser/TC_As a public user, Upload Basic Audio File FAILED.
Reason:
com.kms.katalon.core.exception.StepFailedException: Unable to verify text 'BasicAudio' is present 
	at com.kms.katalon.core.webui.keyword.internal.WebUIKeywordMain.stepFailed(WebUIKeywordMain.groovy:64)
	at com.kms.katalon.core.webui.keyword.internal.WebUIKeywordMain.runKeyword(WebUIKeywordMain.groovy:26)
	at com.kms.katalon.core.webui.keyword.builtin.VerifyTextPresentKeyword.verifyTextPresent(VerifyTextPresentKeyword.groovy:83)
	at com.kms.katalon.core.webui.keyword.builtin.VerifyTextPresentKeyword.execute(VerifyTextPresentKeyword.groovy:68)
	at com.kms.katalon.core.keyword.internal.KeywordExecutor.executeKeywordForPlatform(KeywordExecutor.groovy:73)
	at com.kms.katalon.core.webui.keyword.WebUiBuiltInKeywords.verifyTextPresent(WebUiBuiltInKeywords.groovy:1720)
	at com.kms.katalon.core.webui.keyword.WebUiBuiltInKeywords$verifyTextPresent$3.call(Unknown Source)
	at customKeywords.commanFunctions.UploadReqFile(commanFunctions.groovy:282)
	at customKeywords.commanFunctions.uploadFileOfPublicUser(commanFunctions.groovy:656)
	at customKeywords.commanFunctions.invokeMethod(commanFunctions.groovy)
	at com.kms.katalon.core.main.CustomKeywordDelegatingMetaClass.invokeStaticMethod(CustomKeywordDelegatingMetaClass.java:50)
	at TC_As a public user, Upload Basic Audio File.run(TC_As a public user, Upload Basic Audio File:14)
	at com.kms.katalon.core.main.ScriptEngine.run(ScriptEngine.java:194)
	at com.kms.katalon.core.main.ScriptEngine.runScriptAsRawText(ScriptEngine.java:119)
	at com.kms.katalon.core.main.TestCaseExecutor.runScript(TestCaseExecutor.java:394)
	at com.kms.katalon.core.main.TestCaseExecutor.doExecute(TestCaseExecutor.java:385)
	at com.kms.katalon.core.main.TestCaseExecutor.processExecutionPhase(TestCaseExecutor.java:364)
	at com.kms.katalon.core.main.TestCaseExecutor.accessMainPhase(TestCaseExecutor.java:356)
	at com.kms.katalon.core.main.TestCaseExecutor.execute(TestCaseExecutor.java:251)
	at com.kms.katalon.core.main.TestSuiteExecutor.accessTestCaseMainPhase(TestSuiteExecutor.java:203)
	at com.kms.katalon.core.main.TestSuiteExecutor.accessTestSuiteMainPhase(TestSuiteExecutor.java:152)
	at com.kms.katalon.core.main.TestSuiteExecutor.execute(TestSuiteExecutor.java:95)
	at com.kms.katalon.core.main.TestCaseMain.startTestSuite(TestCaseMain.java:157)
	at com.kms.katalon.core.main.TestCaseMain$startTestSuite$0.call(Unknown Source)
	at TempTestSuite1613733203700.run(TempTestSuite1613733203700.groovy:39)
Caused by: org.openqa.selenium.WebDriverException: chrome not reachable
  (Session info: chrome=86.0.4240.75)
Build info: version: '3.141.59', revision: 'e82be7d358', time: '2018-11-14T08:25:53'
System info: host: 'OMTPGCN1132568L', ip: '192.168.1.1', os.name: 'Windows 10', os.arch: 'amd64', os.version: '10.0', java.version: '1.8.0_181'
Driver info: com.kms.katalon.selenium.driver.CChromeDriver
Capabilities {acceptInsecureCerts: false, browserName: chrome, browserVersion: 86.0.4240.75, chrome: {chromedriverVersion: 86.0.4240.22 (398b0743353ff..., userDataDir: C:\Users\ashok\AppData\Loca...}, goog:chromeOptions: {debuggerAddress: localhost:51653}, javascriptEnabled: true, networkConnectionEnabled: false, pageLoadStrategy: normal, platform: WINDOWS, platformName: WINDOWS, proxy: Proxy(), setWindowRect: true, strictFileInteractability: false, timeouts: {implicit: 0, pageLoad: 300000, script: 30000}, unhandledPromptBehavior: dismiss and notify, webauthn:virtualAuthenticators: true}
Session ID: 4dd18da85b2fc3e57e5862b5ab0f1c5e
*** Element info: {Using=tag name, value=body}
	at org.openqa.selenium.remote.http.W3CHttpResponseCodec.createException(W3CHttpResponseCodec.java:187)
	at org.openqa.selenium.remote.http.W3CHttpResponseCodec.decode(W3CHttpResponseCodec.java:122)
	at org.openqa.selenium.remote.http.W3CHttpResponseCodec.decode(W3CHttpResponseCodec.java:49)
	at org.openqa.selenium.remote.HttpCommandExecutor.execute(HttpCommandExecutor.java:158)
	at org.openqa.selenium.remote.service.DriverCommandExecutor.execute(DriverCommandExecutor.java:83)
	at org.openqa.selenium.remote.RemoteWebDriver.execute(RemoteWebDriver.java:552)
	at com.kms.katalon.selenium.driver.CChromeDriver.execute(CChromeDriver.java:19)
	at org.openqa.selenium.remote.RemoteWebDriver.findElement(RemoteWebDriver.java:323)
	at org.openqa.selenium.remote.RemoteWebDriver.findElementByTagName(RemoteWebDriver.java:396)
	at org.openqa.selenium.By$ByTagName.findElement(By.java:320)
	at org.openqa.selenium.remote.RemoteWebDriver.findElement(RemoteWebDriver.java:315)
	at org.openqa.selenium.support.events.EventFiringWebDriver.lambda$new$1(EventFiringWebDriver.java:105)
	at com.sun.proxy.$Proxy11.findElement(Unknown Source)
	at org.openqa.selenium.support.events.EventFiringWebDriver.findElement(EventFiringWebDriver.java:194)
	at com.kms.katalon.core.webui.common.WebUiCommonHelper.isTextPresent(WebUiCommonHelper.java:86)
	at com.kms.katalon.core.webui.keyword.builtin.VerifyTextPresentKeyword$_verifyTextPresent_closure1.doCall(VerifyTextPresentKeyword.groovy:75)
	at com.kms.katalon.core.webui.keyword.builtin.VerifyTextPresentKeyword$_verifyTextPresent_closure1.call(VerifyTextPresentKeyword.groovy)
	at com.kms.katalon.core.webui.keyword.internal.WebUIKeywordMain.runKeyword(WebUIKeywordMain.groovy:20)
	... 23 more]]></system-err>
   </testsuite>
   <testsuite name="Login_Suite" tests="8" failures="0" errors="0" time="182.833" skips="0" timestamp="2021-02-19 17:05:18" hostname="ashok - OMTPGCN1132568L" id="Test Suites/LogIn_RigisterUserAndForgotPwd_Module/Login_Suite">
      <properties>
         <property name="deviceName" value=""/>
         <property name="devicePlatform" value=""/>
         <property name="logFolder" value="E:\\Inspect\\15022021\\SiteInspectAutomation\\Reports\\20210219_164318\\LogIn_RigisterUserAndForgotPwd_Module\\Login_Suite\\20210219_164325"/>
         <property name="logFiles" value="E:\\Inspect\\15022021\\SiteInspectAutomation\\Reports\\20210219_164318\\LogIn_RigisterUserAndForgotPwd_Module\\Login_Suite\\20210219_164325\\execution0.log"/>
         <property name="attachments" value=""/>
         <property name="hostName" value="ashok - OMTPGCN1132568L"/>
         <property name="os" value="Windows 10 64bit"/>
         <property name="katalonVersion" value="7.8.2.208"/>
         <property name="browser" value="Firefox 85.0"/>
         <property name="hostAddress" value="192.168.1.1"/>
         <property name="sessionId" value="25a19fc3-b7b3-4e41-ad51-a2eff69dae63"/>
         <property name="seleniumVersion" value="3.141.59"/>
         <property name="proxyInformation" value="ProxyInformation { proxyOption=NO_PROXY, proxyServerType=HTTP, username=, password=********, proxyServerAddress=, proxyServerPort=0, executionList=&quot;&quot;, isApplyToDesiredCapabilities=true }"/>
         <property name="platform" value="Windows 10"/>
      </properties>
      <testcase name="Test Cases/TC_Login_RegisterUserAndForgotYourPassword/BasicTCs/CSP-T74_1.0_As a User, I want to verify that system send me a forget my password link when I request" time="18.179" classname="Test Cases/TC_Login_RegisterUserAndForgotYourPassword/BasicTCs/CSP-T74_1.0_As a User, I want to verify that system send me a forget my password link when I request" status="PASSED">
         <system-out><![CDATA[2021-02-19 17:05:19 - [TEST_CASE][PASSED] - Test Cases/TC_Login_RegisterUserAndForgotYourPassword/BasicTCs/CSP-T74_1.0_As a User, I want to verify that system send me a forget my password link when I request: Test Cases/TC_Login_RegisterUserAndForgotYourPassword/BasicTCs/CSP-T74_1.0_As a User, I want to verify that system send me a forget my password link when I request

2021-02-19 17:05:20 - [TEST_STEP][PASSED] - excelTestData = findTestData("Data Files/TestData/InspectTestData"): null

2021-02-19 17:05:20 - [TEST_STEP][PASSED] - validationMessage = excelTestData.getValue(2, 8): null

2021-02-19 17:05:20 - [TEST_STEP][PASSED] - obj = findTestObject("LoginAndRigisterUser/LoginLink"): null

2021-02-19 17:05:20 - [TEST_STEP][PASSED] - forgotPwd = findTestObject("Object Repository/LoginAndRigisterUser/ForgotPwd"): null

2021-02-19 17:05:20 - [TEST_STEP][PASSED] - ForgotPwdSubmitBtn = findTestObject("Object Repository/LoginAndRigisterUser/ForgotPwdSubmitBtn"): null

2021-02-19 17:05:20 - [TEST_STEP][PASSED] - customKeywords.commanFunctions.openBrowser(): customKeywords.commanFunctions.openBrowser is PASSED

2021-02-19 17:05:21 - [MESSAGE][INFO] - Starting 'Firefox' driver

2021-02-19 17:05:21 - [MESSAGE][INFO] - Action delay is set to 0 milliseconds

2021-02-19 17:05:31 - [MESSAGE][PASSED] - Browser is opened with url: 'https://Inspect.Stage.site.sa'

2021-02-19 17:05:32 - [MESSAGE][PASSED] - Current window maximized

2021-02-19 17:05:32 - [MESSAGE][PASSED] - Wait for page load successfully

2021-02-19 17:05:32 - [MESSAGE][PASSED] - customKeywords.commanFunctions.openBrowser is PASSED

2021-02-19 17:05:32 - [TEST_STEP][PASSED] - waitForElementClickable(findTestObject("LoginAndRigisterUser/LoginLink"), TimeOut): Object 'Object Repository/LoginAndRigisterUser/LoginLink' is clickable

2021-02-19 17:05:32 - [MESSAGE][PASSED] - Object 'Object Repository/LoginAndRigisterUser/LoginLink' is clickable

2021-02-19 17:05:32 - [TEST_STEP][PASSED] - customKeywords.commanFunctions.clickElementWithJS(obj): customKeywords.commanFunctions.clickElementWithJS is PASSED

2021-02-19 17:05:33 - [MESSAGE][INFO] - Clicked on element with JS

2021-02-19 17:05:33 - [MESSAGE][PASSED] - customKeywords.commanFunctions.clickElementWithJS is PASSED

2021-02-19 17:05:33 - [TEST_STEP][PASSED] - waitForElementClickable(findTestObject("Object Repository/LoginAndRigisterUser/ForgotPwd"), TimeOut): Object 'Object Repository/LoginAndRigisterUser/ForgotPwd' is clickable

2021-02-19 17:05:33 - [MESSAGE][PASSED] - Object 'Object Repository/LoginAndRigisterUser/ForgotPwd' is clickable

2021-02-19 17:05:33 - [TEST_STEP][PASSED] - customKeywords.commanFunctions.clickElementWithJS(forgotPwd): customKeywords.commanFunctions.clickElementWithJS is PASSED

2021-02-19 17:05:34 - [MESSAGE][INFO] - Clicked on element with JS

2021-02-19 17:05:34 - [MESSAGE][PASSED] - customKeywords.commanFunctions.clickElementWithJS is PASSED

2021-02-19 17:05:34 - [TEST_STEP][PASSED] - sendKeys(findTestObject("Object Repository/LoginAndRigisterUser/ForgotPwd_Email_Input"), AdminUserName): Keys 'admin@example.com' sent to object: 'Object Repository/LoginAndRigisterUser/ForgotPwd_Email_Input'

2021-02-19 17:05:34 - [MESSAGE][PASSED] - Keys 'admin@example.com' sent to object: 'Object Repository/LoginAndRigisterUser/ForgotPwd_Email_Input'

2021-02-19 17:05:34 - [TEST_STEP][PASSED] - customKeywords.commanFunctions.clickElementWithJS(ForgotPwdSubmitBtn): customKeywords.commanFunctions.clickElementWithJS is PASSED

2021-02-19 17:05:35 - [MESSAGE][INFO] - Clicked on element with JS

2021-02-19 17:05:35 - [MESSAGE][PASSED] - customKeywords.commanFunctions.clickElementWithJS is PASSED

2021-02-19 17:05:35 - [TEST_STEP][PASSED] - verifyTextPresent(validationMessage, false): Text 'An email with a reset link was sent to your email. Please click on the link to reset your password' is present on page 

2021-02-19 17:05:37 - [MESSAGE][PASSED] - Text 'An email with a reset link was sent to your email. Please click on the link to reset your password' is present on page 

2021-02-19 17:05:37 - [TEST_STEP][PASSED] - customKeywords.commanFunctions.onlyCloseBrowser(): customKeywords.commanFunctions.onlyCloseBrowser is PASSED

2021-02-19 17:05:38 - [MESSAGE][PASSED] - Browser is closed

2021-02-19 17:05:38 - [MESSAGE][PASSED] - customKeywords.commanFunctions.onlyCloseBrowser is PASSED]]></system-out>
         <system-err><![CDATA[]]></system-err>
      </testcase>
      <testcase name="Test Cases/TC_Login_RegisterUserAndForgotYourPassword/BasicTCs/CSP-T75_1.0_As a User, I want to verify that System detects incorrect user email" time="15.423" classname="Test Cases/TC_Login_RegisterUserAndForgotYourPassword/BasicTCs/CSP-T75_1.0_As a User, I want to verify that System detects incorrect user email" status="PASSED">
         <system-out><![CDATA[2021-02-19 17:05:38 - [TEST_CASE][PASSED] - Test Cases/TC_Login_RegisterUserAndForgotYourPassword/BasicTCs/CSP-T75_1.0_As a User, I want to verify that System detects incorrect user email: Test Cases/TC_Login_RegisterUserAndForgotYourPassword/BasicTCs/CSP-T75_1.0_As a User, I want to verify that System detects incorrect user email

2021-02-19 17:05:38 - [TEST_STEP][PASSED] - excelTestData = findTestData("Data Files/TestData/InspectTestData"): null

2021-02-19 17:05:38 - [TEST_STEP][PASSED] - validationMessage = excelTestData.getValue(2, 12): null

2021-02-19 17:05:38 - [TEST_STEP][PASSED] - obj = findTestObject("LoginAndRigisterUser/LoginLink"): null

2021-02-19 17:05:38 - [TEST_STEP][PASSED] - forgotPwd = findTestObject("Object Repository/LoginAndRigisterUser/ForgotPwd"): null

2021-02-19 17:05:38 - [TEST_STEP][PASSED] - ForgotPwdSubmitBtn = findTestObject("Object Repository/LoginAndRigisterUser/ForgotPwdSubmitBtn"): null

2021-02-19 17:05:38 - [TEST_STEP][PASSED] - customKeywords.commanFunctions.openBrowser(): customKeywords.commanFunctions.openBrowser is PASSED

2021-02-19 17:05:38 - [MESSAGE][INFO] - Starting 'Firefox' driver

2021-02-19 17:05:38 - [MESSAGE][INFO] - Action delay is set to 0 milliseconds

2021-02-19 17:05:48 - [MESSAGE][PASSED] - Browser is opened with url: 'https://Inspect.Stage.site.sa'

2021-02-19 17:05:48 - [MESSAGE][PASSED] - Current window maximized

2021-02-19 17:05:48 - [MESSAGE][PASSED] - Wait for page load successfully

2021-02-19 17:05:48 - [MESSAGE][PASSED] - customKeywords.commanFunctions.openBrowser is PASSED

2021-02-19 17:05:48 - [TEST_STEP][PASSED] - waitForElementClickable(findTestObject("LoginAndRigisterUser/LoginLink"), TimeOut): Object 'Object Repository/LoginAndRigisterUser/LoginLink' is clickable

2021-02-19 17:05:48 - [MESSAGE][PASSED] - Object 'Object Repository/LoginAndRigisterUser/LoginLink' is clickable

2021-02-19 17:05:48 - [TEST_STEP][PASSED] - customKeywords.commanFunctions.clickElementWithJS(obj): customKeywords.commanFunctions.clickElementWithJS is PASSED

2021-02-19 17:05:49 - [MESSAGE][INFO] - Clicked on element with JS

2021-02-19 17:05:49 - [MESSAGE][PASSED] - customKeywords.commanFunctions.clickElementWithJS is PASSED

2021-02-19 17:05:49 - [TEST_STEP][PASSED] - waitForElementClickable(findTestObject("Object Repository/LoginAndRigisterUser/ForgotPwd"), TimeOut): Object 'Object Repository/LoginAndRigisterUser/ForgotPwd' is clickable

2021-02-19 17:05:49 - [MESSAGE][PASSED] - Object 'Object Repository/LoginAndRigisterUser/ForgotPwd' is clickable

2021-02-19 17:05:49 - [TEST_STEP][PASSED] - customKeywords.commanFunctions.clickElementWithJS(forgotPwd): customKeywords.commanFunctions.clickElementWithJS is PASSED

2021-02-19 17:05:50 - [MESSAGE][INFO] - Clicked on element with JS

2021-02-19 17:05:50 - [MESSAGE][PASSED] - customKeywords.commanFunctions.clickElementWithJS is PASSED

2021-02-19 17:05:50 - [TEST_STEP][PASSED] - str = customKeywords.commanFunctions.getRandomAlphaString(5): customKeywords.commanFunctions.getRandomAlphaString is PASSED

2021-02-19 17:05:50 - [MESSAGE][PASSED] - customKeywords.commanFunctions.getRandomAlphaString is PASSED

2021-02-19 17:05:50 - [TEST_STEP][PASSED] - email = "test_" + str + "@email.com": null

2021-02-19 17:05:50 - [TEST_STEP][PASSED] - sendKeys(findTestObject("Object Repository/LoginAndRigisterUser/ForgotPwd_Email_Input"), email): Keys 'test_mvcde@email.com' sent to object: 'Object Repository/LoginAndRigisterUser/ForgotPwd_Email_Input'

2021-02-19 17:05:51 - [MESSAGE][PASSED] - Keys 'test_mvcde@email.com' sent to object: 'Object Repository/LoginAndRigisterUser/ForgotPwd_Email_Input'

2021-02-19 17:05:51 - [TEST_STEP][PASSED] - customKeywords.commanFunctions.clickElementWithJS(ForgotPwdSubmitBtn): customKeywords.commanFunctions.clickElementWithJS is PASSED

2021-02-19 17:05:51 - [MESSAGE][INFO] - Clicked on element with JS

2021-02-19 17:05:51 - [MESSAGE][PASSED] - customKeywords.commanFunctions.clickElementWithJS is PASSED

2021-02-19 17:05:51 - [TEST_STEP][PASSED] - verifyTextPresent(validationMessage, false): Text 'The user credentials provided is incorrect' is present on page 

2021-02-19 17:05:52 - [MESSAGE][PASSED] - Text 'The user credentials provided is incorrect' is present on page 

2021-02-19 17:05:52 - [TEST_STEP][PASSED] - customKeywords.commanFunctions.onlyCloseBrowser(): customKeywords.commanFunctions.onlyCloseBrowser is PASSED

2021-02-19 17:05:53 - [MESSAGE][PASSED] - Browser is closed

2021-02-19 17:05:53 - [MESSAGE][PASSED] - customKeywords.commanFunctions.onlyCloseBrowser is PASSED]]></system-out>
         <system-err><![CDATA[]]></system-err>
      </testcase>
      <testcase name="Test Cases/TC_Login_RegisterUserAndForgotYourPassword/BasicTCs/TC_LoginUserWithInValidCredentialsAndVerifyErrorMsg" time="16.565" classname="Test Cases/TC_Login_RegisterUserAndForgotYourPassword/BasicTCs/TC_LoginUserWithInValidCredentialsAndVerifyErrorMsg" status="PASSED">
         <system-out><![CDATA[2021-02-19 17:05:53 - [TEST_CASE][PASSED] - Test Cases/TC_Login_RegisterUserAndForgotYourPassword/BasicTCs/TC_LoginUserWithInValidCredentialsAndVerifyErrorMsg: Test Cases/TC_Login_RegisterUserAndForgotYourPassword/BasicTCs/TC_LoginUserWithInValidCredentialsAndVerifyErrorMsg

2021-02-19 17:05:53 - [TEST_STEP][PASSED] - excelTestData = findTestData("Data Files/TestData/InspectTestData"): null

2021-02-19 17:05:53 - [TEST_STEP][PASSED] - validationMessage = excelTestData.getValue(2, 4): null

2021-02-19 17:05:53 - [TEST_STEP][PASSED] - obj = findTestObject("LoginAndRigisterUser/LoginLink"): null

2021-02-19 17:05:53 - [TEST_STEP][PASSED] - LoginBtn = findTestObject("Object Repository/LoginAndRigisterUser/LoginBtn"): null

2021-02-19 17:05:53 - [TEST_STEP][PASSED] - customKeywords.commanFunctions.openBrowser(): customKeywords.commanFunctions.openBrowser is PASSED

2021-02-19 17:05:53 - [MESSAGE][INFO] - Starting 'Firefox' driver

2021-02-19 17:05:53 - [MESSAGE][INFO] - Action delay is set to 0 milliseconds

2021-02-19 17:06:04 - [MESSAGE][PASSED] - Browser is opened with url: 'https://Inspect.Stage.site.sa'

2021-02-19 17:06:04 - [MESSAGE][PASSED] - Current window maximized

2021-02-19 17:06:04 - [MESSAGE][PASSED] - Wait for page load successfully

2021-02-19 17:06:04 - [MESSAGE][PASSED] - customKeywords.commanFunctions.openBrowser is PASSED

2021-02-19 17:06:04 - [TEST_STEP][PASSED] - waitForElementClickable(findTestObject("LoginAndRigisterUser/LoginLink"), TimeOut): Object 'Object Repository/LoginAndRigisterUser/LoginLink' is clickable

2021-02-19 17:06:04 - [MESSAGE][PASSED] - Object 'Object Repository/LoginAndRigisterUser/LoginLink' is clickable

2021-02-19 17:06:04 - [TEST_STEP][PASSED] - customKeywords.commanFunctions.clickElementWithJS(obj): customKeywords.commanFunctions.clickElementWithJS is PASSED

2021-02-19 17:06:05 - [MESSAGE][INFO] - Clicked on element with JS

2021-02-19 17:06:05 - [MESSAGE][PASSED] - customKeywords.commanFunctions.clickElementWithJS is PASSED

2021-02-19 17:06:05 - [TEST_STEP][PASSED] - strOne = customKeywords.commanFunctions.getRandomAlphaString(5): customKeywords.commanFunctions.getRandomAlphaString is PASSED

2021-02-19 17:06:05 - [MESSAGE][PASSED] - customKeywords.commanFunctions.getRandomAlphaString is PASSED

2021-02-19 17:06:05 - [TEST_STEP][PASSED] - email = "test_" + strOne + "@email.com": null

2021-02-19 17:06:05 - [TEST_STEP][PASSED] - str = customKeywords.commanFunctions.getRandomAlphaString(5): customKeywords.commanFunctions.getRandomAlphaString is PASSED

2021-02-19 17:06:06 - [MESSAGE][PASSED] - customKeywords.commanFunctions.getRandomAlphaString is PASSED

2021-02-19 17:06:06 - [TEST_STEP][PASSED] - password = "Test@" + str: null

2021-02-19 17:06:06 - [TEST_STEP][PASSED] - sendKeys(findTestObject("Object Repository/LoginAndRigisterUser/UserName_Email_Input"), email): Keys 'test_wngxl@email.com' sent to object: 'Object Repository/LoginAndRigisterUser/UserName_Email_Input'

2021-02-19 17:06:06 - [MESSAGE][PASSED] - Keys 'test_wngxl@email.com' sent to object: 'Object Repository/LoginAndRigisterUser/UserName_Email_Input'

2021-02-19 17:06:06 - [TEST_STEP][PASSED] - sendKeys(findTestObject("Object Repository/LoginAndRigisterUser/Password_Input"), password): Keys 'Test@waqkr' sent to object: 'Object Repository/LoginAndRigisterUser/Password_Input'

2021-02-19 17:06:06 - [MESSAGE][PASSED] - Keys 'Test@waqkr' sent to object: 'Object Repository/LoginAndRigisterUser/Password_Input'

2021-02-19 17:06:06 - [TEST_STEP][PASSED] - waitForElementClickable(LoginBtn, TimeOut): Object 'Object Repository/LoginAndRigisterUser/LoginBtn' is clickable

2021-02-19 17:06:07 - [MESSAGE][PASSED] - Object 'Object Repository/LoginAndRigisterUser/LoginBtn' is clickable

2021-02-19 17:06:07 - [TEST_STEP][PASSED] - customKeywords.commanFunctions.clickElementWithJS(LoginBtn): customKeywords.commanFunctions.clickElementWithJS is PASSED

2021-02-19 17:06:07 - [MESSAGE][INFO] - Clicked on element with JS

2021-02-19 17:06:07 - [MESSAGE][PASSED] - customKeywords.commanFunctions.clickElementWithJS is PASSED

2021-02-19 17:06:07 - [TEST_STEP][PASSED] - verifyTextPresent(validationMessage, false): Text 'Incorrect email or password' is present on page 

2021-02-19 17:06:09 - [MESSAGE][PASSED] - Text 'Incorrect email or password' is present on page 

2021-02-19 17:06:09 - [TEST_STEP][PASSED] - customKeywords.commanFunctions.onlyCloseBrowser(): customKeywords.commanFunctions.onlyCloseBrowser is PASSED

2021-02-19 17:06:10 - [MESSAGE][PASSED] - Browser is closed

2021-02-19 17:06:10 - [MESSAGE][PASSED] - customKeywords.commanFunctions.onlyCloseBrowser is PASSED]]></system-out>
         <system-err><![CDATA[]]></system-err>
      </testcase>
      <testcase name="Test Cases/TC_Login_RegisterUserAndForgotYourPassword/BasicTCs/TC_LoginUserWithInValidPasswordAndVerifyLoginShouldNotSucss" time="17.491" classname="Test Cases/TC_Login_RegisterUserAndForgotYourPassword/BasicTCs/TC_LoginUserWithInValidPasswordAndVerifyLoginShouldNotSucss" status="PASSED">
         <system-out><![CDATA[2021-02-19 17:06:10 - [TEST_CASE][PASSED] - Test Cases/TC_Login_RegisterUserAndForgotYourPassword/BasicTCs/TC_LoginUserWithInValidPasswordAndVerifyLoginShouldNotSucss: Test Cases/TC_Login_RegisterUserAndForgotYourPassword/BasicTCs/TC_LoginUserWithInValidPasswordAndVerifyLoginShouldNotSucss

2021-02-19 17:06:10 - [TEST_STEP][PASSED] - excelTestData = findTestData("Data Files/TestData/InspectTestData"): null

2021-02-19 17:06:10 - [TEST_STEP][PASSED] - validationMessage = excelTestData.getValue(2, 4): null

2021-02-19 17:06:10 - [TEST_STEP][PASSED] - obj = findTestObject("LoginAndRigisterUser/LoginLink"): null

2021-02-19 17:06:10 - [TEST_STEP][PASSED] - LoginBtn = findTestObject("Object Repository/LoginAndRigisterUser/LoginBtn"): null

2021-02-19 17:06:10 - [TEST_STEP][PASSED] - customKeywords.commanFunctions.openBrowser(): customKeywords.commanFunctions.openBrowser is PASSED

2021-02-19 17:06:10 - [MESSAGE][INFO] - Starting 'Firefox' driver

2021-02-19 17:06:10 - [MESSAGE][INFO] - Action delay is set to 0 milliseconds

2021-02-19 17:06:22 - [MESSAGE][PASSED] - Browser is opened with url: 'https://Inspect.Stage.site.sa'

2021-02-19 17:06:22 - [MESSAGE][PASSED] - Current window maximized

2021-02-19 17:06:22 - [MESSAGE][PASSED] - Wait for page load successfully

2021-02-19 17:06:22 - [MESSAGE][PASSED] - customKeywords.commanFunctions.openBrowser is PASSED

2021-02-19 17:06:22 - [TEST_STEP][PASSED] - waitForElementClickable(findTestObject("LoginAndRigisterUser/LoginLink"), TimeOut): Object 'Object Repository/LoginAndRigisterUser/LoginLink' is clickable

2021-02-19 17:06:22 - [MESSAGE][PASSED] - Object 'Object Repository/LoginAndRigisterUser/LoginLink' is clickable

2021-02-19 17:06:22 - [TEST_STEP][PASSED] - customKeywords.commanFunctions.clickElementWithJS(obj): customKeywords.commanFunctions.clickElementWithJS is PASSED

2021-02-19 17:06:23 - [MESSAGE][INFO] - Clicked on element with JS

2021-02-19 17:06:23 - [MESSAGE][PASSED] - customKeywords.commanFunctions.clickElementWithJS is PASSED

2021-02-19 17:06:23 - [TEST_STEP][PASSED] - str = customKeywords.commanFunctions.getRandomAlphaString(5): customKeywords.commanFunctions.getRandomAlphaString is PASSED

2021-02-19 17:06:23 - [MESSAGE][PASSED] - customKeywords.commanFunctions.getRandomAlphaString is PASSED

2021-02-19 17:06:23 - [TEST_STEP][PASSED] - password = "Test@" + str: null

2021-02-19 17:06:23 - [TEST_STEP][PASSED] - sendKeys(findTestObject("Object Repository/LoginAndRigisterUser/UserName_Email_Input"), AdminUserName): Keys 'admin@example.com' sent to object: 'Object Repository/LoginAndRigisterUser/UserName_Email_Input'

2021-02-19 17:06:23 - [MESSAGE][PASSED] - Keys 'admin@example.com' sent to object: 'Object Repository/LoginAndRigisterUser/UserName_Email_Input'

2021-02-19 17:06:23 - [TEST_STEP][PASSED] - sendKeys(findTestObject("Object Repository/LoginAndRigisterUser/Password_Input"), password): Keys 'Test@fpseq' sent to object: 'Object Repository/LoginAndRigisterUser/Password_Input'

2021-02-19 17:06:24 - [MESSAGE][PASSED] - Keys 'Test@fpseq' sent to object: 'Object Repository/LoginAndRigisterUser/Password_Input'

2021-02-19 17:06:24 - [TEST_STEP][PASSED] - waitForElementClickable(LoginBtn, TimeOut): Object 'Object Repository/LoginAndRigisterUser/LoginBtn' is clickable

2021-02-19 17:06:24 - [MESSAGE][PASSED] - Object 'Object Repository/LoginAndRigisterUser/LoginBtn' is clickable

2021-02-19 17:06:24 - [TEST_STEP][PASSED] - customKeywords.commanFunctions.clickElementWithJS(LoginBtn): customKeywords.commanFunctions.clickElementWithJS is PASSED

2021-02-19 17:06:25 - [MESSAGE][INFO] - Clicked on element with JS

2021-02-19 17:06:25 - [MESSAGE][PASSED] - customKeywords.commanFunctions.clickElementWithJS is PASSED

2021-02-19 17:06:25 - [TEST_STEP][PASSED] - verifyTextPresent(validationMessage, false): Text 'Incorrect email or password' is present on page 

2021-02-19 17:06:26 - [MESSAGE][PASSED] - Text 'Incorrect email or password' is present on page 

2021-02-19 17:06:26 - [TEST_STEP][PASSED] - customKeywords.commanFunctions.onlyCloseBrowser(): customKeywords.commanFunctions.onlyCloseBrowser is PASSED

2021-02-19 17:06:27 - [MESSAGE][PASSED] - Browser is closed

2021-02-19 17:06:27 - [MESSAGE][PASSED] - customKeywords.commanFunctions.onlyCloseBrowser is PASSED]]></system-out>
         <system-err><![CDATA[]]></system-err>
      </testcase>
      <testcase name="Test Cases/TC_Login_RegisterUserAndForgotYourPassword/BasicTCs/TC_LoginUserWithInValidUserNameAndVerifyLoginShouldNotSucss" time="17.697" classname="Test Cases/TC_Login_RegisterUserAndForgotYourPassword/BasicTCs/TC_LoginUserWithInValidUserNameAndVerifyLoginShouldNotSucss" status="PASSED">
         <system-out><![CDATA[2021-02-19 17:06:27 - [TEST_CASE][PASSED] - Test Cases/TC_Login_RegisterUserAndForgotYourPassword/BasicTCs/TC_LoginUserWithInValidUserNameAndVerifyLoginShouldNotSucss: Test Cases/TC_Login_RegisterUserAndForgotYourPassword/BasicTCs/TC_LoginUserWithInValidUserNameAndVerifyLoginShouldNotSucss

2021-02-19 17:06:27 - [TEST_STEP][PASSED] - excelTestData = findTestData("Data Files/TestData/InspectTestData"): null

2021-02-19 17:06:27 - [TEST_STEP][PASSED] - validationMessage = excelTestData.getValue(2, 4): null

2021-02-19 17:06:27 - [TEST_STEP][PASSED] - obj = findTestObject("LoginAndRigisterUser/LoginLink"): null

2021-02-19 17:06:27 - [TEST_STEP][PASSED] - LoginBtn = findTestObject("Object Repository/LoginAndRigisterUser/LoginBtn"): null

2021-02-19 17:06:27 - [TEST_STEP][PASSED] - customKeywords.commanFunctions.openBrowser(): customKeywords.commanFunctions.openBrowser is PASSED

2021-02-19 17:06:27 - [MESSAGE][INFO] - Starting 'Firefox' driver

2021-02-19 17:06:27 - [MESSAGE][INFO] - Action delay is set to 0 milliseconds

2021-02-19 17:06:40 - [MESSAGE][PASSED] - Browser is opened with url: 'https://Inspect.Stage.site.sa'

2021-02-19 17:06:40 - [MESSAGE][PASSED] - Current window maximized

2021-02-19 17:06:40 - [MESSAGE][PASSED] - Wait for page load successfully

2021-02-19 17:06:40 - [MESSAGE][PASSED] - customKeywords.commanFunctions.openBrowser is PASSED

2021-02-19 17:06:40 - [TEST_STEP][PASSED] - waitForElementClickable(findTestObject("LoginAndRigisterUser/LoginLink"), TimeOut): Object 'Object Repository/LoginAndRigisterUser/LoginLink' is clickable

2021-02-19 17:06:40 - [MESSAGE][PASSED] - Object 'Object Repository/LoginAndRigisterUser/LoginLink' is clickable

2021-02-19 17:06:40 - [TEST_STEP][PASSED] - customKeywords.commanFunctions.clickElementWithJS(obj): customKeywords.commanFunctions.clickElementWithJS is PASSED

2021-02-19 17:06:41 - [MESSAGE][INFO] - Clicked on element with JS

2021-02-19 17:06:41 - [MESSAGE][PASSED] - customKeywords.commanFunctions.clickElementWithJS is PASSED

2021-02-19 17:06:41 - [TEST_STEP][PASSED] - str = customKeywords.commanFunctions.getRandomAlphaString(5): customKeywords.commanFunctions.getRandomAlphaString is PASSED

2021-02-19 17:06:41 - [MESSAGE][PASSED] - customKeywords.commanFunctions.getRandomAlphaString is PASSED

2021-02-19 17:06:41 - [TEST_STEP][PASSED] - email = "test_" + str + "@email.com": null

2021-02-19 17:06:41 - [TEST_STEP][PASSED] - sendKeys(findTestObject("Object Repository/LoginAndRigisterUser/UserName_Email_Input"), email): Keys 'test_efawo@email.com' sent to object: 'Object Repository/LoginAndRigisterUser/UserName_Email_Input'

2021-02-19 17:06:41 - [MESSAGE][PASSED] - Keys 'test_efawo@email.com' sent to object: 'Object Repository/LoginAndRigisterUser/UserName_Email_Input'

2021-02-19 17:06:41 - [TEST_STEP][PASSED] - sendKeys(findTestObject("Object Repository/LoginAndRigisterUser/Password_Input"), AdminPassWord): Keys 'Aa@12345' sent to object: 'Object Repository/LoginAndRigisterUser/Password_Input'

2021-02-19 17:06:42 - [MESSAGE][PASSED] - Keys 'Aa@12345' sent to object: 'Object Repository/LoginAndRigisterUser/Password_Input'

2021-02-19 17:06:42 - [TEST_STEP][PASSED] - waitForElementClickable(LoginBtn, TimeOut): Object 'Object Repository/LoginAndRigisterUser/LoginBtn' is clickable

2021-02-19 17:06:42 - [MESSAGE][PASSED] - Object 'Object Repository/LoginAndRigisterUser/LoginBtn' is clickable

2021-02-19 17:06:42 - [TEST_STEP][PASSED] - customKeywords.commanFunctions.clickElementWithJS(LoginBtn): customKeywords.commanFunctions.clickElementWithJS is PASSED

2021-02-19 17:06:42 - [MESSAGE][INFO] - Clicked on element with JS

2021-02-19 17:06:42 - [MESSAGE][PASSED] - customKeywords.commanFunctions.clickElementWithJS is PASSED

2021-02-19 17:06:42 - [TEST_STEP][PASSED] - verifyTextPresent(validationMessage, false): Text 'Incorrect email or password' is present on page 

2021-02-19 17:06:44 - [MESSAGE][PASSED] - Text 'Incorrect email or password' is present on page 

2021-02-19 17:06:44 - [TEST_STEP][PASSED] - customKeywords.commanFunctions.onlyCloseBrowser(): customKeywords.commanFunctions.onlyCloseBrowser is PASSED

2021-02-19 17:06:45 - [MESSAGE][PASSED] - Browser is closed

2021-02-19 17:06:45 - [MESSAGE][PASSED] - customKeywords.commanFunctions.onlyCloseBrowser is PASSED]]></system-out>
         <system-err><![CDATA[]]></system-err>
      </testcase>
      <testcase name="Test Cases/TC_Login_RegisterUserAndForgotYourPassword/BasicTCs/TC_LoginUserWithValidCredentialsAndVerifyLoginSucss" time="32.718" classname="Test Cases/TC_Login_RegisterUserAndForgotYourPassword/BasicTCs/TC_LoginUserWithValidCredentialsAndVerifyLoginSucss" status="PASSED">
         <system-out><![CDATA[2021-02-19 17:06:45 - [TEST_CASE][PASSED] - Test Cases/TC_Login_RegisterUserAndForgotYourPassword/BasicTCs/TC_LoginUserWithValidCredentialsAndVerifyLoginSucss: Test Cases/TC_Login_RegisterUserAndForgotYourPassword/BasicTCs/TC_LoginUserWithValidCredentialsAndVerifyLoginSucss

2021-02-19 17:06:45 - [TEST_STEP][PASSED] - callTestCase(findTestCase("TC_Login_RegisterUserAndForgotYourPassword/CommanTCs/TC_LoginToBrowserAsAdmin"), null): Call Test Case 'Test Cases/TC_Login_RegisterUserAndForgotYourPassword/CommanTCs/TC_LoginToBrowserAsAdmin' successfully

2021-02-19 17:06:45 - [TEST_CASE][PASSED] - Test Cases/TC_Login_RegisterUserAndForgotYourPassword/CommanTCs/TC_LoginToBrowserAsAdmin: Test Cases/TC_Login_RegisterUserAndForgotYourPassword/CommanTCs/TC_LoginToBrowserAsAdmin

2021-02-19 17:06:45 - [TEST_STEP][PASSED] - obj = findTestObject("LoginAndRigisterUser/LoginLink"): null

2021-02-19 17:06:45 - [TEST_STEP][PASSED] - customKeywords.commanFunctions.openBrowser(): customKeywords.commanFunctions.openBrowser is PASSED

2021-02-19 17:06:45 - [MESSAGE][INFO] - Starting 'Firefox' driver

2021-02-19 17:06:45 - [MESSAGE][INFO] - Action delay is set to 0 milliseconds

2021-02-19 17:06:58 - [MESSAGE][PASSED] - Browser is opened with url: 'https://Inspect.Stage.site.sa'

2021-02-19 17:06:58 - [MESSAGE][PASSED] - Current window maximized

2021-02-19 17:06:58 - [MESSAGE][PASSED] - Wait for page load successfully

2021-02-19 17:06:58 - [MESSAGE][PASSED] - customKeywords.commanFunctions.openBrowser is PASSED

2021-02-19 17:06:58 - [TEST_STEP][PASSED] - waitForElementClickable(findTestObject("LoginAndRigisterUser/LoginLink"), TimeOut): Object 'Object Repository/LoginAndRigisterUser/LoginLink' is clickable

2021-02-19 17:06:58 - [MESSAGE][PASSED] - Object 'Object Repository/LoginAndRigisterUser/LoginLink' is clickable

2021-02-19 17:06:58 - [TEST_STEP][PASSED] - customKeywords.commanFunctions.clickElementWithJS(obj): customKeywords.commanFunctions.clickElementWithJS is PASSED

2021-02-19 17:06:59 - [MESSAGE][INFO] - Clicked on element with JS

2021-02-19 17:06:59 - [MESSAGE][PASSED] - customKeywords.commanFunctions.clickElementWithJS is PASSED

2021-02-19 17:06:59 - [TEST_STEP][PASSED] - customKeywords.commanFunctions.logIntoBrowser(): customKeywords.commanFunctions.logIntoBrowser is PASSED

2021-02-19 17:06:59 - [MESSAGE][PASSED] - Keys 'admin@example.com' sent to object: 'Object Repository/LoginAndRigisterUser/UserName_Email_Input'

2021-02-19 17:07:00 - [MESSAGE][PASSED] - Keys 'Aa@12345' sent to object: 'Object Repository/LoginAndRigisterUser/Password_Input'

2021-02-19 17:07:01 - [MESSAGE][PASSED] - Delayed 1 second(s)

2021-02-19 17:07:01 - [MESSAGE][PASSED] - Object 'Object Repository/LoginAndRigisterUser/LoginBtn' is clickable

2021-02-19 17:07:01 - [MESSAGE][INFO] - Clicked on element with JS

2021-02-19 17:07:01 - [MESSAGE][PASSED] - customKeywords.commanFunctions.logIntoBrowser is PASSED

2021-02-19 17:07:01 - [TEST_STEP][PASSED] - customKeywords.commanFunctions.otpLogin(): customKeywords.commanFunctions.otpLogin is PASSED

2021-02-19 17:07:03 - [MESSAGE][PASSED] - Keys '0' sent to object: 'Object Repository/LoginAndRigisterUser/otpOne'

2021-02-19 17:07:04 - [MESSAGE][PASSED] - Keys '0' sent to object: 'Object Repository/LoginAndRigisterUser/otpTwo'

2021-02-19 17:07:05 - [MESSAGE][PASSED] - Keys '0' sent to object: 'Object Repository/LoginAndRigisterUser/otpThree'

2021-02-19 17:07:06 - [MESSAGE][PASSED] - Keys '0' sent to object: 'Object Repository/LoginAndRigisterUser/otpFour'

2021-02-19 17:07:06 - [MESSAGE][PASSED] - Keys '0' sent to object: 'Object Repository/LoginAndRigisterUser/otpFive'

2021-02-19 17:07:07 - [MESSAGE][INFO] - Clicked on element with JS

2021-02-19 17:07:07 - [MESSAGE][PASSED] - customKeywords.commanFunctions.otpLogin is PASSED

2021-02-19 17:07:07 - [MESSAGE][PASSED] - Call Test Case 'Test Cases/TC_Login_RegisterUserAndForgotYourPassword/CommanTCs/TC_LoginToBrowserAsAdmin' successfully

2021-02-19 17:07:07 - [TEST_STEP][PASSED] - customKeywords.commanFunctions.logOutAndcloseBrowser(): customKeywords.commanFunctions.logOutAndcloseBrowser is PASSED

2021-02-19 17:07:12 - [MESSAGE][PASSED] - Object 'Object Repository/LoginAndRigisterUser/AdminDD' is clickable

2021-02-19 17:07:13 - [MESSAGE][INFO] - Clicked on element with JS

2021-02-19 17:07:16 - [MESSAGE][INFO] - Clicked on element with JS

2021-02-19 17:07:17 - [MESSAGE][PASSED] - Delayed 1 second(s)

2021-02-19 17:07:17 - [MESSAGE][PASSED] - Browser is closed

2021-02-19 17:07:17 - [MESSAGE][PASSED] - customKeywords.commanFunctions.logOutAndcloseBrowser is PASSED]]></system-out>
         <system-err><![CDATA[]]></system-err>
      </testcase>
      <testcase name="Test Cases/TC_Login_RegisterUserAndForgotYourPassword/BasicTCs/TC_RigisterUserWithValidTestDataAndVerifyClickHereToResendEmailLink" time="33.637" classname="Test Cases/TC_Login_RegisterUserAndForgotYourPassword/BasicTCs/TC_RigisterUserWithValidTestDataAndVerifyClickHereToResendEmailLink" status="PASSED">
         <system-out><![CDATA[2021-02-19 17:07:17 - [TEST_CASE][PASSED] - Test Cases/TC_Login_RegisterUserAndForgotYourPassword/BasicTCs/TC_RigisterUserWithValidTestDataAndVerifyClickHereToResendEmailLink: Test Cases/TC_Login_RegisterUserAndForgotYourPassword/BasicTCs/TC_RigisterUserWithValidTestDataAndVerifyClickHereToResendEmailLink

2021-02-19 17:07:18 - [TEST_STEP][PASSED] - excelTestData = findTestData("Data Files/TestData/InspectTestData"): null

2021-02-19 17:07:18 - [TEST_STEP][PASSED] - clickHereToResendEmai = findTestObject("Object Repository/LoginAndRigisterUser/clickHereToResendEmai"): null

2021-02-19 17:07:18 - [TEST_STEP][PASSED] - ClickHereToResendLinkValidationMessage = excelTestData.getValue(2, 19): null

2021-02-19 17:07:18 - [TEST_STEP][PASSED] - callTestCase(findTestCase("TC_Login_RegisterUserAndForgotYourPassword/CommanTCs/TC_RigisterUserWithValidTestDataAndVerify"), null): Call Test Case 'Test Cases/TC_Login_RegisterUserAndForgotYourPassword/CommanTCs/TC_RigisterUserWithValidTestDataAndVerify' successfully

2021-02-19 17:07:18 - [TEST_CASE][PASSED] - Test Cases/TC_Login_RegisterUserAndForgotYourPassword/CommanTCs/TC_RigisterUserWithValidTestDataAndVerify: Test Cases/TC_Login_RegisterUserAndForgotYourPassword/CommanTCs/TC_RigisterUserWithValidTestDataAndVerify

2021-02-19 17:07:18 - [TEST_STEP][PASSED] - excelTestData = findTestData("Data Files/TestData/InspectTestData"): null

2021-02-19 17:07:18 - [TEST_STEP][PASSED] - obj = findTestObject("LoginAndRigisterUser/LoginLink"): null

2021-02-19 17:07:18 - [TEST_STEP][PASSED] - RigisterBtn = findTestObject("Object Repository/LoginAndRigisterUser/RegisterBtn"): null

2021-02-19 17:07:18 - [TEST_STEP][PASSED] - CheckBoxTermsAndCondition = findTestObject("Object Repository/LoginAndRigisterUser/Reg_SiteInspectTermsOfUse_CheckBox"): null

2021-02-19 17:07:18 - [TEST_STEP][PASSED] - rigisterHereLink = findTestObject("Object Repository/LoginAndRigisterUser/RigisterHere"): null

2021-02-19 17:07:18 - [TEST_STEP][PASSED] - customKeywords.commanFunctions.openBrowser(): customKeywords.commanFunctions.openBrowser is PASSED

2021-02-19 17:07:18 - [MESSAGE][INFO] - Starting 'Firefox' driver

2021-02-19 17:07:18 - [MESSAGE][INFO] - Action delay is set to 0 milliseconds

2021-02-19 17:07:31 - [MESSAGE][PASSED] - Browser is opened with url: 'https://Inspect.Stage.site.sa'

2021-02-19 17:07:31 - [MESSAGE][PASSED] - Current window maximized

2021-02-19 17:07:31 - [MESSAGE][PASSED] - Wait for page load successfully

2021-02-19 17:07:31 - [MESSAGE][PASSED] - customKeywords.commanFunctions.openBrowser is PASSED

2021-02-19 17:07:31 - [TEST_STEP][PASSED] - waitForElementClickable(findTestObject("LoginAndRigisterUser/LoginLink"), TimeOut): Object 'Object Repository/LoginAndRigisterUser/LoginLink' is clickable

2021-02-19 17:07:32 - [MESSAGE][PASSED] - Object 'Object Repository/LoginAndRigisterUser/LoginLink' is clickable

2021-02-19 17:07:32 - [TEST_STEP][PASSED] - customKeywords.commanFunctions.clickElementWithJS(obj): customKeywords.commanFunctions.clickElementWithJS is PASSED

2021-02-19 17:07:32 - [MESSAGE][INFO] - Clicked on element with JS

2021-02-19 17:07:32 - [MESSAGE][PASSED] - customKeywords.commanFunctions.clickElementWithJS is PASSED

2021-02-19 17:07:32 - [TEST_STEP][PASSED] - customKeywords.commanFunctions.clickElementWithJS(rigisterHereLink): customKeywords.commanFunctions.clickElementWithJS is PASSED

2021-02-19 17:07:33 - [MESSAGE][INFO] - Clicked on element with JS

2021-02-19 17:07:33 - [MESSAGE][PASSED] - customKeywords.commanFunctions.clickElementWithJS is PASSED

2021-02-19 17:07:33 - [TEST_STEP][PASSED] - firstName = excelTestData.getValue(2, 16): null

2021-02-19 17:07:33 - [TEST_STEP][PASSED] - lastName = excelTestData.getValue(3, 16): null

2021-02-19 17:07:33 - [TEST_STEP][PASSED] - mobileNum = excelTestData.getValue(4, 16): null

2021-02-19 17:07:33 - [TEST_STEP][PASSED] - email = excelTestData.getValue(5, 16): null

2021-02-19 17:07:33 - [TEST_STEP][PASSED] - validationMessage = excelTestData.getValue(6, 16): null

2021-02-19 17:07:33 - [TEST_STEP][PASSED] - ClickHereToResendLink = excelTestData.getValue(7, 16): null

2021-02-19 17:07:33 - [TEST_STEP][PASSED] - sendKeys(findTestObject("Object Repository/LoginAndRigisterUser/FirstName_Input"), firstName): Keys 'Ashok' sent to object: 'Object Repository/LoginAndRigisterUser/FirstName_Input'

2021-02-19 17:07:33 - [MESSAGE][PASSED] - Keys 'Ashok' sent to object: 'Object Repository/LoginAndRigisterUser/FirstName_Input'

2021-02-19 17:07:33 - [TEST_STEP][PASSED] - sendKeys(findTestObject("Object Repository/LoginAndRigisterUser/LastName_Input"), lastName): Keys 'Abdul' sent to object: 'Object Repository/LoginAndRigisterUser/LastName_Input'

2021-02-19 17:07:34 - [MESSAGE][PASSED] - Keys 'Abdul' sent to object: 'Object Repository/LoginAndRigisterUser/LastName_Input'

2021-02-19 17:07:34 - [TEST_STEP][PASSED] - RandomNum = customKeywords.commanFunctions.getRandomNumbers(): customKeywords.commanFunctions.getRandomNumbers is PASSED

2021-02-19 17:07:34 - [MESSAGE][PASSED] - customKeywords.commanFunctions.getRandomNumbers is PASSED

2021-02-19 17:07:34 - [TEST_STEP][PASSED] - mobileNumber = "0" + mobileNum + RandomNum: null

2021-02-19 17:07:34 - [TEST_STEP][PASSED] - sendKeys(findTestObject("Object Repository/LoginAndRigisterUser/MobileNumber_Input"), mobileNumber): Keys '0573425849' sent to object: 'Object Repository/LoginAndRigisterUser/MobileNumber_Input'

2021-02-19 17:07:35 - [MESSAGE][PASSED] - Keys '0573425849' sent to object: 'Object Repository/LoginAndRigisterUser/MobileNumber_Input'

2021-02-19 17:07:35 - [TEST_STEP][PASSED] - str = customKeywords.commanFunctions.getRandomAlphaString(4): customKeywords.commanFunctions.getRandomAlphaString is PASSED

2021-02-19 17:07:35 - [MESSAGE][PASSED] - customKeywords.commanFunctions.getRandomAlphaString is PASSED

2021-02-19 17:07:35 - [TEST_STEP][PASSED] - emailID = "test_" + str + "@email.com": null

2021-02-19 17:07:35 - [TEST_STEP][PASSED] - sendKeys(findTestObject("Object Repository/LoginAndRigisterUser/Reg_Email_Input"), emailID): Keys 'test_wrig@email.com' sent to object: 'Object Repository/LoginAndRigisterUser/Reg_Email_Input'

2021-02-19 17:07:35 - [MESSAGE][PASSED] - Keys 'test_wrig@email.com' sent to object: 'Object Repository/LoginAndRigisterUser/Reg_Email_Input'

2021-02-19 17:07:35 - [TEST_STEP][PASSED] - sendKeys(findTestObject("Object Repository/LoginAndRigisterUser/ReEnter_Email_Input"), emailID): Keys 'test_wrig@email.com' sent to object: 'Object Repository/LoginAndRigisterUser/ReEnter_Email_Input'

2021-02-19 17:07:36 - [MESSAGE][PASSED] - Keys 'test_wrig@email.com' sent to object: 'Object Repository/LoginAndRigisterUser/ReEnter_Email_Input'

2021-02-19 17:07:36 - [TEST_STEP][PASSED] - customKeywords.commanFunctions.clickElementWithJS(CheckBoxTermsAndCondition): customKeywords.commanFunctions.clickElementWithJS is PASSED

2021-02-19 17:07:37 - [MESSAGE][INFO] - Clicked on element with JS

2021-02-19 17:07:37 - [MESSAGE][PASSED] - customKeywords.commanFunctions.clickElementWithJS is PASSED

2021-02-19 17:07:37 - [TEST_STEP][PASSED] - customKeywords.commanFunctions.clickElementWithJS(RigisterBtn): customKeywords.commanFunctions.clickElementWithJS is PASSED

2021-02-19 17:07:38 - [MESSAGE][INFO] - Clicked on element with JS

2021-02-19 17:07:38 - [MESSAGE][PASSED] - customKeywords.commanFunctions.clickElementWithJS is PASSED

2021-02-19 17:07:38 - [TEST_STEP][PASSED] - customKeywords.commanFunctions.otpRigistration(): customKeywords.commanFunctions.otpRigistration is PASSED

2021-02-19 17:07:39 - [MESSAGE][PASSED] - Keys '0' sent to object: 'Object Repository/LoginAndRigisterUser/otpOne'

2021-02-19 17:07:40 - [MESSAGE][PASSED] - Keys '0' sent to object: 'Object Repository/LoginAndRigisterUser/otpTwo'

2021-02-19 17:07:41 - [MESSAGE][PASSED] - Keys '0' sent to object: 'Object Repository/LoginAndRigisterUser/otpThree'

2021-02-19 17:07:41 - [MESSAGE][PASSED] - Keys '0' sent to object: 'Object Repository/LoginAndRigisterUser/otpFour'

2021-02-19 17:07:42 - [MESSAGE][PASSED] - Keys '0' sent to object: 'Object Repository/LoginAndRigisterUser/otpFive'

2021-02-19 17:07:43 - [MESSAGE][INFO] - Clicked on element with JS

2021-02-19 17:07:43 - [MESSAGE][PASSED] - customKeywords.commanFunctions.otpRigistration is PASSED

2021-02-19 17:07:43 - [TEST_STEP][PASSED] - verifyTextPresent(validationMessage, false): Text 'Thank you for your registration. To verify your email, please follow the instructions sent to you by email.' is present on page 

2021-02-19 17:07:45 - [MESSAGE][PASSED] - Text 'Thank you for your registration. To verify your email, please follow the instructions sent to you by email.' is present on page 

2021-02-19 17:07:45 - [TEST_STEP][PASSED] - verifyTextPresent(ClickHereToResendLink, false): Text 'Click here to resend the email' is present on page 

2021-02-19 17:07:45 - [MESSAGE][PASSED] - Text 'Click here to resend the email' is present on page 

2021-02-19 17:07:45 - [TEST_STEP][PASSED] - delay(2): Delayed 2 second(s)

2021-02-19 17:07:47 - [MESSAGE][PASSED] - Delayed 2 second(s)

2021-02-19 17:07:47 - [MESSAGE][PASSED] - Call Test Case 'Test Cases/TC_Login_RegisterUserAndForgotYourPassword/CommanTCs/TC_RigisterUserWithValidTestDataAndVerify' successfully

2021-02-19 17:07:47 - [TEST_STEP][PASSED] - customKeywords.commanFunctions.clickElementWithJS(clickHereToResendEmai): customKeywords.commanFunctions.clickElementWithJS is PASSED

2021-02-19 17:07:48 - [MESSAGE][INFO] - Clicked on element with JS

2021-02-19 17:07:48 - [MESSAGE][PASSED] - customKeywords.commanFunctions.clickElementWithJS is PASSED

2021-02-19 17:07:48 - [TEST_STEP][PASSED] - verifyTextPresent(ClickHereToResendLinkValidationMessage, false): Text 'A verification email has been sent to your email address' is present on page 

2021-02-19 17:07:50 - [MESSAGE][PASSED] - Text 'A verification email has been sent to your email address' is present on page 

2021-02-19 17:07:50 - [TEST_STEP][PASSED] - customKeywords.commanFunctions.onlyCloseBrowser(): customKeywords.commanFunctions.onlyCloseBrowser is PASSED

2021-02-19 17:07:51 - [MESSAGE][PASSED] - Browser is closed

2021-02-19 17:07:51 - [MESSAGE][PASSED] - customKeywords.commanFunctions.onlyCloseBrowser is PASSED]]></system-out>
         <system-err><![CDATA[]]></system-err>
      </testcase>
      <testcase name="Test Cases/TC_Login_RegisterUserAndForgotYourPassword/BasicTCs/TC_RigisterUserWithValidTestDataAndVerifyValidationMsg" time="29.522" classname="Test Cases/TC_Login_RegisterUserAndForgotYourPassword/BasicTCs/TC_RigisterUserWithValidTestDataAndVerifyValidationMsg" status="PASSED">
         <system-out><![CDATA[2021-02-19 17:07:51 - [TEST_CASE][PASSED] - Test Cases/TC_Login_RegisterUserAndForgotYourPassword/BasicTCs/TC_RigisterUserWithValidTestDataAndVerifyValidationMsg: Test Cases/TC_Login_RegisterUserAndForgotYourPassword/BasicTCs/TC_RigisterUserWithValidTestDataAndVerifyValidationMsg

2021-02-19 17:07:51 - [TEST_STEP][PASSED] - callTestCase(findTestCase("TC_Login_RegisterUserAndForgotYourPassword/CommanTCs/TC_RigisterUserWithValidTestDataAndVerify"), null): Call Test Case 'Test Cases/TC_Login_RegisterUserAndForgotYourPassword/CommanTCs/TC_RigisterUserWithValidTestDataAndVerify' successfully

2021-02-19 17:07:51 - [TEST_CASE][PASSED] - Test Cases/TC_Login_RegisterUserAndForgotYourPassword/CommanTCs/TC_RigisterUserWithValidTestDataAndVerify: Test Cases/TC_Login_RegisterUserAndForgotYourPassword/CommanTCs/TC_RigisterUserWithValidTestDataAndVerify

2021-02-19 17:07:51 - [TEST_STEP][PASSED] - excelTestData = findTestData("Data Files/TestData/InspectTestData"): null

2021-02-19 17:07:51 - [TEST_STEP][PASSED] - obj = findTestObject("LoginAndRigisterUser/LoginLink"): null

2021-02-19 17:07:51 - [TEST_STEP][PASSED] - RigisterBtn = findTestObject("Object Repository/LoginAndRigisterUser/RegisterBtn"): null

2021-02-19 17:07:51 - [TEST_STEP][PASSED] - CheckBoxTermsAndCondition = findTestObject("Object Repository/LoginAndRigisterUser/Reg_SiteInspectTermsOfUse_CheckBox"): null

2021-02-19 17:07:51 - [TEST_STEP][PASSED] - rigisterHereLink = findTestObject("Object Repository/LoginAndRigisterUser/RigisterHere"): null

2021-02-19 17:07:51 - [TEST_STEP][PASSED] - customKeywords.commanFunctions.openBrowser(): customKeywords.commanFunctions.openBrowser is PASSED

2021-02-19 17:07:52 - [MESSAGE][INFO] - Starting 'Firefox' driver

2021-02-19 17:07:52 - [MESSAGE][INFO] - Action delay is set to 0 milliseconds

2021-02-19 17:08:03 - [MESSAGE][PASSED] - Browser is opened with url: 'https://Inspect.Stage.site.sa'

2021-02-19 17:08:03 - [MESSAGE][PASSED] - Current window maximized

2021-02-19 17:08:03 - [MESSAGE][PASSED] - Wait for page load successfully

2021-02-19 17:08:03 - [MESSAGE][PASSED] - customKeywords.commanFunctions.openBrowser is PASSED

2021-02-19 17:08:03 - [TEST_STEP][PASSED] - waitForElementClickable(findTestObject("LoginAndRigisterUser/LoginLink"), TimeOut): Object 'Object Repository/LoginAndRigisterUser/LoginLink' is clickable

2021-02-19 17:08:04 - [MESSAGE][PASSED] - Object 'Object Repository/LoginAndRigisterUser/LoginLink' is clickable

2021-02-19 17:08:04 - [TEST_STEP][PASSED] - customKeywords.commanFunctions.clickElementWithJS(obj): customKeywords.commanFunctions.clickElementWithJS is PASSED

2021-02-19 17:08:04 - [MESSAGE][INFO] - Clicked on element with JS

2021-02-19 17:08:04 - [MESSAGE][PASSED] - customKeywords.commanFunctions.clickElementWithJS is PASSED

2021-02-19 17:08:04 - [TEST_STEP][PASSED] - customKeywords.commanFunctions.clickElementWithJS(rigisterHereLink): customKeywords.commanFunctions.clickElementWithJS is PASSED

2021-02-19 17:08:05 - [MESSAGE][INFO] - Clicked on element with JS

2021-02-19 17:08:05 - [MESSAGE][PASSED] - customKeywords.commanFunctions.clickElementWithJS is PASSED

2021-02-19 17:08:05 - [TEST_STEP][PASSED] - firstName = excelTestData.getValue(2, 16): null

2021-02-19 17:08:05 - [TEST_STEP][PASSED] - lastName = excelTestData.getValue(3, 16): null

2021-02-19 17:08:05 - [TEST_STEP][PASSED] - mobileNum = excelTestData.getValue(4, 16): null

2021-02-19 17:08:05 - [TEST_STEP][PASSED] - email = excelTestData.getValue(5, 16): null

2021-02-19 17:08:05 - [TEST_STEP][PASSED] - validationMessage = excelTestData.getValue(6, 16): null

2021-02-19 17:08:05 - [TEST_STEP][PASSED] - ClickHereToResendLink = excelTestData.getValue(7, 16): null

2021-02-19 17:08:05 - [TEST_STEP][PASSED] - sendKeys(findTestObject("Object Repository/LoginAndRigisterUser/FirstName_Input"), firstName): Keys 'Ashok' sent to object: 'Object Repository/LoginAndRigisterUser/FirstName_Input'

2021-02-19 17:08:05 - [MESSAGE][PASSED] - Keys 'Ashok' sent to object: 'Object Repository/LoginAndRigisterUser/FirstName_Input'

2021-02-19 17:08:05 - [TEST_STEP][PASSED] - sendKeys(findTestObject("Object Repository/LoginAndRigisterUser/LastName_Input"), lastName): Keys 'Abdul' sent to object: 'Object Repository/LoginAndRigisterUser/LastName_Input'

2021-02-19 17:08:06 - [MESSAGE][PASSED] - Keys 'Abdul' sent to object: 'Object Repository/LoginAndRigisterUser/LastName_Input'

2021-02-19 17:08:06 - [TEST_STEP][PASSED] - RandomNum = customKeywords.commanFunctions.getRandomNumbers(): customKeywords.commanFunctions.getRandomNumbers is PASSED

2021-02-19 17:08:06 - [MESSAGE][PASSED] - customKeywords.commanFunctions.getRandomNumbers is PASSED

2021-02-19 17:08:06 - [TEST_STEP][PASSED] - mobileNumber = "0" + mobileNum + RandomNum: null

2021-02-19 17:08:06 - [TEST_STEP][PASSED] - sendKeys(findTestObject("Object Repository/LoginAndRigisterUser/MobileNumber_Input"), mobileNumber): Keys '0573456569' sent to object: 'Object Repository/LoginAndRigisterUser/MobileNumber_Input'

2021-02-19 17:08:07 - [MESSAGE][PASSED] - Keys '0573456569' sent to object: 'Object Repository/LoginAndRigisterUser/MobileNumber_Input'

2021-02-19 17:08:07 - [TEST_STEP][PASSED] - str = customKeywords.commanFunctions.getRandomAlphaString(4): customKeywords.commanFunctions.getRandomAlphaString is PASSED

2021-02-19 17:08:07 - [MESSAGE][PASSED] - customKeywords.commanFunctions.getRandomAlphaString is PASSED

2021-02-19 17:08:07 - [TEST_STEP][PASSED] - emailID = "test_" + str + "@email.com": null

2021-02-19 17:08:07 - [TEST_STEP][PASSED] - sendKeys(findTestObject("Object Repository/LoginAndRigisterUser/Reg_Email_Input"), emailID): Keys 'test_efvs@email.com' sent to object: 'Object Repository/LoginAndRigisterUser/Reg_Email_Input'

2021-02-19 17:08:08 - [MESSAGE][PASSED] - Keys 'test_efvs@email.com' sent to object: 'Object Repository/LoginAndRigisterUser/Reg_Email_Input'

2021-02-19 17:08:08 - [TEST_STEP][PASSED] - sendKeys(findTestObject("Object Repository/LoginAndRigisterUser/ReEnter_Email_Input"), emailID): Keys 'test_efvs@email.com' sent to object: 'Object Repository/LoginAndRigisterUser/ReEnter_Email_Input'

2021-02-19 17:08:09 - [MESSAGE][PASSED] - Keys 'test_efvs@email.com' sent to object: 'Object Repository/LoginAndRigisterUser/ReEnter_Email_Input'

2021-02-19 17:08:09 - [TEST_STEP][PASSED] - customKeywords.commanFunctions.clickElementWithJS(CheckBoxTermsAndCondition): customKeywords.commanFunctions.clickElementWithJS is PASSED

2021-02-19 17:08:09 - [MESSAGE][INFO] - Clicked on element with JS

2021-02-19 17:08:09 - [MESSAGE][PASSED] - customKeywords.commanFunctions.clickElementWithJS is PASSED

2021-02-19 17:08:09 - [TEST_STEP][PASSED] - customKeywords.commanFunctions.clickElementWithJS(RigisterBtn): customKeywords.commanFunctions.clickElementWithJS is PASSED

2021-02-19 17:08:10 - [MESSAGE][INFO] - Clicked on element with JS

2021-02-19 17:08:10 - [MESSAGE][PASSED] - customKeywords.commanFunctions.clickElementWithJS is PASSED

2021-02-19 17:08:10 - [TEST_STEP][PASSED] - customKeywords.commanFunctions.otpRigistration(): customKeywords.commanFunctions.otpRigistration is PASSED

2021-02-19 17:08:12 - [MESSAGE][PASSED] - Keys '0' sent to object: 'Object Repository/LoginAndRigisterUser/otpOne'

2021-02-19 17:08:12 - [MESSAGE][PASSED] - Keys '0' sent to object: 'Object Repository/LoginAndRigisterUser/otpTwo'

2021-02-19 17:08:14 - [MESSAGE][PASSED] - Keys '0' sent to object: 'Object Repository/LoginAndRigisterUser/otpThree'

2021-02-19 17:08:14 - [MESSAGE][PASSED] - Keys '0' sent to object: 'Object Repository/LoginAndRigisterUser/otpFour'

2021-02-19 17:08:15 - [MESSAGE][PASSED] - Keys '0' sent to object: 'Object Repository/LoginAndRigisterUser/otpFive'

2021-02-19 17:08:16 - [MESSAGE][INFO] - Clicked on element with JS

2021-02-19 17:08:16 - [MESSAGE][PASSED] - customKeywords.commanFunctions.otpRigistration is PASSED

2021-02-19 17:08:16 - [TEST_STEP][PASSED] - verifyTextPresent(validationMessage, false): Text 'Thank you for your registration. To verify your email, please follow the instructions sent to you by email.' is present on page 

2021-02-19 17:08:17 - [MESSAGE][PASSED] - Text 'Thank you for your registration. To verify your email, please follow the instructions sent to you by email.' is present on page 

2021-02-19 17:08:17 - [TEST_STEP][PASSED] - verifyTextPresent(ClickHereToResendLink, false): Text 'Click here to resend the email' is present on page 

2021-02-19 17:08:18 - [MESSAGE][PASSED] - Text 'Click here to resend the email' is present on page 

2021-02-19 17:08:18 - [TEST_STEP][PASSED] - delay(2): Delayed 2 second(s)

2021-02-19 17:08:20 - [MESSAGE][PASSED] - Delayed 2 second(s)

2021-02-19 17:08:20 - [MESSAGE][PASSED] - Call Test Case 'Test Cases/TC_Login_RegisterUserAndForgotYourPassword/CommanTCs/TC_RigisterUserWithValidTestDataAndVerify' successfully

2021-02-19 17:08:20 - [TEST_STEP][PASSED] - customKeywords.commanFunctions.onlyCloseBrowser(): customKeywords.commanFunctions.onlyCloseBrowser is PASSED

2021-02-19 17:08:21 - [MESSAGE][PASSED] - Browser is closed

2021-02-19 17:08:21 - [MESSAGE][PASSED] - customKeywords.commanFunctions.onlyCloseBrowser is PASSED]]></system-out>
         <system-err><![CDATA[]]></system-err>
      </testcase>
      <system-out><![CDATA[2021-02-19 17:05:18 - [TEST_SUITE][PASSED] - Login_Suite: Test Cases/TC_Login_RegisterUserAndForgotYourPassword/BasicTCs/TC_RigisterUserWithValidTestDataAndVerifyValidationMsg]]></system-out>
      <system-err><![CDATA[]]></system-err>
   </testsuite>
   <testsuite name="RegisterUser_Regression" tests="26" failures="2" errors="0" time="1116.016" skips="0" timestamp="2021-02-19 17:08:31" hostname="ashok - OMTPGCN1132568L" id="Test Suites/Regression_Suite/RegisterUser_Suite/RegisterUser_Regression">
      <properties>
         <property name="deviceName" value=""/>
         <property name="devicePlatform" value=""/>
         <property name="logFolder" value="E:\\Inspect\\15022021\\SiteInspectAutomation\\Reports\\20210219_165319\\Regression_Suite\\RegisterUser_Suite\\RegisterUser_Regression\\20210219_165319"/>
         <property name="logFiles" value="E:\\Inspect\\15022021\\SiteInspectAutomation\\Reports\\20210219_165319\\Regression_Suite\\RegisterUser_Suite\\RegisterUser_Regression\\20210219_165319\\execution0.log"/>
         <property name="attachments" value="E:\\Inspect\\15022021\\SiteInspectAutomation\\Reports\\20210219_165319\\Regression_Suite\\RegisterUser_Suite\\RegisterUser_Regression\\20210219_165319\\1613735365018.png, E:\\Inspect\\15022021\\SiteInspectAutomation\\Reports\\20210219_165319\\Regression_Suite\\RegisterUser_Suite\\RegisterUser_Regression\\20210219_165319\\1613735826454.png"/>
         <property name="hostName" value="ashok - OMTPGCN1132568L"/>
         <property name="os" value="Windows 10 64bit"/>
         <property name="katalonVersion" value="7.8.2.208"/>
         <property name="browser" value="Chrome 86.0.4240.75"/>
         <property name="hostAddress" value="192.168.1.1"/>
         <property name="sessionId" value="ded98c3e3b6727f456f7d0b22ee57c9e"/>
         <property name="seleniumVersion" value="3.141.59"/>
         <property name="proxyInformation" value="ProxyInformation { proxyOption=NO_PROXY, proxyServerType=HTTP, username=, password=********, proxyServerAddress=, proxyServerPort=0, executionList=&quot;&quot;, isApplyToDesiredCapabilities=true }"/>
         <property name="platform" value="Windows 10"/>
      </properties>
      <testcase name="Test Cases/UploadDiffFiles_RegisterUser/TC_As a register user, Upload Adobe PhotoShop File and verify Uploded file in Submission Page" time="44.005" classname="Test Cases/UploadDiffFiles_RegisterUser/TC_As a register user, Upload Adobe PhotoShop File and verify Uploded file in Submission Page" status="PASSED">
         <system-out><![CDATA[2021-02-19 17:08:33 - [TEST_CASE][PASSED] - Test Cases/UploadDiffFiles_RegisterUser/TC_As a register user, Upload Adobe PhotoShop File and verify Uploded file in Submission Page: Test Cases/UploadDiffFiles_RegisterUser/TC_As a register user, Upload Adobe PhotoShop File and verify Uploded file in Submission Page

2021-02-19 17:08:33 - [TEST_STEP][PASSED] - excelTestData = findTestData("Data Files/TestData/InspectTestData"): null

2021-02-19 17:08:33 - [TEST_STEP][PASSED] - rigisterUN = excelTestData.getValue(6, 23): null

2021-02-19 17:08:33 - [TEST_STEP][PASSED] - rigisterPW = excelTestData.getValue(3, 23): null

2021-02-19 17:08:33 - [TEST_STEP][PASSED] - customKeywords.commanFunctions.uploadFileOfRegisterUser(309, rigisterUN, rigisterPW): customKeywords.commanFunctions.uploadFileOfRegisterUser is PASSED

2021-02-19 17:08:34 - [MESSAGE][INFO] - Starting 'Chrome' driver

2021-02-19 17:08:34 - [MESSAGE][INFO] - Action delay is set to 0 milliseconds

2021-02-19 17:08:46 - [MESSAGE][PASSED] - Browser is opened with url: 'https://Inspect.Stage.site.sa'

2021-02-19 17:08:48 - [MESSAGE][PASSED] - Current window maximized

2021-02-19 17:08:48 - [MESSAGE][PASSED] - Wait for page load successfully

2021-02-19 17:08:49 - [MESSAGE][PASSED] - Object 'Object Repository/LoginAndRigisterUser/LoginLink' is clickable

2021-02-19 17:08:49 - [MESSAGE][INFO] - Clicked on element with JS

2021-02-19 17:08:50 - [MESSAGE][PASSED] - Keys 'Os-anelapatla@projects.site.sa' sent to object: 'Object Repository/LoginAndRigisterUser/UserName_Email_Input'

2021-02-19 17:08:50 - [MESSAGE][PASSED] - Keys 'Test@12345' sent to object: 'Object Repository/LoginAndRigisterUser/Password_Input'

2021-02-19 17:08:51 - [MESSAGE][PASSED] - Delayed 1 second(s)

2021-02-19 17:08:51 - [MESSAGE][PASSED] - Object 'Object Repository/LoginAndRigisterUser/LoginBtn' is clickable

2021-02-19 17:08:52 - [MESSAGE][INFO] - Clicked on element with JS

2021-02-19 17:08:54 - [MESSAGE][PASSED] - Keys '0' sent to object: 'Object Repository/LoginAndRigisterUser/otpOne'

2021-02-19 17:08:54 - [MESSAGE][PASSED] - Keys '0' sent to object: 'Object Repository/LoginAndRigisterUser/otpTwo'

2021-02-19 17:08:55 - [MESSAGE][PASSED] - Keys '0' sent to object: 'Object Repository/LoginAndRigisterUser/otpThree'

2021-02-19 17:08:56 - [MESSAGE][PASSED] - Keys '0' sent to object: 'Object Repository/LoginAndRigisterUser/otpFour'

2021-02-19 17:08:57 - [MESSAGE][PASSED] - Keys '0' sent to object: 'Object Repository/LoginAndRigisterUser/otpFive'

2021-02-19 17:08:58 - [MESSAGE][INFO] - Clicked on element with JS

2021-02-19 17:09:00 - [MESSAGE][PASSED] - Object: 'Object Repository/HomePage/ChooseAFile' is clicked on

2021-02-19 17:09:02 - [MESSAGE][PASSED] - Delayed 2 second(s)

2021-02-19 17:09:04 - [MESSAGE][INFO] - Image Uploaded Sucsessfully

2021-02-19 17:09:06 - [MESSAGE][PASSED] - Delayed 2 second(s)

2021-02-19 17:09:07 - [MESSAGE][PASSED] - Text 'Adobe PhotoShop' is present on page 

2021-02-19 17:09:08 - [MESSAGE][PASSED] - Object: 'Object Repository/HomePage/Window7RadioBtn' is clicked on

2021-02-19 17:09:10 - [MESSAGE][PASSED] - Scroll to object 'Object Repository/HomePage/startAnalysis_EnableBtn' successfully

2021-02-19 17:09:11 - [MESSAGE][PASSED] - Object: 'Object Repository/HomePage/startAnalysis_EnableBtn' is clicked on

2021-02-19 17:09:13 - [MESSAGE][PASSED] - Object 'Object Repository/SubmissionPage/Submission_SearchIcon' is visible

2021-02-19 17:09:13 - [MESSAGE][PASSED] - Object 'Object Repository/SubmissionPage/Submission_SearchIcon' is visible

2021-02-19 17:09:14 - [MESSAGE][PASSED] - Actual object 'Adobe PhotoShop.psd' and expected object 'Adobe PhotoShop.psd' are equal

2021-02-19 17:09:14 - [MESSAGE][PASSED] - customKeywords.commanFunctions.uploadFileOfRegisterUser is PASSED

2021-02-19 17:09:14 - [TEST_STEP][PASSED] - customKeywords.commanFunctions.logOutAndcloseBrowser(): customKeywords.commanFunctions.logOutAndcloseBrowser is PASSED

2021-02-19 17:09:14 - [MESSAGE][PASSED] - Object 'Object Repository/LoginAndRigisterUser/AdminDD' is clickable

2021-02-19 17:09:15 - [MESSAGE][INFO] - Clicked on element with JS

2021-02-19 17:09:15 - [MESSAGE][INFO] - Clicked on element with JS

2021-02-19 17:09:16 - [MESSAGE][PASSED] - Delayed 1 second(s)

2021-02-19 17:09:17 - [MESSAGE][PASSED] - Browser is closed

2021-02-19 17:09:17 - [MESSAGE][PASSED] - customKeywords.commanFunctions.logOutAndcloseBrowser is PASSED]]></system-out>
         <system-err><![CDATA[]]></system-err>
      </testcase>
      <testcase name="Test Cases/UploadDiffFiles_RegisterUser/TC_As a register user, Upload Basic Audio File and verify Uploded file in Submission Page" time="42.716" classname="Test Cases/UploadDiffFiles_RegisterUser/TC_As a register user, Upload Basic Audio File and verify Uploded file in Submission Page" status="PASSED">
         <system-out><![CDATA[2021-02-19 17:09:17 - [TEST_CASE][PASSED] - Test Cases/UploadDiffFiles_RegisterUser/TC_As a register user, Upload Basic Audio File and verify Uploded file in Submission Page: Test Cases/UploadDiffFiles_RegisterUser/TC_As a register user, Upload Basic Audio File and verify Uploded file in Submission Page

2021-02-19 17:09:17 - [TEST_STEP][PASSED] - excelTestData = findTestData("Data Files/TestData/InspectTestData"): null

2021-02-19 17:09:17 - [TEST_STEP][PASSED] - rigisterUN = excelTestData.getValue(2, 23): null

2021-02-19 17:09:17 - [TEST_STEP][PASSED] - rigisterPW = excelTestData.getValue(3, 23): null

2021-02-19 17:09:17 - [TEST_STEP][PASSED] - customKeywords.commanFunctions.uploadFileOfRegisterUser(264, rigisterUN, rigisterPW): customKeywords.commanFunctions.uploadFileOfRegisterUser is PASSED

2021-02-19 17:09:17 - [MESSAGE][INFO] - Starting 'Chrome' driver

2021-02-19 17:09:17 - [MESSAGE][INFO] - Action delay is set to 0 milliseconds

2021-02-19 17:09:29 - [MESSAGE][PASSED] - Browser is opened with url: 'https://Inspect.Stage.site.sa'

2021-02-19 17:09:31 - [MESSAGE][PASSED] - Current window maximized

2021-02-19 17:09:31 - [MESSAGE][PASSED] - Wait for page load successfully

2021-02-19 17:09:32 - [MESSAGE][PASSED] - Object 'Object Repository/LoginAndRigisterUser/LoginLink' is clickable

2021-02-19 17:09:32 - [MESSAGE][INFO] - Clicked on element with JS

2021-02-19 17:09:33 - [MESSAGE][PASSED] - Keys 'Os-ARahman@projects.site.sa' sent to object: 'Object Repository/LoginAndRigisterUser/UserName_Email_Input'

2021-02-19 17:09:33 - [MESSAGE][PASSED] - Keys 'Test@12345' sent to object: 'Object Repository/LoginAndRigisterUser/Password_Input'

2021-02-19 17:09:34 - [MESSAGE][PASSED] - Delayed 1 second(s)

2021-02-19 17:09:35 - [MESSAGE][PASSED] - Object 'Object Repository/LoginAndRigisterUser/LoginBtn' is clickable

2021-02-19 17:09:35 - [MESSAGE][INFO] - Clicked on element with JS

2021-02-19 17:09:37 - [MESSAGE][PASSED] - Keys '0' sent to object: 'Object Repository/LoginAndRigisterUser/otpOne'

2021-02-19 17:09:38 - [MESSAGE][PASSED] - Keys '0' sent to object: 'Object Repository/LoginAndRigisterUser/otpTwo'

2021-02-19 17:09:39 - [MESSAGE][PASSED] - Keys '0' sent to object: 'Object Repository/LoginAndRigisterUser/otpThree'

2021-02-19 17:09:40 - [MESSAGE][PASSED] - Keys '0' sent to object: 'Object Repository/LoginAndRigisterUser/otpFour'

2021-02-19 17:09:41 - [MESSAGE][PASSED] - Keys '0' sent to object: 'Object Repository/LoginAndRigisterUser/otpFive'

2021-02-19 17:09:42 - [MESSAGE][INFO] - Clicked on element with JS

2021-02-19 17:09:44 - [MESSAGE][PASSED] - Object: 'Object Repository/HomePage/ChooseAFile' is clicked on

2021-02-19 17:09:46 - [MESSAGE][PASSED] - Delayed 2 second(s)

2021-02-19 17:09:48 - [MESSAGE][INFO] - Image Uploaded Sucsessfully

2021-02-19 17:09:50 - [MESSAGE][PASSED] - Delayed 2 second(s)

2021-02-19 17:09:50 - [MESSAGE][PASSED] - Text 'BasicAudio' is present on page 

2021-02-19 17:09:52 - [MESSAGE][PASSED] - Object: 'Object Repository/HomePage/Window7RadioBtn' is clicked on

2021-02-19 17:09:53 - [MESSAGE][PASSED] - Scroll to object 'Object Repository/HomePage/startAnalysis_EnableBtn' successfully

2021-02-19 17:09:54 - [MESSAGE][PASSED] - Object: 'Object Repository/HomePage/startAnalysis_EnableBtn' is clicked on

2021-02-19 17:09:56 - [MESSAGE][PASSED] - Object 'Object Repository/SubmissionPage/Submission_SearchIcon' is visible

2021-02-19 17:09:56 - [MESSAGE][PASSED] - Object 'Object Repository/SubmissionPage/Submission_SearchIcon' is visible

2021-02-19 17:09:56 - [MESSAGE][PASSED] - Actual object 'BasicAudio.au' and expected object 'BasicAudio.au' are equal

2021-02-19 17:09:56 - [MESSAGE][PASSED] - customKeywords.commanFunctions.uploadFileOfRegisterUser is PASSED

2021-02-19 17:09:56 - [TEST_STEP][PASSED] - customKeywords.commanFunctions.logOutAndcloseBrowser(): customKeywords.commanFunctions.logOutAndcloseBrowser is PASSED

2021-02-19 17:09:57 - [MESSAGE][PASSED] - Object 'Object Repository/LoginAndRigisterUser/AdminDD' is clickable

2021-02-19 17:09:57 - [MESSAGE][INFO] - Clicked on element with JS

2021-02-19 17:09:58 - [MESSAGE][INFO] - Clicked on element with JS

2021-02-19 17:09:59 - [MESSAGE][PASSED] - Delayed 1 second(s)

2021-02-19 17:10:00 - [MESSAGE][PASSED] - Browser is closed

2021-02-19 17:10:00 - [MESSAGE][PASSED] - customKeywords.commanFunctions.logOutAndcloseBrowser is PASSED]]></system-out>
         <system-err><![CDATA[]]></system-err>
      </testcase>
      <testcase name="Test Cases/UploadDiffFiles_RegisterUser/TC_As a register user, Upload CSV File and verify Uploded file in Submission Page" time="39.56" classname="Test Cases/UploadDiffFiles_RegisterUser/TC_As a register user, Upload CSV File and verify Uploded file in Submission Page" status="PASSED">
         <system-out><![CDATA[2021-02-19 17:10:00 - [TEST_CASE][PASSED] - Test Cases/UploadDiffFiles_RegisterUser/TC_As a register user, Upload CSV File and verify Uploded file in Submission Page: Test Cases/UploadDiffFiles_RegisterUser/TC_As a register user, Upload CSV File and verify Uploded file in Submission Page

2021-02-19 17:10:00 - [TEST_STEP][PASSED] - excelTestData = findTestData("Data Files/TestData/InspectTestData"): null

2021-02-19 17:10:00 - [TEST_STEP][PASSED] - rigisterUN = excelTestData.getValue(2, 23): null

2021-02-19 17:10:00 - [TEST_STEP][PASSED] - rigisterPW = excelTestData.getValue(3, 23): null

2021-02-19 17:10:00 - [TEST_STEP][PASSED] - customKeywords.commanFunctions.uploadFileOfRegisterUser(208, rigisterUN, rigisterPW): customKeywords.commanFunctions.uploadFileOfRegisterUser is PASSED

2021-02-19 17:10:00 - [MESSAGE][INFO] - Starting 'Chrome' driver

2021-02-19 17:10:00 - [MESSAGE][INFO] - Action delay is set to 0 milliseconds

2021-02-19 17:10:12 - [MESSAGE][PASSED] - Browser is opened with url: 'https://Inspect.Stage.site.sa'

2021-02-19 17:10:14 - [MESSAGE][PASSED] - Current window maximized

2021-02-19 17:10:14 - [MESSAGE][PASSED] - Wait for page load successfully

2021-02-19 17:10:14 - [MESSAGE][PASSED] - Object 'Object Repository/LoginAndRigisterUser/LoginLink' is clickable

2021-02-19 17:10:14 - [MESSAGE][INFO] - Clicked on element with JS

2021-02-19 17:10:15 - [MESSAGE][PASSED] - Keys 'Os-ARahman@projects.site.sa' sent to object: 'Object Repository/LoginAndRigisterUser/UserName_Email_Input'

2021-02-19 17:10:16 - [MESSAGE][PASSED] - Keys 'Test@12345' sent to object: 'Object Repository/LoginAndRigisterUser/Password_Input'

2021-02-19 17:10:17 - [MESSAGE][PASSED] - Delayed 1 second(s)

2021-02-19 17:10:17 - [MESSAGE][PASSED] - Object 'Object Repository/LoginAndRigisterUser/LoginBtn' is clickable

2021-02-19 17:10:17 - [MESSAGE][INFO] - Clicked on element with JS

2021-02-19 17:10:19 - [MESSAGE][PASSED] - Keys '0' sent to object: 'Object Repository/LoginAndRigisterUser/otpOne'

2021-02-19 17:10:20 - [MESSAGE][PASSED] - Keys '0' sent to object: 'Object Repository/LoginAndRigisterUser/otpTwo'

2021-02-19 17:10:21 - [MESSAGE][PASSED] - Keys '0' sent to object: 'Object Repository/LoginAndRigisterUser/otpThree'

2021-02-19 17:10:22 - [MESSAGE][PASSED] - Keys '0' sent to object: 'Object Repository/LoginAndRigisterUser/otpFour'

2021-02-19 17:10:22 - [MESSAGE][PASSED] - Keys '0' sent to object: 'Object Repository/LoginAndRigisterUser/otpFive'

2021-02-19 17:10:23 - [MESSAGE][INFO] - Clicked on element with JS

2021-02-19 17:10:25 - [MESSAGE][PASSED] - Object: 'Object Repository/HomePage/ChooseAFile' is clicked on

2021-02-19 17:10:27 - [MESSAGE][PASSED] - Delayed 2 second(s)

2021-02-19 17:10:29 - [MESSAGE][INFO] - Image Uploaded Sucsessfully

2021-02-19 17:10:31 - [MESSAGE][PASSED] - Delayed 2 second(s)

2021-02-19 17:10:32 - [MESSAGE][PASSED] - Text 'SampleCSVFile' is present on page 

2021-02-19 17:10:33 - [MESSAGE][PASSED] - Object: 'Object Repository/HomePage/Window7RadioBtn' is clicked on

2021-02-19 17:10:34 - [MESSAGE][PASSED] - Scroll to object 'Object Repository/HomePage/startAnalysis_EnableBtn' successfully

2021-02-19 17:10:34 - [MESSAGE][PASSED] - Object: 'Object Repository/HomePage/startAnalysis_EnableBtn' is clicked on

2021-02-19 17:10:35 - [MESSAGE][PASSED] - Object 'Object Repository/SubmissionPage/Submission_SearchIcon' is visible

2021-02-19 17:10:36 - [MESSAGE][PASSED] - Object 'Object Repository/SubmissionPage/Submission_SearchIcon' is visible

2021-02-19 17:10:36 - [MESSAGE][PASSED] - Actual object 'SampleCSVFile.csv' and expected object 'SampleCSVFile.csv' are equal

2021-02-19 17:10:36 - [MESSAGE][PASSED] - customKeywords.commanFunctions.uploadFileOfRegisterUser is PASSED

2021-02-19 17:10:36 - [TEST_STEP][PASSED] - customKeywords.commanFunctions.logOutAndcloseBrowser(): customKeywords.commanFunctions.logOutAndcloseBrowser is PASSED

2021-02-19 17:10:37 - [MESSAGE][PASSED] - Object 'Object Repository/LoginAndRigisterUser/AdminDD' is clickable

2021-02-19 17:10:37 - [MESSAGE][INFO] - Clicked on element with JS

2021-02-19 17:10:37 - [MESSAGE][INFO] - Clicked on element with JS

2021-02-19 17:10:38 - [MESSAGE][PASSED] - Delayed 1 second(s)

2021-02-19 17:10:39 - [MESSAGE][PASSED] - Browser is closed

2021-02-19 17:10:39 - [MESSAGE][PASSED] - customKeywords.commanFunctions.logOutAndcloseBrowser is PASSED]]></system-out>
         <system-err><![CDATA[]]></system-err>
      </testcase>
      <testcase name="Test Cases/UploadDiffFiles_RegisterUser/TC_As a register user, Upload Exe File and verify Uploded file in Submission Page" time="42.797" classname="Test Cases/UploadDiffFiles_RegisterUser/TC_As a register user, Upload Exe File and verify Uploded file in Submission Page" status="PASSED">
         <system-out><![CDATA[2021-02-19 17:10:39 - [TEST_CASE][PASSED] - Test Cases/UploadDiffFiles_RegisterUser/TC_As a register user, Upload Exe File and verify Uploded file in Submission Page: Test Cases/UploadDiffFiles_RegisterUser/TC_As a register user, Upload Exe File and verify Uploded file in Submission Page

2021-02-19 17:10:39 - [TEST_STEP][PASSED] - excelTestData = findTestData("Data Files/TestData/InspectTestData"): null

2021-02-19 17:10:39 - [TEST_STEP][PASSED] - rigisterUN = excelTestData.getValue(6, 23): null

2021-02-19 17:10:39 - [TEST_STEP][PASSED] - rigisterPW = excelTestData.getValue(3, 23): null

2021-02-19 17:10:39 - [TEST_STEP][PASSED] - customKeywords.commanFunctions.uploadFileOfRegisterUser(204, rigisterUN, rigisterPW): customKeywords.commanFunctions.uploadFileOfRegisterUser is PASSED

2021-02-19 17:10:39 - [MESSAGE][INFO] - Starting 'Chrome' driver

2021-02-19 17:10:39 - [MESSAGE][INFO] - Action delay is set to 0 milliseconds

2021-02-19 17:10:51 - [MESSAGE][PASSED] - Browser is opened with url: 'https://Inspect.Stage.site.sa'

2021-02-19 17:10:53 - [MESSAGE][PASSED] - Current window maximized

2021-02-19 17:10:54 - [MESSAGE][PASSED] - Wait for page load successfully

2021-02-19 17:10:54 - [MESSAGE][PASSED] - Object 'Object Repository/LoginAndRigisterUser/LoginLink' is clickable

2021-02-19 17:10:54 - [MESSAGE][INFO] - Clicked on element with JS

2021-02-19 17:10:55 - [MESSAGE][PASSED] - Keys 'Os-anelapatla@projects.site.sa' sent to object: 'Object Repository/LoginAndRigisterUser/UserName_Email_Input'

2021-02-19 17:10:55 - [MESSAGE][PASSED] - Keys 'Test@12345' sent to object: 'Object Repository/LoginAndRigisterUser/Password_Input'

2021-02-19 17:10:56 - [MESSAGE][PASSED] - Delayed 1 second(s)

2021-02-19 17:10:57 - [MESSAGE][PASSED] - Object 'Object Repository/LoginAndRigisterUser/LoginBtn' is clickable

2021-02-19 17:10:57 - [MESSAGE][INFO] - Clicked on element with JS

2021-02-19 17:10:59 - [MESSAGE][PASSED] - Keys '0' sent to object: 'Object Repository/LoginAndRigisterUser/otpOne'

2021-02-19 17:11:00 - [MESSAGE][PASSED] - Keys '0' sent to object: 'Object Repository/LoginAndRigisterUser/otpTwo'

2021-02-19 17:11:00 - [MESSAGE][PASSED] - Keys '0' sent to object: 'Object Repository/LoginAndRigisterUser/otpThree'

2021-02-19 17:11:02 - [MESSAGE][PASSED] - Keys '0' sent to object: 'Object Repository/LoginAndRigisterUser/otpFour'

2021-02-19 17:11:02 - [MESSAGE][PASSED] - Keys '0' sent to object: 'Object Repository/LoginAndRigisterUser/otpFive'

2021-02-19 17:11:03 - [MESSAGE][INFO] - Clicked on element with JS

2021-02-19 17:11:06 - [MESSAGE][PASSED] - Object: 'Object Repository/HomePage/ChooseAFile' is clicked on

2021-02-19 17:11:08 - [MESSAGE][PASSED] - Delayed 2 second(s)

2021-02-19 17:11:10 - [MESSAGE][INFO] - Image Uploaded Sucsessfully

2021-02-19 17:11:12 - [MESSAGE][PASSED] - Delayed 2 second(s)

2021-02-19 17:11:13 - [MESSAGE][PASSED] - Text 'readerdc_en_ka_cra_install' is present on page 

2021-02-19 17:11:14 - [MESSAGE][PASSED] - Object: 'Object Repository/HomePage/Window7RadioBtn' is clicked on

2021-02-19 17:11:14 - [MESSAGE][PASSED] - Scroll to object 'Object Repository/HomePage/startAnalysis_EnableBtn' successfully

2021-02-19 17:11:15 - [MESSAGE][PASSED] - Object: 'Object Repository/HomePage/startAnalysis_EnableBtn' is clicked on

2021-02-19 17:11:18 - [MESSAGE][PASSED] - Object 'Object Repository/SubmissionPage/Submission_SearchIcon' is visible

2021-02-19 17:11:19 - [MESSAGE][PASSED] - Object 'Object Repository/SubmissionPage/Submission_SearchIcon' is visible

2021-02-19 17:11:19 - [MESSAGE][PASSED] - Actual object 'readerdc_en_ka_cra_install.exe' and expected object 'readerdc_en_ka_cra_install.exe' are equal

2021-02-19 17:11:19 - [MESSAGE][PASSED] - customKeywords.commanFunctions.uploadFileOfRegisterUser is PASSED

2021-02-19 17:11:19 - [TEST_STEP][PASSED] - customKeywords.commanFunctions.logOutAndcloseBrowser(): customKeywords.commanFunctions.logOutAndcloseBrowser is PASSED

2021-02-19 17:11:19 - [MESSAGE][PASSED] - Object 'Object Repository/LoginAndRigisterUser/AdminDD' is clickable

2021-02-19 17:11:20 - [MESSAGE][INFO] - Clicked on element with JS

2021-02-19 17:11:20 - [MESSAGE][INFO] - Clicked on element with JS

2021-02-19 17:11:21 - [MESSAGE][PASSED] - Delayed 1 second(s)

2021-02-19 17:11:22 - [MESSAGE][PASSED] - Browser is closed

2021-02-19 17:11:22 - [MESSAGE][PASSED] - customKeywords.commanFunctions.logOutAndcloseBrowser is PASSED]]></system-out>
         <system-err><![CDATA[]]></system-err>
      </testcase>
      <testcase name="Test Cases/UploadDiffFiles_RegisterUser/TC_As a register user, Upload Graphics Interchange Format File and verify Uploded file in Submission Page" time="41.633" classname="Test Cases/UploadDiffFiles_RegisterUser/TC_As a register user, Upload Graphics Interchange Format File and verify Uploded file in Submission Page" status="PASSED">
         <system-out><![CDATA[2021-02-19 17:11:22 - [TEST_CASE][PASSED] - Test Cases/UploadDiffFiles_RegisterUser/TC_As a register user, Upload Graphics Interchange Format File and verify Uploded file in Submission Page: Test Cases/UploadDiffFiles_RegisterUser/TC_As a register user, Upload Graphics Interchange Format File and verify Uploded file in Submission Page

2021-02-19 17:11:22 - [TEST_STEP][PASSED] - excelTestData = findTestData("Data Files/TestData/InspectTestData"): null

2021-02-19 17:11:22 - [TEST_STEP][PASSED] - rigisterUN = excelTestData.getValue(2, 23): null

2021-02-19 17:11:22 - [TEST_STEP][PASSED] - rigisterPW = excelTestData.getValue(3, 23): null

2021-02-19 17:11:22 - [TEST_STEP][PASSED] - customKeywords.commanFunctions.uploadFileOfRegisterUser(288, rigisterUN, rigisterPW): customKeywords.commanFunctions.uploadFileOfRegisterUser is PASSED

2021-02-19 17:11:22 - [MESSAGE][INFO] - Starting 'Chrome' driver

2021-02-19 17:11:22 - [MESSAGE][INFO] - Action delay is set to 0 milliseconds

2021-02-19 17:11:34 - [MESSAGE][PASSED] - Browser is opened with url: 'https://Inspect.Stage.site.sa'

2021-02-19 17:11:36 - [MESSAGE][PASSED] - Current window maximized

2021-02-19 17:11:36 - [MESSAGE][PASSED] - Wait for page load successfully

2021-02-19 17:11:36 - [MESSAGE][PASSED] - Object 'Object Repository/LoginAndRigisterUser/LoginLink' is clickable

2021-02-19 17:11:37 - [MESSAGE][INFO] - Clicked on element with JS

2021-02-19 17:11:37 - [MESSAGE][PASSED] - Keys 'Os-ARahman@projects.site.sa' sent to object: 'Object Repository/LoginAndRigisterUser/UserName_Email_Input'

2021-02-19 17:11:38 - [MESSAGE][PASSED] - Keys 'Test@12345' sent to object: 'Object Repository/LoginAndRigisterUser/Password_Input'

2021-02-19 17:11:39 - [MESSAGE][PASSED] - Delayed 1 second(s)

2021-02-19 17:11:39 - [MESSAGE][PASSED] - Object 'Object Repository/LoginAndRigisterUser/LoginBtn' is clickable

2021-02-19 17:11:39 - [MESSAGE][INFO] - Clicked on element with JS

2021-02-19 17:11:42 - [MESSAGE][PASSED] - Keys '0' sent to object: 'Object Repository/LoginAndRigisterUser/otpOne'

2021-02-19 17:11:43 - [MESSAGE][PASSED] - Keys '0' sent to object: 'Object Repository/LoginAndRigisterUser/otpTwo'

2021-02-19 17:11:44 - [MESSAGE][PASSED] - Keys '0' sent to object: 'Object Repository/LoginAndRigisterUser/otpThree'

2021-02-19 17:11:45 - [MESSAGE][PASSED] - Keys '0' sent to object: 'Object Repository/LoginAndRigisterUser/otpFour'

2021-02-19 17:11:46 - [MESSAGE][PASSED] - Keys '0' sent to object: 'Object Repository/LoginAndRigisterUser/otpFive'

2021-02-19 17:11:47 - [MESSAGE][INFO] - Clicked on element with JS

2021-02-19 17:11:49 - [MESSAGE][PASSED] - Object: 'Object Repository/HomePage/ChooseAFile' is clicked on

2021-02-19 17:11:51 - [MESSAGE][PASSED] - Delayed 2 second(s)

2021-02-19 17:11:53 - [MESSAGE][INFO] - Image Uploaded Sucsessfully

2021-02-19 17:11:55 - [MESSAGE][PASSED] - Delayed 2 second(s)

2021-02-19 17:11:55 - [MESSAGE][PASSED] - Text 'Graphics Interchange Format.gif' is present on page 

2021-02-19 17:11:56 - [MESSAGE][PASSED] - Object: 'Object Repository/HomePage/Window7RadioBtn' is clicked on

2021-02-19 17:11:58 - [MESSAGE][PASSED] - Scroll to object 'Object Repository/HomePage/startAnalysis_EnableBtn' successfully

2021-02-19 17:11:58 - [MESSAGE][PASSED] - Object: 'Object Repository/HomePage/startAnalysis_EnableBtn' is clicked on

2021-02-19 17:12:00 - [MESSAGE][PASSED] - Object 'Object Repository/SubmissionPage/Submission_SearchIcon' is visible

2021-02-19 17:12:00 - [MESSAGE][PASSED] - Object 'Object Repository/SubmissionPage/Submission_SearchIcon' is visible

2021-02-19 17:12:00 - [MESSAGE][PASSED] - Actual object 'Graphics Interchange Format.gif' and expected object 'Graphics Interchange Format.gif' are equal

2021-02-19 17:12:00 - [MESSAGE][PASSED] - customKeywords.commanFunctions.uploadFileOfRegisterUser is PASSED

2021-02-19 17:12:00 - [TEST_STEP][PASSED] - customKeywords.commanFunctions.logOutAndcloseBrowser(): customKeywords.commanFunctions.logOutAndcloseBrowser is PASSED

2021-02-19 17:12:01 - [MESSAGE][PASSED] - Object 'Object Repository/LoginAndRigisterUser/AdminDD' is clickable

2021-02-19 17:12:01 - [MESSAGE][INFO] - Clicked on element with JS

2021-02-19 17:12:02 - [MESSAGE][INFO] - Clicked on element with JS

2021-02-19 17:12:03 - [MESSAGE][PASSED] - Delayed 1 second(s)

2021-02-19 17:12:04 - [MESSAGE][PASSED] - Browser is closed

2021-02-19 17:12:04 - [MESSAGE][PASSED] - customKeywords.commanFunctions.logOutAndcloseBrowser is PASSED]]></system-out>
         <system-err><![CDATA[]]></system-err>
      </testcase>
      <testcase name="Test Cases/UploadDiffFiles_RegisterUser/TC_As a register user, Upload Jar File and verify Uploded file in Submission Page" time="41.511" classname="Test Cases/UploadDiffFiles_RegisterUser/TC_As a register user, Upload Jar File and verify Uploded file in Submission Page" status="PASSED">
         <system-out><![CDATA[2021-02-19 17:12:04 - [TEST_CASE][PASSED] - Test Cases/UploadDiffFiles_RegisterUser/TC_As a register user, Upload Jar File and verify Uploded file in Submission Page: Test Cases/UploadDiffFiles_RegisterUser/TC_As a register user, Upload Jar File and verify Uploded file in Submission Page

2021-02-19 17:12:04 - [TEST_STEP][PASSED] - excelTestData = findTestData("Data Files/TestData/InspectTestData"): null

2021-02-19 17:12:04 - [TEST_STEP][PASSED] - rigisterUN = excelTestData.getValue(6, 23): null

2021-02-19 17:12:04 - [TEST_STEP][PASSED] - rigisterPW = excelTestData.getValue(3, 23): null

2021-02-19 17:12:04 - [TEST_STEP][PASSED] - customKeywords.commanFunctions.uploadFileOfRegisterUser(192, rigisterUN, rigisterPW): customKeywords.commanFunctions.uploadFileOfRegisterUser is PASSED

2021-02-19 17:12:04 - [MESSAGE][INFO] - Starting 'Chrome' driver

2021-02-19 17:12:04 - [MESSAGE][INFO] - Action delay is set to 0 milliseconds

2021-02-19 17:12:15 - [MESSAGE][PASSED] - Browser is opened with url: 'https://Inspect.Stage.site.sa'

2021-02-19 17:12:18 - [MESSAGE][PASSED] - Current window maximized

2021-02-19 17:12:18 - [MESSAGE][PASSED] - Wait for page load successfully

2021-02-19 17:12:18 - [MESSAGE][PASSED] - Object 'Object Repository/LoginAndRigisterUser/LoginLink' is clickable

2021-02-19 17:12:18 - [MESSAGE][INFO] - Clicked on element with JS

2021-02-19 17:12:19 - [MESSAGE][PASSED] - Keys 'Os-anelapatla@projects.site.sa' sent to object: 'Object Repository/LoginAndRigisterUser/UserName_Email_Input'

2021-02-19 17:12:19 - [MESSAGE][PASSED] - Keys 'Test@12345' sent to object: 'Object Repository/LoginAndRigisterUser/Password_Input'

2021-02-19 17:12:20 - [MESSAGE][PASSED] - Delayed 1 second(s)

2021-02-19 17:12:21 - [MESSAGE][PASSED] - Object 'Object Repository/LoginAndRigisterUser/LoginBtn' is clickable

2021-02-19 17:12:21 - [MESSAGE][INFO] - Clicked on element with JS

2021-02-19 17:12:23 - [MESSAGE][PASSED] - Keys '0' sent to object: 'Object Repository/LoginAndRigisterUser/otpOne'

2021-02-19 17:12:23 - [MESSAGE][PASSED] - Keys '0' sent to object: 'Object Repository/LoginAndRigisterUser/otpTwo'

2021-02-19 17:12:24 - [MESSAGE][PASSED] - Keys '0' sent to object: 'Object Repository/LoginAndRigisterUser/otpThree'

2021-02-19 17:12:25 - [MESSAGE][PASSED] - Keys '0' sent to object: 'Object Repository/LoginAndRigisterUser/otpFour'

2021-02-19 17:12:26 - [MESSAGE][PASSED] - Keys '0' sent to object: 'Object Repository/LoginAndRigisterUser/otpFive'

2021-02-19 17:12:27 - [MESSAGE][INFO] - Clicked on element with JS

2021-02-19 17:12:29 - [MESSAGE][PASSED] - Object: 'Object Repository/HomePage/ChooseAFile' is clicked on

2021-02-19 17:12:31 - [MESSAGE][PASSED] - Delayed 2 second(s)

2021-02-19 17:12:33 - [MESSAGE][INFO] - Image Uploaded Sucsessfully

2021-02-19 17:12:35 - [MESSAGE][PASSED] - Delayed 2 second(s)

2021-02-19 17:12:35 - [MESSAGE][PASSED] - Text 'commonsCode' is present on page 

2021-02-19 17:12:36 - [MESSAGE][PASSED] - Object: 'Object Repository/HomePage/Window7RadioBtn' is clicked on

2021-02-19 17:12:37 - [MESSAGE][PASSED] - Scroll to object 'Object Repository/HomePage/startAnalysis_EnableBtn' successfully

2021-02-19 17:12:39 - [MESSAGE][PASSED] - Object: 'Object Repository/HomePage/startAnalysis_EnableBtn' is clicked on

2021-02-19 17:12:41 - [MESSAGE][PASSED] - Object 'Object Repository/SubmissionPage/Submission_SearchIcon' is visible

2021-02-19 17:12:42 - [MESSAGE][PASSED] - Object 'Object Repository/SubmissionPage/Submission_SearchIcon' is visible

2021-02-19 17:12:42 - [MESSAGE][PASSED] - Actual object 'commonsCode.jar' and expected object 'commonsCode.jar' are equal

2021-02-19 17:12:42 - [MESSAGE][PASSED] - customKeywords.commanFunctions.uploadFileOfRegisterUser is PASSED

2021-02-19 17:12:42 - [TEST_STEP][PASSED] - customKeywords.commanFunctions.logOutAndcloseBrowser(): customKeywords.commanFunctions.logOutAndcloseBrowser is PASSED

2021-02-19 17:12:43 - [MESSAGE][PASSED] - Object 'Object Repository/LoginAndRigisterUser/AdminDD' is clickable

2021-02-19 17:12:43 - [MESSAGE][INFO] - Clicked on element with JS

2021-02-19 17:12:43 - [MESSAGE][INFO] - Clicked on element with JS

2021-02-19 17:12:44 - [MESSAGE][PASSED] - Delayed 1 second(s)

2021-02-19 17:12:45 - [MESSAGE][PASSED] - Browser is closed

2021-02-19 17:12:45 - [MESSAGE][PASSED] - customKeywords.commanFunctions.logOutAndcloseBrowser is PASSED]]></system-out>
         <system-err><![CDATA[]]></system-err>
      </testcase>
      <testcase name="Test Cases/UploadDiffFiles_RegisterUser/TC_As a register user, Upload Java File and verify Uploded file in Submission Page" time="39.995" classname="Test Cases/UploadDiffFiles_RegisterUser/TC_As a register user, Upload Java File and verify Uploded file in Submission Page" status="PASSED">
         <system-out><![CDATA[2021-02-19 17:12:45 - [TEST_CASE][PASSED] - Test Cases/UploadDiffFiles_RegisterUser/TC_As a register user, Upload Java File and verify Uploded file in Submission Page: Test Cases/UploadDiffFiles_RegisterUser/TC_As a register user, Upload Java File and verify Uploded file in Submission Page

2021-02-19 17:12:45 - [TEST_STEP][PASSED] - excelTestData = findTestData("Data Files/TestData/InspectTestData"): null

2021-02-19 17:12:45 - [TEST_STEP][PASSED] - rigisterUN = excelTestData.getValue(2, 23): null

2021-02-19 17:12:45 - [TEST_STEP][PASSED] - rigisterPW = excelTestData.getValue(3, 23): null

2021-02-19 17:12:45 - [TEST_STEP][PASSED] - customKeywords.commanFunctions.uploadFileOfRegisterUser(276, rigisterUN, rigisterPW): customKeywords.commanFunctions.uploadFileOfRegisterUser is PASSED

2021-02-19 17:12:45 - [MESSAGE][INFO] - Starting 'Chrome' driver

2021-02-19 17:12:45 - [MESSAGE][INFO] - Action delay is set to 0 milliseconds

2021-02-19 17:12:57 - [MESSAGE][PASSED] - Browser is opened with url: 'https://Inspect.Stage.site.sa'

2021-02-19 17:13:00 - [MESSAGE][PASSED] - Current window maximized

2021-02-19 17:13:00 - [MESSAGE][PASSED] - Wait for page load successfully

2021-02-19 17:13:00 - [MESSAGE][PASSED] - Object 'Object Repository/LoginAndRigisterUser/LoginLink' is clickable

2021-02-19 17:13:00 - [MESSAGE][INFO] - Clicked on element with JS

2021-02-19 17:13:01 - [MESSAGE][PASSED] - Keys 'Os-ARahman@projects.site.sa' sent to object: 'Object Repository/LoginAndRigisterUser/UserName_Email_Input'

2021-02-19 17:13:01 - [MESSAGE][PASSED] - Keys 'Test@12345' sent to object: 'Object Repository/LoginAndRigisterUser/Password_Input'

2021-02-19 17:13:02 - [MESSAGE][PASSED] - Delayed 1 second(s)

2021-02-19 17:13:03 - [MESSAGE][PASSED] - Object 'Object Repository/LoginAndRigisterUser/LoginBtn' is clickable

2021-02-19 17:13:03 - [MESSAGE][INFO] - Clicked on element with JS

2021-02-19 17:13:05 - [MESSAGE][PASSED] - Keys '0' sent to object: 'Object Repository/LoginAndRigisterUser/otpOne'

2021-02-19 17:13:06 - [MESSAGE][PASSED] - Keys '0' sent to object: 'Object Repository/LoginAndRigisterUser/otpTwo'

2021-02-19 17:13:06 - [MESSAGE][PASSED] - Keys '0' sent to object: 'Object Repository/LoginAndRigisterUser/otpThree'

2021-02-19 17:13:07 - [MESSAGE][PASSED] - Keys '0' sent to object: 'Object Repository/LoginAndRigisterUser/otpFour'

2021-02-19 17:13:08 - [MESSAGE][PASSED] - Keys '0' sent to object: 'Object Repository/LoginAndRigisterUser/otpFive'

2021-02-19 17:13:08 - [MESSAGE][INFO] - Clicked on element with JS

2021-02-19 17:13:10 - [MESSAGE][PASSED] - Object: 'Object Repository/HomePage/ChooseAFile' is clicked on

2021-02-19 17:13:13 - [MESSAGE][PASSED] - Delayed 2 second(s)

2021-02-19 17:13:15 - [MESSAGE][INFO] - Image Uploaded Sucsessfully

2021-02-19 17:13:17 - [MESSAGE][PASSED] - Delayed 2 second(s)

2021-02-19 17:13:17 - [MESSAGE][PASSED] - Text 'Java files' is present on page 

2021-02-19 17:13:17 - [MESSAGE][PASSED] - Object: 'Object Repository/HomePage/Window7RadioBtn' is clicked on

2021-02-19 17:13:19 - [MESSAGE][PASSED] - Scroll to object 'Object Repository/HomePage/startAnalysis_EnableBtn' successfully

2021-02-19 17:13:20 - [MESSAGE][PASSED] - Object: 'Object Repository/HomePage/startAnalysis_EnableBtn' is clicked on

2021-02-19 17:13:21 - [MESSAGE][PASSED] - Object 'Object Repository/SubmissionPage/Submission_SearchIcon' is visible

2021-02-19 17:13:22 - [MESSAGE][PASSED] - Object 'Object Repository/SubmissionPage/Submission_SearchIcon' is visible

2021-02-19 17:13:22 - [MESSAGE][PASSED] - Actual object 'Java files.java' and expected object 'Java files.java' are equal

2021-02-19 17:13:22 - [MESSAGE][PASSED] - customKeywords.commanFunctions.uploadFileOfRegisterUser is PASSED

2021-02-19 17:13:22 - [TEST_STEP][PASSED] - customKeywords.commanFunctions.logOutAndcloseBrowser(): customKeywords.commanFunctions.logOutAndcloseBrowser is PASSED

2021-02-19 17:13:23 - [MESSAGE][PASSED] - Object 'Object Repository/LoginAndRigisterUser/AdminDD' is clickable

2021-02-19 17:13:23 - [MESSAGE][INFO] - Clicked on element with JS

2021-02-19 17:13:23 - [MESSAGE][INFO] - Clicked on element with JS

2021-02-19 17:13:24 - [MESSAGE][PASSED] - Delayed 1 second(s)

2021-02-19 17:13:25 - [MESSAGE][PASSED] - Browser is closed

2021-02-19 17:13:25 - [MESSAGE][PASSED] - customKeywords.commanFunctions.logOutAndcloseBrowser is PASSED]]></system-out>
         <system-err><![CDATA[]]></system-err>
      </testcase>
      <testcase name="Test Cases/UploadDiffFiles_RegisterUser/TC_As a register user, Upload JPEG graphic File and verify Uploded file in Submission Page" time="41.739" classname="Test Cases/UploadDiffFiles_RegisterUser/TC_As a register user, Upload JPEG graphic File and verify Uploded file in Submission Page" status="PASSED">
         <system-out><![CDATA[2021-02-19 17:13:25 - [TEST_CASE][PASSED] - Test Cases/UploadDiffFiles_RegisterUser/TC_As a register user, Upload JPEG graphic File and verify Uploded file in Submission Page: Test Cases/UploadDiffFiles_RegisterUser/TC_As a register user, Upload JPEG graphic File and verify Uploded file in Submission Page

2021-02-19 17:13:25 - [TEST_STEP][PASSED] - excelTestData = findTestData("Data Files/TestData/InspectTestData"): null

2021-02-19 17:13:25 - [TEST_STEP][PASSED] - rigisterUN = excelTestData.getValue(2, 23): null

2021-02-19 17:13:25 - [TEST_STEP][PASSED] - rigisterPW = excelTestData.getValue(3, 23): null

2021-02-19 17:13:25 - [TEST_STEP][PASSED] - customKeywords.commanFunctions.uploadFileOfRegisterUser(292, rigisterUN, rigisterPW): customKeywords.commanFunctions.uploadFileOfRegisterUser is PASSED

2021-02-19 17:13:25 - [MESSAGE][INFO] - Starting 'Chrome' driver

2021-02-19 17:13:25 - [MESSAGE][INFO] - Action delay is set to 0 milliseconds

2021-02-19 17:13:37 - [MESSAGE][PASSED] - Browser is opened with url: 'https://Inspect.Stage.site.sa'

2021-02-19 17:13:39 - [MESSAGE][PASSED] - Current window maximized

2021-02-19 17:13:39 - [MESSAGE][PASSED] - Wait for page load successfully

2021-02-19 17:13:40 - [MESSAGE][PASSED] - Object 'Object Repository/LoginAndRigisterUser/LoginLink' is clickable

2021-02-19 17:13:40 - [MESSAGE][INFO] - Clicked on element with JS

2021-02-19 17:13:41 - [MESSAGE][PASSED] - Keys 'Os-ARahman@projects.site.sa' sent to object: 'Object Repository/LoginAndRigisterUser/UserName_Email_Input'

2021-02-19 17:13:41 - [MESSAGE][PASSED] - Keys 'Test@12345' sent to object: 'Object Repository/LoginAndRigisterUser/Password_Input'

2021-02-19 17:13:42 - [MESSAGE][PASSED] - Delayed 1 second(s)

2021-02-19 17:13:43 - [MESSAGE][PASSED] - Object 'Object Repository/LoginAndRigisterUser/LoginBtn' is clickable

2021-02-19 17:13:43 - [MESSAGE][INFO] - Clicked on element with JS

2021-02-19 17:13:45 - [MESSAGE][PASSED] - Keys '0' sent to object: 'Object Repository/LoginAndRigisterUser/otpOne'

2021-02-19 17:13:45 - [MESSAGE][PASSED] - Keys '0' sent to object: 'Object Repository/LoginAndRigisterUser/otpTwo'

2021-02-19 17:13:46 - [MESSAGE][PASSED] - Keys '0' sent to object: 'Object Repository/LoginAndRigisterUser/otpThree'

2021-02-19 17:13:47 - [MESSAGE][PASSED] - Keys '0' sent to object: 'Object Repository/LoginAndRigisterUser/otpFour'

2021-02-19 17:13:47 - [MESSAGE][PASSED] - Keys '0' sent to object: 'Object Repository/LoginAndRigisterUser/otpFive'

2021-02-19 17:13:48 - [MESSAGE][INFO] - Clicked on element with JS

2021-02-19 17:13:50 - [MESSAGE][PASSED] - Object: 'Object Repository/HomePage/ChooseAFile' is clicked on

2021-02-19 17:13:52 - [MESSAGE][PASSED] - Delayed 2 second(s)

2021-02-19 17:13:54 - [MESSAGE][INFO] - Image Uploaded Sucsessfully

2021-02-19 17:13:56 - [MESSAGE][PASSED] - Delayed 2 second(s)

2021-02-19 17:13:57 - [MESSAGE][PASSED] - Text 'JPEG graphic' is present on page 

2021-02-19 17:13:58 - [MESSAGE][PASSED] - Object: 'Object Repository/HomePage/Window7RadioBtn' is clicked on

2021-02-19 17:13:59 - [MESSAGE][PASSED] - Scroll to object 'Object Repository/HomePage/startAnalysis_EnableBtn' successfully

2021-02-19 17:14:01 - [MESSAGE][PASSED] - Object: 'Object Repository/HomePage/startAnalysis_EnableBtn' is clicked on

2021-02-19 17:14:03 - [MESSAGE][PASSED] - Object 'Object Repository/SubmissionPage/Submission_SearchIcon' is visible

2021-02-19 17:14:03 - [MESSAGE][PASSED] - Object 'Object Repository/SubmissionPage/Submission_SearchIcon' is visible

2021-02-19 17:14:04 - [MESSAGE][PASSED] - Actual object 'JPEG graphic.jpg' and expected object 'JPEG graphic.jpg' are equal

2021-02-19 17:14:04 - [MESSAGE][PASSED] - customKeywords.commanFunctions.uploadFileOfRegisterUser is PASSED

2021-02-19 17:14:04 - [TEST_STEP][PASSED] - customKeywords.commanFunctions.logOutAndcloseBrowser(): customKeywords.commanFunctions.logOutAndcloseBrowser is PASSED

2021-02-19 17:14:04 - [MESSAGE][PASSED] - Object 'Object Repository/LoginAndRigisterUser/AdminDD' is clickable

2021-02-19 17:14:05 - [MESSAGE][INFO] - Clicked on element with JS

2021-02-19 17:14:05 - [MESSAGE][INFO] - Clicked on element with JS

2021-02-19 17:14:06 - [MESSAGE][PASSED] - Delayed 1 second(s)

2021-02-19 17:14:07 - [MESSAGE][PASSED] - Browser is closed

2021-02-19 17:14:07 - [MESSAGE][PASSED] - customKeywords.commanFunctions.logOutAndcloseBrowser is PASSED]]></system-out>
         <system-err><![CDATA[]]></system-err>
      </testcase>
      <testcase name="Test Cases/UploadDiffFiles_RegisterUser/TC_As a register user, Upload MacPaint File and verify Uploded file in Submission Page" time="42.151" classname="Test Cases/UploadDiffFiles_RegisterUser/TC_As a register user, Upload MacPaint File and verify Uploded file in Submission Page" status="PASSED">
         <system-out><![CDATA[2021-02-19 17:14:07 - [TEST_CASE][PASSED] - Test Cases/UploadDiffFiles_RegisterUser/TC_As a register user, Upload MacPaint File and verify Uploded file in Submission Page: Test Cases/UploadDiffFiles_RegisterUser/TC_As a register user, Upload MacPaint File and verify Uploded file in Submission Page

2021-02-19 17:14:07 - [TEST_STEP][PASSED] - excelTestData = findTestData("Data Files/TestData/InspectTestData"): null

2021-02-19 17:14:07 - [TEST_STEP][PASSED] - rigisterUN = excelTestData.getValue(6, 23): null

2021-02-19 17:14:07 - [TEST_STEP][PASSED] - rigisterPW = excelTestData.getValue(3, 23): null

2021-02-19 17:14:07 - [TEST_STEP][PASSED] - customKeywords.commanFunctions.uploadFileOfRegisterUser(296, rigisterUN, rigisterPW): customKeywords.commanFunctions.uploadFileOfRegisterUser is PASSED

2021-02-19 17:14:07 - [MESSAGE][INFO] - Starting 'Chrome' driver

2021-02-19 17:14:07 - [MESSAGE][INFO] - Action delay is set to 0 milliseconds

2021-02-19 17:14:19 - [MESSAGE][PASSED] - Browser is opened with url: 'https://Inspect.Stage.site.sa'

2021-02-19 17:14:21 - [MESSAGE][PASSED] - Current window maximized

2021-02-19 17:14:21 - [MESSAGE][PASSED] - Wait for page load successfully

2021-02-19 17:14:21 - [MESSAGE][PASSED] - Object 'Object Repository/LoginAndRigisterUser/LoginLink' is clickable

2021-02-19 17:14:22 - [MESSAGE][INFO] - Clicked on element with JS

2021-02-19 17:14:22 - [MESSAGE][PASSED] - Keys 'Os-anelapatla@projects.site.sa' sent to object: 'Object Repository/LoginAndRigisterUser/UserName_Email_Input'

2021-02-19 17:14:23 - [MESSAGE][PASSED] - Keys 'Test@12345' sent to object: 'Object Repository/LoginAndRigisterUser/Password_Input'

2021-02-19 17:14:24 - [MESSAGE][PASSED] - Delayed 1 second(s)

2021-02-19 17:14:24 - [MESSAGE][PASSED] - Object 'Object Repository/LoginAndRigisterUser/LoginBtn' is clickable

2021-02-19 17:14:25 - [MESSAGE][INFO] - Clicked on element with JS

2021-02-19 17:14:27 - [MESSAGE][PASSED] - Keys '0' sent to object: 'Object Repository/LoginAndRigisterUser/otpOne'

2021-02-19 17:14:28 - [MESSAGE][PASSED] - Keys '0' sent to object: 'Object Repository/LoginAndRigisterUser/otpTwo'

2021-02-19 17:14:29 - [MESSAGE][PASSED] - Keys '0' sent to object: 'Object Repository/LoginAndRigisterUser/otpThree'

2021-02-19 17:14:30 - [MESSAGE][PASSED] - Keys '0' sent to object: 'Object Repository/LoginAndRigisterUser/otpFour'

2021-02-19 17:14:31 - [MESSAGE][PASSED] - Keys '0' sent to object: 'Object Repository/LoginAndRigisterUser/otpFive'

2021-02-19 17:14:32 - [MESSAGE][INFO] - Clicked on element with JS

2021-02-19 17:14:34 - [MESSAGE][PASSED] - Object: 'Object Repository/HomePage/ChooseAFile' is clicked on

2021-02-19 17:14:36 - [MESSAGE][PASSED] - Delayed 2 second(s)

2021-02-19 17:14:38 - [MESSAGE][INFO] - Image Uploaded Sucsessfully

2021-02-19 17:14:40 - [MESSAGE][PASSED] - Delayed 2 second(s)

2021-02-19 17:14:41 - [MESSAGE][PASSED] - Text 'MacPaint' is present on page 

2021-02-19 17:14:41 - [MESSAGE][PASSED] - Object: 'Object Repository/HomePage/Window7RadioBtn' is clicked on

2021-02-19 17:14:42 - [MESSAGE][PASSED] - Scroll to object 'Object Repository/HomePage/startAnalysis_EnableBtn' successfully

2021-02-19 17:14:43 - [MESSAGE][PASSED] - Object: 'Object Repository/HomePage/startAnalysis_EnableBtn' is clicked on

2021-02-19 17:14:45 - [MESSAGE][PASSED] - Object 'Object Repository/SubmissionPage/Submission_SearchIcon' is visible

2021-02-19 17:14:45 - [MESSAGE][PASSED] - Object 'Object Repository/SubmissionPage/Submission_SearchIcon' is visible

2021-02-19 17:14:45 - [MESSAGE][PASSED] - Actual object 'MacPaint.mac' and expected object 'MacPaint.mac' are equal

2021-02-19 17:14:45 - [MESSAGE][PASSED] - customKeywords.commanFunctions.uploadFileOfRegisterUser is PASSED

2021-02-19 17:14:45 - [TEST_STEP][PASSED] - customKeywords.commanFunctions.logOutAndcloseBrowser(): customKeywords.commanFunctions.logOutAndcloseBrowser is PASSED

2021-02-19 17:14:46 - [MESSAGE][PASSED] - Object 'Object Repository/LoginAndRigisterUser/AdminDD' is clickable

2021-02-19 17:14:46 - [MESSAGE][INFO] - Clicked on element with JS

2021-02-19 17:14:47 - [MESSAGE][INFO] - Clicked on element with JS

2021-02-19 17:14:48 - [MESSAGE][PASSED] - Delayed 1 second(s)

2021-02-19 17:14:49 - [MESSAGE][PASSED] - Browser is closed

2021-02-19 17:14:49 - [MESSAGE][PASSED] - customKeywords.commanFunctions.logOutAndcloseBrowser is PASSED]]></system-out>
         <system-err><![CDATA[]]></system-err>
      </testcase>
      <testcase name="Test Cases/UploadDiffFiles_RegisterUser/TC_As a register user, Upload Microsoft Word File and verify Uploded file in Submission Page" time="40.246" classname="Test Cases/UploadDiffFiles_RegisterUser/TC_As a register user, Upload Microsoft Word File and verify Uploded file in Submission Page" status="PASSED">
         <system-out><![CDATA[2021-02-19 17:14:49 - [TEST_CASE][PASSED] - Test Cases/UploadDiffFiles_RegisterUser/TC_As a register user, Upload Microsoft Word File and verify Uploded file in Submission Page: Test Cases/UploadDiffFiles_RegisterUser/TC_As a register user, Upload Microsoft Word File and verify Uploded file in Submission Page

2021-02-19 17:14:49 - [TEST_STEP][PASSED] - excelTestData = findTestData("Data Files/TestData/InspectTestData"): null

2021-02-19 17:14:49 - [TEST_STEP][PASSED] - rigisterUN = excelTestData.getValue(2, 23): null

2021-02-19 17:14:49 - [TEST_STEP][PASSED] - rigisterPW = excelTestData.getValue(3, 23): null

2021-02-19 17:14:49 - [TEST_STEP][PASSED] - customKeywords.commanFunctions.uploadFileOfRegisterUser(284, rigisterUN, rigisterPW): customKeywords.commanFunctions.uploadFileOfRegisterUser is PASSED

2021-02-19 17:14:49 - [MESSAGE][INFO] - Starting 'Chrome' driver

2021-02-19 17:14:49 - [MESSAGE][INFO] - Action delay is set to 0 milliseconds

2021-02-19 17:15:01 - [MESSAGE][PASSED] - Browser is opened with url: 'https://Inspect.Stage.site.sa'

2021-02-19 17:15:03 - [MESSAGE][PASSED] - Current window maximized

2021-02-19 17:15:03 - [MESSAGE][PASSED] - Wait for page load successfully

2021-02-19 17:15:03 - [MESSAGE][PASSED] - Object 'Object Repository/LoginAndRigisterUser/LoginLink' is clickable

2021-02-19 17:15:04 - [MESSAGE][INFO] - Clicked on element with JS

2021-02-19 17:15:04 - [MESSAGE][PASSED] - Keys 'Os-ARahman@projects.site.sa' sent to object: 'Object Repository/LoginAndRigisterUser/UserName_Email_Input'

2021-02-19 17:15:05 - [MESSAGE][PASSED] - Keys 'Test@12345' sent to object: 'Object Repository/LoginAndRigisterUser/Password_Input'

2021-02-19 17:15:06 - [MESSAGE][PASSED] - Delayed 1 second(s)

2021-02-19 17:15:06 - [MESSAGE][PASSED] - Object 'Object Repository/LoginAndRigisterUser/LoginBtn' is clickable

2021-02-19 17:15:06 - [MESSAGE][INFO] - Clicked on element with JS

2021-02-19 17:15:09 - [MESSAGE][PASSED] - Keys '0' sent to object: 'Object Repository/LoginAndRigisterUser/otpOne'

2021-02-19 17:15:10 - [MESSAGE][PASSED] - Keys '0' sent to object: 'Object Repository/LoginAndRigisterUser/otpTwo'

2021-02-19 17:15:11 - [MESSAGE][PASSED] - Keys '0' sent to object: 'Object Repository/LoginAndRigisterUser/otpThree'

2021-02-19 17:15:11 - [MESSAGE][PASSED] - Keys '0' sent to object: 'Object Repository/LoginAndRigisterUser/otpFour'

2021-02-19 17:15:12 - [MESSAGE][PASSED] - Keys '0' sent to object: 'Object Repository/LoginAndRigisterUser/otpFive'

2021-02-19 17:15:13 - [MESSAGE][INFO] - Clicked on element with JS

2021-02-19 17:15:15 - [MESSAGE][PASSED] - Object: 'Object Repository/HomePage/ChooseAFile' is clicked on

2021-02-19 17:15:17 - [MESSAGE][PASSED] - Delayed 2 second(s)

2021-02-19 17:15:19 - [MESSAGE][INFO] - Image Uploaded Sucsessfully

2021-02-19 17:15:21 - [MESSAGE][PASSED] - Delayed 2 second(s)

2021-02-19 17:15:22 - [MESSAGE][PASSED] - Text 'Microsoft Word' is present on page 

2021-02-19 17:15:22 - [MESSAGE][PASSED] - Object: 'Object Repository/HomePage/Window7RadioBtn' is clicked on

2021-02-19 17:15:23 - [MESSAGE][PASSED] - Scroll to object 'Object Repository/HomePage/startAnalysis_EnableBtn' successfully

2021-02-19 17:15:24 - [MESSAGE][PASSED] - Object: 'Object Repository/HomePage/startAnalysis_EnableBtn' is clicked on

2021-02-19 17:15:26 - [MESSAGE][PASSED] - Object 'Object Repository/SubmissionPage/Submission_SearchIcon' is visible

2021-02-19 17:15:26 - [MESSAGE][PASSED] - Object 'Object Repository/SubmissionPage/Submission_SearchIcon' is visible

2021-02-19 17:15:26 - [MESSAGE][PASSED] - Actual object 'Microsoft Word.doc' and expected object 'Microsoft Word.doc' are equal

2021-02-19 17:15:26 - [MESSAGE][PASSED] - customKeywords.commanFunctions.uploadFileOfRegisterUser is PASSED

2021-02-19 17:15:26 - [TEST_STEP][PASSED] - customKeywords.commanFunctions.logOutAndcloseBrowser(): customKeywords.commanFunctions.logOutAndcloseBrowser is PASSED

2021-02-19 17:15:27 - [MESSAGE][PASSED] - Object 'Object Repository/LoginAndRigisterUser/AdminDD' is clickable

2021-02-19 17:15:27 - [MESSAGE][INFO] - Clicked on element with JS

2021-02-19 17:15:28 - [MESSAGE][INFO] - Clicked on element with JS

2021-02-19 17:15:29 - [MESSAGE][PASSED] - Delayed 1 second(s)

2021-02-19 17:15:29 - [MESSAGE][PASSED] - Browser is closed

2021-02-19 17:15:29 - [MESSAGE][PASSED] - customKeywords.commanFunctions.logOutAndcloseBrowser is PASSED]]></system-out>
         <system-err><![CDATA[]]></system-err>
      </testcase>
      <testcase name="Test Cases/UploadDiffFiles_RegisterUser/TC_As a register user, Upload MS Access database File and verify Uploded file in Submission Page" time="44.457" classname="Test Cases/UploadDiffFiles_RegisterUser/TC_As a register user, Upload MS Access database File and verify Uploded file in Submission Page" status="PASSED">
         <system-out><![CDATA[2021-02-19 17:15:29 - [TEST_CASE][PASSED] - Test Cases/UploadDiffFiles_RegisterUser/TC_As a register user, Upload MS Access database File and verify Uploded file in Submission Page: Test Cases/UploadDiffFiles_RegisterUser/TC_As a register user, Upload MS Access database File and verify Uploded file in Submission Page

2021-02-19 17:15:29 - [TEST_STEP][PASSED] - excelTestData = findTestData("Data Files/TestData/InspectTestData"): null

2021-02-19 17:15:29 - [TEST_STEP][PASSED] - rigisterUN = excelTestData.getValue(6, 23): null

2021-02-19 17:15:29 - [TEST_STEP][PASSED] - rigisterPW = excelTestData.getValue(3, 23): null

2021-02-19 17:15:29 - [TEST_STEP][PASSED] - customKeywords.commanFunctions.uploadFileOfRegisterUser(305, rigisterUN, rigisterPW): customKeywords.commanFunctions.uploadFileOfRegisterUser is PASSED

2021-02-19 17:15:30 - [MESSAGE][INFO] - Starting 'Chrome' driver

2021-02-19 17:15:30 - [MESSAGE][INFO] - Action delay is set to 0 milliseconds

2021-02-19 17:15:41 - [MESSAGE][PASSED] - Browser is opened with url: 'https://Inspect.Stage.site.sa'

2021-02-19 17:15:43 - [MESSAGE][PASSED] - Current window maximized

2021-02-19 17:15:43 - [MESSAGE][PASSED] - Wait for page load successfully

2021-02-19 17:15:44 - [MESSAGE][PASSED] - Object 'Object Repository/LoginAndRigisterUser/LoginLink' is clickable

2021-02-19 17:15:44 - [MESSAGE][INFO] - Clicked on element with JS

2021-02-19 17:15:45 - [MESSAGE][PASSED] - Keys 'Os-anelapatla@projects.site.sa' sent to object: 'Object Repository/LoginAndRigisterUser/UserName_Email_Input'

2021-02-19 17:15:45 - [MESSAGE][PASSED] - Keys 'Test@12345' sent to object: 'Object Repository/LoginAndRigisterUser/Password_Input'

2021-02-19 17:15:46 - [MESSAGE][PASSED] - Delayed 1 second(s)

2021-02-19 17:15:47 - [MESSAGE][PASSED] - Object 'Object Repository/LoginAndRigisterUser/LoginBtn' is clickable

2021-02-19 17:15:47 - [MESSAGE][INFO] - Clicked on element with JS

2021-02-19 17:15:49 - [MESSAGE][PASSED] - Keys '0' sent to object: 'Object Repository/LoginAndRigisterUser/otpOne'

2021-02-19 17:15:49 - [MESSAGE][PASSED] - Keys '0' sent to object: 'Object Repository/LoginAndRigisterUser/otpTwo'

2021-02-19 17:15:50 - [MESSAGE][PASSED] - Keys '0' sent to object: 'Object Repository/LoginAndRigisterUser/otpThree'

2021-02-19 17:15:51 - [MESSAGE][PASSED] - Keys '0' sent to object: 'Object Repository/LoginAndRigisterUser/otpFour'

2021-02-19 17:15:51 - [MESSAGE][PASSED] - Keys '0' sent to object: 'Object Repository/LoginAndRigisterUser/otpFive'

2021-02-19 17:15:52 - [MESSAGE][INFO] - Clicked on element with JS

2021-02-19 17:15:54 - [MESSAGE][PASSED] - Object: 'Object Repository/HomePage/ChooseAFile' is clicked on

2021-02-19 17:15:56 - [MESSAGE][PASSED] - Delayed 2 second(s)

2021-02-19 17:15:58 - [MESSAGE][INFO] - Image Uploaded Sucsessfully

2021-02-19 17:16:00 - [MESSAGE][PASSED] - Delayed 2 second(s)

2021-02-19 17:16:01 - [MESSAGE][PASSED] - Text 'MS Access database' is present on page 

2021-02-19 17:16:02 - [MESSAGE][PASSED] - Object: 'Object Repository/HomePage/Window7RadioBtn' is clicked on

2021-02-19 17:16:03 - [MESSAGE][PASSED] - Scroll to object 'Object Repository/HomePage/startAnalysis_EnableBtn' successfully

2021-02-19 17:16:04 - [MESSAGE][PASSED] - Object: 'Object Repository/HomePage/startAnalysis_EnableBtn' is clicked on

2021-02-19 17:16:10 - [MESSAGE][PASSED] - Object 'Object Repository/SubmissionPage/Submission_SearchIcon' is visible

2021-02-19 17:16:10 - [MESSAGE][PASSED] - Object 'Object Repository/SubmissionPage/Submission_SearchIcon' is visible

2021-02-19 17:16:11 - [MESSAGE][PASSED] - Actual object 'MS Access database.mdb' and expected object 'MS Access database.mdb' are equal

2021-02-19 17:16:11 - [MESSAGE][PASSED] - customKeywords.commanFunctions.uploadFileOfRegisterUser is PASSED

2021-02-19 17:16:11 - [TEST_STEP][PASSED] - customKeywords.commanFunctions.logOutAndcloseBrowser(): customKeywords.commanFunctions.logOutAndcloseBrowser is PASSED

2021-02-19 17:16:11 - [MESSAGE][PASSED] - Object 'Object Repository/LoginAndRigisterUser/AdminDD' is clickable

2021-02-19 17:16:11 - [MESSAGE][INFO] - Clicked on element with JS

2021-02-19 17:16:12 - [MESSAGE][INFO] - Clicked on element with JS

2021-02-19 17:16:13 - [MESSAGE][PASSED] - Delayed 1 second(s)

2021-02-19 17:16:14 - [MESSAGE][PASSED] - Browser is closed

2021-02-19 17:16:14 - [MESSAGE][PASSED] - customKeywords.commanFunctions.logOutAndcloseBrowser is PASSED]]></system-out>
         <system-err><![CDATA[]]></system-err>
      </testcase>
      <testcase name="Test Cases/UploadDiffFiles_RegisterUser/TC_As a register user, Upload MS Works File and verify Uploded file in Submission Page" time="39.631" classname="Test Cases/UploadDiffFiles_RegisterUser/TC_As a register user, Upload MS Works File and verify Uploded file in Submission Page" status="PASSED">
         <system-out><![CDATA[2021-02-19 17:16:14 - [TEST_CASE][PASSED] - Test Cases/UploadDiffFiles_RegisterUser/TC_As a register user, Upload MS Works File and verify Uploded file in Submission Page: Test Cases/UploadDiffFiles_RegisterUser/TC_As a register user, Upload MS Works File and verify Uploded file in Submission Page

2021-02-19 17:16:14 - [TEST_STEP][PASSED] - excelTestData = findTestData("Data Files/TestData/InspectTestData"): null

2021-02-19 17:16:14 - [TEST_STEP][PASSED] - rigisterUN = excelTestData.getValue(6, 23): null

2021-02-19 17:16:14 - [TEST_STEP][PASSED] - rigisterPW = excelTestData.getValue(3, 23): null

2021-02-19 17:16:14 - [TEST_STEP][PASSED] - customKeywords.commanFunctions.uploadFileOfRegisterUser(325, rigisterUN, rigisterPW): customKeywords.commanFunctions.uploadFileOfRegisterUser is PASSED

2021-02-19 17:16:14 - [MESSAGE][INFO] - Starting 'Chrome' driver

2021-02-19 17:16:14 - [MESSAGE][INFO] - Action delay is set to 0 milliseconds

2021-02-19 17:16:26 - [MESSAGE][PASSED] - Browser is opened with url: 'https://Inspect.Stage.site.sa'

2021-02-19 17:16:28 - [MESSAGE][PASSED] - Current window maximized

2021-02-19 17:16:28 - [MESSAGE][PASSED] - Wait for page load successfully

2021-02-19 17:16:28 - [MESSAGE][PASSED] - Object 'Object Repository/LoginAndRigisterUser/LoginLink' is clickable

2021-02-19 17:16:29 - [MESSAGE][INFO] - Clicked on element with JS

2021-02-19 17:16:29 - [MESSAGE][PASSED] - Keys 'Os-anelapatla@projects.site.sa' sent to object: 'Object Repository/LoginAndRigisterUser/UserName_Email_Input'

2021-02-19 17:16:30 - [MESSAGE][PASSED] - Keys 'Test@12345' sent to object: 'Object Repository/LoginAndRigisterUser/Password_Input'

2021-02-19 17:16:31 - [MESSAGE][PASSED] - Delayed 1 second(s)

2021-02-19 17:16:31 - [MESSAGE][PASSED] - Object 'Object Repository/LoginAndRigisterUser/LoginBtn' is clickable

2021-02-19 17:16:31 - [MESSAGE][INFO] - Clicked on element with JS

2021-02-19 17:16:33 - [MESSAGE][PASSED] - Keys '0' sent to object: 'Object Repository/LoginAndRigisterUser/otpOne'

2021-02-19 17:16:34 - [MESSAGE][PASSED] - Keys '0' sent to object: 'Object Repository/LoginAndRigisterUser/otpTwo'

2021-02-19 17:16:35 - [MESSAGE][PASSED] - Keys '0' sent to object: 'Object Repository/LoginAndRigisterUser/otpThree'

2021-02-19 17:16:35 - [MESSAGE][PASSED] - Keys '0' sent to object: 'Object Repository/LoginAndRigisterUser/otpFour'

2021-02-19 17:16:36 - [MESSAGE][PASSED] - Keys '0' sent to object: 'Object Repository/LoginAndRigisterUser/otpFive'

2021-02-19 17:16:37 - [MESSAGE][INFO] - Clicked on element with JS

2021-02-19 17:16:39 - [MESSAGE][PASSED] - Object: 'Object Repository/HomePage/ChooseAFile' is clicked on

2021-02-19 17:16:41 - [MESSAGE][PASSED] - Delayed 2 second(s)

2021-02-19 17:16:43 - [MESSAGE][INFO] - Image Uploaded Sucsessfully

2021-02-19 17:16:45 - [MESSAGE][PASSED] - Delayed 2 second(s)

2021-02-19 17:16:45 - [MESSAGE][PASSED] - Text 'MS Works' is present on page 

2021-02-19 17:16:46 - [MESSAGE][PASSED] - Object: 'Object Repository/HomePage/Window7RadioBtn' is clicked on

2021-02-19 17:16:47 - [MESSAGE][PASSED] - Scroll to object 'Object Repository/HomePage/startAnalysis_EnableBtn' successfully

2021-02-19 17:16:48 - [MESSAGE][PASSED] - Object: 'Object Repository/HomePage/startAnalysis_EnableBtn' is clicked on

2021-02-19 17:16:50 - [MESSAGE][PASSED] - Object 'Object Repository/SubmissionPage/Submission_SearchIcon' is visible

2021-02-19 17:16:50 - [MESSAGE][PASSED] - Object 'Object Repository/SubmissionPage/Submission_SearchIcon' is visible

2021-02-19 17:16:50 - [MESSAGE][PASSED] - Actual object 'MS Works.wks' and expected object 'MS Works.wks' are equal

2021-02-19 17:16:50 - [MESSAGE][PASSED] - customKeywords.commanFunctions.uploadFileOfRegisterUser is PASSED

2021-02-19 17:16:50 - [TEST_STEP][PASSED] - customKeywords.commanFunctions.logOutAndcloseBrowser(): customKeywords.commanFunctions.logOutAndcloseBrowser is PASSED

2021-02-19 17:16:51 - [MESSAGE][PASSED] - Object 'Object Repository/LoginAndRigisterUser/AdminDD' is clickable

2021-02-19 17:16:51 - [MESSAGE][INFO] - Clicked on element with JS

2021-02-19 17:16:52 - [MESSAGE][INFO] - Clicked on element with JS

2021-02-19 17:16:53 - [MESSAGE][PASSED] - Delayed 1 second(s)

2021-02-19 17:16:53 - [MESSAGE][PASSED] - Browser is closed

2021-02-19 17:16:53 - [MESSAGE][PASSED] - customKeywords.commanFunctions.logOutAndcloseBrowser is PASSED]]></system-out>
         <system-err><![CDATA[]]></system-err>
      </testcase>
      <testcase name="Test Cases/UploadDiffFiles_RegisterUser/TC_As a register user, Upload Multimedia File and verify Uploded file in Submission Page" time="39.624" classname="Test Cases/UploadDiffFiles_RegisterUser/TC_As a register user, Upload Multimedia File and verify Uploded file in Submission Page" status="PASSED">
         <system-out><![CDATA[2021-02-19 17:16:53 - [TEST_CASE][PASSED] - Test Cases/UploadDiffFiles_RegisterUser/TC_As a register user, Upload Multimedia File and verify Uploded file in Submission Page: Test Cases/UploadDiffFiles_RegisterUser/TC_As a register user, Upload Multimedia File and verify Uploded file in Submission Page

2021-02-19 17:16:53 - [TEST_STEP][PASSED] - excelTestData = findTestData("Data Files/TestData/InspectTestData"): null

2021-02-19 17:16:53 - [TEST_STEP][PASSED] - rigisterUN = excelTestData.getValue(2, 23): null

2021-02-19 17:16:53 - [TEST_STEP][PASSED] - rigisterPW = excelTestData.getValue(3, 23): null

2021-02-19 17:16:53 - [TEST_STEP][PASSED] - customKeywords.commanFunctions.uploadFileOfRegisterUser(280, rigisterUN, rigisterPW): customKeywords.commanFunctions.uploadFileOfRegisterUser is PASSED

2021-02-19 17:16:54 - [MESSAGE][INFO] - Starting 'Chrome' driver

2021-02-19 17:16:54 - [MESSAGE][INFO] - Action delay is set to 0 milliseconds

2021-02-19 17:17:06 - [MESSAGE][PASSED] - Browser is opened with url: 'https://Inspect.Stage.site.sa'

2021-02-19 17:17:08 - [MESSAGE][PASSED] - Current window maximized

2021-02-19 17:17:08 - [MESSAGE][PASSED] - Wait for page load successfully

2021-02-19 17:17:09 - [MESSAGE][PASSED] - Object 'Object Repository/LoginAndRigisterUser/LoginLink' is clickable

2021-02-19 17:17:09 - [MESSAGE][INFO] - Clicked on element with JS

2021-02-19 17:17:09 - [MESSAGE][PASSED] - Keys 'Os-ARahman@projects.site.sa' sent to object: 'Object Repository/LoginAndRigisterUser/UserName_Email_Input'

2021-02-19 17:17:10 - [MESSAGE][PASSED] - Keys 'Test@12345' sent to object: 'Object Repository/LoginAndRigisterUser/Password_Input'

2021-02-19 17:17:11 - [MESSAGE][PASSED] - Delayed 1 second(s)

2021-02-19 17:17:11 - [MESSAGE][PASSED] - Object 'Object Repository/LoginAndRigisterUser/LoginBtn' is clickable

2021-02-19 17:17:12 - [MESSAGE][INFO] - Clicked on element with JS

2021-02-19 17:17:14 - [MESSAGE][PASSED] - Keys '0' sent to object: 'Object Repository/LoginAndRigisterUser/otpOne'

2021-02-19 17:17:14 - [MESSAGE][PASSED] - Keys '0' sent to object: 'Object Repository/LoginAndRigisterUser/otpTwo'

2021-02-19 17:17:15 - [MESSAGE][PASSED] - Keys '0' sent to object: 'Object Repository/LoginAndRigisterUser/otpThree'

2021-02-19 17:17:16 - [MESSAGE][PASSED] - Keys '0' sent to object: 'Object Repository/LoginAndRigisterUser/otpFour'

2021-02-19 17:17:16 - [MESSAGE][PASSED] - Keys '0' sent to object: 'Object Repository/LoginAndRigisterUser/otpFive'

2021-02-19 17:17:17 - [MESSAGE][INFO] - Clicked on element with JS

2021-02-19 17:17:19 - [MESSAGE][PASSED] - Object: 'Object Repository/HomePage/ChooseAFile' is clicked on

2021-02-19 17:17:21 - [MESSAGE][PASSED] - Delayed 2 second(s)

2021-02-19 17:17:23 - [MESSAGE][INFO] - Image Uploaded Sucsessfully

2021-02-19 17:17:25 - [MESSAGE][PASSED] - Delayed 2 second(s)

2021-02-19 17:17:26 - [MESSAGE][PASSED] - Text 'Multimedia' is present on page 

2021-02-19 17:17:26 - [MESSAGE][PASSED] - Object: 'Object Repository/HomePage/Window7RadioBtn' is clicked on

2021-02-19 17:17:27 - [MESSAGE][PASSED] - Scroll to object 'Object Repository/HomePage/startAnalysis_EnableBtn' successfully

2021-02-19 17:17:28 - [MESSAGE][PASSED] - Object: 'Object Repository/HomePage/startAnalysis_EnableBtn' is clicked on

2021-02-19 17:17:29 - [MESSAGE][PASSED] - Object 'Object Repository/SubmissionPage/Submission_SearchIcon' is visible

2021-02-19 17:17:30 - [MESSAGE][PASSED] - Object 'Object Repository/SubmissionPage/Submission_SearchIcon' is visible

2021-02-19 17:17:30 - [MESSAGE][PASSED] - Actual object 'Multimedia.avi' and expected object 'Multimedia.avi' are equal

2021-02-19 17:17:30 - [MESSAGE][PASSED] - customKeywords.commanFunctions.uploadFileOfRegisterUser is PASSED

2021-02-19 17:17:30 - [TEST_STEP][PASSED] - customKeywords.commanFunctions.logOutAndcloseBrowser(): customKeywords.commanFunctions.logOutAndcloseBrowser is PASSED

2021-02-19 17:17:30 - [MESSAGE][PASSED] - Object 'Object Repository/LoginAndRigisterUser/AdminDD' is clickable

2021-02-19 17:17:31 - [MESSAGE][INFO] - Clicked on element with JS

2021-02-19 17:17:31 - [MESSAGE][INFO] - Clicked on element with JS

2021-02-19 17:17:32 - [MESSAGE][PASSED] - Delayed 1 second(s)

2021-02-19 17:17:33 - [MESSAGE][PASSED] - Browser is closed

2021-02-19 17:17:33 - [MESSAGE][PASSED] - customKeywords.commanFunctions.logOutAndcloseBrowser is PASSED]]></system-out>
         <system-err><![CDATA[]]></system-err>
      </testcase>
      <testcase name="Test Cases/UploadDiffFiles_RegisterUser/TC_As a register user, Upload PaintShop Pro File and verify Uploded file in Submission Page" time="39.875" classname="Test Cases/UploadDiffFiles_RegisterUser/TC_As a register user, Upload PaintShop Pro File and verify Uploded file in Submission Page" status="PASSED">
         <system-out><![CDATA[2021-02-19 17:17:33 - [TEST_CASE][PASSED] - Test Cases/UploadDiffFiles_RegisterUser/TC_As a register user, Upload PaintShop Pro File and verify Uploded file in Submission Page: Test Cases/UploadDiffFiles_RegisterUser/TC_As a register user, Upload PaintShop Pro File and verify Uploded file in Submission Page

2021-02-19 17:17:33 - [TEST_STEP][PASSED] - excelTestData = findTestData("Data Files/TestData/InspectTestData"): null

2021-02-19 17:17:33 - [TEST_STEP][PASSED] - rigisterUN = excelTestData.getValue(6, 23): null

2021-02-19 17:17:33 - [TEST_STEP][PASSED] - rigisterPW = excelTestData.getValue(3, 23): null

2021-02-19 17:17:33 - [TEST_STEP][PASSED] - customKeywords.commanFunctions.uploadFileOfRegisterUser(313, rigisterUN, rigisterPW): customKeywords.commanFunctions.uploadFileOfRegisterUser is PASSED

2021-02-19 17:17:33 - [MESSAGE][INFO] - Starting 'Chrome' driver

2021-02-19 17:17:33 - [MESSAGE][INFO] - Action delay is set to 0 milliseconds

2021-02-19 17:17:45 - [MESSAGE][PASSED] - Browser is opened with url: 'https://Inspect.Stage.site.sa'

2021-02-19 17:17:47 - [MESSAGE][PASSED] - Current window maximized

2021-02-19 17:17:47 - [MESSAGE][PASSED] - Wait for page load successfully

2021-02-19 17:17:47 - [MESSAGE][PASSED] - Object 'Object Repository/LoginAndRigisterUser/LoginLink' is clickable

2021-02-19 17:17:48 - [MESSAGE][INFO] - Clicked on element with JS

2021-02-19 17:17:48 - [MESSAGE][PASSED] - Keys 'Os-anelapatla@projects.site.sa' sent to object: 'Object Repository/LoginAndRigisterUser/UserName_Email_Input'

2021-02-19 17:17:49 - [MESSAGE][PASSED] - Keys 'Test@12345' sent to object: 'Object Repository/LoginAndRigisterUser/Password_Input'

2021-02-19 17:17:50 - [MESSAGE][PASSED] - Delayed 1 second(s)

2021-02-19 17:17:50 - [MESSAGE][PASSED] - Object 'Object Repository/LoginAndRigisterUser/LoginBtn' is clickable

2021-02-19 17:17:50 - [MESSAGE][INFO] - Clicked on element with JS

2021-02-19 17:17:52 - [MESSAGE][PASSED] - Keys '0' sent to object: 'Object Repository/LoginAndRigisterUser/otpOne'

2021-02-19 17:17:54 - [MESSAGE][PASSED] - Keys '0' sent to object: 'Object Repository/LoginAndRigisterUser/otpTwo'

2021-02-19 17:17:54 - [MESSAGE][PASSED] - Keys '0' sent to object: 'Object Repository/LoginAndRigisterUser/otpThree'

2021-02-19 17:17:55 - [MESSAGE][PASSED] - Keys '0' sent to object: 'Object Repository/LoginAndRigisterUser/otpFour'

2021-02-19 17:17:56 - [MESSAGE][PASSED] - Keys '0' sent to object: 'Object Repository/LoginAndRigisterUser/otpFive'

2021-02-19 17:17:57 - [MESSAGE][INFO] - Clicked on element with JS

2021-02-19 17:17:59 - [MESSAGE][PASSED] - Object: 'Object Repository/HomePage/ChooseAFile' is clicked on

2021-02-19 17:18:01 - [MESSAGE][PASSED] - Delayed 2 second(s)

2021-02-19 17:18:03 - [MESSAGE][INFO] - Image Uploaded Sucsessfully

2021-02-19 17:18:05 - [MESSAGE][PASSED] - Delayed 2 second(s)

2021-02-19 17:18:06 - [MESSAGE][PASSED] - Text 'PaintShop Pro' is present on page 

2021-02-19 17:18:06 - [MESSAGE][PASSED] - Object: 'Object Repository/HomePage/Window7RadioBtn' is clicked on

2021-02-19 17:18:07 - [MESSAGE][PASSED] - Scroll to object 'Object Repository/HomePage/startAnalysis_EnableBtn' successfully

2021-02-19 17:18:07 - [MESSAGE][PASSED] - Object: 'Object Repository/HomePage/startAnalysis_EnableBtn' is clicked on

2021-02-19 17:18:09 - [MESSAGE][PASSED] - Object 'Object Repository/SubmissionPage/Submission_SearchIcon' is visible

2021-02-19 17:18:09 - [MESSAGE][PASSED] - Object 'Object Repository/SubmissionPage/Submission_SearchIcon' is visible

2021-02-19 17:18:10 - [MESSAGE][PASSED] - Actual object 'PaintShop Pro.psp' and expected object 'PaintShop Pro.psp' are equal

2021-02-19 17:18:10 - [MESSAGE][PASSED] - customKeywords.commanFunctions.uploadFileOfRegisterUser is PASSED

2021-02-19 17:18:10 - [TEST_STEP][PASSED] - customKeywords.commanFunctions.logOutAndcloseBrowser(): customKeywords.commanFunctions.logOutAndcloseBrowser is PASSED

2021-02-19 17:18:10 - [MESSAGE][PASSED] - Object 'Object Repository/LoginAndRigisterUser/AdminDD' is clickable

2021-02-19 17:18:11 - [MESSAGE][INFO] - Clicked on element with JS

2021-02-19 17:18:11 - [MESSAGE][INFO] - Clicked on element with JS

2021-02-19 17:18:12 - [MESSAGE][PASSED] - Delayed 1 second(s)

2021-02-19 17:18:13 - [MESSAGE][PASSED] - Browser is closed

2021-02-19 17:18:13 - [MESSAGE][PASSED] - customKeywords.commanFunctions.logOutAndcloseBrowser is PASSED]]></system-out>
         <system-err><![CDATA[]]></system-err>
      </testcase>
      <testcase name="Test Cases/UploadDiffFiles_RegisterUser/TC_As a register user, Upload PC batch file File and verify Uploded file in Submission Page" time="39.79" classname="Test Cases/UploadDiffFiles_RegisterUser/TC_As a register user, Upload PC batch file File and verify Uploded file in Submission Page" status="PASSED">
         <system-out><![CDATA[2021-02-19 17:18:13 - [TEST_CASE][PASSED] - Test Cases/UploadDiffFiles_RegisterUser/TC_As a register user, Upload PC batch file File and verify Uploded file in Submission Page: Test Cases/UploadDiffFiles_RegisterUser/TC_As a register user, Upload PC batch file File and verify Uploded file in Submission Page

2021-02-19 17:18:13 - [TEST_STEP][PASSED] - excelTestData = findTestData("Data Files/TestData/InspectTestData"): null

2021-02-19 17:18:13 - [TEST_STEP][PASSED] - rigisterUN = excelTestData.getValue(2, 23): null

2021-02-19 17:18:13 - [TEST_STEP][PASSED] - rigisterPW = excelTestData.getValue(3, 23): null

2021-02-19 17:18:13 - [TEST_STEP][PASSED] - customKeywords.commanFunctions.uploadFileOfRegisterUser(268, rigisterUN, rigisterPW): customKeywords.commanFunctions.uploadFileOfRegisterUser is PASSED

2021-02-19 17:18:13 - [MESSAGE][INFO] - Starting 'Chrome' driver

2021-02-19 17:18:13 - [MESSAGE][INFO] - Action delay is set to 0 milliseconds

2021-02-19 17:18:25 - [MESSAGE][PASSED] - Browser is opened with url: 'https://Inspect.Stage.site.sa'

2021-02-19 17:18:27 - [MESSAGE][PASSED] - Current window maximized

2021-02-19 17:18:27 - [MESSAGE][PASSED] - Wait for page load successfully

2021-02-19 17:18:28 - [MESSAGE][PASSED] - Object 'Object Repository/LoginAndRigisterUser/LoginLink' is clickable

2021-02-19 17:18:28 - [MESSAGE][INFO] - Clicked on element with JS

2021-02-19 17:18:28 - [MESSAGE][PASSED] - Keys 'Os-ARahman@projects.site.sa' sent to object: 'Object Repository/LoginAndRigisterUser/UserName_Email_Input'

2021-02-19 17:18:29 - [MESSAGE][PASSED] - Keys 'Test@12345' sent to object: 'Object Repository/LoginAndRigisterUser/Password_Input'

2021-02-19 17:18:30 - [MESSAGE][PASSED] - Delayed 1 second(s)

2021-02-19 17:18:30 - [MESSAGE][PASSED] - Object 'Object Repository/LoginAndRigisterUser/LoginBtn' is clickable

2021-02-19 17:18:31 - [MESSAGE][INFO] - Clicked on element with JS

2021-02-19 17:18:33 - [MESSAGE][PASSED] - Keys '0' sent to object: 'Object Repository/LoginAndRigisterUser/otpOne'

2021-02-19 17:18:34 - [MESSAGE][PASSED] - Keys '0' sent to object: 'Object Repository/LoginAndRigisterUser/otpTwo'

2021-02-19 17:18:35 - [MESSAGE][PASSED] - Keys '0' sent to object: 'Object Repository/LoginAndRigisterUser/otpThree'

2021-02-19 17:18:36 - [MESSAGE][PASSED] - Keys '0' sent to object: 'Object Repository/LoginAndRigisterUser/otpFour'

2021-02-19 17:18:37 - [MESSAGE][PASSED] - Keys '0' sent to object: 'Object Repository/LoginAndRigisterUser/otpFive'

2021-02-19 17:18:37 - [MESSAGE][INFO] - Clicked on element with JS

2021-02-19 17:18:39 - [MESSAGE][PASSED] - Object: 'Object Repository/HomePage/ChooseAFile' is clicked on

2021-02-19 17:18:41 - [MESSAGE][PASSED] - Delayed 2 second(s)

2021-02-19 17:18:43 - [MESSAGE][INFO] - Image Uploaded Sucsessfully

2021-02-19 17:18:45 - [MESSAGE][PASSED] - Delayed 2 second(s)

2021-02-19 17:18:46 - [MESSAGE][PASSED] - Text 'PC batch file' is present on page 

2021-02-19 17:18:46 - [MESSAGE][PASSED] - Object: 'Object Repository/HomePage/Window7RadioBtn' is clicked on

2021-02-19 17:18:47 - [MESSAGE][PASSED] - Scroll to object 'Object Repository/HomePage/startAnalysis_EnableBtn' successfully

2021-02-19 17:18:47 - [MESSAGE][PASSED] - Object: 'Object Repository/HomePage/startAnalysis_EnableBtn' is clicked on

2021-02-19 17:18:49 - [MESSAGE][PASSED] - Object 'Object Repository/SubmissionPage/Submission_SearchIcon' is visible

2021-02-19 17:18:49 - [MESSAGE][PASSED] - Object 'Object Repository/SubmissionPage/Submission_SearchIcon' is visible

2021-02-19 17:18:50 - [MESSAGE][PASSED] - Actual object 'PC batch file.bat' and expected object 'PC batch file.bat' are equal

2021-02-19 17:18:50 - [MESSAGE][PASSED] - customKeywords.commanFunctions.uploadFileOfRegisterUser is PASSED

2021-02-19 17:18:50 - [TEST_STEP][PASSED] - customKeywords.commanFunctions.logOutAndcloseBrowser(): customKeywords.commanFunctions.logOutAndcloseBrowser is PASSED

2021-02-19 17:18:50 - [MESSAGE][PASSED] - Object 'Object Repository/LoginAndRigisterUser/AdminDD' is clickable

2021-02-19 17:18:50 - [MESSAGE][INFO] - Clicked on element with JS

2021-02-19 17:18:51 - [MESSAGE][INFO] - Clicked on element with JS

2021-02-19 17:18:52 - [MESSAGE][PASSED] - Delayed 1 second(s)

2021-02-19 17:18:53 - [MESSAGE][PASSED] - Browser is closed

2021-02-19 17:18:53 - [MESSAGE][PASSED] - customKeywords.commanFunctions.logOutAndcloseBrowser is PASSED]]></system-out>
         <system-err><![CDATA[]]></system-err>
      </testcase>
      <testcase name="Test Cases/UploadDiffFiles_RegisterUser/TC_As a register user, Upload PC Zip Compressed Archive File and verify Uploded file in Submission Page" time="33.155" classname="Test Cases/UploadDiffFiles_RegisterUser/TC_As a register user, Upload PC Zip Compressed Archive File and verify Uploded file in Submission Page" status="FAILED">
         <failure type="FAILED" message="Test Cases/UploadDiffFiles_RegisterUser/TC_As a register user, Upload PC Zip Compressed Archive File and verify Uploded file in Submission Page FAILED.
Reason:
com.kms.katalon.core.exception.StepFailedException: Unable to verify text 'PC Zip Compressed Archive' is present 
	at com.kms.katalon.core.webui.keyword.internal.WebUIKeywordMain.stepFailed(WebUIKeywordMain.groovy:64)
	at com.kms.katalon.core.webui.keyword.internal.WebUIKeywordMain.runKeyword(WebUIKeywordMain.groovy:26)
	at com.kms.katalon.core.webui.keyword.builtin.VerifyTextPresentKeyword.verifyTextPresent(VerifyTextPresentKeyword.groovy:83)
	at com.kms.katalon.core.webui.keyword.builtin.VerifyTextPresentKeyword.execute(VerifyTextPresentKeyword.groovy:68)
	at com.kms.katalon.core.keyword.internal.KeywordExecutor.executeKeywordForPlatform(KeywordExecutor.groovy:73)
	at com.kms.katalon.core.webui.keyword.WebUiBuiltInKeywords.verifyTextPresent(WebUiBuiltInKeywords.groovy:1720)
	at com.kms.katalon.core.webui.keyword.WebUiBuiltInKeywords$verifyTextPresent$6.call(Unknown Source)
	at customKeywords.commanFunctions.UploadReqFile(commanFunctions.groovy:282)
	at customKeywords.commanFunctions.uploadFileOfRegisterUser(commanFunctions.groovy:761)
	at customKeywords.commanFunctions.invokeMethod(commanFunctions.groovy)
	at com.kms.katalon.core.main.CustomKeywordDelegatingMetaClass.invokeStaticMethod(CustomKeywordDelegatingMetaClass.java:50)
	at TC_As a register user, Upload PC Zip Compressed Archive File and verify Uploded file in Submission Page.run(TC_As a register user, Upload PC Zip Compressed Archive File and verify Uploded file in Submission Page:16)
	at com.kms.katalon.core.main.ScriptEngine.run(ScriptEngine.java:194)
	at com.kms.katalon.core.main.ScriptEngine.runScriptAsRawText(ScriptEngine.java:119)
	at com.kms.katalon.core.main.TestCaseExecutor.runScript(TestCaseExecutor.java:394)
	at com.kms.katalon.core.main.TestCaseExecutor.doExecute(TestCaseExecutor.java:385)
	at com.kms.katalon.core.main.TestCaseExecutor.processExecutionPhase(TestCaseExecutor.java:364)
	at com.kms.katalon.core.main.TestCaseExecutor.accessMainPhase(TestCaseExecutor.java:356)
	at com.kms.katalon.core.main.TestCaseExecutor.execute(TestCaseExecutor.java:251)
	at com.kms.katalon.core.main.TestSuiteExecutor.accessTestCaseMainPhase(TestSuiteExecutor.java:203)
	at com.kms.katalon.core.main.TestSuiteExecutor.accessTestSuiteMainPhase(TestSuiteExecutor.java:152)
	at com.kms.katalon.core.main.TestSuiteExecutor.execute(TestSuiteExecutor.java:95)
	at com.kms.katalon.core.main.TestCaseMain.startTestSuite(TestCaseMain.java:157)
	at com.kms.katalon.core.main.TestCaseMain$startTestSuite$0.call(Unknown Source)
	at TempTestSuite1613733799519.run(TempTestSuite1613733799519.groovy:39)
Caused by: com.kms.katalon.core.exception.StepFailedException: Text 'PC Zip Compressed Archive' is not present on page 
	at com.kms.katalon.core.webui.keyword.internal.WebUIKeywordMain.stepFailed(WebUIKeywordMain.groovy:64)
	at com.kms.katalon.core.webui.keyword.builtin.VerifyTextPresentKeyword$_verifyTextPresent_closure1.doCall(VerifyTextPresentKeyword.groovy:79)
	at com.kms.katalon.core.webui.keyword.builtin.VerifyTextPresentKeyword$_verifyTextPresent_closure1.call(VerifyTextPresentKeyword.groovy)
	at com.kms.katalon.core.webui.keyword.internal.WebUIKeywordMain.runKeyword(WebUIKeywordMain.groovy:20)
	... 23 more
"/>
         <system-out><![CDATA[2021-02-19 17:18:53 - [TEST_CASE][FAILED] - Test Cases/UploadDiffFiles_RegisterUser/TC_As a register user, Upload PC Zip Compressed Archive File and verify Uploded file in Submission Page: Test Cases/UploadDiffFiles_RegisterUser/TC_As a register user, Upload PC Zip Compressed Archive File and verify Uploded file in Submission Page FAILED.
Reason:
com.kms.katalon.core.exception.StepFailedException: Unable to verify text 'PC Zip Compressed Archive' is present 
	at com.kms.katalon.core.webui.keyword.internal.WebUIKeywordMain.stepFailed(WebUIKeywordMain.groovy:64)
	at com.kms.katalon.core.webui.keyword.internal.WebUIKeywordMain.runKeyword(WebUIKeywordMain.groovy:26)
	at com.kms.katalon.core.webui.keyword.builtin.VerifyTextPresentKeyword.verifyTextPresent(VerifyTextPresentKeyword.groovy:83)
	at com.kms.katalon.core.webui.keyword.builtin.VerifyTextPresentKeyword.execute(VerifyTextPresentKeyword.groovy:68)
	at com.kms.katalon.core.keyword.internal.KeywordExecutor.executeKeywordForPlatform(KeywordExecutor.groovy:73)
	at com.kms.katalon.core.webui.keyword.WebUiBuiltInKeywords.verifyTextPresent(WebUiBuiltInKeywords.groovy:1720)
	at com.kms.katalon.core.webui.keyword.WebUiBuiltInKeywords$verifyTextPresent$6.call(Unknown Source)
	at customKeywords.commanFunctions.UploadReqFile(commanFunctions.groovy:282)
	at customKeywords.commanFunctions.uploadFileOfRegisterUser(commanFunctions.groovy:761)
	at customKeywords.commanFunctions.invokeMethod(commanFunctions.groovy)
	at com.kms.katalon.core.main.CustomKeywordDelegatingMetaClass.invokeStaticMethod(CustomKeywordDelegatingMetaClass.java:50)
	at TC_As a register user, Upload PC Zip Compressed Archive File and verify Uploded file in Submission Page.run(TC_As a register user, Upload PC Zip Compressed Archive File and verify Uploded file in Submission Page:16)
	at com.kms.katalon.core.main.ScriptEngine.run(ScriptEngine.java:194)
	at com.kms.katalon.core.main.ScriptEngine.runScriptAsRawText(ScriptEngine.java:119)
	at com.kms.katalon.core.main.TestCaseExecutor.runScript(TestCaseExecutor.java:394)
	at com.kms.katalon.core.main.TestCaseExecutor.doExecute(TestCaseExecutor.java:385)
	at com.kms.katalon.core.main.TestCaseExecutor.processExecutionPhase(TestCaseExecutor.java:364)
	at com.kms.katalon.core.main.TestCaseExecutor.accessMainPhase(TestCaseExecutor.java:356)
	at com.kms.katalon.core.main.TestCaseExecutor.execute(TestCaseExecutor.java:251)
	at com.kms.katalon.core.main.TestSuiteExecutor.accessTestCaseMainPhase(TestSuiteExecutor.java:203)
	at com.kms.katalon.core.main.TestSuiteExecutor.accessTestSuiteMainPhase(TestSuiteExecutor.java:152)
	at com.kms.katalon.core.main.TestSuiteExecutor.execute(TestSuiteExecutor.java:95)
	at com.kms.katalon.core.main.TestCaseMain.startTestSuite(TestCaseMain.java:157)
	at com.kms.katalon.core.main.TestCaseMain$startTestSuite$0.call(Unknown Source)
	at TempTestSuite1613733799519.run(TempTestSuite1613733799519.groovy:39)
Caused by: com.kms.katalon.core.exception.StepFailedException: Text 'PC Zip Compressed Archive' is not present on page 
	at com.kms.katalon.core.webui.keyword.internal.WebUIKeywordMain.stepFailed(WebUIKeywordMain.groovy:64)
	at com.kms.katalon.core.webui.keyword.builtin.VerifyTextPresentKeyword$_verifyTextPresent_closure1.doCall(VerifyTextPresentKeyword.groovy:79)
	at com.kms.katalon.core.webui.keyword.builtin.VerifyTextPresentKeyword$_verifyTextPresent_closure1.call(VerifyTextPresentKeyword.groovy)
	at com.kms.katalon.core.webui.keyword.internal.WebUIKeywordMain.runKeyword(WebUIKeywordMain.groovy:20)
	... 23 more


2021-02-19 17:18:53 - [TEST_STEP][PASSED] - excelTestData = findTestData("Data Files/TestData/InspectTestData"): null

2021-02-19 17:18:53 - [TEST_STEP][PASSED] - rigisterUN = excelTestData.getValue(6, 23): null

2021-02-19 17:18:53 - [TEST_STEP][PASSED] - rigisterPW = excelTestData.getValue(3, 23): null

2021-02-19 17:18:53 - [TEST_STEP][FAILED] - customKeywords.commanFunctions.uploadFileOfRegisterUser(329, rigisterUN, rigisterPW): Unable to verify text 'PC Zip Compressed Archive' is present 

2021-02-19 17:18:53 - [MESSAGE][INFO] - Starting 'Chrome' driver

2021-02-19 17:18:53 - [MESSAGE][INFO] - Action delay is set to 0 milliseconds

2021-02-19 17:19:04 - [MESSAGE][PASSED] - Browser is opened with url: 'https://Inspect.Stage.site.sa'

2021-02-19 17:19:07 - [MESSAGE][PASSED] - Current window maximized

2021-02-19 17:19:07 - [MESSAGE][PASSED] - Wait for page load successfully

2021-02-19 17:19:07 - [MESSAGE][PASSED] - Object 'Object Repository/LoginAndRigisterUser/LoginLink' is clickable

2021-02-19 17:19:07 - [MESSAGE][INFO] - Clicked on element with JS

2021-02-19 17:19:08 - [MESSAGE][PASSED] - Keys 'Os-anelapatla@projects.site.sa' sent to object: 'Object Repository/LoginAndRigisterUser/UserName_Email_Input'

2021-02-19 17:19:08 - [MESSAGE][PASSED] - Keys 'Test@12345' sent to object: 'Object Repository/LoginAndRigisterUser/Password_Input'

2021-02-19 17:19:09 - [MESSAGE][PASSED] - Delayed 1 second(s)

2021-02-19 17:19:10 - [MESSAGE][PASSED] - Object 'Object Repository/LoginAndRigisterUser/LoginBtn' is clickable

2021-02-19 17:19:10 - [MESSAGE][INFO] - Clicked on element with JS

2021-02-19 17:19:12 - [MESSAGE][PASSED] - Keys '0' sent to object: 'Object Repository/LoginAndRigisterUser/otpOne'

2021-02-19 17:19:13 - [MESSAGE][PASSED] - Keys '0' sent to object: 'Object Repository/LoginAndRigisterUser/otpTwo'

2021-02-19 17:19:13 - [MESSAGE][PASSED] - Keys '0' sent to object: 'Object Repository/LoginAndRigisterUser/otpThree'

2021-02-19 17:19:14 - [MESSAGE][PASSED] - Keys '0' sent to object: 'Object Repository/LoginAndRigisterUser/otpFour'

2021-02-19 17:19:15 - [MESSAGE][PASSED] - Keys '0' sent to object: 'Object Repository/LoginAndRigisterUser/otpFive'

2021-02-19 17:19:15 - [MESSAGE][INFO] - Clicked on element with JS

2021-02-19 17:19:17 - [MESSAGE][PASSED] - Object: 'Object Repository/HomePage/ChooseAFile' is clicked on

2021-02-19 17:19:19 - [MESSAGE][PASSED] - Delayed 2 second(s)

2021-02-19 17:19:21 - [MESSAGE][INFO] - Image Uploaded Sucsessfully

2021-02-19 17:19:23 - [MESSAGE][PASSED] - Delayed 2 second(s)

2021-02-19 17:19:25 - [MESSAGE][FAILED] - Text 'PC Zip Compressed Archive' is not present on page  (Root cause: com.kms.katalon.core.exception.StepFailedException: Text 'PC Zip Compressed Archive' is not present on page 
	at com.kms.katalon.core.webui.keyword.internal.WebUIKeywordMain.stepFailed(WebUIKeywordMain.groovy:64)
	at com.kms.katalon.core.webui.keyword.builtin.VerifyTextPresentKeyword$_verifyTextPresent_closure1.doCall(VerifyTextPresentKeyword.groovy:79)
	at com.kms.katalon.core.webui.keyword.builtin.VerifyTextPresentKeyword$_verifyTextPresent_closure1.call(VerifyTextPresentKeyword.groovy)
	at com.kms.katalon.core.webui.keyword.internal.WebUIKeywordMain.runKeyword(WebUIKeywordMain.groovy:20)
	at com.kms.katalon.core.webui.keyword.builtin.VerifyTextPresentKeyword.verifyTextPresent(VerifyTextPresentKeyword.groovy:83)
	at com.kms.katalon.core.webui.keyword.builtin.VerifyTextPresentKeyword.execute(VerifyTextPresentKeyword.groovy:68)
	at com.kms.katalon.core.keyword.internal.KeywordExecutor.executeKeywordForPlatform(KeywordExecutor.groovy:73)
	at com.kms.katalon.core.webui.keyword.WebUiBuiltInKeywords.verifyTextPresent(WebUiBuiltInKeywords.groovy:1720)
	at com.kms.katalon.core.webui.keyword.WebUiBuiltInKeywords$verifyTextPresent$6.call(Unknown Source)
	at customKeywords.commanFunctions.UploadReqFile(commanFunctions.groovy:282)
	at customKeywords.commanFunctions.uploadFileOfRegisterUser(commanFunctions.groovy:761)
	at customKeywords.commanFunctions.invokeMethod(commanFunctions.groovy)
	at com.kms.katalon.core.main.CustomKeywordDelegatingMetaClass.invokeStaticMethod(CustomKeywordDelegatingMetaClass.java:50)
	at TC_As a register user, Upload PC Zip Compressed Archive File and verify Uploded file in Submission Page.run(TC_As a register user, Upload PC Zip Compressed Archive File and verify Uploded file in Submission Page:16)
	at com.kms.katalon.core.main.ScriptEngine.run(ScriptEngine.java:194)
	at com.kms.katalon.core.main.ScriptEngine.runScriptAsRawText(ScriptEngine.java:119)
	at com.kms.katalon.core.main.TestCaseExecutor.runScript(TestCaseExecutor.java:394)
	at com.kms.katalon.core.main.TestCaseExecutor.doExecute(TestCaseExecutor.java:385)
	at com.kms.katalon.core.main.TestCaseExecutor.processExecutionPhase(TestCaseExecutor.java:364)
	at com.kms.katalon.core.main.TestCaseExecutor.accessMainPhase(TestCaseExecutor.java:356)
	at com.kms.katalon.core.main.TestCaseExecutor.execute(TestCaseExecutor.java:251)
	at com.kms.katalon.core.main.TestSuiteExecutor.accessTestCaseMainPhase(TestSuiteExecutor.java:203)
	at com.kms.katalon.core.main.TestSuiteExecutor.accessTestSuiteMainPhase(TestSuiteExecutor.java:152)
	at com.kms.katalon.core.main.TestSuiteExecutor.execute(TestSuiteExecutor.java:95)
	at com.kms.katalon.core.main.TestCaseMain.startTestSuite(TestCaseMain.java:157)
	at com.kms.katalon.core.main.TestCaseMain$startTestSuite$0.call(Unknown Source)
	at TempTestSuite1613733799519.run(TempTestSuite1613733799519.groovy:39)
)

2021-02-19 17:19:25 - [MESSAGE][FAILED] - Unable to verify text 'PC Zip Compressed Archive' is present  (Root cause: com.kms.katalon.core.exception.StepFailedException: Unable to verify text 'PC Zip Compressed Archive' is present 
	at com.kms.katalon.core.webui.keyword.internal.WebUIKeywordMain.stepFailed(WebUIKeywordMain.groovy:64)
	at com.kms.katalon.core.webui.keyword.internal.WebUIKeywordMain.runKeyword(WebUIKeywordMain.groovy:26)
	at com.kms.katalon.core.webui.keyword.builtin.VerifyTextPresentKeyword.verifyTextPresent(VerifyTextPresentKeyword.groovy:83)
	at com.kms.katalon.core.webui.keyword.builtin.VerifyTextPresentKeyword.execute(VerifyTextPresentKeyword.groovy:68)
	at com.kms.katalon.core.keyword.internal.KeywordExecutor.executeKeywordForPlatform(KeywordExecutor.groovy:73)
	at com.kms.katalon.core.webui.keyword.WebUiBuiltInKeywords.verifyTextPresent(WebUiBuiltInKeywords.groovy:1720)
	at com.kms.katalon.core.webui.keyword.WebUiBuiltInKeywords$verifyTextPresent$6.call(Unknown Source)
	at customKeywords.commanFunctions.UploadReqFile(commanFunctions.groovy:282)
	at customKeywords.commanFunctions.uploadFileOfRegisterUser(commanFunctions.groovy:761)
	at customKeywords.commanFunctions.invokeMethod(commanFunctions.groovy)
	at com.kms.katalon.core.main.CustomKeywordDelegatingMetaClass.invokeStaticMethod(CustomKeywordDelegatingMetaClass.java:50)
	at TC_As a register user, Upload PC Zip Compressed Archive File and verify Uploded file in Submission Page.run(TC_As a register user, Upload PC Zip Compressed Archive File and verify Uploded file in Submission Page:16)
	at com.kms.katalon.core.main.ScriptEngine.run(ScriptEngine.java:194)
	at com.kms.katalon.core.main.ScriptEngine.runScriptAsRawText(ScriptEngine.java:119)
	at com.kms.katalon.core.main.TestCaseExecutor.runScript(TestCaseExecutor.java:394)
	at com.kms.katalon.core.main.TestCaseExecutor.doExecute(TestCaseExecutor.java:385)
	at com.kms.katalon.core.main.TestCaseExecutor.processExecutionPhase(TestCaseExecutor.java:364)
	at com.kms.katalon.core.main.TestCaseExecutor.accessMainPhase(TestCaseExecutor.java:356)
	at com.kms.katalon.core.main.TestCaseExecutor.execute(TestCaseExecutor.java:251)
	at com.kms.katalon.core.main.TestSuiteExecutor.accessTestCaseMainPhase(TestSuiteExecutor.java:203)
	at com.kms.katalon.core.main.TestSuiteExecutor.accessTestSuiteMainPhase(TestSuiteExecutor.java:152)
	at com.kms.katalon.core.main.TestSuiteExecutor.execute(TestSuiteExecutor.java:95)
	at com.kms.katalon.core.main.TestCaseMain.startTestSuite(TestCaseMain.java:157)
	at com.kms.katalon.core.main.TestCaseMain$startTestSuite$0.call(Unknown Source)
	at TempTestSuite1613733799519.run(TempTestSuite1613733799519.groovy:39)
Caused by: com.kms.katalon.core.exception.StepFailedException: Text 'PC Zip Compressed Archive' is not present on page 
	at com.kms.katalon.core.webui.keyword.internal.WebUIKeywordMain.stepFailed(WebUIKeywordMain.groovy:64)
	at com.kms.katalon.core.webui.keyword.builtin.VerifyTextPresentKeyword$_verifyTextPresent_closure1.doCall(VerifyTextPresentKeyword.groovy:79)
	at com.kms.katalon.core.webui.keyword.builtin.VerifyTextPresentKeyword$_verifyTextPresent_closure1.call(VerifyTextPresentKeyword.groovy)
	at com.kms.katalon.core.webui.keyword.internal.WebUIKeywordMain.runKeyword(WebUIKeywordMain.groovy:20)
	... 23 more
)
[[ATTACHMENT|E:\\Inspect\\15022021\\SiteInspectAutomation\\Reports\\20210219_165319\\Regression_Suite\\RegisterUser_Suite\\RegisterUser_Regression\\20210219_165319\\1613735365018.png]]

2021-02-19 17:19:25 - [MESSAGE][FAILED] - Unable to verify text 'PC Zip Compressed Archive' is present 

2021-02-19 17:19:25 - [TEST_STEP][PASSED] - Start tear down : tearDownMethodIfFailed: Method 'tearDownMethodIfFailed' complete successfully

2021-02-19 17:19:25 - [TEST_STEP][PASSED] - customKeywords.commanFunctions.onlyCloseBrowser(): customKeywords.commanFunctions.onlyCloseBrowser is PASSED

2021-02-19 17:19:26 - [MESSAGE][PASSED] - Browser is closed

2021-02-19 17:19:26 - [MESSAGE][PASSED] - customKeywords.commanFunctions.onlyCloseBrowser is PASSED

2021-02-19 17:19:26 - [TEST_STEP][PASSED] - logInfo("[--------This is tearDownIfFailed method------]"): [--------This is tearDownIfFailed method------]

2021-02-19 17:19:26 - [MESSAGE][INFO] - [--------This is tearDownIfFailed method------]

2021-02-19 17:19:26 - [MESSAGE][PASSED] - Method 'tearDownMethodIfFailed' complete successfully]]></system-out>
         <system-err><![CDATA[2021-02-19 17:18:53 - [TEST_CASE][FAILED] - Test Cases/UploadDiffFiles_RegisterUser/TC_As a register user, Upload PC Zip Compressed Archive File and verify Uploded file in Submission Page: Test Cases/UploadDiffFiles_RegisterUser/TC_As a register user, Upload PC Zip Compressed Archive File and verify Uploded file in Submission Page FAILED.
Reason:
com.kms.katalon.core.exception.StepFailedException: Unable to verify text 'PC Zip Compressed Archive' is present 
	at com.kms.katalon.core.webui.keyword.internal.WebUIKeywordMain.stepFailed(WebUIKeywordMain.groovy:64)
	at com.kms.katalon.core.webui.keyword.internal.WebUIKeywordMain.runKeyword(WebUIKeywordMain.groovy:26)
	at com.kms.katalon.core.webui.keyword.builtin.VerifyTextPresentKeyword.verifyTextPresent(VerifyTextPresentKeyword.groovy:83)
	at com.kms.katalon.core.webui.keyword.builtin.VerifyTextPresentKeyword.execute(VerifyTextPresentKeyword.groovy:68)
	at com.kms.katalon.core.keyword.internal.KeywordExecutor.executeKeywordForPlatform(KeywordExecutor.groovy:73)
	at com.kms.katalon.core.webui.keyword.WebUiBuiltInKeywords.verifyTextPresent(WebUiBuiltInKeywords.groovy:1720)
	at com.kms.katalon.core.webui.keyword.WebUiBuiltInKeywords$verifyTextPresent$6.call(Unknown Source)
	at customKeywords.commanFunctions.UploadReqFile(commanFunctions.groovy:282)
	at customKeywords.commanFunctions.uploadFileOfRegisterUser(commanFunctions.groovy:761)
	at customKeywords.commanFunctions.invokeMethod(commanFunctions.groovy)
	at com.kms.katalon.core.main.CustomKeywordDelegatingMetaClass.invokeStaticMethod(CustomKeywordDelegatingMetaClass.java:50)
	at TC_As a register user, Upload PC Zip Compressed Archive File and verify Uploded file in Submission Page.run(TC_As a register user, Upload PC Zip Compressed Archive File and verify Uploded file in Submission Page:16)
	at com.kms.katalon.core.main.ScriptEngine.run(ScriptEngine.java:194)
	at com.kms.katalon.core.main.ScriptEngine.runScriptAsRawText(ScriptEngine.java:119)
	at com.kms.katalon.core.main.TestCaseExecutor.runScript(TestCaseExecutor.java:394)
	at com.kms.katalon.core.main.TestCaseExecutor.doExecute(TestCaseExecutor.java:385)
	at com.kms.katalon.core.main.TestCaseExecutor.processExecutionPhase(TestCaseExecutor.java:364)
	at com.kms.katalon.core.main.TestCaseExecutor.accessMainPhase(TestCaseExecutor.java:356)
	at com.kms.katalon.core.main.TestCaseExecutor.execute(TestCaseExecutor.java:251)
	at com.kms.katalon.core.main.TestSuiteExecutor.accessTestCaseMainPhase(TestSuiteExecutor.java:203)
	at com.kms.katalon.core.main.TestSuiteExecutor.accessTestSuiteMainPhase(TestSuiteExecutor.java:152)
	at com.kms.katalon.core.main.TestSuiteExecutor.execute(TestSuiteExecutor.java:95)
	at com.kms.katalon.core.main.TestCaseMain.startTestSuite(TestCaseMain.java:157)
	at com.kms.katalon.core.main.TestCaseMain$startTestSuite$0.call(Unknown Source)
	at TempTestSuite1613733799519.run(TempTestSuite1613733799519.groovy:39)
Caused by: com.kms.katalon.core.exception.StepFailedException: Text 'PC Zip Compressed Archive' is not present on page 
	at com.kms.katalon.core.webui.keyword.internal.WebUIKeywordMain.stepFailed(WebUIKeywordMain.groovy:64)
	at com.kms.katalon.core.webui.keyword.builtin.VerifyTextPresentKeyword$_verifyTextPresent_closure1.doCall(VerifyTextPresentKeyword.groovy:79)
	at com.kms.katalon.core.webui.keyword.builtin.VerifyTextPresentKeyword$_verifyTextPresent_closure1.call(VerifyTextPresentKeyword.groovy)
	at com.kms.katalon.core.webui.keyword.internal.WebUIKeywordMain.runKeyword(WebUIKeywordMain.groovy:20)
	... 23 more]]></system-err>
      </testcase>
      <testcase name="Test Cases/UploadDiffFiles_RegisterUser/TC_As a register user, Upload PDF File and verify Uploded file in Submission Page" time="42.094" classname="Test Cases/UploadDiffFiles_RegisterUser/TC_As a register user, Upload PDF File and verify Uploded file in Submission Page" status="PASSED">
         <system-out><![CDATA[2021-02-19 17:19:26 - [TEST_CASE][PASSED] - Test Cases/UploadDiffFiles_RegisterUser/TC_As a register user, Upload PDF File and verify Uploded file in Submission Page: Test Cases/UploadDiffFiles_RegisterUser/TC_As a register user, Upload PDF File and verify Uploded file in Submission Page

2021-02-19 17:19:26 - [TEST_STEP][PASSED] - excelTestData = findTestData("Data Files/TestData/InspectTestData"): null

2021-02-19 17:19:26 - [TEST_STEP][PASSED] - rigisterUN = excelTestData.getValue(6, 23): null

2021-02-19 17:19:26 - [TEST_STEP][PASSED] - rigisterPW = excelTestData.getValue(3, 23): null

2021-02-19 17:19:26 - [TEST_STEP][PASSED] - customKeywords.commanFunctions.uploadFileOfRegisterUser(220, rigisterUN, rigisterPW): customKeywords.commanFunctions.uploadFileOfRegisterUser is PASSED

2021-02-19 17:19:26 - [MESSAGE][INFO] - Starting 'Chrome' driver

2021-02-19 17:19:26 - [MESSAGE][INFO] - Action delay is set to 0 milliseconds

2021-02-19 17:19:39 - [MESSAGE][PASSED] - Browser is opened with url: 'https://Inspect.Stage.site.sa'

2021-02-19 17:19:41 - [MESSAGE][PASSED] - Current window maximized

2021-02-19 17:19:41 - [MESSAGE][PASSED] - Wait for page load successfully

2021-02-19 17:19:41 - [MESSAGE][PASSED] - Object 'Object Repository/LoginAndRigisterUser/LoginLink' is clickable

2021-02-19 17:19:41 - [MESSAGE][INFO] - Clicked on element with JS

2021-02-19 17:19:42 - [MESSAGE][PASSED] - Keys 'Os-anelapatla@projects.site.sa' sent to object: 'Object Repository/LoginAndRigisterUser/UserName_Email_Input'

2021-02-19 17:19:43 - [MESSAGE][PASSED] - Keys 'Test@12345' sent to object: 'Object Repository/LoginAndRigisterUser/Password_Input'

2021-02-19 17:19:44 - [MESSAGE][PASSED] - Delayed 1 second(s)

2021-02-19 17:19:44 - [MESSAGE][PASSED] - Object 'Object Repository/LoginAndRigisterUser/LoginBtn' is clickable

2021-02-19 17:19:44 - [MESSAGE][INFO] - Clicked on element with JS

2021-02-19 17:19:46 - [MESSAGE][PASSED] - Keys '0' sent to object: 'Object Repository/LoginAndRigisterUser/otpOne'

2021-02-19 17:19:47 - [MESSAGE][PASSED] - Keys '0' sent to object: 'Object Repository/LoginAndRigisterUser/otpTwo'

2021-02-19 17:19:47 - [MESSAGE][PASSED] - Keys '0' sent to object: 'Object Repository/LoginAndRigisterUser/otpThree'

2021-02-19 17:19:48 - [MESSAGE][PASSED] - Keys '0' sent to object: 'Object Repository/LoginAndRigisterUser/otpFour'

2021-02-19 17:19:49 - [MESSAGE][PASSED] - Keys '0' sent to object: 'Object Repository/LoginAndRigisterUser/otpFive'

2021-02-19 17:19:49 - [MESSAGE][INFO] - Clicked on element with JS

2021-02-19 17:19:51 - [MESSAGE][PASSED] - Object: 'Object Repository/HomePage/ChooseAFile' is clicked on

2021-02-19 17:19:53 - [MESSAGE][PASSED] - Delayed 2 second(s)

2021-02-19 17:19:55 - [MESSAGE][INFO] - Image Uploaded Sucsessfully

2021-02-19 17:19:57 - [MESSAGE][PASSED] - Delayed 2 second(s)

2021-02-19 17:19:59 - [MESSAGE][PASSED] - Text 'SampleTestPDF' is present on page 

2021-02-19 17:20:00 - [MESSAGE][PASSED] - Object: 'Object Repository/HomePage/Window7RadioBtn' is clicked on

2021-02-19 17:20:01 - [MESSAGE][PASSED] - Scroll to object 'Object Repository/HomePage/startAnalysis_EnableBtn' successfully

2021-02-19 17:20:03 - [MESSAGE][PASSED] - Object: 'Object Repository/HomePage/startAnalysis_EnableBtn' is clicked on

2021-02-19 17:20:04 - [MESSAGE][PASSED] - Object 'Object Repository/SubmissionPage/Submission_SearchIcon' is visible

2021-02-19 17:20:04 - [MESSAGE][PASSED] - Object 'Object Repository/SubmissionPage/Submission_SearchIcon' is visible

2021-02-19 17:20:05 - [MESSAGE][PASSED] - Actual object 'SampleTestPDF.pdf' and expected object 'SampleTestPDF.pdf' are equal

2021-02-19 17:20:05 - [MESSAGE][PASSED] - customKeywords.commanFunctions.uploadFileOfRegisterUser is PASSED

2021-02-19 17:20:05 - [TEST_STEP][PASSED] - customKeywords.commanFunctions.logOutAndcloseBrowser(): customKeywords.commanFunctions.logOutAndcloseBrowser is PASSED

2021-02-19 17:20:05 - [MESSAGE][PASSED] - Object 'Object Repository/LoginAndRigisterUser/AdminDD' is clickable

2021-02-19 17:20:06 - [MESSAGE][INFO] - Clicked on element with JS

2021-02-19 17:20:06 - [MESSAGE][INFO] - Clicked on element with JS

2021-02-19 17:20:07 - [MESSAGE][PASSED] - Delayed 1 second(s)

2021-02-19 17:20:08 - [MESSAGE][PASSED] - Browser is closed

2021-02-19 17:20:08 - [MESSAGE][PASSED] - customKeywords.commanFunctions.logOutAndcloseBrowser is PASSED]]></system-out>
         <system-err><![CDATA[]]></system-err>
      </testcase>
      <testcase name="Test Cases/UploadDiffFiles_RegisterUser/TC_As a register user, Upload PNG File and verify Uploded file in Submission Page" time="109.236" classname="Test Cases/UploadDiffFiles_RegisterUser/TC_As a register user, Upload PNG File and verify Uploded file in Submission Page" status="PASSED">
         <system-out><![CDATA[2021-02-19 17:20:08 - [TEST_CASE][PASSED] - Test Cases/UploadDiffFiles_RegisterUser/TC_As a register user, Upload PNG File and verify Uploded file in Submission Page: Test Cases/UploadDiffFiles_RegisterUser/TC_As a register user, Upload PNG File and verify Uploded file in Submission Page

2021-02-19 17:20:08 - [TEST_STEP][PASSED] - excelTestData = findTestData("Data Files/TestData/InspectTestData"): null

2021-02-19 17:20:08 - [TEST_STEP][PASSED] - userEmail = excelTestData.getValue(2, 23): null

2021-02-19 17:20:08 - [TEST_STEP][PASSED] - customKeywords.commanFunctions.uploadFileOfPublicUser(216, userEmail): customKeywords.commanFunctions.uploadFileOfPublicUser is PASSED

2021-02-19 17:20:08 - [MESSAGE][INFO] - Starting 'Chrome' driver

2021-02-19 17:20:08 - [MESSAGE][INFO] - Action delay is set to 0 milliseconds

2021-02-19 17:20:20 - [MESSAGE][PASSED] - Browser is opened with url: 'https://Inspect.Stage.site.sa'

2021-02-19 17:20:22 - [MESSAGE][PASSED] - Current window maximized

2021-02-19 17:20:22 - [MESSAGE][PASSED] - Wait for page load successfully

2021-02-19 17:20:22 - [MESSAGE][PASSED] - Object: 'Object Repository/HomePage/ChooseAFile' is clicked on

2021-02-19 17:20:24 - [MESSAGE][PASSED] - Delayed 2 second(s)

2021-02-19 17:20:26 - [MESSAGE][INFO] - Image Uploaded Sucsessfully

2021-02-19 17:20:28 - [MESSAGE][PASSED] - Delayed 2 second(s)

2021-02-19 17:20:29 - [MESSAGE][PASSED] - Text 'SamplePNGImage' is present on page 

2021-02-19 17:20:29 - [MESSAGE][PASSED] - Keys 'Os-ARahman@projects.site.sa' sent to object: 'Object Repository/PublicUserHomePage/email_Input'

2021-02-19 17:20:30 - [MESSAGE][PASSED] - Object: 'Object Repository/PublicUserHomePage/SiteInspectTermsOfUse_CheckBox' is clicked on

2021-02-19 17:20:30 - [MESSAGE][PASSED] - Object: 'Object Repository/HomePage/startAnalysis_EnableBtn' is clicked on

2021-02-19 17:20:32 - [MESSAGE][PASSED] - Text 'Your submission was successful
The analysis results will be delivered to you via email' is present on page 

2021-02-19 17:20:32 - [MESSAGE][PASSED] - customKeywords.commanFunctions.uploadFileOfPublicUser is PASSED

2021-02-19 17:20:32 - [TEST_STEP][PASSED] - customKeywords.commanFunctions.logOutAndcloseBrowser(): customKeywords.commanFunctions.logOutAndcloseBrowser is PASSED

2021-02-19 17:20:53 - [MESSAGE][INFO] - Unable to find the element located by 'By.xpath: //*[@class='ant-dropdown-trigger ant-dropdown-link']'. Please recheck the objects properties to make sure the desired element is located. 

2021-02-19 17:20:53 - [MESSAGE][WARNING] - [SELF-HEALING] Failed to find element with id 'Object Repository/LoginAndRigisterUser/AdminDD'. Try using Self-healing.

2021-02-19 17:20:53 - [MESSAGE][ERROR] - [SELF-HEALING] java.lang.IllegalStateException: Expected BEGIN_OBJECT but was STRING at line 1 column 1 path $

2021-02-19 17:20:53 - [MESSAGE][WARNING] - [SELF-HEALING] Cannot find elements when the XPath is null.

2021-02-19 17:20:53 - [MESSAGE][WARNING] - [SELF-HEALING] Cannot find elements when the selector is null

2021-02-19 17:20:53 - [MESSAGE][WARNING] - Web element with id: 'Object Repository/LoginAndRigisterUser/AdminDD' located by '//*[@class='ant-dropdown-trigger ant-dropdown-link']' not found

2021-02-19 17:21:24 - [MESSAGE][INFO] - Unable to find the element located by 'By.xpath: //*[@class='ant-dropdown-trigger ant-dropdown-link']'. Please recheck the objects properties to make sure the desired element is located. 

2021-02-19 17:21:24 - [MESSAGE][WARNING] - [SELF-HEALING] Failed to find element with id 'Object Repository/LoginAndRigisterUser/AdminDD'. Try using Self-healing.

2021-02-19 17:21:24 - [MESSAGE][ERROR] - [SELF-HEALING] java.lang.IllegalStateException: Expected BEGIN_OBJECT but was STRING at line 1 column 1 path $

2021-02-19 17:21:24 - [MESSAGE][WARNING] - [SELF-HEALING] Cannot find elements when the XPath is null.

2021-02-19 17:21:24 - [MESSAGE][WARNING] - [SELF-HEALING] Cannot find elements when the selector is null

2021-02-19 17:21:24 - [MESSAGE][INFO] - Exception while clicking on element with JSWeb element with id: 'Object Repository/LoginAndRigisterUser/AdminDD' located by '//*[@class='ant-dropdown-trigger ant-dropdown-link']' not found

2021-02-19 17:21:55 - [MESSAGE][INFO] - Unable to find the element located by 'By.xpath: //li[contains(text(),'Logout')]'. Please recheck the objects properties to make sure the desired element is located. 

2021-02-19 17:21:55 - [MESSAGE][WARNING] - [SELF-HEALING] Failed to find element with id 'Object Repository/LoginAndRigisterUser/Logout'. Try using Self-healing.

2021-02-19 17:21:55 - [MESSAGE][ERROR] - [SELF-HEALING] java.lang.IllegalStateException: Expected BEGIN_OBJECT but was STRING at line 1 column 1 path $

2021-02-19 17:21:55 - [MESSAGE][WARNING] - [SELF-HEALING] Cannot find elements when the XPath is null.

2021-02-19 17:21:55 - [MESSAGE][WARNING] - [SELF-HEALING] Cannot find elements when the selector is null

2021-02-19 17:21:55 - [MESSAGE][INFO] - Exception while clicking on element with JSWeb element with id: 'Object Repository/LoginAndRigisterUser/Logout' located by '//li[contains(text(),'Logout')]' not found

2021-02-19 17:21:56 - [MESSAGE][PASSED] - Delayed 1 second(s)

2021-02-19 17:21:57 - [MESSAGE][PASSED] - Browser is closed

2021-02-19 17:21:57 - [MESSAGE][PASSED] - customKeywords.commanFunctions.logOutAndcloseBrowser is PASSED]]></system-out>
         <system-err><![CDATA[]]></system-err>
      </testcase>
      <testcase name="Test Cases/UploadDiffFiles_RegisterUser/TC_As a register user, Upload PowerPoint File and verify Uploded file in Submission Page" time="39.085" classname="Test Cases/UploadDiffFiles_RegisterUser/TC_As a register user, Upload PowerPoint File and verify Uploded file in Submission Page" status="PASSED">
         <system-out><![CDATA[2021-02-19 17:21:57 - [TEST_CASE][PASSED] - Test Cases/UploadDiffFiles_RegisterUser/TC_As a register user, Upload PowerPoint File and verify Uploded file in Submission Page: Test Cases/UploadDiffFiles_RegisterUser/TC_As a register user, Upload PowerPoint File and verify Uploded file in Submission Page

2021-02-19 17:21:57 - [TEST_STEP][PASSED] - excelTestData = findTestData("Data Files/TestData/InspectTestData"): null

2021-02-19 17:21:57 - [TEST_STEP][PASSED] - rigisterUN = excelTestData.getValue(6, 23): null

2021-02-19 17:21:57 - [TEST_STEP][PASSED] - rigisterPW = excelTestData.getValue(3, 23): null

2021-02-19 17:21:57 - [TEST_STEP][PASSED] - customKeywords.commanFunctions.uploadFileOfRegisterUser(200, rigisterUN, rigisterPW): customKeywords.commanFunctions.uploadFileOfRegisterUser is PASSED

2021-02-19 17:21:57 - [MESSAGE][INFO] - Starting 'Chrome' driver

2021-02-19 17:21:57 - [MESSAGE][INFO] - Action delay is set to 0 milliseconds

2021-02-19 17:22:09 - [MESSAGE][PASSED] - Browser is opened with url: 'https://Inspect.Stage.site.sa'

2021-02-19 17:22:11 - [MESSAGE][PASSED] - Current window maximized

2021-02-19 17:22:11 - [MESSAGE][PASSED] - Wait for page load successfully

2021-02-19 17:22:12 - [MESSAGE][PASSED] - Object 'Object Repository/LoginAndRigisterUser/LoginLink' is clickable

2021-02-19 17:22:12 - [MESSAGE][INFO] - Clicked on element with JS

2021-02-19 17:22:13 - [MESSAGE][PASSED] - Keys 'Os-anelapatla@projects.site.sa' sent to object: 'Object Repository/LoginAndRigisterUser/UserName_Email_Input'

2021-02-19 17:22:13 - [MESSAGE][PASSED] - Keys 'Test@12345' sent to object: 'Object Repository/LoginAndRigisterUser/Password_Input'

2021-02-19 17:22:14 - [MESSAGE][PASSED] - Delayed 1 second(s)

2021-02-19 17:22:14 - [MESSAGE][PASSED] - Object 'Object Repository/LoginAndRigisterUser/LoginBtn' is clickable

2021-02-19 17:22:15 - [MESSAGE][INFO] - Clicked on element with JS

2021-02-19 17:22:17 - [MESSAGE][PASSED] - Keys '0' sent to object: 'Object Repository/LoginAndRigisterUser/otpOne'

2021-02-19 17:22:17 - [MESSAGE][PASSED] - Keys '0' sent to object: 'Object Repository/LoginAndRigisterUser/otpTwo'

2021-02-19 17:22:18 - [MESSAGE][PASSED] - Keys '0' sent to object: 'Object Repository/LoginAndRigisterUser/otpThree'

2021-02-19 17:22:19 - [MESSAGE][PASSED] - Keys '0' sent to object: 'Object Repository/LoginAndRigisterUser/otpFour'

2021-02-19 17:22:19 - [MESSAGE][PASSED] - Keys '0' sent to object: 'Object Repository/LoginAndRigisterUser/otpFive'

2021-02-19 17:22:20 - [MESSAGE][INFO] - Clicked on element with JS

2021-02-19 17:22:22 - [MESSAGE][PASSED] - Object: 'Object Repository/HomePage/ChooseAFile' is clicked on

2021-02-19 17:22:24 - [MESSAGE][PASSED] - Delayed 2 second(s)

2021-02-19 17:22:26 - [MESSAGE][INFO] - Image Uploaded Sucsessfully

2021-02-19 17:22:28 - [MESSAGE][PASSED] - Delayed 2 second(s)

2021-02-19 17:22:29 - [MESSAGE][PASSED] - Text 'POwerPoint' is present on page 

2021-02-19 17:22:29 - [MESSAGE][PASSED] - Object: 'Object Repository/HomePage/Window7RadioBtn' is clicked on

2021-02-19 17:22:30 - [MESSAGE][PASSED] - Scroll to object 'Object Repository/HomePage/startAnalysis_EnableBtn' successfully

2021-02-19 17:22:31 - [MESSAGE][PASSED] - Object: 'Object Repository/HomePage/startAnalysis_EnableBtn' is clicked on

2021-02-19 17:22:33 - [MESSAGE][PASSED] - Object 'Object Repository/SubmissionPage/Submission_SearchIcon' is visible

2021-02-19 17:22:33 - [MESSAGE][PASSED] - Object 'Object Repository/SubmissionPage/Submission_SearchIcon' is visible

2021-02-19 17:22:33 - [MESSAGE][PASSED] - Actual object 'POwerPoint.pptx' and expected object 'POwerPoint.pptx' are equal

2021-02-19 17:22:33 - [MESSAGE][PASSED] - customKeywords.commanFunctions.uploadFileOfRegisterUser is PASSED

2021-02-19 17:22:33 - [TEST_STEP][PASSED] - customKeywords.commanFunctions.logOutAndcloseBrowser(): customKeywords.commanFunctions.logOutAndcloseBrowser is PASSED

2021-02-19 17:22:34 - [MESSAGE][PASSED] - Object 'Object Repository/LoginAndRigisterUser/AdminDD' is clickable

2021-02-19 17:22:34 - [MESSAGE][INFO] - Clicked on element with JS

2021-02-19 17:22:35 - [MESSAGE][INFO] - Clicked on element with JS

2021-02-19 17:22:36 - [MESSAGE][PASSED] - Delayed 1 second(s)

2021-02-19 17:22:36 - [MESSAGE][PASSED] - Browser is closed

2021-02-19 17:22:36 - [MESSAGE][PASSED] - customKeywords.commanFunctions.logOutAndcloseBrowser is PASSED]]></system-out>
         <system-err><![CDATA[]]></system-err>
      </testcase>
      <testcase name="Test Cases/UploadDiffFiles_RegisterUser/TC_As a register user, Upload RealAudio File and verify Uploded file in Submission Page" time="39.94" classname="Test Cases/UploadDiffFiles_RegisterUser/TC_As a register user, Upload RealAudio File and verify Uploded file in Submission Page" status="PASSED">
         <system-out><![CDATA[2021-02-19 17:22:36 - [TEST_CASE][PASSED] - Test Cases/UploadDiffFiles_RegisterUser/TC_As a register user, Upload RealAudio File and verify Uploded file in Submission Page: Test Cases/UploadDiffFiles_RegisterUser/TC_As a register user, Upload RealAudio File and verify Uploded file in Submission Page

2021-02-19 17:22:36 - [TEST_STEP][PASSED] - excelTestData = findTestData("Data Files/TestData/InspectTestData"): null

2021-02-19 17:22:36 - [TEST_STEP][PASSED] - rigisterUN = excelTestData.getValue(6, 23): null

2021-02-19 17:22:36 - [TEST_STEP][PASSED] - rigisterPW = excelTestData.getValue(3, 23): null

2021-02-19 17:22:36 - [TEST_STEP][PASSED] - customKeywords.commanFunctions.uploadFileOfRegisterUser(317, rigisterUN, rigisterPW): customKeywords.commanFunctions.uploadFileOfRegisterUser is PASSED

2021-02-19 17:22:36 - [MESSAGE][INFO] - Starting 'Chrome' driver

2021-02-19 17:22:36 - [MESSAGE][INFO] - Action delay is set to 0 milliseconds

2021-02-19 17:22:48 - [MESSAGE][PASSED] - Browser is opened with url: 'https://Inspect.Stage.site.sa'

2021-02-19 17:22:50 - [MESSAGE][PASSED] - Current window maximized

2021-02-19 17:22:50 - [MESSAGE][PASSED] - Wait for page load successfully

2021-02-19 17:22:51 - [MESSAGE][PASSED] - Object 'Object Repository/LoginAndRigisterUser/LoginLink' is clickable

2021-02-19 17:22:51 - [MESSAGE][INFO] - Clicked on element with JS

2021-02-19 17:22:51 - [MESSAGE][PASSED] - Keys 'Os-anelapatla@projects.site.sa' sent to object: 'Object Repository/LoginAndRigisterUser/UserName_Email_Input'

2021-02-19 17:22:52 - [MESSAGE][PASSED] - Keys 'Test@12345' sent to object: 'Object Repository/LoginAndRigisterUser/Password_Input'

2021-02-19 17:22:53 - [MESSAGE][PASSED] - Delayed 1 second(s)

2021-02-19 17:22:53 - [MESSAGE][PASSED] - Object 'Object Repository/LoginAndRigisterUser/LoginBtn' is clickable

2021-02-19 17:22:54 - [MESSAGE][INFO] - Clicked on element with JS

2021-02-19 17:22:56 - [MESSAGE][PASSED] - Keys '0' sent to object: 'Object Repository/LoginAndRigisterUser/otpOne'

2021-02-19 17:22:56 - [MESSAGE][PASSED] - Keys '0' sent to object: 'Object Repository/LoginAndRigisterUser/otpTwo'

2021-02-19 17:22:57 - [MESSAGE][PASSED] - Keys '0' sent to object: 'Object Repository/LoginAndRigisterUser/otpThree'

2021-02-19 17:22:57 - [MESSAGE][PASSED] - Keys '0' sent to object: 'Object Repository/LoginAndRigisterUser/otpFour'

2021-02-19 17:22:58 - [MESSAGE][PASSED] - Keys '0' sent to object: 'Object Repository/LoginAndRigisterUser/otpFive'

2021-02-19 17:22:59 - [MESSAGE][INFO] - Clicked on element with JS

2021-02-19 17:23:01 - [MESSAGE][PASSED] - Object: 'Object Repository/HomePage/ChooseAFile' is clicked on

2021-02-19 17:23:03 - [MESSAGE][PASSED] - Delayed 2 second(s)

2021-02-19 17:23:05 - [MESSAGE][INFO] - Image Uploaded Sucsessfully

2021-02-19 17:23:07 - [MESSAGE][PASSED] - Delayed 2 second(s)

2021-02-19 17:23:08 - [MESSAGE][PASSED] - Text 'RealAudio' is present on page 

2021-02-19 17:23:09 - [MESSAGE][PASSED] - Object: 'Object Repository/HomePage/Window7RadioBtn' is clicked on

2021-02-19 17:23:10 - [MESSAGE][PASSED] - Scroll to object 'Object Repository/HomePage/startAnalysis_EnableBtn' successfully

2021-02-19 17:23:11 - [MESSAGE][PASSED] - Object: 'Object Repository/HomePage/startAnalysis_EnableBtn' is clicked on

2021-02-19 17:23:12 - [MESSAGE][PASSED] - Object 'Object Repository/SubmissionPage/Submission_SearchIcon' is visible

2021-02-19 17:23:13 - [MESSAGE][PASSED] - Object 'Object Repository/SubmissionPage/Submission_SearchIcon' is visible

2021-02-19 17:23:13 - [MESSAGE][PASSED] - Actual object 'RealAudio.ra' and expected object 'RealAudio.ra' are equal

2021-02-19 17:23:13 - [MESSAGE][PASSED] - customKeywords.commanFunctions.uploadFileOfRegisterUser is PASSED

2021-02-19 17:23:13 - [TEST_STEP][PASSED] - customKeywords.commanFunctions.logOutAndcloseBrowser(): customKeywords.commanFunctions.logOutAndcloseBrowser is PASSED

2021-02-19 17:23:14 - [MESSAGE][PASSED] - Object 'Object Repository/LoginAndRigisterUser/AdminDD' is clickable

2021-02-19 17:23:14 - [MESSAGE][INFO] - Clicked on element with JS

2021-02-19 17:23:14 - [MESSAGE][INFO] - Clicked on element with JS

2021-02-19 17:23:15 - [MESSAGE][PASSED] - Delayed 1 second(s)

2021-02-19 17:23:16 - [MESSAGE][PASSED] - Browser is closed

2021-02-19 17:23:16 - [MESSAGE][PASSED] - customKeywords.commanFunctions.logOutAndcloseBrowser is PASSED]]></system-out>
         <system-err><![CDATA[]]></system-err>
      </testcase>
      <testcase name="Test Cases/UploadDiffFiles_RegisterUser/TC_As a register user, Upload Txt File and verify Uploded file in Submission Page" time="38.339" classname="Test Cases/UploadDiffFiles_RegisterUser/TC_As a register user, Upload Txt File and verify Uploded file in Submission Page" status="PASSED">
         <system-out><![CDATA[2021-02-19 17:23:16 - [TEST_CASE][PASSED] - Test Cases/UploadDiffFiles_RegisterUser/TC_As a register user, Upload Txt File and verify Uploded file in Submission Page: Test Cases/UploadDiffFiles_RegisterUser/TC_As a register user, Upload Txt File and verify Uploded file in Submission Page

2021-02-19 17:23:16 - [TEST_STEP][PASSED] - excelTestData = findTestData("Data Files/TestData/InspectTestData"): null

2021-02-19 17:23:16 - [TEST_STEP][PASSED] - rigisterUN = excelTestData.getValue(6, 23): null

2021-02-19 17:23:16 - [TEST_STEP][PASSED] - rigisterPW = excelTestData.getValue(3, 23): null

2021-02-19 17:23:16 - [TEST_STEP][PASSED] - customKeywords.commanFunctions.uploadFileOfRegisterUser(196, rigisterUN, rigisterPW): customKeywords.commanFunctions.uploadFileOfRegisterUser is PASSED

2021-02-19 17:23:16 - [MESSAGE][INFO] - Starting 'Chrome' driver

2021-02-19 17:23:16 - [MESSAGE][INFO] - Action delay is set to 0 milliseconds

2021-02-19 17:23:28 - [MESSAGE][PASSED] - Browser is opened with url: 'https://Inspect.Stage.site.sa'

2021-02-19 17:23:30 - [MESSAGE][PASSED] - Current window maximized

2021-02-19 17:23:30 - [MESSAGE][PASSED] - Wait for page load successfully

2021-02-19 17:23:31 - [MESSAGE][PASSED] - Object 'Object Repository/LoginAndRigisterUser/LoginLink' is clickable

2021-02-19 17:23:31 - [MESSAGE][INFO] - Clicked on element with JS

2021-02-19 17:23:32 - [MESSAGE][PASSED] - Keys 'Os-anelapatla@projects.site.sa' sent to object: 'Object Repository/LoginAndRigisterUser/UserName_Email_Input'

2021-02-19 17:23:32 - [MESSAGE][PASSED] - Keys 'Test@12345' sent to object: 'Object Repository/LoginAndRigisterUser/Password_Input'

2021-02-19 17:23:33 - [MESSAGE][PASSED] - Delayed 1 second(s)

2021-02-19 17:23:33 - [MESSAGE][PASSED] - Object 'Object Repository/LoginAndRigisterUser/LoginBtn' is clickable

2021-02-19 17:23:34 - [MESSAGE][INFO] - Clicked on element with JS

2021-02-19 17:23:36 - [MESSAGE][PASSED] - Keys '0' sent to object: 'Object Repository/LoginAndRigisterUser/otpOne'

2021-02-19 17:23:36 - [MESSAGE][PASSED] - Keys '0' sent to object: 'Object Repository/LoginAndRigisterUser/otpTwo'

2021-02-19 17:23:37 - [MESSAGE][PASSED] - Keys '0' sent to object: 'Object Repository/LoginAndRigisterUser/otpThree'

2021-02-19 17:23:38 - [MESSAGE][PASSED] - Keys '0' sent to object: 'Object Repository/LoginAndRigisterUser/otpFour'

2021-02-19 17:23:38 - [MESSAGE][PASSED] - Keys '0' sent to object: 'Object Repository/LoginAndRigisterUser/otpFive'

2021-02-19 17:23:39 - [MESSAGE][INFO] - Clicked on element with JS

2021-02-19 17:23:41 - [MESSAGE][PASSED] - Object: 'Object Repository/HomePage/ChooseAFile' is clicked on

2021-02-19 17:23:43 - [MESSAGE][PASSED] - Delayed 2 second(s)

2021-02-19 17:23:45 - [MESSAGE][INFO] - Image Uploaded Sucsessfully

2021-02-19 17:23:47 - [MESSAGE][PASSED] - Delayed 2 second(s)

2021-02-19 17:23:48 - [MESSAGE][PASSED] - Text 'NotePad' is present on page 

2021-02-19 17:23:48 - [MESSAGE][PASSED] - Object: 'Object Repository/HomePage/Window7RadioBtn' is clicked on

2021-02-19 17:23:49 - [MESSAGE][PASSED] - Scroll to object 'Object Repository/HomePage/startAnalysis_EnableBtn' successfully

2021-02-19 17:23:50 - [MESSAGE][PASSED] - Object: 'Object Repository/HomePage/startAnalysis_EnableBtn' is clicked on

2021-02-19 17:23:51 - [MESSAGE][PASSED] - Object 'Object Repository/SubmissionPage/Submission_SearchIcon' is visible

2021-02-19 17:23:51 - [MESSAGE][PASSED] - Object 'Object Repository/SubmissionPage/Submission_SearchIcon' is visible

2021-02-19 17:23:51 - [MESSAGE][PASSED] - Actual object 'NotePad.txt' and expected object 'NotePad.txt' are equal

2021-02-19 17:23:51 - [MESSAGE][PASSED] - customKeywords.commanFunctions.uploadFileOfRegisterUser is PASSED

2021-02-19 17:23:51 - [TEST_STEP][PASSED] - customKeywords.commanFunctions.logOutAndcloseBrowser(): customKeywords.commanFunctions.logOutAndcloseBrowser is PASSED

2021-02-19 17:23:52 - [MESSAGE][PASSED] - Object 'Object Repository/LoginAndRigisterUser/AdminDD' is clickable

2021-02-19 17:23:52 - [MESSAGE][INFO] - Clicked on element with JS

2021-02-19 17:23:53 - [MESSAGE][INFO] - Clicked on element with JS

2021-02-19 17:23:54 - [MESSAGE][PASSED] - Delayed 1 second(s)

2021-02-19 17:23:54 - [MESSAGE][PASSED] - Browser is closed

2021-02-19 17:23:54 - [MESSAGE][PASSED] - customKeywords.commanFunctions.logOutAndcloseBrowser is PASSED]]></system-out>
         <system-err><![CDATA[]]></system-err>
      </testcase>
      <testcase name="Test Cases/UploadDiffFiles_RegisterUser/TC_As a register user, Upload Web page imagemap File and verify Uploded file in Submission Page" time="39.926" classname="Test Cases/UploadDiffFiles_RegisterUser/TC_As a register user, Upload Web page imagemap File and verify Uploded file in Submission Page" status="PASSED">
         <system-out><![CDATA[2021-02-19 17:23:54 - [TEST_CASE][PASSED] - Test Cases/UploadDiffFiles_RegisterUser/TC_As a register user, Upload Web page imagemap File and verify Uploded file in Submission Page: Test Cases/UploadDiffFiles_RegisterUser/TC_As a register user, Upload Web page imagemap File and verify Uploded file in Submission Page

2021-02-19 17:23:54 - [TEST_STEP][PASSED] - excelTestData = findTestData("Data Files/TestData/InspectTestData"): null

2021-02-19 17:23:55 - [TEST_STEP][PASSED] - rigisterUN = excelTestData.getValue(6, 23): null

2021-02-19 17:23:55 - [TEST_STEP][PASSED] - rigisterPW = excelTestData.getValue(3, 23): null

2021-02-19 17:23:55 - [TEST_STEP][PASSED] - customKeywords.commanFunctions.uploadFileOfRegisterUser(301, rigisterUN, rigisterPW): customKeywords.commanFunctions.uploadFileOfRegisterUser is PASSED

2021-02-19 17:23:55 - [MESSAGE][INFO] - Starting 'Chrome' driver

2021-02-19 17:23:55 - [MESSAGE][INFO] - Action delay is set to 0 milliseconds

2021-02-19 17:24:07 - [MESSAGE][PASSED] - Browser is opened with url: 'https://Inspect.Stage.site.sa'

2021-02-19 17:24:09 - [MESSAGE][PASSED] - Current window maximized

2021-02-19 17:24:09 - [MESSAGE][PASSED] - Wait for page load successfully

2021-02-19 17:24:09 - [MESSAGE][PASSED] - Object 'Object Repository/LoginAndRigisterUser/LoginLink' is clickable

2021-02-19 17:24:10 - [MESSAGE][INFO] - Clicked on element with JS

2021-02-19 17:24:10 - [MESSAGE][PASSED] - Keys 'Os-anelapatla@projects.site.sa' sent to object: 'Object Repository/LoginAndRigisterUser/UserName_Email_Input'

2021-02-19 17:24:11 - [MESSAGE][PASSED] - Keys 'Test@12345' sent to object: 'Object Repository/LoginAndRigisterUser/Password_Input'

2021-02-19 17:24:12 - [MESSAGE][PASSED] - Delayed 1 second(s)

2021-02-19 17:24:12 - [MESSAGE][PASSED] - Object 'Object Repository/LoginAndRigisterUser/LoginBtn' is clickable

2021-02-19 17:24:12 - [MESSAGE][INFO] - Clicked on element with JS

2021-02-19 17:24:15 - [MESSAGE][PASSED] - Keys '0' sent to object: 'Object Repository/LoginAndRigisterUser/otpOne'

2021-02-19 17:24:15 - [MESSAGE][PASSED] - Keys '0' sent to object: 'Object Repository/LoginAndRigisterUser/otpTwo'

2021-02-19 17:24:16 - [MESSAGE][PASSED] - Keys '0' sent to object: 'Object Repository/LoginAndRigisterUser/otpThree'

2021-02-19 17:24:16 - [MESSAGE][PASSED] - Keys '0' sent to object: 'Object Repository/LoginAndRigisterUser/otpFour'

2021-02-19 17:24:17 - [MESSAGE][PASSED] - Keys '0' sent to object: 'Object Repository/LoginAndRigisterUser/otpFive'

2021-02-19 17:24:18 - [MESSAGE][INFO] - Clicked on element with JS

2021-02-19 17:24:20 - [MESSAGE][PASSED] - Object: 'Object Repository/HomePage/ChooseAFile' is clicked on

2021-02-19 17:24:22 - [MESSAGE][PASSED] - Delayed 2 second(s)

2021-02-19 17:24:24 - [MESSAGE][INFO] - Image Uploaded Sucsessfully

2021-02-19 17:24:26 - [MESSAGE][PASSED] - Delayed 2 second(s)

2021-02-19 17:24:27 - [MESSAGE][PASSED] - Text 'Web page imagemap' is present on page 

2021-02-19 17:24:28 - [MESSAGE][PASSED] - Object: 'Object Repository/HomePage/Window7RadioBtn' is clicked on

2021-02-19 17:24:28 - [MESSAGE][PASSED] - Scroll to object 'Object Repository/HomePage/startAnalysis_EnableBtn' successfully

2021-02-19 17:24:29 - [MESSAGE][PASSED] - Object: 'Object Repository/HomePage/startAnalysis_EnableBtn' is clicked on

2021-02-19 17:24:31 - [MESSAGE][PASSED] - Object 'Object Repository/SubmissionPage/Submission_SearchIcon' is visible

2021-02-19 17:24:31 - [MESSAGE][PASSED] - Object 'Object Repository/SubmissionPage/Submission_SearchIcon' is visible

2021-02-19 17:24:31 - [MESSAGE][PASSED] - Actual object 'Web page imagemap.map' and expected object 'Web page imagemap.map' are equal

2021-02-19 17:24:31 - [MESSAGE][PASSED] - customKeywords.commanFunctions.uploadFileOfRegisterUser is PASSED

2021-02-19 17:24:31 - [TEST_STEP][PASSED] - customKeywords.commanFunctions.logOutAndcloseBrowser(): customKeywords.commanFunctions.logOutAndcloseBrowser is PASSED

2021-02-19 17:24:32 - [MESSAGE][PASSED] - Object 'Object Repository/LoginAndRigisterUser/AdminDD' is clickable

2021-02-19 17:24:32 - [MESSAGE][INFO] - Clicked on element with JS

2021-02-19 17:24:33 - [MESSAGE][INFO] - Clicked on element with JS

2021-02-19 17:24:34 - [MESSAGE][PASSED] - Delayed 1 second(s)

2021-02-19 17:24:34 - [MESSAGE][PASSED] - Browser is closed

2021-02-19 17:24:34 - [MESSAGE][PASSED] - customKeywords.commanFunctions.logOutAndcloseBrowser is PASSED]]></system-out>
         <system-err><![CDATA[]]></system-err>
      </testcase>
      <testcase name="Test Cases/UploadDiffFiles_RegisterUser/TC_As a register user, Upload Windows BitMap File and verify Uploded file in Submission Page" time="42.713" classname="Test Cases/UploadDiffFiles_RegisterUser/TC_As a register user, Upload Windows BitMap File and verify Uploded file in Submission Page" status="PASSED">
         <system-out><![CDATA[2021-02-19 17:24:34 - [TEST_CASE][PASSED] - Test Cases/UploadDiffFiles_RegisterUser/TC_As a register user, Upload Windows BitMap File and verify Uploded file in Submission Page: Test Cases/UploadDiffFiles_RegisterUser/TC_As a register user, Upload Windows BitMap File and verify Uploded file in Submission Page

2021-02-19 17:24:34 - [TEST_STEP][PASSED] - excelTestData = findTestData("Data Files/TestData/InspectTestData"): null

2021-02-19 17:24:34 - [TEST_STEP][PASSED] - rigisterUN = excelTestData.getValue(2, 23): null

2021-02-19 17:24:34 - [TEST_STEP][PASSED] - rigisterPW = excelTestData.getValue(3, 23): null

2021-02-19 17:24:34 - [TEST_STEP][PASSED] - customKeywords.commanFunctions.uploadFileOfRegisterUser(272, rigisterUN, rigisterPW): customKeywords.commanFunctions.uploadFileOfRegisterUser is PASSED

2021-02-19 17:24:35 - [MESSAGE][INFO] - Starting 'Chrome' driver

2021-02-19 17:24:35 - [MESSAGE][INFO] - Action delay is set to 0 milliseconds

2021-02-19 17:24:47 - [MESSAGE][PASSED] - Browser is opened with url: 'https://Inspect.Stage.site.sa'

2021-02-19 17:24:49 - [MESSAGE][PASSED] - Current window maximized

2021-02-19 17:24:49 - [MESSAGE][PASSED] - Wait for page load successfully

2021-02-19 17:24:50 - [MESSAGE][PASSED] - Object 'Object Repository/LoginAndRigisterUser/LoginLink' is clickable

2021-02-19 17:24:50 - [MESSAGE][INFO] - Clicked on element with JS

2021-02-19 17:24:51 - [MESSAGE][PASSED] - Keys 'Os-ARahman@projects.site.sa' sent to object: 'Object Repository/LoginAndRigisterUser/UserName_Email_Input'

2021-02-19 17:24:51 - [MESSAGE][PASSED] - Keys 'Test@12345' sent to object: 'Object Repository/LoginAndRigisterUser/Password_Input'

2021-02-19 17:24:52 - [MESSAGE][PASSED] - Delayed 1 second(s)

2021-02-19 17:24:52 - [MESSAGE][PASSED] - Object 'Object Repository/LoginAndRigisterUser/LoginBtn' is clickable

2021-02-19 17:24:53 - [MESSAGE][INFO] - Clicked on element with JS

2021-02-19 17:24:55 - [MESSAGE][PASSED] - Keys '0' sent to object: 'Object Repository/LoginAndRigisterUser/otpOne'

2021-02-19 17:24:56 - [MESSAGE][PASSED] - Keys '0' sent to object: 'Object Repository/LoginAndRigisterUser/otpTwo'

2021-02-19 17:24:57 - [MESSAGE][PASSED] - Keys '0' sent to object: 'Object Repository/LoginAndRigisterUser/otpThree'

2021-02-19 17:24:58 - [MESSAGE][PASSED] - Keys '0' sent to object: 'Object Repository/LoginAndRigisterUser/otpFour'

2021-02-19 17:24:59 - [MESSAGE][PASSED] - Keys '0' sent to object: 'Object Repository/LoginAndRigisterUser/otpFive'

2021-02-19 17:25:00 - [MESSAGE][INFO] - Clicked on element with JS

2021-02-19 17:25:02 - [MESSAGE][PASSED] - Object: 'Object Repository/HomePage/ChooseAFile' is clicked on

2021-02-19 17:25:04 - [MESSAGE][PASSED] - Delayed 2 second(s)

2021-02-19 17:25:06 - [MESSAGE][INFO] - Image Uploaded Sucsessfully

2021-02-19 17:25:08 - [MESSAGE][PASSED] - Delayed 2 second(s)

2021-02-19 17:25:09 - [MESSAGE][PASSED] - Text 'Windows BitMap.bmp' is present on page 

2021-02-19 17:25:10 - [MESSAGE][PASSED] - Object: 'Object Repository/HomePage/Window7RadioBtn' is clicked on

2021-02-19 17:25:11 - [MESSAGE][PASSED] - Scroll to object 'Object Repository/HomePage/startAnalysis_EnableBtn' successfully

2021-02-19 17:25:12 - [MESSAGE][PASSED] - Object: 'Object Repository/HomePage/startAnalysis_EnableBtn' is clicked on

2021-02-19 17:25:14 - [MESSAGE][PASSED] - Object 'Object Repository/SubmissionPage/Submission_SearchIcon' is visible

2021-02-19 17:25:14 - [MESSAGE][PASSED] - Object 'Object Repository/SubmissionPage/Submission_SearchIcon' is visible

2021-02-19 17:25:14 - [MESSAGE][PASSED] - Actual object 'Windows BitMap.bmp' and expected object 'Windows BitMap.bmp' are equal

2021-02-19 17:25:14 - [MESSAGE][PASSED] - customKeywords.commanFunctions.uploadFileOfRegisterUser is PASSED

2021-02-19 17:25:14 - [TEST_STEP][PASSED] - customKeywords.commanFunctions.logOutAndcloseBrowser(): customKeywords.commanFunctions.logOutAndcloseBrowser is PASSED

2021-02-19 17:25:15 - [MESSAGE][PASSED] - Object 'Object Repository/LoginAndRigisterUser/AdminDD' is clickable

2021-02-19 17:25:15 - [MESSAGE][INFO] - Clicked on element with JS

2021-02-19 17:25:15 - [MESSAGE][INFO] - Clicked on element with JS

2021-02-19 17:25:16 - [MESSAGE][PASSED] - Delayed 1 second(s)

2021-02-19 17:25:17 - [MESSAGE][PASSED] - Browser is closed

2021-02-19 17:25:17 - [MESSAGE][PASSED] - customKeywords.commanFunctions.logOutAndcloseBrowser is PASSED]]></system-out>
         <system-err><![CDATA[]]></system-err>
      </testcase>
      <testcase name="Test Cases/UploadDiffFiles_RegisterUser/TC_As a register user, Upload Xlsx File and verify Uploded file in Submission Page" time="42.284" classname="Test Cases/UploadDiffFiles_RegisterUser/TC_As a register user, Upload Xlsx File and verify Uploded file in Submission Page" status="PASSED">
         <system-out><![CDATA[2021-02-19 17:25:17 - [TEST_CASE][PASSED] - Test Cases/UploadDiffFiles_RegisterUser/TC_As a register user, Upload Xlsx File and verify Uploded file in Submission Page: Test Cases/UploadDiffFiles_RegisterUser/TC_As a register user, Upload Xlsx File and verify Uploded file in Submission Page

2021-02-19 17:25:17 - [TEST_STEP][PASSED] - excelTestData = findTestData("Data Files/TestData/InspectTestData"): null

2021-02-19 17:25:17 - [TEST_STEP][PASSED] - rigisterUN = excelTestData.getValue(6, 23): null

2021-02-19 17:25:17 - [TEST_STEP][PASSED] - rigisterPW = excelTestData.getValue(3, 23): null

2021-02-19 17:25:17 - [TEST_STEP][PASSED] - customKeywords.commanFunctions.uploadFileOfRegisterUser(212, rigisterUN, rigisterPW): customKeywords.commanFunctions.uploadFileOfRegisterUser is PASSED

2021-02-19 17:25:17 - [MESSAGE][INFO] - Starting 'Chrome' driver

2021-02-19 17:25:17 - [MESSAGE][INFO] - Action delay is set to 0 milliseconds

2021-02-19 17:25:29 - [MESSAGE][PASSED] - Browser is opened with url: 'https://Inspect.Stage.site.sa'

2021-02-19 17:25:32 - [MESSAGE][PASSED] - Current window maximized

2021-02-19 17:25:32 - [MESSAGE][PASSED] - Wait for page load successfully

2021-02-19 17:25:32 - [MESSAGE][PASSED] - Object 'Object Repository/LoginAndRigisterUser/LoginLink' is clickable

2021-02-19 17:25:32 - [MESSAGE][INFO] - Clicked on element with JS

2021-02-19 17:25:33 - [MESSAGE][PASSED] - Keys 'Os-anelapatla@projects.site.sa' sent to object: 'Object Repository/LoginAndRigisterUser/UserName_Email_Input'

2021-02-19 17:25:33 - [MESSAGE][PASSED] - Keys 'Test@12345' sent to object: 'Object Repository/LoginAndRigisterUser/Password_Input'

2021-02-19 17:25:34 - [MESSAGE][PASSED] - Delayed 1 second(s)

2021-02-19 17:25:35 - [MESSAGE][PASSED] - Object 'Object Repository/LoginAndRigisterUser/LoginBtn' is clickable

2021-02-19 17:25:35 - [MESSAGE][INFO] - Clicked on element with JS

2021-02-19 17:25:37 - [MESSAGE][PASSED] - Keys '0' sent to object: 'Object Repository/LoginAndRigisterUser/otpOne'

2021-02-19 17:25:38 - [MESSAGE][PASSED] - Keys '0' sent to object: 'Object Repository/LoginAndRigisterUser/otpTwo'

2021-02-19 17:25:39 - [MESSAGE][PASSED] - Keys '0' sent to object: 'Object Repository/LoginAndRigisterUser/otpThree'

2021-02-19 17:25:39 - [MESSAGE][PASSED] - Keys '0' sent to object: 'Object Repository/LoginAndRigisterUser/otpFour'

2021-02-19 17:25:40 - [MESSAGE][PASSED] - Keys '0' sent to object: 'Object Repository/LoginAndRigisterUser/otpFive'

2021-02-19 17:25:41 - [MESSAGE][INFO] - Clicked on element with JS

2021-02-19 17:25:44 - [MESSAGE][PASSED] - Object: 'Object Repository/HomePage/ChooseAFile' is clicked on

2021-02-19 17:25:46 - [MESSAGE][PASSED] - Delayed 2 second(s)

2021-02-19 17:25:48 - [MESSAGE][INFO] - Image Uploaded Sucsessfully

2021-02-19 17:25:50 - [MESSAGE][PASSED] - Delayed 2 second(s)

2021-02-19 17:25:50 - [MESSAGE][PASSED] - Text 'sampleExcel' is present on page 

2021-02-19 17:25:51 - [MESSAGE][PASSED] - Object: 'Object Repository/HomePage/Window7RadioBtn' is clicked on

2021-02-19 17:25:53 - [MESSAGE][PASSED] - Scroll to object 'Object Repository/HomePage/startAnalysis_EnableBtn' successfully

2021-02-19 17:25:54 - [MESSAGE][PASSED] - Object: 'Object Repository/HomePage/startAnalysis_EnableBtn' is clicked on

2021-02-19 17:25:56 - [MESSAGE][PASSED] - Object 'Object Repository/SubmissionPage/Submission_SearchIcon' is visible

2021-02-19 17:25:56 - [MESSAGE][PASSED] - Object 'Object Repository/SubmissionPage/Submission_SearchIcon' is visible

2021-02-19 17:25:56 - [MESSAGE][PASSED] - Actual object 'sampleExcel.xlsx' and expected object 'sampleExcel.xlsx' are equal

2021-02-19 17:25:56 - [MESSAGE][PASSED] - customKeywords.commanFunctions.uploadFileOfRegisterUser is PASSED

2021-02-19 17:25:56 - [TEST_STEP][PASSED] - customKeywords.commanFunctions.logOutAndcloseBrowser(): customKeywords.commanFunctions.logOutAndcloseBrowser is PASSED

2021-02-19 17:25:57 - [MESSAGE][PASSED] - Object 'Object Repository/LoginAndRigisterUser/AdminDD' is clickable

2021-02-19 17:25:57 - [MESSAGE][INFO] - Clicked on element with JS

2021-02-19 17:25:58 - [MESSAGE][INFO] - Clicked on element with JS

2021-02-19 17:25:59 - [MESSAGE][PASSED] - Delayed 1 second(s)

2021-02-19 17:25:59 - [MESSAGE][PASSED] - Browser is closed

2021-02-19 17:25:59 - [MESSAGE][PASSED] - customKeywords.commanFunctions.logOutAndcloseBrowser is PASSED]]></system-out>
         <system-err><![CDATA[]]></system-err>
      </testcase>
      <testcase name="Test Cases/UploadDiffURLs_RegisterUser/TC_As a register user, Successfully submit the URLWithQueryParameters" time="34.347" classname="Test Cases/UploadDiffURLs_RegisterUser/TC_As a register user, Successfully submit the URLWithQueryParameters" status="PASSED">
         <system-out><![CDATA[2021-02-19 17:25:59 - [TEST_CASE][PASSED] - Test Cases/UploadDiffURLs_RegisterUser/TC_As a register user, Successfully submit the URLWithQueryParameters: Test Cases/UploadDiffURLs_RegisterUser/TC_As a register user, Successfully submit the URLWithQueryParameters

2021-02-19 17:25:59 - [TEST_STEP][PASSED] - excelTestData = findTestData("Data Files/TestData/InspectTestData"): null

2021-02-19 17:25:59 - [TEST_STEP][PASSED] - sampleURL = excelTestData.getValue(2, 390): null

2021-02-19 17:25:59 - [TEST_STEP][PASSED] - rigisterUN = excelTestData.getValue(6, 23): null

2021-02-19 17:25:59 - [TEST_STEP][PASSED] - rigisterPW = excelTestData.getValue(3, 23): null

2021-02-19 17:25:59 - [TEST_STEP][PASSED] - customKeywords.commanFunctions.enterURLOfRegisterUser(sampleURL, rigisterUN, rigisterPW): customKeywords.commanFunctions.enterURLOfRegisterUser is PASSED

2021-02-19 17:26:00 - [MESSAGE][INFO] - Starting 'Chrome' driver

2021-02-19 17:26:00 - [MESSAGE][INFO] - Action delay is set to 0 milliseconds

2021-02-19 17:26:12 - [MESSAGE][PASSED] - Browser is opened with url: 'https://Inspect.Stage.site.sa'

2021-02-19 17:26:14 - [MESSAGE][PASSED] - Current window maximized

2021-02-19 17:26:14 - [MESSAGE][PASSED] - Wait for page load successfully

2021-02-19 17:26:15 - [MESSAGE][PASSED] - Object 'Object Repository/LoginAndRigisterUser/LoginLink' is clickable

2021-02-19 17:26:15 - [MESSAGE][INFO] - Clicked on element with JS

2021-02-19 17:26:16 - [MESSAGE][PASSED] - Keys 'Os-anelapatla@projects.site.sa' sent to object: 'Object Repository/LoginAndRigisterUser/UserName_Email_Input'

2021-02-19 17:26:16 - [MESSAGE][PASSED] - Keys 'Test@12345' sent to object: 'Object Repository/LoginAndRigisterUser/Password_Input'

2021-02-19 17:26:17 - [MESSAGE][PASSED] - Delayed 1 second(s)

2021-02-19 17:26:17 - [MESSAGE][PASSED] - Object 'Object Repository/LoginAndRigisterUser/LoginBtn' is clickable

2021-02-19 17:26:18 - [MESSAGE][INFO] - Clicked on element with JS

2021-02-19 17:26:20 - [MESSAGE][PASSED] - Keys '0' sent to object: 'Object Repository/LoginAndRigisterUser/otpOne'

2021-02-19 17:26:21 - [MESSAGE][PASSED] - Keys '0' sent to object: 'Object Repository/LoginAndRigisterUser/otpTwo'

2021-02-19 17:26:22 - [MESSAGE][PASSED] - Keys '0' sent to object: 'Object Repository/LoginAndRigisterUser/otpThree'

2021-02-19 17:26:23 - [MESSAGE][PASSED] - Keys '0' sent to object: 'Object Repository/LoginAndRigisterUser/otpFour'

2021-02-19 17:26:24 - [MESSAGE][PASSED] - Keys '0' sent to object: 'Object Repository/LoginAndRigisterUser/otpFive'

2021-02-19 17:26:24 - [MESSAGE][INFO] - Clicked on element with JS

2021-02-19 17:26:26 - [MESSAGE][PASSED] - Object: 'Object Repository/HomePage/URL_Tab' is clicked on

2021-02-19 17:26:27 - [MESSAGE][PASSED] - Keys 'http://www.company.com/showOrder.php?order=4621047' sent to object: 'Object Repository/HomePage/PleaseEnterURL_Input'

2021-02-19 17:26:28 - [MESSAGE][PASSED] - Object: 'Object Repository/HomePage/Window10RadioBtn' is clicked on

2021-02-19 17:26:28 - [MESSAGE][PASSED] - Object: 'Object Repository/HomePage/startAnalysis_EnableBtn' is clicked on

2021-02-19 17:26:30 - [MESSAGE][PASSED] - Text 'Your submission was successful, the analysis results will be delivered to you via email' is present on page 

2021-02-19 17:26:30 - [MESSAGE][PASSED] - Object 'Object Repository/SubmissionPage/Submission_SearchIcon' is visible

2021-02-19 17:26:30 - [MESSAGE][PASSED] - Object 'Object Repository/SubmissionPage/Submission_SearchIcon' is visible

2021-02-19 17:26:31 - [MESSAGE][PASSED] - Actual object 'http://www.company.com/showOrder.php?order=4621047' and expected object 'http://www.company.com/showOrder.php?order=4621047' are equal

2021-02-19 17:26:31 - [MESSAGE][PASSED] - customKeywords.commanFunctions.enterURLOfRegisterUser is PASSED

2021-02-19 17:26:31 - [TEST_STEP][PASSED] - customKeywords.commanFunctions.logOutAndcloseBrowser(): customKeywords.commanFunctions.logOutAndcloseBrowser is PASSED

2021-02-19 17:26:31 - [MESSAGE][PASSED] - Object 'Object Repository/LoginAndRigisterUser/AdminDD' is clickable

2021-02-19 17:26:31 - [MESSAGE][INFO] - Clicked on element with JS

2021-02-19 17:26:32 - [MESSAGE][INFO] - Clicked on element with JS

2021-02-19 17:26:33 - [MESSAGE][PASSED] - Delayed 1 second(s)

2021-02-19 17:26:34 - [MESSAGE][PASSED] - Browser is closed

2021-02-19 17:26:34 - [MESSAGE][PASSED] - customKeywords.commanFunctions.logOutAndcloseBrowser is PASSED]]></system-out>
         <system-err><![CDATA[]]></system-err>
      </testcase>
      <testcase name="Test Cases/UploadDiffURLs_RegisterUser/TC_As register user , Trigger URL validation with invalid formats" time="33.44" classname="Test Cases/UploadDiffURLs_RegisterUser/TC_As register user , Trigger URL validation with invalid formats" status="FAILED">
         <failure type="FAILED" message="Test Cases/UploadDiffURLs_RegisterUser/TC_As register user , Trigger URL validation with invalid formats FAILED.
Reason:
com.kms.katalon.core.exception.StepFailedException: Unable to verify text 'URL format is not valid.' is present 
	at com.kms.katalon.core.webui.keyword.internal.WebUIKeywordMain.stepFailed(WebUIKeywordMain.groovy:64)
	at com.kms.katalon.core.webui.keyword.internal.WebUIKeywordMain.runKeyword(WebUIKeywordMain.groovy:26)
	at com.kms.katalon.core.webui.keyword.builtin.VerifyTextPresentKeyword.verifyTextPresent(VerifyTextPresentKeyword.groovy:83)
	at com.kms.katalon.core.webui.keyword.builtin.VerifyTextPresentKeyword.execute(VerifyTextPresentKeyword.groovy:68)
	at com.kms.katalon.core.keyword.internal.KeywordExecutor.executeKeywordForPlatform(KeywordExecutor.groovy:73)
	at com.kms.katalon.core.webui.keyword.WebUiBuiltInKeywords.verifyTextPresent(WebUiBuiltInKeywords.groovy:1720)
	at com.kms.katalon.core.webui.keyword.WebUiBuiltInKeywords$verifyTextPresent$6.call(Unknown Source)
	at TC_As register user , Trigger URL validation with invalid formats.run(TC_As register user , Trigger URL validation with invalid formats:41)
	at com.kms.katalon.core.main.ScriptEngine.run(ScriptEngine.java:194)
	at com.kms.katalon.core.main.ScriptEngine.runScriptAsRawText(ScriptEngine.java:119)
	at com.kms.katalon.core.main.TestCaseExecutor.runScript(TestCaseExecutor.java:394)
	at com.kms.katalon.core.main.TestCaseExecutor.doExecute(TestCaseExecutor.java:385)
	at com.kms.katalon.core.main.TestCaseExecutor.processExecutionPhase(TestCaseExecutor.java:364)
	at com.kms.katalon.core.main.TestCaseExecutor.accessMainPhase(TestCaseExecutor.java:356)
	at com.kms.katalon.core.main.TestCaseExecutor.execute(TestCaseExecutor.java:251)
	at com.kms.katalon.core.main.TestSuiteExecutor.accessTestCaseMainPhase(TestSuiteExecutor.java:203)
	at com.kms.katalon.core.main.TestSuiteExecutor.accessTestSuiteMainPhase(TestSuiteExecutor.java:152)
	at com.kms.katalon.core.main.TestSuiteExecutor.execute(TestSuiteExecutor.java:95)
	at com.kms.katalon.core.main.TestCaseMain.startTestSuite(TestCaseMain.java:157)
	at com.kms.katalon.core.main.TestCaseMain$startTestSuite$0.call(Unknown Source)
	at TempTestSuite1613733799519.run(TempTestSuite1613733799519.groovy:39)
Caused by: com.kms.katalon.core.exception.StepFailedException: Text 'URL format is not valid.' is not present on page 
	at com.kms.katalon.core.webui.keyword.internal.WebUIKeywordMain.stepFailed(WebUIKeywordMain.groovy:64)
	at com.kms.katalon.core.webui.keyword.builtin.VerifyTextPresentKeyword$_verifyTextPresent_closure1.doCall(VerifyTextPresentKeyword.groovy:79)
	at com.kms.katalon.core.webui.keyword.builtin.VerifyTextPresentKeyword$_verifyTextPresent_closure1.call(VerifyTextPresentKeyword.groovy)
	at com.kms.katalon.core.webui.keyword.internal.WebUIKeywordMain.runKeyword(WebUIKeywordMain.groovy:20)
	... 19 more
"/>
         <system-out><![CDATA[2021-02-19 17:26:34 - [TEST_CASE][FAILED] - Test Cases/UploadDiffURLs_RegisterUser/TC_As register user , Trigger URL validation with invalid formats: Test Cases/UploadDiffURLs_RegisterUser/TC_As register user , Trigger URL validation with invalid formats FAILED.
Reason:
com.kms.katalon.core.exception.StepFailedException: Unable to verify text 'URL format is not valid.' is present 
	at com.kms.katalon.core.webui.keyword.internal.WebUIKeywordMain.stepFailed(WebUIKeywordMain.groovy:64)
	at com.kms.katalon.core.webui.keyword.internal.WebUIKeywordMain.runKeyword(WebUIKeywordMain.groovy:26)
	at com.kms.katalon.core.webui.keyword.builtin.VerifyTextPresentKeyword.verifyTextPresent(VerifyTextPresentKeyword.groovy:83)
	at com.kms.katalon.core.webui.keyword.builtin.VerifyTextPresentKeyword.execute(VerifyTextPresentKeyword.groovy:68)
	at com.kms.katalon.core.keyword.internal.KeywordExecutor.executeKeywordForPlatform(KeywordExecutor.groovy:73)
	at com.kms.katalon.core.webui.keyword.WebUiBuiltInKeywords.verifyTextPresent(WebUiBuiltInKeywords.groovy:1720)
	at com.kms.katalon.core.webui.keyword.WebUiBuiltInKeywords$verifyTextPresent$6.call(Unknown Source)
	at TC_As register user , Trigger URL validation with invalid formats.run(TC_As register user , Trigger URL validation with invalid formats:41)
	at com.kms.katalon.core.main.ScriptEngine.run(ScriptEngine.java:194)
	at com.kms.katalon.core.main.ScriptEngine.runScriptAsRawText(ScriptEngine.java:119)
	at com.kms.katalon.core.main.TestCaseExecutor.runScript(TestCaseExecutor.java:394)
	at com.kms.katalon.core.main.TestCaseExecutor.doExecute(TestCaseExecutor.java:385)
	at com.kms.katalon.core.main.TestCaseExecutor.processExecutionPhase(TestCaseExecutor.java:364)
	at com.kms.katalon.core.main.TestCaseExecutor.accessMainPhase(TestCaseExecutor.java:356)
	at com.kms.katalon.core.main.TestCaseExecutor.execute(TestCaseExecutor.java:251)
	at com.kms.katalon.core.main.TestSuiteExecutor.accessTestCaseMainPhase(TestSuiteExecutor.java:203)
	at com.kms.katalon.core.main.TestSuiteExecutor.accessTestSuiteMainPhase(TestSuiteExecutor.java:152)
	at com.kms.katalon.core.main.TestSuiteExecutor.execute(TestSuiteExecutor.java:95)
	at com.kms.katalon.core.main.TestCaseMain.startTestSuite(TestCaseMain.java:157)
	at com.kms.katalon.core.main.TestCaseMain$startTestSuite$0.call(Unknown Source)
	at TempTestSuite1613733799519.run(TempTestSuite1613733799519.groovy:39)
Caused by: com.kms.katalon.core.exception.StepFailedException: Text 'URL format is not valid.' is not present on page 
	at com.kms.katalon.core.webui.keyword.internal.WebUIKeywordMain.stepFailed(WebUIKeywordMain.groovy:64)
	at com.kms.katalon.core.webui.keyword.builtin.VerifyTextPresentKeyword$_verifyTextPresent_closure1.doCall(VerifyTextPresentKeyword.groovy:79)
	at com.kms.katalon.core.webui.keyword.builtin.VerifyTextPresentKeyword$_verifyTextPresent_closure1.call(VerifyTextPresentKeyword.groovy)
	at com.kms.katalon.core.webui.keyword.internal.WebUIKeywordMain.runKeyword(WebUIKeywordMain.groovy:20)
	... 19 more


2021-02-19 17:26:34 - [TEST_STEP][PASSED] - excelTestData = findTestData("Data Files/TestData/InspectTestData"): null

2021-02-19 17:26:34 - [TEST_STEP][PASSED] - obj = findTestObject("LoginAndRigisterUser/LoginLink"): null

2021-02-19 17:26:34 - [TEST_STEP][PASSED] - customKeywords.commanFunctions.openBrowser(): customKeywords.commanFunctions.openBrowser is PASSED

2021-02-19 17:26:34 - [MESSAGE][INFO] - Starting 'Chrome' driver

2021-02-19 17:26:34 - [MESSAGE][INFO] - Action delay is set to 0 milliseconds

2021-02-19 17:26:46 - [MESSAGE][PASSED] - Browser is opened with url: 'https://Inspect.Stage.site.sa'

2021-02-19 17:26:48 - [MESSAGE][PASSED] - Current window maximized

2021-02-19 17:26:48 - [MESSAGE][PASSED] - Wait for page load successfully

2021-02-19 17:26:48 - [MESSAGE][PASSED] - customKeywords.commanFunctions.openBrowser is PASSED

2021-02-19 17:26:48 - [TEST_STEP][PASSED] - waitForElementClickable(findTestObject("LoginAndRigisterUser/LoginLink"), TimeOut): Object 'Object Repository/LoginAndRigisterUser/LoginLink' is clickable

2021-02-19 17:26:49 - [MESSAGE][PASSED] - Object 'Object Repository/LoginAndRigisterUser/LoginLink' is clickable

2021-02-19 17:26:49 - [TEST_STEP][PASSED] - customKeywords.commanFunctions.clickElementWithJS(obj): customKeywords.commanFunctions.clickElementWithJS is PASSED

2021-02-19 17:26:49 - [MESSAGE][INFO] - Clicked on element with JS

2021-02-19 17:26:49 - [MESSAGE][PASSED] - customKeywords.commanFunctions.clickElementWithJS is PASSED

2021-02-19 17:26:49 - [TEST_STEP][PASSED] - rigisterUN = excelTestData.getValue(2, 23): null

2021-02-19 17:26:49 - [TEST_STEP][PASSED] - rigisterPW = excelTestData.getValue(3, 23): null

2021-02-19 17:26:49 - [TEST_STEP][PASSED] - customKeywords.commanFunctions.logIntoBrowserWithReqCredentials(rigisterUN, rigisterPW): customKeywords.commanFunctions.logIntoBrowserWithReqCredentials is PASSED

2021-02-19 17:26:50 - [MESSAGE][PASSED] - Keys 'Os-ARahman@projects.site.sa' sent to object: 'Object Repository/LoginAndRigisterUser/UserName_Email_Input'

2021-02-19 17:26:50 - [MESSAGE][PASSED] - Keys 'Test@12345' sent to object: 'Object Repository/LoginAndRigisterUser/Password_Input'

2021-02-19 17:26:51 - [MESSAGE][PASSED] - Delayed 1 second(s)

2021-02-19 17:26:52 - [MESSAGE][PASSED] - Object 'Object Repository/LoginAndRigisterUser/LoginBtn' is clickable

2021-02-19 17:26:52 - [MESSAGE][INFO] - Clicked on element with JS

2021-02-19 17:26:52 - [MESSAGE][PASSED] - customKeywords.commanFunctions.logIntoBrowserWithReqCredentials is PASSED

2021-02-19 17:26:52 - [TEST_STEP][PASSED] - customKeywords.commanFunctions.otpLogin(): customKeywords.commanFunctions.otpLogin is PASSED

2021-02-19 17:26:54 - [MESSAGE][PASSED] - Keys '0' sent to object: 'Object Repository/LoginAndRigisterUser/otpOne'

2021-02-19 17:26:55 - [MESSAGE][PASSED] - Keys '0' sent to object: 'Object Repository/LoginAndRigisterUser/otpTwo'

2021-02-19 17:26:56 - [MESSAGE][PASSED] - Keys '0' sent to object: 'Object Repository/LoginAndRigisterUser/otpThree'

2021-02-19 17:26:57 - [MESSAGE][PASSED] - Keys '0' sent to object: 'Object Repository/LoginAndRigisterUser/otpFour'

2021-02-19 17:26:58 - [MESSAGE][PASSED] - Keys '0' sent to object: 'Object Repository/LoginAndRigisterUser/otpFive'

2021-02-19 17:26:59 - [MESSAGE][INFO] - Clicked on element with JS

2021-02-19 17:26:59 - [MESSAGE][PASSED] - customKeywords.commanFunctions.otpLogin is PASSED

2021-02-19 17:26:59 - [TEST_STEP][PASSED] - click(findTestObject("Object Repository/HomePage/URL_Tab")): Object: 'Object Repository/HomePage/URL_Tab' is clicked on

2021-02-19 17:27:00 - [MESSAGE][PASSED] - Object: 'Object Repository/HomePage/URL_Tab' is clicked on

2021-02-19 17:27:00 - [TEST_STEP][PASSED] - ErrorValidationMessage = excelTestData.getValue(3, 42): null

2021-02-19 17:27:00 - [TEST_STEP][FAILED] - for ([i = 42, i <= 46, (i++)]): Unable to verify text 'URL format is not valid.' is present  (Root cause: com.kms.katalon.core.exception.StepFailedException: Unable to verify text 'URL format is not valid.' is present 
	at com.kms.katalon.core.webui.keyword.internal.WebUIKeywordMain.stepFailed(WebUIKeywordMain.groovy:64)
	at com.kms.katalon.core.webui.keyword.internal.WebUIKeywordMain.runKeyword(WebUIKeywordMain.groovy:26)
	at com.kms.katalon.core.webui.keyword.builtin.VerifyTextPresentKeyword.verifyTextPresent(VerifyTextPresentKeyword.groovy:83)
	at com.kms.katalon.core.webui.keyword.builtin.VerifyTextPresentKeyword.execute(VerifyTextPresentKeyword.groovy:68)
	at com.kms.katalon.core.keyword.internal.KeywordExecutor.executeKeywordForPlatform(KeywordExecutor.groovy:73)
	at com.kms.katalon.core.webui.keyword.WebUiBuiltInKeywords.verifyTextPresent(WebUiBuiltInKeywords.groovy:1720)
	at com.kms.katalon.core.webui.keyword.WebUiBuiltInKeywords$verifyTextPresent$6.call(Unknown Source)
	at TC_As register user , Trigger URL validation with invalid formats.run(TC_As register user , Trigger URL validation with invalid formats:41)
	at com.kms.katalon.core.main.ScriptEngine.run(ScriptEngine.java:194)
	at com.kms.katalon.core.main.ScriptEngine.runScriptAsRawText(ScriptEngine.java:119)
	at com.kms.katalon.core.main.TestCaseExecutor.runScript(TestCaseExecutor.java:394)
	at com.kms.katalon.core.main.TestCaseExecutor.doExecute(TestCaseExecutor.java:385)
	at com.kms.katalon.core.main.TestCaseExecutor.processExecutionPhase(TestCaseExecutor.java:364)
	at com.kms.katalon.core.main.TestCaseExecutor.accessMainPhase(TestCaseExecutor.java:356)
	at com.kms.katalon.core.main.TestCaseExecutor.execute(TestCaseExecutor.java:251)
	at com.kms.katalon.core.main.TestSuiteExecutor.accessTestCaseMainPhase(TestSuiteExecutor.java:203)
	at com.kms.katalon.core.main.TestSuiteExecutor.accessTestSuiteMainPhase(TestSuiteExecutor.java:152)
	at com.kms.katalon.core.main.TestSuiteExecutor.execute(TestSuiteExecutor.java:95)
	at com.kms.katalon.core.main.TestCaseMain.startTestSuite(TestCaseMain.java:157)
	at com.kms.katalon.core.main.TestCaseMain$startTestSuite$0.call(Unknown Source)
	at TempTestSuite1613733799519.run(TempTestSuite1613733799519.groovy:39)
Caused by: com.kms.katalon.core.exception.StepFailedException: Text 'URL format is not valid.' is not present on page 
	at com.kms.katalon.core.webui.keyword.internal.WebUIKeywordMain.stepFailed(WebUIKeywordMain.groovy:64)
	at com.kms.katalon.core.webui.keyword.builtin.VerifyTextPresentKeyword$_verifyTextPresent_closure1.doCall(VerifyTextPresentKeyword.groovy:79)
	at com.kms.katalon.core.webui.keyword.builtin.VerifyTextPresentKeyword$_verifyTextPresent_closure1.call(VerifyTextPresentKeyword.groovy)
	at com.kms.katalon.core.webui.keyword.internal.WebUIKeywordMain.runKeyword(WebUIKeywordMain.groovy:20)
	... 19 more
)

2021-02-19 17:27:00 - [TEST_STEP][PASSED] - IncorrectURLs = excelTestData.getValue(2, i): null

2021-02-19 17:27:00 - [TEST_STEP][PASSED] - sendKeys(findTestObject("Object Repository/HomePage/PleaseEnterURL_Input"), IncorrectURLs): Keys 'https://www.slideshare.net/socialogilvy ' sent to object: 'Object Repository/HomePage/PleaseEnterURL_Input'

2021-02-19 17:27:01 - [MESSAGE][PASSED] - Keys 'https://www.slideshare.net/socialogilvy ' sent to object: 'Object Repository/HomePage/PleaseEnterURL_Input'

2021-02-19 17:27:01 - [TEST_STEP][PASSED] - verifyTextPresent(ErrorValidationMessage, false): Text 'URL format is not valid.' is present on page 

2021-02-19 17:27:02 - [MESSAGE][PASSED] - Text 'URL format is not valid.' is present on page 

2021-02-19 17:27:02 - [TEST_STEP][PASSED] - clearText(findTestObject("Object Repository/HomePage/PleaseEnterURL_Input")): Text of object 'Object Repository/HomePage/PleaseEnterURL_Input' is cleared

2021-02-19 17:27:02 - [MESSAGE][PASSED] - Text of object 'Object Repository/HomePage/PleaseEnterURL_Input' is cleared

2021-02-19 17:27:02 - [TEST_STEP][PASSED] - IncorrectURLs = excelTestData.getValue(2, i): null

2021-02-19 17:27:02 - [TEST_STEP][PASSED] - sendKeys(findTestObject("Object Repository/HomePage/PleaseEnterURL_Input"), IncorrectURLs): Keys 'htps://www.slideshare.net/socialogilvy' sent to object: 'Object Repository/HomePage/PleaseEnterURL_Input'

2021-02-19 17:27:03 - [MESSAGE][PASSED] - Keys 'htps://www.slideshare.net/socialogilvy' sent to object: 'Object Repository/HomePage/PleaseEnterURL_Input'

2021-02-19 17:27:03 - [TEST_STEP][PASSED] - verifyTextPresent(ErrorValidationMessage, false): Text 'URL format is not valid.' is present on page 

2021-02-19 17:27:04 - [MESSAGE][PASSED] - Text 'URL format is not valid.' is present on page 

2021-02-19 17:27:04 - [TEST_STEP][PASSED] - clearText(findTestObject("Object Repository/HomePage/PleaseEnterURL_Input")): Text of object 'Object Repository/HomePage/PleaseEnterURL_Input' is cleared

2021-02-19 17:27:04 - [MESSAGE][PASSED] - Text of object 'Object Repository/HomePage/PleaseEnterURL_Input' is cleared

2021-02-19 17:27:04 - [TEST_STEP][PASSED] - IncorrectURLs = excelTestData.getValue(2, i): null

2021-02-19 17:27:04 - [TEST_STEP][PASSED] - sendKeys(findTestObject("Object Repository/HomePage/PleaseEnterURL_Input"), IncorrectURLs): Keys 'https://ww.slideshare.net/socialogilvy' sent to object: 'Object Repository/HomePage/PleaseEnterURL_Input'

2021-02-19 17:27:05 - [MESSAGE][PASSED] - Keys 'https://ww.slideshare.net/socialogilvy' sent to object: 'Object Repository/HomePage/PleaseEnterURL_Input'

2021-02-19 17:27:05 - [TEST_STEP][FAILED] - verifyTextPresent(ErrorValidationMessage, false): Unable to verify text 'URL format is not valid.' is present  (Root cause: com.kms.katalon.core.exception.StepFailedException: Unable to verify text 'URL format is not valid.' is present 
	at com.kms.katalon.core.webui.keyword.internal.WebUIKeywordMain.stepFailed(WebUIKeywordMain.groovy:64)
	at com.kms.katalon.core.webui.keyword.internal.WebUIKeywordMain.runKeyword(WebUIKeywordMain.groovy:26)
	at com.kms.katalon.core.webui.keyword.builtin.VerifyTextPresentKeyword.verifyTextPresent(VerifyTextPresentKeyword.groovy:83)
	at com.kms.katalon.core.webui.keyword.builtin.VerifyTextPresentKeyword.execute(VerifyTextPresentKeyword.groovy:68)
	at com.kms.katalon.core.keyword.internal.KeywordExecutor.executeKeywordForPlatform(KeywordExecutor.groovy:73)
	at com.kms.katalon.core.webui.keyword.WebUiBuiltInKeywords.verifyTextPresent(WebUiBuiltInKeywords.groovy:1720)
	at com.kms.katalon.core.webui.keyword.WebUiBuiltInKeywords$verifyTextPresent$6.call(Unknown Source)
	at TC_As register user , Trigger URL validation with invalid formats.run(TC_As register user , Trigger URL validation with invalid formats:41)
	at com.kms.katalon.core.main.ScriptEngine.run(ScriptEngine.java:194)
	at com.kms.katalon.core.main.ScriptEngine.runScriptAsRawText(ScriptEngine.java:119)
	at com.kms.katalon.core.main.TestCaseExecutor.runScript(TestCaseExecutor.java:394)
	at com.kms.katalon.core.main.TestCaseExecutor.doExecute(TestCaseExecutor.java:385)
	at com.kms.katalon.core.main.TestCaseExecutor.processExecutionPhase(TestCaseExecutor.java:364)
	at com.kms.katalon.core.main.TestCaseExecutor.accessMainPhase(TestCaseExecutor.java:356)
	at com.kms.katalon.core.main.TestCaseExecutor.execute(TestCaseExecutor.java:251)
	at com.kms.katalon.core.main.TestSuiteExecutor.accessTestCaseMainPhase(TestSuiteExecutor.java:203)
	at com.kms.katalon.core.main.TestSuiteExecutor.accessTestSuiteMainPhase(TestSuiteExecutor.java:152)
	at com.kms.katalon.core.main.TestSuiteExecutor.execute(TestSuiteExecutor.java:95)
	at com.kms.katalon.core.main.TestCaseMain.startTestSuite(TestCaseMain.java:157)
	at com.kms.katalon.core.main.TestCaseMain$startTestSuite$0.call(Unknown Source)
	at TempTestSuite1613733799519.run(TempTestSuite1613733799519.groovy:39)
Caused by: com.kms.katalon.core.exception.StepFailedException: Text 'URL format is not valid.' is not present on page 
	at com.kms.katalon.core.webui.keyword.internal.WebUIKeywordMain.stepFailed(WebUIKeywordMain.groovy:64)
	at com.kms.katalon.core.webui.keyword.builtin.VerifyTextPresentKeyword$_verifyTextPresent_closure1.doCall(VerifyTextPresentKeyword.groovy:79)
	at com.kms.katalon.core.webui.keyword.builtin.VerifyTextPresentKeyword$_verifyTextPresent_closure1.call(VerifyTextPresentKeyword.groovy)
	at com.kms.katalon.core.webui.keyword.internal.WebUIKeywordMain.runKeyword(WebUIKeywordMain.groovy:20)
	... 19 more
)

2021-02-19 17:27:06 - [MESSAGE][FAILED] - Text 'URL format is not valid.' is not present on page  (Root cause: com.kms.katalon.core.exception.StepFailedException: Text 'URL format is not valid.' is not present on page 
	at com.kms.katalon.core.webui.keyword.internal.WebUIKeywordMain.stepFailed(WebUIKeywordMain.groovy:64)
	at com.kms.katalon.core.webui.keyword.builtin.VerifyTextPresentKeyword$_verifyTextPresent_closure1.doCall(VerifyTextPresentKeyword.groovy:79)
	at com.kms.katalon.core.webui.keyword.builtin.VerifyTextPresentKeyword$_verifyTextPresent_closure1.call(VerifyTextPresentKeyword.groovy)
	at com.kms.katalon.core.webui.keyword.internal.WebUIKeywordMain.runKeyword(WebUIKeywordMain.groovy:20)
	at com.kms.katalon.core.webui.keyword.builtin.VerifyTextPresentKeyword.verifyTextPresent(VerifyTextPresentKeyword.groovy:83)
	at com.kms.katalon.core.webui.keyword.builtin.VerifyTextPresentKeyword.execute(VerifyTextPresentKeyword.groovy:68)
	at com.kms.katalon.core.keyword.internal.KeywordExecutor.executeKeywordForPlatform(KeywordExecutor.groovy:73)
	at com.kms.katalon.core.webui.keyword.WebUiBuiltInKeywords.verifyTextPresent(WebUiBuiltInKeywords.groovy:1720)
	at com.kms.katalon.core.webui.keyword.WebUiBuiltInKeywords$verifyTextPresent$6.call(Unknown Source)
	at TC_As register user , Trigger URL validation with invalid formats.run(TC_As register user , Trigger URL validation with invalid formats:41)
	at com.kms.katalon.core.main.ScriptEngine.run(ScriptEngine.java:194)
	at com.kms.katalon.core.main.ScriptEngine.runScriptAsRawText(ScriptEngine.java:119)
	at com.kms.katalon.core.main.TestCaseExecutor.runScript(TestCaseExecutor.java:394)
	at com.kms.katalon.core.main.TestCaseExecutor.doExecute(TestCaseExecutor.java:385)
	at com.kms.katalon.core.main.TestCaseExecutor.processExecutionPhase(TestCaseExecutor.java:364)
	at com.kms.katalon.core.main.TestCaseExecutor.accessMainPhase(TestCaseExecutor.java:356)
	at com.kms.katalon.core.main.TestCaseExecutor.execute(TestCaseExecutor.java:251)
	at com.kms.katalon.core.main.TestSuiteExecutor.accessTestCaseMainPhase(TestSuiteExecutor.java:203)
	at com.kms.katalon.core.main.TestSuiteExecutor.accessTestSuiteMainPhase(TestSuiteExecutor.java:152)
	at com.kms.katalon.core.main.TestSuiteExecutor.execute(TestSuiteExecutor.java:95)
	at com.kms.katalon.core.main.TestCaseMain.startTestSuite(TestCaseMain.java:157)
	at com.kms.katalon.core.main.TestCaseMain$startTestSuite$0.call(Unknown Source)
	at TempTestSuite1613733799519.run(TempTestSuite1613733799519.groovy:39)
)

2021-02-19 17:27:06 - [MESSAGE][FAILED] - Unable to verify text 'URL format is not valid.' is present  (Root cause: com.kms.katalon.core.exception.StepFailedException: Unable to verify text 'URL format is not valid.' is present 
	at com.kms.katalon.core.webui.keyword.internal.WebUIKeywordMain.stepFailed(WebUIKeywordMain.groovy:64)
	at com.kms.katalon.core.webui.keyword.internal.WebUIKeywordMain.runKeyword(WebUIKeywordMain.groovy:26)
	at com.kms.katalon.core.webui.keyword.builtin.VerifyTextPresentKeyword.verifyTextPresent(VerifyTextPresentKeyword.groovy:83)
	at com.kms.katalon.core.webui.keyword.builtin.VerifyTextPresentKeyword.execute(VerifyTextPresentKeyword.groovy:68)
	at com.kms.katalon.core.keyword.internal.KeywordExecutor.executeKeywordForPlatform(KeywordExecutor.groovy:73)
	at com.kms.katalon.core.webui.keyword.WebUiBuiltInKeywords.verifyTextPresent(WebUiBuiltInKeywords.groovy:1720)
	at com.kms.katalon.core.webui.keyword.WebUiBuiltInKeywords$verifyTextPresent$6.call(Unknown Source)
	at TC_As register user , Trigger URL validation with invalid formats.run(TC_As register user , Trigger URL validation with invalid formats:41)
	at com.kms.katalon.core.main.ScriptEngine.run(ScriptEngine.java:194)
	at com.kms.katalon.core.main.ScriptEngine.runScriptAsRawText(ScriptEngine.java:119)
	at com.kms.katalon.core.main.TestCaseExecutor.runScript(TestCaseExecutor.java:394)
	at com.kms.katalon.core.main.TestCaseExecutor.doExecute(TestCaseExecutor.java:385)
	at com.kms.katalon.core.main.TestCaseExecutor.processExecutionPhase(TestCaseExecutor.java:364)
	at com.kms.katalon.core.main.TestCaseExecutor.accessMainPhase(TestCaseExecutor.java:356)
	at com.kms.katalon.core.main.TestCaseExecutor.execute(TestCaseExecutor.java:251)
	at com.kms.katalon.core.main.TestSuiteExecutor.accessTestCaseMainPhase(TestSuiteExecutor.java:203)
	at com.kms.katalon.core.main.TestSuiteExecutor.accessTestSuiteMainPhase(TestSuiteExecutor.java:152)
	at com.kms.katalon.core.main.TestSuiteExecutor.execute(TestSuiteExecutor.java:95)
	at com.kms.katalon.core.main.TestCaseMain.startTestSuite(TestCaseMain.java:157)
	at com.kms.katalon.core.main.TestCaseMain$startTestSuite$0.call(Unknown Source)
	at TempTestSuite1613733799519.run(TempTestSuite1613733799519.groovy:39)
Caused by: com.kms.katalon.core.exception.StepFailedException: Text 'URL format is not valid.' is not present on page 
	at com.kms.katalon.core.webui.keyword.internal.WebUIKeywordMain.stepFailed(WebUIKeywordMain.groovy:64)
	at com.kms.katalon.core.webui.keyword.builtin.VerifyTextPresentKeyword$_verifyTextPresent_closure1.doCall(VerifyTextPresentKeyword.groovy:79)
	at com.kms.katalon.core.webui.keyword.builtin.VerifyTextPresentKeyword$_verifyTextPresent_closure1.call(VerifyTextPresentKeyword.groovy)
	at com.kms.katalon.core.webui.keyword.internal.WebUIKeywordMain.runKeyword(WebUIKeywordMain.groovy:20)
	... 19 more
)
[[ATTACHMENT|E:\\Inspect\\15022021\\SiteInspectAutomation\\Reports\\20210219_165319\\Regression_Suite\\RegisterUser_Suite\\RegisterUser_Regression\\20210219_165319\\1613735826454.png]]

2021-02-19 17:27:06 - [TEST_STEP][PASSED] - Start tear down : tearDownMethodIfFailed: Method 'tearDownMethodIfFailed' complete successfully

2021-02-19 17:27:06 - [TEST_STEP][PASSED] - customKeywords.commanFunctions.onlyCloseBrowser(): customKeywords.commanFunctions.onlyCloseBrowser is PASSED

2021-02-19 17:27:07 - [MESSAGE][PASSED] - Browser is closed

2021-02-19 17:27:07 - [MESSAGE][PASSED] - customKeywords.commanFunctions.onlyCloseBrowser is PASSED

2021-02-19 17:27:07 - [TEST_STEP][PASSED] - logInfo("[--------This is tearDownIfFailed method------]"): [--------This is tearDownIfFailed method------]

2021-02-19 17:27:07 - [MESSAGE][INFO] - [--------This is tearDownIfFailed method------]

2021-02-19 17:27:07 - [MESSAGE][PASSED] - Method 'tearDownMethodIfFailed' complete successfully]]></system-out>
         <system-err><![CDATA[2021-02-19 17:26:34 - [TEST_CASE][FAILED] - Test Cases/UploadDiffURLs_RegisterUser/TC_As register user , Trigger URL validation with invalid formats: Test Cases/UploadDiffURLs_RegisterUser/TC_As register user , Trigger URL validation with invalid formats FAILED.
Reason:
com.kms.katalon.core.exception.StepFailedException: Unable to verify text 'URL format is not valid.' is present 
	at com.kms.katalon.core.webui.keyword.internal.WebUIKeywordMain.stepFailed(WebUIKeywordMain.groovy:64)
	at com.kms.katalon.core.webui.keyword.internal.WebUIKeywordMain.runKeyword(WebUIKeywordMain.groovy:26)
	at com.kms.katalon.core.webui.keyword.builtin.VerifyTextPresentKeyword.verifyTextPresent(VerifyTextPresentKeyword.groovy:83)
	at com.kms.katalon.core.webui.keyword.builtin.VerifyTextPresentKeyword.execute(VerifyTextPresentKeyword.groovy:68)
	at com.kms.katalon.core.keyword.internal.KeywordExecutor.executeKeywordForPlatform(KeywordExecutor.groovy:73)
	at com.kms.katalon.core.webui.keyword.WebUiBuiltInKeywords.verifyTextPresent(WebUiBuiltInKeywords.groovy:1720)
	at com.kms.katalon.core.webui.keyword.WebUiBuiltInKeywords$verifyTextPresent$6.call(Unknown Source)
	at TC_As register user , Trigger URL validation with invalid formats.run(TC_As register user , Trigger URL validation with invalid formats:41)
	at com.kms.katalon.core.main.ScriptEngine.run(ScriptEngine.java:194)
	at com.kms.katalon.core.main.ScriptEngine.runScriptAsRawText(ScriptEngine.java:119)
	at com.kms.katalon.core.main.TestCaseExecutor.runScript(TestCaseExecutor.java:394)
	at com.kms.katalon.core.main.TestCaseExecutor.doExecute(TestCaseExecutor.java:385)
	at com.kms.katalon.core.main.TestCaseExecutor.processExecutionPhase(TestCaseExecutor.java:364)
	at com.kms.katalon.core.main.TestCaseExecutor.accessMainPhase(TestCaseExecutor.java:356)
	at com.kms.katalon.core.main.TestCaseExecutor.execute(TestCaseExecutor.java:251)
	at com.kms.katalon.core.main.TestSuiteExecutor.accessTestCaseMainPhase(TestSuiteExecutor.java:203)
	at com.kms.katalon.core.main.TestSuiteExecutor.accessTestSuiteMainPhase(TestSuiteExecutor.java:152)
	at com.kms.katalon.core.main.TestSuiteExecutor.execute(TestSuiteExecutor.java:95)
	at com.kms.katalon.core.main.TestCaseMain.startTestSuite(TestCaseMain.java:157)
	at com.kms.katalon.core.main.TestCaseMain$startTestSuite$0.call(Unknown Source)
	at TempTestSuite1613733799519.run(TempTestSuite1613733799519.groovy:39)
Caused by: com.kms.katalon.core.exception.StepFailedException: Text 'URL format is not valid.' is not present on page 
	at com.kms.katalon.core.webui.keyword.internal.WebUIKeywordMain.stepFailed(WebUIKeywordMain.groovy:64)
	at com.kms.katalon.core.webui.keyword.builtin.VerifyTextPresentKeyword$_verifyTextPresent_closure1.doCall(VerifyTextPresentKeyword.groovy:79)
	at com.kms.katalon.core.webui.keyword.builtin.VerifyTextPresentKeyword$_verifyTextPresent_closure1.call(VerifyTextPresentKeyword.groovy)
	at com.kms.katalon.core.webui.keyword.internal.WebUIKeywordMain.runKeyword(WebUIKeywordMain.groovy:20)
	... 19 more]]></system-err>
      </testcase>
      <system-out><![CDATA[2021-02-19 17:08:31 - [TEST_SUITE][FAILED] - RegisterUser_Regression: Test Cases/UploadDiffFiles_RegisterUser/TC_As a register user, Upload PC Zip Compressed Archive File and verify Uploded file in Submission Page FAILED.
Reason:
com.kms.katalon.core.exception.StepFailedException: Unable to verify text 'PC Zip Compressed Archive' is present 
	at com.kms.katalon.core.webui.keyword.internal.WebUIKeywordMain.stepFailed(WebUIKeywordMain.groovy:64)
	at com.kms.katalon.core.webui.keyword.internal.WebUIKeywordMain.runKeyword(WebUIKeywordMain.groovy:26)
	at com.kms.katalon.core.webui.keyword.builtin.VerifyTextPresentKeyword.verifyTextPresent(VerifyTextPresentKeyword.groovy:83)
	at com.kms.katalon.core.webui.keyword.builtin.VerifyTextPresentKeyword.execute(VerifyTextPresentKeyword.groovy:68)
	at com.kms.katalon.core.keyword.internal.KeywordExecutor.executeKeywordForPlatform(KeywordExecutor.groovy:73)
	at com.kms.katalon.core.webui.keyword.WebUiBuiltInKeywords.verifyTextPresent(WebUiBuiltInKeywords.groovy:1720)
	at com.kms.katalon.core.webui.keyword.WebUiBuiltInKeywords$verifyTextPresent$6.call(Unknown Source)
	at customKeywords.commanFunctions.UploadReqFile(commanFunctions.groovy:282)
	at customKeywords.commanFunctions.uploadFileOfRegisterUser(commanFunctions.groovy:761)
	at customKeywords.commanFunctions.invokeMethod(commanFunctions.groovy)
	at com.kms.katalon.core.main.CustomKeywordDelegatingMetaClass.invokeStaticMethod(CustomKeywordDelegatingMetaClass.java:50)
	at TC_As a register user, Upload PC Zip Compressed Archive File and verify Uploded file in Submission Page.run(TC_As a register user, Upload PC Zip Compressed Archive File and verify Uploded file in Submission Page:16)
	at com.kms.katalon.core.main.ScriptEngine.run(ScriptEngine.java:194)
	at com.kms.katalon.core.main.ScriptEngine.runScriptAsRawText(ScriptEngine.java:119)
	at com.kms.katalon.core.main.TestCaseExecutor.runScript(TestCaseExecutor.java:394)
	at com.kms.katalon.core.main.TestCaseExecutor.doExecute(TestCaseExecutor.java:385)
	at com.kms.katalon.core.main.TestCaseExecutor.processExecutionPhase(TestCaseExecutor.java:364)
	at com.kms.katalon.core.main.TestCaseExecutor.accessMainPhase(TestCaseExecutor.java:356)
	at com.kms.katalon.core.main.TestCaseExecutor.execute(TestCaseExecutor.java:251)
	at com.kms.katalon.core.main.TestSuiteExecutor.accessTestCaseMainPhase(TestSuiteExecutor.java:203)
	at com.kms.katalon.core.main.TestSuiteExecutor.accessTestSuiteMainPhase(TestSuiteExecutor.java:152)
	at com.kms.katalon.core.main.TestSuiteExecutor.execute(TestSuiteExecutor.java:95)
	at com.kms.katalon.core.main.TestCaseMain.startTestSuite(TestCaseMain.java:157)
	at com.kms.katalon.core.main.TestCaseMain$startTestSuite$0.call(Unknown Source)
	at TempTestSuite1613733799519.run(TempTestSuite1613733799519.groovy:39)
Caused by: com.kms.katalon.core.exception.StepFailedException: Text 'PC Zip Compressed Archive' is not present on page 
	at com.kms.katalon.core.webui.keyword.internal.WebUIKeywordMain.stepFailed(WebUIKeywordMain.groovy:64)
	at com.kms.katalon.core.webui.keyword.builtin.VerifyTextPresentKeyword$_verifyTextPresent_closure1.doCall(VerifyTextPresentKeyword.groovy:79)
	at com.kms.katalon.core.webui.keyword.builtin.VerifyTextPresentKeyword$_verifyTextPresent_closure1.call(VerifyTextPresentKeyword.groovy)
	at com.kms.katalon.core.webui.keyword.internal.WebUIKeywordMain.runKeyword(WebUIKeywordMain.groovy:20)
	... 23 more]]></system-out>
      <system-err><![CDATA[2021-02-19 17:08:31 - [TEST_SUITE][FAILED] - RegisterUser_Regression: Test Cases/UploadDiffFiles_RegisterUser/TC_As a register user, Upload PC Zip Compressed Archive File and verify Uploded file in Submission Page FAILED.
Reason:
com.kms.katalon.core.exception.StepFailedException: Unable to verify text 'PC Zip Compressed Archive' is present 
	at com.kms.katalon.core.webui.keyword.internal.WebUIKeywordMain.stepFailed(WebUIKeywordMain.groovy:64)
	at com.kms.katalon.core.webui.keyword.internal.WebUIKeywordMain.runKeyword(WebUIKeywordMain.groovy:26)
	at com.kms.katalon.core.webui.keyword.builtin.VerifyTextPresentKeyword.verifyTextPresent(VerifyTextPresentKeyword.groovy:83)
	at com.kms.katalon.core.webui.keyword.builtin.VerifyTextPresentKeyword.execute(VerifyTextPresentKeyword.groovy:68)
	at com.kms.katalon.core.keyword.internal.KeywordExecutor.executeKeywordForPlatform(KeywordExecutor.groovy:73)
	at com.kms.katalon.core.webui.keyword.WebUiBuiltInKeywords.verifyTextPresent(WebUiBuiltInKeywords.groovy:1720)
	at com.kms.katalon.core.webui.keyword.WebUiBuiltInKeywords$verifyTextPresent$6.call(Unknown Source)
	at customKeywords.commanFunctions.UploadReqFile(commanFunctions.groovy:282)
	at customKeywords.commanFunctions.uploadFileOfRegisterUser(commanFunctions.groovy:761)
	at customKeywords.commanFunctions.invokeMethod(commanFunctions.groovy)
	at com.kms.katalon.core.main.CustomKeywordDelegatingMetaClass.invokeStaticMethod(CustomKeywordDelegatingMetaClass.java:50)
	at TC_As a register user, Upload PC Zip Compressed Archive File and verify Uploded file in Submission Page.run(TC_As a register user, Upload PC Zip Compressed Archive File and verify Uploded file in Submission Page:16)
	at com.kms.katalon.core.main.ScriptEngine.run(ScriptEngine.java:194)
	at com.kms.katalon.core.main.ScriptEngine.runScriptAsRawText(ScriptEngine.java:119)
	at com.kms.katalon.core.main.TestCaseExecutor.runScript(TestCaseExecutor.java:394)
	at com.kms.katalon.core.main.TestCaseExecutor.doExecute(TestCaseExecutor.java:385)
	at com.kms.katalon.core.main.TestCaseExecutor.processExecutionPhase(TestCaseExecutor.java:364)
	at com.kms.katalon.core.main.TestCaseExecutor.accessMainPhase(TestCaseExecutor.java:356)
	at com.kms.katalon.core.main.TestCaseExecutor.execute(TestCaseExecutor.java:251)
	at com.kms.katalon.core.main.TestSuiteExecutor.accessTestCaseMainPhase(TestSuiteExecutor.java:203)
	at com.kms.katalon.core.main.TestSuiteExecutor.accessTestSuiteMainPhase(TestSuiteExecutor.java:152)
	at com.kms.katalon.core.main.TestSuiteExecutor.execute(TestSuiteExecutor.java:95)
	at com.kms.katalon.core.main.TestCaseMain.startTestSuite(TestCaseMain.java:157)
	at com.kms.katalon.core.main.TestCaseMain$startTestSuite$0.call(Unknown Source)
	at TempTestSuite1613733799519.run(TempTestSuite1613733799519.groovy:39)
Caused by: com.kms.katalon.core.exception.StepFailedException: Text 'PC Zip Compressed Archive' is not present on page 
	at com.kms.katalon.core.webui.keyword.internal.WebUIKeywordMain.stepFailed(WebUIKeywordMain.groovy:64)
	at com.kms.katalon.core.webui.keyword.builtin.VerifyTextPresentKeyword$_verifyTextPresent_closure1.doCall(VerifyTextPresentKeyword.groovy:79)
	at com.kms.katalon.core.webui.keyword.builtin.VerifyTextPresentKeyword$_verifyTextPresent_closure1.call(VerifyTextPresentKeyword.groovy)
	at com.kms.katalon.core.webui.keyword.internal.WebUIKeywordMain.runKeyword(WebUIKeywordMain.groovy:20)
	... 23 more]]></system-err>
   </testsuite>
   <testsuite name="PublicUser_URL" tests="1" failures="1" errors="0" time="21.74" skips="0" timestamp="2021-02-19 17:27:19" hostname="ashok - OMTPGCN1132568L" id="Test Suites/Regression_Suite/PublicUser_Suite/PublicUser_URL">
      <properties>
         <property name="deviceName" value=""/>
         <property name="devicePlatform" value=""/>
         <property name="logFolder" value="E:\\Inspect\\15022021\\SiteInspectAutomation\\Reports\\20210219_165441\\Regression_Suite\\PublicUser_Suite\\PublicUser_URL\\20210219_165441"/>
         <property name="logFiles" value="E:\\Inspect\\15022021\\SiteInspectAutomation\\Reports\\20210219_165441\\Regression_Suite\\PublicUser_Suite\\PublicUser_URL\\20210219_165441\\execution0.log"/>
         <property name="attachments" value="E:\\Inspect\\15022021\\SiteInspectAutomation\\Reports\\20210219_165441\\Regression_Suite\\PublicUser_Suite\\PublicUser_URL\\20210219_165441\\1613735859860.png"/>
         <property name="hostName" value="ashok - OMTPGCN1132568L"/>
         <property name="os" value="Windows 10 64bit"/>
         <property name="katalonVersion" value="7.8.2.208"/>
         <property name="browser" value="Firefox 85.0"/>
         <property name="hostAddress" value="192.168.1.1"/>
         <property name="sessionId" value="a1883f47-9a55-467e-a103-666c5195ad84"/>
         <property name="seleniumVersion" value="3.141.59"/>
         <property name="proxyInformation" value="ProxyInformation { proxyOption=NO_PROXY, proxyServerType=HTTP, username=, password=********, proxyServerAddress=, proxyServerPort=0, executionList=&quot;&quot;, isApplyToDesiredCapabilities=true }"/>
         <property name="platform" value="Windows 10"/>
      </properties>
      <testcase name="Test Cases/UploadDiffURLs_PublicUser/TC_As public user , Trigger URL validation with invalid formats" time="20.189" classname="Test Cases/UploadDiffURLs_PublicUser/TC_As public user , Trigger URL validation with invalid formats" status="FAILED">
         <failure type="FAILED" message="Test Cases/UploadDiffURLs_PublicUser/TC_As public user , Trigger URL validation with invalid formats FAILED.
Reason:
com.kms.katalon.core.exception.StepFailedException: Unable to verify text 'URL format is not valid.' is present 
	at com.kms.katalon.core.webui.keyword.internal.WebUIKeywordMain.stepFailed(WebUIKeywordMain.groovy:64)
	at com.kms.katalon.core.webui.keyword.internal.WebUIKeywordMain.runKeyword(WebUIKeywordMain.groovy:26)
	at com.kms.katalon.core.webui.keyword.builtin.VerifyTextPresentKeyword.verifyTextPresent(VerifyTextPresentKeyword.groovy:83)
	at com.kms.katalon.core.webui.keyword.builtin.VerifyTextPresentKeyword.execute(VerifyTextPresentKeyword.groovy:68)
	at com.kms.katalon.core.keyword.internal.KeywordExecutor.executeKeywordForPlatform(KeywordExecutor.groovy:73)
	at com.kms.katalon.core.webui.keyword.WebUiBuiltInKeywords.verifyTextPresent(WebUiBuiltInKeywords.groovy:1720)
	at com.kms.katalon.core.webui.keyword.WebUiBuiltInKeywords$verifyTextPresent$4.call(Unknown Source)
	at TC_As public user , Trigger URL validation with invalid formats.run(TC_As public user , Trigger URL validation with invalid formats:24)
	at com.kms.katalon.core.main.ScriptEngine.run(ScriptEngine.java:194)
	at com.kms.katalon.core.main.ScriptEngine.runScriptAsRawText(ScriptEngine.java:119)
	at com.kms.katalon.core.main.TestCaseExecutor.runScript(TestCaseExecutor.java:394)
	at com.kms.katalon.core.main.TestCaseExecutor.doExecute(TestCaseExecutor.java:385)
	at com.kms.katalon.core.main.TestCaseExecutor.processExecutionPhase(TestCaseExecutor.java:364)
	at com.kms.katalon.core.main.TestCaseExecutor.accessMainPhase(TestCaseExecutor.java:356)
	at com.kms.katalon.core.main.TestCaseExecutor.execute(TestCaseExecutor.java:251)
	at com.kms.katalon.core.main.TestSuiteExecutor.accessTestCaseMainPhase(TestSuiteExecutor.java:203)
	at com.kms.katalon.core.main.TestSuiteExecutor.accessTestSuiteMainPhase(TestSuiteExecutor.java:152)
	at com.kms.katalon.core.main.TestSuiteExecutor.execute(TestSuiteExecutor.java:95)
	at com.kms.katalon.core.main.TestCaseMain.startTestSuite(TestCaseMain.java:157)
	at com.kms.katalon.core.main.TestCaseMain$startTestSuite$0.call(Unknown Source)
	at TempTestSuite1613733881154.run(TempTestSuite1613733881154.groovy:39)
Caused by: com.kms.katalon.core.exception.StepFailedException: Text 'URL format is not valid.' is not present on page 
	at com.kms.katalon.core.webui.keyword.internal.WebUIKeywordMain.stepFailed(WebUIKeywordMain.groovy:64)
	at com.kms.katalon.core.webui.keyword.builtin.VerifyTextPresentKeyword$_verifyTextPresent_closure1.doCall(VerifyTextPresentKeyword.groovy:79)
	at com.kms.katalon.core.webui.keyword.builtin.VerifyTextPresentKeyword$_verifyTextPresent_closure1.call(VerifyTextPresentKeyword.groovy)
	at com.kms.katalon.core.webui.keyword.internal.WebUIKeywordMain.runKeyword(WebUIKeywordMain.groovy:20)
	... 19 more
"/>
         <system-out><![CDATA[2021-02-19 17:27:20 - [TEST_CASE][FAILED] - Test Cases/UploadDiffURLs_PublicUser/TC_As public user , Trigger URL validation with invalid formats: Test Cases/UploadDiffURLs_PublicUser/TC_As public user , Trigger URL validation with invalid formats FAILED.
Reason:
com.kms.katalon.core.exception.StepFailedException: Unable to verify text 'URL format is not valid.' is present 
	at com.kms.katalon.core.webui.keyword.internal.WebUIKeywordMain.stepFailed(WebUIKeywordMain.groovy:64)
	at com.kms.katalon.core.webui.keyword.internal.WebUIKeywordMain.runKeyword(WebUIKeywordMain.groovy:26)
	at com.kms.katalon.core.webui.keyword.builtin.VerifyTextPresentKeyword.verifyTextPresent(VerifyTextPresentKeyword.groovy:83)
	at com.kms.katalon.core.webui.keyword.builtin.VerifyTextPresentKeyword.execute(VerifyTextPresentKeyword.groovy:68)
	at com.kms.katalon.core.keyword.internal.KeywordExecutor.executeKeywordForPlatform(KeywordExecutor.groovy:73)
	at com.kms.katalon.core.webui.keyword.WebUiBuiltInKeywords.verifyTextPresent(WebUiBuiltInKeywords.groovy:1720)
	at com.kms.katalon.core.webui.keyword.WebUiBuiltInKeywords$verifyTextPresent$4.call(Unknown Source)
	at TC_As public user , Trigger URL validation with invalid formats.run(TC_As public user , Trigger URL validation with invalid formats:24)
	at com.kms.katalon.core.main.ScriptEngine.run(ScriptEngine.java:194)
	at com.kms.katalon.core.main.ScriptEngine.runScriptAsRawText(ScriptEngine.java:119)
	at com.kms.katalon.core.main.TestCaseExecutor.runScript(TestCaseExecutor.java:394)
	at com.kms.katalon.core.main.TestCaseExecutor.doExecute(TestCaseExecutor.java:385)
	at com.kms.katalon.core.main.TestCaseExecutor.processExecutionPhase(TestCaseExecutor.java:364)
	at com.kms.katalon.core.main.TestCaseExecutor.accessMainPhase(TestCaseExecutor.java:356)
	at com.kms.katalon.core.main.TestCaseExecutor.execute(TestCaseExecutor.java:251)
	at com.kms.katalon.core.main.TestSuiteExecutor.accessTestCaseMainPhase(TestSuiteExecutor.java:203)
	at com.kms.katalon.core.main.TestSuiteExecutor.accessTestSuiteMainPhase(TestSuiteExecutor.java:152)
	at com.kms.katalon.core.main.TestSuiteExecutor.execute(TestSuiteExecutor.java:95)
	at com.kms.katalon.core.main.TestCaseMain.startTestSuite(TestCaseMain.java:157)
	at com.kms.katalon.core.main.TestCaseMain$startTestSuite$0.call(Unknown Source)
	at TempTestSuite1613733881154.run(TempTestSuite1613733881154.groovy:39)
Caused by: com.kms.katalon.core.exception.StepFailedException: Text 'URL format is not valid.' is not present on page 
	at com.kms.katalon.core.webui.keyword.internal.WebUIKeywordMain.stepFailed(WebUIKeywordMain.groovy:64)
	at com.kms.katalon.core.webui.keyword.builtin.VerifyTextPresentKeyword$_verifyTextPresent_closure1.doCall(VerifyTextPresentKeyword.groovy:79)
	at com.kms.katalon.core.webui.keyword.builtin.VerifyTextPresentKeyword$_verifyTextPresent_closure1.call(VerifyTextPresentKeyword.groovy)
	at com.kms.katalon.core.webui.keyword.internal.WebUIKeywordMain.runKeyword(WebUIKeywordMain.groovy:20)
	... 19 more


2021-02-19 17:27:20 - [TEST_STEP][PASSED] - customKeywords.commanFunctions.openBrowser(): customKeywords.commanFunctions.openBrowser is PASSED

2021-02-19 17:27:22 - [MESSAGE][INFO] - Starting 'Firefox' driver

2021-02-19 17:27:22 - [MESSAGE][INFO] - Action delay is set to 0 milliseconds

2021-02-19 17:27:35 - [MESSAGE][PASSED] - Browser is opened with url: 'https://Inspect.Stage.site.sa'

2021-02-19 17:27:35 - [MESSAGE][PASSED] - Current window maximized

2021-02-19 17:27:35 - [MESSAGE][PASSED] - Wait for page load successfully

2021-02-19 17:27:35 - [MESSAGE][PASSED] - customKeywords.commanFunctions.openBrowser is PASSED

2021-02-19 17:27:35 - [TEST_STEP][PASSED] - excelTestData = findTestData("Data Files/TestData/InspectTestData"): null

2021-02-19 17:27:35 - [TEST_STEP][PASSED] - click(findTestObject("Object Repository/PublicUserHomePage/UrlTab")): Object: 'Object Repository/PublicUserHomePage/UrlTab' is clicked on

2021-02-19 17:27:35 - [MESSAGE][PASSED] - Object: 'Object Repository/PublicUserHomePage/UrlTab' is clicked on

2021-02-19 17:27:35 - [TEST_STEP][PASSED] - ErrorValidationMessage = excelTestData.getValue(3, 42): null

2021-02-19 17:27:35 - [TEST_STEP][FAILED] - for ([i = 42, i <= 46, (i++)]): Unable to verify text 'URL format is not valid.' is present  (Root cause: com.kms.katalon.core.exception.StepFailedException: Unable to verify text 'URL format is not valid.' is present 
	at com.kms.katalon.core.webui.keyword.internal.WebUIKeywordMain.stepFailed(WebUIKeywordMain.groovy:64)
	at com.kms.katalon.core.webui.keyword.internal.WebUIKeywordMain.runKeyword(WebUIKeywordMain.groovy:26)
	at com.kms.katalon.core.webui.keyword.builtin.VerifyTextPresentKeyword.verifyTextPresent(VerifyTextPresentKeyword.groovy:83)
	at com.kms.katalon.core.webui.keyword.builtin.VerifyTextPresentKeyword.execute(VerifyTextPresentKeyword.groovy:68)
	at com.kms.katalon.core.keyword.internal.KeywordExecutor.executeKeywordForPlatform(KeywordExecutor.groovy:73)
	at com.kms.katalon.core.webui.keyword.WebUiBuiltInKeywords.verifyTextPresent(WebUiBuiltInKeywords.groovy:1720)
	at com.kms.katalon.core.webui.keyword.WebUiBuiltInKeywords$verifyTextPresent$4.call(Unknown Source)
	at TC_As public user , Trigger URL validation with invalid formats.run(TC_As public user , Trigger URL validation with invalid formats:24)
	at com.kms.katalon.core.main.ScriptEngine.run(ScriptEngine.java:194)
	at com.kms.katalon.core.main.ScriptEngine.runScriptAsRawText(ScriptEngine.java:119)
	at com.kms.katalon.core.main.TestCaseExecutor.runScript(TestCaseExecutor.java:394)
	at com.kms.katalon.core.main.TestCaseExecutor.doExecute(TestCaseExecutor.java:385)
	at com.kms.katalon.core.main.TestCaseExecutor.processExecutionPhase(TestCaseExecutor.java:364)
	at com.kms.katalon.core.main.TestCaseExecutor.accessMainPhase(TestCaseExecutor.java:356)
	at com.kms.katalon.core.main.TestCaseExecutor.execute(TestCaseExecutor.java:251)
	at com.kms.katalon.core.main.TestSuiteExecutor.accessTestCaseMainPhase(TestSuiteExecutor.java:203)
	at com.kms.katalon.core.main.TestSuiteExecutor.accessTestSuiteMainPhase(TestSuiteExecutor.java:152)
	at com.kms.katalon.core.main.TestSuiteExecutor.execute(TestSuiteExecutor.java:95)
	at com.kms.katalon.core.main.TestCaseMain.startTestSuite(TestCaseMain.java:157)
	at com.kms.katalon.core.main.TestCaseMain$startTestSuite$0.call(Unknown Source)
	at TempTestSuite1613733881154.run(TempTestSuite1613733881154.groovy:39)
Caused by: com.kms.katalon.core.exception.StepFailedException: Text 'URL format is not valid.' is not present on page 
	at com.kms.katalon.core.webui.keyword.internal.WebUIKeywordMain.stepFailed(WebUIKeywordMain.groovy:64)
	at com.kms.katalon.core.webui.keyword.builtin.VerifyTextPresentKeyword$_verifyTextPresent_closure1.doCall(VerifyTextPresentKeyword.groovy:79)
	at com.kms.katalon.core.webui.keyword.builtin.VerifyTextPresentKeyword$_verifyTextPresent_closure1.call(VerifyTextPresentKeyword.groovy)
	at com.kms.katalon.core.webui.keyword.internal.WebUIKeywordMain.runKeyword(WebUIKeywordMain.groovy:20)
	... 19 more
)

2021-02-19 17:27:35 - [TEST_STEP][PASSED] - IncorrectURLs = excelTestData.getValue(2, i): null

2021-02-19 17:27:35 - [TEST_STEP][PASSED] - sendKeys(findTestObject("Object Repository/HomePage/PleaseEnterURL_Input"), IncorrectURLs): Keys 'https://www.slideshare.net/socialogilvy ' sent to object: 'Object Repository/HomePage/PleaseEnterURL_Input'

2021-02-19 17:27:36 - [MESSAGE][PASSED] - Keys 'https://www.slideshare.net/socialogilvy ' sent to object: 'Object Repository/HomePage/PleaseEnterURL_Input'

2021-02-19 17:27:36 - [TEST_STEP][PASSED] - verifyTextPresent(ErrorValidationMessage, false): Text 'URL format is not valid.' is present on page 

2021-02-19 17:27:37 - [MESSAGE][PASSED] - Text 'URL format is not valid.' is present on page 

2021-02-19 17:27:37 - [TEST_STEP][PASSED] - clearText(findTestObject("Object Repository/HomePage/PleaseEnterURL_Input")): Text of object 'Object Repository/HomePage/PleaseEnterURL_Input' is cleared

2021-02-19 17:27:37 - [MESSAGE][PASSED] - Text of object 'Object Repository/HomePage/PleaseEnterURL_Input' is cleared

2021-02-19 17:27:37 - [TEST_STEP][PASSED] - IncorrectURLs = excelTestData.getValue(2, i): null

2021-02-19 17:27:37 - [TEST_STEP][PASSED] - sendKeys(findTestObject("Object Repository/HomePage/PleaseEnterURL_Input"), IncorrectURLs): Keys 'htps://www.slideshare.net/socialogilvy' sent to object: 'Object Repository/HomePage/PleaseEnterURL_Input'

2021-02-19 17:27:37 - [MESSAGE][PASSED] - Keys 'htps://www.slideshare.net/socialogilvy' sent to object: 'Object Repository/HomePage/PleaseEnterURL_Input'

2021-02-19 17:27:37 - [TEST_STEP][PASSED] - verifyTextPresent(ErrorValidationMessage, false): Text 'URL format is not valid.' is present on page 

2021-02-19 17:27:38 - [MESSAGE][PASSED] - Text 'URL format is not valid.' is present on page 

2021-02-19 17:27:38 - [TEST_STEP][PASSED] - clearText(findTestObject("Object Repository/HomePage/PleaseEnterURL_Input")): Text of object 'Object Repository/HomePage/PleaseEnterURL_Input' is cleared

2021-02-19 17:27:38 - [MESSAGE][PASSED] - Text of object 'Object Repository/HomePage/PleaseEnterURL_Input' is cleared

2021-02-19 17:27:38 - [TEST_STEP][PASSED] - IncorrectURLs = excelTestData.getValue(2, i): null

2021-02-19 17:27:38 - [TEST_STEP][PASSED] - sendKeys(findTestObject("Object Repository/HomePage/PleaseEnterURL_Input"), IncorrectURLs): Keys 'https://ww.slideshare.net/socialogilvy' sent to object: 'Object Repository/HomePage/PleaseEnterURL_Input'

2021-02-19 17:27:39 - [MESSAGE][PASSED] - Keys 'https://ww.slideshare.net/socialogilvy' sent to object: 'Object Repository/HomePage/PleaseEnterURL_Input'

2021-02-19 17:27:39 - [TEST_STEP][FAILED] - verifyTextPresent(ErrorValidationMessage, false): Unable to verify text 'URL format is not valid.' is present  (Root cause: com.kms.katalon.core.exception.StepFailedException: Unable to verify text 'URL format is not valid.' is present 
	at com.kms.katalon.core.webui.keyword.internal.WebUIKeywordMain.stepFailed(WebUIKeywordMain.groovy:64)
	at com.kms.katalon.core.webui.keyword.internal.WebUIKeywordMain.runKeyword(WebUIKeywordMain.groovy:26)
	at com.kms.katalon.core.webui.keyword.builtin.VerifyTextPresentKeyword.verifyTextPresent(VerifyTextPresentKeyword.groovy:83)
	at com.kms.katalon.core.webui.keyword.builtin.VerifyTextPresentKeyword.execute(VerifyTextPresentKeyword.groovy:68)
	at com.kms.katalon.core.keyword.internal.KeywordExecutor.executeKeywordForPlatform(KeywordExecutor.groovy:73)
	at com.kms.katalon.core.webui.keyword.WebUiBuiltInKeywords.verifyTextPresent(WebUiBuiltInKeywords.groovy:1720)
	at com.kms.katalon.core.webui.keyword.WebUiBuiltInKeywords$verifyTextPresent$4.call(Unknown Source)
	at TC_As public user , Trigger URL validation with invalid formats.run(TC_As public user , Trigger URL validation with invalid formats:24)
	at com.kms.katalon.core.main.ScriptEngine.run(ScriptEngine.java:194)
	at com.kms.katalon.core.main.ScriptEngine.runScriptAsRawText(ScriptEngine.java:119)
	at com.kms.katalon.core.main.TestCaseExecutor.runScript(TestCaseExecutor.java:394)
	at com.kms.katalon.core.main.TestCaseExecutor.doExecute(TestCaseExecutor.java:385)
	at com.kms.katalon.core.main.TestCaseExecutor.processExecutionPhase(TestCaseExecutor.java:364)
	at com.kms.katalon.core.main.TestCaseExecutor.accessMainPhase(TestCaseExecutor.java:356)
	at com.kms.katalon.core.main.TestCaseExecutor.execute(TestCaseExecutor.java:251)
	at com.kms.katalon.core.main.TestSuiteExecutor.accessTestCaseMainPhase(TestSuiteExecutor.java:203)
	at com.kms.katalon.core.main.TestSuiteExecutor.accessTestSuiteMainPhase(TestSuiteExecutor.java:152)
	at com.kms.katalon.core.main.TestSuiteExecutor.execute(TestSuiteExecutor.java:95)
	at com.kms.katalon.core.main.TestCaseMain.startTestSuite(TestCaseMain.java:157)
	at com.kms.katalon.core.main.TestCaseMain$startTestSuite$0.call(Unknown Source)
	at TempTestSuite1613733881154.run(TempTestSuite1613733881154.groovy:39)
Caused by: com.kms.katalon.core.exception.StepFailedException: Text 'URL format is not valid.' is not present on page 
	at com.kms.katalon.core.webui.keyword.internal.WebUIKeywordMain.stepFailed(WebUIKeywordMain.groovy:64)
	at com.kms.katalon.core.webui.keyword.builtin.VerifyTextPresentKeyword$_verifyTextPresent_closure1.doCall(VerifyTextPresentKeyword.groovy:79)
	at com.kms.katalon.core.webui.keyword.builtin.VerifyTextPresentKeyword$_verifyTextPresent_closure1.call(VerifyTextPresentKeyword.groovy)
	at com.kms.katalon.core.webui.keyword.internal.WebUIKeywordMain.runKeyword(WebUIKeywordMain.groovy:20)
	... 19 more
)

2021-02-19 17:27:39 - [MESSAGE][FAILED] - Text 'URL format is not valid.' is not present on page  (Root cause: com.kms.katalon.core.exception.StepFailedException: Text 'URL format is not valid.' is not present on page 
	at com.kms.katalon.core.webui.keyword.internal.WebUIKeywordMain.stepFailed(WebUIKeywordMain.groovy:64)
	at com.kms.katalon.core.webui.keyword.builtin.VerifyTextPresentKeyword$_verifyTextPresent_closure1.doCall(VerifyTextPresentKeyword.groovy:79)
	at com.kms.katalon.core.webui.keyword.builtin.VerifyTextPresentKeyword$_verifyTextPresent_closure1.call(VerifyTextPresentKeyword.groovy)
	at com.kms.katalon.core.webui.keyword.internal.WebUIKeywordMain.runKeyword(WebUIKeywordMain.groovy:20)
	at com.kms.katalon.core.webui.keyword.builtin.VerifyTextPresentKeyword.verifyTextPresent(VerifyTextPresentKeyword.groovy:83)
	at com.kms.katalon.core.webui.keyword.builtin.VerifyTextPresentKeyword.execute(VerifyTextPresentKeyword.groovy:68)
	at com.kms.katalon.core.keyword.internal.KeywordExecutor.executeKeywordForPlatform(KeywordExecutor.groovy:73)
	at com.kms.katalon.core.webui.keyword.WebUiBuiltInKeywords.verifyTextPresent(WebUiBuiltInKeywords.groovy:1720)
	at com.kms.katalon.core.webui.keyword.WebUiBuiltInKeywords$verifyTextPresent$4.call(Unknown Source)
	at TC_As public user , Trigger URL validation with invalid formats.run(TC_As public user , Trigger URL validation with invalid formats:24)
	at com.kms.katalon.core.main.ScriptEngine.run(ScriptEngine.java:194)
	at com.kms.katalon.core.main.ScriptEngine.runScriptAsRawText(ScriptEngine.java:119)
	at com.kms.katalon.core.main.TestCaseExecutor.runScript(TestCaseExecutor.java:394)
	at com.kms.katalon.core.main.TestCaseExecutor.doExecute(TestCaseExecutor.java:385)
	at com.kms.katalon.core.main.TestCaseExecutor.processExecutionPhase(TestCaseExecutor.java:364)
	at com.kms.katalon.core.main.TestCaseExecutor.accessMainPhase(TestCaseExecutor.java:356)
	at com.kms.katalon.core.main.TestCaseExecutor.execute(TestCaseExecutor.java:251)
	at com.kms.katalon.core.main.TestSuiteExecutor.accessTestCaseMainPhase(TestSuiteExecutor.java:203)
	at com.kms.katalon.core.main.TestSuiteExecutor.accessTestSuiteMainPhase(TestSuiteExecutor.java:152)
	at com.kms.katalon.core.main.TestSuiteExecutor.execute(TestSuiteExecutor.java:95)
	at com.kms.katalon.core.main.TestCaseMain.startTestSuite(TestCaseMain.java:157)
	at com.kms.katalon.core.main.TestCaseMain$startTestSuite$0.call(Unknown Source)
	at TempTestSuite1613733881154.run(TempTestSuite1613733881154.groovy:39)
)

2021-02-19 17:27:39 - [MESSAGE][FAILED] - Unable to verify text 'URL format is not valid.' is present  (Root cause: com.kms.katalon.core.exception.StepFailedException: Unable to verify text 'URL format is not valid.' is present 
	at com.kms.katalon.core.webui.keyword.internal.WebUIKeywordMain.stepFailed(WebUIKeywordMain.groovy:64)
	at com.kms.katalon.core.webui.keyword.internal.WebUIKeywordMain.runKeyword(WebUIKeywordMain.groovy:26)
	at com.kms.katalon.core.webui.keyword.builtin.VerifyTextPresentKeyword.verifyTextPresent(VerifyTextPresentKeyword.groovy:83)
	at com.kms.katalon.core.webui.keyword.builtin.VerifyTextPresentKeyword.execute(VerifyTextPresentKeyword.groovy:68)
	at com.kms.katalon.core.keyword.internal.KeywordExecutor.executeKeywordForPlatform(KeywordExecutor.groovy:73)
	at com.kms.katalon.core.webui.keyword.WebUiBuiltInKeywords.verifyTextPresent(WebUiBuiltInKeywords.groovy:1720)
	at com.kms.katalon.core.webui.keyword.WebUiBuiltInKeywords$verifyTextPresent$4.call(Unknown Source)
	at TC_As public user , Trigger URL validation with invalid formats.run(TC_As public user , Trigger URL validation with invalid formats:24)
	at com.kms.katalon.core.main.ScriptEngine.run(ScriptEngine.java:194)
	at com.kms.katalon.core.main.ScriptEngine.runScriptAsRawText(ScriptEngine.java:119)
	at com.kms.katalon.core.main.TestCaseExecutor.runScript(TestCaseExecutor.java:394)
	at com.kms.katalon.core.main.TestCaseExecutor.doExecute(TestCaseExecutor.java:385)
	at com.kms.katalon.core.main.TestCaseExecutor.processExecutionPhase(TestCaseExecutor.java:364)
	at com.kms.katalon.core.main.TestCaseExecutor.accessMainPhase(TestCaseExecutor.java:356)
	at com.kms.katalon.core.main.TestCaseExecutor.execute(TestCaseExecutor.java:251)
	at com.kms.katalon.core.main.TestSuiteExecutor.accessTestCaseMainPhase(TestSuiteExecutor.java:203)
	at com.kms.katalon.core.main.TestSuiteExecutor.accessTestSuiteMainPhase(TestSuiteExecutor.java:152)
	at com.kms.katalon.core.main.TestSuiteExecutor.execute(TestSuiteExecutor.java:95)
	at com.kms.katalon.core.main.TestCaseMain.startTestSuite(TestCaseMain.java:157)
	at com.kms.katalon.core.main.TestCaseMain$startTestSuite$0.call(Unknown Source)
	at TempTestSuite1613733881154.run(TempTestSuite1613733881154.groovy:39)
Caused by: com.kms.katalon.core.exception.StepFailedException: Text 'URL format is not valid.' is not present on page 
	at com.kms.katalon.core.webui.keyword.internal.WebUIKeywordMain.stepFailed(WebUIKeywordMain.groovy:64)
	at com.kms.katalon.core.webui.keyword.builtin.VerifyTextPresentKeyword$_verifyTextPresent_closure1.doCall(VerifyTextPresentKeyword.groovy:79)
	at com.kms.katalon.core.webui.keyword.builtin.VerifyTextPresentKeyword$_verifyTextPresent_closure1.call(VerifyTextPresentKeyword.groovy)
	at com.kms.katalon.core.webui.keyword.internal.WebUIKeywordMain.runKeyword(WebUIKeywordMain.groovy:20)
	... 19 more
)
[[ATTACHMENT|E:\\Inspect\\15022021\\SiteInspectAutomation\\Reports\\20210219_165441\\Regression_Suite\\PublicUser_Suite\\PublicUser_URL\\20210219_165441\\1613735859860.png]]

2021-02-19 17:27:39 - [TEST_STEP][PASSED] - Start tear down : tearDownMethodIfFailed: Method 'tearDownMethodIfFailed' complete successfully

2021-02-19 17:27:39 - [TEST_STEP][PASSED] - customKeywords.commanFunctions.onlyCloseBrowser(): customKeywords.commanFunctions.onlyCloseBrowser is PASSED

2021-02-19 17:27:40 - [MESSAGE][PASSED] - Browser is closed

2021-02-19 17:27:40 - [MESSAGE][PASSED] - customKeywords.commanFunctions.onlyCloseBrowser is PASSED

2021-02-19 17:27:40 - [TEST_STEP][PASSED] - logInfo("[--------This is tearDownIfFailed method------]"): [--------This is tearDownIfFailed method------]

2021-02-19 17:27:40 - [MESSAGE][INFO] - [--------This is tearDownIfFailed method------]

2021-02-19 17:27:40 - [MESSAGE][PASSED] - Method 'tearDownMethodIfFailed' complete successfully]]></system-out>
         <system-err><![CDATA[2021-02-19 17:27:20 - [TEST_CASE][FAILED] - Test Cases/UploadDiffURLs_PublicUser/TC_As public user , Trigger URL validation with invalid formats: Test Cases/UploadDiffURLs_PublicUser/TC_As public user , Trigger URL validation with invalid formats FAILED.
Reason:
com.kms.katalon.core.exception.StepFailedException: Unable to verify text 'URL format is not valid.' is present 
	at com.kms.katalon.core.webui.keyword.internal.WebUIKeywordMain.stepFailed(WebUIKeywordMain.groovy:64)
	at com.kms.katalon.core.webui.keyword.internal.WebUIKeywordMain.runKeyword(WebUIKeywordMain.groovy:26)
	at com.kms.katalon.core.webui.keyword.builtin.VerifyTextPresentKeyword.verifyTextPresent(VerifyTextPresentKeyword.groovy:83)
	at com.kms.katalon.core.webui.keyword.builtin.VerifyTextPresentKeyword.execute(VerifyTextPresentKeyword.groovy:68)
	at com.kms.katalon.core.keyword.internal.KeywordExecutor.executeKeywordForPlatform(KeywordExecutor.groovy:73)
	at com.kms.katalon.core.webui.keyword.WebUiBuiltInKeywords.verifyTextPresent(WebUiBuiltInKeywords.groovy:1720)
	at com.kms.katalon.core.webui.keyword.WebUiBuiltInKeywords$verifyTextPresent$4.call(Unknown Source)
	at TC_As public user , Trigger URL validation with invalid formats.run(TC_As public user , Trigger URL validation with invalid formats:24)
	at com.kms.katalon.core.main.ScriptEngine.run(ScriptEngine.java:194)
	at com.kms.katalon.core.main.ScriptEngine.runScriptAsRawText(ScriptEngine.java:119)
	at com.kms.katalon.core.main.TestCaseExecutor.runScript(TestCaseExecutor.java:394)
	at com.kms.katalon.core.main.TestCaseExecutor.doExecute(TestCaseExecutor.java:385)
	at com.kms.katalon.core.main.TestCaseExecutor.processExecutionPhase(TestCaseExecutor.java:364)
	at com.kms.katalon.core.main.TestCaseExecutor.accessMainPhase(TestCaseExecutor.java:356)
	at com.kms.katalon.core.main.TestCaseExecutor.execute(TestCaseExecutor.java:251)
	at com.kms.katalon.core.main.TestSuiteExecutor.accessTestCaseMainPhase(TestSuiteExecutor.java:203)
	at com.kms.katalon.core.main.TestSuiteExecutor.accessTestSuiteMainPhase(TestSuiteExecutor.java:152)
	at com.kms.katalon.core.main.TestSuiteExecutor.execute(TestSuiteExecutor.java:95)
	at com.kms.katalon.core.main.TestCaseMain.startTestSuite(TestCaseMain.java:157)
	at com.kms.katalon.core.main.TestCaseMain$startTestSuite$0.call(Unknown Source)
	at TempTestSuite1613733881154.run(TempTestSuite1613733881154.groovy:39)
Caused by: com.kms.katalon.core.exception.StepFailedException: Text 'URL format is not valid.' is not present on page 
	at com.kms.katalon.core.webui.keyword.internal.WebUIKeywordMain.stepFailed(WebUIKeywordMain.groovy:64)
	at com.kms.katalon.core.webui.keyword.builtin.VerifyTextPresentKeyword$_verifyTextPresent_closure1.doCall(VerifyTextPresentKeyword.groovy:79)
	at com.kms.katalon.core.webui.keyword.builtin.VerifyTextPresentKeyword$_verifyTextPresent_closure1.call(VerifyTextPresentKeyword.groovy)
	at com.kms.katalon.core.webui.keyword.internal.WebUIKeywordMain.runKeyword(WebUIKeywordMain.groovy:20)
	... 19 more]]></system-err>
      </testcase>
      <system-out><![CDATA[2021-02-19 17:27:19 - [TEST_SUITE][FAILED] - PublicUser_URL: Test Cases/UploadDiffURLs_PublicUser/TC_As public user , Trigger URL validation with invalid formats FAILED.
Reason:
com.kms.katalon.core.exception.StepFailedException: Unable to verify text 'URL format is not valid.' is present 
	at com.kms.katalon.core.webui.keyword.internal.WebUIKeywordMain.stepFailed(WebUIKeywordMain.groovy:64)
	at com.kms.katalon.core.webui.keyword.internal.WebUIKeywordMain.runKeyword(WebUIKeywordMain.groovy:26)
	at com.kms.katalon.core.webui.keyword.builtin.VerifyTextPresentKeyword.verifyTextPresent(VerifyTextPresentKeyword.groovy:83)
	at com.kms.katalon.core.webui.keyword.builtin.VerifyTextPresentKeyword.execute(VerifyTextPresentKeyword.groovy:68)
	at com.kms.katalon.core.keyword.internal.KeywordExecutor.executeKeywordForPlatform(KeywordExecutor.groovy:73)
	at com.kms.katalon.core.webui.keyword.WebUiBuiltInKeywords.verifyTextPresent(WebUiBuiltInKeywords.groovy:1720)
	at com.kms.katalon.core.webui.keyword.WebUiBuiltInKeywords$verifyTextPresent$4.call(Unknown Source)
	at TC_As public user , Trigger URL validation with invalid formats.run(TC_As public user , Trigger URL validation with invalid formats:24)
	at com.kms.katalon.core.main.ScriptEngine.run(ScriptEngine.java:194)
	at com.kms.katalon.core.main.ScriptEngine.runScriptAsRawText(ScriptEngine.java:119)
	at com.kms.katalon.core.main.TestCaseExecutor.runScript(TestCaseExecutor.java:394)
	at com.kms.katalon.core.main.TestCaseExecutor.doExecute(TestCaseExecutor.java:385)
	at com.kms.katalon.core.main.TestCaseExecutor.processExecutionPhase(TestCaseExecutor.java:364)
	at com.kms.katalon.core.main.TestCaseExecutor.accessMainPhase(TestCaseExecutor.java:356)
	at com.kms.katalon.core.main.TestCaseExecutor.execute(TestCaseExecutor.java:251)
	at com.kms.katalon.core.main.TestSuiteExecutor.accessTestCaseMainPhase(TestSuiteExecutor.java:203)
	at com.kms.katalon.core.main.TestSuiteExecutor.accessTestSuiteMainPhase(TestSuiteExecutor.java:152)
	at com.kms.katalon.core.main.TestSuiteExecutor.execute(TestSuiteExecutor.java:95)
	at com.kms.katalon.core.main.TestCaseMain.startTestSuite(TestCaseMain.java:157)
	at com.kms.katalon.core.main.TestCaseMain$startTestSuite$0.call(Unknown Source)
	at TempTestSuite1613733881154.run(TempTestSuite1613733881154.groovy:39)
Caused by: com.kms.katalon.core.exception.StepFailedException: Text 'URL format is not valid.' is not present on page 
	at com.kms.katalon.core.webui.keyword.internal.WebUIKeywordMain.stepFailed(WebUIKeywordMain.groovy:64)
	at com.kms.katalon.core.webui.keyword.builtin.VerifyTextPresentKeyword$_verifyTextPresent_closure1.doCall(VerifyTextPresentKeyword.groovy:79)
	at com.kms.katalon.core.webui.keyword.builtin.VerifyTextPresentKeyword$_verifyTextPresent_closure1.call(VerifyTextPresentKeyword.groovy)
	at com.kms.katalon.core.webui.keyword.internal.WebUIKeywordMain.runKeyword(WebUIKeywordMain.groovy:20)
	... 19 more]]></system-out>
      <system-err><![CDATA[2021-02-19 17:27:19 - [TEST_SUITE][FAILED] - PublicUser_URL: Test Cases/UploadDiffURLs_PublicUser/TC_As public user , Trigger URL validation with invalid formats FAILED.
Reason:
com.kms.katalon.core.exception.StepFailedException: Unable to verify text 'URL format is not valid.' is present 
	at com.kms.katalon.core.webui.keyword.internal.WebUIKeywordMain.stepFailed(WebUIKeywordMain.groovy:64)
	at com.kms.katalon.core.webui.keyword.internal.WebUIKeywordMain.runKeyword(WebUIKeywordMain.groovy:26)
	at com.kms.katalon.core.webui.keyword.builtin.VerifyTextPresentKeyword.verifyTextPresent(VerifyTextPresentKeyword.groovy:83)
	at com.kms.katalon.core.webui.keyword.builtin.VerifyTextPresentKeyword.execute(VerifyTextPresentKeyword.groovy:68)
	at com.kms.katalon.core.keyword.internal.KeywordExecutor.executeKeywordForPlatform(KeywordExecutor.groovy:73)
	at com.kms.katalon.core.webui.keyword.WebUiBuiltInKeywords.verifyTextPresent(WebUiBuiltInKeywords.groovy:1720)
	at com.kms.katalon.core.webui.keyword.WebUiBuiltInKeywords$verifyTextPresent$4.call(Unknown Source)
	at TC_As public user , Trigger URL validation with invalid formats.run(TC_As public user , Trigger URL validation with invalid formats:24)
	at com.kms.katalon.core.main.ScriptEngine.run(ScriptEngine.java:194)
	at com.kms.katalon.core.main.ScriptEngine.runScriptAsRawText(ScriptEngine.java:119)
	at com.kms.katalon.core.main.TestCaseExecutor.runScript(TestCaseExecutor.java:394)
	at com.kms.katalon.core.main.TestCaseExecutor.doExecute(TestCaseExecutor.java:385)
	at com.kms.katalon.core.main.TestCaseExecutor.processExecutionPhase(TestCaseExecutor.java:364)
	at com.kms.katalon.core.main.TestCaseExecutor.accessMainPhase(TestCaseExecutor.java:356)
	at com.kms.katalon.core.main.TestCaseExecutor.execute(TestCaseExecutor.java:251)
	at com.kms.katalon.core.main.TestSuiteExecutor.accessTestCaseMainPhase(TestSuiteExecutor.java:203)
	at com.kms.katalon.core.main.TestSuiteExecutor.accessTestSuiteMainPhase(TestSuiteExecutor.java:152)
	at com.kms.katalon.core.main.TestSuiteExecutor.execute(TestSuiteExecutor.java:95)
	at com.kms.katalon.core.main.TestCaseMain.startTestSuite(TestCaseMain.java:157)
	at com.kms.katalon.core.main.TestCaseMain$startTestSuite$0.call(Unknown Source)
	at TempTestSuite1613733881154.run(TempTestSuite1613733881154.groovy:39)
Caused by: com.kms.katalon.core.exception.StepFailedException: Text 'URL format is not valid.' is not present on page 
	at com.kms.katalon.core.webui.keyword.internal.WebUIKeywordMain.stepFailed(WebUIKeywordMain.groovy:64)
	at com.kms.katalon.core.webui.keyword.builtin.VerifyTextPresentKeyword$_verifyTextPresent_closure1.doCall(VerifyTextPresentKeyword.groovy:79)
	at com.kms.katalon.core.webui.keyword.builtin.VerifyTextPresentKeyword$_verifyTextPresent_closure1.call(VerifyTextPresentKeyword.groovy)
	at com.kms.katalon.core.webui.keyword.internal.WebUIKeywordMain.runKeyword(WebUIKeywordMain.groovy:20)
	... 19 more]]></system-err>
   </testsuite>
   <testsuite name="PublicUser_UploadFiles" tests="11" failures="1" errors="0" time="282.509" skips="0" timestamp="2021-02-19 17:27:51" hostname="ashok - OMTPGCN1132568L" id="Test Suites/Regression_Suite/PublicUser_Suite/PublicUser_UploadFiles">
      <properties>
         <property name="deviceName" value=""/>
         <property name="devicePlatform" value=""/>
         <property name="logFolder" value="E:\\Inspect\\15022021\\SiteInspectAutomation\\Reports\\20210219_170510\\Regression_Suite\\PublicUser_Suite\\PublicUser_UploadFiles\\20210219_170510"/>
         <property name="logFiles" value="E:\\Inspect\\15022021\\SiteInspectAutomation\\Reports\\20210219_170510\\Regression_Suite\\PublicUser_Suite\\PublicUser_UploadFiles\\20210219_170510\\execution0.log"/>
         <property name="attachments" value="E:\\Inspect\\15022021\\SiteInspectAutomation\\Reports\\20210219_170510\\Regression_Suite\\PublicUser_Suite\\PublicUser_UploadFiles\\20210219_170510\\1613736153040.png"/>
         <property name="hostName" value="ashok - OMTPGCN1132568L"/>
         <property name="os" value="Windows 10 64bit"/>
         <property name="katalonVersion" value="7.8.2.208"/>
         <property name="browser" value="Chrome 86.0.4240.75"/>
         <property name="hostAddress" value="192.168.1.1"/>
         <property name="sessionId" value="aa8f793e21629260794dee0c1fe840cb"/>
         <property name="seleniumVersion" value="3.141.59"/>
         <property name="proxyInformation" value="ProxyInformation { proxyOption=NO_PROXY, proxyServerType=HTTP, username=, password=********, proxyServerAddress=, proxyServerPort=0, executionList=&quot;&quot;, isApplyToDesiredCapabilities=true }"/>
         <property name="platform" value="Windows 10"/>
      </properties>
      <testcase name="Test Cases/UploadDiffFiles_PublicUser/TC_As a public user, Upload Basic Audio File" time="26.784" classname="Test Cases/UploadDiffFiles_PublicUser/TC_As a public user, Upload Basic Audio File" status="PASSED">
         <system-out><![CDATA[2021-02-19 17:27:53 - [TEST_CASE][PASSED] - Test Cases/UploadDiffFiles_PublicUser/TC_As a public user, Upload Basic Audio File: Test Cases/UploadDiffFiles_PublicUser/TC_As a public user, Upload Basic Audio File

2021-02-19 17:27:53 - [TEST_STEP][PASSED] - excelTestData = findTestData("Data Files/TestData/InspectTestData"): null

2021-02-19 17:27:53 - [TEST_STEP][PASSED] - userEmail = excelTestData.getValue(2, 23): null

2021-02-19 17:27:54 - [TEST_STEP][PASSED] - customKeywords.commanFunctions.uploadFileOfPublicUser(228, userEmail): customKeywords.commanFunctions.uploadFileOfPublicUser is PASSED

2021-02-19 17:27:54 - [MESSAGE][INFO] - Starting 'Chrome' driver

2021-02-19 17:27:54 - [MESSAGE][INFO] - Action delay is set to 0 milliseconds

2021-02-19 17:28:06 - [MESSAGE][PASSED] - Browser is opened with url: 'https://Inspect.Stage.site.sa'

2021-02-19 17:28:08 - [MESSAGE][PASSED] - Current window maximized

2021-02-19 17:28:08 - [MESSAGE][PASSED] - Wait for page load successfully

2021-02-19 17:28:09 - [MESSAGE][PASSED] - Object: 'Object Repository/HomePage/ChooseAFile' is clicked on

2021-02-19 17:28:11 - [MESSAGE][PASSED] - Delayed 2 second(s)

2021-02-19 17:28:13 - [MESSAGE][INFO] - Image Uploaded Sucsessfully

2021-02-19 17:28:15 - [MESSAGE][PASSED] - Delayed 2 second(s)

2021-02-19 17:28:15 - [MESSAGE][PASSED] - Text 'BasicAudio' is present on page 

2021-02-19 17:28:16 - [MESSAGE][PASSED] - Keys 'Os-ARahman@projects.site.sa' sent to object: 'Object Repository/PublicUserHomePage/email_Input'

2021-02-19 17:28:16 - [MESSAGE][PASSED] - Object: 'Object Repository/PublicUserHomePage/SiteInspectTermsOfUse_CheckBox' is clicked on

2021-02-19 17:28:17 - [MESSAGE][PASSED] - Object: 'Object Repository/HomePage/startAnalysis_EnableBtn' is clicked on

2021-02-19 17:28:19 - [MESSAGE][PASSED] - Text 'Your submission was successful
The analysis results will be delivered to you via email' is present on page 

2021-02-19 17:28:19 - [MESSAGE][PASSED] - customKeywords.commanFunctions.uploadFileOfPublicUser is PASSED

2021-02-19 17:28:19 - [TEST_STEP][PASSED] - customKeywords.commanFunctions.onlyCloseBrowser(): customKeywords.commanFunctions.onlyCloseBrowser is PASSED

2021-02-19 17:28:20 - [MESSAGE][PASSED] - Browser is closed

2021-02-19 17:28:20 - [MESSAGE][PASSED] - customKeywords.commanFunctions.onlyCloseBrowser is PASSED]]></system-out>
         <system-err><![CDATA[]]></system-err>
      </testcase>
      <testcase name="Test Cases/UploadDiffFiles_PublicUser/TC_As a public user, Upload CSV File" time="24.573" classname="Test Cases/UploadDiffFiles_PublicUser/TC_As a public user, Upload CSV File" status="PASSED">
         <system-out><![CDATA[2021-02-19 17:28:20 - [TEST_CASE][PASSED] - Test Cases/UploadDiffFiles_PublicUser/TC_As a public user, Upload CSV File: Test Cases/UploadDiffFiles_PublicUser/TC_As a public user, Upload CSV File

2021-02-19 17:28:20 - [TEST_STEP][PASSED] - excelTestData = findTestData("Data Files/TestData/InspectTestData"): null

2021-02-19 17:28:20 - [TEST_STEP][PASSED] - userEmail = excelTestData.getValue(2, 23): null

2021-02-19 17:28:20 - [TEST_STEP][PASSED] - customKeywords.commanFunctions.uploadFileOfPublicUser(176, userEmail): customKeywords.commanFunctions.uploadFileOfPublicUser is PASSED

2021-02-19 17:28:20 - [MESSAGE][INFO] - Starting 'Chrome' driver

2021-02-19 17:28:20 - [MESSAGE][INFO] - Action delay is set to 0 milliseconds

2021-02-19 17:28:32 - [MESSAGE][PASSED] - Browser is opened with url: 'https://Inspect.Stage.site.sa'

2021-02-19 17:28:34 - [MESSAGE][PASSED] - Current window maximized

2021-02-19 17:28:34 - [MESSAGE][PASSED] - Wait for page load successfully

2021-02-19 17:28:34 - [MESSAGE][PASSED] - Object: 'Object Repository/HomePage/ChooseAFile' is clicked on

2021-02-19 17:28:36 - [MESSAGE][PASSED] - Delayed 2 second(s)

2021-02-19 17:28:38 - [MESSAGE][INFO] - Image Uploaded Sucsessfully

2021-02-19 17:28:40 - [MESSAGE][PASSED] - Delayed 2 second(s)

2021-02-19 17:28:41 - [MESSAGE][PASSED] - Text 'SampleCSVFile' is present on page 

2021-02-19 17:28:41 - [MESSAGE][PASSED] - Keys 'Os-ARahman@projects.site.sa' sent to object: 'Object Repository/PublicUserHomePage/email_Input'

2021-02-19 17:28:42 - [MESSAGE][PASSED] - Object: 'Object Repository/PublicUserHomePage/SiteInspectTermsOfUse_CheckBox' is clicked on

2021-02-19 17:28:42 - [MESSAGE][PASSED] - Object: 'Object Repository/HomePage/startAnalysis_EnableBtn' is clicked on

2021-02-19 17:28:43 - [MESSAGE][PASSED] - Text 'Your submission was successful
The analysis results will be delivered to you via email' is present on page 

2021-02-19 17:28:43 - [MESSAGE][PASSED] - customKeywords.commanFunctions.uploadFileOfPublicUser is PASSED

2021-02-19 17:28:43 - [TEST_STEP][PASSED] - customKeywords.commanFunctions.onlyCloseBrowser(): customKeywords.commanFunctions.onlyCloseBrowser is PASSED

2021-02-19 17:28:44 - [MESSAGE][PASSED] - Browser is closed

2021-02-19 17:28:44 - [MESSAGE][PASSED] - customKeywords.commanFunctions.onlyCloseBrowser is PASSED]]></system-out>
         <system-err><![CDATA[]]></system-err>
      </testcase>
      <testcase name="Test Cases/UploadDiffFiles_PublicUser/TC_As a public user, Upload Exe File" time="26.213" classname="Test Cases/UploadDiffFiles_PublicUser/TC_As a public user, Upload Exe File" status="PASSED">
         <system-out><![CDATA[2021-02-19 17:28:44 - [TEST_CASE][PASSED] - Test Cases/UploadDiffFiles_PublicUser/TC_As a public user, Upload Exe File: Test Cases/UploadDiffFiles_PublicUser/TC_As a public user, Upload Exe File

2021-02-19 17:28:44 - [TEST_STEP][PASSED] - excelTestData = findTestData("Data Files/TestData/InspectTestData"): null

2021-02-19 17:28:44 - [TEST_STEP][PASSED] - userEmail = excelTestData.getValue(2, 23): null

2021-02-19 17:28:44 - [TEST_STEP][PASSED] - customKeywords.commanFunctions.uploadFileOfPublicUser(172, userEmail): customKeywords.commanFunctions.uploadFileOfPublicUser is PASSED

2021-02-19 17:28:45 - [MESSAGE][INFO] - Starting 'Chrome' driver

2021-02-19 17:28:45 - [MESSAGE][INFO] - Action delay is set to 0 milliseconds

2021-02-19 17:28:56 - [MESSAGE][PASSED] - Browser is opened with url: 'https://Inspect.Stage.site.sa'

2021-02-19 17:28:58 - [MESSAGE][PASSED] - Current window maximized

2021-02-19 17:28:58 - [MESSAGE][PASSED] - Wait for page load successfully

2021-02-19 17:28:59 - [MESSAGE][PASSED] - Object: 'Object Repository/HomePage/ChooseAFile' is clicked on

2021-02-19 17:29:01 - [MESSAGE][PASSED] - Delayed 2 second(s)

2021-02-19 17:29:03 - [MESSAGE][INFO] - Image Uploaded Sucsessfully

2021-02-19 17:29:05 - [MESSAGE][PASSED] - Delayed 2 second(s)

2021-02-19 17:29:05 - [MESSAGE][PASSED] - Text 'readerdc_en_ka_cra_install' is present on page 

2021-02-19 17:29:05 - [MESSAGE][PASSED] - Keys 'Os-ARahman@projects.site.sa' sent to object: 'Object Repository/PublicUserHomePage/email_Input'

2021-02-19 17:29:06 - [MESSAGE][PASSED] - Object: 'Object Repository/PublicUserHomePage/SiteInspectTermsOfUse_CheckBox' is clicked on

2021-02-19 17:29:06 - [MESSAGE][PASSED] - Object: 'Object Repository/HomePage/startAnalysis_EnableBtn' is clicked on

2021-02-19 17:29:09 - [MESSAGE][PASSED] - Text 'Your submission was successful
The analysis results will be delivered to you via email' is present on page 

2021-02-19 17:29:09 - [MESSAGE][PASSED] - customKeywords.commanFunctions.uploadFileOfPublicUser is PASSED

2021-02-19 17:29:09 - [TEST_STEP][PASSED] - customKeywords.commanFunctions.onlyCloseBrowser(): customKeywords.commanFunctions.onlyCloseBrowser is PASSED

2021-02-19 17:29:10 - [MESSAGE][PASSED] - Browser is closed

2021-02-19 17:29:10 - [MESSAGE][PASSED] - customKeywords.commanFunctions.onlyCloseBrowser is PASSED]]></system-out>
         <system-err><![CDATA[]]></system-err>
      </testcase>
      <testcase name="Test Cases/UploadDiffFiles_PublicUser/TC_As a public user, Upload Graphics Interchange Format File" time="24.901" classname="Test Cases/UploadDiffFiles_PublicUser/TC_As a public user, Upload Graphics Interchange Format File" status="PASSED">
         <system-out><![CDATA[2021-02-19 17:29:10 - [TEST_CASE][PASSED] - Test Cases/UploadDiffFiles_PublicUser/TC_As a public user, Upload Graphics Interchange Format File: Test Cases/UploadDiffFiles_PublicUser/TC_As a public user, Upload Graphics Interchange Format File

2021-02-19 17:29:10 - [TEST_STEP][PASSED] - excelTestData = findTestData("Data Files/TestData/InspectTestData"): null

2021-02-19 17:29:10 - [TEST_STEP][PASSED] - userEmail = excelTestData.getValue(2, 23): null

2021-02-19 17:29:10 - [TEST_STEP][PASSED] - customKeywords.commanFunctions.uploadFileOfPublicUser(252, userEmail): customKeywords.commanFunctions.uploadFileOfPublicUser is PASSED

2021-02-19 17:29:11 - [MESSAGE][INFO] - Starting 'Chrome' driver

2021-02-19 17:29:11 - [MESSAGE][INFO] - Action delay is set to 0 milliseconds

2021-02-19 17:29:22 - [MESSAGE][PASSED] - Browser is opened with url: 'https://Inspect.Stage.site.sa'

2021-02-19 17:29:24 - [MESSAGE][PASSED] - Current window maximized

2021-02-19 17:29:24 - [MESSAGE][PASSED] - Wait for page load successfully

2021-02-19 17:29:25 - [MESSAGE][PASSED] - Object: 'Object Repository/HomePage/ChooseAFile' is clicked on

2021-02-19 17:29:27 - [MESSAGE][PASSED] - Delayed 2 second(s)

2021-02-19 17:29:29 - [MESSAGE][INFO] - Image Uploaded Sucsessfully

2021-02-19 17:29:31 - [MESSAGE][PASSED] - Delayed 2 second(s)

2021-02-19 17:29:31 - [MESSAGE][PASSED] - Text 'Graphics Interchange Format.gif' is present on page 

2021-02-19 17:29:32 - [MESSAGE][PASSED] - Keys 'Os-ARahman@projects.site.sa' sent to object: 'Object Repository/PublicUserHomePage/email_Input'

2021-02-19 17:29:32 - [MESSAGE][PASSED] - Object: 'Object Repository/PublicUserHomePage/SiteInspectTermsOfUse_CheckBox' is clicked on

2021-02-19 17:29:33 - [MESSAGE][PASSED] - Object: 'Object Repository/HomePage/startAnalysis_EnableBtn' is clicked on

2021-02-19 17:29:34 - [MESSAGE][PASSED] - Text 'Your submission was successful
The analysis results will be delivered to you via email' is present on page 

2021-02-19 17:29:34 - [MESSAGE][PASSED] - customKeywords.commanFunctions.uploadFileOfPublicUser is PASSED

2021-02-19 17:29:34 - [TEST_STEP][PASSED] - customKeywords.commanFunctions.onlyCloseBrowser(): customKeywords.commanFunctions.onlyCloseBrowser is PASSED

2021-02-19 17:29:35 - [MESSAGE][PASSED] - Browser is closed

2021-02-19 17:29:35 - [MESSAGE][PASSED] - customKeywords.commanFunctions.onlyCloseBrowser is PASSED]]></system-out>
         <system-err><![CDATA[]]></system-err>
      </testcase>
      <testcase name="Test Cases/UploadDiffFiles_PublicUser/TC_As a public user, Upload Jar File" time="25.736" classname="Test Cases/UploadDiffFiles_PublicUser/TC_As a public user, Upload Jar File" status="PASSED">
         <system-out><![CDATA[2021-02-19 17:29:35 - [TEST_CASE][PASSED] - Test Cases/UploadDiffFiles_PublicUser/TC_As a public user, Upload Jar File: Test Cases/UploadDiffFiles_PublicUser/TC_As a public user, Upload Jar File

2021-02-19 17:29:35 - [TEST_STEP][PASSED] - excelTestData = findTestData("Data Files/TestData/InspectTestData"): null

2021-02-19 17:29:35 - [TEST_STEP][PASSED] - userEmail = excelTestData.getValue(2, 23): null

2021-02-19 17:29:35 - [TEST_STEP][PASSED] - customKeywords.commanFunctions.uploadFileOfPublicUser(160, userEmail): customKeywords.commanFunctions.uploadFileOfPublicUser is PASSED

2021-02-19 17:29:36 - [MESSAGE][INFO] - Starting 'Chrome' driver

2021-02-19 17:29:36 - [MESSAGE][INFO] - Action delay is set to 0 milliseconds

2021-02-19 17:29:47 - [MESSAGE][PASSED] - Browser is opened with url: 'https://Inspect.Stage.site.sa'

2021-02-19 17:29:49 - [MESSAGE][PASSED] - Current window maximized

2021-02-19 17:29:50 - [MESSAGE][PASSED] - Wait for page load successfully

2021-02-19 17:29:50 - [MESSAGE][PASSED] - Object: 'Object Repository/HomePage/ChooseAFile' is clicked on

2021-02-19 17:29:52 - [MESSAGE][PASSED] - Delayed 2 second(s)

2021-02-19 17:29:54 - [MESSAGE][INFO] - Image Uploaded Sucsessfully

2021-02-19 17:29:56 - [MESSAGE][PASSED] - Delayed 2 second(s)

2021-02-19 17:29:56 - [MESSAGE][PASSED] - Text 'commonsCode' is present on page 

2021-02-19 17:29:57 - [MESSAGE][PASSED] - Keys 'Os-ARahman@projects.site.sa' sent to object: 'Object Repository/PublicUserHomePage/email_Input'

2021-02-19 17:29:57 - [MESSAGE][PASSED] - Object: 'Object Repository/PublicUserHomePage/SiteInspectTermsOfUse_CheckBox' is clicked on

2021-02-19 17:29:58 - [MESSAGE][PASSED] - Object: 'Object Repository/HomePage/startAnalysis_EnableBtn' is clicked on

2021-02-19 17:30:00 - [MESSAGE][PASSED] - Text 'Your submission was successful
The analysis results will be delivered to you via email' is present on page 

2021-02-19 17:30:00 - [MESSAGE][PASSED] - customKeywords.commanFunctions.uploadFileOfPublicUser is PASSED

2021-02-19 17:30:00 - [TEST_STEP][PASSED] - customKeywords.commanFunctions.onlyCloseBrowser(): customKeywords.commanFunctions.onlyCloseBrowser is PASSED

2021-02-19 17:30:01 - [MESSAGE][PASSED] - Browser is closed

2021-02-19 17:30:01 - [MESSAGE][PASSED] - customKeywords.commanFunctions.onlyCloseBrowser is PASSED]]></system-out>
         <system-err><![CDATA[]]></system-err>
      </testcase>
      <testcase name="Test Cases/UploadDiffFiles_PublicUser/TC_As a public user, Upload Java File" time="26.908" classname="Test Cases/UploadDiffFiles_PublicUser/TC_As a public user, Upload Java File" status="PASSED">
         <system-out><![CDATA[2021-02-19 17:30:01 - [TEST_CASE][PASSED] - Test Cases/UploadDiffFiles_PublicUser/TC_As a public user, Upload Java File: Test Cases/UploadDiffFiles_PublicUser/TC_As a public user, Upload Java File

2021-02-19 17:30:01 - [TEST_STEP][PASSED] - excelTestData = findTestData("Data Files/TestData/InspectTestData"): null

2021-02-19 17:30:01 - [TEST_STEP][PASSED] - userEmail = excelTestData.getValue(2, 23): null

2021-02-19 17:30:01 - [TEST_STEP][PASSED] - customKeywords.commanFunctions.uploadFileOfPublicUser(180, userEmail): customKeywords.commanFunctions.uploadFileOfPublicUser is PASSED

2021-02-19 17:30:01 - [MESSAGE][INFO] - Starting 'Chrome' driver

2021-02-19 17:30:01 - [MESSAGE][INFO] - Action delay is set to 0 milliseconds

2021-02-19 17:30:16 - [MESSAGE][PASSED] - Browser is opened with url: 'https://Inspect.Stage.site.sa'

2021-02-19 17:30:18 - [MESSAGE][PASSED] - Current window maximized

2021-02-19 17:30:18 - [MESSAGE][PASSED] - Wait for page load successfully

2021-02-19 17:30:18 - [MESSAGE][PASSED] - Object: 'Object Repository/HomePage/ChooseAFile' is clicked on

2021-02-19 17:30:20 - [MESSAGE][PASSED] - Delayed 2 second(s)

2021-02-19 17:30:22 - [MESSAGE][INFO] - Image Uploaded Sucsessfully

2021-02-19 17:30:24 - [MESSAGE][PASSED] - Delayed 2 second(s)

2021-02-19 17:30:24 - [MESSAGE][PASSED] - Text 'sampleExcel' is present on page 

2021-02-19 17:30:25 - [MESSAGE][PASSED] - Keys 'Os-ARahman@projects.site.sa' sent to object: 'Object Repository/PublicUserHomePage/email_Input'

2021-02-19 17:30:25 - [MESSAGE][PASSED] - Object: 'Object Repository/PublicUserHomePage/SiteInspectTermsOfUse_CheckBox' is clicked on

2021-02-19 17:30:26 - [MESSAGE][PASSED] - Object: 'Object Repository/HomePage/startAnalysis_EnableBtn' is clicked on

2021-02-19 17:30:27 - [MESSAGE][PASSED] - Text 'Your submission was successful
The analysis results will be delivered to you via email' is present on page 

2021-02-19 17:30:27 - [MESSAGE][PASSED] - customKeywords.commanFunctions.uploadFileOfPublicUser is PASSED

2021-02-19 17:30:27 - [TEST_STEP][PASSED] - customKeywords.commanFunctions.onlyCloseBrowser(): customKeywords.commanFunctions.onlyCloseBrowser is PASSED

2021-02-19 17:30:28 - [MESSAGE][PASSED] - Browser is closed

2021-02-19 17:30:28 - [MESSAGE][PASSED] - customKeywords.commanFunctions.onlyCloseBrowser is PASSED]]></system-out>
         <system-err><![CDATA[]]></system-err>
      </testcase>
      <testcase name="Test Cases/UploadDiffFiles_PublicUser/TC_As a public user, Upload JPEG graphic File" time="24.935" classname="Test Cases/UploadDiffFiles_PublicUser/TC_As a public user, Upload JPEG graphic File" status="PASSED">
         <system-out><![CDATA[2021-02-19 17:30:28 - [TEST_CASE][PASSED] - Test Cases/UploadDiffFiles_PublicUser/TC_As a public user, Upload JPEG graphic File: Test Cases/UploadDiffFiles_PublicUser/TC_As a public user, Upload JPEG graphic File

2021-02-19 17:30:28 - [TEST_STEP][PASSED] - excelTestData = findTestData("Data Files/TestData/InspectTestData"): null

2021-02-19 17:30:28 - [TEST_STEP][PASSED] - userEmail = excelTestData.getValue(2, 23): null

2021-02-19 17:30:28 - [TEST_STEP][PASSED] - customKeywords.commanFunctions.uploadFileOfPublicUser(256, userEmail): customKeywords.commanFunctions.uploadFileOfPublicUser is PASSED

2021-02-19 17:30:28 - [MESSAGE][INFO] - Starting 'Chrome' driver

2021-02-19 17:30:28 - [MESSAGE][INFO] - Action delay is set to 0 milliseconds

2021-02-19 17:30:40 - [MESSAGE][PASSED] - Browser is opened with url: 'https://Inspect.Stage.site.sa'

2021-02-19 17:30:42 - [MESSAGE][PASSED] - Current window maximized

2021-02-19 17:30:42 - [MESSAGE][PASSED] - Wait for page load successfully

2021-02-19 17:30:42 - [MESSAGE][PASSED] - Object: 'Object Repository/HomePage/ChooseAFile' is clicked on

2021-02-19 17:30:44 - [MESSAGE][PASSED] - Delayed 2 second(s)

2021-02-19 17:30:46 - [MESSAGE][INFO] - Image Uploaded Sucsessfully

2021-02-19 17:30:48 - [MESSAGE][PASSED] - Delayed 2 second(s)

2021-02-19 17:30:49 - [MESSAGE][PASSED] - Text 'JPEG graphic' is present on page 

2021-02-19 17:30:49 - [MESSAGE][PASSED] - Keys 'Os-ARahman@projects.site.sa' sent to object: 'Object Repository/PublicUserHomePage/email_Input'

2021-02-19 17:30:50 - [MESSAGE][PASSED] - Object: 'Object Repository/PublicUserHomePage/SiteInspectTermsOfUse_CheckBox' is clicked on

2021-02-19 17:30:50 - [MESSAGE][PASSED] - Object: 'Object Repository/HomePage/startAnalysis_EnableBtn' is clicked on

2021-02-19 17:30:52 - [MESSAGE][PASSED] - Text 'Your submission was successful
The analysis results will be delivered to you via email' is present on page 

2021-02-19 17:30:52 - [MESSAGE][PASSED] - customKeywords.commanFunctions.uploadFileOfPublicUser is PASSED

2021-02-19 17:30:52 - [TEST_STEP][PASSED] - customKeywords.commanFunctions.onlyCloseBrowser(): customKeywords.commanFunctions.onlyCloseBrowser is PASSED

2021-02-19 17:30:53 - [MESSAGE][PASSED] - Browser is closed

2021-02-19 17:30:53 - [MESSAGE][PASSED] - customKeywords.commanFunctions.onlyCloseBrowser is PASSED]]></system-out>
         <system-err><![CDATA[]]></system-err>
      </testcase>
      <testcase name="Test Cases/UploadDiffFiles_PublicUser/TC_As a public user, Upload MacPaint.mac File" time="24.981" classname="Test Cases/UploadDiffFiles_PublicUser/TC_As a public user, Upload MacPaint.mac File" status="PASSED">
         <system-out><![CDATA[2021-02-19 17:30:53 - [TEST_CASE][PASSED] - Test Cases/UploadDiffFiles_PublicUser/TC_As a public user, Upload MacPaint.mac File: Test Cases/UploadDiffFiles_PublicUser/TC_As a public user, Upload MacPaint.mac File

2021-02-19 17:30:53 - [TEST_STEP][PASSED] - excelTestData = findTestData("Data Files/TestData/InspectTestData"): null

2021-02-19 17:30:53 - [TEST_STEP][PASSED] - userEmail = excelTestData.getValue(2, 23): null

2021-02-19 17:30:53 - [TEST_STEP][PASSED] - customKeywords.commanFunctions.uploadFileOfPublicUser(333, userEmail): customKeywords.commanFunctions.uploadFileOfPublicUser is PASSED

2021-02-19 17:30:53 - [MESSAGE][INFO] - Starting 'Chrome' driver

2021-02-19 17:30:53 - [MESSAGE][INFO] - Action delay is set to 0 milliseconds

2021-02-19 17:31:05 - [MESSAGE][PASSED] - Browser is opened with url: 'https://Inspect.Stage.site.sa'

2021-02-19 17:31:07 - [MESSAGE][PASSED] - Current window maximized

2021-02-19 17:31:07 - [MESSAGE][PASSED] - Wait for page load successfully

2021-02-19 17:31:07 - [MESSAGE][PASSED] - Object: 'Object Repository/HomePage/ChooseAFile' is clicked on

2021-02-19 17:31:09 - [MESSAGE][PASSED] - Delayed 2 second(s)

2021-02-19 17:31:11 - [MESSAGE][INFO] - Image Uploaded Sucsessfully

2021-02-19 17:31:13 - [MESSAGE][PASSED] - Delayed 2 second(s)

2021-02-19 17:31:14 - [MESSAGE][PASSED] - Text 'MacPaint' is present on page 

2021-02-19 17:31:14 - [MESSAGE][PASSED] - Keys 'Os-ARahman@projects.site.sa' sent to object: 'Object Repository/PublicUserHomePage/email_Input'

2021-02-19 17:31:15 - [MESSAGE][PASSED] - Object: 'Object Repository/PublicUserHomePage/SiteInspectTermsOfUse_CheckBox' is clicked on

2021-02-19 17:31:15 - [MESSAGE][PASSED] - Object: 'Object Repository/HomePage/startAnalysis_EnableBtn' is clicked on

2021-02-19 17:31:17 - [MESSAGE][PASSED] - Text 'Your submission was successful
The analysis results will be delivered to you via email' is present on page 

2021-02-19 17:31:17 - [MESSAGE][PASSED] - customKeywords.commanFunctions.uploadFileOfPublicUser is PASSED

2021-02-19 17:31:17 - [TEST_STEP][PASSED] - customKeywords.commanFunctions.onlyCloseBrowser(): customKeywords.commanFunctions.onlyCloseBrowser is PASSED

2021-02-19 17:31:18 - [MESSAGE][PASSED] - Browser is closed

2021-02-19 17:31:18 - [MESSAGE][PASSED] - customKeywords.commanFunctions.onlyCloseBrowser is PASSED]]></system-out>
         <system-err><![CDATA[]]></system-err>
      </testcase>
      <testcase name="Test Cases/UploadDiffFiles_PublicUser/TC_As a public user, Upload Microsoft Word File" time="24.95" classname="Test Cases/UploadDiffFiles_PublicUser/TC_As a public user, Upload Microsoft Word File" status="PASSED">
         <system-out><![CDATA[2021-02-19 17:31:18 - [TEST_CASE][PASSED] - Test Cases/UploadDiffFiles_PublicUser/TC_As a public user, Upload Microsoft Word File: Test Cases/UploadDiffFiles_PublicUser/TC_As a public user, Upload Microsoft Word File

2021-02-19 17:31:18 - [TEST_STEP][PASSED] - excelTestData = findTestData("Data Files/TestData/InspectTestData"): null

2021-02-19 17:31:18 - [TEST_STEP][PASSED] - userEmail = excelTestData.getValue(2, 23): null

2021-02-19 17:31:18 - [TEST_STEP][PASSED] - customKeywords.commanFunctions.uploadFileOfPublicUser(248, userEmail): customKeywords.commanFunctions.uploadFileOfPublicUser is PASSED

2021-02-19 17:31:18 - [MESSAGE][INFO] - Starting 'Chrome' driver

2021-02-19 17:31:18 - [MESSAGE][INFO] - Action delay is set to 0 milliseconds

2021-02-19 17:31:30 - [MESSAGE][PASSED] - Browser is opened with url: 'https://Inspect.Stage.site.sa'

2021-02-19 17:31:32 - [MESSAGE][PASSED] - Current window maximized

2021-02-19 17:31:32 - [MESSAGE][PASSED] - Wait for page load successfully

2021-02-19 17:31:32 - [MESSAGE][PASSED] - Object: 'Object Repository/HomePage/ChooseAFile' is clicked on

2021-02-19 17:31:34 - [MESSAGE][PASSED] - Delayed 2 second(s)

2021-02-19 17:31:36 - [MESSAGE][INFO] - Image Uploaded Sucsessfully

2021-02-19 17:31:38 - [MESSAGE][PASSED] - Delayed 2 second(s)

2021-02-19 17:31:39 - [MESSAGE][PASSED] - Text 'Microsoft Word' is present on page 

2021-02-19 17:31:39 - [MESSAGE][PASSED] - Keys 'Os-ARahman@projects.site.sa' sent to object: 'Object Repository/PublicUserHomePage/email_Input'

2021-02-19 17:31:40 - [MESSAGE][PASSED] - Object: 'Object Repository/PublicUserHomePage/SiteInspectTermsOfUse_CheckBox' is clicked on

2021-02-19 17:31:40 - [MESSAGE][PASSED] - Object: 'Object Repository/HomePage/startAnalysis_EnableBtn' is clicked on

2021-02-19 17:31:42 - [MESSAGE][PASSED] - Text 'Your submission was successful
The analysis results will be delivered to you via email' is present on page 

2021-02-19 17:31:42 - [MESSAGE][PASSED] - customKeywords.commanFunctions.uploadFileOfPublicUser is PASSED

2021-02-19 17:31:42 - [TEST_STEP][PASSED] - customKeywords.commanFunctions.onlyCloseBrowser(): customKeywords.commanFunctions.onlyCloseBrowser is PASSED

2021-02-19 17:31:43 - [MESSAGE][PASSED] - Browser is closed

2021-02-19 17:31:43 - [MESSAGE][PASSED] - customKeywords.commanFunctions.onlyCloseBrowser is PASSED]]></system-out>
         <system-err><![CDATA[]]></system-err>
      </testcase>
      <testcase name="Test Cases/UploadDiffFiles_PublicUser/TC_As a public user, Upload MS Access database File" time="25.49" classname="Test Cases/UploadDiffFiles_PublicUser/TC_As a public user, Upload MS Access database File" status="PASSED">
         <system-out><![CDATA[2021-02-19 17:31:43 - [TEST_CASE][PASSED] - Test Cases/UploadDiffFiles_PublicUser/TC_As a public user, Upload MS Access database File: Test Cases/UploadDiffFiles_PublicUser/TC_As a public user, Upload MS Access database File

2021-02-19 17:31:43 - [TEST_STEP][PASSED] - excelTestData = findTestData("Data Files/TestData/InspectTestData"): null

2021-02-19 17:31:43 - [TEST_STEP][PASSED] - userEmail = excelTestData.getValue(2, 23): null

2021-02-19 17:31:43 - [TEST_STEP][PASSED] - customKeywords.commanFunctions.uploadFileOfPublicUser(342, userEmail): customKeywords.commanFunctions.uploadFileOfPublicUser is PASSED

2021-02-19 17:31:43 - [MESSAGE][INFO] - Starting 'Chrome' driver

2021-02-19 17:31:43 - [MESSAGE][INFO] - Action delay is set to 0 milliseconds

2021-02-19 17:31:55 - [MESSAGE][PASSED] - Browser is opened with url: 'https://Inspect.Stage.site.sa'

2021-02-19 17:31:57 - [MESSAGE][PASSED] - Current window maximized

2021-02-19 17:31:57 - [MESSAGE][PASSED] - Wait for page load successfully

2021-02-19 17:31:58 - [MESSAGE][PASSED] - Object: 'Object Repository/HomePage/ChooseAFile' is clicked on

2021-02-19 17:32:00 - [MESSAGE][PASSED] - Delayed 2 second(s)

2021-02-19 17:32:02 - [MESSAGE][INFO] - Image Uploaded Sucsessfully

2021-02-19 17:32:04 - [MESSAGE][PASSED] - Delayed 2 second(s)

2021-02-19 17:32:04 - [MESSAGE][PASSED] - Text 'MS Access database' is present on page 

2021-02-19 17:32:05 - [MESSAGE][PASSED] - Keys 'Os-ARahman@projects.site.sa' sent to object: 'Object Repository/PublicUserHomePage/email_Input'

2021-02-19 17:32:05 - [MESSAGE][PASSED] - Object: 'Object Repository/PublicUserHomePage/SiteInspectTermsOfUse_CheckBox' is clicked on

2021-02-19 17:32:06 - [MESSAGE][PASSED] - Object: 'Object Repository/HomePage/startAnalysis_EnableBtn' is clicked on

2021-02-19 17:32:07 - [MESSAGE][PASSED] - Text 'Your submission was successful
The analysis results will be delivered to you via email' is present on page 

2021-02-19 17:32:07 - [MESSAGE][PASSED] - customKeywords.commanFunctions.uploadFileOfPublicUser is PASSED

2021-02-19 17:32:07 - [TEST_STEP][PASSED] - customKeywords.commanFunctions.onlyCloseBrowser(): customKeywords.commanFunctions.onlyCloseBrowser is PASSED

2021-02-19 17:32:08 - [MESSAGE][PASSED] - Browser is closed

2021-02-19 17:32:08 - [MESSAGE][PASSED] - customKeywords.commanFunctions.onlyCloseBrowser is PASSED]]></system-out>
         <system-err><![CDATA[]]></system-err>
      </testcase>
      <testcase name="Test Cases/UploadDiffFiles_PublicUser/TC_As a public user, Upload PC Zip Compressed Archive File" time="25.412" classname="Test Cases/UploadDiffFiles_PublicUser/TC_As a public user, Upload PC Zip Compressed Archive File" status="FAILED">
         <failure type="FAILED" message="Test Cases/UploadDiffFiles_PublicUser/TC_As a public user, Upload PC Zip Compressed Archive File FAILED.
Reason:
com.kms.katalon.core.exception.StepFailedException: Unable to verify text 'Your submission was successful
The analysis results will be delivered to you via email' is present 
	at com.kms.katalon.core.webui.keyword.internal.WebUIKeywordMain.stepFailed(WebUIKeywordMain.groovy:64)
	at com.kms.katalon.core.webui.keyword.internal.WebUIKeywordMain.runKeyword(WebUIKeywordMain.groovy:26)
	at com.kms.katalon.core.webui.keyword.builtin.VerifyTextPresentKeyword.verifyTextPresent(VerifyTextPresentKeyword.groovy:83)
	at com.kms.katalon.core.webui.keyword.builtin.VerifyTextPresentKeyword.execute(VerifyTextPresentKeyword.groovy:68)
	at com.kms.katalon.core.keyword.internal.KeywordExecutor.executeKeywordForPlatform(KeywordExecutor.groovy:73)
	at com.kms.katalon.core.webui.keyword.WebUiBuiltInKeywords.verifyTextPresent(WebUiBuiltInKeywords.groovy:1720)
	at com.kms.katalon.core.webui.keyword.WebUiBuiltInKeywords$verifyTextPresent$3.call(Unknown Source)
	at customKeywords.commanFunctions.uploadFileOfPublicUser(commanFunctions.groovy:668)
	at customKeywords.commanFunctions.invokeMethod(commanFunctions.groovy)
	at com.kms.katalon.core.main.CustomKeywordDelegatingMetaClass.invokeStaticMethod(CustomKeywordDelegatingMetaClass.java:50)
	at TC_As a public user, Upload PC Zip Compressed Archive File.run(TC_As a public user, Upload PC Zip Compressed Archive File:14)
	at com.kms.katalon.core.main.ScriptEngine.run(ScriptEngine.java:194)
	at com.kms.katalon.core.main.ScriptEngine.runScriptAsRawText(ScriptEngine.java:119)
	at com.kms.katalon.core.main.TestCaseExecutor.runScript(TestCaseExecutor.java:394)
	at com.kms.katalon.core.main.TestCaseExecutor.doExecute(TestCaseExecutor.java:385)
	at com.kms.katalon.core.main.TestCaseExecutor.processExecutionPhase(TestCaseExecutor.java:364)
	at com.kms.katalon.core.main.TestCaseExecutor.accessMainPhase(TestCaseExecutor.java:356)
	at com.kms.katalon.core.main.TestCaseExecutor.execute(TestCaseExecutor.java:251)
	at com.kms.katalon.core.main.TestSuiteExecutor.accessTestCaseMainPhase(TestSuiteExecutor.java:203)
	at com.kms.katalon.core.main.TestSuiteExecutor.accessTestSuiteMainPhase(TestSuiteExecutor.java:152)
	at com.kms.katalon.core.main.TestSuiteExecutor.execute(TestSuiteExecutor.java:95)
	at com.kms.katalon.core.main.TestCaseMain.startTestSuite(TestCaseMain.java:157)
	at com.kms.katalon.core.main.TestCaseMain$startTestSuite$0.call(Unknown Source)
	at TempTestSuite1613734510007.run(TempTestSuite1613734510007.groovy:39)
Caused by: com.kms.katalon.core.exception.StepFailedException: Text 'Your submission was successful
The analysis results will be delivered to you via email' is not present on page 
	at com.kms.katalon.core.webui.keyword.internal.WebUIKeywordMain.stepFailed(WebUIKeywordMain.groovy:64)
	at com.kms.katalon.core.webui.keyword.builtin.VerifyTextPresentKeyword$_verifyTextPresent_closure1.doCall(VerifyTextPresentKeyword.groovy:79)
	at com.kms.katalon.core.webui.keyword.builtin.VerifyTextPresentKeyword$_verifyTextPresent_closure1.call(VerifyTextPresentKeyword.groovy)
	at com.kms.katalon.core.webui.keyword.internal.WebUIKeywordMain.runKeyword(WebUIKeywordMain.groovy:20)
	... 22 more
"/>
         <system-out><![CDATA[2021-02-19 17:32:08 - [TEST_CASE][FAILED] - Test Cases/UploadDiffFiles_PublicUser/TC_As a public user, Upload PC Zip Compressed Archive File: Test Cases/UploadDiffFiles_PublicUser/TC_As a public user, Upload PC Zip Compressed Archive File FAILED.
Reason:
com.kms.katalon.core.exception.StepFailedException: Unable to verify text 'Your submission was successful
The analysis results will be delivered to you via email' is present 
	at com.kms.katalon.core.webui.keyword.internal.WebUIKeywordMain.stepFailed(WebUIKeywordMain.groovy:64)
	at com.kms.katalon.core.webui.keyword.internal.WebUIKeywordMain.runKeyword(WebUIKeywordMain.groovy:26)
	at com.kms.katalon.core.webui.keyword.builtin.VerifyTextPresentKeyword.verifyTextPresent(VerifyTextPresentKeyword.groovy:83)
	at com.kms.katalon.core.webui.keyword.builtin.VerifyTextPresentKeyword.execute(VerifyTextPresentKeyword.groovy:68)
	at com.kms.katalon.core.keyword.internal.KeywordExecutor.executeKeywordForPlatform(KeywordExecutor.groovy:73)
	at com.kms.katalon.core.webui.keyword.WebUiBuiltInKeywords.verifyTextPresent(WebUiBuiltInKeywords.groovy:1720)
	at com.kms.katalon.core.webui.keyword.WebUiBuiltInKeywords$verifyTextPresent$3.call(Unknown Source)
	at customKeywords.commanFunctions.uploadFileOfPublicUser(commanFunctions.groovy:668)
	at customKeywords.commanFunctions.invokeMethod(commanFunctions.groovy)
	at com.kms.katalon.core.main.CustomKeywordDelegatingMetaClass.invokeStaticMethod(CustomKeywordDelegatingMetaClass.java:50)
	at TC_As a public user, Upload PC Zip Compressed Archive File.run(TC_As a public user, Upload PC Zip Compressed Archive File:14)
	at com.kms.katalon.core.main.ScriptEngine.run(ScriptEngine.java:194)
	at com.kms.katalon.core.main.ScriptEngine.runScriptAsRawText(ScriptEngine.java:119)
	at com.kms.katalon.core.main.TestCaseExecutor.runScript(TestCaseExecutor.java:394)
	at com.kms.katalon.core.main.TestCaseExecutor.doExecute(TestCaseExecutor.java:385)
	at com.kms.katalon.core.main.TestCaseExecutor.processExecutionPhase(TestCaseExecutor.java:364)
	at com.kms.katalon.core.main.TestCaseExecutor.accessMainPhase(TestCaseExecutor.java:356)
	at com.kms.katalon.core.main.TestCaseExecutor.execute(TestCaseExecutor.java:251)
	at com.kms.katalon.core.main.TestSuiteExecutor.accessTestCaseMainPhase(TestSuiteExecutor.java:203)
	at com.kms.katalon.core.main.TestSuiteExecutor.accessTestSuiteMainPhase(TestSuiteExecutor.java:152)
	at com.kms.katalon.core.main.TestSuiteExecutor.execute(TestSuiteExecutor.java:95)
	at com.kms.katalon.core.main.TestCaseMain.startTestSuite(TestCaseMain.java:157)
	at com.kms.katalon.core.main.TestCaseMain$startTestSuite$0.call(Unknown Source)
	at TempTestSuite1613734510007.run(TempTestSuite1613734510007.groovy:39)
Caused by: com.kms.katalon.core.exception.StepFailedException: Text 'Your submission was successful
The analysis results will be delivered to you via email' is not present on page 
	at com.kms.katalon.core.webui.keyword.internal.WebUIKeywordMain.stepFailed(WebUIKeywordMain.groovy:64)
	at com.kms.katalon.core.webui.keyword.builtin.VerifyTextPresentKeyword$_verifyTextPresent_closure1.doCall(VerifyTextPresentKeyword.groovy:79)
	at com.kms.katalon.core.webui.keyword.builtin.VerifyTextPresentKeyword$_verifyTextPresent_closure1.call(VerifyTextPresentKeyword.groovy)
	at com.kms.katalon.core.webui.keyword.internal.WebUIKeywordMain.runKeyword(WebUIKeywordMain.groovy:20)
	... 22 more


2021-02-19 17:32:08 - [TEST_STEP][PASSED] - excelTestData = findTestData("Data Files/TestData/InspectTestData"): null

2021-02-19 17:32:08 - [TEST_STEP][PASSED] - userEmail = excelTestData.getValue(2, 23): null

2021-02-19 17:32:08 - [TEST_STEP][FAILED] - customKeywords.commanFunctions.uploadFileOfPublicUser(366, userEmail): Unable to verify text 'Your submission was successful
The analysis results will be delivered to you via email' is present 

2021-02-19 17:32:09 - [MESSAGE][INFO] - Starting 'Chrome' driver

2021-02-19 17:32:09 - [MESSAGE][INFO] - Action delay is set to 0 milliseconds

2021-02-19 17:32:21 - [MESSAGE][PASSED] - Browser is opened with url: 'https://Inspect.Stage.site.sa'

2021-02-19 17:32:23 - [MESSAGE][PASSED] - Current window maximized

2021-02-19 17:32:23 - [MESSAGE][PASSED] - Wait for page load successfully

2021-02-19 17:32:23 - [MESSAGE][PASSED] - Object: 'Object Repository/HomePage/ChooseAFile' is clicked on

2021-02-19 17:32:25 - [MESSAGE][PASSED] - Delayed 2 second(s)

2021-02-19 17:32:27 - [MESSAGE][INFO] - Image Uploaded Sucsessfully

2021-02-19 17:32:29 - [MESSAGE][PASSED] - Delayed 2 second(s)

2021-02-19 17:32:29 - [MESSAGE][PASSED] - Text 'PC Zip Compressed Archive' is present on page 

2021-02-19 17:32:30 - [MESSAGE][PASSED] - Keys 'Os-ARahman@projects.site.sa' sent to object: 'Object Repository/PublicUserHomePage/email_Input'

2021-02-19 17:32:30 - [MESSAGE][PASSED] - Object: 'Object Repository/PublicUserHomePage/SiteInspectTermsOfUse_CheckBox' is clicked on

2021-02-19 17:32:31 - [MESSAGE][PASSED] - Object: 'Object Repository/HomePage/startAnalysis_EnableBtn' is clicked on

2021-02-19 17:32:33 - [MESSAGE][FAILED] - Text 'Your submission was successful
The analysis results will be delivered to you via email' is not present on page  (Root cause: com.kms.katalon.core.exception.StepFailedException: Text 'Your submission was successful
The analysis results will be delivered to you via email' is not present on page 
	at com.kms.katalon.core.webui.keyword.internal.WebUIKeywordMain.stepFailed(WebUIKeywordMain.groovy:64)
	at com.kms.katalon.core.webui.keyword.builtin.VerifyTextPresentKeyword$_verifyTextPresent_closure1.doCall(VerifyTextPresentKeyword.groovy:79)
	at com.kms.katalon.core.webui.keyword.builtin.VerifyTextPresentKeyword$_verifyTextPresent_closure1.call(VerifyTextPresentKeyword.groovy)
	at com.kms.katalon.core.webui.keyword.internal.WebUIKeywordMain.runKeyword(WebUIKeywordMain.groovy:20)
	at com.kms.katalon.core.webui.keyword.builtin.VerifyTextPresentKeyword.verifyTextPresent(VerifyTextPresentKeyword.groovy:83)
	at com.kms.katalon.core.webui.keyword.builtin.VerifyTextPresentKeyword.execute(VerifyTextPresentKeyword.groovy:68)
	at com.kms.katalon.core.keyword.internal.KeywordExecutor.executeKeywordForPlatform(KeywordExecutor.groovy:73)
	at com.kms.katalon.core.webui.keyword.WebUiBuiltInKeywords.verifyTextPresent(WebUiBuiltInKeywords.groovy:1720)
	at com.kms.katalon.core.webui.keyword.WebUiBuiltInKeywords$verifyTextPresent$3.call(Unknown Source)
	at customKeywords.commanFunctions.uploadFileOfPublicUser(commanFunctions.groovy:668)
	at customKeywords.commanFunctions.invokeMethod(commanFunctions.groovy)
	at com.kms.katalon.core.main.CustomKeywordDelegatingMetaClass.invokeStaticMethod(CustomKeywordDelegatingMetaClass.java:50)
	at TC_As a public user, Upload PC Zip Compressed Archive File.run(TC_As a public user, Upload PC Zip Compressed Archive File:14)
	at com.kms.katalon.core.main.ScriptEngine.run(ScriptEngine.java:194)
	at com.kms.katalon.core.main.ScriptEngine.runScriptAsRawText(ScriptEngine.java:119)
	at com.kms.katalon.core.main.TestCaseExecutor.runScript(TestCaseExecutor.java:394)
	at com.kms.katalon.core.main.TestCaseExecutor.doExecute(TestCaseExecutor.java:385)
	at com.kms.katalon.core.main.TestCaseExecutor.processExecutionPhase(TestCaseExecutor.java:364)
	at com.kms.katalon.core.main.TestCaseExecutor.accessMainPhase(TestCaseExecutor.java:356)
	at com.kms.katalon.core.main.TestCaseExecutor.execute(TestCaseExecutor.java:251)
	at com.kms.katalon.core.main.TestSuiteExecutor.accessTestCaseMainPhase(TestSuiteExecutor.java:203)
	at com.kms.katalon.core.main.TestSuiteExecutor.accessTestSuiteMainPhase(TestSuiteExecutor.java:152)
	at com.kms.katalon.core.main.TestSuiteExecutor.execute(TestSuiteExecutor.java:95)
	at com.kms.katalon.core.main.TestCaseMain.startTestSuite(TestCaseMain.java:157)
	at com.kms.katalon.core.main.TestCaseMain$startTestSuite$0.call(Unknown Source)
	at TempTestSuite1613734510007.run(TempTestSuite1613734510007.groovy:39)
)

2021-02-19 17:32:33 - [MESSAGE][FAILED] - Unable to verify text 'Your submission was successful
The analysis results will be delivered to you via email' is present  (Root cause: com.kms.katalon.core.exception.StepFailedException: Unable to verify text 'Your submission was successful
The analysis results will be delivered to you via email' is present 
	at com.kms.katalon.core.webui.keyword.internal.WebUIKeywordMain.stepFailed(WebUIKeywordMain.groovy:64)
	at com.kms.katalon.core.webui.keyword.internal.WebUIKeywordMain.runKeyword(WebUIKeywordMain.groovy:26)
	at com.kms.katalon.core.webui.keyword.builtin.VerifyTextPresentKeyword.verifyTextPresent(VerifyTextPresentKeyword.groovy:83)
	at com.kms.katalon.core.webui.keyword.builtin.VerifyTextPresentKeyword.execute(VerifyTextPresentKeyword.groovy:68)
	at com.kms.katalon.core.keyword.internal.KeywordExecutor.executeKeywordForPlatform(KeywordExecutor.groovy:73)
	at com.kms.katalon.core.webui.keyword.WebUiBuiltInKeywords.verifyTextPresent(WebUiBuiltInKeywords.groovy:1720)
	at com.kms.katalon.core.webui.keyword.WebUiBuiltInKeywords$verifyTextPresent$3.call(Unknown Source)
	at customKeywords.commanFunctions.uploadFileOfPublicUser(commanFunctions.groovy:668)
	at customKeywords.commanFunctions.invokeMethod(commanFunctions.groovy)
	at com.kms.katalon.core.main.CustomKeywordDelegatingMetaClass.invokeStaticMethod(CustomKeywordDelegatingMetaClass.java:50)
	at TC_As a public user, Upload PC Zip Compressed Archive File.run(TC_As a public user, Upload PC Zip Compressed Archive File:14)
	at com.kms.katalon.core.main.ScriptEngine.run(ScriptEngine.java:194)
	at com.kms.katalon.core.main.ScriptEngine.runScriptAsRawText(ScriptEngine.java:119)
	at com.kms.katalon.core.main.TestCaseExecutor.runScript(TestCaseExecutor.java:394)
	at com.kms.katalon.core.main.TestCaseExecutor.doExecute(TestCaseExecutor.java:385)
	at com.kms.katalon.core.main.TestCaseExecutor.processExecutionPhase(TestCaseExecutor.java:364)
	at com.kms.katalon.core.main.TestCaseExecutor.accessMainPhase(TestCaseExecutor.java:356)
	at com.kms.katalon.core.main.TestCaseExecutor.execute(TestCaseExecutor.java:251)
	at com.kms.katalon.core.main.TestSuiteExecutor.accessTestCaseMainPhase(TestSuiteExecutor.java:203)
	at com.kms.katalon.core.main.TestSuiteExecutor.accessTestSuiteMainPhase(TestSuiteExecutor.java:152)
	at com.kms.katalon.core.main.TestSuiteExecutor.execute(TestSuiteExecutor.java:95)
	at com.kms.katalon.core.main.TestCaseMain.startTestSuite(TestCaseMain.java:157)
	at com.kms.katalon.core.main.TestCaseMain$startTestSuite$0.call(Unknown Source)
	at TempTestSuite1613734510007.run(TempTestSuite1613734510007.groovy:39)
Caused by: com.kms.katalon.core.exception.StepFailedException: Text 'Your submission was successful
The analysis results will be delivered to you via email' is not present on page 
	at com.kms.katalon.core.webui.keyword.internal.WebUIKeywordMain.stepFailed(WebUIKeywordMain.groovy:64)
	at com.kms.katalon.core.webui.keyword.builtin.VerifyTextPresentKeyword$_verifyTextPresent_closure1.doCall(VerifyTextPresentKeyword.groovy:79)
	at com.kms.katalon.core.webui.keyword.builtin.VerifyTextPresentKeyword$_verifyTextPresent_closure1.call(VerifyTextPresentKeyword.groovy)
	at com.kms.katalon.core.webui.keyword.internal.WebUIKeywordMain.runKeyword(WebUIKeywordMain.groovy:20)
	... 22 more
)
[[ATTACHMENT|E:\\Inspect\\15022021\\SiteInspectAutomation\\Reports\\20210219_170510\\Regression_Suite\\PublicUser_Suite\\PublicUser_UploadFiles\\20210219_170510\\1613736153040.png]]

2021-02-19 17:32:33 - [MESSAGE][FAILED] - Unable to verify text 'Your submission was successful
The analysis results will be delivered to you via email' is present 

2021-02-19 17:32:33 - [TEST_STEP][PASSED] - Start tear down : tearDownMethodIfFailed: Method 'tearDownMethodIfFailed' complete successfully

2021-02-19 17:32:33 - [TEST_STEP][PASSED] - customKeywords.commanFunctions.onlyCloseBrowser(): customKeywords.commanFunctions.onlyCloseBrowser is PASSED

2021-02-19 17:32:34 - [MESSAGE][PASSED] - Browser is closed

2021-02-19 17:32:34 - [MESSAGE][PASSED] - customKeywords.commanFunctions.onlyCloseBrowser is PASSED

2021-02-19 17:32:34 - [TEST_STEP][PASSED] - logInfo("[--------This is tearDownIfFailed method------]"): [--------This is tearDownIfFailed method------]

2021-02-19 17:32:34 - [MESSAGE][INFO] - [--------This is tearDownIfFailed method------]

2021-02-19 17:32:34 - [MESSAGE][PASSED] - Method 'tearDownMethodIfFailed' complete successfully]]></system-out>
         <system-err><![CDATA[2021-02-19 17:32:08 - [TEST_CASE][FAILED] - Test Cases/UploadDiffFiles_PublicUser/TC_As a public user, Upload PC Zip Compressed Archive File: Test Cases/UploadDiffFiles_PublicUser/TC_As a public user, Upload PC Zip Compressed Archive File FAILED.
Reason:
com.kms.katalon.core.exception.StepFailedException: Unable to verify text 'Your submission was successful
The analysis results will be delivered to you via email' is present 
	at com.kms.katalon.core.webui.keyword.internal.WebUIKeywordMain.stepFailed(WebUIKeywordMain.groovy:64)
	at com.kms.katalon.core.webui.keyword.internal.WebUIKeywordMain.runKeyword(WebUIKeywordMain.groovy:26)
	at com.kms.katalon.core.webui.keyword.builtin.VerifyTextPresentKeyword.verifyTextPresent(VerifyTextPresentKeyword.groovy:83)
	at com.kms.katalon.core.webui.keyword.builtin.VerifyTextPresentKeyword.execute(VerifyTextPresentKeyword.groovy:68)
	at com.kms.katalon.core.keyword.internal.KeywordExecutor.executeKeywordForPlatform(KeywordExecutor.groovy:73)
	at com.kms.katalon.core.webui.keyword.WebUiBuiltInKeywords.verifyTextPresent(WebUiBuiltInKeywords.groovy:1720)
	at com.kms.katalon.core.webui.keyword.WebUiBuiltInKeywords$verifyTextPresent$3.call(Unknown Source)
	at customKeywords.commanFunctions.uploadFileOfPublicUser(commanFunctions.groovy:668)
	at customKeywords.commanFunctions.invokeMethod(commanFunctions.groovy)
	at com.kms.katalon.core.main.CustomKeywordDelegatingMetaClass.invokeStaticMethod(CustomKeywordDelegatingMetaClass.java:50)
	at TC_As a public user, Upload PC Zip Compressed Archive File.run(TC_As a public user, Upload PC Zip Compressed Archive File:14)
	at com.kms.katalon.core.main.ScriptEngine.run(ScriptEngine.java:194)
	at com.kms.katalon.core.main.ScriptEngine.runScriptAsRawText(ScriptEngine.java:119)
	at com.kms.katalon.core.main.TestCaseExecutor.runScript(TestCaseExecutor.java:394)
	at com.kms.katalon.core.main.TestCaseExecutor.doExecute(TestCaseExecutor.java:385)
	at com.kms.katalon.core.main.TestCaseExecutor.processExecutionPhase(TestCaseExecutor.java:364)
	at com.kms.katalon.core.main.TestCaseExecutor.accessMainPhase(TestCaseExecutor.java:356)
	at com.kms.katalon.core.main.TestCaseExecutor.execute(TestCaseExecutor.java:251)
	at com.kms.katalon.core.main.TestSuiteExecutor.accessTestCaseMainPhase(TestSuiteExecutor.java:203)
	at com.kms.katalon.core.main.TestSuiteExecutor.accessTestSuiteMainPhase(TestSuiteExecutor.java:152)
	at com.kms.katalon.core.main.TestSuiteExecutor.execute(TestSuiteExecutor.java:95)
	at com.kms.katalon.core.main.TestCaseMain.startTestSuite(TestCaseMain.java:157)
	at com.kms.katalon.core.main.TestCaseMain$startTestSuite$0.call(Unknown Source)
	at TempTestSuite1613734510007.run(TempTestSuite1613734510007.groovy:39)
Caused by: com.kms.katalon.core.exception.StepFailedException: Text 'Your submission was successful
The analysis results will be delivered to you via email' is not present on page 
	at com.kms.katalon.core.webui.keyword.internal.WebUIKeywordMain.stepFailed(WebUIKeywordMain.groovy:64)
	at com.kms.katalon.core.webui.keyword.builtin.VerifyTextPresentKeyword$_verifyTextPresent_closure1.doCall(VerifyTextPresentKeyword.groovy:79)
	at com.kms.katalon.core.webui.keyword.builtin.VerifyTextPresentKeyword$_verifyTextPresent_closure1.call(VerifyTextPresentKeyword.groovy)
	at com.kms.katalon.core.webui.keyword.internal.WebUIKeywordMain.runKeyword(WebUIKeywordMain.groovy:20)
	... 22 more]]></system-err>
      </testcase>
      <system-out><![CDATA[2021-02-19 17:27:51 - [TEST_SUITE][FAILED] - PublicUser_UploadFiles: Test Cases/UploadDiffFiles_PublicUser/TC_As a public user, Upload PC Zip Compressed Archive File FAILED.
Reason:
com.kms.katalon.core.exception.StepFailedException: Unable to verify text 'Your submission was successful
The analysis results will be delivered to you via email' is present 
	at com.kms.katalon.core.webui.keyword.internal.WebUIKeywordMain.stepFailed(WebUIKeywordMain.groovy:64)
	at com.kms.katalon.core.webui.keyword.internal.WebUIKeywordMain.runKeyword(WebUIKeywordMain.groovy:26)
	at com.kms.katalon.core.webui.keyword.builtin.VerifyTextPresentKeyword.verifyTextPresent(VerifyTextPresentKeyword.groovy:83)
	at com.kms.katalon.core.webui.keyword.builtin.VerifyTextPresentKeyword.execute(VerifyTextPresentKeyword.groovy:68)
	at com.kms.katalon.core.keyword.internal.KeywordExecutor.executeKeywordForPlatform(KeywordExecutor.groovy:73)
	at com.kms.katalon.core.webui.keyword.WebUiBuiltInKeywords.verifyTextPresent(WebUiBuiltInKeywords.groovy:1720)
	at com.kms.katalon.core.webui.keyword.WebUiBuiltInKeywords$verifyTextPresent$3.call(Unknown Source)
	at customKeywords.commanFunctions.uploadFileOfPublicUser(commanFunctions.groovy:668)
	at customKeywords.commanFunctions.invokeMethod(commanFunctions.groovy)
	at com.kms.katalon.core.main.CustomKeywordDelegatingMetaClass.invokeStaticMethod(CustomKeywordDelegatingMetaClass.java:50)
	at TC_As a public user, Upload PC Zip Compressed Archive File.run(TC_As a public user, Upload PC Zip Compressed Archive File:14)
	at com.kms.katalon.core.main.ScriptEngine.run(ScriptEngine.java:194)
	at com.kms.katalon.core.main.ScriptEngine.runScriptAsRawText(ScriptEngine.java:119)
	at com.kms.katalon.core.main.TestCaseExecutor.runScript(TestCaseExecutor.java:394)
	at com.kms.katalon.core.main.TestCaseExecutor.doExecute(TestCaseExecutor.java:385)
	at com.kms.katalon.core.main.TestCaseExecutor.processExecutionPhase(TestCaseExecutor.java:364)
	at com.kms.katalon.core.main.TestCaseExecutor.accessMainPhase(TestCaseExecutor.java:356)
	at com.kms.katalon.core.main.TestCaseExecutor.execute(TestCaseExecutor.java:251)
	at com.kms.katalon.core.main.TestSuiteExecutor.accessTestCaseMainPhase(TestSuiteExecutor.java:203)
	at com.kms.katalon.core.main.TestSuiteExecutor.accessTestSuiteMainPhase(TestSuiteExecutor.java:152)
	at com.kms.katalon.core.main.TestSuiteExecutor.execute(TestSuiteExecutor.java:95)
	at com.kms.katalon.core.main.TestCaseMain.startTestSuite(TestCaseMain.java:157)
	at com.kms.katalon.core.main.TestCaseMain$startTestSuite$0.call(Unknown Source)
	at TempTestSuite1613734510007.run(TempTestSuite1613734510007.groovy:39)
Caused by: com.kms.katalon.core.exception.StepFailedException: Text 'Your submission was successful
The analysis results will be delivered to you via email' is not present on page 
	at com.kms.katalon.core.webui.keyword.internal.WebUIKeywordMain.stepFailed(WebUIKeywordMain.groovy:64)
	at com.kms.katalon.core.webui.keyword.builtin.VerifyTextPresentKeyword$_verifyTextPresent_closure1.doCall(VerifyTextPresentKeyword.groovy:79)
	at com.kms.katalon.core.webui.keyword.builtin.VerifyTextPresentKeyword$_verifyTextPresent_closure1.call(VerifyTextPresentKeyword.groovy)
	at com.kms.katalon.core.webui.keyword.internal.WebUIKeywordMain.runKeyword(WebUIKeywordMain.groovy:20)
	... 22 more]]></system-out>
      <system-err><![CDATA[2021-02-19 17:27:51 - [TEST_SUITE][FAILED] - PublicUser_UploadFiles: Test Cases/UploadDiffFiles_PublicUser/TC_As a public user, Upload PC Zip Compressed Archive File FAILED.
Reason:
com.kms.katalon.core.exception.StepFailedException: Unable to verify text 'Your submission was successful
The analysis results will be delivered to you via email' is present 
	at com.kms.katalon.core.webui.keyword.internal.WebUIKeywordMain.stepFailed(WebUIKeywordMain.groovy:64)
	at com.kms.katalon.core.webui.keyword.internal.WebUIKeywordMain.runKeyword(WebUIKeywordMain.groovy:26)
	at com.kms.katalon.core.webui.keyword.builtin.VerifyTextPresentKeyword.verifyTextPresent(VerifyTextPresentKeyword.groovy:83)
	at com.kms.katalon.core.webui.keyword.builtin.VerifyTextPresentKeyword.execute(VerifyTextPresentKeyword.groovy:68)
	at com.kms.katalon.core.keyword.internal.KeywordExecutor.executeKeywordForPlatform(KeywordExecutor.groovy:73)
	at com.kms.katalon.core.webui.keyword.WebUiBuiltInKeywords.verifyTextPresent(WebUiBuiltInKeywords.groovy:1720)
	at com.kms.katalon.core.webui.keyword.WebUiBuiltInKeywords$verifyTextPresent$3.call(Unknown Source)
	at customKeywords.commanFunctions.uploadFileOfPublicUser(commanFunctions.groovy:668)
	at customKeywords.commanFunctions.invokeMethod(commanFunctions.groovy)
	at com.kms.katalon.core.main.CustomKeywordDelegatingMetaClass.invokeStaticMethod(CustomKeywordDelegatingMetaClass.java:50)
	at TC_As a public user, Upload PC Zip Compressed Archive File.run(TC_As a public user, Upload PC Zip Compressed Archive File:14)
	at com.kms.katalon.core.main.ScriptEngine.run(ScriptEngine.java:194)
	at com.kms.katalon.core.main.ScriptEngine.runScriptAsRawText(ScriptEngine.java:119)
	at com.kms.katalon.core.main.TestCaseExecutor.runScript(TestCaseExecutor.java:394)
	at com.kms.katalon.core.main.TestCaseExecutor.doExecute(TestCaseExecutor.java:385)
	at com.kms.katalon.core.main.TestCaseExecutor.processExecutionPhase(TestCaseExecutor.java:364)
	at com.kms.katalon.core.main.TestCaseExecutor.accessMainPhase(TestCaseExecutor.java:356)
	at com.kms.katalon.core.main.TestCaseExecutor.execute(TestCaseExecutor.java:251)
	at com.kms.katalon.core.main.TestSuiteExecutor.accessTestCaseMainPhase(TestSuiteExecutor.java:203)
	at com.kms.katalon.core.main.TestSuiteExecutor.accessTestSuiteMainPhase(TestSuiteExecutor.java:152)
	at com.kms.katalon.core.main.TestSuiteExecutor.execute(TestSuiteExecutor.java:95)
	at com.kms.katalon.core.main.TestCaseMain.startTestSuite(TestCaseMain.java:157)
	at com.kms.katalon.core.main.TestCaseMain$startTestSuite$0.call(Unknown Source)
	at TempTestSuite1613734510007.run(TempTestSuite1613734510007.groovy:39)
Caused by: com.kms.katalon.core.exception.StepFailedException: Text 'Your submission was successful
The analysis results will be delivered to you via email' is not present on page 
	at com.kms.katalon.core.webui.keyword.internal.WebUIKeywordMain.stepFailed(WebUIKeywordMain.groovy:64)
	at com.kms.katalon.core.webui.keyword.builtin.VerifyTextPresentKeyword$_verifyTextPresent_closure1.doCall(VerifyTextPresentKeyword.groovy:79)
	at com.kms.katalon.core.webui.keyword.builtin.VerifyTextPresentKeyword$_verifyTextPresent_closure1.call(VerifyTextPresentKeyword.groovy)
	at com.kms.katalon.core.webui.keyword.internal.WebUIKeywordMain.runKeyword(WebUIKeywordMain.groovy:20)
	... 22 more]]></system-err>
   </testsuite>
</testsuites>
