<?xml version="1.0" encoding="UTF-8"?>
<testsuites name="Login_Suite" time="429.824" tests="8" failures="8" skips="0" errors="0">
   <testsuite name="Login_Suite" tests="8" failures="8" errors="0" time="429.824" skips="0" timestamp="2021-02-19 19:34:25" hostname="ashok - OMTPGCN1132568L" id="Test Suites/LogIn_RigisterUserAndForgotPwd_Module/Login_Suite">
      <properties>
         <property name="deviceName" value=""/>
         <property name="devicePlatform" value=""/>
         <property name="logFolder" value="E:\\Inspect\\15022021\\SiteInspectAutomation\\Reports\\20210219_184338\\LogIn_RigisterUserAndForgotPwd_Module\\Login_Suite\\20210219_184346"/>
         <property name="logFiles" value="E:\\Inspect\\15022021\\SiteInspectAutomation\\Reports\\20210219_184338\\LogIn_RigisterUserAndForgotPwd_Module\\Login_Suite\\20210219_184346\\execution0.log"/>
         <property name="attachments" value=""/>
         <property name="hostName" value="ashok - OMTPGCN1132568L"/>
         <property name="os" value="Windows 10 64bit"/>
         <property name="katalonVersion" value="7.8.2.208"/>
         <property name="browser" value="Firefox 85.0"/>
         <property name="hostAddress" value="192.168.0.102"/>
         <property name="sessionId" value="62fed636-1240-4fbd-a10b-625941ce388c"/>
         <property name="seleniumVersion" value="3.141.59"/>
         <property name="proxyInformation" value="ProxyInformation { proxyOption=NO_PROXY, proxyServerType=HTTP, username=, password=********, proxyServerAddress=, proxyServerPort=0, executionList=&quot;&quot;, isApplyToDesiredCapabilities=true }"/>
         <property name="platform" value="Windows 10"/>
      </properties>
      <testcase name="Test Cases/TC_Login_RegisterUserAndForgotYourPassword/BasicTCs/CSP-T74_1.0_As a User, I want to verify that system send me a forget my password link when I request" time="57.477" classname="Test Cases/TC_Login_RegisterUserAndForgotYourPassword/BasicTCs/CSP-T74_1.0_As a User, I want to verify that system send me a forget my password link when I request" status="FAILED">
         <failure type="FAILED" message="Test Cases/TC_Login_RegisterUserAndForgotYourPassword/BasicTCs/CSP-T74_1.0_As a User, I want to verify that system send me a forget my password link when I request FAILED.
Reason:
com.kms.katalon.core.exception.StepFailedException: Unable to open browser with url: 'https://Inspect.Stage.site.sa'
	at com.kms.katalon.core.webui.keyword.internal.WebUIKeywordMain.stepFailed(WebUIKeywordMain.groovy:64)
	at com.kms.katalon.core.webui.keyword.internal.WebUIKeywordMain.runKeyword(WebUIKeywordMain.groovy:26)
	at com.kms.katalon.core.webui.keyword.builtin.OpenBrowserKeyword.openBrowser(OpenBrowserKeyword.groovy:81)
	at com.kms.katalon.core.webui.keyword.builtin.OpenBrowserKeyword.execute(OpenBrowserKeyword.groovy:67)
	at com.kms.katalon.core.keyword.internal.KeywordExecutor.executeKeywordForPlatform(KeywordExecutor.groovy:73)
	at com.kms.katalon.core.webui.keyword.WebUiBuiltInKeywords.openBrowser(WebUiBuiltInKeywords.groovy:61)
	at com.kms.katalon.core.webui.keyword.WebUiBuiltInKeywords$openBrowser.call(Unknown Source)
	at customKeywords.commanFunctions.openBrowser(commanFunctions.groovy:47)
	at customKeywords.commanFunctions.invokeMethod(commanFunctions.groovy)
	at com.kms.katalon.core.main.CustomKeywordDelegatingMetaClass.invokeStaticMethod(CustomKeywordDelegatingMetaClass.java:50)
	at CSP-T74_1.0_As a User, I want to verify that system send me a forget my password link when I request.run(CSP-T74_1.0_As a User, I want to verify that system send me a forget my password link when I request:22)
	at com.kms.katalon.core.main.ScriptEngine.run(ScriptEngine.java:194)
	at com.kms.katalon.core.main.ScriptEngine.runScriptAsRawText(ScriptEngine.java:119)
	at com.kms.katalon.core.main.TestCaseExecutor.runScript(TestCaseExecutor.java:394)
	at com.kms.katalon.core.main.TestCaseExecutor.doExecute(TestCaseExecutor.java:385)
	at com.kms.katalon.core.main.TestCaseExecutor.processExecutionPhase(TestCaseExecutor.java:364)
	at com.kms.katalon.core.main.TestCaseExecutor.accessMainPhase(TestCaseExecutor.java:356)
	at com.kms.katalon.core.main.TestCaseExecutor.execute(TestCaseExecutor.java:251)
	at com.kms.katalon.core.main.TestSuiteExecutor.accessTestCaseMainPhase(TestSuiteExecutor.java:203)
	at com.kms.katalon.core.main.TestSuiteExecutor.accessTestSuiteMainPhase(TestSuiteExecutor.java:152)
	at com.kms.katalon.core.main.TestSuiteExecutor.execute(TestSuiteExecutor.java:95)
	at com.kms.katalon.core.main.TestCaseMain.startTestSuite(TestCaseMain.java:157)
	at com.kms.katalon.core.main.TestCaseMain$startTestSuite$0.call(Unknown Source)
	at TempTestSuite1613740426765.run(TempTestSuite1613740426765.groovy:39)
Caused by: org.openqa.selenium.WebDriverException: Reached error page: about:neterror?e=netTimeout&amp;u=https%3A//inspect.stage.site.sa/&amp;c=UTF-8&amp;d=The%20server%20at%20inspect.stage.site.sa%20is%20taking%20too%20long%20to%20respond.
Build info: version: '3.141.59', revision: 'e82be7d358', time: '2018-11-14T08:25:53'
System info: host: 'OMTPGCN1132568L', ip: '192.168.0.102', os.name: 'Windows 10', os.arch: 'amd64', os.version: '10.0', java.version: '1.8.0_181'
Driver info: com.kms.katalon.core.webui.driver.firefox.CGeckoDriver
Capabilities {acceptInsecureCerts: true, browserName: firefox, browserVersion: 85.0.2, javascriptEnabled: true, moz:accessibilityChecks: false, moz:buildID: 20210208133944, moz:geckodriverVersion: 0.23.0, moz:headless: false, moz:processID: 3236, moz:profile: C:\Users\ashok\AppData\Loca..., moz:shutdownTimeout: 60000, moz:useNonSpecCompliantPointerOrigin: false, moz:webdriverClick: true, pageLoadStrategy: normal, platform: WINDOWS, platformName: WINDOWS, platformVersion: 10.0, proxy: Proxy(direct), rotatable: false, setWindowRect: true, strictFileInteractability: false, timeouts: {implicit: 0, pageLoad: 300000, script: 30000}, unhandledPromptBehavior: dismiss and notify}
Session ID: 98467756-7ddb-4e38-8094-d8649338e00d
	at org.openqa.selenium.remote.http.W3CHttpResponseCodec.createException(W3CHttpResponseCodec.java:187)
	at org.openqa.selenium.remote.http.W3CHttpResponseCodec.decode(W3CHttpResponseCodec.java:122)
	at org.openqa.selenium.remote.http.W3CHttpResponseCodec.decode(W3CHttpResponseCodec.java:49)
	at org.openqa.selenium.remote.HttpCommandExecutor.execute(HttpCommandExecutor.java:158)
	at org.openqa.selenium.remote.service.DriverCommandExecutor.execute(DriverCommandExecutor.java:83)
	at org.openqa.selenium.remote.RemoteWebDriver.execute(RemoteWebDriver.java:552)
	at com.kms.katalon.selenium.driver.CFirefoxDriver.execute(CFirefoxDriver.java:27)
	at org.openqa.selenium.remote.RemoteWebDriver.get(RemoteWebDriver.java:277)
	at org.openqa.selenium.support.events.EventFiringWebDriver.lambda$new$1(EventFiringWebDriver.java:105)
	at com.sun.proxy.$Proxy11.get(Unknown Source)
	at org.openqa.selenium.support.events.EventFiringWebDriver.get(EventFiringWebDriver.java:165)
	at com.kms.katalon.core.webui.keyword.builtin.OpenBrowserKeyword$_openBrowser_closure1.doCall(OpenBrowserKeyword.groovy:78)
	at com.kms.katalon.core.webui.keyword.builtin.OpenBrowserKeyword$_openBrowser_closure1.call(OpenBrowserKeyword.groovy)
	at com.kms.katalon.core.webui.keyword.internal.WebUIKeywordMain.runKeyword(WebUIKeywordMain.groovy:20)
	... 22 more
"/>
         <system-out><![CDATA[2021-02-19 19:34:28 - [TEST_CASE][FAILED] - Test Cases/TC_Login_RegisterUserAndForgotYourPassword/BasicTCs/CSP-T74_1.0_As a User, I want to verify that system send me a forget my password link when I request: Test Cases/TC_Login_RegisterUserAndForgotYourPassword/BasicTCs/CSP-T74_1.0_As a User, I want to verify that system send me a forget my password link when I request FAILED.
Reason:
com.kms.katalon.core.exception.StepFailedException: Unable to open browser with url: 'https://Inspect.Stage.site.sa'
	at com.kms.katalon.core.webui.keyword.internal.WebUIKeywordMain.stepFailed(WebUIKeywordMain.groovy:64)
	at com.kms.katalon.core.webui.keyword.internal.WebUIKeywordMain.runKeyword(WebUIKeywordMain.groovy:26)
	at com.kms.katalon.core.webui.keyword.builtin.OpenBrowserKeyword.openBrowser(OpenBrowserKeyword.groovy:81)
	at com.kms.katalon.core.webui.keyword.builtin.OpenBrowserKeyword.execute(OpenBrowserKeyword.groovy:67)
	at com.kms.katalon.core.keyword.internal.KeywordExecutor.executeKeywordForPlatform(KeywordExecutor.groovy:73)
	at com.kms.katalon.core.webui.keyword.WebUiBuiltInKeywords.openBrowser(WebUiBuiltInKeywords.groovy:61)
	at com.kms.katalon.core.webui.keyword.WebUiBuiltInKeywords$openBrowser.call(Unknown Source)
	at customKeywords.commanFunctions.openBrowser(commanFunctions.groovy:47)
	at customKeywords.commanFunctions.invokeMethod(commanFunctions.groovy)
	at com.kms.katalon.core.main.CustomKeywordDelegatingMetaClass.invokeStaticMethod(CustomKeywordDelegatingMetaClass.java:50)
	at CSP-T74_1.0_As a User, I want to verify that system send me a forget my password link when I request.run(CSP-T74_1.0_As a User, I want to verify that system send me a forget my password link when I request:22)
	at com.kms.katalon.core.main.ScriptEngine.run(ScriptEngine.java:194)
	at com.kms.katalon.core.main.ScriptEngine.runScriptAsRawText(ScriptEngine.java:119)
	at com.kms.katalon.core.main.TestCaseExecutor.runScript(TestCaseExecutor.java:394)
	at com.kms.katalon.core.main.TestCaseExecutor.doExecute(TestCaseExecutor.java:385)
	at com.kms.katalon.core.main.TestCaseExecutor.processExecutionPhase(TestCaseExecutor.java:364)
	at com.kms.katalon.core.main.TestCaseExecutor.accessMainPhase(TestCaseExecutor.java:356)
	at com.kms.katalon.core.main.TestCaseExecutor.execute(TestCaseExecutor.java:251)
	at com.kms.katalon.core.main.TestSuiteExecutor.accessTestCaseMainPhase(TestSuiteExecutor.java:203)
	at com.kms.katalon.core.main.TestSuiteExecutor.accessTestSuiteMainPhase(TestSuiteExecutor.java:152)
	at com.kms.katalon.core.main.TestSuiteExecutor.execute(TestSuiteExecutor.java:95)
	at com.kms.katalon.core.main.TestCaseMain.startTestSuite(TestCaseMain.java:157)
	at com.kms.katalon.core.main.TestCaseMain$startTestSuite$0.call(Unknown Source)
	at TempTestSuite1613740426765.run(TempTestSuite1613740426765.groovy:39)
Caused by: org.openqa.selenium.WebDriverException: Reached error page: about:neterror?e=netTimeout&u=https%3A//inspect.stage.site.sa/&c=UTF-8&d=The%20server%20at%20inspect.stage.site.sa%20is%20taking%20too%20long%20to%20respond.
Build info: version: '3.141.59', revision: 'e82be7d358', time: '2018-11-14T08:25:53'
System info: host: 'OMTPGCN1132568L', ip: '192.168.0.102', os.name: 'Windows 10', os.arch: 'amd64', os.version: '10.0', java.version: '1.8.0_181'
Driver info: com.kms.katalon.core.webui.driver.firefox.CGeckoDriver
Capabilities {acceptInsecureCerts: true, browserName: firefox, browserVersion: 85.0.2, javascriptEnabled: true, moz:accessibilityChecks: false, moz:buildID: 20210208133944, moz:geckodriverVersion: 0.23.0, moz:headless: false, moz:processID: 3236, moz:profile: C:\Users\ashok\AppData\Loca..., moz:shutdownTimeout: 60000, moz:useNonSpecCompliantPointerOrigin: false, moz:webdriverClick: true, pageLoadStrategy: normal, platform: WINDOWS, platformName: WINDOWS, platformVersion: 10.0, proxy: Proxy(direct), rotatable: false, setWindowRect: true, strictFileInteractability: false, timeouts: {implicit: 0, pageLoad: 300000, script: 30000}, unhandledPromptBehavior: dismiss and notify}
Session ID: 98467756-7ddb-4e38-8094-d8649338e00d
	at org.openqa.selenium.remote.http.W3CHttpResponseCodec.createException(W3CHttpResponseCodec.java:187)
	at org.openqa.selenium.remote.http.W3CHttpResponseCodec.decode(W3CHttpResponseCodec.java:122)
	at org.openqa.selenium.remote.http.W3CHttpResponseCodec.decode(W3CHttpResponseCodec.java:49)
	at org.openqa.selenium.remote.HttpCommandExecutor.execute(HttpCommandExecutor.java:158)
	at org.openqa.selenium.remote.service.DriverCommandExecutor.execute(DriverCommandExecutor.java:83)
	at org.openqa.selenium.remote.RemoteWebDriver.execute(RemoteWebDriver.java:552)
	at com.kms.katalon.selenium.driver.CFirefoxDriver.execute(CFirefoxDriver.java:27)
	at org.openqa.selenium.remote.RemoteWebDriver.get(RemoteWebDriver.java:277)
	at org.openqa.selenium.support.events.EventFiringWebDriver.lambda$new$1(EventFiringWebDriver.java:105)
	at com.sun.proxy.$Proxy11.get(Unknown Source)
	at org.openqa.selenium.support.events.EventFiringWebDriver.get(EventFiringWebDriver.java:165)
	at com.kms.katalon.core.webui.keyword.builtin.OpenBrowserKeyword$_openBrowser_closure1.doCall(OpenBrowserKeyword.groovy:78)
	at com.kms.katalon.core.webui.keyword.builtin.OpenBrowserKeyword$_openBrowser_closure1.call(OpenBrowserKeyword.groovy)
	at com.kms.katalon.core.webui.keyword.internal.WebUIKeywordMain.runKeyword(WebUIKeywordMain.groovy:20)
	... 22 more


2021-02-19 19:34:29 - [TEST_STEP][PASSED] - excelTestData = findTestData("Data Files/TestData/InspectTestData"): null

2021-02-19 19:34:30 - [TEST_STEP][PASSED] - validationMessage = excelTestData.getValue(2, 8): null

2021-02-19 19:34:30 - [TEST_STEP][PASSED] - obj = findTestObject("LoginAndRigisterUser/LoginLink"): null

2021-02-19 19:34:30 - [TEST_STEP][PASSED] - forgotPwd = findTestObject("Object Repository/LoginAndRigisterUser/ForgotPwd"): null

2021-02-19 19:34:30 - [TEST_STEP][PASSED] - ForgotPwdSubmitBtn = findTestObject("Object Repository/LoginAndRigisterUser/ForgotPwdSubmitBtn"): null

2021-02-19 19:34:30 - [TEST_STEP][FAILED] - customKeywords.commanFunctions.openBrowser(): Unable to open browser with url: 'https://Inspect.Stage.site.sa'

2021-02-19 19:34:32 - [MESSAGE][INFO] - Starting 'Firefox' driver

2021-02-19 19:34:32 - [MESSAGE][INFO] - Action delay is set to 0 milliseconds

2021-02-19 19:35:23 - [MESSAGE][FAILED] - Unable to open browser with url: 'https://Inspect.Stage.site.sa' (Root cause: com.kms.katalon.core.exception.StepFailedException: Unable to open browser with url: 'https://Inspect.Stage.site.sa'
	at com.kms.katalon.core.webui.keyword.internal.WebUIKeywordMain.stepFailed(WebUIKeywordMain.groovy:64)
	at com.kms.katalon.core.webui.keyword.internal.WebUIKeywordMain.runKeyword(WebUIKeywordMain.groovy:26)
	at com.kms.katalon.core.webui.keyword.builtin.OpenBrowserKeyword.openBrowser(OpenBrowserKeyword.groovy:81)
	at com.kms.katalon.core.webui.keyword.builtin.OpenBrowserKeyword.execute(OpenBrowserKeyword.groovy:67)
	at com.kms.katalon.core.keyword.internal.KeywordExecutor.executeKeywordForPlatform(KeywordExecutor.groovy:73)
	at com.kms.katalon.core.webui.keyword.WebUiBuiltInKeywords.openBrowser(WebUiBuiltInKeywords.groovy:61)
	at com.kms.katalon.core.webui.keyword.WebUiBuiltInKeywords$openBrowser.call(Unknown Source)
	at customKeywords.commanFunctions.openBrowser(commanFunctions.groovy:47)
	at customKeywords.commanFunctions.invokeMethod(commanFunctions.groovy)
	at com.kms.katalon.core.main.CustomKeywordDelegatingMetaClass.invokeStaticMethod(CustomKeywordDelegatingMetaClass.java:50)
	at CSP-T74_1.0_As a User, I want to verify that system send me a forget my password link when I request.run(CSP-T74_1.0_As a User, I want to verify that system send me a forget my password link when I request:22)
	at com.kms.katalon.core.main.ScriptEngine.run(ScriptEngine.java:194)
	at com.kms.katalon.core.main.ScriptEngine.runScriptAsRawText(ScriptEngine.java:119)
	at com.kms.katalon.core.main.TestCaseExecutor.runScript(TestCaseExecutor.java:394)
	at com.kms.katalon.core.main.TestCaseExecutor.doExecute(TestCaseExecutor.java:385)
	at com.kms.katalon.core.main.TestCaseExecutor.processExecutionPhase(TestCaseExecutor.java:364)
	at com.kms.katalon.core.main.TestCaseExecutor.accessMainPhase(TestCaseExecutor.java:356)
	at com.kms.katalon.core.main.TestCaseExecutor.execute(TestCaseExecutor.java:251)
	at com.kms.katalon.core.main.TestSuiteExecutor.accessTestCaseMainPhase(TestSuiteExecutor.java:203)
	at com.kms.katalon.core.main.TestSuiteExecutor.accessTestSuiteMainPhase(TestSuiteExecutor.java:152)
	at com.kms.katalon.core.main.TestSuiteExecutor.execute(TestSuiteExecutor.java:95)
	at com.kms.katalon.core.main.TestCaseMain.startTestSuite(TestCaseMain.java:157)
	at com.kms.katalon.core.main.TestCaseMain$startTestSuite$0.call(Unknown Source)
	at TempTestSuite1613740426765.run(TempTestSuite1613740426765.groovy:39)
Caused by: org.openqa.selenium.WebDriverException: Reached error page: about:neterror?e=netTimeout&u=https%3A//inspect.stage.site.sa/&c=UTF-8&d=The%20server%20at%20inspect.stage.site.sa%20is%20taking%20too%20long%20to%20respond.
Build info: version: '3.141.59', revision: 'e82be7d358', time: '2018-11-14T08:25:53'
System info: host: 'OMTPGCN1132568L', ip: '192.168.0.102', os.name: 'Windows 10', os.arch: 'amd64', os.version: '10.0', java.version: '1.8.0_181'
Driver info: com.kms.katalon.core.webui.driver.firefox.CGeckoDriver
Capabilities {acceptInsecureCerts: true, browserName: firefox, browserVersion: 85.0.2, javascriptEnabled: true, moz:accessibilityChecks: false, moz:buildID: 20210208133944, moz:geckodriverVersion: 0.23.0, moz:headless: false, moz:processID: 3236, moz:profile: C:\Users\ashok\AppData\Loca..., moz:shutdownTimeout: 60000, moz:useNonSpecCompliantPointerOrigin: false, moz:webdriverClick: true, pageLoadStrategy: normal, platform: WINDOWS, platformName: WINDOWS, platformVersion: 10.0, proxy: Proxy(direct), rotatable: false, setWindowRect: true, strictFileInteractability: false, timeouts: {implicit: 0, pageLoad: 300000, script: 30000}, unhandledPromptBehavior: dismiss and notify}
Session ID: 98467756-7ddb-4e38-8094-d8649338e00d
	at org.openqa.selenium.remote.http.W3CHttpResponseCodec.createException(W3CHttpResponseCodec.java:187)
	at org.openqa.selenium.remote.http.W3CHttpResponseCodec.decode(W3CHttpResponseCodec.java:122)
	at org.openqa.selenium.remote.http.W3CHttpResponseCodec.decode(W3CHttpResponseCodec.java:49)
	at org.openqa.selenium.remote.HttpCommandExecutor.execute(HttpCommandExecutor.java:158)
	at org.openqa.selenium.remote.service.DriverCommandExecutor.execute(DriverCommandExecutor.java:83)
	at org.openqa.selenium.remote.RemoteWebDriver.execute(RemoteWebDriver.java:552)
	at com.kms.katalon.selenium.driver.CFirefoxDriver.execute(CFirefoxDriver.java:27)
	at org.openqa.selenium.remote.RemoteWebDriver.get(RemoteWebDriver.java:277)
	at org.openqa.selenium.support.events.EventFiringWebDriver.lambda$new$1(EventFiringWebDriver.java:105)
	at com.sun.proxy.$Proxy11.get(Unknown Source)
	at org.openqa.selenium.support.events.EventFiringWebDriver.get(EventFiringWebDriver.java:165)
	at com.kms.katalon.core.webui.keyword.builtin.OpenBrowserKeyword$_openBrowser_closure1.doCall(OpenBrowserKeyword.groovy:78)
	at com.kms.katalon.core.webui.keyword.builtin.OpenBrowserKeyword$_openBrowser_closure1.call(OpenBrowserKeyword.groovy)
	at com.kms.katalon.core.webui.keyword.internal.WebUIKeywordMain.runKeyword(WebUIKeywordMain.groovy:20)
	at com.kms.katalon.core.webui.keyword.builtin.OpenBrowserKeyword.openBrowser(OpenBrowserKeyword.groovy:81)
	at com.kms.katalon.core.webui.keyword.builtin.OpenBrowserKeyword.execute(OpenBrowserKeyword.groovy:67)
	at com.kms.katalon.core.keyword.internal.KeywordExecutor.executeKeywordForPlatform(KeywordExecutor.groovy:73)
	at com.kms.katalon.core.webui.keyword.WebUiBuiltInKeywords.openBrowser(WebUiBuiltInKeywords.groovy:61)
	at com.kms.katalon.core.webui.keyword.WebUiBuiltInKeywords$openBrowser.call(Unknown Source)
	at customKeywords.commanFunctions.openBrowser(commanFunctions.groovy:47)
	at customKeywords.commanFunctions.invokeMethod(commanFunctions.groovy)
	at com.kms.katalon.core.main.CustomKeywordDelegatingMetaClass.invokeStaticMethod(CustomKeywordDelegatingMetaClass.java:50)
	at Script1613217918585.run(Script1613217918585.groovy:22)
	... 13 more
)

2021-02-19 19:35:23 - [MESSAGE][FAILED] - Unable to open browser with url: 'https://Inspect.Stage.site.sa'

2021-02-19 19:35:23 - [TEST_STEP][PASSED] - Start tear down : tearDownMethodIfFailed: Method 'tearDownMethodIfFailed' complete successfully

2021-02-19 19:35:23 - [TEST_STEP][PASSED] - customKeywords.commanFunctions.onlyCloseBrowser(): customKeywords.commanFunctions.onlyCloseBrowser is PASSED

2021-02-19 19:35:26 - [MESSAGE][PASSED] - Browser is closed

2021-02-19 19:35:26 - [MESSAGE][PASSED] - customKeywords.commanFunctions.onlyCloseBrowser is PASSED

2021-02-19 19:35:26 - [TEST_STEP][PASSED] - logInfo("[--------This is tearDownIfFailed method------]"): [--------This is tearDownIfFailed method------]

2021-02-19 19:35:26 - [MESSAGE][INFO] - [--------This is tearDownIfFailed method------]

2021-02-19 19:35:26 - [MESSAGE][PASSED] - Method 'tearDownMethodIfFailed' complete successfully]]></system-out>
         <system-err><![CDATA[2021-02-19 19:34:28 - [TEST_CASE][FAILED] - Test Cases/TC_Login_RegisterUserAndForgotYourPassword/BasicTCs/CSP-T74_1.0_As a User, I want to verify that system send me a forget my password link when I request: Test Cases/TC_Login_RegisterUserAndForgotYourPassword/BasicTCs/CSP-T74_1.0_As a User, I want to verify that system send me a forget my password link when I request FAILED.
Reason:
com.kms.katalon.core.exception.StepFailedException: Unable to open browser with url: 'https://Inspect.Stage.site.sa'
	at com.kms.katalon.core.webui.keyword.internal.WebUIKeywordMain.stepFailed(WebUIKeywordMain.groovy:64)
	at com.kms.katalon.core.webui.keyword.internal.WebUIKeywordMain.runKeyword(WebUIKeywordMain.groovy:26)
	at com.kms.katalon.core.webui.keyword.builtin.OpenBrowserKeyword.openBrowser(OpenBrowserKeyword.groovy:81)
	at com.kms.katalon.core.webui.keyword.builtin.OpenBrowserKeyword.execute(OpenBrowserKeyword.groovy:67)
	at com.kms.katalon.core.keyword.internal.KeywordExecutor.executeKeywordForPlatform(KeywordExecutor.groovy:73)
	at com.kms.katalon.core.webui.keyword.WebUiBuiltInKeywords.openBrowser(WebUiBuiltInKeywords.groovy:61)
	at com.kms.katalon.core.webui.keyword.WebUiBuiltInKeywords$openBrowser.call(Unknown Source)
	at customKeywords.commanFunctions.openBrowser(commanFunctions.groovy:47)
	at customKeywords.commanFunctions.invokeMethod(commanFunctions.groovy)
	at com.kms.katalon.core.main.CustomKeywordDelegatingMetaClass.invokeStaticMethod(CustomKeywordDelegatingMetaClass.java:50)
	at CSP-T74_1.0_As a User, I want to verify that system send me a forget my password link when I request.run(CSP-T74_1.0_As a User, I want to verify that system send me a forget my password link when I request:22)
	at com.kms.katalon.core.main.ScriptEngine.run(ScriptEngine.java:194)
	at com.kms.katalon.core.main.ScriptEngine.runScriptAsRawText(ScriptEngine.java:119)
	at com.kms.katalon.core.main.TestCaseExecutor.runScript(TestCaseExecutor.java:394)
	at com.kms.katalon.core.main.TestCaseExecutor.doExecute(TestCaseExecutor.java:385)
	at com.kms.katalon.core.main.TestCaseExecutor.processExecutionPhase(TestCaseExecutor.java:364)
	at com.kms.katalon.core.main.TestCaseExecutor.accessMainPhase(TestCaseExecutor.java:356)
	at com.kms.katalon.core.main.TestCaseExecutor.execute(TestCaseExecutor.java:251)
	at com.kms.katalon.core.main.TestSuiteExecutor.accessTestCaseMainPhase(TestSuiteExecutor.java:203)
	at com.kms.katalon.core.main.TestSuiteExecutor.accessTestSuiteMainPhase(TestSuiteExecutor.java:152)
	at com.kms.katalon.core.main.TestSuiteExecutor.execute(TestSuiteExecutor.java:95)
	at com.kms.katalon.core.main.TestCaseMain.startTestSuite(TestCaseMain.java:157)
	at com.kms.katalon.core.main.TestCaseMain$startTestSuite$0.call(Unknown Source)
	at TempTestSuite1613740426765.run(TempTestSuite1613740426765.groovy:39)
Caused by: org.openqa.selenium.WebDriverException: Reached error page: about:neterror?e=netTimeout&u=https%3A//inspect.stage.site.sa/&c=UTF-8&d=The%20server%20at%20inspect.stage.site.sa%20is%20taking%20too%20long%20to%20respond.
Build info: version: '3.141.59', revision: 'e82be7d358', time: '2018-11-14T08:25:53'
System info: host: 'OMTPGCN1132568L', ip: '192.168.0.102', os.name: 'Windows 10', os.arch: 'amd64', os.version: '10.0', java.version: '1.8.0_181'
Driver info: com.kms.katalon.core.webui.driver.firefox.CGeckoDriver
Capabilities {acceptInsecureCerts: true, browserName: firefox, browserVersion: 85.0.2, javascriptEnabled: true, moz:accessibilityChecks: false, moz:buildID: 20210208133944, moz:geckodriverVersion: 0.23.0, moz:headless: false, moz:processID: 3236, moz:profile: C:\Users\ashok\AppData\Loca..., moz:shutdownTimeout: 60000, moz:useNonSpecCompliantPointerOrigin: false, moz:webdriverClick: true, pageLoadStrategy: normal, platform: WINDOWS, platformName: WINDOWS, platformVersion: 10.0, proxy: Proxy(direct), rotatable: false, setWindowRect: true, strictFileInteractability: false, timeouts: {implicit: 0, pageLoad: 300000, script: 30000}, unhandledPromptBehavior: dismiss and notify}
Session ID: 98467756-7ddb-4e38-8094-d8649338e00d
	at org.openqa.selenium.remote.http.W3CHttpResponseCodec.createException(W3CHttpResponseCodec.java:187)
	at org.openqa.selenium.remote.http.W3CHttpResponseCodec.decode(W3CHttpResponseCodec.java:122)
	at org.openqa.selenium.remote.http.W3CHttpResponseCodec.decode(W3CHttpResponseCodec.java:49)
	at org.openqa.selenium.remote.HttpCommandExecutor.execute(HttpCommandExecutor.java:158)
	at org.openqa.selenium.remote.service.DriverCommandExecutor.execute(DriverCommandExecutor.java:83)
	at org.openqa.selenium.remote.RemoteWebDriver.execute(RemoteWebDriver.java:552)
	at com.kms.katalon.selenium.driver.CFirefoxDriver.execute(CFirefoxDriver.java:27)
	at org.openqa.selenium.remote.RemoteWebDriver.get(RemoteWebDriver.java:277)
	at org.openqa.selenium.support.events.EventFiringWebDriver.lambda$new$1(EventFiringWebDriver.java:105)
	at com.sun.proxy.$Proxy11.get(Unknown Source)
	at org.openqa.selenium.support.events.EventFiringWebDriver.get(EventFiringWebDriver.java:165)
	at com.kms.katalon.core.webui.keyword.builtin.OpenBrowserKeyword$_openBrowser_closure1.doCall(OpenBrowserKeyword.groovy:78)
	at com.kms.katalon.core.webui.keyword.builtin.OpenBrowserKeyword$_openBrowser_closure1.call(OpenBrowserKeyword.groovy)
	at com.kms.katalon.core.webui.keyword.internal.WebUIKeywordMain.runKeyword(WebUIKeywordMain.groovy:20)
	... 22 more]]></system-err>
      </testcase>
      <testcase name="Test Cases/TC_Login_RegisterUserAndForgotYourPassword/BasicTCs/CSP-T75_1.0_As a User, I want to verify that System detects incorrect user email" time="52.782" classname="Test Cases/TC_Login_RegisterUserAndForgotYourPassword/BasicTCs/CSP-T75_1.0_As a User, I want to verify that System detects incorrect user email" status="FAILED">
         <failure type="FAILED" message="Test Cases/TC_Login_RegisterUserAndForgotYourPassword/BasicTCs/CSP-T75_1.0_As a User, I want to verify that System detects incorrect user email FAILED.
Reason:
com.kms.katalon.core.exception.StepFailedException: Unable to open browser with url: 'https://Inspect.Stage.site.sa'
	at com.kms.katalon.core.webui.keyword.internal.WebUIKeywordMain.stepFailed(WebUIKeywordMain.groovy:64)
	at com.kms.katalon.core.webui.keyword.internal.WebUIKeywordMain.runKeyword(WebUIKeywordMain.groovy:26)
	at com.kms.katalon.core.webui.keyword.builtin.OpenBrowserKeyword.openBrowser(OpenBrowserKeyword.groovy:81)
	at com.kms.katalon.core.webui.keyword.builtin.OpenBrowserKeyword.execute(OpenBrowserKeyword.groovy:67)
	at com.kms.katalon.core.keyword.internal.KeywordExecutor.executeKeywordForPlatform(KeywordExecutor.groovy:73)
	at com.kms.katalon.core.webui.keyword.WebUiBuiltInKeywords.openBrowser(WebUiBuiltInKeywords.groovy:61)
	at com.kms.katalon.core.webui.keyword.WebUiBuiltInKeywords$openBrowser.call(Unknown Source)
	at customKeywords.commanFunctions.openBrowser(commanFunctions.groovy:47)
	at customKeywords.commanFunctions.invokeMethod(commanFunctions.groovy)
	at com.kms.katalon.core.main.CustomKeywordDelegatingMetaClass.invokeStaticMethod(CustomKeywordDelegatingMetaClass.java:50)
	at CSP-T75_1.0_As a User, I want to verify that System detects incorrect user email.run(CSP-T75_1.0_As a User, I want to verify that System detects incorrect user email:22)
	at com.kms.katalon.core.main.ScriptEngine.run(ScriptEngine.java:194)
	at com.kms.katalon.core.main.ScriptEngine.runScriptAsRawText(ScriptEngine.java:119)
	at com.kms.katalon.core.main.TestCaseExecutor.runScript(TestCaseExecutor.java:394)
	at com.kms.katalon.core.main.TestCaseExecutor.doExecute(TestCaseExecutor.java:385)
	at com.kms.katalon.core.main.TestCaseExecutor.processExecutionPhase(TestCaseExecutor.java:364)
	at com.kms.katalon.core.main.TestCaseExecutor.accessMainPhase(TestCaseExecutor.java:356)
	at com.kms.katalon.core.main.TestCaseExecutor.execute(TestCaseExecutor.java:251)
	at com.kms.katalon.core.main.TestSuiteExecutor.accessTestCaseMainPhase(TestSuiteExecutor.java:203)
	at com.kms.katalon.core.main.TestSuiteExecutor.accessTestSuiteMainPhase(TestSuiteExecutor.java:152)
	at com.kms.katalon.core.main.TestSuiteExecutor.execute(TestSuiteExecutor.java:95)
	at com.kms.katalon.core.main.TestCaseMain.startTestSuite(TestCaseMain.java:157)
	at com.kms.katalon.core.main.TestCaseMain$startTestSuite$0.call(Unknown Source)
	at TempTestSuite1613740426765.run(TempTestSuite1613740426765.groovy:39)
Caused by: org.openqa.selenium.WebDriverException: Reached error page: about:neterror?e=netTimeout&amp;u=https%3A//inspect.stage.site.sa/&amp;c=UTF-8&amp;d=The%20server%20at%20inspect.stage.site.sa%20is%20taking%20too%20long%20to%20respond.
Build info: version: '3.141.59', revision: 'e82be7d358', time: '2018-11-14T08:25:53'
System info: host: 'OMTPGCN1132568L', ip: '192.168.0.102', os.name: 'Windows 10', os.arch: 'amd64', os.version: '10.0', java.version: '1.8.0_181'
Driver info: com.kms.katalon.core.webui.driver.firefox.CGeckoDriver
Capabilities {acceptInsecureCerts: true, browserName: firefox, browserVersion: 85.0.2, javascriptEnabled: true, moz:accessibilityChecks: false, moz:buildID: 20210208133944, moz:geckodriverVersion: 0.23.0, moz:headless: false, moz:processID: 8212, moz:profile: C:\Users\ashok\AppData\Loca..., moz:shutdownTimeout: 60000, moz:useNonSpecCompliantPointerOrigin: false, moz:webdriverClick: true, pageLoadStrategy: normal, platform: WINDOWS, platformName: WINDOWS, platformVersion: 10.0, proxy: Proxy(direct), rotatable: false, setWindowRect: true, strictFileInteractability: false, timeouts: {implicit: 0, pageLoad: 300000, script: 30000}, unhandledPromptBehavior: dismiss and notify}
Session ID: aabbc437-1960-4ece-9f89-d7816c033c92
	at org.openqa.selenium.remote.http.W3CHttpResponseCodec.createException(W3CHttpResponseCodec.java:187)
	at org.openqa.selenium.remote.http.W3CHttpResponseCodec.decode(W3CHttpResponseCodec.java:122)
	at org.openqa.selenium.remote.http.W3CHttpResponseCodec.decode(W3CHttpResponseCodec.java:49)
	at org.openqa.selenium.remote.HttpCommandExecutor.execute(HttpCommandExecutor.java:158)
	at org.openqa.selenium.remote.service.DriverCommandExecutor.execute(DriverCommandExecutor.java:83)
	at org.openqa.selenium.remote.RemoteWebDriver.execute(RemoteWebDriver.java:552)
	at com.kms.katalon.selenium.driver.CFirefoxDriver.execute(CFirefoxDriver.java:27)
	at org.openqa.selenium.remote.RemoteWebDriver.get(RemoteWebDriver.java:277)
	at org.openqa.selenium.support.events.EventFiringWebDriver.lambda$new$1(EventFiringWebDriver.java:105)
	at com.sun.proxy.$Proxy11.get(Unknown Source)
	at org.openqa.selenium.support.events.EventFiringWebDriver.get(EventFiringWebDriver.java:165)
	at com.kms.katalon.core.webui.keyword.builtin.OpenBrowserKeyword$_openBrowser_closure1.doCall(OpenBrowserKeyword.groovy:78)
	at com.kms.katalon.core.webui.keyword.builtin.OpenBrowserKeyword$_openBrowser_closure1.call(OpenBrowserKeyword.groovy)
	at com.kms.katalon.core.webui.keyword.internal.WebUIKeywordMain.runKeyword(WebUIKeywordMain.groovy:20)
	... 22 more
"/>
         <system-out><![CDATA[2021-02-19 19:35:26 - [TEST_CASE][FAILED] - Test Cases/TC_Login_RegisterUserAndForgotYourPassword/BasicTCs/CSP-T75_1.0_As a User, I want to verify that System detects incorrect user email: Test Cases/TC_Login_RegisterUserAndForgotYourPassword/BasicTCs/CSP-T75_1.0_As a User, I want to verify that System detects incorrect user email FAILED.
Reason:
com.kms.katalon.core.exception.StepFailedException: Unable to open browser with url: 'https://Inspect.Stage.site.sa'
	at com.kms.katalon.core.webui.keyword.internal.WebUIKeywordMain.stepFailed(WebUIKeywordMain.groovy:64)
	at com.kms.katalon.core.webui.keyword.internal.WebUIKeywordMain.runKeyword(WebUIKeywordMain.groovy:26)
	at com.kms.katalon.core.webui.keyword.builtin.OpenBrowserKeyword.openBrowser(OpenBrowserKeyword.groovy:81)
	at com.kms.katalon.core.webui.keyword.builtin.OpenBrowserKeyword.execute(OpenBrowserKeyword.groovy:67)
	at com.kms.katalon.core.keyword.internal.KeywordExecutor.executeKeywordForPlatform(KeywordExecutor.groovy:73)
	at com.kms.katalon.core.webui.keyword.WebUiBuiltInKeywords.openBrowser(WebUiBuiltInKeywords.groovy:61)
	at com.kms.katalon.core.webui.keyword.WebUiBuiltInKeywords$openBrowser.call(Unknown Source)
	at customKeywords.commanFunctions.openBrowser(commanFunctions.groovy:47)
	at customKeywords.commanFunctions.invokeMethod(commanFunctions.groovy)
	at com.kms.katalon.core.main.CustomKeywordDelegatingMetaClass.invokeStaticMethod(CustomKeywordDelegatingMetaClass.java:50)
	at CSP-T75_1.0_As a User, I want to verify that System detects incorrect user email.run(CSP-T75_1.0_As a User, I want to verify that System detects incorrect user email:22)
	at com.kms.katalon.core.main.ScriptEngine.run(ScriptEngine.java:194)
	at com.kms.katalon.core.main.ScriptEngine.runScriptAsRawText(ScriptEngine.java:119)
	at com.kms.katalon.core.main.TestCaseExecutor.runScript(TestCaseExecutor.java:394)
	at com.kms.katalon.core.main.TestCaseExecutor.doExecute(TestCaseExecutor.java:385)
	at com.kms.katalon.core.main.TestCaseExecutor.processExecutionPhase(TestCaseExecutor.java:364)
	at com.kms.katalon.core.main.TestCaseExecutor.accessMainPhase(TestCaseExecutor.java:356)
	at com.kms.katalon.core.main.TestCaseExecutor.execute(TestCaseExecutor.java:251)
	at com.kms.katalon.core.main.TestSuiteExecutor.accessTestCaseMainPhase(TestSuiteExecutor.java:203)
	at com.kms.katalon.core.main.TestSuiteExecutor.accessTestSuiteMainPhase(TestSuiteExecutor.java:152)
	at com.kms.katalon.core.main.TestSuiteExecutor.execute(TestSuiteExecutor.java:95)
	at com.kms.katalon.core.main.TestCaseMain.startTestSuite(TestCaseMain.java:157)
	at com.kms.katalon.core.main.TestCaseMain$startTestSuite$0.call(Unknown Source)
	at TempTestSuite1613740426765.run(TempTestSuite1613740426765.groovy:39)
Caused by: org.openqa.selenium.WebDriverException: Reached error page: about:neterror?e=netTimeout&u=https%3A//inspect.stage.site.sa/&c=UTF-8&d=The%20server%20at%20inspect.stage.site.sa%20is%20taking%20too%20long%20to%20respond.
Build info: version: '3.141.59', revision: 'e82be7d358', time: '2018-11-14T08:25:53'
System info: host: 'OMTPGCN1132568L', ip: '192.168.0.102', os.name: 'Windows 10', os.arch: 'amd64', os.version: '10.0', java.version: '1.8.0_181'
Driver info: com.kms.katalon.core.webui.driver.firefox.CGeckoDriver
Capabilities {acceptInsecureCerts: true, browserName: firefox, browserVersion: 85.0.2, javascriptEnabled: true, moz:accessibilityChecks: false, moz:buildID: 20210208133944, moz:geckodriverVersion: 0.23.0, moz:headless: false, moz:processID: 8212, moz:profile: C:\Users\ashok\AppData\Loca..., moz:shutdownTimeout: 60000, moz:useNonSpecCompliantPointerOrigin: false, moz:webdriverClick: true, pageLoadStrategy: normal, platform: WINDOWS, platformName: WINDOWS, platformVersion: 10.0, proxy: Proxy(direct), rotatable: false, setWindowRect: true, strictFileInteractability: false, timeouts: {implicit: 0, pageLoad: 300000, script: 30000}, unhandledPromptBehavior: dismiss and notify}
Session ID: aabbc437-1960-4ece-9f89-d7816c033c92
	at org.openqa.selenium.remote.http.W3CHttpResponseCodec.createException(W3CHttpResponseCodec.java:187)
	at org.openqa.selenium.remote.http.W3CHttpResponseCodec.decode(W3CHttpResponseCodec.java:122)
	at org.openqa.selenium.remote.http.W3CHttpResponseCodec.decode(W3CHttpResponseCodec.java:49)
	at org.openqa.selenium.remote.HttpCommandExecutor.execute(HttpCommandExecutor.java:158)
	at org.openqa.selenium.remote.service.DriverCommandExecutor.execute(DriverCommandExecutor.java:83)
	at org.openqa.selenium.remote.RemoteWebDriver.execute(RemoteWebDriver.java:552)
	at com.kms.katalon.selenium.driver.CFirefoxDriver.execute(CFirefoxDriver.java:27)
	at org.openqa.selenium.remote.RemoteWebDriver.get(RemoteWebDriver.java:277)
	at org.openqa.selenium.support.events.EventFiringWebDriver.lambda$new$1(EventFiringWebDriver.java:105)
	at com.sun.proxy.$Proxy11.get(Unknown Source)
	at org.openqa.selenium.support.events.EventFiringWebDriver.get(EventFiringWebDriver.java:165)
	at com.kms.katalon.core.webui.keyword.builtin.OpenBrowserKeyword$_openBrowser_closure1.doCall(OpenBrowserKeyword.groovy:78)
	at com.kms.katalon.core.webui.keyword.builtin.OpenBrowserKeyword$_openBrowser_closure1.call(OpenBrowserKeyword.groovy)
	at com.kms.katalon.core.webui.keyword.internal.WebUIKeywordMain.runKeyword(WebUIKeywordMain.groovy:20)
	... 22 more


2021-02-19 19:35:26 - [TEST_STEP][PASSED] - excelTestData = findTestData("Data Files/TestData/InspectTestData"): null

2021-02-19 19:35:26 - [TEST_STEP][PASSED] - validationMessage = excelTestData.getValue(2, 12): null

2021-02-19 19:35:26 - [TEST_STEP][PASSED] - obj = findTestObject("LoginAndRigisterUser/LoginLink"): null

2021-02-19 19:35:26 - [TEST_STEP][PASSED] - forgotPwd = findTestObject("Object Repository/LoginAndRigisterUser/ForgotPwd"): null

2021-02-19 19:35:26 - [TEST_STEP][PASSED] - ForgotPwdSubmitBtn = findTestObject("Object Repository/LoginAndRigisterUser/ForgotPwdSubmitBtn"): null

2021-02-19 19:35:26 - [TEST_STEP][FAILED] - customKeywords.commanFunctions.openBrowser(): Unable to open browser with url: 'https://Inspect.Stage.site.sa'

2021-02-19 19:35:27 - [MESSAGE][INFO] - Starting 'Firefox' driver

2021-02-19 19:35:27 - [MESSAGE][INFO] - Action delay is set to 0 milliseconds

2021-02-19 19:36:16 - [MESSAGE][FAILED] - Unable to open browser with url: 'https://Inspect.Stage.site.sa' (Root cause: com.kms.katalon.core.exception.StepFailedException: Unable to open browser with url: 'https://Inspect.Stage.site.sa'
	at com.kms.katalon.core.webui.keyword.internal.WebUIKeywordMain.stepFailed(WebUIKeywordMain.groovy:64)
	at com.kms.katalon.core.webui.keyword.internal.WebUIKeywordMain.runKeyword(WebUIKeywordMain.groovy:26)
	at com.kms.katalon.core.webui.keyword.builtin.OpenBrowserKeyword.openBrowser(OpenBrowserKeyword.groovy:81)
	at com.kms.katalon.core.webui.keyword.builtin.OpenBrowserKeyword.execute(OpenBrowserKeyword.groovy:67)
	at com.kms.katalon.core.keyword.internal.KeywordExecutor.executeKeywordForPlatform(KeywordExecutor.groovy:73)
	at com.kms.katalon.core.webui.keyword.WebUiBuiltInKeywords.openBrowser(WebUiBuiltInKeywords.groovy:61)
	at com.kms.katalon.core.webui.keyword.WebUiBuiltInKeywords$openBrowser.call(Unknown Source)
	at customKeywords.commanFunctions.openBrowser(commanFunctions.groovy:47)
	at customKeywords.commanFunctions.invokeMethod(commanFunctions.groovy)
	at com.kms.katalon.core.main.CustomKeywordDelegatingMetaClass.invokeStaticMethod(CustomKeywordDelegatingMetaClass.java:50)
	at CSP-T75_1.0_As a User, I want to verify that System detects incorrect user email.run(CSP-T75_1.0_As a User, I want to verify that System detects incorrect user email:22)
	at com.kms.katalon.core.main.ScriptEngine.run(ScriptEngine.java:194)
	at com.kms.katalon.core.main.ScriptEngine.runScriptAsRawText(ScriptEngine.java:119)
	at com.kms.katalon.core.main.TestCaseExecutor.runScript(TestCaseExecutor.java:394)
	at com.kms.katalon.core.main.TestCaseExecutor.doExecute(TestCaseExecutor.java:385)
	at com.kms.katalon.core.main.TestCaseExecutor.processExecutionPhase(TestCaseExecutor.java:364)
	at com.kms.katalon.core.main.TestCaseExecutor.accessMainPhase(TestCaseExecutor.java:356)
	at com.kms.katalon.core.main.TestCaseExecutor.execute(TestCaseExecutor.java:251)
	at com.kms.katalon.core.main.TestSuiteExecutor.accessTestCaseMainPhase(TestSuiteExecutor.java:203)
	at com.kms.katalon.core.main.TestSuiteExecutor.accessTestSuiteMainPhase(TestSuiteExecutor.java:152)
	at com.kms.katalon.core.main.TestSuiteExecutor.execute(TestSuiteExecutor.java:95)
	at com.kms.katalon.core.main.TestCaseMain.startTestSuite(TestCaseMain.java:157)
	at com.kms.katalon.core.main.TestCaseMain$startTestSuite$0.call(Unknown Source)
	at TempTestSuite1613740426765.run(TempTestSuite1613740426765.groovy:39)
Caused by: org.openqa.selenium.WebDriverException: Reached error page: about:neterror?e=netTimeout&u=https%3A//inspect.stage.site.sa/&c=UTF-8&d=The%20server%20at%20inspect.stage.site.sa%20is%20taking%20too%20long%20to%20respond.
Build info: version: '3.141.59', revision: 'e82be7d358', time: '2018-11-14T08:25:53'
System info: host: 'OMTPGCN1132568L', ip: '192.168.0.102', os.name: 'Windows 10', os.arch: 'amd64', os.version: '10.0', java.version: '1.8.0_181'
Driver info: com.kms.katalon.core.webui.driver.firefox.CGeckoDriver
Capabilities {acceptInsecureCerts: true, browserName: firefox, browserVersion: 85.0.2, javascriptEnabled: true, moz:accessibilityChecks: false, moz:buildID: 20210208133944, moz:geckodriverVersion: 0.23.0, moz:headless: false, moz:processID: 8212, moz:profile: C:\Users\ashok\AppData\Loca..., moz:shutdownTimeout: 60000, moz:useNonSpecCompliantPointerOrigin: false, moz:webdriverClick: true, pageLoadStrategy: normal, platform: WINDOWS, platformName: WINDOWS, platformVersion: 10.0, proxy: Proxy(direct), rotatable: false, setWindowRect: true, strictFileInteractability: false, timeouts: {implicit: 0, pageLoad: 300000, script: 30000}, unhandledPromptBehavior: dismiss and notify}
Session ID: aabbc437-1960-4ece-9f89-d7816c033c92
	at org.openqa.selenium.remote.http.W3CHttpResponseCodec.createException(W3CHttpResponseCodec.java:187)
	at org.openqa.selenium.remote.http.W3CHttpResponseCodec.decode(W3CHttpResponseCodec.java:122)
	at org.openqa.selenium.remote.http.W3CHttpResponseCodec.decode(W3CHttpResponseCodec.java:49)
	at org.openqa.selenium.remote.HttpCommandExecutor.execute(HttpCommandExecutor.java:158)
	at org.openqa.selenium.remote.service.DriverCommandExecutor.execute(DriverCommandExecutor.java:83)
	at org.openqa.selenium.remote.RemoteWebDriver.execute(RemoteWebDriver.java:552)
	at com.kms.katalon.selenium.driver.CFirefoxDriver.execute(CFirefoxDriver.java:27)
	at org.openqa.selenium.remote.RemoteWebDriver.get(RemoteWebDriver.java:277)
	at org.openqa.selenium.support.events.EventFiringWebDriver.lambda$new$1(EventFiringWebDriver.java:105)
	at com.sun.proxy.$Proxy11.get(Unknown Source)
	at org.openqa.selenium.support.events.EventFiringWebDriver.get(EventFiringWebDriver.java:165)
	at com.kms.katalon.core.webui.keyword.builtin.OpenBrowserKeyword$_openBrowser_closure1.doCall(OpenBrowserKeyword.groovy:78)
	at com.kms.katalon.core.webui.keyword.builtin.OpenBrowserKeyword$_openBrowser_closure1.call(OpenBrowserKeyword.groovy)
	at com.kms.katalon.core.webui.keyword.internal.WebUIKeywordMain.runKeyword(WebUIKeywordMain.groovy:20)
	at com.kms.katalon.core.webui.keyword.builtin.OpenBrowserKeyword.openBrowser(OpenBrowserKeyword.groovy:81)
	at com.kms.katalon.core.webui.keyword.builtin.OpenBrowserKeyword.execute(OpenBrowserKeyword.groovy:67)
	at com.kms.katalon.core.keyword.internal.KeywordExecutor.executeKeywordForPlatform(KeywordExecutor.groovy:73)
	at com.kms.katalon.core.webui.keyword.WebUiBuiltInKeywords.openBrowser(WebUiBuiltInKeywords.groovy:61)
	at com.kms.katalon.core.webui.keyword.WebUiBuiltInKeywords$openBrowser.call(Unknown Source)
	at customKeywords.commanFunctions.openBrowser(commanFunctions.groovy:47)
	at customKeywords.commanFunctions.invokeMethod(commanFunctions.groovy)
	at com.kms.katalon.core.main.CustomKeywordDelegatingMetaClass.invokeStaticMethod(CustomKeywordDelegatingMetaClass.java:50)
	at Script1613217918604.run(Script1613217918604.groovy:22)
	... 13 more
)

2021-02-19 19:36:16 - [MESSAGE][FAILED] - Unable to open browser with url: 'https://Inspect.Stage.site.sa'

2021-02-19 19:36:16 - [TEST_STEP][PASSED] - Start tear down : tearDownMethodIfFailed: Method 'tearDownMethodIfFailed' complete successfully

2021-02-19 19:36:16 - [TEST_STEP][PASSED] - customKeywords.commanFunctions.onlyCloseBrowser(): customKeywords.commanFunctions.onlyCloseBrowser is PASSED

2021-02-19 19:36:18 - [MESSAGE][PASSED] - Browser is closed

2021-02-19 19:36:18 - [MESSAGE][PASSED] - customKeywords.commanFunctions.onlyCloseBrowser is PASSED

2021-02-19 19:36:18 - [TEST_STEP][PASSED] - logInfo("[--------This is tearDownIfFailed method------]"): [--------This is tearDownIfFailed method------]

2021-02-19 19:36:18 - [MESSAGE][INFO] - [--------This is tearDownIfFailed method------]

2021-02-19 19:36:18 - [MESSAGE][PASSED] - Method 'tearDownMethodIfFailed' complete successfully]]></system-out>
         <system-err><![CDATA[2021-02-19 19:35:26 - [TEST_CASE][FAILED] - Test Cases/TC_Login_RegisterUserAndForgotYourPassword/BasicTCs/CSP-T75_1.0_As a User, I want to verify that System detects incorrect user email: Test Cases/TC_Login_RegisterUserAndForgotYourPassword/BasicTCs/CSP-T75_1.0_As a User, I want to verify that System detects incorrect user email FAILED.
Reason:
com.kms.katalon.core.exception.StepFailedException: Unable to open browser with url: 'https://Inspect.Stage.site.sa'
	at com.kms.katalon.core.webui.keyword.internal.WebUIKeywordMain.stepFailed(WebUIKeywordMain.groovy:64)
	at com.kms.katalon.core.webui.keyword.internal.WebUIKeywordMain.runKeyword(WebUIKeywordMain.groovy:26)
	at com.kms.katalon.core.webui.keyword.builtin.OpenBrowserKeyword.openBrowser(OpenBrowserKeyword.groovy:81)
	at com.kms.katalon.core.webui.keyword.builtin.OpenBrowserKeyword.execute(OpenBrowserKeyword.groovy:67)
	at com.kms.katalon.core.keyword.internal.KeywordExecutor.executeKeywordForPlatform(KeywordExecutor.groovy:73)
	at com.kms.katalon.core.webui.keyword.WebUiBuiltInKeywords.openBrowser(WebUiBuiltInKeywords.groovy:61)
	at com.kms.katalon.core.webui.keyword.WebUiBuiltInKeywords$openBrowser.call(Unknown Source)
	at customKeywords.commanFunctions.openBrowser(commanFunctions.groovy:47)
	at customKeywords.commanFunctions.invokeMethod(commanFunctions.groovy)
	at com.kms.katalon.core.main.CustomKeywordDelegatingMetaClass.invokeStaticMethod(CustomKeywordDelegatingMetaClass.java:50)
	at CSP-T75_1.0_As a User, I want to verify that System detects incorrect user email.run(CSP-T75_1.0_As a User, I want to verify that System detects incorrect user email:22)
	at com.kms.katalon.core.main.ScriptEngine.run(ScriptEngine.java:194)
	at com.kms.katalon.core.main.ScriptEngine.runScriptAsRawText(ScriptEngine.java:119)
	at com.kms.katalon.core.main.TestCaseExecutor.runScript(TestCaseExecutor.java:394)
	at com.kms.katalon.core.main.TestCaseExecutor.doExecute(TestCaseExecutor.java:385)
	at com.kms.katalon.core.main.TestCaseExecutor.processExecutionPhase(TestCaseExecutor.java:364)
	at com.kms.katalon.core.main.TestCaseExecutor.accessMainPhase(TestCaseExecutor.java:356)
	at com.kms.katalon.core.main.TestCaseExecutor.execute(TestCaseExecutor.java:251)
	at com.kms.katalon.core.main.TestSuiteExecutor.accessTestCaseMainPhase(TestSuiteExecutor.java:203)
	at com.kms.katalon.core.main.TestSuiteExecutor.accessTestSuiteMainPhase(TestSuiteExecutor.java:152)
	at com.kms.katalon.core.main.TestSuiteExecutor.execute(TestSuiteExecutor.java:95)
	at com.kms.katalon.core.main.TestCaseMain.startTestSuite(TestCaseMain.java:157)
	at com.kms.katalon.core.main.TestCaseMain$startTestSuite$0.call(Unknown Source)
	at TempTestSuite1613740426765.run(TempTestSuite1613740426765.groovy:39)
Caused by: org.openqa.selenium.WebDriverException: Reached error page: about:neterror?e=netTimeout&u=https%3A//inspect.stage.site.sa/&c=UTF-8&d=The%20server%20at%20inspect.stage.site.sa%20is%20taking%20too%20long%20to%20respond.
Build info: version: '3.141.59', revision: 'e82be7d358', time: '2018-11-14T08:25:53'
System info: host: 'OMTPGCN1132568L', ip: '192.168.0.102', os.name: 'Windows 10', os.arch: 'amd64', os.version: '10.0', java.version: '1.8.0_181'
Driver info: com.kms.katalon.core.webui.driver.firefox.CGeckoDriver
Capabilities {acceptInsecureCerts: true, browserName: firefox, browserVersion: 85.0.2, javascriptEnabled: true, moz:accessibilityChecks: false, moz:buildID: 20210208133944, moz:geckodriverVersion: 0.23.0, moz:headless: false, moz:processID: 8212, moz:profile: C:\Users\ashok\AppData\Loca..., moz:shutdownTimeout: 60000, moz:useNonSpecCompliantPointerOrigin: false, moz:webdriverClick: true, pageLoadStrategy: normal, platform: WINDOWS, platformName: WINDOWS, platformVersion: 10.0, proxy: Proxy(direct), rotatable: false, setWindowRect: true, strictFileInteractability: false, timeouts: {implicit: 0, pageLoad: 300000, script: 30000}, unhandledPromptBehavior: dismiss and notify}
Session ID: aabbc437-1960-4ece-9f89-d7816c033c92
	at org.openqa.selenium.remote.http.W3CHttpResponseCodec.createException(W3CHttpResponseCodec.java:187)
	at org.openqa.selenium.remote.http.W3CHttpResponseCodec.decode(W3CHttpResponseCodec.java:122)
	at org.openqa.selenium.remote.http.W3CHttpResponseCodec.decode(W3CHttpResponseCodec.java:49)
	at org.openqa.selenium.remote.HttpCommandExecutor.execute(HttpCommandExecutor.java:158)
	at org.openqa.selenium.remote.service.DriverCommandExecutor.execute(DriverCommandExecutor.java:83)
	at org.openqa.selenium.remote.RemoteWebDriver.execute(RemoteWebDriver.java:552)
	at com.kms.katalon.selenium.driver.CFirefoxDriver.execute(CFirefoxDriver.java:27)
	at org.openqa.selenium.remote.RemoteWebDriver.get(RemoteWebDriver.java:277)
	at org.openqa.selenium.support.events.EventFiringWebDriver.lambda$new$1(EventFiringWebDriver.java:105)
	at com.sun.proxy.$Proxy11.get(Unknown Source)
	at org.openqa.selenium.support.events.EventFiringWebDriver.get(EventFiringWebDriver.java:165)
	at com.kms.katalon.core.webui.keyword.builtin.OpenBrowserKeyword$_openBrowser_closure1.doCall(OpenBrowserKeyword.groovy:78)
	at com.kms.katalon.core.webui.keyword.builtin.OpenBrowserKeyword$_openBrowser_closure1.call(OpenBrowserKeyword.groovy)
	at com.kms.katalon.core.webui.keyword.internal.WebUIKeywordMain.runKeyword(WebUIKeywordMain.groovy:20)
	... 22 more]]></system-err>
      </testcase>
      <testcase name="Test Cases/TC_Login_RegisterUserAndForgotYourPassword/BasicTCs/TC_LoginUserWithInValidCredentialsAndVerifyErrorMsg" time="52.825" classname="Test Cases/TC_Login_RegisterUserAndForgotYourPassword/BasicTCs/TC_LoginUserWithInValidCredentialsAndVerifyErrorMsg" status="FAILED">
         <failure type="FAILED" message="Test Cases/TC_Login_RegisterUserAndForgotYourPassword/BasicTCs/TC_LoginUserWithInValidCredentialsAndVerifyErrorMsg FAILED.
Reason:
com.kms.katalon.core.exception.StepFailedException: Unable to open browser with url: 'https://Inspect.Stage.site.sa'
	at com.kms.katalon.core.webui.keyword.internal.WebUIKeywordMain.stepFailed(WebUIKeywordMain.groovy:64)
	at com.kms.katalon.core.webui.keyword.internal.WebUIKeywordMain.runKeyword(WebUIKeywordMain.groovy:26)
	at com.kms.katalon.core.webui.keyword.builtin.OpenBrowserKeyword.openBrowser(OpenBrowserKeyword.groovy:81)
	at com.kms.katalon.core.webui.keyword.builtin.OpenBrowserKeyword.execute(OpenBrowserKeyword.groovy:67)
	at com.kms.katalon.core.keyword.internal.KeywordExecutor.executeKeywordForPlatform(KeywordExecutor.groovy:73)
	at com.kms.katalon.core.webui.keyword.WebUiBuiltInKeywords.openBrowser(WebUiBuiltInKeywords.groovy:61)
	at com.kms.katalon.core.webui.keyword.WebUiBuiltInKeywords$openBrowser.call(Unknown Source)
	at customKeywords.commanFunctions.openBrowser(commanFunctions.groovy:47)
	at customKeywords.commanFunctions.invokeMethod(commanFunctions.groovy)
	at com.kms.katalon.core.main.CustomKeywordDelegatingMetaClass.invokeStaticMethod(CustomKeywordDelegatingMetaClass.java:50)
	at TC_LoginUserWithInValidCredentialsAndVerifyErrorMsg.run(TC_LoginUserWithInValidCredentialsAndVerifyErrorMsg:22)
	at com.kms.katalon.core.main.ScriptEngine.run(ScriptEngine.java:194)
	at com.kms.katalon.core.main.ScriptEngine.runScriptAsRawText(ScriptEngine.java:119)
	at com.kms.katalon.core.main.TestCaseExecutor.runScript(TestCaseExecutor.java:394)
	at com.kms.katalon.core.main.TestCaseExecutor.doExecute(TestCaseExecutor.java:385)
	at com.kms.katalon.core.main.TestCaseExecutor.processExecutionPhase(TestCaseExecutor.java:364)
	at com.kms.katalon.core.main.TestCaseExecutor.accessMainPhase(TestCaseExecutor.java:356)
	at com.kms.katalon.core.main.TestCaseExecutor.execute(TestCaseExecutor.java:251)
	at com.kms.katalon.core.main.TestSuiteExecutor.accessTestCaseMainPhase(TestSuiteExecutor.java:203)
	at com.kms.katalon.core.main.TestSuiteExecutor.accessTestSuiteMainPhase(TestSuiteExecutor.java:152)
	at com.kms.katalon.core.main.TestSuiteExecutor.execute(TestSuiteExecutor.java:95)
	at com.kms.katalon.core.main.TestCaseMain.startTestSuite(TestCaseMain.java:157)
	at com.kms.katalon.core.main.TestCaseMain$startTestSuite$0.call(Unknown Source)
	at TempTestSuite1613740426765.run(TempTestSuite1613740426765.groovy:39)
Caused by: org.openqa.selenium.WebDriverException: Reached error page: about:neterror?e=netTimeout&amp;u=https%3A//inspect.stage.site.sa/&amp;c=UTF-8&amp;d=The%20server%20at%20inspect.stage.site.sa%20is%20taking%20too%20long%20to%20respond.
Build info: version: '3.141.59', revision: 'e82be7d358', time: '2018-11-14T08:25:53'
System info: host: 'OMTPGCN1132568L', ip: '192.168.0.102', os.name: 'Windows 10', os.arch: 'amd64', os.version: '10.0', java.version: '1.8.0_181'
Driver info: com.kms.katalon.core.webui.driver.firefox.CGeckoDriver
Capabilities {acceptInsecureCerts: true, browserName: firefox, browserVersion: 85.0.2, javascriptEnabled: true, moz:accessibilityChecks: false, moz:buildID: 20210208133944, moz:geckodriverVersion: 0.23.0, moz:headless: false, moz:processID: 17896, moz:profile: C:\Users\ashok\AppData\Loca..., moz:shutdownTimeout: 60000, moz:useNonSpecCompliantPointerOrigin: false, moz:webdriverClick: true, pageLoadStrategy: normal, platform: WINDOWS, platformName: WINDOWS, platformVersion: 10.0, proxy: Proxy(direct), rotatable: false, setWindowRect: true, strictFileInteractability: false, timeouts: {implicit: 0, pageLoad: 300000, script: 30000}, unhandledPromptBehavior: dismiss and notify}
Session ID: 511133b7-b667-422e-bb90-0ca3438b4095
	at org.openqa.selenium.remote.http.W3CHttpResponseCodec.createException(W3CHttpResponseCodec.java:187)
	at org.openqa.selenium.remote.http.W3CHttpResponseCodec.decode(W3CHttpResponseCodec.java:122)
	at org.openqa.selenium.remote.http.W3CHttpResponseCodec.decode(W3CHttpResponseCodec.java:49)
	at org.openqa.selenium.remote.HttpCommandExecutor.execute(HttpCommandExecutor.java:158)
	at org.openqa.selenium.remote.service.DriverCommandExecutor.execute(DriverCommandExecutor.java:83)
	at org.openqa.selenium.remote.RemoteWebDriver.execute(RemoteWebDriver.java:552)
	at com.kms.katalon.selenium.driver.CFirefoxDriver.execute(CFirefoxDriver.java:27)
	at org.openqa.selenium.remote.RemoteWebDriver.get(RemoteWebDriver.java:277)
	at org.openqa.selenium.support.events.EventFiringWebDriver.lambda$new$1(EventFiringWebDriver.java:105)
	at com.sun.proxy.$Proxy11.get(Unknown Source)
	at org.openqa.selenium.support.events.EventFiringWebDriver.get(EventFiringWebDriver.java:165)
	at com.kms.katalon.core.webui.keyword.builtin.OpenBrowserKeyword$_openBrowser_closure1.doCall(OpenBrowserKeyword.groovy:78)
	at com.kms.katalon.core.webui.keyword.builtin.OpenBrowserKeyword$_openBrowser_closure1.call(OpenBrowserKeyword.groovy)
	at com.kms.katalon.core.webui.keyword.internal.WebUIKeywordMain.runKeyword(WebUIKeywordMain.groovy:20)
	... 22 more
"/>
         <system-out><![CDATA[2021-02-19 19:36:18 - [TEST_CASE][FAILED] - Test Cases/TC_Login_RegisterUserAndForgotYourPassword/BasicTCs/TC_LoginUserWithInValidCredentialsAndVerifyErrorMsg: Test Cases/TC_Login_RegisterUserAndForgotYourPassword/BasicTCs/TC_LoginUserWithInValidCredentialsAndVerifyErrorMsg FAILED.
Reason:
com.kms.katalon.core.exception.StepFailedException: Unable to open browser with url: 'https://Inspect.Stage.site.sa'
	at com.kms.katalon.core.webui.keyword.internal.WebUIKeywordMain.stepFailed(WebUIKeywordMain.groovy:64)
	at com.kms.katalon.core.webui.keyword.internal.WebUIKeywordMain.runKeyword(WebUIKeywordMain.groovy:26)
	at com.kms.katalon.core.webui.keyword.builtin.OpenBrowserKeyword.openBrowser(OpenBrowserKeyword.groovy:81)
	at com.kms.katalon.core.webui.keyword.builtin.OpenBrowserKeyword.execute(OpenBrowserKeyword.groovy:67)
	at com.kms.katalon.core.keyword.internal.KeywordExecutor.executeKeywordForPlatform(KeywordExecutor.groovy:73)
	at com.kms.katalon.core.webui.keyword.WebUiBuiltInKeywords.openBrowser(WebUiBuiltInKeywords.groovy:61)
	at com.kms.katalon.core.webui.keyword.WebUiBuiltInKeywords$openBrowser.call(Unknown Source)
	at customKeywords.commanFunctions.openBrowser(commanFunctions.groovy:47)
	at customKeywords.commanFunctions.invokeMethod(commanFunctions.groovy)
	at com.kms.katalon.core.main.CustomKeywordDelegatingMetaClass.invokeStaticMethod(CustomKeywordDelegatingMetaClass.java:50)
	at TC_LoginUserWithInValidCredentialsAndVerifyErrorMsg.run(TC_LoginUserWithInValidCredentialsAndVerifyErrorMsg:22)
	at com.kms.katalon.core.main.ScriptEngine.run(ScriptEngine.java:194)
	at com.kms.katalon.core.main.ScriptEngine.runScriptAsRawText(ScriptEngine.java:119)
	at com.kms.katalon.core.main.TestCaseExecutor.runScript(TestCaseExecutor.java:394)
	at com.kms.katalon.core.main.TestCaseExecutor.doExecute(TestCaseExecutor.java:385)
	at com.kms.katalon.core.main.TestCaseExecutor.processExecutionPhase(TestCaseExecutor.java:364)
	at com.kms.katalon.core.main.TestCaseExecutor.accessMainPhase(TestCaseExecutor.java:356)
	at com.kms.katalon.core.main.TestCaseExecutor.execute(TestCaseExecutor.java:251)
	at com.kms.katalon.core.main.TestSuiteExecutor.accessTestCaseMainPhase(TestSuiteExecutor.java:203)
	at com.kms.katalon.core.main.TestSuiteExecutor.accessTestSuiteMainPhase(TestSuiteExecutor.java:152)
	at com.kms.katalon.core.main.TestSuiteExecutor.execute(TestSuiteExecutor.java:95)
	at com.kms.katalon.core.main.TestCaseMain.startTestSuite(TestCaseMain.java:157)
	at com.kms.katalon.core.main.TestCaseMain$startTestSuite$0.call(Unknown Source)
	at TempTestSuite1613740426765.run(TempTestSuite1613740426765.groovy:39)
Caused by: org.openqa.selenium.WebDriverException: Reached error page: about:neterror?e=netTimeout&u=https%3A//inspect.stage.site.sa/&c=UTF-8&d=The%20server%20at%20inspect.stage.site.sa%20is%20taking%20too%20long%20to%20respond.
Build info: version: '3.141.59', revision: 'e82be7d358', time: '2018-11-14T08:25:53'
System info: host: 'OMTPGCN1132568L', ip: '192.168.0.102', os.name: 'Windows 10', os.arch: 'amd64', os.version: '10.0', java.version: '1.8.0_181'
Driver info: com.kms.katalon.core.webui.driver.firefox.CGeckoDriver
Capabilities {acceptInsecureCerts: true, browserName: firefox, browserVersion: 85.0.2, javascriptEnabled: true, moz:accessibilityChecks: false, moz:buildID: 20210208133944, moz:geckodriverVersion: 0.23.0, moz:headless: false, moz:processID: 17896, moz:profile: C:\Users\ashok\AppData\Loca..., moz:shutdownTimeout: 60000, moz:useNonSpecCompliantPointerOrigin: false, moz:webdriverClick: true, pageLoadStrategy: normal, platform: WINDOWS, platformName: WINDOWS, platformVersion: 10.0, proxy: Proxy(direct), rotatable: false, setWindowRect: true, strictFileInteractability: false, timeouts: {implicit: 0, pageLoad: 300000, script: 30000}, unhandledPromptBehavior: dismiss and notify}
Session ID: 511133b7-b667-422e-bb90-0ca3438b4095
	at org.openqa.selenium.remote.http.W3CHttpResponseCodec.createException(W3CHttpResponseCodec.java:187)
	at org.openqa.selenium.remote.http.W3CHttpResponseCodec.decode(W3CHttpResponseCodec.java:122)
	at org.openqa.selenium.remote.http.W3CHttpResponseCodec.decode(W3CHttpResponseCodec.java:49)
	at org.openqa.selenium.remote.HttpCommandExecutor.execute(HttpCommandExecutor.java:158)
	at org.openqa.selenium.remote.service.DriverCommandExecutor.execute(DriverCommandExecutor.java:83)
	at org.openqa.selenium.remote.RemoteWebDriver.execute(RemoteWebDriver.java:552)
	at com.kms.katalon.selenium.driver.CFirefoxDriver.execute(CFirefoxDriver.java:27)
	at org.openqa.selenium.remote.RemoteWebDriver.get(RemoteWebDriver.java:277)
	at org.openqa.selenium.support.events.EventFiringWebDriver.lambda$new$1(EventFiringWebDriver.java:105)
	at com.sun.proxy.$Proxy11.get(Unknown Source)
	at org.openqa.selenium.support.events.EventFiringWebDriver.get(EventFiringWebDriver.java:165)
	at com.kms.katalon.core.webui.keyword.builtin.OpenBrowserKeyword$_openBrowser_closure1.doCall(OpenBrowserKeyword.groovy:78)
	at com.kms.katalon.core.webui.keyword.builtin.OpenBrowserKeyword$_openBrowser_closure1.call(OpenBrowserKeyword.groovy)
	at com.kms.katalon.core.webui.keyword.internal.WebUIKeywordMain.runKeyword(WebUIKeywordMain.groovy:20)
	... 22 more


2021-02-19 19:36:19 - [TEST_STEP][PASSED] - excelTestData = findTestData("Data Files/TestData/InspectTestData"): null

2021-02-19 19:36:19 - [TEST_STEP][PASSED] - validationMessage = excelTestData.getValue(2, 4): null

2021-02-19 19:36:19 - [TEST_STEP][PASSED] - obj = findTestObject("LoginAndRigisterUser/LoginLink"): null

2021-02-19 19:36:19 - [TEST_STEP][PASSED] - LoginBtn = findTestObject("Object Repository/LoginAndRigisterUser/LoginBtn"): null

2021-02-19 19:36:19 - [TEST_STEP][FAILED] - customKeywords.commanFunctions.openBrowser(): Unable to open browser with url: 'https://Inspect.Stage.site.sa'

2021-02-19 19:36:20 - [MESSAGE][INFO] - Starting 'Firefox' driver

2021-02-19 19:36:20 - [MESSAGE][INFO] - Action delay is set to 0 milliseconds

2021-02-19 19:37:09 - [MESSAGE][FAILED] - Unable to open browser with url: 'https://Inspect.Stage.site.sa' (Root cause: com.kms.katalon.core.exception.StepFailedException: Unable to open browser with url: 'https://Inspect.Stage.site.sa'
	at com.kms.katalon.core.webui.keyword.internal.WebUIKeywordMain.stepFailed(WebUIKeywordMain.groovy:64)
	at com.kms.katalon.core.webui.keyword.internal.WebUIKeywordMain.runKeyword(WebUIKeywordMain.groovy:26)
	at com.kms.katalon.core.webui.keyword.builtin.OpenBrowserKeyword.openBrowser(OpenBrowserKeyword.groovy:81)
	at com.kms.katalon.core.webui.keyword.builtin.OpenBrowserKeyword.execute(OpenBrowserKeyword.groovy:67)
	at com.kms.katalon.core.keyword.internal.KeywordExecutor.executeKeywordForPlatform(KeywordExecutor.groovy:73)
	at com.kms.katalon.core.webui.keyword.WebUiBuiltInKeywords.openBrowser(WebUiBuiltInKeywords.groovy:61)
	at com.kms.katalon.core.webui.keyword.WebUiBuiltInKeywords$openBrowser.call(Unknown Source)
	at customKeywords.commanFunctions.openBrowser(commanFunctions.groovy:47)
	at customKeywords.commanFunctions.invokeMethod(commanFunctions.groovy)
	at com.kms.katalon.core.main.CustomKeywordDelegatingMetaClass.invokeStaticMethod(CustomKeywordDelegatingMetaClass.java:50)
	at TC_LoginUserWithInValidCredentialsAndVerifyErrorMsg.run(TC_LoginUserWithInValidCredentialsAndVerifyErrorMsg:22)
	at com.kms.katalon.core.main.ScriptEngine.run(ScriptEngine.java:194)
	at com.kms.katalon.core.main.ScriptEngine.runScriptAsRawText(ScriptEngine.java:119)
	at com.kms.katalon.core.main.TestCaseExecutor.runScript(TestCaseExecutor.java:394)
	at com.kms.katalon.core.main.TestCaseExecutor.doExecute(TestCaseExecutor.java:385)
	at com.kms.katalon.core.main.TestCaseExecutor.processExecutionPhase(TestCaseExecutor.java:364)
	at com.kms.katalon.core.main.TestCaseExecutor.accessMainPhase(TestCaseExecutor.java:356)
	at com.kms.katalon.core.main.TestCaseExecutor.execute(TestCaseExecutor.java:251)
	at com.kms.katalon.core.main.TestSuiteExecutor.accessTestCaseMainPhase(TestSuiteExecutor.java:203)
	at com.kms.katalon.core.main.TestSuiteExecutor.accessTestSuiteMainPhase(TestSuiteExecutor.java:152)
	at com.kms.katalon.core.main.TestSuiteExecutor.execute(TestSuiteExecutor.java:95)
	at com.kms.katalon.core.main.TestCaseMain.startTestSuite(TestCaseMain.java:157)
	at com.kms.katalon.core.main.TestCaseMain$startTestSuite$0.call(Unknown Source)
	at TempTestSuite1613740426765.run(TempTestSuite1613740426765.groovy:39)
Caused by: org.openqa.selenium.WebDriverException: Reached error page: about:neterror?e=netTimeout&u=https%3A//inspect.stage.site.sa/&c=UTF-8&d=The%20server%20at%20inspect.stage.site.sa%20is%20taking%20too%20long%20to%20respond.
Build info: version: '3.141.59', revision: 'e82be7d358', time: '2018-11-14T08:25:53'
System info: host: 'OMTPGCN1132568L', ip: '192.168.0.102', os.name: 'Windows 10', os.arch: 'amd64', os.version: '10.0', java.version: '1.8.0_181'
Driver info: com.kms.katalon.core.webui.driver.firefox.CGeckoDriver
Capabilities {acceptInsecureCerts: true, browserName: firefox, browserVersion: 85.0.2, javascriptEnabled: true, moz:accessibilityChecks: false, moz:buildID: 20210208133944, moz:geckodriverVersion: 0.23.0, moz:headless: false, moz:processID: 17896, moz:profile: C:\Users\ashok\AppData\Loca..., moz:shutdownTimeout: 60000, moz:useNonSpecCompliantPointerOrigin: false, moz:webdriverClick: true, pageLoadStrategy: normal, platform: WINDOWS, platformName: WINDOWS, platformVersion: 10.0, proxy: Proxy(direct), rotatable: false, setWindowRect: true, strictFileInteractability: false, timeouts: {implicit: 0, pageLoad: 300000, script: 30000}, unhandledPromptBehavior: dismiss and notify}
Session ID: 511133b7-b667-422e-bb90-0ca3438b4095
	at org.openqa.selenium.remote.http.W3CHttpResponseCodec.createException(W3CHttpResponseCodec.java:187)
	at org.openqa.selenium.remote.http.W3CHttpResponseCodec.decode(W3CHttpResponseCodec.java:122)
	at org.openqa.selenium.remote.http.W3CHttpResponseCodec.decode(W3CHttpResponseCodec.java:49)
	at org.openqa.selenium.remote.HttpCommandExecutor.execute(HttpCommandExecutor.java:158)
	at org.openqa.selenium.remote.service.DriverCommandExecutor.execute(DriverCommandExecutor.java:83)
	at org.openqa.selenium.remote.RemoteWebDriver.execute(RemoteWebDriver.java:552)
	at com.kms.katalon.selenium.driver.CFirefoxDriver.execute(CFirefoxDriver.java:27)
	at org.openqa.selenium.remote.RemoteWebDriver.get(RemoteWebDriver.java:277)
	at org.openqa.selenium.support.events.EventFiringWebDriver.lambda$new$1(EventFiringWebDriver.java:105)
	at com.sun.proxy.$Proxy11.get(Unknown Source)
	at org.openqa.selenium.support.events.EventFiringWebDriver.get(EventFiringWebDriver.java:165)
	at com.kms.katalon.core.webui.keyword.builtin.OpenBrowserKeyword$_openBrowser_closure1.doCall(OpenBrowserKeyword.groovy:78)
	at com.kms.katalon.core.webui.keyword.builtin.OpenBrowserKeyword$_openBrowser_closure1.call(OpenBrowserKeyword.groovy)
	at com.kms.katalon.core.webui.keyword.internal.WebUIKeywordMain.runKeyword(WebUIKeywordMain.groovy:20)
	at com.kms.katalon.core.webui.keyword.builtin.OpenBrowserKeyword.openBrowser(OpenBrowserKeyword.groovy:81)
	at com.kms.katalon.core.webui.keyword.builtin.OpenBrowserKeyword.execute(OpenBrowserKeyword.groovy:67)
	at com.kms.katalon.core.keyword.internal.KeywordExecutor.executeKeywordForPlatform(KeywordExecutor.groovy:73)
	at com.kms.katalon.core.webui.keyword.WebUiBuiltInKeywords.openBrowser(WebUiBuiltInKeywords.groovy:61)
	at com.kms.katalon.core.webui.keyword.WebUiBuiltInKeywords$openBrowser.call(Unknown Source)
	at customKeywords.commanFunctions.openBrowser(commanFunctions.groovy:47)
	at customKeywords.commanFunctions.invokeMethod(commanFunctions.groovy)
	at com.kms.katalon.core.main.CustomKeywordDelegatingMetaClass.invokeStaticMethod(CustomKeywordDelegatingMetaClass.java:50)
	at Script1613217918612.run(Script1613217918612.groovy:22)
	... 13 more
)

2021-02-19 19:37:09 - [MESSAGE][FAILED] - Unable to open browser with url: 'https://Inspect.Stage.site.sa'

2021-02-19 19:37:09 - [TEST_STEP][PASSED] - Start tear down : tearDownMethodIfFailed: Method 'tearDownMethodIfFailed' complete successfully

2021-02-19 19:37:09 - [TEST_STEP][PASSED] - customKeywords.commanFunctions.onlyCloseBrowser(): customKeywords.commanFunctions.onlyCloseBrowser is PASSED

2021-02-19 19:37:11 - [MESSAGE][PASSED] - Browser is closed

2021-02-19 19:37:11 - [MESSAGE][PASSED] - customKeywords.commanFunctions.onlyCloseBrowser is PASSED

2021-02-19 19:37:11 - [TEST_STEP][PASSED] - logInfo("[--------This is tearDownIfFailed method------]"): [--------This is tearDownIfFailed method------]

2021-02-19 19:37:11 - [MESSAGE][INFO] - [--------This is tearDownIfFailed method------]

2021-02-19 19:37:11 - [MESSAGE][PASSED] - Method 'tearDownMethodIfFailed' complete successfully]]></system-out>
         <system-err><![CDATA[2021-02-19 19:36:18 - [TEST_CASE][FAILED] - Test Cases/TC_Login_RegisterUserAndForgotYourPassword/BasicTCs/TC_LoginUserWithInValidCredentialsAndVerifyErrorMsg: Test Cases/TC_Login_RegisterUserAndForgotYourPassword/BasicTCs/TC_LoginUserWithInValidCredentialsAndVerifyErrorMsg FAILED.
Reason:
com.kms.katalon.core.exception.StepFailedException: Unable to open browser with url: 'https://Inspect.Stage.site.sa'
	at com.kms.katalon.core.webui.keyword.internal.WebUIKeywordMain.stepFailed(WebUIKeywordMain.groovy:64)
	at com.kms.katalon.core.webui.keyword.internal.WebUIKeywordMain.runKeyword(WebUIKeywordMain.groovy:26)
	at com.kms.katalon.core.webui.keyword.builtin.OpenBrowserKeyword.openBrowser(OpenBrowserKeyword.groovy:81)
	at com.kms.katalon.core.webui.keyword.builtin.OpenBrowserKeyword.execute(OpenBrowserKeyword.groovy:67)
	at com.kms.katalon.core.keyword.internal.KeywordExecutor.executeKeywordForPlatform(KeywordExecutor.groovy:73)
	at com.kms.katalon.core.webui.keyword.WebUiBuiltInKeywords.openBrowser(WebUiBuiltInKeywords.groovy:61)
	at com.kms.katalon.core.webui.keyword.WebUiBuiltInKeywords$openBrowser.call(Unknown Source)
	at customKeywords.commanFunctions.openBrowser(commanFunctions.groovy:47)
	at customKeywords.commanFunctions.invokeMethod(commanFunctions.groovy)
	at com.kms.katalon.core.main.CustomKeywordDelegatingMetaClass.invokeStaticMethod(CustomKeywordDelegatingMetaClass.java:50)
	at TC_LoginUserWithInValidCredentialsAndVerifyErrorMsg.run(TC_LoginUserWithInValidCredentialsAndVerifyErrorMsg:22)
	at com.kms.katalon.core.main.ScriptEngine.run(ScriptEngine.java:194)
	at com.kms.katalon.core.main.ScriptEngine.runScriptAsRawText(ScriptEngine.java:119)
	at com.kms.katalon.core.main.TestCaseExecutor.runScript(TestCaseExecutor.java:394)
	at com.kms.katalon.core.main.TestCaseExecutor.doExecute(TestCaseExecutor.java:385)
	at com.kms.katalon.core.main.TestCaseExecutor.processExecutionPhase(TestCaseExecutor.java:364)
	at com.kms.katalon.core.main.TestCaseExecutor.accessMainPhase(TestCaseExecutor.java:356)
	at com.kms.katalon.core.main.TestCaseExecutor.execute(TestCaseExecutor.java:251)
	at com.kms.katalon.core.main.TestSuiteExecutor.accessTestCaseMainPhase(TestSuiteExecutor.java:203)
	at com.kms.katalon.core.main.TestSuiteExecutor.accessTestSuiteMainPhase(TestSuiteExecutor.java:152)
	at com.kms.katalon.core.main.TestSuiteExecutor.execute(TestSuiteExecutor.java:95)
	at com.kms.katalon.core.main.TestCaseMain.startTestSuite(TestCaseMain.java:157)
	at com.kms.katalon.core.main.TestCaseMain$startTestSuite$0.call(Unknown Source)
	at TempTestSuite1613740426765.run(TempTestSuite1613740426765.groovy:39)
Caused by: org.openqa.selenium.WebDriverException: Reached error page: about:neterror?e=netTimeout&u=https%3A//inspect.stage.site.sa/&c=UTF-8&d=The%20server%20at%20inspect.stage.site.sa%20is%20taking%20too%20long%20to%20respond.
Build info: version: '3.141.59', revision: 'e82be7d358', time: '2018-11-14T08:25:53'
System info: host: 'OMTPGCN1132568L', ip: '192.168.0.102', os.name: 'Windows 10', os.arch: 'amd64', os.version: '10.0', java.version: '1.8.0_181'
Driver info: com.kms.katalon.core.webui.driver.firefox.CGeckoDriver
Capabilities {acceptInsecureCerts: true, browserName: firefox, browserVersion: 85.0.2, javascriptEnabled: true, moz:accessibilityChecks: false, moz:buildID: 20210208133944, moz:geckodriverVersion: 0.23.0, moz:headless: false, moz:processID: 17896, moz:profile: C:\Users\ashok\AppData\Loca..., moz:shutdownTimeout: 60000, moz:useNonSpecCompliantPointerOrigin: false, moz:webdriverClick: true, pageLoadStrategy: normal, platform: WINDOWS, platformName: WINDOWS, platformVersion: 10.0, proxy: Proxy(direct), rotatable: false, setWindowRect: true, strictFileInteractability: false, timeouts: {implicit: 0, pageLoad: 300000, script: 30000}, unhandledPromptBehavior: dismiss and notify}
Session ID: 511133b7-b667-422e-bb90-0ca3438b4095
	at org.openqa.selenium.remote.http.W3CHttpResponseCodec.createException(W3CHttpResponseCodec.java:187)
	at org.openqa.selenium.remote.http.W3CHttpResponseCodec.decode(W3CHttpResponseCodec.java:122)
	at org.openqa.selenium.remote.http.W3CHttpResponseCodec.decode(W3CHttpResponseCodec.java:49)
	at org.openqa.selenium.remote.HttpCommandExecutor.execute(HttpCommandExecutor.java:158)
	at org.openqa.selenium.remote.service.DriverCommandExecutor.execute(DriverCommandExecutor.java:83)
	at org.openqa.selenium.remote.RemoteWebDriver.execute(RemoteWebDriver.java:552)
	at com.kms.katalon.selenium.driver.CFirefoxDriver.execute(CFirefoxDriver.java:27)
	at org.openqa.selenium.remote.RemoteWebDriver.get(RemoteWebDriver.java:277)
	at org.openqa.selenium.support.events.EventFiringWebDriver.lambda$new$1(EventFiringWebDriver.java:105)
	at com.sun.proxy.$Proxy11.get(Unknown Source)
	at org.openqa.selenium.support.events.EventFiringWebDriver.get(EventFiringWebDriver.java:165)
	at com.kms.katalon.core.webui.keyword.builtin.OpenBrowserKeyword$_openBrowser_closure1.doCall(OpenBrowserKeyword.groovy:78)
	at com.kms.katalon.core.webui.keyword.builtin.OpenBrowserKeyword$_openBrowser_closure1.call(OpenBrowserKeyword.groovy)
	at com.kms.katalon.core.webui.keyword.internal.WebUIKeywordMain.runKeyword(WebUIKeywordMain.groovy:20)
	... 22 more]]></system-err>
      </testcase>
      <testcase name="Test Cases/TC_Login_RegisterUserAndForgotYourPassword/BasicTCs/TC_LoginUserWithInValidPasswordAndVerifyLoginShouldNotSucss" time="51.693" classname="Test Cases/TC_Login_RegisterUserAndForgotYourPassword/BasicTCs/TC_LoginUserWithInValidPasswordAndVerifyLoginShouldNotSucss" status="FAILED">
         <failure type="FAILED" message="Test Cases/TC_Login_RegisterUserAndForgotYourPassword/BasicTCs/TC_LoginUserWithInValidPasswordAndVerifyLoginShouldNotSucss FAILED.
Reason:
com.kms.katalon.core.exception.StepFailedException: Unable to open browser with url: 'https://Inspect.Stage.site.sa'
	at com.kms.katalon.core.webui.keyword.internal.WebUIKeywordMain.stepFailed(WebUIKeywordMain.groovy:64)
	at com.kms.katalon.core.webui.keyword.internal.WebUIKeywordMain.runKeyword(WebUIKeywordMain.groovy:26)
	at com.kms.katalon.core.webui.keyword.builtin.OpenBrowserKeyword.openBrowser(OpenBrowserKeyword.groovy:81)
	at com.kms.katalon.core.webui.keyword.builtin.OpenBrowserKeyword.execute(OpenBrowserKeyword.groovy:67)
	at com.kms.katalon.core.keyword.internal.KeywordExecutor.executeKeywordForPlatform(KeywordExecutor.groovy:73)
	at com.kms.katalon.core.webui.keyword.WebUiBuiltInKeywords.openBrowser(WebUiBuiltInKeywords.groovy:61)
	at com.kms.katalon.core.webui.keyword.WebUiBuiltInKeywords$openBrowser.call(Unknown Source)
	at customKeywords.commanFunctions.openBrowser(commanFunctions.groovy:47)
	at customKeywords.commanFunctions.invokeMethod(commanFunctions.groovy)
	at com.kms.katalon.core.main.CustomKeywordDelegatingMetaClass.invokeStaticMethod(CustomKeywordDelegatingMetaClass.java:50)
	at TC_LoginUserWithInValidPasswordAndVerifyLoginShouldNotSucss.run(TC_LoginUserWithInValidPasswordAndVerifyLoginShouldNotSucss:22)
	at com.kms.katalon.core.main.ScriptEngine.run(ScriptEngine.java:194)
	at com.kms.katalon.core.main.ScriptEngine.runScriptAsRawText(ScriptEngine.java:119)
	at com.kms.katalon.core.main.TestCaseExecutor.runScript(TestCaseExecutor.java:394)
	at com.kms.katalon.core.main.TestCaseExecutor.doExecute(TestCaseExecutor.java:385)
	at com.kms.katalon.core.main.TestCaseExecutor.processExecutionPhase(TestCaseExecutor.java:364)
	at com.kms.katalon.core.main.TestCaseExecutor.accessMainPhase(TestCaseExecutor.java:356)
	at com.kms.katalon.core.main.TestCaseExecutor.execute(TestCaseExecutor.java:251)
	at com.kms.katalon.core.main.TestSuiteExecutor.accessTestCaseMainPhase(TestSuiteExecutor.java:203)
	at com.kms.katalon.core.main.TestSuiteExecutor.accessTestSuiteMainPhase(TestSuiteExecutor.java:152)
	at com.kms.katalon.core.main.TestSuiteExecutor.execute(TestSuiteExecutor.java:95)
	at com.kms.katalon.core.main.TestCaseMain.startTestSuite(TestCaseMain.java:157)
	at com.kms.katalon.core.main.TestCaseMain$startTestSuite$0.call(Unknown Source)
	at TempTestSuite1613740426765.run(TempTestSuite1613740426765.groovy:39)
Caused by: org.openqa.selenium.WebDriverException: Reached error page: about:neterror?e=netTimeout&amp;u=https%3A//inspect.stage.site.sa/&amp;c=UTF-8&amp;d=The%20server%20at%20inspect.stage.site.sa%20is%20taking%20too%20long%20to%20respond.
Build info: version: '3.141.59', revision: 'e82be7d358', time: '2018-11-14T08:25:53'
System info: host: 'OMTPGCN1132568L', ip: '192.168.0.102', os.name: 'Windows 10', os.arch: 'amd64', os.version: '10.0', java.version: '1.8.0_181'
Driver info: com.kms.katalon.core.webui.driver.firefox.CGeckoDriver
Capabilities {acceptInsecureCerts: true, browserName: firefox, browserVersion: 85.0.2, javascriptEnabled: true, moz:accessibilityChecks: false, moz:buildID: 20210208133944, moz:geckodriverVersion: 0.23.0, moz:headless: false, moz:processID: 17596, moz:profile: C:\Users\ashok\AppData\Loca..., moz:shutdownTimeout: 60000, moz:useNonSpecCompliantPointerOrigin: false, moz:webdriverClick: true, pageLoadStrategy: normal, platform: WINDOWS, platformName: WINDOWS, platformVersion: 10.0, proxy: Proxy(direct), rotatable: false, setWindowRect: true, strictFileInteractability: false, timeouts: {implicit: 0, pageLoad: 300000, script: 30000}, unhandledPromptBehavior: dismiss and notify}
Session ID: 9d6bbdc0-2e1b-41ff-a331-39a9fb58959c
	at org.openqa.selenium.remote.http.W3CHttpResponseCodec.createException(W3CHttpResponseCodec.java:187)
	at org.openqa.selenium.remote.http.W3CHttpResponseCodec.decode(W3CHttpResponseCodec.java:122)
	at org.openqa.selenium.remote.http.W3CHttpResponseCodec.decode(W3CHttpResponseCodec.java:49)
	at org.openqa.selenium.remote.HttpCommandExecutor.execute(HttpCommandExecutor.java:158)
	at org.openqa.selenium.remote.service.DriverCommandExecutor.execute(DriverCommandExecutor.java:83)
	at org.openqa.selenium.remote.RemoteWebDriver.execute(RemoteWebDriver.java:552)
	at com.kms.katalon.selenium.driver.CFirefoxDriver.execute(CFirefoxDriver.java:27)
	at org.openqa.selenium.remote.RemoteWebDriver.get(RemoteWebDriver.java:277)
	at org.openqa.selenium.support.events.EventFiringWebDriver.lambda$new$1(EventFiringWebDriver.java:105)
	at com.sun.proxy.$Proxy11.get(Unknown Source)
	at org.openqa.selenium.support.events.EventFiringWebDriver.get(EventFiringWebDriver.java:165)
	at com.kms.katalon.core.webui.keyword.builtin.OpenBrowserKeyword$_openBrowser_closure1.doCall(OpenBrowserKeyword.groovy:78)
	at com.kms.katalon.core.webui.keyword.builtin.OpenBrowserKeyword$_openBrowser_closure1.call(OpenBrowserKeyword.groovy)
	at com.kms.katalon.core.webui.keyword.internal.WebUIKeywordMain.runKeyword(WebUIKeywordMain.groovy:20)
	... 22 more
"/>
         <system-out><![CDATA[2021-02-19 19:37:11 - [TEST_CASE][FAILED] - Test Cases/TC_Login_RegisterUserAndForgotYourPassword/BasicTCs/TC_LoginUserWithInValidPasswordAndVerifyLoginShouldNotSucss: Test Cases/TC_Login_RegisterUserAndForgotYourPassword/BasicTCs/TC_LoginUserWithInValidPasswordAndVerifyLoginShouldNotSucss FAILED.
Reason:
com.kms.katalon.core.exception.StepFailedException: Unable to open browser with url: 'https://Inspect.Stage.site.sa'
	at com.kms.katalon.core.webui.keyword.internal.WebUIKeywordMain.stepFailed(WebUIKeywordMain.groovy:64)
	at com.kms.katalon.core.webui.keyword.internal.WebUIKeywordMain.runKeyword(WebUIKeywordMain.groovy:26)
	at com.kms.katalon.core.webui.keyword.builtin.OpenBrowserKeyword.openBrowser(OpenBrowserKeyword.groovy:81)
	at com.kms.katalon.core.webui.keyword.builtin.OpenBrowserKeyword.execute(OpenBrowserKeyword.groovy:67)
	at com.kms.katalon.core.keyword.internal.KeywordExecutor.executeKeywordForPlatform(KeywordExecutor.groovy:73)
	at com.kms.katalon.core.webui.keyword.WebUiBuiltInKeywords.openBrowser(WebUiBuiltInKeywords.groovy:61)
	at com.kms.katalon.core.webui.keyword.WebUiBuiltInKeywords$openBrowser.call(Unknown Source)
	at customKeywords.commanFunctions.openBrowser(commanFunctions.groovy:47)
	at customKeywords.commanFunctions.invokeMethod(commanFunctions.groovy)
	at com.kms.katalon.core.main.CustomKeywordDelegatingMetaClass.invokeStaticMethod(CustomKeywordDelegatingMetaClass.java:50)
	at TC_LoginUserWithInValidPasswordAndVerifyLoginShouldNotSucss.run(TC_LoginUserWithInValidPasswordAndVerifyLoginShouldNotSucss:22)
	at com.kms.katalon.core.main.ScriptEngine.run(ScriptEngine.java:194)
	at com.kms.katalon.core.main.ScriptEngine.runScriptAsRawText(ScriptEngine.java:119)
	at com.kms.katalon.core.main.TestCaseExecutor.runScript(TestCaseExecutor.java:394)
	at com.kms.katalon.core.main.TestCaseExecutor.doExecute(TestCaseExecutor.java:385)
	at com.kms.katalon.core.main.TestCaseExecutor.processExecutionPhase(TestCaseExecutor.java:364)
	at com.kms.katalon.core.main.TestCaseExecutor.accessMainPhase(TestCaseExecutor.java:356)
	at com.kms.katalon.core.main.TestCaseExecutor.execute(TestCaseExecutor.java:251)
	at com.kms.katalon.core.main.TestSuiteExecutor.accessTestCaseMainPhase(TestSuiteExecutor.java:203)
	at com.kms.katalon.core.main.TestSuiteExecutor.accessTestSuiteMainPhase(TestSuiteExecutor.java:152)
	at com.kms.katalon.core.main.TestSuiteExecutor.execute(TestSuiteExecutor.java:95)
	at com.kms.katalon.core.main.TestCaseMain.startTestSuite(TestCaseMain.java:157)
	at com.kms.katalon.core.main.TestCaseMain$startTestSuite$0.call(Unknown Source)
	at TempTestSuite1613740426765.run(TempTestSuite1613740426765.groovy:39)
Caused by: org.openqa.selenium.WebDriverException: Reached error page: about:neterror?e=netTimeout&u=https%3A//inspect.stage.site.sa/&c=UTF-8&d=The%20server%20at%20inspect.stage.site.sa%20is%20taking%20too%20long%20to%20respond.
Build info: version: '3.141.59', revision: 'e82be7d358', time: '2018-11-14T08:25:53'
System info: host: 'OMTPGCN1132568L', ip: '192.168.0.102', os.name: 'Windows 10', os.arch: 'amd64', os.version: '10.0', java.version: '1.8.0_181'
Driver info: com.kms.katalon.core.webui.driver.firefox.CGeckoDriver
Capabilities {acceptInsecureCerts: true, browserName: firefox, browserVersion: 85.0.2, javascriptEnabled: true, moz:accessibilityChecks: false, moz:buildID: 20210208133944, moz:geckodriverVersion: 0.23.0, moz:headless: false, moz:processID: 17596, moz:profile: C:\Users\ashok\AppData\Loca..., moz:shutdownTimeout: 60000, moz:useNonSpecCompliantPointerOrigin: false, moz:webdriverClick: true, pageLoadStrategy: normal, platform: WINDOWS, platformName: WINDOWS, platformVersion: 10.0, proxy: Proxy(direct), rotatable: false, setWindowRect: true, strictFileInteractability: false, timeouts: {implicit: 0, pageLoad: 300000, script: 30000}, unhandledPromptBehavior: dismiss and notify}
Session ID: 9d6bbdc0-2e1b-41ff-a331-39a9fb58959c
	at org.openqa.selenium.remote.http.W3CHttpResponseCodec.createException(W3CHttpResponseCodec.java:187)
	at org.openqa.selenium.remote.http.W3CHttpResponseCodec.decode(W3CHttpResponseCodec.java:122)
	at org.openqa.selenium.remote.http.W3CHttpResponseCodec.decode(W3CHttpResponseCodec.java:49)
	at org.openqa.selenium.remote.HttpCommandExecutor.execute(HttpCommandExecutor.java:158)
	at org.openqa.selenium.remote.service.DriverCommandExecutor.execute(DriverCommandExecutor.java:83)
	at org.openqa.selenium.remote.RemoteWebDriver.execute(RemoteWebDriver.java:552)
	at com.kms.katalon.selenium.driver.CFirefoxDriver.execute(CFirefoxDriver.java:27)
	at org.openqa.selenium.remote.RemoteWebDriver.get(RemoteWebDriver.java:277)
	at org.openqa.selenium.support.events.EventFiringWebDriver.lambda$new$1(EventFiringWebDriver.java:105)
	at com.sun.proxy.$Proxy11.get(Unknown Source)
	at org.openqa.selenium.support.events.EventFiringWebDriver.get(EventFiringWebDriver.java:165)
	at com.kms.katalon.core.webui.keyword.builtin.OpenBrowserKeyword$_openBrowser_closure1.doCall(OpenBrowserKeyword.groovy:78)
	at com.kms.katalon.core.webui.keyword.builtin.OpenBrowserKeyword$_openBrowser_closure1.call(OpenBrowserKeyword.groovy)
	at com.kms.katalon.core.webui.keyword.internal.WebUIKeywordMain.runKeyword(WebUIKeywordMain.groovy:20)
	... 22 more


2021-02-19 19:37:11 - [TEST_STEP][PASSED] - excelTestData = findTestData("Data Files/TestData/InspectTestData"): null

2021-02-19 19:37:11 - [TEST_STEP][PASSED] - validationMessage = excelTestData.getValue(2, 4): null

2021-02-19 19:37:11 - [TEST_STEP][PASSED] - obj = findTestObject("LoginAndRigisterUser/LoginLink"): null

2021-02-19 19:37:12 - [TEST_STEP][PASSED] - LoginBtn = findTestObject("Object Repository/LoginAndRigisterUser/LoginBtn"): null

2021-02-19 19:37:12 - [TEST_STEP][FAILED] - customKeywords.commanFunctions.openBrowser(): Unable to open browser with url: 'https://Inspect.Stage.site.sa'

2021-02-19 19:37:12 - [MESSAGE][INFO] - Starting 'Firefox' driver

2021-02-19 19:37:12 - [MESSAGE][INFO] - Action delay is set to 0 milliseconds

2021-02-19 19:38:01 - [MESSAGE][FAILED] - Unable to open browser with url: 'https://Inspect.Stage.site.sa' (Root cause: com.kms.katalon.core.exception.StepFailedException: Unable to open browser with url: 'https://Inspect.Stage.site.sa'
	at com.kms.katalon.core.webui.keyword.internal.WebUIKeywordMain.stepFailed(WebUIKeywordMain.groovy:64)
	at com.kms.katalon.core.webui.keyword.internal.WebUIKeywordMain.runKeyword(WebUIKeywordMain.groovy:26)
	at com.kms.katalon.core.webui.keyword.builtin.OpenBrowserKeyword.openBrowser(OpenBrowserKeyword.groovy:81)
	at com.kms.katalon.core.webui.keyword.builtin.OpenBrowserKeyword.execute(OpenBrowserKeyword.groovy:67)
	at com.kms.katalon.core.keyword.internal.KeywordExecutor.executeKeywordForPlatform(KeywordExecutor.groovy:73)
	at com.kms.katalon.core.webui.keyword.WebUiBuiltInKeywords.openBrowser(WebUiBuiltInKeywords.groovy:61)
	at com.kms.katalon.core.webui.keyword.WebUiBuiltInKeywords$openBrowser.call(Unknown Source)
	at customKeywords.commanFunctions.openBrowser(commanFunctions.groovy:47)
	at customKeywords.commanFunctions.invokeMethod(commanFunctions.groovy)
	at com.kms.katalon.core.main.CustomKeywordDelegatingMetaClass.invokeStaticMethod(CustomKeywordDelegatingMetaClass.java:50)
	at TC_LoginUserWithInValidPasswordAndVerifyLoginShouldNotSucss.run(TC_LoginUserWithInValidPasswordAndVerifyLoginShouldNotSucss:22)
	at com.kms.katalon.core.main.ScriptEngine.run(ScriptEngine.java:194)
	at com.kms.katalon.core.main.ScriptEngine.runScriptAsRawText(ScriptEngine.java:119)
	at com.kms.katalon.core.main.TestCaseExecutor.runScript(TestCaseExecutor.java:394)
	at com.kms.katalon.core.main.TestCaseExecutor.doExecute(TestCaseExecutor.java:385)
	at com.kms.katalon.core.main.TestCaseExecutor.processExecutionPhase(TestCaseExecutor.java:364)
	at com.kms.katalon.core.main.TestCaseExecutor.accessMainPhase(TestCaseExecutor.java:356)
	at com.kms.katalon.core.main.TestCaseExecutor.execute(TestCaseExecutor.java:251)
	at com.kms.katalon.core.main.TestSuiteExecutor.accessTestCaseMainPhase(TestSuiteExecutor.java:203)
	at com.kms.katalon.core.main.TestSuiteExecutor.accessTestSuiteMainPhase(TestSuiteExecutor.java:152)
	at com.kms.katalon.core.main.TestSuiteExecutor.execute(TestSuiteExecutor.java:95)
	at com.kms.katalon.core.main.TestCaseMain.startTestSuite(TestCaseMain.java:157)
	at com.kms.katalon.core.main.TestCaseMain$startTestSuite$0.call(Unknown Source)
	at TempTestSuite1613740426765.run(TempTestSuite1613740426765.groovy:39)
Caused by: org.openqa.selenium.WebDriverException: Reached error page: about:neterror?e=netTimeout&u=https%3A//inspect.stage.site.sa/&c=UTF-8&d=The%20server%20at%20inspect.stage.site.sa%20is%20taking%20too%20long%20to%20respond.
Build info: version: '3.141.59', revision: 'e82be7d358', time: '2018-11-14T08:25:53'
System info: host: 'OMTPGCN1132568L', ip: '192.168.0.102', os.name: 'Windows 10', os.arch: 'amd64', os.version: '10.0', java.version: '1.8.0_181'
Driver info: com.kms.katalon.core.webui.driver.firefox.CGeckoDriver
Capabilities {acceptInsecureCerts: true, browserName: firefox, browserVersion: 85.0.2, javascriptEnabled: true, moz:accessibilityChecks: false, moz:buildID: 20210208133944, moz:geckodriverVersion: 0.23.0, moz:headless: false, moz:processID: 17596, moz:profile: C:\Users\ashok\AppData\Loca..., moz:shutdownTimeout: 60000, moz:useNonSpecCompliantPointerOrigin: false, moz:webdriverClick: true, pageLoadStrategy: normal, platform: WINDOWS, platformName: WINDOWS, platformVersion: 10.0, proxy: Proxy(direct), rotatable: false, setWindowRect: true, strictFileInteractability: false, timeouts: {implicit: 0, pageLoad: 300000, script: 30000}, unhandledPromptBehavior: dismiss and notify}
Session ID: 9d6bbdc0-2e1b-41ff-a331-39a9fb58959c
	at org.openqa.selenium.remote.http.W3CHttpResponseCodec.createException(W3CHttpResponseCodec.java:187)
	at org.openqa.selenium.remote.http.W3CHttpResponseCodec.decode(W3CHttpResponseCodec.java:122)
	at org.openqa.selenium.remote.http.W3CHttpResponseCodec.decode(W3CHttpResponseCodec.java:49)
	at org.openqa.selenium.remote.HttpCommandExecutor.execute(HttpCommandExecutor.java:158)
	at org.openqa.selenium.remote.service.DriverCommandExecutor.execute(DriverCommandExecutor.java:83)
	at org.openqa.selenium.remote.RemoteWebDriver.execute(RemoteWebDriver.java:552)
	at com.kms.katalon.selenium.driver.CFirefoxDriver.execute(CFirefoxDriver.java:27)
	at org.openqa.selenium.remote.RemoteWebDriver.get(RemoteWebDriver.java:277)
	at org.openqa.selenium.support.events.EventFiringWebDriver.lambda$new$1(EventFiringWebDriver.java:105)
	at com.sun.proxy.$Proxy11.get(Unknown Source)
	at org.openqa.selenium.support.events.EventFiringWebDriver.get(EventFiringWebDriver.java:165)
	at com.kms.katalon.core.webui.keyword.builtin.OpenBrowserKeyword$_openBrowser_closure1.doCall(OpenBrowserKeyword.groovy:78)
	at com.kms.katalon.core.webui.keyword.builtin.OpenBrowserKeyword$_openBrowser_closure1.call(OpenBrowserKeyword.groovy)
	at com.kms.katalon.core.webui.keyword.internal.WebUIKeywordMain.runKeyword(WebUIKeywordMain.groovy:20)
	at com.kms.katalon.core.webui.keyword.builtin.OpenBrowserKeyword.openBrowser(OpenBrowserKeyword.groovy:81)
	at com.kms.katalon.core.webui.keyword.builtin.OpenBrowserKeyword.execute(OpenBrowserKeyword.groovy:67)
	at com.kms.katalon.core.keyword.internal.KeywordExecutor.executeKeywordForPlatform(KeywordExecutor.groovy:73)
	at com.kms.katalon.core.webui.keyword.WebUiBuiltInKeywords.openBrowser(WebUiBuiltInKeywords.groovy:61)
	at com.kms.katalon.core.webui.keyword.WebUiBuiltInKeywords$openBrowser.call(Unknown Source)
	at customKeywords.commanFunctions.openBrowser(commanFunctions.groovy:47)
	at customKeywords.commanFunctions.invokeMethod(commanFunctions.groovy)
	at com.kms.katalon.core.main.CustomKeywordDelegatingMetaClass.invokeStaticMethod(CustomKeywordDelegatingMetaClass.java:50)
	at Script1613217918623.run(Script1613217918623.groovy:22)
	... 13 more
)

2021-02-19 19:38:01 - [MESSAGE][FAILED] - Unable to open browser with url: 'https://Inspect.Stage.site.sa'

2021-02-19 19:38:01 - [TEST_STEP][PASSED] - Start tear down : tearDownMethodIfFailed: Method 'tearDownMethodIfFailed' complete successfully

2021-02-19 19:38:01 - [TEST_STEP][PASSED] - customKeywords.commanFunctions.onlyCloseBrowser(): customKeywords.commanFunctions.onlyCloseBrowser is PASSED

2021-02-19 19:38:03 - [MESSAGE][PASSED] - Browser is closed

2021-02-19 19:38:03 - [MESSAGE][PASSED] - customKeywords.commanFunctions.onlyCloseBrowser is PASSED

2021-02-19 19:38:03 - [TEST_STEP][PASSED] - logInfo("[--------This is tearDownIfFailed method------]"): [--------This is tearDownIfFailed method------]

2021-02-19 19:38:03 - [MESSAGE][INFO] - [--------This is tearDownIfFailed method------]

2021-02-19 19:38:03 - [MESSAGE][PASSED] - Method 'tearDownMethodIfFailed' complete successfully]]></system-out>
         <system-err><![CDATA[2021-02-19 19:37:11 - [TEST_CASE][FAILED] - Test Cases/TC_Login_RegisterUserAndForgotYourPassword/BasicTCs/TC_LoginUserWithInValidPasswordAndVerifyLoginShouldNotSucss: Test Cases/TC_Login_RegisterUserAndForgotYourPassword/BasicTCs/TC_LoginUserWithInValidPasswordAndVerifyLoginShouldNotSucss FAILED.
Reason:
com.kms.katalon.core.exception.StepFailedException: Unable to open browser with url: 'https://Inspect.Stage.site.sa'
	at com.kms.katalon.core.webui.keyword.internal.WebUIKeywordMain.stepFailed(WebUIKeywordMain.groovy:64)
	at com.kms.katalon.core.webui.keyword.internal.WebUIKeywordMain.runKeyword(WebUIKeywordMain.groovy:26)
	at com.kms.katalon.core.webui.keyword.builtin.OpenBrowserKeyword.openBrowser(OpenBrowserKeyword.groovy:81)
	at com.kms.katalon.core.webui.keyword.builtin.OpenBrowserKeyword.execute(OpenBrowserKeyword.groovy:67)
	at com.kms.katalon.core.keyword.internal.KeywordExecutor.executeKeywordForPlatform(KeywordExecutor.groovy:73)
	at com.kms.katalon.core.webui.keyword.WebUiBuiltInKeywords.openBrowser(WebUiBuiltInKeywords.groovy:61)
	at com.kms.katalon.core.webui.keyword.WebUiBuiltInKeywords$openBrowser.call(Unknown Source)
	at customKeywords.commanFunctions.openBrowser(commanFunctions.groovy:47)
	at customKeywords.commanFunctions.invokeMethod(commanFunctions.groovy)
	at com.kms.katalon.core.main.CustomKeywordDelegatingMetaClass.invokeStaticMethod(CustomKeywordDelegatingMetaClass.java:50)
	at TC_LoginUserWithInValidPasswordAndVerifyLoginShouldNotSucss.run(TC_LoginUserWithInValidPasswordAndVerifyLoginShouldNotSucss:22)
	at com.kms.katalon.core.main.ScriptEngine.run(ScriptEngine.java:194)
	at com.kms.katalon.core.main.ScriptEngine.runScriptAsRawText(ScriptEngine.java:119)
	at com.kms.katalon.core.main.TestCaseExecutor.runScript(TestCaseExecutor.java:394)
	at com.kms.katalon.core.main.TestCaseExecutor.doExecute(TestCaseExecutor.java:385)
	at com.kms.katalon.core.main.TestCaseExecutor.processExecutionPhase(TestCaseExecutor.java:364)
	at com.kms.katalon.core.main.TestCaseExecutor.accessMainPhase(TestCaseExecutor.java:356)
	at com.kms.katalon.core.main.TestCaseExecutor.execute(TestCaseExecutor.java:251)
	at com.kms.katalon.core.main.TestSuiteExecutor.accessTestCaseMainPhase(TestSuiteExecutor.java:203)
	at com.kms.katalon.core.main.TestSuiteExecutor.accessTestSuiteMainPhase(TestSuiteExecutor.java:152)
	at com.kms.katalon.core.main.TestSuiteExecutor.execute(TestSuiteExecutor.java:95)
	at com.kms.katalon.core.main.TestCaseMain.startTestSuite(TestCaseMain.java:157)
	at com.kms.katalon.core.main.TestCaseMain$startTestSuite$0.call(Unknown Source)
	at TempTestSuite1613740426765.run(TempTestSuite1613740426765.groovy:39)
Caused by: org.openqa.selenium.WebDriverException: Reached error page: about:neterror?e=netTimeout&u=https%3A//inspect.stage.site.sa/&c=UTF-8&d=The%20server%20at%20inspect.stage.site.sa%20is%20taking%20too%20long%20to%20respond.
Build info: version: '3.141.59', revision: 'e82be7d358', time: '2018-11-14T08:25:53'
System info: host: 'OMTPGCN1132568L', ip: '192.168.0.102', os.name: 'Windows 10', os.arch: 'amd64', os.version: '10.0', java.version: '1.8.0_181'
Driver info: com.kms.katalon.core.webui.driver.firefox.CGeckoDriver
Capabilities {acceptInsecureCerts: true, browserName: firefox, browserVersion: 85.0.2, javascriptEnabled: true, moz:accessibilityChecks: false, moz:buildID: 20210208133944, moz:geckodriverVersion: 0.23.0, moz:headless: false, moz:processID: 17596, moz:profile: C:\Users\ashok\AppData\Loca..., moz:shutdownTimeout: 60000, moz:useNonSpecCompliantPointerOrigin: false, moz:webdriverClick: true, pageLoadStrategy: normal, platform: WINDOWS, platformName: WINDOWS, platformVersion: 10.0, proxy: Proxy(direct), rotatable: false, setWindowRect: true, strictFileInteractability: false, timeouts: {implicit: 0, pageLoad: 300000, script: 30000}, unhandledPromptBehavior: dismiss and notify}
Session ID: 9d6bbdc0-2e1b-41ff-a331-39a9fb58959c
	at org.openqa.selenium.remote.http.W3CHttpResponseCodec.createException(W3CHttpResponseCodec.java:187)
	at org.openqa.selenium.remote.http.W3CHttpResponseCodec.decode(W3CHttpResponseCodec.java:122)
	at org.openqa.selenium.remote.http.W3CHttpResponseCodec.decode(W3CHttpResponseCodec.java:49)
	at org.openqa.selenium.remote.HttpCommandExecutor.execute(HttpCommandExecutor.java:158)
	at org.openqa.selenium.remote.service.DriverCommandExecutor.execute(DriverCommandExecutor.java:83)
	at org.openqa.selenium.remote.RemoteWebDriver.execute(RemoteWebDriver.java:552)
	at com.kms.katalon.selenium.driver.CFirefoxDriver.execute(CFirefoxDriver.java:27)
	at org.openqa.selenium.remote.RemoteWebDriver.get(RemoteWebDriver.java:277)
	at org.openqa.selenium.support.events.EventFiringWebDriver.lambda$new$1(EventFiringWebDriver.java:105)
	at com.sun.proxy.$Proxy11.get(Unknown Source)
	at org.openqa.selenium.support.events.EventFiringWebDriver.get(EventFiringWebDriver.java:165)
	at com.kms.katalon.core.webui.keyword.builtin.OpenBrowserKeyword$_openBrowser_closure1.doCall(OpenBrowserKeyword.groovy:78)
	at com.kms.katalon.core.webui.keyword.builtin.OpenBrowserKeyword$_openBrowser_closure1.call(OpenBrowserKeyword.groovy)
	at com.kms.katalon.core.webui.keyword.internal.WebUIKeywordMain.runKeyword(WebUIKeywordMain.groovy:20)
	... 22 more]]></system-err>
      </testcase>
      <testcase name="Test Cases/TC_Login_RegisterUserAndForgotYourPassword/BasicTCs/TC_LoginUserWithInValidUserNameAndVerifyLoginShouldNotSucss" time="52.47" classname="Test Cases/TC_Login_RegisterUserAndForgotYourPassword/BasicTCs/TC_LoginUserWithInValidUserNameAndVerifyLoginShouldNotSucss" status="FAILED">
         <failure type="FAILED" message="Test Cases/TC_Login_RegisterUserAndForgotYourPassword/BasicTCs/TC_LoginUserWithInValidUserNameAndVerifyLoginShouldNotSucss FAILED.
Reason:
com.kms.katalon.core.exception.StepFailedException: Unable to open browser with url: 'https://Inspect.Stage.site.sa'
	at com.kms.katalon.core.webui.keyword.internal.WebUIKeywordMain.stepFailed(WebUIKeywordMain.groovy:64)
	at com.kms.katalon.core.webui.keyword.internal.WebUIKeywordMain.runKeyword(WebUIKeywordMain.groovy:26)
	at com.kms.katalon.core.webui.keyword.builtin.OpenBrowserKeyword.openBrowser(OpenBrowserKeyword.groovy:81)
	at com.kms.katalon.core.webui.keyword.builtin.OpenBrowserKeyword.execute(OpenBrowserKeyword.groovy:67)
	at com.kms.katalon.core.keyword.internal.KeywordExecutor.executeKeywordForPlatform(KeywordExecutor.groovy:73)
	at com.kms.katalon.core.webui.keyword.WebUiBuiltInKeywords.openBrowser(WebUiBuiltInKeywords.groovy:61)
	at com.kms.katalon.core.webui.keyword.WebUiBuiltInKeywords$openBrowser.call(Unknown Source)
	at customKeywords.commanFunctions.openBrowser(commanFunctions.groovy:47)
	at customKeywords.commanFunctions.invokeMethod(commanFunctions.groovy)
	at com.kms.katalon.core.main.CustomKeywordDelegatingMetaClass.invokeStaticMethod(CustomKeywordDelegatingMetaClass.java:50)
	at TC_LoginUserWithInValidUserNameAndVerifyLoginShouldNotSucss.run(TC_LoginUserWithInValidUserNameAndVerifyLoginShouldNotSucss:22)
	at com.kms.katalon.core.main.ScriptEngine.run(ScriptEngine.java:194)
	at com.kms.katalon.core.main.ScriptEngine.runScriptAsRawText(ScriptEngine.java:119)
	at com.kms.katalon.core.main.TestCaseExecutor.runScript(TestCaseExecutor.java:394)
	at com.kms.katalon.core.main.TestCaseExecutor.doExecute(TestCaseExecutor.java:385)
	at com.kms.katalon.core.main.TestCaseExecutor.processExecutionPhase(TestCaseExecutor.java:364)
	at com.kms.katalon.core.main.TestCaseExecutor.accessMainPhase(TestCaseExecutor.java:356)
	at com.kms.katalon.core.main.TestCaseExecutor.execute(TestCaseExecutor.java:251)
	at com.kms.katalon.core.main.TestSuiteExecutor.accessTestCaseMainPhase(TestSuiteExecutor.java:203)
	at com.kms.katalon.core.main.TestSuiteExecutor.accessTestSuiteMainPhase(TestSuiteExecutor.java:152)
	at com.kms.katalon.core.main.TestSuiteExecutor.execute(TestSuiteExecutor.java:95)
	at com.kms.katalon.core.main.TestCaseMain.startTestSuite(TestCaseMain.java:157)
	at com.kms.katalon.core.main.TestCaseMain$startTestSuite$0.call(Unknown Source)
	at TempTestSuite1613740426765.run(TempTestSuite1613740426765.groovy:39)
Caused by: org.openqa.selenium.WebDriverException: Reached error page: about:neterror?e=netTimeout&amp;u=https%3A//inspect.stage.site.sa/&amp;c=UTF-8&amp;d=The%20server%20at%20inspect.stage.site.sa%20is%20taking%20too%20long%20to%20respond.
Build info: version: '3.141.59', revision: 'e82be7d358', time: '2018-11-14T08:25:53'
System info: host: 'OMTPGCN1132568L', ip: '192.168.0.102', os.name: 'Windows 10', os.arch: 'amd64', os.version: '10.0', java.version: '1.8.0_181'
Driver info: com.kms.katalon.core.webui.driver.firefox.CGeckoDriver
Capabilities {acceptInsecureCerts: true, browserName: firefox, browserVersion: 85.0.2, javascriptEnabled: true, moz:accessibilityChecks: false, moz:buildID: 20210208133944, moz:geckodriverVersion: 0.23.0, moz:headless: false, moz:processID: 18364, moz:profile: C:\Users\ashok\AppData\Loca..., moz:shutdownTimeout: 60000, moz:useNonSpecCompliantPointerOrigin: false, moz:webdriverClick: true, pageLoadStrategy: normal, platform: WINDOWS, platformName: WINDOWS, platformVersion: 10.0, proxy: Proxy(direct), rotatable: false, setWindowRect: true, strictFileInteractability: false, timeouts: {implicit: 0, pageLoad: 300000, script: 30000}, unhandledPromptBehavior: dismiss and notify}
Session ID: 1fe976c7-6802-4576-a638-3dddec172983
	at org.openqa.selenium.remote.http.W3CHttpResponseCodec.createException(W3CHttpResponseCodec.java:187)
	at org.openqa.selenium.remote.http.W3CHttpResponseCodec.decode(W3CHttpResponseCodec.java:122)
	at org.openqa.selenium.remote.http.W3CHttpResponseCodec.decode(W3CHttpResponseCodec.java:49)
	at org.openqa.selenium.remote.HttpCommandExecutor.execute(HttpCommandExecutor.java:158)
	at org.openqa.selenium.remote.service.DriverCommandExecutor.execute(DriverCommandExecutor.java:83)
	at org.openqa.selenium.remote.RemoteWebDriver.execute(RemoteWebDriver.java:552)
	at com.kms.katalon.selenium.driver.CFirefoxDriver.execute(CFirefoxDriver.java:27)
	at org.openqa.selenium.remote.RemoteWebDriver.get(RemoteWebDriver.java:277)
	at org.openqa.selenium.support.events.EventFiringWebDriver.lambda$new$1(EventFiringWebDriver.java:105)
	at com.sun.proxy.$Proxy11.get(Unknown Source)
	at org.openqa.selenium.support.events.EventFiringWebDriver.get(EventFiringWebDriver.java:165)
	at com.kms.katalon.core.webui.keyword.builtin.OpenBrowserKeyword$_openBrowser_closure1.doCall(OpenBrowserKeyword.groovy:78)
	at com.kms.katalon.core.webui.keyword.builtin.OpenBrowserKeyword$_openBrowser_closure1.call(OpenBrowserKeyword.groovy)
	at com.kms.katalon.core.webui.keyword.internal.WebUIKeywordMain.runKeyword(WebUIKeywordMain.groovy:20)
	... 22 more
"/>
         <system-out><![CDATA[2021-02-19 19:38:03 - [TEST_CASE][FAILED] - Test Cases/TC_Login_RegisterUserAndForgotYourPassword/BasicTCs/TC_LoginUserWithInValidUserNameAndVerifyLoginShouldNotSucss: Test Cases/TC_Login_RegisterUserAndForgotYourPassword/BasicTCs/TC_LoginUserWithInValidUserNameAndVerifyLoginShouldNotSucss FAILED.
Reason:
com.kms.katalon.core.exception.StepFailedException: Unable to open browser with url: 'https://Inspect.Stage.site.sa'
	at com.kms.katalon.core.webui.keyword.internal.WebUIKeywordMain.stepFailed(WebUIKeywordMain.groovy:64)
	at com.kms.katalon.core.webui.keyword.internal.WebUIKeywordMain.runKeyword(WebUIKeywordMain.groovy:26)
	at com.kms.katalon.core.webui.keyword.builtin.OpenBrowserKeyword.openBrowser(OpenBrowserKeyword.groovy:81)
	at com.kms.katalon.core.webui.keyword.builtin.OpenBrowserKeyword.execute(OpenBrowserKeyword.groovy:67)
	at com.kms.katalon.core.keyword.internal.KeywordExecutor.executeKeywordForPlatform(KeywordExecutor.groovy:73)
	at com.kms.katalon.core.webui.keyword.WebUiBuiltInKeywords.openBrowser(WebUiBuiltInKeywords.groovy:61)
	at com.kms.katalon.core.webui.keyword.WebUiBuiltInKeywords$openBrowser.call(Unknown Source)
	at customKeywords.commanFunctions.openBrowser(commanFunctions.groovy:47)
	at customKeywords.commanFunctions.invokeMethod(commanFunctions.groovy)
	at com.kms.katalon.core.main.CustomKeywordDelegatingMetaClass.invokeStaticMethod(CustomKeywordDelegatingMetaClass.java:50)
	at TC_LoginUserWithInValidUserNameAndVerifyLoginShouldNotSucss.run(TC_LoginUserWithInValidUserNameAndVerifyLoginShouldNotSucss:22)
	at com.kms.katalon.core.main.ScriptEngine.run(ScriptEngine.java:194)
	at com.kms.katalon.core.main.ScriptEngine.runScriptAsRawText(ScriptEngine.java:119)
	at com.kms.katalon.core.main.TestCaseExecutor.runScript(TestCaseExecutor.java:394)
	at com.kms.katalon.core.main.TestCaseExecutor.doExecute(TestCaseExecutor.java:385)
	at com.kms.katalon.core.main.TestCaseExecutor.processExecutionPhase(TestCaseExecutor.java:364)
	at com.kms.katalon.core.main.TestCaseExecutor.accessMainPhase(TestCaseExecutor.java:356)
	at com.kms.katalon.core.main.TestCaseExecutor.execute(TestCaseExecutor.java:251)
	at com.kms.katalon.core.main.TestSuiteExecutor.accessTestCaseMainPhase(TestSuiteExecutor.java:203)
	at com.kms.katalon.core.main.TestSuiteExecutor.accessTestSuiteMainPhase(TestSuiteExecutor.java:152)
	at com.kms.katalon.core.main.TestSuiteExecutor.execute(TestSuiteExecutor.java:95)
	at com.kms.katalon.core.main.TestCaseMain.startTestSuite(TestCaseMain.java:157)
	at com.kms.katalon.core.main.TestCaseMain$startTestSuite$0.call(Unknown Source)
	at TempTestSuite1613740426765.run(TempTestSuite1613740426765.groovy:39)
Caused by: org.openqa.selenium.WebDriverException: Reached error page: about:neterror?e=netTimeout&u=https%3A//inspect.stage.site.sa/&c=UTF-8&d=The%20server%20at%20inspect.stage.site.sa%20is%20taking%20too%20long%20to%20respond.
Build info: version: '3.141.59', revision: 'e82be7d358', time: '2018-11-14T08:25:53'
System info: host: 'OMTPGCN1132568L', ip: '192.168.0.102', os.name: 'Windows 10', os.arch: 'amd64', os.version: '10.0', java.version: '1.8.0_181'
Driver info: com.kms.katalon.core.webui.driver.firefox.CGeckoDriver
Capabilities {acceptInsecureCerts: true, browserName: firefox, browserVersion: 85.0.2, javascriptEnabled: true, moz:accessibilityChecks: false, moz:buildID: 20210208133944, moz:geckodriverVersion: 0.23.0, moz:headless: false, moz:processID: 18364, moz:profile: C:\Users\ashok\AppData\Loca..., moz:shutdownTimeout: 60000, moz:useNonSpecCompliantPointerOrigin: false, moz:webdriverClick: true, pageLoadStrategy: normal, platform: WINDOWS, platformName: WINDOWS, platformVersion: 10.0, proxy: Proxy(direct), rotatable: false, setWindowRect: true, strictFileInteractability: false, timeouts: {implicit: 0, pageLoad: 300000, script: 30000}, unhandledPromptBehavior: dismiss and notify}
Session ID: 1fe976c7-6802-4576-a638-3dddec172983
	at org.openqa.selenium.remote.http.W3CHttpResponseCodec.createException(W3CHttpResponseCodec.java:187)
	at org.openqa.selenium.remote.http.W3CHttpResponseCodec.decode(W3CHttpResponseCodec.java:122)
	at org.openqa.selenium.remote.http.W3CHttpResponseCodec.decode(W3CHttpResponseCodec.java:49)
	at org.openqa.selenium.remote.HttpCommandExecutor.execute(HttpCommandExecutor.java:158)
	at org.openqa.selenium.remote.service.DriverCommandExecutor.execute(DriverCommandExecutor.java:83)
	at org.openqa.selenium.remote.RemoteWebDriver.execute(RemoteWebDriver.java:552)
	at com.kms.katalon.selenium.driver.CFirefoxDriver.execute(CFirefoxDriver.java:27)
	at org.openqa.selenium.remote.RemoteWebDriver.get(RemoteWebDriver.java:277)
	at org.openqa.selenium.support.events.EventFiringWebDriver.lambda$new$1(EventFiringWebDriver.java:105)
	at com.sun.proxy.$Proxy11.get(Unknown Source)
	at org.openqa.selenium.support.events.EventFiringWebDriver.get(EventFiringWebDriver.java:165)
	at com.kms.katalon.core.webui.keyword.builtin.OpenBrowserKeyword$_openBrowser_closure1.doCall(OpenBrowserKeyword.groovy:78)
	at com.kms.katalon.core.webui.keyword.builtin.OpenBrowserKeyword$_openBrowser_closure1.call(OpenBrowserKeyword.groovy)
	at com.kms.katalon.core.webui.keyword.internal.WebUIKeywordMain.runKeyword(WebUIKeywordMain.groovy:20)
	... 22 more


2021-02-19 19:38:03 - [TEST_STEP][PASSED] - excelTestData = findTestData("Data Files/TestData/InspectTestData"): null

2021-02-19 19:38:03 - [TEST_STEP][PASSED] - validationMessage = excelTestData.getValue(2, 4): null

2021-02-19 19:38:03 - [TEST_STEP][PASSED] - obj = findTestObject("LoginAndRigisterUser/LoginLink"): null

2021-02-19 19:38:03 - [TEST_STEP][PASSED] - LoginBtn = findTestObject("Object Repository/LoginAndRigisterUser/LoginBtn"): null

2021-02-19 19:38:03 - [TEST_STEP][FAILED] - customKeywords.commanFunctions.openBrowser(): Unable to open browser with url: 'https://Inspect.Stage.site.sa'

2021-02-19 19:38:04 - [MESSAGE][INFO] - Starting 'Firefox' driver

2021-02-19 19:38:04 - [MESSAGE][INFO] - Action delay is set to 0 milliseconds

2021-02-19 19:38:54 - [MESSAGE][FAILED] - Unable to open browser with url: 'https://Inspect.Stage.site.sa' (Root cause: com.kms.katalon.core.exception.StepFailedException: Unable to open browser with url: 'https://Inspect.Stage.site.sa'
	at com.kms.katalon.core.webui.keyword.internal.WebUIKeywordMain.stepFailed(WebUIKeywordMain.groovy:64)
	at com.kms.katalon.core.webui.keyword.internal.WebUIKeywordMain.runKeyword(WebUIKeywordMain.groovy:26)
	at com.kms.katalon.core.webui.keyword.builtin.OpenBrowserKeyword.openBrowser(OpenBrowserKeyword.groovy:81)
	at com.kms.katalon.core.webui.keyword.builtin.OpenBrowserKeyword.execute(OpenBrowserKeyword.groovy:67)
	at com.kms.katalon.core.keyword.internal.KeywordExecutor.executeKeywordForPlatform(KeywordExecutor.groovy:73)
	at com.kms.katalon.core.webui.keyword.WebUiBuiltInKeywords.openBrowser(WebUiBuiltInKeywords.groovy:61)
	at com.kms.katalon.core.webui.keyword.WebUiBuiltInKeywords$openBrowser.call(Unknown Source)
	at customKeywords.commanFunctions.openBrowser(commanFunctions.groovy:47)
	at customKeywords.commanFunctions.invokeMethod(commanFunctions.groovy)
	at com.kms.katalon.core.main.CustomKeywordDelegatingMetaClass.invokeStaticMethod(CustomKeywordDelegatingMetaClass.java:50)
	at TC_LoginUserWithInValidUserNameAndVerifyLoginShouldNotSucss.run(TC_LoginUserWithInValidUserNameAndVerifyLoginShouldNotSucss:22)
	at com.kms.katalon.core.main.ScriptEngine.run(ScriptEngine.java:194)
	at com.kms.katalon.core.main.ScriptEngine.runScriptAsRawText(ScriptEngine.java:119)
	at com.kms.katalon.core.main.TestCaseExecutor.runScript(TestCaseExecutor.java:394)
	at com.kms.katalon.core.main.TestCaseExecutor.doExecute(TestCaseExecutor.java:385)
	at com.kms.katalon.core.main.TestCaseExecutor.processExecutionPhase(TestCaseExecutor.java:364)
	at com.kms.katalon.core.main.TestCaseExecutor.accessMainPhase(TestCaseExecutor.java:356)
	at com.kms.katalon.core.main.TestCaseExecutor.execute(TestCaseExecutor.java:251)
	at com.kms.katalon.core.main.TestSuiteExecutor.accessTestCaseMainPhase(TestSuiteExecutor.java:203)
	at com.kms.katalon.core.main.TestSuiteExecutor.accessTestSuiteMainPhase(TestSuiteExecutor.java:152)
	at com.kms.katalon.core.main.TestSuiteExecutor.execute(TestSuiteExecutor.java:95)
	at com.kms.katalon.core.main.TestCaseMain.startTestSuite(TestCaseMain.java:157)
	at com.kms.katalon.core.main.TestCaseMain$startTestSuite$0.call(Unknown Source)
	at TempTestSuite1613740426765.run(TempTestSuite1613740426765.groovy:39)
Caused by: org.openqa.selenium.WebDriverException: Reached error page: about:neterror?e=netTimeout&u=https%3A//inspect.stage.site.sa/&c=UTF-8&d=The%20server%20at%20inspect.stage.site.sa%20is%20taking%20too%20long%20to%20respond.
Build info: version: '3.141.59', revision: 'e82be7d358', time: '2018-11-14T08:25:53'
System info: host: 'OMTPGCN1132568L', ip: '192.168.0.102', os.name: 'Windows 10', os.arch: 'amd64', os.version: '10.0', java.version: '1.8.0_181'
Driver info: com.kms.katalon.core.webui.driver.firefox.CGeckoDriver
Capabilities {acceptInsecureCerts: true, browserName: firefox, browserVersion: 85.0.2, javascriptEnabled: true, moz:accessibilityChecks: false, moz:buildID: 20210208133944, moz:geckodriverVersion: 0.23.0, moz:headless: false, moz:processID: 18364, moz:profile: C:\Users\ashok\AppData\Loca..., moz:shutdownTimeout: 60000, moz:useNonSpecCompliantPointerOrigin: false, moz:webdriverClick: true, pageLoadStrategy: normal, platform: WINDOWS, platformName: WINDOWS, platformVersion: 10.0, proxy: Proxy(direct), rotatable: false, setWindowRect: true, strictFileInteractability: false, timeouts: {implicit: 0, pageLoad: 300000, script: 30000}, unhandledPromptBehavior: dismiss and notify}
Session ID: 1fe976c7-6802-4576-a638-3dddec172983
	at org.openqa.selenium.remote.http.W3CHttpResponseCodec.createException(W3CHttpResponseCodec.java:187)
	at org.openqa.selenium.remote.http.W3CHttpResponseCodec.decode(W3CHttpResponseCodec.java:122)
	at org.openqa.selenium.remote.http.W3CHttpResponseCodec.decode(W3CHttpResponseCodec.java:49)
	at org.openqa.selenium.remote.HttpCommandExecutor.execute(HttpCommandExecutor.java:158)
	at org.openqa.selenium.remote.service.DriverCommandExecutor.execute(DriverCommandExecutor.java:83)
	at org.openqa.selenium.remote.RemoteWebDriver.execute(RemoteWebDriver.java:552)
	at com.kms.katalon.selenium.driver.CFirefoxDriver.execute(CFirefoxDriver.java:27)
	at org.openqa.selenium.remote.RemoteWebDriver.get(RemoteWebDriver.java:277)
	at org.openqa.selenium.support.events.EventFiringWebDriver.lambda$new$1(EventFiringWebDriver.java:105)
	at com.sun.proxy.$Proxy11.get(Unknown Source)
	at org.openqa.selenium.support.events.EventFiringWebDriver.get(EventFiringWebDriver.java:165)
	at com.kms.katalon.core.webui.keyword.builtin.OpenBrowserKeyword$_openBrowser_closure1.doCall(OpenBrowserKeyword.groovy:78)
	at com.kms.katalon.core.webui.keyword.builtin.OpenBrowserKeyword$_openBrowser_closure1.call(OpenBrowserKeyword.groovy)
	at com.kms.katalon.core.webui.keyword.internal.WebUIKeywordMain.runKeyword(WebUIKeywordMain.groovy:20)
	at com.kms.katalon.core.webui.keyword.builtin.OpenBrowserKeyword.openBrowser(OpenBrowserKeyword.groovy:81)
	at com.kms.katalon.core.webui.keyword.builtin.OpenBrowserKeyword.execute(OpenBrowserKeyword.groovy:67)
	at com.kms.katalon.core.keyword.internal.KeywordExecutor.executeKeywordForPlatform(KeywordExecutor.groovy:73)
	at com.kms.katalon.core.webui.keyword.WebUiBuiltInKeywords.openBrowser(WebUiBuiltInKeywords.groovy:61)
	at com.kms.katalon.core.webui.keyword.WebUiBuiltInKeywords$openBrowser.call(Unknown Source)
	at customKeywords.commanFunctions.openBrowser(commanFunctions.groovy:47)
	at customKeywords.commanFunctions.invokeMethod(commanFunctions.groovy)
	at com.kms.katalon.core.main.CustomKeywordDelegatingMetaClass.invokeStaticMethod(CustomKeywordDelegatingMetaClass.java:50)
	at Script1613217918633.run(Script1613217918633.groovy:22)
	... 13 more
)

2021-02-19 19:38:54 - [MESSAGE][FAILED] - Unable to open browser with url: 'https://Inspect.Stage.site.sa'

2021-02-19 19:38:54 - [TEST_STEP][PASSED] - Start tear down : tearDownMethodIfFailed: Method 'tearDownMethodIfFailed' complete successfully

2021-02-19 19:38:54 - [TEST_STEP][PASSED] - customKeywords.commanFunctions.onlyCloseBrowser(): customKeywords.commanFunctions.onlyCloseBrowser is PASSED

2021-02-19 19:38:55 - [MESSAGE][PASSED] - Browser is closed

2021-02-19 19:38:55 - [MESSAGE][PASSED] - customKeywords.commanFunctions.onlyCloseBrowser is PASSED

2021-02-19 19:38:55 - [TEST_STEP][PASSED] - logInfo("[--------This is tearDownIfFailed method------]"): [--------This is tearDownIfFailed method------]

2021-02-19 19:38:55 - [MESSAGE][INFO] - [--------This is tearDownIfFailed method------]

2021-02-19 19:38:55 - [MESSAGE][PASSED] - Method 'tearDownMethodIfFailed' complete successfully]]></system-out>
         <system-err><![CDATA[2021-02-19 19:38:03 - [TEST_CASE][FAILED] - Test Cases/TC_Login_RegisterUserAndForgotYourPassword/BasicTCs/TC_LoginUserWithInValidUserNameAndVerifyLoginShouldNotSucss: Test Cases/TC_Login_RegisterUserAndForgotYourPassword/BasicTCs/TC_LoginUserWithInValidUserNameAndVerifyLoginShouldNotSucss FAILED.
Reason:
com.kms.katalon.core.exception.StepFailedException: Unable to open browser with url: 'https://Inspect.Stage.site.sa'
	at com.kms.katalon.core.webui.keyword.internal.WebUIKeywordMain.stepFailed(WebUIKeywordMain.groovy:64)
	at com.kms.katalon.core.webui.keyword.internal.WebUIKeywordMain.runKeyword(WebUIKeywordMain.groovy:26)
	at com.kms.katalon.core.webui.keyword.builtin.OpenBrowserKeyword.openBrowser(OpenBrowserKeyword.groovy:81)
	at com.kms.katalon.core.webui.keyword.builtin.OpenBrowserKeyword.execute(OpenBrowserKeyword.groovy:67)
	at com.kms.katalon.core.keyword.internal.KeywordExecutor.executeKeywordForPlatform(KeywordExecutor.groovy:73)
	at com.kms.katalon.core.webui.keyword.WebUiBuiltInKeywords.openBrowser(WebUiBuiltInKeywords.groovy:61)
	at com.kms.katalon.core.webui.keyword.WebUiBuiltInKeywords$openBrowser.call(Unknown Source)
	at customKeywords.commanFunctions.openBrowser(commanFunctions.groovy:47)
	at customKeywords.commanFunctions.invokeMethod(commanFunctions.groovy)
	at com.kms.katalon.core.main.CustomKeywordDelegatingMetaClass.invokeStaticMethod(CustomKeywordDelegatingMetaClass.java:50)
	at TC_LoginUserWithInValidUserNameAndVerifyLoginShouldNotSucss.run(TC_LoginUserWithInValidUserNameAndVerifyLoginShouldNotSucss:22)
	at com.kms.katalon.core.main.ScriptEngine.run(ScriptEngine.java:194)
	at com.kms.katalon.core.main.ScriptEngine.runScriptAsRawText(ScriptEngine.java:119)
	at com.kms.katalon.core.main.TestCaseExecutor.runScript(TestCaseExecutor.java:394)
	at com.kms.katalon.core.main.TestCaseExecutor.doExecute(TestCaseExecutor.java:385)
	at com.kms.katalon.core.main.TestCaseExecutor.processExecutionPhase(TestCaseExecutor.java:364)
	at com.kms.katalon.core.main.TestCaseExecutor.accessMainPhase(TestCaseExecutor.java:356)
	at com.kms.katalon.core.main.TestCaseExecutor.execute(TestCaseExecutor.java:251)
	at com.kms.katalon.core.main.TestSuiteExecutor.accessTestCaseMainPhase(TestSuiteExecutor.java:203)
	at com.kms.katalon.core.main.TestSuiteExecutor.accessTestSuiteMainPhase(TestSuiteExecutor.java:152)
	at com.kms.katalon.core.main.TestSuiteExecutor.execute(TestSuiteExecutor.java:95)
	at com.kms.katalon.core.main.TestCaseMain.startTestSuite(TestCaseMain.java:157)
	at com.kms.katalon.core.main.TestCaseMain$startTestSuite$0.call(Unknown Source)
	at TempTestSuite1613740426765.run(TempTestSuite1613740426765.groovy:39)
Caused by: org.openqa.selenium.WebDriverException: Reached error page: about:neterror?e=netTimeout&u=https%3A//inspect.stage.site.sa/&c=UTF-8&d=The%20server%20at%20inspect.stage.site.sa%20is%20taking%20too%20long%20to%20respond.
Build info: version: '3.141.59', revision: 'e82be7d358', time: '2018-11-14T08:25:53'
System info: host: 'OMTPGCN1132568L', ip: '192.168.0.102', os.name: 'Windows 10', os.arch: 'amd64', os.version: '10.0', java.version: '1.8.0_181'
Driver info: com.kms.katalon.core.webui.driver.firefox.CGeckoDriver
Capabilities {acceptInsecureCerts: true, browserName: firefox, browserVersion: 85.0.2, javascriptEnabled: true, moz:accessibilityChecks: false, moz:buildID: 20210208133944, moz:geckodriverVersion: 0.23.0, moz:headless: false, moz:processID: 18364, moz:profile: C:\Users\ashok\AppData\Loca..., moz:shutdownTimeout: 60000, moz:useNonSpecCompliantPointerOrigin: false, moz:webdriverClick: true, pageLoadStrategy: normal, platform: WINDOWS, platformName: WINDOWS, platformVersion: 10.0, proxy: Proxy(direct), rotatable: false, setWindowRect: true, strictFileInteractability: false, timeouts: {implicit: 0, pageLoad: 300000, script: 30000}, unhandledPromptBehavior: dismiss and notify}
Session ID: 1fe976c7-6802-4576-a638-3dddec172983
	at org.openqa.selenium.remote.http.W3CHttpResponseCodec.createException(W3CHttpResponseCodec.java:187)
	at org.openqa.selenium.remote.http.W3CHttpResponseCodec.decode(W3CHttpResponseCodec.java:122)
	at org.openqa.selenium.remote.http.W3CHttpResponseCodec.decode(W3CHttpResponseCodec.java:49)
	at org.openqa.selenium.remote.HttpCommandExecutor.execute(HttpCommandExecutor.java:158)
	at org.openqa.selenium.remote.service.DriverCommandExecutor.execute(DriverCommandExecutor.java:83)
	at org.openqa.selenium.remote.RemoteWebDriver.execute(RemoteWebDriver.java:552)
	at com.kms.katalon.selenium.driver.CFirefoxDriver.execute(CFirefoxDriver.java:27)
	at org.openqa.selenium.remote.RemoteWebDriver.get(RemoteWebDriver.java:277)
	at org.openqa.selenium.support.events.EventFiringWebDriver.lambda$new$1(EventFiringWebDriver.java:105)
	at com.sun.proxy.$Proxy11.get(Unknown Source)
	at org.openqa.selenium.support.events.EventFiringWebDriver.get(EventFiringWebDriver.java:165)
	at com.kms.katalon.core.webui.keyword.builtin.OpenBrowserKeyword$_openBrowser_closure1.doCall(OpenBrowserKeyword.groovy:78)
	at com.kms.katalon.core.webui.keyword.builtin.OpenBrowserKeyword$_openBrowser_closure1.call(OpenBrowserKeyword.groovy)
	at com.kms.katalon.core.webui.keyword.internal.WebUIKeywordMain.runKeyword(WebUIKeywordMain.groovy:20)
	... 22 more]]></system-err>
      </testcase>
      <testcase name="Test Cases/TC_Login_RegisterUserAndForgotYourPassword/BasicTCs/TC_LoginUserWithValidCredentialsAndVerifyLoginSucss" time="53.024" classname="Test Cases/TC_Login_RegisterUserAndForgotYourPassword/BasicTCs/TC_LoginUserWithValidCredentialsAndVerifyLoginSucss" status="FAILED">
         <failure type="FAILED" message="Test Cases/TC_Login_RegisterUserAndForgotYourPassword/BasicTCs/TC_LoginUserWithValidCredentialsAndVerifyLoginSucss FAILED.
Reason:
com.kms.katalon.core.exception.StepFailedException: Call Test Case 'Test Cases/TC_Login_RegisterUserAndForgotYourPassword/CommanTCs/TC_LoginToBrowserAsAdmin' failed
	at com.kms.katalon.core.keyword.builtin.CallTestCaseKeyword$_callTestCase_closure1.doCall(CallTestCaseKeyword.groovy:63)
	at com.kms.katalon.core.keyword.builtin.CallTestCaseKeyword$_callTestCase_closure1.call(CallTestCaseKeyword.groovy)
	at com.kms.katalon.core.keyword.internal.KeywordMain.runKeyword(KeywordMain.groovy:68)
	at com.kms.katalon.core.keyword.builtin.CallTestCaseKeyword.callTestCase(CallTestCaseKeyword.groovy:81)
	at com.kms.katalon.core.keyword.builtin.CallTestCaseKeyword.execute(CallTestCaseKeyword.groovy:44)
	at com.kms.katalon.core.keyword.internal.KeywordExecutor.executeKeywordForPlatform(KeywordExecutor.groovy:73)
	at com.kms.katalon.core.keyword.BuiltinKeywords.callTestCase(BuiltinKeywords.groovy:350)
	at TC_LoginUserWithValidCredentialsAndVerifyLoginSucss.run(TC_LoginUserWithValidCredentialsAndVerifyLoginSucss:8)
	at com.kms.katalon.core.main.ScriptEngine.run(ScriptEngine.java:194)
	at com.kms.katalon.core.main.ScriptEngine.runScriptAsRawText(ScriptEngine.java:119)
	at com.kms.katalon.core.main.TestCaseExecutor.runScript(TestCaseExecutor.java:394)
	at com.kms.katalon.core.main.TestCaseExecutor.doExecute(TestCaseExecutor.java:385)
	at com.kms.katalon.core.main.TestCaseExecutor.processExecutionPhase(TestCaseExecutor.java:364)
	at com.kms.katalon.core.main.TestCaseExecutor.accessMainPhase(TestCaseExecutor.java:356)
	at com.kms.katalon.core.main.TestCaseExecutor.execute(TestCaseExecutor.java:251)
	at com.kms.katalon.core.main.TestSuiteExecutor.accessTestCaseMainPhase(TestSuiteExecutor.java:203)
	at com.kms.katalon.core.main.TestSuiteExecutor.accessTestSuiteMainPhase(TestSuiteExecutor.java:152)
	at com.kms.katalon.core.main.TestSuiteExecutor.execute(TestSuiteExecutor.java:95)
	at com.kms.katalon.core.main.TestCaseMain.startTestSuite(TestCaseMain.java:157)
	at com.kms.katalon.core.main.TestCaseMain$startTestSuite$0.call(Unknown Source)
	at TempTestSuite1613740426765.run(TempTestSuite1613740426765.groovy:39)
Caused by: com.kms.katalon.core.exception.StepFailedException: Unable to open browser with url: 'https://Inspect.Stage.site.sa'
	at com.kms.katalon.core.webui.keyword.internal.WebUIKeywordMain.stepFailed(WebUIKeywordMain.groovy:64)
	at com.kms.katalon.core.webui.keyword.internal.WebUIKeywordMain.runKeyword(WebUIKeywordMain.groovy:26)
	at com.kms.katalon.core.webui.keyword.builtin.OpenBrowserKeyword.openBrowser(OpenBrowserKeyword.groovy:81)
	at com.kms.katalon.core.webui.keyword.builtin.OpenBrowserKeyword.execute(OpenBrowserKeyword.groovy:67)
	at com.kms.katalon.core.keyword.internal.KeywordExecutor.executeKeywordForPlatform(KeywordExecutor.groovy:73)
	at com.kms.katalon.core.webui.keyword.WebUiBuiltInKeywords.openBrowser(WebUiBuiltInKeywords.groovy:61)
	at com.kms.katalon.core.webui.keyword.WebUiBuiltInKeywords$openBrowser.call(Unknown Source)
	at customKeywords.commanFunctions.openBrowser(commanFunctions.groovy:47)
	at customKeywords.commanFunctions.invokeMethod(commanFunctions.groovy)
	at com.kms.katalon.core.main.CustomKeywordDelegatingMetaClass.invokeStaticMethod(CustomKeywordDelegatingMetaClass.java:50)
	at TC_LoginToBrowserAsAdmin.run(TC_LoginToBrowserAsAdmin:21)
	at com.kms.katalon.core.main.ScriptEngine.run(ScriptEngine.java:194)
	at com.kms.katalon.core.main.ScriptEngine.runScriptAsRawText(ScriptEngine.java:119)
	at com.kms.katalon.core.main.TestCaseExecutor.runScript(TestCaseExecutor.java:394)
	at com.kms.katalon.core.main.TestCaseExecutor.doExecute(TestCaseExecutor.java:385)
	at com.kms.katalon.core.main.TestCaseExecutor.processExecutionPhase(TestCaseExecutor.java:364)
	at com.kms.katalon.core.main.TestCaseExecutor.accessMainPhase(TestCaseExecutor.java:356)
	at com.kms.katalon.core.main.TestCaseExecutor.execute(TestCaseExecutor.java:251)
	at com.kms.katalon.core.main.TestCaseMain.runTestCase(TestCaseMain.java:114)
	at com.kms.katalon.core.keyword.builtin.CallTestCaseKeyword$_callTestCase_closure1.doCall(CallTestCaseKeyword.groovy:59)
	... 20 more
Caused by: org.openqa.selenium.WebDriverException: Reached error page: about:neterror?e=netTimeout&amp;u=https%3A//inspect.stage.site.sa/&amp;c=UTF-8&amp;d=The%20server%20at%20inspect.stage.site.sa%20is%20taking%20too%20long%20to%20respond.
Build info: version: '3.141.59', revision: 'e82be7d358', time: '2018-11-14T08:25:53'
System info: host: 'OMTPGCN1132568L', ip: '192.168.0.102', os.name: 'Windows 10', os.arch: 'amd64', os.version: '10.0', java.version: '1.8.0_181'
Driver info: com.kms.katalon.core.webui.driver.firefox.CGeckoDriver
Capabilities {acceptInsecureCerts: true, browserName: firefox, browserVersion: 85.0.2, javascriptEnabled: true, moz:accessibilityChecks: false, moz:buildID: 20210208133944, moz:geckodriverVersion: 0.23.0, moz:headless: false, moz:processID: 24472, moz:profile: C:\Users\ashok\AppData\Loca..., moz:shutdownTimeout: 60000, moz:useNonSpecCompliantPointerOrigin: false, moz:webdriverClick: true, pageLoadStrategy: normal, platform: WINDOWS, platformName: WINDOWS, platformVersion: 10.0, proxy: Proxy(direct), rotatable: false, setWindowRect: true, strictFileInteractability: false, timeouts: {implicit: 0, pageLoad: 300000, script: 30000}, unhandledPromptBehavior: dismiss and notify}
Session ID: 2a515859-dbbf-47b7-bac2-b8e1a693986c
	at org.openqa.selenium.remote.http.W3CHttpResponseCodec.createException(W3CHttpResponseCodec.java:187)
	at org.openqa.selenium.remote.http.W3CHttpResponseCodec.decode(W3CHttpResponseCodec.java:122)
	at org.openqa.selenium.remote.http.W3CHttpResponseCodec.decode(W3CHttpResponseCodec.java:49)
	at org.openqa.selenium.remote.HttpCommandExecutor.execute(HttpCommandExecutor.java:158)
	at org.openqa.selenium.remote.service.DriverCommandExecutor.execute(DriverCommandExecutor.java:83)
	at org.openqa.selenium.remote.RemoteWebDriver.execute(RemoteWebDriver.java:552)
	at com.kms.katalon.selenium.driver.CFirefoxDriver.execute(CFirefoxDriver.java:27)
	at org.openqa.selenium.remote.RemoteWebDriver.get(RemoteWebDriver.java:277)
	at org.openqa.selenium.support.events.EventFiringWebDriver.lambda$new$1(EventFiringWebDriver.java:105)
	at com.sun.proxy.$Proxy11.get(Unknown Source)
	at org.openqa.selenium.support.events.EventFiringWebDriver.get(EventFiringWebDriver.java:165)
	at com.kms.katalon.core.webui.keyword.builtin.OpenBrowserKeyword$_openBrowser_closure1.doCall(OpenBrowserKeyword.groovy:78)
	at com.kms.katalon.core.webui.keyword.builtin.OpenBrowserKeyword$_openBrowser_closure1.call(OpenBrowserKeyword.groovy)
	at com.kms.katalon.core.webui.keyword.internal.WebUIKeywordMain.runKeyword(WebUIKeywordMain.groovy:20)
	... 38 more
"/>
         <system-out><![CDATA[2021-02-19 19:38:55 - [TEST_CASE][FAILED] - Test Cases/TC_Login_RegisterUserAndForgotYourPassword/BasicTCs/TC_LoginUserWithValidCredentialsAndVerifyLoginSucss: Test Cases/TC_Login_RegisterUserAndForgotYourPassword/BasicTCs/TC_LoginUserWithValidCredentialsAndVerifyLoginSucss FAILED.
Reason:
com.kms.katalon.core.exception.StepFailedException: Call Test Case 'Test Cases/TC_Login_RegisterUserAndForgotYourPassword/CommanTCs/TC_LoginToBrowserAsAdmin' failed
	at com.kms.katalon.core.keyword.builtin.CallTestCaseKeyword$_callTestCase_closure1.doCall(CallTestCaseKeyword.groovy:63)
	at com.kms.katalon.core.keyword.builtin.CallTestCaseKeyword$_callTestCase_closure1.call(CallTestCaseKeyword.groovy)
	at com.kms.katalon.core.keyword.internal.KeywordMain.runKeyword(KeywordMain.groovy:68)
	at com.kms.katalon.core.keyword.builtin.CallTestCaseKeyword.callTestCase(CallTestCaseKeyword.groovy:81)
	at com.kms.katalon.core.keyword.builtin.CallTestCaseKeyword.execute(CallTestCaseKeyword.groovy:44)
	at com.kms.katalon.core.keyword.internal.KeywordExecutor.executeKeywordForPlatform(KeywordExecutor.groovy:73)
	at com.kms.katalon.core.keyword.BuiltinKeywords.callTestCase(BuiltinKeywords.groovy:350)
	at TC_LoginUserWithValidCredentialsAndVerifyLoginSucss.run(TC_LoginUserWithValidCredentialsAndVerifyLoginSucss:8)
	at com.kms.katalon.core.main.ScriptEngine.run(ScriptEngine.java:194)
	at com.kms.katalon.core.main.ScriptEngine.runScriptAsRawText(ScriptEngine.java:119)
	at com.kms.katalon.core.main.TestCaseExecutor.runScript(TestCaseExecutor.java:394)
	at com.kms.katalon.core.main.TestCaseExecutor.doExecute(TestCaseExecutor.java:385)
	at com.kms.katalon.core.main.TestCaseExecutor.processExecutionPhase(TestCaseExecutor.java:364)
	at com.kms.katalon.core.main.TestCaseExecutor.accessMainPhase(TestCaseExecutor.java:356)
	at com.kms.katalon.core.main.TestCaseExecutor.execute(TestCaseExecutor.java:251)
	at com.kms.katalon.core.main.TestSuiteExecutor.accessTestCaseMainPhase(TestSuiteExecutor.java:203)
	at com.kms.katalon.core.main.TestSuiteExecutor.accessTestSuiteMainPhase(TestSuiteExecutor.java:152)
	at com.kms.katalon.core.main.TestSuiteExecutor.execute(TestSuiteExecutor.java:95)
	at com.kms.katalon.core.main.TestCaseMain.startTestSuite(TestCaseMain.java:157)
	at com.kms.katalon.core.main.TestCaseMain$startTestSuite$0.call(Unknown Source)
	at TempTestSuite1613740426765.run(TempTestSuite1613740426765.groovy:39)
Caused by: com.kms.katalon.core.exception.StepFailedException: Unable to open browser with url: 'https://Inspect.Stage.site.sa'
	at com.kms.katalon.core.webui.keyword.internal.WebUIKeywordMain.stepFailed(WebUIKeywordMain.groovy:64)
	at com.kms.katalon.core.webui.keyword.internal.WebUIKeywordMain.runKeyword(WebUIKeywordMain.groovy:26)
	at com.kms.katalon.core.webui.keyword.builtin.OpenBrowserKeyword.openBrowser(OpenBrowserKeyword.groovy:81)
	at com.kms.katalon.core.webui.keyword.builtin.OpenBrowserKeyword.execute(OpenBrowserKeyword.groovy:67)
	at com.kms.katalon.core.keyword.internal.KeywordExecutor.executeKeywordForPlatform(KeywordExecutor.groovy:73)
	at com.kms.katalon.core.webui.keyword.WebUiBuiltInKeywords.openBrowser(WebUiBuiltInKeywords.groovy:61)
	at com.kms.katalon.core.webui.keyword.WebUiBuiltInKeywords$openBrowser.call(Unknown Source)
	at customKeywords.commanFunctions.openBrowser(commanFunctions.groovy:47)
	at customKeywords.commanFunctions.invokeMethod(commanFunctions.groovy)
	at com.kms.katalon.core.main.CustomKeywordDelegatingMetaClass.invokeStaticMethod(CustomKeywordDelegatingMetaClass.java:50)
	at TC_LoginToBrowserAsAdmin.run(TC_LoginToBrowserAsAdmin:21)
	at com.kms.katalon.core.main.ScriptEngine.run(ScriptEngine.java:194)
	at com.kms.katalon.core.main.ScriptEngine.runScriptAsRawText(ScriptEngine.java:119)
	at com.kms.katalon.core.main.TestCaseExecutor.runScript(TestCaseExecutor.java:394)
	at com.kms.katalon.core.main.TestCaseExecutor.doExecute(TestCaseExecutor.java:385)
	at com.kms.katalon.core.main.TestCaseExecutor.processExecutionPhase(TestCaseExecutor.java:364)
	at com.kms.katalon.core.main.TestCaseExecutor.accessMainPhase(TestCaseExecutor.java:356)
	at com.kms.katalon.core.main.TestCaseExecutor.execute(TestCaseExecutor.java:251)
	at com.kms.katalon.core.main.TestCaseMain.runTestCase(TestCaseMain.java:114)
	at com.kms.katalon.core.keyword.builtin.CallTestCaseKeyword$_callTestCase_closure1.doCall(CallTestCaseKeyword.groovy:59)
	... 20 more
Caused by: org.openqa.selenium.WebDriverException: Reached error page: about:neterror?e=netTimeout&u=https%3A//inspect.stage.site.sa/&c=UTF-8&d=The%20server%20at%20inspect.stage.site.sa%20is%20taking%20too%20long%20to%20respond.
Build info: version: '3.141.59', revision: 'e82be7d358', time: '2018-11-14T08:25:53'
System info: host: 'OMTPGCN1132568L', ip: '192.168.0.102', os.name: 'Windows 10', os.arch: 'amd64', os.version: '10.0', java.version: '1.8.0_181'
Driver info: com.kms.katalon.core.webui.driver.firefox.CGeckoDriver
Capabilities {acceptInsecureCerts: true, browserName: firefox, browserVersion: 85.0.2, javascriptEnabled: true, moz:accessibilityChecks: false, moz:buildID: 20210208133944, moz:geckodriverVersion: 0.23.0, moz:headless: false, moz:processID: 24472, moz:profile: C:\Users\ashok\AppData\Loca..., moz:shutdownTimeout: 60000, moz:useNonSpecCompliantPointerOrigin: false, moz:webdriverClick: true, pageLoadStrategy: normal, platform: WINDOWS, platformName: WINDOWS, platformVersion: 10.0, proxy: Proxy(direct), rotatable: false, setWindowRect: true, strictFileInteractability: false, timeouts: {implicit: 0, pageLoad: 300000, script: 30000}, unhandledPromptBehavior: dismiss and notify}
Session ID: 2a515859-dbbf-47b7-bac2-b8e1a693986c
	at org.openqa.selenium.remote.http.W3CHttpResponseCodec.createException(W3CHttpResponseCodec.java:187)
	at org.openqa.selenium.remote.http.W3CHttpResponseCodec.decode(W3CHttpResponseCodec.java:122)
	at org.openqa.selenium.remote.http.W3CHttpResponseCodec.decode(W3CHttpResponseCodec.java:49)
	at org.openqa.selenium.remote.HttpCommandExecutor.execute(HttpCommandExecutor.java:158)
	at org.openqa.selenium.remote.service.DriverCommandExecutor.execute(DriverCommandExecutor.java:83)
	at org.openqa.selenium.remote.RemoteWebDriver.execute(RemoteWebDriver.java:552)
	at com.kms.katalon.selenium.driver.CFirefoxDriver.execute(CFirefoxDriver.java:27)
	at org.openqa.selenium.remote.RemoteWebDriver.get(RemoteWebDriver.java:277)
	at org.openqa.selenium.support.events.EventFiringWebDriver.lambda$new$1(EventFiringWebDriver.java:105)
	at com.sun.proxy.$Proxy11.get(Unknown Source)
	at org.openqa.selenium.support.events.EventFiringWebDriver.get(EventFiringWebDriver.java:165)
	at com.kms.katalon.core.webui.keyword.builtin.OpenBrowserKeyword$_openBrowser_closure1.doCall(OpenBrowserKeyword.groovy:78)
	at com.kms.katalon.core.webui.keyword.builtin.OpenBrowserKeyword$_openBrowser_closure1.call(OpenBrowserKeyword.groovy)
	at com.kms.katalon.core.webui.keyword.internal.WebUIKeywordMain.runKeyword(WebUIKeywordMain.groovy:20)
	... 38 more


2021-02-19 19:38:56 - [TEST_STEP][FAILED] - callTestCase(findTestCase("TC_Login_RegisterUserAndForgotYourPassword/CommanTCs/TC_LoginToBrowserAsAdmin"), null): Unable to call Test Case 'Test Cases/TC_Login_RegisterUserAndForgotYourPassword/CommanTCs/TC_LoginToBrowserAsAdmin' (Root cause: com.kms.katalon.core.exception.StepFailedException: Call Test Case 'Test Cases/TC_Login_RegisterUserAndForgotYourPassword/CommanTCs/TC_LoginToBrowserAsAdmin' failed
	at com.kms.katalon.core.keyword.builtin.CallTestCaseKeyword$_callTestCase_closure1.doCall(CallTestCaseKeyword.groovy:63)
	at com.kms.katalon.core.keyword.builtin.CallTestCaseKeyword$_callTestCase_closure1.call(CallTestCaseKeyword.groovy)
	at com.kms.katalon.core.keyword.internal.KeywordMain.runKeyword(KeywordMain.groovy:68)
	at com.kms.katalon.core.keyword.builtin.CallTestCaseKeyword.callTestCase(CallTestCaseKeyword.groovy:81)
	at com.kms.katalon.core.keyword.builtin.CallTestCaseKeyword.execute(CallTestCaseKeyword.groovy:44)
	at com.kms.katalon.core.keyword.internal.KeywordExecutor.executeKeywordForPlatform(KeywordExecutor.groovy:73)
	at com.kms.katalon.core.keyword.BuiltinKeywords.callTestCase(BuiltinKeywords.groovy:350)
	at TC_LoginUserWithValidCredentialsAndVerifyLoginSucss.run(TC_LoginUserWithValidCredentialsAndVerifyLoginSucss:8)
	at com.kms.katalon.core.main.ScriptEngine.run(ScriptEngine.java:194)
	at com.kms.katalon.core.main.ScriptEngine.runScriptAsRawText(ScriptEngine.java:119)
	at com.kms.katalon.core.main.TestCaseExecutor.runScript(TestCaseExecutor.java:394)
	at com.kms.katalon.core.main.TestCaseExecutor.doExecute(TestCaseExecutor.java:385)
	at com.kms.katalon.core.main.TestCaseExecutor.processExecutionPhase(TestCaseExecutor.java:364)
	at com.kms.katalon.core.main.TestCaseExecutor.accessMainPhase(TestCaseExecutor.java:356)
	at com.kms.katalon.core.main.TestCaseExecutor.execute(TestCaseExecutor.java:251)
	at com.kms.katalon.core.main.TestSuiteExecutor.accessTestCaseMainPhase(TestSuiteExecutor.java:203)
	at com.kms.katalon.core.main.TestSuiteExecutor.accessTestSuiteMainPhase(TestSuiteExecutor.java:152)
	at com.kms.katalon.core.main.TestSuiteExecutor.execute(TestSuiteExecutor.java:95)
	at com.kms.katalon.core.main.TestCaseMain.startTestSuite(TestCaseMain.java:157)
	at com.kms.katalon.core.main.TestCaseMain$startTestSuite$0.call(Unknown Source)
	at TempTestSuite1613740426765.run(TempTestSuite1613740426765.groovy:39)
Caused by: com.kms.katalon.core.exception.StepFailedException: Unable to open browser with url: 'https://Inspect.Stage.site.sa'
	at com.kms.katalon.core.webui.keyword.internal.WebUIKeywordMain.stepFailed(WebUIKeywordMain.groovy:64)
	at com.kms.katalon.core.webui.keyword.internal.WebUIKeywordMain.runKeyword(WebUIKeywordMain.groovy:26)
	at com.kms.katalon.core.webui.keyword.builtin.OpenBrowserKeyword.openBrowser(OpenBrowserKeyword.groovy:81)
	at com.kms.katalon.core.webui.keyword.builtin.OpenBrowserKeyword.execute(OpenBrowserKeyword.groovy:67)
	at com.kms.katalon.core.keyword.internal.KeywordExecutor.executeKeywordForPlatform(KeywordExecutor.groovy:73)
	at com.kms.katalon.core.webui.keyword.WebUiBuiltInKeywords.openBrowser(WebUiBuiltInKeywords.groovy:61)
	at com.kms.katalon.core.webui.keyword.WebUiBuiltInKeywords$openBrowser.call(Unknown Source)
	at customKeywords.commanFunctions.openBrowser(commanFunctions.groovy:47)
	at customKeywords.commanFunctions.invokeMethod(commanFunctions.groovy)
	at com.kms.katalon.core.main.CustomKeywordDelegatingMetaClass.invokeStaticMethod(CustomKeywordDelegatingMetaClass.java:50)
	at TC_LoginToBrowserAsAdmin.run(TC_LoginToBrowserAsAdmin:21)
	at com.kms.katalon.core.main.ScriptEngine.run(ScriptEngine.java:194)
	at com.kms.katalon.core.main.ScriptEngine.runScriptAsRawText(ScriptEngine.java:119)
	at com.kms.katalon.core.main.TestCaseExecutor.runScript(TestCaseExecutor.java:394)
	at com.kms.katalon.core.main.TestCaseExecutor.doExecute(TestCaseExecutor.java:385)
	at com.kms.katalon.core.main.TestCaseExecutor.processExecutionPhase(TestCaseExecutor.java:364)
	at com.kms.katalon.core.main.TestCaseExecutor.accessMainPhase(TestCaseExecutor.java:356)
	at com.kms.katalon.core.main.TestCaseExecutor.execute(TestCaseExecutor.java:251)
	at com.kms.katalon.core.main.TestCaseMain.runTestCase(TestCaseMain.java:114)
	at com.kms.katalon.core.keyword.builtin.CallTestCaseKeyword$_callTestCase_closure1.doCall(CallTestCaseKeyword.groovy:59)
	... 20 more
Caused by: org.openqa.selenium.WebDriverException: Reached error page: about:neterror?e=netTimeout&u=https%3A//inspect.stage.site.sa/&c=UTF-8&d=The%20server%20at%20inspect.stage.site.sa%20is%20taking%20too%20long%20to%20respond.
Build info: version: '3.141.59', revision: 'e82be7d358', time: '2018-11-14T08:25:53'
System info: host: 'OMTPGCN1132568L', ip: '192.168.0.102', os.name: 'Windows 10', os.arch: 'amd64', os.version: '10.0', java.version: '1.8.0_181'
Driver info: com.kms.katalon.core.webui.driver.firefox.CGeckoDriver
Capabilities {acceptInsecureCerts: true, browserName: firefox, browserVersion: 85.0.2, javascriptEnabled: true, moz:accessibilityChecks: false, moz:buildID: 20210208133944, moz:geckodriverVersion: 0.23.0, moz:headless: false, moz:processID: 24472, moz:profile: C:\Users\ashok\AppData\Loca..., moz:shutdownTimeout: 60000, moz:useNonSpecCompliantPointerOrigin: false, moz:webdriverClick: true, pageLoadStrategy: normal, platform: WINDOWS, platformName: WINDOWS, platformVersion: 10.0, proxy: Proxy(direct), rotatable: false, setWindowRect: true, strictFileInteractability: false, timeouts: {implicit: 0, pageLoad: 300000, script: 30000}, unhandledPromptBehavior: dismiss and notify}
Session ID: 2a515859-dbbf-47b7-bac2-b8e1a693986c
	at org.openqa.selenium.remote.http.W3CHttpResponseCodec.createException(W3CHttpResponseCodec.java:187)
	at org.openqa.selenium.remote.http.W3CHttpResponseCodec.decode(W3CHttpResponseCodec.java:122)
	at org.openqa.selenium.remote.http.W3CHttpResponseCodec.decode(W3CHttpResponseCodec.java:49)
	at org.openqa.selenium.remote.HttpCommandExecutor.execute(HttpCommandExecutor.java:158)
	at org.openqa.selenium.remote.service.DriverCommandExecutor.execute(DriverCommandExecutor.java:83)
	at org.openqa.selenium.remote.RemoteWebDriver.execute(RemoteWebDriver.java:552)
	at com.kms.katalon.selenium.driver.CFirefoxDriver.execute(CFirefoxDriver.java:27)
	at org.openqa.selenium.remote.RemoteWebDriver.get(RemoteWebDriver.java:277)
	at org.openqa.selenium.support.events.EventFiringWebDriver.lambda$new$1(EventFiringWebDriver.java:105)
	at com.sun.proxy.$Proxy11.get(Unknown Source)
	at org.openqa.selenium.support.events.EventFiringWebDriver.get(EventFiringWebDriver.java:165)
	at com.kms.katalon.core.webui.keyword.builtin.OpenBrowserKeyword$_openBrowser_closure1.doCall(OpenBrowserKeyword.groovy:78)
	at com.kms.katalon.core.webui.keyword.builtin.OpenBrowserKeyword$_openBrowser_closure1.call(OpenBrowserKeyword.groovy)
	at com.kms.katalon.core.webui.keyword.internal.WebUIKeywordMain.runKeyword(WebUIKeywordMain.groovy:20)
	... 38 more
)

2021-02-19 19:38:56 - [TEST_CASE][FAILED] - Test Cases/TC_Login_RegisterUserAndForgotYourPassword/CommanTCs/TC_LoginToBrowserAsAdmin: Test Cases/TC_Login_RegisterUserAndForgotYourPassword/CommanTCs/TC_LoginToBrowserAsAdmin FAILED.
Reason:
com.kms.katalon.core.exception.StepFailedException: Unable to open browser with url: 'https://Inspect.Stage.site.sa'
	at com.kms.katalon.core.webui.keyword.internal.WebUIKeywordMain.stepFailed(WebUIKeywordMain.groovy:64)
	at com.kms.katalon.core.webui.keyword.internal.WebUIKeywordMain.runKeyword(WebUIKeywordMain.groovy:26)
	at com.kms.katalon.core.webui.keyword.builtin.OpenBrowserKeyword.openBrowser(OpenBrowserKeyword.groovy:81)
	at com.kms.katalon.core.webui.keyword.builtin.OpenBrowserKeyword.execute(OpenBrowserKeyword.groovy:67)
	at com.kms.katalon.core.keyword.internal.KeywordExecutor.executeKeywordForPlatform(KeywordExecutor.groovy:73)
	at com.kms.katalon.core.webui.keyword.WebUiBuiltInKeywords.openBrowser(WebUiBuiltInKeywords.groovy:61)
	at com.kms.katalon.core.webui.keyword.WebUiBuiltInKeywords$openBrowser.call(Unknown Source)
	at customKeywords.commanFunctions.openBrowser(commanFunctions.groovy:47)
	at customKeywords.commanFunctions.invokeMethod(commanFunctions.groovy)
	at com.kms.katalon.core.main.CustomKeywordDelegatingMetaClass.invokeStaticMethod(CustomKeywordDelegatingMetaClass.java:50)
	at TC_LoginToBrowserAsAdmin.run(TC_LoginToBrowserAsAdmin:21)
	at com.kms.katalon.core.main.ScriptEngine.run(ScriptEngine.java:194)
	at com.kms.katalon.core.main.ScriptEngine.runScriptAsRawText(ScriptEngine.java:119)
	at com.kms.katalon.core.main.TestCaseExecutor.runScript(TestCaseExecutor.java:394)
	at com.kms.katalon.core.main.TestCaseExecutor.doExecute(TestCaseExecutor.java:385)
	at com.kms.katalon.core.main.TestCaseExecutor.processExecutionPhase(TestCaseExecutor.java:364)
	at com.kms.katalon.core.main.TestCaseExecutor.accessMainPhase(TestCaseExecutor.java:356)
	at com.kms.katalon.core.main.TestCaseExecutor.execute(TestCaseExecutor.java:251)
	at com.kms.katalon.core.main.TestCaseMain.runTestCase(TestCaseMain.java:114)
	at com.kms.katalon.core.keyword.builtin.CallTestCaseKeyword$_callTestCase_closure1.doCall(CallTestCaseKeyword.groovy:59)
	at com.kms.katalon.core.keyword.builtin.CallTestCaseKeyword$_callTestCase_closure1.call(CallTestCaseKeyword.groovy)
	at com.kms.katalon.core.keyword.internal.KeywordMain.runKeyword(KeywordMain.groovy:68)
	at com.kms.katalon.core.keyword.builtin.CallTestCaseKeyword.callTestCase(CallTestCaseKeyword.groovy:81)
	at com.kms.katalon.core.keyword.builtin.CallTestCaseKeyword.execute(CallTestCaseKeyword.groovy:44)
	at com.kms.katalon.core.keyword.internal.KeywordExecutor.executeKeywordForPlatform(KeywordExecutor.groovy:73)
	at com.kms.katalon.core.keyword.BuiltinKeywords.callTestCase(BuiltinKeywords.groovy:350)
	at TC_LoginUserWithValidCredentialsAndVerifyLoginSucss.run(TC_LoginUserWithValidCredentialsAndVerifyLoginSucss:8)
	at com.kms.katalon.core.main.ScriptEngine.run(ScriptEngine.java:194)
	at com.kms.katalon.core.main.ScriptEngine.runScriptAsRawText(ScriptEngine.java:119)
	at com.kms.katalon.core.main.TestCaseExecutor.runScript(TestCaseExecutor.java:394)
	at com.kms.katalon.core.main.TestCaseExecutor.doExecute(TestCaseExecutor.java:385)
	at com.kms.katalon.core.main.TestCaseExecutor.processExecutionPhase(TestCaseExecutor.java:364)
	at com.kms.katalon.core.main.TestCaseExecutor.accessMainPhase(TestCaseExecutor.java:356)
	at com.kms.katalon.core.main.TestCaseExecutor.execute(TestCaseExecutor.java:251)
	at com.kms.katalon.core.main.TestSuiteExecutor.accessTestCaseMainPhase(TestSuiteExecutor.java:203)
	at com.kms.katalon.core.main.TestSuiteExecutor.accessTestSuiteMainPhase(TestSuiteExecutor.java:152)
	at com.kms.katalon.core.main.TestSuiteExecutor.execute(TestSuiteExecutor.java:95)
	at com.kms.katalon.core.main.TestCaseMain.startTestSuite(TestCaseMain.java:157)
	at com.kms.katalon.core.main.TestCaseMain$startTestSuite$0.call(Unknown Source)
	at TempTestSuite1613740426765.run(TempTestSuite1613740426765.groovy:39)
Caused by: org.openqa.selenium.WebDriverException: Reached error page: about:neterror?e=netTimeout&u=https%3A//inspect.stage.site.sa/&c=UTF-8&d=The%20server%20at%20inspect.stage.site.sa%20is%20taking%20too%20long%20to%20respond.
Build info: version: '3.141.59', revision: 'e82be7d358', time: '2018-11-14T08:25:53'
System info: host: 'OMTPGCN1132568L', ip: '192.168.0.102', os.name: 'Windows 10', os.arch: 'amd64', os.version: '10.0', java.version: '1.8.0_181'
Driver info: com.kms.katalon.core.webui.driver.firefox.CGeckoDriver
Capabilities {acceptInsecureCerts: true, browserName: firefox, browserVersion: 85.0.2, javascriptEnabled: true, moz:accessibilityChecks: false, moz:buildID: 20210208133944, moz:geckodriverVersion: 0.23.0, moz:headless: false, moz:processID: 24472, moz:profile: C:\Users\ashok\AppData\Loca..., moz:shutdownTimeout: 60000, moz:useNonSpecCompliantPointerOrigin: false, moz:webdriverClick: true, pageLoadStrategy: normal, platform: WINDOWS, platformName: WINDOWS, platformVersion: 10.0, proxy: Proxy(direct), rotatable: false, setWindowRect: true, strictFileInteractability: false, timeouts: {implicit: 0, pageLoad: 300000, script: 30000}, unhandledPromptBehavior: dismiss and notify}
Session ID: 2a515859-dbbf-47b7-bac2-b8e1a693986c
	at org.openqa.selenium.remote.http.W3CHttpResponseCodec.createException(W3CHttpResponseCodec.java:187)
	at org.openqa.selenium.remote.http.W3CHttpResponseCodec.decode(W3CHttpResponseCodec.java:122)
	at org.openqa.selenium.remote.http.W3CHttpResponseCodec.decode(W3CHttpResponseCodec.java:49)
	at org.openqa.selenium.remote.HttpCommandExecutor.execute(HttpCommandExecutor.java:158)
	at org.openqa.selenium.remote.service.DriverCommandExecutor.execute(DriverCommandExecutor.java:83)
	at org.openqa.selenium.remote.RemoteWebDriver.execute(RemoteWebDriver.java:552)
	at com.kms.katalon.selenium.driver.CFirefoxDriver.execute(CFirefoxDriver.java:27)
	at org.openqa.selenium.remote.RemoteWebDriver.get(RemoteWebDriver.java:277)
	at org.openqa.selenium.support.events.EventFiringWebDriver.lambda$new$1(EventFiringWebDriver.java:105)
	at com.sun.proxy.$Proxy11.get(Unknown Source)
	at org.openqa.selenium.support.events.EventFiringWebDriver.get(EventFiringWebDriver.java:165)
	at com.kms.katalon.core.webui.keyword.builtin.OpenBrowserKeyword$_openBrowser_closure1.doCall(OpenBrowserKeyword.groovy:78)
	at com.kms.katalon.core.webui.keyword.builtin.OpenBrowserKeyword$_openBrowser_closure1.call(OpenBrowserKeyword.groovy)
	at com.kms.katalon.core.webui.keyword.internal.WebUIKeywordMain.runKeyword(WebUIKeywordMain.groovy:20)
	... 38 more


2021-02-19 19:38:56 - [TEST_STEP][PASSED] - obj = findTestObject("LoginAndRigisterUser/LoginLink"): null

2021-02-19 19:38:56 - [TEST_STEP][FAILED] - customKeywords.commanFunctions.openBrowser(): Unable to open browser with url: 'https://Inspect.Stage.site.sa'

2021-02-19 19:38:57 - [MESSAGE][INFO] - Starting 'Firefox' driver

2021-02-19 19:38:57 - [MESSAGE][INFO] - Action delay is set to 0 milliseconds

2021-02-19 19:39:46 - [MESSAGE][FAILED] - Unable to open browser with url: 'https://Inspect.Stage.site.sa' (Root cause: com.kms.katalon.core.exception.StepFailedException: Unable to open browser with url: 'https://Inspect.Stage.site.sa'
	at com.kms.katalon.core.webui.keyword.internal.WebUIKeywordMain.stepFailed(WebUIKeywordMain.groovy:64)
	at com.kms.katalon.core.webui.keyword.internal.WebUIKeywordMain.runKeyword(WebUIKeywordMain.groovy:26)
	at com.kms.katalon.core.webui.keyword.builtin.OpenBrowserKeyword.openBrowser(OpenBrowserKeyword.groovy:81)
	at com.kms.katalon.core.webui.keyword.builtin.OpenBrowserKeyword.execute(OpenBrowserKeyword.groovy:67)
	at com.kms.katalon.core.keyword.internal.KeywordExecutor.executeKeywordForPlatform(KeywordExecutor.groovy:73)
	at com.kms.katalon.core.webui.keyword.WebUiBuiltInKeywords.openBrowser(WebUiBuiltInKeywords.groovy:61)
	at com.kms.katalon.core.webui.keyword.WebUiBuiltInKeywords$openBrowser.call(Unknown Source)
	at customKeywords.commanFunctions.openBrowser(commanFunctions.groovy:47)
	at customKeywords.commanFunctions.invokeMethod(commanFunctions.groovy)
	at com.kms.katalon.core.main.CustomKeywordDelegatingMetaClass.invokeStaticMethod(CustomKeywordDelegatingMetaClass.java:50)
	at TC_LoginToBrowserAsAdmin.run(TC_LoginToBrowserAsAdmin:21)
	at com.kms.katalon.core.main.ScriptEngine.run(ScriptEngine.java:194)
	at com.kms.katalon.core.main.ScriptEngine.runScriptAsRawText(ScriptEngine.java:119)
	at com.kms.katalon.core.main.TestCaseExecutor.runScript(TestCaseExecutor.java:394)
	at com.kms.katalon.core.main.TestCaseExecutor.doExecute(TestCaseExecutor.java:385)
	at com.kms.katalon.core.main.TestCaseExecutor.processExecutionPhase(TestCaseExecutor.java:364)
	at com.kms.katalon.core.main.TestCaseExecutor.accessMainPhase(TestCaseExecutor.java:356)
	at com.kms.katalon.core.main.TestCaseExecutor.execute(TestCaseExecutor.java:251)
	at com.kms.katalon.core.main.TestCaseMain.runTestCase(TestCaseMain.java:114)
	at com.kms.katalon.core.keyword.builtin.CallTestCaseKeyword$_callTestCase_closure1.doCall(CallTestCaseKeyword.groovy:59)
	at com.kms.katalon.core.keyword.builtin.CallTestCaseKeyword$_callTestCase_closure1.call(CallTestCaseKeyword.groovy)
	at com.kms.katalon.core.keyword.internal.KeywordMain.runKeyword(KeywordMain.groovy:68)
	at com.kms.katalon.core.keyword.builtin.CallTestCaseKeyword.callTestCase(CallTestCaseKeyword.groovy:81)
	at com.kms.katalon.core.keyword.builtin.CallTestCaseKeyword.execute(CallTestCaseKeyword.groovy:44)
	at com.kms.katalon.core.keyword.internal.KeywordExecutor.executeKeywordForPlatform(KeywordExecutor.groovy:73)
	at com.kms.katalon.core.keyword.BuiltinKeywords.callTestCase(BuiltinKeywords.groovy:350)
	at TC_LoginUserWithValidCredentialsAndVerifyLoginSucss.run(TC_LoginUserWithValidCredentialsAndVerifyLoginSucss:8)
	at com.kms.katalon.core.main.ScriptEngine.run(ScriptEngine.java:194)
	at com.kms.katalon.core.main.ScriptEngine.runScriptAsRawText(ScriptEngine.java:119)
	at com.kms.katalon.core.main.TestCaseExecutor.runScript(TestCaseExecutor.java:394)
	at com.kms.katalon.core.main.TestCaseExecutor.doExecute(TestCaseExecutor.java:385)
	at com.kms.katalon.core.main.TestCaseExecutor.processExecutionPhase(TestCaseExecutor.java:364)
	at com.kms.katalon.core.main.TestCaseExecutor.accessMainPhase(TestCaseExecutor.java:356)
	at com.kms.katalon.core.main.TestCaseExecutor.execute(TestCaseExecutor.java:251)
	at com.kms.katalon.core.main.TestSuiteExecutor.accessTestCaseMainPhase(TestSuiteExecutor.java:203)
	at com.kms.katalon.core.main.TestSuiteExecutor.accessTestSuiteMainPhase(TestSuiteExecutor.java:152)
	at com.kms.katalon.core.main.TestSuiteExecutor.execute(TestSuiteExecutor.java:95)
	at com.kms.katalon.core.main.TestCaseMain.startTestSuite(TestCaseMain.java:157)
	at com.kms.katalon.core.main.TestCaseMain$startTestSuite$0.call(Unknown Source)
	at TempTestSuite1613740426765.run(TempTestSuite1613740426765.groovy:39)
Caused by: org.openqa.selenium.WebDriverException: Reached error page: about:neterror?e=netTimeout&u=https%3A//inspect.stage.site.sa/&c=UTF-8&d=The%20server%20at%20inspect.stage.site.sa%20is%20taking%20too%20long%20to%20respond.
Build info: version: '3.141.59', revision: 'e82be7d358', time: '2018-11-14T08:25:53'
System info: host: 'OMTPGCN1132568L', ip: '192.168.0.102', os.name: 'Windows 10', os.arch: 'amd64', os.version: '10.0', java.version: '1.8.0_181'
Driver info: com.kms.katalon.core.webui.driver.firefox.CGeckoDriver
Capabilities {acceptInsecureCerts: true, browserName: firefox, browserVersion: 85.0.2, javascriptEnabled: true, moz:accessibilityChecks: false, moz:buildID: 20210208133944, moz:geckodriverVersion: 0.23.0, moz:headless: false, moz:processID: 24472, moz:profile: C:\Users\ashok\AppData\Loca..., moz:shutdownTimeout: 60000, moz:useNonSpecCompliantPointerOrigin: false, moz:webdriverClick: true, pageLoadStrategy: normal, platform: WINDOWS, platformName: WINDOWS, platformVersion: 10.0, proxy: Proxy(direct), rotatable: false, setWindowRect: true, strictFileInteractability: false, timeouts: {implicit: 0, pageLoad: 300000, script: 30000}, unhandledPromptBehavior: dismiss and notify}
Session ID: 2a515859-dbbf-47b7-bac2-b8e1a693986c
	at org.openqa.selenium.remote.http.W3CHttpResponseCodec.createException(W3CHttpResponseCodec.java:187)
	at org.openqa.selenium.remote.http.W3CHttpResponseCodec.decode(W3CHttpResponseCodec.java:122)
	at org.openqa.selenium.remote.http.W3CHttpResponseCodec.decode(W3CHttpResponseCodec.java:49)
	at org.openqa.selenium.remote.HttpCommandExecutor.execute(HttpCommandExecutor.java:158)
	at org.openqa.selenium.remote.service.DriverCommandExecutor.execute(DriverCommandExecutor.java:83)
	at org.openqa.selenium.remote.RemoteWebDriver.execute(RemoteWebDriver.java:552)
	at com.kms.katalon.selenium.driver.CFirefoxDriver.execute(CFirefoxDriver.java:27)
	at org.openqa.selenium.remote.RemoteWebDriver.get(RemoteWebDriver.java:277)
	at org.openqa.selenium.support.events.EventFiringWebDriver.lambda$new$1(EventFiringWebDriver.java:105)
	at com.sun.proxy.$Proxy11.get(Unknown Source)
	at org.openqa.selenium.support.events.EventFiringWebDriver.get(EventFiringWebDriver.java:165)
	at com.kms.katalon.core.webui.keyword.builtin.OpenBrowserKeyword$_openBrowser_closure1.doCall(OpenBrowserKeyword.groovy:78)
	at com.kms.katalon.core.webui.keyword.builtin.OpenBrowserKeyword$_openBrowser_closure1.call(OpenBrowserKeyword.groovy)
	at com.kms.katalon.core.webui.keyword.internal.WebUIKeywordMain.runKeyword(WebUIKeywordMain.groovy:20)
	at com.kms.katalon.core.webui.keyword.builtin.OpenBrowserKeyword.openBrowser(OpenBrowserKeyword.groovy:81)
	at com.kms.katalon.core.webui.keyword.builtin.OpenBrowserKeyword.execute(OpenBrowserKeyword.groovy:67)
	at com.kms.katalon.core.keyword.internal.KeywordExecutor.executeKeywordForPlatform(KeywordExecutor.groovy:73)
	at com.kms.katalon.core.webui.keyword.WebUiBuiltInKeywords.openBrowser(WebUiBuiltInKeywords.groovy:61)
	at com.kms.katalon.core.webui.keyword.WebUiBuiltInKeywords$openBrowser.call(Unknown Source)
	at customKeywords.commanFunctions.openBrowser(commanFunctions.groovy:47)
	at customKeywords.commanFunctions.invokeMethod(commanFunctions.groovy)
	at com.kms.katalon.core.main.CustomKeywordDelegatingMetaClass.invokeStaticMethod(CustomKeywordDelegatingMetaClass.java:50)
	at Script1613217918673.run(Script1613217918673.groovy:21)
	at com.kms.katalon.core.main.ScriptEngine.run(ScriptEngine.java:194)
	at com.kms.katalon.core.main.ScriptEngine.runScriptAsRawText(ScriptEngine.java:119)
	at com.kms.katalon.core.main.TestCaseExecutor.runScript(TestCaseExecutor.java:394)
	at com.kms.katalon.core.main.TestCaseExecutor.doExecute(TestCaseExecutor.java:385)
	at com.kms.katalon.core.main.TestCaseExecutor.processExecutionPhase(TestCaseExecutor.java:364)
	at com.kms.katalon.core.main.TestCaseExecutor.accessMainPhase(TestCaseExecutor.java:356)
	at com.kms.katalon.core.main.TestCaseExecutor.execute(TestCaseExecutor.java:251)
	at com.kms.katalon.core.main.TestCaseMain.runTestCase(TestCaseMain.java:114)
	at com.kms.katalon.core.keyword.builtin.CallTestCaseKeyword$_callTestCase_closure1.doCall(CallTestCaseKeyword.groovy:59)
	at com.kms.katalon.core.keyword.builtin.CallTestCaseKeyword$_callTestCase_closure1.call(CallTestCaseKeyword.groovy)
	at com.kms.katalon.core.keyword.internal.KeywordMain.runKeyword(KeywordMain.groovy:68)
	at com.kms.katalon.core.keyword.builtin.CallTestCaseKeyword.callTestCase(CallTestCaseKeyword.groovy:81)
	at com.kms.katalon.core.keyword.builtin.CallTestCaseKeyword.execute(CallTestCaseKeyword.groovy:44)
	at com.kms.katalon.core.keyword.internal.KeywordExecutor.executeKeywordForPlatform(KeywordExecutor.groovy:73)
	at com.kms.katalon.core.keyword.BuiltinKeywords.callTestCase(BuiltinKeywords.groovy:350)
	at Script1613217918644.run(Script1613217918644.groovy:8)
	... 13 more
)

2021-02-19 19:39:46 - [MESSAGE][FAILED] - Unable to open browser with url: 'https://Inspect.Stage.site.sa'

2021-02-19 19:39:46 - [MESSAGE][FAILED] - Unable to call Test Case 'Test Cases/TC_Login_RegisterUserAndForgotYourPassword/CommanTCs/TC_LoginToBrowserAsAdmin' (Root cause: com.kms.katalon.core.exception.StepFailedException: Call Test Case 'Test Cases/TC_Login_RegisterUserAndForgotYourPassword/CommanTCs/TC_LoginToBrowserAsAdmin' failed
	at com.kms.katalon.core.keyword.builtin.CallTestCaseKeyword$_callTestCase_closure1.doCall(CallTestCaseKeyword.groovy:63)
	at com.kms.katalon.core.keyword.builtin.CallTestCaseKeyword$_callTestCase_closure1.call(CallTestCaseKeyword.groovy)
	at com.kms.katalon.core.keyword.internal.KeywordMain.runKeyword(KeywordMain.groovy:68)
	at com.kms.katalon.core.keyword.builtin.CallTestCaseKeyword.callTestCase(CallTestCaseKeyword.groovy:81)
	at com.kms.katalon.core.keyword.builtin.CallTestCaseKeyword.execute(CallTestCaseKeyword.groovy:44)
	at com.kms.katalon.core.keyword.internal.KeywordExecutor.executeKeywordForPlatform(KeywordExecutor.groovy:73)
	at com.kms.katalon.core.keyword.BuiltinKeywords.callTestCase(BuiltinKeywords.groovy:350)
	at TC_LoginUserWithValidCredentialsAndVerifyLoginSucss.run(TC_LoginUserWithValidCredentialsAndVerifyLoginSucss:8)
	at com.kms.katalon.core.main.ScriptEngine.run(ScriptEngine.java:194)
	at com.kms.katalon.core.main.ScriptEngine.runScriptAsRawText(ScriptEngine.java:119)
	at com.kms.katalon.core.main.TestCaseExecutor.runScript(TestCaseExecutor.java:394)
	at com.kms.katalon.core.main.TestCaseExecutor.doExecute(TestCaseExecutor.java:385)
	at com.kms.katalon.core.main.TestCaseExecutor.processExecutionPhase(TestCaseExecutor.java:364)
	at com.kms.katalon.core.main.TestCaseExecutor.accessMainPhase(TestCaseExecutor.java:356)
	at com.kms.katalon.core.main.TestCaseExecutor.execute(TestCaseExecutor.java:251)
	at com.kms.katalon.core.main.TestSuiteExecutor.accessTestCaseMainPhase(TestSuiteExecutor.java:203)
	at com.kms.katalon.core.main.TestSuiteExecutor.accessTestSuiteMainPhase(TestSuiteExecutor.java:152)
	at com.kms.katalon.core.main.TestSuiteExecutor.execute(TestSuiteExecutor.java:95)
	at com.kms.katalon.core.main.TestCaseMain.startTestSuite(TestCaseMain.java:157)
	at com.kms.katalon.core.main.TestCaseMain$startTestSuite$0.call(Unknown Source)
	at TempTestSuite1613740426765.run(TempTestSuite1613740426765.groovy:39)
Caused by: com.kms.katalon.core.exception.StepFailedException: Unable to open browser with url: 'https://Inspect.Stage.site.sa'
	at com.kms.katalon.core.webui.keyword.internal.WebUIKeywordMain.stepFailed(WebUIKeywordMain.groovy:64)
	at com.kms.katalon.core.webui.keyword.internal.WebUIKeywordMain.runKeyword(WebUIKeywordMain.groovy:26)
	at com.kms.katalon.core.webui.keyword.builtin.OpenBrowserKeyword.openBrowser(OpenBrowserKeyword.groovy:81)
	at com.kms.katalon.core.webui.keyword.builtin.OpenBrowserKeyword.execute(OpenBrowserKeyword.groovy:67)
	at com.kms.katalon.core.keyword.internal.KeywordExecutor.executeKeywordForPlatform(KeywordExecutor.groovy:73)
	at com.kms.katalon.core.webui.keyword.WebUiBuiltInKeywords.openBrowser(WebUiBuiltInKeywords.groovy:61)
	at com.kms.katalon.core.webui.keyword.WebUiBuiltInKeywords$openBrowser.call(Unknown Source)
	at customKeywords.commanFunctions.openBrowser(commanFunctions.groovy:47)
	at customKeywords.commanFunctions.invokeMethod(commanFunctions.groovy)
	at com.kms.katalon.core.main.CustomKeywordDelegatingMetaClass.invokeStaticMethod(CustomKeywordDelegatingMetaClass.java:50)
	at TC_LoginToBrowserAsAdmin.run(TC_LoginToBrowserAsAdmin:21)
	at com.kms.katalon.core.main.ScriptEngine.run(ScriptEngine.java:194)
	at com.kms.katalon.core.main.ScriptEngine.runScriptAsRawText(ScriptEngine.java:119)
	at com.kms.katalon.core.main.TestCaseExecutor.runScript(TestCaseExecutor.java:394)
	at com.kms.katalon.core.main.TestCaseExecutor.doExecute(TestCaseExecutor.java:385)
	at com.kms.katalon.core.main.TestCaseExecutor.processExecutionPhase(TestCaseExecutor.java:364)
	at com.kms.katalon.core.main.TestCaseExecutor.accessMainPhase(TestCaseExecutor.java:356)
	at com.kms.katalon.core.main.TestCaseExecutor.execute(TestCaseExecutor.java:251)
	at com.kms.katalon.core.main.TestCaseMain.runTestCase(TestCaseMain.java:114)
	at com.kms.katalon.core.keyword.builtin.CallTestCaseKeyword$_callTestCase_closure1.doCall(CallTestCaseKeyword.groovy:59)
	... 20 more
Caused by: org.openqa.selenium.WebDriverException: Reached error page: about:neterror?e=netTimeout&u=https%3A//inspect.stage.site.sa/&c=UTF-8&d=The%20server%20at%20inspect.stage.site.sa%20is%20taking%20too%20long%20to%20respond.
Build info: version: '3.141.59', revision: 'e82be7d358', time: '2018-11-14T08:25:53'
System info: host: 'OMTPGCN1132568L', ip: '192.168.0.102', os.name: 'Windows 10', os.arch: 'amd64', os.version: '10.0', java.version: '1.8.0_181'
Driver info: com.kms.katalon.core.webui.driver.firefox.CGeckoDriver
Capabilities {acceptInsecureCerts: true, browserName: firefox, browserVersion: 85.0.2, javascriptEnabled: true, moz:accessibilityChecks: false, moz:buildID: 20210208133944, moz:geckodriverVersion: 0.23.0, moz:headless: false, moz:processID: 24472, moz:profile: C:\Users\ashok\AppData\Loca..., moz:shutdownTimeout: 60000, moz:useNonSpecCompliantPointerOrigin: false, moz:webdriverClick: true, pageLoadStrategy: normal, platform: WINDOWS, platformName: WINDOWS, platformVersion: 10.0, proxy: Proxy(direct), rotatable: false, setWindowRect: true, strictFileInteractability: false, timeouts: {implicit: 0, pageLoad: 300000, script: 30000}, unhandledPromptBehavior: dismiss and notify}
Session ID: 2a515859-dbbf-47b7-bac2-b8e1a693986c
	at org.openqa.selenium.remote.http.W3CHttpResponseCodec.createException(W3CHttpResponseCodec.java:187)
	at org.openqa.selenium.remote.http.W3CHttpResponseCodec.decode(W3CHttpResponseCodec.java:122)
	at org.openqa.selenium.remote.http.W3CHttpResponseCodec.decode(W3CHttpResponseCodec.java:49)
	at org.openqa.selenium.remote.HttpCommandExecutor.execute(HttpCommandExecutor.java:158)
	at org.openqa.selenium.remote.service.DriverCommandExecutor.execute(DriverCommandExecutor.java:83)
	at org.openqa.selenium.remote.RemoteWebDriver.execute(RemoteWebDriver.java:552)
	at com.kms.katalon.selenium.driver.CFirefoxDriver.execute(CFirefoxDriver.java:27)
	at org.openqa.selenium.remote.RemoteWebDriver.get(RemoteWebDriver.java:277)
	at org.openqa.selenium.support.events.EventFiringWebDriver.lambda$new$1(EventFiringWebDriver.java:105)
	at com.sun.proxy.$Proxy11.get(Unknown Source)
	at org.openqa.selenium.support.events.EventFiringWebDriver.get(EventFiringWebDriver.java:165)
	at com.kms.katalon.core.webui.keyword.builtin.OpenBrowserKeyword$_openBrowser_closure1.doCall(OpenBrowserKeyword.groovy:78)
	at com.kms.katalon.core.webui.keyword.builtin.OpenBrowserKeyword$_openBrowser_closure1.call(OpenBrowserKeyword.groovy)
	at com.kms.katalon.core.webui.keyword.internal.WebUIKeywordMain.runKeyword(WebUIKeywordMain.groovy:20)
	... 38 more
)

2021-02-19 19:39:46 - [TEST_STEP][PASSED] - Start tear down : tearDownMethodIfFailed: Method 'tearDownMethodIfFailed' complete successfully

2021-02-19 19:39:46 - [TEST_STEP][PASSED] - customKeywords.commanFunctions.onlyCloseBrowser(): customKeywords.commanFunctions.onlyCloseBrowser is PASSED

2021-02-19 19:39:48 - [MESSAGE][PASSED] - Browser is closed

2021-02-19 19:39:48 - [MESSAGE][PASSED] - customKeywords.commanFunctions.onlyCloseBrowser is PASSED

2021-02-19 19:39:48 - [TEST_STEP][PASSED] - logInfo("[--------This is tearDownIfFailed method------]"): [--------This is tearDownIfFailed method------]

2021-02-19 19:39:48 - [MESSAGE][INFO] - [--------This is tearDownIfFailed method------]

2021-02-19 19:39:48 - [MESSAGE][PASSED] - Method 'tearDownMethodIfFailed' complete successfully]]></system-out>
         <system-err><![CDATA[2021-02-19 19:38:55 - [TEST_CASE][FAILED] - Test Cases/TC_Login_RegisterUserAndForgotYourPassword/BasicTCs/TC_LoginUserWithValidCredentialsAndVerifyLoginSucss: Test Cases/TC_Login_RegisterUserAndForgotYourPassword/BasicTCs/TC_LoginUserWithValidCredentialsAndVerifyLoginSucss FAILED.
Reason:
com.kms.katalon.core.exception.StepFailedException: Call Test Case 'Test Cases/TC_Login_RegisterUserAndForgotYourPassword/CommanTCs/TC_LoginToBrowserAsAdmin' failed
	at com.kms.katalon.core.keyword.builtin.CallTestCaseKeyword$_callTestCase_closure1.doCall(CallTestCaseKeyword.groovy:63)
	at com.kms.katalon.core.keyword.builtin.CallTestCaseKeyword$_callTestCase_closure1.call(CallTestCaseKeyword.groovy)
	at com.kms.katalon.core.keyword.internal.KeywordMain.runKeyword(KeywordMain.groovy:68)
	at com.kms.katalon.core.keyword.builtin.CallTestCaseKeyword.callTestCase(CallTestCaseKeyword.groovy:81)
	at com.kms.katalon.core.keyword.builtin.CallTestCaseKeyword.execute(CallTestCaseKeyword.groovy:44)
	at com.kms.katalon.core.keyword.internal.KeywordExecutor.executeKeywordForPlatform(KeywordExecutor.groovy:73)
	at com.kms.katalon.core.keyword.BuiltinKeywords.callTestCase(BuiltinKeywords.groovy:350)
	at TC_LoginUserWithValidCredentialsAndVerifyLoginSucss.run(TC_LoginUserWithValidCredentialsAndVerifyLoginSucss:8)
	at com.kms.katalon.core.main.ScriptEngine.run(ScriptEngine.java:194)
	at com.kms.katalon.core.main.ScriptEngine.runScriptAsRawText(ScriptEngine.java:119)
	at com.kms.katalon.core.main.TestCaseExecutor.runScript(TestCaseExecutor.java:394)
	at com.kms.katalon.core.main.TestCaseExecutor.doExecute(TestCaseExecutor.java:385)
	at com.kms.katalon.core.main.TestCaseExecutor.processExecutionPhase(TestCaseExecutor.java:364)
	at com.kms.katalon.core.main.TestCaseExecutor.accessMainPhase(TestCaseExecutor.java:356)
	at com.kms.katalon.core.main.TestCaseExecutor.execute(TestCaseExecutor.java:251)
	at com.kms.katalon.core.main.TestSuiteExecutor.accessTestCaseMainPhase(TestSuiteExecutor.java:203)
	at com.kms.katalon.core.main.TestSuiteExecutor.accessTestSuiteMainPhase(TestSuiteExecutor.java:152)
	at com.kms.katalon.core.main.TestSuiteExecutor.execute(TestSuiteExecutor.java:95)
	at com.kms.katalon.core.main.TestCaseMain.startTestSuite(TestCaseMain.java:157)
	at com.kms.katalon.core.main.TestCaseMain$startTestSuite$0.call(Unknown Source)
	at TempTestSuite1613740426765.run(TempTestSuite1613740426765.groovy:39)
Caused by: com.kms.katalon.core.exception.StepFailedException: Unable to open browser with url: 'https://Inspect.Stage.site.sa'
	at com.kms.katalon.core.webui.keyword.internal.WebUIKeywordMain.stepFailed(WebUIKeywordMain.groovy:64)
	at com.kms.katalon.core.webui.keyword.internal.WebUIKeywordMain.runKeyword(WebUIKeywordMain.groovy:26)
	at com.kms.katalon.core.webui.keyword.builtin.OpenBrowserKeyword.openBrowser(OpenBrowserKeyword.groovy:81)
	at com.kms.katalon.core.webui.keyword.builtin.OpenBrowserKeyword.execute(OpenBrowserKeyword.groovy:67)
	at com.kms.katalon.core.keyword.internal.KeywordExecutor.executeKeywordForPlatform(KeywordExecutor.groovy:73)
	at com.kms.katalon.core.webui.keyword.WebUiBuiltInKeywords.openBrowser(WebUiBuiltInKeywords.groovy:61)
	at com.kms.katalon.core.webui.keyword.WebUiBuiltInKeywords$openBrowser.call(Unknown Source)
	at customKeywords.commanFunctions.openBrowser(commanFunctions.groovy:47)
	at customKeywords.commanFunctions.invokeMethod(commanFunctions.groovy)
	at com.kms.katalon.core.main.CustomKeywordDelegatingMetaClass.invokeStaticMethod(CustomKeywordDelegatingMetaClass.java:50)
	at TC_LoginToBrowserAsAdmin.run(TC_LoginToBrowserAsAdmin:21)
	at com.kms.katalon.core.main.ScriptEngine.run(ScriptEngine.java:194)
	at com.kms.katalon.core.main.ScriptEngine.runScriptAsRawText(ScriptEngine.java:119)
	at com.kms.katalon.core.main.TestCaseExecutor.runScript(TestCaseExecutor.java:394)
	at com.kms.katalon.core.main.TestCaseExecutor.doExecute(TestCaseExecutor.java:385)
	at com.kms.katalon.core.main.TestCaseExecutor.processExecutionPhase(TestCaseExecutor.java:364)
	at com.kms.katalon.core.main.TestCaseExecutor.accessMainPhase(TestCaseExecutor.java:356)
	at com.kms.katalon.core.main.TestCaseExecutor.execute(TestCaseExecutor.java:251)
	at com.kms.katalon.core.main.TestCaseMain.runTestCase(TestCaseMain.java:114)
	at com.kms.katalon.core.keyword.builtin.CallTestCaseKeyword$_callTestCase_closure1.doCall(CallTestCaseKeyword.groovy:59)
	... 20 more
Caused by: org.openqa.selenium.WebDriverException: Reached error page: about:neterror?e=netTimeout&u=https%3A//inspect.stage.site.sa/&c=UTF-8&d=The%20server%20at%20inspect.stage.site.sa%20is%20taking%20too%20long%20to%20respond.
Build info: version: '3.141.59', revision: 'e82be7d358', time: '2018-11-14T08:25:53'
System info: host: 'OMTPGCN1132568L', ip: '192.168.0.102', os.name: 'Windows 10', os.arch: 'amd64', os.version: '10.0', java.version: '1.8.0_181'
Driver info: com.kms.katalon.core.webui.driver.firefox.CGeckoDriver
Capabilities {acceptInsecureCerts: true, browserName: firefox, browserVersion: 85.0.2, javascriptEnabled: true, moz:accessibilityChecks: false, moz:buildID: 20210208133944, moz:geckodriverVersion: 0.23.0, moz:headless: false, moz:processID: 24472, moz:profile: C:\Users\ashok\AppData\Loca..., moz:shutdownTimeout: 60000, moz:useNonSpecCompliantPointerOrigin: false, moz:webdriverClick: true, pageLoadStrategy: normal, platform: WINDOWS, platformName: WINDOWS, platformVersion: 10.0, proxy: Proxy(direct), rotatable: false, setWindowRect: true, strictFileInteractability: false, timeouts: {implicit: 0, pageLoad: 300000, script: 30000}, unhandledPromptBehavior: dismiss and notify}
Session ID: 2a515859-dbbf-47b7-bac2-b8e1a693986c
	at org.openqa.selenium.remote.http.W3CHttpResponseCodec.createException(W3CHttpResponseCodec.java:187)
	at org.openqa.selenium.remote.http.W3CHttpResponseCodec.decode(W3CHttpResponseCodec.java:122)
	at org.openqa.selenium.remote.http.W3CHttpResponseCodec.decode(W3CHttpResponseCodec.java:49)
	at org.openqa.selenium.remote.HttpCommandExecutor.execute(HttpCommandExecutor.java:158)
	at org.openqa.selenium.remote.service.DriverCommandExecutor.execute(DriverCommandExecutor.java:83)
	at org.openqa.selenium.remote.RemoteWebDriver.execute(RemoteWebDriver.java:552)
	at com.kms.katalon.selenium.driver.CFirefoxDriver.execute(CFirefoxDriver.java:27)
	at org.openqa.selenium.remote.RemoteWebDriver.get(RemoteWebDriver.java:277)
	at org.openqa.selenium.support.events.EventFiringWebDriver.lambda$new$1(EventFiringWebDriver.java:105)
	at com.sun.proxy.$Proxy11.get(Unknown Source)
	at org.openqa.selenium.support.events.EventFiringWebDriver.get(EventFiringWebDriver.java:165)
	at com.kms.katalon.core.webui.keyword.builtin.OpenBrowserKeyword$_openBrowser_closure1.doCall(OpenBrowserKeyword.groovy:78)
	at com.kms.katalon.core.webui.keyword.builtin.OpenBrowserKeyword$_openBrowser_closure1.call(OpenBrowserKeyword.groovy)
	at com.kms.katalon.core.webui.keyword.internal.WebUIKeywordMain.runKeyword(WebUIKeywordMain.groovy:20)
	... 38 more]]></system-err>
      </testcase>
      <testcase name="Test Cases/TC_Login_RegisterUserAndForgotYourPassword/BasicTCs/TC_RigisterUserWithValidTestDataAndVerifyClickHereToResendEmailLink" time="53.374" classname="Test Cases/TC_Login_RegisterUserAndForgotYourPassword/BasicTCs/TC_RigisterUserWithValidTestDataAndVerifyClickHereToResendEmailLink" status="FAILED">
         <failure type="FAILED" message="Test Cases/TC_Login_RegisterUserAndForgotYourPassword/BasicTCs/TC_RigisterUserWithValidTestDataAndVerifyClickHereToResendEmailLink FAILED.
Reason:
com.kms.katalon.core.exception.StepFailedException: Call Test Case 'Test Cases/TC_Login_RegisterUserAndForgotYourPassword/CommanTCs/TC_RigisterUserWithValidTestDataAndVerify' failed
	at com.kms.katalon.core.keyword.builtin.CallTestCaseKeyword$_callTestCase_closure1.doCall(CallTestCaseKeyword.groovy:63)
	at com.kms.katalon.core.keyword.builtin.CallTestCaseKeyword$_callTestCase_closure1.call(CallTestCaseKeyword.groovy)
	at com.kms.katalon.core.keyword.internal.KeywordMain.runKeyword(KeywordMain.groovy:68)
	at com.kms.katalon.core.keyword.builtin.CallTestCaseKeyword.callTestCase(CallTestCaseKeyword.groovy:81)
	at com.kms.katalon.core.keyword.builtin.CallTestCaseKeyword.execute(CallTestCaseKeyword.groovy:44)
	at com.kms.katalon.core.keyword.internal.KeywordExecutor.executeKeywordForPlatform(KeywordExecutor.groovy:73)
	at com.kms.katalon.core.keyword.BuiltinKeywords.callTestCase(BuiltinKeywords.groovy:350)
	at TC_RigisterUserWithValidTestDataAndVerifyClickHereToResendEmailLink.run(TC_RigisterUserWithValidTestDataAndVerifyClickHereToResendEmailLink:18)
	at com.kms.katalon.core.main.ScriptEngine.run(ScriptEngine.java:194)
	at com.kms.katalon.core.main.ScriptEngine.runScriptAsRawText(ScriptEngine.java:119)
	at com.kms.katalon.core.main.TestCaseExecutor.runScript(TestCaseExecutor.java:394)
	at com.kms.katalon.core.main.TestCaseExecutor.doExecute(TestCaseExecutor.java:385)
	at com.kms.katalon.core.main.TestCaseExecutor.processExecutionPhase(TestCaseExecutor.java:364)
	at com.kms.katalon.core.main.TestCaseExecutor.accessMainPhase(TestCaseExecutor.java:356)
	at com.kms.katalon.core.main.TestCaseExecutor.execute(TestCaseExecutor.java:251)
	at com.kms.katalon.core.main.TestSuiteExecutor.accessTestCaseMainPhase(TestSuiteExecutor.java:203)
	at com.kms.katalon.core.main.TestSuiteExecutor.accessTestSuiteMainPhase(TestSuiteExecutor.java:152)
	at com.kms.katalon.core.main.TestSuiteExecutor.execute(TestSuiteExecutor.java:95)
	at com.kms.katalon.core.main.TestCaseMain.startTestSuite(TestCaseMain.java:157)
	at com.kms.katalon.core.main.TestCaseMain$startTestSuite$0.call(Unknown Source)
	at TempTestSuite1613740426765.run(TempTestSuite1613740426765.groovy:39)
Caused by: com.kms.katalon.core.exception.StepFailedException: Unable to open browser with url: 'https://Inspect.Stage.site.sa'
	at com.kms.katalon.core.webui.keyword.internal.WebUIKeywordMain.stepFailed(WebUIKeywordMain.groovy:64)
	at com.kms.katalon.core.webui.keyword.internal.WebUIKeywordMain.runKeyword(WebUIKeywordMain.groovy:26)
	at com.kms.katalon.core.webui.keyword.builtin.OpenBrowserKeyword.openBrowser(OpenBrowserKeyword.groovy:81)
	at com.kms.katalon.core.webui.keyword.builtin.OpenBrowserKeyword.execute(OpenBrowserKeyword.groovy:67)
	at com.kms.katalon.core.keyword.internal.KeywordExecutor.executeKeywordForPlatform(KeywordExecutor.groovy:73)
	at com.kms.katalon.core.webui.keyword.WebUiBuiltInKeywords.openBrowser(WebUiBuiltInKeywords.groovy:61)
	at com.kms.katalon.core.webui.keyword.WebUiBuiltInKeywords$openBrowser.call(Unknown Source)
	at customKeywords.commanFunctions.openBrowser(commanFunctions.groovy:47)
	at customKeywords.commanFunctions.invokeMethod(commanFunctions.groovy)
	at com.kms.katalon.core.main.CustomKeywordDelegatingMetaClass.invokeStaticMethod(CustomKeywordDelegatingMetaClass.java:50)
	at TC_RigisterUserWithValidTestDataAndVerify.run(TC_RigisterUserWithValidTestDataAndVerify:28)
	at com.kms.katalon.core.main.ScriptEngine.run(ScriptEngine.java:194)
	at com.kms.katalon.core.main.ScriptEngine.runScriptAsRawText(ScriptEngine.java:119)
	at com.kms.katalon.core.main.TestCaseExecutor.runScript(TestCaseExecutor.java:394)
	at com.kms.katalon.core.main.TestCaseExecutor.doExecute(TestCaseExecutor.java:385)
	at com.kms.katalon.core.main.TestCaseExecutor.processExecutionPhase(TestCaseExecutor.java:364)
	at com.kms.katalon.core.main.TestCaseExecutor.accessMainPhase(TestCaseExecutor.java:356)
	at com.kms.katalon.core.main.TestCaseExecutor.execute(TestCaseExecutor.java:251)
	at com.kms.katalon.core.main.TestCaseMain.runTestCase(TestCaseMain.java:114)
	at com.kms.katalon.core.keyword.builtin.CallTestCaseKeyword$_callTestCase_closure1.doCall(CallTestCaseKeyword.groovy:59)
	... 20 more
Caused by: org.openqa.selenium.WebDriverException: Reached error page: about:neterror?e=netTimeout&amp;u=https%3A//inspect.stage.site.sa/&amp;c=UTF-8&amp;d=The%20server%20at%20inspect.stage.site.sa%20is%20taking%20too%20long%20to%20respond.
Build info: version: '3.141.59', revision: 'e82be7d358', time: '2018-11-14T08:25:53'
System info: host: 'OMTPGCN1132568L', ip: '192.168.0.102', os.name: 'Windows 10', os.arch: 'amd64', os.version: '10.0', java.version: '1.8.0_181'
Driver info: com.kms.katalon.core.webui.driver.firefox.CGeckoDriver
Capabilities {acceptInsecureCerts: true, browserName: firefox, browserVersion: 85.0.2, javascriptEnabled: true, moz:accessibilityChecks: false, moz:buildID: 20210208133944, moz:geckodriverVersion: 0.23.0, moz:headless: false, moz:processID: 24956, moz:profile: C:\Users\ashok\AppData\Loca..., moz:shutdownTimeout: 60000, moz:useNonSpecCompliantPointerOrigin: false, moz:webdriverClick: true, pageLoadStrategy: normal, platform: WINDOWS, platformName: WINDOWS, platformVersion: 10.0, proxy: Proxy(direct), rotatable: false, setWindowRect: true, strictFileInteractability: false, timeouts: {implicit: 0, pageLoad: 300000, script: 30000}, unhandledPromptBehavior: dismiss and notify}
Session ID: 14e5fa49-d8b8-484f-9558-b66aee52233d
	at org.openqa.selenium.remote.http.W3CHttpResponseCodec.createException(W3CHttpResponseCodec.java:187)
	at org.openqa.selenium.remote.http.W3CHttpResponseCodec.decode(W3CHttpResponseCodec.java:122)
	at org.openqa.selenium.remote.http.W3CHttpResponseCodec.decode(W3CHttpResponseCodec.java:49)
	at org.openqa.selenium.remote.HttpCommandExecutor.execute(HttpCommandExecutor.java:158)
	at org.openqa.selenium.remote.service.DriverCommandExecutor.execute(DriverCommandExecutor.java:83)
	at org.openqa.selenium.remote.RemoteWebDriver.execute(RemoteWebDriver.java:552)
	at com.kms.katalon.selenium.driver.CFirefoxDriver.execute(CFirefoxDriver.java:27)
	at org.openqa.selenium.remote.RemoteWebDriver.get(RemoteWebDriver.java:277)
	at org.openqa.selenium.support.events.EventFiringWebDriver.lambda$new$1(EventFiringWebDriver.java:105)
	at com.sun.proxy.$Proxy11.get(Unknown Source)
	at org.openqa.selenium.support.events.EventFiringWebDriver.get(EventFiringWebDriver.java:165)
	at com.kms.katalon.core.webui.keyword.builtin.OpenBrowserKeyword$_openBrowser_closure1.doCall(OpenBrowserKeyword.groovy:78)
	at com.kms.katalon.core.webui.keyword.builtin.OpenBrowserKeyword$_openBrowser_closure1.call(OpenBrowserKeyword.groovy)
	at com.kms.katalon.core.webui.keyword.internal.WebUIKeywordMain.runKeyword(WebUIKeywordMain.groovy:20)
	... 38 more
"/>
         <system-out><![CDATA[2021-02-19 19:39:48 - [TEST_CASE][FAILED] - Test Cases/TC_Login_RegisterUserAndForgotYourPassword/BasicTCs/TC_RigisterUserWithValidTestDataAndVerifyClickHereToResendEmailLink: Test Cases/TC_Login_RegisterUserAndForgotYourPassword/BasicTCs/TC_RigisterUserWithValidTestDataAndVerifyClickHereToResendEmailLink FAILED.
Reason:
com.kms.katalon.core.exception.StepFailedException: Call Test Case 'Test Cases/TC_Login_RegisterUserAndForgotYourPassword/CommanTCs/TC_RigisterUserWithValidTestDataAndVerify' failed
	at com.kms.katalon.core.keyword.builtin.CallTestCaseKeyword$_callTestCase_closure1.doCall(CallTestCaseKeyword.groovy:63)
	at com.kms.katalon.core.keyword.builtin.CallTestCaseKeyword$_callTestCase_closure1.call(CallTestCaseKeyword.groovy)
	at com.kms.katalon.core.keyword.internal.KeywordMain.runKeyword(KeywordMain.groovy:68)
	at com.kms.katalon.core.keyword.builtin.CallTestCaseKeyword.callTestCase(CallTestCaseKeyword.groovy:81)
	at com.kms.katalon.core.keyword.builtin.CallTestCaseKeyword.execute(CallTestCaseKeyword.groovy:44)
	at com.kms.katalon.core.keyword.internal.KeywordExecutor.executeKeywordForPlatform(KeywordExecutor.groovy:73)
	at com.kms.katalon.core.keyword.BuiltinKeywords.callTestCase(BuiltinKeywords.groovy:350)
	at TC_RigisterUserWithValidTestDataAndVerifyClickHereToResendEmailLink.run(TC_RigisterUserWithValidTestDataAndVerifyClickHereToResendEmailLink:18)
	at com.kms.katalon.core.main.ScriptEngine.run(ScriptEngine.java:194)
	at com.kms.katalon.core.main.ScriptEngine.runScriptAsRawText(ScriptEngine.java:119)
	at com.kms.katalon.core.main.TestCaseExecutor.runScript(TestCaseExecutor.java:394)
	at com.kms.katalon.core.main.TestCaseExecutor.doExecute(TestCaseExecutor.java:385)
	at com.kms.katalon.core.main.TestCaseExecutor.processExecutionPhase(TestCaseExecutor.java:364)
	at com.kms.katalon.core.main.TestCaseExecutor.accessMainPhase(TestCaseExecutor.java:356)
	at com.kms.katalon.core.main.TestCaseExecutor.execute(TestCaseExecutor.java:251)
	at com.kms.katalon.core.main.TestSuiteExecutor.accessTestCaseMainPhase(TestSuiteExecutor.java:203)
	at com.kms.katalon.core.main.TestSuiteExecutor.accessTestSuiteMainPhase(TestSuiteExecutor.java:152)
	at com.kms.katalon.core.main.TestSuiteExecutor.execute(TestSuiteExecutor.java:95)
	at com.kms.katalon.core.main.TestCaseMain.startTestSuite(TestCaseMain.java:157)
	at com.kms.katalon.core.main.TestCaseMain$startTestSuite$0.call(Unknown Source)
	at TempTestSuite1613740426765.run(TempTestSuite1613740426765.groovy:39)
Caused by: com.kms.katalon.core.exception.StepFailedException: Unable to open browser with url: 'https://Inspect.Stage.site.sa'
	at com.kms.katalon.core.webui.keyword.internal.WebUIKeywordMain.stepFailed(WebUIKeywordMain.groovy:64)
	at com.kms.katalon.core.webui.keyword.internal.WebUIKeywordMain.runKeyword(WebUIKeywordMain.groovy:26)
	at com.kms.katalon.core.webui.keyword.builtin.OpenBrowserKeyword.openBrowser(OpenBrowserKeyword.groovy:81)
	at com.kms.katalon.core.webui.keyword.builtin.OpenBrowserKeyword.execute(OpenBrowserKeyword.groovy:67)
	at com.kms.katalon.core.keyword.internal.KeywordExecutor.executeKeywordForPlatform(KeywordExecutor.groovy:73)
	at com.kms.katalon.core.webui.keyword.WebUiBuiltInKeywords.openBrowser(WebUiBuiltInKeywords.groovy:61)
	at com.kms.katalon.core.webui.keyword.WebUiBuiltInKeywords$openBrowser.call(Unknown Source)
	at customKeywords.commanFunctions.openBrowser(commanFunctions.groovy:47)
	at customKeywords.commanFunctions.invokeMethod(commanFunctions.groovy)
	at com.kms.katalon.core.main.CustomKeywordDelegatingMetaClass.invokeStaticMethod(CustomKeywordDelegatingMetaClass.java:50)
	at TC_RigisterUserWithValidTestDataAndVerify.run(TC_RigisterUserWithValidTestDataAndVerify:28)
	at com.kms.katalon.core.main.ScriptEngine.run(ScriptEngine.java:194)
	at com.kms.katalon.core.main.ScriptEngine.runScriptAsRawText(ScriptEngine.java:119)
	at com.kms.katalon.core.main.TestCaseExecutor.runScript(TestCaseExecutor.java:394)
	at com.kms.katalon.core.main.TestCaseExecutor.doExecute(TestCaseExecutor.java:385)
	at com.kms.katalon.core.main.TestCaseExecutor.processExecutionPhase(TestCaseExecutor.java:364)
	at com.kms.katalon.core.main.TestCaseExecutor.accessMainPhase(TestCaseExecutor.java:356)
	at com.kms.katalon.core.main.TestCaseExecutor.execute(TestCaseExecutor.java:251)
	at com.kms.katalon.core.main.TestCaseMain.runTestCase(TestCaseMain.java:114)
	at com.kms.katalon.core.keyword.builtin.CallTestCaseKeyword$_callTestCase_closure1.doCall(CallTestCaseKeyword.groovy:59)
	... 20 more
Caused by: org.openqa.selenium.WebDriverException: Reached error page: about:neterror?e=netTimeout&u=https%3A//inspect.stage.site.sa/&c=UTF-8&d=The%20server%20at%20inspect.stage.site.sa%20is%20taking%20too%20long%20to%20respond.
Build info: version: '3.141.59', revision: 'e82be7d358', time: '2018-11-14T08:25:53'
System info: host: 'OMTPGCN1132568L', ip: '192.168.0.102', os.name: 'Windows 10', os.arch: 'amd64', os.version: '10.0', java.version: '1.8.0_181'
Driver info: com.kms.katalon.core.webui.driver.firefox.CGeckoDriver
Capabilities {acceptInsecureCerts: true, browserName: firefox, browserVersion: 85.0.2, javascriptEnabled: true, moz:accessibilityChecks: false, moz:buildID: 20210208133944, moz:geckodriverVersion: 0.23.0, moz:headless: false, moz:processID: 24956, moz:profile: C:\Users\ashok\AppData\Loca..., moz:shutdownTimeout: 60000, moz:useNonSpecCompliantPointerOrigin: false, moz:webdriverClick: true, pageLoadStrategy: normal, platform: WINDOWS, platformName: WINDOWS, platformVersion: 10.0, proxy: Proxy(direct), rotatable: false, setWindowRect: true, strictFileInteractability: false, timeouts: {implicit: 0, pageLoad: 300000, script: 30000}, unhandledPromptBehavior: dismiss and notify}
Session ID: 14e5fa49-d8b8-484f-9558-b66aee52233d
	at org.openqa.selenium.remote.http.W3CHttpResponseCodec.createException(W3CHttpResponseCodec.java:187)
	at org.openqa.selenium.remote.http.W3CHttpResponseCodec.decode(W3CHttpResponseCodec.java:122)
	at org.openqa.selenium.remote.http.W3CHttpResponseCodec.decode(W3CHttpResponseCodec.java:49)
	at org.openqa.selenium.remote.HttpCommandExecutor.execute(HttpCommandExecutor.java:158)
	at org.openqa.selenium.remote.service.DriverCommandExecutor.execute(DriverCommandExecutor.java:83)
	at org.openqa.selenium.remote.RemoteWebDriver.execute(RemoteWebDriver.java:552)
	at com.kms.katalon.selenium.driver.CFirefoxDriver.execute(CFirefoxDriver.java:27)
	at org.openqa.selenium.remote.RemoteWebDriver.get(RemoteWebDriver.java:277)
	at org.openqa.selenium.support.events.EventFiringWebDriver.lambda$new$1(EventFiringWebDriver.java:105)
	at com.sun.proxy.$Proxy11.get(Unknown Source)
	at org.openqa.selenium.support.events.EventFiringWebDriver.get(EventFiringWebDriver.java:165)
	at com.kms.katalon.core.webui.keyword.builtin.OpenBrowserKeyword$_openBrowser_closure1.doCall(OpenBrowserKeyword.groovy:78)
	at com.kms.katalon.core.webui.keyword.builtin.OpenBrowserKeyword$_openBrowser_closure1.call(OpenBrowserKeyword.groovy)
	at com.kms.katalon.core.webui.keyword.internal.WebUIKeywordMain.runKeyword(WebUIKeywordMain.groovy:20)
	... 38 more


2021-02-19 19:39:49 - [TEST_STEP][PASSED] - excelTestData = findTestData("Data Files/TestData/InspectTestData"): null

2021-02-19 19:39:49 - [TEST_STEP][PASSED] - clickHereToResendEmai = findTestObject("Object Repository/LoginAndRigisterUser/clickHereToResendEmai"): null

2021-02-19 19:39:49 - [TEST_STEP][PASSED] - ClickHereToResendLinkValidationMessage = excelTestData.getValue(2, 19): null

2021-02-19 19:39:49 - [TEST_STEP][FAILED] - callTestCase(findTestCase("TC_Login_RegisterUserAndForgotYourPassword/CommanTCs/TC_RigisterUserWithValidTestDataAndVerify"), null): Unable to call Test Case 'Test Cases/TC_Login_RegisterUserAndForgotYourPassword/CommanTCs/TC_RigisterUserWithValidTestDataAndVerify' (Root cause: com.kms.katalon.core.exception.StepFailedException: Call Test Case 'Test Cases/TC_Login_RegisterUserAndForgotYourPassword/CommanTCs/TC_RigisterUserWithValidTestDataAndVerify' failed
	at com.kms.katalon.core.keyword.builtin.CallTestCaseKeyword$_callTestCase_closure1.doCall(CallTestCaseKeyword.groovy:63)
	at com.kms.katalon.core.keyword.builtin.CallTestCaseKeyword$_callTestCase_closure1.call(CallTestCaseKeyword.groovy)
	at com.kms.katalon.core.keyword.internal.KeywordMain.runKeyword(KeywordMain.groovy:68)
	at com.kms.katalon.core.keyword.builtin.CallTestCaseKeyword.callTestCase(CallTestCaseKeyword.groovy:81)
	at com.kms.katalon.core.keyword.builtin.CallTestCaseKeyword.execute(CallTestCaseKeyword.groovy:44)
	at com.kms.katalon.core.keyword.internal.KeywordExecutor.executeKeywordForPlatform(KeywordExecutor.groovy:73)
	at com.kms.katalon.core.keyword.BuiltinKeywords.callTestCase(BuiltinKeywords.groovy:350)
	at TC_RigisterUserWithValidTestDataAndVerifyClickHereToResendEmailLink.run(TC_RigisterUserWithValidTestDataAndVerifyClickHereToResendEmailLink:18)
	at com.kms.katalon.core.main.ScriptEngine.run(ScriptEngine.java:194)
	at com.kms.katalon.core.main.ScriptEngine.runScriptAsRawText(ScriptEngine.java:119)
	at com.kms.katalon.core.main.TestCaseExecutor.runScript(TestCaseExecutor.java:394)
	at com.kms.katalon.core.main.TestCaseExecutor.doExecute(TestCaseExecutor.java:385)
	at com.kms.katalon.core.main.TestCaseExecutor.processExecutionPhase(TestCaseExecutor.java:364)
	at com.kms.katalon.core.main.TestCaseExecutor.accessMainPhase(TestCaseExecutor.java:356)
	at com.kms.katalon.core.main.TestCaseExecutor.execute(TestCaseExecutor.java:251)
	at com.kms.katalon.core.main.TestSuiteExecutor.accessTestCaseMainPhase(TestSuiteExecutor.java:203)
	at com.kms.katalon.core.main.TestSuiteExecutor.accessTestSuiteMainPhase(TestSuiteExecutor.java:152)
	at com.kms.katalon.core.main.TestSuiteExecutor.execute(TestSuiteExecutor.java:95)
	at com.kms.katalon.core.main.TestCaseMain.startTestSuite(TestCaseMain.java:157)
	at com.kms.katalon.core.main.TestCaseMain$startTestSuite$0.call(Unknown Source)
	at TempTestSuite1613740426765.run(TempTestSuite1613740426765.groovy:39)
Caused by: com.kms.katalon.core.exception.StepFailedException: Unable to open browser with url: 'https://Inspect.Stage.site.sa'
	at com.kms.katalon.core.webui.keyword.internal.WebUIKeywordMain.stepFailed(WebUIKeywordMain.groovy:64)
	at com.kms.katalon.core.webui.keyword.internal.WebUIKeywordMain.runKeyword(WebUIKeywordMain.groovy:26)
	at com.kms.katalon.core.webui.keyword.builtin.OpenBrowserKeyword.openBrowser(OpenBrowserKeyword.groovy:81)
	at com.kms.katalon.core.webui.keyword.builtin.OpenBrowserKeyword.execute(OpenBrowserKeyword.groovy:67)
	at com.kms.katalon.core.keyword.internal.KeywordExecutor.executeKeywordForPlatform(KeywordExecutor.groovy:73)
	at com.kms.katalon.core.webui.keyword.WebUiBuiltInKeywords.openBrowser(WebUiBuiltInKeywords.groovy:61)
	at com.kms.katalon.core.webui.keyword.WebUiBuiltInKeywords$openBrowser.call(Unknown Source)
	at customKeywords.commanFunctions.openBrowser(commanFunctions.groovy:47)
	at customKeywords.commanFunctions.invokeMethod(commanFunctions.groovy)
	at com.kms.katalon.core.main.CustomKeywordDelegatingMetaClass.invokeStaticMethod(CustomKeywordDelegatingMetaClass.java:50)
	at TC_RigisterUserWithValidTestDataAndVerify.run(TC_RigisterUserWithValidTestDataAndVerify:28)
	at com.kms.katalon.core.main.ScriptEngine.run(ScriptEngine.java:194)
	at com.kms.katalon.core.main.ScriptEngine.runScriptAsRawText(ScriptEngine.java:119)
	at com.kms.katalon.core.main.TestCaseExecutor.runScript(TestCaseExecutor.java:394)
	at com.kms.katalon.core.main.TestCaseExecutor.doExecute(TestCaseExecutor.java:385)
	at com.kms.katalon.core.main.TestCaseExecutor.processExecutionPhase(TestCaseExecutor.java:364)
	at com.kms.katalon.core.main.TestCaseExecutor.accessMainPhase(TestCaseExecutor.java:356)
	at com.kms.katalon.core.main.TestCaseExecutor.execute(TestCaseExecutor.java:251)
	at com.kms.katalon.core.main.TestCaseMain.runTestCase(TestCaseMain.java:114)
	at com.kms.katalon.core.keyword.builtin.CallTestCaseKeyword$_callTestCase_closure1.doCall(CallTestCaseKeyword.groovy:59)
	... 20 more
Caused by: org.openqa.selenium.WebDriverException: Reached error page: about:neterror?e=netTimeout&u=https%3A//inspect.stage.site.sa/&c=UTF-8&d=The%20server%20at%20inspect.stage.site.sa%20is%20taking%20too%20long%20to%20respond.
Build info: version: '3.141.59', revision: 'e82be7d358', time: '2018-11-14T08:25:53'
System info: host: 'OMTPGCN1132568L', ip: '192.168.0.102', os.name: 'Windows 10', os.arch: 'amd64', os.version: '10.0', java.version: '1.8.0_181'
Driver info: com.kms.katalon.core.webui.driver.firefox.CGeckoDriver
Capabilities {acceptInsecureCerts: true, browserName: firefox, browserVersion: 85.0.2, javascriptEnabled: true, moz:accessibilityChecks: false, moz:buildID: 20210208133944, moz:geckodriverVersion: 0.23.0, moz:headless: false, moz:processID: 24956, moz:profile: C:\Users\ashok\AppData\Loca..., moz:shutdownTimeout: 60000, moz:useNonSpecCompliantPointerOrigin: false, moz:webdriverClick: true, pageLoadStrategy: normal, platform: WINDOWS, platformName: WINDOWS, platformVersion: 10.0, proxy: Proxy(direct), rotatable: false, setWindowRect: true, strictFileInteractability: false, timeouts: {implicit: 0, pageLoad: 300000, script: 30000}, unhandledPromptBehavior: dismiss and notify}
Session ID: 14e5fa49-d8b8-484f-9558-b66aee52233d
	at org.openqa.selenium.remote.http.W3CHttpResponseCodec.createException(W3CHttpResponseCodec.java:187)
	at org.openqa.selenium.remote.http.W3CHttpResponseCodec.decode(W3CHttpResponseCodec.java:122)
	at org.openqa.selenium.remote.http.W3CHttpResponseCodec.decode(W3CHttpResponseCodec.java:49)
	at org.openqa.selenium.remote.HttpCommandExecutor.execute(HttpCommandExecutor.java:158)
	at org.openqa.selenium.remote.service.DriverCommandExecutor.execute(DriverCommandExecutor.java:83)
	at org.openqa.selenium.remote.RemoteWebDriver.execute(RemoteWebDriver.java:552)
	at com.kms.katalon.selenium.driver.CFirefoxDriver.execute(CFirefoxDriver.java:27)
	at org.openqa.selenium.remote.RemoteWebDriver.get(RemoteWebDriver.java:277)
	at org.openqa.selenium.support.events.EventFiringWebDriver.lambda$new$1(EventFiringWebDriver.java:105)
	at com.sun.proxy.$Proxy11.get(Unknown Source)
	at org.openqa.selenium.support.events.EventFiringWebDriver.get(EventFiringWebDriver.java:165)
	at com.kms.katalon.core.webui.keyword.builtin.OpenBrowserKeyword$_openBrowser_closure1.doCall(OpenBrowserKeyword.groovy:78)
	at com.kms.katalon.core.webui.keyword.builtin.OpenBrowserKeyword$_openBrowser_closure1.call(OpenBrowserKeyword.groovy)
	at com.kms.katalon.core.webui.keyword.internal.WebUIKeywordMain.runKeyword(WebUIKeywordMain.groovy:20)
	... 38 more
)

2021-02-19 19:39:49 - [TEST_CASE][FAILED] - Test Cases/TC_Login_RegisterUserAndForgotYourPassword/CommanTCs/TC_RigisterUserWithValidTestDataAndVerify: Test Cases/TC_Login_RegisterUserAndForgotYourPassword/CommanTCs/TC_RigisterUserWithValidTestDataAndVerify FAILED.
Reason:
com.kms.katalon.core.exception.StepFailedException: Unable to open browser with url: 'https://Inspect.Stage.site.sa'
	at com.kms.katalon.core.webui.keyword.internal.WebUIKeywordMain.stepFailed(WebUIKeywordMain.groovy:64)
	at com.kms.katalon.core.webui.keyword.internal.WebUIKeywordMain.runKeyword(WebUIKeywordMain.groovy:26)
	at com.kms.katalon.core.webui.keyword.builtin.OpenBrowserKeyword.openBrowser(OpenBrowserKeyword.groovy:81)
	at com.kms.katalon.core.webui.keyword.builtin.OpenBrowserKeyword.execute(OpenBrowserKeyword.groovy:67)
	at com.kms.katalon.core.keyword.internal.KeywordExecutor.executeKeywordForPlatform(KeywordExecutor.groovy:73)
	at com.kms.katalon.core.webui.keyword.WebUiBuiltInKeywords.openBrowser(WebUiBuiltInKeywords.groovy:61)
	at com.kms.katalon.core.webui.keyword.WebUiBuiltInKeywords$openBrowser.call(Unknown Source)
	at customKeywords.commanFunctions.openBrowser(commanFunctions.groovy:47)
	at customKeywords.commanFunctions.invokeMethod(commanFunctions.groovy)
	at com.kms.katalon.core.main.CustomKeywordDelegatingMetaClass.invokeStaticMethod(CustomKeywordDelegatingMetaClass.java:50)
	at TC_RigisterUserWithValidTestDataAndVerify.run(TC_RigisterUserWithValidTestDataAndVerify:28)
	at com.kms.katalon.core.main.ScriptEngine.run(ScriptEngine.java:194)
	at com.kms.katalon.core.main.ScriptEngine.runScriptAsRawText(ScriptEngine.java:119)
	at com.kms.katalon.core.main.TestCaseExecutor.runScript(TestCaseExecutor.java:394)
	at com.kms.katalon.core.main.TestCaseExecutor.doExecute(TestCaseExecutor.java:385)
	at com.kms.katalon.core.main.TestCaseExecutor.processExecutionPhase(TestCaseExecutor.java:364)
	at com.kms.katalon.core.main.TestCaseExecutor.accessMainPhase(TestCaseExecutor.java:356)
	at com.kms.katalon.core.main.TestCaseExecutor.execute(TestCaseExecutor.java:251)
	at com.kms.katalon.core.main.TestCaseMain.runTestCase(TestCaseMain.java:114)
	at com.kms.katalon.core.keyword.builtin.CallTestCaseKeyword$_callTestCase_closure1.doCall(CallTestCaseKeyword.groovy:59)
	at com.kms.katalon.core.keyword.builtin.CallTestCaseKeyword$_callTestCase_closure1.call(CallTestCaseKeyword.groovy)
	at com.kms.katalon.core.keyword.internal.KeywordMain.runKeyword(KeywordMain.groovy:68)
	at com.kms.katalon.core.keyword.builtin.CallTestCaseKeyword.callTestCase(CallTestCaseKeyword.groovy:81)
	at com.kms.katalon.core.keyword.builtin.CallTestCaseKeyword.execute(CallTestCaseKeyword.groovy:44)
	at com.kms.katalon.core.keyword.internal.KeywordExecutor.executeKeywordForPlatform(KeywordExecutor.groovy:73)
	at com.kms.katalon.core.keyword.BuiltinKeywords.callTestCase(BuiltinKeywords.groovy:350)
	at TC_RigisterUserWithValidTestDataAndVerifyClickHereToResendEmailLink.run(TC_RigisterUserWithValidTestDataAndVerifyClickHereToResendEmailLink:18)
	at com.kms.katalon.core.main.ScriptEngine.run(ScriptEngine.java:194)
	at com.kms.katalon.core.main.ScriptEngine.runScriptAsRawText(ScriptEngine.java:119)
	at com.kms.katalon.core.main.TestCaseExecutor.runScript(TestCaseExecutor.java:394)
	at com.kms.katalon.core.main.TestCaseExecutor.doExecute(TestCaseExecutor.java:385)
	at com.kms.katalon.core.main.TestCaseExecutor.processExecutionPhase(TestCaseExecutor.java:364)
	at com.kms.katalon.core.main.TestCaseExecutor.accessMainPhase(TestCaseExecutor.java:356)
	at com.kms.katalon.core.main.TestCaseExecutor.execute(TestCaseExecutor.java:251)
	at com.kms.katalon.core.main.TestSuiteExecutor.accessTestCaseMainPhase(TestSuiteExecutor.java:203)
	at com.kms.katalon.core.main.TestSuiteExecutor.accessTestSuiteMainPhase(TestSuiteExecutor.java:152)
	at com.kms.katalon.core.main.TestSuiteExecutor.execute(TestSuiteExecutor.java:95)
	at com.kms.katalon.core.main.TestCaseMain.startTestSuite(TestCaseMain.java:157)
	at com.kms.katalon.core.main.TestCaseMain$startTestSuite$0.call(Unknown Source)
	at TempTestSuite1613740426765.run(TempTestSuite1613740426765.groovy:39)
Caused by: org.openqa.selenium.WebDriverException: Reached error page: about:neterror?e=netTimeout&u=https%3A//inspect.stage.site.sa/&c=UTF-8&d=The%20server%20at%20inspect.stage.site.sa%20is%20taking%20too%20long%20to%20respond.
Build info: version: '3.141.59', revision: 'e82be7d358', time: '2018-11-14T08:25:53'
System info: host: 'OMTPGCN1132568L', ip: '192.168.0.102', os.name: 'Windows 10', os.arch: 'amd64', os.version: '10.0', java.version: '1.8.0_181'
Driver info: com.kms.katalon.core.webui.driver.firefox.CGeckoDriver
Capabilities {acceptInsecureCerts: true, browserName: firefox, browserVersion: 85.0.2, javascriptEnabled: true, moz:accessibilityChecks: false, moz:buildID: 20210208133944, moz:geckodriverVersion: 0.23.0, moz:headless: false, moz:processID: 24956, moz:profile: C:\Users\ashok\AppData\Loca..., moz:shutdownTimeout: 60000, moz:useNonSpecCompliantPointerOrigin: false, moz:webdriverClick: true, pageLoadStrategy: normal, platform: WINDOWS, platformName: WINDOWS, platformVersion: 10.0, proxy: Proxy(direct), rotatable: false, setWindowRect: true, strictFileInteractability: false, timeouts: {implicit: 0, pageLoad: 300000, script: 30000}, unhandledPromptBehavior: dismiss and notify}
Session ID: 14e5fa49-d8b8-484f-9558-b66aee52233d
	at org.openqa.selenium.remote.http.W3CHttpResponseCodec.createException(W3CHttpResponseCodec.java:187)
	at org.openqa.selenium.remote.http.W3CHttpResponseCodec.decode(W3CHttpResponseCodec.java:122)
	at org.openqa.selenium.remote.http.W3CHttpResponseCodec.decode(W3CHttpResponseCodec.java:49)
	at org.openqa.selenium.remote.HttpCommandExecutor.execute(HttpCommandExecutor.java:158)
	at org.openqa.selenium.remote.service.DriverCommandExecutor.execute(DriverCommandExecutor.java:83)
	at org.openqa.selenium.remote.RemoteWebDriver.execute(RemoteWebDriver.java:552)
	at com.kms.katalon.selenium.driver.CFirefoxDriver.execute(CFirefoxDriver.java:27)
	at org.openqa.selenium.remote.RemoteWebDriver.get(RemoteWebDriver.java:277)
	at org.openqa.selenium.support.events.EventFiringWebDriver.lambda$new$1(EventFiringWebDriver.java:105)
	at com.sun.proxy.$Proxy11.get(Unknown Source)
	at org.openqa.selenium.support.events.EventFiringWebDriver.get(EventFiringWebDriver.java:165)
	at com.kms.katalon.core.webui.keyword.builtin.OpenBrowserKeyword$_openBrowser_closure1.doCall(OpenBrowserKeyword.groovy:78)
	at com.kms.katalon.core.webui.keyword.builtin.OpenBrowserKeyword$_openBrowser_closure1.call(OpenBrowserKeyword.groovy)
	at com.kms.katalon.core.webui.keyword.internal.WebUIKeywordMain.runKeyword(WebUIKeywordMain.groovy:20)
	... 38 more


2021-02-19 19:39:49 - [TEST_STEP][PASSED] - excelTestData = findTestData("Data Files/TestData/InspectTestData"): null

2021-02-19 19:39:49 - [TEST_STEP][PASSED] - obj = findTestObject("LoginAndRigisterUser/LoginLink"): null

2021-02-19 19:39:49 - [TEST_STEP][PASSED] - RigisterBtn = findTestObject("Object Repository/LoginAndRigisterUser/RegisterBtn"): null

2021-02-19 19:39:49 - [TEST_STEP][PASSED] - CheckBoxTermsAndCondition = findTestObject("Object Repository/LoginAndRigisterUser/Reg_SiteInspectTermsOfUse_CheckBox"): null

2021-02-19 19:39:49 - [TEST_STEP][PASSED] - rigisterHereLink = findTestObject("Object Repository/LoginAndRigisterUser/RigisterHere"): null

2021-02-19 19:39:50 - [TEST_STEP][FAILED] - customKeywords.commanFunctions.openBrowser(): Unable to open browser with url: 'https://Inspect.Stage.site.sa'

2021-02-19 19:39:50 - [MESSAGE][INFO] - Starting 'Firefox' driver

2021-02-19 19:39:50 - [MESSAGE][INFO] - Action delay is set to 0 milliseconds

2021-02-19 19:40:40 - [MESSAGE][FAILED] - Unable to open browser with url: 'https://Inspect.Stage.site.sa' (Root cause: com.kms.katalon.core.exception.StepFailedException: Unable to open browser with url: 'https://Inspect.Stage.site.sa'
	at com.kms.katalon.core.webui.keyword.internal.WebUIKeywordMain.stepFailed(WebUIKeywordMain.groovy:64)
	at com.kms.katalon.core.webui.keyword.internal.WebUIKeywordMain.runKeyword(WebUIKeywordMain.groovy:26)
	at com.kms.katalon.core.webui.keyword.builtin.OpenBrowserKeyword.openBrowser(OpenBrowserKeyword.groovy:81)
	at com.kms.katalon.core.webui.keyword.builtin.OpenBrowserKeyword.execute(OpenBrowserKeyword.groovy:67)
	at com.kms.katalon.core.keyword.internal.KeywordExecutor.executeKeywordForPlatform(KeywordExecutor.groovy:73)
	at com.kms.katalon.core.webui.keyword.WebUiBuiltInKeywords.openBrowser(WebUiBuiltInKeywords.groovy:61)
	at com.kms.katalon.core.webui.keyword.WebUiBuiltInKeywords$openBrowser.call(Unknown Source)
	at customKeywords.commanFunctions.openBrowser(commanFunctions.groovy:47)
	at customKeywords.commanFunctions.invokeMethod(commanFunctions.groovy)
	at com.kms.katalon.core.main.CustomKeywordDelegatingMetaClass.invokeStaticMethod(CustomKeywordDelegatingMetaClass.java:50)
	at TC_RigisterUserWithValidTestDataAndVerify.run(TC_RigisterUserWithValidTestDataAndVerify:28)
	at com.kms.katalon.core.main.ScriptEngine.run(ScriptEngine.java:194)
	at com.kms.katalon.core.main.ScriptEngine.runScriptAsRawText(ScriptEngine.java:119)
	at com.kms.katalon.core.main.TestCaseExecutor.runScript(TestCaseExecutor.java:394)
	at com.kms.katalon.core.main.TestCaseExecutor.doExecute(TestCaseExecutor.java:385)
	at com.kms.katalon.core.main.TestCaseExecutor.processExecutionPhase(TestCaseExecutor.java:364)
	at com.kms.katalon.core.main.TestCaseExecutor.accessMainPhase(TestCaseExecutor.java:356)
	at com.kms.katalon.core.main.TestCaseExecutor.execute(TestCaseExecutor.java:251)
	at com.kms.katalon.core.main.TestCaseMain.runTestCase(TestCaseMain.java:114)
	at com.kms.katalon.core.keyword.builtin.CallTestCaseKeyword$_callTestCase_closure1.doCall(CallTestCaseKeyword.groovy:59)
	at com.kms.katalon.core.keyword.builtin.CallTestCaseKeyword$_callTestCase_closure1.call(CallTestCaseKeyword.groovy)
	at com.kms.katalon.core.keyword.internal.KeywordMain.runKeyword(KeywordMain.groovy:68)
	at com.kms.katalon.core.keyword.builtin.CallTestCaseKeyword.callTestCase(CallTestCaseKeyword.groovy:81)
	at com.kms.katalon.core.keyword.builtin.CallTestCaseKeyword.execute(CallTestCaseKeyword.groovy:44)
	at com.kms.katalon.core.keyword.internal.KeywordExecutor.executeKeywordForPlatform(KeywordExecutor.groovy:73)
	at com.kms.katalon.core.keyword.BuiltinKeywords.callTestCase(BuiltinKeywords.groovy:350)
	at TC_RigisterUserWithValidTestDataAndVerifyClickHereToResendEmailLink.run(TC_RigisterUserWithValidTestDataAndVerifyClickHereToResendEmailLink:18)
	at com.kms.katalon.core.main.ScriptEngine.run(ScriptEngine.java:194)
	at com.kms.katalon.core.main.ScriptEngine.runScriptAsRawText(ScriptEngine.java:119)
	at com.kms.katalon.core.main.TestCaseExecutor.runScript(TestCaseExecutor.java:394)
	at com.kms.katalon.core.main.TestCaseExecutor.doExecute(TestCaseExecutor.java:385)
	at com.kms.katalon.core.main.TestCaseExecutor.processExecutionPhase(TestCaseExecutor.java:364)
	at com.kms.katalon.core.main.TestCaseExecutor.accessMainPhase(TestCaseExecutor.java:356)
	at com.kms.katalon.core.main.TestCaseExecutor.execute(TestCaseExecutor.java:251)
	at com.kms.katalon.core.main.TestSuiteExecutor.accessTestCaseMainPhase(TestSuiteExecutor.java:203)
	at com.kms.katalon.core.main.TestSuiteExecutor.accessTestSuiteMainPhase(TestSuiteExecutor.java:152)
	at com.kms.katalon.core.main.TestSuiteExecutor.execute(TestSuiteExecutor.java:95)
	at com.kms.katalon.core.main.TestCaseMain.startTestSuite(TestCaseMain.java:157)
	at com.kms.katalon.core.main.TestCaseMain$startTestSuite$0.call(Unknown Source)
	at TempTestSuite1613740426765.run(TempTestSuite1613740426765.groovy:39)
Caused by: org.openqa.selenium.WebDriverException: Reached error page: about:neterror?e=netTimeout&u=https%3A//inspect.stage.site.sa/&c=UTF-8&d=The%20server%20at%20inspect.stage.site.sa%20is%20taking%20too%20long%20to%20respond.
Build info: version: '3.141.59', revision: 'e82be7d358', time: '2018-11-14T08:25:53'
System info: host: 'OMTPGCN1132568L', ip: '192.168.0.102', os.name: 'Windows 10', os.arch: 'amd64', os.version: '10.0', java.version: '1.8.0_181'
Driver info: com.kms.katalon.core.webui.driver.firefox.CGeckoDriver
Capabilities {acceptInsecureCerts: true, browserName: firefox, browserVersion: 85.0.2, javascriptEnabled: true, moz:accessibilityChecks: false, moz:buildID: 20210208133944, moz:geckodriverVersion: 0.23.0, moz:headless: false, moz:processID: 24956, moz:profile: C:\Users\ashok\AppData\Loca..., moz:shutdownTimeout: 60000, moz:useNonSpecCompliantPointerOrigin: false, moz:webdriverClick: true, pageLoadStrategy: normal, platform: WINDOWS, platformName: WINDOWS, platformVersion: 10.0, proxy: Proxy(direct), rotatable: false, setWindowRect: true, strictFileInteractability: false, timeouts: {implicit: 0, pageLoad: 300000, script: 30000}, unhandledPromptBehavior: dismiss and notify}
Session ID: 14e5fa49-d8b8-484f-9558-b66aee52233d
	at org.openqa.selenium.remote.http.W3CHttpResponseCodec.createException(W3CHttpResponseCodec.java:187)
	at org.openqa.selenium.remote.http.W3CHttpResponseCodec.decode(W3CHttpResponseCodec.java:122)
	at org.openqa.selenium.remote.http.W3CHttpResponseCodec.decode(W3CHttpResponseCodec.java:49)
	at org.openqa.selenium.remote.HttpCommandExecutor.execute(HttpCommandExecutor.java:158)
	at org.openqa.selenium.remote.service.DriverCommandExecutor.execute(DriverCommandExecutor.java:83)
	at org.openqa.selenium.remote.RemoteWebDriver.execute(RemoteWebDriver.java:552)
	at com.kms.katalon.selenium.driver.CFirefoxDriver.execute(CFirefoxDriver.java:27)
	at org.openqa.selenium.remote.RemoteWebDriver.get(RemoteWebDriver.java:277)
	at org.openqa.selenium.support.events.EventFiringWebDriver.lambda$new$1(EventFiringWebDriver.java:105)
	at com.sun.proxy.$Proxy11.get(Unknown Source)
	at org.openqa.selenium.support.events.EventFiringWebDriver.get(EventFiringWebDriver.java:165)
	at com.kms.katalon.core.webui.keyword.builtin.OpenBrowserKeyword$_openBrowser_closure1.doCall(OpenBrowserKeyword.groovy:78)
	at com.kms.katalon.core.webui.keyword.builtin.OpenBrowserKeyword$_openBrowser_closure1.call(OpenBrowserKeyword.groovy)
	at com.kms.katalon.core.webui.keyword.internal.WebUIKeywordMain.runKeyword(WebUIKeywordMain.groovy:20)
	at com.kms.katalon.core.webui.keyword.builtin.OpenBrowserKeyword.openBrowser(OpenBrowserKeyword.groovy:81)
	at com.kms.katalon.core.webui.keyword.builtin.OpenBrowserKeyword.execute(OpenBrowserKeyword.groovy:67)
	at com.kms.katalon.core.keyword.internal.KeywordExecutor.executeKeywordForPlatform(KeywordExecutor.groovy:73)
	at com.kms.katalon.core.webui.keyword.WebUiBuiltInKeywords.openBrowser(WebUiBuiltInKeywords.groovy:61)
	at com.kms.katalon.core.webui.keyword.WebUiBuiltInKeywords$openBrowser.call(Unknown Source)
	at customKeywords.commanFunctions.openBrowser(commanFunctions.groovy:47)
	at customKeywords.commanFunctions.invokeMethod(commanFunctions.groovy)
	at com.kms.katalon.core.main.CustomKeywordDelegatingMetaClass.invokeStaticMethod(CustomKeywordDelegatingMetaClass.java:50)
	at Script1613217918681.run(Script1613217918681.groovy:28)
	at com.kms.katalon.core.main.ScriptEngine.run(ScriptEngine.java:194)
	at com.kms.katalon.core.main.ScriptEngine.runScriptAsRawText(ScriptEngine.java:119)
	at com.kms.katalon.core.main.TestCaseExecutor.runScript(TestCaseExecutor.java:394)
	at com.kms.katalon.core.main.TestCaseExecutor.doExecute(TestCaseExecutor.java:385)
	at com.kms.katalon.core.main.TestCaseExecutor.processExecutionPhase(TestCaseExecutor.java:364)
	at com.kms.katalon.core.main.TestCaseExecutor.accessMainPhase(TestCaseExecutor.java:356)
	at com.kms.katalon.core.main.TestCaseExecutor.execute(TestCaseExecutor.java:251)
	at com.kms.katalon.core.main.TestCaseMain.runTestCase(TestCaseMain.java:114)
	at com.kms.katalon.core.keyword.builtin.CallTestCaseKeyword$_callTestCase_closure1.doCall(CallTestCaseKeyword.groovy:59)
	at com.kms.katalon.core.keyword.builtin.CallTestCaseKeyword$_callTestCase_closure1.call(CallTestCaseKeyword.groovy)
	at com.kms.katalon.core.keyword.internal.KeywordMain.runKeyword(KeywordMain.groovy:68)
	at com.kms.katalon.core.keyword.builtin.CallTestCaseKeyword.callTestCase(CallTestCaseKeyword.groovy:81)
	at com.kms.katalon.core.keyword.builtin.CallTestCaseKeyword.execute(CallTestCaseKeyword.groovy:44)
	at com.kms.katalon.core.keyword.internal.KeywordExecutor.executeKeywordForPlatform(KeywordExecutor.groovy:73)
	at com.kms.katalon.core.keyword.BuiltinKeywords.callTestCase(BuiltinKeywords.groovy:350)
	at Script1613217918656.run(Script1613217918656.groovy:18)
	... 13 more
)

2021-02-19 19:40:40 - [MESSAGE][FAILED] - Unable to open browser with url: 'https://Inspect.Stage.site.sa'

2021-02-19 19:40:40 - [MESSAGE][FAILED] - Unable to call Test Case 'Test Cases/TC_Login_RegisterUserAndForgotYourPassword/CommanTCs/TC_RigisterUserWithValidTestDataAndVerify' (Root cause: com.kms.katalon.core.exception.StepFailedException: Call Test Case 'Test Cases/TC_Login_RegisterUserAndForgotYourPassword/CommanTCs/TC_RigisterUserWithValidTestDataAndVerify' failed
	at com.kms.katalon.core.keyword.builtin.CallTestCaseKeyword$_callTestCase_closure1.doCall(CallTestCaseKeyword.groovy:63)
	at com.kms.katalon.core.keyword.builtin.CallTestCaseKeyword$_callTestCase_closure1.call(CallTestCaseKeyword.groovy)
	at com.kms.katalon.core.keyword.internal.KeywordMain.runKeyword(KeywordMain.groovy:68)
	at com.kms.katalon.core.keyword.builtin.CallTestCaseKeyword.callTestCase(CallTestCaseKeyword.groovy:81)
	at com.kms.katalon.core.keyword.builtin.CallTestCaseKeyword.execute(CallTestCaseKeyword.groovy:44)
	at com.kms.katalon.core.keyword.internal.KeywordExecutor.executeKeywordForPlatform(KeywordExecutor.groovy:73)
	at com.kms.katalon.core.keyword.BuiltinKeywords.callTestCase(BuiltinKeywords.groovy:350)
	at TC_RigisterUserWithValidTestDataAndVerifyClickHereToResendEmailLink.run(TC_RigisterUserWithValidTestDataAndVerifyClickHereToResendEmailLink:18)
	at com.kms.katalon.core.main.ScriptEngine.run(ScriptEngine.java:194)
	at com.kms.katalon.core.main.ScriptEngine.runScriptAsRawText(ScriptEngine.java:119)
	at com.kms.katalon.core.main.TestCaseExecutor.runScript(TestCaseExecutor.java:394)
	at com.kms.katalon.core.main.TestCaseExecutor.doExecute(TestCaseExecutor.java:385)
	at com.kms.katalon.core.main.TestCaseExecutor.processExecutionPhase(TestCaseExecutor.java:364)
	at com.kms.katalon.core.main.TestCaseExecutor.accessMainPhase(TestCaseExecutor.java:356)
	at com.kms.katalon.core.main.TestCaseExecutor.execute(TestCaseExecutor.java:251)
	at com.kms.katalon.core.main.TestSuiteExecutor.accessTestCaseMainPhase(TestSuiteExecutor.java:203)
	at com.kms.katalon.core.main.TestSuiteExecutor.accessTestSuiteMainPhase(TestSuiteExecutor.java:152)
	at com.kms.katalon.core.main.TestSuiteExecutor.execute(TestSuiteExecutor.java:95)
	at com.kms.katalon.core.main.TestCaseMain.startTestSuite(TestCaseMain.java:157)
	at com.kms.katalon.core.main.TestCaseMain$startTestSuite$0.call(Unknown Source)
	at TempTestSuite1613740426765.run(TempTestSuite1613740426765.groovy:39)
Caused by: com.kms.katalon.core.exception.StepFailedException: Unable to open browser with url: 'https://Inspect.Stage.site.sa'
	at com.kms.katalon.core.webui.keyword.internal.WebUIKeywordMain.stepFailed(WebUIKeywordMain.groovy:64)
	at com.kms.katalon.core.webui.keyword.internal.WebUIKeywordMain.runKeyword(WebUIKeywordMain.groovy:26)
	at com.kms.katalon.core.webui.keyword.builtin.OpenBrowserKeyword.openBrowser(OpenBrowserKeyword.groovy:81)
	at com.kms.katalon.core.webui.keyword.builtin.OpenBrowserKeyword.execute(OpenBrowserKeyword.groovy:67)
	at com.kms.katalon.core.keyword.internal.KeywordExecutor.executeKeywordForPlatform(KeywordExecutor.groovy:73)
	at com.kms.katalon.core.webui.keyword.WebUiBuiltInKeywords.openBrowser(WebUiBuiltInKeywords.groovy:61)
	at com.kms.katalon.core.webui.keyword.WebUiBuiltInKeywords$openBrowser.call(Unknown Source)
	at customKeywords.commanFunctions.openBrowser(commanFunctions.groovy:47)
	at customKeywords.commanFunctions.invokeMethod(commanFunctions.groovy)
	at com.kms.katalon.core.main.CustomKeywordDelegatingMetaClass.invokeStaticMethod(CustomKeywordDelegatingMetaClass.java:50)
	at TC_RigisterUserWithValidTestDataAndVerify.run(TC_RigisterUserWithValidTestDataAndVerify:28)
	at com.kms.katalon.core.main.ScriptEngine.run(ScriptEngine.java:194)
	at com.kms.katalon.core.main.ScriptEngine.runScriptAsRawText(ScriptEngine.java:119)
	at com.kms.katalon.core.main.TestCaseExecutor.runScript(TestCaseExecutor.java:394)
	at com.kms.katalon.core.main.TestCaseExecutor.doExecute(TestCaseExecutor.java:385)
	at com.kms.katalon.core.main.TestCaseExecutor.processExecutionPhase(TestCaseExecutor.java:364)
	at com.kms.katalon.core.main.TestCaseExecutor.accessMainPhase(TestCaseExecutor.java:356)
	at com.kms.katalon.core.main.TestCaseExecutor.execute(TestCaseExecutor.java:251)
	at com.kms.katalon.core.main.TestCaseMain.runTestCase(TestCaseMain.java:114)
	at com.kms.katalon.core.keyword.builtin.CallTestCaseKeyword$_callTestCase_closure1.doCall(CallTestCaseKeyword.groovy:59)
	... 20 more
Caused by: org.openqa.selenium.WebDriverException: Reached error page: about:neterror?e=netTimeout&u=https%3A//inspect.stage.site.sa/&c=UTF-8&d=The%20server%20at%20inspect.stage.site.sa%20is%20taking%20too%20long%20to%20respond.
Build info: version: '3.141.59', revision: 'e82be7d358', time: '2018-11-14T08:25:53'
System info: host: 'OMTPGCN1132568L', ip: '192.168.0.102', os.name: 'Windows 10', os.arch: 'amd64', os.version: '10.0', java.version: '1.8.0_181'
Driver info: com.kms.katalon.core.webui.driver.firefox.CGeckoDriver
Capabilities {acceptInsecureCerts: true, browserName: firefox, browserVersion: 85.0.2, javascriptEnabled: true, moz:accessibilityChecks: false, moz:buildID: 20210208133944, moz:geckodriverVersion: 0.23.0, moz:headless: false, moz:processID: 24956, moz:profile: C:\Users\ashok\AppData\Loca..., moz:shutdownTimeout: 60000, moz:useNonSpecCompliantPointerOrigin: false, moz:webdriverClick: true, pageLoadStrategy: normal, platform: WINDOWS, platformName: WINDOWS, platformVersion: 10.0, proxy: Proxy(direct), rotatable: false, setWindowRect: true, strictFileInteractability: false, timeouts: {implicit: 0, pageLoad: 300000, script: 30000}, unhandledPromptBehavior: dismiss and notify}
Session ID: 14e5fa49-d8b8-484f-9558-b66aee52233d
	at org.openqa.selenium.remote.http.W3CHttpResponseCodec.createException(W3CHttpResponseCodec.java:187)
	at org.openqa.selenium.remote.http.W3CHttpResponseCodec.decode(W3CHttpResponseCodec.java:122)
	at org.openqa.selenium.remote.http.W3CHttpResponseCodec.decode(W3CHttpResponseCodec.java:49)
	at org.openqa.selenium.remote.HttpCommandExecutor.execute(HttpCommandExecutor.java:158)
	at org.openqa.selenium.remote.service.DriverCommandExecutor.execute(DriverCommandExecutor.java:83)
	at org.openqa.selenium.remote.RemoteWebDriver.execute(RemoteWebDriver.java:552)
	at com.kms.katalon.selenium.driver.CFirefoxDriver.execute(CFirefoxDriver.java:27)
	at org.openqa.selenium.remote.RemoteWebDriver.get(RemoteWebDriver.java:277)
	at org.openqa.selenium.support.events.EventFiringWebDriver.lambda$new$1(EventFiringWebDriver.java:105)
	at com.sun.proxy.$Proxy11.get(Unknown Source)
	at org.openqa.selenium.support.events.EventFiringWebDriver.get(EventFiringWebDriver.java:165)
	at com.kms.katalon.core.webui.keyword.builtin.OpenBrowserKeyword$_openBrowser_closure1.doCall(OpenBrowserKeyword.groovy:78)
	at com.kms.katalon.core.webui.keyword.builtin.OpenBrowserKeyword$_openBrowser_closure1.call(OpenBrowserKeyword.groovy)
	at com.kms.katalon.core.webui.keyword.internal.WebUIKeywordMain.runKeyword(WebUIKeywordMain.groovy:20)
	... 38 more
)

2021-02-19 19:40:40 - [TEST_STEP][PASSED] - Start tear down : tearDownMethodIfFailed: Method 'tearDownMethodIfFailed' complete successfully

2021-02-19 19:40:40 - [TEST_STEP][PASSED] - customKeywords.commanFunctions.onlyCloseBrowser(): customKeywords.commanFunctions.onlyCloseBrowser is PASSED

2021-02-19 19:40:42 - [MESSAGE][PASSED] - Browser is closed

2021-02-19 19:40:42 - [MESSAGE][PASSED] - customKeywords.commanFunctions.onlyCloseBrowser is PASSED

2021-02-19 19:40:42 - [TEST_STEP][PASSED] - logInfo("[--------This is tearDownIfFailed method------]"): [--------This is tearDownIfFailed method------]

2021-02-19 19:40:42 - [MESSAGE][INFO] - [--------This is tearDownIfFailed method------]

2021-02-19 19:40:42 - [MESSAGE][PASSED] - Method 'tearDownMethodIfFailed' complete successfully]]></system-out>
         <system-err><![CDATA[2021-02-19 19:39:48 - [TEST_CASE][FAILED] - Test Cases/TC_Login_RegisterUserAndForgotYourPassword/BasicTCs/TC_RigisterUserWithValidTestDataAndVerifyClickHereToResendEmailLink: Test Cases/TC_Login_RegisterUserAndForgotYourPassword/BasicTCs/TC_RigisterUserWithValidTestDataAndVerifyClickHereToResendEmailLink FAILED.
Reason:
com.kms.katalon.core.exception.StepFailedException: Call Test Case 'Test Cases/TC_Login_RegisterUserAndForgotYourPassword/CommanTCs/TC_RigisterUserWithValidTestDataAndVerify' failed
	at com.kms.katalon.core.keyword.builtin.CallTestCaseKeyword$_callTestCase_closure1.doCall(CallTestCaseKeyword.groovy:63)
	at com.kms.katalon.core.keyword.builtin.CallTestCaseKeyword$_callTestCase_closure1.call(CallTestCaseKeyword.groovy)
	at com.kms.katalon.core.keyword.internal.KeywordMain.runKeyword(KeywordMain.groovy:68)
	at com.kms.katalon.core.keyword.builtin.CallTestCaseKeyword.callTestCase(CallTestCaseKeyword.groovy:81)
	at com.kms.katalon.core.keyword.builtin.CallTestCaseKeyword.execute(CallTestCaseKeyword.groovy:44)
	at com.kms.katalon.core.keyword.internal.KeywordExecutor.executeKeywordForPlatform(KeywordExecutor.groovy:73)
	at com.kms.katalon.core.keyword.BuiltinKeywords.callTestCase(BuiltinKeywords.groovy:350)
	at TC_RigisterUserWithValidTestDataAndVerifyClickHereToResendEmailLink.run(TC_RigisterUserWithValidTestDataAndVerifyClickHereToResendEmailLink:18)
	at com.kms.katalon.core.main.ScriptEngine.run(ScriptEngine.java:194)
	at com.kms.katalon.core.main.ScriptEngine.runScriptAsRawText(ScriptEngine.java:119)
	at com.kms.katalon.core.main.TestCaseExecutor.runScript(TestCaseExecutor.java:394)
	at com.kms.katalon.core.main.TestCaseExecutor.doExecute(TestCaseExecutor.java:385)
	at com.kms.katalon.core.main.TestCaseExecutor.processExecutionPhase(TestCaseExecutor.java:364)
	at com.kms.katalon.core.main.TestCaseExecutor.accessMainPhase(TestCaseExecutor.java:356)
	at com.kms.katalon.core.main.TestCaseExecutor.execute(TestCaseExecutor.java:251)
	at com.kms.katalon.core.main.TestSuiteExecutor.accessTestCaseMainPhase(TestSuiteExecutor.java:203)
	at com.kms.katalon.core.main.TestSuiteExecutor.accessTestSuiteMainPhase(TestSuiteExecutor.java:152)
	at com.kms.katalon.core.main.TestSuiteExecutor.execute(TestSuiteExecutor.java:95)
	at com.kms.katalon.core.main.TestCaseMain.startTestSuite(TestCaseMain.java:157)
	at com.kms.katalon.core.main.TestCaseMain$startTestSuite$0.call(Unknown Source)
	at TempTestSuite1613740426765.run(TempTestSuite1613740426765.groovy:39)
Caused by: com.kms.katalon.core.exception.StepFailedException: Unable to open browser with url: 'https://Inspect.Stage.site.sa'
	at com.kms.katalon.core.webui.keyword.internal.WebUIKeywordMain.stepFailed(WebUIKeywordMain.groovy:64)
	at com.kms.katalon.core.webui.keyword.internal.WebUIKeywordMain.runKeyword(WebUIKeywordMain.groovy:26)
	at com.kms.katalon.core.webui.keyword.builtin.OpenBrowserKeyword.openBrowser(OpenBrowserKeyword.groovy:81)
	at com.kms.katalon.core.webui.keyword.builtin.OpenBrowserKeyword.execute(OpenBrowserKeyword.groovy:67)
	at com.kms.katalon.core.keyword.internal.KeywordExecutor.executeKeywordForPlatform(KeywordExecutor.groovy:73)
	at com.kms.katalon.core.webui.keyword.WebUiBuiltInKeywords.openBrowser(WebUiBuiltInKeywords.groovy:61)
	at com.kms.katalon.core.webui.keyword.WebUiBuiltInKeywords$openBrowser.call(Unknown Source)
	at customKeywords.commanFunctions.openBrowser(commanFunctions.groovy:47)
	at customKeywords.commanFunctions.invokeMethod(commanFunctions.groovy)
	at com.kms.katalon.core.main.CustomKeywordDelegatingMetaClass.invokeStaticMethod(CustomKeywordDelegatingMetaClass.java:50)
	at TC_RigisterUserWithValidTestDataAndVerify.run(TC_RigisterUserWithValidTestDataAndVerify:28)
	at com.kms.katalon.core.main.ScriptEngine.run(ScriptEngine.java:194)
	at com.kms.katalon.core.main.ScriptEngine.runScriptAsRawText(ScriptEngine.java:119)
	at com.kms.katalon.core.main.TestCaseExecutor.runScript(TestCaseExecutor.java:394)
	at com.kms.katalon.core.main.TestCaseExecutor.doExecute(TestCaseExecutor.java:385)
	at com.kms.katalon.core.main.TestCaseExecutor.processExecutionPhase(TestCaseExecutor.java:364)
	at com.kms.katalon.core.main.TestCaseExecutor.accessMainPhase(TestCaseExecutor.java:356)
	at com.kms.katalon.core.main.TestCaseExecutor.execute(TestCaseExecutor.java:251)
	at com.kms.katalon.core.main.TestCaseMain.runTestCase(TestCaseMain.java:114)
	at com.kms.katalon.core.keyword.builtin.CallTestCaseKeyword$_callTestCase_closure1.doCall(CallTestCaseKeyword.groovy:59)
	... 20 more
Caused by: org.openqa.selenium.WebDriverException: Reached error page: about:neterror?e=netTimeout&u=https%3A//inspect.stage.site.sa/&c=UTF-8&d=The%20server%20at%20inspect.stage.site.sa%20is%20taking%20too%20long%20to%20respond.
Build info: version: '3.141.59', revision: 'e82be7d358', time: '2018-11-14T08:25:53'
System info: host: 'OMTPGCN1132568L', ip: '192.168.0.102', os.name: 'Windows 10', os.arch: 'amd64', os.version: '10.0', java.version: '1.8.0_181'
Driver info: com.kms.katalon.core.webui.driver.firefox.CGeckoDriver
Capabilities {acceptInsecureCerts: true, browserName: firefox, browserVersion: 85.0.2, javascriptEnabled: true, moz:accessibilityChecks: false, moz:buildID: 20210208133944, moz:geckodriverVersion: 0.23.0, moz:headless: false, moz:processID: 24956, moz:profile: C:\Users\ashok\AppData\Loca..., moz:shutdownTimeout: 60000, moz:useNonSpecCompliantPointerOrigin: false, moz:webdriverClick: true, pageLoadStrategy: normal, platform: WINDOWS, platformName: WINDOWS, platformVersion: 10.0, proxy: Proxy(direct), rotatable: false, setWindowRect: true, strictFileInteractability: false, timeouts: {implicit: 0, pageLoad: 300000, script: 30000}, unhandledPromptBehavior: dismiss and notify}
Session ID: 14e5fa49-d8b8-484f-9558-b66aee52233d
	at org.openqa.selenium.remote.http.W3CHttpResponseCodec.createException(W3CHttpResponseCodec.java:187)
	at org.openqa.selenium.remote.http.W3CHttpResponseCodec.decode(W3CHttpResponseCodec.java:122)
	at org.openqa.selenium.remote.http.W3CHttpResponseCodec.decode(W3CHttpResponseCodec.java:49)
	at org.openqa.selenium.remote.HttpCommandExecutor.execute(HttpCommandExecutor.java:158)
	at org.openqa.selenium.remote.service.DriverCommandExecutor.execute(DriverCommandExecutor.java:83)
	at org.openqa.selenium.remote.RemoteWebDriver.execute(RemoteWebDriver.java:552)
	at com.kms.katalon.selenium.driver.CFirefoxDriver.execute(CFirefoxDriver.java:27)
	at org.openqa.selenium.remote.RemoteWebDriver.get(RemoteWebDriver.java:277)
	at org.openqa.selenium.support.events.EventFiringWebDriver.lambda$new$1(EventFiringWebDriver.java:105)
	at com.sun.proxy.$Proxy11.get(Unknown Source)
	at org.openqa.selenium.support.events.EventFiringWebDriver.get(EventFiringWebDriver.java:165)
	at com.kms.katalon.core.webui.keyword.builtin.OpenBrowserKeyword$_openBrowser_closure1.doCall(OpenBrowserKeyword.groovy:78)
	at com.kms.katalon.core.webui.keyword.builtin.OpenBrowserKeyword$_openBrowser_closure1.call(OpenBrowserKeyword.groovy)
	at com.kms.katalon.core.webui.keyword.internal.WebUIKeywordMain.runKeyword(WebUIKeywordMain.groovy:20)
	... 38 more]]></system-err>
      </testcase>
      <testcase name="Test Cases/TC_Login_RegisterUserAndForgotYourPassword/BasicTCs/TC_RigisterUserWithValidTestDataAndVerifyValidationMsg" time="52.717" classname="Test Cases/TC_Login_RegisterUserAndForgotYourPassword/BasicTCs/TC_RigisterUserWithValidTestDataAndVerifyValidationMsg" status="FAILED">
         <failure type="FAILED" message="Test Cases/TC_Login_RegisterUserAndForgotYourPassword/BasicTCs/TC_RigisterUserWithValidTestDataAndVerifyValidationMsg FAILED.
Reason:
com.kms.katalon.core.exception.StepFailedException: Call Test Case 'Test Cases/TC_Login_RegisterUserAndForgotYourPassword/CommanTCs/TC_RigisterUserWithValidTestDataAndVerify' failed
	at com.kms.katalon.core.keyword.builtin.CallTestCaseKeyword$_callTestCase_closure1.doCall(CallTestCaseKeyword.groovy:63)
	at com.kms.katalon.core.keyword.builtin.CallTestCaseKeyword$_callTestCase_closure1.call(CallTestCaseKeyword.groovy)
	at com.kms.katalon.core.keyword.internal.KeywordMain.runKeyword(KeywordMain.groovy:68)
	at com.kms.katalon.core.keyword.builtin.CallTestCaseKeyword.callTestCase(CallTestCaseKeyword.groovy:81)
	at com.kms.katalon.core.keyword.builtin.CallTestCaseKeyword.execute(CallTestCaseKeyword.groovy:44)
	at com.kms.katalon.core.keyword.internal.KeywordExecutor.executeKeywordForPlatform(KeywordExecutor.groovy:73)
	at com.kms.katalon.core.keyword.BuiltinKeywords.callTestCase(BuiltinKeywords.groovy:350)
	at TC_RigisterUserWithValidTestDataAndVerifyValidationMsg.run(TC_RigisterUserWithValidTestDataAndVerifyValidationMsg:8)
	at com.kms.katalon.core.main.ScriptEngine.run(ScriptEngine.java:194)
	at com.kms.katalon.core.main.ScriptEngine.runScriptAsRawText(ScriptEngine.java:119)
	at com.kms.katalon.core.main.TestCaseExecutor.runScript(TestCaseExecutor.java:394)
	at com.kms.katalon.core.main.TestCaseExecutor.doExecute(TestCaseExecutor.java:385)
	at com.kms.katalon.core.main.TestCaseExecutor.processExecutionPhase(TestCaseExecutor.java:364)
	at com.kms.katalon.core.main.TestCaseExecutor.accessMainPhase(TestCaseExecutor.java:356)
	at com.kms.katalon.core.main.TestCaseExecutor.execute(TestCaseExecutor.java:251)
	at com.kms.katalon.core.main.TestSuiteExecutor.accessTestCaseMainPhase(TestSuiteExecutor.java:203)
	at com.kms.katalon.core.main.TestSuiteExecutor.accessTestSuiteMainPhase(TestSuiteExecutor.java:152)
	at com.kms.katalon.core.main.TestSuiteExecutor.execute(TestSuiteExecutor.java:95)
	at com.kms.katalon.core.main.TestCaseMain.startTestSuite(TestCaseMain.java:157)
	at com.kms.katalon.core.main.TestCaseMain$startTestSuite$0.call(Unknown Source)
	at TempTestSuite1613740426765.run(TempTestSuite1613740426765.groovy:39)
Caused by: com.kms.katalon.core.exception.StepFailedException: Unable to open browser with url: 'https://Inspect.Stage.site.sa'
	at com.kms.katalon.core.webui.keyword.internal.WebUIKeywordMain.stepFailed(WebUIKeywordMain.groovy:64)
	at com.kms.katalon.core.webui.keyword.internal.WebUIKeywordMain.runKeyword(WebUIKeywordMain.groovy:26)
	at com.kms.katalon.core.webui.keyword.builtin.OpenBrowserKeyword.openBrowser(OpenBrowserKeyword.groovy:81)
	at com.kms.katalon.core.webui.keyword.builtin.OpenBrowserKeyword.execute(OpenBrowserKeyword.groovy:67)
	at com.kms.katalon.core.keyword.internal.KeywordExecutor.executeKeywordForPlatform(KeywordExecutor.groovy:73)
	at com.kms.katalon.core.webui.keyword.WebUiBuiltInKeywords.openBrowser(WebUiBuiltInKeywords.groovy:61)
	at com.kms.katalon.core.webui.keyword.WebUiBuiltInKeywords$openBrowser.call(Unknown Source)
	at customKeywords.commanFunctions.openBrowser(commanFunctions.groovy:47)
	at customKeywords.commanFunctions.invokeMethod(commanFunctions.groovy)
	at com.kms.katalon.core.main.CustomKeywordDelegatingMetaClass.invokeStaticMethod(CustomKeywordDelegatingMetaClass.java:50)
	at TC_RigisterUserWithValidTestDataAndVerify.run(TC_RigisterUserWithValidTestDataAndVerify:28)
	at com.kms.katalon.core.main.ScriptEngine.run(ScriptEngine.java:194)
	at com.kms.katalon.core.main.ScriptEngine.runScriptAsRawText(ScriptEngine.java:119)
	at com.kms.katalon.core.main.TestCaseExecutor.runScript(TestCaseExecutor.java:394)
	at com.kms.katalon.core.main.TestCaseExecutor.doExecute(TestCaseExecutor.java:385)
	at com.kms.katalon.core.main.TestCaseExecutor.processExecutionPhase(TestCaseExecutor.java:364)
	at com.kms.katalon.core.main.TestCaseExecutor.accessMainPhase(TestCaseExecutor.java:356)
	at com.kms.katalon.core.main.TestCaseExecutor.execute(TestCaseExecutor.java:251)
	at com.kms.katalon.core.main.TestCaseMain.runTestCase(TestCaseMain.java:114)
	at com.kms.katalon.core.keyword.builtin.CallTestCaseKeyword$_callTestCase_closure1.doCall(CallTestCaseKeyword.groovy:59)
	... 20 more
Caused by: org.openqa.selenium.WebDriverException: Reached error page: about:neterror?e=netTimeout&amp;u=https%3A//inspect.stage.site.sa/&amp;c=UTF-8&amp;d=The%20server%20at%20inspect.stage.site.sa%20is%20taking%20too%20long%20to%20respond.
Build info: version: '3.141.59', revision: 'e82be7d358', time: '2018-11-14T08:25:53'
System info: host: 'OMTPGCN1132568L', ip: '192.168.0.102', os.name: 'Windows 10', os.arch: 'amd64', os.version: '10.0', java.version: '1.8.0_181'
Driver info: com.kms.katalon.core.webui.driver.firefox.CGeckoDriver
Capabilities {acceptInsecureCerts: true, browserName: firefox, browserVersion: 85.0.2, javascriptEnabled: true, moz:accessibilityChecks: false, moz:buildID: 20210208133944, moz:geckodriverVersion: 0.23.0, moz:headless: false, moz:processID: 21116, moz:profile: C:\Users\ashok\AppData\Loca..., moz:shutdownTimeout: 60000, moz:useNonSpecCompliantPointerOrigin: false, moz:webdriverClick: true, pageLoadStrategy: normal, platform: WINDOWS, platformName: WINDOWS, platformVersion: 10.0, proxy: Proxy(direct), rotatable: false, setWindowRect: true, strictFileInteractability: false, timeouts: {implicit: 0, pageLoad: 300000, script: 30000}, unhandledPromptBehavior: dismiss and notify}
Session ID: 62fed636-1240-4fbd-a10b-625941ce388c
	at org.openqa.selenium.remote.http.W3CHttpResponseCodec.createException(W3CHttpResponseCodec.java:187)
	at org.openqa.selenium.remote.http.W3CHttpResponseCodec.decode(W3CHttpResponseCodec.java:122)
	at org.openqa.selenium.remote.http.W3CHttpResponseCodec.decode(W3CHttpResponseCodec.java:49)
	at org.openqa.selenium.remote.HttpCommandExecutor.execute(HttpCommandExecutor.java:158)
	at org.openqa.selenium.remote.service.DriverCommandExecutor.execute(DriverCommandExecutor.java:83)
	at org.openqa.selenium.remote.RemoteWebDriver.execute(RemoteWebDriver.java:552)
	at com.kms.katalon.selenium.driver.CFirefoxDriver.execute(CFirefoxDriver.java:27)
	at org.openqa.selenium.remote.RemoteWebDriver.get(RemoteWebDriver.java:277)
	at org.openqa.selenium.support.events.EventFiringWebDriver.lambda$new$1(EventFiringWebDriver.java:105)
	at com.sun.proxy.$Proxy11.get(Unknown Source)
	at org.openqa.selenium.support.events.EventFiringWebDriver.get(EventFiringWebDriver.java:165)
	at com.kms.katalon.core.webui.keyword.builtin.OpenBrowserKeyword$_openBrowser_closure1.doCall(OpenBrowserKeyword.groovy:78)
	at com.kms.katalon.core.webui.keyword.builtin.OpenBrowserKeyword$_openBrowser_closure1.call(OpenBrowserKeyword.groovy)
	at com.kms.katalon.core.webui.keyword.internal.WebUIKeywordMain.runKeyword(WebUIKeywordMain.groovy:20)
	... 38 more
"/>
         <system-out><![CDATA[2021-02-19 19:40:42 - [TEST_CASE][FAILED] - Test Cases/TC_Login_RegisterUserAndForgotYourPassword/BasicTCs/TC_RigisterUserWithValidTestDataAndVerifyValidationMsg: Test Cases/TC_Login_RegisterUserAndForgotYourPassword/BasicTCs/TC_RigisterUserWithValidTestDataAndVerifyValidationMsg FAILED.
Reason:
com.kms.katalon.core.exception.StepFailedException: Call Test Case 'Test Cases/TC_Login_RegisterUserAndForgotYourPassword/CommanTCs/TC_RigisterUserWithValidTestDataAndVerify' failed
	at com.kms.katalon.core.keyword.builtin.CallTestCaseKeyword$_callTestCase_closure1.doCall(CallTestCaseKeyword.groovy:63)
	at com.kms.katalon.core.keyword.builtin.CallTestCaseKeyword$_callTestCase_closure1.call(CallTestCaseKeyword.groovy)
	at com.kms.katalon.core.keyword.internal.KeywordMain.runKeyword(KeywordMain.groovy:68)
	at com.kms.katalon.core.keyword.builtin.CallTestCaseKeyword.callTestCase(CallTestCaseKeyword.groovy:81)
	at com.kms.katalon.core.keyword.builtin.CallTestCaseKeyword.execute(CallTestCaseKeyword.groovy:44)
	at com.kms.katalon.core.keyword.internal.KeywordExecutor.executeKeywordForPlatform(KeywordExecutor.groovy:73)
	at com.kms.katalon.core.keyword.BuiltinKeywords.callTestCase(BuiltinKeywords.groovy:350)
	at TC_RigisterUserWithValidTestDataAndVerifyValidationMsg.run(TC_RigisterUserWithValidTestDataAndVerifyValidationMsg:8)
	at com.kms.katalon.core.main.ScriptEngine.run(ScriptEngine.java:194)
	at com.kms.katalon.core.main.ScriptEngine.runScriptAsRawText(ScriptEngine.java:119)
	at com.kms.katalon.core.main.TestCaseExecutor.runScript(TestCaseExecutor.java:394)
	at com.kms.katalon.core.main.TestCaseExecutor.doExecute(TestCaseExecutor.java:385)
	at com.kms.katalon.core.main.TestCaseExecutor.processExecutionPhase(TestCaseExecutor.java:364)
	at com.kms.katalon.core.main.TestCaseExecutor.accessMainPhase(TestCaseExecutor.java:356)
	at com.kms.katalon.core.main.TestCaseExecutor.execute(TestCaseExecutor.java:251)
	at com.kms.katalon.core.main.TestSuiteExecutor.accessTestCaseMainPhase(TestSuiteExecutor.java:203)
	at com.kms.katalon.core.main.TestSuiteExecutor.accessTestSuiteMainPhase(TestSuiteExecutor.java:152)
	at com.kms.katalon.core.main.TestSuiteExecutor.execute(TestSuiteExecutor.java:95)
	at com.kms.katalon.core.main.TestCaseMain.startTestSuite(TestCaseMain.java:157)
	at com.kms.katalon.core.main.TestCaseMain$startTestSuite$0.call(Unknown Source)
	at TempTestSuite1613740426765.run(TempTestSuite1613740426765.groovy:39)
Caused by: com.kms.katalon.core.exception.StepFailedException: Unable to open browser with url: 'https://Inspect.Stage.site.sa'
	at com.kms.katalon.core.webui.keyword.internal.WebUIKeywordMain.stepFailed(WebUIKeywordMain.groovy:64)
	at com.kms.katalon.core.webui.keyword.internal.WebUIKeywordMain.runKeyword(WebUIKeywordMain.groovy:26)
	at com.kms.katalon.core.webui.keyword.builtin.OpenBrowserKeyword.openBrowser(OpenBrowserKeyword.groovy:81)
	at com.kms.katalon.core.webui.keyword.builtin.OpenBrowserKeyword.execute(OpenBrowserKeyword.groovy:67)
	at com.kms.katalon.core.keyword.internal.KeywordExecutor.executeKeywordForPlatform(KeywordExecutor.groovy:73)
	at com.kms.katalon.core.webui.keyword.WebUiBuiltInKeywords.openBrowser(WebUiBuiltInKeywords.groovy:61)
	at com.kms.katalon.core.webui.keyword.WebUiBuiltInKeywords$openBrowser.call(Unknown Source)
	at customKeywords.commanFunctions.openBrowser(commanFunctions.groovy:47)
	at customKeywords.commanFunctions.invokeMethod(commanFunctions.groovy)
	at com.kms.katalon.core.main.CustomKeywordDelegatingMetaClass.invokeStaticMethod(CustomKeywordDelegatingMetaClass.java:50)
	at TC_RigisterUserWithValidTestDataAndVerify.run(TC_RigisterUserWithValidTestDataAndVerify:28)
	at com.kms.katalon.core.main.ScriptEngine.run(ScriptEngine.java:194)
	at com.kms.katalon.core.main.ScriptEngine.runScriptAsRawText(ScriptEngine.java:119)
	at com.kms.katalon.core.main.TestCaseExecutor.runScript(TestCaseExecutor.java:394)
	at com.kms.katalon.core.main.TestCaseExecutor.doExecute(TestCaseExecutor.java:385)
	at com.kms.katalon.core.main.TestCaseExecutor.processExecutionPhase(TestCaseExecutor.java:364)
	at com.kms.katalon.core.main.TestCaseExecutor.accessMainPhase(TestCaseExecutor.java:356)
	at com.kms.katalon.core.main.TestCaseExecutor.execute(TestCaseExecutor.java:251)
	at com.kms.katalon.core.main.TestCaseMain.runTestCase(TestCaseMain.java:114)
	at com.kms.katalon.core.keyword.builtin.CallTestCaseKeyword$_callTestCase_closure1.doCall(CallTestCaseKeyword.groovy:59)
	... 20 more
Caused by: org.openqa.selenium.WebDriverException: Reached error page: about:neterror?e=netTimeout&u=https%3A//inspect.stage.site.sa/&c=UTF-8&d=The%20server%20at%20inspect.stage.site.sa%20is%20taking%20too%20long%20to%20respond.
Build info: version: '3.141.59', revision: 'e82be7d358', time: '2018-11-14T08:25:53'
System info: host: 'OMTPGCN1132568L', ip: '192.168.0.102', os.name: 'Windows 10', os.arch: 'amd64', os.version: '10.0', java.version: '1.8.0_181'
Driver info: com.kms.katalon.core.webui.driver.firefox.CGeckoDriver
Capabilities {acceptInsecureCerts: true, browserName: firefox, browserVersion: 85.0.2, javascriptEnabled: true, moz:accessibilityChecks: false, moz:buildID: 20210208133944, moz:geckodriverVersion: 0.23.0, moz:headless: false, moz:processID: 21116, moz:profile: C:\Users\ashok\AppData\Loca..., moz:shutdownTimeout: 60000, moz:useNonSpecCompliantPointerOrigin: false, moz:webdriverClick: true, pageLoadStrategy: normal, platform: WINDOWS, platformName: WINDOWS, platformVersion: 10.0, proxy: Proxy(direct), rotatable: false, setWindowRect: true, strictFileInteractability: false, timeouts: {implicit: 0, pageLoad: 300000, script: 30000}, unhandledPromptBehavior: dismiss and notify}
Session ID: 62fed636-1240-4fbd-a10b-625941ce388c
	at org.openqa.selenium.remote.http.W3CHttpResponseCodec.createException(W3CHttpResponseCodec.java:187)
	at org.openqa.selenium.remote.http.W3CHttpResponseCodec.decode(W3CHttpResponseCodec.java:122)
	at org.openqa.selenium.remote.http.W3CHttpResponseCodec.decode(W3CHttpResponseCodec.java:49)
	at org.openqa.selenium.remote.HttpCommandExecutor.execute(HttpCommandExecutor.java:158)
	at org.openqa.selenium.remote.service.DriverCommandExecutor.execute(DriverCommandExecutor.java:83)
	at org.openqa.selenium.remote.RemoteWebDriver.execute(RemoteWebDriver.java:552)
	at com.kms.katalon.selenium.driver.CFirefoxDriver.execute(CFirefoxDriver.java:27)
	at org.openqa.selenium.remote.RemoteWebDriver.get(RemoteWebDriver.java:277)
	at org.openqa.selenium.support.events.EventFiringWebDriver.lambda$new$1(EventFiringWebDriver.java:105)
	at com.sun.proxy.$Proxy11.get(Unknown Source)
	at org.openqa.selenium.support.events.EventFiringWebDriver.get(EventFiringWebDriver.java:165)
	at com.kms.katalon.core.webui.keyword.builtin.OpenBrowserKeyword$_openBrowser_closure1.doCall(OpenBrowserKeyword.groovy:78)
	at com.kms.katalon.core.webui.keyword.builtin.OpenBrowserKeyword$_openBrowser_closure1.call(OpenBrowserKeyword.groovy)
	at com.kms.katalon.core.webui.keyword.internal.WebUIKeywordMain.runKeyword(WebUIKeywordMain.groovy:20)
	... 38 more


2021-02-19 19:40:42 - [TEST_STEP][FAILED] - callTestCase(findTestCase("TC_Login_RegisterUserAndForgotYourPassword/CommanTCs/TC_RigisterUserWithValidTestDataAndVerify"), null): Unable to call Test Case 'Test Cases/TC_Login_RegisterUserAndForgotYourPassword/CommanTCs/TC_RigisterUserWithValidTestDataAndVerify' (Root cause: com.kms.katalon.core.exception.StepFailedException: Call Test Case 'Test Cases/TC_Login_RegisterUserAndForgotYourPassword/CommanTCs/TC_RigisterUserWithValidTestDataAndVerify' failed
	at com.kms.katalon.core.keyword.builtin.CallTestCaseKeyword$_callTestCase_closure1.doCall(CallTestCaseKeyword.groovy:63)
	at com.kms.katalon.core.keyword.builtin.CallTestCaseKeyword$_callTestCase_closure1.call(CallTestCaseKeyword.groovy)
	at com.kms.katalon.core.keyword.internal.KeywordMain.runKeyword(KeywordMain.groovy:68)
	at com.kms.katalon.core.keyword.builtin.CallTestCaseKeyword.callTestCase(CallTestCaseKeyword.groovy:81)
	at com.kms.katalon.core.keyword.builtin.CallTestCaseKeyword.execute(CallTestCaseKeyword.groovy:44)
	at com.kms.katalon.core.keyword.internal.KeywordExecutor.executeKeywordForPlatform(KeywordExecutor.groovy:73)
	at com.kms.katalon.core.keyword.BuiltinKeywords.callTestCase(BuiltinKeywords.groovy:350)
	at TC_RigisterUserWithValidTestDataAndVerifyValidationMsg.run(TC_RigisterUserWithValidTestDataAndVerifyValidationMsg:8)
	at com.kms.katalon.core.main.ScriptEngine.run(ScriptEngine.java:194)
	at com.kms.katalon.core.main.ScriptEngine.runScriptAsRawText(ScriptEngine.java:119)
	at com.kms.katalon.core.main.TestCaseExecutor.runScript(TestCaseExecutor.java:394)
	at com.kms.katalon.core.main.TestCaseExecutor.doExecute(TestCaseExecutor.java:385)
	at com.kms.katalon.core.main.TestCaseExecutor.processExecutionPhase(TestCaseExecutor.java:364)
	at com.kms.katalon.core.main.TestCaseExecutor.accessMainPhase(TestCaseExecutor.java:356)
	at com.kms.katalon.core.main.TestCaseExecutor.execute(TestCaseExecutor.java:251)
	at com.kms.katalon.core.main.TestSuiteExecutor.accessTestCaseMainPhase(TestSuiteExecutor.java:203)
	at com.kms.katalon.core.main.TestSuiteExecutor.accessTestSuiteMainPhase(TestSuiteExecutor.java:152)
	at com.kms.katalon.core.main.TestSuiteExecutor.execute(TestSuiteExecutor.java:95)
	at com.kms.katalon.core.main.TestCaseMain.startTestSuite(TestCaseMain.java:157)
	at com.kms.katalon.core.main.TestCaseMain$startTestSuite$0.call(Unknown Source)
	at TempTestSuite1613740426765.run(TempTestSuite1613740426765.groovy:39)
Caused by: com.kms.katalon.core.exception.StepFailedException: Unable to open browser with url: 'https://Inspect.Stage.site.sa'
	at com.kms.katalon.core.webui.keyword.internal.WebUIKeywordMain.stepFailed(WebUIKeywordMain.groovy:64)
	at com.kms.katalon.core.webui.keyword.internal.WebUIKeywordMain.runKeyword(WebUIKeywordMain.groovy:26)
	at com.kms.katalon.core.webui.keyword.builtin.OpenBrowserKeyword.openBrowser(OpenBrowserKeyword.groovy:81)
	at com.kms.katalon.core.webui.keyword.builtin.OpenBrowserKeyword.execute(OpenBrowserKeyword.groovy:67)
	at com.kms.katalon.core.keyword.internal.KeywordExecutor.executeKeywordForPlatform(KeywordExecutor.groovy:73)
	at com.kms.katalon.core.webui.keyword.WebUiBuiltInKeywords.openBrowser(WebUiBuiltInKeywords.groovy:61)
	at com.kms.katalon.core.webui.keyword.WebUiBuiltInKeywords$openBrowser.call(Unknown Source)
	at customKeywords.commanFunctions.openBrowser(commanFunctions.groovy:47)
	at customKeywords.commanFunctions.invokeMethod(commanFunctions.groovy)
	at com.kms.katalon.core.main.CustomKeywordDelegatingMetaClass.invokeStaticMethod(CustomKeywordDelegatingMetaClass.java:50)
	at TC_RigisterUserWithValidTestDataAndVerify.run(TC_RigisterUserWithValidTestDataAndVerify:28)
	at com.kms.katalon.core.main.ScriptEngine.run(ScriptEngine.java:194)
	at com.kms.katalon.core.main.ScriptEngine.runScriptAsRawText(ScriptEngine.java:119)
	at com.kms.katalon.core.main.TestCaseExecutor.runScript(TestCaseExecutor.java:394)
	at com.kms.katalon.core.main.TestCaseExecutor.doExecute(TestCaseExecutor.java:385)
	at com.kms.katalon.core.main.TestCaseExecutor.processExecutionPhase(TestCaseExecutor.java:364)
	at com.kms.katalon.core.main.TestCaseExecutor.accessMainPhase(TestCaseExecutor.java:356)
	at com.kms.katalon.core.main.TestCaseExecutor.execute(TestCaseExecutor.java:251)
	at com.kms.katalon.core.main.TestCaseMain.runTestCase(TestCaseMain.java:114)
	at com.kms.katalon.core.keyword.builtin.CallTestCaseKeyword$_callTestCase_closure1.doCall(CallTestCaseKeyword.groovy:59)
	... 20 more
Caused by: org.openqa.selenium.WebDriverException: Reached error page: about:neterror?e=netTimeout&u=https%3A//inspect.stage.site.sa/&c=UTF-8&d=The%20server%20at%20inspect.stage.site.sa%20is%20taking%20too%20long%20to%20respond.
Build info: version: '3.141.59', revision: 'e82be7d358', time: '2018-11-14T08:25:53'
System info: host: 'OMTPGCN1132568L', ip: '192.168.0.102', os.name: 'Windows 10', os.arch: 'amd64', os.version: '10.0', java.version: '1.8.0_181'
Driver info: com.kms.katalon.core.webui.driver.firefox.CGeckoDriver
Capabilities {acceptInsecureCerts: true, browserName: firefox, browserVersion: 85.0.2, javascriptEnabled: true, moz:accessibilityChecks: false, moz:buildID: 20210208133944, moz:geckodriverVersion: 0.23.0, moz:headless: false, moz:processID: 21116, moz:profile: C:\Users\ashok\AppData\Loca..., moz:shutdownTimeout: 60000, moz:useNonSpecCompliantPointerOrigin: false, moz:webdriverClick: true, pageLoadStrategy: normal, platform: WINDOWS, platformName: WINDOWS, platformVersion: 10.0, proxy: Proxy(direct), rotatable: false, setWindowRect: true, strictFileInteractability: false, timeouts: {implicit: 0, pageLoad: 300000, script: 30000}, unhandledPromptBehavior: dismiss and notify}
Session ID: 62fed636-1240-4fbd-a10b-625941ce388c
	at org.openqa.selenium.remote.http.W3CHttpResponseCodec.createException(W3CHttpResponseCodec.java:187)
	at org.openqa.selenium.remote.http.W3CHttpResponseCodec.decode(W3CHttpResponseCodec.java:122)
	at org.openqa.selenium.remote.http.W3CHttpResponseCodec.decode(W3CHttpResponseCodec.java:49)
	at org.openqa.selenium.remote.HttpCommandExecutor.execute(HttpCommandExecutor.java:158)
	at org.openqa.selenium.remote.service.DriverCommandExecutor.execute(DriverCommandExecutor.java:83)
	at org.openqa.selenium.remote.RemoteWebDriver.execute(RemoteWebDriver.java:552)
	at com.kms.katalon.selenium.driver.CFirefoxDriver.execute(CFirefoxDriver.java:27)
	at org.openqa.selenium.remote.RemoteWebDriver.get(RemoteWebDriver.java:277)
	at org.openqa.selenium.support.events.EventFiringWebDriver.lambda$new$1(EventFiringWebDriver.java:105)
	at com.sun.proxy.$Proxy11.get(Unknown Source)
	at org.openqa.selenium.support.events.EventFiringWebDriver.get(EventFiringWebDriver.java:165)
	at com.kms.katalon.core.webui.keyword.builtin.OpenBrowserKeyword$_openBrowser_closure1.doCall(OpenBrowserKeyword.groovy:78)
	at com.kms.katalon.core.webui.keyword.builtin.OpenBrowserKeyword$_openBrowser_closure1.call(OpenBrowserKeyword.groovy)
	at com.kms.katalon.core.webui.keyword.internal.WebUIKeywordMain.runKeyword(WebUIKeywordMain.groovy:20)
	... 38 more
)

2021-02-19 19:40:42 - [TEST_CASE][FAILED] - Test Cases/TC_Login_RegisterUserAndForgotYourPassword/CommanTCs/TC_RigisterUserWithValidTestDataAndVerify: Test Cases/TC_Login_RegisterUserAndForgotYourPassword/CommanTCs/TC_RigisterUserWithValidTestDataAndVerify FAILED.
Reason:
com.kms.katalon.core.exception.StepFailedException: Unable to open browser with url: 'https://Inspect.Stage.site.sa'
	at com.kms.katalon.core.webui.keyword.internal.WebUIKeywordMain.stepFailed(WebUIKeywordMain.groovy:64)
	at com.kms.katalon.core.webui.keyword.internal.WebUIKeywordMain.runKeyword(WebUIKeywordMain.groovy:26)
	at com.kms.katalon.core.webui.keyword.builtin.OpenBrowserKeyword.openBrowser(OpenBrowserKeyword.groovy:81)
	at com.kms.katalon.core.webui.keyword.builtin.OpenBrowserKeyword.execute(OpenBrowserKeyword.groovy:67)
	at com.kms.katalon.core.keyword.internal.KeywordExecutor.executeKeywordForPlatform(KeywordExecutor.groovy:73)
	at com.kms.katalon.core.webui.keyword.WebUiBuiltInKeywords.openBrowser(WebUiBuiltInKeywords.groovy:61)
	at com.kms.katalon.core.webui.keyword.WebUiBuiltInKeywords$openBrowser.call(Unknown Source)
	at customKeywords.commanFunctions.openBrowser(commanFunctions.groovy:47)
	at customKeywords.commanFunctions.invokeMethod(commanFunctions.groovy)
	at com.kms.katalon.core.main.CustomKeywordDelegatingMetaClass.invokeStaticMethod(CustomKeywordDelegatingMetaClass.java:50)
	at TC_RigisterUserWithValidTestDataAndVerify.run(TC_RigisterUserWithValidTestDataAndVerify:28)
	at com.kms.katalon.core.main.ScriptEngine.run(ScriptEngine.java:194)
	at com.kms.katalon.core.main.ScriptEngine.runScriptAsRawText(ScriptEngine.java:119)
	at com.kms.katalon.core.main.TestCaseExecutor.runScript(TestCaseExecutor.java:394)
	at com.kms.katalon.core.main.TestCaseExecutor.doExecute(TestCaseExecutor.java:385)
	at com.kms.katalon.core.main.TestCaseExecutor.processExecutionPhase(TestCaseExecutor.java:364)
	at com.kms.katalon.core.main.TestCaseExecutor.accessMainPhase(TestCaseExecutor.java:356)
	at com.kms.katalon.core.main.TestCaseExecutor.execute(TestCaseExecutor.java:251)
	at com.kms.katalon.core.main.TestCaseMain.runTestCase(TestCaseMain.java:114)
	at com.kms.katalon.core.keyword.builtin.CallTestCaseKeyword$_callTestCase_closure1.doCall(CallTestCaseKeyword.groovy:59)
	at com.kms.katalon.core.keyword.builtin.CallTestCaseKeyword$_callTestCase_closure1.call(CallTestCaseKeyword.groovy)
	at com.kms.katalon.core.keyword.internal.KeywordMain.runKeyword(KeywordMain.groovy:68)
	at com.kms.katalon.core.keyword.builtin.CallTestCaseKeyword.callTestCase(CallTestCaseKeyword.groovy:81)
	at com.kms.katalon.core.keyword.builtin.CallTestCaseKeyword.execute(CallTestCaseKeyword.groovy:44)
	at com.kms.katalon.core.keyword.internal.KeywordExecutor.executeKeywordForPlatform(KeywordExecutor.groovy:73)
	at com.kms.katalon.core.keyword.BuiltinKeywords.callTestCase(BuiltinKeywords.groovy:350)
	at TC_RigisterUserWithValidTestDataAndVerifyValidationMsg.run(TC_RigisterUserWithValidTestDataAndVerifyValidationMsg:8)
	at com.kms.katalon.core.main.ScriptEngine.run(ScriptEngine.java:194)
	at com.kms.katalon.core.main.ScriptEngine.runScriptAsRawText(ScriptEngine.java:119)
	at com.kms.katalon.core.main.TestCaseExecutor.runScript(TestCaseExecutor.java:394)
	at com.kms.katalon.core.main.TestCaseExecutor.doExecute(TestCaseExecutor.java:385)
	at com.kms.katalon.core.main.TestCaseExecutor.processExecutionPhase(TestCaseExecutor.java:364)
	at com.kms.katalon.core.main.TestCaseExecutor.accessMainPhase(TestCaseExecutor.java:356)
	at com.kms.katalon.core.main.TestCaseExecutor.execute(TestCaseExecutor.java:251)
	at com.kms.katalon.core.main.TestSuiteExecutor.accessTestCaseMainPhase(TestSuiteExecutor.java:203)
	at com.kms.katalon.core.main.TestSuiteExecutor.accessTestSuiteMainPhase(TestSuiteExecutor.java:152)
	at com.kms.katalon.core.main.TestSuiteExecutor.execute(TestSuiteExecutor.java:95)
	at com.kms.katalon.core.main.TestCaseMain.startTestSuite(TestCaseMain.java:157)
	at com.kms.katalon.core.main.TestCaseMain$startTestSuite$0.call(Unknown Source)
	at TempTestSuite1613740426765.run(TempTestSuite1613740426765.groovy:39)
Caused by: org.openqa.selenium.WebDriverException: Reached error page: about:neterror?e=netTimeout&u=https%3A//inspect.stage.site.sa/&c=UTF-8&d=The%20server%20at%20inspect.stage.site.sa%20is%20taking%20too%20long%20to%20respond.
Build info: version: '3.141.59', revision: 'e82be7d358', time: '2018-11-14T08:25:53'
System info: host: 'OMTPGCN1132568L', ip: '192.168.0.102', os.name: 'Windows 10', os.arch: 'amd64', os.version: '10.0', java.version: '1.8.0_181'
Driver info: com.kms.katalon.core.webui.driver.firefox.CGeckoDriver
Capabilities {acceptInsecureCerts: true, browserName: firefox, browserVersion: 85.0.2, javascriptEnabled: true, moz:accessibilityChecks: false, moz:buildID: 20210208133944, moz:geckodriverVersion: 0.23.0, moz:headless: false, moz:processID: 21116, moz:profile: C:\Users\ashok\AppData\Loca..., moz:shutdownTimeout: 60000, moz:useNonSpecCompliantPointerOrigin: false, moz:webdriverClick: true, pageLoadStrategy: normal, platform: WINDOWS, platformName: WINDOWS, platformVersion: 10.0, proxy: Proxy(direct), rotatable: false, setWindowRect: true, strictFileInteractability: false, timeouts: {implicit: 0, pageLoad: 300000, script: 30000}, unhandledPromptBehavior: dismiss and notify}
Session ID: 62fed636-1240-4fbd-a10b-625941ce388c
	at org.openqa.selenium.remote.http.W3CHttpResponseCodec.createException(W3CHttpResponseCodec.java:187)
	at org.openqa.selenium.remote.http.W3CHttpResponseCodec.decode(W3CHttpResponseCodec.java:122)
	at org.openqa.selenium.remote.http.W3CHttpResponseCodec.decode(W3CHttpResponseCodec.java:49)
	at org.openqa.selenium.remote.HttpCommandExecutor.execute(HttpCommandExecutor.java:158)
	at org.openqa.selenium.remote.service.DriverCommandExecutor.execute(DriverCommandExecutor.java:83)
	at org.openqa.selenium.remote.RemoteWebDriver.execute(RemoteWebDriver.java:552)
	at com.kms.katalon.selenium.driver.CFirefoxDriver.execute(CFirefoxDriver.java:27)
	at org.openqa.selenium.remote.RemoteWebDriver.get(RemoteWebDriver.java:277)
	at org.openqa.selenium.support.events.EventFiringWebDriver.lambda$new$1(EventFiringWebDriver.java:105)
	at com.sun.proxy.$Proxy11.get(Unknown Source)
	at org.openqa.selenium.support.events.EventFiringWebDriver.get(EventFiringWebDriver.java:165)
	at com.kms.katalon.core.webui.keyword.builtin.OpenBrowserKeyword$_openBrowser_closure1.doCall(OpenBrowserKeyword.groovy:78)
	at com.kms.katalon.core.webui.keyword.builtin.OpenBrowserKeyword$_openBrowser_closure1.call(OpenBrowserKeyword.groovy)
	at com.kms.katalon.core.webui.keyword.internal.WebUIKeywordMain.runKeyword(WebUIKeywordMain.groovy:20)
	... 38 more


2021-02-19 19:40:42 - [TEST_STEP][PASSED] - excelTestData = findTestData("Data Files/TestData/InspectTestData"): null

2021-02-19 19:40:42 - [TEST_STEP][PASSED] - obj = findTestObject("LoginAndRigisterUser/LoginLink"): null

2021-02-19 19:40:42 - [TEST_STEP][PASSED] - RigisterBtn = findTestObject("Object Repository/LoginAndRigisterUser/RegisterBtn"): null

2021-02-19 19:40:42 - [TEST_STEP][PASSED] - CheckBoxTermsAndCondition = findTestObject("Object Repository/LoginAndRigisterUser/Reg_SiteInspectTermsOfUse_CheckBox"): null

2021-02-19 19:40:42 - [TEST_STEP][PASSED] - rigisterHereLink = findTestObject("Object Repository/LoginAndRigisterUser/RigisterHere"): null

2021-02-19 19:40:42 - [TEST_STEP][FAILED] - customKeywords.commanFunctions.openBrowser(): Unable to open browser with url: 'https://Inspect.Stage.site.sa'

2021-02-19 19:40:43 - [MESSAGE][INFO] - Starting 'Firefox' driver

2021-02-19 19:40:43 - [MESSAGE][INFO] - Action delay is set to 0 milliseconds

2021-02-19 19:41:33 - [MESSAGE][FAILED] - Unable to open browser with url: 'https://Inspect.Stage.site.sa' (Root cause: com.kms.katalon.core.exception.StepFailedException: Unable to open browser with url: 'https://Inspect.Stage.site.sa'
	at com.kms.katalon.core.webui.keyword.internal.WebUIKeywordMain.stepFailed(WebUIKeywordMain.groovy:64)
	at com.kms.katalon.core.webui.keyword.internal.WebUIKeywordMain.runKeyword(WebUIKeywordMain.groovy:26)
	at com.kms.katalon.core.webui.keyword.builtin.OpenBrowserKeyword.openBrowser(OpenBrowserKeyword.groovy:81)
	at com.kms.katalon.core.webui.keyword.builtin.OpenBrowserKeyword.execute(OpenBrowserKeyword.groovy:67)
	at com.kms.katalon.core.keyword.internal.KeywordExecutor.executeKeywordForPlatform(KeywordExecutor.groovy:73)
	at com.kms.katalon.core.webui.keyword.WebUiBuiltInKeywords.openBrowser(WebUiBuiltInKeywords.groovy:61)
	at com.kms.katalon.core.webui.keyword.WebUiBuiltInKeywords$openBrowser.call(Unknown Source)
	at customKeywords.commanFunctions.openBrowser(commanFunctions.groovy:47)
	at customKeywords.commanFunctions.invokeMethod(commanFunctions.groovy)
	at com.kms.katalon.core.main.CustomKeywordDelegatingMetaClass.invokeStaticMethod(CustomKeywordDelegatingMetaClass.java:50)
	at TC_RigisterUserWithValidTestDataAndVerify.run(TC_RigisterUserWithValidTestDataAndVerify:28)
	at com.kms.katalon.core.main.ScriptEngine.run(ScriptEngine.java:194)
	at com.kms.katalon.core.main.ScriptEngine.runScriptAsRawText(ScriptEngine.java:119)
	at com.kms.katalon.core.main.TestCaseExecutor.runScript(TestCaseExecutor.java:394)
	at com.kms.katalon.core.main.TestCaseExecutor.doExecute(TestCaseExecutor.java:385)
	at com.kms.katalon.core.main.TestCaseExecutor.processExecutionPhase(TestCaseExecutor.java:364)
	at com.kms.katalon.core.main.TestCaseExecutor.accessMainPhase(TestCaseExecutor.java:356)
	at com.kms.katalon.core.main.TestCaseExecutor.execute(TestCaseExecutor.java:251)
	at com.kms.katalon.core.main.TestCaseMain.runTestCase(TestCaseMain.java:114)
	at com.kms.katalon.core.keyword.builtin.CallTestCaseKeyword$_callTestCase_closure1.doCall(CallTestCaseKeyword.groovy:59)
	at com.kms.katalon.core.keyword.builtin.CallTestCaseKeyword$_callTestCase_closure1.call(CallTestCaseKeyword.groovy)
	at com.kms.katalon.core.keyword.internal.KeywordMain.runKeyword(KeywordMain.groovy:68)
	at com.kms.katalon.core.keyword.builtin.CallTestCaseKeyword.callTestCase(CallTestCaseKeyword.groovy:81)
	at com.kms.katalon.core.keyword.builtin.CallTestCaseKeyword.execute(CallTestCaseKeyword.groovy:44)
	at com.kms.katalon.core.keyword.internal.KeywordExecutor.executeKeywordForPlatform(KeywordExecutor.groovy:73)
	at com.kms.katalon.core.keyword.BuiltinKeywords.callTestCase(BuiltinKeywords.groovy:350)
	at TC_RigisterUserWithValidTestDataAndVerifyValidationMsg.run(TC_RigisterUserWithValidTestDataAndVerifyValidationMsg:8)
	at com.kms.katalon.core.main.ScriptEngine.run(ScriptEngine.java:194)
	at com.kms.katalon.core.main.ScriptEngine.runScriptAsRawText(ScriptEngine.java:119)
	at com.kms.katalon.core.main.TestCaseExecutor.runScript(TestCaseExecutor.java:394)
	at com.kms.katalon.core.main.TestCaseExecutor.doExecute(TestCaseExecutor.java:385)
	at com.kms.katalon.core.main.TestCaseExecutor.processExecutionPhase(TestCaseExecutor.java:364)
	at com.kms.katalon.core.main.TestCaseExecutor.accessMainPhase(TestCaseExecutor.java:356)
	at com.kms.katalon.core.main.TestCaseExecutor.execute(TestCaseExecutor.java:251)
	at com.kms.katalon.core.main.TestSuiteExecutor.accessTestCaseMainPhase(TestSuiteExecutor.java:203)
	at com.kms.katalon.core.main.TestSuiteExecutor.accessTestSuiteMainPhase(TestSuiteExecutor.java:152)
	at com.kms.katalon.core.main.TestSuiteExecutor.execute(TestSuiteExecutor.java:95)
	at com.kms.katalon.core.main.TestCaseMain.startTestSuite(TestCaseMain.java:157)
	at com.kms.katalon.core.main.TestCaseMain$startTestSuite$0.call(Unknown Source)
	at TempTestSuite1613740426765.run(TempTestSuite1613740426765.groovy:39)
Caused by: org.openqa.selenium.WebDriverException: Reached error page: about:neterror?e=netTimeout&u=https%3A//inspect.stage.site.sa/&c=UTF-8&d=The%20server%20at%20inspect.stage.site.sa%20is%20taking%20too%20long%20to%20respond.
Build info: version: '3.141.59', revision: 'e82be7d358', time: '2018-11-14T08:25:53'
System info: host: 'OMTPGCN1132568L', ip: '192.168.0.102', os.name: 'Windows 10', os.arch: 'amd64', os.version: '10.0', java.version: '1.8.0_181'
Driver info: com.kms.katalon.core.webui.driver.firefox.CGeckoDriver
Capabilities {acceptInsecureCerts: true, browserName: firefox, browserVersion: 85.0.2, javascriptEnabled: true, moz:accessibilityChecks: false, moz:buildID: 20210208133944, moz:geckodriverVersion: 0.23.0, moz:headless: false, moz:processID: 21116, moz:profile: C:\Users\ashok\AppData\Loca..., moz:shutdownTimeout: 60000, moz:useNonSpecCompliantPointerOrigin: false, moz:webdriverClick: true, pageLoadStrategy: normal, platform: WINDOWS, platformName: WINDOWS, platformVersion: 10.0, proxy: Proxy(direct), rotatable: false, setWindowRect: true, strictFileInteractability: false, timeouts: {implicit: 0, pageLoad: 300000, script: 30000}, unhandledPromptBehavior: dismiss and notify}
Session ID: 62fed636-1240-4fbd-a10b-625941ce388c
	at org.openqa.selenium.remote.http.W3CHttpResponseCodec.createException(W3CHttpResponseCodec.java:187)
	at org.openqa.selenium.remote.http.W3CHttpResponseCodec.decode(W3CHttpResponseCodec.java:122)
	at org.openqa.selenium.remote.http.W3CHttpResponseCodec.decode(W3CHttpResponseCodec.java:49)
	at org.openqa.selenium.remote.HttpCommandExecutor.execute(HttpCommandExecutor.java:158)
	at org.openqa.selenium.remote.service.DriverCommandExecutor.execute(DriverCommandExecutor.java:83)
	at org.openqa.selenium.remote.RemoteWebDriver.execute(RemoteWebDriver.java:552)
	at com.kms.katalon.selenium.driver.CFirefoxDriver.execute(CFirefoxDriver.java:27)
	at org.openqa.selenium.remote.RemoteWebDriver.get(RemoteWebDriver.java:277)
	at org.openqa.selenium.support.events.EventFiringWebDriver.lambda$new$1(EventFiringWebDriver.java:105)
	at com.sun.proxy.$Proxy11.get(Unknown Source)
	at org.openqa.selenium.support.events.EventFiringWebDriver.get(EventFiringWebDriver.java:165)
	at com.kms.katalon.core.webui.keyword.builtin.OpenBrowserKeyword$_openBrowser_closure1.doCall(OpenBrowserKeyword.groovy:78)
	at com.kms.katalon.core.webui.keyword.builtin.OpenBrowserKeyword$_openBrowser_closure1.call(OpenBrowserKeyword.groovy)
	at com.kms.katalon.core.webui.keyword.internal.WebUIKeywordMain.runKeyword(WebUIKeywordMain.groovy:20)
	at com.kms.katalon.core.webui.keyword.builtin.OpenBrowserKeyword.openBrowser(OpenBrowserKeyword.groovy:81)
	at com.kms.katalon.core.webui.keyword.builtin.OpenBrowserKeyword.execute(OpenBrowserKeyword.groovy:67)
	at com.kms.katalon.core.keyword.internal.KeywordExecutor.executeKeywordForPlatform(KeywordExecutor.groovy:73)
	at com.kms.katalon.core.webui.keyword.WebUiBuiltInKeywords.openBrowser(WebUiBuiltInKeywords.groovy:61)
	at com.kms.katalon.core.webui.keyword.WebUiBuiltInKeywords$openBrowser.call(Unknown Source)
	at customKeywords.commanFunctions.openBrowser(commanFunctions.groovy:47)
	at customKeywords.commanFunctions.invokeMethod(commanFunctions.groovy)
	at com.kms.katalon.core.main.CustomKeywordDelegatingMetaClass.invokeStaticMethod(CustomKeywordDelegatingMetaClass.java:50)
	at Script1613217918681.run(Script1613217918681.groovy:28)
	at com.kms.katalon.core.main.ScriptEngine.run(ScriptEngine.java:194)
	at com.kms.katalon.core.main.ScriptEngine.runScriptAsRawText(ScriptEngine.java:119)
	at com.kms.katalon.core.main.TestCaseExecutor.runScript(TestCaseExecutor.java:394)
	at com.kms.katalon.core.main.TestCaseExecutor.doExecute(TestCaseExecutor.java:385)
	at com.kms.katalon.core.main.TestCaseExecutor.processExecutionPhase(TestCaseExecutor.java:364)
	at com.kms.katalon.core.main.TestCaseExecutor.accessMainPhase(TestCaseExecutor.java:356)
	at com.kms.katalon.core.main.TestCaseExecutor.execute(TestCaseExecutor.java:251)
	at com.kms.katalon.core.main.TestCaseMain.runTestCase(TestCaseMain.java:114)
	at com.kms.katalon.core.keyword.builtin.CallTestCaseKeyword$_callTestCase_closure1.doCall(CallTestCaseKeyword.groovy:59)
	at com.kms.katalon.core.keyword.builtin.CallTestCaseKeyword$_callTestCase_closure1.call(CallTestCaseKeyword.groovy)
	at com.kms.katalon.core.keyword.internal.KeywordMain.runKeyword(KeywordMain.groovy:68)
	at com.kms.katalon.core.keyword.builtin.CallTestCaseKeyword.callTestCase(CallTestCaseKeyword.groovy:81)
	at com.kms.katalon.core.keyword.builtin.CallTestCaseKeyword.execute(CallTestCaseKeyword.groovy:44)
	at com.kms.katalon.core.keyword.internal.KeywordExecutor.executeKeywordForPlatform(KeywordExecutor.groovy:73)
	at com.kms.katalon.core.keyword.BuiltinKeywords.callTestCase(BuiltinKeywords.groovy:350)
	at Script1613217918665.run(Script1613217918665.groovy:8)
	... 13 more
)

2021-02-19 19:41:33 - [MESSAGE][FAILED] - Unable to open browser with url: 'https://Inspect.Stage.site.sa'

2021-02-19 19:41:33 - [MESSAGE][FAILED] - Unable to call Test Case 'Test Cases/TC_Login_RegisterUserAndForgotYourPassword/CommanTCs/TC_RigisterUserWithValidTestDataAndVerify' (Root cause: com.kms.katalon.core.exception.StepFailedException: Call Test Case 'Test Cases/TC_Login_RegisterUserAndForgotYourPassword/CommanTCs/TC_RigisterUserWithValidTestDataAndVerify' failed
	at com.kms.katalon.core.keyword.builtin.CallTestCaseKeyword$_callTestCase_closure1.doCall(CallTestCaseKeyword.groovy:63)
	at com.kms.katalon.core.keyword.builtin.CallTestCaseKeyword$_callTestCase_closure1.call(CallTestCaseKeyword.groovy)
	at com.kms.katalon.core.keyword.internal.KeywordMain.runKeyword(KeywordMain.groovy:68)
	at com.kms.katalon.core.keyword.builtin.CallTestCaseKeyword.callTestCase(CallTestCaseKeyword.groovy:81)
	at com.kms.katalon.core.keyword.builtin.CallTestCaseKeyword.execute(CallTestCaseKeyword.groovy:44)
	at com.kms.katalon.core.keyword.internal.KeywordExecutor.executeKeywordForPlatform(KeywordExecutor.groovy:73)
	at com.kms.katalon.core.keyword.BuiltinKeywords.callTestCase(BuiltinKeywords.groovy:350)
	at TC_RigisterUserWithValidTestDataAndVerifyValidationMsg.run(TC_RigisterUserWithValidTestDataAndVerifyValidationMsg:8)
	at com.kms.katalon.core.main.ScriptEngine.run(ScriptEngine.java:194)
	at com.kms.katalon.core.main.ScriptEngine.runScriptAsRawText(ScriptEngine.java:119)
	at com.kms.katalon.core.main.TestCaseExecutor.runScript(TestCaseExecutor.java:394)
	at com.kms.katalon.core.main.TestCaseExecutor.doExecute(TestCaseExecutor.java:385)
	at com.kms.katalon.core.main.TestCaseExecutor.processExecutionPhase(TestCaseExecutor.java:364)
	at com.kms.katalon.core.main.TestCaseExecutor.accessMainPhase(TestCaseExecutor.java:356)
	at com.kms.katalon.core.main.TestCaseExecutor.execute(TestCaseExecutor.java:251)
	at com.kms.katalon.core.main.TestSuiteExecutor.accessTestCaseMainPhase(TestSuiteExecutor.java:203)
	at com.kms.katalon.core.main.TestSuiteExecutor.accessTestSuiteMainPhase(TestSuiteExecutor.java:152)
	at com.kms.katalon.core.main.TestSuiteExecutor.execute(TestSuiteExecutor.java:95)
	at com.kms.katalon.core.main.TestCaseMain.startTestSuite(TestCaseMain.java:157)
	at com.kms.katalon.core.main.TestCaseMain$startTestSuite$0.call(Unknown Source)
	at TempTestSuite1613740426765.run(TempTestSuite1613740426765.groovy:39)
Caused by: com.kms.katalon.core.exception.StepFailedException: Unable to open browser with url: 'https://Inspect.Stage.site.sa'
	at com.kms.katalon.core.webui.keyword.internal.WebUIKeywordMain.stepFailed(WebUIKeywordMain.groovy:64)
	at com.kms.katalon.core.webui.keyword.internal.WebUIKeywordMain.runKeyword(WebUIKeywordMain.groovy:26)
	at com.kms.katalon.core.webui.keyword.builtin.OpenBrowserKeyword.openBrowser(OpenBrowserKeyword.groovy:81)
	at com.kms.katalon.core.webui.keyword.builtin.OpenBrowserKeyword.execute(OpenBrowserKeyword.groovy:67)
	at com.kms.katalon.core.keyword.internal.KeywordExecutor.executeKeywordForPlatform(KeywordExecutor.groovy:73)
	at com.kms.katalon.core.webui.keyword.WebUiBuiltInKeywords.openBrowser(WebUiBuiltInKeywords.groovy:61)
	at com.kms.katalon.core.webui.keyword.WebUiBuiltInKeywords$openBrowser.call(Unknown Source)
	at customKeywords.commanFunctions.openBrowser(commanFunctions.groovy:47)
	at customKeywords.commanFunctions.invokeMethod(commanFunctions.groovy)
	at com.kms.katalon.core.main.CustomKeywordDelegatingMetaClass.invokeStaticMethod(CustomKeywordDelegatingMetaClass.java:50)
	at TC_RigisterUserWithValidTestDataAndVerify.run(TC_RigisterUserWithValidTestDataAndVerify:28)
	at com.kms.katalon.core.main.ScriptEngine.run(ScriptEngine.java:194)
	at com.kms.katalon.core.main.ScriptEngine.runScriptAsRawText(ScriptEngine.java:119)
	at com.kms.katalon.core.main.TestCaseExecutor.runScript(TestCaseExecutor.java:394)
	at com.kms.katalon.core.main.TestCaseExecutor.doExecute(TestCaseExecutor.java:385)
	at com.kms.katalon.core.main.TestCaseExecutor.processExecutionPhase(TestCaseExecutor.java:364)
	at com.kms.katalon.core.main.TestCaseExecutor.accessMainPhase(TestCaseExecutor.java:356)
	at com.kms.katalon.core.main.TestCaseExecutor.execute(TestCaseExecutor.java:251)
	at com.kms.katalon.core.main.TestCaseMain.runTestCase(TestCaseMain.java:114)
	at com.kms.katalon.core.keyword.builtin.CallTestCaseKeyword$_callTestCase_closure1.doCall(CallTestCaseKeyword.groovy:59)
	... 20 more
Caused by: org.openqa.selenium.WebDriverException: Reached error page: about:neterror?e=netTimeout&u=https%3A//inspect.stage.site.sa/&c=UTF-8&d=The%20server%20at%20inspect.stage.site.sa%20is%20taking%20too%20long%20to%20respond.
Build info: version: '3.141.59', revision: 'e82be7d358', time: '2018-11-14T08:25:53'
System info: host: 'OMTPGCN1132568L', ip: '192.168.0.102', os.name: 'Windows 10', os.arch: 'amd64', os.version: '10.0', java.version: '1.8.0_181'
Driver info: com.kms.katalon.core.webui.driver.firefox.CGeckoDriver
Capabilities {acceptInsecureCerts: true, browserName: firefox, browserVersion: 85.0.2, javascriptEnabled: true, moz:accessibilityChecks: false, moz:buildID: 20210208133944, moz:geckodriverVersion: 0.23.0, moz:headless: false, moz:processID: 21116, moz:profile: C:\Users\ashok\AppData\Loca..., moz:shutdownTimeout: 60000, moz:useNonSpecCompliantPointerOrigin: false, moz:webdriverClick: true, pageLoadStrategy: normal, platform: WINDOWS, platformName: WINDOWS, platformVersion: 10.0, proxy: Proxy(direct), rotatable: false, setWindowRect: true, strictFileInteractability: false, timeouts: {implicit: 0, pageLoad: 300000, script: 30000}, unhandledPromptBehavior: dismiss and notify}
Session ID: 62fed636-1240-4fbd-a10b-625941ce388c
	at org.openqa.selenium.remote.http.W3CHttpResponseCodec.createException(W3CHttpResponseCodec.java:187)
	at org.openqa.selenium.remote.http.W3CHttpResponseCodec.decode(W3CHttpResponseCodec.java:122)
	at org.openqa.selenium.remote.http.W3CHttpResponseCodec.decode(W3CHttpResponseCodec.java:49)
	at org.openqa.selenium.remote.HttpCommandExecutor.execute(HttpCommandExecutor.java:158)
	at org.openqa.selenium.remote.service.DriverCommandExecutor.execute(DriverCommandExecutor.java:83)
	at org.openqa.selenium.remote.RemoteWebDriver.execute(RemoteWebDriver.java:552)
	at com.kms.katalon.selenium.driver.CFirefoxDriver.execute(CFirefoxDriver.java:27)
	at org.openqa.selenium.remote.RemoteWebDriver.get(RemoteWebDriver.java:277)
	at org.openqa.selenium.support.events.EventFiringWebDriver.lambda$new$1(EventFiringWebDriver.java:105)
	at com.sun.proxy.$Proxy11.get(Unknown Source)
	at org.openqa.selenium.support.events.EventFiringWebDriver.get(EventFiringWebDriver.java:165)
	at com.kms.katalon.core.webui.keyword.builtin.OpenBrowserKeyword$_openBrowser_closure1.doCall(OpenBrowserKeyword.groovy:78)
	at com.kms.katalon.core.webui.keyword.builtin.OpenBrowserKeyword$_openBrowser_closure1.call(OpenBrowserKeyword.groovy)
	at com.kms.katalon.core.webui.keyword.internal.WebUIKeywordMain.runKeyword(WebUIKeywordMain.groovy:20)
	... 38 more
)

2021-02-19 19:41:33 - [TEST_STEP][PASSED] - Start tear down : tearDownMethodIfFailed: Method 'tearDownMethodIfFailed' complete successfully

2021-02-19 19:41:33 - [TEST_STEP][PASSED] - customKeywords.commanFunctions.onlyCloseBrowser(): customKeywords.commanFunctions.onlyCloseBrowser is PASSED

2021-02-19 19:41:34 - [MESSAGE][PASSED] - Browser is closed

2021-02-19 19:41:34 - [MESSAGE][PASSED] - customKeywords.commanFunctions.onlyCloseBrowser is PASSED

2021-02-19 19:41:34 - [TEST_STEP][PASSED] - logInfo("[--------This is tearDownIfFailed method------]"): [--------This is tearDownIfFailed method------]

2021-02-19 19:41:34 - [MESSAGE][INFO] - [--------This is tearDownIfFailed method------]

2021-02-19 19:41:34 - [MESSAGE][PASSED] - Method 'tearDownMethodIfFailed' complete successfully]]></system-out>
         <system-err><![CDATA[2021-02-19 19:40:42 - [TEST_CASE][FAILED] - Test Cases/TC_Login_RegisterUserAndForgotYourPassword/BasicTCs/TC_RigisterUserWithValidTestDataAndVerifyValidationMsg: Test Cases/TC_Login_RegisterUserAndForgotYourPassword/BasicTCs/TC_RigisterUserWithValidTestDataAndVerifyValidationMsg FAILED.
Reason:
com.kms.katalon.core.exception.StepFailedException: Call Test Case 'Test Cases/TC_Login_RegisterUserAndForgotYourPassword/CommanTCs/TC_RigisterUserWithValidTestDataAndVerify' failed
	at com.kms.katalon.core.keyword.builtin.CallTestCaseKeyword$_callTestCase_closure1.doCall(CallTestCaseKeyword.groovy:63)
	at com.kms.katalon.core.keyword.builtin.CallTestCaseKeyword$_callTestCase_closure1.call(CallTestCaseKeyword.groovy)
	at com.kms.katalon.core.keyword.internal.KeywordMain.runKeyword(KeywordMain.groovy:68)
	at com.kms.katalon.core.keyword.builtin.CallTestCaseKeyword.callTestCase(CallTestCaseKeyword.groovy:81)
	at com.kms.katalon.core.keyword.builtin.CallTestCaseKeyword.execute(CallTestCaseKeyword.groovy:44)
	at com.kms.katalon.core.keyword.internal.KeywordExecutor.executeKeywordForPlatform(KeywordExecutor.groovy:73)
	at com.kms.katalon.core.keyword.BuiltinKeywords.callTestCase(BuiltinKeywords.groovy:350)
	at TC_RigisterUserWithValidTestDataAndVerifyValidationMsg.run(TC_RigisterUserWithValidTestDataAndVerifyValidationMsg:8)
	at com.kms.katalon.core.main.ScriptEngine.run(ScriptEngine.java:194)
	at com.kms.katalon.core.main.ScriptEngine.runScriptAsRawText(ScriptEngine.java:119)
	at com.kms.katalon.core.main.TestCaseExecutor.runScript(TestCaseExecutor.java:394)
	at com.kms.katalon.core.main.TestCaseExecutor.doExecute(TestCaseExecutor.java:385)
	at com.kms.katalon.core.main.TestCaseExecutor.processExecutionPhase(TestCaseExecutor.java:364)
	at com.kms.katalon.core.main.TestCaseExecutor.accessMainPhase(TestCaseExecutor.java:356)
	at com.kms.katalon.core.main.TestCaseExecutor.execute(TestCaseExecutor.java:251)
	at com.kms.katalon.core.main.TestSuiteExecutor.accessTestCaseMainPhase(TestSuiteExecutor.java:203)
	at com.kms.katalon.core.main.TestSuiteExecutor.accessTestSuiteMainPhase(TestSuiteExecutor.java:152)
	at com.kms.katalon.core.main.TestSuiteExecutor.execute(TestSuiteExecutor.java:95)
	at com.kms.katalon.core.main.TestCaseMain.startTestSuite(TestCaseMain.java:157)
	at com.kms.katalon.core.main.TestCaseMain$startTestSuite$0.call(Unknown Source)
	at TempTestSuite1613740426765.run(TempTestSuite1613740426765.groovy:39)
Caused by: com.kms.katalon.core.exception.StepFailedException: Unable to open browser with url: 'https://Inspect.Stage.site.sa'
	at com.kms.katalon.core.webui.keyword.internal.WebUIKeywordMain.stepFailed(WebUIKeywordMain.groovy:64)
	at com.kms.katalon.core.webui.keyword.internal.WebUIKeywordMain.runKeyword(WebUIKeywordMain.groovy:26)
	at com.kms.katalon.core.webui.keyword.builtin.OpenBrowserKeyword.openBrowser(OpenBrowserKeyword.groovy:81)
	at com.kms.katalon.core.webui.keyword.builtin.OpenBrowserKeyword.execute(OpenBrowserKeyword.groovy:67)
	at com.kms.katalon.core.keyword.internal.KeywordExecutor.executeKeywordForPlatform(KeywordExecutor.groovy:73)
	at com.kms.katalon.core.webui.keyword.WebUiBuiltInKeywords.openBrowser(WebUiBuiltInKeywords.groovy:61)
	at com.kms.katalon.core.webui.keyword.WebUiBuiltInKeywords$openBrowser.call(Unknown Source)
	at customKeywords.commanFunctions.openBrowser(commanFunctions.groovy:47)
	at customKeywords.commanFunctions.invokeMethod(commanFunctions.groovy)
	at com.kms.katalon.core.main.CustomKeywordDelegatingMetaClass.invokeStaticMethod(CustomKeywordDelegatingMetaClass.java:50)
	at TC_RigisterUserWithValidTestDataAndVerify.run(TC_RigisterUserWithValidTestDataAndVerify:28)
	at com.kms.katalon.core.main.ScriptEngine.run(ScriptEngine.java:194)
	at com.kms.katalon.core.main.ScriptEngine.runScriptAsRawText(ScriptEngine.java:119)
	at com.kms.katalon.core.main.TestCaseExecutor.runScript(TestCaseExecutor.java:394)
	at com.kms.katalon.core.main.TestCaseExecutor.doExecute(TestCaseExecutor.java:385)
	at com.kms.katalon.core.main.TestCaseExecutor.processExecutionPhase(TestCaseExecutor.java:364)
	at com.kms.katalon.core.main.TestCaseExecutor.accessMainPhase(TestCaseExecutor.java:356)
	at com.kms.katalon.core.main.TestCaseExecutor.execute(TestCaseExecutor.java:251)
	at com.kms.katalon.core.main.TestCaseMain.runTestCase(TestCaseMain.java:114)
	at com.kms.katalon.core.keyword.builtin.CallTestCaseKeyword$_callTestCase_closure1.doCall(CallTestCaseKeyword.groovy:59)
	... 20 more
Caused by: org.openqa.selenium.WebDriverException: Reached error page: about:neterror?e=netTimeout&u=https%3A//inspect.stage.site.sa/&c=UTF-8&d=The%20server%20at%20inspect.stage.site.sa%20is%20taking%20too%20long%20to%20respond.
Build info: version: '3.141.59', revision: 'e82be7d358', time: '2018-11-14T08:25:53'
System info: host: 'OMTPGCN1132568L', ip: '192.168.0.102', os.name: 'Windows 10', os.arch: 'amd64', os.version: '10.0', java.version: '1.8.0_181'
Driver info: com.kms.katalon.core.webui.driver.firefox.CGeckoDriver
Capabilities {acceptInsecureCerts: true, browserName: firefox, browserVersion: 85.0.2, javascriptEnabled: true, moz:accessibilityChecks: false, moz:buildID: 20210208133944, moz:geckodriverVersion: 0.23.0, moz:headless: false, moz:processID: 21116, moz:profile: C:\Users\ashok\AppData\Loca..., moz:shutdownTimeout: 60000, moz:useNonSpecCompliantPointerOrigin: false, moz:webdriverClick: true, pageLoadStrategy: normal, platform: WINDOWS, platformName: WINDOWS, platformVersion: 10.0, proxy: Proxy(direct), rotatable: false, setWindowRect: true, strictFileInteractability: false, timeouts: {implicit: 0, pageLoad: 300000, script: 30000}, unhandledPromptBehavior: dismiss and notify}
Session ID: 62fed636-1240-4fbd-a10b-625941ce388c
	at org.openqa.selenium.remote.http.W3CHttpResponseCodec.createException(W3CHttpResponseCodec.java:187)
	at org.openqa.selenium.remote.http.W3CHttpResponseCodec.decode(W3CHttpResponseCodec.java:122)
	at org.openqa.selenium.remote.http.W3CHttpResponseCodec.decode(W3CHttpResponseCodec.java:49)
	at org.openqa.selenium.remote.HttpCommandExecutor.execute(HttpCommandExecutor.java:158)
	at org.openqa.selenium.remote.service.DriverCommandExecutor.execute(DriverCommandExecutor.java:83)
	at org.openqa.selenium.remote.RemoteWebDriver.execute(RemoteWebDriver.java:552)
	at com.kms.katalon.selenium.driver.CFirefoxDriver.execute(CFirefoxDriver.java:27)
	at org.openqa.selenium.remote.RemoteWebDriver.get(RemoteWebDriver.java:277)
	at org.openqa.selenium.support.events.EventFiringWebDriver.lambda$new$1(EventFiringWebDriver.java:105)
	at com.sun.proxy.$Proxy11.get(Unknown Source)
	at org.openqa.selenium.support.events.EventFiringWebDriver.get(EventFiringWebDriver.java:165)
	at com.kms.katalon.core.webui.keyword.builtin.OpenBrowserKeyword$_openBrowser_closure1.doCall(OpenBrowserKeyword.groovy:78)
	at com.kms.katalon.core.webui.keyword.builtin.OpenBrowserKeyword$_openBrowser_closure1.call(OpenBrowserKeyword.groovy)
	at com.kms.katalon.core.webui.keyword.internal.WebUIKeywordMain.runKeyword(WebUIKeywordMain.groovy:20)
	... 38 more]]></system-err>
      </testcase>
      <system-out><![CDATA[2021-02-19 19:34:25 - [TEST_SUITE][FAILED] - Login_Suite: Test Cases/TC_Login_RegisterUserAndForgotYourPassword/BasicTCs/CSP-T74_1.0_As a User, I want to verify that system send me a forget my password link when I request FAILED.
Reason:
com.kms.katalon.core.exception.StepFailedException: Unable to open browser with url: 'https://Inspect.Stage.site.sa'
	at com.kms.katalon.core.webui.keyword.internal.WebUIKeywordMain.stepFailed(WebUIKeywordMain.groovy:64)
	at com.kms.katalon.core.webui.keyword.internal.WebUIKeywordMain.runKeyword(WebUIKeywordMain.groovy:26)
	at com.kms.katalon.core.webui.keyword.builtin.OpenBrowserKeyword.openBrowser(OpenBrowserKeyword.groovy:81)
	at com.kms.katalon.core.webui.keyword.builtin.OpenBrowserKeyword.execute(OpenBrowserKeyword.groovy:67)
	at com.kms.katalon.core.keyword.internal.KeywordExecutor.executeKeywordForPlatform(KeywordExecutor.groovy:73)
	at com.kms.katalon.core.webui.keyword.WebUiBuiltInKeywords.openBrowser(WebUiBuiltInKeywords.groovy:61)
	at com.kms.katalon.core.webui.keyword.WebUiBuiltInKeywords$openBrowser.call(Unknown Source)
	at customKeywords.commanFunctions.openBrowser(commanFunctions.groovy:47)
	at customKeywords.commanFunctions.invokeMethod(commanFunctions.groovy)
	at com.kms.katalon.core.main.CustomKeywordDelegatingMetaClass.invokeStaticMethod(CustomKeywordDelegatingMetaClass.java:50)
	at CSP-T74_1.0_As a User, I want to verify that system send me a forget my password link when I request.run(CSP-T74_1.0_As a User, I want to verify that system send me a forget my password link when I request:22)
	at com.kms.katalon.core.main.ScriptEngine.run(ScriptEngine.java:194)
	at com.kms.katalon.core.main.ScriptEngine.runScriptAsRawText(ScriptEngine.java:119)
	at com.kms.katalon.core.main.TestCaseExecutor.runScript(TestCaseExecutor.java:394)
	at com.kms.katalon.core.main.TestCaseExecutor.doExecute(TestCaseExecutor.java:385)
	at com.kms.katalon.core.main.TestCaseExecutor.processExecutionPhase(TestCaseExecutor.java:364)
	at com.kms.katalon.core.main.TestCaseExecutor.accessMainPhase(TestCaseExecutor.java:356)
	at com.kms.katalon.core.main.TestCaseExecutor.execute(TestCaseExecutor.java:251)
	at com.kms.katalon.core.main.TestSuiteExecutor.accessTestCaseMainPhase(TestSuiteExecutor.java:203)
	at com.kms.katalon.core.main.TestSuiteExecutor.accessTestSuiteMainPhase(TestSuiteExecutor.java:152)
	at com.kms.katalon.core.main.TestSuiteExecutor.execute(TestSuiteExecutor.java:95)
	at com.kms.katalon.core.main.TestCaseMain.startTestSuite(TestCaseMain.java:157)
	at com.kms.katalon.core.main.TestCaseMain$startTestSuite$0.call(Unknown Source)
	at TempTestSuite1613740426765.run(TempTestSuite1613740426765.groovy:39)
Caused by: org.openqa.selenium.WebDriverException: Reached error page: about:neterror?e=netTimeout&u=https%3A//inspect.stage.site.sa/&c=UTF-8&d=The%20server%20at%20inspect.stage.site.sa%20is%20taking%20too%20long%20to%20respond.
Build info: version: '3.141.59', revision: 'e82be7d358', time: '2018-11-14T08:25:53'
System info: host: 'OMTPGCN1132568L', ip: '192.168.0.102', os.name: 'Windows 10', os.arch: 'amd64', os.version: '10.0', java.version: '1.8.0_181'
Driver info: com.kms.katalon.core.webui.driver.firefox.CGeckoDriver
Capabilities {acceptInsecureCerts: true, browserName: firefox, browserVersion: 85.0.2, javascriptEnabled: true, moz:accessibilityChecks: false, moz:buildID: 20210208133944, moz:geckodriverVersion: 0.23.0, moz:headless: false, moz:processID: 3236, moz:profile: C:\Users\ashok\AppData\Loca..., moz:shutdownTimeout: 60000, moz:useNonSpecCompliantPointerOrigin: false, moz:webdriverClick: true, pageLoadStrategy: normal, platform: WINDOWS, platformName: WINDOWS, platformVersion: 10.0, proxy: Proxy(direct), rotatable: false, setWindowRect: true, strictFileInteractability: false, timeouts: {implicit: 0, pageLoad: 300000, script: 30000}, unhandledPromptBehavior: dismiss and notify}
Session ID: 98467756-7ddb-4e38-8094-d8649338e00d
	at org.openqa.selenium.remote.http.W3CHttpResponseCodec.createException(W3CHttpResponseCodec.java:187)
	at org.openqa.selenium.remote.http.W3CHttpResponseCodec.decode(W3CHttpResponseCodec.java:122)
	at org.openqa.selenium.remote.http.W3CHttpResponseCodec.decode(W3CHttpResponseCodec.java:49)
	at org.openqa.selenium.remote.HttpCommandExecutor.execute(HttpCommandExecutor.java:158)
	at org.openqa.selenium.remote.service.DriverCommandExecutor.execute(DriverCommandExecutor.java:83)
	at org.openqa.selenium.remote.RemoteWebDriver.execute(RemoteWebDriver.java:552)
	at com.kms.katalon.selenium.driver.CFirefoxDriver.execute(CFirefoxDriver.java:27)
	at org.openqa.selenium.remote.RemoteWebDriver.get(RemoteWebDriver.java:277)
	at org.openqa.selenium.support.events.EventFiringWebDriver.lambda$new$1(EventFiringWebDriver.java:105)
	at com.sun.proxy.$Proxy11.get(Unknown Source)
	at org.openqa.selenium.support.events.EventFiringWebDriver.get(EventFiringWebDriver.java:165)
	at com.kms.katalon.core.webui.keyword.builtin.OpenBrowserKeyword$_openBrowser_closure1.doCall(OpenBrowserKeyword.groovy:78)
	at com.kms.katalon.core.webui.keyword.builtin.OpenBrowserKeyword$_openBrowser_closure1.call(OpenBrowserKeyword.groovy)
	at com.kms.katalon.core.webui.keyword.internal.WebUIKeywordMain.runKeyword(WebUIKeywordMain.groovy:20)
	... 22 more]]></system-out>
      <system-err><![CDATA[2021-02-19 19:34:25 - [TEST_SUITE][FAILED] - Login_Suite: Test Cases/TC_Login_RegisterUserAndForgotYourPassword/BasicTCs/CSP-T74_1.0_As a User, I want to verify that system send me a forget my password link when I request FAILED.
Reason:
com.kms.katalon.core.exception.StepFailedException: Unable to open browser with url: 'https://Inspect.Stage.site.sa'
	at com.kms.katalon.core.webui.keyword.internal.WebUIKeywordMain.stepFailed(WebUIKeywordMain.groovy:64)
	at com.kms.katalon.core.webui.keyword.internal.WebUIKeywordMain.runKeyword(WebUIKeywordMain.groovy:26)
	at com.kms.katalon.core.webui.keyword.builtin.OpenBrowserKeyword.openBrowser(OpenBrowserKeyword.groovy:81)
	at com.kms.katalon.core.webui.keyword.builtin.OpenBrowserKeyword.execute(OpenBrowserKeyword.groovy:67)
	at com.kms.katalon.core.keyword.internal.KeywordExecutor.executeKeywordForPlatform(KeywordExecutor.groovy:73)
	at com.kms.katalon.core.webui.keyword.WebUiBuiltInKeywords.openBrowser(WebUiBuiltInKeywords.groovy:61)
	at com.kms.katalon.core.webui.keyword.WebUiBuiltInKeywords$openBrowser.call(Unknown Source)
	at customKeywords.commanFunctions.openBrowser(commanFunctions.groovy:47)
	at customKeywords.commanFunctions.invokeMethod(commanFunctions.groovy)
	at com.kms.katalon.core.main.CustomKeywordDelegatingMetaClass.invokeStaticMethod(CustomKeywordDelegatingMetaClass.java:50)
	at CSP-T74_1.0_As a User, I want to verify that system send me a forget my password link when I request.run(CSP-T74_1.0_As a User, I want to verify that system send me a forget my password link when I request:22)
	at com.kms.katalon.core.main.ScriptEngine.run(ScriptEngine.java:194)
	at com.kms.katalon.core.main.ScriptEngine.runScriptAsRawText(ScriptEngine.java:119)
	at com.kms.katalon.core.main.TestCaseExecutor.runScript(TestCaseExecutor.java:394)
	at com.kms.katalon.core.main.TestCaseExecutor.doExecute(TestCaseExecutor.java:385)
	at com.kms.katalon.core.main.TestCaseExecutor.processExecutionPhase(TestCaseExecutor.java:364)
	at com.kms.katalon.core.main.TestCaseExecutor.accessMainPhase(TestCaseExecutor.java:356)
	at com.kms.katalon.core.main.TestCaseExecutor.execute(TestCaseExecutor.java:251)
	at com.kms.katalon.core.main.TestSuiteExecutor.accessTestCaseMainPhase(TestSuiteExecutor.java:203)
	at com.kms.katalon.core.main.TestSuiteExecutor.accessTestSuiteMainPhase(TestSuiteExecutor.java:152)
	at com.kms.katalon.core.main.TestSuiteExecutor.execute(TestSuiteExecutor.java:95)
	at com.kms.katalon.core.main.TestCaseMain.startTestSuite(TestCaseMain.java:157)
	at com.kms.katalon.core.main.TestCaseMain$startTestSuite$0.call(Unknown Source)
	at TempTestSuite1613740426765.run(TempTestSuite1613740426765.groovy:39)
Caused by: org.openqa.selenium.WebDriverException: Reached error page: about:neterror?e=netTimeout&u=https%3A//inspect.stage.site.sa/&c=UTF-8&d=The%20server%20at%20inspect.stage.site.sa%20is%20taking%20too%20long%20to%20respond.
Build info: version: '3.141.59', revision: 'e82be7d358', time: '2018-11-14T08:25:53'
System info: host: 'OMTPGCN1132568L', ip: '192.168.0.102', os.name: 'Windows 10', os.arch: 'amd64', os.version: '10.0', java.version: '1.8.0_181'
Driver info: com.kms.katalon.core.webui.driver.firefox.CGeckoDriver
Capabilities {acceptInsecureCerts: true, browserName: firefox, browserVersion: 85.0.2, javascriptEnabled: true, moz:accessibilityChecks: false, moz:buildID: 20210208133944, moz:geckodriverVersion: 0.23.0, moz:headless: false, moz:processID: 3236, moz:profile: C:\Users\ashok\AppData\Loca..., moz:shutdownTimeout: 60000, moz:useNonSpecCompliantPointerOrigin: false, moz:webdriverClick: true, pageLoadStrategy: normal, platform: WINDOWS, platformName: WINDOWS, platformVersion: 10.0, proxy: Proxy(direct), rotatable: false, setWindowRect: true, strictFileInteractability: false, timeouts: {implicit: 0, pageLoad: 300000, script: 30000}, unhandledPromptBehavior: dismiss and notify}
Session ID: 98467756-7ddb-4e38-8094-d8649338e00d
	at org.openqa.selenium.remote.http.W3CHttpResponseCodec.createException(W3CHttpResponseCodec.java:187)
	at org.openqa.selenium.remote.http.W3CHttpResponseCodec.decode(W3CHttpResponseCodec.java:122)
	at org.openqa.selenium.remote.http.W3CHttpResponseCodec.decode(W3CHttpResponseCodec.java:49)
	at org.openqa.selenium.remote.HttpCommandExecutor.execute(HttpCommandExecutor.java:158)
	at org.openqa.selenium.remote.service.DriverCommandExecutor.execute(DriverCommandExecutor.java:83)
	at org.openqa.selenium.remote.RemoteWebDriver.execute(RemoteWebDriver.java:552)
	at com.kms.katalon.selenium.driver.CFirefoxDriver.execute(CFirefoxDriver.java:27)
	at org.openqa.selenium.remote.RemoteWebDriver.get(RemoteWebDriver.java:277)
	at org.openqa.selenium.support.events.EventFiringWebDriver.lambda$new$1(EventFiringWebDriver.java:105)
	at com.sun.proxy.$Proxy11.get(Unknown Source)
	at org.openqa.selenium.support.events.EventFiringWebDriver.get(EventFiringWebDriver.java:165)
	at com.kms.katalon.core.webui.keyword.builtin.OpenBrowserKeyword$_openBrowser_closure1.doCall(OpenBrowserKeyword.groovy:78)
	at com.kms.katalon.core.webui.keyword.builtin.OpenBrowserKeyword$_openBrowser_closure1.call(OpenBrowserKeyword.groovy)
	at com.kms.katalon.core.webui.keyword.internal.WebUIKeywordMain.runKeyword(WebUIKeywordMain.groovy:20)
	... 22 more]]></system-err>
   </testsuite>
</testsuites>
