<?xml version="1.0" encoding="UTF-8"?>
<testsuites name="Suite_LogIn_RigisterUserAndForgotPwd_Module" time="1699.688" tests="32" failures="8" skips="0" errors="0">
   <testsuite name="Suite_LogIn_RigisterUserAndForgotPwd_Module" tests="32" failures="8" errors="0" time="1699.688" skips="0" timestamp="2021-02-03 22:46:03" hostname="araha - LAPTOP-CLOFSUPE" id="Test Suites/LogIn_RigisterUserAndForgotPwd_Module/Suite_LogIn_RigisterUserAndForgotPwd_Module">
      <properties>
         <property name="deviceName" value=""/>
         <property name="devicePlatform" value=""/>
         <property name="logFolder" value="C:\\Users\\araha\\Katalon Studio\\InspectAutomation\\Reports\\20210203_224552\\LogIn_RigisterUserAndForgotPwd_Module\\Suite_LogIn_RigisterUserAndForgotPwd_Module\\20210203_224552"/>
         <property name="logFiles" value="C:\\Users\\araha\\Katalon Studio\\InspectAutomation\\Reports\\20210203_224552\\LogIn_RigisterUserAndForgotPwd_Module\\Suite_LogIn_RigisterUserAndForgotPwd_Module\\20210203_224552\\execution0.log"/>
         <property name="attachments" value="C:\\Users\\araha\\Katalon Studio\\InspectAutomation\\Reports\\20210203_224552\\LogIn_RigisterUserAndForgotPwd_Module\\Suite_LogIn_RigisterUserAndForgotPwd_Module\\20210203_224552\\1612372763256.png, C:\\Users\\araha\\Katalon Studio\\InspectAutomation\\Reports\\20210203_224552\\LogIn_RigisterUserAndForgotPwd_Module\\Suite_LogIn_RigisterUserAndForgotPwd_Module\\20210203_224552\\1612373108993.png, C:\\Users\\araha\\Katalon Studio\\InspectAutomation\\Reports\\20210203_224552\\LogIn_RigisterUserAndForgotPwd_Module\\Suite_LogIn_RigisterUserAndForgotPwd_Module\\20210203_224552\\1612373168215.png, C:\\Users\\araha\\Katalon Studio\\InspectAutomation\\Reports\\20210203_224552\\LogIn_RigisterUserAndForgotPwd_Module\\Suite_LogIn_RigisterUserAndForgotPwd_Module\\20210203_224552\\1612373543755.png, C:\\Users\\araha\\Katalon Studio\\InspectAutomation\\Reports\\20210203_224552\\LogIn_RigisterUserAndForgotPwd_Module\\Suite_LogIn_RigisterUserAndForgotPwd_Module\\20210203_224552\\1612373586993.png, C:\\Users\\araha\\Katalon Studio\\InspectAutomation\\Reports\\20210203_224552\\LogIn_RigisterUserAndForgotPwd_Module\\Suite_LogIn_RigisterUserAndForgotPwd_Module\\20210203_224552\\1612373722658.png, C:\\Users\\araha\\Katalon Studio\\InspectAutomation\\Reports\\20210203_224552\\LogIn_RigisterUserAndForgotPwd_Module\\Suite_LogIn_RigisterUserAndForgotPwd_Module\\20210203_224552\\1612373723125.png, C:\\Users\\araha\\Katalon Studio\\InspectAutomation\\Reports\\20210203_224552\\LogIn_RigisterUserAndForgotPwd_Module\\Suite_LogIn_RigisterUserAndForgotPwd_Module\\20210203_224552\\1612374068942.png, C:\\Users\\araha\\Katalon Studio\\InspectAutomation\\Reports\\20210203_224552\\LogIn_RigisterUserAndForgotPwd_Module\\Suite_LogIn_RigisterUserAndForgotPwd_Module\\20210203_224552\\1612374069424.png, C:\\Users\\araha\\Katalon Studio\\InspectAutomation\\Reports\\20210203_224552\\LogIn_RigisterUserAndForgotPwd_Module\\Suite_LogIn_RigisterUserAndForgotPwd_Module\\20210203_224552\\1612374259799.png, C:\\Users\\araha\\Katalon Studio\\InspectAutomation\\Reports\\20210203_224552\\LogIn_RigisterUserAndForgotPwd_Module\\Suite_LogIn_RigisterUserAndForgotPwd_Module\\20210203_224552\\1612374260287.png"/>
         <property name="hostName" value="araha - LAPTOP-CLOFSUPE"/>
         <property name="os" value="Windows 10 64bit"/>
         <property name="katalonVersion" value="7.8.2.208"/>
         <property name="browser" value="Chrome 86.0.4240.75"/>
         <property name="hostAddress" value="192.168.1.2"/>
         <property name="sessionId" value="ffcaa8bc0aea2f5576b5b16fb226313c"/>
         <property name="seleniumVersion" value="3.141.59"/>
         <property name="proxyInformation" value="ProxyInformation { proxyOption=NO_PROXY, proxyServerType=HTTP, username=, password=********, proxyServerAddress=, proxyServerPort=0, executionList=&quot;&quot;, isApplyToDesiredCapabilities=true }"/>
         <property name="platform" value="Windows 10"/>
      </properties>
      <testcase name="Test Cases/TC_Login_RigisterUserAndForgotYourPassword/BasicTCs/CSP-T74_1.0_As a User, I want to verify that system send me a forget my password link when I request" time="32.112" classname="Test Cases/TC_Login_RigisterUserAndForgotYourPassword/BasicTCs/CSP-T74_1.0_As a User, I want to verify that system send me a forget my password link when I request" status="PASSED">
         <system-out><![CDATA[2021-02-03 22:46:05 - [TEST_CASE][PASSED] - Test Cases/TC_Login_RigisterUserAndForgotYourPassword/BasicTCs/CSP-T74_1.0_As a User, I want to verify that system send me a forget my password link when I request: Test Cases/TC_Login_RigisterUserAndForgotYourPassword/BasicTCs/CSP-T74_1.0_As a User, I want to verify that system send me a forget my password link when I request

2021-02-03 22:46:05 - [TEST_STEP][PASSED] - excelTestData = findTestData("Data Files/TestData/InspectTestData"): null

2021-02-03 22:46:06 - [TEST_STEP][PASSED] - validationMessage = excelTestData.getValue(2, 8): null

2021-02-03 22:46:06 - [TEST_STEP][PASSED] - obj = findTestObject("LoginAndRigisterUser/LoginLink"): null

2021-02-03 22:46:06 - [TEST_STEP][PASSED] - forgotPwd = findTestObject("Object Repository/LoginAndRigisterUser/ForgotPwd"): null

2021-02-03 22:46:06 - [TEST_STEP][PASSED] - ForgotPwdSubmitBtn = findTestObject("Object Repository/LoginAndRigisterUser/ForgotPwdSubmitBtn"): null

2021-02-03 22:46:06 - [TEST_STEP][PASSED] - customKeywords.commanFunctions.openBrowser(): customKeywords.commanFunctions.openBrowser is PASSED

2021-02-03 22:46:07 - [MESSAGE][INFO] - Starting 'Chrome' driver

2021-02-03 22:46:07 - [MESSAGE][INFO] - Action delay is set to 0 milliseconds

2021-02-03 22:46:25 - [MESSAGE][PASSED] - Browser is opened with url: 'https://Inspect.Stage.site.sa'

2021-02-03 22:46:27 - [MESSAGE][PASSED] - Current window maximized

2021-02-03 22:46:27 - [MESSAGE][PASSED] - Wait for page load successfully

2021-02-03 22:46:27 - [MESSAGE][PASSED] - customKeywords.commanFunctions.openBrowser is PASSED

2021-02-03 22:46:27 - [TEST_STEP][PASSED] - waitForElementClickable(findTestObject("LoginAndRigisterUser/LoginLink"), TimeOut): Object 'Object Repository/LoginAndRigisterUser/LoginLink' is clickable

2021-02-03 22:46:28 - [MESSAGE][PASSED] - Object 'Object Repository/LoginAndRigisterUser/LoginLink' is clickable

2021-02-03 22:46:28 - [TEST_STEP][PASSED] - customKeywords.commanFunctions.clickElementWithJS(obj): customKeywords.commanFunctions.clickElementWithJS is PASSED

2021-02-03 22:46:29 - [MESSAGE][INFO] - Clicked on element with JS

2021-02-03 22:46:29 - [MESSAGE][PASSED] - customKeywords.commanFunctions.clickElementWithJS is PASSED

2021-02-03 22:46:29 - [TEST_STEP][PASSED] - waitForElementClickable(findTestObject("Object Repository/LoginAndRigisterUser/ForgotPwd"), TimeOut): Object 'Object Repository/LoginAndRigisterUser/ForgotPwd' is clickable

2021-02-03 22:46:30 - [MESSAGE][PASSED] - Object 'Object Repository/LoginAndRigisterUser/ForgotPwd' is clickable

2021-02-03 22:46:30 - [TEST_STEP][PASSED] - customKeywords.commanFunctions.clickElementWithJS(forgotPwd): customKeywords.commanFunctions.clickElementWithJS is PASSED

2021-02-03 22:46:31 - [MESSAGE][INFO] - Clicked on element with JS

2021-02-03 22:46:31 - [MESSAGE][PASSED] - customKeywords.commanFunctions.clickElementWithJS is PASSED

2021-02-03 22:46:31 - [TEST_STEP][PASSED] - sendKeys(findTestObject("Object Repository/LoginAndRigisterUser/ForgotPwd_Email_Input"), AdminUserName): Keys 'admin@example.com' sent to object: 'Object Repository/LoginAndRigisterUser/ForgotPwd_Email_Input'

2021-02-03 22:46:31 - [MESSAGE][PASSED] - Keys 'admin@example.com' sent to object: 'Object Repository/LoginAndRigisterUser/ForgotPwd_Email_Input'

2021-02-03 22:46:31 - [TEST_STEP][PASSED] - customKeywords.commanFunctions.clickElementWithJS(ForgotPwdSubmitBtn): customKeywords.commanFunctions.clickElementWithJS is PASSED

2021-02-03 22:46:32 - [MESSAGE][INFO] - Clicked on element with JS

2021-02-03 22:46:32 - [MESSAGE][PASSED] - customKeywords.commanFunctions.clickElementWithJS is PASSED

2021-02-03 22:46:32 - [TEST_STEP][PASSED] - verifyTextPresent(validationMessage, false): Text 'An email with a reset link was sent to your email. Please click on the link to reset your password' is present on page 

2021-02-03 22:46:36 - [MESSAGE][PASSED] - Text 'An email with a reset link was sent to your email. Please click on the link to reset your password' is present on page 

2021-02-03 22:46:36 - [TEST_STEP][PASSED] - customKeywords.commanFunctions.onlyCloseBrowser(): customKeywords.commanFunctions.onlyCloseBrowser is PASSED

2021-02-03 22:46:37 - [MESSAGE][PASSED] - Browser is closed

2021-02-03 22:46:37 - [MESSAGE][PASSED] - customKeywords.commanFunctions.onlyCloseBrowser is PASSED]]></system-out>
         <system-err><![CDATA[]]></system-err>
      </testcase>
      <testcase name="Test Cases/TC_Login_RigisterUserAndForgotYourPassword/BasicTCs/CSP-T75_1.0_As a User, I want to verify that System detects incorrect user email when requesting forget my password link" time="27.743" classname="Test Cases/TC_Login_RigisterUserAndForgotYourPassword/BasicTCs/CSP-T75_1.0_As a User, I want to verify that System detects incorrect user email when requesting forget my password link" status="PASSED">
         <system-out><![CDATA[2021-02-03 22:46:37 - [TEST_CASE][PASSED] - Test Cases/TC_Login_RigisterUserAndForgotYourPassword/BasicTCs/CSP-T75_1.0_As a User, I want to verify that System detects incorrect user email when requesting forget my password link: Test Cases/TC_Login_RigisterUserAndForgotYourPassword/BasicTCs/CSP-T75_1.0_As a User, I want to verify that System detects incorrect user email when requesting forget my password link

2021-02-03 22:46:37 - [TEST_STEP][PASSED] - excelTestData = findTestData("Data Files/TestData/InspectTestData"): null

2021-02-03 22:46:37 - [TEST_STEP][PASSED] - validationMessage = excelTestData.getValue(2, 12): null

2021-02-03 22:46:37 - [TEST_STEP][PASSED] - obj = findTestObject("LoginAndRigisterUser/LoginLink"): null

2021-02-03 22:46:37 - [TEST_STEP][PASSED] - forgotPwd = findTestObject("Object Repository/LoginAndRigisterUser/ForgotPwd"): null

2021-02-03 22:46:37 - [TEST_STEP][PASSED] - ForgotPwdSubmitBtn = findTestObject("Object Repository/LoginAndRigisterUser/ForgotPwdSubmitBtn"): null

2021-02-03 22:46:38 - [TEST_STEP][PASSED] - customKeywords.commanFunctions.openBrowser(): customKeywords.commanFunctions.openBrowser is PASSED

2021-02-03 22:46:38 - [MESSAGE][INFO] - Starting 'Chrome' driver

2021-02-03 22:46:38 - [MESSAGE][INFO] - Action delay is set to 0 milliseconds

2021-02-03 22:46:55 - [MESSAGE][PASSED] - Browser is opened with url: 'https://Inspect.Stage.site.sa'

2021-02-03 22:46:57 - [MESSAGE][PASSED] - Current window maximized

2021-02-03 22:46:57 - [MESSAGE][PASSED] - Wait for page load successfully

2021-02-03 22:46:57 - [MESSAGE][PASSED] - customKeywords.commanFunctions.openBrowser is PASSED

2021-02-03 22:46:57 - [TEST_STEP][PASSED] - waitForElementClickable(findTestObject("LoginAndRigisterUser/LoginLink"), TimeOut): Object 'Object Repository/LoginAndRigisterUser/LoginLink' is clickable

2021-02-03 22:46:58 - [MESSAGE][PASSED] - Object 'Object Repository/LoginAndRigisterUser/LoginLink' is clickable

2021-02-03 22:46:58 - [TEST_STEP][PASSED] - customKeywords.commanFunctions.clickElementWithJS(obj): customKeywords.commanFunctions.clickElementWithJS is PASSED

2021-02-03 22:46:59 - [MESSAGE][INFO] - Clicked on element with JS

2021-02-03 22:46:59 - [MESSAGE][PASSED] - customKeywords.commanFunctions.clickElementWithJS is PASSED

2021-02-03 22:46:59 - [TEST_STEP][PASSED] - waitForElementClickable(findTestObject("Object Repository/LoginAndRigisterUser/ForgotPwd"), TimeOut): Object 'Object Repository/LoginAndRigisterUser/ForgotPwd' is clickable

2021-02-03 22:46:59 - [MESSAGE][PASSED] - Object 'Object Repository/LoginAndRigisterUser/ForgotPwd' is clickable

2021-02-03 22:46:59 - [TEST_STEP][PASSED] - customKeywords.commanFunctions.clickElementWithJS(forgotPwd): customKeywords.commanFunctions.clickElementWithJS is PASSED

2021-02-03 22:47:00 - [MESSAGE][INFO] - Clicked on element with JS

2021-02-03 22:47:00 - [MESSAGE][PASSED] - customKeywords.commanFunctions.clickElementWithJS is PASSED

2021-02-03 22:47:00 - [TEST_STEP][PASSED] - str = customKeywords.commanFunctions.getRandomAlphaString(5): customKeywords.commanFunctions.getRandomAlphaString is PASSED

2021-02-03 22:47:01 - [MESSAGE][PASSED] - customKeywords.commanFunctions.getRandomAlphaString is PASSED

2021-02-03 22:47:01 - [TEST_STEP][PASSED] - email = "test_" + str + "@email.com": null

2021-02-03 22:47:01 - [TEST_STEP][PASSED] - sendKeys(findTestObject("Object Repository/LoginAndRigisterUser/ForgotPwd_Email_Input"), email): Keys 'test_cquns@email.com' sent to object: 'Object Repository/LoginAndRigisterUser/ForgotPwd_Email_Input'

2021-02-03 22:47:01 - [MESSAGE][PASSED] - Keys 'test_cquns@email.com' sent to object: 'Object Repository/LoginAndRigisterUser/ForgotPwd_Email_Input'

2021-02-03 22:47:01 - [TEST_STEP][PASSED] - customKeywords.commanFunctions.clickElementWithJS(ForgotPwdSubmitBtn): customKeywords.commanFunctions.clickElementWithJS is PASSED

2021-02-03 22:47:02 - [MESSAGE][INFO] - Clicked on element with JS

2021-02-03 22:47:02 - [MESSAGE][PASSED] - customKeywords.commanFunctions.clickElementWithJS is PASSED

2021-02-03 22:47:02 - [TEST_STEP][PASSED] - verifyTextPresent(validationMessage, false): Text 'The user credentials provided is incorrect' is present on page 

2021-02-03 22:47:03 - [MESSAGE][PASSED] - Text 'The user credentials provided is incorrect' is present on page 

2021-02-03 22:47:03 - [TEST_STEP][PASSED] - customKeywords.commanFunctions.onlyCloseBrowser(): customKeywords.commanFunctions.onlyCloseBrowser is PASSED

2021-02-03 22:47:05 - [MESSAGE][PASSED] - Browser is closed

2021-02-03 22:47:05 - [MESSAGE][PASSED] - customKeywords.commanFunctions.onlyCloseBrowser is PASSED]]></system-out>
         <system-err><![CDATA[]]></system-err>
      </testcase>
      <testcase name="Test Cases/TC_Login_RigisterUserAndForgotYourPassword/BasicTCs/TC_LoginUserWithInValidCredentialsAndVerifyErrorMsg" time="28.943" classname="Test Cases/TC_Login_RigisterUserAndForgotYourPassword/BasicTCs/TC_LoginUserWithInValidCredentialsAndVerifyErrorMsg" status="PASSED">
         <system-out><![CDATA[2021-02-03 22:47:05 - [TEST_CASE][PASSED] - Test Cases/TC_Login_RigisterUserAndForgotYourPassword/BasicTCs/TC_LoginUserWithInValidCredentialsAndVerifyErrorMsg: Test Cases/TC_Login_RigisterUserAndForgotYourPassword/BasicTCs/TC_LoginUserWithInValidCredentialsAndVerifyErrorMsg

2021-02-03 22:47:05 - [TEST_STEP][PASSED] - excelTestData = findTestData("Data Files/TestData/InspectTestData"): null

2021-02-03 22:47:05 - [TEST_STEP][PASSED] - validationMessage = excelTestData.getValue(2, 4): null

2021-02-03 22:47:05 - [TEST_STEP][PASSED] - obj = findTestObject("LoginAndRigisterUser/LoginLink"): null

2021-02-03 22:47:05 - [TEST_STEP][PASSED] - LoginBtn = findTestObject("Object Repository/LoginAndRigisterUser/LoginBtn"): null

2021-02-03 22:47:05 - [TEST_STEP][PASSED] - customKeywords.commanFunctions.openBrowser(): customKeywords.commanFunctions.openBrowser is PASSED

2021-02-03 22:47:05 - [MESSAGE][INFO] - Starting 'Chrome' driver

2021-02-03 22:47:05 - [MESSAGE][INFO] - Action delay is set to 0 milliseconds

2021-02-03 22:47:23 - [MESSAGE][PASSED] - Browser is opened with url: 'https://Inspect.Stage.site.sa'

2021-02-03 22:47:25 - [MESSAGE][PASSED] - Current window maximized

2021-02-03 22:47:25 - [MESSAGE][PASSED] - Wait for page load successfully

2021-02-03 22:47:25 - [MESSAGE][PASSED] - customKeywords.commanFunctions.openBrowser is PASSED

2021-02-03 22:47:25 - [TEST_STEP][PASSED] - waitForElementClickable(findTestObject("LoginAndRigisterUser/LoginLink"), TimeOut): Object 'Object Repository/LoginAndRigisterUser/LoginLink' is clickable

2021-02-03 22:47:26 - [MESSAGE][PASSED] - Object 'Object Repository/LoginAndRigisterUser/LoginLink' is clickable

2021-02-03 22:47:26 - [TEST_STEP][PASSED] - customKeywords.commanFunctions.clickElementWithJS(obj): customKeywords.commanFunctions.clickElementWithJS is PASSED

2021-02-03 22:47:27 - [MESSAGE][INFO] - Clicked on element with JS

2021-02-03 22:47:27 - [MESSAGE][PASSED] - customKeywords.commanFunctions.clickElementWithJS is PASSED

2021-02-03 22:47:27 - [TEST_STEP][PASSED] - strOne = customKeywords.commanFunctions.getRandomAlphaString(5): customKeywords.commanFunctions.getRandomAlphaString is PASSED

2021-02-03 22:47:27 - [MESSAGE][PASSED] - customKeywords.commanFunctions.getRandomAlphaString is PASSED

2021-02-03 22:47:27 - [TEST_STEP][PASSED] - email = "test_" + strOne + "@email.com": null

2021-02-03 22:47:27 - [TEST_STEP][PASSED] - str = customKeywords.commanFunctions.getRandomAlphaString(5): customKeywords.commanFunctions.getRandomAlphaString is PASSED

2021-02-03 22:47:28 - [MESSAGE][PASSED] - customKeywords.commanFunctions.getRandomAlphaString is PASSED

2021-02-03 22:47:28 - [TEST_STEP][PASSED] - password = "Test@" + str: null

2021-02-03 22:47:28 - [TEST_STEP][PASSED] - sendKeys(findTestObject("Object Repository/LoginAndRigisterUser/UserName_Email_Input"), email): Keys 'test_lrjxv@email.com' sent to object: 'Object Repository/LoginAndRigisterUser/UserName_Email_Input'

2021-02-03 22:47:29 - [MESSAGE][PASSED] - Keys 'test_lrjxv@email.com' sent to object: 'Object Repository/LoginAndRigisterUser/UserName_Email_Input'

2021-02-03 22:47:29 - [TEST_STEP][PASSED] - sendKeys(findTestObject("Object Repository/LoginAndRigisterUser/Password_Input"), password): Keys 'Test@uvzsc' sent to object: 'Object Repository/LoginAndRigisterUser/Password_Input'

2021-02-03 22:47:29 - [MESSAGE][PASSED] - Keys 'Test@uvzsc' sent to object: 'Object Repository/LoginAndRigisterUser/Password_Input'

2021-02-03 22:47:29 - [TEST_STEP][PASSED] - waitForElementClickable(LoginBtn, TimeOut): Object 'Object Repository/LoginAndRigisterUser/LoginBtn' is clickable

2021-02-03 22:47:30 - [MESSAGE][PASSED] - Object 'Object Repository/LoginAndRigisterUser/LoginBtn' is clickable

2021-02-03 22:47:30 - [TEST_STEP][PASSED] - customKeywords.commanFunctions.clickElementWithJS(LoginBtn): customKeywords.commanFunctions.clickElementWithJS is PASSED

2021-02-03 22:47:31 - [MESSAGE][INFO] - Clicked on element with JS

2021-02-03 22:47:31 - [MESSAGE][PASSED] - customKeywords.commanFunctions.clickElementWithJS is PASSED

2021-02-03 22:47:31 - [TEST_STEP][PASSED] - verifyTextPresent(validationMessage, false): Text 'Incorrect email or password' is present on page 

2021-02-03 22:47:32 - [MESSAGE][PASSED] - Text 'Incorrect email or password' is present on page 

2021-02-03 22:47:32 - [TEST_STEP][PASSED] - customKeywords.commanFunctions.onlyCloseBrowser(): customKeywords.commanFunctions.onlyCloseBrowser is PASSED

2021-02-03 22:47:34 - [MESSAGE][PASSED] - Browser is closed

2021-02-03 22:47:34 - [MESSAGE][PASSED] - customKeywords.commanFunctions.onlyCloseBrowser is PASSED]]></system-out>
         <system-err><![CDATA[]]></system-err>
      </testcase>
      <testcase name="Test Cases/TC_Login_RigisterUserAndForgotYourPassword/BasicTCs/TC_LoginUserWithInValidPasswordAndVerifyLoginShouldNotSucss" time="28.15" classname="Test Cases/TC_Login_RigisterUserAndForgotYourPassword/BasicTCs/TC_LoginUserWithInValidPasswordAndVerifyLoginShouldNotSucss" status="PASSED">
         <system-out><![CDATA[2021-02-03 22:47:34 - [TEST_CASE][PASSED] - Test Cases/TC_Login_RigisterUserAndForgotYourPassword/BasicTCs/TC_LoginUserWithInValidPasswordAndVerifyLoginShouldNotSucss: Test Cases/TC_Login_RigisterUserAndForgotYourPassword/BasicTCs/TC_LoginUserWithInValidPasswordAndVerifyLoginShouldNotSucss

2021-02-03 22:47:34 - [TEST_STEP][PASSED] - excelTestData = findTestData("Data Files/TestData/InspectTestData"): null

2021-02-03 22:47:34 - [TEST_STEP][PASSED] - validationMessage = excelTestData.getValue(2, 4): null

2021-02-03 22:47:34 - [TEST_STEP][PASSED] - obj = findTestObject("LoginAndRigisterUser/LoginLink"): null

2021-02-03 22:47:34 - [TEST_STEP][PASSED] - LoginBtn = findTestObject("Object Repository/LoginAndRigisterUser/LoginBtn"): null

2021-02-03 22:47:34 - [TEST_STEP][PASSED] - customKeywords.commanFunctions.openBrowser(): customKeywords.commanFunctions.openBrowser is PASSED

2021-02-03 22:47:34 - [MESSAGE][INFO] - Starting 'Chrome' driver

2021-02-03 22:47:34 - [MESSAGE][INFO] - Action delay is set to 0 milliseconds

2021-02-03 22:47:52 - [MESSAGE][PASSED] - Browser is opened with url: 'https://Inspect.Stage.site.sa'

2021-02-03 22:47:54 - [MESSAGE][PASSED] - Current window maximized

2021-02-03 22:47:54 - [MESSAGE][PASSED] - Wait for page load successfully

2021-02-03 22:47:54 - [MESSAGE][PASSED] - customKeywords.commanFunctions.openBrowser is PASSED

2021-02-03 22:47:54 - [TEST_STEP][PASSED] - waitForElementClickable(findTestObject("LoginAndRigisterUser/LoginLink"), TimeOut): Object 'Object Repository/LoginAndRigisterUser/LoginLink' is clickable

2021-02-03 22:47:55 - [MESSAGE][PASSED] - Object 'Object Repository/LoginAndRigisterUser/LoginLink' is clickable

2021-02-03 22:47:55 - [TEST_STEP][PASSED] - customKeywords.commanFunctions.clickElementWithJS(obj): customKeywords.commanFunctions.clickElementWithJS is PASSED

2021-02-03 22:47:56 - [MESSAGE][INFO] - Clicked on element with JS

2021-02-03 22:47:56 - [MESSAGE][PASSED] - customKeywords.commanFunctions.clickElementWithJS is PASSED

2021-02-03 22:47:56 - [TEST_STEP][PASSED] - str = customKeywords.commanFunctions.getRandomAlphaString(5): customKeywords.commanFunctions.getRandomAlphaString is PASSED

2021-02-03 22:47:56 - [MESSAGE][PASSED] - customKeywords.commanFunctions.getRandomAlphaString is PASSED

2021-02-03 22:47:56 - [TEST_STEP][PASSED] - password = "Test@" + str: null

2021-02-03 22:47:56 - [TEST_STEP][PASSED] - sendKeys(findTestObject("Object Repository/LoginAndRigisterUser/UserName_Email_Input"), AdminUserName): Keys 'admin@example.com' sent to object: 'Object Repository/LoginAndRigisterUser/UserName_Email_Input'

2021-02-03 22:47:57 - [MESSAGE][PASSED] - Keys 'admin@example.com' sent to object: 'Object Repository/LoginAndRigisterUser/UserName_Email_Input'

2021-02-03 22:47:57 - [TEST_STEP][PASSED] - sendKeys(findTestObject("Object Repository/LoginAndRigisterUser/Password_Input"), password): Keys 'Test@arnnv' sent to object: 'Object Repository/LoginAndRigisterUser/Password_Input'

2021-02-03 22:47:57 - [MESSAGE][PASSED] - Keys 'Test@arnnv' sent to object: 'Object Repository/LoginAndRigisterUser/Password_Input'

2021-02-03 22:47:57 - [TEST_STEP][PASSED] - waitForElementClickable(LoginBtn, TimeOut): Object 'Object Repository/LoginAndRigisterUser/LoginBtn' is clickable

2021-02-03 22:47:58 - [MESSAGE][PASSED] - Object 'Object Repository/LoginAndRigisterUser/LoginBtn' is clickable

2021-02-03 22:47:58 - [TEST_STEP][PASSED] - customKeywords.commanFunctions.clickElementWithJS(LoginBtn): customKeywords.commanFunctions.clickElementWithJS is PASSED

2021-02-03 22:47:59 - [MESSAGE][INFO] - Clicked on element with JS

2021-02-03 22:47:59 - [MESSAGE][PASSED] - customKeywords.commanFunctions.clickElementWithJS is PASSED

2021-02-03 22:47:59 - [TEST_STEP][PASSED] - verifyTextPresent(validationMessage, false): Text 'Incorrect email or password' is present on page 

2021-02-03 22:48:00 - [MESSAGE][PASSED] - Text 'Incorrect email or password' is present on page 

2021-02-03 22:48:00 - [TEST_STEP][PASSED] - customKeywords.commanFunctions.onlyCloseBrowser(): customKeywords.commanFunctions.onlyCloseBrowser is PASSED

2021-02-03 22:48:02 - [MESSAGE][PASSED] - Browser is closed

2021-02-03 22:48:02 - [MESSAGE][PASSED] - customKeywords.commanFunctions.onlyCloseBrowser is PASSED]]></system-out>
         <system-err><![CDATA[]]></system-err>
      </testcase>
      <testcase name="Test Cases/TC_Login_RigisterUserAndForgotYourPassword/BasicTCs/TC_LoginUserWithInValidUserNameAndVerifyLoginShouldNotSucss" time="25.562" classname="Test Cases/TC_Login_RigisterUserAndForgotYourPassword/BasicTCs/TC_LoginUserWithInValidUserNameAndVerifyLoginShouldNotSucss" status="PASSED">
         <system-out><![CDATA[2021-02-03 22:48:02 - [TEST_CASE][PASSED] - Test Cases/TC_Login_RigisterUserAndForgotYourPassword/BasicTCs/TC_LoginUserWithInValidUserNameAndVerifyLoginShouldNotSucss: Test Cases/TC_Login_RigisterUserAndForgotYourPassword/BasicTCs/TC_LoginUserWithInValidUserNameAndVerifyLoginShouldNotSucss

2021-02-03 22:48:02 - [TEST_STEP][PASSED] - excelTestData = findTestData("Data Files/TestData/InspectTestData"): null

2021-02-03 22:48:02 - [TEST_STEP][PASSED] - validationMessage = excelTestData.getValue(2, 4): null

2021-02-03 22:48:02 - [TEST_STEP][PASSED] - obj = findTestObject("LoginAndRigisterUser/LoginLink"): null

2021-02-03 22:48:02 - [TEST_STEP][PASSED] - LoginBtn = findTestObject("Object Repository/LoginAndRigisterUser/LoginBtn"): null

2021-02-03 22:48:02 - [TEST_STEP][PASSED] - customKeywords.commanFunctions.openBrowser(): customKeywords.commanFunctions.openBrowser is PASSED

2021-02-03 22:48:03 - [MESSAGE][INFO] - Starting 'Chrome' driver

2021-02-03 22:48:03 - [MESSAGE][INFO] - Action delay is set to 0 milliseconds

2021-02-03 22:48:17 - [MESSAGE][PASSED] - Browser is opened with url: 'https://Inspect.Stage.site.sa'

2021-02-03 22:48:20 - [MESSAGE][PASSED] - Current window maximized

2021-02-03 22:48:20 - [MESSAGE][PASSED] - Wait for page load successfully

2021-02-03 22:48:20 - [MESSAGE][PASSED] - customKeywords.commanFunctions.openBrowser is PASSED

2021-02-03 22:48:20 - [TEST_STEP][PASSED] - waitForElementClickable(findTestObject("LoginAndRigisterUser/LoginLink"), TimeOut): Object 'Object Repository/LoginAndRigisterUser/LoginLink' is clickable

2021-02-03 22:48:20 - [MESSAGE][PASSED] - Object 'Object Repository/LoginAndRigisterUser/LoginLink' is clickable

2021-02-03 22:48:20 - [TEST_STEP][PASSED] - customKeywords.commanFunctions.clickElementWithJS(obj): customKeywords.commanFunctions.clickElementWithJS is PASSED

2021-02-03 22:48:21 - [MESSAGE][INFO] - Clicked on element with JS

2021-02-03 22:48:21 - [MESSAGE][PASSED] - customKeywords.commanFunctions.clickElementWithJS is PASSED

2021-02-03 22:48:21 - [TEST_STEP][PASSED] - str = customKeywords.commanFunctions.getRandomAlphaString(5): customKeywords.commanFunctions.getRandomAlphaString is PASSED

2021-02-03 22:48:22 - [MESSAGE][PASSED] - customKeywords.commanFunctions.getRandomAlphaString is PASSED

2021-02-03 22:48:22 - [TEST_STEP][PASSED] - email = "test_" + str + "@email.com": null

2021-02-03 22:48:22 - [TEST_STEP][PASSED] - sendKeys(findTestObject("Object Repository/LoginAndRigisterUser/UserName_Email_Input"), email): Keys 'test_jhlyw@email.com' sent to object: 'Object Repository/LoginAndRigisterUser/UserName_Email_Input'

2021-02-03 22:48:22 - [MESSAGE][PASSED] - Keys 'test_jhlyw@email.com' sent to object: 'Object Repository/LoginAndRigisterUser/UserName_Email_Input'

2021-02-03 22:48:22 - [TEST_STEP][PASSED] - sendKeys(findTestObject("Object Repository/LoginAndRigisterUser/Password_Input"), AdminPassWord): Keys 'Aa@12345' sent to object: 'Object Repository/LoginAndRigisterUser/Password_Input'

2021-02-03 22:48:23 - [MESSAGE][PASSED] - Keys 'Aa@12345' sent to object: 'Object Repository/LoginAndRigisterUser/Password_Input'

2021-02-03 22:48:23 - [TEST_STEP][PASSED] - waitForElementClickable(LoginBtn, TimeOut): Object 'Object Repository/LoginAndRigisterUser/LoginBtn' is clickable

2021-02-03 22:48:24 - [MESSAGE][PASSED] - Object 'Object Repository/LoginAndRigisterUser/LoginBtn' is clickable

2021-02-03 22:48:24 - [TEST_STEP][PASSED] - customKeywords.commanFunctions.clickElementWithJS(LoginBtn): customKeywords.commanFunctions.clickElementWithJS is PASSED

2021-02-03 22:48:25 - [MESSAGE][INFO] - Clicked on element with JS

2021-02-03 22:48:25 - [MESSAGE][PASSED] - customKeywords.commanFunctions.clickElementWithJS is PASSED

2021-02-03 22:48:25 - [TEST_STEP][PASSED] - verifyTextPresent(validationMessage, false): Text 'Incorrect email or password' is present on page 

2021-02-03 22:48:26 - [MESSAGE][PASSED] - Text 'Incorrect email or password' is present on page 

2021-02-03 22:48:26 - [TEST_STEP][PASSED] - customKeywords.commanFunctions.onlyCloseBrowser(): customKeywords.commanFunctions.onlyCloseBrowser is PASSED

2021-02-03 22:48:27 - [MESSAGE][PASSED] - Browser is closed

2021-02-03 22:48:27 - [MESSAGE][PASSED] - customKeywords.commanFunctions.onlyCloseBrowser is PASSED]]></system-out>
         <system-err><![CDATA[]]></system-err>
      </testcase>
      <testcase name="Test Cases/TC_Login_RigisterUserAndForgotYourPassword/BasicTCs/TC_LoginUserWithValidCredentialsAndVerifyLoginSucss" time="55.925" classname="Test Cases/TC_Login_RigisterUserAndForgotYourPassword/BasicTCs/TC_LoginUserWithValidCredentialsAndVerifyLoginSucss" status="FAILED">
         <failure type="FAILED" message="Test Cases/TC_Login_RigisterUserAndForgotYourPassword/BasicTCs/TC_LoginUserWithValidCredentialsAndVerifyLoginSucss FAILED.
Reason:
com.kms.katalon.core.exception.StepFailedException: Call Test Case 'Test Cases/TC_Login_RigisterUserAndForgotYourPassword/CommanTCs/TC_LoginToBrowserAsAdmin' failed
	at com.kms.katalon.core.keyword.builtin.CallTestCaseKeyword$_callTestCase_closure1.doCall(CallTestCaseKeyword.groovy:63)
	at com.kms.katalon.core.keyword.builtin.CallTestCaseKeyword$_callTestCase_closure1.call(CallTestCaseKeyword.groovy)
	at com.kms.katalon.core.keyword.internal.KeywordMain.runKeyword(KeywordMain.groovy:68)
	at com.kms.katalon.core.keyword.builtin.CallTestCaseKeyword.callTestCase(CallTestCaseKeyword.groovy:81)
	at com.kms.katalon.core.keyword.builtin.CallTestCaseKeyword.execute(CallTestCaseKeyword.groovy:44)
	at com.kms.katalon.core.keyword.internal.KeywordExecutor.executeKeywordForPlatform(KeywordExecutor.groovy:73)
	at com.kms.katalon.core.keyword.BuiltinKeywords.callTestCase(BuiltinKeywords.groovy:350)
	at TC_LoginUserWithValidCredentialsAndVerifyLoginSucss.run(TC_LoginUserWithValidCredentialsAndVerifyLoginSucss:18)
	at com.kms.katalon.core.main.ScriptEngine.run(ScriptEngine.java:194)
	at com.kms.katalon.core.main.ScriptEngine.runScriptAsRawText(ScriptEngine.java:119)
	at com.kms.katalon.core.main.TestCaseExecutor.runScript(TestCaseExecutor.java:394)
	at com.kms.katalon.core.main.TestCaseExecutor.doExecute(TestCaseExecutor.java:385)
	at com.kms.katalon.core.main.TestCaseExecutor.processExecutionPhase(TestCaseExecutor.java:364)
	at com.kms.katalon.core.main.TestCaseExecutor.accessMainPhase(TestCaseExecutor.java:356)
	at com.kms.katalon.core.main.TestCaseExecutor.execute(TestCaseExecutor.java:251)
	at com.kms.katalon.core.main.TestSuiteExecutor.accessTestCaseMainPhase(TestSuiteExecutor.java:203)
	at com.kms.katalon.core.main.TestSuiteExecutor.accessTestSuiteMainPhase(TestSuiteExecutor.java:152)
	at com.kms.katalon.core.main.TestSuiteExecutor.execute(TestSuiteExecutor.java:95)
	at com.kms.katalon.core.main.TestCaseMain.startTestSuite(TestCaseMain.java:157)
	at com.kms.katalon.core.main.TestCaseMain$startTestSuite$0.call(Unknown Source)
	at TempTestSuite1612372552149.run(TempTestSuite1612372552149.groovy:39)
Caused by: com.kms.katalon.core.exception.StepFailedException: Unable to send keys '0' to object 'Object Repository/LoginAndRigisterUser/otpOne'
	at com.kms.katalon.core.webui.keyword.internal.WebUIKeywordMain.stepFailed(WebUIKeywordMain.groovy:64)
	at com.kms.katalon.core.webui.keyword.internal.WebUIKeywordMain.runKeyword(WebUIKeywordMain.groovy:26)
	at com.kms.katalon.core.webui.keyword.builtin.SendKeysKeyword.sendKeys(SendKeysKeyword.groovy:60)
	at com.kms.katalon.core.webui.keyword.builtin.SendKeysKeyword.execute(SendKeysKeyword.groovy:38)
	at com.kms.katalon.core.keyword.internal.KeywordExecutor.executeKeywordForPlatform(KeywordExecutor.groovy:73)
	at com.kms.katalon.core.webui.keyword.WebUiBuiltInKeywords.sendKeys(WebUiBuiltInKeywords.groovy:861)
	at com.kms.katalon.core.webui.keyword.WebUiBuiltInKeywords$sendKeys$4.call(Unknown Source)
	at customKeywords.commanFunctions.otpLogin(commanFunctions.groovy:74)
	at customKeywords.commanFunctions.invokeMethod(commanFunctions.groovy)
	at com.kms.katalon.core.main.CustomKeywordDelegatingMetaClass.invokeStaticMethod(CustomKeywordDelegatingMetaClass.java:50)
	at TC_LoginToBrowserAsAdmin.run(TC_LoginToBrowserAsAdmin:29)
	at com.kms.katalon.core.main.ScriptEngine.run(ScriptEngine.java:194)
	at com.kms.katalon.core.main.ScriptEngine.runScriptAsRawText(ScriptEngine.java:119)
	at com.kms.katalon.core.main.TestCaseExecutor.runScript(TestCaseExecutor.java:394)
	at com.kms.katalon.core.main.TestCaseExecutor.doExecute(TestCaseExecutor.java:385)
	at com.kms.katalon.core.main.TestCaseExecutor.processExecutionPhase(TestCaseExecutor.java:364)
	at com.kms.katalon.core.main.TestCaseExecutor.accessMainPhase(TestCaseExecutor.java:356)
	at com.kms.katalon.core.main.TestCaseExecutor.execute(TestCaseExecutor.java:251)
	at com.kms.katalon.core.main.TestCaseMain.runTestCase(TestCaseMain.java:114)
	at com.kms.katalon.core.keyword.builtin.CallTestCaseKeyword$_callTestCase_closure1.doCall(CallTestCaseKeyword.groovy:59)
	... 20 more
Caused by: com.kms.katalon.core.webui.exception.WebElementNotFoundException: Web element with id: 'Object Repository/LoginAndRigisterUser/otpOne' located by '//*[@formcontrolname='otp_1']//*[@autofocus='autofocus']' not found
	at com.kms.katalon.core.webui.common.WebUiCommonHelper.findWebElement(WebUiCommonHelper.java:1369)
	at com.kms.katalon.core.webui.keyword.internal.WebUIAbstractKeyword.findWebElement(WebUIAbstractKeyword.groovy:27)
	at com.kms.katalon.core.webui.keyword.internal.WebUIAbstractKeyword.findWebElement(WebUIAbstractKeyword.groovy:26)
	at com.kms.katalon.core.webui.keyword.builtin.SendKeysKeyword$_sendKeys_closure1.doCall(SendKeysKeyword.groovy:52)
	at com.kms.katalon.core.webui.keyword.builtin.SendKeysKeyword$_sendKeys_closure1.call(SendKeysKeyword.groovy)
	at com.kms.katalon.core.webui.keyword.internal.WebUIKeywordMain.runKeyword(WebUIKeywordMain.groovy:20)
	... 38 more
"/>
         <system-out><![CDATA[2021-02-03 22:48:27 - [TEST_CASE][FAILED] - Test Cases/TC_Login_RigisterUserAndForgotYourPassword/BasicTCs/TC_LoginUserWithValidCredentialsAndVerifyLoginSucss: Test Cases/TC_Login_RigisterUserAndForgotYourPassword/BasicTCs/TC_LoginUserWithValidCredentialsAndVerifyLoginSucss FAILED.
Reason:
com.kms.katalon.core.exception.StepFailedException: Call Test Case 'Test Cases/TC_Login_RigisterUserAndForgotYourPassword/CommanTCs/TC_LoginToBrowserAsAdmin' failed
	at com.kms.katalon.core.keyword.builtin.CallTestCaseKeyword$_callTestCase_closure1.doCall(CallTestCaseKeyword.groovy:63)
	at com.kms.katalon.core.keyword.builtin.CallTestCaseKeyword$_callTestCase_closure1.call(CallTestCaseKeyword.groovy)
	at com.kms.katalon.core.keyword.internal.KeywordMain.runKeyword(KeywordMain.groovy:68)
	at com.kms.katalon.core.keyword.builtin.CallTestCaseKeyword.callTestCase(CallTestCaseKeyword.groovy:81)
	at com.kms.katalon.core.keyword.builtin.CallTestCaseKeyword.execute(CallTestCaseKeyword.groovy:44)
	at com.kms.katalon.core.keyword.internal.KeywordExecutor.executeKeywordForPlatform(KeywordExecutor.groovy:73)
	at com.kms.katalon.core.keyword.BuiltinKeywords.callTestCase(BuiltinKeywords.groovy:350)
	at TC_LoginUserWithValidCredentialsAndVerifyLoginSucss.run(TC_LoginUserWithValidCredentialsAndVerifyLoginSucss:18)
	at com.kms.katalon.core.main.ScriptEngine.run(ScriptEngine.java:194)
	at com.kms.katalon.core.main.ScriptEngine.runScriptAsRawText(ScriptEngine.java:119)
	at com.kms.katalon.core.main.TestCaseExecutor.runScript(TestCaseExecutor.java:394)
	at com.kms.katalon.core.main.TestCaseExecutor.doExecute(TestCaseExecutor.java:385)
	at com.kms.katalon.core.main.TestCaseExecutor.processExecutionPhase(TestCaseExecutor.java:364)
	at com.kms.katalon.core.main.TestCaseExecutor.accessMainPhase(TestCaseExecutor.java:356)
	at com.kms.katalon.core.main.TestCaseExecutor.execute(TestCaseExecutor.java:251)
	at com.kms.katalon.core.main.TestSuiteExecutor.accessTestCaseMainPhase(TestSuiteExecutor.java:203)
	at com.kms.katalon.core.main.TestSuiteExecutor.accessTestSuiteMainPhase(TestSuiteExecutor.java:152)
	at com.kms.katalon.core.main.TestSuiteExecutor.execute(TestSuiteExecutor.java:95)
	at com.kms.katalon.core.main.TestCaseMain.startTestSuite(TestCaseMain.java:157)
	at com.kms.katalon.core.main.TestCaseMain$startTestSuite$0.call(Unknown Source)
	at TempTestSuite1612372552149.run(TempTestSuite1612372552149.groovy:39)
Caused by: com.kms.katalon.core.exception.StepFailedException: Unable to send keys '0' to object 'Object Repository/LoginAndRigisterUser/otpOne'
	at com.kms.katalon.core.webui.keyword.internal.WebUIKeywordMain.stepFailed(WebUIKeywordMain.groovy:64)
	at com.kms.katalon.core.webui.keyword.internal.WebUIKeywordMain.runKeyword(WebUIKeywordMain.groovy:26)
	at com.kms.katalon.core.webui.keyword.builtin.SendKeysKeyword.sendKeys(SendKeysKeyword.groovy:60)
	at com.kms.katalon.core.webui.keyword.builtin.SendKeysKeyword.execute(SendKeysKeyword.groovy:38)
	at com.kms.katalon.core.keyword.internal.KeywordExecutor.executeKeywordForPlatform(KeywordExecutor.groovy:73)
	at com.kms.katalon.core.webui.keyword.WebUiBuiltInKeywords.sendKeys(WebUiBuiltInKeywords.groovy:861)
	at com.kms.katalon.core.webui.keyword.WebUiBuiltInKeywords$sendKeys$4.call(Unknown Source)
	at customKeywords.commanFunctions.otpLogin(commanFunctions.groovy:74)
	at customKeywords.commanFunctions.invokeMethod(commanFunctions.groovy)
	at com.kms.katalon.core.main.CustomKeywordDelegatingMetaClass.invokeStaticMethod(CustomKeywordDelegatingMetaClass.java:50)
	at TC_LoginToBrowserAsAdmin.run(TC_LoginToBrowserAsAdmin:29)
	at com.kms.katalon.core.main.ScriptEngine.run(ScriptEngine.java:194)
	at com.kms.katalon.core.main.ScriptEngine.runScriptAsRawText(ScriptEngine.java:119)
	at com.kms.katalon.core.main.TestCaseExecutor.runScript(TestCaseExecutor.java:394)
	at com.kms.katalon.core.main.TestCaseExecutor.doExecute(TestCaseExecutor.java:385)
	at com.kms.katalon.core.main.TestCaseExecutor.processExecutionPhase(TestCaseExecutor.java:364)
	at com.kms.katalon.core.main.TestCaseExecutor.accessMainPhase(TestCaseExecutor.java:356)
	at com.kms.katalon.core.main.TestCaseExecutor.execute(TestCaseExecutor.java:251)
	at com.kms.katalon.core.main.TestCaseMain.runTestCase(TestCaseMain.java:114)
	at com.kms.katalon.core.keyword.builtin.CallTestCaseKeyword$_callTestCase_closure1.doCall(CallTestCaseKeyword.groovy:59)
	... 20 more
Caused by: com.kms.katalon.core.webui.exception.WebElementNotFoundException: Web element with id: 'Object Repository/LoginAndRigisterUser/otpOne' located by '//*[@formcontrolname='otp_1']//*[@autofocus='autofocus']' not found
	at com.kms.katalon.core.webui.common.WebUiCommonHelper.findWebElement(WebUiCommonHelper.java:1369)
	at com.kms.katalon.core.webui.keyword.internal.WebUIAbstractKeyword.findWebElement(WebUIAbstractKeyword.groovy:27)
	at com.kms.katalon.core.webui.keyword.internal.WebUIAbstractKeyword.findWebElement(WebUIAbstractKeyword.groovy:26)
	at com.kms.katalon.core.webui.keyword.builtin.SendKeysKeyword$_sendKeys_closure1.doCall(SendKeysKeyword.groovy:52)
	at com.kms.katalon.core.webui.keyword.builtin.SendKeysKeyword$_sendKeys_closure1.call(SendKeysKeyword.groovy)
	at com.kms.katalon.core.webui.keyword.internal.WebUIKeywordMain.runKeyword(WebUIKeywordMain.groovy:20)
	... 38 more


2021-02-03 22:48:28 - [TEST_STEP][FAILED] - callTestCase(findTestCase("Test Cases/TC_Login_RigisterUserAndForgotYourPassword/CommanTCs/TC_LoginToBrowserAsAdmin"), null): Unable to call Test Case 'Test Cases/TC_Login_RigisterUserAndForgotYourPassword/CommanTCs/TC_LoginToBrowserAsAdmin' (Root cause: com.kms.katalon.core.exception.StepFailedException: Call Test Case 'Test Cases/TC_Login_RigisterUserAndForgotYourPassword/CommanTCs/TC_LoginToBrowserAsAdmin' failed
	at com.kms.katalon.core.keyword.builtin.CallTestCaseKeyword$_callTestCase_closure1.doCall(CallTestCaseKeyword.groovy:63)
	at com.kms.katalon.core.keyword.builtin.CallTestCaseKeyword$_callTestCase_closure1.call(CallTestCaseKeyword.groovy)
	at com.kms.katalon.core.keyword.internal.KeywordMain.runKeyword(KeywordMain.groovy:68)
	at com.kms.katalon.core.keyword.builtin.CallTestCaseKeyword.callTestCase(CallTestCaseKeyword.groovy:81)
	at com.kms.katalon.core.keyword.builtin.CallTestCaseKeyword.execute(CallTestCaseKeyword.groovy:44)
	at com.kms.katalon.core.keyword.internal.KeywordExecutor.executeKeywordForPlatform(KeywordExecutor.groovy:73)
	at com.kms.katalon.core.keyword.BuiltinKeywords.callTestCase(BuiltinKeywords.groovy:350)
	at TC_LoginUserWithValidCredentialsAndVerifyLoginSucss.run(TC_LoginUserWithValidCredentialsAndVerifyLoginSucss:18)
	at com.kms.katalon.core.main.ScriptEngine.run(ScriptEngine.java:194)
	at com.kms.katalon.core.main.ScriptEngine.runScriptAsRawText(ScriptEngine.java:119)
	at com.kms.katalon.core.main.TestCaseExecutor.runScript(TestCaseExecutor.java:394)
	at com.kms.katalon.core.main.TestCaseExecutor.doExecute(TestCaseExecutor.java:385)
	at com.kms.katalon.core.main.TestCaseExecutor.processExecutionPhase(TestCaseExecutor.java:364)
	at com.kms.katalon.core.main.TestCaseExecutor.accessMainPhase(TestCaseExecutor.java:356)
	at com.kms.katalon.core.main.TestCaseExecutor.execute(TestCaseExecutor.java:251)
	at com.kms.katalon.core.main.TestSuiteExecutor.accessTestCaseMainPhase(TestSuiteExecutor.java:203)
	at com.kms.katalon.core.main.TestSuiteExecutor.accessTestSuiteMainPhase(TestSuiteExecutor.java:152)
	at com.kms.katalon.core.main.TestSuiteExecutor.execute(TestSuiteExecutor.java:95)
	at com.kms.katalon.core.main.TestCaseMain.startTestSuite(TestCaseMain.java:157)
	at com.kms.katalon.core.main.TestCaseMain$startTestSuite$0.call(Unknown Source)
	at TempTestSuite1612372552149.run(TempTestSuite1612372552149.groovy:39)
Caused by: com.kms.katalon.core.exception.StepFailedException: Unable to send keys '0' to object 'Object Repository/LoginAndRigisterUser/otpOne'
	at com.kms.katalon.core.webui.keyword.internal.WebUIKeywordMain.stepFailed(WebUIKeywordMain.groovy:64)
	at com.kms.katalon.core.webui.keyword.internal.WebUIKeywordMain.runKeyword(WebUIKeywordMain.groovy:26)
	at com.kms.katalon.core.webui.keyword.builtin.SendKeysKeyword.sendKeys(SendKeysKeyword.groovy:60)
	at com.kms.katalon.core.webui.keyword.builtin.SendKeysKeyword.execute(SendKeysKeyword.groovy:38)
	at com.kms.katalon.core.keyword.internal.KeywordExecutor.executeKeywordForPlatform(KeywordExecutor.groovy:73)
	at com.kms.katalon.core.webui.keyword.WebUiBuiltInKeywords.sendKeys(WebUiBuiltInKeywords.groovy:861)
	at com.kms.katalon.core.webui.keyword.WebUiBuiltInKeywords$sendKeys$4.call(Unknown Source)
	at customKeywords.commanFunctions.otpLogin(commanFunctions.groovy:74)
	at customKeywords.commanFunctions.invokeMethod(commanFunctions.groovy)
	at com.kms.katalon.core.main.CustomKeywordDelegatingMetaClass.invokeStaticMethod(CustomKeywordDelegatingMetaClass.java:50)
	at TC_LoginToBrowserAsAdmin.run(TC_LoginToBrowserAsAdmin:29)
	at com.kms.katalon.core.main.ScriptEngine.run(ScriptEngine.java:194)
	at com.kms.katalon.core.main.ScriptEngine.runScriptAsRawText(ScriptEngine.java:119)
	at com.kms.katalon.core.main.TestCaseExecutor.runScript(TestCaseExecutor.java:394)
	at com.kms.katalon.core.main.TestCaseExecutor.doExecute(TestCaseExecutor.java:385)
	at com.kms.katalon.core.main.TestCaseExecutor.processExecutionPhase(TestCaseExecutor.java:364)
	at com.kms.katalon.core.main.TestCaseExecutor.accessMainPhase(TestCaseExecutor.java:356)
	at com.kms.katalon.core.main.TestCaseExecutor.execute(TestCaseExecutor.java:251)
	at com.kms.katalon.core.main.TestCaseMain.runTestCase(TestCaseMain.java:114)
	at com.kms.katalon.core.keyword.builtin.CallTestCaseKeyword$_callTestCase_closure1.doCall(CallTestCaseKeyword.groovy:59)
	... 20 more
Caused by: com.kms.katalon.core.webui.exception.WebElementNotFoundException: Web element with id: 'Object Repository/LoginAndRigisterUser/otpOne' located by '//*[@formcontrolname='otp_1']//*[@autofocus='autofocus']' not found
	at com.kms.katalon.core.webui.common.WebUiCommonHelper.findWebElement(WebUiCommonHelper.java:1369)
	at com.kms.katalon.core.webui.keyword.internal.WebUIAbstractKeyword.findWebElement(WebUIAbstractKeyword.groovy:27)
	at com.kms.katalon.core.webui.keyword.internal.WebUIAbstractKeyword.findWebElement(WebUIAbstractKeyword.groovy:26)
	at com.kms.katalon.core.webui.keyword.builtin.SendKeysKeyword$_sendKeys_closure1.doCall(SendKeysKeyword.groovy:52)
	at com.kms.katalon.core.webui.keyword.builtin.SendKeysKeyword$_sendKeys_closure1.call(SendKeysKeyword.groovy)
	at com.kms.katalon.core.webui.keyword.internal.WebUIKeywordMain.runKeyword(WebUIKeywordMain.groovy:20)
	... 38 more
)

2021-02-03 22:48:28 - [TEST_CASE][FAILED] - Test Cases/TC_Login_RigisterUserAndForgotYourPassword/CommanTCs/TC_LoginToBrowserAsAdmin: Test Cases/TC_Login_RigisterUserAndForgotYourPassword/CommanTCs/TC_LoginToBrowserAsAdmin FAILED.
Reason:
com.kms.katalon.core.exception.StepFailedException: Unable to send keys '0' to object 'Object Repository/LoginAndRigisterUser/otpOne'
	at com.kms.katalon.core.webui.keyword.internal.WebUIKeywordMain.stepFailed(WebUIKeywordMain.groovy:64)
	at com.kms.katalon.core.webui.keyword.internal.WebUIKeywordMain.runKeyword(WebUIKeywordMain.groovy:26)
	at com.kms.katalon.core.webui.keyword.builtin.SendKeysKeyword.sendKeys(SendKeysKeyword.groovy:60)
	at com.kms.katalon.core.webui.keyword.builtin.SendKeysKeyword.execute(SendKeysKeyword.groovy:38)
	at com.kms.katalon.core.keyword.internal.KeywordExecutor.executeKeywordForPlatform(KeywordExecutor.groovy:73)
	at com.kms.katalon.core.webui.keyword.WebUiBuiltInKeywords.sendKeys(WebUiBuiltInKeywords.groovy:861)
	at com.kms.katalon.core.webui.keyword.WebUiBuiltInKeywords$sendKeys$4.call(Unknown Source)
	at customKeywords.commanFunctions.otpLogin(commanFunctions.groovy:74)
	at customKeywords.commanFunctions.invokeMethod(commanFunctions.groovy)
	at com.kms.katalon.core.main.CustomKeywordDelegatingMetaClass.invokeStaticMethod(CustomKeywordDelegatingMetaClass.java:50)
	at TC_LoginToBrowserAsAdmin.run(TC_LoginToBrowserAsAdmin:29)
	at com.kms.katalon.core.main.ScriptEngine.run(ScriptEngine.java:194)
	at com.kms.katalon.core.main.ScriptEngine.runScriptAsRawText(ScriptEngine.java:119)
	at com.kms.katalon.core.main.TestCaseExecutor.runScript(TestCaseExecutor.java:394)
	at com.kms.katalon.core.main.TestCaseExecutor.doExecute(TestCaseExecutor.java:385)
	at com.kms.katalon.core.main.TestCaseExecutor.processExecutionPhase(TestCaseExecutor.java:364)
	at com.kms.katalon.core.main.TestCaseExecutor.accessMainPhase(TestCaseExecutor.java:356)
	at com.kms.katalon.core.main.TestCaseExecutor.execute(TestCaseExecutor.java:251)
	at com.kms.katalon.core.main.TestCaseMain.runTestCase(TestCaseMain.java:114)
	at com.kms.katalon.core.keyword.builtin.CallTestCaseKeyword$_callTestCase_closure1.doCall(CallTestCaseKeyword.groovy:59)
	at com.kms.katalon.core.keyword.builtin.CallTestCaseKeyword$_callTestCase_closure1.call(CallTestCaseKeyword.groovy)
	at com.kms.katalon.core.keyword.internal.KeywordMain.runKeyword(KeywordMain.groovy:68)
	at com.kms.katalon.core.keyword.builtin.CallTestCaseKeyword.callTestCase(CallTestCaseKeyword.groovy:81)
	at com.kms.katalon.core.keyword.builtin.CallTestCaseKeyword.execute(CallTestCaseKeyword.groovy:44)
	at com.kms.katalon.core.keyword.internal.KeywordExecutor.executeKeywordForPlatform(KeywordExecutor.groovy:73)
	at com.kms.katalon.core.keyword.BuiltinKeywords.callTestCase(BuiltinKeywords.groovy:350)
	at TC_LoginUserWithValidCredentialsAndVerifyLoginSucss.run(TC_LoginUserWithValidCredentialsAndVerifyLoginSucss:18)
	at com.kms.katalon.core.main.ScriptEngine.run(ScriptEngine.java:194)
	at com.kms.katalon.core.main.ScriptEngine.runScriptAsRawText(ScriptEngine.java:119)
	at com.kms.katalon.core.main.TestCaseExecutor.runScript(TestCaseExecutor.java:394)
	at com.kms.katalon.core.main.TestCaseExecutor.doExecute(TestCaseExecutor.java:385)
	at com.kms.katalon.core.main.TestCaseExecutor.processExecutionPhase(TestCaseExecutor.java:364)
	at com.kms.katalon.core.main.TestCaseExecutor.accessMainPhase(TestCaseExecutor.java:356)
	at com.kms.katalon.core.main.TestCaseExecutor.execute(TestCaseExecutor.java:251)
	at com.kms.katalon.core.main.TestSuiteExecutor.accessTestCaseMainPhase(TestSuiteExecutor.java:203)
	at com.kms.katalon.core.main.TestSuiteExecutor.accessTestSuiteMainPhase(TestSuiteExecutor.java:152)
	at com.kms.katalon.core.main.TestSuiteExecutor.execute(TestSuiteExecutor.java:95)
	at com.kms.katalon.core.main.TestCaseMain.startTestSuite(TestCaseMain.java:157)
	at com.kms.katalon.core.main.TestCaseMain$startTestSuite$0.call(Unknown Source)
	at TempTestSuite1612372552149.run(TempTestSuite1612372552149.groovy:39)
Caused by: com.kms.katalon.core.webui.exception.WebElementNotFoundException: Web element with id: 'Object Repository/LoginAndRigisterUser/otpOne' located by '//*[@formcontrolname='otp_1']//*[@autofocus='autofocus']' not found
	at com.kms.katalon.core.webui.common.WebUiCommonHelper.findWebElement(WebUiCommonHelper.java:1369)
	at com.kms.katalon.core.webui.keyword.internal.WebUIAbstractKeyword.findWebElement(WebUIAbstractKeyword.groovy:27)
	at com.kms.katalon.core.webui.keyword.internal.WebUIAbstractKeyword.findWebElement(WebUIAbstractKeyword.groovy:26)
	at com.kms.katalon.core.webui.keyword.builtin.SendKeysKeyword$_sendKeys_closure1.doCall(SendKeysKeyword.groovy:52)
	at com.kms.katalon.core.webui.keyword.builtin.SendKeysKeyword$_sendKeys_closure1.call(SendKeysKeyword.groovy)
	at com.kms.katalon.core.webui.keyword.internal.WebUIKeywordMain.runKeyword(WebUIKeywordMain.groovy:20)
	... 38 more


2021-02-03 22:48:28 - [TEST_STEP][PASSED] - obj = findTestObject("LoginAndRigisterUser/LoginLink"): null

2021-02-03 22:48:28 - [TEST_STEP][PASSED] - customKeywords.commanFunctions.openBrowser(): customKeywords.commanFunctions.openBrowser is PASSED

2021-02-03 22:48:28 - [MESSAGE][INFO] - Starting 'Chrome' driver

2021-02-03 22:48:28 - [MESSAGE][INFO] - Action delay is set to 0 milliseconds

2021-02-03 22:48:43 - [MESSAGE][PASSED] - Browser is opened with url: 'https://Inspect.Stage.site.sa'

2021-02-03 22:48:45 - [MESSAGE][PASSED] - Current window maximized

2021-02-03 22:48:45 - [MESSAGE][PASSED] - Wait for page load successfully

2021-02-03 22:48:45 - [MESSAGE][PASSED] - customKeywords.commanFunctions.openBrowser is PASSED

2021-02-03 22:48:45 - [TEST_STEP][PASSED] - waitForElementClickable(findTestObject("LoginAndRigisterUser/LoginLink"), TimeOut): Object 'Object Repository/LoginAndRigisterUser/LoginLink' is clickable

2021-02-03 22:48:46 - [MESSAGE][PASSED] - Object 'Object Repository/LoginAndRigisterUser/LoginLink' is clickable

2021-02-03 22:48:46 - [TEST_STEP][PASSED] - customKeywords.commanFunctions.clickElementWithJS(obj): customKeywords.commanFunctions.clickElementWithJS is PASSED

2021-02-03 22:48:47 - [MESSAGE][INFO] - Clicked on element with JS

2021-02-03 22:48:47 - [MESSAGE][PASSED] - customKeywords.commanFunctions.clickElementWithJS is PASSED

2021-02-03 22:48:47 - [TEST_STEP][PASSED] - customKeywords.commanFunctions.logIntoBrowser(): customKeywords.commanFunctions.logIntoBrowser is PASSED

2021-02-03 22:48:48 - [MESSAGE][PASSED] - Keys 'admin@example.com' sent to object: 'Object Repository/LoginAndRigisterUser/UserName_Email_Input'

2021-02-03 22:48:49 - [MESSAGE][PASSED] - Keys 'Aa@12345' sent to object: 'Object Repository/LoginAndRigisterUser/Password_Input'

2021-02-03 22:48:50 - [MESSAGE][PASSED] - Delayed 1 second(s)

2021-02-03 22:48:50 - [MESSAGE][PASSED] - Object 'Object Repository/LoginAndRigisterUser/LoginBtn' is clickable

2021-02-03 22:48:50 - [MESSAGE][INFO] - Clicked on element with JS

2021-02-03 22:48:50 - [MESSAGE][PASSED] - customKeywords.commanFunctions.logIntoBrowser is PASSED

2021-02-03 22:48:50 - [TEST_STEP][FAILED] - customKeywords.commanFunctions.otpLogin(): Unable to send keys '0' to object 'Object Repository/LoginAndRigisterUser/otpOne'

2021-02-03 22:49:23 - [MESSAGE][INFO] - Unable to find the element located by 'By.xpath: //*[@formcontrolname='otp_1']//*[@autofocus='autofocus']'. Please recheck the objects properties to make sure the desired element is located. 

2021-02-03 22:49:23 - [MESSAGE][FAILED] - Unable to send keys '0' to object 'Object Repository/LoginAndRigisterUser/otpOne' (Root cause: com.kms.katalon.core.exception.StepFailedException: Unable to send keys '0' to object 'Object Repository/LoginAndRigisterUser/otpOne'
	at com.kms.katalon.core.webui.keyword.internal.WebUIKeywordMain.stepFailed(WebUIKeywordMain.groovy:64)
	at com.kms.katalon.core.webui.keyword.internal.WebUIKeywordMain.runKeyword(WebUIKeywordMain.groovy:26)
	at com.kms.katalon.core.webui.keyword.builtin.SendKeysKeyword.sendKeys(SendKeysKeyword.groovy:60)
	at com.kms.katalon.core.webui.keyword.builtin.SendKeysKeyword.execute(SendKeysKeyword.groovy:38)
	at com.kms.katalon.core.keyword.internal.KeywordExecutor.executeKeywordForPlatform(KeywordExecutor.groovy:73)
	at com.kms.katalon.core.webui.keyword.WebUiBuiltInKeywords.sendKeys(WebUiBuiltInKeywords.groovy:861)
	at com.kms.katalon.core.webui.keyword.WebUiBuiltInKeywords$sendKeys$4.call(Unknown Source)
	at customKeywords.commanFunctions.otpLogin(commanFunctions.groovy:74)
	at customKeywords.commanFunctions.invokeMethod(commanFunctions.groovy)
	at com.kms.katalon.core.main.CustomKeywordDelegatingMetaClass.invokeStaticMethod(CustomKeywordDelegatingMetaClass.java:50)
	at TC_LoginToBrowserAsAdmin.run(TC_LoginToBrowserAsAdmin:29)
	at com.kms.katalon.core.main.ScriptEngine.run(ScriptEngine.java:194)
	at com.kms.katalon.core.main.ScriptEngine.runScriptAsRawText(ScriptEngine.java:119)
	at com.kms.katalon.core.main.TestCaseExecutor.runScript(TestCaseExecutor.java:394)
	at com.kms.katalon.core.main.TestCaseExecutor.doExecute(TestCaseExecutor.java:385)
	at com.kms.katalon.core.main.TestCaseExecutor.processExecutionPhase(TestCaseExecutor.java:364)
	at com.kms.katalon.core.main.TestCaseExecutor.accessMainPhase(TestCaseExecutor.java:356)
	at com.kms.katalon.core.main.TestCaseExecutor.execute(TestCaseExecutor.java:251)
	at com.kms.katalon.core.main.TestCaseMain.runTestCase(TestCaseMain.java:114)
	at com.kms.katalon.core.keyword.builtin.CallTestCaseKeyword$_callTestCase_closure1.doCall(CallTestCaseKeyword.groovy:59)
	at com.kms.katalon.core.keyword.builtin.CallTestCaseKeyword$_callTestCase_closure1.call(CallTestCaseKeyword.groovy)
	at com.kms.katalon.core.keyword.internal.KeywordMain.runKeyword(KeywordMain.groovy:68)
	at com.kms.katalon.core.keyword.builtin.CallTestCaseKeyword.callTestCase(CallTestCaseKeyword.groovy:81)
	at com.kms.katalon.core.keyword.builtin.CallTestCaseKeyword.execute(CallTestCaseKeyword.groovy:44)
	at com.kms.katalon.core.keyword.internal.KeywordExecutor.executeKeywordForPlatform(KeywordExecutor.groovy:73)
	at com.kms.katalon.core.keyword.BuiltinKeywords.callTestCase(BuiltinKeywords.groovy:350)
	at TC_LoginUserWithValidCredentialsAndVerifyLoginSucss.run(TC_LoginUserWithValidCredentialsAndVerifyLoginSucss:18)
	at com.kms.katalon.core.main.ScriptEngine.run(ScriptEngine.java:194)
	at com.kms.katalon.core.main.ScriptEngine.runScriptAsRawText(ScriptEngine.java:119)
	at com.kms.katalon.core.main.TestCaseExecutor.runScript(TestCaseExecutor.java:394)
	at com.kms.katalon.core.main.TestCaseExecutor.doExecute(TestCaseExecutor.java:385)
	at com.kms.katalon.core.main.TestCaseExecutor.processExecutionPhase(TestCaseExecutor.java:364)
	at com.kms.katalon.core.main.TestCaseExecutor.accessMainPhase(TestCaseExecutor.java:356)
	at com.kms.katalon.core.main.TestCaseExecutor.execute(TestCaseExecutor.java:251)
	at com.kms.katalon.core.main.TestSuiteExecutor.accessTestCaseMainPhase(TestSuiteExecutor.java:203)
	at com.kms.katalon.core.main.TestSuiteExecutor.accessTestSuiteMainPhase(TestSuiteExecutor.java:152)
	at com.kms.katalon.core.main.TestSuiteExecutor.execute(TestSuiteExecutor.java:95)
	at com.kms.katalon.core.main.TestCaseMain.startTestSuite(TestCaseMain.java:157)
	at com.kms.katalon.core.main.TestCaseMain$startTestSuite$0.call(Unknown Source)
	at TempTestSuite1612372552149.run(TempTestSuite1612372552149.groovy:39)
Caused by: com.kms.katalon.core.webui.exception.WebElementNotFoundException: Web element with id: 'Object Repository/LoginAndRigisterUser/otpOne' located by '//*[@formcontrolname='otp_1']//*[@autofocus='autofocus']' not found
	at com.kms.katalon.core.webui.common.WebUiCommonHelper.findWebElement(WebUiCommonHelper.java:1369)
	at com.kms.katalon.core.webui.keyword.internal.WebUIAbstractKeyword.findWebElement(WebUIAbstractKeyword.groovy:27)
	at com.kms.katalon.core.webui.keyword.internal.WebUIAbstractKeyword.findWebElement(WebUIAbstractKeyword.groovy:26)
	at com.kms.katalon.core.webui.keyword.builtin.SendKeysKeyword$_sendKeys_closure1.doCall(SendKeysKeyword.groovy:52)
	at com.kms.katalon.core.webui.keyword.builtin.SendKeysKeyword$_sendKeys_closure1.call(SendKeysKeyword.groovy)
	at com.kms.katalon.core.webui.keyword.internal.WebUIKeywordMain.runKeyword(WebUIKeywordMain.groovy:20)
	at com.kms.katalon.core.webui.keyword.builtin.SendKeysKeyword.sendKeys(SendKeysKeyword.groovy:60)
	at com.kms.katalon.core.webui.keyword.builtin.SendKeysKeyword.execute(SendKeysKeyword.groovy:38)
	at com.kms.katalon.core.keyword.internal.KeywordExecutor.executeKeywordForPlatform(KeywordExecutor.groovy:73)
	at com.kms.katalon.core.webui.keyword.WebUiBuiltInKeywords.sendKeys(WebUiBuiltInKeywords.groovy:861)
	at com.kms.katalon.core.webui.keyword.WebUiBuiltInKeywords$sendKeys$4.call(Unknown Source)
	at customKeywords.commanFunctions.otpLogin(commanFunctions.groovy:74)
	at customKeywords.commanFunctions.invokeMethod(commanFunctions.groovy)
	at com.kms.katalon.core.main.CustomKeywordDelegatingMetaClass.invokeStaticMethod(CustomKeywordDelegatingMetaClass.java:50)
	at Script1612180721709.run(Script1612180721709.groovy:29)
	at com.kms.katalon.core.main.ScriptEngine.run(ScriptEngine.java:194)
	at com.kms.katalon.core.main.ScriptEngine.runScriptAsRawText(ScriptEngine.java:119)
	at com.kms.katalon.core.main.TestCaseExecutor.runScript(TestCaseExecutor.java:394)
	at com.kms.katalon.core.main.TestCaseExecutor.doExecute(TestCaseExecutor.java:385)
	at com.kms.katalon.core.main.TestCaseExecutor.processExecutionPhase(TestCaseExecutor.java:364)
	at com.kms.katalon.core.main.TestCaseExecutor.accessMainPhase(TestCaseExecutor.java:356)
	at com.kms.katalon.core.main.TestCaseExecutor.execute(TestCaseExecutor.java:251)
	at com.kms.katalon.core.main.TestCaseMain.runTestCase(TestCaseMain.java:114)
	at com.kms.katalon.core.keyword.builtin.CallTestCaseKeyword$_callTestCase_closure1.doCall(CallTestCaseKeyword.groovy:59)
	at com.kms.katalon.core.keyword.builtin.CallTestCaseKeyword$_callTestCase_closure1.call(CallTestCaseKeyword.groovy)
	at com.kms.katalon.core.keyword.internal.KeywordMain.runKeyword(KeywordMain.groovy:68)
	at com.kms.katalon.core.keyword.builtin.CallTestCaseKeyword.callTestCase(CallTestCaseKeyword.groovy:81)
	at com.kms.katalon.core.keyword.builtin.CallTestCaseKeyword.execute(CallTestCaseKeyword.groovy:44)
	at com.kms.katalon.core.keyword.internal.KeywordExecutor.executeKeywordForPlatform(KeywordExecutor.groovy:73)
	at com.kms.katalon.core.keyword.BuiltinKeywords.callTestCase(BuiltinKeywords.groovy:350)
	at Script1612176798245.run(Script1612176798245.groovy:18)
	... 13 more
)
[[ATTACHMENT|C:\\Users\\araha\\Katalon Studio\\InspectAutomation\\Reports\\20210203_224552\\LogIn_RigisterUserAndForgotPwd_Module\\Suite_LogIn_RigisterUserAndForgotPwd_Module\\20210203_224552\\1612372763256.png]]

2021-02-03 22:49:23 - [MESSAGE][FAILED] - Unable to send keys '0' to object 'Object Repository/LoginAndRigisterUser/otpOne'

2021-02-03 22:49:23 - [MESSAGE][FAILED] - Unable to call Test Case 'Test Cases/TC_Login_RigisterUserAndForgotYourPassword/CommanTCs/TC_LoginToBrowserAsAdmin' (Root cause: com.kms.katalon.core.exception.StepFailedException: Call Test Case 'Test Cases/TC_Login_RigisterUserAndForgotYourPassword/CommanTCs/TC_LoginToBrowserAsAdmin' failed
	at com.kms.katalon.core.keyword.builtin.CallTestCaseKeyword$_callTestCase_closure1.doCall(CallTestCaseKeyword.groovy:63)
	at com.kms.katalon.core.keyword.builtin.CallTestCaseKeyword$_callTestCase_closure1.call(CallTestCaseKeyword.groovy)
	at com.kms.katalon.core.keyword.internal.KeywordMain.runKeyword(KeywordMain.groovy:68)
	at com.kms.katalon.core.keyword.builtin.CallTestCaseKeyword.callTestCase(CallTestCaseKeyword.groovy:81)
	at com.kms.katalon.core.keyword.builtin.CallTestCaseKeyword.execute(CallTestCaseKeyword.groovy:44)
	at com.kms.katalon.core.keyword.internal.KeywordExecutor.executeKeywordForPlatform(KeywordExecutor.groovy:73)
	at com.kms.katalon.core.keyword.BuiltinKeywords.callTestCase(BuiltinKeywords.groovy:350)
	at TC_LoginUserWithValidCredentialsAndVerifyLoginSucss.run(TC_LoginUserWithValidCredentialsAndVerifyLoginSucss:18)
	at com.kms.katalon.core.main.ScriptEngine.run(ScriptEngine.java:194)
	at com.kms.katalon.core.main.ScriptEngine.runScriptAsRawText(ScriptEngine.java:119)
	at com.kms.katalon.core.main.TestCaseExecutor.runScript(TestCaseExecutor.java:394)
	at com.kms.katalon.core.main.TestCaseExecutor.doExecute(TestCaseExecutor.java:385)
	at com.kms.katalon.core.main.TestCaseExecutor.processExecutionPhase(TestCaseExecutor.java:364)
	at com.kms.katalon.core.main.TestCaseExecutor.accessMainPhase(TestCaseExecutor.java:356)
	at com.kms.katalon.core.main.TestCaseExecutor.execute(TestCaseExecutor.java:251)
	at com.kms.katalon.core.main.TestSuiteExecutor.accessTestCaseMainPhase(TestSuiteExecutor.java:203)
	at com.kms.katalon.core.main.TestSuiteExecutor.accessTestSuiteMainPhase(TestSuiteExecutor.java:152)
	at com.kms.katalon.core.main.TestSuiteExecutor.execute(TestSuiteExecutor.java:95)
	at com.kms.katalon.core.main.TestCaseMain.startTestSuite(TestCaseMain.java:157)
	at com.kms.katalon.core.main.TestCaseMain$startTestSuite$0.call(Unknown Source)
	at TempTestSuite1612372552149.run(TempTestSuite1612372552149.groovy:39)
Caused by: com.kms.katalon.core.exception.StepFailedException: Unable to send keys '0' to object 'Object Repository/LoginAndRigisterUser/otpOne'
	at com.kms.katalon.core.webui.keyword.internal.WebUIKeywordMain.stepFailed(WebUIKeywordMain.groovy:64)
	at com.kms.katalon.core.webui.keyword.internal.WebUIKeywordMain.runKeyword(WebUIKeywordMain.groovy:26)
	at com.kms.katalon.core.webui.keyword.builtin.SendKeysKeyword.sendKeys(SendKeysKeyword.groovy:60)
	at com.kms.katalon.core.webui.keyword.builtin.SendKeysKeyword.execute(SendKeysKeyword.groovy:38)
	at com.kms.katalon.core.keyword.internal.KeywordExecutor.executeKeywordForPlatform(KeywordExecutor.groovy:73)
	at com.kms.katalon.core.webui.keyword.WebUiBuiltInKeywords.sendKeys(WebUiBuiltInKeywords.groovy:861)
	at com.kms.katalon.core.webui.keyword.WebUiBuiltInKeywords$sendKeys$4.call(Unknown Source)
	at customKeywords.commanFunctions.otpLogin(commanFunctions.groovy:74)
	at customKeywords.commanFunctions.invokeMethod(commanFunctions.groovy)
	at com.kms.katalon.core.main.CustomKeywordDelegatingMetaClass.invokeStaticMethod(CustomKeywordDelegatingMetaClass.java:50)
	at TC_LoginToBrowserAsAdmin.run(TC_LoginToBrowserAsAdmin:29)
	at com.kms.katalon.core.main.ScriptEngine.run(ScriptEngine.java:194)
	at com.kms.katalon.core.main.ScriptEngine.runScriptAsRawText(ScriptEngine.java:119)
	at com.kms.katalon.core.main.TestCaseExecutor.runScript(TestCaseExecutor.java:394)
	at com.kms.katalon.core.main.TestCaseExecutor.doExecute(TestCaseExecutor.java:385)
	at com.kms.katalon.core.main.TestCaseExecutor.processExecutionPhase(TestCaseExecutor.java:364)
	at com.kms.katalon.core.main.TestCaseExecutor.accessMainPhase(TestCaseExecutor.java:356)
	at com.kms.katalon.core.main.TestCaseExecutor.execute(TestCaseExecutor.java:251)
	at com.kms.katalon.core.main.TestCaseMain.runTestCase(TestCaseMain.java:114)
	at com.kms.katalon.core.keyword.builtin.CallTestCaseKeyword$_callTestCase_closure1.doCall(CallTestCaseKeyword.groovy:59)
	... 20 more
Caused by: com.kms.katalon.core.webui.exception.WebElementNotFoundException: Web element with id: 'Object Repository/LoginAndRigisterUser/otpOne' located by '//*[@formcontrolname='otp_1']//*[@autofocus='autofocus']' not found
	at com.kms.katalon.core.webui.common.WebUiCommonHelper.findWebElement(WebUiCommonHelper.java:1369)
	at com.kms.katalon.core.webui.keyword.internal.WebUIAbstractKeyword.findWebElement(WebUIAbstractKeyword.groovy:27)
	at com.kms.katalon.core.webui.keyword.internal.WebUIAbstractKeyword.findWebElement(WebUIAbstractKeyword.groovy:26)
	at com.kms.katalon.core.webui.keyword.builtin.SendKeysKeyword$_sendKeys_closure1.doCall(SendKeysKeyword.groovy:52)
	at com.kms.katalon.core.webui.keyword.builtin.SendKeysKeyword$_sendKeys_closure1.call(SendKeysKeyword.groovy)
	at com.kms.katalon.core.webui.keyword.internal.WebUIKeywordMain.runKeyword(WebUIKeywordMain.groovy:20)
	... 38 more
)]]></system-out>
         <system-err><![CDATA[2021-02-03 22:48:27 - [TEST_CASE][FAILED] - Test Cases/TC_Login_RigisterUserAndForgotYourPassword/BasicTCs/TC_LoginUserWithValidCredentialsAndVerifyLoginSucss: Test Cases/TC_Login_RigisterUserAndForgotYourPassword/BasicTCs/TC_LoginUserWithValidCredentialsAndVerifyLoginSucss FAILED.
Reason:
com.kms.katalon.core.exception.StepFailedException: Call Test Case 'Test Cases/TC_Login_RigisterUserAndForgotYourPassword/CommanTCs/TC_LoginToBrowserAsAdmin' failed
	at com.kms.katalon.core.keyword.builtin.CallTestCaseKeyword$_callTestCase_closure1.doCall(CallTestCaseKeyword.groovy:63)
	at com.kms.katalon.core.keyword.builtin.CallTestCaseKeyword$_callTestCase_closure1.call(CallTestCaseKeyword.groovy)
	at com.kms.katalon.core.keyword.internal.KeywordMain.runKeyword(KeywordMain.groovy:68)
	at com.kms.katalon.core.keyword.builtin.CallTestCaseKeyword.callTestCase(CallTestCaseKeyword.groovy:81)
	at com.kms.katalon.core.keyword.builtin.CallTestCaseKeyword.execute(CallTestCaseKeyword.groovy:44)
	at com.kms.katalon.core.keyword.internal.KeywordExecutor.executeKeywordForPlatform(KeywordExecutor.groovy:73)
	at com.kms.katalon.core.keyword.BuiltinKeywords.callTestCase(BuiltinKeywords.groovy:350)
	at TC_LoginUserWithValidCredentialsAndVerifyLoginSucss.run(TC_LoginUserWithValidCredentialsAndVerifyLoginSucss:18)
	at com.kms.katalon.core.main.ScriptEngine.run(ScriptEngine.java:194)
	at com.kms.katalon.core.main.ScriptEngine.runScriptAsRawText(ScriptEngine.java:119)
	at com.kms.katalon.core.main.TestCaseExecutor.runScript(TestCaseExecutor.java:394)
	at com.kms.katalon.core.main.TestCaseExecutor.doExecute(TestCaseExecutor.java:385)
	at com.kms.katalon.core.main.TestCaseExecutor.processExecutionPhase(TestCaseExecutor.java:364)
	at com.kms.katalon.core.main.TestCaseExecutor.accessMainPhase(TestCaseExecutor.java:356)
	at com.kms.katalon.core.main.TestCaseExecutor.execute(TestCaseExecutor.java:251)
	at com.kms.katalon.core.main.TestSuiteExecutor.accessTestCaseMainPhase(TestSuiteExecutor.java:203)
	at com.kms.katalon.core.main.TestSuiteExecutor.accessTestSuiteMainPhase(TestSuiteExecutor.java:152)
	at com.kms.katalon.core.main.TestSuiteExecutor.execute(TestSuiteExecutor.java:95)
	at com.kms.katalon.core.main.TestCaseMain.startTestSuite(TestCaseMain.java:157)
	at com.kms.katalon.core.main.TestCaseMain$startTestSuite$0.call(Unknown Source)
	at TempTestSuite1612372552149.run(TempTestSuite1612372552149.groovy:39)
Caused by: com.kms.katalon.core.exception.StepFailedException: Unable to send keys '0' to object 'Object Repository/LoginAndRigisterUser/otpOne'
	at com.kms.katalon.core.webui.keyword.internal.WebUIKeywordMain.stepFailed(WebUIKeywordMain.groovy:64)
	at com.kms.katalon.core.webui.keyword.internal.WebUIKeywordMain.runKeyword(WebUIKeywordMain.groovy:26)
	at com.kms.katalon.core.webui.keyword.builtin.SendKeysKeyword.sendKeys(SendKeysKeyword.groovy:60)
	at com.kms.katalon.core.webui.keyword.builtin.SendKeysKeyword.execute(SendKeysKeyword.groovy:38)
	at com.kms.katalon.core.keyword.internal.KeywordExecutor.executeKeywordForPlatform(KeywordExecutor.groovy:73)
	at com.kms.katalon.core.webui.keyword.WebUiBuiltInKeywords.sendKeys(WebUiBuiltInKeywords.groovy:861)
	at com.kms.katalon.core.webui.keyword.WebUiBuiltInKeywords$sendKeys$4.call(Unknown Source)
	at customKeywords.commanFunctions.otpLogin(commanFunctions.groovy:74)
	at customKeywords.commanFunctions.invokeMethod(commanFunctions.groovy)
	at com.kms.katalon.core.main.CustomKeywordDelegatingMetaClass.invokeStaticMethod(CustomKeywordDelegatingMetaClass.java:50)
	at TC_LoginToBrowserAsAdmin.run(TC_LoginToBrowserAsAdmin:29)
	at com.kms.katalon.core.main.ScriptEngine.run(ScriptEngine.java:194)
	at com.kms.katalon.core.main.ScriptEngine.runScriptAsRawText(ScriptEngine.java:119)
	at com.kms.katalon.core.main.TestCaseExecutor.runScript(TestCaseExecutor.java:394)
	at com.kms.katalon.core.main.TestCaseExecutor.doExecute(TestCaseExecutor.java:385)
	at com.kms.katalon.core.main.TestCaseExecutor.processExecutionPhase(TestCaseExecutor.java:364)
	at com.kms.katalon.core.main.TestCaseExecutor.accessMainPhase(TestCaseExecutor.java:356)
	at com.kms.katalon.core.main.TestCaseExecutor.execute(TestCaseExecutor.java:251)
	at com.kms.katalon.core.main.TestCaseMain.runTestCase(TestCaseMain.java:114)
	at com.kms.katalon.core.keyword.builtin.CallTestCaseKeyword$_callTestCase_closure1.doCall(CallTestCaseKeyword.groovy:59)
	... 20 more
Caused by: com.kms.katalon.core.webui.exception.WebElementNotFoundException: Web element with id: 'Object Repository/LoginAndRigisterUser/otpOne' located by '//*[@formcontrolname='otp_1']//*[@autofocus='autofocus']' not found
	at com.kms.katalon.core.webui.common.WebUiCommonHelper.findWebElement(WebUiCommonHelper.java:1369)
	at com.kms.katalon.core.webui.keyword.internal.WebUIAbstractKeyword.findWebElement(WebUIAbstractKeyword.groovy:27)
	at com.kms.katalon.core.webui.keyword.internal.WebUIAbstractKeyword.findWebElement(WebUIAbstractKeyword.groovy:26)
	at com.kms.katalon.core.webui.keyword.builtin.SendKeysKeyword$_sendKeys_closure1.doCall(SendKeysKeyword.groovy:52)
	at com.kms.katalon.core.webui.keyword.builtin.SendKeysKeyword$_sendKeys_closure1.call(SendKeysKeyword.groovy)
	at com.kms.katalon.core.webui.keyword.internal.WebUIKeywordMain.runKeyword(WebUIKeywordMain.groovy:20)
	... 38 more]]></system-err>
      </testcase>
      <testcase name="Test Cases/TC_Login_RigisterUserAndForgotYourPassword/BasicTCs/TC_RigisterUserWithValidTestDataAndVerifyClickHereToResendEmailLink" time="52.459" classname="Test Cases/TC_Login_RigisterUserAndForgotYourPassword/BasicTCs/TC_RigisterUserWithValidTestDataAndVerifyClickHereToResendEmailLink" status="PASSED">
         <system-out><![CDATA[2021-02-03 22:49:23 - [TEST_CASE][PASSED] - Test Cases/TC_Login_RigisterUserAndForgotYourPassword/BasicTCs/TC_RigisterUserWithValidTestDataAndVerifyClickHereToResendEmailLink: Test Cases/TC_Login_RigisterUserAndForgotYourPassword/BasicTCs/TC_RigisterUserWithValidTestDataAndVerifyClickHereToResendEmailLink

2021-02-03 22:49:24 - [TEST_STEP][PASSED] - excelTestData = findTestData("Data Files/TestData/InspectTestData"): null

2021-02-03 22:49:24 - [TEST_STEP][PASSED] - clickHereToResendEmai = findTestObject("Object Repository/LoginAndRigisterUser/clickHereToResendEmai"): null

2021-02-03 22:49:24 - [TEST_STEP][PASSED] - ClickHereToResendLinkValidationMessage = excelTestData.getValue(2, 19): null

2021-02-03 22:49:24 - [TEST_STEP][PASSED] - callTestCase(findTestCase("Test Cases/TC_Login_RigisterUserAndForgotYourPassword/CommanTCs/TC_RigisterUserWithValidTestDataAndVerify"), null): Call Test Case 'Test Cases/TC_Login_RigisterUserAndForgotYourPassword/CommanTCs/TC_RigisterUserWithValidTestDataAndVerify' successfully

2021-02-03 22:49:24 - [TEST_CASE][PASSED] - Test Cases/TC_Login_RigisterUserAndForgotYourPassword/CommanTCs/TC_RigisterUserWithValidTestDataAndVerify: Test Cases/TC_Login_RigisterUserAndForgotYourPassword/CommanTCs/TC_RigisterUserWithValidTestDataAndVerify

2021-02-03 22:49:25 - [TEST_STEP][PASSED] - excelTestData = findTestData("Data Files/TestData/InspectTestData"): null

2021-02-03 22:49:25 - [TEST_STEP][PASSED] - obj = findTestObject("LoginAndRigisterUser/LoginLink"): null

2021-02-03 22:49:25 - [TEST_STEP][PASSED] - RigisterBtn = findTestObject("Object Repository/LoginAndRigisterUser/RegisterBtn"): null

2021-02-03 22:49:25 - [TEST_STEP][PASSED] - CheckBoxTermsAndCondition = findTestObject("Object Repository/LoginAndRigisterUser/Reg_SiteInspectTermsOfUse_CheckBox"): null

2021-02-03 22:49:25 - [TEST_STEP][PASSED] - rigisterHereLink = findTestObject("Object Repository/LoginAndRigisterUser/RigisterHere"): null

2021-02-03 22:49:25 - [TEST_STEP][PASSED] - customKeywords.commanFunctions.openBrowser(): customKeywords.commanFunctions.openBrowser is PASSED

2021-02-03 22:49:26 - [MESSAGE][WARNING] - A browser is already opened. Closing browser and opening a new one

2021-02-03 22:49:27 - [MESSAGE][INFO] - Starting 'Chrome' driver

2021-02-03 22:49:27 - [MESSAGE][INFO] - Action delay is set to 0 milliseconds

2021-02-03 22:49:41 - [MESSAGE][PASSED] - Browser is opened with url: 'https://Inspect.Stage.site.sa'

2021-02-03 22:49:43 - [MESSAGE][PASSED] - Current window maximized

2021-02-03 22:49:43 - [MESSAGE][PASSED] - Wait for page load successfully

2021-02-03 22:49:43 - [MESSAGE][PASSED] - customKeywords.commanFunctions.openBrowser is PASSED

2021-02-03 22:49:43 - [TEST_STEP][PASSED] - waitForElementClickable(findTestObject("LoginAndRigisterUser/LoginLink"), TimeOut): Object 'Object Repository/LoginAndRigisterUser/LoginLink' is clickable

2021-02-03 22:49:44 - [MESSAGE][PASSED] - Object 'Object Repository/LoginAndRigisterUser/LoginLink' is clickable

2021-02-03 22:49:44 - [TEST_STEP][PASSED] - customKeywords.commanFunctions.clickElementWithJS(obj): customKeywords.commanFunctions.clickElementWithJS is PASSED

2021-02-03 22:49:45 - [MESSAGE][INFO] - Clicked on element with JS

2021-02-03 22:49:45 - [MESSAGE][PASSED] - customKeywords.commanFunctions.clickElementWithJS is PASSED

2021-02-03 22:49:45 - [TEST_STEP][PASSED] - customKeywords.commanFunctions.clickElementWithJS(rigisterHereLink): customKeywords.commanFunctions.clickElementWithJS is PASSED

2021-02-03 22:49:46 - [MESSAGE][INFO] - Clicked on element with JS

2021-02-03 22:49:46 - [MESSAGE][PASSED] - customKeywords.commanFunctions.clickElementWithJS is PASSED

2021-02-03 22:49:46 - [TEST_STEP][PASSED] - firstName = excelTestData.getValue(2, 16): null

2021-02-03 22:49:46 - [TEST_STEP][PASSED] - lastName = excelTestData.getValue(3, 16): null

2021-02-03 22:49:46 - [TEST_STEP][PASSED] - mobileNum = excelTestData.getValue(4, 16): null

2021-02-03 22:49:46 - [TEST_STEP][PASSED] - email = excelTestData.getValue(5, 16): null

2021-02-03 22:49:46 - [TEST_STEP][PASSED] - validationMessage = excelTestData.getValue(6, 16): null

2021-02-03 22:49:46 - [TEST_STEP][PASSED] - ClickHereToResendLink = excelTestData.getValue(7, 16): null

2021-02-03 22:49:46 - [TEST_STEP][PASSED] - sendKeys(findTestObject("Object Repository/LoginAndRigisterUser/FirstName_Input"), firstName): Keys 'Ashok' sent to object: 'Object Repository/LoginAndRigisterUser/FirstName_Input'

2021-02-03 22:49:46 - [MESSAGE][PASSED] - Keys 'Ashok' sent to object: 'Object Repository/LoginAndRigisterUser/FirstName_Input'

2021-02-03 22:49:46 - [TEST_STEP][PASSED] - sendKeys(findTestObject("Object Repository/LoginAndRigisterUser/LastName_Input"), lastName): Keys 'Abdul' sent to object: 'Object Repository/LoginAndRigisterUser/LastName_Input'

2021-02-03 22:49:47 - [MESSAGE][PASSED] - Keys 'Abdul' sent to object: 'Object Repository/LoginAndRigisterUser/LastName_Input'

2021-02-03 22:49:47 - [TEST_STEP][PASSED] - RandomNum = customKeywords.commanFunctions.getRandomNumbers(): customKeywords.commanFunctions.getRandomNumbers is PASSED

2021-02-03 22:49:48 - [MESSAGE][PASSED] - customKeywords.commanFunctions.getRandomNumbers is PASSED

2021-02-03 22:49:48 - [TEST_STEP][PASSED] - mobileNumber = "0" + mobileNum + RandomNum: null

2021-02-03 22:49:48 - [TEST_STEP][PASSED] - sendKeys(findTestObject("Object Repository/LoginAndRigisterUser/MobileNumber_Input"), mobileNumber): Keys '0573451154' sent to object: 'Object Repository/LoginAndRigisterUser/MobileNumber_Input'

2021-02-03 22:49:48 - [MESSAGE][PASSED] - Keys '0573451154' sent to object: 'Object Repository/LoginAndRigisterUser/MobileNumber_Input'

2021-02-03 22:49:48 - [TEST_STEP][PASSED] - str = customKeywords.commanFunctions.getRandomAlphaString(4): customKeywords.commanFunctions.getRandomAlphaString is PASSED

2021-02-03 22:49:49 - [MESSAGE][PASSED] - customKeywords.commanFunctions.getRandomAlphaString is PASSED

2021-02-03 22:49:49 - [TEST_STEP][PASSED] - emailID = "test_" + str + "@email.com": null

2021-02-03 22:49:49 - [TEST_STEP][PASSED] - sendKeys(findTestObject("Object Repository/LoginAndRigisterUser/Reg_Email_Input"), emailID): Keys 'test_inwc@email.com' sent to object: 'Object Repository/LoginAndRigisterUser/Reg_Email_Input'

2021-02-03 22:49:50 - [MESSAGE][PASSED] - Keys 'test_inwc@email.com' sent to object: 'Object Repository/LoginAndRigisterUser/Reg_Email_Input'

2021-02-03 22:49:50 - [TEST_STEP][PASSED] - sendKeys(findTestObject("Object Repository/LoginAndRigisterUser/ReEnter_Email_Input"), emailID): Keys 'test_inwc@email.com' sent to object: 'Object Repository/LoginAndRigisterUser/ReEnter_Email_Input'

2021-02-03 22:49:50 - [MESSAGE][PASSED] - Keys 'test_inwc@email.com' sent to object: 'Object Repository/LoginAndRigisterUser/ReEnter_Email_Input'

2021-02-03 22:49:50 - [TEST_STEP][PASSED] - customKeywords.commanFunctions.clickElementWithJS(CheckBoxTermsAndCondition): customKeywords.commanFunctions.clickElementWithJS is PASSED

2021-02-03 22:49:51 - [MESSAGE][INFO] - Clicked on element with JS

2021-02-03 22:49:51 - [MESSAGE][PASSED] - customKeywords.commanFunctions.clickElementWithJS is PASSED

2021-02-03 22:49:51 - [TEST_STEP][PASSED] - customKeywords.commanFunctions.clickElementWithJS(RigisterBtn): customKeywords.commanFunctions.clickElementWithJS is PASSED

2021-02-03 22:49:52 - [MESSAGE][INFO] - Clicked on element with JS

2021-02-03 22:49:52 - [MESSAGE][PASSED] - customKeywords.commanFunctions.clickElementWithJS is PASSED

2021-02-03 22:49:52 - [TEST_STEP][PASSED] - customKeywords.commanFunctions.otpRigistration(): customKeywords.commanFunctions.otpRigistration is PASSED

2021-02-03 22:49:59 - [MESSAGE][PASSED] - Keys '0' sent to object: 'Object Repository/LoginAndRigisterUser/otpOne'

2021-02-03 22:50:00 - [MESSAGE][PASSED] - Keys '0' sent to object: 'Object Repository/LoginAndRigisterUser/otpTwo'

2021-02-03 22:50:01 - [MESSAGE][PASSED] - Keys '0' sent to object: 'Object Repository/LoginAndRigisterUser/otpThree'

2021-02-03 22:50:01 - [MESSAGE][PASSED] - Keys '0' sent to object: 'Object Repository/LoginAndRigisterUser/otpFour'

2021-02-03 22:50:02 - [MESSAGE][PASSED] - Keys '0' sent to object: 'Object Repository/LoginAndRigisterUser/otpFive'

2021-02-03 22:50:03 - [MESSAGE][INFO] - Clicked on element with JS

2021-02-03 22:50:03 - [MESSAGE][PASSED] - customKeywords.commanFunctions.otpRigistration is PASSED

2021-02-03 22:50:03 - [TEST_STEP][PASSED] - verifyTextPresent(validationMessage, false): Text 'Thank you for your registration. To verify your email, please follow the instructions sent to you by email.' is present on page 

2021-02-03 22:50:06 - [MESSAGE][PASSED] - Text 'Thank you for your registration. To verify your email, please follow the instructions sent to you by email.' is present on page 

2021-02-03 22:50:06 - [TEST_STEP][PASSED] - verifyTextPresent(ClickHereToResendLink, false): Text 'Click here to resend the email' is present on page 

2021-02-03 22:50:07 - [MESSAGE][PASSED] - Text 'Click here to resend the email' is present on page 

2021-02-03 22:50:07 - [TEST_STEP][PASSED] - delay(2): Delayed 2 second(s)

2021-02-03 22:50:09 - [MESSAGE][PASSED] - Delayed 2 second(s)

2021-02-03 22:50:09 - [MESSAGE][PASSED] - Call Test Case 'Test Cases/TC_Login_RigisterUserAndForgotYourPassword/CommanTCs/TC_RigisterUserWithValidTestDataAndVerify' successfully

2021-02-03 22:50:09 - [TEST_STEP][PASSED] - customKeywords.commanFunctions.clickElementWithJS(clickHereToResendEmai): customKeywords.commanFunctions.clickElementWithJS is PASSED

2021-02-03 22:50:10 - [MESSAGE][INFO] - Clicked on element with JS

2021-02-03 22:50:10 - [MESSAGE][PASSED] - customKeywords.commanFunctions.clickElementWithJS is PASSED

2021-02-03 22:50:10 - [TEST_STEP][PASSED] - verifyTextPresent(ClickHereToResendLinkValidationMessage, false): Text 'A verification email has been sent to your email address' is present on page 

2021-02-03 22:50:14 - [MESSAGE][PASSED] - Text 'A verification email has been sent to your email address' is present on page 

2021-02-03 22:50:14 - [TEST_STEP][PASSED] - customKeywords.commanFunctions.onlyCloseBrowser(): customKeywords.commanFunctions.onlyCloseBrowser is PASSED

2021-02-03 22:50:16 - [MESSAGE][PASSED] - Browser is closed

2021-02-03 22:50:16 - [MESSAGE][PASSED] - customKeywords.commanFunctions.onlyCloseBrowser is PASSED]]></system-out>
         <system-err><![CDATA[]]></system-err>
      </testcase>
      <testcase name="Test Cases/TC_Login_RigisterUserAndForgotYourPassword/BasicTCs/TC_RigisterUserWithValidTestDataAndVerifyValidationMsg" time="40.994" classname="Test Cases/TC_Login_RigisterUserAndForgotYourPassword/BasicTCs/TC_RigisterUserWithValidTestDataAndVerifyValidationMsg" status="PASSED">
         <system-out><![CDATA[2021-02-03 22:50:16 - [TEST_CASE][PASSED] - Test Cases/TC_Login_RigisterUserAndForgotYourPassword/BasicTCs/TC_RigisterUserWithValidTestDataAndVerifyValidationMsg: Test Cases/TC_Login_RigisterUserAndForgotYourPassword/BasicTCs/TC_RigisterUserWithValidTestDataAndVerifyValidationMsg

2021-02-03 22:50:16 - [TEST_STEP][PASSED] - callTestCase(findTestCase("Test Cases/TC_Login_RigisterUserAndForgotYourPassword/CommanTCs/TC_RigisterUserWithValidTestDataAndVerify"), null): Call Test Case 'Test Cases/TC_Login_RigisterUserAndForgotYourPassword/CommanTCs/TC_RigisterUserWithValidTestDataAndVerify' successfully

2021-02-03 22:50:16 - [TEST_CASE][PASSED] - Test Cases/TC_Login_RigisterUserAndForgotYourPassword/CommanTCs/TC_RigisterUserWithValidTestDataAndVerify: Test Cases/TC_Login_RigisterUserAndForgotYourPassword/CommanTCs/TC_RigisterUserWithValidTestDataAndVerify

2021-02-03 22:50:16 - [TEST_STEP][PASSED] - excelTestData = findTestData("Data Files/TestData/InspectTestData"): null

2021-02-03 22:50:16 - [TEST_STEP][PASSED] - obj = findTestObject("LoginAndRigisterUser/LoginLink"): null

2021-02-03 22:50:16 - [TEST_STEP][PASSED] - RigisterBtn = findTestObject("Object Repository/LoginAndRigisterUser/RegisterBtn"): null

2021-02-03 22:50:16 - [TEST_STEP][PASSED] - CheckBoxTermsAndCondition = findTestObject("Object Repository/LoginAndRigisterUser/Reg_SiteInspectTermsOfUse_CheckBox"): null

2021-02-03 22:50:16 - [TEST_STEP][PASSED] - rigisterHereLink = findTestObject("Object Repository/LoginAndRigisterUser/RigisterHere"): null

2021-02-03 22:50:16 - [TEST_STEP][PASSED] - customKeywords.commanFunctions.openBrowser(): customKeywords.commanFunctions.openBrowser is PASSED

2021-02-03 22:50:17 - [MESSAGE][INFO] - Starting 'Chrome' driver

2021-02-03 22:50:17 - [MESSAGE][INFO] - Action delay is set to 0 milliseconds

2021-02-03 22:50:31 - [MESSAGE][PASSED] - Browser is opened with url: 'https://Inspect.Stage.site.sa'

2021-02-03 22:50:33 - [MESSAGE][PASSED] - Current window maximized

2021-02-03 22:50:33 - [MESSAGE][PASSED] - Wait for page load successfully

2021-02-03 22:50:33 - [MESSAGE][PASSED] - customKeywords.commanFunctions.openBrowser is PASSED

2021-02-03 22:50:33 - [TEST_STEP][PASSED] - waitForElementClickable(findTestObject("LoginAndRigisterUser/LoginLink"), TimeOut): Object 'Object Repository/LoginAndRigisterUser/LoginLink' is clickable

2021-02-03 22:50:33 - [MESSAGE][PASSED] - Object 'Object Repository/LoginAndRigisterUser/LoginLink' is clickable

2021-02-03 22:50:33 - [TEST_STEP][PASSED] - customKeywords.commanFunctions.clickElementWithJS(obj): customKeywords.commanFunctions.clickElementWithJS is PASSED

2021-02-03 22:50:34 - [MESSAGE][INFO] - Clicked on element with JS

2021-02-03 22:50:34 - [MESSAGE][PASSED] - customKeywords.commanFunctions.clickElementWithJS is PASSED

2021-02-03 22:50:34 - [TEST_STEP][PASSED] - customKeywords.commanFunctions.clickElementWithJS(rigisterHereLink): customKeywords.commanFunctions.clickElementWithJS is PASSED

2021-02-03 22:50:35 - [MESSAGE][INFO] - Clicked on element with JS

2021-02-03 22:50:35 - [MESSAGE][PASSED] - customKeywords.commanFunctions.clickElementWithJS is PASSED

2021-02-03 22:50:35 - [TEST_STEP][PASSED] - firstName = excelTestData.getValue(2, 16): null

2021-02-03 22:50:35 - [TEST_STEP][PASSED] - lastName = excelTestData.getValue(3, 16): null

2021-02-03 22:50:35 - [TEST_STEP][PASSED] - mobileNum = excelTestData.getValue(4, 16): null

2021-02-03 22:50:35 - [TEST_STEP][PASSED] - email = excelTestData.getValue(5, 16): null

2021-02-03 22:50:35 - [TEST_STEP][PASSED] - validationMessage = excelTestData.getValue(6, 16): null

2021-02-03 22:50:35 - [TEST_STEP][PASSED] - ClickHereToResendLink = excelTestData.getValue(7, 16): null

2021-02-03 22:50:35 - [TEST_STEP][PASSED] - sendKeys(findTestObject("Object Repository/LoginAndRigisterUser/FirstName_Input"), firstName): Keys 'Ashok' sent to object: 'Object Repository/LoginAndRigisterUser/FirstName_Input'

2021-02-03 22:50:36 - [MESSAGE][PASSED] - Keys 'Ashok' sent to object: 'Object Repository/LoginAndRigisterUser/FirstName_Input'

2021-02-03 22:50:36 - [TEST_STEP][PASSED] - sendKeys(findTestObject("Object Repository/LoginAndRigisterUser/LastName_Input"), lastName): Keys 'Abdul' sent to object: 'Object Repository/LoginAndRigisterUser/LastName_Input'

2021-02-03 22:50:37 - [MESSAGE][PASSED] - Keys 'Abdul' sent to object: 'Object Repository/LoginAndRigisterUser/LastName_Input'

2021-02-03 22:50:37 - [TEST_STEP][PASSED] - RandomNum = customKeywords.commanFunctions.getRandomNumbers(): customKeywords.commanFunctions.getRandomNumbers is PASSED

2021-02-03 22:50:37 - [MESSAGE][PASSED] - customKeywords.commanFunctions.getRandomNumbers is PASSED

2021-02-03 22:50:37 - [TEST_STEP][PASSED] - mobileNumber = "0" + mobileNum + RandomNum: null

2021-02-03 22:50:37 - [TEST_STEP][PASSED] - sendKeys(findTestObject("Object Repository/LoginAndRigisterUser/MobileNumber_Input"), mobileNumber): Keys '0573434458' sent to object: 'Object Repository/LoginAndRigisterUser/MobileNumber_Input'

2021-02-03 22:50:38 - [MESSAGE][PASSED] - Keys '0573434458' sent to object: 'Object Repository/LoginAndRigisterUser/MobileNumber_Input'

2021-02-03 22:50:38 - [TEST_STEP][PASSED] - str = customKeywords.commanFunctions.getRandomAlphaString(4): customKeywords.commanFunctions.getRandomAlphaString is PASSED

2021-02-03 22:50:39 - [MESSAGE][PASSED] - customKeywords.commanFunctions.getRandomAlphaString is PASSED

2021-02-03 22:50:39 - [TEST_STEP][PASSED] - emailID = "test_" + str + "@email.com": null

2021-02-03 22:50:39 - [TEST_STEP][PASSED] - sendKeys(findTestObject("Object Repository/LoginAndRigisterUser/Reg_Email_Input"), emailID): Keys 'test_vnve@email.com' sent to object: 'Object Repository/LoginAndRigisterUser/Reg_Email_Input'

2021-02-03 22:50:39 - [MESSAGE][PASSED] - Keys 'test_vnve@email.com' sent to object: 'Object Repository/LoginAndRigisterUser/Reg_Email_Input'

2021-02-03 22:50:39 - [TEST_STEP][PASSED] - sendKeys(findTestObject("Object Repository/LoginAndRigisterUser/ReEnter_Email_Input"), emailID): Keys 'test_vnve@email.com' sent to object: 'Object Repository/LoginAndRigisterUser/ReEnter_Email_Input'

2021-02-03 22:50:40 - [MESSAGE][PASSED] - Keys 'test_vnve@email.com' sent to object: 'Object Repository/LoginAndRigisterUser/ReEnter_Email_Input'

2021-02-03 22:50:40 - [TEST_STEP][PASSED] - customKeywords.commanFunctions.clickElementWithJS(CheckBoxTermsAndCondition): customKeywords.commanFunctions.clickElementWithJS is PASSED

2021-02-03 22:50:41 - [MESSAGE][INFO] - Clicked on element with JS

2021-02-03 22:50:41 - [MESSAGE][PASSED] - customKeywords.commanFunctions.clickElementWithJS is PASSED

2021-02-03 22:50:41 - [TEST_STEP][PASSED] - customKeywords.commanFunctions.clickElementWithJS(RigisterBtn): customKeywords.commanFunctions.clickElementWithJS is PASSED

2021-02-03 22:50:42 - [MESSAGE][INFO] - Clicked on element with JS

2021-02-03 22:50:42 - [MESSAGE][PASSED] - customKeywords.commanFunctions.clickElementWithJS is PASSED

2021-02-03 22:50:42 - [TEST_STEP][PASSED] - customKeywords.commanFunctions.otpRigistration(): customKeywords.commanFunctions.otpRigistration is PASSED

2021-02-03 22:50:45 - [MESSAGE][PASSED] - Keys '0' sent to object: 'Object Repository/LoginAndRigisterUser/otpOne'

2021-02-03 22:50:46 - [MESSAGE][PASSED] - Keys '0' sent to object: 'Object Repository/LoginAndRigisterUser/otpTwo'

2021-02-03 22:50:47 - [MESSAGE][PASSED] - Keys '0' sent to object: 'Object Repository/LoginAndRigisterUser/otpThree'

2021-02-03 22:50:47 - [MESSAGE][PASSED] - Keys '0' sent to object: 'Object Repository/LoginAndRigisterUser/otpFour'

2021-02-03 22:50:48 - [MESSAGE][PASSED] - Keys '0' sent to object: 'Object Repository/LoginAndRigisterUser/otpFive'

2021-02-03 22:50:49 - [MESSAGE][INFO] - Clicked on element with JS

2021-02-03 22:50:49 - [MESSAGE][PASSED] - customKeywords.commanFunctions.otpRigistration is PASSED

2021-02-03 22:50:49 - [TEST_STEP][PASSED] - verifyTextPresent(validationMessage, false): Text 'Thank you for your registration. To verify your email, please follow the instructions sent to you by email.' is present on page 

2021-02-03 22:50:53 - [MESSAGE][PASSED] - Text 'Thank you for your registration. To verify your email, please follow the instructions sent to you by email.' is present on page 

2021-02-03 22:50:53 - [TEST_STEP][PASSED] - verifyTextPresent(ClickHereToResendLink, false): Text 'Click here to resend the email' is present on page 

2021-02-03 22:50:53 - [MESSAGE][PASSED] - Text 'Click here to resend the email' is present on page 

2021-02-03 22:50:53 - [TEST_STEP][PASSED] - delay(2): Delayed 2 second(s)

2021-02-03 22:50:55 - [MESSAGE][PASSED] - Delayed 2 second(s)

2021-02-03 22:50:55 - [MESSAGE][PASSED] - Call Test Case 'Test Cases/TC_Login_RigisterUserAndForgotYourPassword/CommanTCs/TC_RigisterUserWithValidTestDataAndVerify' successfully

2021-02-03 22:50:55 - [TEST_STEP][PASSED] - customKeywords.commanFunctions.onlyCloseBrowser(): customKeywords.commanFunctions.onlyCloseBrowser is PASSED

2021-02-03 22:50:57 - [MESSAGE][PASSED] - Browser is closed

2021-02-03 22:50:57 - [MESSAGE][PASSED] - customKeywords.commanFunctions.onlyCloseBrowser is PASSED]]></system-out>
         <system-err><![CDATA[]]></system-err>
      </testcase>
      <testcase name="Test Cases/TC_Login_RigisterUserAndForgotYourPassword_AR/BasicTCs/CSP-T74_1.0_As a User, I want to verify that system send me a forget my password link when I request" time="28.263" classname="Test Cases/TC_Login_RigisterUserAndForgotYourPassword_AR/BasicTCs/CSP-T74_1.0_As a User, I want to verify that system send me a forget my password link when I request" status="PASSED">
         <system-out><![CDATA[2021-02-03 22:50:57 - [TEST_CASE][PASSED] - Test Cases/TC_Login_RigisterUserAndForgotYourPassword_AR/BasicTCs/CSP-T74_1.0_As a User, I want to verify that system send me a forget my password link when I request: Test Cases/TC_Login_RigisterUserAndForgotYourPassword_AR/BasicTCs/CSP-T74_1.0_As a User, I want to verify that system send me a forget my password link when I request

2021-02-03 22:50:57 - [TEST_STEP][PASSED] - excelTestData = findTestData("Data Files/TestData/InspectTestData_AR"): null

2021-02-03 22:50:57 - [TEST_STEP][PASSED] - validationMessage = excelTestData.getValue(2, 8): null

2021-02-03 22:50:57 - [TEST_STEP][PASSED] - obj = findTestObject("Object Repository/AR_LoginAndRigisterUser/LoginLink"): null

2021-02-03 22:50:57 - [TEST_STEP][PASSED] - forgotPwd = findTestObject("Object Repository/LoginAndRigisterUser/ForgotPwd"): null

2021-02-03 22:50:57 - [TEST_STEP][PASSED] - ForgotPwdSubmitBtn = findTestObject("Object Repository/LoginAndRigisterUser/ForgotPwdSubmitBtn"): null

2021-02-03 22:50:57 - [TEST_STEP][PASSED] - customKeywords.commanFunctions.openBrowser(): customKeywords.commanFunctions.openBrowser is PASSED

2021-02-03 22:50:58 - [MESSAGE][INFO] - Starting 'Chrome' driver

2021-02-03 22:50:58 - [MESSAGE][INFO] - Action delay is set to 0 milliseconds

2021-02-03 22:51:13 - [MESSAGE][PASSED] - Browser is opened with url: 'https://Inspect.Stage.site.sa'

2021-02-03 22:51:15 - [MESSAGE][PASSED] - Current window maximized

2021-02-03 22:51:15 - [MESSAGE][PASSED] - Wait for page load successfully

2021-02-03 22:51:15 - [MESSAGE][PASSED] - customKeywords.commanFunctions.openBrowser is PASSED

2021-02-03 22:51:15 - [TEST_STEP][PASSED] - click(findTestObject("Object Repository/HomePage/Arabic_Tab")): Object: 'Object Repository/HomePage/Arabic_Tab' is clicked on

2021-02-03 22:51:16 - [MESSAGE][PASSED] - Object: 'Object Repository/HomePage/Arabic_Tab' is clicked on

2021-02-03 22:51:16 - [TEST_STEP][PASSED] - waitForElementClickable(findTestObject("Object Repository/AR_LoginAndRigisterUser/LoginLink"), TimeOut): Object 'Object Repository/AR_LoginAndRigisterUser/LoginLink' is clickable

2021-02-03 22:51:16 - [MESSAGE][PASSED] - Object 'Object Repository/AR_LoginAndRigisterUser/LoginLink' is clickable

2021-02-03 22:51:16 - [TEST_STEP][PASSED] - customKeywords.commanFunctions.clickElementWithJS(obj): customKeywords.commanFunctions.clickElementWithJS is PASSED

2021-02-03 22:51:17 - [MESSAGE][INFO] - Clicked on element with JS

2021-02-03 22:51:17 - [MESSAGE][PASSED] - customKeywords.commanFunctions.clickElementWithJS is PASSED

2021-02-03 22:51:17 - [TEST_STEP][PASSED] - waitForElementClickable(findTestObject("Object Repository/LoginAndRigisterUser/ForgotPwd"), TimeOut): Object 'Object Repository/LoginAndRigisterUser/ForgotPwd' is clickable

2021-02-03 22:51:18 - [MESSAGE][PASSED] - Object 'Object Repository/LoginAndRigisterUser/ForgotPwd' is clickable

2021-02-03 22:51:18 - [TEST_STEP][PASSED] - customKeywords.commanFunctions.clickElementWithJS(forgotPwd): customKeywords.commanFunctions.clickElementWithJS is PASSED

2021-02-03 22:51:19 - [MESSAGE][INFO] - Clicked on element with JS

2021-02-03 22:51:19 - [MESSAGE][PASSED] - customKeywords.commanFunctions.clickElementWithJS is PASSED

2021-02-03 22:51:19 - [TEST_STEP][PASSED] - sendKeys(findTestObject("Object Repository/LoginAndRigisterUser/ForgotPwd_Email_Input"), AdminUserName): Keys 'admin@example.com' sent to object: 'Object Repository/LoginAndRigisterUser/ForgotPwd_Email_Input'

2021-02-03 22:51:19 - [MESSAGE][PASSED] - Keys 'admin@example.com' sent to object: 'Object Repository/LoginAndRigisterUser/ForgotPwd_Email_Input'

2021-02-03 22:51:19 - [TEST_STEP][PASSED] - customKeywords.commanFunctions.clickElementWithJS(ForgotPwdSubmitBtn): customKeywords.commanFunctions.clickElementWithJS is PASSED

2021-02-03 22:51:20 - [MESSAGE][INFO] - Clicked on element with JS

2021-02-03 22:51:20 - [MESSAGE][PASSED] - customKeywords.commanFunctions.clickElementWithJS is PASSED

2021-02-03 22:51:20 - [TEST_STEP][PASSED] - verifyTextPresent(validationMessage, false): Text 'م إرسال رسالة إلى عنوان بريدك الإلكتروني. الرجاء الضغط على الرابط المرسل لتغيير كلمة المرور الخاصة بحسابك' is present on page 

2021-02-03 22:51:24 - [MESSAGE][PASSED] - Text 'م إرسال رسالة إلى عنوان بريدك الإلكتروني. الرجاء الضغط على الرابط المرسل لتغيير كلمة المرور الخاصة بحسابك' is present on page 

2021-02-03 22:51:24 - [TEST_STEP][PASSED] - customKeywords.commanFunctions.onlyCloseBrowser(): customKeywords.commanFunctions.onlyCloseBrowser is PASSED

2021-02-03 22:51:25 - [MESSAGE][PASSED] - Browser is closed

2021-02-03 22:51:25 - [MESSAGE][PASSED] - customKeywords.commanFunctions.onlyCloseBrowser is PASSED]]></system-out>
         <system-err><![CDATA[]]></system-err>
      </testcase>
      <testcase name="Test Cases/TC_Login_RigisterUserAndForgotYourPassword_AR/BasicTCs/CSP-T75_1.0_As a User, I want to verify that System detects incorrect user email when requesting forget my password link" time="25.286" classname="Test Cases/TC_Login_RigisterUserAndForgotYourPassword_AR/BasicTCs/CSP-T75_1.0_As a User, I want to verify that System detects incorrect user email when requesting forget my password link" status="PASSED">
         <system-out><![CDATA[2021-02-03 22:51:25 - [TEST_CASE][PASSED] - Test Cases/TC_Login_RigisterUserAndForgotYourPassword_AR/BasicTCs/CSP-T75_1.0_As a User, I want to verify that System detects incorrect user email when requesting forget my password link: Test Cases/TC_Login_RigisterUserAndForgotYourPassword_AR/BasicTCs/CSP-T75_1.0_As a User, I want to verify that System detects incorrect user email when requesting forget my password link

2021-02-03 22:51:25 - [TEST_STEP][PASSED] - excelTestData = findTestData("Data Files/TestData/InspectTestData_AR"): null

2021-02-03 22:51:25 - [TEST_STEP][PASSED] - validationMessage = excelTestData.getValue(2, 12): null

2021-02-03 22:51:25 - [TEST_STEP][PASSED] - obj = findTestObject("Object Repository/AR_LoginAndRigisterUser/LoginLink"): null

2021-02-03 22:51:25 - [TEST_STEP][PASSED] - forgotPwd = findTestObject("Object Repository/LoginAndRigisterUser/ForgotPwd"): null

2021-02-03 22:51:25 - [TEST_STEP][PASSED] - ForgotPwdSubmitBtn = findTestObject("Object Repository/LoginAndRigisterUser/ForgotPwdSubmitBtn"): null

2021-02-03 22:51:26 - [TEST_STEP][PASSED] - customKeywords.commanFunctions.openBrowser(): customKeywords.commanFunctions.openBrowser is PASSED

2021-02-03 22:51:26 - [MESSAGE][INFO] - Starting 'Chrome' driver

2021-02-03 22:51:26 - [MESSAGE][INFO] - Action delay is set to 0 milliseconds

2021-02-03 22:51:40 - [MESSAGE][PASSED] - Browser is opened with url: 'https://Inspect.Stage.site.sa'

2021-02-03 22:51:42 - [MESSAGE][PASSED] - Current window maximized

2021-02-03 22:51:42 - [MESSAGE][PASSED] - Wait for page load successfully

2021-02-03 22:51:42 - [MESSAGE][PASSED] - customKeywords.commanFunctions.openBrowser is PASSED

2021-02-03 22:51:42 - [TEST_STEP][PASSED] - click(findTestObject("Object Repository/HomePage/Arabic_Tab")): Object: 'Object Repository/HomePage/Arabic_Tab' is clicked on

2021-02-03 22:51:43 - [MESSAGE][PASSED] - Object: 'Object Repository/HomePage/Arabic_Tab' is clicked on

2021-02-03 22:51:43 - [TEST_STEP][PASSED] - waitForElementClickable(findTestObject("Object Repository/AR_LoginAndRigisterUser/LoginLink"), TimeOut): Object 'Object Repository/AR_LoginAndRigisterUser/LoginLink' is clickable

2021-02-03 22:51:43 - [MESSAGE][PASSED] - Object 'Object Repository/AR_LoginAndRigisterUser/LoginLink' is clickable

2021-02-03 22:51:43 - [TEST_STEP][PASSED] - customKeywords.commanFunctions.clickElementWithJS(obj): customKeywords.commanFunctions.clickElementWithJS is PASSED

2021-02-03 22:51:44 - [MESSAGE][INFO] - Clicked on element with JS

2021-02-03 22:51:44 - [MESSAGE][PASSED] - customKeywords.commanFunctions.clickElementWithJS is PASSED

2021-02-03 22:51:44 - [TEST_STEP][PASSED] - waitForElementClickable(findTestObject("Object Repository/LoginAndRigisterUser/ForgotPwd"), TimeOut): Object 'Object Repository/LoginAndRigisterUser/ForgotPwd' is clickable

2021-02-03 22:51:45 - [MESSAGE][PASSED] - Object 'Object Repository/LoginAndRigisterUser/ForgotPwd' is clickable

2021-02-03 22:51:45 - [TEST_STEP][PASSED] - customKeywords.commanFunctions.clickElementWithJS(forgotPwd): customKeywords.commanFunctions.clickElementWithJS is PASSED

2021-02-03 22:51:46 - [MESSAGE][INFO] - Clicked on element with JS

2021-02-03 22:51:46 - [MESSAGE][PASSED] - customKeywords.commanFunctions.clickElementWithJS is PASSED

2021-02-03 22:51:46 - [TEST_STEP][PASSED] - str = customKeywords.commanFunctions.getRandomAlphaString(5): customKeywords.commanFunctions.getRandomAlphaString is PASSED

2021-02-03 22:51:46 - [MESSAGE][PASSED] - customKeywords.commanFunctions.getRandomAlphaString is PASSED

2021-02-03 22:51:46 - [TEST_STEP][PASSED] - email = "test_" + str + "@email.com": null

2021-02-03 22:51:46 - [TEST_STEP][PASSED] - sendKeys(findTestObject("Object Repository/LoginAndRigisterUser/ForgotPwd_Email_Input"), email): Keys 'test_xjlip@email.com' sent to object: 'Object Repository/LoginAndRigisterUser/ForgotPwd_Email_Input'

2021-02-03 22:51:47 - [MESSAGE][PASSED] - Keys 'test_xjlip@email.com' sent to object: 'Object Repository/LoginAndRigisterUser/ForgotPwd_Email_Input'

2021-02-03 22:51:47 - [TEST_STEP][PASSED] - customKeywords.commanFunctions.clickElementWithJS(ForgotPwdSubmitBtn): customKeywords.commanFunctions.clickElementWithJS is PASSED

2021-02-03 22:51:48 - [MESSAGE][INFO] - Clicked on element with JS

2021-02-03 22:51:48 - [MESSAGE][PASSED] - customKeywords.commanFunctions.clickElementWithJS is PASSED

2021-02-03 22:51:48 - [TEST_STEP][PASSED] - verifyTextPresent(validationMessage, false): Text 'المعلومات المدخلة غير صحيحة' is present on page 

2021-02-03 22:51:49 - [MESSAGE][PASSED] - Text 'المعلومات المدخلة غير صحيحة' is present on page 

2021-02-03 22:51:49 - [TEST_STEP][PASSED] - customKeywords.commanFunctions.onlyCloseBrowser(): customKeywords.commanFunctions.onlyCloseBrowser is PASSED

2021-02-03 22:51:50 - [MESSAGE][PASSED] - Browser is closed

2021-02-03 22:51:50 - [MESSAGE][PASSED] - customKeywords.commanFunctions.onlyCloseBrowser is PASSED]]></system-out>
         <system-err><![CDATA[]]></system-err>
      </testcase>
      <testcase name="Test Cases/TC_Login_RigisterUserAndForgotYourPassword_AR/BasicTCs/TC_LoginUserWithInValidCredentialsAndVerifyErrorMsg" time="26.836" classname="Test Cases/TC_Login_RigisterUserAndForgotYourPassword_AR/BasicTCs/TC_LoginUserWithInValidCredentialsAndVerifyErrorMsg" status="PASSED">
         <system-out><![CDATA[2021-02-03 22:51:50 - [TEST_CASE][PASSED] - Test Cases/TC_Login_RigisterUserAndForgotYourPassword_AR/BasicTCs/TC_LoginUserWithInValidCredentialsAndVerifyErrorMsg: Test Cases/TC_Login_RigisterUserAndForgotYourPassword_AR/BasicTCs/TC_LoginUserWithInValidCredentialsAndVerifyErrorMsg

2021-02-03 22:51:51 - [TEST_STEP][PASSED] - excelTestData = findTestData("Data Files/TestData/InspectTestData_AR"): null

2021-02-03 22:51:51 - [TEST_STEP][PASSED] - validationMessage = excelTestData.getValue(2, 4): null

2021-02-03 22:51:51 - [TEST_STEP][PASSED] - obj = findTestObject("Object Repository/AR_LoginAndRigisterUser/LoginLink"): null

2021-02-03 22:51:51 - [TEST_STEP][PASSED] - LoginBtn = findTestObject("Object Repository/LoginAndRigisterUser/LoginBtn"): null

2021-02-03 22:51:51 - [TEST_STEP][PASSED] - customKeywords.commanFunctions.openBrowser(): customKeywords.commanFunctions.openBrowser is PASSED

2021-02-03 22:51:51 - [MESSAGE][INFO] - Starting 'Chrome' driver

2021-02-03 22:51:51 - [MESSAGE][INFO] - Action delay is set to 0 milliseconds

2021-02-03 22:52:06 - [MESSAGE][PASSED] - Browser is opened with url: 'https://Inspect.Stage.site.sa'

2021-02-03 22:52:08 - [MESSAGE][PASSED] - Current window maximized

2021-02-03 22:52:08 - [MESSAGE][PASSED] - Wait for page load successfully

2021-02-03 22:52:08 - [MESSAGE][PASSED] - customKeywords.commanFunctions.openBrowser is PASSED

2021-02-03 22:52:08 - [TEST_STEP][PASSED] - click(findTestObject("Object Repository/HomePage/Arabic_Tab")): Object: 'Object Repository/HomePage/Arabic_Tab' is clicked on

2021-02-03 22:52:09 - [MESSAGE][PASSED] - Object: 'Object Repository/HomePage/Arabic_Tab' is clicked on

2021-02-03 22:52:09 - [TEST_STEP][PASSED] - waitForElementClickable(findTestObject("Object Repository/AR_LoginAndRigisterUser/LoginLink"), TimeOut): Object 'Object Repository/AR_LoginAndRigisterUser/LoginLink' is clickable

2021-02-03 22:52:10 - [MESSAGE][PASSED] - Object 'Object Repository/AR_LoginAndRigisterUser/LoginLink' is clickable

2021-02-03 22:52:10 - [TEST_STEP][PASSED] - customKeywords.commanFunctions.clickElementWithJS(obj): customKeywords.commanFunctions.clickElementWithJS is PASSED

2021-02-03 22:52:11 - [MESSAGE][INFO] - Clicked on element with JS

2021-02-03 22:52:11 - [MESSAGE][PASSED] - customKeywords.commanFunctions.clickElementWithJS is PASSED

2021-02-03 22:52:11 - [TEST_STEP][PASSED] - strOne = customKeywords.commanFunctions.getRandomAlphaString(5): customKeywords.commanFunctions.getRandomAlphaString is PASSED

2021-02-03 22:52:11 - [MESSAGE][PASSED] - customKeywords.commanFunctions.getRandomAlphaString is PASSED

2021-02-03 22:52:11 - [TEST_STEP][PASSED] - email = "test_" + strOne + "@email.com": null

2021-02-03 22:52:11 - [TEST_STEP][PASSED] - str = customKeywords.commanFunctions.getRandomAlphaString(5): customKeywords.commanFunctions.getRandomAlphaString is PASSED

2021-02-03 22:52:12 - [MESSAGE][PASSED] - customKeywords.commanFunctions.getRandomAlphaString is PASSED

2021-02-03 22:52:12 - [TEST_STEP][PASSED] - password = "Test@" + str: null

2021-02-03 22:52:12 - [TEST_STEP][PASSED] - sendKeys(findTestObject("Object Repository/LoginAndRigisterUser/UserName_Email_Input"), email): Keys 'test_odqtw@email.com' sent to object: 'Object Repository/LoginAndRigisterUser/UserName_Email_Input'

2021-02-03 22:52:13 - [MESSAGE][PASSED] - Keys 'test_odqtw@email.com' sent to object: 'Object Repository/LoginAndRigisterUser/UserName_Email_Input'

2021-02-03 22:52:13 - [TEST_STEP][PASSED] - sendKeys(findTestObject("Object Repository/LoginAndRigisterUser/Password_Input"), password): Keys 'Test@vbzut' sent to object: 'Object Repository/LoginAndRigisterUser/Password_Input'

2021-02-03 22:52:13 - [MESSAGE][PASSED] - Keys 'Test@vbzut' sent to object: 'Object Repository/LoginAndRigisterUser/Password_Input'

2021-02-03 22:52:13 - [TEST_STEP][PASSED] - waitForElementClickable(LoginBtn, TimeOut): Object 'Object Repository/LoginAndRigisterUser/LoginBtn' is clickable

2021-02-03 22:52:14 - [MESSAGE][PASSED] - Object 'Object Repository/LoginAndRigisterUser/LoginBtn' is clickable

2021-02-03 22:52:14 - [TEST_STEP][PASSED] - customKeywords.commanFunctions.clickElementWithJS(LoginBtn): customKeywords.commanFunctions.clickElementWithJS is PASSED

2021-02-03 22:52:15 - [MESSAGE][INFO] - Clicked on element with JS

2021-02-03 22:52:15 - [MESSAGE][PASSED] - customKeywords.commanFunctions.clickElementWithJS is PASSED

2021-02-03 22:52:15 - [TEST_STEP][PASSED] - verifyTextPresent(validationMessage, false): Text 'البريد الإلكتروني أو كلمة المرور غير صحيحة' is present on page 

2021-02-03 22:52:16 - [MESSAGE][PASSED] - Text 'البريد الإلكتروني أو كلمة المرور غير صحيحة' is present on page 

2021-02-03 22:52:16 - [TEST_STEP][PASSED] - customKeywords.commanFunctions.onlyCloseBrowser(): customKeywords.commanFunctions.onlyCloseBrowser is PASSED

2021-02-03 22:52:17 - [MESSAGE][PASSED] - Browser is closed

2021-02-03 22:52:17 - [MESSAGE][PASSED] - customKeywords.commanFunctions.onlyCloseBrowser is PASSED]]></system-out>
         <system-err><![CDATA[]]></system-err>
      </testcase>
      <testcase name="Test Cases/TC_Login_RigisterUserAndForgotYourPassword_AR/BasicTCs/TC_LoginUserWithInValidPasswordAndVerifyLoginShouldNotSucss" time="25.972" classname="Test Cases/TC_Login_RigisterUserAndForgotYourPassword_AR/BasicTCs/TC_LoginUserWithInValidPasswordAndVerifyLoginShouldNotSucss" status="PASSED">
         <system-out><![CDATA[2021-02-03 22:52:17 - [TEST_CASE][PASSED] - Test Cases/TC_Login_RigisterUserAndForgotYourPassword_AR/BasicTCs/TC_LoginUserWithInValidPasswordAndVerifyLoginShouldNotSucss: Test Cases/TC_Login_RigisterUserAndForgotYourPassword_AR/BasicTCs/TC_LoginUserWithInValidPasswordAndVerifyLoginShouldNotSucss

2021-02-03 22:52:18 - [TEST_STEP][PASSED] - excelTestData = findTestData("Data Files/TestData/InspectTestData_AR"): null

2021-02-03 22:52:18 - [TEST_STEP][PASSED] - validationMessage = excelTestData.getValue(2, 4): null

2021-02-03 22:52:18 - [TEST_STEP][PASSED] - obj = findTestObject("Object Repository/AR_LoginAndRigisterUser/LoginLink"): null

2021-02-03 22:52:18 - [TEST_STEP][PASSED] - LoginBtn = findTestObject("Object Repository/LoginAndRigisterUser/LoginBtn"): null

2021-02-03 22:52:18 - [TEST_STEP][PASSED] - customKeywords.commanFunctions.openBrowser(): customKeywords.commanFunctions.openBrowser is PASSED

2021-02-03 22:52:18 - [MESSAGE][INFO] - Starting 'Chrome' driver

2021-02-03 22:52:18 - [MESSAGE][INFO] - Action delay is set to 0 milliseconds

2021-02-03 22:52:33 - [MESSAGE][PASSED] - Browser is opened with url: 'https://Inspect.Stage.site.sa'

2021-02-03 22:52:35 - [MESSAGE][PASSED] - Current window maximized

2021-02-03 22:52:35 - [MESSAGE][PASSED] - Wait for page load successfully

2021-02-03 22:52:35 - [MESSAGE][PASSED] - customKeywords.commanFunctions.openBrowser is PASSED

2021-02-03 22:52:35 - [TEST_STEP][PASSED] - click(findTestObject("Object Repository/HomePage/Arabic_Tab")): Object: 'Object Repository/HomePage/Arabic_Tab' is clicked on

2021-02-03 22:52:36 - [MESSAGE][PASSED] - Object: 'Object Repository/HomePage/Arabic_Tab' is clicked on

2021-02-03 22:52:36 - [TEST_STEP][PASSED] - waitForElementClickable(findTestObject("Object Repository/AR_LoginAndRigisterUser/LoginLink"), TimeOut): Object 'Object Repository/AR_LoginAndRigisterUser/LoginLink' is clickable

2021-02-03 22:52:36 - [MESSAGE][PASSED] - Object 'Object Repository/AR_LoginAndRigisterUser/LoginLink' is clickable

2021-02-03 22:52:36 - [TEST_STEP][PASSED] - customKeywords.commanFunctions.clickElementWithJS(obj): customKeywords.commanFunctions.clickElementWithJS is PASSED

2021-02-03 22:52:37 - [MESSAGE][INFO] - Clicked on element with JS

2021-02-03 22:52:37 - [MESSAGE][PASSED] - customKeywords.commanFunctions.clickElementWithJS is PASSED

2021-02-03 22:52:37 - [TEST_STEP][PASSED] - str = customKeywords.commanFunctions.getRandomAlphaString(5): customKeywords.commanFunctions.getRandomAlphaString is PASSED

2021-02-03 22:52:38 - [MESSAGE][PASSED] - customKeywords.commanFunctions.getRandomAlphaString is PASSED

2021-02-03 22:52:38 - [TEST_STEP][PASSED] - password = "Test@" + str: null

2021-02-03 22:52:38 - [TEST_STEP][PASSED] - sendKeys(findTestObject("Object Repository/LoginAndRigisterUser/UserName_Email_Input"), AdminUserName): Keys 'admin@example.com' sent to object: 'Object Repository/LoginAndRigisterUser/UserName_Email_Input'

2021-02-03 22:52:38 - [MESSAGE][PASSED] - Keys 'admin@example.com' sent to object: 'Object Repository/LoginAndRigisterUser/UserName_Email_Input'

2021-02-03 22:52:38 - [TEST_STEP][PASSED] - sendKeys(findTestObject("Object Repository/LoginAndRigisterUser/Password_Input"), password): Keys 'Test@wzmac' sent to object: 'Object Repository/LoginAndRigisterUser/Password_Input'

2021-02-03 22:52:39 - [MESSAGE][PASSED] - Keys 'Test@wzmac' sent to object: 'Object Repository/LoginAndRigisterUser/Password_Input'

2021-02-03 22:52:39 - [TEST_STEP][PASSED] - waitForElementClickable(LoginBtn, TimeOut): Object 'Object Repository/LoginAndRigisterUser/LoginBtn' is clickable

2021-02-03 22:52:39 - [MESSAGE][PASSED] - Object 'Object Repository/LoginAndRigisterUser/LoginBtn' is clickable

2021-02-03 22:52:39 - [TEST_STEP][PASSED] - customKeywords.commanFunctions.clickElementWithJS(LoginBtn): customKeywords.commanFunctions.clickElementWithJS is PASSED

2021-02-03 22:52:40 - [MESSAGE][INFO] - Clicked on element with JS

2021-02-03 22:52:40 - [MESSAGE][PASSED] - customKeywords.commanFunctions.clickElementWithJS is PASSED

2021-02-03 22:52:40 - [TEST_STEP][PASSED] - verifyTextPresent(validationMessage, false): Text 'البريد الإلكتروني أو كلمة المرور غير صحيحة' is present on page 

2021-02-03 22:52:42 - [MESSAGE][PASSED] - Text 'البريد الإلكتروني أو كلمة المرور غير صحيحة' is present on page 

2021-02-03 22:52:42 - [TEST_STEP][PASSED] - customKeywords.commanFunctions.onlyCloseBrowser(): customKeywords.commanFunctions.onlyCloseBrowser is PASSED

2021-02-03 22:52:43 - [MESSAGE][PASSED] - Browser is closed

2021-02-03 22:52:43 - [MESSAGE][PASSED] - customKeywords.commanFunctions.onlyCloseBrowser is PASSED]]></system-out>
         <system-err><![CDATA[]]></system-err>
      </testcase>
      <testcase name="Test Cases/TC_Login_RigisterUserAndForgotYourPassword_AR/BasicTCs/TC_LoginUserWithInValidUserNameAndVerifyLoginShouldNotSucss" time="25.58" classname="Test Cases/TC_Login_RigisterUserAndForgotYourPassword_AR/BasicTCs/TC_LoginUserWithInValidUserNameAndVerifyLoginShouldNotSucss" status="PASSED">
         <system-out><![CDATA[2021-02-03 22:52:43 - [TEST_CASE][PASSED] - Test Cases/TC_Login_RigisterUserAndForgotYourPassword_AR/BasicTCs/TC_LoginUserWithInValidUserNameAndVerifyLoginShouldNotSucss: Test Cases/TC_Login_RigisterUserAndForgotYourPassword_AR/BasicTCs/TC_LoginUserWithInValidUserNameAndVerifyLoginShouldNotSucss

2021-02-03 22:52:43 - [TEST_STEP][PASSED] - excelTestData = findTestData("Data Files/TestData/InspectTestData_AR"): null

2021-02-03 22:52:44 - [TEST_STEP][PASSED] - validationMessage = excelTestData.getValue(2, 4): null

2021-02-03 22:52:44 - [TEST_STEP][PASSED] - obj = findTestObject("Object Repository/AR_LoginAndRigisterUser/LoginLink"): null

2021-02-03 22:52:44 - [TEST_STEP][PASSED] - LoginBtn = findTestObject("Object Repository/LoginAndRigisterUser/LoginBtn"): null

2021-02-03 22:52:44 - [TEST_STEP][PASSED] - customKeywords.commanFunctions.openBrowser(): customKeywords.commanFunctions.openBrowser is PASSED

2021-02-03 22:52:44 - [MESSAGE][INFO] - Starting 'Chrome' driver

2021-02-03 22:52:44 - [MESSAGE][INFO] - Action delay is set to 0 milliseconds

2021-02-03 22:52:58 - [MESSAGE][PASSED] - Browser is opened with url: 'https://Inspect.Stage.site.sa'

2021-02-03 22:53:01 - [MESSAGE][PASSED] - Current window maximized

2021-02-03 22:53:01 - [MESSAGE][PASSED] - Wait for page load successfully

2021-02-03 22:53:01 - [MESSAGE][PASSED] - customKeywords.commanFunctions.openBrowser is PASSED

2021-02-03 22:53:01 - [TEST_STEP][PASSED] - click(findTestObject("Object Repository/HomePage/Arabic_Tab")): Object: 'Object Repository/HomePage/Arabic_Tab' is clicked on

2021-02-03 22:53:01 - [MESSAGE][PASSED] - Object: 'Object Repository/HomePage/Arabic_Tab' is clicked on

2021-02-03 22:53:01 - [TEST_STEP][PASSED] - waitForElementClickable(findTestObject("Object Repository/AR_LoginAndRigisterUser/LoginLink"), TimeOut): Object 'Object Repository/AR_LoginAndRigisterUser/LoginLink' is clickable

2021-02-03 22:53:02 - [MESSAGE][PASSED] - Object 'Object Repository/AR_LoginAndRigisterUser/LoginLink' is clickable

2021-02-03 22:53:02 - [TEST_STEP][PASSED] - customKeywords.commanFunctions.clickElementWithJS(obj): customKeywords.commanFunctions.clickElementWithJS is PASSED

2021-02-03 22:53:03 - [MESSAGE][INFO] - Clicked on element with JS

2021-02-03 22:53:03 - [MESSAGE][PASSED] - customKeywords.commanFunctions.clickElementWithJS is PASSED

2021-02-03 22:53:03 - [TEST_STEP][PASSED] - str = customKeywords.commanFunctions.getRandomAlphaString(5): customKeywords.commanFunctions.getRandomAlphaString is PASSED

2021-02-03 22:53:03 - [MESSAGE][PASSED] - customKeywords.commanFunctions.getRandomAlphaString is PASSED

2021-02-03 22:53:03 - [TEST_STEP][PASSED] - email = "test_" + str + "@email.com": null

2021-02-03 22:53:03 - [TEST_STEP][PASSED] - sendKeys(findTestObject("Object Repository/LoginAndRigisterUser/UserName_Email_Input"), email): Keys 'test_blixl@email.com' sent to object: 'Object Repository/LoginAndRigisterUser/UserName_Email_Input'

2021-02-03 22:53:04 - [MESSAGE][PASSED] - Keys 'test_blixl@email.com' sent to object: 'Object Repository/LoginAndRigisterUser/UserName_Email_Input'

2021-02-03 22:53:04 - [TEST_STEP][PASSED] - sendKeys(findTestObject("Object Repository/LoginAndRigisterUser/Password_Input"), AdminPassWord): Keys 'Aa@12345' sent to object: 'Object Repository/LoginAndRigisterUser/Password_Input'

2021-02-03 22:53:05 - [MESSAGE][PASSED] - Keys 'Aa@12345' sent to object: 'Object Repository/LoginAndRigisterUser/Password_Input'

2021-02-03 22:53:05 - [TEST_STEP][PASSED] - waitForElementClickable(LoginBtn, TimeOut): Object 'Object Repository/LoginAndRigisterUser/LoginBtn' is clickable

2021-02-03 22:53:05 - [MESSAGE][PASSED] - Object 'Object Repository/LoginAndRigisterUser/LoginBtn' is clickable

2021-02-03 22:53:05 - [TEST_STEP][PASSED] - customKeywords.commanFunctions.clickElementWithJS(LoginBtn): customKeywords.commanFunctions.clickElementWithJS is PASSED

2021-02-03 22:53:06 - [MESSAGE][INFO] - Clicked on element with JS

2021-02-03 22:53:06 - [MESSAGE][PASSED] - customKeywords.commanFunctions.clickElementWithJS is PASSED

2021-02-03 22:53:06 - [TEST_STEP][PASSED] - verifyTextPresent(validationMessage, false): Text 'البريد الإلكتروني أو كلمة المرور غير صحيحة' is present on page 

2021-02-03 22:53:07 - [MESSAGE][PASSED] - Text 'البريد الإلكتروني أو كلمة المرور غير صحيحة' is present on page 

2021-02-03 22:53:07 - [TEST_STEP][PASSED] - customKeywords.commanFunctions.onlyCloseBrowser(): customKeywords.commanFunctions.onlyCloseBrowser is PASSED

2021-02-03 22:53:09 - [MESSAGE][PASSED] - Browser is closed

2021-02-03 22:53:09 - [MESSAGE][PASSED] - customKeywords.commanFunctions.onlyCloseBrowser is PASSED]]></system-out>
         <system-err><![CDATA[]]></system-err>
      </testcase>
      <testcase name="Test Cases/TC_Login_RigisterUserAndForgotYourPassword_AR/BasicTCs/TC_LoginUserWithValidCredentialsAndVerifyLoginSucss" time="69.396" classname="Test Cases/TC_Login_RigisterUserAndForgotYourPassword_AR/BasicTCs/TC_LoginUserWithValidCredentialsAndVerifyLoginSucss" status="PASSED">
         <system-out><![CDATA[2021-02-03 22:53:09 - [TEST_CASE][PASSED] - Test Cases/TC_Login_RigisterUserAndForgotYourPassword_AR/BasicTCs/TC_LoginUserWithValidCredentialsAndVerifyLoginSucss: Test Cases/TC_Login_RigisterUserAndForgotYourPassword_AR/BasicTCs/TC_LoginUserWithValidCredentialsAndVerifyLoginSucss

2021-02-03 22:53:09 - [TEST_STEP][PASSED] - callTestCase(findTestCase("Test Cases/TC_Login_RigisterUserAndForgotYourPassword/CommanTCs/TC_LoginToBrowserAsAdmin"), null): Call Test Case 'Test Cases/TC_Login_RigisterUserAndForgotYourPassword/CommanTCs/TC_LoginToBrowserAsAdmin' successfully

2021-02-03 22:53:09 - [TEST_CASE][PASSED] - Test Cases/TC_Login_RigisterUserAndForgotYourPassword/CommanTCs/TC_LoginToBrowserAsAdmin: Test Cases/TC_Login_RigisterUserAndForgotYourPassword/CommanTCs/TC_LoginToBrowserAsAdmin

2021-02-03 22:53:09 - [TEST_STEP][PASSED] - obj = findTestObject("LoginAndRigisterUser/LoginLink"): null

2021-02-03 22:53:09 - [TEST_STEP][PASSED] - customKeywords.commanFunctions.openBrowser(): customKeywords.commanFunctions.openBrowser is PASSED

2021-02-03 22:53:09 - [MESSAGE][INFO] - Starting 'Chrome' driver

2021-02-03 22:53:09 - [MESSAGE][INFO] - Action delay is set to 0 milliseconds

2021-02-03 22:53:24 - [MESSAGE][PASSED] - Browser is opened with url: 'https://Inspect.Stage.site.sa'

2021-02-03 22:53:27 - [MESSAGE][PASSED] - Current window maximized

2021-02-03 22:53:27 - [MESSAGE][PASSED] - Wait for page load successfully

2021-02-03 22:53:27 - [MESSAGE][PASSED] - customKeywords.commanFunctions.openBrowser is PASSED

2021-02-03 22:53:27 - [TEST_STEP][PASSED] - waitForElementClickable(findTestObject("LoginAndRigisterUser/LoginLink"), TimeOut): Object 'Object Repository/LoginAndRigisterUser/LoginLink' is clickable

2021-02-03 22:53:27 - [MESSAGE][PASSED] - Object 'Object Repository/LoginAndRigisterUser/LoginLink' is clickable

2021-02-03 22:53:27 - [TEST_STEP][PASSED] - customKeywords.commanFunctions.clickElementWithJS(obj): customKeywords.commanFunctions.clickElementWithJS is PASSED

2021-02-03 22:53:28 - [MESSAGE][INFO] - Clicked on element with JS

2021-02-03 22:53:28 - [MESSAGE][PASSED] - customKeywords.commanFunctions.clickElementWithJS is PASSED

2021-02-03 22:53:28 - [TEST_STEP][PASSED] - customKeywords.commanFunctions.logIntoBrowser(): customKeywords.commanFunctions.logIntoBrowser is PASSED

2021-02-03 22:53:29 - [MESSAGE][PASSED] - Keys 'admin@example.com' sent to object: 'Object Repository/LoginAndRigisterUser/UserName_Email_Input'

2021-02-03 22:53:30 - [MESSAGE][PASSED] - Keys 'Aa@12345' sent to object: 'Object Repository/LoginAndRigisterUser/Password_Input'

2021-02-03 22:53:31 - [MESSAGE][PASSED] - Delayed 1 second(s)

2021-02-03 22:53:31 - [MESSAGE][PASSED] - Object 'Object Repository/LoginAndRigisterUser/LoginBtn' is clickable

2021-02-03 22:53:32 - [MESSAGE][INFO] - Clicked on element with JS

2021-02-03 22:53:32 - [MESSAGE][PASSED] - customKeywords.commanFunctions.logIntoBrowser is PASSED

2021-02-03 22:53:32 - [TEST_STEP][PASSED] - customKeywords.commanFunctions.otpLogin(): customKeywords.commanFunctions.otpLogin is PASSED

2021-02-03 22:53:36 - [MESSAGE][PASSED] - Keys '0' sent to object: 'Object Repository/LoginAndRigisterUser/otpOne'

2021-02-03 22:53:37 - [MESSAGE][PASSED] - Keys '0' sent to object: 'Object Repository/LoginAndRigisterUser/otpTwo'

2021-02-03 22:53:37 - [MESSAGE][PASSED] - Keys '0' sent to object: 'Object Repository/LoginAndRigisterUser/otpThree'

2021-02-03 22:53:39 - [MESSAGE][PASSED] - Keys '0' sent to object: 'Object Repository/LoginAndRigisterUser/otpFour'

2021-02-03 22:53:39 - [MESSAGE][PASSED] - Keys '0' sent to object: 'Object Repository/LoginAndRigisterUser/otpFive'

2021-02-03 22:53:40 - [MESSAGE][INFO] - Clicked on element with JS

2021-02-03 22:53:40 - [MESSAGE][PASSED] - customKeywords.commanFunctions.otpLogin is PASSED

2021-02-03 22:53:40 - [MESSAGE][PASSED] - Call Test Case 'Test Cases/TC_Login_RigisterUserAndForgotYourPassword/CommanTCs/TC_LoginToBrowserAsAdmin' successfully

2021-02-03 22:53:40 - [TEST_STEP][PASSED] - customKeywords.commanFunctions.logOutAndcloseBrowser_AR(): customKeywords.commanFunctions.logOutAndcloseBrowser_AR is PASSED

2021-02-03 22:53:44 - [MESSAGE][PASSED] - Object 'Object Repository/LoginAndRigisterUser/AdminDD' is clickable

2021-02-03 22:53:45 - [MESSAGE][INFO] - Clicked on element with JS

2021-02-03 22:54:16 - [MESSAGE][INFO] - Unable to find the element located by 'By.xpath: //li[contains(text(),'تسجيل خروج')]'. Please recheck the objects properties to make sure the desired element is located. 

2021-02-03 22:54:16 - [MESSAGE][INFO] - Exception while clicking on element with JSWeb element with id: 'Object Repository/AR_LoginAndRigisterUser/Logout' located by '//li[contains(text(),'تسجيل خروج')]' not found

2021-02-03 22:54:17 - [MESSAGE][PASSED] - Delayed 1 second(s)

2021-02-03 22:54:18 - [MESSAGE][PASSED] - Browser is closed

2021-02-03 22:54:18 - [MESSAGE][PASSED] - customKeywords.commanFunctions.logOutAndcloseBrowser_AR is PASSED]]></system-out>
         <system-err><![CDATA[]]></system-err>
      </testcase>
      <testcase name="Test Cases/TC_PublicUser/CSP-T234a_1.0_As a public user, Verify successful submitting a sample message of URL in EN" time="23.778" classname="Test Cases/TC_PublicUser/CSP-T234a_1.0_As a public user, Verify successful submitting a sample message of URL in EN" status="PASSED">
         <system-out><![CDATA[2021-02-03 22:54:18 - [TEST_CASE][PASSED] - Test Cases/TC_PublicUser/CSP-T234a_1.0_As a public user, Verify successful submitting a sample message of URL in EN: Test Cases/TC_PublicUser/CSP-T234a_1.0_As a public user, Verify successful submitting a sample message of URL in EN

2021-02-03 22:54:19 - [TEST_STEP][PASSED] - excelTestData = findTestData("Data Files/TestData/InspectTestData"): null

2021-02-03 22:54:19 - [TEST_STEP][PASSED] - customKeywords.commanFunctions.openBrowser(): customKeywords.commanFunctions.openBrowser is PASSED

2021-02-03 22:54:19 - [MESSAGE][INFO] - Starting 'Chrome' driver

2021-02-03 22:54:19 - [MESSAGE][INFO] - Action delay is set to 0 milliseconds

2021-02-03 22:54:33 - [MESSAGE][PASSED] - Browser is opened with url: 'https://Inspect.Stage.site.sa'

2021-02-03 22:54:35 - [MESSAGE][PASSED] - Current window maximized

2021-02-03 22:54:36 - [MESSAGE][PASSED] - Wait for page load successfully

2021-02-03 22:54:36 - [MESSAGE][PASSED] - customKeywords.commanFunctions.openBrowser is PASSED

2021-02-03 22:54:36 - [TEST_STEP][PASSED] - click(findTestObject("Object Repository/PublicUserHomePage/UrlTab")): Object: 'Object Repository/PublicUserHomePage/UrlTab' is clicked on

2021-02-03 22:54:36 - [MESSAGE][PASSED] - Object: 'Object Repository/PublicUserHomePage/UrlTab' is clicked on

2021-02-03 22:54:36 - [TEST_STEP][PASSED] - sampleURL = excelTestData.getValue(4, 23): null

2021-02-03 22:54:36 - [TEST_STEP][PASSED] - sendKeys(findTestObject("Object Repository/HomePage/PleaseEnterURL_Input"), sampleURL): Keys 'https://sampleurl.com' sent to object: 'Object Repository/HomePage/PleaseEnterURL_Input'

2021-02-03 22:54:37 - [MESSAGE][PASSED] - Keys 'https://sampleurl.com' sent to object: 'Object Repository/HomePage/PleaseEnterURL_Input'

2021-02-03 22:54:37 - [TEST_STEP][PASSED] - userEmail = excelTestData.getValue(2, 23): null

2021-02-03 22:54:37 - [TEST_STEP][PASSED] - sendKeys(findTestObject("Object Repository/PublicUserHomePage/email_Input"), userEmail): Keys 'Os-ARahman@projects.site.sa' sent to object: 'Object Repository/PublicUserHomePage/email_Input'

2021-02-03 22:54:38 - [MESSAGE][PASSED] - Keys 'Os-ARahman@projects.site.sa' sent to object: 'Object Repository/PublicUserHomePage/email_Input'

2021-02-03 22:54:38 - [TEST_STEP][PASSED] - click(findTestObject("Object Repository/PublicUserHomePage/SiteInspectTermsOfUse_CheckBox")): Object: 'Object Repository/PublicUserHomePage/SiteInspectTermsOfUse_CheckBox' is clicked on

2021-02-03 22:54:38 - [MESSAGE][PASSED] - Object: 'Object Repository/PublicUserHomePage/SiteInspectTermsOfUse_CheckBox' is clicked on

2021-02-03 22:54:38 - [TEST_STEP][PASSED] - click(findTestObject("Object Repository/HomePage/startAnalysis_EnableBtn")): Object: 'Object Repository/HomePage/startAnalysis_EnableBtn' is clicked on

2021-02-03 22:54:39 - [MESSAGE][PASSED] - Object: 'Object Repository/HomePage/startAnalysis_EnableBtn' is clicked on

2021-02-03 22:54:39 - [TEST_STEP][PASSED] - SubmissionValidationMessage = excelTestData.getValue(3, 87): null

2021-02-03 22:54:39 - [TEST_STEP][PASSED] - verifyTextPresent(SubmissionValidationMessage, false): Text 'Your submission was successful
The analysis results will be delivered to you via email' is present on page 

2021-02-03 22:54:40 - [MESSAGE][PASSED] - Text 'Your submission was successful
The analysis results will be delivered to you via email' is present on page 

2021-02-03 22:54:40 - [TEST_STEP][PASSED] - click(findTestObject("Object Repository/PublicUserHomePage/OKPopUpBtn")): Object: 'Object Repository/PublicUserHomePage/OKPopUpBtn' is clicked on

2021-02-03 22:54:41 - [MESSAGE][PASSED] - Object: 'Object Repository/PublicUserHomePage/OKPopUpBtn' is clicked on

2021-02-03 22:54:41 - [TEST_STEP][PASSED] - customKeywords.commanFunctions.onlyCloseBrowser(): customKeywords.commanFunctions.onlyCloseBrowser is PASSED

2021-02-03 22:54:42 - [MESSAGE][PASSED] - Browser is closed

2021-02-03 22:54:42 - [MESSAGE][PASSED] - customKeywords.commanFunctions.onlyCloseBrowser is PASSED]]></system-out>
         <system-err><![CDATA[]]></system-err>
      </testcase>
      <testcase name="Test Cases/TC_PublicUser/CSP-T234b_1.0_As a public user, Verify successful submitting a sample message of file in EN" time="27.021" classname="Test Cases/TC_PublicUser/CSP-T234b_1.0_As a public user, Verify successful submitting a sample message of file in EN" status="FAILED">
         <failure type="FAILED" message="Test Cases/TC_PublicUser/CSP-T234b_1.0_As a public user, Verify successful submitting a sample message of file in EN FAILED.
Reason:
com.kms.katalon.core.exception.StepFailedException: Unable to verify text 'sampleFile_10.9MB' is present 
	at com.kms.katalon.core.webui.keyword.internal.WebUIKeywordMain.stepFailed(WebUIKeywordMain.groovy:64)
	at com.kms.katalon.core.webui.keyword.internal.WebUIKeywordMain.runKeyword(WebUIKeywordMain.groovy:26)
	at com.kms.katalon.core.webui.keyword.builtin.VerifyTextPresentKeyword.verifyTextPresent(VerifyTextPresentKeyword.groovy:83)
	at com.kms.katalon.core.webui.keyword.builtin.VerifyTextPresentKeyword.execute(VerifyTextPresentKeyword.groovy:68)
	at com.kms.katalon.core.keyword.internal.KeywordExecutor.executeKeywordForPlatform(KeywordExecutor.groovy:73)
	at com.kms.katalon.core.webui.keyword.WebUiBuiltInKeywords.verifyTextPresent(WebUiBuiltInKeywords.groovy:1720)
	at com.kms.katalon.core.webui.keyword.WebUiBuiltInKeywords$verifyTextPresent$5.call(Unknown Source)
	at customKeywords.commanFunctions.UploadReqFile(commanFunctions.groovy:274)
	at customKeywords.commanFunctions.invokeMethod(commanFunctions.groovy)
	at com.kms.katalon.core.main.CustomKeywordDelegatingMetaClass.invokeStaticMethod(CustomKeywordDelegatingMetaClass.java:50)
	at CSP-T234b_1.0_As a public user, Verify successful submitting a sample message of file in EN.run(CSP-T234b_1.0_As a public user, Verify successful submitting a sample message of file in EN:27)
	at com.kms.katalon.core.main.ScriptEngine.run(ScriptEngine.java:194)
	at com.kms.katalon.core.main.ScriptEngine.runScriptAsRawText(ScriptEngine.java:119)
	at com.kms.katalon.core.main.TestCaseExecutor.runScript(TestCaseExecutor.java:394)
	at com.kms.katalon.core.main.TestCaseExecutor.doExecute(TestCaseExecutor.java:385)
	at com.kms.katalon.core.main.TestCaseExecutor.processExecutionPhase(TestCaseExecutor.java:364)
	at com.kms.katalon.core.main.TestCaseExecutor.accessMainPhase(TestCaseExecutor.java:356)
	at com.kms.katalon.core.main.TestCaseExecutor.execute(TestCaseExecutor.java:251)
	at com.kms.katalon.core.main.TestSuiteExecutor.accessTestCaseMainPhase(TestSuiteExecutor.java:203)
	at com.kms.katalon.core.main.TestSuiteExecutor.accessTestSuiteMainPhase(TestSuiteExecutor.java:152)
	at com.kms.katalon.core.main.TestSuiteExecutor.execute(TestSuiteExecutor.java:95)
	at com.kms.katalon.core.main.TestCaseMain.startTestSuite(TestCaseMain.java:157)
	at com.kms.katalon.core.main.TestCaseMain$startTestSuite$0.call(Unknown Source)
	at TempTestSuite1612372552149.run(TempTestSuite1612372552149.groovy:39)
Caused by: com.kms.katalon.core.exception.StepFailedException: Text 'sampleFile_10.9MB' is not present on page 
	at com.kms.katalon.core.webui.keyword.internal.WebUIKeywordMain.stepFailed(WebUIKeywordMain.groovy:64)
	at com.kms.katalon.core.webui.keyword.builtin.VerifyTextPresentKeyword$_verifyTextPresent_closure1.doCall(VerifyTextPresentKeyword.groovy:79)
	at com.kms.katalon.core.webui.keyword.builtin.VerifyTextPresentKeyword$_verifyTextPresent_closure1.call(VerifyTextPresentKeyword.groovy)
	at com.kms.katalon.core.webui.keyword.internal.WebUIKeywordMain.runKeyword(WebUIKeywordMain.groovy:20)
	... 22 more
"/>
         <system-out><![CDATA[2021-02-03 22:54:42 - [TEST_CASE][FAILED] - Test Cases/TC_PublicUser/CSP-T234b_1.0_As a public user, Verify successful submitting a sample message of file in EN: Test Cases/TC_PublicUser/CSP-T234b_1.0_As a public user, Verify successful submitting a sample message of file in EN FAILED.
Reason:
com.kms.katalon.core.exception.StepFailedException: Unable to verify text 'sampleFile_10.9MB' is present 
	at com.kms.katalon.core.webui.keyword.internal.WebUIKeywordMain.stepFailed(WebUIKeywordMain.groovy:64)
	at com.kms.katalon.core.webui.keyword.internal.WebUIKeywordMain.runKeyword(WebUIKeywordMain.groovy:26)
	at com.kms.katalon.core.webui.keyword.builtin.VerifyTextPresentKeyword.verifyTextPresent(VerifyTextPresentKeyword.groovy:83)
	at com.kms.katalon.core.webui.keyword.builtin.VerifyTextPresentKeyword.execute(VerifyTextPresentKeyword.groovy:68)
	at com.kms.katalon.core.keyword.internal.KeywordExecutor.executeKeywordForPlatform(KeywordExecutor.groovy:73)
	at com.kms.katalon.core.webui.keyword.WebUiBuiltInKeywords.verifyTextPresent(WebUiBuiltInKeywords.groovy:1720)
	at com.kms.katalon.core.webui.keyword.WebUiBuiltInKeywords$verifyTextPresent$5.call(Unknown Source)
	at customKeywords.commanFunctions.UploadReqFile(commanFunctions.groovy:274)
	at customKeywords.commanFunctions.invokeMethod(commanFunctions.groovy)
	at com.kms.katalon.core.main.CustomKeywordDelegatingMetaClass.invokeStaticMethod(CustomKeywordDelegatingMetaClass.java:50)
	at CSP-T234b_1.0_As a public user, Verify successful submitting a sample message of file in EN.run(CSP-T234b_1.0_As a public user, Verify successful submitting a sample message of file in EN:27)
	at com.kms.katalon.core.main.ScriptEngine.run(ScriptEngine.java:194)
	at com.kms.katalon.core.main.ScriptEngine.runScriptAsRawText(ScriptEngine.java:119)
	at com.kms.katalon.core.main.TestCaseExecutor.runScript(TestCaseExecutor.java:394)
	at com.kms.katalon.core.main.TestCaseExecutor.doExecute(TestCaseExecutor.java:385)
	at com.kms.katalon.core.main.TestCaseExecutor.processExecutionPhase(TestCaseExecutor.java:364)
	at com.kms.katalon.core.main.TestCaseExecutor.accessMainPhase(TestCaseExecutor.java:356)
	at com.kms.katalon.core.main.TestCaseExecutor.execute(TestCaseExecutor.java:251)
	at com.kms.katalon.core.main.TestSuiteExecutor.accessTestCaseMainPhase(TestSuiteExecutor.java:203)
	at com.kms.katalon.core.main.TestSuiteExecutor.accessTestSuiteMainPhase(TestSuiteExecutor.java:152)
	at com.kms.katalon.core.main.TestSuiteExecutor.execute(TestSuiteExecutor.java:95)
	at com.kms.katalon.core.main.TestCaseMain.startTestSuite(TestCaseMain.java:157)
	at com.kms.katalon.core.main.TestCaseMain$startTestSuite$0.call(Unknown Source)
	at TempTestSuite1612372552149.run(TempTestSuite1612372552149.groovy:39)
Caused by: com.kms.katalon.core.exception.StepFailedException: Text 'sampleFile_10.9MB' is not present on page 
	at com.kms.katalon.core.webui.keyword.internal.WebUIKeywordMain.stepFailed(WebUIKeywordMain.groovy:64)
	at com.kms.katalon.core.webui.keyword.builtin.VerifyTextPresentKeyword$_verifyTextPresent_closure1.doCall(VerifyTextPresentKeyword.groovy:79)
	at com.kms.katalon.core.webui.keyword.builtin.VerifyTextPresentKeyword$_verifyTextPresent_closure1.call(VerifyTextPresentKeyword.groovy)
	at com.kms.katalon.core.webui.keyword.internal.WebUIKeywordMain.runKeyword(WebUIKeywordMain.groovy:20)
	... 22 more


2021-02-03 22:54:42 - [TEST_STEP][PASSED] - excelTestData = findTestData("Data Files/TestData/InspectTestData"): null

2021-02-03 22:54:42 - [TEST_STEP][PASSED] - customKeywords.commanFunctions.openBrowser(): customKeywords.commanFunctions.openBrowser is PASSED

2021-02-03 22:54:43 - [MESSAGE][INFO] - Starting 'Chrome' driver

2021-02-03 22:54:43 - [MESSAGE][INFO] - Action delay is set to 0 milliseconds

2021-02-03 22:54:58 - [MESSAGE][PASSED] - Browser is opened with url: 'https://Inspect.Stage.site.sa'

2021-02-03 22:55:00 - [MESSAGE][PASSED] - Current window maximized

2021-02-03 22:55:00 - [MESSAGE][PASSED] - Wait for page load successfully

2021-02-03 22:55:00 - [MESSAGE][PASSED] - customKeywords.commanFunctions.openBrowser is PASSED

2021-02-03 22:55:00 - [TEST_STEP][PASSED] - fileNameWithExten = excelTestData.getValue(2, 91): null

2021-02-03 22:55:00 - [TEST_STEP][PASSED] - existedFileName = excelTestData.getValue(3, 91): null

2021-02-03 22:55:00 - [TEST_STEP][FAILED] - customKeywords.commanFunctions.UploadReqFile(fileNameWithExten, existedFileName): Unable to verify text 'sampleFile_10.9MB' is present 

2021-02-03 22:55:02 - [MESSAGE][PASSED] - Object: 'Object Repository/HomePage/ChooseAFile' is clicked on

2021-02-03 22:55:04 - [MESSAGE][PASSED] - Delayed 2 second(s)

2021-02-03 22:55:06 - [MESSAGE][INFO] - Image Uploaded Sucsessfully

2021-02-03 22:55:08 - [MESSAGE][PASSED] - Delayed 2 second(s)

2021-02-03 22:55:08 - [MESSAGE][FAILED] - Text 'sampleFile_10.9MB' is not present on page  (Root cause: com.kms.katalon.core.exception.StepFailedException: Text 'sampleFile_10.9MB' is not present on page 
	at com.kms.katalon.core.webui.keyword.internal.WebUIKeywordMain.stepFailed(WebUIKeywordMain.groovy:64)
	at com.kms.katalon.core.webui.keyword.builtin.VerifyTextPresentKeyword$_verifyTextPresent_closure1.doCall(VerifyTextPresentKeyword.groovy:79)
	at com.kms.katalon.core.webui.keyword.builtin.VerifyTextPresentKeyword$_verifyTextPresent_closure1.call(VerifyTextPresentKeyword.groovy)
	at com.kms.katalon.core.webui.keyword.internal.WebUIKeywordMain.runKeyword(WebUIKeywordMain.groovy:20)
	at com.kms.katalon.core.webui.keyword.builtin.VerifyTextPresentKeyword.verifyTextPresent(VerifyTextPresentKeyword.groovy:83)
	at com.kms.katalon.core.webui.keyword.builtin.VerifyTextPresentKeyword.execute(VerifyTextPresentKeyword.groovy:68)
	at com.kms.katalon.core.keyword.internal.KeywordExecutor.executeKeywordForPlatform(KeywordExecutor.groovy:73)
	at com.kms.katalon.core.webui.keyword.WebUiBuiltInKeywords.verifyTextPresent(WebUiBuiltInKeywords.groovy:1720)
	at com.kms.katalon.core.webui.keyword.WebUiBuiltInKeywords$verifyTextPresent$5.call(Unknown Source)
	at customKeywords.commanFunctions.UploadReqFile(commanFunctions.groovy:274)
	at customKeywords.commanFunctions.invokeMethod(commanFunctions.groovy)
	at com.kms.katalon.core.main.CustomKeywordDelegatingMetaClass.invokeStaticMethod(CustomKeywordDelegatingMetaClass.java:50)
	at CSP-T234b_1.0_As a public user, Verify successful submitting a sample message of file in EN.run(CSP-T234b_1.0_As a public user, Verify successful submitting a sample message of file in EN:27)
	at com.kms.katalon.core.main.ScriptEngine.run(ScriptEngine.java:194)
	at com.kms.katalon.core.main.ScriptEngine.runScriptAsRawText(ScriptEngine.java:119)
	at com.kms.katalon.core.main.TestCaseExecutor.runScript(TestCaseExecutor.java:394)
	at com.kms.katalon.core.main.TestCaseExecutor.doExecute(TestCaseExecutor.java:385)
	at com.kms.katalon.core.main.TestCaseExecutor.processExecutionPhase(TestCaseExecutor.java:364)
	at com.kms.katalon.core.main.TestCaseExecutor.accessMainPhase(TestCaseExecutor.java:356)
	at com.kms.katalon.core.main.TestCaseExecutor.execute(TestCaseExecutor.java:251)
	at com.kms.katalon.core.main.TestSuiteExecutor.accessTestCaseMainPhase(TestSuiteExecutor.java:203)
	at com.kms.katalon.core.main.TestSuiteExecutor.accessTestSuiteMainPhase(TestSuiteExecutor.java:152)
	at com.kms.katalon.core.main.TestSuiteExecutor.execute(TestSuiteExecutor.java:95)
	at com.kms.katalon.core.main.TestCaseMain.startTestSuite(TestCaseMain.java:157)
	at com.kms.katalon.core.main.TestCaseMain$startTestSuite$0.call(Unknown Source)
	at TempTestSuite1612372552149.run(TempTestSuite1612372552149.groovy:39)
)

2021-02-03 22:55:09 - [MESSAGE][FAILED] - Unable to verify text 'sampleFile_10.9MB' is present  (Root cause: com.kms.katalon.core.exception.StepFailedException: Unable to verify text 'sampleFile_10.9MB' is present 
	at com.kms.katalon.core.webui.keyword.internal.WebUIKeywordMain.stepFailed(WebUIKeywordMain.groovy:64)
	at com.kms.katalon.core.webui.keyword.internal.WebUIKeywordMain.runKeyword(WebUIKeywordMain.groovy:26)
	at com.kms.katalon.core.webui.keyword.builtin.VerifyTextPresentKeyword.verifyTextPresent(VerifyTextPresentKeyword.groovy:83)
	at com.kms.katalon.core.webui.keyword.builtin.VerifyTextPresentKeyword.execute(VerifyTextPresentKeyword.groovy:68)
	at com.kms.katalon.core.keyword.internal.KeywordExecutor.executeKeywordForPlatform(KeywordExecutor.groovy:73)
	at com.kms.katalon.core.webui.keyword.WebUiBuiltInKeywords.verifyTextPresent(WebUiBuiltInKeywords.groovy:1720)
	at com.kms.katalon.core.webui.keyword.WebUiBuiltInKeywords$verifyTextPresent$5.call(Unknown Source)
	at customKeywords.commanFunctions.UploadReqFile(commanFunctions.groovy:274)
	at customKeywords.commanFunctions.invokeMethod(commanFunctions.groovy)
	at com.kms.katalon.core.main.CustomKeywordDelegatingMetaClass.invokeStaticMethod(CustomKeywordDelegatingMetaClass.java:50)
	at CSP-T234b_1.0_As a public user, Verify successful submitting a sample message of file in EN.run(CSP-T234b_1.0_As a public user, Verify successful submitting a sample message of file in EN:27)
	at com.kms.katalon.core.main.ScriptEngine.run(ScriptEngine.java:194)
	at com.kms.katalon.core.main.ScriptEngine.runScriptAsRawText(ScriptEngine.java:119)
	at com.kms.katalon.core.main.TestCaseExecutor.runScript(TestCaseExecutor.java:394)
	at com.kms.katalon.core.main.TestCaseExecutor.doExecute(TestCaseExecutor.java:385)
	at com.kms.katalon.core.main.TestCaseExecutor.processExecutionPhase(TestCaseExecutor.java:364)
	at com.kms.katalon.core.main.TestCaseExecutor.accessMainPhase(TestCaseExecutor.java:356)
	at com.kms.katalon.core.main.TestCaseExecutor.execute(TestCaseExecutor.java:251)
	at com.kms.katalon.core.main.TestSuiteExecutor.accessTestCaseMainPhase(TestSuiteExecutor.java:203)
	at com.kms.katalon.core.main.TestSuiteExecutor.accessTestSuiteMainPhase(TestSuiteExecutor.java:152)
	at com.kms.katalon.core.main.TestSuiteExecutor.execute(TestSuiteExecutor.java:95)
	at com.kms.katalon.core.main.TestCaseMain.startTestSuite(TestCaseMain.java:157)
	at com.kms.katalon.core.main.TestCaseMain$startTestSuite$0.call(Unknown Source)
	at TempTestSuite1612372552149.run(TempTestSuite1612372552149.groovy:39)
Caused by: com.kms.katalon.core.exception.StepFailedException: Text 'sampleFile_10.9MB' is not present on page 
	at com.kms.katalon.core.webui.keyword.internal.WebUIKeywordMain.stepFailed(WebUIKeywordMain.groovy:64)
	at com.kms.katalon.core.webui.keyword.builtin.VerifyTextPresentKeyword$_verifyTextPresent_closure1.doCall(VerifyTextPresentKeyword.groovy:79)
	at com.kms.katalon.core.webui.keyword.builtin.VerifyTextPresentKeyword$_verifyTextPresent_closure1.call(VerifyTextPresentKeyword.groovy)
	at com.kms.katalon.core.webui.keyword.internal.WebUIKeywordMain.runKeyword(WebUIKeywordMain.groovy:20)
	... 22 more
)
[[ATTACHMENT|C:\\Users\\araha\\Katalon Studio\\InspectAutomation\\Reports\\20210203_224552\\LogIn_RigisterUserAndForgotPwd_Module\\Suite_LogIn_RigisterUserAndForgotPwd_Module\\20210203_224552\\1612373108993.png]]

2021-02-03 22:55:09 - [MESSAGE][FAILED] - Unable to verify text 'sampleFile_10.9MB' is present]]></system-out>
         <system-err><![CDATA[2021-02-03 22:54:42 - [TEST_CASE][FAILED] - Test Cases/TC_PublicUser/CSP-T234b_1.0_As a public user, Verify successful submitting a sample message of file in EN: Test Cases/TC_PublicUser/CSP-T234b_1.0_As a public user, Verify successful submitting a sample message of file in EN FAILED.
Reason:
com.kms.katalon.core.exception.StepFailedException: Unable to verify text 'sampleFile_10.9MB' is present 
	at com.kms.katalon.core.webui.keyword.internal.WebUIKeywordMain.stepFailed(WebUIKeywordMain.groovy:64)
	at com.kms.katalon.core.webui.keyword.internal.WebUIKeywordMain.runKeyword(WebUIKeywordMain.groovy:26)
	at com.kms.katalon.core.webui.keyword.builtin.VerifyTextPresentKeyword.verifyTextPresent(VerifyTextPresentKeyword.groovy:83)
	at com.kms.katalon.core.webui.keyword.builtin.VerifyTextPresentKeyword.execute(VerifyTextPresentKeyword.groovy:68)
	at com.kms.katalon.core.keyword.internal.KeywordExecutor.executeKeywordForPlatform(KeywordExecutor.groovy:73)
	at com.kms.katalon.core.webui.keyword.WebUiBuiltInKeywords.verifyTextPresent(WebUiBuiltInKeywords.groovy:1720)
	at com.kms.katalon.core.webui.keyword.WebUiBuiltInKeywords$verifyTextPresent$5.call(Unknown Source)
	at customKeywords.commanFunctions.UploadReqFile(commanFunctions.groovy:274)
	at customKeywords.commanFunctions.invokeMethod(commanFunctions.groovy)
	at com.kms.katalon.core.main.CustomKeywordDelegatingMetaClass.invokeStaticMethod(CustomKeywordDelegatingMetaClass.java:50)
	at CSP-T234b_1.0_As a public user, Verify successful submitting a sample message of file in EN.run(CSP-T234b_1.0_As a public user, Verify successful submitting a sample message of file in EN:27)
	at com.kms.katalon.core.main.ScriptEngine.run(ScriptEngine.java:194)
	at com.kms.katalon.core.main.ScriptEngine.runScriptAsRawText(ScriptEngine.java:119)
	at com.kms.katalon.core.main.TestCaseExecutor.runScript(TestCaseExecutor.java:394)
	at com.kms.katalon.core.main.TestCaseExecutor.doExecute(TestCaseExecutor.java:385)
	at com.kms.katalon.core.main.TestCaseExecutor.processExecutionPhase(TestCaseExecutor.java:364)
	at com.kms.katalon.core.main.TestCaseExecutor.accessMainPhase(TestCaseExecutor.java:356)
	at com.kms.katalon.core.main.TestCaseExecutor.execute(TestCaseExecutor.java:251)
	at com.kms.katalon.core.main.TestSuiteExecutor.accessTestCaseMainPhase(TestSuiteExecutor.java:203)
	at com.kms.katalon.core.main.TestSuiteExecutor.accessTestSuiteMainPhase(TestSuiteExecutor.java:152)
	at com.kms.katalon.core.main.TestSuiteExecutor.execute(TestSuiteExecutor.java:95)
	at com.kms.katalon.core.main.TestCaseMain.startTestSuite(TestCaseMain.java:157)
	at com.kms.katalon.core.main.TestCaseMain$startTestSuite$0.call(Unknown Source)
	at TempTestSuite1612372552149.run(TempTestSuite1612372552149.groovy:39)
Caused by: com.kms.katalon.core.exception.StepFailedException: Text 'sampleFile_10.9MB' is not present on page 
	at com.kms.katalon.core.webui.keyword.internal.WebUIKeywordMain.stepFailed(WebUIKeywordMain.groovy:64)
	at com.kms.katalon.core.webui.keyword.builtin.VerifyTextPresentKeyword$_verifyTextPresent_closure1.doCall(VerifyTextPresentKeyword.groovy:79)
	at com.kms.katalon.core.webui.keyword.builtin.VerifyTextPresentKeyword$_verifyTextPresent_closure1.call(VerifyTextPresentKeyword.groovy)
	at com.kms.katalon.core.webui.keyword.internal.WebUIKeywordMain.runKeyword(WebUIKeywordMain.groovy:20)
	... 22 more]]></system-err>
      </testcase>
      <testcase name="Test Cases/TC_PublicUser/CSP-T234c_1.0_As a public user, Verify successful submitting a sample message of CF in EN" time="33.453" classname="Test Cases/TC_PublicUser/CSP-T234c_1.0_As a public user, Verify successful submitting a sample message of CF in EN" status="PASSED">
         <system-out><![CDATA[2021-02-03 22:55:09 - [TEST_CASE][PASSED] - Test Cases/TC_PublicUser/CSP-T234c_1.0_As a public user, Verify successful submitting a sample message of CF in EN: Test Cases/TC_PublicUser/CSP-T234c_1.0_As a public user, Verify successful submitting a sample message of CF in EN

2021-02-03 22:55:10 - [TEST_STEP][PASSED] - excelTestData = findTestData("Data Files/TestData/InspectTestData"): null

2021-02-03 22:55:10 - [TEST_STEP][PASSED] - customKeywords.commanFunctions.openBrowser(): customKeywords.commanFunctions.openBrowser is PASSED

2021-02-03 22:55:11 - [MESSAGE][WARNING] - A browser is already opened. Closing browser and opening a new one

2021-02-03 22:55:12 - [MESSAGE][INFO] - Starting 'Chrome' driver

2021-02-03 22:55:12 - [MESSAGE][INFO] - Action delay is set to 0 milliseconds

2021-02-03 22:55:27 - [MESSAGE][PASSED] - Browser is opened with url: 'https://Inspect.Stage.site.sa'

2021-02-03 22:55:29 - [MESSAGE][PASSED] - Current window maximized

2021-02-03 22:55:29 - [MESSAGE][PASSED] - Wait for page load successfully

2021-02-03 22:55:29 - [MESSAGE][PASSED] - customKeywords.commanFunctions.openBrowser is PASSED

2021-02-03 22:55:29 - [TEST_STEP][PASSED] - fileNameWithExten = excelTestData.getValue(2, 95): null

2021-02-03 22:55:29 - [TEST_STEP][PASSED] - existedFileName = excelTestData.getValue(3, 95): null

2021-02-03 22:55:29 - [TEST_STEP][PASSED] - customKeywords.commanFunctions.UploadReqFile(fileNameWithExten, existedFileName): customKeywords.commanFunctions.UploadReqFile is PASSED

2021-02-03 22:55:31 - [MESSAGE][PASSED] - Object: 'Object Repository/HomePage/ChooseAFile' is clicked on

2021-02-03 22:55:33 - [MESSAGE][PASSED] - Delayed 2 second(s)

2021-02-03 22:55:35 - [MESSAGE][INFO] - Image Uploaded Sucsessfully

2021-02-03 22:55:37 - [MESSAGE][PASSED] - Delayed 2 second(s)

2021-02-03 22:55:37 - [MESSAGE][PASSED] - Text 'CompressedFile' is present on page 

2021-02-03 22:55:37 - [MESSAGE][PASSED] - customKeywords.commanFunctions.UploadReqFile is PASSED

2021-02-03 22:55:37 - [TEST_STEP][PASSED] - userEmail = excelTestData.getValue(2, 23): null

2021-02-03 22:55:37 - [TEST_STEP][PASSED] - sendKeys(findTestObject("Object Repository/PublicUserHomePage/email_Input"), userEmail): Keys 'Os-ARahman@projects.site.sa' sent to object: 'Object Repository/PublicUserHomePage/email_Input'

2021-02-03 22:55:38 - [MESSAGE][PASSED] - Keys 'Os-ARahman@projects.site.sa' sent to object: 'Object Repository/PublicUserHomePage/email_Input'

2021-02-03 22:55:38 - [TEST_STEP][PASSED] - click(findTestObject("Object Repository/PublicUserHomePage/SiteInspectTermsOfUse_CheckBox")): Object: 'Object Repository/PublicUserHomePage/SiteInspectTermsOfUse_CheckBox' is clicked on

2021-02-03 22:55:39 - [MESSAGE][PASSED] - Object: 'Object Repository/PublicUserHomePage/SiteInspectTermsOfUse_CheckBox' is clicked on

2021-02-03 22:55:39 - [TEST_STEP][PASSED] - click(findTestObject("Object Repository/HomePage/startAnalysis_EnableBtn")): Object: 'Object Repository/HomePage/startAnalysis_EnableBtn' is clicked on

2021-02-03 22:55:39 - [MESSAGE][PASSED] - Object: 'Object Repository/HomePage/startAnalysis_EnableBtn' is clicked on

2021-02-03 22:55:39 - [TEST_STEP][PASSED] - click(findTestObject("Object Repository/PublicUserHomePage/OKPopUpBtn")): Object: 'Object Repository/PublicUserHomePage/OKPopUpBtn' is clicked on

2021-02-03 22:55:41 - [MESSAGE][PASSED] - Object: 'Object Repository/PublicUserHomePage/OKPopUpBtn' is clicked on

2021-02-03 22:55:41 - [TEST_STEP][PASSED] - customKeywords.commanFunctions.onlyCloseBrowser(): customKeywords.commanFunctions.onlyCloseBrowser is PASSED

2021-02-03 22:55:42 - [MESSAGE][PASSED] - Browser is closed

2021-02-03 22:55:42 - [MESSAGE][PASSED] - customKeywords.commanFunctions.onlyCloseBrowser is PASSED]]></system-out>
         <system-err><![CDATA[]]></system-err>
      </testcase>
      <testcase name="Test Cases/TC_PublicUser/CSP-T9_1.0_As public user , Trigger URL validation with invalid formats - Check message" time="25.645" classname="Test Cases/TC_PublicUser/CSP-T9_1.0_As public user , Trigger URL validation with invalid formats - Check message" status="FAILED">
         <failure type="FAILED" message="Test Cases/TC_PublicUser/CSP-T9_1.0_As public user , Trigger URL validation with invalid formats - Check message FAILED.
Reason:
com.kms.katalon.core.exception.StepFailedException: Unable to verify text 'URL format is not valid.' is present 
	at com.kms.katalon.core.webui.keyword.internal.WebUIKeywordMain.stepFailed(WebUIKeywordMain.groovy:64)
	at com.kms.katalon.core.webui.keyword.internal.WebUIKeywordMain.runKeyword(WebUIKeywordMain.groovy:26)
	at com.kms.katalon.core.webui.keyword.builtin.VerifyTextPresentKeyword.verifyTextPresent(VerifyTextPresentKeyword.groovy:83)
	at com.kms.katalon.core.webui.keyword.builtin.VerifyTextPresentKeyword.execute(VerifyTextPresentKeyword.groovy:68)
	at com.kms.katalon.core.keyword.internal.KeywordExecutor.executeKeywordForPlatform(KeywordExecutor.groovy:73)
	at com.kms.katalon.core.webui.keyword.WebUiBuiltInKeywords.verifyTextPresent(WebUiBuiltInKeywords.groovy:1720)
	at com.kms.katalon.core.webui.keyword.WebUiBuiltInKeywords$verifyTextPresent$5.call(Unknown Source)
	at CSP-T9_1.0_As public user , Trigger URL validation with invalid formats - Check message.run(CSP-T9_1.0_As public user , Trigger URL validation with invalid formats - Check message:33)
	at com.kms.katalon.core.main.ScriptEngine.run(ScriptEngine.java:194)
	at com.kms.katalon.core.main.ScriptEngine.runScriptAsRawText(ScriptEngine.java:119)
	at com.kms.katalon.core.main.TestCaseExecutor.runScript(TestCaseExecutor.java:394)
	at com.kms.katalon.core.main.TestCaseExecutor.doExecute(TestCaseExecutor.java:385)
	at com.kms.katalon.core.main.TestCaseExecutor.processExecutionPhase(TestCaseExecutor.java:364)
	at com.kms.katalon.core.main.TestCaseExecutor.accessMainPhase(TestCaseExecutor.java:356)
	at com.kms.katalon.core.main.TestCaseExecutor.execute(TestCaseExecutor.java:251)
	at com.kms.katalon.core.main.TestSuiteExecutor.accessTestCaseMainPhase(TestSuiteExecutor.java:203)
	at com.kms.katalon.core.main.TestSuiteExecutor.accessTestSuiteMainPhase(TestSuiteExecutor.java:152)
	at com.kms.katalon.core.main.TestSuiteExecutor.execute(TestSuiteExecutor.java:95)
	at com.kms.katalon.core.main.TestCaseMain.startTestSuite(TestCaseMain.java:157)
	at com.kms.katalon.core.main.TestCaseMain$startTestSuite$0.call(Unknown Source)
	at TempTestSuite1612372552149.run(TempTestSuite1612372552149.groovy:39)
Caused by: com.kms.katalon.core.exception.StepFailedException: Text 'URL format is not valid.' is not present on page 
	at com.kms.katalon.core.webui.keyword.internal.WebUIKeywordMain.stepFailed(WebUIKeywordMain.groovy:64)
	at com.kms.katalon.core.webui.keyword.builtin.VerifyTextPresentKeyword$_verifyTextPresent_closure1.doCall(VerifyTextPresentKeyword.groovy:79)
	at com.kms.katalon.core.webui.keyword.builtin.VerifyTextPresentKeyword$_verifyTextPresent_closure1.call(VerifyTextPresentKeyword.groovy)
	at com.kms.katalon.core.webui.keyword.internal.WebUIKeywordMain.runKeyword(WebUIKeywordMain.groovy:20)
	... 19 more
"/>
         <system-out><![CDATA[2021-02-03 22:55:42 - [TEST_CASE][FAILED] - Test Cases/TC_PublicUser/CSP-T9_1.0_As public user , Trigger URL validation with invalid formats - Check message: Test Cases/TC_PublicUser/CSP-T9_1.0_As public user , Trigger URL validation with invalid formats - Check message FAILED.
Reason:
com.kms.katalon.core.exception.StepFailedException: Unable to verify text 'URL format is not valid.' is present 
	at com.kms.katalon.core.webui.keyword.internal.WebUIKeywordMain.stepFailed(WebUIKeywordMain.groovy:64)
	at com.kms.katalon.core.webui.keyword.internal.WebUIKeywordMain.runKeyword(WebUIKeywordMain.groovy:26)
	at com.kms.katalon.core.webui.keyword.builtin.VerifyTextPresentKeyword.verifyTextPresent(VerifyTextPresentKeyword.groovy:83)
	at com.kms.katalon.core.webui.keyword.builtin.VerifyTextPresentKeyword.execute(VerifyTextPresentKeyword.groovy:68)
	at com.kms.katalon.core.keyword.internal.KeywordExecutor.executeKeywordForPlatform(KeywordExecutor.groovy:73)
	at com.kms.katalon.core.webui.keyword.WebUiBuiltInKeywords.verifyTextPresent(WebUiBuiltInKeywords.groovy:1720)
	at com.kms.katalon.core.webui.keyword.WebUiBuiltInKeywords$verifyTextPresent$5.call(Unknown Source)
	at CSP-T9_1.0_As public user , Trigger URL validation with invalid formats - Check message.run(CSP-T9_1.0_As public user , Trigger URL validation with invalid formats - Check message:33)
	at com.kms.katalon.core.main.ScriptEngine.run(ScriptEngine.java:194)
	at com.kms.katalon.core.main.ScriptEngine.runScriptAsRawText(ScriptEngine.java:119)
	at com.kms.katalon.core.main.TestCaseExecutor.runScript(TestCaseExecutor.java:394)
	at com.kms.katalon.core.main.TestCaseExecutor.doExecute(TestCaseExecutor.java:385)
	at com.kms.katalon.core.main.TestCaseExecutor.processExecutionPhase(TestCaseExecutor.java:364)
	at com.kms.katalon.core.main.TestCaseExecutor.accessMainPhase(TestCaseExecutor.java:356)
	at com.kms.katalon.core.main.TestCaseExecutor.execute(TestCaseExecutor.java:251)
	at com.kms.katalon.core.main.TestSuiteExecutor.accessTestCaseMainPhase(TestSuiteExecutor.java:203)
	at com.kms.katalon.core.main.TestSuiteExecutor.accessTestSuiteMainPhase(TestSuiteExecutor.java:152)
	at com.kms.katalon.core.main.TestSuiteExecutor.execute(TestSuiteExecutor.java:95)
	at com.kms.katalon.core.main.TestCaseMain.startTestSuite(TestCaseMain.java:157)
	at com.kms.katalon.core.main.TestCaseMain$startTestSuite$0.call(Unknown Source)
	at TempTestSuite1612372552149.run(TempTestSuite1612372552149.groovy:39)
Caused by: com.kms.katalon.core.exception.StepFailedException: Text 'URL format is not valid.' is not present on page 
	at com.kms.katalon.core.webui.keyword.internal.WebUIKeywordMain.stepFailed(WebUIKeywordMain.groovy:64)
	at com.kms.katalon.core.webui.keyword.builtin.VerifyTextPresentKeyword$_verifyTextPresent_closure1.doCall(VerifyTextPresentKeyword.groovy:79)
	at com.kms.katalon.core.webui.keyword.builtin.VerifyTextPresentKeyword$_verifyTextPresent_closure1.call(VerifyTextPresentKeyword.groovy)
	at com.kms.katalon.core.webui.keyword.internal.WebUIKeywordMain.runKeyword(WebUIKeywordMain.groovy:20)
	... 19 more


2021-02-03 22:55:43 - [TEST_STEP][PASSED] - customKeywords.commanFunctions.openBrowser(): customKeywords.commanFunctions.openBrowser is PASSED

2021-02-03 22:55:44 - [MESSAGE][INFO] - Starting 'Chrome' driver

2021-02-03 22:55:44 - [MESSAGE][INFO] - Action delay is set to 0 milliseconds

2021-02-03 22:56:00 - [MESSAGE][PASSED] - Browser is opened with url: 'https://Inspect.Stage.site.sa'

2021-02-03 22:56:02 - [MESSAGE][PASSED] - Current window maximized

2021-02-03 22:56:02 - [MESSAGE][PASSED] - Wait for page load successfully

2021-02-03 22:56:02 - [MESSAGE][PASSED] - customKeywords.commanFunctions.openBrowser is PASSED

2021-02-03 22:56:02 - [TEST_STEP][PASSED] - excelTestData = findTestData("Data Files/TestData/InspectTestData"): null

2021-02-03 22:56:02 - [TEST_STEP][PASSED] - click(findTestObject("Object Repository/PublicUserHomePage/UrlTab")): Object: 'Object Repository/PublicUserHomePage/UrlTab' is clicked on

2021-02-03 22:56:02 - [MESSAGE][PASSED] - Object: 'Object Repository/PublicUserHomePage/UrlTab' is clicked on

2021-02-03 22:56:02 - [TEST_STEP][PASSED] - ErrorValidationMessage = excelTestData.getValue(3, 42): null

2021-02-03 22:56:02 - [TEST_STEP][FAILED] - for ([i = 42, i <= 46, (i++)]): Unable to verify text 'URL format is not valid.' is present  (Root cause: com.kms.katalon.core.exception.StepFailedException: Unable to verify text 'URL format is not valid.' is present 
	at com.kms.katalon.core.webui.keyword.internal.WebUIKeywordMain.stepFailed(WebUIKeywordMain.groovy:64)
	at com.kms.katalon.core.webui.keyword.internal.WebUIKeywordMain.runKeyword(WebUIKeywordMain.groovy:26)
	at com.kms.katalon.core.webui.keyword.builtin.VerifyTextPresentKeyword.verifyTextPresent(VerifyTextPresentKeyword.groovy:83)
	at com.kms.katalon.core.webui.keyword.builtin.VerifyTextPresentKeyword.execute(VerifyTextPresentKeyword.groovy:68)
	at com.kms.katalon.core.keyword.internal.KeywordExecutor.executeKeywordForPlatform(KeywordExecutor.groovy:73)
	at com.kms.katalon.core.webui.keyword.WebUiBuiltInKeywords.verifyTextPresent(WebUiBuiltInKeywords.groovy:1720)
	at com.kms.katalon.core.webui.keyword.WebUiBuiltInKeywords$verifyTextPresent$5.call(Unknown Source)
	at CSP-T9_1.0_As public user , Trigger URL validation with invalid formats - Check message.run(CSP-T9_1.0_As public user , Trigger URL validation with invalid formats - Check message:33)
	at com.kms.katalon.core.main.ScriptEngine.run(ScriptEngine.java:194)
	at com.kms.katalon.core.main.ScriptEngine.runScriptAsRawText(ScriptEngine.java:119)
	at com.kms.katalon.core.main.TestCaseExecutor.runScript(TestCaseExecutor.java:394)
	at com.kms.katalon.core.main.TestCaseExecutor.doExecute(TestCaseExecutor.java:385)
	at com.kms.katalon.core.main.TestCaseExecutor.processExecutionPhase(TestCaseExecutor.java:364)
	at com.kms.katalon.core.main.TestCaseExecutor.accessMainPhase(TestCaseExecutor.java:356)
	at com.kms.katalon.core.main.TestCaseExecutor.execute(TestCaseExecutor.java:251)
	at com.kms.katalon.core.main.TestSuiteExecutor.accessTestCaseMainPhase(TestSuiteExecutor.java:203)
	at com.kms.katalon.core.main.TestSuiteExecutor.accessTestSuiteMainPhase(TestSuiteExecutor.java:152)
	at com.kms.katalon.core.main.TestSuiteExecutor.execute(TestSuiteExecutor.java:95)
	at com.kms.katalon.core.main.TestCaseMain.startTestSuite(TestCaseMain.java:157)
	at com.kms.katalon.core.main.TestCaseMain$startTestSuite$0.call(Unknown Source)
	at TempTestSuite1612372552149.run(TempTestSuite1612372552149.groovy:39)
Caused by: com.kms.katalon.core.exception.StepFailedException: Text 'URL format is not valid.' is not present on page 
	at com.kms.katalon.core.webui.keyword.internal.WebUIKeywordMain.stepFailed(WebUIKeywordMain.groovy:64)
	at com.kms.katalon.core.webui.keyword.builtin.VerifyTextPresentKeyword$_verifyTextPresent_closure1.doCall(VerifyTextPresentKeyword.groovy:79)
	at com.kms.katalon.core.webui.keyword.builtin.VerifyTextPresentKeyword$_verifyTextPresent_closure1.call(VerifyTextPresentKeyword.groovy)
	at com.kms.katalon.core.webui.keyword.internal.WebUIKeywordMain.runKeyword(WebUIKeywordMain.groovy:20)
	... 19 more
)

2021-02-03 22:56:02 - [TEST_STEP][PASSED] - IncorrectURLs = excelTestData.getValue(2, i): null

2021-02-03 22:56:02 - [TEST_STEP][PASSED] - sendKeys(findTestObject("Object Repository/HomePage/PleaseEnterURL_Input"), IncorrectURLs): Keys 'https://www.slideshare.net/socialogilvy ' sent to object: 'Object Repository/HomePage/PleaseEnterURL_Input'

2021-02-03 22:56:03 - [MESSAGE][PASSED] - Keys 'https://www.slideshare.net/socialogilvy ' sent to object: 'Object Repository/HomePage/PleaseEnterURL_Input'

2021-02-03 22:56:03 - [TEST_STEP][PASSED] - verifyTextPresent(ErrorValidationMessage, false): Text 'URL format is not valid.' is present on page 

2021-02-03 22:56:04 - [MESSAGE][PASSED] - Text 'URL format is not valid.' is present on page 

2021-02-03 22:56:04 - [TEST_STEP][PASSED] - clearText(findTestObject("Object Repository/HomePage/PleaseEnterURL_Input")): Text of object 'Object Repository/HomePage/PleaseEnterURL_Input' is cleared

2021-02-03 22:56:04 - [MESSAGE][PASSED] - Text of object 'Object Repository/HomePage/PleaseEnterURL_Input' is cleared

2021-02-03 22:56:04 - [TEST_STEP][PASSED] - IncorrectURLs = excelTestData.getValue(2, i): null

2021-02-03 22:56:04 - [TEST_STEP][PASSED] - sendKeys(findTestObject("Object Repository/HomePage/PleaseEnterURL_Input"), IncorrectURLs): Keys 'htps://www.slideshare.net/socialogilvy' sent to object: 'Object Repository/HomePage/PleaseEnterURL_Input'

2021-02-03 22:56:05 - [MESSAGE][PASSED] - Keys 'htps://www.slideshare.net/socialogilvy' sent to object: 'Object Repository/HomePage/PleaseEnterURL_Input'

2021-02-03 22:56:05 - [TEST_STEP][PASSED] - verifyTextPresent(ErrorValidationMessage, false): Text 'URL format is not valid.' is present on page 

2021-02-03 22:56:06 - [MESSAGE][PASSED] - Text 'URL format is not valid.' is present on page 

2021-02-03 22:56:06 - [TEST_STEP][PASSED] - clearText(findTestObject("Object Repository/HomePage/PleaseEnterURL_Input")): Text of object 'Object Repository/HomePage/PleaseEnterURL_Input' is cleared

2021-02-03 22:56:06 - [MESSAGE][PASSED] - Text of object 'Object Repository/HomePage/PleaseEnterURL_Input' is cleared

2021-02-03 22:56:06 - [TEST_STEP][PASSED] - IncorrectURLs = excelTestData.getValue(2, i): null

2021-02-03 22:56:06 - [TEST_STEP][PASSED] - sendKeys(findTestObject("Object Repository/HomePage/PleaseEnterURL_Input"), IncorrectURLs): Keys 'https://ww.slideshare.net/socialogilvy' sent to object: 'Object Repository/HomePage/PleaseEnterURL_Input'

2021-02-03 22:56:07 - [MESSAGE][PASSED] - Keys 'https://ww.slideshare.net/socialogilvy' sent to object: 'Object Repository/HomePage/PleaseEnterURL_Input'

2021-02-03 22:56:07 - [TEST_STEP][FAILED] - verifyTextPresent(ErrorValidationMessage, false): Unable to verify text 'URL format is not valid.' is present  (Root cause: com.kms.katalon.core.exception.StepFailedException: Unable to verify text 'URL format is not valid.' is present 
	at com.kms.katalon.core.webui.keyword.internal.WebUIKeywordMain.stepFailed(WebUIKeywordMain.groovy:64)
	at com.kms.katalon.core.webui.keyword.internal.WebUIKeywordMain.runKeyword(WebUIKeywordMain.groovy:26)
	at com.kms.katalon.core.webui.keyword.builtin.VerifyTextPresentKeyword.verifyTextPresent(VerifyTextPresentKeyword.groovy:83)
	at com.kms.katalon.core.webui.keyword.builtin.VerifyTextPresentKeyword.execute(VerifyTextPresentKeyword.groovy:68)
	at com.kms.katalon.core.keyword.internal.KeywordExecutor.executeKeywordForPlatform(KeywordExecutor.groovy:73)
	at com.kms.katalon.core.webui.keyword.WebUiBuiltInKeywords.verifyTextPresent(WebUiBuiltInKeywords.groovy:1720)
	at com.kms.katalon.core.webui.keyword.WebUiBuiltInKeywords$verifyTextPresent$5.call(Unknown Source)
	at CSP-T9_1.0_As public user , Trigger URL validation with invalid formats - Check message.run(CSP-T9_1.0_As public user , Trigger URL validation with invalid formats - Check message:33)
	at com.kms.katalon.core.main.ScriptEngine.run(ScriptEngine.java:194)
	at com.kms.katalon.core.main.ScriptEngine.runScriptAsRawText(ScriptEngine.java:119)
	at com.kms.katalon.core.main.TestCaseExecutor.runScript(TestCaseExecutor.java:394)
	at com.kms.katalon.core.main.TestCaseExecutor.doExecute(TestCaseExecutor.java:385)
	at com.kms.katalon.core.main.TestCaseExecutor.processExecutionPhase(TestCaseExecutor.java:364)
	at com.kms.katalon.core.main.TestCaseExecutor.accessMainPhase(TestCaseExecutor.java:356)
	at com.kms.katalon.core.main.TestCaseExecutor.execute(TestCaseExecutor.java:251)
	at com.kms.katalon.core.main.TestSuiteExecutor.accessTestCaseMainPhase(TestSuiteExecutor.java:203)
	at com.kms.katalon.core.main.TestSuiteExecutor.accessTestSuiteMainPhase(TestSuiteExecutor.java:152)
	at com.kms.katalon.core.main.TestSuiteExecutor.execute(TestSuiteExecutor.java:95)
	at com.kms.katalon.core.main.TestCaseMain.startTestSuite(TestCaseMain.java:157)
	at com.kms.katalon.core.main.TestCaseMain$startTestSuite$0.call(Unknown Source)
	at TempTestSuite1612372552149.run(TempTestSuite1612372552149.groovy:39)
Caused by: com.kms.katalon.core.exception.StepFailedException: Text 'URL format is not valid.' is not present on page 
	at com.kms.katalon.core.webui.keyword.internal.WebUIKeywordMain.stepFailed(WebUIKeywordMain.groovy:64)
	at com.kms.katalon.core.webui.keyword.builtin.VerifyTextPresentKeyword$_verifyTextPresent_closure1.doCall(VerifyTextPresentKeyword.groovy:79)
	at com.kms.katalon.core.webui.keyword.builtin.VerifyTextPresentKeyword$_verifyTextPresent_closure1.call(VerifyTextPresentKeyword.groovy)
	at com.kms.katalon.core.webui.keyword.internal.WebUIKeywordMain.runKeyword(WebUIKeywordMain.groovy:20)
	... 19 more
)

2021-02-03 22:56:08 - [MESSAGE][FAILED] - Text 'URL format is not valid.' is not present on page  (Root cause: com.kms.katalon.core.exception.StepFailedException: Text 'URL format is not valid.' is not present on page 
	at com.kms.katalon.core.webui.keyword.internal.WebUIKeywordMain.stepFailed(WebUIKeywordMain.groovy:64)
	at com.kms.katalon.core.webui.keyword.builtin.VerifyTextPresentKeyword$_verifyTextPresent_closure1.doCall(VerifyTextPresentKeyword.groovy:79)
	at com.kms.katalon.core.webui.keyword.builtin.VerifyTextPresentKeyword$_verifyTextPresent_closure1.call(VerifyTextPresentKeyword.groovy)
	at com.kms.katalon.core.webui.keyword.internal.WebUIKeywordMain.runKeyword(WebUIKeywordMain.groovy:20)
	at com.kms.katalon.core.webui.keyword.builtin.VerifyTextPresentKeyword.verifyTextPresent(VerifyTextPresentKeyword.groovy:83)
	at com.kms.katalon.core.webui.keyword.builtin.VerifyTextPresentKeyword.execute(VerifyTextPresentKeyword.groovy:68)
	at com.kms.katalon.core.keyword.internal.KeywordExecutor.executeKeywordForPlatform(KeywordExecutor.groovy:73)
	at com.kms.katalon.core.webui.keyword.WebUiBuiltInKeywords.verifyTextPresent(WebUiBuiltInKeywords.groovy:1720)
	at com.kms.katalon.core.webui.keyword.WebUiBuiltInKeywords$verifyTextPresent$5.call(Unknown Source)
	at CSP-T9_1.0_As public user , Trigger URL validation with invalid formats - Check message.run(CSP-T9_1.0_As public user , Trigger URL validation with invalid formats - Check message:33)
	at com.kms.katalon.core.main.ScriptEngine.run(ScriptEngine.java:194)
	at com.kms.katalon.core.main.ScriptEngine.runScriptAsRawText(ScriptEngine.java:119)
	at com.kms.katalon.core.main.TestCaseExecutor.runScript(TestCaseExecutor.java:394)
	at com.kms.katalon.core.main.TestCaseExecutor.doExecute(TestCaseExecutor.java:385)
	at com.kms.katalon.core.main.TestCaseExecutor.processExecutionPhase(TestCaseExecutor.java:364)
	at com.kms.katalon.core.main.TestCaseExecutor.accessMainPhase(TestCaseExecutor.java:356)
	at com.kms.katalon.core.main.TestCaseExecutor.execute(TestCaseExecutor.java:251)
	at com.kms.katalon.core.main.TestSuiteExecutor.accessTestCaseMainPhase(TestSuiteExecutor.java:203)
	at com.kms.katalon.core.main.TestSuiteExecutor.accessTestSuiteMainPhase(TestSuiteExecutor.java:152)
	at com.kms.katalon.core.main.TestSuiteExecutor.execute(TestSuiteExecutor.java:95)
	at com.kms.katalon.core.main.TestCaseMain.startTestSuite(TestCaseMain.java:157)
	at com.kms.katalon.core.main.TestCaseMain$startTestSuite$0.call(Unknown Source)
	at TempTestSuite1612372552149.run(TempTestSuite1612372552149.groovy:39)
)

2021-02-03 22:56:08 - [MESSAGE][FAILED] - Unable to verify text 'URL format is not valid.' is present  (Root cause: com.kms.katalon.core.exception.StepFailedException: Unable to verify text 'URL format is not valid.' is present 
	at com.kms.katalon.core.webui.keyword.internal.WebUIKeywordMain.stepFailed(WebUIKeywordMain.groovy:64)
	at com.kms.katalon.core.webui.keyword.internal.WebUIKeywordMain.runKeyword(WebUIKeywordMain.groovy:26)
	at com.kms.katalon.core.webui.keyword.builtin.VerifyTextPresentKeyword.verifyTextPresent(VerifyTextPresentKeyword.groovy:83)
	at com.kms.katalon.core.webui.keyword.builtin.VerifyTextPresentKeyword.execute(VerifyTextPresentKeyword.groovy:68)
	at com.kms.katalon.core.keyword.internal.KeywordExecutor.executeKeywordForPlatform(KeywordExecutor.groovy:73)
	at com.kms.katalon.core.webui.keyword.WebUiBuiltInKeywords.verifyTextPresent(WebUiBuiltInKeywords.groovy:1720)
	at com.kms.katalon.core.webui.keyword.WebUiBuiltInKeywords$verifyTextPresent$5.call(Unknown Source)
	at CSP-T9_1.0_As public user , Trigger URL validation with invalid formats - Check message.run(CSP-T9_1.0_As public user , Trigger URL validation with invalid formats - Check message:33)
	at com.kms.katalon.core.main.ScriptEngine.run(ScriptEngine.java:194)
	at com.kms.katalon.core.main.ScriptEngine.runScriptAsRawText(ScriptEngine.java:119)
	at com.kms.katalon.core.main.TestCaseExecutor.runScript(TestCaseExecutor.java:394)
	at com.kms.katalon.core.main.TestCaseExecutor.doExecute(TestCaseExecutor.java:385)
	at com.kms.katalon.core.main.TestCaseExecutor.processExecutionPhase(TestCaseExecutor.java:364)
	at com.kms.katalon.core.main.TestCaseExecutor.accessMainPhase(TestCaseExecutor.java:356)
	at com.kms.katalon.core.main.TestCaseExecutor.execute(TestCaseExecutor.java:251)
	at com.kms.katalon.core.main.TestSuiteExecutor.accessTestCaseMainPhase(TestSuiteExecutor.java:203)
	at com.kms.katalon.core.main.TestSuiteExecutor.accessTestSuiteMainPhase(TestSuiteExecutor.java:152)
	at com.kms.katalon.core.main.TestSuiteExecutor.execute(TestSuiteExecutor.java:95)
	at com.kms.katalon.core.main.TestCaseMain.startTestSuite(TestCaseMain.java:157)
	at com.kms.katalon.core.main.TestCaseMain$startTestSuite$0.call(Unknown Source)
	at TempTestSuite1612372552149.run(TempTestSuite1612372552149.groovy:39)
Caused by: com.kms.katalon.core.exception.StepFailedException: Text 'URL format is not valid.' is not present on page 
	at com.kms.katalon.core.webui.keyword.internal.WebUIKeywordMain.stepFailed(WebUIKeywordMain.groovy:64)
	at com.kms.katalon.core.webui.keyword.builtin.VerifyTextPresentKeyword$_verifyTextPresent_closure1.doCall(VerifyTextPresentKeyword.groovy:79)
	at com.kms.katalon.core.webui.keyword.builtin.VerifyTextPresentKeyword$_verifyTextPresent_closure1.call(VerifyTextPresentKeyword.groovy)
	at com.kms.katalon.core.webui.keyword.internal.WebUIKeywordMain.runKeyword(WebUIKeywordMain.groovy:20)
	... 19 more
)
[[ATTACHMENT|C:\\Users\\araha\\Katalon Studio\\InspectAutomation\\Reports\\20210203_224552\\LogIn_RigisterUserAndForgotPwd_Module\\Suite_LogIn_RigisterUserAndForgotPwd_Module\\20210203_224552\\1612373168215.png]]]]></system-out>
         <system-err><![CDATA[2021-02-03 22:55:42 - [TEST_CASE][FAILED] - Test Cases/TC_PublicUser/CSP-T9_1.0_As public user , Trigger URL validation with invalid formats - Check message: Test Cases/TC_PublicUser/CSP-T9_1.0_As public user , Trigger URL validation with invalid formats - Check message FAILED.
Reason:
com.kms.katalon.core.exception.StepFailedException: Unable to verify text 'URL format is not valid.' is present 
	at com.kms.katalon.core.webui.keyword.internal.WebUIKeywordMain.stepFailed(WebUIKeywordMain.groovy:64)
	at com.kms.katalon.core.webui.keyword.internal.WebUIKeywordMain.runKeyword(WebUIKeywordMain.groovy:26)
	at com.kms.katalon.core.webui.keyword.builtin.VerifyTextPresentKeyword.verifyTextPresent(VerifyTextPresentKeyword.groovy:83)
	at com.kms.katalon.core.webui.keyword.builtin.VerifyTextPresentKeyword.execute(VerifyTextPresentKeyword.groovy:68)
	at com.kms.katalon.core.keyword.internal.KeywordExecutor.executeKeywordForPlatform(KeywordExecutor.groovy:73)
	at com.kms.katalon.core.webui.keyword.WebUiBuiltInKeywords.verifyTextPresent(WebUiBuiltInKeywords.groovy:1720)
	at com.kms.katalon.core.webui.keyword.WebUiBuiltInKeywords$verifyTextPresent$5.call(Unknown Source)
	at CSP-T9_1.0_As public user , Trigger URL validation with invalid formats - Check message.run(CSP-T9_1.0_As public user , Trigger URL validation with invalid formats - Check message:33)
	at com.kms.katalon.core.main.ScriptEngine.run(ScriptEngine.java:194)
	at com.kms.katalon.core.main.ScriptEngine.runScriptAsRawText(ScriptEngine.java:119)
	at com.kms.katalon.core.main.TestCaseExecutor.runScript(TestCaseExecutor.java:394)
	at com.kms.katalon.core.main.TestCaseExecutor.doExecute(TestCaseExecutor.java:385)
	at com.kms.katalon.core.main.TestCaseExecutor.processExecutionPhase(TestCaseExecutor.java:364)
	at com.kms.katalon.core.main.TestCaseExecutor.accessMainPhase(TestCaseExecutor.java:356)
	at com.kms.katalon.core.main.TestCaseExecutor.execute(TestCaseExecutor.java:251)
	at com.kms.katalon.core.main.TestSuiteExecutor.accessTestCaseMainPhase(TestSuiteExecutor.java:203)
	at com.kms.katalon.core.main.TestSuiteExecutor.accessTestSuiteMainPhase(TestSuiteExecutor.java:152)
	at com.kms.katalon.core.main.TestSuiteExecutor.execute(TestSuiteExecutor.java:95)
	at com.kms.katalon.core.main.TestCaseMain.startTestSuite(TestCaseMain.java:157)
	at com.kms.katalon.core.main.TestCaseMain$startTestSuite$0.call(Unknown Source)
	at TempTestSuite1612372552149.run(TempTestSuite1612372552149.groovy:39)
Caused by: com.kms.katalon.core.exception.StepFailedException: Text 'URL format is not valid.' is not present on page 
	at com.kms.katalon.core.webui.keyword.internal.WebUIKeywordMain.stepFailed(WebUIKeywordMain.groovy:64)
	at com.kms.katalon.core.webui.keyword.builtin.VerifyTextPresentKeyword$_verifyTextPresent_closure1.doCall(VerifyTextPresentKeyword.groovy:79)
	at com.kms.katalon.core.webui.keyword.builtin.VerifyTextPresentKeyword$_verifyTextPresent_closure1.call(VerifyTextPresentKeyword.groovy)
	at com.kms.katalon.core.webui.keyword.internal.WebUIKeywordMain.runKeyword(WebUIKeywordMain.groovy:20)
	... 19 more]]></system-err>
      </testcase>
      <testcase name="Test Cases/TC_RigisterUser/RigisterUserTCs/CSP-T34_1.0_As Registered User, I want to verify that system detect the dissatisfaction of a minimum requirement in the New password" time="46.694" classname="Test Cases/TC_RigisterUser/RigisterUserTCs/CSP-T34_1.0_As Registered User, I want to verify that system detect the dissatisfaction of a minimum requirement in the New password" status="PASSED">
         <system-out><![CDATA[2021-02-03 22:56:08 - [TEST_CASE][PASSED] - Test Cases/TC_RigisterUser/RigisterUserTCs/CSP-T34_1.0_As Registered User, I want to verify that system detect the dissatisfaction of a minimum requirement in the New password: Test Cases/TC_RigisterUser/RigisterUserTCs/CSP-T34_1.0_As Registered User, I want to verify that system detect the dissatisfaction of a minimum requirement in the New password

2021-02-03 22:56:09 - [TEST_STEP][PASSED] - excelTestData = findTestData("Data Files/TestData/InspectTestData"): null

2021-02-03 22:56:09 - [TEST_STEP][PASSED] - obj = findTestObject("LoginAndRigisterUser/LoginLink"): null

2021-02-03 22:56:09 - [TEST_STEP][PASSED] - adminDD = findTestObject("Object Repository/LoginAndRigisterUser/AdminDD"): null

2021-02-03 22:56:09 - [TEST_STEP][PASSED] - disabledSaveBtn = findTestObject("Object Repository/Reg_Account/SaveBtn"): null

2021-02-03 22:56:09 - [TEST_STEP][PASSED] - analysisBtn_Disabled = By.xpath("//*[@class='mt-5 ant-btn ant-btn-primary ant-btn-block disabled22']"): null

2021-02-03 22:56:09 - [TEST_STEP][PASSED] - searchSubmissionBtn = By.xpath("//*[@class='img-search']"): null

2021-02-03 22:56:09 - [TEST_STEP][PASSED] - customKeywords.commanFunctions.openBrowser(): customKeywords.commanFunctions.openBrowser is PASSED

2021-02-03 22:56:10 - [MESSAGE][WARNING] - A browser is already opened. Closing browser and opening a new one

2021-02-03 22:56:10 - [MESSAGE][INFO] - Starting 'Chrome' driver

2021-02-03 22:56:10 - [MESSAGE][INFO] - Action delay is set to 0 milliseconds

2021-02-03 22:56:25 - [MESSAGE][PASSED] - Browser is opened with url: 'https://Inspect.Stage.site.sa'

2021-02-03 22:56:27 - [MESSAGE][PASSED] - Current window maximized

2021-02-03 22:56:27 - [MESSAGE][PASSED] - Wait for page load successfully

2021-02-03 22:56:27 - [MESSAGE][PASSED] - customKeywords.commanFunctions.openBrowser is PASSED

2021-02-03 22:56:27 - [TEST_STEP][PASSED] - waitForElementClickable(findTestObject("LoginAndRigisterUser/LoginLink"), TimeOut): Object 'Object Repository/LoginAndRigisterUser/LoginLink' is clickable

2021-02-03 22:56:27 - [MESSAGE][PASSED] - Object 'Object Repository/LoginAndRigisterUser/LoginLink' is clickable

2021-02-03 22:56:27 - [TEST_STEP][PASSED] - customKeywords.commanFunctions.clickElementWithJS(obj): customKeywords.commanFunctions.clickElementWithJS is PASSED

2021-02-03 22:56:28 - [MESSAGE][INFO] - Clicked on element with JS

2021-02-03 22:56:28 - [MESSAGE][PASSED] - customKeywords.commanFunctions.clickElementWithJS is PASSED

2021-02-03 22:56:28 - [TEST_STEP][PASSED] - rigisterUN = excelTestData.getValue(2, 23): null

2021-02-03 22:56:28 - [TEST_STEP][PASSED] - rigisterPW = excelTestData.getValue(3, 23): null

2021-02-03 22:56:28 - [TEST_STEP][PASSED] - customKeywords.commanFunctions.logIntoBrowserWithReqCredentials(rigisterUN, rigisterPW): customKeywords.commanFunctions.logIntoBrowserWithReqCredentials is PASSED

2021-02-03 22:56:30 - [MESSAGE][PASSED] - Keys 'Os-ARahman@projects.site.sa' sent to object: 'Object Repository/LoginAndRigisterUser/UserName_Email_Input'

2021-02-03 22:56:30 - [MESSAGE][PASSED] - Keys 'Test@12345' sent to object: 'Object Repository/LoginAndRigisterUser/Password_Input'

2021-02-03 22:56:31 - [MESSAGE][PASSED] - Delayed 1 second(s)

2021-02-03 22:56:32 - [MESSAGE][PASSED] - Object 'Object Repository/LoginAndRigisterUser/LoginBtn' is clickable

2021-02-03 22:56:32 - [MESSAGE][INFO] - Clicked on element with JS

2021-02-03 22:56:32 - [MESSAGE][PASSED] - customKeywords.commanFunctions.logIntoBrowserWithReqCredentials is PASSED

2021-02-03 22:56:32 - [TEST_STEP][PASSED] - customKeywords.commanFunctions.otpLogin(): customKeywords.commanFunctions.otpLogin is PASSED

2021-02-03 22:56:36 - [MESSAGE][PASSED] - Keys '0' sent to object: 'Object Repository/LoginAndRigisterUser/otpOne'

2021-02-03 22:56:37 - [MESSAGE][PASSED] - Keys '0' sent to object: 'Object Repository/LoginAndRigisterUser/otpTwo'

2021-02-03 22:56:38 - [MESSAGE][PASSED] - Keys '0' sent to object: 'Object Repository/LoginAndRigisterUser/otpThree'

2021-02-03 22:56:39 - [MESSAGE][PASSED] - Keys '0' sent to object: 'Object Repository/LoginAndRigisterUser/otpFour'

2021-02-03 22:56:40 - [MESSAGE][PASSED] - Keys '0' sent to object: 'Object Repository/LoginAndRigisterUser/otpFive'

2021-02-03 22:56:41 - [MESSAGE][INFO] - Clicked on element with JS

2021-02-03 22:56:41 - [MESSAGE][PASSED] - customKeywords.commanFunctions.otpLogin is PASSED

2021-02-03 22:56:41 - [TEST_STEP][PASSED] - waitForElementClickable(findTestObject("Object Repository/LoginAndRigisterUser/AdminDD"), TimeOut): Object 'Object Repository/LoginAndRigisterUser/AdminDD' is clickable

2021-02-03 22:56:44 - [MESSAGE][PASSED] - Object 'Object Repository/LoginAndRigisterUser/AdminDD' is clickable

2021-02-03 22:56:44 - [TEST_STEP][PASSED] - customKeywords.commanFunctions.clickElementWithJS(adminDD): customKeywords.commanFunctions.clickElementWithJS is PASSED

2021-02-03 22:56:45 - [MESSAGE][INFO] - Clicked on element with JS

2021-02-03 22:56:45 - [MESSAGE][PASSED] - customKeywords.commanFunctions.clickElementWithJS is PASSED

2021-02-03 22:56:45 - [TEST_STEP][PASSED] - click(findTestObject("Object Repository/HomePage/AccountInformationOption")): Object: 'Object Repository/HomePage/AccountInformationOption' is clicked on

2021-02-03 22:56:46 - [MESSAGE][PASSED] - Object: 'Object Repository/HomePage/AccountInformationOption' is clicked on

2021-02-03 22:56:46 - [TEST_STEP][PASSED] - click(findTestObject("Object Repository/Reg_Account/changePwd")): Object: 'Object Repository/Reg_Account/changePwd' is clicked on

2021-02-03 22:56:47 - [MESSAGE][PASSED] - Object: 'Object Repository/Reg_Account/changePwd' is clicked on

2021-02-03 22:56:47 - [TEST_STEP][PASSED] - CurrentPwd = excelTestData.getValue(2, 83): null

2021-02-03 22:56:47 - [TEST_STEP][PASSED] - NewPwd = excelTestData.getValue(3, 83): null

2021-02-03 22:56:47 - [TEST_STEP][PASSED] - ConfimPwd = excelTestData.getValue(4, 83): null

2021-02-03 22:56:47 - [TEST_STEP][PASSED] - PwdChangeErrorMsg = excelTestData.getValue(5, 83): null

2021-02-03 22:56:47 - [TEST_STEP][PASSED] - sendKeys(findTestObject("Object Repository/Reg_Account/CurrentPwd"), CurrentPwd): Keys 'Test@12345' sent to object: 'Object Repository/Reg_Account/CurrentPwd'

2021-02-03 22:56:48 - [MESSAGE][PASSED] - Keys 'Test@12345' sent to object: 'Object Repository/Reg_Account/CurrentPwd'

2021-02-03 22:56:48 - [TEST_STEP][PASSED] - sendKeys(findTestObject("Object Repository/Reg_Account/NewPassword"), NewPwd): Keys 'Abcd@12345' sent to object: 'Object Repository/Reg_Account/NewPassword'

2021-02-03 22:56:49 - [MESSAGE][PASSED] - Keys 'Abcd@12345' sent to object: 'Object Repository/Reg_Account/NewPassword'

2021-02-03 22:56:49 - [TEST_STEP][PASSED] - sendKeys(findTestObject("Object Repository/Reg_Account/ReEnterPwd"), ConfimPwd): Keys 'Abcd@123456' sent to object: 'Object Repository/Reg_Account/ReEnterPwd'

2021-02-03 22:56:49 - [MESSAGE][PASSED] - Keys 'Abcd@123456' sent to object: 'Object Repository/Reg_Account/ReEnterPwd'

2021-02-03 22:56:49 - [TEST_STEP][PASSED] - verifyTextPresent(PwdChangeErrorMsg, false): Text 'Input does not match' is present on page 

2021-02-03 22:56:50 - [MESSAGE][PASSED] - Text 'Input does not match' is present on page 

2021-02-03 22:56:50 - [TEST_STEP][PASSED] - customKeywords.commanFunctions.elementIsDisabled(disabledSaveBtn): Element has been disabled

2021-02-03 22:56:51 - [MESSAGE][INFO] - Finding element is disabled

2021-02-03 22:56:51 - [MESSAGE][PASSED] - Element has been disabled

2021-02-03 22:56:51 - [TEST_STEP][PASSED] - customKeywords.commanFunctions.logOutAndcloseBrowser(): customKeywords.commanFunctions.logOutAndcloseBrowser is PASSED

2021-02-03 22:56:52 - [MESSAGE][PASSED] - Object 'Object Repository/LoginAndRigisterUser/AdminDD' is clickable

2021-02-03 22:56:52 - [MESSAGE][INFO] - Clicked on element with JS

2021-02-03 22:56:53 - [MESSAGE][INFO] - Clicked on element with JS

2021-02-03 22:56:54 - [MESSAGE][PASSED] - Delayed 1 second(s)

2021-02-03 22:56:55 - [MESSAGE][PASSED] - Browser is closed

2021-02-03 22:56:55 - [MESSAGE][PASSED] - customKeywords.commanFunctions.logOutAndcloseBrowser is PASSED]]></system-out>
         <system-err><![CDATA[]]></system-err>
      </testcase>
      <testcase name="Test Cases/TC_RigisterUser/RigisterUserTCs/CSP-T33a_1.0_As Registered User, I want to verify that system can detect incorrect current password" time="47.814" classname="Test Cases/TC_RigisterUser/RigisterUserTCs/CSP-T33a_1.0_As Registered User, I want to verify that system can detect incorrect current password" status="PASSED">
         <system-out><![CDATA[2021-02-03 22:56:55 - [TEST_CASE][PASSED] - Test Cases/TC_RigisterUser/RigisterUserTCs/CSP-T33a_1.0_As Registered User, I want to verify that system can detect incorrect current password: Test Cases/TC_RigisterUser/RigisterUserTCs/CSP-T33a_1.0_As Registered User, I want to verify that system can detect incorrect current password

2021-02-03 22:56:55 - [TEST_STEP][PASSED] - excelTestData = findTestData("Data Files/TestData/InspectTestData"): null

2021-02-03 22:56:55 - [TEST_STEP][PASSED] - obj = findTestObject("LoginAndRigisterUser/LoginLink"): null

2021-02-03 22:56:55 - [TEST_STEP][PASSED] - adminDD = findTestObject("Object Repository/LoginAndRigisterUser/AdminDD"): null

2021-02-03 22:56:56 - [TEST_STEP][PASSED] - enabledSaveBtn = findTestObject("Object Repository/Reg_Account/SaveBtn"): null

2021-02-03 22:56:56 - [TEST_STEP][PASSED] - analysisBtn_Disabled = By.xpath("//*[@class='mt-5 ant-btn ant-btn-primary ant-btn-block disabled22']"): null

2021-02-03 22:56:56 - [TEST_STEP][PASSED] - searchSubmissionBtn = By.xpath("//*[@class='img-search']"): null

2021-02-03 22:56:56 - [TEST_STEP][PASSED] - customKeywords.commanFunctions.openBrowser(): customKeywords.commanFunctions.openBrowser is PASSED

2021-02-03 22:56:56 - [MESSAGE][INFO] - Starting 'Chrome' driver

2021-02-03 22:56:56 - [MESSAGE][INFO] - Action delay is set to 0 milliseconds

2021-02-03 22:57:12 - [MESSAGE][PASSED] - Browser is opened with url: 'https://Inspect.Stage.site.sa'

2021-02-03 22:57:14 - [MESSAGE][PASSED] - Current window maximized

2021-02-03 22:57:14 - [MESSAGE][PASSED] - Wait for page load successfully

2021-02-03 22:57:14 - [MESSAGE][PASSED] - customKeywords.commanFunctions.openBrowser is PASSED

2021-02-03 22:57:14 - [TEST_STEP][PASSED] - waitForElementClickable(findTestObject("LoginAndRigisterUser/LoginLink"), TimeOut): Object 'Object Repository/LoginAndRigisterUser/LoginLink' is clickable

2021-02-03 22:57:15 - [MESSAGE][PASSED] - Object 'Object Repository/LoginAndRigisterUser/LoginLink' is clickable

2021-02-03 22:57:15 - [TEST_STEP][PASSED] - customKeywords.commanFunctions.clickElementWithJS(obj): customKeywords.commanFunctions.clickElementWithJS is PASSED

2021-02-03 22:57:16 - [MESSAGE][INFO] - Clicked on element with JS

2021-02-03 22:57:16 - [MESSAGE][PASSED] - customKeywords.commanFunctions.clickElementWithJS is PASSED

2021-02-03 22:57:16 - [TEST_STEP][PASSED] - rigisterUN = excelTestData.getValue(2, 23): null

2021-02-03 22:57:16 - [TEST_STEP][PASSED] - rigisterPW = excelTestData.getValue(3, 23): null

2021-02-03 22:57:16 - [TEST_STEP][PASSED] - customKeywords.commanFunctions.logIntoBrowserWithReqCredentials(rigisterUN, rigisterPW): customKeywords.commanFunctions.logIntoBrowserWithReqCredentials is PASSED

2021-02-03 22:57:17 - [MESSAGE][PASSED] - Keys 'Os-ARahman@projects.site.sa' sent to object: 'Object Repository/LoginAndRigisterUser/UserName_Email_Input'

2021-02-03 22:57:18 - [MESSAGE][PASSED] - Keys 'Test@12345' sent to object: 'Object Repository/LoginAndRigisterUser/Password_Input'

2021-02-03 22:57:19 - [MESSAGE][PASSED] - Delayed 1 second(s)

2021-02-03 22:57:19 - [MESSAGE][PASSED] - Object 'Object Repository/LoginAndRigisterUser/LoginBtn' is clickable

2021-02-03 22:57:19 - [MESSAGE][INFO] - Clicked on element with JS

2021-02-03 22:57:19 - [MESSAGE][PASSED] - customKeywords.commanFunctions.logIntoBrowserWithReqCredentials is PASSED

2021-02-03 22:57:19 - [TEST_STEP][PASSED] - customKeywords.commanFunctions.otpLogin(): customKeywords.commanFunctions.otpLogin is PASSED

2021-02-03 22:57:23 - [MESSAGE][PASSED] - Keys '0' sent to object: 'Object Repository/LoginAndRigisterUser/otpOne'

2021-02-03 22:57:24 - [MESSAGE][PASSED] - Keys '0' sent to object: 'Object Repository/LoginAndRigisterUser/otpTwo'

2021-02-03 22:57:25 - [MESSAGE][PASSED] - Keys '0' sent to object: 'Object Repository/LoginAndRigisterUser/otpThree'

2021-02-03 22:57:26 - [MESSAGE][PASSED] - Keys '0' sent to object: 'Object Repository/LoginAndRigisterUser/otpFour'

2021-02-03 22:57:27 - [MESSAGE][PASSED] - Keys '0' sent to object: 'Object Repository/LoginAndRigisterUser/otpFive'

2021-02-03 22:57:28 - [MESSAGE][INFO] - Clicked on element with JS

2021-02-03 22:57:28 - [MESSAGE][PASSED] - customKeywords.commanFunctions.otpLogin is PASSED

2021-02-03 22:57:28 - [TEST_STEP][PASSED] - waitForElementClickable(findTestObject("Object Repository/LoginAndRigisterUser/AdminDD"), TimeOut): Object 'Object Repository/LoginAndRigisterUser/AdminDD' is clickable

2021-02-03 22:57:31 - [MESSAGE][PASSED] - Object 'Object Repository/LoginAndRigisterUser/AdminDD' is clickable

2021-02-03 22:57:31 - [TEST_STEP][PASSED] - customKeywords.commanFunctions.clickElementWithJS(adminDD): customKeywords.commanFunctions.clickElementWithJS is PASSED

2021-02-03 22:57:32 - [MESSAGE][INFO] - Clicked on element with JS

2021-02-03 22:57:32 - [MESSAGE][PASSED] - customKeywords.commanFunctions.clickElementWithJS is PASSED

2021-02-03 22:57:32 - [TEST_STEP][PASSED] - click(findTestObject("Object Repository/HomePage/AccountInformationOption")): Object: 'Object Repository/HomePage/AccountInformationOption' is clicked on

2021-02-03 22:57:33 - [MESSAGE][PASSED] - Object: 'Object Repository/HomePage/AccountInformationOption' is clicked on

2021-02-03 22:57:33 - [TEST_STEP][PASSED] - click(findTestObject("Object Repository/Reg_Account/changePwd")): Object: 'Object Repository/Reg_Account/changePwd' is clicked on

2021-02-03 22:57:34 - [MESSAGE][PASSED] - Object: 'Object Repository/Reg_Account/changePwd' is clicked on

2021-02-03 22:57:34 - [TEST_STEP][PASSED] - CurrentPwd = excelTestData.getValue(2, 79): null

2021-02-03 22:57:34 - [TEST_STEP][PASSED] - NewPwd = excelTestData.getValue(3, 79): null

2021-02-03 22:57:34 - [TEST_STEP][PASSED] - ConfimPwd = excelTestData.getValue(4, 79): null

2021-02-03 22:57:34 - [TEST_STEP][PASSED] - PwdChangeErrorMsg = excelTestData.getValue(5, 79): null

2021-02-03 22:57:34 - [TEST_STEP][PASSED] - sendKeys(findTestObject("Object Repository/Reg_Account/CurrentPwd"), CurrentPwd): Keys 'Test@123456' sent to object: 'Object Repository/Reg_Account/CurrentPwd'

2021-02-03 22:57:34 - [MESSAGE][PASSED] - Keys 'Test@123456' sent to object: 'Object Repository/Reg_Account/CurrentPwd'

2021-02-03 22:57:34 - [TEST_STEP][PASSED] - sendKeys(findTestObject("Object Repository/Reg_Account/NewPassword"), NewPwd): Keys 'Abcd@12345' sent to object: 'Object Repository/Reg_Account/NewPassword'

2021-02-03 22:57:35 - [MESSAGE][PASSED] - Keys 'Abcd@12345' sent to object: 'Object Repository/Reg_Account/NewPassword'

2021-02-03 22:57:35 - [TEST_STEP][PASSED] - sendKeys(findTestObject("Object Repository/Reg_Account/ReEnterPwd"), ConfimPwd): Keys 'Abcd@12345' sent to object: 'Object Repository/Reg_Account/ReEnterPwd'

2021-02-03 22:57:36 - [MESSAGE][PASSED] - Keys 'Abcd@12345' sent to object: 'Object Repository/Reg_Account/ReEnterPwd'

2021-02-03 22:57:36 - [TEST_STEP][PASSED] - customKeywords.commanFunctions.elementIsEnabled(enabledSaveBtn): Element is Enabled

2021-02-03 22:57:37 - [MESSAGE][INFO] - Finding element is enabled

2021-02-03 22:57:37 - [MESSAGE][PASSED] - Element is Enabled

2021-02-03 22:57:37 - [TEST_STEP][PASSED] - click(findTestObject("Object Repository/Reg_Account/SaveBtn")): Object: 'Object Repository/Reg_Account/SaveBtn' is clicked on

2021-02-03 22:57:37 - [MESSAGE][PASSED] - Object: 'Object Repository/Reg_Account/SaveBtn' is clicked on

2021-02-03 22:57:37 - [TEST_STEP][PASSED] - verifyTextPresent(PwdChangeErrorMsg, false): Text 'Current password is incorrect' is present on page 

2021-02-03 22:57:39 - [MESSAGE][PASSED] - Text 'Current password is incorrect' is present on page 

2021-02-03 22:57:39 - [TEST_STEP][PASSED] - customKeywords.commanFunctions.logOutAndcloseBrowser(): customKeywords.commanFunctions.logOutAndcloseBrowser is PASSED

2021-02-03 22:57:40 - [MESSAGE][PASSED] - Object 'Object Repository/LoginAndRigisterUser/AdminDD' is clickable

2021-02-03 22:57:40 - [MESSAGE][INFO] - Clicked on element with JS

2021-02-03 22:57:41 - [MESSAGE][INFO] - Clicked on element with JS

2021-02-03 22:57:42 - [MESSAGE][PASSED] - Delayed 1 second(s)

2021-02-03 22:57:43 - [MESSAGE][PASSED] - Browser is closed

2021-02-03 22:57:43 - [MESSAGE][PASSED] - customKeywords.commanFunctions.logOutAndcloseBrowser is PASSED]]></system-out>
         <system-err><![CDATA[]]></system-err>
      </testcase>
      <testcase name="Test Cases/TC_RigisterUser/RigisterUserTCs/CSP-T33_1.0_As Registered User, I want to verify that system can detect incorrect current password" time="47.753" classname="Test Cases/TC_RigisterUser/RigisterUserTCs/CSP-T33_1.0_As Registered User, I want to verify that system can detect incorrect current password" status="PASSED">
         <system-out><![CDATA[2021-02-03 22:57:43 - [TEST_CASE][PASSED] - Test Cases/TC_RigisterUser/RigisterUserTCs/CSP-T33_1.0_As Registered User, I want to verify that system can detect incorrect current password: Test Cases/TC_RigisterUser/RigisterUserTCs/CSP-T33_1.0_As Registered User, I want to verify that system can detect incorrect current password

2021-02-03 22:57:43 - [TEST_STEP][PASSED] - excelTestData = findTestData("Data Files/TestData/InspectTestData"): null

2021-02-03 22:57:43 - [TEST_STEP][PASSED] - obj = findTestObject("LoginAndRigisterUser/LoginLink"): null

2021-02-03 22:57:43 - [TEST_STEP][PASSED] - adminDD = findTestObject("Object Repository/LoginAndRigisterUser/AdminDD"): null

2021-02-03 22:57:43 - [TEST_STEP][PASSED] - disabledSaveBtn = findTestObject("Object Repository/Reg_Account/SaveBtn"): null

2021-02-03 22:57:44 - [TEST_STEP][PASSED] - analysisBtn_Disabled = By.xpath("//*[@class='mt-5 ant-btn ant-btn-primary ant-btn-block disabled22']"): null

2021-02-03 22:57:44 - [TEST_STEP][PASSED] - searchSubmissionBtn = By.xpath("//*[@class='img-search']"): null

2021-02-03 22:57:44 - [TEST_STEP][PASSED] - customKeywords.commanFunctions.openBrowser(): customKeywords.commanFunctions.openBrowser is PASSED

2021-02-03 22:57:44 - [MESSAGE][INFO] - Starting 'Chrome' driver

2021-02-03 22:57:44 - [MESSAGE][INFO] - Action delay is set to 0 milliseconds

2021-02-03 22:58:00 - [MESSAGE][PASSED] - Browser is opened with url: 'https://Inspect.Stage.site.sa'

2021-02-03 22:58:02 - [MESSAGE][PASSED] - Current window maximized

2021-02-03 22:58:02 - [MESSAGE][PASSED] - Wait for page load successfully

2021-02-03 22:58:02 - [MESSAGE][PASSED] - customKeywords.commanFunctions.openBrowser is PASSED

2021-02-03 22:58:02 - [TEST_STEP][PASSED] - waitForElementClickable(findTestObject("LoginAndRigisterUser/LoginLink"), TimeOut): Object 'Object Repository/LoginAndRigisterUser/LoginLink' is clickable

2021-02-03 22:58:03 - [MESSAGE][PASSED] - Object 'Object Repository/LoginAndRigisterUser/LoginLink' is clickable

2021-02-03 22:58:03 - [TEST_STEP][PASSED] - customKeywords.commanFunctions.clickElementWithJS(obj): customKeywords.commanFunctions.clickElementWithJS is PASSED

2021-02-03 22:58:04 - [MESSAGE][INFO] - Clicked on element with JS

2021-02-03 22:58:04 - [MESSAGE][PASSED] - customKeywords.commanFunctions.clickElementWithJS is PASSED

2021-02-03 22:58:04 - [TEST_STEP][PASSED] - rigisterUN = excelTestData.getValue(2, 23): null

2021-02-03 22:58:04 - [TEST_STEP][PASSED] - rigisterPW = excelTestData.getValue(3, 23): null

2021-02-03 22:58:04 - [TEST_STEP][PASSED] - customKeywords.commanFunctions.logIntoBrowserWithReqCredentials(rigisterUN, rigisterPW): customKeywords.commanFunctions.logIntoBrowserWithReqCredentials is PASSED

2021-02-03 22:58:05 - [MESSAGE][PASSED] - Keys 'Os-ARahman@projects.site.sa' sent to object: 'Object Repository/LoginAndRigisterUser/UserName_Email_Input'

2021-02-03 22:58:06 - [MESSAGE][PASSED] - Keys 'Test@12345' sent to object: 'Object Repository/LoginAndRigisterUser/Password_Input'

2021-02-03 22:58:07 - [MESSAGE][PASSED] - Delayed 1 second(s)

2021-02-03 22:58:07 - [MESSAGE][PASSED] - Object 'Object Repository/LoginAndRigisterUser/LoginBtn' is clickable

2021-02-03 22:58:08 - [MESSAGE][INFO] - Clicked on element with JS

2021-02-03 22:58:08 - [MESSAGE][PASSED] - customKeywords.commanFunctions.logIntoBrowserWithReqCredentials is PASSED

2021-02-03 22:58:08 - [TEST_STEP][PASSED] - customKeywords.commanFunctions.otpLogin(): customKeywords.commanFunctions.otpLogin is PASSED

2021-02-03 22:58:11 - [MESSAGE][PASSED] - Keys '0' sent to object: 'Object Repository/LoginAndRigisterUser/otpOne'

2021-02-03 22:58:12 - [MESSAGE][PASSED] - Keys '0' sent to object: 'Object Repository/LoginAndRigisterUser/otpTwo'

2021-02-03 22:58:14 - [MESSAGE][PASSED] - Keys '0' sent to object: 'Object Repository/LoginAndRigisterUser/otpThree'

2021-02-03 22:58:14 - [MESSAGE][PASSED] - Keys '0' sent to object: 'Object Repository/LoginAndRigisterUser/otpFour'

2021-02-03 22:58:15 - [MESSAGE][PASSED] - Keys '0' sent to object: 'Object Repository/LoginAndRigisterUser/otpFive'

2021-02-03 22:58:16 - [MESSAGE][INFO] - Clicked on element with JS

2021-02-03 22:58:16 - [MESSAGE][PASSED] - customKeywords.commanFunctions.otpLogin is PASSED

2021-02-03 22:58:16 - [TEST_STEP][PASSED] - waitForElementClickable(findTestObject("Object Repository/LoginAndRigisterUser/AdminDD"), TimeOut): Object 'Object Repository/LoginAndRigisterUser/AdminDD' is clickable

2021-02-03 22:58:19 - [MESSAGE][PASSED] - Object 'Object Repository/LoginAndRigisterUser/AdminDD' is clickable

2021-02-03 22:58:19 - [TEST_STEP][PASSED] - customKeywords.commanFunctions.clickElementWithJS(adminDD): customKeywords.commanFunctions.clickElementWithJS is PASSED

2021-02-03 22:58:20 - [MESSAGE][INFO] - Clicked on element with JS

2021-02-03 22:58:20 - [MESSAGE][PASSED] - customKeywords.commanFunctions.clickElementWithJS is PASSED

2021-02-03 22:58:20 - [TEST_STEP][PASSED] - click(findTestObject("Object Repository/HomePage/AccountInformationOption")): Object: 'Object Repository/HomePage/AccountInformationOption' is clicked on

2021-02-03 22:58:22 - [MESSAGE][PASSED] - Object: 'Object Repository/HomePage/AccountInformationOption' is clicked on

2021-02-03 22:58:22 - [TEST_STEP][PASSED] - click(findTestObject("Object Repository/Reg_Account/changePwd")): Object: 'Object Repository/Reg_Account/changePwd' is clicked on

2021-02-03 22:58:23 - [MESSAGE][PASSED] - Object: 'Object Repository/Reg_Account/changePwd' is clicked on

2021-02-03 22:58:23 - [TEST_STEP][PASSED] - CurrentPwd = excelTestData.getValue(2, 75): null

2021-02-03 22:58:23 - [TEST_STEP][PASSED] - NewPwd = excelTestData.getValue(3, 75): null

2021-02-03 22:58:23 - [TEST_STEP][PASSED] - ConfimPwd = excelTestData.getValue(4, 75): null

2021-02-03 22:58:23 - [TEST_STEP][PASSED] - PwdChangeErrorMsg = excelTestData.getValue(5, 75): null

2021-02-03 22:58:23 - [TEST_STEP][PASSED] - sendKeys(findTestObject("Object Repository/Reg_Account/CurrentPwd"), CurrentPwd): Keys 'Test@1' sent to object: 'Object Repository/Reg_Account/CurrentPwd'

2021-02-03 22:58:24 - [MESSAGE][PASSED] - Keys 'Test@1' sent to object: 'Object Repository/Reg_Account/CurrentPwd'

2021-02-03 22:58:24 - [TEST_STEP][PASSED] - sendKeys(findTestObject("Object Repository/Reg_Account/NewPassword"), NewPwd): Keys 'Abcd@12345' sent to object: 'Object Repository/Reg_Account/NewPassword'

2021-02-03 22:58:24 - [MESSAGE][PASSED] - Keys 'Abcd@12345' sent to object: 'Object Repository/Reg_Account/NewPassword'

2021-02-03 22:58:24 - [TEST_STEP][PASSED] - sendKeys(findTestObject("Object Repository/Reg_Account/ReEnterPwd"), ConfimPwd): Keys 'Abcd@12345' sent to object: 'Object Repository/Reg_Account/ReEnterPwd'

2021-02-03 22:58:25 - [MESSAGE][PASSED] - Keys 'Abcd@12345' sent to object: 'Object Repository/Reg_Account/ReEnterPwd'

2021-02-03 22:58:25 - [TEST_STEP][PASSED] - verifyTextPresent(PwdChangeErrorMsg, false): Text 'Input is invalid' is present on page 

2021-02-03 22:58:26 - [MESSAGE][PASSED] - Text 'Input is invalid' is present on page 

2021-02-03 22:58:26 - [TEST_STEP][PASSED] - customKeywords.commanFunctions.elementIsDisabled(disabledSaveBtn): Element has been disabled

2021-02-03 22:58:26 - [MESSAGE][INFO] - Finding element is disabled

2021-02-03 22:58:27 - [MESSAGE][PASSED] - Element has been disabled

2021-02-03 22:58:27 - [TEST_STEP][PASSED] - customKeywords.commanFunctions.logOutAndcloseBrowser(): customKeywords.commanFunctions.logOutAndcloseBrowser is PASSED

2021-02-03 22:58:28 - [MESSAGE][PASSED] - Object 'Object Repository/LoginAndRigisterUser/AdminDD' is clickable

2021-02-03 22:58:28 - [MESSAGE][INFO] - Clicked on element with JS

2021-02-03 22:58:29 - [MESSAGE][INFO] - Clicked on element with JS

2021-02-03 22:58:30 - [MESSAGE][PASSED] - Delayed 1 second(s)

2021-02-03 22:58:30 - [MESSAGE][PASSED] - Browser is closed

2021-02-03 22:58:30 - [MESSAGE][PASSED] - customKeywords.commanFunctions.logOutAndcloseBrowser is PASSED]]></system-out>
         <system-err><![CDATA[]]></system-err>
      </testcase>
      <testcase name="Test Cases/TC_RigisterUser/RigisterUserTCs/CSP-T32_1.0_As Registered User, I want to verify that system detect mismatched confirmation password" time="45.826" classname="Test Cases/TC_RigisterUser/RigisterUserTCs/CSP-T32_1.0_As Registered User, I want to verify that system detect mismatched confirmation password" status="PASSED">
         <system-out><![CDATA[2021-02-03 22:58:30 - [TEST_CASE][PASSED] - Test Cases/TC_RigisterUser/RigisterUserTCs/CSP-T32_1.0_As Registered User, I want to verify that system detect mismatched confirmation password: Test Cases/TC_RigisterUser/RigisterUserTCs/CSP-T32_1.0_As Registered User, I want to verify that system detect mismatched confirmation password

2021-02-03 22:58:31 - [TEST_STEP][PASSED] - excelTestData = findTestData("Data Files/TestData/InspectTestData"): null

2021-02-03 22:58:31 - [TEST_STEP][PASSED] - obj = findTestObject("LoginAndRigisterUser/LoginLink"): null

2021-02-03 22:58:31 - [TEST_STEP][PASSED] - adminDD = findTestObject("Object Repository/LoginAndRigisterUser/AdminDD"): null

2021-02-03 22:58:31 - [TEST_STEP][PASSED] - disabledSaveBtn = findTestObject("Object Repository/Reg_Account/SaveBtn"): null

2021-02-03 22:58:31 - [TEST_STEP][PASSED] - analysisBtn_Disabled = By.xpath("//*[@class='mt-5 ant-btn ant-btn-primary ant-btn-block disabled22']"): null

2021-02-03 22:58:31 - [TEST_STEP][PASSED] - searchSubmissionBtn = By.xpath("//*[@class='img-search']"): null

2021-02-03 22:58:31 - [TEST_STEP][PASSED] - customKeywords.commanFunctions.openBrowser(): customKeywords.commanFunctions.openBrowser is PASSED

2021-02-03 22:58:32 - [MESSAGE][INFO] - Starting 'Chrome' driver

2021-02-03 22:58:32 - [MESSAGE][INFO] - Action delay is set to 0 milliseconds

2021-02-03 22:58:46 - [MESSAGE][PASSED] - Browser is opened with url: 'https://Inspect.Stage.site.sa'

2021-02-03 22:58:48 - [MESSAGE][PASSED] - Current window maximized

2021-02-03 22:58:48 - [MESSAGE][PASSED] - Wait for page load successfully

2021-02-03 22:58:48 - [MESSAGE][PASSED] - customKeywords.commanFunctions.openBrowser is PASSED

2021-02-03 22:58:48 - [TEST_STEP][PASSED] - waitForElementClickable(findTestObject("LoginAndRigisterUser/LoginLink"), TimeOut): Object 'Object Repository/LoginAndRigisterUser/LoginLink' is clickable

2021-02-03 22:58:49 - [MESSAGE][PASSED] - Object 'Object Repository/LoginAndRigisterUser/LoginLink' is clickable

2021-02-03 22:58:49 - [TEST_STEP][PASSED] - customKeywords.commanFunctions.clickElementWithJS(obj): customKeywords.commanFunctions.clickElementWithJS is PASSED

2021-02-03 22:58:50 - [MESSAGE][INFO] - Clicked on element with JS

2021-02-03 22:58:50 - [MESSAGE][PASSED] - customKeywords.commanFunctions.clickElementWithJS is PASSED

2021-02-03 22:58:50 - [TEST_STEP][PASSED] - rigisterUN = excelTestData.getValue(2, 23): null

2021-02-03 22:58:50 - [TEST_STEP][PASSED] - rigisterPW = excelTestData.getValue(3, 23): null

2021-02-03 22:58:50 - [TEST_STEP][PASSED] - customKeywords.commanFunctions.logIntoBrowserWithReqCredentials(rigisterUN, rigisterPW): customKeywords.commanFunctions.logIntoBrowserWithReqCredentials is PASSED

2021-02-03 22:58:51 - [MESSAGE][PASSED] - Keys 'Os-ARahman@projects.site.sa' sent to object: 'Object Repository/LoginAndRigisterUser/UserName_Email_Input'

2021-02-03 22:58:52 - [MESSAGE][PASSED] - Keys 'Test@12345' sent to object: 'Object Repository/LoginAndRigisterUser/Password_Input'

2021-02-03 22:58:53 - [MESSAGE][PASSED] - Delayed 1 second(s)

2021-02-03 22:58:53 - [MESSAGE][PASSED] - Object 'Object Repository/LoginAndRigisterUser/LoginBtn' is clickable

2021-02-03 22:58:54 - [MESSAGE][INFO] - Clicked on element with JS

2021-02-03 22:58:54 - [MESSAGE][PASSED] - customKeywords.commanFunctions.logIntoBrowserWithReqCredentials is PASSED

2021-02-03 22:58:54 - [TEST_STEP][PASSED] - customKeywords.commanFunctions.otpLogin(): customKeywords.commanFunctions.otpLogin is PASSED

2021-02-03 22:58:57 - [MESSAGE][PASSED] - Keys '0' sent to object: 'Object Repository/LoginAndRigisterUser/otpOne'

2021-02-03 22:58:58 - [MESSAGE][PASSED] - Keys '0' sent to object: 'Object Repository/LoginAndRigisterUser/otpTwo'

2021-02-03 22:59:00 - [MESSAGE][PASSED] - Keys '0' sent to object: 'Object Repository/LoginAndRigisterUser/otpThree'

2021-02-03 22:59:00 - [MESSAGE][PASSED] - Keys '0' sent to object: 'Object Repository/LoginAndRigisterUser/otpFour'

2021-02-03 22:59:01 - [MESSAGE][PASSED] - Keys '0' sent to object: 'Object Repository/LoginAndRigisterUser/otpFive'

2021-02-03 22:59:02 - [MESSAGE][INFO] - Clicked on element with JS

2021-02-03 22:59:02 - [MESSAGE][PASSED] - customKeywords.commanFunctions.otpLogin is PASSED

2021-02-03 22:59:02 - [TEST_STEP][PASSED] - waitForElementClickable(findTestObject("Object Repository/LoginAndRigisterUser/AdminDD"), TimeOut): Object 'Object Repository/LoginAndRigisterUser/AdminDD' is clickable

2021-02-03 22:59:05 - [MESSAGE][PASSED] - Object 'Object Repository/LoginAndRigisterUser/AdminDD' is clickable

2021-02-03 22:59:05 - [TEST_STEP][PASSED] - customKeywords.commanFunctions.clickElementWithJS(adminDD): customKeywords.commanFunctions.clickElementWithJS is PASSED

2021-02-03 22:59:06 - [MESSAGE][INFO] - Clicked on element with JS

2021-02-03 22:59:06 - [MESSAGE][PASSED] - customKeywords.commanFunctions.clickElementWithJS is PASSED

2021-02-03 22:59:06 - [TEST_STEP][PASSED] - click(findTestObject("Object Repository/HomePage/AccountInformationOption")): Object: 'Object Repository/HomePage/AccountInformationOption' is clicked on

2021-02-03 22:59:08 - [MESSAGE][PASSED] - Object: 'Object Repository/HomePage/AccountInformationOption' is clicked on

2021-02-03 22:59:08 - [TEST_STEP][PASSED] - click(findTestObject("Object Repository/Reg_Account/changePwd")): Object: 'Object Repository/Reg_Account/changePwd' is clicked on

2021-02-03 22:59:09 - [MESSAGE][PASSED] - Object: 'Object Repository/Reg_Account/changePwd' is clicked on

2021-02-03 22:59:09 - [TEST_STEP][PASSED] - CurrentPwd = excelTestData.getValue(2, 71): null

2021-02-03 22:59:09 - [TEST_STEP][PASSED] - NewPwd = excelTestData.getValue(3, 71): null

2021-02-03 22:59:09 - [TEST_STEP][PASSED] - ConfimPwd = excelTestData.getValue(4, 71): null

2021-02-03 22:59:09 - [TEST_STEP][PASSED] - PwdChangeErrorMsg = excelTestData.getValue(5, 71): null

2021-02-03 22:59:09 - [TEST_STEP][PASSED] - sendKeys(findTestObject("Object Repository/Reg_Account/CurrentPwd"), CurrentPwd): Keys 'Test@12345' sent to object: 'Object Repository/Reg_Account/CurrentPwd'

2021-02-03 22:59:09 - [MESSAGE][PASSED] - Keys 'Test@12345' sent to object: 'Object Repository/Reg_Account/CurrentPwd'

2021-02-03 22:59:09 - [TEST_STEP][PASSED] - sendKeys(findTestObject("Object Repository/Reg_Account/NewPassword"), NewPwd): Keys 'Abcd@12345' sent to object: 'Object Repository/Reg_Account/NewPassword'

2021-02-03 22:59:10 - [MESSAGE][PASSED] - Keys 'Abcd@12345' sent to object: 'Object Repository/Reg_Account/NewPassword'

2021-02-03 22:59:10 - [TEST_STEP][PASSED] - sendKeys(findTestObject("Object Repository/Reg_Account/ReEnterPwd"), ConfimPwd): Keys 'Abcd@123456' sent to object: 'Object Repository/Reg_Account/ReEnterPwd'

2021-02-03 22:59:11 - [MESSAGE][PASSED] - Keys 'Abcd@123456' sent to object: 'Object Repository/Reg_Account/ReEnterPwd'

2021-02-03 22:59:11 - [TEST_STEP][PASSED] - verifyTextPresent(PwdChangeErrorMsg, false): Text 'Input does not match' is present on page 

2021-02-03 22:59:12 - [MESSAGE][PASSED] - Text 'Input does not match' is present on page 

2021-02-03 22:59:12 - [TEST_STEP][PASSED] - customKeywords.commanFunctions.elementIsDisabled(disabledSaveBtn): Element has been disabled

2021-02-03 22:59:12 - [MESSAGE][INFO] - Finding element is disabled

2021-02-03 22:59:12 - [MESSAGE][PASSED] - Element has been disabled

2021-02-03 22:59:12 - [TEST_STEP][PASSED] - customKeywords.commanFunctions.logOutAndcloseBrowser(): customKeywords.commanFunctions.logOutAndcloseBrowser is PASSED

2021-02-03 22:59:13 - [MESSAGE][PASSED] - Object 'Object Repository/LoginAndRigisterUser/AdminDD' is clickable

2021-02-03 22:59:14 - [MESSAGE][INFO] - Clicked on element with JS

2021-02-03 22:59:14 - [MESSAGE][INFO] - Clicked on element with JS

2021-02-03 22:59:15 - [MESSAGE][PASSED] - Delayed 1 second(s)

2021-02-03 22:59:16 - [MESSAGE][PASSED] - Browser is closed

2021-02-03 22:59:16 - [MESSAGE][PASSED] - customKeywords.commanFunctions.logOutAndcloseBrowser is PASSED]]></system-out>
         <system-err><![CDATA[]]></system-err>
      </testcase>
      <testcase name="Test Cases/TC_RigisterUser/RigisterUserTCs/CSP-T31_1.0_As Registered User, I want to verify that i can successfully view my profile so that I can change my Password" time="84.054" classname="Test Cases/TC_RigisterUser/RigisterUserTCs/CSP-T31_1.0_As Registered User, I want to verify that i can successfully view my profile so that I can change my Password" status="PASSED">
         <system-out><![CDATA[2021-02-03 22:59:16 - [TEST_CASE][PASSED] - Test Cases/TC_RigisterUser/RigisterUserTCs/CSP-T31_1.0_As Registered User, I want to verify that i can successfully view my profile so that I can change my Password: Test Cases/TC_RigisterUser/RigisterUserTCs/CSP-T31_1.0_As Registered User, I want to verify that i can successfully view my profile so that I can change my Password

2021-02-03 22:59:17 - [TEST_STEP][PASSED] - excelTestData = findTestData("Data Files/TestData/InspectTestData"): null

2021-02-03 22:59:17 - [TEST_STEP][PASSED] - obj = findTestObject("LoginAndRigisterUser/LoginLink"): null

2021-02-03 22:59:17 - [TEST_STEP][PASSED] - adminDD = findTestObject("Object Repository/LoginAndRigisterUser/AdminDD"): null

2021-02-03 22:59:17 - [TEST_STEP][PASSED] - analysisBtn_Disabled = By.xpath("//*[@class='mt-5 ant-btn ant-btn-primary ant-btn-block disabled22']"): null

2021-02-03 22:59:17 - [TEST_STEP][PASSED] - searchSubmissionBtn = By.xpath("//*[@class='img-search']"): null

2021-02-03 22:59:17 - [TEST_STEP][PASSED] - customKeywords.commanFunctions.openBrowser(): customKeywords.commanFunctions.openBrowser is PASSED

2021-02-03 22:59:18 - [MESSAGE][INFO] - Starting 'Chrome' driver

2021-02-03 22:59:18 - [MESSAGE][INFO] - Action delay is set to 0 milliseconds

2021-02-03 22:59:34 - [MESSAGE][PASSED] - Browser is opened with url: 'https://Inspect.Stage.site.sa'

2021-02-03 22:59:36 - [MESSAGE][PASSED] - Current window maximized

2021-02-03 22:59:36 - [MESSAGE][PASSED] - Wait for page load successfully

2021-02-03 22:59:36 - [MESSAGE][PASSED] - customKeywords.commanFunctions.openBrowser is PASSED

2021-02-03 22:59:36 - [TEST_STEP][PASSED] - waitForElementClickable(findTestObject("LoginAndRigisterUser/LoginLink"), TimeOut): Object 'Object Repository/LoginAndRigisterUser/LoginLink' is clickable

2021-02-03 22:59:36 - [MESSAGE][PASSED] - Object 'Object Repository/LoginAndRigisterUser/LoginLink' is clickable

2021-02-03 22:59:36 - [TEST_STEP][PASSED] - customKeywords.commanFunctions.clickElementWithJS(obj): customKeywords.commanFunctions.clickElementWithJS is PASSED

2021-02-03 22:59:37 - [MESSAGE][INFO] - Clicked on element with JS

2021-02-03 22:59:37 - [MESSAGE][PASSED] - customKeywords.commanFunctions.clickElementWithJS is PASSED

2021-02-03 22:59:37 - [TEST_STEP][PASSED] - rigisterUN = excelTestData.getValue(2, 23): null

2021-02-03 22:59:37 - [TEST_STEP][PASSED] - rigisterPW = excelTestData.getValue(3, 23): null

2021-02-03 22:59:37 - [TEST_STEP][PASSED] - customKeywords.commanFunctions.logIntoBrowserWithReqCredentials(rigisterUN, rigisterPW): customKeywords.commanFunctions.logIntoBrowserWithReqCredentials is PASSED

2021-02-03 22:59:39 - [MESSAGE][PASSED] - Keys 'Os-ARahman@projects.site.sa' sent to object: 'Object Repository/LoginAndRigisterUser/UserName_Email_Input'

2021-02-03 22:59:39 - [MESSAGE][PASSED] - Keys 'Test@12345' sent to object: 'Object Repository/LoginAndRigisterUser/Password_Input'

2021-02-03 22:59:40 - [MESSAGE][PASSED] - Delayed 1 second(s)

2021-02-03 22:59:41 - [MESSAGE][PASSED] - Object 'Object Repository/LoginAndRigisterUser/LoginBtn' is clickable

2021-02-03 22:59:41 - [MESSAGE][INFO] - Clicked on element with JS

2021-02-03 22:59:41 - [MESSAGE][PASSED] - customKeywords.commanFunctions.logIntoBrowserWithReqCredentials is PASSED

2021-02-03 22:59:41 - [TEST_STEP][PASSED] - customKeywords.commanFunctions.otpLogin(): customKeywords.commanFunctions.otpLogin is PASSED

2021-02-03 22:59:45 - [MESSAGE][PASSED] - Keys '0' sent to object: 'Object Repository/LoginAndRigisterUser/otpOne'

2021-02-03 22:59:46 - [MESSAGE][PASSED] - Keys '0' sent to object: 'Object Repository/LoginAndRigisterUser/otpTwo'

2021-02-03 22:59:47 - [MESSAGE][PASSED] - Keys '0' sent to object: 'Object Repository/LoginAndRigisterUser/otpThree'

2021-02-03 22:59:48 - [MESSAGE][PASSED] - Keys '0' sent to object: 'Object Repository/LoginAndRigisterUser/otpFour'

2021-02-03 22:59:49 - [MESSAGE][PASSED] - Keys '0' sent to object: 'Object Repository/LoginAndRigisterUser/otpFive'

2021-02-03 22:59:50 - [MESSAGE][INFO] - Clicked on element with JS

2021-02-03 22:59:50 - [MESSAGE][PASSED] - customKeywords.commanFunctions.otpLogin is PASSED

2021-02-03 22:59:50 - [TEST_STEP][PASSED] - waitForElementClickable(findTestObject("Object Repository/LoginAndRigisterUser/AdminDD"), TimeOut): Object 'Object Repository/LoginAndRigisterUser/AdminDD' is clickable

2021-02-03 22:59:53 - [MESSAGE][PASSED] - Object 'Object Repository/LoginAndRigisterUser/AdminDD' is clickable

2021-02-03 22:59:53 - [TEST_STEP][PASSED] - customKeywords.commanFunctions.clickElementWithJS(adminDD): customKeywords.commanFunctions.clickElementWithJS is PASSED

2021-02-03 22:59:54 - [MESSAGE][INFO] - Clicked on element with JS

2021-02-03 22:59:54 - [MESSAGE][PASSED] - customKeywords.commanFunctions.clickElementWithJS is PASSED

2021-02-03 22:59:54 - [TEST_STEP][PASSED] - click(findTestObject("Object Repository/HomePage/AccountInformationOption")): Object: 'Object Repository/HomePage/AccountInformationOption' is clicked on

2021-02-03 22:59:56 - [MESSAGE][PASSED] - Object: 'Object Repository/HomePage/AccountInformationOption' is clicked on

2021-02-03 22:59:56 - [TEST_STEP][PASSED] - click(findTestObject("Object Repository/Reg_Account/changePwd")): Object: 'Object Repository/Reg_Account/changePwd' is clicked on

2021-02-03 22:59:57 - [MESSAGE][PASSED] - Object: 'Object Repository/Reg_Account/changePwd' is clicked on

2021-02-03 22:59:57 - [TEST_STEP][PASSED] - CurrentPwd = excelTestData.getValue(2, 67): null

2021-02-03 22:59:57 - [TEST_STEP][PASSED] - NewPwd = excelTestData.getValue(3, 67): null

2021-02-03 22:59:57 - [TEST_STEP][PASSED] - ConfimPwd = excelTestData.getValue(4, 67): null

2021-02-03 22:59:57 - [TEST_STEP][PASSED] - PwdChangedSuccMsg = excelTestData.getValue(5, 67): null

2021-02-03 22:59:57 - [TEST_STEP][PASSED] - sendKeys(findTestObject("Object Repository/Reg_Account/CurrentPwd"), CurrentPwd): Keys 'Test@12345' sent to object: 'Object Repository/Reg_Account/CurrentPwd'

2021-02-03 22:59:58 - [MESSAGE][PASSED] - Keys 'Test@12345' sent to object: 'Object Repository/Reg_Account/CurrentPwd'

2021-02-03 22:59:58 - [TEST_STEP][PASSED] - sendKeys(findTestObject("Object Repository/Reg_Account/NewPassword"), NewPwd): Keys 'Abcd@12345' sent to object: 'Object Repository/Reg_Account/NewPassword'

2021-02-03 22:59:58 - [MESSAGE][PASSED] - Keys 'Abcd@12345' sent to object: 'Object Repository/Reg_Account/NewPassword'

2021-02-03 22:59:58 - [TEST_STEP][PASSED] - sendKeys(findTestObject("Object Repository/Reg_Account/ReEnterPwd"), ConfimPwd): Keys 'Abcd@12345' sent to object: 'Object Repository/Reg_Account/ReEnterPwd'

2021-02-03 22:59:59 - [MESSAGE][PASSED] - Keys 'Abcd@12345' sent to object: 'Object Repository/Reg_Account/ReEnterPwd'

2021-02-03 22:59:59 - [TEST_STEP][PASSED] - click(findTestObject("Object Repository/Reg_Account/SaveBtn")): Object: 'Object Repository/Reg_Account/SaveBtn' is clicked on

2021-02-03 23:00:00 - [MESSAGE][PASSED] - Object: 'Object Repository/Reg_Account/SaveBtn' is clicked on

2021-02-03 23:00:00 - [TEST_STEP][PASSED] - verifyTextPresent(PwdChangedSuccMsg, false): Text 'Password has been changed successfully' is present on page 

2021-02-03 23:00:01 - [MESSAGE][PASSED] - Text 'Password has been changed successfully' is present on page 

2021-02-03 23:00:01 - [TEST_STEP][PASSED] - customKeywords.commanFunctions.logOutBrowser(): customKeywords.commanFunctions.logOutBrowser is PASSED

2021-02-03 23:00:02 - [MESSAGE][PASSED] - Object 'Object Repository/LoginAndRigisterUser/AdminDD' is clickable

2021-02-03 23:00:03 - [MESSAGE][INFO] - Clicked on element with JS

2021-02-03 23:00:03 - [MESSAGE][INFO] - Clicked on element with JS

2021-02-03 23:00:03 - [MESSAGE][PASSED] - customKeywords.commanFunctions.logOutBrowser is PASSED

2021-02-03 23:00:03 - [TEST_STEP][PASSED] - waitForElementClickable(findTestObject("LoginAndRigisterUser/LoginLink"), TimeOut): Object 'Object Repository/LoginAndRigisterUser/LoginLink' is clickable

2021-02-03 23:00:06 - [MESSAGE][PASSED] - Object 'Object Repository/LoginAndRigisterUser/LoginLink' is clickable

2021-02-03 23:00:06 - [TEST_STEP][PASSED] - customKeywords.commanFunctions.clickElementWithJS(obj): customKeywords.commanFunctions.clickElementWithJS is PASSED

2021-02-03 23:00:08 - [MESSAGE][INFO] - Clicked on element with JS

2021-02-03 23:00:08 - [MESSAGE][PASSED] - customKeywords.commanFunctions.clickElementWithJS is PASSED

2021-02-03 23:00:08 - [TEST_STEP][PASSED] - customKeywords.commanFunctions.logIntoBrowserWithReqCredentials(rigisterUN, NewPwd): customKeywords.commanFunctions.logIntoBrowserWithReqCredentials is PASSED

2021-02-03 23:00:09 - [MESSAGE][PASSED] - Keys 'Os-ARahman@projects.site.sa' sent to object: 'Object Repository/LoginAndRigisterUser/UserName_Email_Input'

2021-02-03 23:00:10 - [MESSAGE][PASSED] - Keys 'Abcd@12345' sent to object: 'Object Repository/LoginAndRigisterUser/Password_Input'

2021-02-03 23:00:11 - [MESSAGE][PASSED] - Delayed 1 second(s)

2021-02-03 23:00:12 - [MESSAGE][PASSED] - Object 'Object Repository/LoginAndRigisterUser/LoginBtn' is clickable

2021-02-03 23:00:13 - [MESSAGE][INFO] - Clicked on element with JS

2021-02-03 23:00:13 - [MESSAGE][PASSED] - customKeywords.commanFunctions.logIntoBrowserWithReqCredentials is PASSED

2021-02-03 23:00:13 - [TEST_STEP][PASSED] - customKeywords.commanFunctions.otpLogin(): customKeywords.commanFunctions.otpLogin is PASSED

2021-02-03 23:00:16 - [MESSAGE][PASSED] - Keys '0' sent to object: 'Object Repository/LoginAndRigisterUser/otpOne'

2021-02-03 23:00:18 - [MESSAGE][PASSED] - Keys '0' sent to object: 'Object Repository/LoginAndRigisterUser/otpTwo'

2021-02-03 23:00:20 - [MESSAGE][PASSED] - Keys '0' sent to object: 'Object Repository/LoginAndRigisterUser/otpThree'

2021-02-03 23:00:22 - [MESSAGE][PASSED] - Keys '0' sent to object: 'Object Repository/LoginAndRigisterUser/otpFour'

2021-02-03 23:00:24 - [MESSAGE][PASSED] - Keys '0' sent to object: 'Object Repository/LoginAndRigisterUser/otpFive'

2021-02-03 23:00:26 - [MESSAGE][INFO] - Clicked on element with JS

2021-02-03 23:00:26 - [MESSAGE][PASSED] - customKeywords.commanFunctions.otpLogin is PASSED

2021-02-03 23:00:26 - [TEST_STEP][PASSED] - waitForElementClickable(findTestObject("Object Repository/LoginAndRigisterUser/AdminDD"), TimeOut): Object 'Object Repository/LoginAndRigisterUser/AdminDD' is clickable

2021-02-03 23:00:30 - [MESSAGE][PASSED] - Object 'Object Repository/LoginAndRigisterUser/AdminDD' is clickable

2021-02-03 23:00:30 - [TEST_STEP][PASSED] - customKeywords.commanFunctions.clickElementWithJS(adminDD): customKeywords.commanFunctions.clickElementWithJS is PASSED

2021-02-03 23:00:31 - [MESSAGE][INFO] - Clicked on element with JS

2021-02-03 23:00:31 - [MESSAGE][PASSED] - customKeywords.commanFunctions.clickElementWithJS is PASSED

2021-02-03 23:00:31 - [TEST_STEP][PASSED] - click(findTestObject("Object Repository/HomePage/AccountInformationOption")): Object: 'Object Repository/HomePage/AccountInformationOption' is clicked on

2021-02-03 23:00:32 - [MESSAGE][PASSED] - Object: 'Object Repository/HomePage/AccountInformationOption' is clicked on

2021-02-03 23:00:32 - [TEST_STEP][PASSED] - click(findTestObject("Object Repository/Reg_Account/changePwd")): Object: 'Object Repository/Reg_Account/changePwd' is clicked on

2021-02-03 23:00:33 - [MESSAGE][PASSED] - Object: 'Object Repository/Reg_Account/changePwd' is clicked on

2021-02-03 23:00:33 - [TEST_STEP][PASSED] - sendKeys(findTestObject("Object Repository/Reg_Account/CurrentPwd"), NewPwd): Keys 'Abcd@12345' sent to object: 'Object Repository/Reg_Account/CurrentPwd'

2021-02-03 23:00:34 - [MESSAGE][PASSED] - Keys 'Abcd@12345' sent to object: 'Object Repository/Reg_Account/CurrentPwd'

2021-02-03 23:00:34 - [TEST_STEP][PASSED] - sendKeys(findTestObject("Object Repository/Reg_Account/NewPassword"), CurrentPwd): Keys 'Test@12345' sent to object: 'Object Repository/Reg_Account/NewPassword'

2021-02-03 23:00:34 - [MESSAGE][PASSED] - Keys 'Test@12345' sent to object: 'Object Repository/Reg_Account/NewPassword'

2021-02-03 23:00:34 - [TEST_STEP][PASSED] - sendKeys(findTestObject("Object Repository/Reg_Account/ReEnterPwd"), CurrentPwd): Keys 'Test@12345' sent to object: 'Object Repository/Reg_Account/ReEnterPwd'

2021-02-03 23:00:35 - [MESSAGE][PASSED] - Keys 'Test@12345' sent to object: 'Object Repository/Reg_Account/ReEnterPwd'

2021-02-03 23:00:35 - [TEST_STEP][PASSED] - click(findTestObject("Object Repository/Reg_Account/SaveBtn")): Object: 'Object Repository/Reg_Account/SaveBtn' is clicked on

2021-02-03 23:00:36 - [MESSAGE][PASSED] - Object: 'Object Repository/Reg_Account/SaveBtn' is clicked on

2021-02-03 23:00:36 - [TEST_STEP][PASSED] - customKeywords.commanFunctions.logOutAndcloseBrowser(): customKeywords.commanFunctions.logOutAndcloseBrowser is PASSED

2021-02-03 23:00:38 - [MESSAGE][PASSED] - Object 'Object Repository/LoginAndRigisterUser/AdminDD' is clickable

2021-02-03 23:00:38 - [MESSAGE][INFO] - Clicked on element with JS

2021-02-03 23:00:39 - [MESSAGE][INFO] - Clicked on element with JS

2021-02-03 23:00:40 - [MESSAGE][PASSED] - Delayed 1 second(s)

2021-02-03 23:00:40 - [MESSAGE][PASSED] - Browser is closed

2021-02-03 23:00:40 - [MESSAGE][PASSED] - customKeywords.commanFunctions.logOutAndcloseBrowser is PASSED]]></system-out>
         <system-err><![CDATA[]]></system-err>
      </testcase>
      <testcase name="Test Cases/TC_RigisterUser/RigisterUserTCs/CSP-T28_1.0_As Registered User, I want to verify that nested file counts as a one file when selected for submission" time="61.632" classname="Test Cases/TC_RigisterUser/RigisterUserTCs/CSP-T28_1.0_As Registered User, I want to verify that nested file counts as a one file when selected for submission" status="PASSED">
         <system-out><![CDATA[2021-02-03 23:00:40 - [TEST_CASE][PASSED] - Test Cases/TC_RigisterUser/RigisterUserTCs/CSP-T28_1.0_As Registered User, I want to verify that nested file counts as a one file when selected for submission: Test Cases/TC_RigisterUser/RigisterUserTCs/CSP-T28_1.0_As Registered User, I want to verify that nested file counts as a one file when selected for submission

2021-02-03 23:00:41 - [TEST_STEP][PASSED] - excelTestData = findTestData("Data Files/TestData/InspectTestData"): null

2021-02-03 23:00:41 - [TEST_STEP][PASSED] - obj = findTestObject("LoginAndRigisterUser/LoginLink"): null

2021-02-03 23:00:41 - [TEST_STEP][PASSED] - customKeywords.commanFunctions.openBrowser(): customKeywords.commanFunctions.openBrowser is PASSED

2021-02-03 23:00:42 - [MESSAGE][INFO] - Starting 'Chrome' driver

2021-02-03 23:00:42 - [MESSAGE][INFO] - Action delay is set to 0 milliseconds

2021-02-03 23:00:58 - [MESSAGE][PASSED] - Browser is opened with url: 'https://Inspect.Stage.site.sa'

2021-02-03 23:01:00 - [MESSAGE][PASSED] - Current window maximized

2021-02-03 23:01:00 - [MESSAGE][PASSED] - Wait for page load successfully

2021-02-03 23:01:00 - [MESSAGE][PASSED] - customKeywords.commanFunctions.openBrowser is PASSED

2021-02-03 23:01:00 - [TEST_STEP][PASSED] - waitForElementClickable(findTestObject("LoginAndRigisterUser/LoginLink"), TimeOut): Object 'Object Repository/LoginAndRigisterUser/LoginLink' is clickable

2021-02-03 23:01:00 - [MESSAGE][PASSED] - Object 'Object Repository/LoginAndRigisterUser/LoginLink' is clickable

2021-02-03 23:01:00 - [TEST_STEP][PASSED] - customKeywords.commanFunctions.clickElementWithJS(obj): customKeywords.commanFunctions.clickElementWithJS is PASSED

2021-02-03 23:01:01 - [MESSAGE][INFO] - Clicked on element with JS

2021-02-03 23:01:01 - [MESSAGE][PASSED] - customKeywords.commanFunctions.clickElementWithJS is PASSED

2021-02-03 23:01:01 - [TEST_STEP][PASSED] - rigisterUN = excelTestData.getValue(2, 23): null

2021-02-03 23:01:01 - [TEST_STEP][PASSED] - rigisterPW = excelTestData.getValue(3, 23): null

2021-02-03 23:01:01 - [TEST_STEP][PASSED] - customKeywords.commanFunctions.logIntoBrowserWithReqCredentials(rigisterUN, rigisterPW): customKeywords.commanFunctions.logIntoBrowserWithReqCredentials is PASSED

2021-02-03 23:01:03 - [MESSAGE][PASSED] - Keys 'Os-ARahman@projects.site.sa' sent to object: 'Object Repository/LoginAndRigisterUser/UserName_Email_Input'

2021-02-03 23:01:03 - [MESSAGE][PASSED] - Keys 'Test@12345' sent to object: 'Object Repository/LoginAndRigisterUser/Password_Input'

2021-02-03 23:01:04 - [MESSAGE][PASSED] - Delayed 1 second(s)

2021-02-03 23:01:05 - [MESSAGE][PASSED] - Object 'Object Repository/LoginAndRigisterUser/LoginBtn' is clickable

2021-02-03 23:01:05 - [MESSAGE][INFO] - Clicked on element with JS

2021-02-03 23:01:05 - [MESSAGE][PASSED] - customKeywords.commanFunctions.logIntoBrowserWithReqCredentials is PASSED

2021-02-03 23:01:05 - [TEST_STEP][PASSED] - customKeywords.commanFunctions.otpLogin(): customKeywords.commanFunctions.otpLogin is PASSED

2021-02-03 23:01:10 - [MESSAGE][PASSED] - Keys '0' sent to object: 'Object Repository/LoginAndRigisterUser/otpOne'

2021-02-03 23:01:10 - [MESSAGE][PASSED] - Keys '0' sent to object: 'Object Repository/LoginAndRigisterUser/otpTwo'

2021-02-03 23:01:11 - [MESSAGE][PASSED] - Keys '0' sent to object: 'Object Repository/LoginAndRigisterUser/otpThree'

2021-02-03 23:01:12 - [MESSAGE][PASSED] - Keys '0' sent to object: 'Object Repository/LoginAndRigisterUser/otpFour'

2021-02-03 23:01:13 - [MESSAGE][PASSED] - Keys '0' sent to object: 'Object Repository/LoginAndRigisterUser/otpFive'

2021-02-03 23:01:14 - [MESSAGE][INFO] - Clicked on element with JS

2021-02-03 23:01:14 - [MESSAGE][PASSED] - customKeywords.commanFunctions.otpLogin is PASSED

2021-02-03 23:01:14 - [TEST_STEP][PASSED] - fileNameWithExten = excelTestData.getValue(2, 63): null

2021-02-03 23:01:14 - [TEST_STEP][PASSED] - existedFileName = excelTestData.getValue(3, 63): null

2021-02-03 23:01:14 - [TEST_STEP][PASSED] - customKeywords.commanFunctions.UploadReqFile(fileNameWithExten, existedFileName): customKeywords.commanFunctions.UploadReqFile is PASSED

2021-02-03 23:01:17 - [MESSAGE][PASSED] - Object: 'Object Repository/HomePage/ChooseAFile' is clicked on

2021-02-03 23:01:19 - [MESSAGE][PASSED] - Delayed 2 second(s)

2021-02-03 23:01:21 - [MESSAGE][INFO] - Image Uploaded Sucsessfully

2021-02-03 23:01:23 - [MESSAGE][PASSED] - Delayed 2 second(s)

2021-02-03 23:01:30 - [MESSAGE][PASSED] - Text 'Nested of valid files' is present on page 

2021-02-03 23:01:30 - [MESSAGE][PASSED] - customKeywords.commanFunctions.UploadReqFile is PASSED

2021-02-03 23:01:30 - [TEST_STEP][PASSED] - click(findTestObject("Object Repository/SelectTheFilesPopUp/SelectAllCheckBox")): Object: 'Object Repository/SelectTheFilesPopUp/SelectAllCheckBox' is clicked on

2021-02-03 23:01:31 - [MESSAGE][PASSED] - Object: 'Object Repository/SelectTheFilesPopUp/SelectAllCheckBox' is clicked on

2021-02-03 23:01:31 - [TEST_STEP][PASSED] - click(findTestObject("Object Repository/SelectTheFilesPopUp/NextBtn")): Object: 'Object Repository/SelectTheFilesPopUp/NextBtn' is clicked on

2021-02-03 23:01:32 - [MESSAGE][PASSED] - Object: 'Object Repository/SelectTheFilesPopUp/NextBtn' is clicked on

2021-02-03 23:01:32 - [TEST_STEP][PASSED] - click(findTestObject("Object Repository/SelectTheFilesPopUp/SubmitBtn")): Object: 'Object Repository/SelectTheFilesPopUp/SubmitBtn' is clicked on

2021-02-03 23:01:34 - [MESSAGE][PASSED] - Object: 'Object Repository/SelectTheFilesPopUp/SubmitBtn' is clicked on

2021-02-03 23:01:34 - [TEST_STEP][PASSED] - click(findTestObject("Object Repository/HomePage/Window7RadioBtn")): Object: 'Object Repository/HomePage/Window7RadioBtn' is clicked on

2021-02-03 23:01:35 - [MESSAGE][PASSED] - Object: 'Object Repository/HomePage/Window7RadioBtn' is clicked on

2021-02-03 23:01:35 - [TEST_STEP][PASSED] - verifyTextPresent(existedFileName, false): Text 'Nested of valid files' is present on page 

2021-02-03 23:01:36 - [MESSAGE][PASSED] - Text 'Nested of valid files' is present on page 

2021-02-03 23:01:36 - [TEST_STEP][PASSED] - customKeywords.commanFunctions.logOutAndcloseBrowser(): customKeywords.commanFunctions.logOutAndcloseBrowser is PASSED

2021-02-03 23:01:38 - [MESSAGE][PASSED] - Object 'Object Repository/LoginAndRigisterUser/AdminDD' is clickable

2021-02-03 23:01:39 - [MESSAGE][INFO] - Clicked on element with JS

2021-02-03 23:01:40 - [MESSAGE][INFO] - Clicked on element with JS

2021-02-03 23:01:41 - [MESSAGE][PASSED] - Delayed 1 second(s)

2021-02-03 23:01:42 - [MESSAGE][PASSED] - Browser is closed

2021-02-03 23:01:42 - [MESSAGE][PASSED] - customKeywords.commanFunctions.logOutAndcloseBrowser is PASSED]]></system-out>
         <system-err><![CDATA[]]></system-err>
      </testcase>
      <testcase name="Test Cases/TC_RigisterUser/RigisterUserTCs/CSP-T21_1.0_As Registered User, I want to verify that I can successfully upload Compressed file to scan" time="41.737" classname="Test Cases/TC_RigisterUser/RigisterUserTCs/CSP-T21_1.0_As Registered User, I want to verify that I can successfully upload Compressed file to scan" status="FAILED">
         <failure type="FAILED" message="Test Cases/TC_RigisterUser/RigisterUserTCs/CSP-T21_1.0_As Registered User, I want to verify that I can successfully upload Compressed file to scan FAILED.
Reason:
com.kms.katalon.core.exception.StepFailedException: Unable to verify text 'CompressedFile' is present 
	at com.kms.katalon.core.webui.keyword.internal.WebUIKeywordMain.stepFailed(WebUIKeywordMain.groovy:64)
	at com.kms.katalon.core.webui.keyword.internal.WebUIKeywordMain.runKeyword(WebUIKeywordMain.groovy:26)
	at com.kms.katalon.core.webui.keyword.builtin.VerifyTextPresentKeyword.verifyTextPresent(VerifyTextPresentKeyword.groovy:83)
	at com.kms.katalon.core.webui.keyword.builtin.VerifyTextPresentKeyword.execute(VerifyTextPresentKeyword.groovy:68)
	at com.kms.katalon.core.keyword.internal.KeywordExecutor.executeKeywordForPlatform(KeywordExecutor.groovy:73)
	at com.kms.katalon.core.webui.keyword.WebUiBuiltInKeywords.verifyTextPresent(WebUiBuiltInKeywords.groovy:1720)
	at com.kms.katalon.core.webui.keyword.WebUiBuiltInKeywords$verifyTextPresent$5.call(Unknown Source)
	at customKeywords.commanFunctions.UploadReqFile(commanFunctions.groovy:274)
	at customKeywords.commanFunctions.invokeMethod(commanFunctions.groovy)
	at com.kms.katalon.core.main.CustomKeywordDelegatingMetaClass.invokeStaticMethod(CustomKeywordDelegatingMetaClass.java:50)
	at CSP-T21_1.0_As Registered User, I want to verify that I can successfully upload Compressed file to scan.run(CSP-T21_1.0_As Registered User, I want to verify that I can successfully upload Compressed file to scan:41)
	at com.kms.katalon.core.main.ScriptEngine.run(ScriptEngine.java:194)
	at com.kms.katalon.core.main.ScriptEngine.runScriptAsRawText(ScriptEngine.java:119)
	at com.kms.katalon.core.main.TestCaseExecutor.runScript(TestCaseExecutor.java:394)
	at com.kms.katalon.core.main.TestCaseExecutor.doExecute(TestCaseExecutor.java:385)
	at com.kms.katalon.core.main.TestCaseExecutor.processExecutionPhase(TestCaseExecutor.java:364)
	at com.kms.katalon.core.main.TestCaseExecutor.accessMainPhase(TestCaseExecutor.java:356)
	at com.kms.katalon.core.main.TestCaseExecutor.execute(TestCaseExecutor.java:251)
	at com.kms.katalon.core.main.TestSuiteExecutor.accessTestCaseMainPhase(TestSuiteExecutor.java:203)
	at com.kms.katalon.core.main.TestSuiteExecutor.accessTestSuiteMainPhase(TestSuiteExecutor.java:152)
	at com.kms.katalon.core.main.TestSuiteExecutor.execute(TestSuiteExecutor.java:95)
	at com.kms.katalon.core.main.TestCaseMain.startTestSuite(TestCaseMain.java:157)
	at com.kms.katalon.core.main.TestCaseMain$startTestSuite$0.call(Unknown Source)
	at TempTestSuite1612372552149.run(TempTestSuite1612372552149.groovy:39)
Caused by: com.kms.katalon.core.exception.StepFailedException: Text 'CompressedFile' is not present on page 
	at com.kms.katalon.core.webui.keyword.internal.WebUIKeywordMain.stepFailed(WebUIKeywordMain.groovy:64)
	at com.kms.katalon.core.webui.keyword.builtin.VerifyTextPresentKeyword$_verifyTextPresent_closure1.doCall(VerifyTextPresentKeyword.groovy:79)
	at com.kms.katalon.core.webui.keyword.builtin.VerifyTextPresentKeyword$_verifyTextPresent_closure1.call(VerifyTextPresentKeyword.groovy)
	at com.kms.katalon.core.webui.keyword.internal.WebUIKeywordMain.runKeyword(WebUIKeywordMain.groovy:20)
	... 22 more
"/>
         <system-out><![CDATA[2021-02-03 23:01:42 - [TEST_CASE][FAILED] - Test Cases/TC_RigisterUser/RigisterUserTCs/CSP-T21_1.0_As Registered User, I want to verify that I can successfully upload Compressed file to scan: Test Cases/TC_RigisterUser/RigisterUserTCs/CSP-T21_1.0_As Registered User, I want to verify that I can successfully upload Compressed file to scan FAILED.
Reason:
com.kms.katalon.core.exception.StepFailedException: Unable to verify text 'CompressedFile' is present 
	at com.kms.katalon.core.webui.keyword.internal.WebUIKeywordMain.stepFailed(WebUIKeywordMain.groovy:64)
	at com.kms.katalon.core.webui.keyword.internal.WebUIKeywordMain.runKeyword(WebUIKeywordMain.groovy:26)
	at com.kms.katalon.core.webui.keyword.builtin.VerifyTextPresentKeyword.verifyTextPresent(VerifyTextPresentKeyword.groovy:83)
	at com.kms.katalon.core.webui.keyword.builtin.VerifyTextPresentKeyword.execute(VerifyTextPresentKeyword.groovy:68)
	at com.kms.katalon.core.keyword.internal.KeywordExecutor.executeKeywordForPlatform(KeywordExecutor.groovy:73)
	at com.kms.katalon.core.webui.keyword.WebUiBuiltInKeywords.verifyTextPresent(WebUiBuiltInKeywords.groovy:1720)
	at com.kms.katalon.core.webui.keyword.WebUiBuiltInKeywords$verifyTextPresent$5.call(Unknown Source)
	at customKeywords.commanFunctions.UploadReqFile(commanFunctions.groovy:274)
	at customKeywords.commanFunctions.invokeMethod(commanFunctions.groovy)
	at com.kms.katalon.core.main.CustomKeywordDelegatingMetaClass.invokeStaticMethod(CustomKeywordDelegatingMetaClass.java:50)
	at CSP-T21_1.0_As Registered User, I want to verify that I can successfully upload Compressed file to scan.run(CSP-T21_1.0_As Registered User, I want to verify that I can successfully upload Compressed file to scan:41)
	at com.kms.katalon.core.main.ScriptEngine.run(ScriptEngine.java:194)
	at com.kms.katalon.core.main.ScriptEngine.runScriptAsRawText(ScriptEngine.java:119)
	at com.kms.katalon.core.main.TestCaseExecutor.runScript(TestCaseExecutor.java:394)
	at com.kms.katalon.core.main.TestCaseExecutor.doExecute(TestCaseExecutor.java:385)
	at com.kms.katalon.core.main.TestCaseExecutor.processExecutionPhase(TestCaseExecutor.java:364)
	at com.kms.katalon.core.main.TestCaseExecutor.accessMainPhase(TestCaseExecutor.java:356)
	at com.kms.katalon.core.main.TestCaseExecutor.execute(TestCaseExecutor.java:251)
	at com.kms.katalon.core.main.TestSuiteExecutor.accessTestCaseMainPhase(TestSuiteExecutor.java:203)
	at com.kms.katalon.core.main.TestSuiteExecutor.accessTestSuiteMainPhase(TestSuiteExecutor.java:152)
	at com.kms.katalon.core.main.TestSuiteExecutor.execute(TestSuiteExecutor.java:95)
	at com.kms.katalon.core.main.TestCaseMain.startTestSuite(TestCaseMain.java:157)
	at com.kms.katalon.core.main.TestCaseMain$startTestSuite$0.call(Unknown Source)
	at TempTestSuite1612372552149.run(TempTestSuite1612372552149.groovy:39)
Caused by: com.kms.katalon.core.exception.StepFailedException: Text 'CompressedFile' is not present on page 
	at com.kms.katalon.core.webui.keyword.internal.WebUIKeywordMain.stepFailed(WebUIKeywordMain.groovy:64)
	at com.kms.katalon.core.webui.keyword.builtin.VerifyTextPresentKeyword$_verifyTextPresent_closure1.doCall(VerifyTextPresentKeyword.groovy:79)
	at com.kms.katalon.core.webui.keyword.builtin.VerifyTextPresentKeyword$_verifyTextPresent_closure1.call(VerifyTextPresentKeyword.groovy)
	at com.kms.katalon.core.webui.keyword.internal.WebUIKeywordMain.runKeyword(WebUIKeywordMain.groovy:20)
	... 22 more


2021-02-03 23:01:43 - [TEST_STEP][PASSED] - excelTestData = findTestData("Data Files/TestData/InspectTestData"): null

2021-02-03 23:01:43 - [TEST_STEP][PASSED] - obj = findTestObject("LoginAndRigisterUser/LoginLink"): null

2021-02-03 23:01:43 - [TEST_STEP][PASSED] - customKeywords.commanFunctions.openBrowser(): customKeywords.commanFunctions.openBrowser is PASSED

2021-02-03 23:01:44 - [MESSAGE][INFO] - Starting 'Chrome' driver

2021-02-03 23:01:44 - [MESSAGE][INFO] - Action delay is set to 0 milliseconds

2021-02-03 23:01:59 - [MESSAGE][PASSED] - Browser is opened with url: 'https://Inspect.Stage.site.sa'

2021-02-03 23:02:01 - [MESSAGE][PASSED] - Current window maximized

2021-02-03 23:02:01 - [MESSAGE][PASSED] - Wait for page load successfully

2021-02-03 23:02:01 - [MESSAGE][PASSED] - customKeywords.commanFunctions.openBrowser is PASSED

2021-02-03 23:02:01 - [TEST_STEP][PASSED] - waitForElementClickable(findTestObject("LoginAndRigisterUser/LoginLink"), TimeOut): Object 'Object Repository/LoginAndRigisterUser/LoginLink' is clickable

2021-02-03 23:02:01 - [MESSAGE][PASSED] - Object 'Object Repository/LoginAndRigisterUser/LoginLink' is clickable

2021-02-03 23:02:01 - [TEST_STEP][PASSED] - customKeywords.commanFunctions.clickElementWithJS(obj): customKeywords.commanFunctions.clickElementWithJS is PASSED

2021-02-03 23:02:02 - [MESSAGE][INFO] - Clicked on element with JS

2021-02-03 23:02:02 - [MESSAGE][PASSED] - customKeywords.commanFunctions.clickElementWithJS is PASSED

2021-02-03 23:02:02 - [TEST_STEP][PASSED] - rigisterUN = excelTestData.getValue(2, 23): null

2021-02-03 23:02:02 - [TEST_STEP][PASSED] - rigisterPW = excelTestData.getValue(3, 23): null

2021-02-03 23:02:02 - [TEST_STEP][PASSED] - customKeywords.commanFunctions.logIntoBrowserWithReqCredentials(rigisterUN, rigisterPW): customKeywords.commanFunctions.logIntoBrowserWithReqCredentials is PASSED

2021-02-03 23:02:04 - [MESSAGE][PASSED] - Keys 'Os-ARahman@projects.site.sa' sent to object: 'Object Repository/LoginAndRigisterUser/UserName_Email_Input'

2021-02-03 23:02:04 - [MESSAGE][PASSED] - Keys 'Test@12345' sent to object: 'Object Repository/LoginAndRigisterUser/Password_Input'

2021-02-03 23:02:05 - [MESSAGE][PASSED] - Delayed 1 second(s)

2021-02-03 23:02:06 - [MESSAGE][PASSED] - Object 'Object Repository/LoginAndRigisterUser/LoginBtn' is clickable

2021-02-03 23:02:06 - [MESSAGE][INFO] - Clicked on element with JS

2021-02-03 23:02:06 - [MESSAGE][PASSED] - customKeywords.commanFunctions.logIntoBrowserWithReqCredentials is PASSED

2021-02-03 23:02:06 - [TEST_STEP][PASSED] - customKeywords.commanFunctions.otpLogin(): customKeywords.commanFunctions.otpLogin is PASSED

2021-02-03 23:02:08 - [MESSAGE][PASSED] - Keys '0' sent to object: 'Object Repository/LoginAndRigisterUser/otpOne'

2021-02-03 23:02:09 - [MESSAGE][PASSED] - Keys '0' sent to object: 'Object Repository/LoginAndRigisterUser/otpTwo'

2021-02-03 23:02:11 - [MESSAGE][PASSED] - Keys '0' sent to object: 'Object Repository/LoginAndRigisterUser/otpThree'

2021-02-03 23:02:11 - [MESSAGE][PASSED] - Keys '0' sent to object: 'Object Repository/LoginAndRigisterUser/otpFour'

2021-02-03 23:02:12 - [MESSAGE][PASSED] - Keys '0' sent to object: 'Object Repository/LoginAndRigisterUser/otpFive'

2021-02-03 23:02:13 - [MESSAGE][INFO] - Clicked on element with JS

2021-02-03 23:02:13 - [MESSAGE][PASSED] - customKeywords.commanFunctions.otpLogin is PASSED

2021-02-03 23:02:13 - [TEST_STEP][PASSED] - fileNameWithExten = excelTestData.getValue(2, 55): null

2021-02-03 23:02:13 - [TEST_STEP][PASSED] - existedFileName = excelTestData.getValue(3, 55): null

2021-02-03 23:02:13 - [TEST_STEP][FAILED] - customKeywords.commanFunctions.UploadReqFile(fileNameWithExten, existedFileName): Unable to verify text 'CompressedFile' is present 

2021-02-03 23:02:15 - [MESSAGE][PASSED] - Object: 'Object Repository/HomePage/ChooseAFile' is clicked on

2021-02-03 23:02:17 - [MESSAGE][PASSED] - Delayed 2 second(s)

2021-02-03 23:02:19 - [MESSAGE][INFO] - Image Uploaded Sucsessfully

2021-02-03 23:02:21 - [MESSAGE][PASSED] - Delayed 2 second(s)

2021-02-03 23:02:23 - [MESSAGE][FAILED] - Text 'CompressedFile' is not present on page  (Root cause: com.kms.katalon.core.exception.StepFailedException: Text 'CompressedFile' is not present on page 
	at com.kms.katalon.core.webui.keyword.internal.WebUIKeywordMain.stepFailed(WebUIKeywordMain.groovy:64)
	at com.kms.katalon.core.webui.keyword.builtin.VerifyTextPresentKeyword$_verifyTextPresent_closure1.doCall(VerifyTextPresentKeyword.groovy:79)
	at com.kms.katalon.core.webui.keyword.builtin.VerifyTextPresentKeyword$_verifyTextPresent_closure1.call(VerifyTextPresentKeyword.groovy)
	at com.kms.katalon.core.webui.keyword.internal.WebUIKeywordMain.runKeyword(WebUIKeywordMain.groovy:20)
	at com.kms.katalon.core.webui.keyword.builtin.VerifyTextPresentKeyword.verifyTextPresent(VerifyTextPresentKeyword.groovy:83)
	at com.kms.katalon.core.webui.keyword.builtin.VerifyTextPresentKeyword.execute(VerifyTextPresentKeyword.groovy:68)
	at com.kms.katalon.core.keyword.internal.KeywordExecutor.executeKeywordForPlatform(KeywordExecutor.groovy:73)
	at com.kms.katalon.core.webui.keyword.WebUiBuiltInKeywords.verifyTextPresent(WebUiBuiltInKeywords.groovy:1720)
	at com.kms.katalon.core.webui.keyword.WebUiBuiltInKeywords$verifyTextPresent$5.call(Unknown Source)
	at customKeywords.commanFunctions.UploadReqFile(commanFunctions.groovy:274)
	at customKeywords.commanFunctions.invokeMethod(commanFunctions.groovy)
	at com.kms.katalon.core.main.CustomKeywordDelegatingMetaClass.invokeStaticMethod(CustomKeywordDelegatingMetaClass.java:50)
	at CSP-T21_1.0_As Registered User, I want to verify that I can successfully upload Compressed file to scan.run(CSP-T21_1.0_As Registered User, I want to verify that I can successfully upload Compressed file to scan:41)
	at com.kms.katalon.core.main.ScriptEngine.run(ScriptEngine.java:194)
	at com.kms.katalon.core.main.ScriptEngine.runScriptAsRawText(ScriptEngine.java:119)
	at com.kms.katalon.core.main.TestCaseExecutor.runScript(TestCaseExecutor.java:394)
	at com.kms.katalon.core.main.TestCaseExecutor.doExecute(TestCaseExecutor.java:385)
	at com.kms.katalon.core.main.TestCaseExecutor.processExecutionPhase(TestCaseExecutor.java:364)
	at com.kms.katalon.core.main.TestCaseExecutor.accessMainPhase(TestCaseExecutor.java:356)
	at com.kms.katalon.core.main.TestCaseExecutor.execute(TestCaseExecutor.java:251)
	at com.kms.katalon.core.main.TestSuiteExecutor.accessTestCaseMainPhase(TestSuiteExecutor.java:203)
	at com.kms.katalon.core.main.TestSuiteExecutor.accessTestSuiteMainPhase(TestSuiteExecutor.java:152)
	at com.kms.katalon.core.main.TestSuiteExecutor.execute(TestSuiteExecutor.java:95)
	at com.kms.katalon.core.main.TestCaseMain.startTestSuite(TestCaseMain.java:157)
	at com.kms.katalon.core.main.TestCaseMain$startTestSuite$0.call(Unknown Source)
	at TempTestSuite1612372552149.run(TempTestSuite1612372552149.groovy:39)
)

2021-02-03 23:02:24 - [MESSAGE][FAILED] - Unable to verify text 'CompressedFile' is present  (Root cause: com.kms.katalon.core.exception.StepFailedException: Unable to verify text 'CompressedFile' is present 
	at com.kms.katalon.core.webui.keyword.internal.WebUIKeywordMain.stepFailed(WebUIKeywordMain.groovy:64)
	at com.kms.katalon.core.webui.keyword.internal.WebUIKeywordMain.runKeyword(WebUIKeywordMain.groovy:26)
	at com.kms.katalon.core.webui.keyword.builtin.VerifyTextPresentKeyword.verifyTextPresent(VerifyTextPresentKeyword.groovy:83)
	at com.kms.katalon.core.webui.keyword.builtin.VerifyTextPresentKeyword.execute(VerifyTextPresentKeyword.groovy:68)
	at com.kms.katalon.core.keyword.internal.KeywordExecutor.executeKeywordForPlatform(KeywordExecutor.groovy:73)
	at com.kms.katalon.core.webui.keyword.WebUiBuiltInKeywords.verifyTextPresent(WebUiBuiltInKeywords.groovy:1720)
	at com.kms.katalon.core.webui.keyword.WebUiBuiltInKeywords$verifyTextPresent$5.call(Unknown Source)
	at customKeywords.commanFunctions.UploadReqFile(commanFunctions.groovy:274)
	at customKeywords.commanFunctions.invokeMethod(commanFunctions.groovy)
	at com.kms.katalon.core.main.CustomKeywordDelegatingMetaClass.invokeStaticMethod(CustomKeywordDelegatingMetaClass.java:50)
	at CSP-T21_1.0_As Registered User, I want to verify that I can successfully upload Compressed file to scan.run(CSP-T21_1.0_As Registered User, I want to verify that I can successfully upload Compressed file to scan:41)
	at com.kms.katalon.core.main.ScriptEngine.run(ScriptEngine.java:194)
	at com.kms.katalon.core.main.ScriptEngine.runScriptAsRawText(ScriptEngine.java:119)
	at com.kms.katalon.core.main.TestCaseExecutor.runScript(TestCaseExecutor.java:394)
	at com.kms.katalon.core.main.TestCaseExecutor.doExecute(TestCaseExecutor.java:385)
	at com.kms.katalon.core.main.TestCaseExecutor.processExecutionPhase(TestCaseExecutor.java:364)
	at com.kms.katalon.core.main.TestCaseExecutor.accessMainPhase(TestCaseExecutor.java:356)
	at com.kms.katalon.core.main.TestCaseExecutor.execute(TestCaseExecutor.java:251)
	at com.kms.katalon.core.main.TestSuiteExecutor.accessTestCaseMainPhase(TestSuiteExecutor.java:203)
	at com.kms.katalon.core.main.TestSuiteExecutor.accessTestSuiteMainPhase(TestSuiteExecutor.java:152)
	at com.kms.katalon.core.main.TestSuiteExecutor.execute(TestSuiteExecutor.java:95)
	at com.kms.katalon.core.main.TestCaseMain.startTestSuite(TestCaseMain.java:157)
	at com.kms.katalon.core.main.TestCaseMain$startTestSuite$0.call(Unknown Source)
	at TempTestSuite1612372552149.run(TempTestSuite1612372552149.groovy:39)
Caused by: com.kms.katalon.core.exception.StepFailedException: Text 'CompressedFile' is not present on page 
	at com.kms.katalon.core.webui.keyword.internal.WebUIKeywordMain.stepFailed(WebUIKeywordMain.groovy:64)
	at com.kms.katalon.core.webui.keyword.builtin.VerifyTextPresentKeyword$_verifyTextPresent_closure1.doCall(VerifyTextPresentKeyword.groovy:79)
	at com.kms.katalon.core.webui.keyword.builtin.VerifyTextPresentKeyword$_verifyTextPresent_closure1.call(VerifyTextPresentKeyword.groovy)
	at com.kms.katalon.core.webui.keyword.internal.WebUIKeywordMain.runKeyword(WebUIKeywordMain.groovy:20)
	... 22 more
)
[[ATTACHMENT|C:\\Users\\araha\\Katalon Studio\\InspectAutomation\\Reports\\20210203_224552\\LogIn_RigisterUserAndForgotPwd_Module\\Suite_LogIn_RigisterUserAndForgotPwd_Module\\20210203_224552\\1612373543755.png]]

2021-02-03 23:02:24 - [MESSAGE][FAILED] - Unable to verify text 'CompressedFile' is present]]></system-out>
         <system-err><![CDATA[2021-02-03 23:01:42 - [TEST_CASE][FAILED] - Test Cases/TC_RigisterUser/RigisterUserTCs/CSP-T21_1.0_As Registered User, I want to verify that I can successfully upload Compressed file to scan: Test Cases/TC_RigisterUser/RigisterUserTCs/CSP-T21_1.0_As Registered User, I want to verify that I can successfully upload Compressed file to scan FAILED.
Reason:
com.kms.katalon.core.exception.StepFailedException: Unable to verify text 'CompressedFile' is present 
	at com.kms.katalon.core.webui.keyword.internal.WebUIKeywordMain.stepFailed(WebUIKeywordMain.groovy:64)
	at com.kms.katalon.core.webui.keyword.internal.WebUIKeywordMain.runKeyword(WebUIKeywordMain.groovy:26)
	at com.kms.katalon.core.webui.keyword.builtin.VerifyTextPresentKeyword.verifyTextPresent(VerifyTextPresentKeyword.groovy:83)
	at com.kms.katalon.core.webui.keyword.builtin.VerifyTextPresentKeyword.execute(VerifyTextPresentKeyword.groovy:68)
	at com.kms.katalon.core.keyword.internal.KeywordExecutor.executeKeywordForPlatform(KeywordExecutor.groovy:73)
	at com.kms.katalon.core.webui.keyword.WebUiBuiltInKeywords.verifyTextPresent(WebUiBuiltInKeywords.groovy:1720)
	at com.kms.katalon.core.webui.keyword.WebUiBuiltInKeywords$verifyTextPresent$5.call(Unknown Source)
	at customKeywords.commanFunctions.UploadReqFile(commanFunctions.groovy:274)
	at customKeywords.commanFunctions.invokeMethod(commanFunctions.groovy)
	at com.kms.katalon.core.main.CustomKeywordDelegatingMetaClass.invokeStaticMethod(CustomKeywordDelegatingMetaClass.java:50)
	at CSP-T21_1.0_As Registered User, I want to verify that I can successfully upload Compressed file to scan.run(CSP-T21_1.0_As Registered User, I want to verify that I can successfully upload Compressed file to scan:41)
	at com.kms.katalon.core.main.ScriptEngine.run(ScriptEngine.java:194)
	at com.kms.katalon.core.main.ScriptEngine.runScriptAsRawText(ScriptEngine.java:119)
	at com.kms.katalon.core.main.TestCaseExecutor.runScript(TestCaseExecutor.java:394)
	at com.kms.katalon.core.main.TestCaseExecutor.doExecute(TestCaseExecutor.java:385)
	at com.kms.katalon.core.main.TestCaseExecutor.processExecutionPhase(TestCaseExecutor.java:364)
	at com.kms.katalon.core.main.TestCaseExecutor.accessMainPhase(TestCaseExecutor.java:356)
	at com.kms.katalon.core.main.TestCaseExecutor.execute(TestCaseExecutor.java:251)
	at com.kms.katalon.core.main.TestSuiteExecutor.accessTestCaseMainPhase(TestSuiteExecutor.java:203)
	at com.kms.katalon.core.main.TestSuiteExecutor.accessTestSuiteMainPhase(TestSuiteExecutor.java:152)
	at com.kms.katalon.core.main.TestSuiteExecutor.execute(TestSuiteExecutor.java:95)
	at com.kms.katalon.core.main.TestCaseMain.startTestSuite(TestCaseMain.java:157)
	at com.kms.katalon.core.main.TestCaseMain$startTestSuite$0.call(Unknown Source)
	at TempTestSuite1612372552149.run(TempTestSuite1612372552149.groovy:39)
Caused by: com.kms.katalon.core.exception.StepFailedException: Text 'CompressedFile' is not present on page 
	at com.kms.katalon.core.webui.keyword.internal.WebUIKeywordMain.stepFailed(WebUIKeywordMain.groovy:64)
	at com.kms.katalon.core.webui.keyword.builtin.VerifyTextPresentKeyword$_verifyTextPresent_closure1.doCall(VerifyTextPresentKeyword.groovy:79)
	at com.kms.katalon.core.webui.keyword.builtin.VerifyTextPresentKeyword$_verifyTextPresent_closure1.call(VerifyTextPresentKeyword.groovy)
	at com.kms.katalon.core.webui.keyword.internal.WebUIKeywordMain.runKeyword(WebUIKeywordMain.groovy:20)
	... 22 more]]></system-err>
      </testcase>
      <testcase name="Test Cases/TC_RigisterUser/RigisterUserTCs/CSP-T20_1.0_As Registered User, I want to verify that I can not scan URL with invalid format" time="43.198" classname="Test Cases/TC_RigisterUser/RigisterUserTCs/CSP-T20_1.0_As Registered User, I want to verify that I can not scan URL with invalid format" status="FAILED">
         <failure type="FAILED" message="Test Cases/TC_RigisterUser/RigisterUserTCs/CSP-T20_1.0_As Registered User, I want to verify that I can not scan URL with invalid format FAILED.
Reason:
com.kms.katalon.core.exception.StepFailedException: Unable to verify text 'URL format is not valid.' is present 
	at com.kms.katalon.core.webui.keyword.internal.WebUIKeywordMain.stepFailed(WebUIKeywordMain.groovy:64)
	at com.kms.katalon.core.webui.keyword.internal.WebUIKeywordMain.runKeyword(WebUIKeywordMain.groovy:26)
	at com.kms.katalon.core.webui.keyword.builtin.VerifyTextPresentKeyword.verifyTextPresent(VerifyTextPresentKeyword.groovy:83)
	at com.kms.katalon.core.webui.keyword.builtin.VerifyTextPresentKeyword.execute(VerifyTextPresentKeyword.groovy:68)
	at com.kms.katalon.core.keyword.internal.KeywordExecutor.executeKeywordForPlatform(KeywordExecutor.groovy:73)
	at com.kms.katalon.core.webui.keyword.WebUiBuiltInKeywords.verifyTextPresent(WebUiBuiltInKeywords.groovy:1720)
	at com.kms.katalon.core.webui.keyword.WebUiBuiltInKeywords$verifyTextPresent$5.call(Unknown Source)
	at CSP-T20_1.0_As Registered User, I want to verify that I can not scan URL with invalid format.run(CSP-T20_1.0_As Registered User, I want to verify that I can not scan URL with invalid format:47)
	at com.kms.katalon.core.main.ScriptEngine.run(ScriptEngine.java:194)
	at com.kms.katalon.core.main.ScriptEngine.runScriptAsRawText(ScriptEngine.java:119)
	at com.kms.katalon.core.main.TestCaseExecutor.runScript(TestCaseExecutor.java:394)
	at com.kms.katalon.core.main.TestCaseExecutor.doExecute(TestCaseExecutor.java:385)
	at com.kms.katalon.core.main.TestCaseExecutor.processExecutionPhase(TestCaseExecutor.java:364)
	at com.kms.katalon.core.main.TestCaseExecutor.accessMainPhase(TestCaseExecutor.java:356)
	at com.kms.katalon.core.main.TestCaseExecutor.execute(TestCaseExecutor.java:251)
	at com.kms.katalon.core.main.TestSuiteExecutor.accessTestCaseMainPhase(TestSuiteExecutor.java:203)
	at com.kms.katalon.core.main.TestSuiteExecutor.accessTestSuiteMainPhase(TestSuiteExecutor.java:152)
	at com.kms.katalon.core.main.TestSuiteExecutor.execute(TestSuiteExecutor.java:95)
	at com.kms.katalon.core.main.TestCaseMain.startTestSuite(TestCaseMain.java:157)
	at com.kms.katalon.core.main.TestCaseMain$startTestSuite$0.call(Unknown Source)
	at TempTestSuite1612372552149.run(TempTestSuite1612372552149.groovy:39)
Caused by: com.kms.katalon.core.exception.StepFailedException: Text 'URL format is not valid.' is not present on page 
	at com.kms.katalon.core.webui.keyword.internal.WebUIKeywordMain.stepFailed(WebUIKeywordMain.groovy:64)
	at com.kms.katalon.core.webui.keyword.builtin.VerifyTextPresentKeyword$_verifyTextPresent_closure1.doCall(VerifyTextPresentKeyword.groovy:79)
	at com.kms.katalon.core.webui.keyword.builtin.VerifyTextPresentKeyword$_verifyTextPresent_closure1.call(VerifyTextPresentKeyword.groovy)
	at com.kms.katalon.core.webui.keyword.internal.WebUIKeywordMain.runKeyword(WebUIKeywordMain.groovy:20)
	... 19 more
"/>
         <system-out><![CDATA[2021-02-03 23:02:24 - [TEST_CASE][FAILED] - Test Cases/TC_RigisterUser/RigisterUserTCs/CSP-T20_1.0_As Registered User, I want to verify that I can not scan URL with invalid format: Test Cases/TC_RigisterUser/RigisterUserTCs/CSP-T20_1.0_As Registered User, I want to verify that I can not scan URL with invalid format FAILED.
Reason:
com.kms.katalon.core.exception.StepFailedException: Unable to verify text 'URL format is not valid.' is present 
	at com.kms.katalon.core.webui.keyword.internal.WebUIKeywordMain.stepFailed(WebUIKeywordMain.groovy:64)
	at com.kms.katalon.core.webui.keyword.internal.WebUIKeywordMain.runKeyword(WebUIKeywordMain.groovy:26)
	at com.kms.katalon.core.webui.keyword.builtin.VerifyTextPresentKeyword.verifyTextPresent(VerifyTextPresentKeyword.groovy:83)
	at com.kms.katalon.core.webui.keyword.builtin.VerifyTextPresentKeyword.execute(VerifyTextPresentKeyword.groovy:68)
	at com.kms.katalon.core.keyword.internal.KeywordExecutor.executeKeywordForPlatform(KeywordExecutor.groovy:73)
	at com.kms.katalon.core.webui.keyword.WebUiBuiltInKeywords.verifyTextPresent(WebUiBuiltInKeywords.groovy:1720)
	at com.kms.katalon.core.webui.keyword.WebUiBuiltInKeywords$verifyTextPresent$5.call(Unknown Source)
	at CSP-T20_1.0_As Registered User, I want to verify that I can not scan URL with invalid format.run(CSP-T20_1.0_As Registered User, I want to verify that I can not scan URL with invalid format:47)
	at com.kms.katalon.core.main.ScriptEngine.run(ScriptEngine.java:194)
	at com.kms.katalon.core.main.ScriptEngine.runScriptAsRawText(ScriptEngine.java:119)
	at com.kms.katalon.core.main.TestCaseExecutor.runScript(TestCaseExecutor.java:394)
	at com.kms.katalon.core.main.TestCaseExecutor.doExecute(TestCaseExecutor.java:385)
	at com.kms.katalon.core.main.TestCaseExecutor.processExecutionPhase(TestCaseExecutor.java:364)
	at com.kms.katalon.core.main.TestCaseExecutor.accessMainPhase(TestCaseExecutor.java:356)
	at com.kms.katalon.core.main.TestCaseExecutor.execute(TestCaseExecutor.java:251)
	at com.kms.katalon.core.main.TestSuiteExecutor.accessTestCaseMainPhase(TestSuiteExecutor.java:203)
	at com.kms.katalon.core.main.TestSuiteExecutor.accessTestSuiteMainPhase(TestSuiteExecutor.java:152)
	at com.kms.katalon.core.main.TestSuiteExecutor.execute(TestSuiteExecutor.java:95)
	at com.kms.katalon.core.main.TestCaseMain.startTestSuite(TestCaseMain.java:157)
	at com.kms.katalon.core.main.TestCaseMain$startTestSuite$0.call(Unknown Source)
	at TempTestSuite1612372552149.run(TempTestSuite1612372552149.groovy:39)
Caused by: com.kms.katalon.core.exception.StepFailedException: Text 'URL format is not valid.' is not present on page 
	at com.kms.katalon.core.webui.keyword.internal.WebUIKeywordMain.stepFailed(WebUIKeywordMain.groovy:64)
	at com.kms.katalon.core.webui.keyword.builtin.VerifyTextPresentKeyword$_verifyTextPresent_closure1.doCall(VerifyTextPresentKeyword.groovy:79)
	at com.kms.katalon.core.webui.keyword.builtin.VerifyTextPresentKeyword$_verifyTextPresent_closure1.call(VerifyTextPresentKeyword.groovy)
	at com.kms.katalon.core.webui.keyword.internal.WebUIKeywordMain.runKeyword(WebUIKeywordMain.groovy:20)
	... 19 more


2021-02-03 23:02:24 - [TEST_STEP][PASSED] - excelTestData = findTestData("Data Files/TestData/InspectTestData"): null

2021-02-03 23:02:24 - [TEST_STEP][PASSED] - obj = findTestObject("LoginAndRigisterUser/LoginLink"): null

2021-02-03 23:02:25 - [TEST_STEP][PASSED] - customKeywords.commanFunctions.openBrowser(): customKeywords.commanFunctions.openBrowser is PASSED

2021-02-03 23:02:25 - [MESSAGE][WARNING] - A browser is already opened. Closing browser and opening a new one

2021-02-03 23:02:26 - [MESSAGE][INFO] - Starting 'Chrome' driver

2021-02-03 23:02:26 - [MESSAGE][INFO] - Action delay is set to 0 milliseconds

2021-02-03 23:02:41 - [MESSAGE][PASSED] - Browser is opened with url: 'https://Inspect.Stage.site.sa'

2021-02-03 23:02:43 - [MESSAGE][PASSED] - Current window maximized

2021-02-03 23:02:43 - [MESSAGE][PASSED] - Wait for page load successfully

2021-02-03 23:02:43 - [MESSAGE][PASSED] - customKeywords.commanFunctions.openBrowser is PASSED

2021-02-03 23:02:43 - [TEST_STEP][PASSED] - waitForElementClickable(findTestObject("LoginAndRigisterUser/LoginLink"), TimeOut): Object 'Object Repository/LoginAndRigisterUser/LoginLink' is clickable

2021-02-03 23:02:43 - [MESSAGE][PASSED] - Object 'Object Repository/LoginAndRigisterUser/LoginLink' is clickable

2021-02-03 23:02:43 - [TEST_STEP][PASSED] - customKeywords.commanFunctions.clickElementWithJS(obj): customKeywords.commanFunctions.clickElementWithJS is PASSED

2021-02-03 23:02:44 - [MESSAGE][INFO] - Clicked on element with JS

2021-02-03 23:02:44 - [MESSAGE][PASSED] - customKeywords.commanFunctions.clickElementWithJS is PASSED

2021-02-03 23:02:44 - [TEST_STEP][PASSED] - rigisterUN = excelTestData.getValue(2, 23): null

2021-02-03 23:02:44 - [TEST_STEP][PASSED] - rigisterPW = excelTestData.getValue(3, 23): null

2021-02-03 23:02:44 - [TEST_STEP][PASSED] - customKeywords.commanFunctions.logIntoBrowserWithReqCredentials(rigisterUN, rigisterPW): customKeywords.commanFunctions.logIntoBrowserWithReqCredentials is PASSED

2021-02-03 23:02:46 - [MESSAGE][PASSED] - Keys 'Os-ARahman@projects.site.sa' sent to object: 'Object Repository/LoginAndRigisterUser/UserName_Email_Input'

2021-02-03 23:02:46 - [MESSAGE][PASSED] - Keys 'Test@12345' sent to object: 'Object Repository/LoginAndRigisterUser/Password_Input'

2021-02-03 23:02:47 - [MESSAGE][PASSED] - Delayed 1 second(s)

2021-02-03 23:02:48 - [MESSAGE][PASSED] - Object 'Object Repository/LoginAndRigisterUser/LoginBtn' is clickable

2021-02-03 23:02:48 - [MESSAGE][INFO] - Clicked on element with JS

2021-02-03 23:02:48 - [MESSAGE][PASSED] - customKeywords.commanFunctions.logIntoBrowserWithReqCredentials is PASSED

2021-02-03 23:02:48 - [TEST_STEP][PASSED] - customKeywords.commanFunctions.otpLogin(): customKeywords.commanFunctions.otpLogin is PASSED

2021-02-03 23:02:51 - [MESSAGE][PASSED] - Keys '0' sent to object: 'Object Repository/LoginAndRigisterUser/otpOne'

2021-02-03 23:02:52 - [MESSAGE][PASSED] - Keys '0' sent to object: 'Object Repository/LoginAndRigisterUser/otpTwo'

2021-02-03 23:02:53 - [MESSAGE][PASSED] - Keys '0' sent to object: 'Object Repository/LoginAndRigisterUser/otpThree'

2021-02-03 23:02:54 - [MESSAGE][PASSED] - Keys '0' sent to object: 'Object Repository/LoginAndRigisterUser/otpFour'

2021-02-03 23:02:55 - [MESSAGE][PASSED] - Keys '0' sent to object: 'Object Repository/LoginAndRigisterUser/otpFive'

2021-02-03 23:02:55 - [MESSAGE][INFO] - Clicked on element with JS

2021-02-03 23:02:55 - [MESSAGE][PASSED] - customKeywords.commanFunctions.otpLogin is PASSED

2021-02-03 23:02:55 - [TEST_STEP][PASSED] - click(findTestObject("Object Repository/HomePage/URL_Tab")): Object: 'Object Repository/HomePage/URL_Tab' is clicked on

2021-02-03 23:02:59 - [MESSAGE][PASSED] - Object: 'Object Repository/HomePage/URL_Tab' is clicked on

2021-02-03 23:02:59 - [TEST_STEP][PASSED] - ErrorValidationMessage = excelTestData.getValue(3, 42): null

2021-02-03 23:02:59 - [TEST_STEP][FAILED] - for ([i = 42, i <= 46, (i++)]): Unable to verify text 'URL format is not valid.' is present  (Root cause: com.kms.katalon.core.exception.StepFailedException: Unable to verify text 'URL format is not valid.' is present 
	at com.kms.katalon.core.webui.keyword.internal.WebUIKeywordMain.stepFailed(WebUIKeywordMain.groovy:64)
	at com.kms.katalon.core.webui.keyword.internal.WebUIKeywordMain.runKeyword(WebUIKeywordMain.groovy:26)
	at com.kms.katalon.core.webui.keyword.builtin.VerifyTextPresentKeyword.verifyTextPresent(VerifyTextPresentKeyword.groovy:83)
	at com.kms.katalon.core.webui.keyword.builtin.VerifyTextPresentKeyword.execute(VerifyTextPresentKeyword.groovy:68)
	at com.kms.katalon.core.keyword.internal.KeywordExecutor.executeKeywordForPlatform(KeywordExecutor.groovy:73)
	at com.kms.katalon.core.webui.keyword.WebUiBuiltInKeywords.verifyTextPresent(WebUiBuiltInKeywords.groovy:1720)
	at com.kms.katalon.core.webui.keyword.WebUiBuiltInKeywords$verifyTextPresent$5.call(Unknown Source)
	at CSP-T20_1.0_As Registered User, I want to verify that I can not scan URL with invalid format.run(CSP-T20_1.0_As Registered User, I want to verify that I can not scan URL with invalid format:47)
	at com.kms.katalon.core.main.ScriptEngine.run(ScriptEngine.java:194)
	at com.kms.katalon.core.main.ScriptEngine.runScriptAsRawText(ScriptEngine.java:119)
	at com.kms.katalon.core.main.TestCaseExecutor.runScript(TestCaseExecutor.java:394)
	at com.kms.katalon.core.main.TestCaseExecutor.doExecute(TestCaseExecutor.java:385)
	at com.kms.katalon.core.main.TestCaseExecutor.processExecutionPhase(TestCaseExecutor.java:364)
	at com.kms.katalon.core.main.TestCaseExecutor.accessMainPhase(TestCaseExecutor.java:356)
	at com.kms.katalon.core.main.TestCaseExecutor.execute(TestCaseExecutor.java:251)
	at com.kms.katalon.core.main.TestSuiteExecutor.accessTestCaseMainPhase(TestSuiteExecutor.java:203)
	at com.kms.katalon.core.main.TestSuiteExecutor.accessTestSuiteMainPhase(TestSuiteExecutor.java:152)
	at com.kms.katalon.core.main.TestSuiteExecutor.execute(TestSuiteExecutor.java:95)
	at com.kms.katalon.core.main.TestCaseMain.startTestSuite(TestCaseMain.java:157)
	at com.kms.katalon.core.main.TestCaseMain$startTestSuite$0.call(Unknown Source)
	at TempTestSuite1612372552149.run(TempTestSuite1612372552149.groovy:39)
Caused by: com.kms.katalon.core.exception.StepFailedException: Text 'URL format is not valid.' is not present on page 
	at com.kms.katalon.core.webui.keyword.internal.WebUIKeywordMain.stepFailed(WebUIKeywordMain.groovy:64)
	at com.kms.katalon.core.webui.keyword.builtin.VerifyTextPresentKeyword$_verifyTextPresent_closure1.doCall(VerifyTextPresentKeyword.groovy:79)
	at com.kms.katalon.core.webui.keyword.builtin.VerifyTextPresentKeyword$_verifyTextPresent_closure1.call(VerifyTextPresentKeyword.groovy)
	at com.kms.katalon.core.webui.keyword.internal.WebUIKeywordMain.runKeyword(WebUIKeywordMain.groovy:20)
	... 19 more
)

2021-02-03 23:02:59 - [TEST_STEP][PASSED] - IncorrectURLs = excelTestData.getValue(2, i): null

2021-02-03 23:02:59 - [TEST_STEP][PASSED] - sendKeys(findTestObject("Object Repository/HomePage/PleaseEnterURL_Input"), IncorrectURLs): Keys 'https://www.slideshare.net/socialogilvy ' sent to object: 'Object Repository/HomePage/PleaseEnterURL_Input'

2021-02-03 23:03:00 - [MESSAGE][PASSED] - Keys 'https://www.slideshare.net/socialogilvy ' sent to object: 'Object Repository/HomePage/PleaseEnterURL_Input'

2021-02-03 23:03:00 - [TEST_STEP][PASSED] - verifyTextPresent(ErrorValidationMessage, false): Text 'URL format is not valid.' is present on page 

2021-02-03 23:03:01 - [MESSAGE][PASSED] - Text 'URL format is not valid.' is present on page 

2021-02-03 23:03:01 - [TEST_STEP][PASSED] - clearText(findTestObject("Object Repository/HomePage/PleaseEnterURL_Input")): Text of object 'Object Repository/HomePage/PleaseEnterURL_Input' is cleared

2021-02-03 23:03:02 - [MESSAGE][PASSED] - Text of object 'Object Repository/HomePage/PleaseEnterURL_Input' is cleared

2021-02-03 23:03:02 - [TEST_STEP][PASSED] - IncorrectURLs = excelTestData.getValue(2, i): null

2021-02-03 23:03:02 - [TEST_STEP][PASSED] - sendKeys(findTestObject("Object Repository/HomePage/PleaseEnterURL_Input"), IncorrectURLs): Keys 'htps://www.slideshare.net/socialogilvy' sent to object: 'Object Repository/HomePage/PleaseEnterURL_Input'

2021-02-03 23:03:03 - [MESSAGE][PASSED] - Keys 'htps://www.slideshare.net/socialogilvy' sent to object: 'Object Repository/HomePage/PleaseEnterURL_Input'

2021-02-03 23:03:03 - [TEST_STEP][PASSED] - verifyTextPresent(ErrorValidationMessage, false): Text 'URL format is not valid.' is present on page 

2021-02-03 23:03:04 - [MESSAGE][PASSED] - Text 'URL format is not valid.' is present on page 

2021-02-03 23:03:04 - [TEST_STEP][PASSED] - clearText(findTestObject("Object Repository/HomePage/PleaseEnterURL_Input")): Text of object 'Object Repository/HomePage/PleaseEnterURL_Input' is cleared

2021-02-03 23:03:05 - [MESSAGE][PASSED] - Text of object 'Object Repository/HomePage/PleaseEnterURL_Input' is cleared

2021-02-03 23:03:05 - [TEST_STEP][PASSED] - IncorrectURLs = excelTestData.getValue(2, i): null

2021-02-03 23:03:05 - [TEST_STEP][PASSED] - sendKeys(findTestObject("Object Repository/HomePage/PleaseEnterURL_Input"), IncorrectURLs): Keys 'https://ww.slideshare.net/socialogilvy' sent to object: 'Object Repository/HomePage/PleaseEnterURL_Input'

2021-02-03 23:03:06 - [MESSAGE][PASSED] - Keys 'https://ww.slideshare.net/socialogilvy' sent to object: 'Object Repository/HomePage/PleaseEnterURL_Input'

2021-02-03 23:03:06 - [TEST_STEP][FAILED] - verifyTextPresent(ErrorValidationMessage, false): Unable to verify text 'URL format is not valid.' is present  (Root cause: com.kms.katalon.core.exception.StepFailedException: Unable to verify text 'URL format is not valid.' is present 
	at com.kms.katalon.core.webui.keyword.internal.WebUIKeywordMain.stepFailed(WebUIKeywordMain.groovy:64)
	at com.kms.katalon.core.webui.keyword.internal.WebUIKeywordMain.runKeyword(WebUIKeywordMain.groovy:26)
	at com.kms.katalon.core.webui.keyword.builtin.VerifyTextPresentKeyword.verifyTextPresent(VerifyTextPresentKeyword.groovy:83)
	at com.kms.katalon.core.webui.keyword.builtin.VerifyTextPresentKeyword.execute(VerifyTextPresentKeyword.groovy:68)
	at com.kms.katalon.core.keyword.internal.KeywordExecutor.executeKeywordForPlatform(KeywordExecutor.groovy:73)
	at com.kms.katalon.core.webui.keyword.WebUiBuiltInKeywords.verifyTextPresent(WebUiBuiltInKeywords.groovy:1720)
	at com.kms.katalon.core.webui.keyword.WebUiBuiltInKeywords$verifyTextPresent$5.call(Unknown Source)
	at CSP-T20_1.0_As Registered User, I want to verify that I can not scan URL with invalid format.run(CSP-T20_1.0_As Registered User, I want to verify that I can not scan URL with invalid format:47)
	at com.kms.katalon.core.main.ScriptEngine.run(ScriptEngine.java:194)
	at com.kms.katalon.core.main.ScriptEngine.runScriptAsRawText(ScriptEngine.java:119)
	at com.kms.katalon.core.main.TestCaseExecutor.runScript(TestCaseExecutor.java:394)
	at com.kms.katalon.core.main.TestCaseExecutor.doExecute(TestCaseExecutor.java:385)
	at com.kms.katalon.core.main.TestCaseExecutor.processExecutionPhase(TestCaseExecutor.java:364)
	at com.kms.katalon.core.main.TestCaseExecutor.accessMainPhase(TestCaseExecutor.java:356)
	at com.kms.katalon.core.main.TestCaseExecutor.execute(TestCaseExecutor.java:251)
	at com.kms.katalon.core.main.TestSuiteExecutor.accessTestCaseMainPhase(TestSuiteExecutor.java:203)
	at com.kms.katalon.core.main.TestSuiteExecutor.accessTestSuiteMainPhase(TestSuiteExecutor.java:152)
	at com.kms.katalon.core.main.TestSuiteExecutor.execute(TestSuiteExecutor.java:95)
	at com.kms.katalon.core.main.TestCaseMain.startTestSuite(TestCaseMain.java:157)
	at com.kms.katalon.core.main.TestCaseMain$startTestSuite$0.call(Unknown Source)
	at TempTestSuite1612372552149.run(TempTestSuite1612372552149.groovy:39)
Caused by: com.kms.katalon.core.exception.StepFailedException: Text 'URL format is not valid.' is not present on page 
	at com.kms.katalon.core.webui.keyword.internal.WebUIKeywordMain.stepFailed(WebUIKeywordMain.groovy:64)
	at com.kms.katalon.core.webui.keyword.builtin.VerifyTextPresentKeyword$_verifyTextPresent_closure1.doCall(VerifyTextPresentKeyword.groovy:79)
	at com.kms.katalon.core.webui.keyword.builtin.VerifyTextPresentKeyword$_verifyTextPresent_closure1.call(VerifyTextPresentKeyword.groovy)
	at com.kms.katalon.core.webui.keyword.internal.WebUIKeywordMain.runKeyword(WebUIKeywordMain.groovy:20)
	... 19 more
)

2021-02-03 23:03:06 - [MESSAGE][FAILED] - Text 'URL format is not valid.' is not present on page  (Root cause: com.kms.katalon.core.exception.StepFailedException: Text 'URL format is not valid.' is not present on page 
	at com.kms.katalon.core.webui.keyword.internal.WebUIKeywordMain.stepFailed(WebUIKeywordMain.groovy:64)
	at com.kms.katalon.core.webui.keyword.builtin.VerifyTextPresentKeyword$_verifyTextPresent_closure1.doCall(VerifyTextPresentKeyword.groovy:79)
	at com.kms.katalon.core.webui.keyword.builtin.VerifyTextPresentKeyword$_verifyTextPresent_closure1.call(VerifyTextPresentKeyword.groovy)
	at com.kms.katalon.core.webui.keyword.internal.WebUIKeywordMain.runKeyword(WebUIKeywordMain.groovy:20)
	at com.kms.katalon.core.webui.keyword.builtin.VerifyTextPresentKeyword.verifyTextPresent(VerifyTextPresentKeyword.groovy:83)
	at com.kms.katalon.core.webui.keyword.builtin.VerifyTextPresentKeyword.execute(VerifyTextPresentKeyword.groovy:68)
	at com.kms.katalon.core.keyword.internal.KeywordExecutor.executeKeywordForPlatform(KeywordExecutor.groovy:73)
	at com.kms.katalon.core.webui.keyword.WebUiBuiltInKeywords.verifyTextPresent(WebUiBuiltInKeywords.groovy:1720)
	at com.kms.katalon.core.webui.keyword.WebUiBuiltInKeywords$verifyTextPresent$5.call(Unknown Source)
	at CSP-T20_1.0_As Registered User, I want to verify that I can not scan URL with invalid format.run(CSP-T20_1.0_As Registered User, I want to verify that I can not scan URL with invalid format:47)
	at com.kms.katalon.core.main.ScriptEngine.run(ScriptEngine.java:194)
	at com.kms.katalon.core.main.ScriptEngine.runScriptAsRawText(ScriptEngine.java:119)
	at com.kms.katalon.core.main.TestCaseExecutor.runScript(TestCaseExecutor.java:394)
	at com.kms.katalon.core.main.TestCaseExecutor.doExecute(TestCaseExecutor.java:385)
	at com.kms.katalon.core.main.TestCaseExecutor.processExecutionPhase(TestCaseExecutor.java:364)
	at com.kms.katalon.core.main.TestCaseExecutor.accessMainPhase(TestCaseExecutor.java:356)
	at com.kms.katalon.core.main.TestCaseExecutor.execute(TestCaseExecutor.java:251)
	at com.kms.katalon.core.main.TestSuiteExecutor.accessTestCaseMainPhase(TestSuiteExecutor.java:203)
	at com.kms.katalon.core.main.TestSuiteExecutor.accessTestSuiteMainPhase(TestSuiteExecutor.java:152)
	at com.kms.katalon.core.main.TestSuiteExecutor.execute(TestSuiteExecutor.java:95)
	at com.kms.katalon.core.main.TestCaseMain.startTestSuite(TestCaseMain.java:157)
	at com.kms.katalon.core.main.TestCaseMain$startTestSuite$0.call(Unknown Source)
	at TempTestSuite1612372552149.run(TempTestSuite1612372552149.groovy:39)
)

2021-02-03 23:03:07 - [MESSAGE][FAILED] - Unable to verify text 'URL format is not valid.' is present  (Root cause: com.kms.katalon.core.exception.StepFailedException: Unable to verify text 'URL format is not valid.' is present 
	at com.kms.katalon.core.webui.keyword.internal.WebUIKeywordMain.stepFailed(WebUIKeywordMain.groovy:64)
	at com.kms.katalon.core.webui.keyword.internal.WebUIKeywordMain.runKeyword(WebUIKeywordMain.groovy:26)
	at com.kms.katalon.core.webui.keyword.builtin.VerifyTextPresentKeyword.verifyTextPresent(VerifyTextPresentKeyword.groovy:83)
	at com.kms.katalon.core.webui.keyword.builtin.VerifyTextPresentKeyword.execute(VerifyTextPresentKeyword.groovy:68)
	at com.kms.katalon.core.keyword.internal.KeywordExecutor.executeKeywordForPlatform(KeywordExecutor.groovy:73)
	at com.kms.katalon.core.webui.keyword.WebUiBuiltInKeywords.verifyTextPresent(WebUiBuiltInKeywords.groovy:1720)
	at com.kms.katalon.core.webui.keyword.WebUiBuiltInKeywords$verifyTextPresent$5.call(Unknown Source)
	at CSP-T20_1.0_As Registered User, I want to verify that I can not scan URL with invalid format.run(CSP-T20_1.0_As Registered User, I want to verify that I can not scan URL with invalid format:47)
	at com.kms.katalon.core.main.ScriptEngine.run(ScriptEngine.java:194)
	at com.kms.katalon.core.main.ScriptEngine.runScriptAsRawText(ScriptEngine.java:119)
	at com.kms.katalon.core.main.TestCaseExecutor.runScript(TestCaseExecutor.java:394)
	at com.kms.katalon.core.main.TestCaseExecutor.doExecute(TestCaseExecutor.java:385)
	at com.kms.katalon.core.main.TestCaseExecutor.processExecutionPhase(TestCaseExecutor.java:364)
	at com.kms.katalon.core.main.TestCaseExecutor.accessMainPhase(TestCaseExecutor.java:356)
	at com.kms.katalon.core.main.TestCaseExecutor.execute(TestCaseExecutor.java:251)
	at com.kms.katalon.core.main.TestSuiteExecutor.accessTestCaseMainPhase(TestSuiteExecutor.java:203)
	at com.kms.katalon.core.main.TestSuiteExecutor.accessTestSuiteMainPhase(TestSuiteExecutor.java:152)
	at com.kms.katalon.core.main.TestSuiteExecutor.execute(TestSuiteExecutor.java:95)
	at com.kms.katalon.core.main.TestCaseMain.startTestSuite(TestCaseMain.java:157)
	at com.kms.katalon.core.main.TestCaseMain$startTestSuite$0.call(Unknown Source)
	at TempTestSuite1612372552149.run(TempTestSuite1612372552149.groovy:39)
Caused by: com.kms.katalon.core.exception.StepFailedException: Text 'URL format is not valid.' is not present on page 
	at com.kms.katalon.core.webui.keyword.internal.WebUIKeywordMain.stepFailed(WebUIKeywordMain.groovy:64)
	at com.kms.katalon.core.webui.keyword.builtin.VerifyTextPresentKeyword$_verifyTextPresent_closure1.doCall(VerifyTextPresentKeyword.groovy:79)
	at com.kms.katalon.core.webui.keyword.builtin.VerifyTextPresentKeyword$_verifyTextPresent_closure1.call(VerifyTextPresentKeyword.groovy)
	at com.kms.katalon.core.webui.keyword.internal.WebUIKeywordMain.runKeyword(WebUIKeywordMain.groovy:20)
	... 19 more
)
[[ATTACHMENT|C:\\Users\\araha\\Katalon Studio\\InspectAutomation\\Reports\\20210203_224552\\LogIn_RigisterUserAndForgotPwd_Module\\Suite_LogIn_RigisterUserAndForgotPwd_Module\\20210203_224552\\1612373586993.png]]]]></system-out>
         <system-err><![CDATA[2021-02-03 23:02:24 - [TEST_CASE][FAILED] - Test Cases/TC_RigisterUser/RigisterUserTCs/CSP-T20_1.0_As Registered User, I want to verify that I can not scan URL with invalid format: Test Cases/TC_RigisterUser/RigisterUserTCs/CSP-T20_1.0_As Registered User, I want to verify that I can not scan URL with invalid format FAILED.
Reason:
com.kms.katalon.core.exception.StepFailedException: Unable to verify text 'URL format is not valid.' is present 
	at com.kms.katalon.core.webui.keyword.internal.WebUIKeywordMain.stepFailed(WebUIKeywordMain.groovy:64)
	at com.kms.katalon.core.webui.keyword.internal.WebUIKeywordMain.runKeyword(WebUIKeywordMain.groovy:26)
	at com.kms.katalon.core.webui.keyword.builtin.VerifyTextPresentKeyword.verifyTextPresent(VerifyTextPresentKeyword.groovy:83)
	at com.kms.katalon.core.webui.keyword.builtin.VerifyTextPresentKeyword.execute(VerifyTextPresentKeyword.groovy:68)
	at com.kms.katalon.core.keyword.internal.KeywordExecutor.executeKeywordForPlatform(KeywordExecutor.groovy:73)
	at com.kms.katalon.core.webui.keyword.WebUiBuiltInKeywords.verifyTextPresent(WebUiBuiltInKeywords.groovy:1720)
	at com.kms.katalon.core.webui.keyword.WebUiBuiltInKeywords$verifyTextPresent$5.call(Unknown Source)
	at CSP-T20_1.0_As Registered User, I want to verify that I can not scan URL with invalid format.run(CSP-T20_1.0_As Registered User, I want to verify that I can not scan URL with invalid format:47)
	at com.kms.katalon.core.main.ScriptEngine.run(ScriptEngine.java:194)
	at com.kms.katalon.core.main.ScriptEngine.runScriptAsRawText(ScriptEngine.java:119)
	at com.kms.katalon.core.main.TestCaseExecutor.runScript(TestCaseExecutor.java:394)
	at com.kms.katalon.core.main.TestCaseExecutor.doExecute(TestCaseExecutor.java:385)
	at com.kms.katalon.core.main.TestCaseExecutor.processExecutionPhase(TestCaseExecutor.java:364)
	at com.kms.katalon.core.main.TestCaseExecutor.accessMainPhase(TestCaseExecutor.java:356)
	at com.kms.katalon.core.main.TestCaseExecutor.execute(TestCaseExecutor.java:251)
	at com.kms.katalon.core.main.TestSuiteExecutor.accessTestCaseMainPhase(TestSuiteExecutor.java:203)
	at com.kms.katalon.core.main.TestSuiteExecutor.accessTestSuiteMainPhase(TestSuiteExecutor.java:152)
	at com.kms.katalon.core.main.TestSuiteExecutor.execute(TestSuiteExecutor.java:95)
	at com.kms.katalon.core.main.TestCaseMain.startTestSuite(TestCaseMain.java:157)
	at com.kms.katalon.core.main.TestCaseMain$startTestSuite$0.call(Unknown Source)
	at TempTestSuite1612372552149.run(TempTestSuite1612372552149.groovy:39)
Caused by: com.kms.katalon.core.exception.StepFailedException: Text 'URL format is not valid.' is not present on page 
	at com.kms.katalon.core.webui.keyword.internal.WebUIKeywordMain.stepFailed(WebUIKeywordMain.groovy:64)
	at com.kms.katalon.core.webui.keyword.builtin.VerifyTextPresentKeyword$_verifyTextPresent_closure1.doCall(VerifyTextPresentKeyword.groovy:79)
	at com.kms.katalon.core.webui.keyword.builtin.VerifyTextPresentKeyword$_verifyTextPresent_closure1.call(VerifyTextPresentKeyword.groovy)
	at com.kms.katalon.core.webui.keyword.internal.WebUIKeywordMain.runKeyword(WebUIKeywordMain.groovy:20)
	... 19 more]]></system-err>
      </testcase>
      <testcase name="Test Cases/TC_RigisterUser/RigisterUserTCs/CSP-T19_1.0_As Registered user, I want to verify that i can not submit URL and File at the same time" time="136.131" classname="Test Cases/TC_RigisterUser/RigisterUserTCs/CSP-T19_1.0_As Registered user, I want to verify that i can not submit URL and File at the same time" status="FAILED">
         <failure type="FAILED" message="Test Cases/TC_RigisterUser/RigisterUserTCs/CSP-T19_1.0_As Registered user, I want to verify that i can not submit URL and File at the same time FAILED.
Reason:
com.kms.katalon.core.exception.StepFailedException: Unable to verify object 'Object Repository/SubmissionPage/Submission_SearchIcon' is visible
	at com.kms.katalon.core.webui.keyword.internal.WebUIKeywordMain.stepFailed(WebUIKeywordMain.groovy:64)
	at com.kms.katalon.core.webui.keyword.internal.WebUIKeywordMain.runKeyword(WebUIKeywordMain.groovy:26)
	at com.kms.katalon.core.webui.keyword.builtin.VerifyElementVisibleKeyword.verifyElementVisible(VerifyElementVisibleKeyword.groovy:97)
	at com.kms.katalon.core.webui.keyword.builtin.VerifyElementVisibleKeyword.execute(VerifyElementVisibleKeyword.groovy:67)
	at com.kms.katalon.core.keyword.internal.KeywordExecutor.executeKeywordForPlatform(KeywordExecutor.groovy:73)
	at com.kms.katalon.core.webui.keyword.WebUiBuiltInKeywords.verifyElementVisible(WebUiBuiltInKeywords.groovy:373)
	at com.kms.katalon.core.webui.keyword.WebUiBuiltInKeywords$verifyElementVisible$11.call(Unknown Source)
	at CSP-T19_1.0_As Registered user, I want to verify that i can not submit URL and File at the same time.run(CSP-T19_1.0_As Registered user, I want to verify that i can not submit URL and File at the same time:148)
	at com.kms.katalon.core.main.ScriptEngine.run(ScriptEngine.java:194)
	at com.kms.katalon.core.main.ScriptEngine.runScriptAsRawText(ScriptEngine.java:119)
	at com.kms.katalon.core.main.TestCaseExecutor.runScript(TestCaseExecutor.java:394)
	at com.kms.katalon.core.main.TestCaseExecutor.doExecute(TestCaseExecutor.java:385)
	at com.kms.katalon.core.main.TestCaseExecutor.processExecutionPhase(TestCaseExecutor.java:364)
	at com.kms.katalon.core.main.TestCaseExecutor.accessMainPhase(TestCaseExecutor.java:356)
	at com.kms.katalon.core.main.TestCaseExecutor.execute(TestCaseExecutor.java:251)
	at com.kms.katalon.core.main.TestSuiteExecutor.accessTestCaseMainPhase(TestSuiteExecutor.java:203)
	at com.kms.katalon.core.main.TestSuiteExecutor.accessTestSuiteMainPhase(TestSuiteExecutor.java:152)
	at com.kms.katalon.core.main.TestSuiteExecutor.execute(TestSuiteExecutor.java:95)
	at com.kms.katalon.core.main.TestCaseMain.startTestSuite(TestCaseMain.java:157)
	at com.kms.katalon.core.main.TestCaseMain$startTestSuite$0.call(Unknown Source)
	at TempTestSuite1612372552149.run(TempTestSuite1612372552149.groovy:39)
Caused by: com.kms.katalon.core.exception.StepFailedException: Web element with id: 'Object Repository/SubmissionPage/Submission_SearchIcon' located by '//*[@class='img-search']' not found
	at com.kms.katalon.core.webui.keyword.internal.WebUIKeywordMain.stepFailed(WebUIKeywordMain.groovy:64)
	at com.kms.katalon.core.webui.keyword.builtin.VerifyElementVisibleKeyword$_verifyElementVisible_closure1.doCall(VerifyElementVisibleKeyword.groovy:89)
	at com.kms.katalon.core.webui.keyword.builtin.VerifyElementVisibleKeyword$_verifyElementVisible_closure1.call(VerifyElementVisibleKeyword.groovy)
	at com.kms.katalon.core.webui.keyword.internal.WebUIKeywordMain.runKeyword(WebUIKeywordMain.groovy:20)
	... 19 more
"/>
         <system-out><![CDATA[2021-02-03 23:03:07 - [TEST_CASE][FAILED] - Test Cases/TC_RigisterUser/RigisterUserTCs/CSP-T19_1.0_As Registered user, I want to verify that i can not submit URL and File at the same time: Test Cases/TC_RigisterUser/RigisterUserTCs/CSP-T19_1.0_As Registered user, I want to verify that i can not submit URL and File at the same time FAILED.
Reason:
com.kms.katalon.core.exception.StepFailedException: Unable to verify object 'Object Repository/SubmissionPage/Submission_SearchIcon' is visible
	at com.kms.katalon.core.webui.keyword.internal.WebUIKeywordMain.stepFailed(WebUIKeywordMain.groovy:64)
	at com.kms.katalon.core.webui.keyword.internal.WebUIKeywordMain.runKeyword(WebUIKeywordMain.groovy:26)
	at com.kms.katalon.core.webui.keyword.builtin.VerifyElementVisibleKeyword.verifyElementVisible(VerifyElementVisibleKeyword.groovy:97)
	at com.kms.katalon.core.webui.keyword.builtin.VerifyElementVisibleKeyword.execute(VerifyElementVisibleKeyword.groovy:67)
	at com.kms.katalon.core.keyword.internal.KeywordExecutor.executeKeywordForPlatform(KeywordExecutor.groovy:73)
	at com.kms.katalon.core.webui.keyword.WebUiBuiltInKeywords.verifyElementVisible(WebUiBuiltInKeywords.groovy:373)
	at com.kms.katalon.core.webui.keyword.WebUiBuiltInKeywords$verifyElementVisible$11.call(Unknown Source)
	at CSP-T19_1.0_As Registered user, I want to verify that i can not submit URL and File at the same time.run(CSP-T19_1.0_As Registered user, I want to verify that i can not submit URL and File at the same time:148)
	at com.kms.katalon.core.main.ScriptEngine.run(ScriptEngine.java:194)
	at com.kms.katalon.core.main.ScriptEngine.runScriptAsRawText(ScriptEngine.java:119)
	at com.kms.katalon.core.main.TestCaseExecutor.runScript(TestCaseExecutor.java:394)
	at com.kms.katalon.core.main.TestCaseExecutor.doExecute(TestCaseExecutor.java:385)
	at com.kms.katalon.core.main.TestCaseExecutor.processExecutionPhase(TestCaseExecutor.java:364)
	at com.kms.katalon.core.main.TestCaseExecutor.accessMainPhase(TestCaseExecutor.java:356)
	at com.kms.katalon.core.main.TestCaseExecutor.execute(TestCaseExecutor.java:251)
	at com.kms.katalon.core.main.TestSuiteExecutor.accessTestCaseMainPhase(TestSuiteExecutor.java:203)
	at com.kms.katalon.core.main.TestSuiteExecutor.accessTestSuiteMainPhase(TestSuiteExecutor.java:152)
	at com.kms.katalon.core.main.TestSuiteExecutor.execute(TestSuiteExecutor.java:95)
	at com.kms.katalon.core.main.TestCaseMain.startTestSuite(TestCaseMain.java:157)
	at com.kms.katalon.core.main.TestCaseMain$startTestSuite$0.call(Unknown Source)
	at TempTestSuite1612372552149.run(TempTestSuite1612372552149.groovy:39)
Caused by: com.kms.katalon.core.exception.StepFailedException: Web element with id: 'Object Repository/SubmissionPage/Submission_SearchIcon' located by '//*[@class='img-search']' not found
	at com.kms.katalon.core.webui.keyword.internal.WebUIKeywordMain.stepFailed(WebUIKeywordMain.groovy:64)
	at com.kms.katalon.core.webui.keyword.builtin.VerifyElementVisibleKeyword$_verifyElementVisible_closure1.doCall(VerifyElementVisibleKeyword.groovy:89)
	at com.kms.katalon.core.webui.keyword.builtin.VerifyElementVisibleKeyword$_verifyElementVisible_closure1.call(VerifyElementVisibleKeyword.groovy)
	at com.kms.katalon.core.webui.keyword.internal.WebUIKeywordMain.runKeyword(WebUIKeywordMain.groovy:20)
	... 19 more


2021-02-03 23:03:07 - [TEST_STEP][PASSED] - excelTestData = findTestData("Data Files/TestData/InspectTestData"): null

2021-02-03 23:03:08 - [TEST_STEP][PASSED] - obj = findTestObject("LoginAndRigisterUser/LoginLink"): null

2021-02-03 23:03:08 - [TEST_STEP][PASSED] - objColOne = By.xpath("//table/tbody/tr[1]/td[2]"): null

2021-02-03 23:03:08 - [TEST_STEP][PASSED] - objColTwo = By.xpath("//table/tbody/tr[2]/td[2]"): null

2021-02-03 23:03:08 - [TEST_STEP][PASSED] - objColThree = By.xpath("//table/tbody/tr[3]/td[2]"): null

2021-02-03 23:03:08 - [TEST_STEP][PASSED] - customKeywords.commanFunctions.openBrowser(): customKeywords.commanFunctions.openBrowser is PASSED

2021-02-03 23:03:08 - [MESSAGE][WARNING] - A browser is already opened. Closing browser and opening a new one

2021-02-03 23:03:09 - [MESSAGE][INFO] - Starting 'Chrome' driver

2021-02-03 23:03:09 - [MESSAGE][INFO] - Action delay is set to 0 milliseconds

2021-02-03 23:03:26 - [MESSAGE][PASSED] - Browser is opened with url: 'https://Inspect.Stage.site.sa'

2021-02-03 23:03:28 - [MESSAGE][PASSED] - Current window maximized

2021-02-03 23:03:28 - [MESSAGE][PASSED] - Wait for page load successfully

2021-02-03 23:03:28 - [MESSAGE][PASSED] - customKeywords.commanFunctions.openBrowser is PASSED

2021-02-03 23:03:28 - [TEST_STEP][PASSED] - waitForElementClickable(findTestObject("LoginAndRigisterUser/LoginLink"), TimeOut): Object 'Object Repository/LoginAndRigisterUser/LoginLink' is clickable

2021-02-03 23:03:29 - [MESSAGE][PASSED] - Object 'Object Repository/LoginAndRigisterUser/LoginLink' is clickable

2021-02-03 23:03:29 - [TEST_STEP][PASSED] - customKeywords.commanFunctions.clickElementWithJS(obj): customKeywords.commanFunctions.clickElementWithJS is PASSED

2021-02-03 23:03:30 - [MESSAGE][INFO] - Clicked on element with JS

2021-02-03 23:03:30 - [MESSAGE][PASSED] - customKeywords.commanFunctions.clickElementWithJS is PASSED

2021-02-03 23:03:30 - [TEST_STEP][PASSED] - rigisterUN = excelTestData.getValue(2, 23): null

2021-02-03 23:03:30 - [TEST_STEP][PASSED] - rigisterPW = excelTestData.getValue(3, 23): null

2021-02-03 23:03:30 - [TEST_STEP][PASSED] - customKeywords.commanFunctions.logIntoBrowserWithReqCredentials(rigisterUN, rigisterPW): customKeywords.commanFunctions.logIntoBrowserWithReqCredentials is PASSED

2021-02-03 23:03:31 - [MESSAGE][PASSED] - Keys 'Os-ARahman@projects.site.sa' sent to object: 'Object Repository/LoginAndRigisterUser/UserName_Email_Input'

2021-02-03 23:03:32 - [MESSAGE][PASSED] - Keys 'Test@12345' sent to object: 'Object Repository/LoginAndRigisterUser/Password_Input'

2021-02-03 23:03:33 - [MESSAGE][PASSED] - Delayed 1 second(s)

2021-02-03 23:03:33 - [MESSAGE][PASSED] - Object 'Object Repository/LoginAndRigisterUser/LoginBtn' is clickable

2021-02-03 23:03:34 - [MESSAGE][INFO] - Clicked on element with JS

2021-02-03 23:03:34 - [MESSAGE][PASSED] - customKeywords.commanFunctions.logIntoBrowserWithReqCredentials is PASSED

2021-02-03 23:03:34 - [TEST_STEP][PASSED] - customKeywords.commanFunctions.otpLogin(): customKeywords.commanFunctions.otpLogin is PASSED

2021-02-03 23:03:36 - [MESSAGE][PASSED] - Keys '0' sent to object: 'Object Repository/LoginAndRigisterUser/otpOne'

2021-02-03 23:03:37 - [MESSAGE][PASSED] - Keys '0' sent to object: 'Object Repository/LoginAndRigisterUser/otpTwo'

2021-02-03 23:03:38 - [MESSAGE][PASSED] - Keys '0' sent to object: 'Object Repository/LoginAndRigisterUser/otpThree'

2021-02-03 23:03:39 - [MESSAGE][PASSED] - Keys '0' sent to object: 'Object Repository/LoginAndRigisterUser/otpFour'

2021-02-03 23:03:40 - [MESSAGE][PASSED] - Keys '0' sent to object: 'Object Repository/LoginAndRigisterUser/otpFive'

2021-02-03 23:03:41 - [MESSAGE][INFO] - Clicked on element with JS

2021-02-03 23:03:41 - [MESSAGE][PASSED] - customKeywords.commanFunctions.otpLogin is PASSED

2021-02-03 23:03:41 - [TEST_STEP][PASSED] - click(findTestObject("Object Repository/HomePage/URL_Tab")): Object: 'Object Repository/HomePage/URL_Tab' is clicked on

2021-02-03 23:03:44 - [MESSAGE][PASSED] - Object: 'Object Repository/HomePage/URL_Tab' is clicked on

2021-02-03 23:03:44 - [TEST_STEP][PASSED] - urlOne = excelTestData.getValue(4, 38): null

2021-02-03 23:03:44 - [TEST_STEP][PASSED] - randomStrOne = customKeywords.commanFunctions.getRandomAlphaString(4): customKeywords.commanFunctions.getRandomAlphaString is PASSED

2021-02-03 23:03:45 - [MESSAGE][PASSED] - customKeywords.commanFunctions.getRandomAlphaString is PASSED

2021-02-03 23:03:45 - [TEST_STEP][PASSED] - sampleURLOne = urlOne + randomStrOne + ".com": null

2021-02-03 23:03:45 - [TEST_STEP][PASSED] - sendKeys(findTestObject("Object Repository/HomePage/PleaseEnterURL_Input"), sampleURLOne): Keys 'https://sampleurlguqi.com' sent to object: 'Object Repository/HomePage/PleaseEnterURL_Input'

2021-02-03 23:03:47 - [MESSAGE][PASSED] - Keys 'https://sampleurlguqi.com' sent to object: 'Object Repository/HomePage/PleaseEnterURL_Input'

2021-02-03 23:03:47 - [TEST_STEP][PASSED] - click(findTestObject("Object Repository/HomePage/Window10RadioBtn")): Object: 'Object Repository/HomePage/Window10RadioBtn' is clicked on

2021-02-03 23:03:48 - [MESSAGE][PASSED] - Object: 'Object Repository/HomePage/Window10RadioBtn' is clicked on

2021-02-03 23:03:48 - [TEST_STEP][PASSED] - click(findTestObject("Object Repository/HomePage/startAnalysis_EnableBtn")): Object: 'Object Repository/HomePage/startAnalysis_EnableBtn' is clicked on

2021-02-03 23:03:49 - [MESSAGE][PASSED] - Object: 'Object Repository/HomePage/startAnalysis_EnableBtn' is clicked on

2021-02-03 23:03:49 - [TEST_STEP][PASSED] - waitForElementVisible(findTestObject("Object Repository/SubmissionPage/Submission_SearchIcon"), TimeOut): Object 'Object Repository/SubmissionPage/Submission_SearchIcon' is visible

2021-02-03 23:03:51 - [MESSAGE][PASSED] - Object 'Object Repository/SubmissionPage/Submission_SearchIcon' is visible

2021-02-03 23:03:51 - [TEST_STEP][PASSED] - verifyElementVisible(findTestObject("Object Repository/SubmissionPage/Submission_SearchIcon")): Object 'Object Repository/SubmissionPage/Submission_SearchIcon' is visible

2021-02-03 23:03:52 - [MESSAGE][PASSED] - Object 'Object Repository/SubmissionPage/Submission_SearchIcon' is visible

2021-02-03 23:03:52 - [TEST_STEP][PASSED] - click(findTestObject("Object Repository/HomePage/InspectImgTab")): Object: 'Object Repository/HomePage/InspectImgTab' is clicked on

2021-02-03 23:03:52 - [MESSAGE][PASSED] - Object: 'Object Repository/HomePage/InspectImgTab' is clicked on

2021-02-03 23:03:52 - [TEST_STEP][PASSED] - fileNameWithExten = excelTestData.getValue(2, 38): null

2021-02-03 23:03:52 - [TEST_STEP][PASSED] - existedFileName = excelTestData.getValue(3, 38): null

2021-02-03 23:03:52 - [TEST_STEP][PASSED] - customKeywords.commanFunctions.UploadReqFile(fileNameWithExten, existedFileName): customKeywords.commanFunctions.UploadReqFile is PASSED

2021-02-03 23:03:54 - [MESSAGE][PASSED] - Object: 'Object Repository/HomePage/ChooseAFile' is clicked on

2021-02-03 23:03:56 - [MESSAGE][PASSED] - Delayed 2 second(s)

2021-02-03 23:03:58 - [MESSAGE][INFO] - Image Uploaded Sucsessfully

2021-02-03 23:04:00 - [MESSAGE][PASSED] - Delayed 2 second(s)

2021-02-03 23:04:01 - [MESSAGE][PASSED] - Text 'FileNotScaneAlongURL' is present on page 

2021-02-03 23:04:01 - [MESSAGE][PASSED] - customKeywords.commanFunctions.UploadReqFile is PASSED

2021-02-03 23:04:01 - [TEST_STEP][PASSED] - click(findTestObject("Object Repository/HomePage/Window10RadioBtn")): Object: 'Object Repository/HomePage/Window10RadioBtn' is clicked on

2021-02-03 23:04:02 - [MESSAGE][PASSED] - Object: 'Object Repository/HomePage/Window10RadioBtn' is clicked on

2021-02-03 23:04:02 - [TEST_STEP][PASSED] - click(findTestObject("Object Repository/HomePage/URL_Tab")): Object: 'Object Repository/HomePage/URL_Tab' is clicked on

2021-02-03 23:04:03 - [MESSAGE][PASSED] - Object: 'Object Repository/HomePage/URL_Tab' is clicked on

2021-02-03 23:04:03 - [TEST_STEP][PASSED] - url = excelTestData.getValue(4, 38): null

2021-02-03 23:04:03 - [TEST_STEP][PASSED] - randomStr = customKeywords.commanFunctions.getRandomAlphaString(4): customKeywords.commanFunctions.getRandomAlphaString is PASSED

2021-02-03 23:04:04 - [MESSAGE][PASSED] - customKeywords.commanFunctions.getRandomAlphaString is PASSED

2021-02-03 23:04:04 - [TEST_STEP][PASSED] - sampleURL = url + randomStr + ".com": null

2021-02-03 23:04:04 - [TEST_STEP][PASSED] - sendKeys(findTestObject("Object Repository/HomePage/PleaseEnterURL_Input"), sampleURL): Keys 'https://sampleurlpuvv.com' sent to object: 'Object Repository/HomePage/PleaseEnterURL_Input'

2021-02-03 23:04:04 - [MESSAGE][PASSED] - Keys 'https://sampleurlpuvv.com' sent to object: 'Object Repository/HomePage/PleaseEnterURL_Input'

2021-02-03 23:04:04 - [TEST_STEP][PASSED] - click(findTestObject("Object Repository/HomePage/Window10RadioBtn")): Object: 'Object Repository/HomePage/Window10RadioBtn' is clicked on

2021-02-03 23:04:05 - [MESSAGE][PASSED] - Object: 'Object Repository/HomePage/Window10RadioBtn' is clicked on

2021-02-03 23:04:05 - [TEST_STEP][PASSED] - click(findTestObject("Object Repository/HomePage/startAnalysis_EnableBtn")): Object: 'Object Repository/HomePage/startAnalysis_EnableBtn' is clicked on

2021-02-03 23:04:06 - [MESSAGE][PASSED] - Object: 'Object Repository/HomePage/startAnalysis_EnableBtn' is clicked on

2021-02-03 23:04:06 - [TEST_STEP][PASSED] - waitForElementVisible(findTestObject("Object Repository/SubmissionPage/Submission_SearchIcon"), TimeOut): Object 'Object Repository/SubmissionPage/Submission_SearchIcon' is visible

2021-02-03 23:04:09 - [MESSAGE][PASSED] - Object 'Object Repository/SubmissionPage/Submission_SearchIcon' is visible

2021-02-03 23:04:09 - [TEST_STEP][PASSED] - verifyElementVisible(findTestObject("Object Repository/SubmissionPage/Submission_SearchIcon")): Object 'Object Repository/SubmissionPage/Submission_SearchIcon' is visible

2021-02-03 23:04:10 - [MESSAGE][PASSED] - Object 'Object Repository/SubmissionPage/Submission_SearchIcon' is visible

2021-02-03 23:04:10 - [TEST_STEP][PASSED] - partCellText = customKeywords.commanFunctions.getParticularCellText(objColOne): customKeywords.commanFunctions.getParticularCellText is PASSED

2021-02-03 23:04:11 - [MESSAGE][PASSED] - customKeywords.commanFunctions.getParticularCellText is PASSED

2021-02-03 23:04:11 - [TEST_STEP][PASSED] - out.println("----------------->" + partCellText): null

2021-02-03 23:04:11 - [TEST_STEP][PASSED] - partCellTextTwo = customKeywords.commanFunctions.getParticularCellText(objColTwo): customKeywords.commanFunctions.getParticularCellText is PASSED

2021-02-03 23:04:12 - [MESSAGE][PASSED] - customKeywords.commanFunctions.getParticularCellText is PASSED

2021-02-03 23:04:12 - [TEST_STEP][PASSED] - out.println("----------------->" + partCellTextTwo): null

2021-02-03 23:04:12 - [TEST_STEP][PASSED] - verifyEqual(sampleURL, partCellText): Actual object 'https://sampleurlpuvv.com' and expected object 'https://sampleurlpuvv.com' are equal

2021-02-03 23:04:12 - [MESSAGE][PASSED] - Actual object 'https://sampleurlpuvv.com' and expected object 'https://sampleurlpuvv.com' are equal

2021-02-03 23:04:12 - [TEST_STEP][PASSED] - verifyEqual(sampleURLOne, partCellTextTwo): Actual object 'https://sampleurlguqi.com' and expected object 'https://sampleurlguqi.com' are equal

2021-02-03 23:04:12 - [MESSAGE][PASSED] - Actual object 'https://sampleurlguqi.com' and expected object 'https://sampleurlguqi.com' are equal

2021-02-03 23:04:12 - [TEST_STEP][PASSED] - click(findTestObject("Object Repository/HomePage/InspectImgTab")): Object: 'Object Repository/HomePage/InspectImgTab' is clicked on

2021-02-03 23:04:12 - [MESSAGE][PASSED] - Object: 'Object Repository/HomePage/InspectImgTab' is clicked on

2021-02-03 23:04:12 - [TEST_STEP][PASSED] - click(findTestObject("Object Repository/HomePage/File_Tab")): Object: 'Object Repository/HomePage/File_Tab' is clicked on

2021-02-03 23:04:13 - [MESSAGE][PASSED] - Object: 'Object Repository/HomePage/File_Tab' is clicked on

2021-02-03 23:04:13 - [TEST_STEP][PASSED] - customKeywords.commanFunctions.UploadReqFile(fileNameWithExten, existedFileName): customKeywords.commanFunctions.UploadReqFile is PASSED

2021-02-03 23:04:15 - [MESSAGE][PASSED] - Object: 'Object Repository/HomePage/ChooseAFile' is clicked on

2021-02-03 23:04:17 - [MESSAGE][PASSED] - Delayed 2 second(s)

2021-02-03 23:04:19 - [MESSAGE][INFO] - Image Uploaded Sucsessfully

2021-02-03 23:04:21 - [MESSAGE][PASSED] - Delayed 2 second(s)

2021-02-03 23:04:23 - [MESSAGE][PASSED] - Text 'FileNotScaneAlongURL' is present on page 

2021-02-03 23:04:23 - [MESSAGE][PASSED] - customKeywords.commanFunctions.UploadReqFile is PASSED

2021-02-03 23:04:23 - [TEST_STEP][PASSED] - click(findTestObject("Object Repository/HomePage/Window10RadioBtn")): Object: 'Object Repository/HomePage/Window10RadioBtn' is clicked on

2021-02-03 23:04:25 - [MESSAGE][PASSED] - Object: 'Object Repository/HomePage/Window10RadioBtn' is clicked on

2021-02-03 23:04:25 - [TEST_STEP][PASSED] - click(findTestObject("Object Repository/HomePage/URL_Tab")): Object: 'Object Repository/HomePage/URL_Tab' is clicked on

2021-02-03 23:04:26 - [MESSAGE][PASSED] - Object: 'Object Repository/HomePage/URL_Tab' is clicked on

2021-02-03 23:04:26 - [TEST_STEP][PASSED] - sendKeys(findTestObject("Object Repository/HomePage/PleaseEnterURL_Input"), sampleURL): Keys 'https://sampleurlpuvv.com' sent to object: 'Object Repository/HomePage/PleaseEnterURL_Input'

2021-02-03 23:04:27 - [MESSAGE][PASSED] - Keys 'https://sampleurlpuvv.com' sent to object: 'Object Repository/HomePage/PleaseEnterURL_Input'

2021-02-03 23:04:27 - [TEST_STEP][PASSED] - click(findTestObject("Object Repository/HomePage/Window10RadioBtn")): Object: 'Object Repository/HomePage/Window10RadioBtn' is clicked on

2021-02-03 23:04:29 - [MESSAGE][PASSED] - Object: 'Object Repository/HomePage/Window10RadioBtn' is clicked on

2021-02-03 23:04:29 - [TEST_STEP][PASSED] - click(findTestObject("Object Repository/HomePage/File_Tab")): Object: 'Object Repository/HomePage/File_Tab' is clicked on

2021-02-03 23:04:30 - [MESSAGE][PASSED] - Object: 'Object Repository/HomePage/File_Tab' is clicked on

2021-02-03 23:04:30 - [TEST_STEP][PASSED] - delay(2): Delayed 2 second(s)

2021-02-03 23:04:32 - [MESSAGE][PASSED] - Delayed 2 second(s)

2021-02-03 23:04:32 - [TEST_STEP][PASSED] - click(findTestObject("Object Repository/HomePage/startAnalysis_EnableBtn")): Object: 'Object Repository/HomePage/startAnalysis_EnableBtn' is clicked on

2021-02-03 23:04:33 - [MESSAGE][PASSED] - Object: 'Object Repository/HomePage/startAnalysis_EnableBtn' is clicked on

2021-02-03 23:04:33 - [TEST_STEP][PASSED] - waitForElementVisible(findTestObject("Object Repository/SubmissionPage/Submission_SearchIcon"), TimeOut): Web element with id: 'Object Repository/SubmissionPage/Submission_SearchIcon' located by '//*[@class='img-search']' not found

2021-02-03 23:04:50 - [MESSAGE][INFO] - Unable to find the element located by 'By.xpath: //*[@class='img-search']'. Please recheck the objects properties to make sure the desired element is located. 

2021-02-03 23:04:50 - [MESSAGE][WARNING] - Web element with id: 'Object Repository/SubmissionPage/Submission_SearchIcon' located by '//*[@class='img-search']' not found

2021-02-03 23:04:50 - [TEST_STEP][FAILED] - verifyElementVisible(findTestObject("Object Repository/SubmissionPage/Submission_SearchIcon")): Unable to verify object 'Object Repository/SubmissionPage/Submission_SearchIcon' is visible (Root cause: com.kms.katalon.core.exception.StepFailedException: Unable to verify object 'Object Repository/SubmissionPage/Submission_SearchIcon' is visible
	at com.kms.katalon.core.webui.keyword.internal.WebUIKeywordMain.stepFailed(WebUIKeywordMain.groovy:64)
	at com.kms.katalon.core.webui.keyword.internal.WebUIKeywordMain.runKeyword(WebUIKeywordMain.groovy:26)
	at com.kms.katalon.core.webui.keyword.builtin.VerifyElementVisibleKeyword.verifyElementVisible(VerifyElementVisibleKeyword.groovy:97)
	at com.kms.katalon.core.webui.keyword.builtin.VerifyElementVisibleKeyword.execute(VerifyElementVisibleKeyword.groovy:67)
	at com.kms.katalon.core.keyword.internal.KeywordExecutor.executeKeywordForPlatform(KeywordExecutor.groovy:73)
	at com.kms.katalon.core.webui.keyword.WebUiBuiltInKeywords.verifyElementVisible(WebUiBuiltInKeywords.groovy:373)
	at com.kms.katalon.core.webui.keyword.WebUiBuiltInKeywords$verifyElementVisible$11.call(Unknown Source)
	at CSP-T19_1.0_As Registered user, I want to verify that i can not submit URL and File at the same time.run(CSP-T19_1.0_As Registered user, I want to verify that i can not submit URL and File at the same time:148)
	at com.kms.katalon.core.main.ScriptEngine.run(ScriptEngine.java:194)
	at com.kms.katalon.core.main.ScriptEngine.runScriptAsRawText(ScriptEngine.java:119)
	at com.kms.katalon.core.main.TestCaseExecutor.runScript(TestCaseExecutor.java:394)
	at com.kms.katalon.core.main.TestCaseExecutor.doExecute(TestCaseExecutor.java:385)
	at com.kms.katalon.core.main.TestCaseExecutor.processExecutionPhase(TestCaseExecutor.java:364)
	at com.kms.katalon.core.main.TestCaseExecutor.accessMainPhase(TestCaseExecutor.java:356)
	at com.kms.katalon.core.main.TestCaseExecutor.execute(TestCaseExecutor.java:251)
	at com.kms.katalon.core.main.TestSuiteExecutor.accessTestCaseMainPhase(TestSuiteExecutor.java:203)
	at com.kms.katalon.core.main.TestSuiteExecutor.accessTestSuiteMainPhase(TestSuiteExecutor.java:152)
	at com.kms.katalon.core.main.TestSuiteExecutor.execute(TestSuiteExecutor.java:95)
	at com.kms.katalon.core.main.TestCaseMain.startTestSuite(TestCaseMain.java:157)
	at com.kms.katalon.core.main.TestCaseMain$startTestSuite$0.call(Unknown Source)
	at TempTestSuite1612372552149.run(TempTestSuite1612372552149.groovy:39)
Caused by: com.kms.katalon.core.exception.StepFailedException: Web element with id: 'Object Repository/SubmissionPage/Submission_SearchIcon' located by '//*[@class='img-search']' not found
	at com.kms.katalon.core.webui.keyword.internal.WebUIKeywordMain.stepFailed(WebUIKeywordMain.groovy:64)
	at com.kms.katalon.core.webui.keyword.builtin.VerifyElementVisibleKeyword$_verifyElementVisible_closure1.doCall(VerifyElementVisibleKeyword.groovy:89)
	at com.kms.katalon.core.webui.keyword.builtin.VerifyElementVisibleKeyword$_verifyElementVisible_closure1.call(VerifyElementVisibleKeyword.groovy)
	at com.kms.katalon.core.webui.keyword.internal.WebUIKeywordMain.runKeyword(WebUIKeywordMain.groovy:20)
	... 19 more
)

2021-02-03 23:05:22 - [MESSAGE][INFO] - Unable to find the element located by 'By.xpath: //*[@class='img-search']'. Please recheck the objects properties to make sure the desired element is located. 

2021-02-03 23:05:23 - [MESSAGE][FAILED] - Web element with id: 'Object Repository/SubmissionPage/Submission_SearchIcon' located by '//*[@class='img-search']' not found (Root cause: com.kms.katalon.core.exception.StepFailedException: Web element with id: 'Object Repository/SubmissionPage/Submission_SearchIcon' located by '//*[@class='img-search']' not found
	at com.kms.katalon.core.webui.keyword.internal.WebUIKeywordMain.stepFailed(WebUIKeywordMain.groovy:64)
	at com.kms.katalon.core.webui.keyword.builtin.VerifyElementVisibleKeyword$_verifyElementVisible_closure1.doCall(VerifyElementVisibleKeyword.groovy:89)
	at com.kms.katalon.core.webui.keyword.builtin.VerifyElementVisibleKeyword$_verifyElementVisible_closure1.call(VerifyElementVisibleKeyword.groovy)
	at com.kms.katalon.core.webui.keyword.internal.WebUIKeywordMain.runKeyword(WebUIKeywordMain.groovy:20)
	at com.kms.katalon.core.webui.keyword.builtin.VerifyElementVisibleKeyword.verifyElementVisible(VerifyElementVisibleKeyword.groovy:97)
	at com.kms.katalon.core.webui.keyword.builtin.VerifyElementVisibleKeyword.execute(VerifyElementVisibleKeyword.groovy:67)
	at com.kms.katalon.core.keyword.internal.KeywordExecutor.executeKeywordForPlatform(KeywordExecutor.groovy:73)
	at com.kms.katalon.core.webui.keyword.WebUiBuiltInKeywords.verifyElementVisible(WebUiBuiltInKeywords.groovy:373)
	at com.kms.katalon.core.webui.keyword.WebUiBuiltInKeywords$verifyElementVisible$11.call(Unknown Source)
	at CSP-T19_1.0_As Registered user, I want to verify that i can not submit URL and File at the same time.run(CSP-T19_1.0_As Registered user, I want to verify that i can not submit URL and File at the same time:148)
	at com.kms.katalon.core.main.ScriptEngine.run(ScriptEngine.java:194)
	at com.kms.katalon.core.main.ScriptEngine.runScriptAsRawText(ScriptEngine.java:119)
	at com.kms.katalon.core.main.TestCaseExecutor.runScript(TestCaseExecutor.java:394)
	at com.kms.katalon.core.main.TestCaseExecutor.doExecute(TestCaseExecutor.java:385)
	at com.kms.katalon.core.main.TestCaseExecutor.processExecutionPhase(TestCaseExecutor.java:364)
	at com.kms.katalon.core.main.TestCaseExecutor.accessMainPhase(TestCaseExecutor.java:356)
	at com.kms.katalon.core.main.TestCaseExecutor.execute(TestCaseExecutor.java:251)
	at com.kms.katalon.core.main.TestSuiteExecutor.accessTestCaseMainPhase(TestSuiteExecutor.java:203)
	at com.kms.katalon.core.main.TestSuiteExecutor.accessTestSuiteMainPhase(TestSuiteExecutor.java:152)
	at com.kms.katalon.core.main.TestSuiteExecutor.execute(TestSuiteExecutor.java:95)
	at com.kms.katalon.core.main.TestCaseMain.startTestSuite(TestCaseMain.java:157)
	at com.kms.katalon.core.main.TestCaseMain$startTestSuite$0.call(Unknown Source)
	at TempTestSuite1612372552149.run(TempTestSuite1612372552149.groovy:39)
)
[[ATTACHMENT|C:\\Users\\araha\\Katalon Studio\\InspectAutomation\\Reports\\20210203_224552\\LogIn_RigisterUserAndForgotPwd_Module\\Suite_LogIn_RigisterUserAndForgotPwd_Module\\20210203_224552\\1612373722658.png]]

2021-02-03 23:05:23 - [MESSAGE][FAILED] - Unable to verify object 'Object Repository/SubmissionPage/Submission_SearchIcon' is visible (Root cause: com.kms.katalon.core.exception.StepFailedException: Unable to verify object 'Object Repository/SubmissionPage/Submission_SearchIcon' is visible
	at com.kms.katalon.core.webui.keyword.internal.WebUIKeywordMain.stepFailed(WebUIKeywordMain.groovy:64)
	at com.kms.katalon.core.webui.keyword.internal.WebUIKeywordMain.runKeyword(WebUIKeywordMain.groovy:26)
	at com.kms.katalon.core.webui.keyword.builtin.VerifyElementVisibleKeyword.verifyElementVisible(VerifyElementVisibleKeyword.groovy:97)
	at com.kms.katalon.core.webui.keyword.builtin.VerifyElementVisibleKeyword.execute(VerifyElementVisibleKeyword.groovy:67)
	at com.kms.katalon.core.keyword.internal.KeywordExecutor.executeKeywordForPlatform(KeywordExecutor.groovy:73)
	at com.kms.katalon.core.webui.keyword.WebUiBuiltInKeywords.verifyElementVisible(WebUiBuiltInKeywords.groovy:373)
	at com.kms.katalon.core.webui.keyword.WebUiBuiltInKeywords$verifyElementVisible$11.call(Unknown Source)
	at CSP-T19_1.0_As Registered user, I want to verify that i can not submit URL and File at the same time.run(CSP-T19_1.0_As Registered user, I want to verify that i can not submit URL and File at the same time:148)
	at com.kms.katalon.core.main.ScriptEngine.run(ScriptEngine.java:194)
	at com.kms.katalon.core.main.ScriptEngine.runScriptAsRawText(ScriptEngine.java:119)
	at com.kms.katalon.core.main.TestCaseExecutor.runScript(TestCaseExecutor.java:394)
	at com.kms.katalon.core.main.TestCaseExecutor.doExecute(TestCaseExecutor.java:385)
	at com.kms.katalon.core.main.TestCaseExecutor.processExecutionPhase(TestCaseExecutor.java:364)
	at com.kms.katalon.core.main.TestCaseExecutor.accessMainPhase(TestCaseExecutor.java:356)
	at com.kms.katalon.core.main.TestCaseExecutor.execute(TestCaseExecutor.java:251)
	at com.kms.katalon.core.main.TestSuiteExecutor.accessTestCaseMainPhase(TestSuiteExecutor.java:203)
	at com.kms.katalon.core.main.TestSuiteExecutor.accessTestSuiteMainPhase(TestSuiteExecutor.java:152)
	at com.kms.katalon.core.main.TestSuiteExecutor.execute(TestSuiteExecutor.java:95)
	at com.kms.katalon.core.main.TestCaseMain.startTestSuite(TestCaseMain.java:157)
	at com.kms.katalon.core.main.TestCaseMain$startTestSuite$0.call(Unknown Source)
	at TempTestSuite1612372552149.run(TempTestSuite1612372552149.groovy:39)
Caused by: com.kms.katalon.core.exception.StepFailedException: Web element with id: 'Object Repository/SubmissionPage/Submission_SearchIcon' located by '//*[@class='img-search']' not found
	at com.kms.katalon.core.webui.keyword.internal.WebUIKeywordMain.stepFailed(WebUIKeywordMain.groovy:64)
	at com.kms.katalon.core.webui.keyword.builtin.VerifyElementVisibleKeyword$_verifyElementVisible_closure1.doCall(VerifyElementVisibleKeyword.groovy:89)
	at com.kms.katalon.core.webui.keyword.builtin.VerifyElementVisibleKeyword$_verifyElementVisible_closure1.call(VerifyElementVisibleKeyword.groovy)
	at com.kms.katalon.core.webui.keyword.internal.WebUIKeywordMain.runKeyword(WebUIKeywordMain.groovy:20)
	... 19 more
)
[[ATTACHMENT|C:\\Users\\araha\\Katalon Studio\\InspectAutomation\\Reports\\20210203_224552\\LogIn_RigisterUserAndForgotPwd_Module\\Suite_LogIn_RigisterUserAndForgotPwd_Module\\20210203_224552\\1612373723125.png]]]]></system-out>
         <system-err><![CDATA[2021-02-03 23:03:07 - [TEST_CASE][FAILED] - Test Cases/TC_RigisterUser/RigisterUserTCs/CSP-T19_1.0_As Registered user, I want to verify that i can not submit URL and File at the same time: Test Cases/TC_RigisterUser/RigisterUserTCs/CSP-T19_1.0_As Registered user, I want to verify that i can not submit URL and File at the same time FAILED.
Reason:
com.kms.katalon.core.exception.StepFailedException: Unable to verify object 'Object Repository/SubmissionPage/Submission_SearchIcon' is visible
	at com.kms.katalon.core.webui.keyword.internal.WebUIKeywordMain.stepFailed(WebUIKeywordMain.groovy:64)
	at com.kms.katalon.core.webui.keyword.internal.WebUIKeywordMain.runKeyword(WebUIKeywordMain.groovy:26)
	at com.kms.katalon.core.webui.keyword.builtin.VerifyElementVisibleKeyword.verifyElementVisible(VerifyElementVisibleKeyword.groovy:97)
	at com.kms.katalon.core.webui.keyword.builtin.VerifyElementVisibleKeyword.execute(VerifyElementVisibleKeyword.groovy:67)
	at com.kms.katalon.core.keyword.internal.KeywordExecutor.executeKeywordForPlatform(KeywordExecutor.groovy:73)
	at com.kms.katalon.core.webui.keyword.WebUiBuiltInKeywords.verifyElementVisible(WebUiBuiltInKeywords.groovy:373)
	at com.kms.katalon.core.webui.keyword.WebUiBuiltInKeywords$verifyElementVisible$11.call(Unknown Source)
	at CSP-T19_1.0_As Registered user, I want to verify that i can not submit URL and File at the same time.run(CSP-T19_1.0_As Registered user, I want to verify that i can not submit URL and File at the same time:148)
	at com.kms.katalon.core.main.ScriptEngine.run(ScriptEngine.java:194)
	at com.kms.katalon.core.main.ScriptEngine.runScriptAsRawText(ScriptEngine.java:119)
	at com.kms.katalon.core.main.TestCaseExecutor.runScript(TestCaseExecutor.java:394)
	at com.kms.katalon.core.main.TestCaseExecutor.doExecute(TestCaseExecutor.java:385)
	at com.kms.katalon.core.main.TestCaseExecutor.processExecutionPhase(TestCaseExecutor.java:364)
	at com.kms.katalon.core.main.TestCaseExecutor.accessMainPhase(TestCaseExecutor.java:356)
	at com.kms.katalon.core.main.TestCaseExecutor.execute(TestCaseExecutor.java:251)
	at com.kms.katalon.core.main.TestSuiteExecutor.accessTestCaseMainPhase(TestSuiteExecutor.java:203)
	at com.kms.katalon.core.main.TestSuiteExecutor.accessTestSuiteMainPhase(TestSuiteExecutor.java:152)
	at com.kms.katalon.core.main.TestSuiteExecutor.execute(TestSuiteExecutor.java:95)
	at com.kms.katalon.core.main.TestCaseMain.startTestSuite(TestCaseMain.java:157)
	at com.kms.katalon.core.main.TestCaseMain$startTestSuite$0.call(Unknown Source)
	at TempTestSuite1612372552149.run(TempTestSuite1612372552149.groovy:39)
Caused by: com.kms.katalon.core.exception.StepFailedException: Web element with id: 'Object Repository/SubmissionPage/Submission_SearchIcon' located by '//*[@class='img-search']' not found
	at com.kms.katalon.core.webui.keyword.internal.WebUIKeywordMain.stepFailed(WebUIKeywordMain.groovy:64)
	at com.kms.katalon.core.webui.keyword.builtin.VerifyElementVisibleKeyword$_verifyElementVisible_closure1.doCall(VerifyElementVisibleKeyword.groovy:89)
	at com.kms.katalon.core.webui.keyword.builtin.VerifyElementVisibleKeyword$_verifyElementVisible_closure1.call(VerifyElementVisibleKeyword.groovy)
	at com.kms.katalon.core.webui.keyword.internal.WebUIKeywordMain.runKeyword(WebUIKeywordMain.groovy:20)
	... 19 more]]></system-err>
      </testcase>
      <testcase name="Test Cases/TC_RigisterUser/RigisterUserTCs/CSP-T18_1.0_As Registered User, I want to verify that i can successfully submit URL to scan" time="45.377" classname="Test Cases/TC_RigisterUser/RigisterUserTCs/CSP-T18_1.0_As Registered User, I want to verify that i can successfully submit URL to scan" status="PASSED">
         <system-out><![CDATA[2021-02-03 23:05:23 - [TEST_CASE][PASSED] - Test Cases/TC_RigisterUser/RigisterUserTCs/CSP-T18_1.0_As Registered User, I want to verify that i can successfully submit URL to scan: Test Cases/TC_RigisterUser/RigisterUserTCs/CSP-T18_1.0_As Registered User, I want to verify that i can successfully submit URL to scan

2021-02-03 23:05:24 - [TEST_STEP][PASSED] - excelTestData = findTestData("Data Files/TestData/InspectTestData"): null

2021-02-03 23:05:24 - [TEST_STEP][PASSED] - obj = findTestObject("LoginAndRigisterUser/LoginLink"): null

2021-02-03 23:05:24 - [TEST_STEP][PASSED] - customKeywords.commanFunctions.openBrowser(): customKeywords.commanFunctions.openBrowser is PASSED

2021-02-03 23:05:25 - [MESSAGE][WARNING] - A browser is already opened. Closing browser and opening a new one

2021-02-03 23:05:25 - [MESSAGE][INFO] - Starting 'Chrome' driver

2021-02-03 23:05:25 - [MESSAGE][INFO] - Action delay is set to 0 milliseconds

2021-02-03 23:05:40 - [MESSAGE][PASSED] - Browser is opened with url: 'https://Inspect.Stage.site.sa'

2021-02-03 23:05:42 - [MESSAGE][PASSED] - Current window maximized

2021-02-03 23:05:42 - [MESSAGE][PASSED] - Wait for page load successfully

2021-02-03 23:05:42 - [MESSAGE][PASSED] - customKeywords.commanFunctions.openBrowser is PASSED

2021-02-03 23:05:42 - [TEST_STEP][PASSED] - waitForElementClickable(findTestObject("LoginAndRigisterUser/LoginLink"), TimeOut): Object 'Object Repository/LoginAndRigisterUser/LoginLink' is clickable

2021-02-03 23:05:43 - [MESSAGE][PASSED] - Object 'Object Repository/LoginAndRigisterUser/LoginLink' is clickable

2021-02-03 23:05:43 - [TEST_STEP][PASSED] - customKeywords.commanFunctions.clickElementWithJS(obj): customKeywords.commanFunctions.clickElementWithJS is PASSED

2021-02-03 23:05:44 - [MESSAGE][INFO] - Clicked on element with JS

2021-02-03 23:05:44 - [MESSAGE][PASSED] - customKeywords.commanFunctions.clickElementWithJS is PASSED

2021-02-03 23:05:44 - [TEST_STEP][PASSED] - rigisterUN = excelTestData.getValue(2, 23): null

2021-02-03 23:05:44 - [TEST_STEP][PASSED] - rigisterPW = excelTestData.getValue(3, 23): null

2021-02-03 23:05:44 - [TEST_STEP][PASSED] - customKeywords.commanFunctions.logIntoBrowserWithReqCredentials(rigisterUN, rigisterPW): customKeywords.commanFunctions.logIntoBrowserWithReqCredentials is PASSED

2021-02-03 23:05:45 - [MESSAGE][PASSED] - Keys 'Os-ARahman@projects.site.sa' sent to object: 'Object Repository/LoginAndRigisterUser/UserName_Email_Input'

2021-02-03 23:05:46 - [MESSAGE][PASSED] - Keys 'Test@12345' sent to object: 'Object Repository/LoginAndRigisterUser/Password_Input'

2021-02-03 23:05:47 - [MESSAGE][PASSED] - Delayed 1 second(s)

2021-02-03 23:05:47 - [MESSAGE][PASSED] - Object 'Object Repository/LoginAndRigisterUser/LoginBtn' is clickable

2021-02-03 23:05:48 - [MESSAGE][INFO] - Clicked on element with JS

2021-02-03 23:05:48 - [MESSAGE][PASSED] - customKeywords.commanFunctions.logIntoBrowserWithReqCredentials is PASSED

2021-02-03 23:05:48 - [TEST_STEP][PASSED] - customKeywords.commanFunctions.otpLogin(): customKeywords.commanFunctions.otpLogin is PASSED

2021-02-03 23:05:50 - [MESSAGE][PASSED] - Keys '0' sent to object: 'Object Repository/LoginAndRigisterUser/otpOne'

2021-02-03 23:05:51 - [MESSAGE][PASSED] - Keys '0' sent to object: 'Object Repository/LoginAndRigisterUser/otpTwo'

2021-02-03 23:05:52 - [MESSAGE][PASSED] - Keys '0' sent to object: 'Object Repository/LoginAndRigisterUser/otpThree'

2021-02-03 23:05:53 - [MESSAGE][PASSED] - Keys '0' sent to object: 'Object Repository/LoginAndRigisterUser/otpFour'

2021-02-03 23:05:54 - [MESSAGE][PASSED] - Keys '0' sent to object: 'Object Repository/LoginAndRigisterUser/otpFive'

2021-02-03 23:05:55 - [MESSAGE][INFO] - Clicked on element with JS

2021-02-03 23:05:55 - [MESSAGE][PASSED] - customKeywords.commanFunctions.otpLogin is PASSED

2021-02-03 23:05:55 - [TEST_STEP][PASSED] - click(findTestObject("Object Repository/HomePage/URL_Tab")): Object: 'Object Repository/HomePage/URL_Tab' is clicked on

2021-02-03 23:05:58 - [MESSAGE][PASSED] - Object: 'Object Repository/HomePage/URL_Tab' is clicked on

2021-02-03 23:05:58 - [TEST_STEP][PASSED] - sampleURL = excelTestData.getValue(4, 23): null

2021-02-03 23:05:58 - [TEST_STEP][PASSED] - sendKeys(findTestObject("Object Repository/HomePage/PleaseEnterURL_Input"), sampleURL): Keys 'https://sampleurl.com' sent to object: 'Object Repository/HomePage/PleaseEnterURL_Input'

2021-02-03 23:05:59 - [MESSAGE][PASSED] - Keys 'https://sampleurl.com' sent to object: 'Object Repository/HomePage/PleaseEnterURL_Input'

2021-02-03 23:05:59 - [TEST_STEP][PASSED] - click(findTestObject("Object Repository/HomePage/Window10RadioBtn")): Object: 'Object Repository/HomePage/Window10RadioBtn' is clicked on

2021-02-03 23:06:01 - [MESSAGE][PASSED] - Object: 'Object Repository/HomePage/Window10RadioBtn' is clicked on

2021-02-03 23:06:01 - [TEST_STEP][PASSED] - click(findTestObject("Object Repository/HomePage/startAnalysis_EnableBtn")): Object: 'Object Repository/HomePage/startAnalysis_EnableBtn' is clicked on

2021-02-03 23:06:02 - [MESSAGE][PASSED] - Object: 'Object Repository/HomePage/startAnalysis_EnableBtn' is clicked on

2021-02-03 23:06:02 - [TEST_STEP][PASSED] - waitForElementVisible(findTestObject("Object Repository/SubmissionPage/Submission_SearchIcon"), TimeOut): Object 'Object Repository/SubmissionPage/Submission_SearchIcon' is visible

2021-02-03 23:06:04 - [MESSAGE][PASSED] - Object 'Object Repository/SubmissionPage/Submission_SearchIcon' is visible

2021-02-03 23:06:04 - [TEST_STEP][PASSED] - verifyElementVisible(findTestObject("Object Repository/SubmissionPage/Submission_SearchIcon")): Object 'Object Repository/SubmissionPage/Submission_SearchIcon' is visible

2021-02-03 23:06:05 - [MESSAGE][PASSED] - Object 'Object Repository/SubmissionPage/Submission_SearchIcon' is visible

2021-02-03 23:06:05 - [TEST_STEP][PASSED] - customKeywords.commanFunctions.logOutAndcloseBrowser(): customKeywords.commanFunctions.logOutAndcloseBrowser is PASSED

2021-02-03 23:06:06 - [MESSAGE][PASSED] - Object 'Object Repository/LoginAndRigisterUser/AdminDD' is clickable

2021-02-03 23:06:06 - [MESSAGE][INFO] - Clicked on element with JS

2021-02-03 23:06:07 - [MESSAGE][INFO] - Clicked on element with JS

2021-02-03 23:06:08 - [MESSAGE][PASSED] - Delayed 1 second(s)

2021-02-03 23:06:08 - [MESSAGE][PASSED] - Browser is closed

2021-02-03 23:06:08 - [MESSAGE][PASSED] - customKeywords.commanFunctions.logOutAndcloseBrowser is PASSED]]></system-out>
         <system-err><![CDATA[]]></system-err>
      </testcase>
      <testcase name="Test Cases/TC_RigisterUser/RigisterUserTCs/CSP-T17_1.0_As Registered user, I want to verify that i can not upload empty file size 0 to scan" time="57.23" classname="Test Cases/TC_RigisterUser/RigisterUserTCs/CSP-T17_1.0_As Registered user, I want to verify that i can not upload empty file size 0 to scan" status="PASSED">
         <system-out><![CDATA[2021-02-03 23:06:08 - [TEST_CASE][PASSED] - Test Cases/TC_RigisterUser/RigisterUserTCs/CSP-T17_1.0_As Registered user, I want to verify that i can not upload empty file size 0 to scan: Test Cases/TC_RigisterUser/RigisterUserTCs/CSP-T17_1.0_As Registered user, I want to verify that i can not upload empty file size 0 to scan

2021-02-03 23:06:09 - [TEST_STEP][PASSED] - excelTestData = findTestData("Data Files/TestData/InspectTestData"): null

2021-02-03 23:06:09 - [TEST_STEP][PASSED] - obj = findTestObject("LoginAndRigisterUser/LoginLink"): null

2021-02-03 23:06:09 - [TEST_STEP][PASSED] - analysisBtn_Disabled = By.xpath("//*[@class='mt-5 ant-btn ant-btn-primary ant-btn-block disabled22']"): null

2021-02-03 23:06:09 - [TEST_STEP][PASSED] - searchSubmissionBtn = By.xpath("//*[@class='img-search']"): null

2021-02-03 23:06:09 - [TEST_STEP][PASSED] - customKeywords.commanFunctions.openBrowser(): customKeywords.commanFunctions.openBrowser is PASSED

2021-02-03 23:06:10 - [MESSAGE][INFO] - Starting 'Chrome' driver

2021-02-03 23:06:10 - [MESSAGE][INFO] - Action delay is set to 0 milliseconds

2021-02-03 23:06:24 - [MESSAGE][PASSED] - Browser is opened with url: 'https://Inspect.Stage.site.sa'

2021-02-03 23:06:26 - [MESSAGE][PASSED] - Current window maximized

2021-02-03 23:06:27 - [MESSAGE][PASSED] - Wait for page load successfully

2021-02-03 23:06:27 - [MESSAGE][PASSED] - customKeywords.commanFunctions.openBrowser is PASSED

2021-02-03 23:06:27 - [TEST_STEP][PASSED] - waitForElementClickable(findTestObject("LoginAndRigisterUser/LoginLink"), TimeOut): Object 'Object Repository/LoginAndRigisterUser/LoginLink' is clickable

2021-02-03 23:06:27 - [MESSAGE][PASSED] - Object 'Object Repository/LoginAndRigisterUser/LoginLink' is clickable

2021-02-03 23:06:27 - [TEST_STEP][PASSED] - customKeywords.commanFunctions.clickElementWithJS(obj): customKeywords.commanFunctions.clickElementWithJS is PASSED

2021-02-03 23:06:28 - [MESSAGE][INFO] - Clicked on element with JS

2021-02-03 23:06:28 - [MESSAGE][PASSED] - customKeywords.commanFunctions.clickElementWithJS is PASSED

2021-02-03 23:06:28 - [TEST_STEP][PASSED] - rigisterUN = excelTestData.getValue(2, 23): null

2021-02-03 23:06:28 - [TEST_STEP][PASSED] - rigisterPW = excelTestData.getValue(3, 23): null

2021-02-03 23:06:28 - [TEST_STEP][PASSED] - customKeywords.commanFunctions.logIntoBrowserWithReqCredentials(rigisterUN, rigisterPW): customKeywords.commanFunctions.logIntoBrowserWithReqCredentials is PASSED

2021-02-03 23:06:29 - [MESSAGE][PASSED] - Keys 'Os-ARahman@projects.site.sa' sent to object: 'Object Repository/LoginAndRigisterUser/UserName_Email_Input'

2021-02-03 23:06:30 - [MESSAGE][PASSED] - Keys 'Test@12345' sent to object: 'Object Repository/LoginAndRigisterUser/Password_Input'

2021-02-03 23:06:31 - [MESSAGE][PASSED] - Delayed 1 second(s)

2021-02-03 23:06:32 - [MESSAGE][PASSED] - Object 'Object Repository/LoginAndRigisterUser/LoginBtn' is clickable

2021-02-03 23:06:32 - [MESSAGE][INFO] - Clicked on element with JS

2021-02-03 23:06:32 - [MESSAGE][PASSED] - customKeywords.commanFunctions.logIntoBrowserWithReqCredentials is PASSED

2021-02-03 23:06:32 - [TEST_STEP][PASSED] - customKeywords.commanFunctions.otpLogin(): customKeywords.commanFunctions.otpLogin is PASSED

2021-02-03 23:06:34 - [MESSAGE][PASSED] - Keys '0' sent to object: 'Object Repository/LoginAndRigisterUser/otpOne'

2021-02-03 23:06:35 - [MESSAGE][PASSED] - Keys '0' sent to object: 'Object Repository/LoginAndRigisterUser/otpTwo'

2021-02-03 23:06:36 - [MESSAGE][PASSED] - Keys '0' sent to object: 'Object Repository/LoginAndRigisterUser/otpThree'

2021-02-03 23:06:37 - [MESSAGE][PASSED] - Keys '0' sent to object: 'Object Repository/LoginAndRigisterUser/otpFour'

2021-02-03 23:06:38 - [MESSAGE][PASSED] - Keys '0' sent to object: 'Object Repository/LoginAndRigisterUser/otpFive'

2021-02-03 23:06:39 - [MESSAGE][INFO] - Clicked on element with JS

2021-02-03 23:06:39 - [MESSAGE][PASSED] - customKeywords.commanFunctions.otpLogin is PASSED

2021-02-03 23:06:39 - [TEST_STEP][PASSED] - fileNameWithExten = excelTestData.getValue(2, 34): null

2021-02-03 23:06:39 - [TEST_STEP][PASSED] - existedFileName = excelTestData.getValue(3, 34): null

2021-02-03 23:06:39 - [TEST_STEP][PASSED] - customKeywords.commanFunctions.UploadReqFile(fileNameWithExten, existedFileName): customKeywords.commanFunctions.UploadReqFile is PASSED

2021-02-03 23:06:42 - [MESSAGE][PASSED] - Object: 'Object Repository/HomePage/ChooseAFile' is clicked on

2021-02-03 23:06:44 - [MESSAGE][PASSED] - Delayed 2 second(s)

2021-02-03 23:06:46 - [MESSAGE][INFO] - Image Uploaded Sucsessfully

2021-02-03 23:06:48 - [MESSAGE][PASSED] - Delayed 2 second(s)

2021-02-03 23:06:49 - [MESSAGE][PASSED] - Text 'empty file_0MB' is present on page 

2021-02-03 23:06:49 - [MESSAGE][PASSED] - customKeywords.commanFunctions.UploadReqFile is PASSED

2021-02-03 23:06:49 - [TEST_STEP][PASSED] - SystemErrorMsg = excelTestData.getValue(4, 34): null

2021-02-03 23:06:49 - [TEST_STEP][PASSED] - click(findTestObject("Object Repository/HomePage/Window10RadioBtn")): Object: 'Object Repository/HomePage/Window10RadioBtn' is clicked on

2021-02-03 23:06:50 - [MESSAGE][PASSED] - Object: 'Object Repository/HomePage/Window10RadioBtn' is clicked on

2021-02-03 23:06:50 - [TEST_STEP][PASSED] - scrollToElement(findTestObject("Object Repository/HomePage/startAnalysis_EnableBtn"), TimeOut): Scroll to object 'Object Repository/HomePage/startAnalysis_EnableBtn' successfully

2021-02-03 23:06:51 - [MESSAGE][PASSED] - Scroll to object 'Object Repository/HomePage/startAnalysis_EnableBtn' successfully

2021-02-03 23:06:51 - [TEST_STEP][PASSED] - click(findTestObject("Object Repository/HomePage/startAnalysis_EnableBtn")): Object: 'Object Repository/HomePage/startAnalysis_EnableBtn' is clicked on

2021-02-03 23:06:53 - [MESSAGE][PASSED] - Object: 'Object Repository/HomePage/startAnalysis_EnableBtn' is clicked on

2021-02-03 23:06:53 - [TEST_STEP][PASSED] - verifyTextPresent(SystemErrorMsg, false): Text 'File with zero size is not allowed' is present on page 

2021-02-03 23:06:55 - [MESSAGE][PASSED] - Text 'File with zero size is not allowed' is present on page 

2021-02-03 23:06:55 - [TEST_STEP][PASSED] - delay(4): Delayed 4 second(s)

2021-02-03 23:06:59 - [MESSAGE][PASSED] - Delayed 4 second(s)

2021-02-03 23:06:59 - [TEST_STEP][PASSED] - verifyTextNotPresent(existedFileName, false): Text 'empty file_0MB' is not present on page

2021-02-03 23:07:00 - [MESSAGE][PASSED] - Text 'empty file_0MB' is not present on page

2021-02-03 23:07:00 - [TEST_STEP][PASSED] - str = customKeywords.commanFunctions.elementIsPresent(searchSubmissionBtn): customKeywords.commanFunctions.elementIsPresent is PASSED

2021-02-03 23:07:01 - [MESSAGE][INFO] - Element size 0

2021-02-03 23:07:01 - [MESSAGE][PASSED] - customKeywords.commanFunctions.elementIsPresent is PASSED

2021-02-03 23:07:01 - [TEST_STEP][PASSED] - logInfo("[-------- Element is present ? ------] " + str): [-------- Element is present ? ------] false

2021-02-03 23:07:01 - [MESSAGE][INFO] - [-------- Element is present ? ------] false

2021-02-03 23:07:01 - [TEST_STEP][PASSED] - verifyEqual(str, false): Actual object 'false' and expected object 'false' are equal

2021-02-03 23:07:01 - [MESSAGE][PASSED] - Actual object 'false' and expected object 'false' are equal

2021-02-03 23:07:01 - [TEST_STEP][PASSED] - customKeywords.commanFunctions.logOutAndcloseBrowser(): customKeywords.commanFunctions.logOutAndcloseBrowser is PASSED

2021-02-03 23:07:02 - [MESSAGE][PASSED] - Object 'Object Repository/LoginAndRigisterUser/AdminDD' is clickable

2021-02-03 23:07:03 - [MESSAGE][INFO] - Clicked on element with JS

2021-02-03 23:07:04 - [MESSAGE][INFO] - Clicked on element with JS

2021-02-03 23:07:05 - [MESSAGE][PASSED] - Delayed 1 second(s)

2021-02-03 23:07:06 - [MESSAGE][PASSED] - Browser is closed

2021-02-03 23:07:06 - [MESSAGE][PASSED] - customKeywords.commanFunctions.logOutAndcloseBrowser is PASSED]]></system-out>
         <system-err><![CDATA[]]></system-err>
      </testcase>
      <testcase name="Test Cases/TC_RigisterUser/RigisterUserTCs/CSP-T16_1.0_As Registered user, I want to verify that i can not upload file with invalid extension" time="51.817" classname="Test Cases/TC_RigisterUser/RigisterUserTCs/CSP-T16_1.0_As Registered user, I want to verify that i can not upload file with invalid extension" status="PASSED">
         <system-out><![CDATA[2021-02-03 23:07:06 - [TEST_CASE][PASSED] - Test Cases/TC_RigisterUser/RigisterUserTCs/CSP-T16_1.0_As Registered user, I want to verify that i can not upload file with invalid extension: Test Cases/TC_RigisterUser/RigisterUserTCs/CSP-T16_1.0_As Registered user, I want to verify that i can not upload file with invalid extension

2021-02-03 23:07:06 - [TEST_STEP][PASSED] - excelTestData = findTestData("Data Files/TestData/InspectTestData"): null

2021-02-03 23:07:06 - [TEST_STEP][PASSED] - obj = findTestObject("LoginAndRigisterUser/LoginLink"): null

2021-02-03 23:07:06 - [TEST_STEP][PASSED] - analysisBtn_Disabled = By.xpath("//*[@class='mt-5 ant-btn ant-btn-primary ant-btn-block disabled22']"): null

2021-02-03 23:07:06 - [TEST_STEP][PASSED] - customKeywords.commanFunctions.openBrowser(): customKeywords.commanFunctions.openBrowser is PASSED

2021-02-03 23:07:07 - [MESSAGE][INFO] - Starting 'Chrome' driver

2021-02-03 23:07:07 - [MESSAGE][INFO] - Action delay is set to 0 milliseconds

2021-02-03 23:07:22 - [MESSAGE][PASSED] - Browser is opened with url: 'https://Inspect.Stage.site.sa'

2021-02-03 23:07:24 - [MESSAGE][PASSED] - Current window maximized

2021-02-03 23:07:24 - [MESSAGE][PASSED] - Wait for page load successfully

2021-02-03 23:07:24 - [MESSAGE][PASSED] - customKeywords.commanFunctions.openBrowser is PASSED

2021-02-03 23:07:24 - [TEST_STEP][PASSED] - waitForElementClickable(findTestObject("LoginAndRigisterUser/LoginLink"), TimeOut): Object 'Object Repository/LoginAndRigisterUser/LoginLink' is clickable

2021-02-03 23:07:24 - [MESSAGE][PASSED] - Object 'Object Repository/LoginAndRigisterUser/LoginLink' is clickable

2021-02-03 23:07:25 - [TEST_STEP][PASSED] - customKeywords.commanFunctions.clickElementWithJS(obj): customKeywords.commanFunctions.clickElementWithJS is PASSED

2021-02-03 23:07:26 - [MESSAGE][INFO] - Clicked on element with JS

2021-02-03 23:07:26 - [MESSAGE][PASSED] - customKeywords.commanFunctions.clickElementWithJS is PASSED

2021-02-03 23:07:26 - [TEST_STEP][PASSED] - rigisterUN = excelTestData.getValue(2, 23): null

2021-02-03 23:07:26 - [TEST_STEP][PASSED] - rigisterPW = excelTestData.getValue(3, 23): null

2021-02-03 23:07:26 - [TEST_STEP][PASSED] - customKeywords.commanFunctions.logIntoBrowserWithReqCredentials(rigisterUN, rigisterPW): customKeywords.commanFunctions.logIntoBrowserWithReqCredentials is PASSED

2021-02-03 23:07:27 - [MESSAGE][PASSED] - Keys 'Os-ARahman@projects.site.sa' sent to object: 'Object Repository/LoginAndRigisterUser/UserName_Email_Input'

2021-02-03 23:07:28 - [MESSAGE][PASSED] - Keys 'Test@12345' sent to object: 'Object Repository/LoginAndRigisterUser/Password_Input'

2021-02-03 23:07:29 - [MESSAGE][PASSED] - Delayed 1 second(s)

2021-02-03 23:07:29 - [MESSAGE][PASSED] - Object 'Object Repository/LoginAndRigisterUser/LoginBtn' is clickable

2021-02-03 23:07:29 - [MESSAGE][INFO] - Clicked on element with JS

2021-02-03 23:07:29 - [MESSAGE][PASSED] - customKeywords.commanFunctions.logIntoBrowserWithReqCredentials is PASSED

2021-02-03 23:07:29 - [TEST_STEP][PASSED] - customKeywords.commanFunctions.otpLogin(): customKeywords.commanFunctions.otpLogin is PASSED

2021-02-03 23:07:32 - [MESSAGE][PASSED] - Keys '0' sent to object: 'Object Repository/LoginAndRigisterUser/otpOne'

2021-02-03 23:07:33 - [MESSAGE][PASSED] - Keys '0' sent to object: 'Object Repository/LoginAndRigisterUser/otpTwo'

2021-02-03 23:07:34 - [MESSAGE][PASSED] - Keys '0' sent to object: 'Object Repository/LoginAndRigisterUser/otpThree'

2021-02-03 23:07:35 - [MESSAGE][PASSED] - Keys '0' sent to object: 'Object Repository/LoginAndRigisterUser/otpFour'

2021-02-03 23:07:36 - [MESSAGE][PASSED] - Keys '0' sent to object: 'Object Repository/LoginAndRigisterUser/otpFive'

2021-02-03 23:07:37 - [MESSAGE][INFO] - Clicked on element with JS

2021-02-03 23:07:37 - [MESSAGE][PASSED] - customKeywords.commanFunctions.otpLogin is PASSED

2021-02-03 23:07:37 - [TEST_STEP][PASSED] - fileNameWithExten = excelTestData.getValue(2, 30): null

2021-02-03 23:07:37 - [TEST_STEP][PASSED] - existedFileName = excelTestData.getValue(3, 30): null

2021-02-03 23:07:37 - [TEST_STEP][PASSED] - customKeywords.commanFunctions.UploadReqFile(fileNameWithExten, existedFileName): customKeywords.commanFunctions.UploadReqFile is PASSED

2021-02-03 23:07:40 - [MESSAGE][PASSED] - Object: 'Object Repository/HomePage/ChooseAFile' is clicked on

2021-02-03 23:07:42 - [MESSAGE][PASSED] - Delayed 2 second(s)

2021-02-03 23:07:44 - [MESSAGE][INFO] - Image Uploaded Sucsessfully

2021-02-03 23:07:46 - [MESSAGE][PASSED] - Delayed 2 second(s)

2021-02-03 23:07:47 - [MESSAGE][PASSED] - Text 'DummyFormatFile' is present on page 

2021-02-03 23:07:47 - [MESSAGE][PASSED] - customKeywords.commanFunctions.UploadReqFile is PASSED

2021-02-03 23:07:47 - [TEST_STEP][PASSED] - SystemErrorMsg = excelTestData.getValue(5, 30): null

2021-02-03 23:07:47 - [TEST_STEP][PASSED] - click(findTestObject("Object Repository/HomePage/Window10RadioBtn")): Object: 'Object Repository/HomePage/Window10RadioBtn' is clicked on

2021-02-03 23:07:49 - [MESSAGE][PASSED] - Object: 'Object Repository/HomePage/Window10RadioBtn' is clicked on

2021-02-03 23:07:49 - [TEST_STEP][PASSED] - str = customKeywords.commanFunctions.elementIsPresent(analysisBtn_Disabled): customKeywords.commanFunctions.elementIsPresent is PASSED

2021-02-03 23:07:51 - [MESSAGE][INFO] - Element size 0

2021-02-03 23:07:51 - [MESSAGE][PASSED] - customKeywords.commanFunctions.elementIsPresent is PASSED

2021-02-03 23:07:51 - [TEST_STEP][PASSED] - logInfo("[-------- Element is present ? ------] " + str): [-------- Element is present ? ------] false

2021-02-03 23:07:51 - [MESSAGE][INFO] - [-------- Element is present ? ------] false

2021-02-03 23:07:51 - [TEST_STEP][PASSED] - verifyEqual(str, false): Actual object 'false' and expected object 'false' are equal

2021-02-03 23:07:51 - [MESSAGE][PASSED] - Actual object 'false' and expected object 'false' are equal

2021-02-03 23:07:51 - [TEST_STEP][PASSED] - customKeywords.commanFunctions.logOutAndcloseBrowser(): customKeywords.commanFunctions.logOutAndcloseBrowser is PASSED

2021-02-03 23:07:53 - [MESSAGE][PASSED] - Object 'Object Repository/LoginAndRigisterUser/AdminDD' is clickable

2021-02-03 23:07:54 - [MESSAGE][INFO] - Clicked on element with JS

2021-02-03 23:07:56 - [MESSAGE][INFO] - Clicked on element with JS

2021-02-03 23:07:57 - [MESSAGE][PASSED] - Delayed 1 second(s)

2021-02-03 23:07:58 - [MESSAGE][PASSED] - Browser is closed

2021-02-03 23:07:58 - [MESSAGE][PASSED] - customKeywords.commanFunctions.logOutAndcloseBrowser is PASSED]]></system-out>
         <system-err><![CDATA[]]></system-err>
      </testcase>
      <testcase name="Test Cases/TC_RigisterUser/RigisterUserTCs/CSP-T13a_1.0__As Registered User, I want to verify that i can not upload file successfully with the more than allowed size" time="191.798" classname="Test Cases/TC_RigisterUser/RigisterUserTCs/CSP-T13a_1.0__As Registered User, I want to verify that i can not upload file successfully with the more than allowed size" status="FAILED">
         <failure type="FAILED" message="Test Cases/TC_RigisterUser/RigisterUserTCs/CSP-T13a_1.0__As Registered User, I want to verify that i can not upload file successfully with the more than allowed size FAILED.
Reason:
com.kms.katalon.core.exception.StepFailedException: Unable to verify object 'Object Repository/SubmissionPage/Submission_SearchIcon' is visible
	at com.kms.katalon.core.webui.keyword.internal.WebUIKeywordMain.stepFailed(WebUIKeywordMain.groovy:64)
	at com.kms.katalon.core.webui.keyword.internal.WebUIKeywordMain.runKeyword(WebUIKeywordMain.groovy:26)
	at com.kms.katalon.core.webui.keyword.builtin.VerifyElementVisibleKeyword.verifyElementVisible(VerifyElementVisibleKeyword.groovy:97)
	at com.kms.katalon.core.webui.keyword.builtin.VerifyElementVisibleKeyword.execute(VerifyElementVisibleKeyword.groovy:67)
	at com.kms.katalon.core.keyword.internal.KeywordExecutor.executeKeywordForPlatform(KeywordExecutor.groovy:73)
	at com.kms.katalon.core.webui.keyword.WebUiBuiltInKeywords.verifyElementVisible(WebUiBuiltInKeywords.groovy:373)
	at com.kms.katalon.core.webui.keyword.WebUiBuiltInKeywords$verifyElementVisible$11.call(Unknown Source)
	at CSP-T13a_1.0__As Registered User, I want to verify that i can not upload file successfully with the more than allowed size.run(CSP-T13a_1.0__As Registered User, I want to verify that i can not upload file successfully with the more than allowed size:83)
	at com.kms.katalon.core.main.ScriptEngine.run(ScriptEngine.java:194)
	at com.kms.katalon.core.main.ScriptEngine.runScriptAsRawText(ScriptEngine.java:119)
	at com.kms.katalon.core.main.TestCaseExecutor.runScript(TestCaseExecutor.java:394)
	at com.kms.katalon.core.main.TestCaseExecutor.doExecute(TestCaseExecutor.java:385)
	at com.kms.katalon.core.main.TestCaseExecutor.processExecutionPhase(TestCaseExecutor.java:364)
	at com.kms.katalon.core.main.TestCaseExecutor.accessMainPhase(TestCaseExecutor.java:356)
	at com.kms.katalon.core.main.TestCaseExecutor.execute(TestCaseExecutor.java:251)
	at com.kms.katalon.core.main.TestSuiteExecutor.accessTestCaseMainPhase(TestSuiteExecutor.java:203)
	at com.kms.katalon.core.main.TestSuiteExecutor.accessTestSuiteMainPhase(TestSuiteExecutor.java:152)
	at com.kms.katalon.core.main.TestSuiteExecutor.execute(TestSuiteExecutor.java:95)
	at com.kms.katalon.core.main.TestCaseMain.startTestSuite(TestCaseMain.java:157)
	at com.kms.katalon.core.main.TestCaseMain$startTestSuite$0.call(Unknown Source)
	at TempTestSuite1612372552149.run(TempTestSuite1612372552149.groovy:39)
Caused by: com.kms.katalon.core.exception.StepFailedException: Web element with id: 'Object Repository/SubmissionPage/Submission_SearchIcon' located by '//*[@class='img-search']' not found
	at com.kms.katalon.core.webui.keyword.internal.WebUIKeywordMain.stepFailed(WebUIKeywordMain.groovy:64)
	at com.kms.katalon.core.webui.keyword.builtin.VerifyElementVisibleKeyword$_verifyElementVisible_closure1.doCall(VerifyElementVisibleKeyword.groovy:89)
	at com.kms.katalon.core.webui.keyword.builtin.VerifyElementVisibleKeyword$_verifyElementVisible_closure1.call(VerifyElementVisibleKeyword.groovy)
	at com.kms.katalon.core.webui.keyword.internal.WebUIKeywordMain.runKeyword(WebUIKeywordMain.groovy:20)
	... 19 more
"/>
         <system-out><![CDATA[2021-02-03 23:07:58 - [TEST_CASE][FAILED] - Test Cases/TC_RigisterUser/RigisterUserTCs/CSP-T13a_1.0__As Registered User, I want to verify that i can not upload file successfully with the more than allowed size: Test Cases/TC_RigisterUser/RigisterUserTCs/CSP-T13a_1.0__As Registered User, I want to verify that i can not upload file successfully with the more than allowed size FAILED.
Reason:
com.kms.katalon.core.exception.StepFailedException: Unable to verify object 'Object Repository/SubmissionPage/Submission_SearchIcon' is visible
	at com.kms.katalon.core.webui.keyword.internal.WebUIKeywordMain.stepFailed(WebUIKeywordMain.groovy:64)
	at com.kms.katalon.core.webui.keyword.internal.WebUIKeywordMain.runKeyword(WebUIKeywordMain.groovy:26)
	at com.kms.katalon.core.webui.keyword.builtin.VerifyElementVisibleKeyword.verifyElementVisible(VerifyElementVisibleKeyword.groovy:97)
	at com.kms.katalon.core.webui.keyword.builtin.VerifyElementVisibleKeyword.execute(VerifyElementVisibleKeyword.groovy:67)
	at com.kms.katalon.core.keyword.internal.KeywordExecutor.executeKeywordForPlatform(KeywordExecutor.groovy:73)
	at com.kms.katalon.core.webui.keyword.WebUiBuiltInKeywords.verifyElementVisible(WebUiBuiltInKeywords.groovy:373)
	at com.kms.katalon.core.webui.keyword.WebUiBuiltInKeywords$verifyElementVisible$11.call(Unknown Source)
	at CSP-T13a_1.0__As Registered User, I want to verify that i can not upload file successfully with the more than allowed size.run(CSP-T13a_1.0__As Registered User, I want to verify that i can not upload file successfully with the more than allowed size:83)
	at com.kms.katalon.core.main.ScriptEngine.run(ScriptEngine.java:194)
	at com.kms.katalon.core.main.ScriptEngine.runScriptAsRawText(ScriptEngine.java:119)
	at com.kms.katalon.core.main.TestCaseExecutor.runScript(TestCaseExecutor.java:394)
	at com.kms.katalon.core.main.TestCaseExecutor.doExecute(TestCaseExecutor.java:385)
	at com.kms.katalon.core.main.TestCaseExecutor.processExecutionPhase(TestCaseExecutor.java:364)
	at com.kms.katalon.core.main.TestCaseExecutor.accessMainPhase(TestCaseExecutor.java:356)
	at com.kms.katalon.core.main.TestCaseExecutor.execute(TestCaseExecutor.java:251)
	at com.kms.katalon.core.main.TestSuiteExecutor.accessTestCaseMainPhase(TestSuiteExecutor.java:203)
	at com.kms.katalon.core.main.TestSuiteExecutor.accessTestSuiteMainPhase(TestSuiteExecutor.java:152)
	at com.kms.katalon.core.main.TestSuiteExecutor.execute(TestSuiteExecutor.java:95)
	at com.kms.katalon.core.main.TestCaseMain.startTestSuite(TestCaseMain.java:157)
	at com.kms.katalon.core.main.TestCaseMain$startTestSuite$0.call(Unknown Source)
	at TempTestSuite1612372552149.run(TempTestSuite1612372552149.groovy:39)
Caused by: com.kms.katalon.core.exception.StepFailedException: Web element with id: 'Object Repository/SubmissionPage/Submission_SearchIcon' located by '//*[@class='img-search']' not found
	at com.kms.katalon.core.webui.keyword.internal.WebUIKeywordMain.stepFailed(WebUIKeywordMain.groovy:64)
	at com.kms.katalon.core.webui.keyword.builtin.VerifyElementVisibleKeyword$_verifyElementVisible_closure1.doCall(VerifyElementVisibleKeyword.groovy:89)
	at com.kms.katalon.core.webui.keyword.builtin.VerifyElementVisibleKeyword$_verifyElementVisible_closure1.call(VerifyElementVisibleKeyword.groovy)
	at com.kms.katalon.core.webui.keyword.internal.WebUIKeywordMain.runKeyword(WebUIKeywordMain.groovy:20)
	... 19 more


2021-02-03 23:07:58 - [TEST_STEP][PASSED] - excelTestData = findTestData("Data Files/TestData/InspectTestData"): null

2021-02-03 23:07:58 - [TEST_STEP][PASSED] - obj = findTestObject("LoginAndRigisterUser/LoginLink"): null

2021-02-03 23:07:58 - [TEST_STEP][PASSED] - saveBtn = findTestObject("Object Repository/Admin_Settings/SaveBtn"): null

2021-02-03 23:07:59 - [TEST_STEP][PASSED] - customKeywords.commanFunctions.openBrowser(): customKeywords.commanFunctions.openBrowser is PASSED

2021-02-03 23:07:59 - [MESSAGE][INFO] - Starting 'Chrome' driver

2021-02-03 23:07:59 - [MESSAGE][INFO] - Action delay is set to 0 milliseconds

2021-02-03 23:08:13 - [MESSAGE][PASSED] - Browser is opened with url: 'https://Inspect.Stage.site.sa'

2021-02-03 23:08:15 - [MESSAGE][PASSED] - Current window maximized

2021-02-03 23:08:15 - [MESSAGE][PASSED] - Wait for page load successfully

2021-02-03 23:08:15 - [MESSAGE][PASSED] - customKeywords.commanFunctions.openBrowser is PASSED

2021-02-03 23:08:15 - [TEST_STEP][PASSED] - waitForElementClickable(findTestObject("LoginAndRigisterUser/LoginLink"), TimeOut): Object 'Object Repository/LoginAndRigisterUser/LoginLink' is clickable

2021-02-03 23:08:16 - [MESSAGE][PASSED] - Object 'Object Repository/LoginAndRigisterUser/LoginLink' is clickable

2021-02-03 23:08:16 - [TEST_STEP][PASSED] - customKeywords.commanFunctions.clickElementWithJS(obj): customKeywords.commanFunctions.clickElementWithJS is PASSED

2021-02-03 23:08:17 - [MESSAGE][INFO] - Clicked on element with JS

2021-02-03 23:08:17 - [MESSAGE][PASSED] - customKeywords.commanFunctions.clickElementWithJS is PASSED

2021-02-03 23:08:17 - [TEST_STEP][PASSED] - customKeywords.commanFunctions.logIntoBrowser(): customKeywords.commanFunctions.logIntoBrowser is PASSED

2021-02-03 23:08:18 - [MESSAGE][PASSED] - Keys 'admin@example.com' sent to object: 'Object Repository/LoginAndRigisterUser/UserName_Email_Input'

2021-02-03 23:08:19 - [MESSAGE][PASSED] - Keys 'Aa@12345' sent to object: 'Object Repository/LoginAndRigisterUser/Password_Input'

2021-02-03 23:08:20 - [MESSAGE][PASSED] - Delayed 1 second(s)

2021-02-03 23:08:20 - [MESSAGE][PASSED] - Object 'Object Repository/LoginAndRigisterUser/LoginBtn' is clickable

2021-02-03 23:08:20 - [MESSAGE][INFO] - Clicked on element with JS

2021-02-03 23:08:20 - [MESSAGE][PASSED] - customKeywords.commanFunctions.logIntoBrowser is PASSED

2021-02-03 23:08:20 - [TEST_STEP][PASSED] - customKeywords.commanFunctions.otpLogin(): customKeywords.commanFunctions.otpLogin is PASSED

2021-02-03 23:08:23 - [MESSAGE][PASSED] - Keys '0' sent to object: 'Object Repository/LoginAndRigisterUser/otpOne'

2021-02-03 23:08:24 - [MESSAGE][PASSED] - Keys '0' sent to object: 'Object Repository/LoginAndRigisterUser/otpTwo'

2021-02-03 23:08:25 - [MESSAGE][PASSED] - Keys '0' sent to object: 'Object Repository/LoginAndRigisterUser/otpThree'

2021-02-03 23:08:26 - [MESSAGE][PASSED] - Keys '0' sent to object: 'Object Repository/LoginAndRigisterUser/otpFour'

2021-02-03 23:08:27 - [MESSAGE][PASSED] - Keys '0' sent to object: 'Object Repository/LoginAndRigisterUser/otpFive'

2021-02-03 23:08:28 - [MESSAGE][INFO] - Clicked on element with JS

2021-02-03 23:08:28 - [MESSAGE][PASSED] - customKeywords.commanFunctions.otpLogin is PASSED

2021-02-03 23:08:28 - [TEST_STEP][PASSED] - click(findTestObject("Object Repository/AdminHomePage/Setting_Tab")): Object: 'Object Repository/AdminHomePage/Setting_Tab' is clicked on

2021-02-03 23:08:31 - [MESSAGE][PASSED] - Object: 'Object Repository/AdminHomePage/Setting_Tab' is clicked on

2021-02-03 23:08:31 - [TEST_STEP][PASSED] - click(findTestObject("Object Repository/Admin_Settings/RigisterUser")): Object: 'Object Repository/Admin_Settings/RigisterUser' is clicked on

2021-02-03 23:08:32 - [MESSAGE][PASSED] - Object: 'Object Repository/Admin_Settings/RigisterUser' is clicked on

2021-02-03 23:08:32 - [TEST_STEP][PASSED] - MaxFileSize = excelTestData.getValue(4, 59): null

2021-02-03 23:08:32 - [TEST_STEP][PASSED] - clearText(findTestObject("Object Repository/Admin_Settings/MaxFileSize_Input")): Text of object 'Object Repository/Admin_Settings/MaxFileSize_Input' is cleared

2021-02-03 23:08:32 - [MESSAGE][PASSED] - Text of object 'Object Repository/Admin_Settings/MaxFileSize_Input' is cleared

2021-02-03 23:08:32 - [TEST_STEP][PASSED] - sendKeys(findTestObject("Object Repository/Admin_Settings/MaxFileSize_Input"), MaxFileSize): Keys '31' sent to object: 'Object Repository/Admin_Settings/MaxFileSize_Input'

2021-02-03 23:08:33 - [MESSAGE][PASSED] - Keys '31' sent to object: 'Object Repository/Admin_Settings/MaxFileSize_Input'

2021-02-03 23:08:33 - [TEST_STEP][PASSED] - customKeywords.commanFunctions.clickElementWithJS(saveBtn): customKeywords.commanFunctions.clickElementWithJS is PASSED

2021-02-03 23:08:34 - [MESSAGE][INFO] - Clicked on element with JS

2021-02-03 23:08:34 - [MESSAGE][PASSED] - customKeywords.commanFunctions.clickElementWithJS is PASSED

2021-02-03 23:08:34 - [TEST_STEP][PASSED] - customKeywords.commanFunctions.logOutBrowser(): customKeywords.commanFunctions.logOutBrowser is PASSED

2021-02-03 23:08:35 - [MESSAGE][PASSED] - Object 'Object Repository/LoginAndRigisterUser/AdminDD' is clickable

2021-02-03 23:08:35 - [MESSAGE][INFO] - Clicked on element with JS

2021-02-03 23:08:36 - [MESSAGE][INFO] - Clicked on element with JS

2021-02-03 23:08:36 - [MESSAGE][PASSED] - customKeywords.commanFunctions.logOutBrowser is PASSED

2021-02-03 23:08:36 - [TEST_STEP][PASSED] - waitForElementClickable(findTestObject("LoginAndRigisterUser/LoginLink"), TimeOut): Object 'Object Repository/LoginAndRigisterUser/LoginLink' is clickable

2021-02-03 23:08:39 - [MESSAGE][PASSED] - Object 'Object Repository/LoginAndRigisterUser/LoginLink' is clickable

2021-02-03 23:08:39 - [TEST_STEP][PASSED] - customKeywords.commanFunctions.clickElementWithJS(obj): customKeywords.commanFunctions.clickElementWithJS is PASSED

2021-02-03 23:08:41 - [MESSAGE][INFO] - Clicked on element with JS

2021-02-03 23:08:41 - [MESSAGE][PASSED] - customKeywords.commanFunctions.clickElementWithJS is PASSED

2021-02-03 23:08:41 - [TEST_STEP][PASSED] - rigisterUN = excelTestData.getValue(2, 23): null

2021-02-03 23:08:41 - [TEST_STEP][PASSED] - rigisterPW = excelTestData.getValue(3, 23): null

2021-02-03 23:08:41 - [TEST_STEP][PASSED] - customKeywords.commanFunctions.logIntoBrowserWithReqCredentials(rigisterUN, rigisterPW): customKeywords.commanFunctions.logIntoBrowserWithReqCredentials is PASSED

2021-02-03 23:08:43 - [MESSAGE][PASSED] - Keys 'Os-ARahman@projects.site.sa' sent to object: 'Object Repository/LoginAndRigisterUser/UserName_Email_Input'

2021-02-03 23:08:44 - [MESSAGE][PASSED] - Keys 'Test@12345' sent to object: 'Object Repository/LoginAndRigisterUser/Password_Input'

2021-02-03 23:08:45 - [MESSAGE][PASSED] - Delayed 1 second(s)

2021-02-03 23:08:46 - [MESSAGE][PASSED] - Object 'Object Repository/LoginAndRigisterUser/LoginBtn' is clickable

2021-02-03 23:08:47 - [MESSAGE][INFO] - Clicked on element with JS

2021-02-03 23:08:47 - [MESSAGE][PASSED] - customKeywords.commanFunctions.logIntoBrowserWithReqCredentials is PASSED

2021-02-03 23:08:47 - [TEST_STEP][PASSED] - customKeywords.commanFunctions.otpLogin(): customKeywords.commanFunctions.otpLogin is PASSED

2021-02-03 23:09:00 - [MESSAGE][PASSED] - Keys '0' sent to object: 'Object Repository/LoginAndRigisterUser/otpOne'

2021-02-03 23:09:20 - [MESSAGE][PASSED] - Keys '0' sent to object: 'Object Repository/LoginAndRigisterUser/otpTwo'

2021-02-03 23:09:28 - [MESSAGE][PASSED] - Keys '0' sent to object: 'Object Repository/LoginAndRigisterUser/otpThree'

2021-02-03 23:09:32 - [MESSAGE][PASSED] - Keys '0' sent to object: 'Object Repository/LoginAndRigisterUser/otpFour'

2021-02-03 23:09:44 - [MESSAGE][PASSED] - Keys '0' sent to object: 'Object Repository/LoginAndRigisterUser/otpFive'

2021-02-03 23:09:48 - [MESSAGE][INFO] - Clicked on element with JS

2021-02-03 23:09:48 - [MESSAGE][PASSED] - customKeywords.commanFunctions.otpLogin is PASSED

2021-02-03 23:09:48 - [TEST_STEP][PASSED] - fileNameWithExten = excelTestData.getValue(2, 59): null

2021-02-03 23:09:48 - [TEST_STEP][PASSED] - existedFileName = excelTestData.getValue(3, 59): null

2021-02-03 23:09:48 - [TEST_STEP][PASSED] - customKeywords.commanFunctions.UploadReqFile(fileNameWithExten, existedFileName): customKeywords.commanFunctions.UploadReqFile is PASSED

2021-02-03 23:09:52 - [MESSAGE][PASSED] - Object: 'Object Repository/HomePage/ChooseAFile' is clicked on

2021-02-03 23:09:54 - [MESSAGE][PASSED] - Delayed 2 second(s)

2021-02-03 23:09:56 - [MESSAGE][INFO] - Image Uploaded Sucsessfully

2021-02-03 23:09:58 - [MESSAGE][PASSED] - Delayed 2 second(s)

2021-02-03 23:10:00 - [MESSAGE][PASSED] - Text '463ArticleText61MB' is present on page 

2021-02-03 23:10:00 - [MESSAGE][PASSED] - customKeywords.commanFunctions.UploadReqFile is PASSED

2021-02-03 23:10:00 - [TEST_STEP][PASSED] - click(findTestObject("Object Repository/HomePage/Window10RadioBtn")): Object: 'Object Repository/HomePage/Window10RadioBtn' is clicked on

2021-02-03 23:10:04 - [MESSAGE][PASSED] - Object: 'Object Repository/HomePage/Window10RadioBtn' is clicked on

2021-02-03 23:10:04 - [TEST_STEP][PASSED] - click(findTestObject("Object Repository/HomePage/startAnalysis_EnableBtn")): Object: 'Object Repository/HomePage/startAnalysis_EnableBtn' is clicked on

2021-02-03 23:10:08 - [MESSAGE][PASSED] - Object: 'Object Repository/HomePage/startAnalysis_EnableBtn' is clicked on

2021-02-03 23:10:08 - [TEST_STEP][FAILED] - verifyElementVisible(findTestObject("Object Repository/SubmissionPage/Submission_SearchIcon")): Unable to verify object 'Object Repository/SubmissionPage/Submission_SearchIcon' is visible (Root cause: com.kms.katalon.core.exception.StepFailedException: Unable to verify object 'Object Repository/SubmissionPage/Submission_SearchIcon' is visible
	at com.kms.katalon.core.webui.keyword.internal.WebUIKeywordMain.stepFailed(WebUIKeywordMain.groovy:64)
	at com.kms.katalon.core.webui.keyword.internal.WebUIKeywordMain.runKeyword(WebUIKeywordMain.groovy:26)
	at com.kms.katalon.core.webui.keyword.builtin.VerifyElementVisibleKeyword.verifyElementVisible(VerifyElementVisibleKeyword.groovy:97)
	at com.kms.katalon.core.webui.keyword.builtin.VerifyElementVisibleKeyword.execute(VerifyElementVisibleKeyword.groovy:67)
	at com.kms.katalon.core.keyword.internal.KeywordExecutor.executeKeywordForPlatform(KeywordExecutor.groovy:73)
	at com.kms.katalon.core.webui.keyword.WebUiBuiltInKeywords.verifyElementVisible(WebUiBuiltInKeywords.groovy:373)
	at com.kms.katalon.core.webui.keyword.WebUiBuiltInKeywords$verifyElementVisible$11.call(Unknown Source)
	at CSP-T13a_1.0__As Registered User, I want to verify that i can not upload file successfully with the more than allowed size.run(CSP-T13a_1.0__As Registered User, I want to verify that i can not upload file successfully with the more than allowed size:83)
	at com.kms.katalon.core.main.ScriptEngine.run(ScriptEngine.java:194)
	at com.kms.katalon.core.main.ScriptEngine.runScriptAsRawText(ScriptEngine.java:119)
	at com.kms.katalon.core.main.TestCaseExecutor.runScript(TestCaseExecutor.java:394)
	at com.kms.katalon.core.main.TestCaseExecutor.doExecute(TestCaseExecutor.java:385)
	at com.kms.katalon.core.main.TestCaseExecutor.processExecutionPhase(TestCaseExecutor.java:364)
	at com.kms.katalon.core.main.TestCaseExecutor.accessMainPhase(TestCaseExecutor.java:356)
	at com.kms.katalon.core.main.TestCaseExecutor.execute(TestCaseExecutor.java:251)
	at com.kms.katalon.core.main.TestSuiteExecutor.accessTestCaseMainPhase(TestSuiteExecutor.java:203)
	at com.kms.katalon.core.main.TestSuiteExecutor.accessTestSuiteMainPhase(TestSuiteExecutor.java:152)
	at com.kms.katalon.core.main.TestSuiteExecutor.execute(TestSuiteExecutor.java:95)
	at com.kms.katalon.core.main.TestCaseMain.startTestSuite(TestCaseMain.java:157)
	at com.kms.katalon.core.main.TestCaseMain$startTestSuite$0.call(Unknown Source)
	at TempTestSuite1612372552149.run(TempTestSuite1612372552149.groovy:39)
Caused by: com.kms.katalon.core.exception.StepFailedException: Web element with id: 'Object Repository/SubmissionPage/Submission_SearchIcon' located by '//*[@class='img-search']' not found
	at com.kms.katalon.core.webui.keyword.internal.WebUIKeywordMain.stepFailed(WebUIKeywordMain.groovy:64)
	at com.kms.katalon.core.webui.keyword.builtin.VerifyElementVisibleKeyword$_verifyElementVisible_closure1.doCall(VerifyElementVisibleKeyword.groovy:89)
	at com.kms.katalon.core.webui.keyword.builtin.VerifyElementVisibleKeyword$_verifyElementVisible_closure1.call(VerifyElementVisibleKeyword.groovy)
	at com.kms.katalon.core.webui.keyword.internal.WebUIKeywordMain.runKeyword(WebUIKeywordMain.groovy:20)
	... 19 more
)

2021-02-03 23:11:08 - [MESSAGE][INFO] - Unable to find the element located by 'By.xpath: //*[@class='img-search']'. Please recheck the objects properties to make sure the desired element is located. 

2021-02-03 23:11:09 - [MESSAGE][FAILED] - Web element with id: 'Object Repository/SubmissionPage/Submission_SearchIcon' located by '//*[@class='img-search']' not found (Root cause: com.kms.katalon.core.exception.StepFailedException: Web element with id: 'Object Repository/SubmissionPage/Submission_SearchIcon' located by '//*[@class='img-search']' not found
	at com.kms.katalon.core.webui.keyword.internal.WebUIKeywordMain.stepFailed(WebUIKeywordMain.groovy:64)
	at com.kms.katalon.core.webui.keyword.builtin.VerifyElementVisibleKeyword$_verifyElementVisible_closure1.doCall(VerifyElementVisibleKeyword.groovy:89)
	at com.kms.katalon.core.webui.keyword.builtin.VerifyElementVisibleKeyword$_verifyElementVisible_closure1.call(VerifyElementVisibleKeyword.groovy)
	at com.kms.katalon.core.webui.keyword.internal.WebUIKeywordMain.runKeyword(WebUIKeywordMain.groovy:20)
	at com.kms.katalon.core.webui.keyword.builtin.VerifyElementVisibleKeyword.verifyElementVisible(VerifyElementVisibleKeyword.groovy:97)
	at com.kms.katalon.core.webui.keyword.builtin.VerifyElementVisibleKeyword.execute(VerifyElementVisibleKeyword.groovy:67)
	at com.kms.katalon.core.keyword.internal.KeywordExecutor.executeKeywordForPlatform(KeywordExecutor.groovy:73)
	at com.kms.katalon.core.webui.keyword.WebUiBuiltInKeywords.verifyElementVisible(WebUiBuiltInKeywords.groovy:373)
	at com.kms.katalon.core.webui.keyword.WebUiBuiltInKeywords$verifyElementVisible$11.call(Unknown Source)
	at CSP-T13a_1.0__As Registered User, I want to verify that i can not upload file successfully with the more than allowed size.run(CSP-T13a_1.0__As Registered User, I want to verify that i can not upload file successfully with the more than allowed size:83)
	at com.kms.katalon.core.main.ScriptEngine.run(ScriptEngine.java:194)
	at com.kms.katalon.core.main.ScriptEngine.runScriptAsRawText(ScriptEngine.java:119)
	at com.kms.katalon.core.main.TestCaseExecutor.runScript(TestCaseExecutor.java:394)
	at com.kms.katalon.core.main.TestCaseExecutor.doExecute(TestCaseExecutor.java:385)
	at com.kms.katalon.core.main.TestCaseExecutor.processExecutionPhase(TestCaseExecutor.java:364)
	at com.kms.katalon.core.main.TestCaseExecutor.accessMainPhase(TestCaseExecutor.java:356)
	at com.kms.katalon.core.main.TestCaseExecutor.execute(TestCaseExecutor.java:251)
	at com.kms.katalon.core.main.TestSuiteExecutor.accessTestCaseMainPhase(TestSuiteExecutor.java:203)
	at com.kms.katalon.core.main.TestSuiteExecutor.accessTestSuiteMainPhase(TestSuiteExecutor.java:152)
	at com.kms.katalon.core.main.TestSuiteExecutor.execute(TestSuiteExecutor.java:95)
	at com.kms.katalon.core.main.TestCaseMain.startTestSuite(TestCaseMain.java:157)
	at com.kms.katalon.core.main.TestCaseMain$startTestSuite$0.call(Unknown Source)
	at TempTestSuite1612372552149.run(TempTestSuite1612372552149.groovy:39)
)
[[ATTACHMENT|C:\\Users\\araha\\Katalon Studio\\InspectAutomation\\Reports\\20210203_224552\\LogIn_RigisterUserAndForgotPwd_Module\\Suite_LogIn_RigisterUserAndForgotPwd_Module\\20210203_224552\\1612374068942.png]]

2021-02-03 23:11:09 - [MESSAGE][FAILED] - Unable to verify object 'Object Repository/SubmissionPage/Submission_SearchIcon' is visible (Root cause: com.kms.katalon.core.exception.StepFailedException: Unable to verify object 'Object Repository/SubmissionPage/Submission_SearchIcon' is visible
	at com.kms.katalon.core.webui.keyword.internal.WebUIKeywordMain.stepFailed(WebUIKeywordMain.groovy:64)
	at com.kms.katalon.core.webui.keyword.internal.WebUIKeywordMain.runKeyword(WebUIKeywordMain.groovy:26)
	at com.kms.katalon.core.webui.keyword.builtin.VerifyElementVisibleKeyword.verifyElementVisible(VerifyElementVisibleKeyword.groovy:97)
	at com.kms.katalon.core.webui.keyword.builtin.VerifyElementVisibleKeyword.execute(VerifyElementVisibleKeyword.groovy:67)
	at com.kms.katalon.core.keyword.internal.KeywordExecutor.executeKeywordForPlatform(KeywordExecutor.groovy:73)
	at com.kms.katalon.core.webui.keyword.WebUiBuiltInKeywords.verifyElementVisible(WebUiBuiltInKeywords.groovy:373)
	at com.kms.katalon.core.webui.keyword.WebUiBuiltInKeywords$verifyElementVisible$11.call(Unknown Source)
	at CSP-T13a_1.0__As Registered User, I want to verify that i can not upload file successfully with the more than allowed size.run(CSP-T13a_1.0__As Registered User, I want to verify that i can not upload file successfully with the more than allowed size:83)
	at com.kms.katalon.core.main.ScriptEngine.run(ScriptEngine.java:194)
	at com.kms.katalon.core.main.ScriptEngine.runScriptAsRawText(ScriptEngine.java:119)
	at com.kms.katalon.core.main.TestCaseExecutor.runScript(TestCaseExecutor.java:394)
	at com.kms.katalon.core.main.TestCaseExecutor.doExecute(TestCaseExecutor.java:385)
	at com.kms.katalon.core.main.TestCaseExecutor.processExecutionPhase(TestCaseExecutor.java:364)
	at com.kms.katalon.core.main.TestCaseExecutor.accessMainPhase(TestCaseExecutor.java:356)
	at com.kms.katalon.core.main.TestCaseExecutor.execute(TestCaseExecutor.java:251)
	at com.kms.katalon.core.main.TestSuiteExecutor.accessTestCaseMainPhase(TestSuiteExecutor.java:203)
	at com.kms.katalon.core.main.TestSuiteExecutor.accessTestSuiteMainPhase(TestSuiteExecutor.java:152)
	at com.kms.katalon.core.main.TestSuiteExecutor.execute(TestSuiteExecutor.java:95)
	at com.kms.katalon.core.main.TestCaseMain.startTestSuite(TestCaseMain.java:157)
	at com.kms.katalon.core.main.TestCaseMain$startTestSuite$0.call(Unknown Source)
	at TempTestSuite1612372552149.run(TempTestSuite1612372552149.groovy:39)
Caused by: com.kms.katalon.core.exception.StepFailedException: Web element with id: 'Object Repository/SubmissionPage/Submission_SearchIcon' located by '//*[@class='img-search']' not found
	at com.kms.katalon.core.webui.keyword.internal.WebUIKeywordMain.stepFailed(WebUIKeywordMain.groovy:64)
	at com.kms.katalon.core.webui.keyword.builtin.VerifyElementVisibleKeyword$_verifyElementVisible_closure1.doCall(VerifyElementVisibleKeyword.groovy:89)
	at com.kms.katalon.core.webui.keyword.builtin.VerifyElementVisibleKeyword$_verifyElementVisible_closure1.call(VerifyElementVisibleKeyword.groovy)
	at com.kms.katalon.core.webui.keyword.internal.WebUIKeywordMain.runKeyword(WebUIKeywordMain.groovy:20)
	... 19 more
)
[[ATTACHMENT|C:\\Users\\araha\\Katalon Studio\\InspectAutomation\\Reports\\20210203_224552\\LogIn_RigisterUserAndForgotPwd_Module\\Suite_LogIn_RigisterUserAndForgotPwd_Module\\20210203_224552\\1612374069424.png]]]]></system-out>
         <system-err><![CDATA[2021-02-03 23:07:58 - [TEST_CASE][FAILED] - Test Cases/TC_RigisterUser/RigisterUserTCs/CSP-T13a_1.0__As Registered User, I want to verify that i can not upload file successfully with the more than allowed size: Test Cases/TC_RigisterUser/RigisterUserTCs/CSP-T13a_1.0__As Registered User, I want to verify that i can not upload file successfully with the more than allowed size FAILED.
Reason:
com.kms.katalon.core.exception.StepFailedException: Unable to verify object 'Object Repository/SubmissionPage/Submission_SearchIcon' is visible
	at com.kms.katalon.core.webui.keyword.internal.WebUIKeywordMain.stepFailed(WebUIKeywordMain.groovy:64)
	at com.kms.katalon.core.webui.keyword.internal.WebUIKeywordMain.runKeyword(WebUIKeywordMain.groovy:26)
	at com.kms.katalon.core.webui.keyword.builtin.VerifyElementVisibleKeyword.verifyElementVisible(VerifyElementVisibleKeyword.groovy:97)
	at com.kms.katalon.core.webui.keyword.builtin.VerifyElementVisibleKeyword.execute(VerifyElementVisibleKeyword.groovy:67)
	at com.kms.katalon.core.keyword.internal.KeywordExecutor.executeKeywordForPlatform(KeywordExecutor.groovy:73)
	at com.kms.katalon.core.webui.keyword.WebUiBuiltInKeywords.verifyElementVisible(WebUiBuiltInKeywords.groovy:373)
	at com.kms.katalon.core.webui.keyword.WebUiBuiltInKeywords$verifyElementVisible$11.call(Unknown Source)
	at CSP-T13a_1.0__As Registered User, I want to verify that i can not upload file successfully with the more than allowed size.run(CSP-T13a_1.0__As Registered User, I want to verify that i can not upload file successfully with the more than allowed size:83)
	at com.kms.katalon.core.main.ScriptEngine.run(ScriptEngine.java:194)
	at com.kms.katalon.core.main.ScriptEngine.runScriptAsRawText(ScriptEngine.java:119)
	at com.kms.katalon.core.main.TestCaseExecutor.runScript(TestCaseExecutor.java:394)
	at com.kms.katalon.core.main.TestCaseExecutor.doExecute(TestCaseExecutor.java:385)
	at com.kms.katalon.core.main.TestCaseExecutor.processExecutionPhase(TestCaseExecutor.java:364)
	at com.kms.katalon.core.main.TestCaseExecutor.accessMainPhase(TestCaseExecutor.java:356)
	at com.kms.katalon.core.main.TestCaseExecutor.execute(TestCaseExecutor.java:251)
	at com.kms.katalon.core.main.TestSuiteExecutor.accessTestCaseMainPhase(TestSuiteExecutor.java:203)
	at com.kms.katalon.core.main.TestSuiteExecutor.accessTestSuiteMainPhase(TestSuiteExecutor.java:152)
	at com.kms.katalon.core.main.TestSuiteExecutor.execute(TestSuiteExecutor.java:95)
	at com.kms.katalon.core.main.TestCaseMain.startTestSuite(TestCaseMain.java:157)
	at com.kms.katalon.core.main.TestCaseMain$startTestSuite$0.call(Unknown Source)
	at TempTestSuite1612372552149.run(TempTestSuite1612372552149.groovy:39)
Caused by: com.kms.katalon.core.exception.StepFailedException: Web element with id: 'Object Repository/SubmissionPage/Submission_SearchIcon' located by '//*[@class='img-search']' not found
	at com.kms.katalon.core.webui.keyword.internal.WebUIKeywordMain.stepFailed(WebUIKeywordMain.groovy:64)
	at com.kms.katalon.core.webui.keyword.builtin.VerifyElementVisibleKeyword$_verifyElementVisible_closure1.doCall(VerifyElementVisibleKeyword.groovy:89)
	at com.kms.katalon.core.webui.keyword.builtin.VerifyElementVisibleKeyword$_verifyElementVisible_closure1.call(VerifyElementVisibleKeyword.groovy)
	at com.kms.katalon.core.webui.keyword.internal.WebUIKeywordMain.runKeyword(WebUIKeywordMain.groovy:20)
	... 19 more]]></system-err>
      </testcase>
      <testcase name="Test Cases/TC_RigisterUser/RigisterUserTCs/CSP-T13_1.0_As Registered User, I want to verify that i can upload file successfully with the maximum allowed size" time="190.93" classname="Test Cases/TC_RigisterUser/RigisterUserTCs/CSP-T13_1.0_As Registered User, I want to verify that i can upload file successfully with the maximum allowed size" status="FAILED">
         <failure type="FAILED" message="Test Cases/TC_RigisterUser/RigisterUserTCs/CSP-T13_1.0_As Registered User, I want to verify that i can upload file successfully with the maximum allowed size FAILED.
Reason:
com.kms.katalon.core.exception.StepFailedException: Unable to verify object 'Object Repository/SubmissionPage/Submission_SearchIcon' is visible
	at com.kms.katalon.core.webui.keyword.internal.WebUIKeywordMain.stepFailed(WebUIKeywordMain.groovy:64)
	at com.kms.katalon.core.webui.keyword.internal.WebUIKeywordMain.runKeyword(WebUIKeywordMain.groovy:26)
	at com.kms.katalon.core.webui.keyword.builtin.VerifyElementVisibleKeyword.verifyElementVisible(VerifyElementVisibleKeyword.groovy:97)
	at com.kms.katalon.core.webui.keyword.builtin.VerifyElementVisibleKeyword.execute(VerifyElementVisibleKeyword.groovy:67)
	at com.kms.katalon.core.keyword.internal.KeywordExecutor.executeKeywordForPlatform(KeywordExecutor.groovy:73)
	at com.kms.katalon.core.webui.keyword.WebUiBuiltInKeywords.verifyElementVisible(WebUiBuiltInKeywords.groovy:373)
	at com.kms.katalon.core.webui.keyword.WebUiBuiltInKeywords$verifyElementVisible$11.call(Unknown Source)
	at CSP-T13_1.0_As Registered User, I want to verify that i can upload file successfully with the maximum allowed size.run(CSP-T13_1.0_As Registered User, I want to verify that i can upload file successfully with the maximum allowed size:78)
	at com.kms.katalon.core.main.ScriptEngine.run(ScriptEngine.java:194)
	at com.kms.katalon.core.main.ScriptEngine.runScriptAsRawText(ScriptEngine.java:119)
	at com.kms.katalon.core.main.TestCaseExecutor.runScript(TestCaseExecutor.java:394)
	at com.kms.katalon.core.main.TestCaseExecutor.doExecute(TestCaseExecutor.java:385)
	at com.kms.katalon.core.main.TestCaseExecutor.processExecutionPhase(TestCaseExecutor.java:364)
	at com.kms.katalon.core.main.TestCaseExecutor.accessMainPhase(TestCaseExecutor.java:356)
	at com.kms.katalon.core.main.TestCaseExecutor.execute(TestCaseExecutor.java:251)
	at com.kms.katalon.core.main.TestSuiteExecutor.accessTestCaseMainPhase(TestSuiteExecutor.java:203)
	at com.kms.katalon.core.main.TestSuiteExecutor.accessTestSuiteMainPhase(TestSuiteExecutor.java:152)
	at com.kms.katalon.core.main.TestSuiteExecutor.execute(TestSuiteExecutor.java:95)
	at com.kms.katalon.core.main.TestCaseMain.startTestSuite(TestCaseMain.java:157)
	at com.kms.katalon.core.main.TestCaseMain$startTestSuite$0.call(Unknown Source)
	at TempTestSuite1612372552149.run(TempTestSuite1612372552149.groovy:39)
Caused by: com.kms.katalon.core.exception.StepFailedException: Web element with id: 'Object Repository/SubmissionPage/Submission_SearchIcon' located by '//*[@class='img-search']' not found
	at com.kms.katalon.core.webui.keyword.internal.WebUIKeywordMain.stepFailed(WebUIKeywordMain.groovy:64)
	at com.kms.katalon.core.webui.keyword.builtin.VerifyElementVisibleKeyword$_verifyElementVisible_closure1.doCall(VerifyElementVisibleKeyword.groovy:89)
	at com.kms.katalon.core.webui.keyword.builtin.VerifyElementVisibleKeyword$_verifyElementVisible_closure1.call(VerifyElementVisibleKeyword.groovy)
	at com.kms.katalon.core.webui.keyword.internal.WebUIKeywordMain.runKeyword(WebUIKeywordMain.groovy:20)
	... 19 more
"/>
         <system-out><![CDATA[2021-02-03 23:11:09 - [TEST_CASE][FAILED] - Test Cases/TC_RigisterUser/RigisterUserTCs/CSP-T13_1.0_As Registered User, I want to verify that i can upload file successfully with the maximum allowed size: Test Cases/TC_RigisterUser/RigisterUserTCs/CSP-T13_1.0_As Registered User, I want to verify that i can upload file successfully with the maximum allowed size FAILED.
Reason:
com.kms.katalon.core.exception.StepFailedException: Unable to verify object 'Object Repository/SubmissionPage/Submission_SearchIcon' is visible
	at com.kms.katalon.core.webui.keyword.internal.WebUIKeywordMain.stepFailed(WebUIKeywordMain.groovy:64)
	at com.kms.katalon.core.webui.keyword.internal.WebUIKeywordMain.runKeyword(WebUIKeywordMain.groovy:26)
	at com.kms.katalon.core.webui.keyword.builtin.VerifyElementVisibleKeyword.verifyElementVisible(VerifyElementVisibleKeyword.groovy:97)
	at com.kms.katalon.core.webui.keyword.builtin.VerifyElementVisibleKeyword.execute(VerifyElementVisibleKeyword.groovy:67)
	at com.kms.katalon.core.keyword.internal.KeywordExecutor.executeKeywordForPlatform(KeywordExecutor.groovy:73)
	at com.kms.katalon.core.webui.keyword.WebUiBuiltInKeywords.verifyElementVisible(WebUiBuiltInKeywords.groovy:373)
	at com.kms.katalon.core.webui.keyword.WebUiBuiltInKeywords$verifyElementVisible$11.call(Unknown Source)
	at CSP-T13_1.0_As Registered User, I want to verify that i can upload file successfully with the maximum allowed size.run(CSP-T13_1.0_As Registered User, I want to verify that i can upload file successfully with the maximum allowed size:78)
	at com.kms.katalon.core.main.ScriptEngine.run(ScriptEngine.java:194)
	at com.kms.katalon.core.main.ScriptEngine.runScriptAsRawText(ScriptEngine.java:119)
	at com.kms.katalon.core.main.TestCaseExecutor.runScript(TestCaseExecutor.java:394)
	at com.kms.katalon.core.main.TestCaseExecutor.doExecute(TestCaseExecutor.java:385)
	at com.kms.katalon.core.main.TestCaseExecutor.processExecutionPhase(TestCaseExecutor.java:364)
	at com.kms.katalon.core.main.TestCaseExecutor.accessMainPhase(TestCaseExecutor.java:356)
	at com.kms.katalon.core.main.TestCaseExecutor.execute(TestCaseExecutor.java:251)
	at com.kms.katalon.core.main.TestSuiteExecutor.accessTestCaseMainPhase(TestSuiteExecutor.java:203)
	at com.kms.katalon.core.main.TestSuiteExecutor.accessTestSuiteMainPhase(TestSuiteExecutor.java:152)
	at com.kms.katalon.core.main.TestSuiteExecutor.execute(TestSuiteExecutor.java:95)
	at com.kms.katalon.core.main.TestCaseMain.startTestSuite(TestCaseMain.java:157)
	at com.kms.katalon.core.main.TestCaseMain$startTestSuite$0.call(Unknown Source)
	at TempTestSuite1612372552149.run(TempTestSuite1612372552149.groovy:39)
Caused by: com.kms.katalon.core.exception.StepFailedException: Web element with id: 'Object Repository/SubmissionPage/Submission_SearchIcon' located by '//*[@class='img-search']' not found
	at com.kms.katalon.core.webui.keyword.internal.WebUIKeywordMain.stepFailed(WebUIKeywordMain.groovy:64)
	at com.kms.katalon.core.webui.keyword.builtin.VerifyElementVisibleKeyword$_verifyElementVisible_closure1.doCall(VerifyElementVisibleKeyword.groovy:89)
	at com.kms.katalon.core.webui.keyword.builtin.VerifyElementVisibleKeyword$_verifyElementVisible_closure1.call(VerifyElementVisibleKeyword.groovy)
	at com.kms.katalon.core.webui.keyword.internal.WebUIKeywordMain.runKeyword(WebUIKeywordMain.groovy:20)
	... 19 more


2021-02-03 23:11:10 - [TEST_STEP][PASSED] - excelTestData = findTestData("Data Files/TestData/InspectTestData"): null

2021-02-03 23:11:10 - [TEST_STEP][PASSED] - obj = findTestObject("LoginAndRigisterUser/LoginLink"): null

2021-02-03 23:11:10 - [TEST_STEP][PASSED] - saveBtn = findTestObject("Object Repository/Admin_Settings/SaveBtn"): null

2021-02-03 23:11:10 - [TEST_STEP][PASSED] - customKeywords.commanFunctions.openBrowser(): customKeywords.commanFunctions.openBrowser is PASSED

2021-02-03 23:11:11 - [MESSAGE][WARNING] - A browser is already opened. Closing browser and opening a new one

2021-02-03 23:11:12 - [MESSAGE][INFO] - Starting 'Chrome' driver

2021-02-03 23:11:12 - [MESSAGE][INFO] - Action delay is set to 0 milliseconds

2021-02-03 23:11:27 - [MESSAGE][PASSED] - Browser is opened with url: 'https://Inspect.Stage.site.sa'

2021-02-03 23:11:29 - [MESSAGE][PASSED] - Current window maximized

2021-02-03 23:11:29 - [MESSAGE][PASSED] - Wait for page load successfully

2021-02-03 23:11:29 - [MESSAGE][PASSED] - customKeywords.commanFunctions.openBrowser is PASSED

2021-02-03 23:11:29 - [TEST_STEP][PASSED] - waitForElementClickable(findTestObject("LoginAndRigisterUser/LoginLink"), TimeOut): Object 'Object Repository/LoginAndRigisterUser/LoginLink' is clickable

2021-02-03 23:11:30 - [MESSAGE][PASSED] - Object 'Object Repository/LoginAndRigisterUser/LoginLink' is clickable

2021-02-03 23:11:30 - [TEST_STEP][PASSED] - customKeywords.commanFunctions.clickElementWithJS(obj): customKeywords.commanFunctions.clickElementWithJS is PASSED

2021-02-03 23:11:31 - [MESSAGE][INFO] - Clicked on element with JS

2021-02-03 23:11:31 - [MESSAGE][PASSED] - customKeywords.commanFunctions.clickElementWithJS is PASSED

2021-02-03 23:11:31 - [TEST_STEP][PASSED] - customKeywords.commanFunctions.logIntoBrowser(): customKeywords.commanFunctions.logIntoBrowser is PASSED

2021-02-03 23:11:32 - [MESSAGE][PASSED] - Keys 'admin@example.com' sent to object: 'Object Repository/LoginAndRigisterUser/UserName_Email_Input'

2021-02-03 23:11:33 - [MESSAGE][PASSED] - Keys 'Aa@12345' sent to object: 'Object Repository/LoginAndRigisterUser/Password_Input'

2021-02-03 23:11:34 - [MESSAGE][PASSED] - Delayed 1 second(s)

2021-02-03 23:11:34 - [MESSAGE][PASSED] - Object 'Object Repository/LoginAndRigisterUser/LoginBtn' is clickable

2021-02-03 23:11:34 - [MESSAGE][INFO] - Clicked on element with JS

2021-02-03 23:11:34 - [MESSAGE][PASSED] - customKeywords.commanFunctions.logIntoBrowser is PASSED

2021-02-03 23:11:34 - [TEST_STEP][PASSED] - customKeywords.commanFunctions.otpLogin(): customKeywords.commanFunctions.otpLogin is PASSED

2021-02-03 23:11:37 - [MESSAGE][PASSED] - Keys '0' sent to object: 'Object Repository/LoginAndRigisterUser/otpOne'

2021-02-03 23:11:38 - [MESSAGE][PASSED] - Keys '0' sent to object: 'Object Repository/LoginAndRigisterUser/otpTwo'

2021-02-03 23:11:39 - [MESSAGE][PASSED] - Keys '0' sent to object: 'Object Repository/LoginAndRigisterUser/otpThree'

2021-02-03 23:11:40 - [MESSAGE][PASSED] - Keys '0' sent to object: 'Object Repository/LoginAndRigisterUser/otpFour'

2021-02-03 23:11:41 - [MESSAGE][PASSED] - Keys '0' sent to object: 'Object Repository/LoginAndRigisterUser/otpFive'

2021-02-03 23:11:42 - [MESSAGE][INFO] - Clicked on element with JS

2021-02-03 23:11:42 - [MESSAGE][PASSED] - customKeywords.commanFunctions.otpLogin is PASSED

2021-02-03 23:11:42 - [TEST_STEP][PASSED] - click(findTestObject("Object Repository/AdminHomePage/Setting_Tab")): Object: 'Object Repository/AdminHomePage/Setting_Tab' is clicked on

2021-02-03 23:11:45 - [MESSAGE][PASSED] - Object: 'Object Repository/AdminHomePage/Setting_Tab' is clicked on

2021-02-03 23:11:45 - [TEST_STEP][PASSED] - click(findTestObject("Object Repository/Admin_Settings/RigisterUser")): Object: 'Object Repository/Admin_Settings/RigisterUser' is clicked on

2021-02-03 23:11:46 - [MESSAGE][PASSED] - Object: 'Object Repository/Admin_Settings/RigisterUser' is clicked on

2021-02-03 23:11:46 - [TEST_STEP][PASSED] - MaxFileSize = excelTestData.getValue(4, 26): null

2021-02-03 23:11:46 - [TEST_STEP][PASSED] - clearText(findTestObject("Object Repository/Admin_Settings/MaxFileSize_Input")): Text of object 'Object Repository/Admin_Settings/MaxFileSize_Input' is cleared

2021-02-03 23:11:47 - [MESSAGE][PASSED] - Text of object 'Object Repository/Admin_Settings/MaxFileSize_Input' is cleared

2021-02-03 23:11:47 - [TEST_STEP][PASSED] - sendKeys(findTestObject("Object Repository/Admin_Settings/MaxFileSize_Input"), MaxFileSize): Keys '31' sent to object: 'Object Repository/Admin_Settings/MaxFileSize_Input'

2021-02-03 23:11:48 - [MESSAGE][PASSED] - Keys '31' sent to object: 'Object Repository/Admin_Settings/MaxFileSize_Input'

2021-02-03 23:11:48 - [TEST_STEP][PASSED] - customKeywords.commanFunctions.clickElementWithJS(saveBtn): customKeywords.commanFunctions.clickElementWithJS is PASSED

2021-02-03 23:11:49 - [MESSAGE][INFO] - Clicked on element with JS

2021-02-03 23:11:49 - [MESSAGE][PASSED] - customKeywords.commanFunctions.clickElementWithJS is PASSED

2021-02-03 23:11:49 - [TEST_STEP][PASSED] - customKeywords.commanFunctions.logOutBrowser(): customKeywords.commanFunctions.logOutBrowser is PASSED

2021-02-03 23:11:50 - [MESSAGE][PASSED] - Object 'Object Repository/LoginAndRigisterUser/AdminDD' is clickable

2021-02-03 23:11:50 - [MESSAGE][INFO] - Clicked on element with JS

2021-02-03 23:11:51 - [MESSAGE][INFO] - Clicked on element with JS

2021-02-03 23:11:51 - [MESSAGE][PASSED] - customKeywords.commanFunctions.logOutBrowser is PASSED

2021-02-03 23:11:51 - [TEST_STEP][PASSED] - waitForElementClickable(findTestObject("LoginAndRigisterUser/LoginLink"), TimeOut): Object 'Object Repository/LoginAndRigisterUser/LoginLink' is clickable

2021-02-03 23:11:53 - [MESSAGE][PASSED] - Object 'Object Repository/LoginAndRigisterUser/LoginLink' is clickable

2021-02-03 23:11:53 - [TEST_STEP][PASSED] - customKeywords.commanFunctions.clickElementWithJS(obj): customKeywords.commanFunctions.clickElementWithJS is PASSED

2021-02-03 23:11:56 - [MESSAGE][INFO] - Clicked on element with JS

2021-02-03 23:11:56 - [MESSAGE][PASSED] - customKeywords.commanFunctions.clickElementWithJS is PASSED

2021-02-03 23:11:56 - [TEST_STEP][PASSED] - rigisterUN = excelTestData.getValue(2, 23): null

2021-02-03 23:11:56 - [TEST_STEP][PASSED] - rigisterPW = excelTestData.getValue(3, 23): null

2021-02-03 23:11:56 - [TEST_STEP][PASSED] - customKeywords.commanFunctions.logIntoBrowserWithReqCredentials(rigisterUN, rigisterPW): customKeywords.commanFunctions.logIntoBrowserWithReqCredentials is PASSED

2021-02-03 23:11:57 - [MESSAGE][PASSED] - Keys 'Os-ARahman@projects.site.sa' sent to object: 'Object Repository/LoginAndRigisterUser/UserName_Email_Input'

2021-02-03 23:12:00 - [MESSAGE][PASSED] - Keys 'Test@12345' sent to object: 'Object Repository/LoginAndRigisterUser/Password_Input'

2021-02-03 23:12:01 - [MESSAGE][PASSED] - Delayed 1 second(s)

2021-02-03 23:12:04 - [MESSAGE][PASSED] - Object 'Object Repository/LoginAndRigisterUser/LoginBtn' is clickable

2021-02-03 23:12:05 - [MESSAGE][INFO] - Clicked on element with JS

2021-02-03 23:12:05 - [MESSAGE][PASSED] - customKeywords.commanFunctions.logIntoBrowserWithReqCredentials is PASSED

2021-02-03 23:12:05 - [TEST_STEP][PASSED] - customKeywords.commanFunctions.otpLogin(): customKeywords.commanFunctions.otpLogin is PASSED

2021-02-03 23:12:09 - [MESSAGE][PASSED] - Keys '0' sent to object: 'Object Repository/LoginAndRigisterUser/otpOne'

2021-02-03 23:12:13 - [MESSAGE][PASSED] - Keys '0' sent to object: 'Object Repository/LoginAndRigisterUser/otpTwo'

2021-02-03 23:12:17 - [MESSAGE][PASSED] - Keys '0' sent to object: 'Object Repository/LoginAndRigisterUser/otpThree'

2021-02-03 23:12:21 - [MESSAGE][PASSED] - Keys '0' sent to object: 'Object Repository/LoginAndRigisterUser/otpFour'

2021-02-03 23:12:25 - [MESSAGE][PASSED] - Keys '0' sent to object: 'Object Repository/LoginAndRigisterUser/otpFive'

2021-02-03 23:12:29 - [MESSAGE][INFO] - Clicked on element with JS

2021-02-03 23:12:29 - [MESSAGE][PASSED] - customKeywords.commanFunctions.otpLogin is PASSED

2021-02-03 23:12:29 - [TEST_STEP][PASSED] - fileNameWithExten = excelTestData.getValue(2, 26): null

2021-02-03 23:12:29 - [TEST_STEP][PASSED] - existedFileName = excelTestData.getValue(3, 26): null

2021-02-03 23:12:29 - [TEST_STEP][PASSED] - customKeywords.commanFunctions.UploadReqFile(fileNameWithExten, existedFileName): customKeywords.commanFunctions.UploadReqFile is PASSED

2021-02-03 23:12:33 - [MESSAGE][PASSED] - Object: 'Object Repository/HomePage/ChooseAFile' is clicked on

2021-02-03 23:12:35 - [MESSAGE][PASSED] - Delayed 2 second(s)

2021-02-03 23:12:37 - [MESSAGE][INFO] - Image Uploaded Sucsessfully

2021-02-03 23:12:39 - [MESSAGE][PASSED] - Delayed 2 second(s)

2021-02-03 23:12:41 - [MESSAGE][PASSED] - Text '408ArticleText' is present on page 

2021-02-03 23:12:41 - [MESSAGE][PASSED] - customKeywords.commanFunctions.UploadReqFile is PASSED

2021-02-03 23:12:41 - [TEST_STEP][PASSED] - click(findTestObject("Object Repository/HomePage/Window10RadioBtn")): Object: 'Object Repository/HomePage/Window10RadioBtn' is clicked on

2021-02-03 23:12:45 - [MESSAGE][PASSED] - Object: 'Object Repository/HomePage/Window10RadioBtn' is clicked on

2021-02-03 23:12:45 - [TEST_STEP][PASSED] - click(findTestObject("Object Repository/HomePage/startAnalysis_EnableBtn")): Object: 'Object Repository/HomePage/startAnalysis_EnableBtn' is clicked on

2021-02-03 23:12:49 - [MESSAGE][PASSED] - Object: 'Object Repository/HomePage/startAnalysis_EnableBtn' is clicked on

2021-02-03 23:12:49 - [TEST_STEP][PASSED] - waitForElementVisible(findTestObject("Object Repository/SubmissionPage/Submission_SearchIcon"), TimeOut): Web element with id: 'Object Repository/SubmissionPage/Submission_SearchIcon' located by '//*[@class='img-search']' not found

2021-02-03 23:13:19 - [MESSAGE][INFO] - Unable to find the element located by 'By.xpath: //*[@class='img-search']'. Please recheck the objects properties to make sure the desired element is located. 

2021-02-03 23:13:19 - [MESSAGE][WARNING] - Web element with id: 'Object Repository/SubmissionPage/Submission_SearchIcon' located by '//*[@class='img-search']' not found

2021-02-03 23:13:19 - [TEST_STEP][FAILED] - verifyElementVisible(findTestObject("Object Repository/SubmissionPage/Submission_SearchIcon")): Unable to verify object 'Object Repository/SubmissionPage/Submission_SearchIcon' is visible (Root cause: com.kms.katalon.core.exception.StepFailedException: Unable to verify object 'Object Repository/SubmissionPage/Submission_SearchIcon' is visible
	at com.kms.katalon.core.webui.keyword.internal.WebUIKeywordMain.stepFailed(WebUIKeywordMain.groovy:64)
	at com.kms.katalon.core.webui.keyword.internal.WebUIKeywordMain.runKeyword(WebUIKeywordMain.groovy:26)
	at com.kms.katalon.core.webui.keyword.builtin.VerifyElementVisibleKeyword.verifyElementVisible(VerifyElementVisibleKeyword.groovy:97)
	at com.kms.katalon.core.webui.keyword.builtin.VerifyElementVisibleKeyword.execute(VerifyElementVisibleKeyword.groovy:67)
	at com.kms.katalon.core.keyword.internal.KeywordExecutor.executeKeywordForPlatform(KeywordExecutor.groovy:73)
	at com.kms.katalon.core.webui.keyword.WebUiBuiltInKeywords.verifyElementVisible(WebUiBuiltInKeywords.groovy:373)
	at com.kms.katalon.core.webui.keyword.WebUiBuiltInKeywords$verifyElementVisible$11.call(Unknown Source)
	at CSP-T13_1.0_As Registered User, I want to verify that i can upload file successfully with the maximum allowed size.run(CSP-T13_1.0_As Registered User, I want to verify that i can upload file successfully with the maximum allowed size:78)
	at com.kms.katalon.core.main.ScriptEngine.run(ScriptEngine.java:194)
	at com.kms.katalon.core.main.ScriptEngine.runScriptAsRawText(ScriptEngine.java:119)
	at com.kms.katalon.core.main.TestCaseExecutor.runScript(TestCaseExecutor.java:394)
	at com.kms.katalon.core.main.TestCaseExecutor.doExecute(TestCaseExecutor.java:385)
	at com.kms.katalon.core.main.TestCaseExecutor.processExecutionPhase(TestCaseExecutor.java:364)
	at com.kms.katalon.core.main.TestCaseExecutor.accessMainPhase(TestCaseExecutor.java:356)
	at com.kms.katalon.core.main.TestCaseExecutor.execute(TestCaseExecutor.java:251)
	at com.kms.katalon.core.main.TestSuiteExecutor.accessTestCaseMainPhase(TestSuiteExecutor.java:203)
	at com.kms.katalon.core.main.TestSuiteExecutor.accessTestSuiteMainPhase(TestSuiteExecutor.java:152)
	at com.kms.katalon.core.main.TestSuiteExecutor.execute(TestSuiteExecutor.java:95)
	at com.kms.katalon.core.main.TestCaseMain.startTestSuite(TestCaseMain.java:157)
	at com.kms.katalon.core.main.TestCaseMain$startTestSuite$0.call(Unknown Source)
	at TempTestSuite1612372552149.run(TempTestSuite1612372552149.groovy:39)
Caused by: com.kms.katalon.core.exception.StepFailedException: Web element with id: 'Object Repository/SubmissionPage/Submission_SearchIcon' located by '//*[@class='img-search']' not found
	at com.kms.katalon.core.webui.keyword.internal.WebUIKeywordMain.stepFailed(WebUIKeywordMain.groovy:64)
	at com.kms.katalon.core.webui.keyword.builtin.VerifyElementVisibleKeyword$_verifyElementVisible_closure1.doCall(VerifyElementVisibleKeyword.groovy:89)
	at com.kms.katalon.core.webui.keyword.builtin.VerifyElementVisibleKeyword$_verifyElementVisible_closure1.call(VerifyElementVisibleKeyword.groovy)
	at com.kms.katalon.core.webui.keyword.internal.WebUIKeywordMain.runKeyword(WebUIKeywordMain.groovy:20)
	... 19 more
)

2021-02-03 23:14:19 - [MESSAGE][INFO] - Unable to find the element located by 'By.xpath: //*[@class='img-search']'. Please recheck the objects properties to make sure the desired element is located. 

2021-02-03 23:14:20 - [MESSAGE][FAILED] - Web element with id: 'Object Repository/SubmissionPage/Submission_SearchIcon' located by '//*[@class='img-search']' not found (Root cause: com.kms.katalon.core.exception.StepFailedException: Web element with id: 'Object Repository/SubmissionPage/Submission_SearchIcon' located by '//*[@class='img-search']' not found
	at com.kms.katalon.core.webui.keyword.internal.WebUIKeywordMain.stepFailed(WebUIKeywordMain.groovy:64)
	at com.kms.katalon.core.webui.keyword.builtin.VerifyElementVisibleKeyword$_verifyElementVisible_closure1.doCall(VerifyElementVisibleKeyword.groovy:89)
	at com.kms.katalon.core.webui.keyword.builtin.VerifyElementVisibleKeyword$_verifyElementVisible_closure1.call(VerifyElementVisibleKeyword.groovy)
	at com.kms.katalon.core.webui.keyword.internal.WebUIKeywordMain.runKeyword(WebUIKeywordMain.groovy:20)
	at com.kms.katalon.core.webui.keyword.builtin.VerifyElementVisibleKeyword.verifyElementVisible(VerifyElementVisibleKeyword.groovy:97)
	at com.kms.katalon.core.webui.keyword.builtin.VerifyElementVisibleKeyword.execute(VerifyElementVisibleKeyword.groovy:67)
	at com.kms.katalon.core.keyword.internal.KeywordExecutor.executeKeywordForPlatform(KeywordExecutor.groovy:73)
	at com.kms.katalon.core.webui.keyword.WebUiBuiltInKeywords.verifyElementVisible(WebUiBuiltInKeywords.groovy:373)
	at com.kms.katalon.core.webui.keyword.WebUiBuiltInKeywords$verifyElementVisible$11.call(Unknown Source)
	at CSP-T13_1.0_As Registered User, I want to verify that i can upload file successfully with the maximum allowed size.run(CSP-T13_1.0_As Registered User, I want to verify that i can upload file successfully with the maximum allowed size:78)
	at com.kms.katalon.core.main.ScriptEngine.run(ScriptEngine.java:194)
	at com.kms.katalon.core.main.ScriptEngine.runScriptAsRawText(ScriptEngine.java:119)
	at com.kms.katalon.core.main.TestCaseExecutor.runScript(TestCaseExecutor.java:394)
	at com.kms.katalon.core.main.TestCaseExecutor.doExecute(TestCaseExecutor.java:385)
	at com.kms.katalon.core.main.TestCaseExecutor.processExecutionPhase(TestCaseExecutor.java:364)
	at com.kms.katalon.core.main.TestCaseExecutor.accessMainPhase(TestCaseExecutor.java:356)
	at com.kms.katalon.core.main.TestCaseExecutor.execute(TestCaseExecutor.java:251)
	at com.kms.katalon.core.main.TestSuiteExecutor.accessTestCaseMainPhase(TestSuiteExecutor.java:203)
	at com.kms.katalon.core.main.TestSuiteExecutor.accessTestSuiteMainPhase(TestSuiteExecutor.java:152)
	at com.kms.katalon.core.main.TestSuiteExecutor.execute(TestSuiteExecutor.java:95)
	at com.kms.katalon.core.main.TestCaseMain.startTestSuite(TestCaseMain.java:157)
	at com.kms.katalon.core.main.TestCaseMain$startTestSuite$0.call(Unknown Source)
	at TempTestSuite1612372552149.run(TempTestSuite1612372552149.groovy:39)
)
[[ATTACHMENT|C:\\Users\\araha\\Katalon Studio\\InspectAutomation\\Reports\\20210203_224552\\LogIn_RigisterUserAndForgotPwd_Module\\Suite_LogIn_RigisterUserAndForgotPwd_Module\\20210203_224552\\1612374259799.png]]

2021-02-03 23:14:20 - [MESSAGE][FAILED] - Unable to verify object 'Object Repository/SubmissionPage/Submission_SearchIcon' is visible (Root cause: com.kms.katalon.core.exception.StepFailedException: Unable to verify object 'Object Repository/SubmissionPage/Submission_SearchIcon' is visible
	at com.kms.katalon.core.webui.keyword.internal.WebUIKeywordMain.stepFailed(WebUIKeywordMain.groovy:64)
	at com.kms.katalon.core.webui.keyword.internal.WebUIKeywordMain.runKeyword(WebUIKeywordMain.groovy:26)
	at com.kms.katalon.core.webui.keyword.builtin.VerifyElementVisibleKeyword.verifyElementVisible(VerifyElementVisibleKeyword.groovy:97)
	at com.kms.katalon.core.webui.keyword.builtin.VerifyElementVisibleKeyword.execute(VerifyElementVisibleKeyword.groovy:67)
	at com.kms.katalon.core.keyword.internal.KeywordExecutor.executeKeywordForPlatform(KeywordExecutor.groovy:73)
	at com.kms.katalon.core.webui.keyword.WebUiBuiltInKeywords.verifyElementVisible(WebUiBuiltInKeywords.groovy:373)
	at com.kms.katalon.core.webui.keyword.WebUiBuiltInKeywords$verifyElementVisible$11.call(Unknown Source)
	at CSP-T13_1.0_As Registered User, I want to verify that i can upload file successfully with the maximum allowed size.run(CSP-T13_1.0_As Registered User, I want to verify that i can upload file successfully with the maximum allowed size:78)
	at com.kms.katalon.core.main.ScriptEngine.run(ScriptEngine.java:194)
	at com.kms.katalon.core.main.ScriptEngine.runScriptAsRawText(ScriptEngine.java:119)
	at com.kms.katalon.core.main.TestCaseExecutor.runScript(TestCaseExecutor.java:394)
	at com.kms.katalon.core.main.TestCaseExecutor.doExecute(TestCaseExecutor.java:385)
	at com.kms.katalon.core.main.TestCaseExecutor.processExecutionPhase(TestCaseExecutor.java:364)
	at com.kms.katalon.core.main.TestCaseExecutor.accessMainPhase(TestCaseExecutor.java:356)
	at com.kms.katalon.core.main.TestCaseExecutor.execute(TestCaseExecutor.java:251)
	at com.kms.katalon.core.main.TestSuiteExecutor.accessTestCaseMainPhase(TestSuiteExecutor.java:203)
	at com.kms.katalon.core.main.TestSuiteExecutor.accessTestSuiteMainPhase(TestSuiteExecutor.java:152)
	at com.kms.katalon.core.main.TestSuiteExecutor.execute(TestSuiteExecutor.java:95)
	at com.kms.katalon.core.main.TestCaseMain.startTestSuite(TestCaseMain.java:157)
	at com.kms.katalon.core.main.TestCaseMain$startTestSuite$0.call(Unknown Source)
	at TempTestSuite1612372552149.run(TempTestSuite1612372552149.groovy:39)
Caused by: com.kms.katalon.core.exception.StepFailedException: Web element with id: 'Object Repository/SubmissionPage/Submission_SearchIcon' located by '//*[@class='img-search']' not found
	at com.kms.katalon.core.webui.keyword.internal.WebUIKeywordMain.stepFailed(WebUIKeywordMain.groovy:64)
	at com.kms.katalon.core.webui.keyword.builtin.VerifyElementVisibleKeyword$_verifyElementVisible_closure1.doCall(VerifyElementVisibleKeyword.groovy:89)
	at com.kms.katalon.core.webui.keyword.builtin.VerifyElementVisibleKeyword$_verifyElementVisible_closure1.call(VerifyElementVisibleKeyword.groovy)
	at com.kms.katalon.core.webui.keyword.internal.WebUIKeywordMain.runKeyword(WebUIKeywordMain.groovy:20)
	... 19 more
)
[[ATTACHMENT|C:\\Users\\araha\\Katalon Studio\\InspectAutomation\\Reports\\20210203_224552\\LogIn_RigisterUserAndForgotPwd_Module\\Suite_LogIn_RigisterUserAndForgotPwd_Module\\20210203_224552\\1612374260287.png]]]]></system-out>
         <system-err><![CDATA[2021-02-03 23:11:09 - [TEST_CASE][FAILED] - Test Cases/TC_RigisterUser/RigisterUserTCs/CSP-T13_1.0_As Registered User, I want to verify that i can upload file successfully with the maximum allowed size: Test Cases/TC_RigisterUser/RigisterUserTCs/CSP-T13_1.0_As Registered User, I want to verify that i can upload file successfully with the maximum allowed size FAILED.
Reason:
com.kms.katalon.core.exception.StepFailedException: Unable to verify object 'Object Repository/SubmissionPage/Submission_SearchIcon' is visible
	at com.kms.katalon.core.webui.keyword.internal.WebUIKeywordMain.stepFailed(WebUIKeywordMain.groovy:64)
	at com.kms.katalon.core.webui.keyword.internal.WebUIKeywordMain.runKeyword(WebUIKeywordMain.groovy:26)
	at com.kms.katalon.core.webui.keyword.builtin.VerifyElementVisibleKeyword.verifyElementVisible(VerifyElementVisibleKeyword.groovy:97)
	at com.kms.katalon.core.webui.keyword.builtin.VerifyElementVisibleKeyword.execute(VerifyElementVisibleKeyword.groovy:67)
	at com.kms.katalon.core.keyword.internal.KeywordExecutor.executeKeywordForPlatform(KeywordExecutor.groovy:73)
	at com.kms.katalon.core.webui.keyword.WebUiBuiltInKeywords.verifyElementVisible(WebUiBuiltInKeywords.groovy:373)
	at com.kms.katalon.core.webui.keyword.WebUiBuiltInKeywords$verifyElementVisible$11.call(Unknown Source)
	at CSP-T13_1.0_As Registered User, I want to verify that i can upload file successfully with the maximum allowed size.run(CSP-T13_1.0_As Registered User, I want to verify that i can upload file successfully with the maximum allowed size:78)
	at com.kms.katalon.core.main.ScriptEngine.run(ScriptEngine.java:194)
	at com.kms.katalon.core.main.ScriptEngine.runScriptAsRawText(ScriptEngine.java:119)
	at com.kms.katalon.core.main.TestCaseExecutor.runScript(TestCaseExecutor.java:394)
	at com.kms.katalon.core.main.TestCaseExecutor.doExecute(TestCaseExecutor.java:385)
	at com.kms.katalon.core.main.TestCaseExecutor.processExecutionPhase(TestCaseExecutor.java:364)
	at com.kms.katalon.core.main.TestCaseExecutor.accessMainPhase(TestCaseExecutor.java:356)
	at com.kms.katalon.core.main.TestCaseExecutor.execute(TestCaseExecutor.java:251)
	at com.kms.katalon.core.main.TestSuiteExecutor.accessTestCaseMainPhase(TestSuiteExecutor.java:203)
	at com.kms.katalon.core.main.TestSuiteExecutor.accessTestSuiteMainPhase(TestSuiteExecutor.java:152)
	at com.kms.katalon.core.main.TestSuiteExecutor.execute(TestSuiteExecutor.java:95)
	at com.kms.katalon.core.main.TestCaseMain.startTestSuite(TestCaseMain.java:157)
	at com.kms.katalon.core.main.TestCaseMain$startTestSuite$0.call(Unknown Source)
	at TempTestSuite1612372552149.run(TempTestSuite1612372552149.groovy:39)
Caused by: com.kms.katalon.core.exception.StepFailedException: Web element with id: 'Object Repository/SubmissionPage/Submission_SearchIcon' located by '//*[@class='img-search']' not found
	at com.kms.katalon.core.webui.keyword.internal.WebUIKeywordMain.stepFailed(WebUIKeywordMain.groovy:64)
	at com.kms.katalon.core.webui.keyword.builtin.VerifyElementVisibleKeyword$_verifyElementVisible_closure1.doCall(VerifyElementVisibleKeyword.groovy:89)
	at com.kms.katalon.core.webui.keyword.builtin.VerifyElementVisibleKeyword$_verifyElementVisible_closure1.call(VerifyElementVisibleKeyword.groovy)
	at com.kms.katalon.core.webui.keyword.internal.WebUIKeywordMain.runKeyword(WebUIKeywordMain.groovy:20)
	... 19 more]]></system-err>
      </testcase>
      <system-out><![CDATA[2021-02-03 22:46:03 - [TEST_SUITE][FAILED] - Suite_LogIn_RigisterUserAndForgotPwd_Module: Test Cases/TC_Login_RigisterUserAndForgotYourPassword/BasicTCs/TC_LoginUserWithValidCredentialsAndVerifyLoginSucss FAILED.
Reason:
com.kms.katalon.core.exception.StepFailedException: Call Test Case 'Test Cases/TC_Login_RigisterUserAndForgotYourPassword/CommanTCs/TC_LoginToBrowserAsAdmin' failed
	at com.kms.katalon.core.keyword.builtin.CallTestCaseKeyword$_callTestCase_closure1.doCall(CallTestCaseKeyword.groovy:63)
	at com.kms.katalon.core.keyword.builtin.CallTestCaseKeyword$_callTestCase_closure1.call(CallTestCaseKeyword.groovy)
	at com.kms.katalon.core.keyword.internal.KeywordMain.runKeyword(KeywordMain.groovy:68)
	at com.kms.katalon.core.keyword.builtin.CallTestCaseKeyword.callTestCase(CallTestCaseKeyword.groovy:81)
	at com.kms.katalon.core.keyword.builtin.CallTestCaseKeyword.execute(CallTestCaseKeyword.groovy:44)
	at com.kms.katalon.core.keyword.internal.KeywordExecutor.executeKeywordForPlatform(KeywordExecutor.groovy:73)
	at com.kms.katalon.core.keyword.BuiltinKeywords.callTestCase(BuiltinKeywords.groovy:350)
	at TC_LoginUserWithValidCredentialsAndVerifyLoginSucss.run(TC_LoginUserWithValidCredentialsAndVerifyLoginSucss:18)
	at com.kms.katalon.core.main.ScriptEngine.run(ScriptEngine.java:194)
	at com.kms.katalon.core.main.ScriptEngine.runScriptAsRawText(ScriptEngine.java:119)
	at com.kms.katalon.core.main.TestCaseExecutor.runScript(TestCaseExecutor.java:394)
	at com.kms.katalon.core.main.TestCaseExecutor.doExecute(TestCaseExecutor.java:385)
	at com.kms.katalon.core.main.TestCaseExecutor.processExecutionPhase(TestCaseExecutor.java:364)
	at com.kms.katalon.core.main.TestCaseExecutor.accessMainPhase(TestCaseExecutor.java:356)
	at com.kms.katalon.core.main.TestCaseExecutor.execute(TestCaseExecutor.java:251)
	at com.kms.katalon.core.main.TestSuiteExecutor.accessTestCaseMainPhase(TestSuiteExecutor.java:203)
	at com.kms.katalon.core.main.TestSuiteExecutor.accessTestSuiteMainPhase(TestSuiteExecutor.java:152)
	at com.kms.katalon.core.main.TestSuiteExecutor.execute(TestSuiteExecutor.java:95)
	at com.kms.katalon.core.main.TestCaseMain.startTestSuite(TestCaseMain.java:157)
	at com.kms.katalon.core.main.TestCaseMain$startTestSuite$0.call(Unknown Source)
	at TempTestSuite1612372552149.run(TempTestSuite1612372552149.groovy:39)
Caused by: com.kms.katalon.core.exception.StepFailedException: Unable to send keys '0' to object 'Object Repository/LoginAndRigisterUser/otpOne'
	at com.kms.katalon.core.webui.keyword.internal.WebUIKeywordMain.stepFailed(WebUIKeywordMain.groovy:64)
	at com.kms.katalon.core.webui.keyword.internal.WebUIKeywordMain.runKeyword(WebUIKeywordMain.groovy:26)
	at com.kms.katalon.core.webui.keyword.builtin.SendKeysKeyword.sendKeys(SendKeysKeyword.groovy:60)
	at com.kms.katalon.core.webui.keyword.builtin.SendKeysKeyword.execute(SendKeysKeyword.groovy:38)
	at com.kms.katalon.core.keyword.internal.KeywordExecutor.executeKeywordForPlatform(KeywordExecutor.groovy:73)
	at com.kms.katalon.core.webui.keyword.WebUiBuiltInKeywords.sendKeys(WebUiBuiltInKeywords.groovy:861)
	at com.kms.katalon.core.webui.keyword.WebUiBuiltInKeywords$sendKeys$4.call(Unknown Source)
	at customKeywords.commanFunctions.otpLogin(commanFunctions.groovy:74)
	at customKeywords.commanFunctions.invokeMethod(commanFunctions.groovy)
	at com.kms.katalon.core.main.CustomKeywordDelegatingMetaClass.invokeStaticMethod(CustomKeywordDelegatingMetaClass.java:50)
	at TC_LoginToBrowserAsAdmin.run(TC_LoginToBrowserAsAdmin:29)
	at com.kms.katalon.core.main.ScriptEngine.run(ScriptEngine.java:194)
	at com.kms.katalon.core.main.ScriptEngine.runScriptAsRawText(ScriptEngine.java:119)
	at com.kms.katalon.core.main.TestCaseExecutor.runScript(TestCaseExecutor.java:394)
	at com.kms.katalon.core.main.TestCaseExecutor.doExecute(TestCaseExecutor.java:385)
	at com.kms.katalon.core.main.TestCaseExecutor.processExecutionPhase(TestCaseExecutor.java:364)
	at com.kms.katalon.core.main.TestCaseExecutor.accessMainPhase(TestCaseExecutor.java:356)
	at com.kms.katalon.core.main.TestCaseExecutor.execute(TestCaseExecutor.java:251)
	at com.kms.katalon.core.main.TestCaseMain.runTestCase(TestCaseMain.java:114)
	at com.kms.katalon.core.keyword.builtin.CallTestCaseKeyword$_callTestCase_closure1.doCall(CallTestCaseKeyword.groovy:59)
	... 20 more
Caused by: com.kms.katalon.core.webui.exception.WebElementNotFoundException: Web element with id: 'Object Repository/LoginAndRigisterUser/otpOne' located by '//*[@formcontrolname='otp_1']//*[@autofocus='autofocus']' not found
	at com.kms.katalon.core.webui.common.WebUiCommonHelper.findWebElement(WebUiCommonHelper.java:1369)
	at com.kms.katalon.core.webui.keyword.internal.WebUIAbstractKeyword.findWebElement(WebUIAbstractKeyword.groovy:27)
	at com.kms.katalon.core.webui.keyword.internal.WebUIAbstractKeyword.findWebElement(WebUIAbstractKeyword.groovy:26)
	at com.kms.katalon.core.webui.keyword.builtin.SendKeysKeyword$_sendKeys_closure1.doCall(SendKeysKeyword.groovy:52)
	at com.kms.katalon.core.webui.keyword.builtin.SendKeysKeyword$_sendKeys_closure1.call(SendKeysKeyword.groovy)
	at com.kms.katalon.core.webui.keyword.internal.WebUIKeywordMain.runKeyword(WebUIKeywordMain.groovy:20)
	... 38 more]]></system-out>
      <system-err><![CDATA[2021-02-03 22:46:03 - [TEST_SUITE][FAILED] - Suite_LogIn_RigisterUserAndForgotPwd_Module: Test Cases/TC_Login_RigisterUserAndForgotYourPassword/BasicTCs/TC_LoginUserWithValidCredentialsAndVerifyLoginSucss FAILED.
Reason:
com.kms.katalon.core.exception.StepFailedException: Call Test Case 'Test Cases/TC_Login_RigisterUserAndForgotYourPassword/CommanTCs/TC_LoginToBrowserAsAdmin' failed
	at com.kms.katalon.core.keyword.builtin.CallTestCaseKeyword$_callTestCase_closure1.doCall(CallTestCaseKeyword.groovy:63)
	at com.kms.katalon.core.keyword.builtin.CallTestCaseKeyword$_callTestCase_closure1.call(CallTestCaseKeyword.groovy)
	at com.kms.katalon.core.keyword.internal.KeywordMain.runKeyword(KeywordMain.groovy:68)
	at com.kms.katalon.core.keyword.builtin.CallTestCaseKeyword.callTestCase(CallTestCaseKeyword.groovy:81)
	at com.kms.katalon.core.keyword.builtin.CallTestCaseKeyword.execute(CallTestCaseKeyword.groovy:44)
	at com.kms.katalon.core.keyword.internal.KeywordExecutor.executeKeywordForPlatform(KeywordExecutor.groovy:73)
	at com.kms.katalon.core.keyword.BuiltinKeywords.callTestCase(BuiltinKeywords.groovy:350)
	at TC_LoginUserWithValidCredentialsAndVerifyLoginSucss.run(TC_LoginUserWithValidCredentialsAndVerifyLoginSucss:18)
	at com.kms.katalon.core.main.ScriptEngine.run(ScriptEngine.java:194)
	at com.kms.katalon.core.main.ScriptEngine.runScriptAsRawText(ScriptEngine.java:119)
	at com.kms.katalon.core.main.TestCaseExecutor.runScript(TestCaseExecutor.java:394)
	at com.kms.katalon.core.main.TestCaseExecutor.doExecute(TestCaseExecutor.java:385)
	at com.kms.katalon.core.main.TestCaseExecutor.processExecutionPhase(TestCaseExecutor.java:364)
	at com.kms.katalon.core.main.TestCaseExecutor.accessMainPhase(TestCaseExecutor.java:356)
	at com.kms.katalon.core.main.TestCaseExecutor.execute(TestCaseExecutor.java:251)
	at com.kms.katalon.core.main.TestSuiteExecutor.accessTestCaseMainPhase(TestSuiteExecutor.java:203)
	at com.kms.katalon.core.main.TestSuiteExecutor.accessTestSuiteMainPhase(TestSuiteExecutor.java:152)
	at com.kms.katalon.core.main.TestSuiteExecutor.execute(TestSuiteExecutor.java:95)
	at com.kms.katalon.core.main.TestCaseMain.startTestSuite(TestCaseMain.java:157)
	at com.kms.katalon.core.main.TestCaseMain$startTestSuite$0.call(Unknown Source)
	at TempTestSuite1612372552149.run(TempTestSuite1612372552149.groovy:39)
Caused by: com.kms.katalon.core.exception.StepFailedException: Unable to send keys '0' to object 'Object Repository/LoginAndRigisterUser/otpOne'
	at com.kms.katalon.core.webui.keyword.internal.WebUIKeywordMain.stepFailed(WebUIKeywordMain.groovy:64)
	at com.kms.katalon.core.webui.keyword.internal.WebUIKeywordMain.runKeyword(WebUIKeywordMain.groovy:26)
	at com.kms.katalon.core.webui.keyword.builtin.SendKeysKeyword.sendKeys(SendKeysKeyword.groovy:60)
	at com.kms.katalon.core.webui.keyword.builtin.SendKeysKeyword.execute(SendKeysKeyword.groovy:38)
	at com.kms.katalon.core.keyword.internal.KeywordExecutor.executeKeywordForPlatform(KeywordExecutor.groovy:73)
	at com.kms.katalon.core.webui.keyword.WebUiBuiltInKeywords.sendKeys(WebUiBuiltInKeywords.groovy:861)
	at com.kms.katalon.core.webui.keyword.WebUiBuiltInKeywords$sendKeys$4.call(Unknown Source)
	at customKeywords.commanFunctions.otpLogin(commanFunctions.groovy:74)
	at customKeywords.commanFunctions.invokeMethod(commanFunctions.groovy)
	at com.kms.katalon.core.main.CustomKeywordDelegatingMetaClass.invokeStaticMethod(CustomKeywordDelegatingMetaClass.java:50)
	at TC_LoginToBrowserAsAdmin.run(TC_LoginToBrowserAsAdmin:29)
	at com.kms.katalon.core.main.ScriptEngine.run(ScriptEngine.java:194)
	at com.kms.katalon.core.main.ScriptEngine.runScriptAsRawText(ScriptEngine.java:119)
	at com.kms.katalon.core.main.TestCaseExecutor.runScript(TestCaseExecutor.java:394)
	at com.kms.katalon.core.main.TestCaseExecutor.doExecute(TestCaseExecutor.java:385)
	at com.kms.katalon.core.main.TestCaseExecutor.processExecutionPhase(TestCaseExecutor.java:364)
	at com.kms.katalon.core.main.TestCaseExecutor.accessMainPhase(TestCaseExecutor.java:356)
	at com.kms.katalon.core.main.TestCaseExecutor.execute(TestCaseExecutor.java:251)
	at com.kms.katalon.core.main.TestCaseMain.runTestCase(TestCaseMain.java:114)
	at com.kms.katalon.core.keyword.builtin.CallTestCaseKeyword$_callTestCase_closure1.doCall(CallTestCaseKeyword.groovy:59)
	... 20 more
Caused by: com.kms.katalon.core.webui.exception.WebElementNotFoundException: Web element with id: 'Object Repository/LoginAndRigisterUser/otpOne' located by '//*[@formcontrolname='otp_1']//*[@autofocus='autofocus']' not found
	at com.kms.katalon.core.webui.common.WebUiCommonHelper.findWebElement(WebUiCommonHelper.java:1369)
	at com.kms.katalon.core.webui.keyword.internal.WebUIAbstractKeyword.findWebElement(WebUIAbstractKeyword.groovy:27)
	at com.kms.katalon.core.webui.keyword.internal.WebUIAbstractKeyword.findWebElement(WebUIAbstractKeyword.groovy:26)
	at com.kms.katalon.core.webui.keyword.builtin.SendKeysKeyword$_sendKeys_closure1.doCall(SendKeysKeyword.groovy:52)
	at com.kms.katalon.core.webui.keyword.builtin.SendKeysKeyword$_sendKeys_closure1.call(SendKeysKeyword.groovy)
	at com.kms.katalon.core.webui.keyword.internal.WebUIKeywordMain.runKeyword(WebUIKeywordMain.groovy:20)
	... 38 more]]></system-err>
   </testsuite>
</testsuites>
