<?xml version="1.0" encoding="UTF-8"?>
<testsuites name="RegisterUser_Regression" time="582.449" tests="30" failures="26" skips="0" errors="0">
   <testsuite name="RegisterUser_Regression" tests="30" failures="26" errors="0" time="582.449" skips="0" timestamp="2021-02-19 16:43:32" hostname="ashok - OMTPGCN1132568L" id="Test Suites/Regression_Suite/RegisterUser_Suite/RegisterUser_Regression">
      <properties>
         <property name="deviceName" value=""/>
         <property name="devicePlatform" value=""/>
         <property name="logFolder" value="E:\\Inspect\\15022021\\SiteInspectAutomation\\Reports\\20210219_164318\\Regression_Suite\\RegisterUser_Suite\\RegisterUser_Regression\\20210219_164319"/>
         <property name="logFiles" value="E:\\Inspect\\15022021\\SiteInspectAutomation\\Reports\\20210219_164318\\Regression_Suite\\RegisterUser_Suite\\RegisterUser_Regression\\20210219_164319\\execution0.log"/>
         <property name="attachments" value="E:\\Inspect\\15022021\\SiteInspectAutomation\\Reports\\20210219_164318\\Regression_Suite\\RegisterUser_Suite\\RegisterUser_Regression\\20210219_164319\\1613733368479.png"/>
         <property name="hostName" value="ashok - OMTPGCN1132568L"/>
         <property name="os" value="Windows 10 64bit"/>
         <property name="katalonVersion" value="7.8.2.208"/>
         <property name="browser" value="Chrome 86.0.4240.75"/>
         <property name="hostAddress" value="192.168.1.1"/>
         <property name="sessionId" value="0b77bc9f3527144f25b85f1322b41151"/>
         <property name="seleniumVersion" value="3.141.59"/>
         <property name="proxyInformation" value="ProxyInformation { proxyOption=NO_PROXY, proxyServerType=HTTP, username=, password=********, proxyServerAddress=, proxyServerPort=0, executionList=&quot;&quot;, isApplyToDesiredCapabilities=true }"/>
         <property name="platform" value="Windows 10"/>
      </properties>
      <testcase name="Test Cases/UploadDiffFiles_RegisterUser/TC_As a register user, Upload Adobe PhotoShop File and verify Uploded file in Submission Page" time="49.213" classname="Test Cases/UploadDiffFiles_RegisterUser/TC_As a register user, Upload Adobe PhotoShop File and verify Uploded file in Submission Page" status="FAILED">
         <failure type="FAILED" message="Test Cases/UploadDiffFiles_RegisterUser/TC_As a register user, Upload Adobe PhotoShop File and verify Uploded file in Submission Page FAILED.
Reason:
com.kms.katalon.core.exception.StepFailedException: Unable to send keys '0' to object 'Object Repository/LoginAndRigisterUser/otpTwo'
	at com.kms.katalon.core.webui.keyword.internal.WebUIKeywordMain.stepFailed(WebUIKeywordMain.groovy:64)
	at com.kms.katalon.core.webui.keyword.internal.WebUIKeywordMain.runKeyword(WebUIKeywordMain.groovy:26)
	at com.kms.katalon.core.webui.keyword.builtin.SendKeysKeyword.sendKeys(SendKeysKeyword.groovy:60)
	at com.kms.katalon.core.webui.keyword.builtin.SendKeysKeyword.execute(SendKeysKeyword.groovy:38)
	at com.kms.katalon.core.keyword.internal.KeywordExecutor.executeKeywordForPlatform(KeywordExecutor.groovy:73)
	at com.kms.katalon.core.webui.keyword.WebUiBuiltInKeywords.sendKeys(WebUiBuiltInKeywords.groovy:861)
	at com.kms.katalon.core.webui.keyword.WebUiBuiltInKeywords$sendKeys$4.call(Unknown Source)
	at customKeywords.commanFunctions.otpLogin(commanFunctions.groovy:83)
	at customKeywords.commanFunctions.uploadFileOfRegisterUser(commanFunctions.groovy:755)
	at customKeywords.commanFunctions.invokeMethod(commanFunctions.groovy)
	at com.kms.katalon.core.main.CustomKeywordDelegatingMetaClass.invokeStaticMethod(CustomKeywordDelegatingMetaClass.java:50)
	at TC_As a register user, Upload Adobe PhotoShop File and verify Uploded file in Submission Page.run(TC_As a register user, Upload Adobe PhotoShop File and verify Uploded file in Submission Page:16)
	at com.kms.katalon.core.main.ScriptEngine.run(ScriptEngine.java:194)
	at com.kms.katalon.core.main.ScriptEngine.runScriptAsRawText(ScriptEngine.java:119)
	at com.kms.katalon.core.main.TestCaseExecutor.runScript(TestCaseExecutor.java:394)
	at com.kms.katalon.core.main.TestCaseExecutor.doExecute(TestCaseExecutor.java:385)
	at com.kms.katalon.core.main.TestCaseExecutor.processExecutionPhase(TestCaseExecutor.java:364)
	at com.kms.katalon.core.main.TestCaseExecutor.accessMainPhase(TestCaseExecutor.java:356)
	at com.kms.katalon.core.main.TestCaseExecutor.execute(TestCaseExecutor.java:251)
	at com.kms.katalon.core.main.TestSuiteExecutor.accessTestCaseMainPhase(TestSuiteExecutor.java:203)
	at com.kms.katalon.core.main.TestSuiteExecutor.accessTestSuiteMainPhase(TestSuiteExecutor.java:152)
	at com.kms.katalon.core.main.TestSuiteExecutor.execute(TestSuiteExecutor.java:95)
	at com.kms.katalon.core.main.TestCaseMain.startTestSuite(TestCaseMain.java:157)
	at com.kms.katalon.core.main.TestCaseMain$startTestSuite$0.call(Unknown Source)
	at TempTestSuite1613733199540.run(TempTestSuite1613733199540.groovy:39)
Caused by: org.openqa.selenium.WebDriverException: chrome not reachable
  (Session info: chrome=86.0.4240.75)
Build info: version: '3.141.59', revision: 'e82be7d358', time: '2018-11-14T08:25:53'
System info: host: 'OMTPGCN1132568L', ip: '192.168.1.1', os.name: 'Windows 10', os.arch: 'amd64', os.version: '10.0', java.version: '1.8.0_181'
Driver info: com.kms.katalon.selenium.driver.CChromeDriver
Capabilities {acceptInsecureCerts: false, browserName: chrome, browserVersion: 86.0.4240.75, chrome: {chromedriverVersion: 86.0.4240.22 (398b0743353ff..., userDataDir: C:\Users\ashok\AppData\Loca...}, goog:chromeOptions: {debuggerAddress: localhost:50604}, javascriptEnabled: true, networkConnectionEnabled: false, pageLoadStrategy: normal, platform: WINDOWS, platformName: WINDOWS, proxy: Proxy(), setWindowRect: true, strictFileInteractability: false, timeouts: {implicit: 0, pageLoad: 300000, script: 30000}, unhandledPromptBehavior: dismiss and notify, webauthn:virtualAuthenticators: true}
Session ID: c9b590d537a02cd133b1ae1555c423ff
*** Element info: {Using=xpath, value=//*[@id='otp_2']}
	at org.openqa.selenium.remote.http.W3CHttpResponseCodec.createException(W3CHttpResponseCodec.java:187)
	at org.openqa.selenium.remote.http.W3CHttpResponseCodec.decode(W3CHttpResponseCodec.java:122)
	at org.openqa.selenium.remote.http.W3CHttpResponseCodec.decode(W3CHttpResponseCodec.java:49)
	at org.openqa.selenium.remote.HttpCommandExecutor.execute(HttpCommandExecutor.java:158)
	at org.openqa.selenium.remote.service.DriverCommandExecutor.execute(DriverCommandExecutor.java:83)
	at org.openqa.selenium.remote.RemoteWebDriver.execute(RemoteWebDriver.java:552)
	at com.kms.katalon.selenium.driver.CChromeDriver.execute(CChromeDriver.java:19)
	at org.openqa.selenium.remote.RemoteWebDriver.findElements(RemoteWebDriver.java:353)
	at org.openqa.selenium.remote.RemoteWebDriver.findElementsByXPath(RemoteWebDriver.java:432)
	at org.openqa.selenium.By$ByXPath.findElements(By.java:348)
	at org.openqa.selenium.remote.RemoteWebDriver.findElements(RemoteWebDriver.java:311)
	at org.openqa.selenium.support.events.EventFiringWebDriver.lambda$new$1(EventFiringWebDriver.java:105)
	at com.sun.proxy.$Proxy11.findElements(Unknown Source)
	at org.openqa.selenium.support.events.EventFiringWebDriver.findElements(EventFiringWebDriver.java:182)
	at com.kms.katalon.core.webui.common.WebUiCommonHelper.findElementByNormalMethods(WebUiCommonHelper.java:1014)
	at com.kms.katalon.core.webui.common.WebUiCommonHelper.findElementsBySelectedMethod(WebUiCommonHelper.java:903)
	at com.kms.katalon.core.webui.common.WebUiCommonHelper.findElementsBySelectedMethod(WebUiCommonHelper.java:892)
	at com.kms.katalon.core.webui.common.WebUiCommonHelper.findElementsBySelectedMethod(WebUiCommonHelper.java:887)
	at com.kms.katalon.core.webui.common.WebUiCommonHelper.findElementsByDefault(WebUiCommonHelper.java:883)
	at com.kms.katalon.core.webui.common.WebUiCommonHelper.findElementsWithSelfHealing(WebUiCommonHelper.java:733)
	at com.kms.katalon.core.webui.common.WebUiCommonHelper.findWebElements(WebUiCommonHelper.java:718)
	at com.kms.katalon.core.webui.common.WebUiCommonHelper.findWebElement(WebUiCommonHelper.java:1364)
	at com.kms.katalon.core.webui.keyword.internal.WebUIAbstractKeyword.findWebElement(WebUIAbstractKeyword.groovy:27)
	at com.kms.katalon.core.webui.keyword.internal.WebUIAbstractKeyword.findWebElement(WebUIAbstractKeyword.groovy:26)
	at com.kms.katalon.core.webui.keyword.builtin.SendKeysKeyword$_sendKeys_closure1.doCall(SendKeysKeyword.groovy:52)
	at com.kms.katalon.core.webui.keyword.builtin.SendKeysKeyword$_sendKeys_closure1.call(SendKeysKeyword.groovy)
	at com.kms.katalon.core.webui.keyword.internal.WebUIKeywordMain.runKeyword(WebUIKeywordMain.groovy:20)
	... 23 more
"/>
         <system-out><![CDATA[2021-02-19 16:43:33 - [TEST_CASE][FAILED] - Test Cases/UploadDiffFiles_RegisterUser/TC_As a register user, Upload Adobe PhotoShop File and verify Uploded file in Submission Page: Test Cases/UploadDiffFiles_RegisterUser/TC_As a register user, Upload Adobe PhotoShop File and verify Uploded file in Submission Page FAILED.
Reason:
com.kms.katalon.core.exception.StepFailedException: Unable to send keys '0' to object 'Object Repository/LoginAndRigisterUser/otpTwo'
	at com.kms.katalon.core.webui.keyword.internal.WebUIKeywordMain.stepFailed(WebUIKeywordMain.groovy:64)
	at com.kms.katalon.core.webui.keyword.internal.WebUIKeywordMain.runKeyword(WebUIKeywordMain.groovy:26)
	at com.kms.katalon.core.webui.keyword.builtin.SendKeysKeyword.sendKeys(SendKeysKeyword.groovy:60)
	at com.kms.katalon.core.webui.keyword.builtin.SendKeysKeyword.execute(SendKeysKeyword.groovy:38)
	at com.kms.katalon.core.keyword.internal.KeywordExecutor.executeKeywordForPlatform(KeywordExecutor.groovy:73)
	at com.kms.katalon.core.webui.keyword.WebUiBuiltInKeywords.sendKeys(WebUiBuiltInKeywords.groovy:861)
	at com.kms.katalon.core.webui.keyword.WebUiBuiltInKeywords$sendKeys$4.call(Unknown Source)
	at customKeywords.commanFunctions.otpLogin(commanFunctions.groovy:83)
	at customKeywords.commanFunctions.uploadFileOfRegisterUser(commanFunctions.groovy:755)
	at customKeywords.commanFunctions.invokeMethod(commanFunctions.groovy)
	at com.kms.katalon.core.main.CustomKeywordDelegatingMetaClass.invokeStaticMethod(CustomKeywordDelegatingMetaClass.java:50)
	at TC_As a register user, Upload Adobe PhotoShop File and verify Uploded file in Submission Page.run(TC_As a register user, Upload Adobe PhotoShop File and verify Uploded file in Submission Page:16)
	at com.kms.katalon.core.main.ScriptEngine.run(ScriptEngine.java:194)
	at com.kms.katalon.core.main.ScriptEngine.runScriptAsRawText(ScriptEngine.java:119)
	at com.kms.katalon.core.main.TestCaseExecutor.runScript(TestCaseExecutor.java:394)
	at com.kms.katalon.core.main.TestCaseExecutor.doExecute(TestCaseExecutor.java:385)
	at com.kms.katalon.core.main.TestCaseExecutor.processExecutionPhase(TestCaseExecutor.java:364)
	at com.kms.katalon.core.main.TestCaseExecutor.accessMainPhase(TestCaseExecutor.java:356)
	at com.kms.katalon.core.main.TestCaseExecutor.execute(TestCaseExecutor.java:251)
	at com.kms.katalon.core.main.TestSuiteExecutor.accessTestCaseMainPhase(TestSuiteExecutor.java:203)
	at com.kms.katalon.core.main.TestSuiteExecutor.accessTestSuiteMainPhase(TestSuiteExecutor.java:152)
	at com.kms.katalon.core.main.TestSuiteExecutor.execute(TestSuiteExecutor.java:95)
	at com.kms.katalon.core.main.TestCaseMain.startTestSuite(TestCaseMain.java:157)
	at com.kms.katalon.core.main.TestCaseMain$startTestSuite$0.call(Unknown Source)
	at TempTestSuite1613733199540.run(TempTestSuite1613733199540.groovy:39)
Caused by: org.openqa.selenium.WebDriverException: chrome not reachable
  (Session info: chrome=86.0.4240.75)
Build info: version: '3.141.59', revision: 'e82be7d358', time: '2018-11-14T08:25:53'
System info: host: 'OMTPGCN1132568L', ip: '192.168.1.1', os.name: 'Windows 10', os.arch: 'amd64', os.version: '10.0', java.version: '1.8.0_181'
Driver info: com.kms.katalon.selenium.driver.CChromeDriver
Capabilities {acceptInsecureCerts: false, browserName: chrome, browserVersion: 86.0.4240.75, chrome: {chromedriverVersion: 86.0.4240.22 (398b0743353ff..., userDataDir: C:\Users\ashok\AppData\Loca...}, goog:chromeOptions: {debuggerAddress: localhost:50604}, javascriptEnabled: true, networkConnectionEnabled: false, pageLoadStrategy: normal, platform: WINDOWS, platformName: WINDOWS, proxy: Proxy(), setWindowRect: true, strictFileInteractability: false, timeouts: {implicit: 0, pageLoad: 300000, script: 30000}, unhandledPromptBehavior: dismiss and notify, webauthn:virtualAuthenticators: true}
Session ID: c9b590d537a02cd133b1ae1555c423ff
*** Element info: {Using=xpath, value=//*[@id='otp_2']}
	at org.openqa.selenium.remote.http.W3CHttpResponseCodec.createException(W3CHttpResponseCodec.java:187)
	at org.openqa.selenium.remote.http.W3CHttpResponseCodec.decode(W3CHttpResponseCodec.java:122)
	at org.openqa.selenium.remote.http.W3CHttpResponseCodec.decode(W3CHttpResponseCodec.java:49)
	at org.openqa.selenium.remote.HttpCommandExecutor.execute(HttpCommandExecutor.java:158)
	at org.openqa.selenium.remote.service.DriverCommandExecutor.execute(DriverCommandExecutor.java:83)
	at org.openqa.selenium.remote.RemoteWebDriver.execute(RemoteWebDriver.java:552)
	at com.kms.katalon.selenium.driver.CChromeDriver.execute(CChromeDriver.java:19)
	at org.openqa.selenium.remote.RemoteWebDriver.findElements(RemoteWebDriver.java:353)
	at org.openqa.selenium.remote.RemoteWebDriver.findElementsByXPath(RemoteWebDriver.java:432)
	at org.openqa.selenium.By$ByXPath.findElements(By.java:348)
	at org.openqa.selenium.remote.RemoteWebDriver.findElements(RemoteWebDriver.java:311)
	at org.openqa.selenium.support.events.EventFiringWebDriver.lambda$new$1(EventFiringWebDriver.java:105)
	at com.sun.proxy.$Proxy11.findElements(Unknown Source)
	at org.openqa.selenium.support.events.EventFiringWebDriver.findElements(EventFiringWebDriver.java:182)
	at com.kms.katalon.core.webui.common.WebUiCommonHelper.findElementByNormalMethods(WebUiCommonHelper.java:1014)
	at com.kms.katalon.core.webui.common.WebUiCommonHelper.findElementsBySelectedMethod(WebUiCommonHelper.java:903)
	at com.kms.katalon.core.webui.common.WebUiCommonHelper.findElementsBySelectedMethod(WebUiCommonHelper.java:892)
	at com.kms.katalon.core.webui.common.WebUiCommonHelper.findElementsBySelectedMethod(WebUiCommonHelper.java:887)
	at com.kms.katalon.core.webui.common.WebUiCommonHelper.findElementsByDefault(WebUiCommonHelper.java:883)
	at com.kms.katalon.core.webui.common.WebUiCommonHelper.findElementsWithSelfHealing(WebUiCommonHelper.java:733)
	at com.kms.katalon.core.webui.common.WebUiCommonHelper.findWebElements(WebUiCommonHelper.java:718)
	at com.kms.katalon.core.webui.common.WebUiCommonHelper.findWebElement(WebUiCommonHelper.java:1364)
	at com.kms.katalon.core.webui.keyword.internal.WebUIAbstractKeyword.findWebElement(WebUIAbstractKeyword.groovy:27)
	at com.kms.katalon.core.webui.keyword.internal.WebUIAbstractKeyword.findWebElement(WebUIAbstractKeyword.groovy:26)
	at com.kms.katalon.core.webui.keyword.builtin.SendKeysKeyword$_sendKeys_closure1.doCall(SendKeysKeyword.groovy:52)
	at com.kms.katalon.core.webui.keyword.builtin.SendKeysKeyword$_sendKeys_closure1.call(SendKeysKeyword.groovy)
	at com.kms.katalon.core.webui.keyword.internal.WebUIKeywordMain.runKeyword(WebUIKeywordMain.groovy:20)
	... 23 more


2021-02-19 16:43:34 - [TEST_STEP][PASSED] - excelTestData = findTestData("Data Files/TestData/InspectTestData"): null

2021-02-19 16:43:34 - [TEST_STEP][PASSED] - rigisterUN = excelTestData.getValue(6, 23): null

2021-02-19 16:43:34 - [TEST_STEP][PASSED] - rigisterPW = excelTestData.getValue(3, 23): null

2021-02-19 16:43:34 - [TEST_STEP][FAILED] - customKeywords.commanFunctions.uploadFileOfRegisterUser(309, rigisterUN, rigisterPW): Unable to send keys '0' to object 'Object Repository/LoginAndRigisterUser/otpTwo'

2021-02-19 16:43:35 - [MESSAGE][INFO] - Starting 'Chrome' driver

2021-02-19 16:43:35 - [MESSAGE][INFO] - Action delay is set to 0 milliseconds

2021-02-19 16:43:45 - [MESSAGE][PASSED] - Browser is opened with url: 'https://Inspect.Stage.site.sa'

2021-02-19 16:43:47 - [MESSAGE][PASSED] - Current window maximized

2021-02-19 16:43:47 - [MESSAGE][PASSED] - Wait for page load successfully

2021-02-19 16:43:48 - [MESSAGE][PASSED] - Object 'Object Repository/LoginAndRigisterUser/LoginLink' is clickable

2021-02-19 16:43:48 - [MESSAGE][INFO] - Clicked on element with JS

2021-02-19 16:43:49 - [MESSAGE][PASSED] - Keys 'Os-anelapatla@projects.site.sa' sent to object: 'Object Repository/LoginAndRigisterUser/UserName_Email_Input'

2021-02-19 16:43:49 - [MESSAGE][PASSED] - Keys 'Test@12345' sent to object: 'Object Repository/LoginAndRigisterUser/Password_Input'

2021-02-19 16:43:50 - [MESSAGE][PASSED] - Delayed 1 second(s)

2021-02-19 16:43:50 - [MESSAGE][PASSED] - Object 'Object Repository/LoginAndRigisterUser/LoginBtn' is clickable

2021-02-19 16:43:51 - [MESSAGE][INFO] - Clicked on element with JS

2021-02-19 16:43:53 - [MESSAGE][PASSED] - Keys '0' sent to object: 'Object Repository/LoginAndRigisterUser/otpOne'

2021-02-19 16:44:10 - [MESSAGE][WARNING] - [SELF-HEALING] Failed to find element with id 'Object Repository/LoginAndRigisterUser/otpTwo'. Try using Self-healing.

2021-02-19 16:44:10 - [MESSAGE][ERROR] - [SELF-HEALING] java.lang.IllegalStateException: Expected BEGIN_OBJECT but was STRING at line 1 column 1 path $

2021-02-19 16:44:10 - [MESSAGE][WARNING] - [SELF-HEALING] Cannot find elements when the XPath is null.

2021-02-19 16:44:10 - [MESSAGE][WARNING] - [SELF-HEALING] Cannot find elements when the selector is null

2021-02-19 16:44:22 - [MESSAGE][WARNING] - Cannot take screenshot

2021-02-19 16:44:22 - [MESSAGE][FAILED] - Unable to send keys '0' to object 'Object Repository/LoginAndRigisterUser/otpTwo' (Root cause: com.kms.katalon.core.exception.StepFailedException: Unable to send keys '0' to object 'Object Repository/LoginAndRigisterUser/otpTwo'
	at com.kms.katalon.core.webui.keyword.internal.WebUIKeywordMain.stepFailed(WebUIKeywordMain.groovy:64)
	at com.kms.katalon.core.webui.keyword.internal.WebUIKeywordMain.runKeyword(WebUIKeywordMain.groovy:26)
	at com.kms.katalon.core.webui.keyword.builtin.SendKeysKeyword.sendKeys(SendKeysKeyword.groovy:60)
	at com.kms.katalon.core.webui.keyword.builtin.SendKeysKeyword.execute(SendKeysKeyword.groovy:38)
	at com.kms.katalon.core.keyword.internal.KeywordExecutor.executeKeywordForPlatform(KeywordExecutor.groovy:73)
	at com.kms.katalon.core.webui.keyword.WebUiBuiltInKeywords.sendKeys(WebUiBuiltInKeywords.groovy:861)
	at com.kms.katalon.core.webui.keyword.WebUiBuiltInKeywords$sendKeys$4.call(Unknown Source)
	at customKeywords.commanFunctions.otpLogin(commanFunctions.groovy:83)
	at customKeywords.commanFunctions.uploadFileOfRegisterUser(commanFunctions.groovy:755)
	at customKeywords.commanFunctions.invokeMethod(commanFunctions.groovy)
	at com.kms.katalon.core.main.CustomKeywordDelegatingMetaClass.invokeStaticMethod(CustomKeywordDelegatingMetaClass.java:50)
	at TC_As a register user, Upload Adobe PhotoShop File and verify Uploded file in Submission Page.run(TC_As a register user, Upload Adobe PhotoShop File and verify Uploded file in Submission Page:16)
	at com.kms.katalon.core.main.ScriptEngine.run(ScriptEngine.java:194)
	at com.kms.katalon.core.main.ScriptEngine.runScriptAsRawText(ScriptEngine.java:119)
	at com.kms.katalon.core.main.TestCaseExecutor.runScript(TestCaseExecutor.java:394)
	at com.kms.katalon.core.main.TestCaseExecutor.doExecute(TestCaseExecutor.java:385)
	at com.kms.katalon.core.main.TestCaseExecutor.processExecutionPhase(TestCaseExecutor.java:364)
	at com.kms.katalon.core.main.TestCaseExecutor.accessMainPhase(TestCaseExecutor.java:356)
	at com.kms.katalon.core.main.TestCaseExecutor.execute(TestCaseExecutor.java:251)
	at com.kms.katalon.core.main.TestSuiteExecutor.accessTestCaseMainPhase(TestSuiteExecutor.java:203)
	at com.kms.katalon.core.main.TestSuiteExecutor.accessTestSuiteMainPhase(TestSuiteExecutor.java:152)
	at com.kms.katalon.core.main.TestSuiteExecutor.execute(TestSuiteExecutor.java:95)
	at com.kms.katalon.core.main.TestCaseMain.startTestSuite(TestCaseMain.java:157)
	at com.kms.katalon.core.main.TestCaseMain$startTestSuite$0.call(Unknown Source)
	at TempTestSuite1613733199540.run(TempTestSuite1613733199540.groovy:39)
Caused by: org.openqa.selenium.WebDriverException: chrome not reachable
  (Session info: chrome=86.0.4240.75)
Build info: version: '3.141.59', revision: 'e82be7d358', time: '2018-11-14T08:25:53'
System info: host: 'OMTPGCN1132568L', ip: '192.168.1.1', os.name: 'Windows 10', os.arch: 'amd64', os.version: '10.0', java.version: '1.8.0_181'
Driver info: com.kms.katalon.selenium.driver.CChromeDriver
Capabilities {acceptInsecureCerts: false, browserName: chrome, browserVersion: 86.0.4240.75, chrome: {chromedriverVersion: 86.0.4240.22 (398b0743353ff..., userDataDir: C:\Users\ashok\AppData\Loca...}, goog:chromeOptions: {debuggerAddress: localhost:50604}, javascriptEnabled: true, networkConnectionEnabled: false, pageLoadStrategy: normal, platform: WINDOWS, platformName: WINDOWS, proxy: Proxy(), setWindowRect: true, strictFileInteractability: false, timeouts: {implicit: 0, pageLoad: 300000, script: 30000}, unhandledPromptBehavior: dismiss and notify, webauthn:virtualAuthenticators: true}
Session ID: c9b590d537a02cd133b1ae1555c423ff
*** Element info: {Using=xpath, value=//*[@id='otp_2']}
	at org.openqa.selenium.remote.http.W3CHttpResponseCodec.createException(W3CHttpResponseCodec.java:187)
	at org.openqa.selenium.remote.http.W3CHttpResponseCodec.decode(W3CHttpResponseCodec.java:122)
	at org.openqa.selenium.remote.http.W3CHttpResponseCodec.decode(W3CHttpResponseCodec.java:49)
	at org.openqa.selenium.remote.HttpCommandExecutor.execute(HttpCommandExecutor.java:158)
	at org.openqa.selenium.remote.service.DriverCommandExecutor.execute(DriverCommandExecutor.java:83)
	at org.openqa.selenium.remote.RemoteWebDriver.execute(RemoteWebDriver.java:552)
	at com.kms.katalon.selenium.driver.CChromeDriver.execute(CChromeDriver.java:19)
	at org.openqa.selenium.remote.RemoteWebDriver.findElements(RemoteWebDriver.java:353)
	at org.openqa.selenium.remote.RemoteWebDriver.findElementsByXPath(RemoteWebDriver.java:432)
	at org.openqa.selenium.By$ByXPath.findElements(By.java:348)
	at org.openqa.selenium.remote.RemoteWebDriver.findElements(RemoteWebDriver.java:311)
	at org.openqa.selenium.support.events.EventFiringWebDriver.lambda$new$1(EventFiringWebDriver.java:105)
	at com.sun.proxy.$Proxy11.findElements(Unknown Source)
	at org.openqa.selenium.support.events.EventFiringWebDriver.findElements(EventFiringWebDriver.java:182)
	at com.kms.katalon.core.webui.common.WebUiCommonHelper.findElementByNormalMethods(WebUiCommonHelper.java:1014)
	at com.kms.katalon.core.webui.common.WebUiCommonHelper.findElementsBySelectedMethod(WebUiCommonHelper.java:903)
	at com.kms.katalon.core.webui.common.WebUiCommonHelper.findElementsBySelectedMethod(WebUiCommonHelper.java:892)
	at com.kms.katalon.core.webui.common.WebUiCommonHelper.findElementsBySelectedMethod(WebUiCommonHelper.java:887)
	at com.kms.katalon.core.webui.common.WebUiCommonHelper.findElementsByDefault(WebUiCommonHelper.java:883)
	at com.kms.katalon.core.webui.common.WebUiCommonHelper.findElementsWithSelfHealing(WebUiCommonHelper.java:733)
	at com.kms.katalon.core.webui.common.WebUiCommonHelper.findWebElements(WebUiCommonHelper.java:718)
	at com.kms.katalon.core.webui.common.WebUiCommonHelper.findWebElement(WebUiCommonHelper.java:1364)
	at com.kms.katalon.core.webui.keyword.internal.WebUIAbstractKeyword.findWebElement(WebUIAbstractKeyword.groovy:27)
	at com.kms.katalon.core.webui.keyword.internal.WebUIAbstractKeyword.findWebElement(WebUIAbstractKeyword.groovy:26)
	at com.kms.katalon.core.webui.keyword.builtin.SendKeysKeyword$_sendKeys_closure1.doCall(SendKeysKeyword.groovy:52)
	at com.kms.katalon.core.webui.keyword.builtin.SendKeysKeyword$_sendKeys_closure1.call(SendKeysKeyword.groovy)
	at com.kms.katalon.core.webui.keyword.internal.WebUIKeywordMain.runKeyword(WebUIKeywordMain.groovy:20)
	at com.kms.katalon.core.webui.keyword.builtin.SendKeysKeyword.sendKeys(SendKeysKeyword.groovy:60)
	at com.kms.katalon.core.webui.keyword.builtin.SendKeysKeyword.execute(SendKeysKeyword.groovy:38)
	at com.kms.katalon.core.keyword.internal.KeywordExecutor.executeKeywordForPlatform(KeywordExecutor.groovy:73)
	at com.kms.katalon.core.webui.keyword.WebUiBuiltInKeywords.sendKeys(WebUiBuiltInKeywords.groovy:861)
	at com.kms.katalon.core.webui.keyword.WebUiBuiltInKeywords$sendKeys$4.call(Unknown Source)
	at customKeywords.commanFunctions.otpLogin(commanFunctions.groovy:83)
	at customKeywords.commanFunctions.uploadFileOfRegisterUser(commanFunctions.groovy:755)
	at customKeywords.commanFunctions.invokeMethod(commanFunctions.groovy)
	at com.kms.katalon.core.main.CustomKeywordDelegatingMetaClass.invokeStaticMethod(CustomKeywordDelegatingMetaClass.java:50)
	at Script1613386314748.run(Script1613386314748.groovy:16)
	... 13 more
)

2021-02-19 16:44:22 - [MESSAGE][FAILED] - Unable to send keys '0' to object 'Object Repository/LoginAndRigisterUser/otpTwo'

2021-02-19 16:44:22 - [TEST_STEP][PASSED] - Start tear down : tearDownMethodIfFailed: Method 'tearDownMethodIfFailed' complete successfully

2021-02-19 16:44:22 - [TEST_STEP][PASSED] - customKeywords.commanFunctions.onlyCloseBrowser(): customKeywords.commanFunctions.onlyCloseBrowser is PASSED

2021-02-19 16:44:23 - [MESSAGE][PASSED] - Browser is closed

2021-02-19 16:44:23 - [MESSAGE][PASSED] - customKeywords.commanFunctions.onlyCloseBrowser is PASSED

2021-02-19 16:44:23 - [TEST_STEP][PASSED] - logInfo("[--------This is tearDownIfFailed method------]"): [--------This is tearDownIfFailed method------]

2021-02-19 16:44:23 - [MESSAGE][INFO] - [--------This is tearDownIfFailed method------]

2021-02-19 16:44:23 - [MESSAGE][PASSED] - Method 'tearDownMethodIfFailed' complete successfully]]></system-out>
         <system-err><![CDATA[2021-02-19 16:43:33 - [TEST_CASE][FAILED] - Test Cases/UploadDiffFiles_RegisterUser/TC_As a register user, Upload Adobe PhotoShop File and verify Uploded file in Submission Page: Test Cases/UploadDiffFiles_RegisterUser/TC_As a register user, Upload Adobe PhotoShop File and verify Uploded file in Submission Page FAILED.
Reason:
com.kms.katalon.core.exception.StepFailedException: Unable to send keys '0' to object 'Object Repository/LoginAndRigisterUser/otpTwo'
	at com.kms.katalon.core.webui.keyword.internal.WebUIKeywordMain.stepFailed(WebUIKeywordMain.groovy:64)
	at com.kms.katalon.core.webui.keyword.internal.WebUIKeywordMain.runKeyword(WebUIKeywordMain.groovy:26)
	at com.kms.katalon.core.webui.keyword.builtin.SendKeysKeyword.sendKeys(SendKeysKeyword.groovy:60)
	at com.kms.katalon.core.webui.keyword.builtin.SendKeysKeyword.execute(SendKeysKeyword.groovy:38)
	at com.kms.katalon.core.keyword.internal.KeywordExecutor.executeKeywordForPlatform(KeywordExecutor.groovy:73)
	at com.kms.katalon.core.webui.keyword.WebUiBuiltInKeywords.sendKeys(WebUiBuiltInKeywords.groovy:861)
	at com.kms.katalon.core.webui.keyword.WebUiBuiltInKeywords$sendKeys$4.call(Unknown Source)
	at customKeywords.commanFunctions.otpLogin(commanFunctions.groovy:83)
	at customKeywords.commanFunctions.uploadFileOfRegisterUser(commanFunctions.groovy:755)
	at customKeywords.commanFunctions.invokeMethod(commanFunctions.groovy)
	at com.kms.katalon.core.main.CustomKeywordDelegatingMetaClass.invokeStaticMethod(CustomKeywordDelegatingMetaClass.java:50)
	at TC_As a register user, Upload Adobe PhotoShop File and verify Uploded file in Submission Page.run(TC_As a register user, Upload Adobe PhotoShop File and verify Uploded file in Submission Page:16)
	at com.kms.katalon.core.main.ScriptEngine.run(ScriptEngine.java:194)
	at com.kms.katalon.core.main.ScriptEngine.runScriptAsRawText(ScriptEngine.java:119)
	at com.kms.katalon.core.main.TestCaseExecutor.runScript(TestCaseExecutor.java:394)
	at com.kms.katalon.core.main.TestCaseExecutor.doExecute(TestCaseExecutor.java:385)
	at com.kms.katalon.core.main.TestCaseExecutor.processExecutionPhase(TestCaseExecutor.java:364)
	at com.kms.katalon.core.main.TestCaseExecutor.accessMainPhase(TestCaseExecutor.java:356)
	at com.kms.katalon.core.main.TestCaseExecutor.execute(TestCaseExecutor.java:251)
	at com.kms.katalon.core.main.TestSuiteExecutor.accessTestCaseMainPhase(TestSuiteExecutor.java:203)
	at com.kms.katalon.core.main.TestSuiteExecutor.accessTestSuiteMainPhase(TestSuiteExecutor.java:152)
	at com.kms.katalon.core.main.TestSuiteExecutor.execute(TestSuiteExecutor.java:95)
	at com.kms.katalon.core.main.TestCaseMain.startTestSuite(TestCaseMain.java:157)
	at com.kms.katalon.core.main.TestCaseMain$startTestSuite$0.call(Unknown Source)
	at TempTestSuite1613733199540.run(TempTestSuite1613733199540.groovy:39)
Caused by: org.openqa.selenium.WebDriverException: chrome not reachable
  (Session info: chrome=86.0.4240.75)
Build info: version: '3.141.59', revision: 'e82be7d358', time: '2018-11-14T08:25:53'
System info: host: 'OMTPGCN1132568L', ip: '192.168.1.1', os.name: 'Windows 10', os.arch: 'amd64', os.version: '10.0', java.version: '1.8.0_181'
Driver info: com.kms.katalon.selenium.driver.CChromeDriver
Capabilities {acceptInsecureCerts: false, browserName: chrome, browserVersion: 86.0.4240.75, chrome: {chromedriverVersion: 86.0.4240.22 (398b0743353ff..., userDataDir: C:\Users\ashok\AppData\Loca...}, goog:chromeOptions: {debuggerAddress: localhost:50604}, javascriptEnabled: true, networkConnectionEnabled: false, pageLoadStrategy: normal, platform: WINDOWS, platformName: WINDOWS, proxy: Proxy(), setWindowRect: true, strictFileInteractability: false, timeouts: {implicit: 0, pageLoad: 300000, script: 30000}, unhandledPromptBehavior: dismiss and notify, webauthn:virtualAuthenticators: true}
Session ID: c9b590d537a02cd133b1ae1555c423ff
*** Element info: {Using=xpath, value=//*[@id='otp_2']}
	at org.openqa.selenium.remote.http.W3CHttpResponseCodec.createException(W3CHttpResponseCodec.java:187)
	at org.openqa.selenium.remote.http.W3CHttpResponseCodec.decode(W3CHttpResponseCodec.java:122)
	at org.openqa.selenium.remote.http.W3CHttpResponseCodec.decode(W3CHttpResponseCodec.java:49)
	at org.openqa.selenium.remote.HttpCommandExecutor.execute(HttpCommandExecutor.java:158)
	at org.openqa.selenium.remote.service.DriverCommandExecutor.execute(DriverCommandExecutor.java:83)
	at org.openqa.selenium.remote.RemoteWebDriver.execute(RemoteWebDriver.java:552)
	at com.kms.katalon.selenium.driver.CChromeDriver.execute(CChromeDriver.java:19)
	at org.openqa.selenium.remote.RemoteWebDriver.findElements(RemoteWebDriver.java:353)
	at org.openqa.selenium.remote.RemoteWebDriver.findElementsByXPath(RemoteWebDriver.java:432)
	at org.openqa.selenium.By$ByXPath.findElements(By.java:348)
	at org.openqa.selenium.remote.RemoteWebDriver.findElements(RemoteWebDriver.java:311)
	at org.openqa.selenium.support.events.EventFiringWebDriver.lambda$new$1(EventFiringWebDriver.java:105)
	at com.sun.proxy.$Proxy11.findElements(Unknown Source)
	at org.openqa.selenium.support.events.EventFiringWebDriver.findElements(EventFiringWebDriver.java:182)
	at com.kms.katalon.core.webui.common.WebUiCommonHelper.findElementByNormalMethods(WebUiCommonHelper.java:1014)
	at com.kms.katalon.core.webui.common.WebUiCommonHelper.findElementsBySelectedMethod(WebUiCommonHelper.java:903)
	at com.kms.katalon.core.webui.common.WebUiCommonHelper.findElementsBySelectedMethod(WebUiCommonHelper.java:892)
	at com.kms.katalon.core.webui.common.WebUiCommonHelper.findElementsBySelectedMethod(WebUiCommonHelper.java:887)
	at com.kms.katalon.core.webui.common.WebUiCommonHelper.findElementsByDefault(WebUiCommonHelper.java:883)
	at com.kms.katalon.core.webui.common.WebUiCommonHelper.findElementsWithSelfHealing(WebUiCommonHelper.java:733)
	at com.kms.katalon.core.webui.common.WebUiCommonHelper.findWebElements(WebUiCommonHelper.java:718)
	at com.kms.katalon.core.webui.common.WebUiCommonHelper.findWebElement(WebUiCommonHelper.java:1364)
	at com.kms.katalon.core.webui.keyword.internal.WebUIAbstractKeyword.findWebElement(WebUIAbstractKeyword.groovy:27)
	at com.kms.katalon.core.webui.keyword.internal.WebUIAbstractKeyword.findWebElement(WebUIAbstractKeyword.groovy:26)
	at com.kms.katalon.core.webui.keyword.builtin.SendKeysKeyword$_sendKeys_closure1.doCall(SendKeysKeyword.groovy:52)
	at com.kms.katalon.core.webui.keyword.builtin.SendKeysKeyword$_sendKeys_closure1.call(SendKeysKeyword.groovy)
	at com.kms.katalon.core.webui.keyword.internal.WebUIKeywordMain.runKeyword(WebUIKeywordMain.groovy:20)
	... 23 more]]></system-err>
      </testcase>
      <testcase name="Test Cases/UploadDiffFiles_RegisterUser/TC_As a register user, Upload Basic Audio File and verify Uploded file in Submission Page" time="13.846" classname="Test Cases/UploadDiffFiles_RegisterUser/TC_As a register user, Upload Basic Audio File and verify Uploded file in Submission Page" status="FAILED">
         <failure type="FAILED" message="Test Cases/UploadDiffFiles_RegisterUser/TC_As a register user, Upload Basic Audio File and verify Uploded file in Submission Page FAILED.
Reason:
com.kms.katalon.core.exception.StepFailedException: Unable to open browser with url: 'https://Inspect.Stage.site.sa'
	at com.kms.katalon.core.webui.keyword.internal.WebUIKeywordMain.stepFailed(WebUIKeywordMain.groovy:64)
	at com.kms.katalon.core.webui.keyword.internal.WebUIKeywordMain.runKeyword(WebUIKeywordMain.groovy:26)
	at com.kms.katalon.core.webui.keyword.builtin.OpenBrowserKeyword.openBrowser(OpenBrowserKeyword.groovy:81)
	at com.kms.katalon.core.webui.keyword.builtin.OpenBrowserKeyword.execute(OpenBrowserKeyword.groovy:67)
	at com.kms.katalon.core.keyword.internal.KeywordExecutor.executeKeywordForPlatform(KeywordExecutor.groovy:73)
	at com.kms.katalon.core.webui.keyword.WebUiBuiltInKeywords.openBrowser(WebUiBuiltInKeywords.groovy:61)
	at com.kms.katalon.core.webui.keyword.WebUiBuiltInKeywords$openBrowser.call(Unknown Source)
	at customKeywords.commanFunctions.openBrowser(commanFunctions.groovy:47)
	at customKeywords.commanFunctions.uploadFileOfRegisterUser(commanFunctions.groovy:747)
	at customKeywords.commanFunctions.invokeMethod(commanFunctions.groovy)
	at com.kms.katalon.core.main.CustomKeywordDelegatingMetaClass.invokeStaticMethod(CustomKeywordDelegatingMetaClass.java:50)
	at TC_As a register user, Upload Basic Audio File and verify Uploded file in Submission Page.run(TC_As a register user, Upload Basic Audio File and verify Uploded file in Submission Page:16)
	at com.kms.katalon.core.main.ScriptEngine.run(ScriptEngine.java:194)
	at com.kms.katalon.core.main.ScriptEngine.runScriptAsRawText(ScriptEngine.java:119)
	at com.kms.katalon.core.main.TestCaseExecutor.runScript(TestCaseExecutor.java:394)
	at com.kms.katalon.core.main.TestCaseExecutor.doExecute(TestCaseExecutor.java:385)
	at com.kms.katalon.core.main.TestCaseExecutor.processExecutionPhase(TestCaseExecutor.java:364)
	at com.kms.katalon.core.main.TestCaseExecutor.accessMainPhase(TestCaseExecutor.java:356)
	at com.kms.katalon.core.main.TestCaseExecutor.execute(TestCaseExecutor.java:251)
	at com.kms.katalon.core.main.TestSuiteExecutor.accessTestCaseMainPhase(TestSuiteExecutor.java:203)
	at com.kms.katalon.core.main.TestSuiteExecutor.accessTestSuiteMainPhase(TestSuiteExecutor.java:152)
	at com.kms.katalon.core.main.TestSuiteExecutor.execute(TestSuiteExecutor.java:95)
	at com.kms.katalon.core.main.TestCaseMain.startTestSuite(TestCaseMain.java:157)
	at com.kms.katalon.core.main.TestCaseMain$startTestSuite$0.call(Unknown Source)
	at TempTestSuite1613733199540.run(TempTestSuite1613733199540.groovy:39)
Caused by: org.openqa.selenium.SessionNotCreatedException: session not created
from chrome not reachable
  (Session info: chrome=86.0.4240.75)
Build info: version: '3.141.59', revision: 'e82be7d358', time: '2018-11-14T08:25:53'
System info: host: 'OMTPGCN1132568L', ip: '192.168.1.1', os.name: 'Windows 10', os.arch: 'amd64', os.version: '10.0', java.version: '1.8.0_181'
Driver info: driver.version: CChromeDriver
remote stacktrace: Backtrace:
	Ordinal0 [0x00A8C013+3194899]
	Ordinal0 [0x00976021+2056225]
	Ordinal0 [0x0080F4B0+586928]
	Ordinal0 [0x00805894+546964]
	Ordinal0 [0x00805F2C+548652]
	Ordinal0 [0x00807175+553333]
	Ordinal0 [0x0080241E+533534]
	Ordinal0 [0x00810620+591392]
	Ordinal0 [0x007B2A0C+207372]
	Ordinal0 [0x007B1D0D+204045]
	Ordinal0 [0x007AFC1B+195611]
	Ordinal0 [0x00793B7F+80767]
	Ordinal0 [0x00794B4E+84814]
	Ordinal0 [0x00794AD9+84697]
	Ordinal0 [0x0098CE64+2149988]
	GetHandleVerifier [0x00BFBE95+1400773]
	GetHandleVerifier [0x00BFBB61+1399953]
	GetHandleVerifier [0x00C031FA+1430314]
	GetHandleVerifier [0x00BFC69F+1402831]
	Ordinal0 [0x00983D61+2112865]
	Ordinal0 [0x0098E5CB+2155979]
	Ordinal0 [0x0098E6F5+2156277]
	Ordinal0 [0x0099F26E+2224750]
	BaseThreadInitThunk [0x77026359+25]
	RtlGetAppContainerNamedObjectPath [0x77BD8944+228]
	RtlGetAppContainerNamedObjectPath [0x77BD8914+180]

	at org.openqa.selenium.remote.W3CHandshakeResponse.lambda$errorHandler$0(W3CHandshakeResponse.java:62)
	at org.openqa.selenium.remote.HandshakeResponse.lambda$getResponseFunction$0(HandshakeResponse.java:30)
	at org.openqa.selenium.remote.ProtocolHandshake.lambda$createSession$0(ProtocolHandshake.java:126)
	at org.openqa.selenium.remote.ProtocolHandshake.createSession(ProtocolHandshake.java:128)
	at org.openqa.selenium.remote.ProtocolHandshake.createSession(ProtocolHandshake.java:74)
	at org.openqa.selenium.remote.HttpCommandExecutor.execute(HttpCommandExecutor.java:136)
	at org.openqa.selenium.remote.service.DriverCommandExecutor.execute(DriverCommandExecutor.java:83)
	at org.openqa.selenium.remote.RemoteWebDriver.execute(RemoteWebDriver.java:552)
	at com.kms.katalon.selenium.driver.CChromeDriver.execute(CChromeDriver.java:19)
	at org.openqa.selenium.remote.RemoteWebDriver.startSession(RemoteWebDriver.java:213)
	at org.openqa.selenium.remote.RemoteWebDriver.&lt;init>(RemoteWebDriver.java:131)
	at org.openqa.selenium.chrome.ChromeDriver.&lt;init>(ChromeDriver.java:181)
	at org.openqa.selenium.chrome.ChromeDriver.&lt;init>(ChromeDriver.java:147)
	at com.kms.katalon.selenium.driver.CChromeDriver.&lt;init>(CChromeDriver.java:13)
	at com.kms.katalon.core.webui.driver.DriverFactory.createNewChromeDriver(DriverFactory.java:400)
	at com.kms.katalon.core.webui.driver.DriverFactory.startNewBrowser(DriverFactory.java:358)
	at com.kms.katalon.core.webui.driver.DriverFactory.openWebDriver(DriverFactory.java:245)
	at com.kms.katalon.core.webui.keyword.builtin.OpenBrowserKeyword$_openBrowser_closure1.doCall(OpenBrowserKeyword.groovy:74)
	at com.kms.katalon.core.webui.keyword.builtin.OpenBrowserKeyword$_openBrowser_closure1.call(OpenBrowserKeyword.groovy)
	at com.kms.katalon.core.webui.keyword.internal.WebUIKeywordMain.runKeyword(WebUIKeywordMain.groovy:20)
	... 23 more
"/>
         <system-out><![CDATA[2021-02-19 16:44:23 - [TEST_CASE][FAILED] - Test Cases/UploadDiffFiles_RegisterUser/TC_As a register user, Upload Basic Audio File and verify Uploded file in Submission Page: Test Cases/UploadDiffFiles_RegisterUser/TC_As a register user, Upload Basic Audio File and verify Uploded file in Submission Page FAILED.
Reason:
com.kms.katalon.core.exception.StepFailedException: Unable to open browser with url: 'https://Inspect.Stage.site.sa'
	at com.kms.katalon.core.webui.keyword.internal.WebUIKeywordMain.stepFailed(WebUIKeywordMain.groovy:64)
	at com.kms.katalon.core.webui.keyword.internal.WebUIKeywordMain.runKeyword(WebUIKeywordMain.groovy:26)
	at com.kms.katalon.core.webui.keyword.builtin.OpenBrowserKeyword.openBrowser(OpenBrowserKeyword.groovy:81)
	at com.kms.katalon.core.webui.keyword.builtin.OpenBrowserKeyword.execute(OpenBrowserKeyword.groovy:67)
	at com.kms.katalon.core.keyword.internal.KeywordExecutor.executeKeywordForPlatform(KeywordExecutor.groovy:73)
	at com.kms.katalon.core.webui.keyword.WebUiBuiltInKeywords.openBrowser(WebUiBuiltInKeywords.groovy:61)
	at com.kms.katalon.core.webui.keyword.WebUiBuiltInKeywords$openBrowser.call(Unknown Source)
	at customKeywords.commanFunctions.openBrowser(commanFunctions.groovy:47)
	at customKeywords.commanFunctions.uploadFileOfRegisterUser(commanFunctions.groovy:747)
	at customKeywords.commanFunctions.invokeMethod(commanFunctions.groovy)
	at com.kms.katalon.core.main.CustomKeywordDelegatingMetaClass.invokeStaticMethod(CustomKeywordDelegatingMetaClass.java:50)
	at TC_As a register user, Upload Basic Audio File and verify Uploded file in Submission Page.run(TC_As a register user, Upload Basic Audio File and verify Uploded file in Submission Page:16)
	at com.kms.katalon.core.main.ScriptEngine.run(ScriptEngine.java:194)
	at com.kms.katalon.core.main.ScriptEngine.runScriptAsRawText(ScriptEngine.java:119)
	at com.kms.katalon.core.main.TestCaseExecutor.runScript(TestCaseExecutor.java:394)
	at com.kms.katalon.core.main.TestCaseExecutor.doExecute(TestCaseExecutor.java:385)
	at com.kms.katalon.core.main.TestCaseExecutor.processExecutionPhase(TestCaseExecutor.java:364)
	at com.kms.katalon.core.main.TestCaseExecutor.accessMainPhase(TestCaseExecutor.java:356)
	at com.kms.katalon.core.main.TestCaseExecutor.execute(TestCaseExecutor.java:251)
	at com.kms.katalon.core.main.TestSuiteExecutor.accessTestCaseMainPhase(TestSuiteExecutor.java:203)
	at com.kms.katalon.core.main.TestSuiteExecutor.accessTestSuiteMainPhase(TestSuiteExecutor.java:152)
	at com.kms.katalon.core.main.TestSuiteExecutor.execute(TestSuiteExecutor.java:95)
	at com.kms.katalon.core.main.TestCaseMain.startTestSuite(TestCaseMain.java:157)
	at com.kms.katalon.core.main.TestCaseMain$startTestSuite$0.call(Unknown Source)
	at TempTestSuite1613733199540.run(TempTestSuite1613733199540.groovy:39)
Caused by: org.openqa.selenium.SessionNotCreatedException: session not created
from chrome not reachable
  (Session info: chrome=86.0.4240.75)
Build info: version: '3.141.59', revision: 'e82be7d358', time: '2018-11-14T08:25:53'
System info: host: 'OMTPGCN1132568L', ip: '192.168.1.1', os.name: 'Windows 10', os.arch: 'amd64', os.version: '10.0', java.version: '1.8.0_181'
Driver info: driver.version: CChromeDriver
remote stacktrace: Backtrace:
	Ordinal0 [0x00A8C013+3194899]
	Ordinal0 [0x00976021+2056225]
	Ordinal0 [0x0080F4B0+586928]
	Ordinal0 [0x00805894+546964]
	Ordinal0 [0x00805F2C+548652]
	Ordinal0 [0x00807175+553333]
	Ordinal0 [0x0080241E+533534]
	Ordinal0 [0x00810620+591392]
	Ordinal0 [0x007B2A0C+207372]
	Ordinal0 [0x007B1D0D+204045]
	Ordinal0 [0x007AFC1B+195611]
	Ordinal0 [0x00793B7F+80767]
	Ordinal0 [0x00794B4E+84814]
	Ordinal0 [0x00794AD9+84697]
	Ordinal0 [0x0098CE64+2149988]
	GetHandleVerifier [0x00BFBE95+1400773]
	GetHandleVerifier [0x00BFBB61+1399953]
	GetHandleVerifier [0x00C031FA+1430314]
	GetHandleVerifier [0x00BFC69F+1402831]
	Ordinal0 [0x00983D61+2112865]
	Ordinal0 [0x0098E5CB+2155979]
	Ordinal0 [0x0098E6F5+2156277]
	Ordinal0 [0x0099F26E+2224750]
	BaseThreadInitThunk [0x77026359+25]
	RtlGetAppContainerNamedObjectPath [0x77BD8944+228]
	RtlGetAppContainerNamedObjectPath [0x77BD8914+180]

	at org.openqa.selenium.remote.W3CHandshakeResponse.lambda$errorHandler$0(W3CHandshakeResponse.java:62)
	at org.openqa.selenium.remote.HandshakeResponse.lambda$getResponseFunction$0(HandshakeResponse.java:30)
	at org.openqa.selenium.remote.ProtocolHandshake.lambda$createSession$0(ProtocolHandshake.java:126)
	at org.openqa.selenium.remote.ProtocolHandshake.createSession(ProtocolHandshake.java:128)
	at org.openqa.selenium.remote.ProtocolHandshake.createSession(ProtocolHandshake.java:74)
	at org.openqa.selenium.remote.HttpCommandExecutor.execute(HttpCommandExecutor.java:136)
	at org.openqa.selenium.remote.service.DriverCommandExecutor.execute(DriverCommandExecutor.java:83)
	at org.openqa.selenium.remote.RemoteWebDriver.execute(RemoteWebDriver.java:552)
	at com.kms.katalon.selenium.driver.CChromeDriver.execute(CChromeDriver.java:19)
	at org.openqa.selenium.remote.RemoteWebDriver.startSession(RemoteWebDriver.java:213)
	at org.openqa.selenium.remote.RemoteWebDriver.<init>(RemoteWebDriver.java:131)
	at org.openqa.selenium.chrome.ChromeDriver.<init>(ChromeDriver.java:181)
	at org.openqa.selenium.chrome.ChromeDriver.<init>(ChromeDriver.java:147)
	at com.kms.katalon.selenium.driver.CChromeDriver.<init>(CChromeDriver.java:13)
	at com.kms.katalon.core.webui.driver.DriverFactory.createNewChromeDriver(DriverFactory.java:400)
	at com.kms.katalon.core.webui.driver.DriverFactory.startNewBrowser(DriverFactory.java:358)
	at com.kms.katalon.core.webui.driver.DriverFactory.openWebDriver(DriverFactory.java:245)
	at com.kms.katalon.core.webui.keyword.builtin.OpenBrowserKeyword$_openBrowser_closure1.doCall(OpenBrowserKeyword.groovy:74)
	at com.kms.katalon.core.webui.keyword.builtin.OpenBrowserKeyword$_openBrowser_closure1.call(OpenBrowserKeyword.groovy)
	at com.kms.katalon.core.webui.keyword.internal.WebUIKeywordMain.runKeyword(WebUIKeywordMain.groovy:20)
	... 23 more


2021-02-19 16:44:23 - [TEST_STEP][PASSED] - excelTestData = findTestData("Data Files/TestData/InspectTestData"): null

2021-02-19 16:44:23 - [TEST_STEP][PASSED] - rigisterUN = excelTestData.getValue(2, 23): null

2021-02-19 16:44:23 - [TEST_STEP][PASSED] - rigisterPW = excelTestData.getValue(3, 23): null

2021-02-19 16:44:23 - [TEST_STEP][FAILED] - customKeywords.commanFunctions.uploadFileOfRegisterUser(264, rigisterUN, rigisterPW): Unable to open browser with url: 'https://Inspect.Stage.site.sa'

2021-02-19 16:44:23 - [MESSAGE][INFO] - Starting 'Chrome' driver

2021-02-19 16:44:23 - [MESSAGE][INFO] - Action delay is set to 0 milliseconds

2021-02-19 16:44:36 - [MESSAGE][FAILED] - Unable to open browser with url: 'https://Inspect.Stage.site.sa' (Root cause: com.kms.katalon.core.exception.StepFailedException: Unable to open browser with url: 'https://Inspect.Stage.site.sa'
	at com.kms.katalon.core.webui.keyword.internal.WebUIKeywordMain.stepFailed(WebUIKeywordMain.groovy:64)
	at com.kms.katalon.core.webui.keyword.internal.WebUIKeywordMain.runKeyword(WebUIKeywordMain.groovy:26)
	at com.kms.katalon.core.webui.keyword.builtin.OpenBrowserKeyword.openBrowser(OpenBrowserKeyword.groovy:81)
	at com.kms.katalon.core.webui.keyword.builtin.OpenBrowserKeyword.execute(OpenBrowserKeyword.groovy:67)
	at com.kms.katalon.core.keyword.internal.KeywordExecutor.executeKeywordForPlatform(KeywordExecutor.groovy:73)
	at com.kms.katalon.core.webui.keyword.WebUiBuiltInKeywords.openBrowser(WebUiBuiltInKeywords.groovy:61)
	at com.kms.katalon.core.webui.keyword.WebUiBuiltInKeywords$openBrowser.call(Unknown Source)
	at customKeywords.commanFunctions.openBrowser(commanFunctions.groovy:47)
	at customKeywords.commanFunctions.uploadFileOfRegisterUser(commanFunctions.groovy:747)
	at customKeywords.commanFunctions.invokeMethod(commanFunctions.groovy)
	at com.kms.katalon.core.main.CustomKeywordDelegatingMetaClass.invokeStaticMethod(CustomKeywordDelegatingMetaClass.java:50)
	at TC_As a register user, Upload Basic Audio File and verify Uploded file in Submission Page.run(TC_As a register user, Upload Basic Audio File and verify Uploded file in Submission Page:16)
	at com.kms.katalon.core.main.ScriptEngine.run(ScriptEngine.java:194)
	at com.kms.katalon.core.main.ScriptEngine.runScriptAsRawText(ScriptEngine.java:119)
	at com.kms.katalon.core.main.TestCaseExecutor.runScript(TestCaseExecutor.java:394)
	at com.kms.katalon.core.main.TestCaseExecutor.doExecute(TestCaseExecutor.java:385)
	at com.kms.katalon.core.main.TestCaseExecutor.processExecutionPhase(TestCaseExecutor.java:364)
	at com.kms.katalon.core.main.TestCaseExecutor.accessMainPhase(TestCaseExecutor.java:356)
	at com.kms.katalon.core.main.TestCaseExecutor.execute(TestCaseExecutor.java:251)
	at com.kms.katalon.core.main.TestSuiteExecutor.accessTestCaseMainPhase(TestSuiteExecutor.java:203)
	at com.kms.katalon.core.main.TestSuiteExecutor.accessTestSuiteMainPhase(TestSuiteExecutor.java:152)
	at com.kms.katalon.core.main.TestSuiteExecutor.execute(TestSuiteExecutor.java:95)
	at com.kms.katalon.core.main.TestCaseMain.startTestSuite(TestCaseMain.java:157)
	at com.kms.katalon.core.main.TestCaseMain$startTestSuite$0.call(Unknown Source)
	at TempTestSuite1613733199540.run(TempTestSuite1613733199540.groovy:39)
Caused by: org.openqa.selenium.SessionNotCreatedException: session not created
from chrome not reachable
  (Session info: chrome=86.0.4240.75)
Build info: version: '3.141.59', revision: 'e82be7d358', time: '2018-11-14T08:25:53'
System info: host: 'OMTPGCN1132568L', ip: '192.168.1.1', os.name: 'Windows 10', os.arch: 'amd64', os.version: '10.0', java.version: '1.8.0_181'
Driver info: driver.version: CChromeDriver
remote stacktrace: Backtrace:
	Ordinal0 [0x00A8C013+3194899]
	Ordinal0 [0x00976021+2056225]
	Ordinal0 [0x0080F4B0+586928]
	Ordinal0 [0x00805894+546964]
	Ordinal0 [0x00805F2C+548652]
	Ordinal0 [0x00807175+553333]
	Ordinal0 [0x0080241E+533534]
	Ordinal0 [0x00810620+591392]
	Ordinal0 [0x007B2A0C+207372]
	Ordinal0 [0x007B1D0D+204045]
	Ordinal0 [0x007AFC1B+195611]
	Ordinal0 [0x00793B7F+80767]
	Ordinal0 [0x00794B4E+84814]
	Ordinal0 [0x00794AD9+84697]
	Ordinal0 [0x0098CE64+2149988]
	GetHandleVerifier [0x00BFBE95+1400773]
	GetHandleVerifier [0x00BFBB61+1399953]
	GetHandleVerifier [0x00C031FA+1430314]
	GetHandleVerifier [0x00BFC69F+1402831]
	Ordinal0 [0x00983D61+2112865]
	Ordinal0 [0x0098E5CB+2155979]
	Ordinal0 [0x0098E6F5+2156277]
	Ordinal0 [0x0099F26E+2224750]
	BaseThreadInitThunk [0x77026359+25]
	RtlGetAppContainerNamedObjectPath [0x77BD8944+228]
	RtlGetAppContainerNamedObjectPath [0x77BD8914+180]

	at org.openqa.selenium.remote.W3CHandshakeResponse.lambda$errorHandler$0(W3CHandshakeResponse.java:62)
	at org.openqa.selenium.remote.HandshakeResponse.lambda$getResponseFunction$0(HandshakeResponse.java:30)
	at org.openqa.selenium.remote.ProtocolHandshake.lambda$createSession$0(ProtocolHandshake.java:126)
	at org.openqa.selenium.remote.ProtocolHandshake.createSession(ProtocolHandshake.java:128)
	at org.openqa.selenium.remote.ProtocolHandshake.createSession(ProtocolHandshake.java:74)
	at org.openqa.selenium.remote.HttpCommandExecutor.execute(HttpCommandExecutor.java:136)
	at org.openqa.selenium.remote.service.DriverCommandExecutor.execute(DriverCommandExecutor.java:83)
	at org.openqa.selenium.remote.RemoteWebDriver.execute(RemoteWebDriver.java:552)
	at com.kms.katalon.selenium.driver.CChromeDriver.execute(CChromeDriver.java:19)
	at org.openqa.selenium.remote.RemoteWebDriver.startSession(RemoteWebDriver.java:213)
	at org.openqa.selenium.remote.RemoteWebDriver.<init>(RemoteWebDriver.java:131)
	at org.openqa.selenium.chrome.ChromeDriver.<init>(ChromeDriver.java:181)
	at org.openqa.selenium.chrome.ChromeDriver.<init>(ChromeDriver.java:147)
	at com.kms.katalon.selenium.driver.CChromeDriver.<init>(CChromeDriver.java:13)
	at com.kms.katalon.core.webui.driver.DriverFactory.createNewChromeDriver(DriverFactory.java:400)
	at com.kms.katalon.core.webui.driver.DriverFactory.startNewBrowser(DriverFactory.java:358)
	at com.kms.katalon.core.webui.driver.DriverFactory.openWebDriver(DriverFactory.java:245)
	at com.kms.katalon.core.webui.keyword.builtin.OpenBrowserKeyword$_openBrowser_closure1.doCall(OpenBrowserKeyword.groovy:74)
	at com.kms.katalon.core.webui.keyword.builtin.OpenBrowserKeyword$_openBrowser_closure1.call(OpenBrowserKeyword.groovy)
	at com.kms.katalon.core.webui.keyword.internal.WebUIKeywordMain.runKeyword(WebUIKeywordMain.groovy:20)
	at com.kms.katalon.core.webui.keyword.builtin.OpenBrowserKeyword.openBrowser(OpenBrowserKeyword.groovy:81)
	at com.kms.katalon.core.webui.keyword.builtin.OpenBrowserKeyword.execute(OpenBrowserKeyword.groovy:67)
	at com.kms.katalon.core.keyword.internal.KeywordExecutor.executeKeywordForPlatform(KeywordExecutor.groovy:73)
	at com.kms.katalon.core.webui.keyword.WebUiBuiltInKeywords.openBrowser(WebUiBuiltInKeywords.groovy:61)
	at com.kms.katalon.core.webui.keyword.WebUiBuiltInKeywords$openBrowser.call(Unknown Source)
	at customKeywords.commanFunctions.openBrowser(commanFunctions.groovy:47)
	at customKeywords.commanFunctions.uploadFileOfRegisterUser(commanFunctions.groovy:747)
	at customKeywords.commanFunctions.invokeMethod(commanFunctions.groovy)
	at com.kms.katalon.core.main.CustomKeywordDelegatingMetaClass.invokeStaticMethod(CustomKeywordDelegatingMetaClass.java:50)
	at Script1613387649076.run(Script1613387649076.groovy:16)
	... 13 more
)

2021-02-19 16:44:36 - [MESSAGE][FAILED] - Unable to open browser with url: 'https://Inspect.Stage.site.sa'

2021-02-19 16:44:36 - [TEST_STEP][PASSED] - Start tear down : tearDownMethodIfFailed: Method 'tearDownMethodIfFailed' complete successfully

2021-02-19 16:44:36 - [TEST_STEP][PASSED] - customKeywords.commanFunctions.onlyCloseBrowser(): customKeywords.commanFunctions.onlyCloseBrowser is PASSED

2021-02-19 16:44:37 - [MESSAGE][PASSED] - Browser is closed

2021-02-19 16:44:37 - [MESSAGE][PASSED] - customKeywords.commanFunctions.onlyCloseBrowser is PASSED

2021-02-19 16:44:37 - [TEST_STEP][PASSED] - logInfo("[--------This is tearDownIfFailed method------]"): [--------This is tearDownIfFailed method------]

2021-02-19 16:44:37 - [MESSAGE][INFO] - [--------This is tearDownIfFailed method------]

2021-02-19 16:44:37 - [MESSAGE][PASSED] - Method 'tearDownMethodIfFailed' complete successfully]]></system-out>
         <system-err><![CDATA[2021-02-19 16:44:23 - [TEST_CASE][FAILED] - Test Cases/UploadDiffFiles_RegisterUser/TC_As a register user, Upload Basic Audio File and verify Uploded file in Submission Page: Test Cases/UploadDiffFiles_RegisterUser/TC_As a register user, Upload Basic Audio File and verify Uploded file in Submission Page FAILED.
Reason:
com.kms.katalon.core.exception.StepFailedException: Unable to open browser with url: 'https://Inspect.Stage.site.sa'
	at com.kms.katalon.core.webui.keyword.internal.WebUIKeywordMain.stepFailed(WebUIKeywordMain.groovy:64)
	at com.kms.katalon.core.webui.keyword.internal.WebUIKeywordMain.runKeyword(WebUIKeywordMain.groovy:26)
	at com.kms.katalon.core.webui.keyword.builtin.OpenBrowserKeyword.openBrowser(OpenBrowserKeyword.groovy:81)
	at com.kms.katalon.core.webui.keyword.builtin.OpenBrowserKeyword.execute(OpenBrowserKeyword.groovy:67)
	at com.kms.katalon.core.keyword.internal.KeywordExecutor.executeKeywordForPlatform(KeywordExecutor.groovy:73)
	at com.kms.katalon.core.webui.keyword.WebUiBuiltInKeywords.openBrowser(WebUiBuiltInKeywords.groovy:61)
	at com.kms.katalon.core.webui.keyword.WebUiBuiltInKeywords$openBrowser.call(Unknown Source)
	at customKeywords.commanFunctions.openBrowser(commanFunctions.groovy:47)
	at customKeywords.commanFunctions.uploadFileOfRegisterUser(commanFunctions.groovy:747)
	at customKeywords.commanFunctions.invokeMethod(commanFunctions.groovy)
	at com.kms.katalon.core.main.CustomKeywordDelegatingMetaClass.invokeStaticMethod(CustomKeywordDelegatingMetaClass.java:50)
	at TC_As a register user, Upload Basic Audio File and verify Uploded file in Submission Page.run(TC_As a register user, Upload Basic Audio File and verify Uploded file in Submission Page:16)
	at com.kms.katalon.core.main.ScriptEngine.run(ScriptEngine.java:194)
	at com.kms.katalon.core.main.ScriptEngine.runScriptAsRawText(ScriptEngine.java:119)
	at com.kms.katalon.core.main.TestCaseExecutor.runScript(TestCaseExecutor.java:394)
	at com.kms.katalon.core.main.TestCaseExecutor.doExecute(TestCaseExecutor.java:385)
	at com.kms.katalon.core.main.TestCaseExecutor.processExecutionPhase(TestCaseExecutor.java:364)
	at com.kms.katalon.core.main.TestCaseExecutor.accessMainPhase(TestCaseExecutor.java:356)
	at com.kms.katalon.core.main.TestCaseExecutor.execute(TestCaseExecutor.java:251)
	at com.kms.katalon.core.main.TestSuiteExecutor.accessTestCaseMainPhase(TestSuiteExecutor.java:203)
	at com.kms.katalon.core.main.TestSuiteExecutor.accessTestSuiteMainPhase(TestSuiteExecutor.java:152)
	at com.kms.katalon.core.main.TestSuiteExecutor.execute(TestSuiteExecutor.java:95)
	at com.kms.katalon.core.main.TestCaseMain.startTestSuite(TestCaseMain.java:157)
	at com.kms.katalon.core.main.TestCaseMain$startTestSuite$0.call(Unknown Source)
	at TempTestSuite1613733199540.run(TempTestSuite1613733199540.groovy:39)
Caused by: org.openqa.selenium.SessionNotCreatedException: session not created
from chrome not reachable
  (Session info: chrome=86.0.4240.75)
Build info: version: '3.141.59', revision: 'e82be7d358', time: '2018-11-14T08:25:53'
System info: host: 'OMTPGCN1132568L', ip: '192.168.1.1', os.name: 'Windows 10', os.arch: 'amd64', os.version: '10.0', java.version: '1.8.0_181'
Driver info: driver.version: CChromeDriver
remote stacktrace: Backtrace:
	Ordinal0 [0x00A8C013+3194899]
	Ordinal0 [0x00976021+2056225]
	Ordinal0 [0x0080F4B0+586928]
	Ordinal0 [0x00805894+546964]
	Ordinal0 [0x00805F2C+548652]
	Ordinal0 [0x00807175+553333]
	Ordinal0 [0x0080241E+533534]
	Ordinal0 [0x00810620+591392]
	Ordinal0 [0x007B2A0C+207372]
	Ordinal0 [0x007B1D0D+204045]
	Ordinal0 [0x007AFC1B+195611]
	Ordinal0 [0x00793B7F+80767]
	Ordinal0 [0x00794B4E+84814]
	Ordinal0 [0x00794AD9+84697]
	Ordinal0 [0x0098CE64+2149988]
	GetHandleVerifier [0x00BFBE95+1400773]
	GetHandleVerifier [0x00BFBB61+1399953]
	GetHandleVerifier [0x00C031FA+1430314]
	GetHandleVerifier [0x00BFC69F+1402831]
	Ordinal0 [0x00983D61+2112865]
	Ordinal0 [0x0098E5CB+2155979]
	Ordinal0 [0x0098E6F5+2156277]
	Ordinal0 [0x0099F26E+2224750]
	BaseThreadInitThunk [0x77026359+25]
	RtlGetAppContainerNamedObjectPath [0x77BD8944+228]
	RtlGetAppContainerNamedObjectPath [0x77BD8914+180]

	at org.openqa.selenium.remote.W3CHandshakeResponse.lambda$errorHandler$0(W3CHandshakeResponse.java:62)
	at org.openqa.selenium.remote.HandshakeResponse.lambda$getResponseFunction$0(HandshakeResponse.java:30)
	at org.openqa.selenium.remote.ProtocolHandshake.lambda$createSession$0(ProtocolHandshake.java:126)
	at org.openqa.selenium.remote.ProtocolHandshake.createSession(ProtocolHandshake.java:128)
	at org.openqa.selenium.remote.ProtocolHandshake.createSession(ProtocolHandshake.java:74)
	at org.openqa.selenium.remote.HttpCommandExecutor.execute(HttpCommandExecutor.java:136)
	at org.openqa.selenium.remote.service.DriverCommandExecutor.execute(DriverCommandExecutor.java:83)
	at org.openqa.selenium.remote.RemoteWebDriver.execute(RemoteWebDriver.java:552)
	at com.kms.katalon.selenium.driver.CChromeDriver.execute(CChromeDriver.java:19)
	at org.openqa.selenium.remote.RemoteWebDriver.startSession(RemoteWebDriver.java:213)
	at org.openqa.selenium.remote.RemoteWebDriver.<init>(RemoteWebDriver.java:131)
	at org.openqa.selenium.chrome.ChromeDriver.<init>(ChromeDriver.java:181)
	at org.openqa.selenium.chrome.ChromeDriver.<init>(ChromeDriver.java:147)
	at com.kms.katalon.selenium.driver.CChromeDriver.<init>(CChromeDriver.java:13)
	at com.kms.katalon.core.webui.driver.DriverFactory.createNewChromeDriver(DriverFactory.java:400)
	at com.kms.katalon.core.webui.driver.DriverFactory.startNewBrowser(DriverFactory.java:358)
	at com.kms.katalon.core.webui.driver.DriverFactory.openWebDriver(DriverFactory.java:245)
	at com.kms.katalon.core.webui.keyword.builtin.OpenBrowserKeyword$_openBrowser_closure1.doCall(OpenBrowserKeyword.groovy:74)
	at com.kms.katalon.core.webui.keyword.builtin.OpenBrowserKeyword$_openBrowser_closure1.call(OpenBrowserKeyword.groovy)
	at com.kms.katalon.core.webui.keyword.internal.WebUIKeywordMain.runKeyword(WebUIKeywordMain.groovy:20)
	... 23 more]]></system-err>
      </testcase>
      <testcase name="Test Cases/UploadDiffFiles_RegisterUser/TC_As a register user, Upload CSV File and verify Uploded file in Submission Page" time="5.051" classname="Test Cases/UploadDiffFiles_RegisterUser/TC_As a register user, Upload CSV File and verify Uploded file in Submission Page" status="FAILED">
         <failure type="FAILED" message="Test Cases/UploadDiffFiles_RegisterUser/TC_As a register user, Upload CSV File and verify Uploded file in Submission Page FAILED.
Reason:
com.kms.katalon.core.exception.StepFailedException: Unable to open browser with url: 'https://Inspect.Stage.site.sa'
	at com.kms.katalon.core.webui.keyword.internal.WebUIKeywordMain.stepFailed(WebUIKeywordMain.groovy:64)
	at com.kms.katalon.core.webui.keyword.internal.WebUIKeywordMain.runKeyword(WebUIKeywordMain.groovy:26)
	at com.kms.katalon.core.webui.keyword.builtin.OpenBrowserKeyword.openBrowser(OpenBrowserKeyword.groovy:81)
	at com.kms.katalon.core.webui.keyword.builtin.OpenBrowserKeyword.execute(OpenBrowserKeyword.groovy:67)
	at com.kms.katalon.core.keyword.internal.KeywordExecutor.executeKeywordForPlatform(KeywordExecutor.groovy:73)
	at com.kms.katalon.core.webui.keyword.WebUiBuiltInKeywords.openBrowser(WebUiBuiltInKeywords.groovy:61)
	at com.kms.katalon.core.webui.keyword.WebUiBuiltInKeywords$openBrowser.call(Unknown Source)
	at customKeywords.commanFunctions.openBrowser(commanFunctions.groovy:47)
	at customKeywords.commanFunctions.uploadFileOfRegisterUser(commanFunctions.groovy:747)
	at customKeywords.commanFunctions.invokeMethod(commanFunctions.groovy)
	at com.kms.katalon.core.main.CustomKeywordDelegatingMetaClass.invokeStaticMethod(CustomKeywordDelegatingMetaClass.java:50)
	at TC_As a register user, Upload CSV File and verify Uploded file in Submission Page.run(TC_As a register user, Upload CSV File and verify Uploded file in Submission Page:16)
	at com.kms.katalon.core.main.ScriptEngine.run(ScriptEngine.java:194)
	at com.kms.katalon.core.main.ScriptEngine.runScriptAsRawText(ScriptEngine.java:119)
	at com.kms.katalon.core.main.TestCaseExecutor.runScript(TestCaseExecutor.java:394)
	at com.kms.katalon.core.main.TestCaseExecutor.doExecute(TestCaseExecutor.java:385)
	at com.kms.katalon.core.main.TestCaseExecutor.processExecutionPhase(TestCaseExecutor.java:364)
	at com.kms.katalon.core.main.TestCaseExecutor.accessMainPhase(TestCaseExecutor.java:356)
	at com.kms.katalon.core.main.TestCaseExecutor.execute(TestCaseExecutor.java:251)
	at com.kms.katalon.core.main.TestSuiteExecutor.accessTestCaseMainPhase(TestSuiteExecutor.java:203)
	at com.kms.katalon.core.main.TestSuiteExecutor.accessTestSuiteMainPhase(TestSuiteExecutor.java:152)
	at com.kms.katalon.core.main.TestSuiteExecutor.execute(TestSuiteExecutor.java:95)
	at com.kms.katalon.core.main.TestCaseMain.startTestSuite(TestCaseMain.java:157)
	at com.kms.katalon.core.main.TestCaseMain$startTestSuite$0.call(Unknown Source)
	at TempTestSuite1613733199540.run(TempTestSuite1613733199540.groovy:39)
Caused by: org.openqa.selenium.WebDriverException: unknown error: cannot determine loading status
from disconnected: received Inspector.detached event
  (Session info: chrome=86.0.4240.75)
Build info: version: '3.141.59', revision: 'e82be7d358', time: '2018-11-14T08:25:53'
System info: host: 'OMTPGCN1132568L', ip: '192.168.1.1', os.name: 'Windows 10', os.arch: 'amd64', os.version: '10.0', java.version: '1.8.0_181'
Driver info: com.kms.katalon.selenium.driver.CChromeDriver
Capabilities {acceptInsecureCerts: false, browserName: chrome, browserVersion: 86.0.4240.75, chrome: {chromedriverVersion: 86.0.4240.22 (398b0743353ff..., userDataDir: C:\Users\ashok\AppData\Loca...}, goog:chromeOptions: {debuggerAddress: localhost:50691}, javascriptEnabled: true, networkConnectionEnabled: false, pageLoadStrategy: normal, platform: WINDOWS, platformName: WINDOWS, proxy: Proxy(), setWindowRect: true, strictFileInteractability: false, timeouts: {implicit: 0, pageLoad: 300000, script: 30000}, unhandledPromptBehavior: dismiss and notify, webauthn:virtualAuthenticators: true}
Session ID: 35582cf6143b3cd5f19a0fef2e8595fa
	at org.openqa.selenium.remote.http.W3CHttpResponseCodec.createException(W3CHttpResponseCodec.java:187)
	at org.openqa.selenium.remote.http.W3CHttpResponseCodec.decode(W3CHttpResponseCodec.java:122)
	at org.openqa.selenium.remote.http.W3CHttpResponseCodec.decode(W3CHttpResponseCodec.java:49)
	at org.openqa.selenium.remote.HttpCommandExecutor.execute(HttpCommandExecutor.java:158)
	at org.openqa.selenium.remote.service.DriverCommandExecutor.execute(DriverCommandExecutor.java:83)
	at org.openqa.selenium.remote.RemoteWebDriver.execute(RemoteWebDriver.java:552)
	at com.kms.katalon.selenium.driver.CChromeDriver.execute(CChromeDriver.java:19)
	at org.openqa.selenium.remote.RemoteWebDriver.get(RemoteWebDriver.java:277)
	at org.openqa.selenium.support.events.EventFiringWebDriver.lambda$new$1(EventFiringWebDriver.java:105)
	at com.sun.proxy.$Proxy11.get(Unknown Source)
	at org.openqa.selenium.support.events.EventFiringWebDriver.get(EventFiringWebDriver.java:165)
	at com.kms.katalon.core.webui.keyword.builtin.OpenBrowserKeyword$_openBrowser_closure1.doCall(OpenBrowserKeyword.groovy:78)
	at com.kms.katalon.core.webui.keyword.builtin.OpenBrowserKeyword$_openBrowser_closure1.call(OpenBrowserKeyword.groovy)
	at com.kms.katalon.core.webui.keyword.internal.WebUIKeywordMain.runKeyword(WebUIKeywordMain.groovy:20)
	... 23 more
"/>
         <system-out><![CDATA[2021-02-19 16:44:37 - [TEST_CASE][FAILED] - Test Cases/UploadDiffFiles_RegisterUser/TC_As a register user, Upload CSV File and verify Uploded file in Submission Page: Test Cases/UploadDiffFiles_RegisterUser/TC_As a register user, Upload CSV File and verify Uploded file in Submission Page FAILED.
Reason:
com.kms.katalon.core.exception.StepFailedException: Unable to open browser with url: 'https://Inspect.Stage.site.sa'
	at com.kms.katalon.core.webui.keyword.internal.WebUIKeywordMain.stepFailed(WebUIKeywordMain.groovy:64)
	at com.kms.katalon.core.webui.keyword.internal.WebUIKeywordMain.runKeyword(WebUIKeywordMain.groovy:26)
	at com.kms.katalon.core.webui.keyword.builtin.OpenBrowserKeyword.openBrowser(OpenBrowserKeyword.groovy:81)
	at com.kms.katalon.core.webui.keyword.builtin.OpenBrowserKeyword.execute(OpenBrowserKeyword.groovy:67)
	at com.kms.katalon.core.keyword.internal.KeywordExecutor.executeKeywordForPlatform(KeywordExecutor.groovy:73)
	at com.kms.katalon.core.webui.keyword.WebUiBuiltInKeywords.openBrowser(WebUiBuiltInKeywords.groovy:61)
	at com.kms.katalon.core.webui.keyword.WebUiBuiltInKeywords$openBrowser.call(Unknown Source)
	at customKeywords.commanFunctions.openBrowser(commanFunctions.groovy:47)
	at customKeywords.commanFunctions.uploadFileOfRegisterUser(commanFunctions.groovy:747)
	at customKeywords.commanFunctions.invokeMethod(commanFunctions.groovy)
	at com.kms.katalon.core.main.CustomKeywordDelegatingMetaClass.invokeStaticMethod(CustomKeywordDelegatingMetaClass.java:50)
	at TC_As a register user, Upload CSV File and verify Uploded file in Submission Page.run(TC_As a register user, Upload CSV File and verify Uploded file in Submission Page:16)
	at com.kms.katalon.core.main.ScriptEngine.run(ScriptEngine.java:194)
	at com.kms.katalon.core.main.ScriptEngine.runScriptAsRawText(ScriptEngine.java:119)
	at com.kms.katalon.core.main.TestCaseExecutor.runScript(TestCaseExecutor.java:394)
	at com.kms.katalon.core.main.TestCaseExecutor.doExecute(TestCaseExecutor.java:385)
	at com.kms.katalon.core.main.TestCaseExecutor.processExecutionPhase(TestCaseExecutor.java:364)
	at com.kms.katalon.core.main.TestCaseExecutor.accessMainPhase(TestCaseExecutor.java:356)
	at com.kms.katalon.core.main.TestCaseExecutor.execute(TestCaseExecutor.java:251)
	at com.kms.katalon.core.main.TestSuiteExecutor.accessTestCaseMainPhase(TestSuiteExecutor.java:203)
	at com.kms.katalon.core.main.TestSuiteExecutor.accessTestSuiteMainPhase(TestSuiteExecutor.java:152)
	at com.kms.katalon.core.main.TestSuiteExecutor.execute(TestSuiteExecutor.java:95)
	at com.kms.katalon.core.main.TestCaseMain.startTestSuite(TestCaseMain.java:157)
	at com.kms.katalon.core.main.TestCaseMain$startTestSuite$0.call(Unknown Source)
	at TempTestSuite1613733199540.run(TempTestSuite1613733199540.groovy:39)
Caused by: org.openqa.selenium.WebDriverException: unknown error: cannot determine loading status
from disconnected: received Inspector.detached event
  (Session info: chrome=86.0.4240.75)
Build info: version: '3.141.59', revision: 'e82be7d358', time: '2018-11-14T08:25:53'
System info: host: 'OMTPGCN1132568L', ip: '192.168.1.1', os.name: 'Windows 10', os.arch: 'amd64', os.version: '10.0', java.version: '1.8.0_181'
Driver info: com.kms.katalon.selenium.driver.CChromeDriver
Capabilities {acceptInsecureCerts: false, browserName: chrome, browserVersion: 86.0.4240.75, chrome: {chromedriverVersion: 86.0.4240.22 (398b0743353ff..., userDataDir: C:\Users\ashok\AppData\Loca...}, goog:chromeOptions: {debuggerAddress: localhost:50691}, javascriptEnabled: true, networkConnectionEnabled: false, pageLoadStrategy: normal, platform: WINDOWS, platformName: WINDOWS, proxy: Proxy(), setWindowRect: true, strictFileInteractability: false, timeouts: {implicit: 0, pageLoad: 300000, script: 30000}, unhandledPromptBehavior: dismiss and notify, webauthn:virtualAuthenticators: true}
Session ID: 35582cf6143b3cd5f19a0fef2e8595fa
	at org.openqa.selenium.remote.http.W3CHttpResponseCodec.createException(W3CHttpResponseCodec.java:187)
	at org.openqa.selenium.remote.http.W3CHttpResponseCodec.decode(W3CHttpResponseCodec.java:122)
	at org.openqa.selenium.remote.http.W3CHttpResponseCodec.decode(W3CHttpResponseCodec.java:49)
	at org.openqa.selenium.remote.HttpCommandExecutor.execute(HttpCommandExecutor.java:158)
	at org.openqa.selenium.remote.service.DriverCommandExecutor.execute(DriverCommandExecutor.java:83)
	at org.openqa.selenium.remote.RemoteWebDriver.execute(RemoteWebDriver.java:552)
	at com.kms.katalon.selenium.driver.CChromeDriver.execute(CChromeDriver.java:19)
	at org.openqa.selenium.remote.RemoteWebDriver.get(RemoteWebDriver.java:277)
	at org.openqa.selenium.support.events.EventFiringWebDriver.lambda$new$1(EventFiringWebDriver.java:105)
	at com.sun.proxy.$Proxy11.get(Unknown Source)
	at org.openqa.selenium.support.events.EventFiringWebDriver.get(EventFiringWebDriver.java:165)
	at com.kms.katalon.core.webui.keyword.builtin.OpenBrowserKeyword$_openBrowser_closure1.doCall(OpenBrowserKeyword.groovy:78)
	at com.kms.katalon.core.webui.keyword.builtin.OpenBrowserKeyword$_openBrowser_closure1.call(OpenBrowserKeyword.groovy)
	at com.kms.katalon.core.webui.keyword.internal.WebUIKeywordMain.runKeyword(WebUIKeywordMain.groovy:20)
	... 23 more


2021-02-19 16:44:37 - [TEST_STEP][PASSED] - excelTestData = findTestData("Data Files/TestData/InspectTestData"): null

2021-02-19 16:44:37 - [TEST_STEP][PASSED] - rigisterUN = excelTestData.getValue(2, 23): null

2021-02-19 16:44:37 - [TEST_STEP][PASSED] - rigisterPW = excelTestData.getValue(3, 23): null

2021-02-19 16:44:37 - [TEST_STEP][FAILED] - customKeywords.commanFunctions.uploadFileOfRegisterUser(208, rigisterUN, rigisterPW): Unable to open browser with url: 'https://Inspect.Stage.site.sa'

2021-02-19 16:44:37 - [MESSAGE][INFO] - Starting 'Chrome' driver

2021-02-19 16:44:37 - [MESSAGE][INFO] - Action delay is set to 0 milliseconds

2021-02-19 16:44:41 - [MESSAGE][FAILED] - Unable to open browser with url: 'https://Inspect.Stage.site.sa' (Root cause: com.kms.katalon.core.exception.StepFailedException: Unable to open browser with url: 'https://Inspect.Stage.site.sa'
	at com.kms.katalon.core.webui.keyword.internal.WebUIKeywordMain.stepFailed(WebUIKeywordMain.groovy:64)
	at com.kms.katalon.core.webui.keyword.internal.WebUIKeywordMain.runKeyword(WebUIKeywordMain.groovy:26)
	at com.kms.katalon.core.webui.keyword.builtin.OpenBrowserKeyword.openBrowser(OpenBrowserKeyword.groovy:81)
	at com.kms.katalon.core.webui.keyword.builtin.OpenBrowserKeyword.execute(OpenBrowserKeyword.groovy:67)
	at com.kms.katalon.core.keyword.internal.KeywordExecutor.executeKeywordForPlatform(KeywordExecutor.groovy:73)
	at com.kms.katalon.core.webui.keyword.WebUiBuiltInKeywords.openBrowser(WebUiBuiltInKeywords.groovy:61)
	at com.kms.katalon.core.webui.keyword.WebUiBuiltInKeywords$openBrowser.call(Unknown Source)
	at customKeywords.commanFunctions.openBrowser(commanFunctions.groovy:47)
	at customKeywords.commanFunctions.uploadFileOfRegisterUser(commanFunctions.groovy:747)
	at customKeywords.commanFunctions.invokeMethod(commanFunctions.groovy)
	at com.kms.katalon.core.main.CustomKeywordDelegatingMetaClass.invokeStaticMethod(CustomKeywordDelegatingMetaClass.java:50)
	at TC_As a register user, Upload CSV File and verify Uploded file in Submission Page.run(TC_As a register user, Upload CSV File and verify Uploded file in Submission Page:16)
	at com.kms.katalon.core.main.ScriptEngine.run(ScriptEngine.java:194)
	at com.kms.katalon.core.main.ScriptEngine.runScriptAsRawText(ScriptEngine.java:119)
	at com.kms.katalon.core.main.TestCaseExecutor.runScript(TestCaseExecutor.java:394)
	at com.kms.katalon.core.main.TestCaseExecutor.doExecute(TestCaseExecutor.java:385)
	at com.kms.katalon.core.main.TestCaseExecutor.processExecutionPhase(TestCaseExecutor.java:364)
	at com.kms.katalon.core.main.TestCaseExecutor.accessMainPhase(TestCaseExecutor.java:356)
	at com.kms.katalon.core.main.TestCaseExecutor.execute(TestCaseExecutor.java:251)
	at com.kms.katalon.core.main.TestSuiteExecutor.accessTestCaseMainPhase(TestSuiteExecutor.java:203)
	at com.kms.katalon.core.main.TestSuiteExecutor.accessTestSuiteMainPhase(TestSuiteExecutor.java:152)
	at com.kms.katalon.core.main.TestSuiteExecutor.execute(TestSuiteExecutor.java:95)
	at com.kms.katalon.core.main.TestCaseMain.startTestSuite(TestCaseMain.java:157)
	at com.kms.katalon.core.main.TestCaseMain$startTestSuite$0.call(Unknown Source)
	at TempTestSuite1613733199540.run(TempTestSuite1613733199540.groovy:39)
Caused by: org.openqa.selenium.WebDriverException: unknown error: cannot determine loading status
from disconnected: received Inspector.detached event
  (Session info: chrome=86.0.4240.75)
Build info: version: '3.141.59', revision: 'e82be7d358', time: '2018-11-14T08:25:53'
System info: host: 'OMTPGCN1132568L', ip: '192.168.1.1', os.name: 'Windows 10', os.arch: 'amd64', os.version: '10.0', java.version: '1.8.0_181'
Driver info: com.kms.katalon.selenium.driver.CChromeDriver
Capabilities {acceptInsecureCerts: false, browserName: chrome, browserVersion: 86.0.4240.75, chrome: {chromedriverVersion: 86.0.4240.22 (398b0743353ff..., userDataDir: C:\Users\ashok\AppData\Loca...}, goog:chromeOptions: {debuggerAddress: localhost:50691}, javascriptEnabled: true, networkConnectionEnabled: false, pageLoadStrategy: normal, platform: WINDOWS, platformName: WINDOWS, proxy: Proxy(), setWindowRect: true, strictFileInteractability: false, timeouts: {implicit: 0, pageLoad: 300000, script: 30000}, unhandledPromptBehavior: dismiss and notify, webauthn:virtualAuthenticators: true}
Session ID: 35582cf6143b3cd5f19a0fef2e8595fa
	at org.openqa.selenium.remote.http.W3CHttpResponseCodec.createException(W3CHttpResponseCodec.java:187)
	at org.openqa.selenium.remote.http.W3CHttpResponseCodec.decode(W3CHttpResponseCodec.java:122)
	at org.openqa.selenium.remote.http.W3CHttpResponseCodec.decode(W3CHttpResponseCodec.java:49)
	at org.openqa.selenium.remote.HttpCommandExecutor.execute(HttpCommandExecutor.java:158)
	at org.openqa.selenium.remote.service.DriverCommandExecutor.execute(DriverCommandExecutor.java:83)
	at org.openqa.selenium.remote.RemoteWebDriver.execute(RemoteWebDriver.java:552)
	at com.kms.katalon.selenium.driver.CChromeDriver.execute(CChromeDriver.java:19)
	at org.openqa.selenium.remote.RemoteWebDriver.get(RemoteWebDriver.java:277)
	at org.openqa.selenium.support.events.EventFiringWebDriver.lambda$new$1(EventFiringWebDriver.java:105)
	at com.sun.proxy.$Proxy11.get(Unknown Source)
	at org.openqa.selenium.support.events.EventFiringWebDriver.get(EventFiringWebDriver.java:165)
	at com.kms.katalon.core.webui.keyword.builtin.OpenBrowserKeyword$_openBrowser_closure1.doCall(OpenBrowserKeyword.groovy:78)
	at com.kms.katalon.core.webui.keyword.builtin.OpenBrowserKeyword$_openBrowser_closure1.call(OpenBrowserKeyword.groovy)
	at com.kms.katalon.core.webui.keyword.internal.WebUIKeywordMain.runKeyword(WebUIKeywordMain.groovy:20)
	at com.kms.katalon.core.webui.keyword.builtin.OpenBrowserKeyword.openBrowser(OpenBrowserKeyword.groovy:81)
	at com.kms.katalon.core.webui.keyword.builtin.OpenBrowserKeyword.execute(OpenBrowserKeyword.groovy:67)
	at com.kms.katalon.core.keyword.internal.KeywordExecutor.executeKeywordForPlatform(KeywordExecutor.groovy:73)
	at com.kms.katalon.core.webui.keyword.WebUiBuiltInKeywords.openBrowser(WebUiBuiltInKeywords.groovy:61)
	at com.kms.katalon.core.webui.keyword.WebUiBuiltInKeywords$openBrowser.call(Unknown Source)
	at customKeywords.commanFunctions.openBrowser(commanFunctions.groovy:47)
	at customKeywords.commanFunctions.uploadFileOfRegisterUser(commanFunctions.groovy:747)
	at customKeywords.commanFunctions.invokeMethod(commanFunctions.groovy)
	at com.kms.katalon.core.main.CustomKeywordDelegatingMetaClass.invokeStaticMethod(CustomKeywordDelegatingMetaClass.java:50)
	at Script1613223038799.run(Script1613223038799.groovy:16)
	... 13 more
)

2021-02-19 16:44:41 - [MESSAGE][FAILED] - Unable to open browser with url: 'https://Inspect.Stage.site.sa'

2021-02-19 16:44:41 - [TEST_STEP][PASSED] - Start tear down : tearDownMethodIfFailed: Method 'tearDownMethodIfFailed' complete successfully

2021-02-19 16:44:41 - [TEST_STEP][PASSED] - customKeywords.commanFunctions.onlyCloseBrowser(): customKeywords.commanFunctions.onlyCloseBrowser is PASSED

2021-02-19 16:44:42 - [MESSAGE][PASSED] - Browser is closed

2021-02-19 16:44:42 - [MESSAGE][PASSED] - customKeywords.commanFunctions.onlyCloseBrowser is PASSED

2021-02-19 16:44:42 - [TEST_STEP][PASSED] - logInfo("[--------This is tearDownIfFailed method------]"): [--------This is tearDownIfFailed method------]

2021-02-19 16:44:42 - [MESSAGE][INFO] - [--------This is tearDownIfFailed method------]

2021-02-19 16:44:42 - [MESSAGE][PASSED] - Method 'tearDownMethodIfFailed' complete successfully]]></system-out>
         <system-err><![CDATA[2021-02-19 16:44:37 - [TEST_CASE][FAILED] - Test Cases/UploadDiffFiles_RegisterUser/TC_As a register user, Upload CSV File and verify Uploded file in Submission Page: Test Cases/UploadDiffFiles_RegisterUser/TC_As a register user, Upload CSV File and verify Uploded file in Submission Page FAILED.
Reason:
com.kms.katalon.core.exception.StepFailedException: Unable to open browser with url: 'https://Inspect.Stage.site.sa'
	at com.kms.katalon.core.webui.keyword.internal.WebUIKeywordMain.stepFailed(WebUIKeywordMain.groovy:64)
	at com.kms.katalon.core.webui.keyword.internal.WebUIKeywordMain.runKeyword(WebUIKeywordMain.groovy:26)
	at com.kms.katalon.core.webui.keyword.builtin.OpenBrowserKeyword.openBrowser(OpenBrowserKeyword.groovy:81)
	at com.kms.katalon.core.webui.keyword.builtin.OpenBrowserKeyword.execute(OpenBrowserKeyword.groovy:67)
	at com.kms.katalon.core.keyword.internal.KeywordExecutor.executeKeywordForPlatform(KeywordExecutor.groovy:73)
	at com.kms.katalon.core.webui.keyword.WebUiBuiltInKeywords.openBrowser(WebUiBuiltInKeywords.groovy:61)
	at com.kms.katalon.core.webui.keyword.WebUiBuiltInKeywords$openBrowser.call(Unknown Source)
	at customKeywords.commanFunctions.openBrowser(commanFunctions.groovy:47)
	at customKeywords.commanFunctions.uploadFileOfRegisterUser(commanFunctions.groovy:747)
	at customKeywords.commanFunctions.invokeMethod(commanFunctions.groovy)
	at com.kms.katalon.core.main.CustomKeywordDelegatingMetaClass.invokeStaticMethod(CustomKeywordDelegatingMetaClass.java:50)
	at TC_As a register user, Upload CSV File and verify Uploded file in Submission Page.run(TC_As a register user, Upload CSV File and verify Uploded file in Submission Page:16)
	at com.kms.katalon.core.main.ScriptEngine.run(ScriptEngine.java:194)
	at com.kms.katalon.core.main.ScriptEngine.runScriptAsRawText(ScriptEngine.java:119)
	at com.kms.katalon.core.main.TestCaseExecutor.runScript(TestCaseExecutor.java:394)
	at com.kms.katalon.core.main.TestCaseExecutor.doExecute(TestCaseExecutor.java:385)
	at com.kms.katalon.core.main.TestCaseExecutor.processExecutionPhase(TestCaseExecutor.java:364)
	at com.kms.katalon.core.main.TestCaseExecutor.accessMainPhase(TestCaseExecutor.java:356)
	at com.kms.katalon.core.main.TestCaseExecutor.execute(TestCaseExecutor.java:251)
	at com.kms.katalon.core.main.TestSuiteExecutor.accessTestCaseMainPhase(TestSuiteExecutor.java:203)
	at com.kms.katalon.core.main.TestSuiteExecutor.accessTestSuiteMainPhase(TestSuiteExecutor.java:152)
	at com.kms.katalon.core.main.TestSuiteExecutor.execute(TestSuiteExecutor.java:95)
	at com.kms.katalon.core.main.TestCaseMain.startTestSuite(TestCaseMain.java:157)
	at com.kms.katalon.core.main.TestCaseMain$startTestSuite$0.call(Unknown Source)
	at TempTestSuite1613733199540.run(TempTestSuite1613733199540.groovy:39)
Caused by: org.openqa.selenium.WebDriverException: unknown error: cannot determine loading status
from disconnected: received Inspector.detached event
  (Session info: chrome=86.0.4240.75)
Build info: version: '3.141.59', revision: 'e82be7d358', time: '2018-11-14T08:25:53'
System info: host: 'OMTPGCN1132568L', ip: '192.168.1.1', os.name: 'Windows 10', os.arch: 'amd64', os.version: '10.0', java.version: '1.8.0_181'
Driver info: com.kms.katalon.selenium.driver.CChromeDriver
Capabilities {acceptInsecureCerts: false, browserName: chrome, browserVersion: 86.0.4240.75, chrome: {chromedriverVersion: 86.0.4240.22 (398b0743353ff..., userDataDir: C:\Users\ashok\AppData\Loca...}, goog:chromeOptions: {debuggerAddress: localhost:50691}, javascriptEnabled: true, networkConnectionEnabled: false, pageLoadStrategy: normal, platform: WINDOWS, platformName: WINDOWS, proxy: Proxy(), setWindowRect: true, strictFileInteractability: false, timeouts: {implicit: 0, pageLoad: 300000, script: 30000}, unhandledPromptBehavior: dismiss and notify, webauthn:virtualAuthenticators: true}
Session ID: 35582cf6143b3cd5f19a0fef2e8595fa
	at org.openqa.selenium.remote.http.W3CHttpResponseCodec.createException(W3CHttpResponseCodec.java:187)
	at org.openqa.selenium.remote.http.W3CHttpResponseCodec.decode(W3CHttpResponseCodec.java:122)
	at org.openqa.selenium.remote.http.W3CHttpResponseCodec.decode(W3CHttpResponseCodec.java:49)
	at org.openqa.selenium.remote.HttpCommandExecutor.execute(HttpCommandExecutor.java:158)
	at org.openqa.selenium.remote.service.DriverCommandExecutor.execute(DriverCommandExecutor.java:83)
	at org.openqa.selenium.remote.RemoteWebDriver.execute(RemoteWebDriver.java:552)
	at com.kms.katalon.selenium.driver.CChromeDriver.execute(CChromeDriver.java:19)
	at org.openqa.selenium.remote.RemoteWebDriver.get(RemoteWebDriver.java:277)
	at org.openqa.selenium.support.events.EventFiringWebDriver.lambda$new$1(EventFiringWebDriver.java:105)
	at com.sun.proxy.$Proxy11.get(Unknown Source)
	at org.openqa.selenium.support.events.EventFiringWebDriver.get(EventFiringWebDriver.java:165)
	at com.kms.katalon.core.webui.keyword.builtin.OpenBrowserKeyword$_openBrowser_closure1.doCall(OpenBrowserKeyword.groovy:78)
	at com.kms.katalon.core.webui.keyword.builtin.OpenBrowserKeyword$_openBrowser_closure1.call(OpenBrowserKeyword.groovy)
	at com.kms.katalon.core.webui.keyword.internal.WebUIKeywordMain.runKeyword(WebUIKeywordMain.groovy:20)
	... 23 more]]></system-err>
      </testcase>
      <testcase name="Test Cases/UploadDiffFiles_RegisterUser/TC_As a register user, Upload Exe File and verify Uploded file in Submission Page" time="13.705" classname="Test Cases/UploadDiffFiles_RegisterUser/TC_As a register user, Upload Exe File and verify Uploded file in Submission Page" status="FAILED">
         <failure type="FAILED" message="Test Cases/UploadDiffFiles_RegisterUser/TC_As a register user, Upload Exe File and verify Uploded file in Submission Page FAILED.
Reason:
com.kms.katalon.core.exception.StepFailedException: Unable to open browser with url: 'https://Inspect.Stage.site.sa'
	at com.kms.katalon.core.webui.keyword.internal.WebUIKeywordMain.stepFailed(WebUIKeywordMain.groovy:64)
	at com.kms.katalon.core.webui.keyword.internal.WebUIKeywordMain.runKeyword(WebUIKeywordMain.groovy:26)
	at com.kms.katalon.core.webui.keyword.builtin.OpenBrowserKeyword.openBrowser(OpenBrowserKeyword.groovy:81)
	at com.kms.katalon.core.webui.keyword.builtin.OpenBrowserKeyword.execute(OpenBrowserKeyword.groovy:67)
	at com.kms.katalon.core.keyword.internal.KeywordExecutor.executeKeywordForPlatform(KeywordExecutor.groovy:73)
	at com.kms.katalon.core.webui.keyword.WebUiBuiltInKeywords.openBrowser(WebUiBuiltInKeywords.groovy:61)
	at com.kms.katalon.core.webui.keyword.WebUiBuiltInKeywords$openBrowser.call(Unknown Source)
	at customKeywords.commanFunctions.openBrowser(commanFunctions.groovy:47)
	at customKeywords.commanFunctions.uploadFileOfRegisterUser(commanFunctions.groovy:747)
	at customKeywords.commanFunctions.invokeMethod(commanFunctions.groovy)
	at com.kms.katalon.core.main.CustomKeywordDelegatingMetaClass.invokeStaticMethod(CustomKeywordDelegatingMetaClass.java:50)
	at TC_As a register user, Upload Exe File and verify Uploded file in Submission Page.run(TC_As a register user, Upload Exe File and verify Uploded file in Submission Page:16)
	at com.kms.katalon.core.main.ScriptEngine.run(ScriptEngine.java:194)
	at com.kms.katalon.core.main.ScriptEngine.runScriptAsRawText(ScriptEngine.java:119)
	at com.kms.katalon.core.main.TestCaseExecutor.runScript(TestCaseExecutor.java:394)
	at com.kms.katalon.core.main.TestCaseExecutor.doExecute(TestCaseExecutor.java:385)
	at com.kms.katalon.core.main.TestCaseExecutor.processExecutionPhase(TestCaseExecutor.java:364)
	at com.kms.katalon.core.main.TestCaseExecutor.accessMainPhase(TestCaseExecutor.java:356)
	at com.kms.katalon.core.main.TestCaseExecutor.execute(TestCaseExecutor.java:251)
	at com.kms.katalon.core.main.TestSuiteExecutor.accessTestCaseMainPhase(TestSuiteExecutor.java:203)
	at com.kms.katalon.core.main.TestSuiteExecutor.accessTestSuiteMainPhase(TestSuiteExecutor.java:152)
	at com.kms.katalon.core.main.TestSuiteExecutor.execute(TestSuiteExecutor.java:95)
	at com.kms.katalon.core.main.TestCaseMain.startTestSuite(TestCaseMain.java:157)
	at com.kms.katalon.core.main.TestCaseMain$startTestSuite$0.call(Unknown Source)
	at TempTestSuite1613733199540.run(TempTestSuite1613733199540.groovy:39)
Caused by: org.openqa.selenium.SessionNotCreatedException: session not created
from chrome not reachable
  (Session info: chrome=86.0.4240.75)
Build info: version: '3.141.59', revision: 'e82be7d358', time: '2018-11-14T08:25:53'
System info: host: 'OMTPGCN1132568L', ip: '192.168.1.1', os.name: 'Windows 10', os.arch: 'amd64', os.version: '10.0', java.version: '1.8.0_181'
Driver info: driver.version: CChromeDriver
remote stacktrace: Backtrace:
	Ordinal0 [0x00A8C013+3194899]
	Ordinal0 [0x00976021+2056225]
	Ordinal0 [0x0080F4B0+586928]
	Ordinal0 [0x00805894+546964]
	Ordinal0 [0x00805F2C+548652]
	Ordinal0 [0x00807175+553333]
	Ordinal0 [0x0080241E+533534]
	Ordinal0 [0x00810620+591392]
	Ordinal0 [0x007B2A0C+207372]
	Ordinal0 [0x007B1D0D+204045]
	Ordinal0 [0x007AFC1B+195611]
	Ordinal0 [0x00793B7F+80767]
	Ordinal0 [0x00794B4E+84814]
	Ordinal0 [0x00794AD9+84697]
	Ordinal0 [0x0098CE64+2149988]
	GetHandleVerifier [0x00BFBE95+1400773]
	GetHandleVerifier [0x00BFBB61+1399953]
	GetHandleVerifier [0x00C031FA+1430314]
	GetHandleVerifier [0x00BFC69F+1402831]
	Ordinal0 [0x00983D61+2112865]
	Ordinal0 [0x0098E5CB+2155979]
	Ordinal0 [0x0098E6F5+2156277]
	Ordinal0 [0x0099F26E+2224750]
	BaseThreadInitThunk [0x77026359+25]
	RtlGetAppContainerNamedObjectPath [0x77BD8944+228]
	RtlGetAppContainerNamedObjectPath [0x77BD8914+180]

	at org.openqa.selenium.remote.W3CHandshakeResponse.lambda$errorHandler$0(W3CHandshakeResponse.java:62)
	at org.openqa.selenium.remote.HandshakeResponse.lambda$getResponseFunction$0(HandshakeResponse.java:30)
	at org.openqa.selenium.remote.ProtocolHandshake.lambda$createSession$0(ProtocolHandshake.java:126)
	at org.openqa.selenium.remote.ProtocolHandshake.createSession(ProtocolHandshake.java:128)
	at org.openqa.selenium.remote.ProtocolHandshake.createSession(ProtocolHandshake.java:74)
	at org.openqa.selenium.remote.HttpCommandExecutor.execute(HttpCommandExecutor.java:136)
	at org.openqa.selenium.remote.service.DriverCommandExecutor.execute(DriverCommandExecutor.java:83)
	at org.openqa.selenium.remote.RemoteWebDriver.execute(RemoteWebDriver.java:552)
	at com.kms.katalon.selenium.driver.CChromeDriver.execute(CChromeDriver.java:19)
	at org.openqa.selenium.remote.RemoteWebDriver.startSession(RemoteWebDriver.java:213)
	at org.openqa.selenium.remote.RemoteWebDriver.&lt;init>(RemoteWebDriver.java:131)
	at org.openqa.selenium.chrome.ChromeDriver.&lt;init>(ChromeDriver.java:181)
	at org.openqa.selenium.chrome.ChromeDriver.&lt;init>(ChromeDriver.java:147)
	at com.kms.katalon.selenium.driver.CChromeDriver.&lt;init>(CChromeDriver.java:13)
	at com.kms.katalon.core.webui.driver.DriverFactory.createNewChromeDriver(DriverFactory.java:400)
	at com.kms.katalon.core.webui.driver.DriverFactory.startNewBrowser(DriverFactory.java:358)
	at com.kms.katalon.core.webui.driver.DriverFactory.openWebDriver(DriverFactory.java:245)
	at com.kms.katalon.core.webui.keyword.builtin.OpenBrowserKeyword$_openBrowser_closure1.doCall(OpenBrowserKeyword.groovy:74)
	at com.kms.katalon.core.webui.keyword.builtin.OpenBrowserKeyword$_openBrowser_closure1.call(OpenBrowserKeyword.groovy)
	at com.kms.katalon.core.webui.keyword.internal.WebUIKeywordMain.runKeyword(WebUIKeywordMain.groovy:20)
	... 23 more
"/>
         <system-out><![CDATA[2021-02-19 16:44:42 - [TEST_CASE][FAILED] - Test Cases/UploadDiffFiles_RegisterUser/TC_As a register user, Upload Exe File and verify Uploded file in Submission Page: Test Cases/UploadDiffFiles_RegisterUser/TC_As a register user, Upload Exe File and verify Uploded file in Submission Page FAILED.
Reason:
com.kms.katalon.core.exception.StepFailedException: Unable to open browser with url: 'https://Inspect.Stage.site.sa'
	at com.kms.katalon.core.webui.keyword.internal.WebUIKeywordMain.stepFailed(WebUIKeywordMain.groovy:64)
	at com.kms.katalon.core.webui.keyword.internal.WebUIKeywordMain.runKeyword(WebUIKeywordMain.groovy:26)
	at com.kms.katalon.core.webui.keyword.builtin.OpenBrowserKeyword.openBrowser(OpenBrowserKeyword.groovy:81)
	at com.kms.katalon.core.webui.keyword.builtin.OpenBrowserKeyword.execute(OpenBrowserKeyword.groovy:67)
	at com.kms.katalon.core.keyword.internal.KeywordExecutor.executeKeywordForPlatform(KeywordExecutor.groovy:73)
	at com.kms.katalon.core.webui.keyword.WebUiBuiltInKeywords.openBrowser(WebUiBuiltInKeywords.groovy:61)
	at com.kms.katalon.core.webui.keyword.WebUiBuiltInKeywords$openBrowser.call(Unknown Source)
	at customKeywords.commanFunctions.openBrowser(commanFunctions.groovy:47)
	at customKeywords.commanFunctions.uploadFileOfRegisterUser(commanFunctions.groovy:747)
	at customKeywords.commanFunctions.invokeMethod(commanFunctions.groovy)
	at com.kms.katalon.core.main.CustomKeywordDelegatingMetaClass.invokeStaticMethod(CustomKeywordDelegatingMetaClass.java:50)
	at TC_As a register user, Upload Exe File and verify Uploded file in Submission Page.run(TC_As a register user, Upload Exe File and verify Uploded file in Submission Page:16)
	at com.kms.katalon.core.main.ScriptEngine.run(ScriptEngine.java:194)
	at com.kms.katalon.core.main.ScriptEngine.runScriptAsRawText(ScriptEngine.java:119)
	at com.kms.katalon.core.main.TestCaseExecutor.runScript(TestCaseExecutor.java:394)
	at com.kms.katalon.core.main.TestCaseExecutor.doExecute(TestCaseExecutor.java:385)
	at com.kms.katalon.core.main.TestCaseExecutor.processExecutionPhase(TestCaseExecutor.java:364)
	at com.kms.katalon.core.main.TestCaseExecutor.accessMainPhase(TestCaseExecutor.java:356)
	at com.kms.katalon.core.main.TestCaseExecutor.execute(TestCaseExecutor.java:251)
	at com.kms.katalon.core.main.TestSuiteExecutor.accessTestCaseMainPhase(TestSuiteExecutor.java:203)
	at com.kms.katalon.core.main.TestSuiteExecutor.accessTestSuiteMainPhase(TestSuiteExecutor.java:152)
	at com.kms.katalon.core.main.TestSuiteExecutor.execute(TestSuiteExecutor.java:95)
	at com.kms.katalon.core.main.TestCaseMain.startTestSuite(TestCaseMain.java:157)
	at com.kms.katalon.core.main.TestCaseMain$startTestSuite$0.call(Unknown Source)
	at TempTestSuite1613733199540.run(TempTestSuite1613733199540.groovy:39)
Caused by: org.openqa.selenium.SessionNotCreatedException: session not created
from chrome not reachable
  (Session info: chrome=86.0.4240.75)
Build info: version: '3.141.59', revision: 'e82be7d358', time: '2018-11-14T08:25:53'
System info: host: 'OMTPGCN1132568L', ip: '192.168.1.1', os.name: 'Windows 10', os.arch: 'amd64', os.version: '10.0', java.version: '1.8.0_181'
Driver info: driver.version: CChromeDriver
remote stacktrace: Backtrace:
	Ordinal0 [0x00A8C013+3194899]
	Ordinal0 [0x00976021+2056225]
	Ordinal0 [0x0080F4B0+586928]
	Ordinal0 [0x00805894+546964]
	Ordinal0 [0x00805F2C+548652]
	Ordinal0 [0x00807175+553333]
	Ordinal0 [0x0080241E+533534]
	Ordinal0 [0x00810620+591392]
	Ordinal0 [0x007B2A0C+207372]
	Ordinal0 [0x007B1D0D+204045]
	Ordinal0 [0x007AFC1B+195611]
	Ordinal0 [0x00793B7F+80767]
	Ordinal0 [0x00794B4E+84814]
	Ordinal0 [0x00794AD9+84697]
	Ordinal0 [0x0098CE64+2149988]
	GetHandleVerifier [0x00BFBE95+1400773]
	GetHandleVerifier [0x00BFBB61+1399953]
	GetHandleVerifier [0x00C031FA+1430314]
	GetHandleVerifier [0x00BFC69F+1402831]
	Ordinal0 [0x00983D61+2112865]
	Ordinal0 [0x0098E5CB+2155979]
	Ordinal0 [0x0098E6F5+2156277]
	Ordinal0 [0x0099F26E+2224750]
	BaseThreadInitThunk [0x77026359+25]
	RtlGetAppContainerNamedObjectPath [0x77BD8944+228]
	RtlGetAppContainerNamedObjectPath [0x77BD8914+180]

	at org.openqa.selenium.remote.W3CHandshakeResponse.lambda$errorHandler$0(W3CHandshakeResponse.java:62)
	at org.openqa.selenium.remote.HandshakeResponse.lambda$getResponseFunction$0(HandshakeResponse.java:30)
	at org.openqa.selenium.remote.ProtocolHandshake.lambda$createSession$0(ProtocolHandshake.java:126)
	at org.openqa.selenium.remote.ProtocolHandshake.createSession(ProtocolHandshake.java:128)
	at org.openqa.selenium.remote.ProtocolHandshake.createSession(ProtocolHandshake.java:74)
	at org.openqa.selenium.remote.HttpCommandExecutor.execute(HttpCommandExecutor.java:136)
	at org.openqa.selenium.remote.service.DriverCommandExecutor.execute(DriverCommandExecutor.java:83)
	at org.openqa.selenium.remote.RemoteWebDriver.execute(RemoteWebDriver.java:552)
	at com.kms.katalon.selenium.driver.CChromeDriver.execute(CChromeDriver.java:19)
	at org.openqa.selenium.remote.RemoteWebDriver.startSession(RemoteWebDriver.java:213)
	at org.openqa.selenium.remote.RemoteWebDriver.<init>(RemoteWebDriver.java:131)
	at org.openqa.selenium.chrome.ChromeDriver.<init>(ChromeDriver.java:181)
	at org.openqa.selenium.chrome.ChromeDriver.<init>(ChromeDriver.java:147)
	at com.kms.katalon.selenium.driver.CChromeDriver.<init>(CChromeDriver.java:13)
	at com.kms.katalon.core.webui.driver.DriverFactory.createNewChromeDriver(DriverFactory.java:400)
	at com.kms.katalon.core.webui.driver.DriverFactory.startNewBrowser(DriverFactory.java:358)
	at com.kms.katalon.core.webui.driver.DriverFactory.openWebDriver(DriverFactory.java:245)
	at com.kms.katalon.core.webui.keyword.builtin.OpenBrowserKeyword$_openBrowser_closure1.doCall(OpenBrowserKeyword.groovy:74)
	at com.kms.katalon.core.webui.keyword.builtin.OpenBrowserKeyword$_openBrowser_closure1.call(OpenBrowserKeyword.groovy)
	at com.kms.katalon.core.webui.keyword.internal.WebUIKeywordMain.runKeyword(WebUIKeywordMain.groovy:20)
	... 23 more


2021-02-19 16:44:42 - [TEST_STEP][PASSED] - excelTestData = findTestData("Data Files/TestData/InspectTestData"): null

2021-02-19 16:44:42 - [TEST_STEP][PASSED] - rigisterUN = excelTestData.getValue(6, 23): null

2021-02-19 16:44:42 - [TEST_STEP][PASSED] - rigisterPW = excelTestData.getValue(3, 23): null

2021-02-19 16:44:42 - [TEST_STEP][FAILED] - customKeywords.commanFunctions.uploadFileOfRegisterUser(204, rigisterUN, rigisterPW): Unable to open browser with url: 'https://Inspect.Stage.site.sa'

2021-02-19 16:44:42 - [MESSAGE][INFO] - Starting 'Chrome' driver

2021-02-19 16:44:42 - [MESSAGE][INFO] - Action delay is set to 0 milliseconds

2021-02-19 16:44:55 - [MESSAGE][FAILED] - Unable to open browser with url: 'https://Inspect.Stage.site.sa' (Root cause: com.kms.katalon.core.exception.StepFailedException: Unable to open browser with url: 'https://Inspect.Stage.site.sa'
	at com.kms.katalon.core.webui.keyword.internal.WebUIKeywordMain.stepFailed(WebUIKeywordMain.groovy:64)
	at com.kms.katalon.core.webui.keyword.internal.WebUIKeywordMain.runKeyword(WebUIKeywordMain.groovy:26)
	at com.kms.katalon.core.webui.keyword.builtin.OpenBrowserKeyword.openBrowser(OpenBrowserKeyword.groovy:81)
	at com.kms.katalon.core.webui.keyword.builtin.OpenBrowserKeyword.execute(OpenBrowserKeyword.groovy:67)
	at com.kms.katalon.core.keyword.internal.KeywordExecutor.executeKeywordForPlatform(KeywordExecutor.groovy:73)
	at com.kms.katalon.core.webui.keyword.WebUiBuiltInKeywords.openBrowser(WebUiBuiltInKeywords.groovy:61)
	at com.kms.katalon.core.webui.keyword.WebUiBuiltInKeywords$openBrowser.call(Unknown Source)
	at customKeywords.commanFunctions.openBrowser(commanFunctions.groovy:47)
	at customKeywords.commanFunctions.uploadFileOfRegisterUser(commanFunctions.groovy:747)
	at customKeywords.commanFunctions.invokeMethod(commanFunctions.groovy)
	at com.kms.katalon.core.main.CustomKeywordDelegatingMetaClass.invokeStaticMethod(CustomKeywordDelegatingMetaClass.java:50)
	at TC_As a register user, Upload Exe File and verify Uploded file in Submission Page.run(TC_As a register user, Upload Exe File and verify Uploded file in Submission Page:16)
	at com.kms.katalon.core.main.ScriptEngine.run(ScriptEngine.java:194)
	at com.kms.katalon.core.main.ScriptEngine.runScriptAsRawText(ScriptEngine.java:119)
	at com.kms.katalon.core.main.TestCaseExecutor.runScript(TestCaseExecutor.java:394)
	at com.kms.katalon.core.main.TestCaseExecutor.doExecute(TestCaseExecutor.java:385)
	at com.kms.katalon.core.main.TestCaseExecutor.processExecutionPhase(TestCaseExecutor.java:364)
	at com.kms.katalon.core.main.TestCaseExecutor.accessMainPhase(TestCaseExecutor.java:356)
	at com.kms.katalon.core.main.TestCaseExecutor.execute(TestCaseExecutor.java:251)
	at com.kms.katalon.core.main.TestSuiteExecutor.accessTestCaseMainPhase(TestSuiteExecutor.java:203)
	at com.kms.katalon.core.main.TestSuiteExecutor.accessTestSuiteMainPhase(TestSuiteExecutor.java:152)
	at com.kms.katalon.core.main.TestSuiteExecutor.execute(TestSuiteExecutor.java:95)
	at com.kms.katalon.core.main.TestCaseMain.startTestSuite(TestCaseMain.java:157)
	at com.kms.katalon.core.main.TestCaseMain$startTestSuite$0.call(Unknown Source)
	at TempTestSuite1613733199540.run(TempTestSuite1613733199540.groovy:39)
Caused by: org.openqa.selenium.SessionNotCreatedException: session not created
from chrome not reachable
  (Session info: chrome=86.0.4240.75)
Build info: version: '3.141.59', revision: 'e82be7d358', time: '2018-11-14T08:25:53'
System info: host: 'OMTPGCN1132568L', ip: '192.168.1.1', os.name: 'Windows 10', os.arch: 'amd64', os.version: '10.0', java.version: '1.8.0_181'
Driver info: driver.version: CChromeDriver
remote stacktrace: Backtrace:
	Ordinal0 [0x00A8C013+3194899]
	Ordinal0 [0x00976021+2056225]
	Ordinal0 [0x0080F4B0+586928]
	Ordinal0 [0x00805894+546964]
	Ordinal0 [0x00805F2C+548652]
	Ordinal0 [0x00807175+553333]
	Ordinal0 [0x0080241E+533534]
	Ordinal0 [0x00810620+591392]
	Ordinal0 [0x007B2A0C+207372]
	Ordinal0 [0x007B1D0D+204045]
	Ordinal0 [0x007AFC1B+195611]
	Ordinal0 [0x00793B7F+80767]
	Ordinal0 [0x00794B4E+84814]
	Ordinal0 [0x00794AD9+84697]
	Ordinal0 [0x0098CE64+2149988]
	GetHandleVerifier [0x00BFBE95+1400773]
	GetHandleVerifier [0x00BFBB61+1399953]
	GetHandleVerifier [0x00C031FA+1430314]
	GetHandleVerifier [0x00BFC69F+1402831]
	Ordinal0 [0x00983D61+2112865]
	Ordinal0 [0x0098E5CB+2155979]
	Ordinal0 [0x0098E6F5+2156277]
	Ordinal0 [0x0099F26E+2224750]
	BaseThreadInitThunk [0x77026359+25]
	RtlGetAppContainerNamedObjectPath [0x77BD8944+228]
	RtlGetAppContainerNamedObjectPath [0x77BD8914+180]

	at org.openqa.selenium.remote.W3CHandshakeResponse.lambda$errorHandler$0(W3CHandshakeResponse.java:62)
	at org.openqa.selenium.remote.HandshakeResponse.lambda$getResponseFunction$0(HandshakeResponse.java:30)
	at org.openqa.selenium.remote.ProtocolHandshake.lambda$createSession$0(ProtocolHandshake.java:126)
	at org.openqa.selenium.remote.ProtocolHandshake.createSession(ProtocolHandshake.java:128)
	at org.openqa.selenium.remote.ProtocolHandshake.createSession(ProtocolHandshake.java:74)
	at org.openqa.selenium.remote.HttpCommandExecutor.execute(HttpCommandExecutor.java:136)
	at org.openqa.selenium.remote.service.DriverCommandExecutor.execute(DriverCommandExecutor.java:83)
	at org.openqa.selenium.remote.RemoteWebDriver.execute(RemoteWebDriver.java:552)
	at com.kms.katalon.selenium.driver.CChromeDriver.execute(CChromeDriver.java:19)
	at org.openqa.selenium.remote.RemoteWebDriver.startSession(RemoteWebDriver.java:213)
	at org.openqa.selenium.remote.RemoteWebDriver.<init>(RemoteWebDriver.java:131)
	at org.openqa.selenium.chrome.ChromeDriver.<init>(ChromeDriver.java:181)
	at org.openqa.selenium.chrome.ChromeDriver.<init>(ChromeDriver.java:147)
	at com.kms.katalon.selenium.driver.CChromeDriver.<init>(CChromeDriver.java:13)
	at com.kms.katalon.core.webui.driver.DriverFactory.createNewChromeDriver(DriverFactory.java:400)
	at com.kms.katalon.core.webui.driver.DriverFactory.startNewBrowser(DriverFactory.java:358)
	at com.kms.katalon.core.webui.driver.DriverFactory.openWebDriver(DriverFactory.java:245)
	at com.kms.katalon.core.webui.keyword.builtin.OpenBrowserKeyword$_openBrowser_closure1.doCall(OpenBrowserKeyword.groovy:74)
	at com.kms.katalon.core.webui.keyword.builtin.OpenBrowserKeyword$_openBrowser_closure1.call(OpenBrowserKeyword.groovy)
	at com.kms.katalon.core.webui.keyword.internal.WebUIKeywordMain.runKeyword(WebUIKeywordMain.groovy:20)
	at com.kms.katalon.core.webui.keyword.builtin.OpenBrowserKeyword.openBrowser(OpenBrowserKeyword.groovy:81)
	at com.kms.katalon.core.webui.keyword.builtin.OpenBrowserKeyword.execute(OpenBrowserKeyword.groovy:67)
	at com.kms.katalon.core.keyword.internal.KeywordExecutor.executeKeywordForPlatform(KeywordExecutor.groovy:73)
	at com.kms.katalon.core.webui.keyword.WebUiBuiltInKeywords.openBrowser(WebUiBuiltInKeywords.groovy:61)
	at com.kms.katalon.core.webui.keyword.WebUiBuiltInKeywords$openBrowser.call(Unknown Source)
	at customKeywords.commanFunctions.openBrowser(commanFunctions.groovy:47)
	at customKeywords.commanFunctions.uploadFileOfRegisterUser(commanFunctions.groovy:747)
	at customKeywords.commanFunctions.invokeMethod(commanFunctions.groovy)
	at com.kms.katalon.core.main.CustomKeywordDelegatingMetaClass.invokeStaticMethod(CustomKeywordDelegatingMetaClass.java:50)
	at Script1613223049787.run(Script1613223049787.groovy:16)
	... 13 more
)

2021-02-19 16:44:55 - [MESSAGE][FAILED] - Unable to open browser with url: 'https://Inspect.Stage.site.sa'

2021-02-19 16:44:55 - [TEST_STEP][PASSED] - Start tear down : tearDownMethodIfFailed: Method 'tearDownMethodIfFailed' complete successfully

2021-02-19 16:44:55 - [TEST_STEP][PASSED] - customKeywords.commanFunctions.onlyCloseBrowser(): customKeywords.commanFunctions.onlyCloseBrowser is PASSED

2021-02-19 16:44:55 - [MESSAGE][PASSED] - Browser is closed

2021-02-19 16:44:55 - [MESSAGE][PASSED] - customKeywords.commanFunctions.onlyCloseBrowser is PASSED

2021-02-19 16:44:55 - [TEST_STEP][PASSED] - logInfo("[--------This is tearDownIfFailed method------]"): [--------This is tearDownIfFailed method------]

2021-02-19 16:44:55 - [MESSAGE][INFO] - [--------This is tearDownIfFailed method------]

2021-02-19 16:44:55 - [MESSAGE][PASSED] - Method 'tearDownMethodIfFailed' complete successfully]]></system-out>
         <system-err><![CDATA[2021-02-19 16:44:42 - [TEST_CASE][FAILED] - Test Cases/UploadDiffFiles_RegisterUser/TC_As a register user, Upload Exe File and verify Uploded file in Submission Page: Test Cases/UploadDiffFiles_RegisterUser/TC_As a register user, Upload Exe File and verify Uploded file in Submission Page FAILED.
Reason:
com.kms.katalon.core.exception.StepFailedException: Unable to open browser with url: 'https://Inspect.Stage.site.sa'
	at com.kms.katalon.core.webui.keyword.internal.WebUIKeywordMain.stepFailed(WebUIKeywordMain.groovy:64)
	at com.kms.katalon.core.webui.keyword.internal.WebUIKeywordMain.runKeyword(WebUIKeywordMain.groovy:26)
	at com.kms.katalon.core.webui.keyword.builtin.OpenBrowserKeyword.openBrowser(OpenBrowserKeyword.groovy:81)
	at com.kms.katalon.core.webui.keyword.builtin.OpenBrowserKeyword.execute(OpenBrowserKeyword.groovy:67)
	at com.kms.katalon.core.keyword.internal.KeywordExecutor.executeKeywordForPlatform(KeywordExecutor.groovy:73)
	at com.kms.katalon.core.webui.keyword.WebUiBuiltInKeywords.openBrowser(WebUiBuiltInKeywords.groovy:61)
	at com.kms.katalon.core.webui.keyword.WebUiBuiltInKeywords$openBrowser.call(Unknown Source)
	at customKeywords.commanFunctions.openBrowser(commanFunctions.groovy:47)
	at customKeywords.commanFunctions.uploadFileOfRegisterUser(commanFunctions.groovy:747)
	at customKeywords.commanFunctions.invokeMethod(commanFunctions.groovy)
	at com.kms.katalon.core.main.CustomKeywordDelegatingMetaClass.invokeStaticMethod(CustomKeywordDelegatingMetaClass.java:50)
	at TC_As a register user, Upload Exe File and verify Uploded file in Submission Page.run(TC_As a register user, Upload Exe File and verify Uploded file in Submission Page:16)
	at com.kms.katalon.core.main.ScriptEngine.run(ScriptEngine.java:194)
	at com.kms.katalon.core.main.ScriptEngine.runScriptAsRawText(ScriptEngine.java:119)
	at com.kms.katalon.core.main.TestCaseExecutor.runScript(TestCaseExecutor.java:394)
	at com.kms.katalon.core.main.TestCaseExecutor.doExecute(TestCaseExecutor.java:385)
	at com.kms.katalon.core.main.TestCaseExecutor.processExecutionPhase(TestCaseExecutor.java:364)
	at com.kms.katalon.core.main.TestCaseExecutor.accessMainPhase(TestCaseExecutor.java:356)
	at com.kms.katalon.core.main.TestCaseExecutor.execute(TestCaseExecutor.java:251)
	at com.kms.katalon.core.main.TestSuiteExecutor.accessTestCaseMainPhase(TestSuiteExecutor.java:203)
	at com.kms.katalon.core.main.TestSuiteExecutor.accessTestSuiteMainPhase(TestSuiteExecutor.java:152)
	at com.kms.katalon.core.main.TestSuiteExecutor.execute(TestSuiteExecutor.java:95)
	at com.kms.katalon.core.main.TestCaseMain.startTestSuite(TestCaseMain.java:157)
	at com.kms.katalon.core.main.TestCaseMain$startTestSuite$0.call(Unknown Source)
	at TempTestSuite1613733199540.run(TempTestSuite1613733199540.groovy:39)
Caused by: org.openqa.selenium.SessionNotCreatedException: session not created
from chrome not reachable
  (Session info: chrome=86.0.4240.75)
Build info: version: '3.141.59', revision: 'e82be7d358', time: '2018-11-14T08:25:53'
System info: host: 'OMTPGCN1132568L', ip: '192.168.1.1', os.name: 'Windows 10', os.arch: 'amd64', os.version: '10.0', java.version: '1.8.0_181'
Driver info: driver.version: CChromeDriver
remote stacktrace: Backtrace:
	Ordinal0 [0x00A8C013+3194899]
	Ordinal0 [0x00976021+2056225]
	Ordinal0 [0x0080F4B0+586928]
	Ordinal0 [0x00805894+546964]
	Ordinal0 [0x00805F2C+548652]
	Ordinal0 [0x00807175+553333]
	Ordinal0 [0x0080241E+533534]
	Ordinal0 [0x00810620+591392]
	Ordinal0 [0x007B2A0C+207372]
	Ordinal0 [0x007B1D0D+204045]
	Ordinal0 [0x007AFC1B+195611]
	Ordinal0 [0x00793B7F+80767]
	Ordinal0 [0x00794B4E+84814]
	Ordinal0 [0x00794AD9+84697]
	Ordinal0 [0x0098CE64+2149988]
	GetHandleVerifier [0x00BFBE95+1400773]
	GetHandleVerifier [0x00BFBB61+1399953]
	GetHandleVerifier [0x00C031FA+1430314]
	GetHandleVerifier [0x00BFC69F+1402831]
	Ordinal0 [0x00983D61+2112865]
	Ordinal0 [0x0098E5CB+2155979]
	Ordinal0 [0x0098E6F5+2156277]
	Ordinal0 [0x0099F26E+2224750]
	BaseThreadInitThunk [0x77026359+25]
	RtlGetAppContainerNamedObjectPath [0x77BD8944+228]
	RtlGetAppContainerNamedObjectPath [0x77BD8914+180]

	at org.openqa.selenium.remote.W3CHandshakeResponse.lambda$errorHandler$0(W3CHandshakeResponse.java:62)
	at org.openqa.selenium.remote.HandshakeResponse.lambda$getResponseFunction$0(HandshakeResponse.java:30)
	at org.openqa.selenium.remote.ProtocolHandshake.lambda$createSession$0(ProtocolHandshake.java:126)
	at org.openqa.selenium.remote.ProtocolHandshake.createSession(ProtocolHandshake.java:128)
	at org.openqa.selenium.remote.ProtocolHandshake.createSession(ProtocolHandshake.java:74)
	at org.openqa.selenium.remote.HttpCommandExecutor.execute(HttpCommandExecutor.java:136)
	at org.openqa.selenium.remote.service.DriverCommandExecutor.execute(DriverCommandExecutor.java:83)
	at org.openqa.selenium.remote.RemoteWebDriver.execute(RemoteWebDriver.java:552)
	at com.kms.katalon.selenium.driver.CChromeDriver.execute(CChromeDriver.java:19)
	at org.openqa.selenium.remote.RemoteWebDriver.startSession(RemoteWebDriver.java:213)
	at org.openqa.selenium.remote.RemoteWebDriver.<init>(RemoteWebDriver.java:131)
	at org.openqa.selenium.chrome.ChromeDriver.<init>(ChromeDriver.java:181)
	at org.openqa.selenium.chrome.ChromeDriver.<init>(ChromeDriver.java:147)
	at com.kms.katalon.selenium.driver.CChromeDriver.<init>(CChromeDriver.java:13)
	at com.kms.katalon.core.webui.driver.DriverFactory.createNewChromeDriver(DriverFactory.java:400)
	at com.kms.katalon.core.webui.driver.DriverFactory.startNewBrowser(DriverFactory.java:358)
	at com.kms.katalon.core.webui.driver.DriverFactory.openWebDriver(DriverFactory.java:245)
	at com.kms.katalon.core.webui.keyword.builtin.OpenBrowserKeyword$_openBrowser_closure1.doCall(OpenBrowserKeyword.groovy:74)
	at com.kms.katalon.core.webui.keyword.builtin.OpenBrowserKeyword$_openBrowser_closure1.call(OpenBrowserKeyword.groovy)
	at com.kms.katalon.core.webui.keyword.internal.WebUIKeywordMain.runKeyword(WebUIKeywordMain.groovy:20)
	... 23 more]]></system-err>
      </testcase>
      <testcase name="Test Cases/UploadDiffFiles_RegisterUser/TC_As a register user, Upload Graphics Interchange Format File and verify Uploded file in Submission Page" time="14.792" classname="Test Cases/UploadDiffFiles_RegisterUser/TC_As a register user, Upload Graphics Interchange Format File and verify Uploded file in Submission Page" status="FAILED">
         <failure type="FAILED" message="Test Cases/UploadDiffFiles_RegisterUser/TC_As a register user, Upload Graphics Interchange Format File and verify Uploded file in Submission Page FAILED.
Reason:
com.kms.katalon.core.exception.StepFailedException: Unable to send keys 'Test@12345' to object 'Object Repository/LoginAndRigisterUser/Password_Input'
	at com.kms.katalon.core.webui.keyword.internal.WebUIKeywordMain.stepFailed(WebUIKeywordMain.groovy:64)
	at com.kms.katalon.core.webui.keyword.internal.WebUIKeywordMain.runKeyword(WebUIKeywordMain.groovy:26)
	at com.kms.katalon.core.webui.keyword.builtin.SendKeysKeyword.sendKeys(SendKeysKeyword.groovy:60)
	at com.kms.katalon.core.webui.keyword.builtin.SendKeysKeyword.execute(SendKeysKeyword.groovy:38)
	at com.kms.katalon.core.keyword.internal.KeywordExecutor.executeKeywordForPlatform(KeywordExecutor.groovy:73)
	at com.kms.katalon.core.webui.keyword.WebUiBuiltInKeywords.sendKeys(WebUiBuiltInKeywords.groovy:861)
	at com.kms.katalon.core.webui.keyword.WebUiBuiltInKeywords$sendKeys$4.call(Unknown Source)
	at customKeywords.commanFunctions.logIntoBrowserWithReqCredentials(commanFunctions.groovy:70)
	at customKeywords.commanFunctions.uploadFileOfRegisterUser(commanFunctions.groovy:753)
	at customKeywords.commanFunctions.invokeMethod(commanFunctions.groovy)
	at com.kms.katalon.core.main.CustomKeywordDelegatingMetaClass.invokeStaticMethod(CustomKeywordDelegatingMetaClass.java:50)
	at TC_As a register user, Upload Graphics Interchange Format File and verify Uploded file in Submission Page.run(TC_As a register user, Upload Graphics Interchange Format File and verify Uploded file in Submission Page:16)
	at com.kms.katalon.core.main.ScriptEngine.run(ScriptEngine.java:194)
	at com.kms.katalon.core.main.ScriptEngine.runScriptAsRawText(ScriptEngine.java:119)
	at com.kms.katalon.core.main.TestCaseExecutor.runScript(TestCaseExecutor.java:394)
	at com.kms.katalon.core.main.TestCaseExecutor.doExecute(TestCaseExecutor.java:385)
	at com.kms.katalon.core.main.TestCaseExecutor.processExecutionPhase(TestCaseExecutor.java:364)
	at com.kms.katalon.core.main.TestCaseExecutor.accessMainPhase(TestCaseExecutor.java:356)
	at com.kms.katalon.core.main.TestCaseExecutor.execute(TestCaseExecutor.java:251)
	at com.kms.katalon.core.main.TestSuiteExecutor.accessTestCaseMainPhase(TestSuiteExecutor.java:203)
	at com.kms.katalon.core.main.TestSuiteExecutor.accessTestSuiteMainPhase(TestSuiteExecutor.java:152)
	at com.kms.katalon.core.main.TestSuiteExecutor.execute(TestSuiteExecutor.java:95)
	at com.kms.katalon.core.main.TestCaseMain.startTestSuite(TestCaseMain.java:157)
	at com.kms.katalon.core.main.TestCaseMain$startTestSuite$0.call(Unknown Source)
	at TempTestSuite1613733199540.run(TempTestSuite1613733199540.groovy:39)
Caused by: org.openqa.selenium.NoSuchWindowException: no such window: target window already closed
from unknown error: web view not found
  (Session info: chrome=86.0.4240.75)
Build info: version: '3.141.59', revision: 'e82be7d358', time: '2018-11-14T08:25:53'
System info: host: 'OMTPGCN1132568L', ip: '192.168.1.1', os.name: 'Windows 10', os.arch: 'amd64', os.version: '10.0', java.version: '1.8.0_181'
Driver info: com.kms.katalon.selenium.driver.CChromeDriver
Capabilities {acceptInsecureCerts: false, browserName: chrome, browserVersion: 86.0.4240.75, chrome: {chromedriverVersion: 86.0.4240.22 (398b0743353ff..., userDataDir: C:\Users\ashok\AppData\Loca...}, goog:chromeOptions: {debuggerAddress: localhost:50741}, javascriptEnabled: true, networkConnectionEnabled: false, pageLoadStrategy: normal, platform: WINDOWS, platformName: WINDOWS, proxy: Proxy(), setWindowRect: true, strictFileInteractability: false, timeouts: {implicit: 0, pageLoad: 300000, script: 30000}, unhandledPromptBehavior: dismiss and notify, webauthn:virtualAuthenticators: true}
Session ID: 9fd9b0bd2cf16ca3f17a6ab4ee968048
*** Element info: {Using=xpath, value=//app-header/nz-layout[1]/nz-content[1]/app-login[1]/div[2]/div[1]/form[1]/nz-form-item[2]/nz-form-control[1]/div[1]/span[1]/nz-input-group[1]/input[1]}
	at org.openqa.selenium.remote.http.W3CHttpResponseCodec.createException(W3CHttpResponseCodec.java:187)
	at org.openqa.selenium.remote.http.W3CHttpResponseCodec.decode(W3CHttpResponseCodec.java:122)
	at org.openqa.selenium.remote.http.W3CHttpResponseCodec.decode(W3CHttpResponseCodec.java:49)
	at org.openqa.selenium.remote.HttpCommandExecutor.execute(HttpCommandExecutor.java:158)
	at org.openqa.selenium.remote.service.DriverCommandExecutor.execute(DriverCommandExecutor.java:83)
	at org.openqa.selenium.remote.RemoteWebDriver.execute(RemoteWebDriver.java:552)
	at com.kms.katalon.selenium.driver.CChromeDriver.execute(CChromeDriver.java:19)
	at org.openqa.selenium.remote.RemoteWebDriver.findElements(RemoteWebDriver.java:353)
	at org.openqa.selenium.remote.RemoteWebDriver.findElementsByXPath(RemoteWebDriver.java:432)
	at org.openqa.selenium.By$ByXPath.findElements(By.java:348)
	at org.openqa.selenium.remote.RemoteWebDriver.findElements(RemoteWebDriver.java:311)
	at org.openqa.selenium.support.events.EventFiringWebDriver.lambda$new$1(EventFiringWebDriver.java:105)
	at com.sun.proxy.$Proxy11.findElements(Unknown Source)
	at org.openqa.selenium.support.events.EventFiringWebDriver.findElements(EventFiringWebDriver.java:182)
	at com.kms.katalon.core.webui.common.WebUiCommonHelper.findElementByNormalMethods(WebUiCommonHelper.java:1014)
	at com.kms.katalon.core.webui.common.WebUiCommonHelper.findElementsBySelectedMethod(WebUiCommonHelper.java:903)
	at com.kms.katalon.core.webui.common.WebUiCommonHelper.findElementsBySelectedMethod(WebUiCommonHelper.java:892)
	at com.kms.katalon.core.webui.common.WebUiCommonHelper.findElementsBySelectedMethod(WebUiCommonHelper.java:887)
	at com.kms.katalon.core.webui.common.WebUiCommonHelper.findElementsByDefault(WebUiCommonHelper.java:883)
	at com.kms.katalon.core.webui.common.WebUiCommonHelper.findElementsWithSelfHealing(WebUiCommonHelper.java:733)
	at com.kms.katalon.core.webui.common.WebUiCommonHelper.findWebElements(WebUiCommonHelper.java:718)
	at com.kms.katalon.core.webui.common.WebUiCommonHelper.findWebElement(WebUiCommonHelper.java:1364)
	at com.kms.katalon.core.webui.keyword.internal.WebUIAbstractKeyword.findWebElement(WebUIAbstractKeyword.groovy:27)
	at com.kms.katalon.core.webui.keyword.internal.WebUIAbstractKeyword.findWebElement(WebUIAbstractKeyword.groovy:26)
	at com.kms.katalon.core.webui.keyword.builtin.SendKeysKeyword$_sendKeys_closure1.doCall(SendKeysKeyword.groovy:52)
	at com.kms.katalon.core.webui.keyword.builtin.SendKeysKeyword$_sendKeys_closure1.call(SendKeysKeyword.groovy)
	at com.kms.katalon.core.webui.keyword.internal.WebUIKeywordMain.runKeyword(WebUIKeywordMain.groovy:20)
	... 23 more
"/>
         <system-out><![CDATA[2021-02-19 16:44:55 - [TEST_CASE][FAILED] - Test Cases/UploadDiffFiles_RegisterUser/TC_As a register user, Upload Graphics Interchange Format File and verify Uploded file in Submission Page: Test Cases/UploadDiffFiles_RegisterUser/TC_As a register user, Upload Graphics Interchange Format File and verify Uploded file in Submission Page FAILED.
Reason:
com.kms.katalon.core.exception.StepFailedException: Unable to send keys 'Test@12345' to object 'Object Repository/LoginAndRigisterUser/Password_Input'
	at com.kms.katalon.core.webui.keyword.internal.WebUIKeywordMain.stepFailed(WebUIKeywordMain.groovy:64)
	at com.kms.katalon.core.webui.keyword.internal.WebUIKeywordMain.runKeyword(WebUIKeywordMain.groovy:26)
	at com.kms.katalon.core.webui.keyword.builtin.SendKeysKeyword.sendKeys(SendKeysKeyword.groovy:60)
	at com.kms.katalon.core.webui.keyword.builtin.SendKeysKeyword.execute(SendKeysKeyword.groovy:38)
	at com.kms.katalon.core.keyword.internal.KeywordExecutor.executeKeywordForPlatform(KeywordExecutor.groovy:73)
	at com.kms.katalon.core.webui.keyword.WebUiBuiltInKeywords.sendKeys(WebUiBuiltInKeywords.groovy:861)
	at com.kms.katalon.core.webui.keyword.WebUiBuiltInKeywords$sendKeys$4.call(Unknown Source)
	at customKeywords.commanFunctions.logIntoBrowserWithReqCredentials(commanFunctions.groovy:70)
	at customKeywords.commanFunctions.uploadFileOfRegisterUser(commanFunctions.groovy:753)
	at customKeywords.commanFunctions.invokeMethod(commanFunctions.groovy)
	at com.kms.katalon.core.main.CustomKeywordDelegatingMetaClass.invokeStaticMethod(CustomKeywordDelegatingMetaClass.java:50)
	at TC_As a register user, Upload Graphics Interchange Format File and verify Uploded file in Submission Page.run(TC_As a register user, Upload Graphics Interchange Format File and verify Uploded file in Submission Page:16)
	at com.kms.katalon.core.main.ScriptEngine.run(ScriptEngine.java:194)
	at com.kms.katalon.core.main.ScriptEngine.runScriptAsRawText(ScriptEngine.java:119)
	at com.kms.katalon.core.main.TestCaseExecutor.runScript(TestCaseExecutor.java:394)
	at com.kms.katalon.core.main.TestCaseExecutor.doExecute(TestCaseExecutor.java:385)
	at com.kms.katalon.core.main.TestCaseExecutor.processExecutionPhase(TestCaseExecutor.java:364)
	at com.kms.katalon.core.main.TestCaseExecutor.accessMainPhase(TestCaseExecutor.java:356)
	at com.kms.katalon.core.main.TestCaseExecutor.execute(TestCaseExecutor.java:251)
	at com.kms.katalon.core.main.TestSuiteExecutor.accessTestCaseMainPhase(TestSuiteExecutor.java:203)
	at com.kms.katalon.core.main.TestSuiteExecutor.accessTestSuiteMainPhase(TestSuiteExecutor.java:152)
	at com.kms.katalon.core.main.TestSuiteExecutor.execute(TestSuiteExecutor.java:95)
	at com.kms.katalon.core.main.TestCaseMain.startTestSuite(TestCaseMain.java:157)
	at com.kms.katalon.core.main.TestCaseMain$startTestSuite$0.call(Unknown Source)
	at TempTestSuite1613733199540.run(TempTestSuite1613733199540.groovy:39)
Caused by: org.openqa.selenium.NoSuchWindowException: no such window: target window already closed
from unknown error: web view not found
  (Session info: chrome=86.0.4240.75)
Build info: version: '3.141.59', revision: 'e82be7d358', time: '2018-11-14T08:25:53'
System info: host: 'OMTPGCN1132568L', ip: '192.168.1.1', os.name: 'Windows 10', os.arch: 'amd64', os.version: '10.0', java.version: '1.8.0_181'
Driver info: com.kms.katalon.selenium.driver.CChromeDriver
Capabilities {acceptInsecureCerts: false, browserName: chrome, browserVersion: 86.0.4240.75, chrome: {chromedriverVersion: 86.0.4240.22 (398b0743353ff..., userDataDir: C:\Users\ashok\AppData\Loca...}, goog:chromeOptions: {debuggerAddress: localhost:50741}, javascriptEnabled: true, networkConnectionEnabled: false, pageLoadStrategy: normal, platform: WINDOWS, platformName: WINDOWS, proxy: Proxy(), setWindowRect: true, strictFileInteractability: false, timeouts: {implicit: 0, pageLoad: 300000, script: 30000}, unhandledPromptBehavior: dismiss and notify, webauthn:virtualAuthenticators: true}
Session ID: 9fd9b0bd2cf16ca3f17a6ab4ee968048
*** Element info: {Using=xpath, value=//app-header/nz-layout[1]/nz-content[1]/app-login[1]/div[2]/div[1]/form[1]/nz-form-item[2]/nz-form-control[1]/div[1]/span[1]/nz-input-group[1]/input[1]}
	at org.openqa.selenium.remote.http.W3CHttpResponseCodec.createException(W3CHttpResponseCodec.java:187)
	at org.openqa.selenium.remote.http.W3CHttpResponseCodec.decode(W3CHttpResponseCodec.java:122)
	at org.openqa.selenium.remote.http.W3CHttpResponseCodec.decode(W3CHttpResponseCodec.java:49)
	at org.openqa.selenium.remote.HttpCommandExecutor.execute(HttpCommandExecutor.java:158)
	at org.openqa.selenium.remote.service.DriverCommandExecutor.execute(DriverCommandExecutor.java:83)
	at org.openqa.selenium.remote.RemoteWebDriver.execute(RemoteWebDriver.java:552)
	at com.kms.katalon.selenium.driver.CChromeDriver.execute(CChromeDriver.java:19)
	at org.openqa.selenium.remote.RemoteWebDriver.findElements(RemoteWebDriver.java:353)
	at org.openqa.selenium.remote.RemoteWebDriver.findElementsByXPath(RemoteWebDriver.java:432)
	at org.openqa.selenium.By$ByXPath.findElements(By.java:348)
	at org.openqa.selenium.remote.RemoteWebDriver.findElements(RemoteWebDriver.java:311)
	at org.openqa.selenium.support.events.EventFiringWebDriver.lambda$new$1(EventFiringWebDriver.java:105)
	at com.sun.proxy.$Proxy11.findElements(Unknown Source)
	at org.openqa.selenium.support.events.EventFiringWebDriver.findElements(EventFiringWebDriver.java:182)
	at com.kms.katalon.core.webui.common.WebUiCommonHelper.findElementByNormalMethods(WebUiCommonHelper.java:1014)
	at com.kms.katalon.core.webui.common.WebUiCommonHelper.findElementsBySelectedMethod(WebUiCommonHelper.java:903)
	at com.kms.katalon.core.webui.common.WebUiCommonHelper.findElementsBySelectedMethod(WebUiCommonHelper.java:892)
	at com.kms.katalon.core.webui.common.WebUiCommonHelper.findElementsBySelectedMethod(WebUiCommonHelper.java:887)
	at com.kms.katalon.core.webui.common.WebUiCommonHelper.findElementsByDefault(WebUiCommonHelper.java:883)
	at com.kms.katalon.core.webui.common.WebUiCommonHelper.findElementsWithSelfHealing(WebUiCommonHelper.java:733)
	at com.kms.katalon.core.webui.common.WebUiCommonHelper.findWebElements(WebUiCommonHelper.java:718)
	at com.kms.katalon.core.webui.common.WebUiCommonHelper.findWebElement(WebUiCommonHelper.java:1364)
	at com.kms.katalon.core.webui.keyword.internal.WebUIAbstractKeyword.findWebElement(WebUIAbstractKeyword.groovy:27)
	at com.kms.katalon.core.webui.keyword.internal.WebUIAbstractKeyword.findWebElement(WebUIAbstractKeyword.groovy:26)
	at com.kms.katalon.core.webui.keyword.builtin.SendKeysKeyword$_sendKeys_closure1.doCall(SendKeysKeyword.groovy:52)
	at com.kms.katalon.core.webui.keyword.builtin.SendKeysKeyword$_sendKeys_closure1.call(SendKeysKeyword.groovy)
	at com.kms.katalon.core.webui.keyword.internal.WebUIKeywordMain.runKeyword(WebUIKeywordMain.groovy:20)
	... 23 more


2021-02-19 16:44:55 - [TEST_STEP][PASSED] - excelTestData = findTestData("Data Files/TestData/InspectTestData"): null

2021-02-19 16:44:55 - [TEST_STEP][PASSED] - rigisterUN = excelTestData.getValue(2, 23): null

2021-02-19 16:44:55 - [TEST_STEP][PASSED] - rigisterPW = excelTestData.getValue(3, 23): null

2021-02-19 16:44:55 - [TEST_STEP][FAILED] - customKeywords.commanFunctions.uploadFileOfRegisterUser(288, rigisterUN, rigisterPW): Unable to send keys 'Test@12345' to object 'Object Repository/LoginAndRigisterUser/Password_Input'

2021-02-19 16:44:56 - [MESSAGE][INFO] - Starting 'Chrome' driver

2021-02-19 16:44:56 - [MESSAGE][INFO] - Action delay is set to 0 milliseconds

2021-02-19 16:45:05 - [MESSAGE][PASSED] - Browser is opened with url: 'https://Inspect.Stage.site.sa'

2021-02-19 16:45:07 - [MESSAGE][PASSED] - Current window maximized

2021-02-19 16:45:07 - [MESSAGE][PASSED] - Wait for page load successfully

2021-02-19 16:45:08 - [MESSAGE][PASSED] - Object 'Object Repository/LoginAndRigisterUser/LoginLink' is clickable

2021-02-19 16:45:08 - [MESSAGE][INFO] - Clicked on element with JS

2021-02-19 16:45:09 - [MESSAGE][PASSED] - Keys 'Os-ARahman@projects.site.sa' sent to object: 'Object Repository/LoginAndRigisterUser/UserName_Email_Input'

2021-02-19 16:45:09 - [MESSAGE][WARNING] - [SELF-HEALING] Failed to find element with id 'Object Repository/LoginAndRigisterUser/Password_Input'. Try using Self-healing.

2021-02-19 16:45:09 - [MESSAGE][ERROR] - [SELF-HEALING] java.lang.IllegalStateException: Expected BEGIN_OBJECT but was STRING at line 1 column 1 path $

2021-02-19 16:45:09 - [MESSAGE][WARNING] - [SELF-HEALING] Cannot find elements when the XPath is null.

2021-02-19 16:45:09 - [MESSAGE][WARNING] - [SELF-HEALING] Cannot find elements when the selector is null

2021-02-19 16:45:09 - [MESSAGE][WARNING] - Cannot take screenshot

2021-02-19 16:45:09 - [MESSAGE][FAILED] - Unable to send keys 'Test@12345' to object 'Object Repository/LoginAndRigisterUser/Password_Input' (Root cause: com.kms.katalon.core.exception.StepFailedException: Unable to send keys 'Test@12345' to object 'Object Repository/LoginAndRigisterUser/Password_Input'
	at com.kms.katalon.core.webui.keyword.internal.WebUIKeywordMain.stepFailed(WebUIKeywordMain.groovy:64)
	at com.kms.katalon.core.webui.keyword.internal.WebUIKeywordMain.runKeyword(WebUIKeywordMain.groovy:26)
	at com.kms.katalon.core.webui.keyword.builtin.SendKeysKeyword.sendKeys(SendKeysKeyword.groovy:60)
	at com.kms.katalon.core.webui.keyword.builtin.SendKeysKeyword.execute(SendKeysKeyword.groovy:38)
	at com.kms.katalon.core.keyword.internal.KeywordExecutor.executeKeywordForPlatform(KeywordExecutor.groovy:73)
	at com.kms.katalon.core.webui.keyword.WebUiBuiltInKeywords.sendKeys(WebUiBuiltInKeywords.groovy:861)
	at com.kms.katalon.core.webui.keyword.WebUiBuiltInKeywords$sendKeys$4.call(Unknown Source)
	at customKeywords.commanFunctions.logIntoBrowserWithReqCredentials(commanFunctions.groovy:70)
	at customKeywords.commanFunctions.uploadFileOfRegisterUser(commanFunctions.groovy:753)
	at customKeywords.commanFunctions.invokeMethod(commanFunctions.groovy)
	at com.kms.katalon.core.main.CustomKeywordDelegatingMetaClass.invokeStaticMethod(CustomKeywordDelegatingMetaClass.java:50)
	at TC_As a register user, Upload Graphics Interchange Format File and verify Uploded file in Submission Page.run(TC_As a register user, Upload Graphics Interchange Format File and verify Uploded file in Submission Page:16)
	at com.kms.katalon.core.main.ScriptEngine.run(ScriptEngine.java:194)
	at com.kms.katalon.core.main.ScriptEngine.runScriptAsRawText(ScriptEngine.java:119)
	at com.kms.katalon.core.main.TestCaseExecutor.runScript(TestCaseExecutor.java:394)
	at com.kms.katalon.core.main.TestCaseExecutor.doExecute(TestCaseExecutor.java:385)
	at com.kms.katalon.core.main.TestCaseExecutor.processExecutionPhase(TestCaseExecutor.java:364)
	at com.kms.katalon.core.main.TestCaseExecutor.accessMainPhase(TestCaseExecutor.java:356)
	at com.kms.katalon.core.main.TestCaseExecutor.execute(TestCaseExecutor.java:251)
	at com.kms.katalon.core.main.TestSuiteExecutor.accessTestCaseMainPhase(TestSuiteExecutor.java:203)
	at com.kms.katalon.core.main.TestSuiteExecutor.accessTestSuiteMainPhase(TestSuiteExecutor.java:152)
	at com.kms.katalon.core.main.TestSuiteExecutor.execute(TestSuiteExecutor.java:95)
	at com.kms.katalon.core.main.TestCaseMain.startTestSuite(TestCaseMain.java:157)
	at com.kms.katalon.core.main.TestCaseMain$startTestSuite$0.call(Unknown Source)
	at TempTestSuite1613733199540.run(TempTestSuite1613733199540.groovy:39)
Caused by: org.openqa.selenium.NoSuchWindowException: no such window: target window already closed
from unknown error: web view not found
  (Session info: chrome=86.0.4240.75)
Build info: version: '3.141.59', revision: 'e82be7d358', time: '2018-11-14T08:25:53'
System info: host: 'OMTPGCN1132568L', ip: '192.168.1.1', os.name: 'Windows 10', os.arch: 'amd64', os.version: '10.0', java.version: '1.8.0_181'
Driver info: com.kms.katalon.selenium.driver.CChromeDriver
Capabilities {acceptInsecureCerts: false, browserName: chrome, browserVersion: 86.0.4240.75, chrome: {chromedriverVersion: 86.0.4240.22 (398b0743353ff..., userDataDir: C:\Users\ashok\AppData\Loca...}, goog:chromeOptions: {debuggerAddress: localhost:50741}, javascriptEnabled: true, networkConnectionEnabled: false, pageLoadStrategy: normal, platform: WINDOWS, platformName: WINDOWS, proxy: Proxy(), setWindowRect: true, strictFileInteractability: false, timeouts: {implicit: 0, pageLoad: 300000, script: 30000}, unhandledPromptBehavior: dismiss and notify, webauthn:virtualAuthenticators: true}
Session ID: 9fd9b0bd2cf16ca3f17a6ab4ee968048
*** Element info: {Using=xpath, value=//app-header/nz-layout[1]/nz-content[1]/app-login[1]/div[2]/div[1]/form[1]/nz-form-item[2]/nz-form-control[1]/div[1]/span[1]/nz-input-group[1]/input[1]}
	at org.openqa.selenium.remote.http.W3CHttpResponseCodec.createException(W3CHttpResponseCodec.java:187)
	at org.openqa.selenium.remote.http.W3CHttpResponseCodec.decode(W3CHttpResponseCodec.java:122)
	at org.openqa.selenium.remote.http.W3CHttpResponseCodec.decode(W3CHttpResponseCodec.java:49)
	at org.openqa.selenium.remote.HttpCommandExecutor.execute(HttpCommandExecutor.java:158)
	at org.openqa.selenium.remote.service.DriverCommandExecutor.execute(DriverCommandExecutor.java:83)
	at org.openqa.selenium.remote.RemoteWebDriver.execute(RemoteWebDriver.java:552)
	at com.kms.katalon.selenium.driver.CChromeDriver.execute(CChromeDriver.java:19)
	at org.openqa.selenium.remote.RemoteWebDriver.findElements(RemoteWebDriver.java:353)
	at org.openqa.selenium.remote.RemoteWebDriver.findElementsByXPath(RemoteWebDriver.java:432)
	at org.openqa.selenium.By$ByXPath.findElements(By.java:348)
	at org.openqa.selenium.remote.RemoteWebDriver.findElements(RemoteWebDriver.java:311)
	at org.openqa.selenium.support.events.EventFiringWebDriver.lambda$new$1(EventFiringWebDriver.java:105)
	at com.sun.proxy.$Proxy11.findElements(Unknown Source)
	at org.openqa.selenium.support.events.EventFiringWebDriver.findElements(EventFiringWebDriver.java:182)
	at com.kms.katalon.core.webui.common.WebUiCommonHelper.findElementByNormalMethods(WebUiCommonHelper.java:1014)
	at com.kms.katalon.core.webui.common.WebUiCommonHelper.findElementsBySelectedMethod(WebUiCommonHelper.java:903)
	at com.kms.katalon.core.webui.common.WebUiCommonHelper.findElementsBySelectedMethod(WebUiCommonHelper.java:892)
	at com.kms.katalon.core.webui.common.WebUiCommonHelper.findElementsBySelectedMethod(WebUiCommonHelper.java:887)
	at com.kms.katalon.core.webui.common.WebUiCommonHelper.findElementsByDefault(WebUiCommonHelper.java:883)
	at com.kms.katalon.core.webui.common.WebUiCommonHelper.findElementsWithSelfHealing(WebUiCommonHelper.java:733)
	at com.kms.katalon.core.webui.common.WebUiCommonHelper.findWebElements(WebUiCommonHelper.java:718)
	at com.kms.katalon.core.webui.common.WebUiCommonHelper.findWebElement(WebUiCommonHelper.java:1364)
	at com.kms.katalon.core.webui.keyword.internal.WebUIAbstractKeyword.findWebElement(WebUIAbstractKeyword.groovy:27)
	at com.kms.katalon.core.webui.keyword.internal.WebUIAbstractKeyword.findWebElement(WebUIAbstractKeyword.groovy:26)
	at com.kms.katalon.core.webui.keyword.builtin.SendKeysKeyword$_sendKeys_closure1.doCall(SendKeysKeyword.groovy:52)
	at com.kms.katalon.core.webui.keyword.builtin.SendKeysKeyword$_sendKeys_closure1.call(SendKeysKeyword.groovy)
	at com.kms.katalon.core.webui.keyword.internal.WebUIKeywordMain.runKeyword(WebUIKeywordMain.groovy:20)
	at com.kms.katalon.core.webui.keyword.builtin.SendKeysKeyword.sendKeys(SendKeysKeyword.groovy:60)
	at com.kms.katalon.core.webui.keyword.builtin.SendKeysKeyword.execute(SendKeysKeyword.groovy:38)
	at com.kms.katalon.core.keyword.internal.KeywordExecutor.executeKeywordForPlatform(KeywordExecutor.groovy:73)
	at com.kms.katalon.core.webui.keyword.WebUiBuiltInKeywords.sendKeys(WebUiBuiltInKeywords.groovy:861)
	at com.kms.katalon.core.webui.keyword.WebUiBuiltInKeywords$sendKeys$4.call(Unknown Source)
	at customKeywords.commanFunctions.logIntoBrowserWithReqCredentials(commanFunctions.groovy:70)
	at customKeywords.commanFunctions.uploadFileOfRegisterUser(commanFunctions.groovy:753)
	at customKeywords.commanFunctions.invokeMethod(commanFunctions.groovy)
	at com.kms.katalon.core.main.CustomKeywordDelegatingMetaClass.invokeStaticMethod(CustomKeywordDelegatingMetaClass.java:50)
	at Script1613387712624.run(Script1613387712624.groovy:16)
	... 13 more
)

2021-02-19 16:45:09 - [MESSAGE][FAILED] - Unable to send keys 'Test@12345' to object 'Object Repository/LoginAndRigisterUser/Password_Input'

2021-02-19 16:45:09 - [TEST_STEP][PASSED] - Start tear down : tearDownMethodIfFailed: Method 'tearDownMethodIfFailed' complete successfully

2021-02-19 16:45:09 - [TEST_STEP][PASSED] - customKeywords.commanFunctions.onlyCloseBrowser(): customKeywords.commanFunctions.onlyCloseBrowser is PASSED

2021-02-19 16:45:10 - [MESSAGE][PASSED] - Browser is closed

2021-02-19 16:45:10 - [MESSAGE][PASSED] - customKeywords.commanFunctions.onlyCloseBrowser is PASSED

2021-02-19 16:45:10 - [TEST_STEP][PASSED] - logInfo("[--------This is tearDownIfFailed method------]"): [--------This is tearDownIfFailed method------]

2021-02-19 16:45:10 - [MESSAGE][INFO] - [--------This is tearDownIfFailed method------]

2021-02-19 16:45:10 - [MESSAGE][PASSED] - Method 'tearDownMethodIfFailed' complete successfully]]></system-out>
         <system-err><![CDATA[2021-02-19 16:44:55 - [TEST_CASE][FAILED] - Test Cases/UploadDiffFiles_RegisterUser/TC_As a register user, Upload Graphics Interchange Format File and verify Uploded file in Submission Page: Test Cases/UploadDiffFiles_RegisterUser/TC_As a register user, Upload Graphics Interchange Format File and verify Uploded file in Submission Page FAILED.
Reason:
com.kms.katalon.core.exception.StepFailedException: Unable to send keys 'Test@12345' to object 'Object Repository/LoginAndRigisterUser/Password_Input'
	at com.kms.katalon.core.webui.keyword.internal.WebUIKeywordMain.stepFailed(WebUIKeywordMain.groovy:64)
	at com.kms.katalon.core.webui.keyword.internal.WebUIKeywordMain.runKeyword(WebUIKeywordMain.groovy:26)
	at com.kms.katalon.core.webui.keyword.builtin.SendKeysKeyword.sendKeys(SendKeysKeyword.groovy:60)
	at com.kms.katalon.core.webui.keyword.builtin.SendKeysKeyword.execute(SendKeysKeyword.groovy:38)
	at com.kms.katalon.core.keyword.internal.KeywordExecutor.executeKeywordForPlatform(KeywordExecutor.groovy:73)
	at com.kms.katalon.core.webui.keyword.WebUiBuiltInKeywords.sendKeys(WebUiBuiltInKeywords.groovy:861)
	at com.kms.katalon.core.webui.keyword.WebUiBuiltInKeywords$sendKeys$4.call(Unknown Source)
	at customKeywords.commanFunctions.logIntoBrowserWithReqCredentials(commanFunctions.groovy:70)
	at customKeywords.commanFunctions.uploadFileOfRegisterUser(commanFunctions.groovy:753)
	at customKeywords.commanFunctions.invokeMethod(commanFunctions.groovy)
	at com.kms.katalon.core.main.CustomKeywordDelegatingMetaClass.invokeStaticMethod(CustomKeywordDelegatingMetaClass.java:50)
	at TC_As a register user, Upload Graphics Interchange Format File and verify Uploded file in Submission Page.run(TC_As a register user, Upload Graphics Interchange Format File and verify Uploded file in Submission Page:16)
	at com.kms.katalon.core.main.ScriptEngine.run(ScriptEngine.java:194)
	at com.kms.katalon.core.main.ScriptEngine.runScriptAsRawText(ScriptEngine.java:119)
	at com.kms.katalon.core.main.TestCaseExecutor.runScript(TestCaseExecutor.java:394)
	at com.kms.katalon.core.main.TestCaseExecutor.doExecute(TestCaseExecutor.java:385)
	at com.kms.katalon.core.main.TestCaseExecutor.processExecutionPhase(TestCaseExecutor.java:364)
	at com.kms.katalon.core.main.TestCaseExecutor.accessMainPhase(TestCaseExecutor.java:356)
	at com.kms.katalon.core.main.TestCaseExecutor.execute(TestCaseExecutor.java:251)
	at com.kms.katalon.core.main.TestSuiteExecutor.accessTestCaseMainPhase(TestSuiteExecutor.java:203)
	at com.kms.katalon.core.main.TestSuiteExecutor.accessTestSuiteMainPhase(TestSuiteExecutor.java:152)
	at com.kms.katalon.core.main.TestSuiteExecutor.execute(TestSuiteExecutor.java:95)
	at com.kms.katalon.core.main.TestCaseMain.startTestSuite(TestCaseMain.java:157)
	at com.kms.katalon.core.main.TestCaseMain$startTestSuite$0.call(Unknown Source)
	at TempTestSuite1613733199540.run(TempTestSuite1613733199540.groovy:39)
Caused by: org.openqa.selenium.NoSuchWindowException: no such window: target window already closed
from unknown error: web view not found
  (Session info: chrome=86.0.4240.75)
Build info: version: '3.141.59', revision: 'e82be7d358', time: '2018-11-14T08:25:53'
System info: host: 'OMTPGCN1132568L', ip: '192.168.1.1', os.name: 'Windows 10', os.arch: 'amd64', os.version: '10.0', java.version: '1.8.0_181'
Driver info: com.kms.katalon.selenium.driver.CChromeDriver
Capabilities {acceptInsecureCerts: false, browserName: chrome, browserVersion: 86.0.4240.75, chrome: {chromedriverVersion: 86.0.4240.22 (398b0743353ff..., userDataDir: C:\Users\ashok\AppData\Loca...}, goog:chromeOptions: {debuggerAddress: localhost:50741}, javascriptEnabled: true, networkConnectionEnabled: false, pageLoadStrategy: normal, platform: WINDOWS, platformName: WINDOWS, proxy: Proxy(), setWindowRect: true, strictFileInteractability: false, timeouts: {implicit: 0, pageLoad: 300000, script: 30000}, unhandledPromptBehavior: dismiss and notify, webauthn:virtualAuthenticators: true}
Session ID: 9fd9b0bd2cf16ca3f17a6ab4ee968048
*** Element info: {Using=xpath, value=//app-header/nz-layout[1]/nz-content[1]/app-login[1]/div[2]/div[1]/form[1]/nz-form-item[2]/nz-form-control[1]/div[1]/span[1]/nz-input-group[1]/input[1]}
	at org.openqa.selenium.remote.http.W3CHttpResponseCodec.createException(W3CHttpResponseCodec.java:187)
	at org.openqa.selenium.remote.http.W3CHttpResponseCodec.decode(W3CHttpResponseCodec.java:122)
	at org.openqa.selenium.remote.http.W3CHttpResponseCodec.decode(W3CHttpResponseCodec.java:49)
	at org.openqa.selenium.remote.HttpCommandExecutor.execute(HttpCommandExecutor.java:158)
	at org.openqa.selenium.remote.service.DriverCommandExecutor.execute(DriverCommandExecutor.java:83)
	at org.openqa.selenium.remote.RemoteWebDriver.execute(RemoteWebDriver.java:552)
	at com.kms.katalon.selenium.driver.CChromeDriver.execute(CChromeDriver.java:19)
	at org.openqa.selenium.remote.RemoteWebDriver.findElements(RemoteWebDriver.java:353)
	at org.openqa.selenium.remote.RemoteWebDriver.findElementsByXPath(RemoteWebDriver.java:432)
	at org.openqa.selenium.By$ByXPath.findElements(By.java:348)
	at org.openqa.selenium.remote.RemoteWebDriver.findElements(RemoteWebDriver.java:311)
	at org.openqa.selenium.support.events.EventFiringWebDriver.lambda$new$1(EventFiringWebDriver.java:105)
	at com.sun.proxy.$Proxy11.findElements(Unknown Source)
	at org.openqa.selenium.support.events.EventFiringWebDriver.findElements(EventFiringWebDriver.java:182)
	at com.kms.katalon.core.webui.common.WebUiCommonHelper.findElementByNormalMethods(WebUiCommonHelper.java:1014)
	at com.kms.katalon.core.webui.common.WebUiCommonHelper.findElementsBySelectedMethod(WebUiCommonHelper.java:903)
	at com.kms.katalon.core.webui.common.WebUiCommonHelper.findElementsBySelectedMethod(WebUiCommonHelper.java:892)
	at com.kms.katalon.core.webui.common.WebUiCommonHelper.findElementsBySelectedMethod(WebUiCommonHelper.java:887)
	at com.kms.katalon.core.webui.common.WebUiCommonHelper.findElementsByDefault(WebUiCommonHelper.java:883)
	at com.kms.katalon.core.webui.common.WebUiCommonHelper.findElementsWithSelfHealing(WebUiCommonHelper.java:733)
	at com.kms.katalon.core.webui.common.WebUiCommonHelper.findWebElements(WebUiCommonHelper.java:718)
	at com.kms.katalon.core.webui.common.WebUiCommonHelper.findWebElement(WebUiCommonHelper.java:1364)
	at com.kms.katalon.core.webui.keyword.internal.WebUIAbstractKeyword.findWebElement(WebUIAbstractKeyword.groovy:27)
	at com.kms.katalon.core.webui.keyword.internal.WebUIAbstractKeyword.findWebElement(WebUIAbstractKeyword.groovy:26)
	at com.kms.katalon.core.webui.keyword.builtin.SendKeysKeyword$_sendKeys_closure1.doCall(SendKeysKeyword.groovy:52)
	at com.kms.katalon.core.webui.keyword.builtin.SendKeysKeyword$_sendKeys_closure1.call(SendKeysKeyword.groovy)
	at com.kms.katalon.core.webui.keyword.internal.WebUIKeywordMain.runKeyword(WebUIKeywordMain.groovy:20)
	... 23 more]]></system-err>
      </testcase>
      <testcase name="Test Cases/UploadDiffFiles_RegisterUser/TC_As a register user, Upload Jar File and verify Uploded file in Submission Page" time="13.678" classname="Test Cases/UploadDiffFiles_RegisterUser/TC_As a register user, Upload Jar File and verify Uploded file in Submission Page" status="FAILED">
         <failure type="FAILED" message="Test Cases/UploadDiffFiles_RegisterUser/TC_As a register user, Upload Jar File and verify Uploded file in Submission Page FAILED.
Reason:
com.kms.katalon.core.exception.StepFailedException: Unable to open browser with url: 'https://Inspect.Stage.site.sa'
	at com.kms.katalon.core.webui.keyword.internal.WebUIKeywordMain.stepFailed(WebUIKeywordMain.groovy:64)
	at com.kms.katalon.core.webui.keyword.internal.WebUIKeywordMain.runKeyword(WebUIKeywordMain.groovy:26)
	at com.kms.katalon.core.webui.keyword.builtin.OpenBrowserKeyword.openBrowser(OpenBrowserKeyword.groovy:81)
	at com.kms.katalon.core.webui.keyword.builtin.OpenBrowserKeyword.execute(OpenBrowserKeyword.groovy:67)
	at com.kms.katalon.core.keyword.internal.KeywordExecutor.executeKeywordForPlatform(KeywordExecutor.groovy:73)
	at com.kms.katalon.core.webui.keyword.WebUiBuiltInKeywords.openBrowser(WebUiBuiltInKeywords.groovy:61)
	at com.kms.katalon.core.webui.keyword.WebUiBuiltInKeywords$openBrowser.call(Unknown Source)
	at customKeywords.commanFunctions.openBrowser(commanFunctions.groovy:47)
	at customKeywords.commanFunctions.uploadFileOfRegisterUser(commanFunctions.groovy:747)
	at customKeywords.commanFunctions.invokeMethod(commanFunctions.groovy)
	at com.kms.katalon.core.main.CustomKeywordDelegatingMetaClass.invokeStaticMethod(CustomKeywordDelegatingMetaClass.java:50)
	at TC_As a register user, Upload Jar File and verify Uploded file in Submission Page.run(TC_As a register user, Upload Jar File and verify Uploded file in Submission Page:16)
	at com.kms.katalon.core.main.ScriptEngine.run(ScriptEngine.java:194)
	at com.kms.katalon.core.main.ScriptEngine.runScriptAsRawText(ScriptEngine.java:119)
	at com.kms.katalon.core.main.TestCaseExecutor.runScript(TestCaseExecutor.java:394)
	at com.kms.katalon.core.main.TestCaseExecutor.doExecute(TestCaseExecutor.java:385)
	at com.kms.katalon.core.main.TestCaseExecutor.processExecutionPhase(TestCaseExecutor.java:364)
	at com.kms.katalon.core.main.TestCaseExecutor.accessMainPhase(TestCaseExecutor.java:356)
	at com.kms.katalon.core.main.TestCaseExecutor.execute(TestCaseExecutor.java:251)
	at com.kms.katalon.core.main.TestSuiteExecutor.accessTestCaseMainPhase(TestSuiteExecutor.java:203)
	at com.kms.katalon.core.main.TestSuiteExecutor.accessTestSuiteMainPhase(TestSuiteExecutor.java:152)
	at com.kms.katalon.core.main.TestSuiteExecutor.execute(TestSuiteExecutor.java:95)
	at com.kms.katalon.core.main.TestCaseMain.startTestSuite(TestCaseMain.java:157)
	at com.kms.katalon.core.main.TestCaseMain$startTestSuite$0.call(Unknown Source)
	at TempTestSuite1613733199540.run(TempTestSuite1613733199540.groovy:39)
Caused by: org.openqa.selenium.SessionNotCreatedException: session not created
from chrome not reachable
  (Session info: chrome=86.0.4240.75)
Build info: version: '3.141.59', revision: 'e82be7d358', time: '2018-11-14T08:25:53'
System info: host: 'OMTPGCN1132568L', ip: '192.168.1.1', os.name: 'Windows 10', os.arch: 'amd64', os.version: '10.0', java.version: '1.8.0_181'
Driver info: driver.version: CChromeDriver
remote stacktrace: Backtrace:
	Ordinal0 [0x00A8C013+3194899]
	Ordinal0 [0x00976021+2056225]
	Ordinal0 [0x0080F4B0+586928]
	Ordinal0 [0x00805894+546964]
	Ordinal0 [0x00805F2C+548652]
	Ordinal0 [0x00807175+553333]
	Ordinal0 [0x0080241E+533534]
	Ordinal0 [0x00810620+591392]
	Ordinal0 [0x007B2A0C+207372]
	Ordinal0 [0x007B1D0D+204045]
	Ordinal0 [0x007AFC1B+195611]
	Ordinal0 [0x00793B7F+80767]
	Ordinal0 [0x00794B4E+84814]
	Ordinal0 [0x00794AD9+84697]
	Ordinal0 [0x0098CE64+2149988]
	GetHandleVerifier [0x00BFBE95+1400773]
	GetHandleVerifier [0x00BFBB61+1399953]
	GetHandleVerifier [0x00C031FA+1430314]
	GetHandleVerifier [0x00BFC69F+1402831]
	Ordinal0 [0x00983D61+2112865]
	Ordinal0 [0x0098E5CB+2155979]
	Ordinal0 [0x0098E6F5+2156277]
	Ordinal0 [0x0099F26E+2224750]
	BaseThreadInitThunk [0x77026359+25]
	RtlGetAppContainerNamedObjectPath [0x77BD8944+228]
	RtlGetAppContainerNamedObjectPath [0x77BD8914+180]

	at org.openqa.selenium.remote.W3CHandshakeResponse.lambda$errorHandler$0(W3CHandshakeResponse.java:62)
	at org.openqa.selenium.remote.HandshakeResponse.lambda$getResponseFunction$0(HandshakeResponse.java:30)
	at org.openqa.selenium.remote.ProtocolHandshake.lambda$createSession$0(ProtocolHandshake.java:126)
	at org.openqa.selenium.remote.ProtocolHandshake.createSession(ProtocolHandshake.java:128)
	at org.openqa.selenium.remote.ProtocolHandshake.createSession(ProtocolHandshake.java:74)
	at org.openqa.selenium.remote.HttpCommandExecutor.execute(HttpCommandExecutor.java:136)
	at org.openqa.selenium.remote.service.DriverCommandExecutor.execute(DriverCommandExecutor.java:83)
	at org.openqa.selenium.remote.RemoteWebDriver.execute(RemoteWebDriver.java:552)
	at com.kms.katalon.selenium.driver.CChromeDriver.execute(CChromeDriver.java:19)
	at org.openqa.selenium.remote.RemoteWebDriver.startSession(RemoteWebDriver.java:213)
	at org.openqa.selenium.remote.RemoteWebDriver.&lt;init>(RemoteWebDriver.java:131)
	at org.openqa.selenium.chrome.ChromeDriver.&lt;init>(ChromeDriver.java:181)
	at org.openqa.selenium.chrome.ChromeDriver.&lt;init>(ChromeDriver.java:147)
	at com.kms.katalon.selenium.driver.CChromeDriver.&lt;init>(CChromeDriver.java:13)
	at com.kms.katalon.core.webui.driver.DriverFactory.createNewChromeDriver(DriverFactory.java:400)
	at com.kms.katalon.core.webui.driver.DriverFactory.startNewBrowser(DriverFactory.java:358)
	at com.kms.katalon.core.webui.driver.DriverFactory.openWebDriver(DriverFactory.java:245)
	at com.kms.katalon.core.webui.keyword.builtin.OpenBrowserKeyword$_openBrowser_closure1.doCall(OpenBrowserKeyword.groovy:74)
	at com.kms.katalon.core.webui.keyword.builtin.OpenBrowserKeyword$_openBrowser_closure1.call(OpenBrowserKeyword.groovy)
	at com.kms.katalon.core.webui.keyword.internal.WebUIKeywordMain.runKeyword(WebUIKeywordMain.groovy:20)
	... 23 more
"/>
         <system-out><![CDATA[2021-02-19 16:45:10 - [TEST_CASE][FAILED] - Test Cases/UploadDiffFiles_RegisterUser/TC_As a register user, Upload Jar File and verify Uploded file in Submission Page: Test Cases/UploadDiffFiles_RegisterUser/TC_As a register user, Upload Jar File and verify Uploded file in Submission Page FAILED.
Reason:
com.kms.katalon.core.exception.StepFailedException: Unable to open browser with url: 'https://Inspect.Stage.site.sa'
	at com.kms.katalon.core.webui.keyword.internal.WebUIKeywordMain.stepFailed(WebUIKeywordMain.groovy:64)
	at com.kms.katalon.core.webui.keyword.internal.WebUIKeywordMain.runKeyword(WebUIKeywordMain.groovy:26)
	at com.kms.katalon.core.webui.keyword.builtin.OpenBrowserKeyword.openBrowser(OpenBrowserKeyword.groovy:81)
	at com.kms.katalon.core.webui.keyword.builtin.OpenBrowserKeyword.execute(OpenBrowserKeyword.groovy:67)
	at com.kms.katalon.core.keyword.internal.KeywordExecutor.executeKeywordForPlatform(KeywordExecutor.groovy:73)
	at com.kms.katalon.core.webui.keyword.WebUiBuiltInKeywords.openBrowser(WebUiBuiltInKeywords.groovy:61)
	at com.kms.katalon.core.webui.keyword.WebUiBuiltInKeywords$openBrowser.call(Unknown Source)
	at customKeywords.commanFunctions.openBrowser(commanFunctions.groovy:47)
	at customKeywords.commanFunctions.uploadFileOfRegisterUser(commanFunctions.groovy:747)
	at customKeywords.commanFunctions.invokeMethod(commanFunctions.groovy)
	at com.kms.katalon.core.main.CustomKeywordDelegatingMetaClass.invokeStaticMethod(CustomKeywordDelegatingMetaClass.java:50)
	at TC_As a register user, Upload Jar File and verify Uploded file in Submission Page.run(TC_As a register user, Upload Jar File and verify Uploded file in Submission Page:16)
	at com.kms.katalon.core.main.ScriptEngine.run(ScriptEngine.java:194)
	at com.kms.katalon.core.main.ScriptEngine.runScriptAsRawText(ScriptEngine.java:119)
	at com.kms.katalon.core.main.TestCaseExecutor.runScript(TestCaseExecutor.java:394)
	at com.kms.katalon.core.main.TestCaseExecutor.doExecute(TestCaseExecutor.java:385)
	at com.kms.katalon.core.main.TestCaseExecutor.processExecutionPhase(TestCaseExecutor.java:364)
	at com.kms.katalon.core.main.TestCaseExecutor.accessMainPhase(TestCaseExecutor.java:356)
	at com.kms.katalon.core.main.TestCaseExecutor.execute(TestCaseExecutor.java:251)
	at com.kms.katalon.core.main.TestSuiteExecutor.accessTestCaseMainPhase(TestSuiteExecutor.java:203)
	at com.kms.katalon.core.main.TestSuiteExecutor.accessTestSuiteMainPhase(TestSuiteExecutor.java:152)
	at com.kms.katalon.core.main.TestSuiteExecutor.execute(TestSuiteExecutor.java:95)
	at com.kms.katalon.core.main.TestCaseMain.startTestSuite(TestCaseMain.java:157)
	at com.kms.katalon.core.main.TestCaseMain$startTestSuite$0.call(Unknown Source)
	at TempTestSuite1613733199540.run(TempTestSuite1613733199540.groovy:39)
Caused by: org.openqa.selenium.SessionNotCreatedException: session not created
from chrome not reachable
  (Session info: chrome=86.0.4240.75)
Build info: version: '3.141.59', revision: 'e82be7d358', time: '2018-11-14T08:25:53'
System info: host: 'OMTPGCN1132568L', ip: '192.168.1.1', os.name: 'Windows 10', os.arch: 'amd64', os.version: '10.0', java.version: '1.8.0_181'
Driver info: driver.version: CChromeDriver
remote stacktrace: Backtrace:
	Ordinal0 [0x00A8C013+3194899]
	Ordinal0 [0x00976021+2056225]
	Ordinal0 [0x0080F4B0+586928]
	Ordinal0 [0x00805894+546964]
	Ordinal0 [0x00805F2C+548652]
	Ordinal0 [0x00807175+553333]
	Ordinal0 [0x0080241E+533534]
	Ordinal0 [0x00810620+591392]
	Ordinal0 [0x007B2A0C+207372]
	Ordinal0 [0x007B1D0D+204045]
	Ordinal0 [0x007AFC1B+195611]
	Ordinal0 [0x00793B7F+80767]
	Ordinal0 [0x00794B4E+84814]
	Ordinal0 [0x00794AD9+84697]
	Ordinal0 [0x0098CE64+2149988]
	GetHandleVerifier [0x00BFBE95+1400773]
	GetHandleVerifier [0x00BFBB61+1399953]
	GetHandleVerifier [0x00C031FA+1430314]
	GetHandleVerifier [0x00BFC69F+1402831]
	Ordinal0 [0x00983D61+2112865]
	Ordinal0 [0x0098E5CB+2155979]
	Ordinal0 [0x0098E6F5+2156277]
	Ordinal0 [0x0099F26E+2224750]
	BaseThreadInitThunk [0x77026359+25]
	RtlGetAppContainerNamedObjectPath [0x77BD8944+228]
	RtlGetAppContainerNamedObjectPath [0x77BD8914+180]

	at org.openqa.selenium.remote.W3CHandshakeResponse.lambda$errorHandler$0(W3CHandshakeResponse.java:62)
	at org.openqa.selenium.remote.HandshakeResponse.lambda$getResponseFunction$0(HandshakeResponse.java:30)
	at org.openqa.selenium.remote.ProtocolHandshake.lambda$createSession$0(ProtocolHandshake.java:126)
	at org.openqa.selenium.remote.ProtocolHandshake.createSession(ProtocolHandshake.java:128)
	at org.openqa.selenium.remote.ProtocolHandshake.createSession(ProtocolHandshake.java:74)
	at org.openqa.selenium.remote.HttpCommandExecutor.execute(HttpCommandExecutor.java:136)
	at org.openqa.selenium.remote.service.DriverCommandExecutor.execute(DriverCommandExecutor.java:83)
	at org.openqa.selenium.remote.RemoteWebDriver.execute(RemoteWebDriver.java:552)
	at com.kms.katalon.selenium.driver.CChromeDriver.execute(CChromeDriver.java:19)
	at org.openqa.selenium.remote.RemoteWebDriver.startSession(RemoteWebDriver.java:213)
	at org.openqa.selenium.remote.RemoteWebDriver.<init>(RemoteWebDriver.java:131)
	at org.openqa.selenium.chrome.ChromeDriver.<init>(ChromeDriver.java:181)
	at org.openqa.selenium.chrome.ChromeDriver.<init>(ChromeDriver.java:147)
	at com.kms.katalon.selenium.driver.CChromeDriver.<init>(CChromeDriver.java:13)
	at com.kms.katalon.core.webui.driver.DriverFactory.createNewChromeDriver(DriverFactory.java:400)
	at com.kms.katalon.core.webui.driver.DriverFactory.startNewBrowser(DriverFactory.java:358)
	at com.kms.katalon.core.webui.driver.DriverFactory.openWebDriver(DriverFactory.java:245)
	at com.kms.katalon.core.webui.keyword.builtin.OpenBrowserKeyword$_openBrowser_closure1.doCall(OpenBrowserKeyword.groovy:74)
	at com.kms.katalon.core.webui.keyword.builtin.OpenBrowserKeyword$_openBrowser_closure1.call(OpenBrowserKeyword.groovy)
	at com.kms.katalon.core.webui.keyword.internal.WebUIKeywordMain.runKeyword(WebUIKeywordMain.groovy:20)
	... 23 more


2021-02-19 16:45:10 - [TEST_STEP][PASSED] - excelTestData = findTestData("Data Files/TestData/InspectTestData"): null

2021-02-19 16:45:10 - [TEST_STEP][PASSED] - rigisterUN = excelTestData.getValue(6, 23): null

2021-02-19 16:45:10 - [TEST_STEP][PASSED] - rigisterPW = excelTestData.getValue(3, 23): null

2021-02-19 16:45:10 - [TEST_STEP][FAILED] - customKeywords.commanFunctions.uploadFileOfRegisterUser(192, rigisterUN, rigisterPW): Unable to open browser with url: 'https://Inspect.Stage.site.sa'

2021-02-19 16:45:10 - [MESSAGE][INFO] - Starting 'Chrome' driver

2021-02-19 16:45:10 - [MESSAGE][INFO] - Action delay is set to 0 milliseconds

2021-02-19 16:45:23 - [MESSAGE][FAILED] - Unable to open browser with url: 'https://Inspect.Stage.site.sa' (Root cause: com.kms.katalon.core.exception.StepFailedException: Unable to open browser with url: 'https://Inspect.Stage.site.sa'
	at com.kms.katalon.core.webui.keyword.internal.WebUIKeywordMain.stepFailed(WebUIKeywordMain.groovy:64)
	at com.kms.katalon.core.webui.keyword.internal.WebUIKeywordMain.runKeyword(WebUIKeywordMain.groovy:26)
	at com.kms.katalon.core.webui.keyword.builtin.OpenBrowserKeyword.openBrowser(OpenBrowserKeyword.groovy:81)
	at com.kms.katalon.core.webui.keyword.builtin.OpenBrowserKeyword.execute(OpenBrowserKeyword.groovy:67)
	at com.kms.katalon.core.keyword.internal.KeywordExecutor.executeKeywordForPlatform(KeywordExecutor.groovy:73)
	at com.kms.katalon.core.webui.keyword.WebUiBuiltInKeywords.openBrowser(WebUiBuiltInKeywords.groovy:61)
	at com.kms.katalon.core.webui.keyword.WebUiBuiltInKeywords$openBrowser.call(Unknown Source)
	at customKeywords.commanFunctions.openBrowser(commanFunctions.groovy:47)
	at customKeywords.commanFunctions.uploadFileOfRegisterUser(commanFunctions.groovy:747)
	at customKeywords.commanFunctions.invokeMethod(commanFunctions.groovy)
	at com.kms.katalon.core.main.CustomKeywordDelegatingMetaClass.invokeStaticMethod(CustomKeywordDelegatingMetaClass.java:50)
	at TC_As a register user, Upload Jar File and verify Uploded file in Submission Page.run(TC_As a register user, Upload Jar File and verify Uploded file in Submission Page:16)
	at com.kms.katalon.core.main.ScriptEngine.run(ScriptEngine.java:194)
	at com.kms.katalon.core.main.ScriptEngine.runScriptAsRawText(ScriptEngine.java:119)
	at com.kms.katalon.core.main.TestCaseExecutor.runScript(TestCaseExecutor.java:394)
	at com.kms.katalon.core.main.TestCaseExecutor.doExecute(TestCaseExecutor.java:385)
	at com.kms.katalon.core.main.TestCaseExecutor.processExecutionPhase(TestCaseExecutor.java:364)
	at com.kms.katalon.core.main.TestCaseExecutor.accessMainPhase(TestCaseExecutor.java:356)
	at com.kms.katalon.core.main.TestCaseExecutor.execute(TestCaseExecutor.java:251)
	at com.kms.katalon.core.main.TestSuiteExecutor.accessTestCaseMainPhase(TestSuiteExecutor.java:203)
	at com.kms.katalon.core.main.TestSuiteExecutor.accessTestSuiteMainPhase(TestSuiteExecutor.java:152)
	at com.kms.katalon.core.main.TestSuiteExecutor.execute(TestSuiteExecutor.java:95)
	at com.kms.katalon.core.main.TestCaseMain.startTestSuite(TestCaseMain.java:157)
	at com.kms.katalon.core.main.TestCaseMain$startTestSuite$0.call(Unknown Source)
	at TempTestSuite1613733199540.run(TempTestSuite1613733199540.groovy:39)
Caused by: org.openqa.selenium.SessionNotCreatedException: session not created
from chrome not reachable
  (Session info: chrome=86.0.4240.75)
Build info: version: '3.141.59', revision: 'e82be7d358', time: '2018-11-14T08:25:53'
System info: host: 'OMTPGCN1132568L', ip: '192.168.1.1', os.name: 'Windows 10', os.arch: 'amd64', os.version: '10.0', java.version: '1.8.0_181'
Driver info: driver.version: CChromeDriver
remote stacktrace: Backtrace:
	Ordinal0 [0x00A8C013+3194899]
	Ordinal0 [0x00976021+2056225]
	Ordinal0 [0x0080F4B0+586928]
	Ordinal0 [0x00805894+546964]
	Ordinal0 [0x00805F2C+548652]
	Ordinal0 [0x00807175+553333]
	Ordinal0 [0x0080241E+533534]
	Ordinal0 [0x00810620+591392]
	Ordinal0 [0x007B2A0C+207372]
	Ordinal0 [0x007B1D0D+204045]
	Ordinal0 [0x007AFC1B+195611]
	Ordinal0 [0x00793B7F+80767]
	Ordinal0 [0x00794B4E+84814]
	Ordinal0 [0x00794AD9+84697]
	Ordinal0 [0x0098CE64+2149988]
	GetHandleVerifier [0x00BFBE95+1400773]
	GetHandleVerifier [0x00BFBB61+1399953]
	GetHandleVerifier [0x00C031FA+1430314]
	GetHandleVerifier [0x00BFC69F+1402831]
	Ordinal0 [0x00983D61+2112865]
	Ordinal0 [0x0098E5CB+2155979]
	Ordinal0 [0x0098E6F5+2156277]
	Ordinal0 [0x0099F26E+2224750]
	BaseThreadInitThunk [0x77026359+25]
	RtlGetAppContainerNamedObjectPath [0x77BD8944+228]
	RtlGetAppContainerNamedObjectPath [0x77BD8914+180]

	at org.openqa.selenium.remote.W3CHandshakeResponse.lambda$errorHandler$0(W3CHandshakeResponse.java:62)
	at org.openqa.selenium.remote.HandshakeResponse.lambda$getResponseFunction$0(HandshakeResponse.java:30)
	at org.openqa.selenium.remote.ProtocolHandshake.lambda$createSession$0(ProtocolHandshake.java:126)
	at org.openqa.selenium.remote.ProtocolHandshake.createSession(ProtocolHandshake.java:128)
	at org.openqa.selenium.remote.ProtocolHandshake.createSession(ProtocolHandshake.java:74)
	at org.openqa.selenium.remote.HttpCommandExecutor.execute(HttpCommandExecutor.java:136)
	at org.openqa.selenium.remote.service.DriverCommandExecutor.execute(DriverCommandExecutor.java:83)
	at org.openqa.selenium.remote.RemoteWebDriver.execute(RemoteWebDriver.java:552)
	at com.kms.katalon.selenium.driver.CChromeDriver.execute(CChromeDriver.java:19)
	at org.openqa.selenium.remote.RemoteWebDriver.startSession(RemoteWebDriver.java:213)
	at org.openqa.selenium.remote.RemoteWebDriver.<init>(RemoteWebDriver.java:131)
	at org.openqa.selenium.chrome.ChromeDriver.<init>(ChromeDriver.java:181)
	at org.openqa.selenium.chrome.ChromeDriver.<init>(ChromeDriver.java:147)
	at com.kms.katalon.selenium.driver.CChromeDriver.<init>(CChromeDriver.java:13)
	at com.kms.katalon.core.webui.driver.DriverFactory.createNewChromeDriver(DriverFactory.java:400)
	at com.kms.katalon.core.webui.driver.DriverFactory.startNewBrowser(DriverFactory.java:358)
	at com.kms.katalon.core.webui.driver.DriverFactory.openWebDriver(DriverFactory.java:245)
	at com.kms.katalon.core.webui.keyword.builtin.OpenBrowserKeyword$_openBrowser_closure1.doCall(OpenBrowserKeyword.groovy:74)
	at com.kms.katalon.core.webui.keyword.builtin.OpenBrowserKeyword$_openBrowser_closure1.call(OpenBrowserKeyword.groovy)
	at com.kms.katalon.core.webui.keyword.internal.WebUIKeywordMain.runKeyword(WebUIKeywordMain.groovy:20)
	at com.kms.katalon.core.webui.keyword.builtin.OpenBrowserKeyword.openBrowser(OpenBrowserKeyword.groovy:81)
	at com.kms.katalon.core.webui.keyword.builtin.OpenBrowserKeyword.execute(OpenBrowserKeyword.groovy:67)
	at com.kms.katalon.core.keyword.internal.KeywordExecutor.executeKeywordForPlatform(KeywordExecutor.groovy:73)
	at com.kms.katalon.core.webui.keyword.WebUiBuiltInKeywords.openBrowser(WebUiBuiltInKeywords.groovy:61)
	at com.kms.katalon.core.webui.keyword.WebUiBuiltInKeywords$openBrowser.call(Unknown Source)
	at customKeywords.commanFunctions.openBrowser(commanFunctions.groovy:47)
	at customKeywords.commanFunctions.uploadFileOfRegisterUser(commanFunctions.groovy:747)
	at customKeywords.commanFunctions.invokeMethod(commanFunctions.groovy)
	at com.kms.katalon.core.main.CustomKeywordDelegatingMetaClass.invokeStaticMethod(CustomKeywordDelegatingMetaClass.java:50)
	at Script1613223059202.run(Script1613223059202.groovy:16)
	... 13 more
)

2021-02-19 16:45:23 - [MESSAGE][FAILED] - Unable to open browser with url: 'https://Inspect.Stage.site.sa'

2021-02-19 16:45:23 - [TEST_STEP][PASSED] - Start tear down : tearDownMethodIfFailed: Method 'tearDownMethodIfFailed' complete successfully

2021-02-19 16:45:23 - [TEST_STEP][PASSED] - customKeywords.commanFunctions.onlyCloseBrowser(): customKeywords.commanFunctions.onlyCloseBrowser is PASSED

2021-02-19 16:45:24 - [MESSAGE][PASSED] - Browser is closed

2021-02-19 16:45:24 - [MESSAGE][PASSED] - customKeywords.commanFunctions.onlyCloseBrowser is PASSED

2021-02-19 16:45:24 - [TEST_STEP][PASSED] - logInfo("[--------This is tearDownIfFailed method------]"): [--------This is tearDownIfFailed method------]

2021-02-19 16:45:24 - [MESSAGE][INFO] - [--------This is tearDownIfFailed method------]

2021-02-19 16:45:24 - [MESSAGE][PASSED] - Method 'tearDownMethodIfFailed' complete successfully]]></system-out>
         <system-err><![CDATA[2021-02-19 16:45:10 - [TEST_CASE][FAILED] - Test Cases/UploadDiffFiles_RegisterUser/TC_As a register user, Upload Jar File and verify Uploded file in Submission Page: Test Cases/UploadDiffFiles_RegisterUser/TC_As a register user, Upload Jar File and verify Uploded file in Submission Page FAILED.
Reason:
com.kms.katalon.core.exception.StepFailedException: Unable to open browser with url: 'https://Inspect.Stage.site.sa'
	at com.kms.katalon.core.webui.keyword.internal.WebUIKeywordMain.stepFailed(WebUIKeywordMain.groovy:64)
	at com.kms.katalon.core.webui.keyword.internal.WebUIKeywordMain.runKeyword(WebUIKeywordMain.groovy:26)
	at com.kms.katalon.core.webui.keyword.builtin.OpenBrowserKeyword.openBrowser(OpenBrowserKeyword.groovy:81)
	at com.kms.katalon.core.webui.keyword.builtin.OpenBrowserKeyword.execute(OpenBrowserKeyword.groovy:67)
	at com.kms.katalon.core.keyword.internal.KeywordExecutor.executeKeywordForPlatform(KeywordExecutor.groovy:73)
	at com.kms.katalon.core.webui.keyword.WebUiBuiltInKeywords.openBrowser(WebUiBuiltInKeywords.groovy:61)
	at com.kms.katalon.core.webui.keyword.WebUiBuiltInKeywords$openBrowser.call(Unknown Source)
	at customKeywords.commanFunctions.openBrowser(commanFunctions.groovy:47)
	at customKeywords.commanFunctions.uploadFileOfRegisterUser(commanFunctions.groovy:747)
	at customKeywords.commanFunctions.invokeMethod(commanFunctions.groovy)
	at com.kms.katalon.core.main.CustomKeywordDelegatingMetaClass.invokeStaticMethod(CustomKeywordDelegatingMetaClass.java:50)
	at TC_As a register user, Upload Jar File and verify Uploded file in Submission Page.run(TC_As a register user, Upload Jar File and verify Uploded file in Submission Page:16)
	at com.kms.katalon.core.main.ScriptEngine.run(ScriptEngine.java:194)
	at com.kms.katalon.core.main.ScriptEngine.runScriptAsRawText(ScriptEngine.java:119)
	at com.kms.katalon.core.main.TestCaseExecutor.runScript(TestCaseExecutor.java:394)
	at com.kms.katalon.core.main.TestCaseExecutor.doExecute(TestCaseExecutor.java:385)
	at com.kms.katalon.core.main.TestCaseExecutor.processExecutionPhase(TestCaseExecutor.java:364)
	at com.kms.katalon.core.main.TestCaseExecutor.accessMainPhase(TestCaseExecutor.java:356)
	at com.kms.katalon.core.main.TestCaseExecutor.execute(TestCaseExecutor.java:251)
	at com.kms.katalon.core.main.TestSuiteExecutor.accessTestCaseMainPhase(TestSuiteExecutor.java:203)
	at com.kms.katalon.core.main.TestSuiteExecutor.accessTestSuiteMainPhase(TestSuiteExecutor.java:152)
	at com.kms.katalon.core.main.TestSuiteExecutor.execute(TestSuiteExecutor.java:95)
	at com.kms.katalon.core.main.TestCaseMain.startTestSuite(TestCaseMain.java:157)
	at com.kms.katalon.core.main.TestCaseMain$startTestSuite$0.call(Unknown Source)
	at TempTestSuite1613733199540.run(TempTestSuite1613733199540.groovy:39)
Caused by: org.openqa.selenium.SessionNotCreatedException: session not created
from chrome not reachable
  (Session info: chrome=86.0.4240.75)
Build info: version: '3.141.59', revision: 'e82be7d358', time: '2018-11-14T08:25:53'
System info: host: 'OMTPGCN1132568L', ip: '192.168.1.1', os.name: 'Windows 10', os.arch: 'amd64', os.version: '10.0', java.version: '1.8.0_181'
Driver info: driver.version: CChromeDriver
remote stacktrace: Backtrace:
	Ordinal0 [0x00A8C013+3194899]
	Ordinal0 [0x00976021+2056225]
	Ordinal0 [0x0080F4B0+586928]
	Ordinal0 [0x00805894+546964]
	Ordinal0 [0x00805F2C+548652]
	Ordinal0 [0x00807175+553333]
	Ordinal0 [0x0080241E+533534]
	Ordinal0 [0x00810620+591392]
	Ordinal0 [0x007B2A0C+207372]
	Ordinal0 [0x007B1D0D+204045]
	Ordinal0 [0x007AFC1B+195611]
	Ordinal0 [0x00793B7F+80767]
	Ordinal0 [0x00794B4E+84814]
	Ordinal0 [0x00794AD9+84697]
	Ordinal0 [0x0098CE64+2149988]
	GetHandleVerifier [0x00BFBE95+1400773]
	GetHandleVerifier [0x00BFBB61+1399953]
	GetHandleVerifier [0x00C031FA+1430314]
	GetHandleVerifier [0x00BFC69F+1402831]
	Ordinal0 [0x00983D61+2112865]
	Ordinal0 [0x0098E5CB+2155979]
	Ordinal0 [0x0098E6F5+2156277]
	Ordinal0 [0x0099F26E+2224750]
	BaseThreadInitThunk [0x77026359+25]
	RtlGetAppContainerNamedObjectPath [0x77BD8944+228]
	RtlGetAppContainerNamedObjectPath [0x77BD8914+180]

	at org.openqa.selenium.remote.W3CHandshakeResponse.lambda$errorHandler$0(W3CHandshakeResponse.java:62)
	at org.openqa.selenium.remote.HandshakeResponse.lambda$getResponseFunction$0(HandshakeResponse.java:30)
	at org.openqa.selenium.remote.ProtocolHandshake.lambda$createSession$0(ProtocolHandshake.java:126)
	at org.openqa.selenium.remote.ProtocolHandshake.createSession(ProtocolHandshake.java:128)
	at org.openqa.selenium.remote.ProtocolHandshake.createSession(ProtocolHandshake.java:74)
	at org.openqa.selenium.remote.HttpCommandExecutor.execute(HttpCommandExecutor.java:136)
	at org.openqa.selenium.remote.service.DriverCommandExecutor.execute(DriverCommandExecutor.java:83)
	at org.openqa.selenium.remote.RemoteWebDriver.execute(RemoteWebDriver.java:552)
	at com.kms.katalon.selenium.driver.CChromeDriver.execute(CChromeDriver.java:19)
	at org.openqa.selenium.remote.RemoteWebDriver.startSession(RemoteWebDriver.java:213)
	at org.openqa.selenium.remote.RemoteWebDriver.<init>(RemoteWebDriver.java:131)
	at org.openqa.selenium.chrome.ChromeDriver.<init>(ChromeDriver.java:181)
	at org.openqa.selenium.chrome.ChromeDriver.<init>(ChromeDriver.java:147)
	at com.kms.katalon.selenium.driver.CChromeDriver.<init>(CChromeDriver.java:13)
	at com.kms.katalon.core.webui.driver.DriverFactory.createNewChromeDriver(DriverFactory.java:400)
	at com.kms.katalon.core.webui.driver.DriverFactory.startNewBrowser(DriverFactory.java:358)
	at com.kms.katalon.core.webui.driver.DriverFactory.openWebDriver(DriverFactory.java:245)
	at com.kms.katalon.core.webui.keyword.builtin.OpenBrowserKeyword$_openBrowser_closure1.doCall(OpenBrowserKeyword.groovy:74)
	at com.kms.katalon.core.webui.keyword.builtin.OpenBrowserKeyword$_openBrowser_closure1.call(OpenBrowserKeyword.groovy)
	at com.kms.katalon.core.webui.keyword.internal.WebUIKeywordMain.runKeyword(WebUIKeywordMain.groovy:20)
	... 23 more]]></system-err>
      </testcase>
      <testcase name="Test Cases/UploadDiffFiles_RegisterUser/TC_As a register user, Upload Java File and verify Uploded file in Submission Page" time="13.667" classname="Test Cases/UploadDiffFiles_RegisterUser/TC_As a register user, Upload Java File and verify Uploded file in Submission Page" status="FAILED">
         <failure type="FAILED" message="Test Cases/UploadDiffFiles_RegisterUser/TC_As a register user, Upload Java File and verify Uploded file in Submission Page FAILED.
Reason:
com.kms.katalon.core.exception.StepFailedException: Unable to open browser with url: 'https://Inspect.Stage.site.sa'
	at com.kms.katalon.core.webui.keyword.internal.WebUIKeywordMain.stepFailed(WebUIKeywordMain.groovy:64)
	at com.kms.katalon.core.webui.keyword.internal.WebUIKeywordMain.runKeyword(WebUIKeywordMain.groovy:26)
	at com.kms.katalon.core.webui.keyword.builtin.OpenBrowserKeyword.openBrowser(OpenBrowserKeyword.groovy:81)
	at com.kms.katalon.core.webui.keyword.builtin.OpenBrowserKeyword.execute(OpenBrowserKeyword.groovy:67)
	at com.kms.katalon.core.keyword.internal.KeywordExecutor.executeKeywordForPlatform(KeywordExecutor.groovy:73)
	at com.kms.katalon.core.webui.keyword.WebUiBuiltInKeywords.openBrowser(WebUiBuiltInKeywords.groovy:61)
	at com.kms.katalon.core.webui.keyword.WebUiBuiltInKeywords$openBrowser.call(Unknown Source)
	at customKeywords.commanFunctions.openBrowser(commanFunctions.groovy:47)
	at customKeywords.commanFunctions.uploadFileOfRegisterUser(commanFunctions.groovy:747)
	at customKeywords.commanFunctions.invokeMethod(commanFunctions.groovy)
	at com.kms.katalon.core.main.CustomKeywordDelegatingMetaClass.invokeStaticMethod(CustomKeywordDelegatingMetaClass.java:50)
	at TC_As a register user, Upload Java File and verify Uploded file in Submission Page.run(TC_As a register user, Upload Java File and verify Uploded file in Submission Page:16)
	at com.kms.katalon.core.main.ScriptEngine.run(ScriptEngine.java:194)
	at com.kms.katalon.core.main.ScriptEngine.runScriptAsRawText(ScriptEngine.java:119)
	at com.kms.katalon.core.main.TestCaseExecutor.runScript(TestCaseExecutor.java:394)
	at com.kms.katalon.core.main.TestCaseExecutor.doExecute(TestCaseExecutor.java:385)
	at com.kms.katalon.core.main.TestCaseExecutor.processExecutionPhase(TestCaseExecutor.java:364)
	at com.kms.katalon.core.main.TestCaseExecutor.accessMainPhase(TestCaseExecutor.java:356)
	at com.kms.katalon.core.main.TestCaseExecutor.execute(TestCaseExecutor.java:251)
	at com.kms.katalon.core.main.TestSuiteExecutor.accessTestCaseMainPhase(TestSuiteExecutor.java:203)
	at com.kms.katalon.core.main.TestSuiteExecutor.accessTestSuiteMainPhase(TestSuiteExecutor.java:152)
	at com.kms.katalon.core.main.TestSuiteExecutor.execute(TestSuiteExecutor.java:95)
	at com.kms.katalon.core.main.TestCaseMain.startTestSuite(TestCaseMain.java:157)
	at com.kms.katalon.core.main.TestCaseMain$startTestSuite$0.call(Unknown Source)
	at TempTestSuite1613733199540.run(TempTestSuite1613733199540.groovy:39)
Caused by: org.openqa.selenium.SessionNotCreatedException: session not created
from chrome not reachable
  (Session info: chrome=86.0.4240.75)
Build info: version: '3.141.59', revision: 'e82be7d358', time: '2018-11-14T08:25:53'
System info: host: 'OMTPGCN1132568L', ip: '192.168.1.1', os.name: 'Windows 10', os.arch: 'amd64', os.version: '10.0', java.version: '1.8.0_181'
Driver info: driver.version: CChromeDriver
remote stacktrace: Backtrace:
	Ordinal0 [0x00A8C013+3194899]
	Ordinal0 [0x00976021+2056225]
	Ordinal0 [0x0080F4B0+586928]
	Ordinal0 [0x00805894+546964]
	Ordinal0 [0x00805F2C+548652]
	Ordinal0 [0x00807175+553333]
	Ordinal0 [0x0080241E+533534]
	Ordinal0 [0x00810620+591392]
	Ordinal0 [0x007B2A0C+207372]
	Ordinal0 [0x007B1D0D+204045]
	Ordinal0 [0x007AFC1B+195611]
	Ordinal0 [0x00793B7F+80767]
	Ordinal0 [0x00794B4E+84814]
	Ordinal0 [0x00794AD9+84697]
	Ordinal0 [0x0098CE64+2149988]
	GetHandleVerifier [0x00BFBE95+1400773]
	GetHandleVerifier [0x00BFBB61+1399953]
	GetHandleVerifier [0x00C031FA+1430314]
	GetHandleVerifier [0x00BFC69F+1402831]
	Ordinal0 [0x00983D61+2112865]
	Ordinal0 [0x0098E5CB+2155979]
	Ordinal0 [0x0098E6F5+2156277]
	Ordinal0 [0x0099F26E+2224750]
	BaseThreadInitThunk [0x77026359+25]
	RtlGetAppContainerNamedObjectPath [0x77BD8944+228]
	RtlGetAppContainerNamedObjectPath [0x77BD8914+180]

	at org.openqa.selenium.remote.W3CHandshakeResponse.lambda$errorHandler$0(W3CHandshakeResponse.java:62)
	at org.openqa.selenium.remote.HandshakeResponse.lambda$getResponseFunction$0(HandshakeResponse.java:30)
	at org.openqa.selenium.remote.ProtocolHandshake.lambda$createSession$0(ProtocolHandshake.java:126)
	at org.openqa.selenium.remote.ProtocolHandshake.createSession(ProtocolHandshake.java:128)
	at org.openqa.selenium.remote.ProtocolHandshake.createSession(ProtocolHandshake.java:74)
	at org.openqa.selenium.remote.HttpCommandExecutor.execute(HttpCommandExecutor.java:136)
	at org.openqa.selenium.remote.service.DriverCommandExecutor.execute(DriverCommandExecutor.java:83)
	at org.openqa.selenium.remote.RemoteWebDriver.execute(RemoteWebDriver.java:552)
	at com.kms.katalon.selenium.driver.CChromeDriver.execute(CChromeDriver.java:19)
	at org.openqa.selenium.remote.RemoteWebDriver.startSession(RemoteWebDriver.java:213)
	at org.openqa.selenium.remote.RemoteWebDriver.&lt;init>(RemoteWebDriver.java:131)
	at org.openqa.selenium.chrome.ChromeDriver.&lt;init>(ChromeDriver.java:181)
	at org.openqa.selenium.chrome.ChromeDriver.&lt;init>(ChromeDriver.java:147)
	at com.kms.katalon.selenium.driver.CChromeDriver.&lt;init>(CChromeDriver.java:13)
	at com.kms.katalon.core.webui.driver.DriverFactory.createNewChromeDriver(DriverFactory.java:400)
	at com.kms.katalon.core.webui.driver.DriverFactory.startNewBrowser(DriverFactory.java:358)
	at com.kms.katalon.core.webui.driver.DriverFactory.openWebDriver(DriverFactory.java:245)
	at com.kms.katalon.core.webui.keyword.builtin.OpenBrowserKeyword$_openBrowser_closure1.doCall(OpenBrowserKeyword.groovy:74)
	at com.kms.katalon.core.webui.keyword.builtin.OpenBrowserKeyword$_openBrowser_closure1.call(OpenBrowserKeyword.groovy)
	at com.kms.katalon.core.webui.keyword.internal.WebUIKeywordMain.runKeyword(WebUIKeywordMain.groovy:20)
	... 23 more
"/>
         <system-out><![CDATA[2021-02-19 16:45:24 - [TEST_CASE][FAILED] - Test Cases/UploadDiffFiles_RegisterUser/TC_As a register user, Upload Java File and verify Uploded file in Submission Page: Test Cases/UploadDiffFiles_RegisterUser/TC_As a register user, Upload Java File and verify Uploded file in Submission Page FAILED.
Reason:
com.kms.katalon.core.exception.StepFailedException: Unable to open browser with url: 'https://Inspect.Stage.site.sa'
	at com.kms.katalon.core.webui.keyword.internal.WebUIKeywordMain.stepFailed(WebUIKeywordMain.groovy:64)
	at com.kms.katalon.core.webui.keyword.internal.WebUIKeywordMain.runKeyword(WebUIKeywordMain.groovy:26)
	at com.kms.katalon.core.webui.keyword.builtin.OpenBrowserKeyword.openBrowser(OpenBrowserKeyword.groovy:81)
	at com.kms.katalon.core.webui.keyword.builtin.OpenBrowserKeyword.execute(OpenBrowserKeyword.groovy:67)
	at com.kms.katalon.core.keyword.internal.KeywordExecutor.executeKeywordForPlatform(KeywordExecutor.groovy:73)
	at com.kms.katalon.core.webui.keyword.WebUiBuiltInKeywords.openBrowser(WebUiBuiltInKeywords.groovy:61)
	at com.kms.katalon.core.webui.keyword.WebUiBuiltInKeywords$openBrowser.call(Unknown Source)
	at customKeywords.commanFunctions.openBrowser(commanFunctions.groovy:47)
	at customKeywords.commanFunctions.uploadFileOfRegisterUser(commanFunctions.groovy:747)
	at customKeywords.commanFunctions.invokeMethod(commanFunctions.groovy)
	at com.kms.katalon.core.main.CustomKeywordDelegatingMetaClass.invokeStaticMethod(CustomKeywordDelegatingMetaClass.java:50)
	at TC_As a register user, Upload Java File and verify Uploded file in Submission Page.run(TC_As a register user, Upload Java File and verify Uploded file in Submission Page:16)
	at com.kms.katalon.core.main.ScriptEngine.run(ScriptEngine.java:194)
	at com.kms.katalon.core.main.ScriptEngine.runScriptAsRawText(ScriptEngine.java:119)
	at com.kms.katalon.core.main.TestCaseExecutor.runScript(TestCaseExecutor.java:394)
	at com.kms.katalon.core.main.TestCaseExecutor.doExecute(TestCaseExecutor.java:385)
	at com.kms.katalon.core.main.TestCaseExecutor.processExecutionPhase(TestCaseExecutor.java:364)
	at com.kms.katalon.core.main.TestCaseExecutor.accessMainPhase(TestCaseExecutor.java:356)
	at com.kms.katalon.core.main.TestCaseExecutor.execute(TestCaseExecutor.java:251)
	at com.kms.katalon.core.main.TestSuiteExecutor.accessTestCaseMainPhase(TestSuiteExecutor.java:203)
	at com.kms.katalon.core.main.TestSuiteExecutor.accessTestSuiteMainPhase(TestSuiteExecutor.java:152)
	at com.kms.katalon.core.main.TestSuiteExecutor.execute(TestSuiteExecutor.java:95)
	at com.kms.katalon.core.main.TestCaseMain.startTestSuite(TestCaseMain.java:157)
	at com.kms.katalon.core.main.TestCaseMain$startTestSuite$0.call(Unknown Source)
	at TempTestSuite1613733199540.run(TempTestSuite1613733199540.groovy:39)
Caused by: org.openqa.selenium.SessionNotCreatedException: session not created
from chrome not reachable
  (Session info: chrome=86.0.4240.75)
Build info: version: '3.141.59', revision: 'e82be7d358', time: '2018-11-14T08:25:53'
System info: host: 'OMTPGCN1132568L', ip: '192.168.1.1', os.name: 'Windows 10', os.arch: 'amd64', os.version: '10.0', java.version: '1.8.0_181'
Driver info: driver.version: CChromeDriver
remote stacktrace: Backtrace:
	Ordinal0 [0x00A8C013+3194899]
	Ordinal0 [0x00976021+2056225]
	Ordinal0 [0x0080F4B0+586928]
	Ordinal0 [0x00805894+546964]
	Ordinal0 [0x00805F2C+548652]
	Ordinal0 [0x00807175+553333]
	Ordinal0 [0x0080241E+533534]
	Ordinal0 [0x00810620+591392]
	Ordinal0 [0x007B2A0C+207372]
	Ordinal0 [0x007B1D0D+204045]
	Ordinal0 [0x007AFC1B+195611]
	Ordinal0 [0x00793B7F+80767]
	Ordinal0 [0x00794B4E+84814]
	Ordinal0 [0x00794AD9+84697]
	Ordinal0 [0x0098CE64+2149988]
	GetHandleVerifier [0x00BFBE95+1400773]
	GetHandleVerifier [0x00BFBB61+1399953]
	GetHandleVerifier [0x00C031FA+1430314]
	GetHandleVerifier [0x00BFC69F+1402831]
	Ordinal0 [0x00983D61+2112865]
	Ordinal0 [0x0098E5CB+2155979]
	Ordinal0 [0x0098E6F5+2156277]
	Ordinal0 [0x0099F26E+2224750]
	BaseThreadInitThunk [0x77026359+25]
	RtlGetAppContainerNamedObjectPath [0x77BD8944+228]
	RtlGetAppContainerNamedObjectPath [0x77BD8914+180]

	at org.openqa.selenium.remote.W3CHandshakeResponse.lambda$errorHandler$0(W3CHandshakeResponse.java:62)
	at org.openqa.selenium.remote.HandshakeResponse.lambda$getResponseFunction$0(HandshakeResponse.java:30)
	at org.openqa.selenium.remote.ProtocolHandshake.lambda$createSession$0(ProtocolHandshake.java:126)
	at org.openqa.selenium.remote.ProtocolHandshake.createSession(ProtocolHandshake.java:128)
	at org.openqa.selenium.remote.ProtocolHandshake.createSession(ProtocolHandshake.java:74)
	at org.openqa.selenium.remote.HttpCommandExecutor.execute(HttpCommandExecutor.java:136)
	at org.openqa.selenium.remote.service.DriverCommandExecutor.execute(DriverCommandExecutor.java:83)
	at org.openqa.selenium.remote.RemoteWebDriver.execute(RemoteWebDriver.java:552)
	at com.kms.katalon.selenium.driver.CChromeDriver.execute(CChromeDriver.java:19)
	at org.openqa.selenium.remote.RemoteWebDriver.startSession(RemoteWebDriver.java:213)
	at org.openqa.selenium.remote.RemoteWebDriver.<init>(RemoteWebDriver.java:131)
	at org.openqa.selenium.chrome.ChromeDriver.<init>(ChromeDriver.java:181)
	at org.openqa.selenium.chrome.ChromeDriver.<init>(ChromeDriver.java:147)
	at com.kms.katalon.selenium.driver.CChromeDriver.<init>(CChromeDriver.java:13)
	at com.kms.katalon.core.webui.driver.DriverFactory.createNewChromeDriver(DriverFactory.java:400)
	at com.kms.katalon.core.webui.driver.DriverFactory.startNewBrowser(DriverFactory.java:358)
	at com.kms.katalon.core.webui.driver.DriverFactory.openWebDriver(DriverFactory.java:245)
	at com.kms.katalon.core.webui.keyword.builtin.OpenBrowserKeyword$_openBrowser_closure1.doCall(OpenBrowserKeyword.groovy:74)
	at com.kms.katalon.core.webui.keyword.builtin.OpenBrowserKeyword$_openBrowser_closure1.call(OpenBrowserKeyword.groovy)
	at com.kms.katalon.core.webui.keyword.internal.WebUIKeywordMain.runKeyword(WebUIKeywordMain.groovy:20)
	... 23 more


2021-02-19 16:45:24 - [TEST_STEP][PASSED] - excelTestData = findTestData("Data Files/TestData/InspectTestData"): null

2021-02-19 16:45:24 - [TEST_STEP][PASSED] - rigisterUN = excelTestData.getValue(2, 23): null

2021-02-19 16:45:24 - [TEST_STEP][PASSED] - rigisterPW = excelTestData.getValue(3, 23): null

2021-02-19 16:45:24 - [TEST_STEP][FAILED] - customKeywords.commanFunctions.uploadFileOfRegisterUser(276, rigisterUN, rigisterPW): Unable to open browser with url: 'https://Inspect.Stage.site.sa'

2021-02-19 16:45:24 - [MESSAGE][INFO] - Starting 'Chrome' driver

2021-02-19 16:45:24 - [MESSAGE][INFO] - Action delay is set to 0 milliseconds

2021-02-19 16:45:37 - [MESSAGE][FAILED] - Unable to open browser with url: 'https://Inspect.Stage.site.sa' (Root cause: com.kms.katalon.core.exception.StepFailedException: Unable to open browser with url: 'https://Inspect.Stage.site.sa'
	at com.kms.katalon.core.webui.keyword.internal.WebUIKeywordMain.stepFailed(WebUIKeywordMain.groovy:64)
	at com.kms.katalon.core.webui.keyword.internal.WebUIKeywordMain.runKeyword(WebUIKeywordMain.groovy:26)
	at com.kms.katalon.core.webui.keyword.builtin.OpenBrowserKeyword.openBrowser(OpenBrowserKeyword.groovy:81)
	at com.kms.katalon.core.webui.keyword.builtin.OpenBrowserKeyword.execute(OpenBrowserKeyword.groovy:67)
	at com.kms.katalon.core.keyword.internal.KeywordExecutor.executeKeywordForPlatform(KeywordExecutor.groovy:73)
	at com.kms.katalon.core.webui.keyword.WebUiBuiltInKeywords.openBrowser(WebUiBuiltInKeywords.groovy:61)
	at com.kms.katalon.core.webui.keyword.WebUiBuiltInKeywords$openBrowser.call(Unknown Source)
	at customKeywords.commanFunctions.openBrowser(commanFunctions.groovy:47)
	at customKeywords.commanFunctions.uploadFileOfRegisterUser(commanFunctions.groovy:747)
	at customKeywords.commanFunctions.invokeMethod(commanFunctions.groovy)
	at com.kms.katalon.core.main.CustomKeywordDelegatingMetaClass.invokeStaticMethod(CustomKeywordDelegatingMetaClass.java:50)
	at TC_As a register user, Upload Java File and verify Uploded file in Submission Page.run(TC_As a register user, Upload Java File and verify Uploded file in Submission Page:16)
	at com.kms.katalon.core.main.ScriptEngine.run(ScriptEngine.java:194)
	at com.kms.katalon.core.main.ScriptEngine.runScriptAsRawText(ScriptEngine.java:119)
	at com.kms.katalon.core.main.TestCaseExecutor.runScript(TestCaseExecutor.java:394)
	at com.kms.katalon.core.main.TestCaseExecutor.doExecute(TestCaseExecutor.java:385)
	at com.kms.katalon.core.main.TestCaseExecutor.processExecutionPhase(TestCaseExecutor.java:364)
	at com.kms.katalon.core.main.TestCaseExecutor.accessMainPhase(TestCaseExecutor.java:356)
	at com.kms.katalon.core.main.TestCaseExecutor.execute(TestCaseExecutor.java:251)
	at com.kms.katalon.core.main.TestSuiteExecutor.accessTestCaseMainPhase(TestSuiteExecutor.java:203)
	at com.kms.katalon.core.main.TestSuiteExecutor.accessTestSuiteMainPhase(TestSuiteExecutor.java:152)
	at com.kms.katalon.core.main.TestSuiteExecutor.execute(TestSuiteExecutor.java:95)
	at com.kms.katalon.core.main.TestCaseMain.startTestSuite(TestCaseMain.java:157)
	at com.kms.katalon.core.main.TestCaseMain$startTestSuite$0.call(Unknown Source)
	at TempTestSuite1613733199540.run(TempTestSuite1613733199540.groovy:39)
Caused by: org.openqa.selenium.SessionNotCreatedException: session not created
from chrome not reachable
  (Session info: chrome=86.0.4240.75)
Build info: version: '3.141.59', revision: 'e82be7d358', time: '2018-11-14T08:25:53'
System info: host: 'OMTPGCN1132568L', ip: '192.168.1.1', os.name: 'Windows 10', os.arch: 'amd64', os.version: '10.0', java.version: '1.8.0_181'
Driver info: driver.version: CChromeDriver
remote stacktrace: Backtrace:
	Ordinal0 [0x00A8C013+3194899]
	Ordinal0 [0x00976021+2056225]
	Ordinal0 [0x0080F4B0+586928]
	Ordinal0 [0x00805894+546964]
	Ordinal0 [0x00805F2C+548652]
	Ordinal0 [0x00807175+553333]
	Ordinal0 [0x0080241E+533534]
	Ordinal0 [0x00810620+591392]
	Ordinal0 [0x007B2A0C+207372]
	Ordinal0 [0x007B1D0D+204045]
	Ordinal0 [0x007AFC1B+195611]
	Ordinal0 [0x00793B7F+80767]
	Ordinal0 [0x00794B4E+84814]
	Ordinal0 [0x00794AD9+84697]
	Ordinal0 [0x0098CE64+2149988]
	GetHandleVerifier [0x00BFBE95+1400773]
	GetHandleVerifier [0x00BFBB61+1399953]
	GetHandleVerifier [0x00C031FA+1430314]
	GetHandleVerifier [0x00BFC69F+1402831]
	Ordinal0 [0x00983D61+2112865]
	Ordinal0 [0x0098E5CB+2155979]
	Ordinal0 [0x0098E6F5+2156277]
	Ordinal0 [0x0099F26E+2224750]
	BaseThreadInitThunk [0x77026359+25]
	RtlGetAppContainerNamedObjectPath [0x77BD8944+228]
	RtlGetAppContainerNamedObjectPath [0x77BD8914+180]

	at org.openqa.selenium.remote.W3CHandshakeResponse.lambda$errorHandler$0(W3CHandshakeResponse.java:62)
	at org.openqa.selenium.remote.HandshakeResponse.lambda$getResponseFunction$0(HandshakeResponse.java:30)
	at org.openqa.selenium.remote.ProtocolHandshake.lambda$createSession$0(ProtocolHandshake.java:126)
	at org.openqa.selenium.remote.ProtocolHandshake.createSession(ProtocolHandshake.java:128)
	at org.openqa.selenium.remote.ProtocolHandshake.createSession(ProtocolHandshake.java:74)
	at org.openqa.selenium.remote.HttpCommandExecutor.execute(HttpCommandExecutor.java:136)
	at org.openqa.selenium.remote.service.DriverCommandExecutor.execute(DriverCommandExecutor.java:83)
	at org.openqa.selenium.remote.RemoteWebDriver.execute(RemoteWebDriver.java:552)
	at com.kms.katalon.selenium.driver.CChromeDriver.execute(CChromeDriver.java:19)
	at org.openqa.selenium.remote.RemoteWebDriver.startSession(RemoteWebDriver.java:213)
	at org.openqa.selenium.remote.RemoteWebDriver.<init>(RemoteWebDriver.java:131)
	at org.openqa.selenium.chrome.ChromeDriver.<init>(ChromeDriver.java:181)
	at org.openqa.selenium.chrome.ChromeDriver.<init>(ChromeDriver.java:147)
	at com.kms.katalon.selenium.driver.CChromeDriver.<init>(CChromeDriver.java:13)
	at com.kms.katalon.core.webui.driver.DriverFactory.createNewChromeDriver(DriverFactory.java:400)
	at com.kms.katalon.core.webui.driver.DriverFactory.startNewBrowser(DriverFactory.java:358)
	at com.kms.katalon.core.webui.driver.DriverFactory.openWebDriver(DriverFactory.java:245)
	at com.kms.katalon.core.webui.keyword.builtin.OpenBrowserKeyword$_openBrowser_closure1.doCall(OpenBrowserKeyword.groovy:74)
	at com.kms.katalon.core.webui.keyword.builtin.OpenBrowserKeyword$_openBrowser_closure1.call(OpenBrowserKeyword.groovy)
	at com.kms.katalon.core.webui.keyword.internal.WebUIKeywordMain.runKeyword(WebUIKeywordMain.groovy:20)
	at com.kms.katalon.core.webui.keyword.builtin.OpenBrowserKeyword.openBrowser(OpenBrowserKeyword.groovy:81)
	at com.kms.katalon.core.webui.keyword.builtin.OpenBrowserKeyword.execute(OpenBrowserKeyword.groovy:67)
	at com.kms.katalon.core.keyword.internal.KeywordExecutor.executeKeywordForPlatform(KeywordExecutor.groovy:73)
	at com.kms.katalon.core.webui.keyword.WebUiBuiltInKeywords.openBrowser(WebUiBuiltInKeywords.groovy:61)
	at com.kms.katalon.core.webui.keyword.WebUiBuiltInKeywords$openBrowser.call(Unknown Source)
	at customKeywords.commanFunctions.openBrowser(commanFunctions.groovy:47)
	at customKeywords.commanFunctions.uploadFileOfRegisterUser(commanFunctions.groovy:747)
	at customKeywords.commanFunctions.invokeMethod(commanFunctions.groovy)
	at com.kms.katalon.core.main.CustomKeywordDelegatingMetaClass.invokeStaticMethod(CustomKeywordDelegatingMetaClass.java:50)
	at Script1613387724280.run(Script1613387724280.groovy:16)
	... 13 more
)

2021-02-19 16:45:37 - [MESSAGE][FAILED] - Unable to open browser with url: 'https://Inspect.Stage.site.sa'

2021-02-19 16:45:37 - [TEST_STEP][PASSED] - Start tear down : tearDownMethodIfFailed: Method 'tearDownMethodIfFailed' complete successfully

2021-02-19 16:45:37 - [TEST_STEP][PASSED] - customKeywords.commanFunctions.onlyCloseBrowser(): customKeywords.commanFunctions.onlyCloseBrowser is PASSED

2021-02-19 16:45:37 - [MESSAGE][PASSED] - Browser is closed

2021-02-19 16:45:37 - [MESSAGE][PASSED] - customKeywords.commanFunctions.onlyCloseBrowser is PASSED

2021-02-19 16:45:37 - [TEST_STEP][PASSED] - logInfo("[--------This is tearDownIfFailed method------]"): [--------This is tearDownIfFailed method------]

2021-02-19 16:45:37 - [MESSAGE][INFO] - [--------This is tearDownIfFailed method------]

2021-02-19 16:45:37 - [MESSAGE][PASSED] - Method 'tearDownMethodIfFailed' complete successfully]]></system-out>
         <system-err><![CDATA[2021-02-19 16:45:24 - [TEST_CASE][FAILED] - Test Cases/UploadDiffFiles_RegisterUser/TC_As a register user, Upload Java File and verify Uploded file in Submission Page: Test Cases/UploadDiffFiles_RegisterUser/TC_As a register user, Upload Java File and verify Uploded file in Submission Page FAILED.
Reason:
com.kms.katalon.core.exception.StepFailedException: Unable to open browser with url: 'https://Inspect.Stage.site.sa'
	at com.kms.katalon.core.webui.keyword.internal.WebUIKeywordMain.stepFailed(WebUIKeywordMain.groovy:64)
	at com.kms.katalon.core.webui.keyword.internal.WebUIKeywordMain.runKeyword(WebUIKeywordMain.groovy:26)
	at com.kms.katalon.core.webui.keyword.builtin.OpenBrowserKeyword.openBrowser(OpenBrowserKeyword.groovy:81)
	at com.kms.katalon.core.webui.keyword.builtin.OpenBrowserKeyword.execute(OpenBrowserKeyword.groovy:67)
	at com.kms.katalon.core.keyword.internal.KeywordExecutor.executeKeywordForPlatform(KeywordExecutor.groovy:73)
	at com.kms.katalon.core.webui.keyword.WebUiBuiltInKeywords.openBrowser(WebUiBuiltInKeywords.groovy:61)
	at com.kms.katalon.core.webui.keyword.WebUiBuiltInKeywords$openBrowser.call(Unknown Source)
	at customKeywords.commanFunctions.openBrowser(commanFunctions.groovy:47)
	at customKeywords.commanFunctions.uploadFileOfRegisterUser(commanFunctions.groovy:747)
	at customKeywords.commanFunctions.invokeMethod(commanFunctions.groovy)
	at com.kms.katalon.core.main.CustomKeywordDelegatingMetaClass.invokeStaticMethod(CustomKeywordDelegatingMetaClass.java:50)
	at TC_As a register user, Upload Java File and verify Uploded file in Submission Page.run(TC_As a register user, Upload Java File and verify Uploded file in Submission Page:16)
	at com.kms.katalon.core.main.ScriptEngine.run(ScriptEngine.java:194)
	at com.kms.katalon.core.main.ScriptEngine.runScriptAsRawText(ScriptEngine.java:119)
	at com.kms.katalon.core.main.TestCaseExecutor.runScript(TestCaseExecutor.java:394)
	at com.kms.katalon.core.main.TestCaseExecutor.doExecute(TestCaseExecutor.java:385)
	at com.kms.katalon.core.main.TestCaseExecutor.processExecutionPhase(TestCaseExecutor.java:364)
	at com.kms.katalon.core.main.TestCaseExecutor.accessMainPhase(TestCaseExecutor.java:356)
	at com.kms.katalon.core.main.TestCaseExecutor.execute(TestCaseExecutor.java:251)
	at com.kms.katalon.core.main.TestSuiteExecutor.accessTestCaseMainPhase(TestSuiteExecutor.java:203)
	at com.kms.katalon.core.main.TestSuiteExecutor.accessTestSuiteMainPhase(TestSuiteExecutor.java:152)
	at com.kms.katalon.core.main.TestSuiteExecutor.execute(TestSuiteExecutor.java:95)
	at com.kms.katalon.core.main.TestCaseMain.startTestSuite(TestCaseMain.java:157)
	at com.kms.katalon.core.main.TestCaseMain$startTestSuite$0.call(Unknown Source)
	at TempTestSuite1613733199540.run(TempTestSuite1613733199540.groovy:39)
Caused by: org.openqa.selenium.SessionNotCreatedException: session not created
from chrome not reachable
  (Session info: chrome=86.0.4240.75)
Build info: version: '3.141.59', revision: 'e82be7d358', time: '2018-11-14T08:25:53'
System info: host: 'OMTPGCN1132568L', ip: '192.168.1.1', os.name: 'Windows 10', os.arch: 'amd64', os.version: '10.0', java.version: '1.8.0_181'
Driver info: driver.version: CChromeDriver
remote stacktrace: Backtrace:
	Ordinal0 [0x00A8C013+3194899]
	Ordinal0 [0x00976021+2056225]
	Ordinal0 [0x0080F4B0+586928]
	Ordinal0 [0x00805894+546964]
	Ordinal0 [0x00805F2C+548652]
	Ordinal0 [0x00807175+553333]
	Ordinal0 [0x0080241E+533534]
	Ordinal0 [0x00810620+591392]
	Ordinal0 [0x007B2A0C+207372]
	Ordinal0 [0x007B1D0D+204045]
	Ordinal0 [0x007AFC1B+195611]
	Ordinal0 [0x00793B7F+80767]
	Ordinal0 [0x00794B4E+84814]
	Ordinal0 [0x00794AD9+84697]
	Ordinal0 [0x0098CE64+2149988]
	GetHandleVerifier [0x00BFBE95+1400773]
	GetHandleVerifier [0x00BFBB61+1399953]
	GetHandleVerifier [0x00C031FA+1430314]
	GetHandleVerifier [0x00BFC69F+1402831]
	Ordinal0 [0x00983D61+2112865]
	Ordinal0 [0x0098E5CB+2155979]
	Ordinal0 [0x0098E6F5+2156277]
	Ordinal0 [0x0099F26E+2224750]
	BaseThreadInitThunk [0x77026359+25]
	RtlGetAppContainerNamedObjectPath [0x77BD8944+228]
	RtlGetAppContainerNamedObjectPath [0x77BD8914+180]

	at org.openqa.selenium.remote.W3CHandshakeResponse.lambda$errorHandler$0(W3CHandshakeResponse.java:62)
	at org.openqa.selenium.remote.HandshakeResponse.lambda$getResponseFunction$0(HandshakeResponse.java:30)
	at org.openqa.selenium.remote.ProtocolHandshake.lambda$createSession$0(ProtocolHandshake.java:126)
	at org.openqa.selenium.remote.ProtocolHandshake.createSession(ProtocolHandshake.java:128)
	at org.openqa.selenium.remote.ProtocolHandshake.createSession(ProtocolHandshake.java:74)
	at org.openqa.selenium.remote.HttpCommandExecutor.execute(HttpCommandExecutor.java:136)
	at org.openqa.selenium.remote.service.DriverCommandExecutor.execute(DriverCommandExecutor.java:83)
	at org.openqa.selenium.remote.RemoteWebDriver.execute(RemoteWebDriver.java:552)
	at com.kms.katalon.selenium.driver.CChromeDriver.execute(CChromeDriver.java:19)
	at org.openqa.selenium.remote.RemoteWebDriver.startSession(RemoteWebDriver.java:213)
	at org.openqa.selenium.remote.RemoteWebDriver.<init>(RemoteWebDriver.java:131)
	at org.openqa.selenium.chrome.ChromeDriver.<init>(ChromeDriver.java:181)
	at org.openqa.selenium.chrome.ChromeDriver.<init>(ChromeDriver.java:147)
	at com.kms.katalon.selenium.driver.CChromeDriver.<init>(CChromeDriver.java:13)
	at com.kms.katalon.core.webui.driver.DriverFactory.createNewChromeDriver(DriverFactory.java:400)
	at com.kms.katalon.core.webui.driver.DriverFactory.startNewBrowser(DriverFactory.java:358)
	at com.kms.katalon.core.webui.driver.DriverFactory.openWebDriver(DriverFactory.java:245)
	at com.kms.katalon.core.webui.keyword.builtin.OpenBrowserKeyword$_openBrowser_closure1.doCall(OpenBrowserKeyword.groovy:74)
	at com.kms.katalon.core.webui.keyword.builtin.OpenBrowserKeyword$_openBrowser_closure1.call(OpenBrowserKeyword.groovy)
	at com.kms.katalon.core.webui.keyword.internal.WebUIKeywordMain.runKeyword(WebUIKeywordMain.groovy:20)
	... 23 more]]></system-err>
      </testcase>
      <testcase name="Test Cases/UploadDiffFiles_RegisterUser/TC_As a register user, Upload JPEG graphic File and verify Uploded file in Submission Page" time="32.321" classname="Test Cases/UploadDiffFiles_RegisterUser/TC_As a register user, Upload JPEG graphic File and verify Uploded file in Submission Page" status="FAILED">
         <failure type="FAILED" message="Test Cases/UploadDiffFiles_RegisterUser/TC_As a register user, Upload JPEG graphic File and verify Uploded file in Submission Page FAILED.
Reason:
com.kms.katalon.core.exception.StepFailedException: Unable to verify text 'JPEG graphic' is present 
	at com.kms.katalon.core.webui.keyword.internal.WebUIKeywordMain.stepFailed(WebUIKeywordMain.groovy:64)
	at com.kms.katalon.core.webui.keyword.internal.WebUIKeywordMain.runKeyword(WebUIKeywordMain.groovy:26)
	at com.kms.katalon.core.webui.keyword.builtin.VerifyTextPresentKeyword.verifyTextPresent(VerifyTextPresentKeyword.groovy:83)
	at com.kms.katalon.core.webui.keyword.builtin.VerifyTextPresentKeyword.execute(VerifyTextPresentKeyword.groovy:68)
	at com.kms.katalon.core.keyword.internal.KeywordExecutor.executeKeywordForPlatform(KeywordExecutor.groovy:73)
	at com.kms.katalon.core.webui.keyword.WebUiBuiltInKeywords.verifyTextPresent(WebUiBuiltInKeywords.groovy:1720)
	at com.kms.katalon.core.webui.keyword.WebUiBuiltInKeywords$verifyTextPresent$7.call(Unknown Source)
	at customKeywords.commanFunctions.UploadReqFile(commanFunctions.groovy:282)
	at customKeywords.commanFunctions.uploadFileOfRegisterUser(commanFunctions.groovy:761)
	at customKeywords.commanFunctions.invokeMethod(commanFunctions.groovy)
	at com.kms.katalon.core.main.CustomKeywordDelegatingMetaClass.invokeStaticMethod(CustomKeywordDelegatingMetaClass.java:50)
	at TC_As a register user, Upload JPEG graphic File and verify Uploded file in Submission Page.run(TC_As a register user, Upload JPEG graphic File and verify Uploded file in Submission Page:16)
	at com.kms.katalon.core.main.ScriptEngine.run(ScriptEngine.java:194)
	at com.kms.katalon.core.main.ScriptEngine.runScriptAsRawText(ScriptEngine.java:119)
	at com.kms.katalon.core.main.TestCaseExecutor.runScript(TestCaseExecutor.java:394)
	at com.kms.katalon.core.main.TestCaseExecutor.doExecute(TestCaseExecutor.java:385)
	at com.kms.katalon.core.main.TestCaseExecutor.processExecutionPhase(TestCaseExecutor.java:364)
	at com.kms.katalon.core.main.TestCaseExecutor.accessMainPhase(TestCaseExecutor.java:356)
	at com.kms.katalon.core.main.TestCaseExecutor.execute(TestCaseExecutor.java:251)
	at com.kms.katalon.core.main.TestSuiteExecutor.accessTestCaseMainPhase(TestSuiteExecutor.java:203)
	at com.kms.katalon.core.main.TestSuiteExecutor.accessTestSuiteMainPhase(TestSuiteExecutor.java:152)
	at com.kms.katalon.core.main.TestSuiteExecutor.execute(TestSuiteExecutor.java:95)
	at com.kms.katalon.core.main.TestCaseMain.startTestSuite(TestCaseMain.java:157)
	at com.kms.katalon.core.main.TestCaseMain$startTestSuite$0.call(Unknown Source)
	at TempTestSuite1613733199540.run(TempTestSuite1613733199540.groovy:39)
Caused by: com.kms.katalon.core.exception.StepFailedException: Text 'JPEG graphic' is not present on page 
	at com.kms.katalon.core.webui.keyword.internal.WebUIKeywordMain.stepFailed(WebUIKeywordMain.groovy:64)
	at com.kms.katalon.core.webui.keyword.builtin.VerifyTextPresentKeyword$_verifyTextPresent_closure1.doCall(VerifyTextPresentKeyword.groovy:79)
	at com.kms.katalon.core.webui.keyword.builtin.VerifyTextPresentKeyword$_verifyTextPresent_closure1.call(VerifyTextPresentKeyword.groovy)
	at com.kms.katalon.core.webui.keyword.internal.WebUIKeywordMain.runKeyword(WebUIKeywordMain.groovy:20)
	... 23 more
"/>
         <system-out><![CDATA[2021-02-19 16:45:37 - [TEST_CASE][FAILED] - Test Cases/UploadDiffFiles_RegisterUser/TC_As a register user, Upload JPEG graphic File and verify Uploded file in Submission Page: Test Cases/UploadDiffFiles_RegisterUser/TC_As a register user, Upload JPEG graphic File and verify Uploded file in Submission Page FAILED.
Reason:
com.kms.katalon.core.exception.StepFailedException: Unable to verify text 'JPEG graphic' is present 
	at com.kms.katalon.core.webui.keyword.internal.WebUIKeywordMain.stepFailed(WebUIKeywordMain.groovy:64)
	at com.kms.katalon.core.webui.keyword.internal.WebUIKeywordMain.runKeyword(WebUIKeywordMain.groovy:26)
	at com.kms.katalon.core.webui.keyword.builtin.VerifyTextPresentKeyword.verifyTextPresent(VerifyTextPresentKeyword.groovy:83)
	at com.kms.katalon.core.webui.keyword.builtin.VerifyTextPresentKeyword.execute(VerifyTextPresentKeyword.groovy:68)
	at com.kms.katalon.core.keyword.internal.KeywordExecutor.executeKeywordForPlatform(KeywordExecutor.groovy:73)
	at com.kms.katalon.core.webui.keyword.WebUiBuiltInKeywords.verifyTextPresent(WebUiBuiltInKeywords.groovy:1720)
	at com.kms.katalon.core.webui.keyword.WebUiBuiltInKeywords$verifyTextPresent$7.call(Unknown Source)
	at customKeywords.commanFunctions.UploadReqFile(commanFunctions.groovy:282)
	at customKeywords.commanFunctions.uploadFileOfRegisterUser(commanFunctions.groovy:761)
	at customKeywords.commanFunctions.invokeMethod(commanFunctions.groovy)
	at com.kms.katalon.core.main.CustomKeywordDelegatingMetaClass.invokeStaticMethod(CustomKeywordDelegatingMetaClass.java:50)
	at TC_As a register user, Upload JPEG graphic File and verify Uploded file in Submission Page.run(TC_As a register user, Upload JPEG graphic File and verify Uploded file in Submission Page:16)
	at com.kms.katalon.core.main.ScriptEngine.run(ScriptEngine.java:194)
	at com.kms.katalon.core.main.ScriptEngine.runScriptAsRawText(ScriptEngine.java:119)
	at com.kms.katalon.core.main.TestCaseExecutor.runScript(TestCaseExecutor.java:394)
	at com.kms.katalon.core.main.TestCaseExecutor.doExecute(TestCaseExecutor.java:385)
	at com.kms.katalon.core.main.TestCaseExecutor.processExecutionPhase(TestCaseExecutor.java:364)
	at com.kms.katalon.core.main.TestCaseExecutor.accessMainPhase(TestCaseExecutor.java:356)
	at com.kms.katalon.core.main.TestCaseExecutor.execute(TestCaseExecutor.java:251)
	at com.kms.katalon.core.main.TestSuiteExecutor.accessTestCaseMainPhase(TestSuiteExecutor.java:203)
	at com.kms.katalon.core.main.TestSuiteExecutor.accessTestSuiteMainPhase(TestSuiteExecutor.java:152)
	at com.kms.katalon.core.main.TestSuiteExecutor.execute(TestSuiteExecutor.java:95)
	at com.kms.katalon.core.main.TestCaseMain.startTestSuite(TestCaseMain.java:157)
	at com.kms.katalon.core.main.TestCaseMain$startTestSuite$0.call(Unknown Source)
	at TempTestSuite1613733199540.run(TempTestSuite1613733199540.groovy:39)
Caused by: com.kms.katalon.core.exception.StepFailedException: Text 'JPEG graphic' is not present on page 
	at com.kms.katalon.core.webui.keyword.internal.WebUIKeywordMain.stepFailed(WebUIKeywordMain.groovy:64)
	at com.kms.katalon.core.webui.keyword.builtin.VerifyTextPresentKeyword$_verifyTextPresent_closure1.doCall(VerifyTextPresentKeyword.groovy:79)
	at com.kms.katalon.core.webui.keyword.builtin.VerifyTextPresentKeyword$_verifyTextPresent_closure1.call(VerifyTextPresentKeyword.groovy)
	at com.kms.katalon.core.webui.keyword.internal.WebUIKeywordMain.runKeyword(WebUIKeywordMain.groovy:20)
	... 23 more


2021-02-19 16:45:37 - [TEST_STEP][PASSED] - excelTestData = findTestData("Data Files/TestData/InspectTestData"): null

2021-02-19 16:45:38 - [TEST_STEP][PASSED] - rigisterUN = excelTestData.getValue(2, 23): null

2021-02-19 16:45:38 - [TEST_STEP][PASSED] - rigisterPW = excelTestData.getValue(3, 23): null

2021-02-19 16:45:38 - [TEST_STEP][FAILED] - customKeywords.commanFunctions.uploadFileOfRegisterUser(292, rigisterUN, rigisterPW): Unable to verify text 'JPEG graphic' is present 

2021-02-19 16:45:38 - [MESSAGE][INFO] - Starting 'Chrome' driver

2021-02-19 16:45:38 - [MESSAGE][INFO] - Action delay is set to 0 milliseconds

2021-02-19 16:45:47 - [MESSAGE][PASSED] - Browser is opened with url: 'https://Inspect.Stage.site.sa'

2021-02-19 16:45:49 - [MESSAGE][PASSED] - Current window maximized

2021-02-19 16:45:49 - [MESSAGE][PASSED] - Wait for page load successfully

2021-02-19 16:45:50 - [MESSAGE][PASSED] - Object 'Object Repository/LoginAndRigisterUser/LoginLink' is clickable

2021-02-19 16:45:50 - [MESSAGE][INFO] - Clicked on element with JS

2021-02-19 16:45:50 - [MESSAGE][PASSED] - Keys 'Os-ARahman@projects.site.sa' sent to object: 'Object Repository/LoginAndRigisterUser/UserName_Email_Input'

2021-02-19 16:45:51 - [MESSAGE][PASSED] - Keys 'Test@12345' sent to object: 'Object Repository/LoginAndRigisterUser/Password_Input'

2021-02-19 16:45:52 - [MESSAGE][PASSED] - Delayed 1 second(s)

2021-02-19 16:45:52 - [MESSAGE][PASSED] - Object 'Object Repository/LoginAndRigisterUser/LoginBtn' is clickable

2021-02-19 16:45:52 - [MESSAGE][INFO] - Clicked on element with JS

2021-02-19 16:45:55 - [MESSAGE][PASSED] - Keys '0' sent to object: 'Object Repository/LoginAndRigisterUser/otpOne'

2021-02-19 16:45:56 - [MESSAGE][PASSED] - Keys '0' sent to object: 'Object Repository/LoginAndRigisterUser/otpTwo'

2021-02-19 16:45:57 - [MESSAGE][PASSED] - Keys '0' sent to object: 'Object Repository/LoginAndRigisterUser/otpThree'

2021-02-19 16:45:57 - [MESSAGE][PASSED] - Keys '0' sent to object: 'Object Repository/LoginAndRigisterUser/otpFour'

2021-02-19 16:45:59 - [MESSAGE][PASSED] - Keys '0' sent to object: 'Object Repository/LoginAndRigisterUser/otpFive'

2021-02-19 16:45:59 - [MESSAGE][INFO] - Clicked on element with JS

2021-02-19 16:46:02 - [MESSAGE][PASSED] - Object: 'Object Repository/HomePage/ChooseAFile' is clicked on

2021-02-19 16:46:04 - [MESSAGE][PASSED] - Delayed 2 second(s)

2021-02-19 16:46:06 - [MESSAGE][INFO] - Image Uploaded Sucsessfully

2021-02-19 16:46:08 - [MESSAGE][PASSED] - Delayed 2 second(s)

2021-02-19 16:46:08 - [MESSAGE][FAILED] - Text 'JPEG graphic' is not present on page  (Root cause: com.kms.katalon.core.exception.StepFailedException: Text 'JPEG graphic' is not present on page 
	at com.kms.katalon.core.webui.keyword.internal.WebUIKeywordMain.stepFailed(WebUIKeywordMain.groovy:64)
	at com.kms.katalon.core.webui.keyword.builtin.VerifyTextPresentKeyword$_verifyTextPresent_closure1.doCall(VerifyTextPresentKeyword.groovy:79)
	at com.kms.katalon.core.webui.keyword.builtin.VerifyTextPresentKeyword$_verifyTextPresent_closure1.call(VerifyTextPresentKeyword.groovy)
	at com.kms.katalon.core.webui.keyword.internal.WebUIKeywordMain.runKeyword(WebUIKeywordMain.groovy:20)
	at com.kms.katalon.core.webui.keyword.builtin.VerifyTextPresentKeyword.verifyTextPresent(VerifyTextPresentKeyword.groovy:83)
	at com.kms.katalon.core.webui.keyword.builtin.VerifyTextPresentKeyword.execute(VerifyTextPresentKeyword.groovy:68)
	at com.kms.katalon.core.keyword.internal.KeywordExecutor.executeKeywordForPlatform(KeywordExecutor.groovy:73)
	at com.kms.katalon.core.webui.keyword.WebUiBuiltInKeywords.verifyTextPresent(WebUiBuiltInKeywords.groovy:1720)
	at com.kms.katalon.core.webui.keyword.WebUiBuiltInKeywords$verifyTextPresent$7.call(Unknown Source)
	at customKeywords.commanFunctions.UploadReqFile(commanFunctions.groovy:282)
	at customKeywords.commanFunctions.uploadFileOfRegisterUser(commanFunctions.groovy:761)
	at customKeywords.commanFunctions.invokeMethod(commanFunctions.groovy)
	at com.kms.katalon.core.main.CustomKeywordDelegatingMetaClass.invokeStaticMethod(CustomKeywordDelegatingMetaClass.java:50)
	at TC_As a register user, Upload JPEG graphic File and verify Uploded file in Submission Page.run(TC_As a register user, Upload JPEG graphic File and verify Uploded file in Submission Page:16)
	at com.kms.katalon.core.main.ScriptEngine.run(ScriptEngine.java:194)
	at com.kms.katalon.core.main.ScriptEngine.runScriptAsRawText(ScriptEngine.java:119)
	at com.kms.katalon.core.main.TestCaseExecutor.runScript(TestCaseExecutor.java:394)
	at com.kms.katalon.core.main.TestCaseExecutor.doExecute(TestCaseExecutor.java:385)
	at com.kms.katalon.core.main.TestCaseExecutor.processExecutionPhase(TestCaseExecutor.java:364)
	at com.kms.katalon.core.main.TestCaseExecutor.accessMainPhase(TestCaseExecutor.java:356)
	at com.kms.katalon.core.main.TestCaseExecutor.execute(TestCaseExecutor.java:251)
	at com.kms.katalon.core.main.TestSuiteExecutor.accessTestCaseMainPhase(TestSuiteExecutor.java:203)
	at com.kms.katalon.core.main.TestSuiteExecutor.accessTestSuiteMainPhase(TestSuiteExecutor.java:152)
	at com.kms.katalon.core.main.TestSuiteExecutor.execute(TestSuiteExecutor.java:95)
	at com.kms.katalon.core.main.TestCaseMain.startTestSuite(TestCaseMain.java:157)
	at com.kms.katalon.core.main.TestCaseMain$startTestSuite$0.call(Unknown Source)
	at TempTestSuite1613733199540.run(TempTestSuite1613733199540.groovy:39)
)

2021-02-19 16:46:08 - [MESSAGE][FAILED] - Unable to verify text 'JPEG graphic' is present  (Root cause: com.kms.katalon.core.exception.StepFailedException: Unable to verify text 'JPEG graphic' is present 
	at com.kms.katalon.core.webui.keyword.internal.WebUIKeywordMain.stepFailed(WebUIKeywordMain.groovy:64)
	at com.kms.katalon.core.webui.keyword.internal.WebUIKeywordMain.runKeyword(WebUIKeywordMain.groovy:26)
	at com.kms.katalon.core.webui.keyword.builtin.VerifyTextPresentKeyword.verifyTextPresent(VerifyTextPresentKeyword.groovy:83)
	at com.kms.katalon.core.webui.keyword.builtin.VerifyTextPresentKeyword.execute(VerifyTextPresentKeyword.groovy:68)
	at com.kms.katalon.core.keyword.internal.KeywordExecutor.executeKeywordForPlatform(KeywordExecutor.groovy:73)
	at com.kms.katalon.core.webui.keyword.WebUiBuiltInKeywords.verifyTextPresent(WebUiBuiltInKeywords.groovy:1720)
	at com.kms.katalon.core.webui.keyword.WebUiBuiltInKeywords$verifyTextPresent$7.call(Unknown Source)
	at customKeywords.commanFunctions.UploadReqFile(commanFunctions.groovy:282)
	at customKeywords.commanFunctions.uploadFileOfRegisterUser(commanFunctions.groovy:761)
	at customKeywords.commanFunctions.invokeMethod(commanFunctions.groovy)
	at com.kms.katalon.core.main.CustomKeywordDelegatingMetaClass.invokeStaticMethod(CustomKeywordDelegatingMetaClass.java:50)
	at TC_As a register user, Upload JPEG graphic File and verify Uploded file in Submission Page.run(TC_As a register user, Upload JPEG graphic File and verify Uploded file in Submission Page:16)
	at com.kms.katalon.core.main.ScriptEngine.run(ScriptEngine.java:194)
	at com.kms.katalon.core.main.ScriptEngine.runScriptAsRawText(ScriptEngine.java:119)
	at com.kms.katalon.core.main.TestCaseExecutor.runScript(TestCaseExecutor.java:394)
	at com.kms.katalon.core.main.TestCaseExecutor.doExecute(TestCaseExecutor.java:385)
	at com.kms.katalon.core.main.TestCaseExecutor.processExecutionPhase(TestCaseExecutor.java:364)
	at com.kms.katalon.core.main.TestCaseExecutor.accessMainPhase(TestCaseExecutor.java:356)
	at com.kms.katalon.core.main.TestCaseExecutor.execute(TestCaseExecutor.java:251)
	at com.kms.katalon.core.main.TestSuiteExecutor.accessTestCaseMainPhase(TestSuiteExecutor.java:203)
	at com.kms.katalon.core.main.TestSuiteExecutor.accessTestSuiteMainPhase(TestSuiteExecutor.java:152)
	at com.kms.katalon.core.main.TestSuiteExecutor.execute(TestSuiteExecutor.java:95)
	at com.kms.katalon.core.main.TestCaseMain.startTestSuite(TestCaseMain.java:157)
	at com.kms.katalon.core.main.TestCaseMain$startTestSuite$0.call(Unknown Source)
	at TempTestSuite1613733199540.run(TempTestSuite1613733199540.groovy:39)
Caused by: com.kms.katalon.core.exception.StepFailedException: Text 'JPEG graphic' is not present on page 
	at com.kms.katalon.core.webui.keyword.internal.WebUIKeywordMain.stepFailed(WebUIKeywordMain.groovy:64)
	at com.kms.katalon.core.webui.keyword.builtin.VerifyTextPresentKeyword$_verifyTextPresent_closure1.doCall(VerifyTextPresentKeyword.groovy:79)
	at com.kms.katalon.core.webui.keyword.builtin.VerifyTextPresentKeyword$_verifyTextPresent_closure1.call(VerifyTextPresentKeyword.groovy)
	at com.kms.katalon.core.webui.keyword.internal.WebUIKeywordMain.runKeyword(WebUIKeywordMain.groovy:20)
	... 23 more
)
[[ATTACHMENT|E:\\Inspect\\15022021\\SiteInspectAutomation\\Reports\\20210219_164318\\Regression_Suite\\RegisterUser_Suite\\RegisterUser_Regression\\20210219_164319\\1613733368479.png]]

2021-02-19 16:46:08 - [MESSAGE][FAILED] - Unable to verify text 'JPEG graphic' is present 

2021-02-19 16:46:08 - [TEST_STEP][PASSED] - Start tear down : tearDownMethodIfFailed: Method 'tearDownMethodIfFailed' complete successfully

2021-02-19 16:46:08 - [TEST_STEP][PASSED] - customKeywords.commanFunctions.onlyCloseBrowser(): customKeywords.commanFunctions.onlyCloseBrowser is PASSED

2021-02-19 16:46:10 - [MESSAGE][PASSED] - Browser is closed

2021-02-19 16:46:10 - [MESSAGE][PASSED] - customKeywords.commanFunctions.onlyCloseBrowser is PASSED

2021-02-19 16:46:10 - [TEST_STEP][PASSED] - logInfo("[--------This is tearDownIfFailed method------]"): [--------This is tearDownIfFailed method------]

2021-02-19 16:46:10 - [MESSAGE][INFO] - [--------This is tearDownIfFailed method------]

2021-02-19 16:46:10 - [MESSAGE][PASSED] - Method 'tearDownMethodIfFailed' complete successfully]]></system-out>
         <system-err><![CDATA[2021-02-19 16:45:37 - [TEST_CASE][FAILED] - Test Cases/UploadDiffFiles_RegisterUser/TC_As a register user, Upload JPEG graphic File and verify Uploded file in Submission Page: Test Cases/UploadDiffFiles_RegisterUser/TC_As a register user, Upload JPEG graphic File and verify Uploded file in Submission Page FAILED.
Reason:
com.kms.katalon.core.exception.StepFailedException: Unable to verify text 'JPEG graphic' is present 
	at com.kms.katalon.core.webui.keyword.internal.WebUIKeywordMain.stepFailed(WebUIKeywordMain.groovy:64)
	at com.kms.katalon.core.webui.keyword.internal.WebUIKeywordMain.runKeyword(WebUIKeywordMain.groovy:26)
	at com.kms.katalon.core.webui.keyword.builtin.VerifyTextPresentKeyword.verifyTextPresent(VerifyTextPresentKeyword.groovy:83)
	at com.kms.katalon.core.webui.keyword.builtin.VerifyTextPresentKeyword.execute(VerifyTextPresentKeyword.groovy:68)
	at com.kms.katalon.core.keyword.internal.KeywordExecutor.executeKeywordForPlatform(KeywordExecutor.groovy:73)
	at com.kms.katalon.core.webui.keyword.WebUiBuiltInKeywords.verifyTextPresent(WebUiBuiltInKeywords.groovy:1720)
	at com.kms.katalon.core.webui.keyword.WebUiBuiltInKeywords$verifyTextPresent$7.call(Unknown Source)
	at customKeywords.commanFunctions.UploadReqFile(commanFunctions.groovy:282)
	at customKeywords.commanFunctions.uploadFileOfRegisterUser(commanFunctions.groovy:761)
	at customKeywords.commanFunctions.invokeMethod(commanFunctions.groovy)
	at com.kms.katalon.core.main.CustomKeywordDelegatingMetaClass.invokeStaticMethod(CustomKeywordDelegatingMetaClass.java:50)
	at TC_As a register user, Upload JPEG graphic File and verify Uploded file in Submission Page.run(TC_As a register user, Upload JPEG graphic File and verify Uploded file in Submission Page:16)
	at com.kms.katalon.core.main.ScriptEngine.run(ScriptEngine.java:194)
	at com.kms.katalon.core.main.ScriptEngine.runScriptAsRawText(ScriptEngine.java:119)
	at com.kms.katalon.core.main.TestCaseExecutor.runScript(TestCaseExecutor.java:394)
	at com.kms.katalon.core.main.TestCaseExecutor.doExecute(TestCaseExecutor.java:385)
	at com.kms.katalon.core.main.TestCaseExecutor.processExecutionPhase(TestCaseExecutor.java:364)
	at com.kms.katalon.core.main.TestCaseExecutor.accessMainPhase(TestCaseExecutor.java:356)
	at com.kms.katalon.core.main.TestCaseExecutor.execute(TestCaseExecutor.java:251)
	at com.kms.katalon.core.main.TestSuiteExecutor.accessTestCaseMainPhase(TestSuiteExecutor.java:203)
	at com.kms.katalon.core.main.TestSuiteExecutor.accessTestSuiteMainPhase(TestSuiteExecutor.java:152)
	at com.kms.katalon.core.main.TestSuiteExecutor.execute(TestSuiteExecutor.java:95)
	at com.kms.katalon.core.main.TestCaseMain.startTestSuite(TestCaseMain.java:157)
	at com.kms.katalon.core.main.TestCaseMain$startTestSuite$0.call(Unknown Source)
	at TempTestSuite1613733199540.run(TempTestSuite1613733199540.groovy:39)
Caused by: com.kms.katalon.core.exception.StepFailedException: Text 'JPEG graphic' is not present on page 
	at com.kms.katalon.core.webui.keyword.internal.WebUIKeywordMain.stepFailed(WebUIKeywordMain.groovy:64)
	at com.kms.katalon.core.webui.keyword.builtin.VerifyTextPresentKeyword$_verifyTextPresent_closure1.doCall(VerifyTextPresentKeyword.groovy:79)
	at com.kms.katalon.core.webui.keyword.builtin.VerifyTextPresentKeyword$_verifyTextPresent_closure1.call(VerifyTextPresentKeyword.groovy)
	at com.kms.katalon.core.webui.keyword.internal.WebUIKeywordMain.runKeyword(WebUIKeywordMain.groovy:20)
	... 23 more]]></system-err>
      </testcase>
      <testcase name="Test Cases/UploadDiffFiles_RegisterUser/TC_As a register user, Upload MacPaint File and verify Uploded file in Submission Page" time="16.356" classname="Test Cases/UploadDiffFiles_RegisterUser/TC_As a register user, Upload MacPaint File and verify Uploded file in Submission Page" status="FAILED">
         <failure type="FAILED" message="Test Cases/UploadDiffFiles_RegisterUser/TC_As a register user, Upload MacPaint File and verify Uploded file in Submission Page FAILED.
Reason:
com.kms.katalon.core.exception.StepFailedException: Unable to send keys '0' to object 'Object Repository/LoginAndRigisterUser/otpOne'
	at com.kms.katalon.core.webui.keyword.internal.WebUIKeywordMain.stepFailed(WebUIKeywordMain.groovy:64)
	at com.kms.katalon.core.webui.keyword.internal.WebUIKeywordMain.runKeyword(WebUIKeywordMain.groovy:26)
	at com.kms.katalon.core.webui.keyword.builtin.SendKeysKeyword.sendKeys(SendKeysKeyword.groovy:60)
	at com.kms.katalon.core.webui.keyword.builtin.SendKeysKeyword.execute(SendKeysKeyword.groovy:38)
	at com.kms.katalon.core.keyword.internal.KeywordExecutor.executeKeywordForPlatform(KeywordExecutor.groovy:73)
	at com.kms.katalon.core.webui.keyword.WebUiBuiltInKeywords.sendKeys(WebUiBuiltInKeywords.groovy:861)
	at com.kms.katalon.core.webui.keyword.WebUiBuiltInKeywords$sendKeys$4.call(Unknown Source)
	at customKeywords.commanFunctions.otpLogin(commanFunctions.groovy:82)
	at customKeywords.commanFunctions.uploadFileOfRegisterUser(commanFunctions.groovy:755)
	at customKeywords.commanFunctions.invokeMethod(commanFunctions.groovy)
	at com.kms.katalon.core.main.CustomKeywordDelegatingMetaClass.invokeStaticMethod(CustomKeywordDelegatingMetaClass.java:50)
	at TC_As a register user, Upload MacPaint File and verify Uploded file in Submission Page.run(TC_As a register user, Upload MacPaint File and verify Uploded file in Submission Page:16)
	at com.kms.katalon.core.main.ScriptEngine.run(ScriptEngine.java:194)
	at com.kms.katalon.core.main.ScriptEngine.runScriptAsRawText(ScriptEngine.java:119)
	at com.kms.katalon.core.main.TestCaseExecutor.runScript(TestCaseExecutor.java:394)
	at com.kms.katalon.core.main.TestCaseExecutor.doExecute(TestCaseExecutor.java:385)
	at com.kms.katalon.core.main.TestCaseExecutor.processExecutionPhase(TestCaseExecutor.java:364)
	at com.kms.katalon.core.main.TestCaseExecutor.accessMainPhase(TestCaseExecutor.java:356)
	at com.kms.katalon.core.main.TestCaseExecutor.execute(TestCaseExecutor.java:251)
	at com.kms.katalon.core.main.TestSuiteExecutor.accessTestCaseMainPhase(TestSuiteExecutor.java:203)
	at com.kms.katalon.core.main.TestSuiteExecutor.accessTestSuiteMainPhase(TestSuiteExecutor.java:152)
	at com.kms.katalon.core.main.TestSuiteExecutor.execute(TestSuiteExecutor.java:95)
	at com.kms.katalon.core.main.TestCaseMain.startTestSuite(TestCaseMain.java:157)
	at com.kms.katalon.core.main.TestCaseMain$startTestSuite$0.call(Unknown Source)
	at TempTestSuite1613733199540.run(TempTestSuite1613733199540.groovy:39)
Caused by: org.openqa.selenium.NoSuchWindowException: no such window: target window already closed
from unknown error: web view not found
  (Session info: chrome=86.0.4240.75)
Build info: version: '3.141.59', revision: 'e82be7d358', time: '2018-11-14T08:25:53'
System info: host: 'OMTPGCN1132568L', ip: '192.168.1.1', os.name: 'Windows 10', os.arch: 'amd64', os.version: '10.0', java.version: '1.8.0_181'
Driver info: com.kms.katalon.selenium.driver.CChromeDriver
Capabilities {acceptInsecureCerts: false, browserName: chrome, browserVersion: 86.0.4240.75, chrome: {chromedriverVersion: 86.0.4240.22 (398b0743353ff..., userDataDir: C:\Users\ashok\AppData\Loca...}, goog:chromeOptions: {debuggerAddress: localhost:50839}, javascriptEnabled: true, networkConnectionEnabled: false, pageLoadStrategy: normal, platform: WINDOWS, platformName: WINDOWS, proxy: Proxy(), setWindowRect: true, strictFileInteractability: false, timeouts: {implicit: 0, pageLoad: 300000, script: 30000}, unhandledPromptBehavior: dismiss and notify, webauthn:virtualAuthenticators: true}
Session ID: 47d7bd2df6b865277ac364ed31a45291
*** Element info: {Using=xpath, value=//*[@formcontrolname='otp_1']//*[@autofocus='autofocus']}
	at org.openqa.selenium.remote.http.W3CHttpResponseCodec.createException(W3CHttpResponseCodec.java:187)
	at org.openqa.selenium.remote.http.W3CHttpResponseCodec.decode(W3CHttpResponseCodec.java:122)
	at org.openqa.selenium.remote.http.W3CHttpResponseCodec.decode(W3CHttpResponseCodec.java:49)
	at org.openqa.selenium.remote.HttpCommandExecutor.execute(HttpCommandExecutor.java:158)
	at org.openqa.selenium.remote.service.DriverCommandExecutor.execute(DriverCommandExecutor.java:83)
	at org.openqa.selenium.remote.RemoteWebDriver.execute(RemoteWebDriver.java:552)
	at com.kms.katalon.selenium.driver.CChromeDriver.execute(CChromeDriver.java:19)
	at org.openqa.selenium.remote.RemoteWebDriver.findElements(RemoteWebDriver.java:353)
	at org.openqa.selenium.remote.RemoteWebDriver.findElementsByXPath(RemoteWebDriver.java:432)
	at org.openqa.selenium.By$ByXPath.findElements(By.java:348)
	at org.openqa.selenium.remote.RemoteWebDriver.findElements(RemoteWebDriver.java:311)
	at org.openqa.selenium.support.events.EventFiringWebDriver.lambda$new$1(EventFiringWebDriver.java:105)
	at com.sun.proxy.$Proxy11.findElements(Unknown Source)
	at org.openqa.selenium.support.events.EventFiringWebDriver.findElements(EventFiringWebDriver.java:182)
	at com.kms.katalon.core.webui.common.WebUiCommonHelper.findElementByNormalMethods(WebUiCommonHelper.java:1014)
	at com.kms.katalon.core.webui.common.WebUiCommonHelper.findElementsBySelectedMethod(WebUiCommonHelper.java:903)
	at com.kms.katalon.core.webui.common.WebUiCommonHelper.findElementsBySelectedMethod(WebUiCommonHelper.java:892)
	at com.kms.katalon.core.webui.common.WebUiCommonHelper.findElementsBySelectedMethod(WebUiCommonHelper.java:887)
	at com.kms.katalon.core.webui.common.WebUiCommonHelper.findElementsByDefault(WebUiCommonHelper.java:883)
	at com.kms.katalon.core.webui.common.WebUiCommonHelper.findElementsWithSelfHealing(WebUiCommonHelper.java:733)
	at com.kms.katalon.core.webui.common.WebUiCommonHelper.findWebElements(WebUiCommonHelper.java:718)
	at com.kms.katalon.core.webui.common.WebUiCommonHelper.findWebElement(WebUiCommonHelper.java:1364)
	at com.kms.katalon.core.webui.keyword.internal.WebUIAbstractKeyword.findWebElement(WebUIAbstractKeyword.groovy:27)
	at com.kms.katalon.core.webui.keyword.internal.WebUIAbstractKeyword.findWebElement(WebUIAbstractKeyword.groovy:26)
	at com.kms.katalon.core.webui.keyword.builtin.SendKeysKeyword$_sendKeys_closure1.doCall(SendKeysKeyword.groovy:52)
	at com.kms.katalon.core.webui.keyword.builtin.SendKeysKeyword$_sendKeys_closure1.call(SendKeysKeyword.groovy)
	at com.kms.katalon.core.webui.keyword.internal.WebUIKeywordMain.runKeyword(WebUIKeywordMain.groovy:20)
	... 23 more
"/>
         <system-out><![CDATA[2021-02-19 16:46:10 - [TEST_CASE][FAILED] - Test Cases/UploadDiffFiles_RegisterUser/TC_As a register user, Upload MacPaint File and verify Uploded file in Submission Page: Test Cases/UploadDiffFiles_RegisterUser/TC_As a register user, Upload MacPaint File and verify Uploded file in Submission Page FAILED.
Reason:
com.kms.katalon.core.exception.StepFailedException: Unable to send keys '0' to object 'Object Repository/LoginAndRigisterUser/otpOne'
	at com.kms.katalon.core.webui.keyword.internal.WebUIKeywordMain.stepFailed(WebUIKeywordMain.groovy:64)
	at com.kms.katalon.core.webui.keyword.internal.WebUIKeywordMain.runKeyword(WebUIKeywordMain.groovy:26)
	at com.kms.katalon.core.webui.keyword.builtin.SendKeysKeyword.sendKeys(SendKeysKeyword.groovy:60)
	at com.kms.katalon.core.webui.keyword.builtin.SendKeysKeyword.execute(SendKeysKeyword.groovy:38)
	at com.kms.katalon.core.keyword.internal.KeywordExecutor.executeKeywordForPlatform(KeywordExecutor.groovy:73)
	at com.kms.katalon.core.webui.keyword.WebUiBuiltInKeywords.sendKeys(WebUiBuiltInKeywords.groovy:861)
	at com.kms.katalon.core.webui.keyword.WebUiBuiltInKeywords$sendKeys$4.call(Unknown Source)
	at customKeywords.commanFunctions.otpLogin(commanFunctions.groovy:82)
	at customKeywords.commanFunctions.uploadFileOfRegisterUser(commanFunctions.groovy:755)
	at customKeywords.commanFunctions.invokeMethod(commanFunctions.groovy)
	at com.kms.katalon.core.main.CustomKeywordDelegatingMetaClass.invokeStaticMethod(CustomKeywordDelegatingMetaClass.java:50)
	at TC_As a register user, Upload MacPaint File and verify Uploded file in Submission Page.run(TC_As a register user, Upload MacPaint File and verify Uploded file in Submission Page:16)
	at com.kms.katalon.core.main.ScriptEngine.run(ScriptEngine.java:194)
	at com.kms.katalon.core.main.ScriptEngine.runScriptAsRawText(ScriptEngine.java:119)
	at com.kms.katalon.core.main.TestCaseExecutor.runScript(TestCaseExecutor.java:394)
	at com.kms.katalon.core.main.TestCaseExecutor.doExecute(TestCaseExecutor.java:385)
	at com.kms.katalon.core.main.TestCaseExecutor.processExecutionPhase(TestCaseExecutor.java:364)
	at com.kms.katalon.core.main.TestCaseExecutor.accessMainPhase(TestCaseExecutor.java:356)
	at com.kms.katalon.core.main.TestCaseExecutor.execute(TestCaseExecutor.java:251)
	at com.kms.katalon.core.main.TestSuiteExecutor.accessTestCaseMainPhase(TestSuiteExecutor.java:203)
	at com.kms.katalon.core.main.TestSuiteExecutor.accessTestSuiteMainPhase(TestSuiteExecutor.java:152)
	at com.kms.katalon.core.main.TestSuiteExecutor.execute(TestSuiteExecutor.java:95)
	at com.kms.katalon.core.main.TestCaseMain.startTestSuite(TestCaseMain.java:157)
	at com.kms.katalon.core.main.TestCaseMain$startTestSuite$0.call(Unknown Source)
	at TempTestSuite1613733199540.run(TempTestSuite1613733199540.groovy:39)
Caused by: org.openqa.selenium.NoSuchWindowException: no such window: target window already closed
from unknown error: web view not found
  (Session info: chrome=86.0.4240.75)
Build info: version: '3.141.59', revision: 'e82be7d358', time: '2018-11-14T08:25:53'
System info: host: 'OMTPGCN1132568L', ip: '192.168.1.1', os.name: 'Windows 10', os.arch: 'amd64', os.version: '10.0', java.version: '1.8.0_181'
Driver info: com.kms.katalon.selenium.driver.CChromeDriver
Capabilities {acceptInsecureCerts: false, browserName: chrome, browserVersion: 86.0.4240.75, chrome: {chromedriverVersion: 86.0.4240.22 (398b0743353ff..., userDataDir: C:\Users\ashok\AppData\Loca...}, goog:chromeOptions: {debuggerAddress: localhost:50839}, javascriptEnabled: true, networkConnectionEnabled: false, pageLoadStrategy: normal, platform: WINDOWS, platformName: WINDOWS, proxy: Proxy(), setWindowRect: true, strictFileInteractability: false, timeouts: {implicit: 0, pageLoad: 300000, script: 30000}, unhandledPromptBehavior: dismiss and notify, webauthn:virtualAuthenticators: true}
Session ID: 47d7bd2df6b865277ac364ed31a45291
*** Element info: {Using=xpath, value=//*[@formcontrolname='otp_1']//*[@autofocus='autofocus']}
	at org.openqa.selenium.remote.http.W3CHttpResponseCodec.createException(W3CHttpResponseCodec.java:187)
	at org.openqa.selenium.remote.http.W3CHttpResponseCodec.decode(W3CHttpResponseCodec.java:122)
	at org.openqa.selenium.remote.http.W3CHttpResponseCodec.decode(W3CHttpResponseCodec.java:49)
	at org.openqa.selenium.remote.HttpCommandExecutor.execute(HttpCommandExecutor.java:158)
	at org.openqa.selenium.remote.service.DriverCommandExecutor.execute(DriverCommandExecutor.java:83)
	at org.openqa.selenium.remote.RemoteWebDriver.execute(RemoteWebDriver.java:552)
	at com.kms.katalon.selenium.driver.CChromeDriver.execute(CChromeDriver.java:19)
	at org.openqa.selenium.remote.RemoteWebDriver.findElements(RemoteWebDriver.java:353)
	at org.openqa.selenium.remote.RemoteWebDriver.findElementsByXPath(RemoteWebDriver.java:432)
	at org.openqa.selenium.By$ByXPath.findElements(By.java:348)
	at org.openqa.selenium.remote.RemoteWebDriver.findElements(RemoteWebDriver.java:311)
	at org.openqa.selenium.support.events.EventFiringWebDriver.lambda$new$1(EventFiringWebDriver.java:105)
	at com.sun.proxy.$Proxy11.findElements(Unknown Source)
	at org.openqa.selenium.support.events.EventFiringWebDriver.findElements(EventFiringWebDriver.java:182)
	at com.kms.katalon.core.webui.common.WebUiCommonHelper.findElementByNormalMethods(WebUiCommonHelper.java:1014)
	at com.kms.katalon.core.webui.common.WebUiCommonHelper.findElementsBySelectedMethod(WebUiCommonHelper.java:903)
	at com.kms.katalon.core.webui.common.WebUiCommonHelper.findElementsBySelectedMethod(WebUiCommonHelper.java:892)
	at com.kms.katalon.core.webui.common.WebUiCommonHelper.findElementsBySelectedMethod(WebUiCommonHelper.java:887)
	at com.kms.katalon.core.webui.common.WebUiCommonHelper.findElementsByDefault(WebUiCommonHelper.java:883)
	at com.kms.katalon.core.webui.common.WebUiCommonHelper.findElementsWithSelfHealing(WebUiCommonHelper.java:733)
	at com.kms.katalon.core.webui.common.WebUiCommonHelper.findWebElements(WebUiCommonHelper.java:718)
	at com.kms.katalon.core.webui.common.WebUiCommonHelper.findWebElement(WebUiCommonHelper.java:1364)
	at com.kms.katalon.core.webui.keyword.internal.WebUIAbstractKeyword.findWebElement(WebUIAbstractKeyword.groovy:27)
	at com.kms.katalon.core.webui.keyword.internal.WebUIAbstractKeyword.findWebElement(WebUIAbstractKeyword.groovy:26)
	at com.kms.katalon.core.webui.keyword.builtin.SendKeysKeyword$_sendKeys_closure1.doCall(SendKeysKeyword.groovy:52)
	at com.kms.katalon.core.webui.keyword.builtin.SendKeysKeyword$_sendKeys_closure1.call(SendKeysKeyword.groovy)
	at com.kms.katalon.core.webui.keyword.internal.WebUIKeywordMain.runKeyword(WebUIKeywordMain.groovy:20)
	... 23 more


2021-02-19 16:46:10 - [TEST_STEP][PASSED] - excelTestData = findTestData("Data Files/TestData/InspectTestData"): null

2021-02-19 16:46:10 - [TEST_STEP][PASSED] - rigisterUN = excelTestData.getValue(6, 23): null

2021-02-19 16:46:10 - [TEST_STEP][PASSED] - rigisterPW = excelTestData.getValue(3, 23): null

2021-02-19 16:46:10 - [TEST_STEP][FAILED] - customKeywords.commanFunctions.uploadFileOfRegisterUser(296, rigisterUN, rigisterPW): Unable to send keys '0' to object 'Object Repository/LoginAndRigisterUser/otpOne'

2021-02-19 16:46:10 - [MESSAGE][INFO] - Starting 'Chrome' driver

2021-02-19 16:46:10 - [MESSAGE][INFO] - Action delay is set to 0 milliseconds

2021-02-19 16:46:19 - [MESSAGE][PASSED] - Browser is opened with url: 'https://Inspect.Stage.site.sa'

2021-02-19 16:46:21 - [MESSAGE][PASSED] - Current window maximized

2021-02-19 16:46:22 - [MESSAGE][PASSED] - Wait for page load successfully

2021-02-19 16:46:22 - [MESSAGE][PASSED] - Object 'Object Repository/LoginAndRigisterUser/LoginLink' is clickable

2021-02-19 16:46:22 - [MESSAGE][INFO] - Clicked on element with JS

2021-02-19 16:46:23 - [MESSAGE][PASSED] - Keys 'Os-anelapatla@projects.site.sa' sent to object: 'Object Repository/LoginAndRigisterUser/UserName_Email_Input'

2021-02-19 16:46:23 - [MESSAGE][PASSED] - Keys 'Test@12345' sent to object: 'Object Repository/LoginAndRigisterUser/Password_Input'

2021-02-19 16:46:24 - [MESSAGE][PASSED] - Delayed 1 second(s)

2021-02-19 16:46:25 - [MESSAGE][PASSED] - Object 'Object Repository/LoginAndRigisterUser/LoginBtn' is clickable

2021-02-19 16:46:25 - [MESSAGE][INFO] - Clicked on element with JS

2021-02-19 16:46:25 - [MESSAGE][WARNING] - [SELF-HEALING] Failed to find element with id 'Object Repository/LoginAndRigisterUser/otpOne'. Try using Self-healing.

2021-02-19 16:46:25 - [MESSAGE][ERROR] - [SELF-HEALING] java.lang.IllegalStateException: Expected BEGIN_OBJECT but was STRING at line 1 column 1 path $

2021-02-19 16:46:25 - [MESSAGE][WARNING] - [SELF-HEALING] Cannot find elements when the XPath is null.

2021-02-19 16:46:25 - [MESSAGE][WARNING] - [SELF-HEALING] Cannot find elements when the selector is null

2021-02-19 16:46:25 - [MESSAGE][WARNING] - Cannot take screenshot

2021-02-19 16:46:25 - [MESSAGE][FAILED] - Unable to send keys '0' to object 'Object Repository/LoginAndRigisterUser/otpOne' (Root cause: com.kms.katalon.core.exception.StepFailedException: Unable to send keys '0' to object 'Object Repository/LoginAndRigisterUser/otpOne'
	at com.kms.katalon.core.webui.keyword.internal.WebUIKeywordMain.stepFailed(WebUIKeywordMain.groovy:64)
	at com.kms.katalon.core.webui.keyword.internal.WebUIKeywordMain.runKeyword(WebUIKeywordMain.groovy:26)
	at com.kms.katalon.core.webui.keyword.builtin.SendKeysKeyword.sendKeys(SendKeysKeyword.groovy:60)
	at com.kms.katalon.core.webui.keyword.builtin.SendKeysKeyword.execute(SendKeysKeyword.groovy:38)
	at com.kms.katalon.core.keyword.internal.KeywordExecutor.executeKeywordForPlatform(KeywordExecutor.groovy:73)
	at com.kms.katalon.core.webui.keyword.WebUiBuiltInKeywords.sendKeys(WebUiBuiltInKeywords.groovy:861)
	at com.kms.katalon.core.webui.keyword.WebUiBuiltInKeywords$sendKeys$4.call(Unknown Source)
	at customKeywords.commanFunctions.otpLogin(commanFunctions.groovy:82)
	at customKeywords.commanFunctions.uploadFileOfRegisterUser(commanFunctions.groovy:755)
	at customKeywords.commanFunctions.invokeMethod(commanFunctions.groovy)
	at com.kms.katalon.core.main.CustomKeywordDelegatingMetaClass.invokeStaticMethod(CustomKeywordDelegatingMetaClass.java:50)
	at TC_As a register user, Upload MacPaint File and verify Uploded file in Submission Page.run(TC_As a register user, Upload MacPaint File and verify Uploded file in Submission Page:16)
	at com.kms.katalon.core.main.ScriptEngine.run(ScriptEngine.java:194)
	at com.kms.katalon.core.main.ScriptEngine.runScriptAsRawText(ScriptEngine.java:119)
	at com.kms.katalon.core.main.TestCaseExecutor.runScript(TestCaseExecutor.java:394)
	at com.kms.katalon.core.main.TestCaseExecutor.doExecute(TestCaseExecutor.java:385)
	at com.kms.katalon.core.main.TestCaseExecutor.processExecutionPhase(TestCaseExecutor.java:364)
	at com.kms.katalon.core.main.TestCaseExecutor.accessMainPhase(TestCaseExecutor.java:356)
	at com.kms.katalon.core.main.TestCaseExecutor.execute(TestCaseExecutor.java:251)
	at com.kms.katalon.core.main.TestSuiteExecutor.accessTestCaseMainPhase(TestSuiteExecutor.java:203)
	at com.kms.katalon.core.main.TestSuiteExecutor.accessTestSuiteMainPhase(TestSuiteExecutor.java:152)
	at com.kms.katalon.core.main.TestSuiteExecutor.execute(TestSuiteExecutor.java:95)
	at com.kms.katalon.core.main.TestCaseMain.startTestSuite(TestCaseMain.java:157)
	at com.kms.katalon.core.main.TestCaseMain$startTestSuite$0.call(Unknown Source)
	at TempTestSuite1613733199540.run(TempTestSuite1613733199540.groovy:39)
Caused by: org.openqa.selenium.NoSuchWindowException: no such window: target window already closed
from unknown error: web view not found
  (Session info: chrome=86.0.4240.75)
Build info: version: '3.141.59', revision: 'e82be7d358', time: '2018-11-14T08:25:53'
System info: host: 'OMTPGCN1132568L', ip: '192.168.1.1', os.name: 'Windows 10', os.arch: 'amd64', os.version: '10.0', java.version: '1.8.0_181'
Driver info: com.kms.katalon.selenium.driver.CChromeDriver
Capabilities {acceptInsecureCerts: false, browserName: chrome, browserVersion: 86.0.4240.75, chrome: {chromedriverVersion: 86.0.4240.22 (398b0743353ff..., userDataDir: C:\Users\ashok\AppData\Loca...}, goog:chromeOptions: {debuggerAddress: localhost:50839}, javascriptEnabled: true, networkConnectionEnabled: false, pageLoadStrategy: normal, platform: WINDOWS, platformName: WINDOWS, proxy: Proxy(), setWindowRect: true, strictFileInteractability: false, timeouts: {implicit: 0, pageLoad: 300000, script: 30000}, unhandledPromptBehavior: dismiss and notify, webauthn:virtualAuthenticators: true}
Session ID: 47d7bd2df6b865277ac364ed31a45291
*** Element info: {Using=xpath, value=//*[@formcontrolname='otp_1']//*[@autofocus='autofocus']}
	at org.openqa.selenium.remote.http.W3CHttpResponseCodec.createException(W3CHttpResponseCodec.java:187)
	at org.openqa.selenium.remote.http.W3CHttpResponseCodec.decode(W3CHttpResponseCodec.java:122)
	at org.openqa.selenium.remote.http.W3CHttpResponseCodec.decode(W3CHttpResponseCodec.java:49)
	at org.openqa.selenium.remote.HttpCommandExecutor.execute(HttpCommandExecutor.java:158)
	at org.openqa.selenium.remote.service.DriverCommandExecutor.execute(DriverCommandExecutor.java:83)
	at org.openqa.selenium.remote.RemoteWebDriver.execute(RemoteWebDriver.java:552)
	at com.kms.katalon.selenium.driver.CChromeDriver.execute(CChromeDriver.java:19)
	at org.openqa.selenium.remote.RemoteWebDriver.findElements(RemoteWebDriver.java:353)
	at org.openqa.selenium.remote.RemoteWebDriver.findElementsByXPath(RemoteWebDriver.java:432)
	at org.openqa.selenium.By$ByXPath.findElements(By.java:348)
	at org.openqa.selenium.remote.RemoteWebDriver.findElements(RemoteWebDriver.java:311)
	at org.openqa.selenium.support.events.EventFiringWebDriver.lambda$new$1(EventFiringWebDriver.java:105)
	at com.sun.proxy.$Proxy11.findElements(Unknown Source)
	at org.openqa.selenium.support.events.EventFiringWebDriver.findElements(EventFiringWebDriver.java:182)
	at com.kms.katalon.core.webui.common.WebUiCommonHelper.findElementByNormalMethods(WebUiCommonHelper.java:1014)
	at com.kms.katalon.core.webui.common.WebUiCommonHelper.findElementsBySelectedMethod(WebUiCommonHelper.java:903)
	at com.kms.katalon.core.webui.common.WebUiCommonHelper.findElementsBySelectedMethod(WebUiCommonHelper.java:892)
	at com.kms.katalon.core.webui.common.WebUiCommonHelper.findElementsBySelectedMethod(WebUiCommonHelper.java:887)
	at com.kms.katalon.core.webui.common.WebUiCommonHelper.findElementsByDefault(WebUiCommonHelper.java:883)
	at com.kms.katalon.core.webui.common.WebUiCommonHelper.findElementsWithSelfHealing(WebUiCommonHelper.java:733)
	at com.kms.katalon.core.webui.common.WebUiCommonHelper.findWebElements(WebUiCommonHelper.java:718)
	at com.kms.katalon.core.webui.common.WebUiCommonHelper.findWebElement(WebUiCommonHelper.java:1364)
	at com.kms.katalon.core.webui.keyword.internal.WebUIAbstractKeyword.findWebElement(WebUIAbstractKeyword.groovy:27)
	at com.kms.katalon.core.webui.keyword.internal.WebUIAbstractKeyword.findWebElement(WebUIAbstractKeyword.groovy:26)
	at com.kms.katalon.core.webui.keyword.builtin.SendKeysKeyword$_sendKeys_closure1.doCall(SendKeysKeyword.groovy:52)
	at com.kms.katalon.core.webui.keyword.builtin.SendKeysKeyword$_sendKeys_closure1.call(SendKeysKeyword.groovy)
	at com.kms.katalon.core.webui.keyword.internal.WebUIKeywordMain.runKeyword(WebUIKeywordMain.groovy:20)
	at com.kms.katalon.core.webui.keyword.builtin.SendKeysKeyword.sendKeys(SendKeysKeyword.groovy:60)
	at com.kms.katalon.core.webui.keyword.builtin.SendKeysKeyword.execute(SendKeysKeyword.groovy:38)
	at com.kms.katalon.core.keyword.internal.KeywordExecutor.executeKeywordForPlatform(KeywordExecutor.groovy:73)
	at com.kms.katalon.core.webui.keyword.WebUiBuiltInKeywords.sendKeys(WebUiBuiltInKeywords.groovy:861)
	at com.kms.katalon.core.webui.keyword.WebUiBuiltInKeywords$sendKeys$4.call(Unknown Source)
	at customKeywords.commanFunctions.otpLogin(commanFunctions.groovy:82)
	at customKeywords.commanFunctions.uploadFileOfRegisterUser(commanFunctions.groovy:755)
	at customKeywords.commanFunctions.invokeMethod(commanFunctions.groovy)
	at com.kms.katalon.core.main.CustomKeywordDelegatingMetaClass.invokeStaticMethod(CustomKeywordDelegatingMetaClass.java:50)
	at Script1613375010583.run(Script1613375010583.groovy:16)
	... 13 more
)

2021-02-19 16:46:25 - [MESSAGE][FAILED] - Unable to send keys '0' to object 'Object Repository/LoginAndRigisterUser/otpOne'

2021-02-19 16:46:25 - [TEST_STEP][PASSED] - Start tear down : tearDownMethodIfFailed: Method 'tearDownMethodIfFailed' complete successfully

2021-02-19 16:46:25 - [TEST_STEP][PASSED] - customKeywords.commanFunctions.onlyCloseBrowser(): customKeywords.commanFunctions.onlyCloseBrowser is PASSED

2021-02-19 16:46:26 - [MESSAGE][PASSED] - Browser is closed

2021-02-19 16:46:26 - [MESSAGE][PASSED] - customKeywords.commanFunctions.onlyCloseBrowser is PASSED

2021-02-19 16:46:26 - [TEST_STEP][PASSED] - logInfo("[--------This is tearDownIfFailed method------]"): [--------This is tearDownIfFailed method------]

2021-02-19 16:46:26 - [MESSAGE][INFO] - [--------This is tearDownIfFailed method------]

2021-02-19 16:46:26 - [MESSAGE][PASSED] - Method 'tearDownMethodIfFailed' complete successfully]]></system-out>
         <system-err><![CDATA[2021-02-19 16:46:10 - [TEST_CASE][FAILED] - Test Cases/UploadDiffFiles_RegisterUser/TC_As a register user, Upload MacPaint File and verify Uploded file in Submission Page: Test Cases/UploadDiffFiles_RegisterUser/TC_As a register user, Upload MacPaint File and verify Uploded file in Submission Page FAILED.
Reason:
com.kms.katalon.core.exception.StepFailedException: Unable to send keys '0' to object 'Object Repository/LoginAndRigisterUser/otpOne'
	at com.kms.katalon.core.webui.keyword.internal.WebUIKeywordMain.stepFailed(WebUIKeywordMain.groovy:64)
	at com.kms.katalon.core.webui.keyword.internal.WebUIKeywordMain.runKeyword(WebUIKeywordMain.groovy:26)
	at com.kms.katalon.core.webui.keyword.builtin.SendKeysKeyword.sendKeys(SendKeysKeyword.groovy:60)
	at com.kms.katalon.core.webui.keyword.builtin.SendKeysKeyword.execute(SendKeysKeyword.groovy:38)
	at com.kms.katalon.core.keyword.internal.KeywordExecutor.executeKeywordForPlatform(KeywordExecutor.groovy:73)
	at com.kms.katalon.core.webui.keyword.WebUiBuiltInKeywords.sendKeys(WebUiBuiltInKeywords.groovy:861)
	at com.kms.katalon.core.webui.keyword.WebUiBuiltInKeywords$sendKeys$4.call(Unknown Source)
	at customKeywords.commanFunctions.otpLogin(commanFunctions.groovy:82)
	at customKeywords.commanFunctions.uploadFileOfRegisterUser(commanFunctions.groovy:755)
	at customKeywords.commanFunctions.invokeMethod(commanFunctions.groovy)
	at com.kms.katalon.core.main.CustomKeywordDelegatingMetaClass.invokeStaticMethod(CustomKeywordDelegatingMetaClass.java:50)
	at TC_As a register user, Upload MacPaint File and verify Uploded file in Submission Page.run(TC_As a register user, Upload MacPaint File and verify Uploded file in Submission Page:16)
	at com.kms.katalon.core.main.ScriptEngine.run(ScriptEngine.java:194)
	at com.kms.katalon.core.main.ScriptEngine.runScriptAsRawText(ScriptEngine.java:119)
	at com.kms.katalon.core.main.TestCaseExecutor.runScript(TestCaseExecutor.java:394)
	at com.kms.katalon.core.main.TestCaseExecutor.doExecute(TestCaseExecutor.java:385)
	at com.kms.katalon.core.main.TestCaseExecutor.processExecutionPhase(TestCaseExecutor.java:364)
	at com.kms.katalon.core.main.TestCaseExecutor.accessMainPhase(TestCaseExecutor.java:356)
	at com.kms.katalon.core.main.TestCaseExecutor.execute(TestCaseExecutor.java:251)
	at com.kms.katalon.core.main.TestSuiteExecutor.accessTestCaseMainPhase(TestSuiteExecutor.java:203)
	at com.kms.katalon.core.main.TestSuiteExecutor.accessTestSuiteMainPhase(TestSuiteExecutor.java:152)
	at com.kms.katalon.core.main.TestSuiteExecutor.execute(TestSuiteExecutor.java:95)
	at com.kms.katalon.core.main.TestCaseMain.startTestSuite(TestCaseMain.java:157)
	at com.kms.katalon.core.main.TestCaseMain$startTestSuite$0.call(Unknown Source)
	at TempTestSuite1613733199540.run(TempTestSuite1613733199540.groovy:39)
Caused by: org.openqa.selenium.NoSuchWindowException: no such window: target window already closed
from unknown error: web view not found
  (Session info: chrome=86.0.4240.75)
Build info: version: '3.141.59', revision: 'e82be7d358', time: '2018-11-14T08:25:53'
System info: host: 'OMTPGCN1132568L', ip: '192.168.1.1', os.name: 'Windows 10', os.arch: 'amd64', os.version: '10.0', java.version: '1.8.0_181'
Driver info: com.kms.katalon.selenium.driver.CChromeDriver
Capabilities {acceptInsecureCerts: false, browserName: chrome, browserVersion: 86.0.4240.75, chrome: {chromedriverVersion: 86.0.4240.22 (398b0743353ff..., userDataDir: C:\Users\ashok\AppData\Loca...}, goog:chromeOptions: {debuggerAddress: localhost:50839}, javascriptEnabled: true, networkConnectionEnabled: false, pageLoadStrategy: normal, platform: WINDOWS, platformName: WINDOWS, proxy: Proxy(), setWindowRect: true, strictFileInteractability: false, timeouts: {implicit: 0, pageLoad: 300000, script: 30000}, unhandledPromptBehavior: dismiss and notify, webauthn:virtualAuthenticators: true}
Session ID: 47d7bd2df6b865277ac364ed31a45291
*** Element info: {Using=xpath, value=//*[@formcontrolname='otp_1']//*[@autofocus='autofocus']}
	at org.openqa.selenium.remote.http.W3CHttpResponseCodec.createException(W3CHttpResponseCodec.java:187)
	at org.openqa.selenium.remote.http.W3CHttpResponseCodec.decode(W3CHttpResponseCodec.java:122)
	at org.openqa.selenium.remote.http.W3CHttpResponseCodec.decode(W3CHttpResponseCodec.java:49)
	at org.openqa.selenium.remote.HttpCommandExecutor.execute(HttpCommandExecutor.java:158)
	at org.openqa.selenium.remote.service.DriverCommandExecutor.execute(DriverCommandExecutor.java:83)
	at org.openqa.selenium.remote.RemoteWebDriver.execute(RemoteWebDriver.java:552)
	at com.kms.katalon.selenium.driver.CChromeDriver.execute(CChromeDriver.java:19)
	at org.openqa.selenium.remote.RemoteWebDriver.findElements(RemoteWebDriver.java:353)
	at org.openqa.selenium.remote.RemoteWebDriver.findElementsByXPath(RemoteWebDriver.java:432)
	at org.openqa.selenium.By$ByXPath.findElements(By.java:348)
	at org.openqa.selenium.remote.RemoteWebDriver.findElements(RemoteWebDriver.java:311)
	at org.openqa.selenium.support.events.EventFiringWebDriver.lambda$new$1(EventFiringWebDriver.java:105)
	at com.sun.proxy.$Proxy11.findElements(Unknown Source)
	at org.openqa.selenium.support.events.EventFiringWebDriver.findElements(EventFiringWebDriver.java:182)
	at com.kms.katalon.core.webui.common.WebUiCommonHelper.findElementByNormalMethods(WebUiCommonHelper.java:1014)
	at com.kms.katalon.core.webui.common.WebUiCommonHelper.findElementsBySelectedMethod(WebUiCommonHelper.java:903)
	at com.kms.katalon.core.webui.common.WebUiCommonHelper.findElementsBySelectedMethod(WebUiCommonHelper.java:892)
	at com.kms.katalon.core.webui.common.WebUiCommonHelper.findElementsBySelectedMethod(WebUiCommonHelper.java:887)
	at com.kms.katalon.core.webui.common.WebUiCommonHelper.findElementsByDefault(WebUiCommonHelper.java:883)
	at com.kms.katalon.core.webui.common.WebUiCommonHelper.findElementsWithSelfHealing(WebUiCommonHelper.java:733)
	at com.kms.katalon.core.webui.common.WebUiCommonHelper.findWebElements(WebUiCommonHelper.java:718)
	at com.kms.katalon.core.webui.common.WebUiCommonHelper.findWebElement(WebUiCommonHelper.java:1364)
	at com.kms.katalon.core.webui.keyword.internal.WebUIAbstractKeyword.findWebElement(WebUIAbstractKeyword.groovy:27)
	at com.kms.katalon.core.webui.keyword.internal.WebUIAbstractKeyword.findWebElement(WebUIAbstractKeyword.groovy:26)
	at com.kms.katalon.core.webui.keyword.builtin.SendKeysKeyword$_sendKeys_closure1.doCall(SendKeysKeyword.groovy:52)
	at com.kms.katalon.core.webui.keyword.builtin.SendKeysKeyword$_sendKeys_closure1.call(SendKeysKeyword.groovy)
	at com.kms.katalon.core.webui.keyword.internal.WebUIKeywordMain.runKeyword(WebUIKeywordMain.groovy:20)
	... 23 more]]></system-err>
      </testcase>
      <testcase name="Test Cases/UploadDiffFiles_RegisterUser/TC_As a register user, Upload Microsoft Word File and verify Uploded file in Submission Page" time="3.797" classname="Test Cases/UploadDiffFiles_RegisterUser/TC_As a register user, Upload Microsoft Word File and verify Uploded file in Submission Page" status="FAILED">
         <failure type="FAILED" message="Test Cases/UploadDiffFiles_RegisterUser/TC_As a register user, Upload Microsoft Word File and verify Uploded file in Submission Page FAILED.
Reason:
com.kms.katalon.core.exception.StepFailedException: Unable to open browser with url: 'https://Inspect.Stage.site.sa'
	at com.kms.katalon.core.webui.keyword.internal.WebUIKeywordMain.stepFailed(WebUIKeywordMain.groovy:64)
	at com.kms.katalon.core.webui.keyword.internal.WebUIKeywordMain.runKeyword(WebUIKeywordMain.groovy:26)
	at com.kms.katalon.core.webui.keyword.builtin.OpenBrowserKeyword.openBrowser(OpenBrowserKeyword.groovy:81)
	at com.kms.katalon.core.webui.keyword.builtin.OpenBrowserKeyword.execute(OpenBrowserKeyword.groovy:67)
	at com.kms.katalon.core.keyword.internal.KeywordExecutor.executeKeywordForPlatform(KeywordExecutor.groovy:73)
	at com.kms.katalon.core.webui.keyword.WebUiBuiltInKeywords.openBrowser(WebUiBuiltInKeywords.groovy:61)
	at com.kms.katalon.core.webui.keyword.WebUiBuiltInKeywords$openBrowser.call(Unknown Source)
	at customKeywords.commanFunctions.openBrowser(commanFunctions.groovy:47)
	at customKeywords.commanFunctions.uploadFileOfRegisterUser(commanFunctions.groovy:747)
	at customKeywords.commanFunctions.invokeMethod(commanFunctions.groovy)
	at com.kms.katalon.core.main.CustomKeywordDelegatingMetaClass.invokeStaticMethod(CustomKeywordDelegatingMetaClass.java:50)
	at TC_As a register user, Upload Microsoft Word File and verify Uploded file in Submission Page.run(TC_As a register user, Upload Microsoft Word File and verify Uploded file in Submission Page:16)
	at com.kms.katalon.core.main.ScriptEngine.run(ScriptEngine.java:194)
	at com.kms.katalon.core.main.ScriptEngine.runScriptAsRawText(ScriptEngine.java:119)
	at com.kms.katalon.core.main.TestCaseExecutor.runScript(TestCaseExecutor.java:394)
	at com.kms.katalon.core.main.TestCaseExecutor.doExecute(TestCaseExecutor.java:385)
	at com.kms.katalon.core.main.TestCaseExecutor.processExecutionPhase(TestCaseExecutor.java:364)
	at com.kms.katalon.core.main.TestCaseExecutor.accessMainPhase(TestCaseExecutor.java:356)
	at com.kms.katalon.core.main.TestCaseExecutor.execute(TestCaseExecutor.java:251)
	at com.kms.katalon.core.main.TestSuiteExecutor.accessTestCaseMainPhase(TestSuiteExecutor.java:203)
	at com.kms.katalon.core.main.TestSuiteExecutor.accessTestSuiteMainPhase(TestSuiteExecutor.java:152)
	at com.kms.katalon.core.main.TestSuiteExecutor.execute(TestSuiteExecutor.java:95)
	at com.kms.katalon.core.main.TestCaseMain.startTestSuite(TestCaseMain.java:157)
	at com.kms.katalon.core.main.TestCaseMain$startTestSuite$0.call(Unknown Source)
	at TempTestSuite1613733199540.run(TempTestSuite1613733199540.groovy:39)
Caused by: org.openqa.selenium.SessionNotCreatedException: session not created
from no such window: window was already closed
  (Session info: chrome=86.0.4240.75)
Build info: version: '3.141.59', revision: 'e82be7d358', time: '2018-11-14T08:25:53'
System info: host: 'OMTPGCN1132568L', ip: '192.168.1.1', os.name: 'Windows 10', os.arch: 'amd64', os.version: '10.0', java.version: '1.8.0_181'
Driver info: driver.version: CChromeDriver
remote stacktrace: Backtrace:
	Ordinal0 [0x00A8C013+3194899]
	Ordinal0 [0x00976021+2056225]
	Ordinal0 [0x0080F608+587272]
	Ordinal0 [0x00806587+550279]
	Ordinal0 [0x00807175+553333]
	Ordinal0 [0x0080241E+533534]
	Ordinal0 [0x00810620+591392]
	Ordinal0 [0x007B2A0C+207372]
	Ordinal0 [0x007B1D0D+204045]
	Ordinal0 [0x007AFC1B+195611]
	Ordinal0 [0x00793B7F+80767]
	Ordinal0 [0x00794B4E+84814]
	Ordinal0 [0x00794AD9+84697]
	Ordinal0 [0x0098CE64+2149988]
	GetHandleVerifier [0x00BFBE95+1400773]
	GetHandleVerifier [0x00BFBB61+1399953]
	GetHandleVerifier [0x00C031FA+1430314]
	GetHandleVerifier [0x00BFC69F+1402831]
	Ordinal0 [0x00983D61+2112865]
	Ordinal0 [0x0098E5CB+2155979]
	Ordinal0 [0x0098E6F5+2156277]
	Ordinal0 [0x0099F26E+2224750]
	BaseThreadInitThunk [0x77026359+25]
	RtlGetAppContainerNamedObjectPath [0x77BD8944+228]
	RtlGetAppContainerNamedObjectPath [0x77BD8914+180]

	at org.openqa.selenium.remote.W3CHandshakeResponse.lambda$errorHandler$0(W3CHandshakeResponse.java:62)
	at org.openqa.selenium.remote.HandshakeResponse.lambda$getResponseFunction$0(HandshakeResponse.java:30)
	at org.openqa.selenium.remote.ProtocolHandshake.lambda$createSession$0(ProtocolHandshake.java:126)
	at org.openqa.selenium.remote.ProtocolHandshake.createSession(ProtocolHandshake.java:128)
	at org.openqa.selenium.remote.ProtocolHandshake.createSession(ProtocolHandshake.java:74)
	at org.openqa.selenium.remote.HttpCommandExecutor.execute(HttpCommandExecutor.java:136)
	at org.openqa.selenium.remote.service.DriverCommandExecutor.execute(DriverCommandExecutor.java:83)
	at org.openqa.selenium.remote.RemoteWebDriver.execute(RemoteWebDriver.java:552)
	at com.kms.katalon.selenium.driver.CChromeDriver.execute(CChromeDriver.java:19)
	at org.openqa.selenium.remote.RemoteWebDriver.startSession(RemoteWebDriver.java:213)
	at org.openqa.selenium.remote.RemoteWebDriver.&lt;init>(RemoteWebDriver.java:131)
	at org.openqa.selenium.chrome.ChromeDriver.&lt;init>(ChromeDriver.java:181)
	at org.openqa.selenium.chrome.ChromeDriver.&lt;init>(ChromeDriver.java:147)
	at com.kms.katalon.selenium.driver.CChromeDriver.&lt;init>(CChromeDriver.java:13)
	at com.kms.katalon.core.webui.driver.DriverFactory.createNewChromeDriver(DriverFactory.java:400)
	at com.kms.katalon.core.webui.driver.DriverFactory.startNewBrowser(DriverFactory.java:358)
	at com.kms.katalon.core.webui.driver.DriverFactory.openWebDriver(DriverFactory.java:245)
	at com.kms.katalon.core.webui.keyword.builtin.OpenBrowserKeyword$_openBrowser_closure1.doCall(OpenBrowserKeyword.groovy:74)
	at com.kms.katalon.core.webui.keyword.builtin.OpenBrowserKeyword$_openBrowser_closure1.call(OpenBrowserKeyword.groovy)
	at com.kms.katalon.core.webui.keyword.internal.WebUIKeywordMain.runKeyword(WebUIKeywordMain.groovy:20)
	... 23 more
"/>
         <system-out><![CDATA[2021-02-19 16:46:26 - [TEST_CASE][FAILED] - Test Cases/UploadDiffFiles_RegisterUser/TC_As a register user, Upload Microsoft Word File and verify Uploded file in Submission Page: Test Cases/UploadDiffFiles_RegisterUser/TC_As a register user, Upload Microsoft Word File and verify Uploded file in Submission Page FAILED.
Reason:
com.kms.katalon.core.exception.StepFailedException: Unable to open browser with url: 'https://Inspect.Stage.site.sa'
	at com.kms.katalon.core.webui.keyword.internal.WebUIKeywordMain.stepFailed(WebUIKeywordMain.groovy:64)
	at com.kms.katalon.core.webui.keyword.internal.WebUIKeywordMain.runKeyword(WebUIKeywordMain.groovy:26)
	at com.kms.katalon.core.webui.keyword.builtin.OpenBrowserKeyword.openBrowser(OpenBrowserKeyword.groovy:81)
	at com.kms.katalon.core.webui.keyword.builtin.OpenBrowserKeyword.execute(OpenBrowserKeyword.groovy:67)
	at com.kms.katalon.core.keyword.internal.KeywordExecutor.executeKeywordForPlatform(KeywordExecutor.groovy:73)
	at com.kms.katalon.core.webui.keyword.WebUiBuiltInKeywords.openBrowser(WebUiBuiltInKeywords.groovy:61)
	at com.kms.katalon.core.webui.keyword.WebUiBuiltInKeywords$openBrowser.call(Unknown Source)
	at customKeywords.commanFunctions.openBrowser(commanFunctions.groovy:47)
	at customKeywords.commanFunctions.uploadFileOfRegisterUser(commanFunctions.groovy:747)
	at customKeywords.commanFunctions.invokeMethod(commanFunctions.groovy)
	at com.kms.katalon.core.main.CustomKeywordDelegatingMetaClass.invokeStaticMethod(CustomKeywordDelegatingMetaClass.java:50)
	at TC_As a register user, Upload Microsoft Word File and verify Uploded file in Submission Page.run(TC_As a register user, Upload Microsoft Word File and verify Uploded file in Submission Page:16)
	at com.kms.katalon.core.main.ScriptEngine.run(ScriptEngine.java:194)
	at com.kms.katalon.core.main.ScriptEngine.runScriptAsRawText(ScriptEngine.java:119)
	at com.kms.katalon.core.main.TestCaseExecutor.runScript(TestCaseExecutor.java:394)
	at com.kms.katalon.core.main.TestCaseExecutor.doExecute(TestCaseExecutor.java:385)
	at com.kms.katalon.core.main.TestCaseExecutor.processExecutionPhase(TestCaseExecutor.java:364)
	at com.kms.katalon.core.main.TestCaseExecutor.accessMainPhase(TestCaseExecutor.java:356)
	at com.kms.katalon.core.main.TestCaseExecutor.execute(TestCaseExecutor.java:251)
	at com.kms.katalon.core.main.TestSuiteExecutor.accessTestCaseMainPhase(TestSuiteExecutor.java:203)
	at com.kms.katalon.core.main.TestSuiteExecutor.accessTestSuiteMainPhase(TestSuiteExecutor.java:152)
	at com.kms.katalon.core.main.TestSuiteExecutor.execute(TestSuiteExecutor.java:95)
	at com.kms.katalon.core.main.TestCaseMain.startTestSuite(TestCaseMain.java:157)
	at com.kms.katalon.core.main.TestCaseMain$startTestSuite$0.call(Unknown Source)
	at TempTestSuite1613733199540.run(TempTestSuite1613733199540.groovy:39)
Caused by: org.openqa.selenium.SessionNotCreatedException: session not created
from no such window: window was already closed
  (Session info: chrome=86.0.4240.75)
Build info: version: '3.141.59', revision: 'e82be7d358', time: '2018-11-14T08:25:53'
System info: host: 'OMTPGCN1132568L', ip: '192.168.1.1', os.name: 'Windows 10', os.arch: 'amd64', os.version: '10.0', java.version: '1.8.0_181'
Driver info: driver.version: CChromeDriver
remote stacktrace: Backtrace:
	Ordinal0 [0x00A8C013+3194899]
	Ordinal0 [0x00976021+2056225]
	Ordinal0 [0x0080F608+587272]
	Ordinal0 [0x00806587+550279]
	Ordinal0 [0x00807175+553333]
	Ordinal0 [0x0080241E+533534]
	Ordinal0 [0x00810620+591392]
	Ordinal0 [0x007B2A0C+207372]
	Ordinal0 [0x007B1D0D+204045]
	Ordinal0 [0x007AFC1B+195611]
	Ordinal0 [0x00793B7F+80767]
	Ordinal0 [0x00794B4E+84814]
	Ordinal0 [0x00794AD9+84697]
	Ordinal0 [0x0098CE64+2149988]
	GetHandleVerifier [0x00BFBE95+1400773]
	GetHandleVerifier [0x00BFBB61+1399953]
	GetHandleVerifier [0x00C031FA+1430314]
	GetHandleVerifier [0x00BFC69F+1402831]
	Ordinal0 [0x00983D61+2112865]
	Ordinal0 [0x0098E5CB+2155979]
	Ordinal0 [0x0098E6F5+2156277]
	Ordinal0 [0x0099F26E+2224750]
	BaseThreadInitThunk [0x77026359+25]
	RtlGetAppContainerNamedObjectPath [0x77BD8944+228]
	RtlGetAppContainerNamedObjectPath [0x77BD8914+180]

	at org.openqa.selenium.remote.W3CHandshakeResponse.lambda$errorHandler$0(W3CHandshakeResponse.java:62)
	at org.openqa.selenium.remote.HandshakeResponse.lambda$getResponseFunction$0(HandshakeResponse.java:30)
	at org.openqa.selenium.remote.ProtocolHandshake.lambda$createSession$0(ProtocolHandshake.java:126)
	at org.openqa.selenium.remote.ProtocolHandshake.createSession(ProtocolHandshake.java:128)
	at org.openqa.selenium.remote.ProtocolHandshake.createSession(ProtocolHandshake.java:74)
	at org.openqa.selenium.remote.HttpCommandExecutor.execute(HttpCommandExecutor.java:136)
	at org.openqa.selenium.remote.service.DriverCommandExecutor.execute(DriverCommandExecutor.java:83)
	at org.openqa.selenium.remote.RemoteWebDriver.execute(RemoteWebDriver.java:552)
	at com.kms.katalon.selenium.driver.CChromeDriver.execute(CChromeDriver.java:19)
	at org.openqa.selenium.remote.RemoteWebDriver.startSession(RemoteWebDriver.java:213)
	at org.openqa.selenium.remote.RemoteWebDriver.<init>(RemoteWebDriver.java:131)
	at org.openqa.selenium.chrome.ChromeDriver.<init>(ChromeDriver.java:181)
	at org.openqa.selenium.chrome.ChromeDriver.<init>(ChromeDriver.java:147)
	at com.kms.katalon.selenium.driver.CChromeDriver.<init>(CChromeDriver.java:13)
	at com.kms.katalon.core.webui.driver.DriverFactory.createNewChromeDriver(DriverFactory.java:400)
	at com.kms.katalon.core.webui.driver.DriverFactory.startNewBrowser(DriverFactory.java:358)
	at com.kms.katalon.core.webui.driver.DriverFactory.openWebDriver(DriverFactory.java:245)
	at com.kms.katalon.core.webui.keyword.builtin.OpenBrowserKeyword$_openBrowser_closure1.doCall(OpenBrowserKeyword.groovy:74)
	at com.kms.katalon.core.webui.keyword.builtin.OpenBrowserKeyword$_openBrowser_closure1.call(OpenBrowserKeyword.groovy)
	at com.kms.katalon.core.webui.keyword.internal.WebUIKeywordMain.runKeyword(WebUIKeywordMain.groovy:20)
	... 23 more


2021-02-19 16:46:26 - [TEST_STEP][PASSED] - excelTestData = findTestData("Data Files/TestData/InspectTestData"): null

2021-02-19 16:46:26 - [TEST_STEP][PASSED] - rigisterUN = excelTestData.getValue(2, 23): null

2021-02-19 16:46:26 - [TEST_STEP][PASSED] - rigisterPW = excelTestData.getValue(3, 23): null

2021-02-19 16:46:26 - [TEST_STEP][FAILED] - customKeywords.commanFunctions.uploadFileOfRegisterUser(284, rigisterUN, rigisterPW): Unable to open browser with url: 'https://Inspect.Stage.site.sa'

2021-02-19 16:46:26 - [MESSAGE][INFO] - Starting 'Chrome' driver

2021-02-19 16:46:26 - [MESSAGE][INFO] - Action delay is set to 0 milliseconds

2021-02-19 16:46:30 - [MESSAGE][FAILED] - Unable to open browser with url: 'https://Inspect.Stage.site.sa' (Root cause: com.kms.katalon.core.exception.StepFailedException: Unable to open browser with url: 'https://Inspect.Stage.site.sa'
	at com.kms.katalon.core.webui.keyword.internal.WebUIKeywordMain.stepFailed(WebUIKeywordMain.groovy:64)
	at com.kms.katalon.core.webui.keyword.internal.WebUIKeywordMain.runKeyword(WebUIKeywordMain.groovy:26)
	at com.kms.katalon.core.webui.keyword.builtin.OpenBrowserKeyword.openBrowser(OpenBrowserKeyword.groovy:81)
	at com.kms.katalon.core.webui.keyword.builtin.OpenBrowserKeyword.execute(OpenBrowserKeyword.groovy:67)
	at com.kms.katalon.core.keyword.internal.KeywordExecutor.executeKeywordForPlatform(KeywordExecutor.groovy:73)
	at com.kms.katalon.core.webui.keyword.WebUiBuiltInKeywords.openBrowser(WebUiBuiltInKeywords.groovy:61)
	at com.kms.katalon.core.webui.keyword.WebUiBuiltInKeywords$openBrowser.call(Unknown Source)
	at customKeywords.commanFunctions.openBrowser(commanFunctions.groovy:47)
	at customKeywords.commanFunctions.uploadFileOfRegisterUser(commanFunctions.groovy:747)
	at customKeywords.commanFunctions.invokeMethod(commanFunctions.groovy)
	at com.kms.katalon.core.main.CustomKeywordDelegatingMetaClass.invokeStaticMethod(CustomKeywordDelegatingMetaClass.java:50)
	at TC_As a register user, Upload Microsoft Word File and verify Uploded file in Submission Page.run(TC_As a register user, Upload Microsoft Word File and verify Uploded file in Submission Page:16)
	at com.kms.katalon.core.main.ScriptEngine.run(ScriptEngine.java:194)
	at com.kms.katalon.core.main.ScriptEngine.runScriptAsRawText(ScriptEngine.java:119)
	at com.kms.katalon.core.main.TestCaseExecutor.runScript(TestCaseExecutor.java:394)
	at com.kms.katalon.core.main.TestCaseExecutor.doExecute(TestCaseExecutor.java:385)
	at com.kms.katalon.core.main.TestCaseExecutor.processExecutionPhase(TestCaseExecutor.java:364)
	at com.kms.katalon.core.main.TestCaseExecutor.accessMainPhase(TestCaseExecutor.java:356)
	at com.kms.katalon.core.main.TestCaseExecutor.execute(TestCaseExecutor.java:251)
	at com.kms.katalon.core.main.TestSuiteExecutor.accessTestCaseMainPhase(TestSuiteExecutor.java:203)
	at com.kms.katalon.core.main.TestSuiteExecutor.accessTestSuiteMainPhase(TestSuiteExecutor.java:152)
	at com.kms.katalon.core.main.TestSuiteExecutor.execute(TestSuiteExecutor.java:95)
	at com.kms.katalon.core.main.TestCaseMain.startTestSuite(TestCaseMain.java:157)
	at com.kms.katalon.core.main.TestCaseMain$startTestSuite$0.call(Unknown Source)
	at TempTestSuite1613733199540.run(TempTestSuite1613733199540.groovy:39)
Caused by: org.openqa.selenium.SessionNotCreatedException: session not created
from no such window: window was already closed
  (Session info: chrome=86.0.4240.75)
Build info: version: '3.141.59', revision: 'e82be7d358', time: '2018-11-14T08:25:53'
System info: host: 'OMTPGCN1132568L', ip: '192.168.1.1', os.name: 'Windows 10', os.arch: 'amd64', os.version: '10.0', java.version: '1.8.0_181'
Driver info: driver.version: CChromeDriver
remote stacktrace: Backtrace:
	Ordinal0 [0x00A8C013+3194899]
	Ordinal0 [0x00976021+2056225]
	Ordinal0 [0x0080F608+587272]
	Ordinal0 [0x00806587+550279]
	Ordinal0 [0x00807175+553333]
	Ordinal0 [0x0080241E+533534]
	Ordinal0 [0x00810620+591392]
	Ordinal0 [0x007B2A0C+207372]
	Ordinal0 [0x007B1D0D+204045]
	Ordinal0 [0x007AFC1B+195611]
	Ordinal0 [0x00793B7F+80767]
	Ordinal0 [0x00794B4E+84814]
	Ordinal0 [0x00794AD9+84697]
	Ordinal0 [0x0098CE64+2149988]
	GetHandleVerifier [0x00BFBE95+1400773]
	GetHandleVerifier [0x00BFBB61+1399953]
	GetHandleVerifier [0x00C031FA+1430314]
	GetHandleVerifier [0x00BFC69F+1402831]
	Ordinal0 [0x00983D61+2112865]
	Ordinal0 [0x0098E5CB+2155979]
	Ordinal0 [0x0098E6F5+2156277]
	Ordinal0 [0x0099F26E+2224750]
	BaseThreadInitThunk [0x77026359+25]
	RtlGetAppContainerNamedObjectPath [0x77BD8944+228]
	RtlGetAppContainerNamedObjectPath [0x77BD8914+180]

	at org.openqa.selenium.remote.W3CHandshakeResponse.lambda$errorHandler$0(W3CHandshakeResponse.java:62)
	at org.openqa.selenium.remote.HandshakeResponse.lambda$getResponseFunction$0(HandshakeResponse.java:30)
	at org.openqa.selenium.remote.ProtocolHandshake.lambda$createSession$0(ProtocolHandshake.java:126)
	at org.openqa.selenium.remote.ProtocolHandshake.createSession(ProtocolHandshake.java:128)
	at org.openqa.selenium.remote.ProtocolHandshake.createSession(ProtocolHandshake.java:74)
	at org.openqa.selenium.remote.HttpCommandExecutor.execute(HttpCommandExecutor.java:136)
	at org.openqa.selenium.remote.service.DriverCommandExecutor.execute(DriverCommandExecutor.java:83)
	at org.openqa.selenium.remote.RemoteWebDriver.execute(RemoteWebDriver.java:552)
	at com.kms.katalon.selenium.driver.CChromeDriver.execute(CChromeDriver.java:19)
	at org.openqa.selenium.remote.RemoteWebDriver.startSession(RemoteWebDriver.java:213)
	at org.openqa.selenium.remote.RemoteWebDriver.<init>(RemoteWebDriver.java:131)
	at org.openqa.selenium.chrome.ChromeDriver.<init>(ChromeDriver.java:181)
	at org.openqa.selenium.chrome.ChromeDriver.<init>(ChromeDriver.java:147)
	at com.kms.katalon.selenium.driver.CChromeDriver.<init>(CChromeDriver.java:13)
	at com.kms.katalon.core.webui.driver.DriverFactory.createNewChromeDriver(DriverFactory.java:400)
	at com.kms.katalon.core.webui.driver.DriverFactory.startNewBrowser(DriverFactory.java:358)
	at com.kms.katalon.core.webui.driver.DriverFactory.openWebDriver(DriverFactory.java:245)
	at com.kms.katalon.core.webui.keyword.builtin.OpenBrowserKeyword$_openBrowser_closure1.doCall(OpenBrowserKeyword.groovy:74)
	at com.kms.katalon.core.webui.keyword.builtin.OpenBrowserKeyword$_openBrowser_closure1.call(OpenBrowserKeyword.groovy)
	at com.kms.katalon.core.webui.keyword.internal.WebUIKeywordMain.runKeyword(WebUIKeywordMain.groovy:20)
	at com.kms.katalon.core.webui.keyword.builtin.OpenBrowserKeyword.openBrowser(OpenBrowserKeyword.groovy:81)
	at com.kms.katalon.core.webui.keyword.builtin.OpenBrowserKeyword.execute(OpenBrowserKeyword.groovy:67)
	at com.kms.katalon.core.keyword.internal.KeywordExecutor.executeKeywordForPlatform(KeywordExecutor.groovy:73)
	at com.kms.katalon.core.webui.keyword.WebUiBuiltInKeywords.openBrowser(WebUiBuiltInKeywords.groovy:61)
	at com.kms.katalon.core.webui.keyword.WebUiBuiltInKeywords$openBrowser.call(Unknown Source)
	at customKeywords.commanFunctions.openBrowser(commanFunctions.groovy:47)
	at customKeywords.commanFunctions.uploadFileOfRegisterUser(commanFunctions.groovy:747)
	at customKeywords.commanFunctions.invokeMethod(commanFunctions.groovy)
	at com.kms.katalon.core.main.CustomKeywordDelegatingMetaClass.invokeStaticMethod(CustomKeywordDelegatingMetaClass.java:50)
	at Script1613387745322.run(Script1613387745322.groovy:16)
	... 13 more
)

2021-02-19 16:46:30 - [MESSAGE][FAILED] - Unable to open browser with url: 'https://Inspect.Stage.site.sa'

2021-02-19 16:46:30 - [TEST_STEP][PASSED] - Start tear down : tearDownMethodIfFailed: Method 'tearDownMethodIfFailed' complete successfully

2021-02-19 16:46:30 - [TEST_STEP][PASSED] - customKeywords.commanFunctions.onlyCloseBrowser(): customKeywords.commanFunctions.onlyCloseBrowser is PASSED

2021-02-19 16:46:30 - [MESSAGE][PASSED] - Browser is closed

2021-02-19 16:46:30 - [MESSAGE][PASSED] - customKeywords.commanFunctions.onlyCloseBrowser is PASSED

2021-02-19 16:46:30 - [TEST_STEP][PASSED] - logInfo("[--------This is tearDownIfFailed method------]"): [--------This is tearDownIfFailed method------]

2021-02-19 16:46:30 - [MESSAGE][INFO] - [--------This is tearDownIfFailed method------]

2021-02-19 16:46:30 - [MESSAGE][PASSED] - Method 'tearDownMethodIfFailed' complete successfully]]></system-out>
         <system-err><![CDATA[2021-02-19 16:46:26 - [TEST_CASE][FAILED] - Test Cases/UploadDiffFiles_RegisterUser/TC_As a register user, Upload Microsoft Word File and verify Uploded file in Submission Page: Test Cases/UploadDiffFiles_RegisterUser/TC_As a register user, Upload Microsoft Word File and verify Uploded file in Submission Page FAILED.
Reason:
com.kms.katalon.core.exception.StepFailedException: Unable to open browser with url: 'https://Inspect.Stage.site.sa'
	at com.kms.katalon.core.webui.keyword.internal.WebUIKeywordMain.stepFailed(WebUIKeywordMain.groovy:64)
	at com.kms.katalon.core.webui.keyword.internal.WebUIKeywordMain.runKeyword(WebUIKeywordMain.groovy:26)
	at com.kms.katalon.core.webui.keyword.builtin.OpenBrowserKeyword.openBrowser(OpenBrowserKeyword.groovy:81)
	at com.kms.katalon.core.webui.keyword.builtin.OpenBrowserKeyword.execute(OpenBrowserKeyword.groovy:67)
	at com.kms.katalon.core.keyword.internal.KeywordExecutor.executeKeywordForPlatform(KeywordExecutor.groovy:73)
	at com.kms.katalon.core.webui.keyword.WebUiBuiltInKeywords.openBrowser(WebUiBuiltInKeywords.groovy:61)
	at com.kms.katalon.core.webui.keyword.WebUiBuiltInKeywords$openBrowser.call(Unknown Source)
	at customKeywords.commanFunctions.openBrowser(commanFunctions.groovy:47)
	at customKeywords.commanFunctions.uploadFileOfRegisterUser(commanFunctions.groovy:747)
	at customKeywords.commanFunctions.invokeMethod(commanFunctions.groovy)
	at com.kms.katalon.core.main.CustomKeywordDelegatingMetaClass.invokeStaticMethod(CustomKeywordDelegatingMetaClass.java:50)
	at TC_As a register user, Upload Microsoft Word File and verify Uploded file in Submission Page.run(TC_As a register user, Upload Microsoft Word File and verify Uploded file in Submission Page:16)
	at com.kms.katalon.core.main.ScriptEngine.run(ScriptEngine.java:194)
	at com.kms.katalon.core.main.ScriptEngine.runScriptAsRawText(ScriptEngine.java:119)
	at com.kms.katalon.core.main.TestCaseExecutor.runScript(TestCaseExecutor.java:394)
	at com.kms.katalon.core.main.TestCaseExecutor.doExecute(TestCaseExecutor.java:385)
	at com.kms.katalon.core.main.TestCaseExecutor.processExecutionPhase(TestCaseExecutor.java:364)
	at com.kms.katalon.core.main.TestCaseExecutor.accessMainPhase(TestCaseExecutor.java:356)
	at com.kms.katalon.core.main.TestCaseExecutor.execute(TestCaseExecutor.java:251)
	at com.kms.katalon.core.main.TestSuiteExecutor.accessTestCaseMainPhase(TestSuiteExecutor.java:203)
	at com.kms.katalon.core.main.TestSuiteExecutor.accessTestSuiteMainPhase(TestSuiteExecutor.java:152)
	at com.kms.katalon.core.main.TestSuiteExecutor.execute(TestSuiteExecutor.java:95)
	at com.kms.katalon.core.main.TestCaseMain.startTestSuite(TestCaseMain.java:157)
	at com.kms.katalon.core.main.TestCaseMain$startTestSuite$0.call(Unknown Source)
	at TempTestSuite1613733199540.run(TempTestSuite1613733199540.groovy:39)
Caused by: org.openqa.selenium.SessionNotCreatedException: session not created
from no such window: window was already closed
  (Session info: chrome=86.0.4240.75)
Build info: version: '3.141.59', revision: 'e82be7d358', time: '2018-11-14T08:25:53'
System info: host: 'OMTPGCN1132568L', ip: '192.168.1.1', os.name: 'Windows 10', os.arch: 'amd64', os.version: '10.0', java.version: '1.8.0_181'
Driver info: driver.version: CChromeDriver
remote stacktrace: Backtrace:
	Ordinal0 [0x00A8C013+3194899]
	Ordinal0 [0x00976021+2056225]
	Ordinal0 [0x0080F608+587272]
	Ordinal0 [0x00806587+550279]
	Ordinal0 [0x00807175+553333]
	Ordinal0 [0x0080241E+533534]
	Ordinal0 [0x00810620+591392]
	Ordinal0 [0x007B2A0C+207372]
	Ordinal0 [0x007B1D0D+204045]
	Ordinal0 [0x007AFC1B+195611]
	Ordinal0 [0x00793B7F+80767]
	Ordinal0 [0x00794B4E+84814]
	Ordinal0 [0x00794AD9+84697]
	Ordinal0 [0x0098CE64+2149988]
	GetHandleVerifier [0x00BFBE95+1400773]
	GetHandleVerifier [0x00BFBB61+1399953]
	GetHandleVerifier [0x00C031FA+1430314]
	GetHandleVerifier [0x00BFC69F+1402831]
	Ordinal0 [0x00983D61+2112865]
	Ordinal0 [0x0098E5CB+2155979]
	Ordinal0 [0x0098E6F5+2156277]
	Ordinal0 [0x0099F26E+2224750]
	BaseThreadInitThunk [0x77026359+25]
	RtlGetAppContainerNamedObjectPath [0x77BD8944+228]
	RtlGetAppContainerNamedObjectPath [0x77BD8914+180]

	at org.openqa.selenium.remote.W3CHandshakeResponse.lambda$errorHandler$0(W3CHandshakeResponse.java:62)
	at org.openqa.selenium.remote.HandshakeResponse.lambda$getResponseFunction$0(HandshakeResponse.java:30)
	at org.openqa.selenium.remote.ProtocolHandshake.lambda$createSession$0(ProtocolHandshake.java:126)
	at org.openqa.selenium.remote.ProtocolHandshake.createSession(ProtocolHandshake.java:128)
	at org.openqa.selenium.remote.ProtocolHandshake.createSession(ProtocolHandshake.java:74)
	at org.openqa.selenium.remote.HttpCommandExecutor.execute(HttpCommandExecutor.java:136)
	at org.openqa.selenium.remote.service.DriverCommandExecutor.execute(DriverCommandExecutor.java:83)
	at org.openqa.selenium.remote.RemoteWebDriver.execute(RemoteWebDriver.java:552)
	at com.kms.katalon.selenium.driver.CChromeDriver.execute(CChromeDriver.java:19)
	at org.openqa.selenium.remote.RemoteWebDriver.startSession(RemoteWebDriver.java:213)
	at org.openqa.selenium.remote.RemoteWebDriver.<init>(RemoteWebDriver.java:131)
	at org.openqa.selenium.chrome.ChromeDriver.<init>(ChromeDriver.java:181)
	at org.openqa.selenium.chrome.ChromeDriver.<init>(ChromeDriver.java:147)
	at com.kms.katalon.selenium.driver.CChromeDriver.<init>(CChromeDriver.java:13)
	at com.kms.katalon.core.webui.driver.DriverFactory.createNewChromeDriver(DriverFactory.java:400)
	at com.kms.katalon.core.webui.driver.DriverFactory.startNewBrowser(DriverFactory.java:358)
	at com.kms.katalon.core.webui.driver.DriverFactory.openWebDriver(DriverFactory.java:245)
	at com.kms.katalon.core.webui.keyword.builtin.OpenBrowserKeyword$_openBrowser_closure1.doCall(OpenBrowserKeyword.groovy:74)
	at com.kms.katalon.core.webui.keyword.builtin.OpenBrowserKeyword$_openBrowser_closure1.call(OpenBrowserKeyword.groovy)
	at com.kms.katalon.core.webui.keyword.internal.WebUIKeywordMain.runKeyword(WebUIKeywordMain.groovy:20)
	... 23 more]]></system-err>
      </testcase>
      <testcase name="Test Cases/UploadDiffFiles_RegisterUser/TC_As a register user, Upload MS Access database File and verify Uploded file in Submission Page" time="14.768" classname="Test Cases/UploadDiffFiles_RegisterUser/TC_As a register user, Upload MS Access database File and verify Uploded file in Submission Page" status="FAILED">
         <failure type="FAILED" message="Test Cases/UploadDiffFiles_RegisterUser/TC_As a register user, Upload MS Access database File and verify Uploded file in Submission Page FAILED.
Reason:
com.kms.katalon.core.exception.StepFailedException: Unable to send keys 'Test@12345' to object 'Object Repository/LoginAndRigisterUser/Password_Input'
	at com.kms.katalon.core.webui.keyword.internal.WebUIKeywordMain.stepFailed(WebUIKeywordMain.groovy:64)
	at com.kms.katalon.core.webui.keyword.internal.WebUIKeywordMain.runKeyword(WebUIKeywordMain.groovy:26)
	at com.kms.katalon.core.webui.keyword.builtin.SendKeysKeyword.sendKeys(SendKeysKeyword.groovy:60)
	at com.kms.katalon.core.webui.keyword.builtin.SendKeysKeyword.execute(SendKeysKeyword.groovy:38)
	at com.kms.katalon.core.keyword.internal.KeywordExecutor.executeKeywordForPlatform(KeywordExecutor.groovy:73)
	at com.kms.katalon.core.webui.keyword.WebUiBuiltInKeywords.sendKeys(WebUiBuiltInKeywords.groovy:861)
	at com.kms.katalon.core.webui.keyword.WebUiBuiltInKeywords$sendKeys$4.call(Unknown Source)
	at customKeywords.commanFunctions.logIntoBrowserWithReqCredentials(commanFunctions.groovy:70)
	at customKeywords.commanFunctions.uploadFileOfRegisterUser(commanFunctions.groovy:753)
	at customKeywords.commanFunctions.invokeMethod(commanFunctions.groovy)
	at com.kms.katalon.core.main.CustomKeywordDelegatingMetaClass.invokeStaticMethod(CustomKeywordDelegatingMetaClass.java:50)
	at TC_As a register user, Upload MS Access database File and verify Uploded file in Submission Page.run(TC_As a register user, Upload MS Access database File and verify Uploded file in Submission Page:16)
	at com.kms.katalon.core.main.ScriptEngine.run(ScriptEngine.java:194)
	at com.kms.katalon.core.main.ScriptEngine.runScriptAsRawText(ScriptEngine.java:119)
	at com.kms.katalon.core.main.TestCaseExecutor.runScript(TestCaseExecutor.java:394)
	at com.kms.katalon.core.main.TestCaseExecutor.doExecute(TestCaseExecutor.java:385)
	at com.kms.katalon.core.main.TestCaseExecutor.processExecutionPhase(TestCaseExecutor.java:364)
	at com.kms.katalon.core.main.TestCaseExecutor.accessMainPhase(TestCaseExecutor.java:356)
	at com.kms.katalon.core.main.TestCaseExecutor.execute(TestCaseExecutor.java:251)
	at com.kms.katalon.core.main.TestSuiteExecutor.accessTestCaseMainPhase(TestSuiteExecutor.java:203)
	at com.kms.katalon.core.main.TestSuiteExecutor.accessTestSuiteMainPhase(TestSuiteExecutor.java:152)
	at com.kms.katalon.core.main.TestSuiteExecutor.execute(TestSuiteExecutor.java:95)
	at com.kms.katalon.core.main.TestCaseMain.startTestSuite(TestCaseMain.java:157)
	at com.kms.katalon.core.main.TestCaseMain$startTestSuite$0.call(Unknown Source)
	at TempTestSuite1613733199540.run(TempTestSuite1613733199540.groovy:39)
Caused by: org.openqa.selenium.NoSuchWindowException: no such window: target window already closed
from unknown error: web view not found
  (Session info: chrome=86.0.4240.75)
Build info: version: '3.141.59', revision: 'e82be7d358', time: '2018-11-14T08:25:53'
System info: host: 'OMTPGCN1132568L', ip: '192.168.1.1', os.name: 'Windows 10', os.arch: 'amd64', os.version: '10.0', java.version: '1.8.0_181'
Driver info: com.kms.katalon.selenium.driver.CChromeDriver
Capabilities {acceptInsecureCerts: false, browserName: chrome, browserVersion: 86.0.4240.75, chrome: {chromedriverVersion: 86.0.4240.22 (398b0743353ff..., userDataDir: C:\Users\ashok\AppData\Loca...}, goog:chromeOptions: {debuggerAddress: localhost:50876}, javascriptEnabled: true, networkConnectionEnabled: false, pageLoadStrategy: normal, platform: WINDOWS, platformName: WINDOWS, proxy: Proxy(), setWindowRect: true, strictFileInteractability: false, timeouts: {implicit: 0, pageLoad: 300000, script: 30000}, unhandledPromptBehavior: dismiss and notify, webauthn:virtualAuthenticators: true}
Session ID: 26d30223ca28280a7b6d474dac670546
*** Element info: {Using=xpath, value=//app-header/nz-layout[1]/nz-content[1]/app-login[1]/div[2]/div[1]/form[1]/nz-form-item[2]/nz-form-control[1]/div[1]/span[1]/nz-input-group[1]/input[1]}
	at org.openqa.selenium.remote.http.W3CHttpResponseCodec.createException(W3CHttpResponseCodec.java:187)
	at org.openqa.selenium.remote.http.W3CHttpResponseCodec.decode(W3CHttpResponseCodec.java:122)
	at org.openqa.selenium.remote.http.W3CHttpResponseCodec.decode(W3CHttpResponseCodec.java:49)
	at org.openqa.selenium.remote.HttpCommandExecutor.execute(HttpCommandExecutor.java:158)
	at org.openqa.selenium.remote.service.DriverCommandExecutor.execute(DriverCommandExecutor.java:83)
	at org.openqa.selenium.remote.RemoteWebDriver.execute(RemoteWebDriver.java:552)
	at com.kms.katalon.selenium.driver.CChromeDriver.execute(CChromeDriver.java:19)
	at org.openqa.selenium.remote.RemoteWebDriver.findElements(RemoteWebDriver.java:353)
	at org.openqa.selenium.remote.RemoteWebDriver.findElementsByXPath(RemoteWebDriver.java:432)
	at org.openqa.selenium.By$ByXPath.findElements(By.java:348)
	at org.openqa.selenium.remote.RemoteWebDriver.findElements(RemoteWebDriver.java:311)
	at org.openqa.selenium.support.events.EventFiringWebDriver.lambda$new$1(EventFiringWebDriver.java:105)
	at com.sun.proxy.$Proxy11.findElements(Unknown Source)
	at org.openqa.selenium.support.events.EventFiringWebDriver.findElements(EventFiringWebDriver.java:182)
	at com.kms.katalon.core.webui.common.WebUiCommonHelper.findElementByNormalMethods(WebUiCommonHelper.java:1014)
	at com.kms.katalon.core.webui.common.WebUiCommonHelper.findElementsBySelectedMethod(WebUiCommonHelper.java:903)
	at com.kms.katalon.core.webui.common.WebUiCommonHelper.findElementsBySelectedMethod(WebUiCommonHelper.java:892)
	at com.kms.katalon.core.webui.common.WebUiCommonHelper.findElementsBySelectedMethod(WebUiCommonHelper.java:887)
	at com.kms.katalon.core.webui.common.WebUiCommonHelper.findElementsByDefault(WebUiCommonHelper.java:883)
	at com.kms.katalon.core.webui.common.WebUiCommonHelper.findElementsWithSelfHealing(WebUiCommonHelper.java:733)
	at com.kms.katalon.core.webui.common.WebUiCommonHelper.findWebElements(WebUiCommonHelper.java:718)
	at com.kms.katalon.core.webui.common.WebUiCommonHelper.findWebElement(WebUiCommonHelper.java:1364)
	at com.kms.katalon.core.webui.keyword.internal.WebUIAbstractKeyword.findWebElement(WebUIAbstractKeyword.groovy:27)
	at com.kms.katalon.core.webui.keyword.internal.WebUIAbstractKeyword.findWebElement(WebUIAbstractKeyword.groovy:26)
	at com.kms.katalon.core.webui.keyword.builtin.SendKeysKeyword$_sendKeys_closure1.doCall(SendKeysKeyword.groovy:52)
	at com.kms.katalon.core.webui.keyword.builtin.SendKeysKeyword$_sendKeys_closure1.call(SendKeysKeyword.groovy)
	at com.kms.katalon.core.webui.keyword.internal.WebUIKeywordMain.runKeyword(WebUIKeywordMain.groovy:20)
	... 23 more
"/>
         <system-out><![CDATA[2021-02-19 16:46:30 - [TEST_CASE][FAILED] - Test Cases/UploadDiffFiles_RegisterUser/TC_As a register user, Upload MS Access database File and verify Uploded file in Submission Page: Test Cases/UploadDiffFiles_RegisterUser/TC_As a register user, Upload MS Access database File and verify Uploded file in Submission Page FAILED.
Reason:
com.kms.katalon.core.exception.StepFailedException: Unable to send keys 'Test@12345' to object 'Object Repository/LoginAndRigisterUser/Password_Input'
	at com.kms.katalon.core.webui.keyword.internal.WebUIKeywordMain.stepFailed(WebUIKeywordMain.groovy:64)
	at com.kms.katalon.core.webui.keyword.internal.WebUIKeywordMain.runKeyword(WebUIKeywordMain.groovy:26)
	at com.kms.katalon.core.webui.keyword.builtin.SendKeysKeyword.sendKeys(SendKeysKeyword.groovy:60)
	at com.kms.katalon.core.webui.keyword.builtin.SendKeysKeyword.execute(SendKeysKeyword.groovy:38)
	at com.kms.katalon.core.keyword.internal.KeywordExecutor.executeKeywordForPlatform(KeywordExecutor.groovy:73)
	at com.kms.katalon.core.webui.keyword.WebUiBuiltInKeywords.sendKeys(WebUiBuiltInKeywords.groovy:861)
	at com.kms.katalon.core.webui.keyword.WebUiBuiltInKeywords$sendKeys$4.call(Unknown Source)
	at customKeywords.commanFunctions.logIntoBrowserWithReqCredentials(commanFunctions.groovy:70)
	at customKeywords.commanFunctions.uploadFileOfRegisterUser(commanFunctions.groovy:753)
	at customKeywords.commanFunctions.invokeMethod(commanFunctions.groovy)
	at com.kms.katalon.core.main.CustomKeywordDelegatingMetaClass.invokeStaticMethod(CustomKeywordDelegatingMetaClass.java:50)
	at TC_As a register user, Upload MS Access database File and verify Uploded file in Submission Page.run(TC_As a register user, Upload MS Access database File and verify Uploded file in Submission Page:16)
	at com.kms.katalon.core.main.ScriptEngine.run(ScriptEngine.java:194)
	at com.kms.katalon.core.main.ScriptEngine.runScriptAsRawText(ScriptEngine.java:119)
	at com.kms.katalon.core.main.TestCaseExecutor.runScript(TestCaseExecutor.java:394)
	at com.kms.katalon.core.main.TestCaseExecutor.doExecute(TestCaseExecutor.java:385)
	at com.kms.katalon.core.main.TestCaseExecutor.processExecutionPhase(TestCaseExecutor.java:364)
	at com.kms.katalon.core.main.TestCaseExecutor.accessMainPhase(TestCaseExecutor.java:356)
	at com.kms.katalon.core.main.TestCaseExecutor.execute(TestCaseExecutor.java:251)
	at com.kms.katalon.core.main.TestSuiteExecutor.accessTestCaseMainPhase(TestSuiteExecutor.java:203)
	at com.kms.katalon.core.main.TestSuiteExecutor.accessTestSuiteMainPhase(TestSuiteExecutor.java:152)
	at com.kms.katalon.core.main.TestSuiteExecutor.execute(TestSuiteExecutor.java:95)
	at com.kms.katalon.core.main.TestCaseMain.startTestSuite(TestCaseMain.java:157)
	at com.kms.katalon.core.main.TestCaseMain$startTestSuite$0.call(Unknown Source)
	at TempTestSuite1613733199540.run(TempTestSuite1613733199540.groovy:39)
Caused by: org.openqa.selenium.NoSuchWindowException: no such window: target window already closed
from unknown error: web view not found
  (Session info: chrome=86.0.4240.75)
Build info: version: '3.141.59', revision: 'e82be7d358', time: '2018-11-14T08:25:53'
System info: host: 'OMTPGCN1132568L', ip: '192.168.1.1', os.name: 'Windows 10', os.arch: 'amd64', os.version: '10.0', java.version: '1.8.0_181'
Driver info: com.kms.katalon.selenium.driver.CChromeDriver
Capabilities {acceptInsecureCerts: false, browserName: chrome, browserVersion: 86.0.4240.75, chrome: {chromedriverVersion: 86.0.4240.22 (398b0743353ff..., userDataDir: C:\Users\ashok\AppData\Loca...}, goog:chromeOptions: {debuggerAddress: localhost:50876}, javascriptEnabled: true, networkConnectionEnabled: false, pageLoadStrategy: normal, platform: WINDOWS, platformName: WINDOWS, proxy: Proxy(), setWindowRect: true, strictFileInteractability: false, timeouts: {implicit: 0, pageLoad: 300000, script: 30000}, unhandledPromptBehavior: dismiss and notify, webauthn:virtualAuthenticators: true}
Session ID: 26d30223ca28280a7b6d474dac670546
*** Element info: {Using=xpath, value=//app-header/nz-layout[1]/nz-content[1]/app-login[1]/div[2]/div[1]/form[1]/nz-form-item[2]/nz-form-control[1]/div[1]/span[1]/nz-input-group[1]/input[1]}
	at org.openqa.selenium.remote.http.W3CHttpResponseCodec.createException(W3CHttpResponseCodec.java:187)
	at org.openqa.selenium.remote.http.W3CHttpResponseCodec.decode(W3CHttpResponseCodec.java:122)
	at org.openqa.selenium.remote.http.W3CHttpResponseCodec.decode(W3CHttpResponseCodec.java:49)
	at org.openqa.selenium.remote.HttpCommandExecutor.execute(HttpCommandExecutor.java:158)
	at org.openqa.selenium.remote.service.DriverCommandExecutor.execute(DriverCommandExecutor.java:83)
	at org.openqa.selenium.remote.RemoteWebDriver.execute(RemoteWebDriver.java:552)
	at com.kms.katalon.selenium.driver.CChromeDriver.execute(CChromeDriver.java:19)
	at org.openqa.selenium.remote.RemoteWebDriver.findElements(RemoteWebDriver.java:353)
	at org.openqa.selenium.remote.RemoteWebDriver.findElementsByXPath(RemoteWebDriver.java:432)
	at org.openqa.selenium.By$ByXPath.findElements(By.java:348)
	at org.openqa.selenium.remote.RemoteWebDriver.findElements(RemoteWebDriver.java:311)
	at org.openqa.selenium.support.events.EventFiringWebDriver.lambda$new$1(EventFiringWebDriver.java:105)
	at com.sun.proxy.$Proxy11.findElements(Unknown Source)
	at org.openqa.selenium.support.events.EventFiringWebDriver.findElements(EventFiringWebDriver.java:182)
	at com.kms.katalon.core.webui.common.WebUiCommonHelper.findElementByNormalMethods(WebUiCommonHelper.java:1014)
	at com.kms.katalon.core.webui.common.WebUiCommonHelper.findElementsBySelectedMethod(WebUiCommonHelper.java:903)
	at com.kms.katalon.core.webui.common.WebUiCommonHelper.findElementsBySelectedMethod(WebUiCommonHelper.java:892)
	at com.kms.katalon.core.webui.common.WebUiCommonHelper.findElementsBySelectedMethod(WebUiCommonHelper.java:887)
	at com.kms.katalon.core.webui.common.WebUiCommonHelper.findElementsByDefault(WebUiCommonHelper.java:883)
	at com.kms.katalon.core.webui.common.WebUiCommonHelper.findElementsWithSelfHealing(WebUiCommonHelper.java:733)
	at com.kms.katalon.core.webui.common.WebUiCommonHelper.findWebElements(WebUiCommonHelper.java:718)
	at com.kms.katalon.core.webui.common.WebUiCommonHelper.findWebElement(WebUiCommonHelper.java:1364)
	at com.kms.katalon.core.webui.keyword.internal.WebUIAbstractKeyword.findWebElement(WebUIAbstractKeyword.groovy:27)
	at com.kms.katalon.core.webui.keyword.internal.WebUIAbstractKeyword.findWebElement(WebUIAbstractKeyword.groovy:26)
	at com.kms.katalon.core.webui.keyword.builtin.SendKeysKeyword$_sendKeys_closure1.doCall(SendKeysKeyword.groovy:52)
	at com.kms.katalon.core.webui.keyword.builtin.SendKeysKeyword$_sendKeys_closure1.call(SendKeysKeyword.groovy)
	at com.kms.katalon.core.webui.keyword.internal.WebUIKeywordMain.runKeyword(WebUIKeywordMain.groovy:20)
	... 23 more


2021-02-19 16:46:30 - [TEST_STEP][PASSED] - excelTestData = findTestData("Data Files/TestData/InspectTestData"): null

2021-02-19 16:46:30 - [TEST_STEP][PASSED] - rigisterUN = excelTestData.getValue(6, 23): null

2021-02-19 16:46:30 - [TEST_STEP][PASSED] - rigisterPW = excelTestData.getValue(3, 23): null

2021-02-19 16:46:30 - [TEST_STEP][FAILED] - customKeywords.commanFunctions.uploadFileOfRegisterUser(305, rigisterUN, rigisterPW): Unable to send keys 'Test@12345' to object 'Object Repository/LoginAndRigisterUser/Password_Input'

2021-02-19 16:46:30 - [MESSAGE][INFO] - Starting 'Chrome' driver

2021-02-19 16:46:30 - [MESSAGE][INFO] - Action delay is set to 0 milliseconds

2021-02-19 16:46:40 - [MESSAGE][PASSED] - Browser is opened with url: 'https://Inspect.Stage.site.sa'

2021-02-19 16:46:42 - [MESSAGE][PASSED] - Current window maximized

2021-02-19 16:46:42 - [MESSAGE][PASSED] - Wait for page load successfully

2021-02-19 16:46:43 - [MESSAGE][PASSED] - Object 'Object Repository/LoginAndRigisterUser/LoginLink' is clickable

2021-02-19 16:46:43 - [MESSAGE][INFO] - Clicked on element with JS

2021-02-19 16:46:44 - [MESSAGE][PASSED] - Keys 'Os-anelapatla@projects.site.sa' sent to object: 'Object Repository/LoginAndRigisterUser/UserName_Email_Input'

2021-02-19 16:46:44 - [MESSAGE][WARNING] - [SELF-HEALING] Failed to find element with id 'Object Repository/LoginAndRigisterUser/Password_Input'. Try using Self-healing.

2021-02-19 16:46:44 - [MESSAGE][ERROR] - [SELF-HEALING] java.lang.IllegalStateException: Expected BEGIN_OBJECT but was STRING at line 1 column 1 path $

2021-02-19 16:46:44 - [MESSAGE][WARNING] - [SELF-HEALING] Cannot find elements when the XPath is null.

2021-02-19 16:46:44 - [MESSAGE][WARNING] - [SELF-HEALING] Cannot find elements when the selector is null

2021-02-19 16:46:44 - [MESSAGE][WARNING] - Cannot take screenshot

2021-02-19 16:46:44 - [MESSAGE][FAILED] - Unable to send keys 'Test@12345' to object 'Object Repository/LoginAndRigisterUser/Password_Input' (Root cause: com.kms.katalon.core.exception.StepFailedException: Unable to send keys 'Test@12345' to object 'Object Repository/LoginAndRigisterUser/Password_Input'
	at com.kms.katalon.core.webui.keyword.internal.WebUIKeywordMain.stepFailed(WebUIKeywordMain.groovy:64)
	at com.kms.katalon.core.webui.keyword.internal.WebUIKeywordMain.runKeyword(WebUIKeywordMain.groovy:26)
	at com.kms.katalon.core.webui.keyword.builtin.SendKeysKeyword.sendKeys(SendKeysKeyword.groovy:60)
	at com.kms.katalon.core.webui.keyword.builtin.SendKeysKeyword.execute(SendKeysKeyword.groovy:38)
	at com.kms.katalon.core.keyword.internal.KeywordExecutor.executeKeywordForPlatform(KeywordExecutor.groovy:73)
	at com.kms.katalon.core.webui.keyword.WebUiBuiltInKeywords.sendKeys(WebUiBuiltInKeywords.groovy:861)
	at com.kms.katalon.core.webui.keyword.WebUiBuiltInKeywords$sendKeys$4.call(Unknown Source)
	at customKeywords.commanFunctions.logIntoBrowserWithReqCredentials(commanFunctions.groovy:70)
	at customKeywords.commanFunctions.uploadFileOfRegisterUser(commanFunctions.groovy:753)
	at customKeywords.commanFunctions.invokeMethod(commanFunctions.groovy)
	at com.kms.katalon.core.main.CustomKeywordDelegatingMetaClass.invokeStaticMethod(CustomKeywordDelegatingMetaClass.java:50)
	at TC_As a register user, Upload MS Access database File and verify Uploded file in Submission Page.run(TC_As a register user, Upload MS Access database File and verify Uploded file in Submission Page:16)
	at com.kms.katalon.core.main.ScriptEngine.run(ScriptEngine.java:194)
	at com.kms.katalon.core.main.ScriptEngine.runScriptAsRawText(ScriptEngine.java:119)
	at com.kms.katalon.core.main.TestCaseExecutor.runScript(TestCaseExecutor.java:394)
	at com.kms.katalon.core.main.TestCaseExecutor.doExecute(TestCaseExecutor.java:385)
	at com.kms.katalon.core.main.TestCaseExecutor.processExecutionPhase(TestCaseExecutor.java:364)
	at com.kms.katalon.core.main.TestCaseExecutor.accessMainPhase(TestCaseExecutor.java:356)
	at com.kms.katalon.core.main.TestCaseExecutor.execute(TestCaseExecutor.java:251)
	at com.kms.katalon.core.main.TestSuiteExecutor.accessTestCaseMainPhase(TestSuiteExecutor.java:203)
	at com.kms.katalon.core.main.TestSuiteExecutor.accessTestSuiteMainPhase(TestSuiteExecutor.java:152)
	at com.kms.katalon.core.main.TestSuiteExecutor.execute(TestSuiteExecutor.java:95)
	at com.kms.katalon.core.main.TestCaseMain.startTestSuite(TestCaseMain.java:157)
	at com.kms.katalon.core.main.TestCaseMain$startTestSuite$0.call(Unknown Source)
	at TempTestSuite1613733199540.run(TempTestSuite1613733199540.groovy:39)
Caused by: org.openqa.selenium.NoSuchWindowException: no such window: target window already closed
from unknown error: web view not found
  (Session info: chrome=86.0.4240.75)
Build info: version: '3.141.59', revision: 'e82be7d358', time: '2018-11-14T08:25:53'
System info: host: 'OMTPGCN1132568L', ip: '192.168.1.1', os.name: 'Windows 10', os.arch: 'amd64', os.version: '10.0', java.version: '1.8.0_181'
Driver info: com.kms.katalon.selenium.driver.CChromeDriver
Capabilities {acceptInsecureCerts: false, browserName: chrome, browserVersion: 86.0.4240.75, chrome: {chromedriverVersion: 86.0.4240.22 (398b0743353ff..., userDataDir: C:\Users\ashok\AppData\Loca...}, goog:chromeOptions: {debuggerAddress: localhost:50876}, javascriptEnabled: true, networkConnectionEnabled: false, pageLoadStrategy: normal, platform: WINDOWS, platformName: WINDOWS, proxy: Proxy(), setWindowRect: true, strictFileInteractability: false, timeouts: {implicit: 0, pageLoad: 300000, script: 30000}, unhandledPromptBehavior: dismiss and notify, webauthn:virtualAuthenticators: true}
Session ID: 26d30223ca28280a7b6d474dac670546
*** Element info: {Using=xpath, value=//app-header/nz-layout[1]/nz-content[1]/app-login[1]/div[2]/div[1]/form[1]/nz-form-item[2]/nz-form-control[1]/div[1]/span[1]/nz-input-group[1]/input[1]}
	at org.openqa.selenium.remote.http.W3CHttpResponseCodec.createException(W3CHttpResponseCodec.java:187)
	at org.openqa.selenium.remote.http.W3CHttpResponseCodec.decode(W3CHttpResponseCodec.java:122)
	at org.openqa.selenium.remote.http.W3CHttpResponseCodec.decode(W3CHttpResponseCodec.java:49)
	at org.openqa.selenium.remote.HttpCommandExecutor.execute(HttpCommandExecutor.java:158)
	at org.openqa.selenium.remote.service.DriverCommandExecutor.execute(DriverCommandExecutor.java:83)
	at org.openqa.selenium.remote.RemoteWebDriver.execute(RemoteWebDriver.java:552)
	at com.kms.katalon.selenium.driver.CChromeDriver.execute(CChromeDriver.java:19)
	at org.openqa.selenium.remote.RemoteWebDriver.findElements(RemoteWebDriver.java:353)
	at org.openqa.selenium.remote.RemoteWebDriver.findElementsByXPath(RemoteWebDriver.java:432)
	at org.openqa.selenium.By$ByXPath.findElements(By.java:348)
	at org.openqa.selenium.remote.RemoteWebDriver.findElements(RemoteWebDriver.java:311)
	at org.openqa.selenium.support.events.EventFiringWebDriver.lambda$new$1(EventFiringWebDriver.java:105)
	at com.sun.proxy.$Proxy11.findElements(Unknown Source)
	at org.openqa.selenium.support.events.EventFiringWebDriver.findElements(EventFiringWebDriver.java:182)
	at com.kms.katalon.core.webui.common.WebUiCommonHelper.findElementByNormalMethods(WebUiCommonHelper.java:1014)
	at com.kms.katalon.core.webui.common.WebUiCommonHelper.findElementsBySelectedMethod(WebUiCommonHelper.java:903)
	at com.kms.katalon.core.webui.common.WebUiCommonHelper.findElementsBySelectedMethod(WebUiCommonHelper.java:892)
	at com.kms.katalon.core.webui.common.WebUiCommonHelper.findElementsBySelectedMethod(WebUiCommonHelper.java:887)
	at com.kms.katalon.core.webui.common.WebUiCommonHelper.findElementsByDefault(WebUiCommonHelper.java:883)
	at com.kms.katalon.core.webui.common.WebUiCommonHelper.findElementsWithSelfHealing(WebUiCommonHelper.java:733)
	at com.kms.katalon.core.webui.common.WebUiCommonHelper.findWebElements(WebUiCommonHelper.java:718)
	at com.kms.katalon.core.webui.common.WebUiCommonHelper.findWebElement(WebUiCommonHelper.java:1364)
	at com.kms.katalon.core.webui.keyword.internal.WebUIAbstractKeyword.findWebElement(WebUIAbstractKeyword.groovy:27)
	at com.kms.katalon.core.webui.keyword.internal.WebUIAbstractKeyword.findWebElement(WebUIAbstractKeyword.groovy:26)
	at com.kms.katalon.core.webui.keyword.builtin.SendKeysKeyword$_sendKeys_closure1.doCall(SendKeysKeyword.groovy:52)
	at com.kms.katalon.core.webui.keyword.builtin.SendKeysKeyword$_sendKeys_closure1.call(SendKeysKeyword.groovy)
	at com.kms.katalon.core.webui.keyword.internal.WebUIKeywordMain.runKeyword(WebUIKeywordMain.groovy:20)
	at com.kms.katalon.core.webui.keyword.builtin.SendKeysKeyword.sendKeys(SendKeysKeyword.groovy:60)
	at com.kms.katalon.core.webui.keyword.builtin.SendKeysKeyword.execute(SendKeysKeyword.groovy:38)
	at com.kms.katalon.core.keyword.internal.KeywordExecutor.executeKeywordForPlatform(KeywordExecutor.groovy:73)
	at com.kms.katalon.core.webui.keyword.WebUiBuiltInKeywords.sendKeys(WebUiBuiltInKeywords.groovy:861)
	at com.kms.katalon.core.webui.keyword.WebUiBuiltInKeywords$sendKeys$4.call(Unknown Source)
	at customKeywords.commanFunctions.logIntoBrowserWithReqCredentials(commanFunctions.groovy:70)
	at customKeywords.commanFunctions.uploadFileOfRegisterUser(commanFunctions.groovy:753)
	at customKeywords.commanFunctions.invokeMethod(commanFunctions.groovy)
	at com.kms.katalon.core.main.CustomKeywordDelegatingMetaClass.invokeStaticMethod(CustomKeywordDelegatingMetaClass.java:50)
	at Script1613386261436.run(Script1613386261436.groovy:16)
	... 13 more
)

2021-02-19 16:46:44 - [MESSAGE][FAILED] - Unable to send keys 'Test@12345' to object 'Object Repository/LoginAndRigisterUser/Password_Input'

2021-02-19 16:46:44 - [TEST_STEP][PASSED] - Start tear down : tearDownMethodIfFailed: Method 'tearDownMethodIfFailed' complete successfully

2021-02-19 16:46:44 - [TEST_STEP][PASSED] - customKeywords.commanFunctions.onlyCloseBrowser(): customKeywords.commanFunctions.onlyCloseBrowser is PASSED

2021-02-19 16:46:45 - [MESSAGE][PASSED] - Browser is closed

2021-02-19 16:46:45 - [MESSAGE][PASSED] - customKeywords.commanFunctions.onlyCloseBrowser is PASSED

2021-02-19 16:46:45 - [TEST_STEP][PASSED] - logInfo("[--------This is tearDownIfFailed method------]"): [--------This is tearDownIfFailed method------]

2021-02-19 16:46:45 - [MESSAGE][INFO] - [--------This is tearDownIfFailed method------]

2021-02-19 16:46:45 - [MESSAGE][PASSED] - Method 'tearDownMethodIfFailed' complete successfully]]></system-out>
         <system-err><![CDATA[2021-02-19 16:46:30 - [TEST_CASE][FAILED] - Test Cases/UploadDiffFiles_RegisterUser/TC_As a register user, Upload MS Access database File and verify Uploded file in Submission Page: Test Cases/UploadDiffFiles_RegisterUser/TC_As a register user, Upload MS Access database File and verify Uploded file in Submission Page FAILED.
Reason:
com.kms.katalon.core.exception.StepFailedException: Unable to send keys 'Test@12345' to object 'Object Repository/LoginAndRigisterUser/Password_Input'
	at com.kms.katalon.core.webui.keyword.internal.WebUIKeywordMain.stepFailed(WebUIKeywordMain.groovy:64)
	at com.kms.katalon.core.webui.keyword.internal.WebUIKeywordMain.runKeyword(WebUIKeywordMain.groovy:26)
	at com.kms.katalon.core.webui.keyword.builtin.SendKeysKeyword.sendKeys(SendKeysKeyword.groovy:60)
	at com.kms.katalon.core.webui.keyword.builtin.SendKeysKeyword.execute(SendKeysKeyword.groovy:38)
	at com.kms.katalon.core.keyword.internal.KeywordExecutor.executeKeywordForPlatform(KeywordExecutor.groovy:73)
	at com.kms.katalon.core.webui.keyword.WebUiBuiltInKeywords.sendKeys(WebUiBuiltInKeywords.groovy:861)
	at com.kms.katalon.core.webui.keyword.WebUiBuiltInKeywords$sendKeys$4.call(Unknown Source)
	at customKeywords.commanFunctions.logIntoBrowserWithReqCredentials(commanFunctions.groovy:70)
	at customKeywords.commanFunctions.uploadFileOfRegisterUser(commanFunctions.groovy:753)
	at customKeywords.commanFunctions.invokeMethod(commanFunctions.groovy)
	at com.kms.katalon.core.main.CustomKeywordDelegatingMetaClass.invokeStaticMethod(CustomKeywordDelegatingMetaClass.java:50)
	at TC_As a register user, Upload MS Access database File and verify Uploded file in Submission Page.run(TC_As a register user, Upload MS Access database File and verify Uploded file in Submission Page:16)
	at com.kms.katalon.core.main.ScriptEngine.run(ScriptEngine.java:194)
	at com.kms.katalon.core.main.ScriptEngine.runScriptAsRawText(ScriptEngine.java:119)
	at com.kms.katalon.core.main.TestCaseExecutor.runScript(TestCaseExecutor.java:394)
	at com.kms.katalon.core.main.TestCaseExecutor.doExecute(TestCaseExecutor.java:385)
	at com.kms.katalon.core.main.TestCaseExecutor.processExecutionPhase(TestCaseExecutor.java:364)
	at com.kms.katalon.core.main.TestCaseExecutor.accessMainPhase(TestCaseExecutor.java:356)
	at com.kms.katalon.core.main.TestCaseExecutor.execute(TestCaseExecutor.java:251)
	at com.kms.katalon.core.main.TestSuiteExecutor.accessTestCaseMainPhase(TestSuiteExecutor.java:203)
	at com.kms.katalon.core.main.TestSuiteExecutor.accessTestSuiteMainPhase(TestSuiteExecutor.java:152)
	at com.kms.katalon.core.main.TestSuiteExecutor.execute(TestSuiteExecutor.java:95)
	at com.kms.katalon.core.main.TestCaseMain.startTestSuite(TestCaseMain.java:157)
	at com.kms.katalon.core.main.TestCaseMain$startTestSuite$0.call(Unknown Source)
	at TempTestSuite1613733199540.run(TempTestSuite1613733199540.groovy:39)
Caused by: org.openqa.selenium.NoSuchWindowException: no such window: target window already closed
from unknown error: web view not found
  (Session info: chrome=86.0.4240.75)
Build info: version: '3.141.59', revision: 'e82be7d358', time: '2018-11-14T08:25:53'
System info: host: 'OMTPGCN1132568L', ip: '192.168.1.1', os.name: 'Windows 10', os.arch: 'amd64', os.version: '10.0', java.version: '1.8.0_181'
Driver info: com.kms.katalon.selenium.driver.CChromeDriver
Capabilities {acceptInsecureCerts: false, browserName: chrome, browserVersion: 86.0.4240.75, chrome: {chromedriverVersion: 86.0.4240.22 (398b0743353ff..., userDataDir: C:\Users\ashok\AppData\Loca...}, goog:chromeOptions: {debuggerAddress: localhost:50876}, javascriptEnabled: true, networkConnectionEnabled: false, pageLoadStrategy: normal, platform: WINDOWS, platformName: WINDOWS, proxy: Proxy(), setWindowRect: true, strictFileInteractability: false, timeouts: {implicit: 0, pageLoad: 300000, script: 30000}, unhandledPromptBehavior: dismiss and notify, webauthn:virtualAuthenticators: true}
Session ID: 26d30223ca28280a7b6d474dac670546
*** Element info: {Using=xpath, value=//app-header/nz-layout[1]/nz-content[1]/app-login[1]/div[2]/div[1]/form[1]/nz-form-item[2]/nz-form-control[1]/div[1]/span[1]/nz-input-group[1]/input[1]}
	at org.openqa.selenium.remote.http.W3CHttpResponseCodec.createException(W3CHttpResponseCodec.java:187)
	at org.openqa.selenium.remote.http.W3CHttpResponseCodec.decode(W3CHttpResponseCodec.java:122)
	at org.openqa.selenium.remote.http.W3CHttpResponseCodec.decode(W3CHttpResponseCodec.java:49)
	at org.openqa.selenium.remote.HttpCommandExecutor.execute(HttpCommandExecutor.java:158)
	at org.openqa.selenium.remote.service.DriverCommandExecutor.execute(DriverCommandExecutor.java:83)
	at org.openqa.selenium.remote.RemoteWebDriver.execute(RemoteWebDriver.java:552)
	at com.kms.katalon.selenium.driver.CChromeDriver.execute(CChromeDriver.java:19)
	at org.openqa.selenium.remote.RemoteWebDriver.findElements(RemoteWebDriver.java:353)
	at org.openqa.selenium.remote.RemoteWebDriver.findElementsByXPath(RemoteWebDriver.java:432)
	at org.openqa.selenium.By$ByXPath.findElements(By.java:348)
	at org.openqa.selenium.remote.RemoteWebDriver.findElements(RemoteWebDriver.java:311)
	at org.openqa.selenium.support.events.EventFiringWebDriver.lambda$new$1(EventFiringWebDriver.java:105)
	at com.sun.proxy.$Proxy11.findElements(Unknown Source)
	at org.openqa.selenium.support.events.EventFiringWebDriver.findElements(EventFiringWebDriver.java:182)
	at com.kms.katalon.core.webui.common.WebUiCommonHelper.findElementByNormalMethods(WebUiCommonHelper.java:1014)
	at com.kms.katalon.core.webui.common.WebUiCommonHelper.findElementsBySelectedMethod(WebUiCommonHelper.java:903)
	at com.kms.katalon.core.webui.common.WebUiCommonHelper.findElementsBySelectedMethod(WebUiCommonHelper.java:892)
	at com.kms.katalon.core.webui.common.WebUiCommonHelper.findElementsBySelectedMethod(WebUiCommonHelper.java:887)
	at com.kms.katalon.core.webui.common.WebUiCommonHelper.findElementsByDefault(WebUiCommonHelper.java:883)
	at com.kms.katalon.core.webui.common.WebUiCommonHelper.findElementsWithSelfHealing(WebUiCommonHelper.java:733)
	at com.kms.katalon.core.webui.common.WebUiCommonHelper.findWebElements(WebUiCommonHelper.java:718)
	at com.kms.katalon.core.webui.common.WebUiCommonHelper.findWebElement(WebUiCommonHelper.java:1364)
	at com.kms.katalon.core.webui.keyword.internal.WebUIAbstractKeyword.findWebElement(WebUIAbstractKeyword.groovy:27)
	at com.kms.katalon.core.webui.keyword.internal.WebUIAbstractKeyword.findWebElement(WebUIAbstractKeyword.groovy:26)
	at com.kms.katalon.core.webui.keyword.builtin.SendKeysKeyword$_sendKeys_closure1.doCall(SendKeysKeyword.groovy:52)
	at com.kms.katalon.core.webui.keyword.builtin.SendKeysKeyword$_sendKeys_closure1.call(SendKeysKeyword.groovy)
	at com.kms.katalon.core.webui.keyword.internal.WebUIKeywordMain.runKeyword(WebUIKeywordMain.groovy:20)
	... 23 more]]></system-err>
      </testcase>
      <testcase name="Test Cases/UploadDiffFiles_RegisterUser/TC_As a register user, Upload MS Works File and verify Uploded file in Submission Page" time="13.636" classname="Test Cases/UploadDiffFiles_RegisterUser/TC_As a register user, Upload MS Works File and verify Uploded file in Submission Page" status="FAILED">
         <failure type="FAILED" message="Test Cases/UploadDiffFiles_RegisterUser/TC_As a register user, Upload MS Works File and verify Uploded file in Submission Page FAILED.
Reason:
com.kms.katalon.core.exception.StepFailedException: Unable to open browser with url: 'https://Inspect.Stage.site.sa'
	at com.kms.katalon.core.webui.keyword.internal.WebUIKeywordMain.stepFailed(WebUIKeywordMain.groovy:64)
	at com.kms.katalon.core.webui.keyword.internal.WebUIKeywordMain.runKeyword(WebUIKeywordMain.groovy:26)
	at com.kms.katalon.core.webui.keyword.builtin.OpenBrowserKeyword.openBrowser(OpenBrowserKeyword.groovy:81)
	at com.kms.katalon.core.webui.keyword.builtin.OpenBrowserKeyword.execute(OpenBrowserKeyword.groovy:67)
	at com.kms.katalon.core.keyword.internal.KeywordExecutor.executeKeywordForPlatform(KeywordExecutor.groovy:73)
	at com.kms.katalon.core.webui.keyword.WebUiBuiltInKeywords.openBrowser(WebUiBuiltInKeywords.groovy:61)
	at com.kms.katalon.core.webui.keyword.WebUiBuiltInKeywords$openBrowser.call(Unknown Source)
	at customKeywords.commanFunctions.openBrowser(commanFunctions.groovy:47)
	at customKeywords.commanFunctions.uploadFileOfRegisterUser(commanFunctions.groovy:747)
	at customKeywords.commanFunctions.invokeMethod(commanFunctions.groovy)
	at com.kms.katalon.core.main.CustomKeywordDelegatingMetaClass.invokeStaticMethod(CustomKeywordDelegatingMetaClass.java:50)
	at TC_As a register user, Upload MS Works File and verify Uploded file in Submission Page.run(TC_As a register user, Upload MS Works File and verify Uploded file in Submission Page:16)
	at com.kms.katalon.core.main.ScriptEngine.run(ScriptEngine.java:194)
	at com.kms.katalon.core.main.ScriptEngine.runScriptAsRawText(ScriptEngine.java:119)
	at com.kms.katalon.core.main.TestCaseExecutor.runScript(TestCaseExecutor.java:394)
	at com.kms.katalon.core.main.TestCaseExecutor.doExecute(TestCaseExecutor.java:385)
	at com.kms.katalon.core.main.TestCaseExecutor.processExecutionPhase(TestCaseExecutor.java:364)
	at com.kms.katalon.core.main.TestCaseExecutor.accessMainPhase(TestCaseExecutor.java:356)
	at com.kms.katalon.core.main.TestCaseExecutor.execute(TestCaseExecutor.java:251)
	at com.kms.katalon.core.main.TestSuiteExecutor.accessTestCaseMainPhase(TestSuiteExecutor.java:203)
	at com.kms.katalon.core.main.TestSuiteExecutor.accessTestSuiteMainPhase(TestSuiteExecutor.java:152)
	at com.kms.katalon.core.main.TestSuiteExecutor.execute(TestSuiteExecutor.java:95)
	at com.kms.katalon.core.main.TestCaseMain.startTestSuite(TestCaseMain.java:157)
	at com.kms.katalon.core.main.TestCaseMain$startTestSuite$0.call(Unknown Source)
	at TempTestSuite1613733199540.run(TempTestSuite1613733199540.groovy:39)
Caused by: org.openqa.selenium.SessionNotCreatedException: session not created
from chrome not reachable
  (Session info: chrome=86.0.4240.75)
Build info: version: '3.141.59', revision: 'e82be7d358', time: '2018-11-14T08:25:53'
System info: host: 'OMTPGCN1132568L', ip: '192.168.1.1', os.name: 'Windows 10', os.arch: 'amd64', os.version: '10.0', java.version: '1.8.0_181'
Driver info: driver.version: CChromeDriver
remote stacktrace: Backtrace:
	Ordinal0 [0x00A8C013+3194899]
	Ordinal0 [0x00976021+2056225]
	Ordinal0 [0x0080F4B0+586928]
	Ordinal0 [0x00805894+546964]
	Ordinal0 [0x00805F2C+548652]
	Ordinal0 [0x00807175+553333]
	Ordinal0 [0x0080241E+533534]
	Ordinal0 [0x00810620+591392]
	Ordinal0 [0x007B2A0C+207372]
	Ordinal0 [0x007B1D0D+204045]
	Ordinal0 [0x007AFC1B+195611]
	Ordinal0 [0x00793B7F+80767]
	Ordinal0 [0x00794B4E+84814]
	Ordinal0 [0x00794AD9+84697]
	Ordinal0 [0x0098CE64+2149988]
	GetHandleVerifier [0x00BFBE95+1400773]
	GetHandleVerifier [0x00BFBB61+1399953]
	GetHandleVerifier [0x00C031FA+1430314]
	GetHandleVerifier [0x00BFC69F+1402831]
	Ordinal0 [0x00983D61+2112865]
	Ordinal0 [0x0098E5CB+2155979]
	Ordinal0 [0x0098E6F5+2156277]
	Ordinal0 [0x0099F26E+2224750]
	BaseThreadInitThunk [0x77026359+25]
	RtlGetAppContainerNamedObjectPath [0x77BD8944+228]
	RtlGetAppContainerNamedObjectPath [0x77BD8914+180]

	at org.openqa.selenium.remote.W3CHandshakeResponse.lambda$errorHandler$0(W3CHandshakeResponse.java:62)
	at org.openqa.selenium.remote.HandshakeResponse.lambda$getResponseFunction$0(HandshakeResponse.java:30)
	at org.openqa.selenium.remote.ProtocolHandshake.lambda$createSession$0(ProtocolHandshake.java:126)
	at org.openqa.selenium.remote.ProtocolHandshake.createSession(ProtocolHandshake.java:128)
	at org.openqa.selenium.remote.ProtocolHandshake.createSession(ProtocolHandshake.java:74)
	at org.openqa.selenium.remote.HttpCommandExecutor.execute(HttpCommandExecutor.java:136)
	at org.openqa.selenium.remote.service.DriverCommandExecutor.execute(DriverCommandExecutor.java:83)
	at org.openqa.selenium.remote.RemoteWebDriver.execute(RemoteWebDriver.java:552)
	at com.kms.katalon.selenium.driver.CChromeDriver.execute(CChromeDriver.java:19)
	at org.openqa.selenium.remote.RemoteWebDriver.startSession(RemoteWebDriver.java:213)
	at org.openqa.selenium.remote.RemoteWebDriver.&lt;init>(RemoteWebDriver.java:131)
	at org.openqa.selenium.chrome.ChromeDriver.&lt;init>(ChromeDriver.java:181)
	at org.openqa.selenium.chrome.ChromeDriver.&lt;init>(ChromeDriver.java:147)
	at com.kms.katalon.selenium.driver.CChromeDriver.&lt;init>(CChromeDriver.java:13)
	at com.kms.katalon.core.webui.driver.DriverFactory.createNewChromeDriver(DriverFactory.java:400)
	at com.kms.katalon.core.webui.driver.DriverFactory.startNewBrowser(DriverFactory.java:358)
	at com.kms.katalon.core.webui.driver.DriverFactory.openWebDriver(DriverFactory.java:245)
	at com.kms.katalon.core.webui.keyword.builtin.OpenBrowserKeyword$_openBrowser_closure1.doCall(OpenBrowserKeyword.groovy:74)
	at com.kms.katalon.core.webui.keyword.builtin.OpenBrowserKeyword$_openBrowser_closure1.call(OpenBrowserKeyword.groovy)
	at com.kms.katalon.core.webui.keyword.internal.WebUIKeywordMain.runKeyword(WebUIKeywordMain.groovy:20)
	... 23 more
"/>
         <system-out><![CDATA[2021-02-19 16:46:45 - [TEST_CASE][FAILED] - Test Cases/UploadDiffFiles_RegisterUser/TC_As a register user, Upload MS Works File and verify Uploded file in Submission Page: Test Cases/UploadDiffFiles_RegisterUser/TC_As a register user, Upload MS Works File and verify Uploded file in Submission Page FAILED.
Reason:
com.kms.katalon.core.exception.StepFailedException: Unable to open browser with url: 'https://Inspect.Stage.site.sa'
	at com.kms.katalon.core.webui.keyword.internal.WebUIKeywordMain.stepFailed(WebUIKeywordMain.groovy:64)
	at com.kms.katalon.core.webui.keyword.internal.WebUIKeywordMain.runKeyword(WebUIKeywordMain.groovy:26)
	at com.kms.katalon.core.webui.keyword.builtin.OpenBrowserKeyword.openBrowser(OpenBrowserKeyword.groovy:81)
	at com.kms.katalon.core.webui.keyword.builtin.OpenBrowserKeyword.execute(OpenBrowserKeyword.groovy:67)
	at com.kms.katalon.core.keyword.internal.KeywordExecutor.executeKeywordForPlatform(KeywordExecutor.groovy:73)
	at com.kms.katalon.core.webui.keyword.WebUiBuiltInKeywords.openBrowser(WebUiBuiltInKeywords.groovy:61)
	at com.kms.katalon.core.webui.keyword.WebUiBuiltInKeywords$openBrowser.call(Unknown Source)
	at customKeywords.commanFunctions.openBrowser(commanFunctions.groovy:47)
	at customKeywords.commanFunctions.uploadFileOfRegisterUser(commanFunctions.groovy:747)
	at customKeywords.commanFunctions.invokeMethod(commanFunctions.groovy)
	at com.kms.katalon.core.main.CustomKeywordDelegatingMetaClass.invokeStaticMethod(CustomKeywordDelegatingMetaClass.java:50)
	at TC_As a register user, Upload MS Works File and verify Uploded file in Submission Page.run(TC_As a register user, Upload MS Works File and verify Uploded file in Submission Page:16)
	at com.kms.katalon.core.main.ScriptEngine.run(ScriptEngine.java:194)
	at com.kms.katalon.core.main.ScriptEngine.runScriptAsRawText(ScriptEngine.java:119)
	at com.kms.katalon.core.main.TestCaseExecutor.runScript(TestCaseExecutor.java:394)
	at com.kms.katalon.core.main.TestCaseExecutor.doExecute(TestCaseExecutor.java:385)
	at com.kms.katalon.core.main.TestCaseExecutor.processExecutionPhase(TestCaseExecutor.java:364)
	at com.kms.katalon.core.main.TestCaseExecutor.accessMainPhase(TestCaseExecutor.java:356)
	at com.kms.katalon.core.main.TestCaseExecutor.execute(TestCaseExecutor.java:251)
	at com.kms.katalon.core.main.TestSuiteExecutor.accessTestCaseMainPhase(TestSuiteExecutor.java:203)
	at com.kms.katalon.core.main.TestSuiteExecutor.accessTestSuiteMainPhase(TestSuiteExecutor.java:152)
	at com.kms.katalon.core.main.TestSuiteExecutor.execute(TestSuiteExecutor.java:95)
	at com.kms.katalon.core.main.TestCaseMain.startTestSuite(TestCaseMain.java:157)
	at com.kms.katalon.core.main.TestCaseMain$startTestSuite$0.call(Unknown Source)
	at TempTestSuite1613733199540.run(TempTestSuite1613733199540.groovy:39)
Caused by: org.openqa.selenium.SessionNotCreatedException: session not created
from chrome not reachable
  (Session info: chrome=86.0.4240.75)
Build info: version: '3.141.59', revision: 'e82be7d358', time: '2018-11-14T08:25:53'
System info: host: 'OMTPGCN1132568L', ip: '192.168.1.1', os.name: 'Windows 10', os.arch: 'amd64', os.version: '10.0', java.version: '1.8.0_181'
Driver info: driver.version: CChromeDriver
remote stacktrace: Backtrace:
	Ordinal0 [0x00A8C013+3194899]
	Ordinal0 [0x00976021+2056225]
	Ordinal0 [0x0080F4B0+586928]
	Ordinal0 [0x00805894+546964]
	Ordinal0 [0x00805F2C+548652]
	Ordinal0 [0x00807175+553333]
	Ordinal0 [0x0080241E+533534]
	Ordinal0 [0x00810620+591392]
	Ordinal0 [0x007B2A0C+207372]
	Ordinal0 [0x007B1D0D+204045]
	Ordinal0 [0x007AFC1B+195611]
	Ordinal0 [0x00793B7F+80767]
	Ordinal0 [0x00794B4E+84814]
	Ordinal0 [0x00794AD9+84697]
	Ordinal0 [0x0098CE64+2149988]
	GetHandleVerifier [0x00BFBE95+1400773]
	GetHandleVerifier [0x00BFBB61+1399953]
	GetHandleVerifier [0x00C031FA+1430314]
	GetHandleVerifier [0x00BFC69F+1402831]
	Ordinal0 [0x00983D61+2112865]
	Ordinal0 [0x0098E5CB+2155979]
	Ordinal0 [0x0098E6F5+2156277]
	Ordinal0 [0x0099F26E+2224750]
	BaseThreadInitThunk [0x77026359+25]
	RtlGetAppContainerNamedObjectPath [0x77BD8944+228]
	RtlGetAppContainerNamedObjectPath [0x77BD8914+180]

	at org.openqa.selenium.remote.W3CHandshakeResponse.lambda$errorHandler$0(W3CHandshakeResponse.java:62)
	at org.openqa.selenium.remote.HandshakeResponse.lambda$getResponseFunction$0(HandshakeResponse.java:30)
	at org.openqa.selenium.remote.ProtocolHandshake.lambda$createSession$0(ProtocolHandshake.java:126)
	at org.openqa.selenium.remote.ProtocolHandshake.createSession(ProtocolHandshake.java:128)
	at org.openqa.selenium.remote.ProtocolHandshake.createSession(ProtocolHandshake.java:74)
	at org.openqa.selenium.remote.HttpCommandExecutor.execute(HttpCommandExecutor.java:136)
	at org.openqa.selenium.remote.service.DriverCommandExecutor.execute(DriverCommandExecutor.java:83)
	at org.openqa.selenium.remote.RemoteWebDriver.execute(RemoteWebDriver.java:552)
	at com.kms.katalon.selenium.driver.CChromeDriver.execute(CChromeDriver.java:19)
	at org.openqa.selenium.remote.RemoteWebDriver.startSession(RemoteWebDriver.java:213)
	at org.openqa.selenium.remote.RemoteWebDriver.<init>(RemoteWebDriver.java:131)
	at org.openqa.selenium.chrome.ChromeDriver.<init>(ChromeDriver.java:181)
	at org.openqa.selenium.chrome.ChromeDriver.<init>(ChromeDriver.java:147)
	at com.kms.katalon.selenium.driver.CChromeDriver.<init>(CChromeDriver.java:13)
	at com.kms.katalon.core.webui.driver.DriverFactory.createNewChromeDriver(DriverFactory.java:400)
	at com.kms.katalon.core.webui.driver.DriverFactory.startNewBrowser(DriverFactory.java:358)
	at com.kms.katalon.core.webui.driver.DriverFactory.openWebDriver(DriverFactory.java:245)
	at com.kms.katalon.core.webui.keyword.builtin.OpenBrowserKeyword$_openBrowser_closure1.doCall(OpenBrowserKeyword.groovy:74)
	at com.kms.katalon.core.webui.keyword.builtin.OpenBrowserKeyword$_openBrowser_closure1.call(OpenBrowserKeyword.groovy)
	at com.kms.katalon.core.webui.keyword.internal.WebUIKeywordMain.runKeyword(WebUIKeywordMain.groovy:20)
	... 23 more


2021-02-19 16:46:45 - [TEST_STEP][PASSED] - excelTestData = findTestData("Data Files/TestData/InspectTestData"): null

2021-02-19 16:46:45 - [TEST_STEP][PASSED] - rigisterUN = excelTestData.getValue(6, 23): null

2021-02-19 16:46:45 - [TEST_STEP][PASSED] - rigisterPW = excelTestData.getValue(3, 23): null

2021-02-19 16:46:45 - [TEST_STEP][FAILED] - customKeywords.commanFunctions.uploadFileOfRegisterUser(325, rigisterUN, rigisterPW): Unable to open browser with url: 'https://Inspect.Stage.site.sa'

2021-02-19 16:46:45 - [MESSAGE][INFO] - Starting 'Chrome' driver

2021-02-19 16:46:45 - [MESSAGE][INFO] - Action delay is set to 0 milliseconds

2021-02-19 16:46:58 - [MESSAGE][FAILED] - Unable to open browser with url: 'https://Inspect.Stage.site.sa' (Root cause: com.kms.katalon.core.exception.StepFailedException: Unable to open browser with url: 'https://Inspect.Stage.site.sa'
	at com.kms.katalon.core.webui.keyword.internal.WebUIKeywordMain.stepFailed(WebUIKeywordMain.groovy:64)
	at com.kms.katalon.core.webui.keyword.internal.WebUIKeywordMain.runKeyword(WebUIKeywordMain.groovy:26)
	at com.kms.katalon.core.webui.keyword.builtin.OpenBrowserKeyword.openBrowser(OpenBrowserKeyword.groovy:81)
	at com.kms.katalon.core.webui.keyword.builtin.OpenBrowserKeyword.execute(OpenBrowserKeyword.groovy:67)
	at com.kms.katalon.core.keyword.internal.KeywordExecutor.executeKeywordForPlatform(KeywordExecutor.groovy:73)
	at com.kms.katalon.core.webui.keyword.WebUiBuiltInKeywords.openBrowser(WebUiBuiltInKeywords.groovy:61)
	at com.kms.katalon.core.webui.keyword.WebUiBuiltInKeywords$openBrowser.call(Unknown Source)
	at customKeywords.commanFunctions.openBrowser(commanFunctions.groovy:47)
	at customKeywords.commanFunctions.uploadFileOfRegisterUser(commanFunctions.groovy:747)
	at customKeywords.commanFunctions.invokeMethod(commanFunctions.groovy)
	at com.kms.katalon.core.main.CustomKeywordDelegatingMetaClass.invokeStaticMethod(CustomKeywordDelegatingMetaClass.java:50)
	at TC_As a register user, Upload MS Works File and verify Uploded file in Submission Page.run(TC_As a register user, Upload MS Works File and verify Uploded file in Submission Page:16)
	at com.kms.katalon.core.main.ScriptEngine.run(ScriptEngine.java:194)
	at com.kms.katalon.core.main.ScriptEngine.runScriptAsRawText(ScriptEngine.java:119)
	at com.kms.katalon.core.main.TestCaseExecutor.runScript(TestCaseExecutor.java:394)
	at com.kms.katalon.core.main.TestCaseExecutor.doExecute(TestCaseExecutor.java:385)
	at com.kms.katalon.core.main.TestCaseExecutor.processExecutionPhase(TestCaseExecutor.java:364)
	at com.kms.katalon.core.main.TestCaseExecutor.accessMainPhase(TestCaseExecutor.java:356)
	at com.kms.katalon.core.main.TestCaseExecutor.execute(TestCaseExecutor.java:251)
	at com.kms.katalon.core.main.TestSuiteExecutor.accessTestCaseMainPhase(TestSuiteExecutor.java:203)
	at com.kms.katalon.core.main.TestSuiteExecutor.accessTestSuiteMainPhase(TestSuiteExecutor.java:152)
	at com.kms.katalon.core.main.TestSuiteExecutor.execute(TestSuiteExecutor.java:95)
	at com.kms.katalon.core.main.TestCaseMain.startTestSuite(TestCaseMain.java:157)
	at com.kms.katalon.core.main.TestCaseMain$startTestSuite$0.call(Unknown Source)
	at TempTestSuite1613733199540.run(TempTestSuite1613733199540.groovy:39)
Caused by: org.openqa.selenium.SessionNotCreatedException: session not created
from chrome not reachable
  (Session info: chrome=86.0.4240.75)
Build info: version: '3.141.59', revision: 'e82be7d358', time: '2018-11-14T08:25:53'
System info: host: 'OMTPGCN1132568L', ip: '192.168.1.1', os.name: 'Windows 10', os.arch: 'amd64', os.version: '10.0', java.version: '1.8.0_181'
Driver info: driver.version: CChromeDriver
remote stacktrace: Backtrace:
	Ordinal0 [0x00A8C013+3194899]
	Ordinal0 [0x00976021+2056225]
	Ordinal0 [0x0080F4B0+586928]
	Ordinal0 [0x00805894+546964]
	Ordinal0 [0x00805F2C+548652]
	Ordinal0 [0x00807175+553333]
	Ordinal0 [0x0080241E+533534]
	Ordinal0 [0x00810620+591392]
	Ordinal0 [0x007B2A0C+207372]
	Ordinal0 [0x007B1D0D+204045]
	Ordinal0 [0x007AFC1B+195611]
	Ordinal0 [0x00793B7F+80767]
	Ordinal0 [0x00794B4E+84814]
	Ordinal0 [0x00794AD9+84697]
	Ordinal0 [0x0098CE64+2149988]
	GetHandleVerifier [0x00BFBE95+1400773]
	GetHandleVerifier [0x00BFBB61+1399953]
	GetHandleVerifier [0x00C031FA+1430314]
	GetHandleVerifier [0x00BFC69F+1402831]
	Ordinal0 [0x00983D61+2112865]
	Ordinal0 [0x0098E5CB+2155979]
	Ordinal0 [0x0098E6F5+2156277]
	Ordinal0 [0x0099F26E+2224750]
	BaseThreadInitThunk [0x77026359+25]
	RtlGetAppContainerNamedObjectPath [0x77BD8944+228]
	RtlGetAppContainerNamedObjectPath [0x77BD8914+180]

	at org.openqa.selenium.remote.W3CHandshakeResponse.lambda$errorHandler$0(W3CHandshakeResponse.java:62)
	at org.openqa.selenium.remote.HandshakeResponse.lambda$getResponseFunction$0(HandshakeResponse.java:30)
	at org.openqa.selenium.remote.ProtocolHandshake.lambda$createSession$0(ProtocolHandshake.java:126)
	at org.openqa.selenium.remote.ProtocolHandshake.createSession(ProtocolHandshake.java:128)
	at org.openqa.selenium.remote.ProtocolHandshake.createSession(ProtocolHandshake.java:74)
	at org.openqa.selenium.remote.HttpCommandExecutor.execute(HttpCommandExecutor.java:136)
	at org.openqa.selenium.remote.service.DriverCommandExecutor.execute(DriverCommandExecutor.java:83)
	at org.openqa.selenium.remote.RemoteWebDriver.execute(RemoteWebDriver.java:552)
	at com.kms.katalon.selenium.driver.CChromeDriver.execute(CChromeDriver.java:19)
	at org.openqa.selenium.remote.RemoteWebDriver.startSession(RemoteWebDriver.java:213)
	at org.openqa.selenium.remote.RemoteWebDriver.<init>(RemoteWebDriver.java:131)
	at org.openqa.selenium.chrome.ChromeDriver.<init>(ChromeDriver.java:181)
	at org.openqa.selenium.chrome.ChromeDriver.<init>(ChromeDriver.java:147)
	at com.kms.katalon.selenium.driver.CChromeDriver.<init>(CChromeDriver.java:13)
	at com.kms.katalon.core.webui.driver.DriverFactory.createNewChromeDriver(DriverFactory.java:400)
	at com.kms.katalon.core.webui.driver.DriverFactory.startNewBrowser(DriverFactory.java:358)
	at com.kms.katalon.core.webui.driver.DriverFactory.openWebDriver(DriverFactory.java:245)
	at com.kms.katalon.core.webui.keyword.builtin.OpenBrowserKeyword$_openBrowser_closure1.doCall(OpenBrowserKeyword.groovy:74)
	at com.kms.katalon.core.webui.keyword.builtin.OpenBrowserKeyword$_openBrowser_closure1.call(OpenBrowserKeyword.groovy)
	at com.kms.katalon.core.webui.keyword.internal.WebUIKeywordMain.runKeyword(WebUIKeywordMain.groovy:20)
	at com.kms.katalon.core.webui.keyword.builtin.OpenBrowserKeyword.openBrowser(OpenBrowserKeyword.groovy:81)
	at com.kms.katalon.core.webui.keyword.builtin.OpenBrowserKeyword.execute(OpenBrowserKeyword.groovy:67)
	at com.kms.katalon.core.keyword.internal.KeywordExecutor.executeKeywordForPlatform(KeywordExecutor.groovy:73)
	at com.kms.katalon.core.webui.keyword.WebUiBuiltInKeywords.openBrowser(WebUiBuiltInKeywords.groovy:61)
	at com.kms.katalon.core.webui.keyword.WebUiBuiltInKeywords$openBrowser.call(Unknown Source)
	at customKeywords.commanFunctions.openBrowser(commanFunctions.groovy:47)
	at customKeywords.commanFunctions.uploadFileOfRegisterUser(commanFunctions.groovy:747)
	at customKeywords.commanFunctions.invokeMethod(commanFunctions.groovy)
	at com.kms.katalon.core.main.CustomKeywordDelegatingMetaClass.invokeStaticMethod(CustomKeywordDelegatingMetaClass.java:50)
	at Script1613387341625.run(Script1613387341625.groovy:16)
	... 13 more
)

2021-02-19 16:46:58 - [MESSAGE][FAILED] - Unable to open browser with url: 'https://Inspect.Stage.site.sa'

2021-02-19 16:46:58 - [TEST_STEP][PASSED] - Start tear down : tearDownMethodIfFailed: Method 'tearDownMethodIfFailed' complete successfully

2021-02-19 16:46:58 - [TEST_STEP][PASSED] - customKeywords.commanFunctions.onlyCloseBrowser(): customKeywords.commanFunctions.onlyCloseBrowser is PASSED

2021-02-19 16:46:58 - [MESSAGE][PASSED] - Browser is closed

2021-02-19 16:46:58 - [MESSAGE][PASSED] - customKeywords.commanFunctions.onlyCloseBrowser is PASSED

2021-02-19 16:46:58 - [TEST_STEP][PASSED] - logInfo("[--------This is tearDownIfFailed method------]"): [--------This is tearDownIfFailed method------]

2021-02-19 16:46:58 - [MESSAGE][INFO] - [--------This is tearDownIfFailed method------]

2021-02-19 16:46:58 - [MESSAGE][PASSED] - Method 'tearDownMethodIfFailed' complete successfully]]></system-out>
         <system-err><![CDATA[2021-02-19 16:46:45 - [TEST_CASE][FAILED] - Test Cases/UploadDiffFiles_RegisterUser/TC_As a register user, Upload MS Works File and verify Uploded file in Submission Page: Test Cases/UploadDiffFiles_RegisterUser/TC_As a register user, Upload MS Works File and verify Uploded file in Submission Page FAILED.
Reason:
com.kms.katalon.core.exception.StepFailedException: Unable to open browser with url: 'https://Inspect.Stage.site.sa'
	at com.kms.katalon.core.webui.keyword.internal.WebUIKeywordMain.stepFailed(WebUIKeywordMain.groovy:64)
	at com.kms.katalon.core.webui.keyword.internal.WebUIKeywordMain.runKeyword(WebUIKeywordMain.groovy:26)
	at com.kms.katalon.core.webui.keyword.builtin.OpenBrowserKeyword.openBrowser(OpenBrowserKeyword.groovy:81)
	at com.kms.katalon.core.webui.keyword.builtin.OpenBrowserKeyword.execute(OpenBrowserKeyword.groovy:67)
	at com.kms.katalon.core.keyword.internal.KeywordExecutor.executeKeywordForPlatform(KeywordExecutor.groovy:73)
	at com.kms.katalon.core.webui.keyword.WebUiBuiltInKeywords.openBrowser(WebUiBuiltInKeywords.groovy:61)
	at com.kms.katalon.core.webui.keyword.WebUiBuiltInKeywords$openBrowser.call(Unknown Source)
	at customKeywords.commanFunctions.openBrowser(commanFunctions.groovy:47)
	at customKeywords.commanFunctions.uploadFileOfRegisterUser(commanFunctions.groovy:747)
	at customKeywords.commanFunctions.invokeMethod(commanFunctions.groovy)
	at com.kms.katalon.core.main.CustomKeywordDelegatingMetaClass.invokeStaticMethod(CustomKeywordDelegatingMetaClass.java:50)
	at TC_As a register user, Upload MS Works File and verify Uploded file in Submission Page.run(TC_As a register user, Upload MS Works File and verify Uploded file in Submission Page:16)
	at com.kms.katalon.core.main.ScriptEngine.run(ScriptEngine.java:194)
	at com.kms.katalon.core.main.ScriptEngine.runScriptAsRawText(ScriptEngine.java:119)
	at com.kms.katalon.core.main.TestCaseExecutor.runScript(TestCaseExecutor.java:394)
	at com.kms.katalon.core.main.TestCaseExecutor.doExecute(TestCaseExecutor.java:385)
	at com.kms.katalon.core.main.TestCaseExecutor.processExecutionPhase(TestCaseExecutor.java:364)
	at com.kms.katalon.core.main.TestCaseExecutor.accessMainPhase(TestCaseExecutor.java:356)
	at com.kms.katalon.core.main.TestCaseExecutor.execute(TestCaseExecutor.java:251)
	at com.kms.katalon.core.main.TestSuiteExecutor.accessTestCaseMainPhase(TestSuiteExecutor.java:203)
	at com.kms.katalon.core.main.TestSuiteExecutor.accessTestSuiteMainPhase(TestSuiteExecutor.java:152)
	at com.kms.katalon.core.main.TestSuiteExecutor.execute(TestSuiteExecutor.java:95)
	at com.kms.katalon.core.main.TestCaseMain.startTestSuite(TestCaseMain.java:157)
	at com.kms.katalon.core.main.TestCaseMain$startTestSuite$0.call(Unknown Source)
	at TempTestSuite1613733199540.run(TempTestSuite1613733199540.groovy:39)
Caused by: org.openqa.selenium.SessionNotCreatedException: session not created
from chrome not reachable
  (Session info: chrome=86.0.4240.75)
Build info: version: '3.141.59', revision: 'e82be7d358', time: '2018-11-14T08:25:53'
System info: host: 'OMTPGCN1132568L', ip: '192.168.1.1', os.name: 'Windows 10', os.arch: 'amd64', os.version: '10.0', java.version: '1.8.0_181'
Driver info: driver.version: CChromeDriver
remote stacktrace: Backtrace:
	Ordinal0 [0x00A8C013+3194899]
	Ordinal0 [0x00976021+2056225]
	Ordinal0 [0x0080F4B0+586928]
	Ordinal0 [0x00805894+546964]
	Ordinal0 [0x00805F2C+548652]
	Ordinal0 [0x00807175+553333]
	Ordinal0 [0x0080241E+533534]
	Ordinal0 [0x00810620+591392]
	Ordinal0 [0x007B2A0C+207372]
	Ordinal0 [0x007B1D0D+204045]
	Ordinal0 [0x007AFC1B+195611]
	Ordinal0 [0x00793B7F+80767]
	Ordinal0 [0x00794B4E+84814]
	Ordinal0 [0x00794AD9+84697]
	Ordinal0 [0x0098CE64+2149988]
	GetHandleVerifier [0x00BFBE95+1400773]
	GetHandleVerifier [0x00BFBB61+1399953]
	GetHandleVerifier [0x00C031FA+1430314]
	GetHandleVerifier [0x00BFC69F+1402831]
	Ordinal0 [0x00983D61+2112865]
	Ordinal0 [0x0098E5CB+2155979]
	Ordinal0 [0x0098E6F5+2156277]
	Ordinal0 [0x0099F26E+2224750]
	BaseThreadInitThunk [0x77026359+25]
	RtlGetAppContainerNamedObjectPath [0x77BD8944+228]
	RtlGetAppContainerNamedObjectPath [0x77BD8914+180]

	at org.openqa.selenium.remote.W3CHandshakeResponse.lambda$errorHandler$0(W3CHandshakeResponse.java:62)
	at org.openqa.selenium.remote.HandshakeResponse.lambda$getResponseFunction$0(HandshakeResponse.java:30)
	at org.openqa.selenium.remote.ProtocolHandshake.lambda$createSession$0(ProtocolHandshake.java:126)
	at org.openqa.selenium.remote.ProtocolHandshake.createSession(ProtocolHandshake.java:128)
	at org.openqa.selenium.remote.ProtocolHandshake.createSession(ProtocolHandshake.java:74)
	at org.openqa.selenium.remote.HttpCommandExecutor.execute(HttpCommandExecutor.java:136)
	at org.openqa.selenium.remote.service.DriverCommandExecutor.execute(DriverCommandExecutor.java:83)
	at org.openqa.selenium.remote.RemoteWebDriver.execute(RemoteWebDriver.java:552)
	at com.kms.katalon.selenium.driver.CChromeDriver.execute(CChromeDriver.java:19)
	at org.openqa.selenium.remote.RemoteWebDriver.startSession(RemoteWebDriver.java:213)
	at org.openqa.selenium.remote.RemoteWebDriver.<init>(RemoteWebDriver.java:131)
	at org.openqa.selenium.chrome.ChromeDriver.<init>(ChromeDriver.java:181)
	at org.openqa.selenium.chrome.ChromeDriver.<init>(ChromeDriver.java:147)
	at com.kms.katalon.selenium.driver.CChromeDriver.<init>(CChromeDriver.java:13)
	at com.kms.katalon.core.webui.driver.DriverFactory.createNewChromeDriver(DriverFactory.java:400)
	at com.kms.katalon.core.webui.driver.DriverFactory.startNewBrowser(DriverFactory.java:358)
	at com.kms.katalon.core.webui.driver.DriverFactory.openWebDriver(DriverFactory.java:245)
	at com.kms.katalon.core.webui.keyword.builtin.OpenBrowserKeyword$_openBrowser_closure1.doCall(OpenBrowserKeyword.groovy:74)
	at com.kms.katalon.core.webui.keyword.builtin.OpenBrowserKeyword$_openBrowser_closure1.call(OpenBrowserKeyword.groovy)
	at com.kms.katalon.core.webui.keyword.internal.WebUIKeywordMain.runKeyword(WebUIKeywordMain.groovy:20)
	... 23 more]]></system-err>
      </testcase>
      <testcase name="Test Cases/UploadDiffFiles_RegisterUser/TC_As a register user, Upload Multimedia File and verify Uploded file in Submission Page" time="6.458" classname="Test Cases/UploadDiffFiles_RegisterUser/TC_As a register user, Upload Multimedia File and verify Uploded file in Submission Page" status="FAILED">
         <failure type="FAILED" message="Test Cases/UploadDiffFiles_RegisterUser/TC_As a register user, Upload Multimedia File and verify Uploded file in Submission Page FAILED.
Reason:
com.kms.katalon.core.exception.StepFailedException: Unable to maximize current window
	at com.kms.katalon.core.webui.keyword.internal.WebUIKeywordMain.stepFailed(WebUIKeywordMain.groovy:64)
	at com.kms.katalon.core.webui.keyword.internal.WebUIKeywordMain.runKeyword(WebUIKeywordMain.groovy:26)
	at com.kms.katalon.core.webui.keyword.builtin.MaximizeWindowKeyword.maximizeWindow(MaximizeWindowKeyword.groovy:74)
	at com.kms.katalon.core.webui.keyword.builtin.MaximizeWindowKeyword.execute(MaximizeWindowKeyword.groovy:69)
	at com.kms.katalon.core.keyword.internal.KeywordExecutor.executeKeywordForPlatform(KeywordExecutor.groovy:73)
	at com.kms.katalon.core.webui.keyword.WebUiBuiltInKeywords.maximizeWindow(WebUiBuiltInKeywords.groovy:280)
	at com.kms.katalon.core.webui.keyword.WebUiBuiltInKeywords$maximizeWindow$0.call(Unknown Source)
	at customKeywords.commanFunctions.openBrowser(commanFunctions.groovy:48)
	at customKeywords.commanFunctions.uploadFileOfRegisterUser(commanFunctions.groovy:747)
	at customKeywords.commanFunctions.invokeMethod(commanFunctions.groovy)
	at com.kms.katalon.core.main.CustomKeywordDelegatingMetaClass.invokeStaticMethod(CustomKeywordDelegatingMetaClass.java:50)
	at TC_As a register user, Upload Multimedia File and verify Uploded file in Submission Page.run(TC_As a register user, Upload Multimedia File and verify Uploded file in Submission Page:16)
	at com.kms.katalon.core.main.ScriptEngine.run(ScriptEngine.java:194)
	at com.kms.katalon.core.main.ScriptEngine.runScriptAsRawText(ScriptEngine.java:119)
	at com.kms.katalon.core.main.TestCaseExecutor.runScript(TestCaseExecutor.java:394)
	at com.kms.katalon.core.main.TestCaseExecutor.doExecute(TestCaseExecutor.java:385)
	at com.kms.katalon.core.main.TestCaseExecutor.processExecutionPhase(TestCaseExecutor.java:364)
	at com.kms.katalon.core.main.TestCaseExecutor.accessMainPhase(TestCaseExecutor.java:356)
	at com.kms.katalon.core.main.TestCaseExecutor.execute(TestCaseExecutor.java:251)
	at com.kms.katalon.core.main.TestSuiteExecutor.accessTestCaseMainPhase(TestSuiteExecutor.java:203)
	at com.kms.katalon.core.main.TestSuiteExecutor.accessTestSuiteMainPhase(TestSuiteExecutor.java:152)
	at com.kms.katalon.core.main.TestSuiteExecutor.execute(TestSuiteExecutor.java:95)
	at com.kms.katalon.core.main.TestCaseMain.startTestSuite(TestCaseMain.java:157)
	at com.kms.katalon.core.main.TestCaseMain$startTestSuite$0.call(Unknown Source)
	at TempTestSuite1613733199540.run(TempTestSuite1613733199540.groovy:39)
Caused by: org.openqa.selenium.NoSuchWindowException: no such window: target window already closed
from unknown error: web view not found
  (Session info: chrome=86.0.4240.75)
Build info: version: '3.141.59', revision: 'e82be7d358', time: '2018-11-14T08:25:53'
System info: host: 'OMTPGCN1132568L', ip: '192.168.1.1', os.name: 'Windows 10', os.arch: 'amd64', os.version: '10.0', java.version: '1.8.0_181'
Driver info: com.kms.katalon.selenium.driver.CChromeDriver
Capabilities {acceptInsecureCerts: false, browserName: chrome, browserVersion: 86.0.4240.75, chrome: {chromedriverVersion: 86.0.4240.22 (398b0743353ff..., userDataDir: C:\Users\ashok\AppData\Loca...}, goog:chromeOptions: {debuggerAddress: localhost:50921}, javascriptEnabled: true, networkConnectionEnabled: false, pageLoadStrategy: normal, platform: WINDOWS, platformName: WINDOWS, proxy: Proxy(), setWindowRect: true, strictFileInteractability: false, timeouts: {implicit: 0, pageLoad: 300000, script: 30000}, unhandledPromptBehavior: dismiss and notify, webauthn:virtualAuthenticators: true}
Session ID: c4e80f37ed1341c858026bcbd653db6c
	at org.openqa.selenium.remote.http.W3CHttpResponseCodec.createException(W3CHttpResponseCodec.java:187)
	at org.openqa.selenium.remote.http.W3CHttpResponseCodec.decode(W3CHttpResponseCodec.java:122)
	at org.openqa.selenium.remote.http.W3CHttpResponseCodec.decode(W3CHttpResponseCodec.java:49)
	at org.openqa.selenium.remote.HttpCommandExecutor.execute(HttpCommandExecutor.java:158)
	at org.openqa.selenium.remote.service.DriverCommandExecutor.execute(DriverCommandExecutor.java:83)
	at org.openqa.selenium.remote.RemoteWebDriver.execute(RemoteWebDriver.java:552)
	at com.kms.katalon.selenium.driver.CChromeDriver.execute(CChromeDriver.java:19)
	at org.openqa.selenium.remote.RemoteWebDriver.execute(RemoteWebDriver.java:609)
	at org.openqa.selenium.remote.RemoteWebDriver$RemoteWebDriverOptions$RemoteWindow.maximize(RemoteWebDriver.java:837)
	at org.openqa.selenium.support.events.EventFiringWebDriver$EventFiringWindow.maximize(EventFiringWebDriver.java:769)
	at com.kms.katalon.core.webui.keyword.builtin.MaximizeWindowKeyword$_maximizeWindow_closure1.doCall(MaximizeWindowKeyword.groovy:85)
	at com.kms.katalon.core.webui.keyword.builtin.MaximizeWindowKeyword$_maximizeWindow_closure1.call(MaximizeWindowKeyword.groovy)
	at com.kms.katalon.core.webui.keyword.internal.WebUIKeywordMain.runKeyword(WebUIKeywordMain.groovy:20)
	... 23 more
"/>
         <system-out><![CDATA[2021-02-19 16:46:58 - [TEST_CASE][FAILED] - Test Cases/UploadDiffFiles_RegisterUser/TC_As a register user, Upload Multimedia File and verify Uploded file in Submission Page: Test Cases/UploadDiffFiles_RegisterUser/TC_As a register user, Upload Multimedia File and verify Uploded file in Submission Page FAILED.
Reason:
com.kms.katalon.core.exception.StepFailedException: Unable to maximize current window
	at com.kms.katalon.core.webui.keyword.internal.WebUIKeywordMain.stepFailed(WebUIKeywordMain.groovy:64)
	at com.kms.katalon.core.webui.keyword.internal.WebUIKeywordMain.runKeyword(WebUIKeywordMain.groovy:26)
	at com.kms.katalon.core.webui.keyword.builtin.MaximizeWindowKeyword.maximizeWindow(MaximizeWindowKeyword.groovy:74)
	at com.kms.katalon.core.webui.keyword.builtin.MaximizeWindowKeyword.execute(MaximizeWindowKeyword.groovy:69)
	at com.kms.katalon.core.keyword.internal.KeywordExecutor.executeKeywordForPlatform(KeywordExecutor.groovy:73)
	at com.kms.katalon.core.webui.keyword.WebUiBuiltInKeywords.maximizeWindow(WebUiBuiltInKeywords.groovy:280)
	at com.kms.katalon.core.webui.keyword.WebUiBuiltInKeywords$maximizeWindow$0.call(Unknown Source)
	at customKeywords.commanFunctions.openBrowser(commanFunctions.groovy:48)
	at customKeywords.commanFunctions.uploadFileOfRegisterUser(commanFunctions.groovy:747)
	at customKeywords.commanFunctions.invokeMethod(commanFunctions.groovy)
	at com.kms.katalon.core.main.CustomKeywordDelegatingMetaClass.invokeStaticMethod(CustomKeywordDelegatingMetaClass.java:50)
	at TC_As a register user, Upload Multimedia File and verify Uploded file in Submission Page.run(TC_As a register user, Upload Multimedia File and verify Uploded file in Submission Page:16)
	at com.kms.katalon.core.main.ScriptEngine.run(ScriptEngine.java:194)
	at com.kms.katalon.core.main.ScriptEngine.runScriptAsRawText(ScriptEngine.java:119)
	at com.kms.katalon.core.main.TestCaseExecutor.runScript(TestCaseExecutor.java:394)
	at com.kms.katalon.core.main.TestCaseExecutor.doExecute(TestCaseExecutor.java:385)
	at com.kms.katalon.core.main.TestCaseExecutor.processExecutionPhase(TestCaseExecutor.java:364)
	at com.kms.katalon.core.main.TestCaseExecutor.accessMainPhase(TestCaseExecutor.java:356)
	at com.kms.katalon.core.main.TestCaseExecutor.execute(TestCaseExecutor.java:251)
	at com.kms.katalon.core.main.TestSuiteExecutor.accessTestCaseMainPhase(TestSuiteExecutor.java:203)
	at com.kms.katalon.core.main.TestSuiteExecutor.accessTestSuiteMainPhase(TestSuiteExecutor.java:152)
	at com.kms.katalon.core.main.TestSuiteExecutor.execute(TestSuiteExecutor.java:95)
	at com.kms.katalon.core.main.TestCaseMain.startTestSuite(TestCaseMain.java:157)
	at com.kms.katalon.core.main.TestCaseMain$startTestSuite$0.call(Unknown Source)
	at TempTestSuite1613733199540.run(TempTestSuite1613733199540.groovy:39)
Caused by: org.openqa.selenium.NoSuchWindowException: no such window: target window already closed
from unknown error: web view not found
  (Session info: chrome=86.0.4240.75)
Build info: version: '3.141.59', revision: 'e82be7d358', time: '2018-11-14T08:25:53'
System info: host: 'OMTPGCN1132568L', ip: '192.168.1.1', os.name: 'Windows 10', os.arch: 'amd64', os.version: '10.0', java.version: '1.8.0_181'
Driver info: com.kms.katalon.selenium.driver.CChromeDriver
Capabilities {acceptInsecureCerts: false, browserName: chrome, browserVersion: 86.0.4240.75, chrome: {chromedriverVersion: 86.0.4240.22 (398b0743353ff..., userDataDir: C:\Users\ashok\AppData\Loca...}, goog:chromeOptions: {debuggerAddress: localhost:50921}, javascriptEnabled: true, networkConnectionEnabled: false, pageLoadStrategy: normal, platform: WINDOWS, platformName: WINDOWS, proxy: Proxy(), setWindowRect: true, strictFileInteractability: false, timeouts: {implicit: 0, pageLoad: 300000, script: 30000}, unhandledPromptBehavior: dismiss and notify, webauthn:virtualAuthenticators: true}
Session ID: c4e80f37ed1341c858026bcbd653db6c
	at org.openqa.selenium.remote.http.W3CHttpResponseCodec.createException(W3CHttpResponseCodec.java:187)
	at org.openqa.selenium.remote.http.W3CHttpResponseCodec.decode(W3CHttpResponseCodec.java:122)
	at org.openqa.selenium.remote.http.W3CHttpResponseCodec.decode(W3CHttpResponseCodec.java:49)
	at org.openqa.selenium.remote.HttpCommandExecutor.execute(HttpCommandExecutor.java:158)
	at org.openqa.selenium.remote.service.DriverCommandExecutor.execute(DriverCommandExecutor.java:83)
	at org.openqa.selenium.remote.RemoteWebDriver.execute(RemoteWebDriver.java:552)
	at com.kms.katalon.selenium.driver.CChromeDriver.execute(CChromeDriver.java:19)
	at org.openqa.selenium.remote.RemoteWebDriver.execute(RemoteWebDriver.java:609)
	at org.openqa.selenium.remote.RemoteWebDriver$RemoteWebDriverOptions$RemoteWindow.maximize(RemoteWebDriver.java:837)
	at org.openqa.selenium.support.events.EventFiringWebDriver$EventFiringWindow.maximize(EventFiringWebDriver.java:769)
	at com.kms.katalon.core.webui.keyword.builtin.MaximizeWindowKeyword$_maximizeWindow_closure1.doCall(MaximizeWindowKeyword.groovy:85)
	at com.kms.katalon.core.webui.keyword.builtin.MaximizeWindowKeyword$_maximizeWindow_closure1.call(MaximizeWindowKeyword.groovy)
	at com.kms.katalon.core.webui.keyword.internal.WebUIKeywordMain.runKeyword(WebUIKeywordMain.groovy:20)
	... 23 more


2021-02-19 16:46:58 - [TEST_STEP][PASSED] - excelTestData = findTestData("Data Files/TestData/InspectTestData"): null

2021-02-19 16:46:58 - [TEST_STEP][PASSED] - rigisterUN = excelTestData.getValue(2, 23): null

2021-02-19 16:46:58 - [TEST_STEP][PASSED] - rigisterPW = excelTestData.getValue(3, 23): null

2021-02-19 16:46:58 - [TEST_STEP][FAILED] - customKeywords.commanFunctions.uploadFileOfRegisterUser(280, rigisterUN, rigisterPW): Unable to maximize current window

2021-02-19 16:46:59 - [MESSAGE][INFO] - Starting 'Chrome' driver

2021-02-19 16:46:59 - [MESSAGE][INFO] - Action delay is set to 0 milliseconds

2021-02-19 16:47:04 - [MESSAGE][PASSED] - Browser is opened with url: 'https://Inspect.Stage.site.sa'

2021-02-19 16:47:04 - [MESSAGE][WARNING] - Cannot take screenshot

2021-02-19 16:47:04 - [MESSAGE][FAILED] - Unable to maximize current window (Root cause: com.kms.katalon.core.exception.StepFailedException: Unable to maximize current window
	at com.kms.katalon.core.webui.keyword.internal.WebUIKeywordMain.stepFailed(WebUIKeywordMain.groovy:64)
	at com.kms.katalon.core.webui.keyword.internal.WebUIKeywordMain.runKeyword(WebUIKeywordMain.groovy:26)
	at com.kms.katalon.core.webui.keyword.builtin.MaximizeWindowKeyword.maximizeWindow(MaximizeWindowKeyword.groovy:74)
	at com.kms.katalon.core.webui.keyword.builtin.MaximizeWindowKeyword.execute(MaximizeWindowKeyword.groovy:69)
	at com.kms.katalon.core.keyword.internal.KeywordExecutor.executeKeywordForPlatform(KeywordExecutor.groovy:73)
	at com.kms.katalon.core.webui.keyword.WebUiBuiltInKeywords.maximizeWindow(WebUiBuiltInKeywords.groovy:280)
	at com.kms.katalon.core.webui.keyword.WebUiBuiltInKeywords$maximizeWindow$0.call(Unknown Source)
	at customKeywords.commanFunctions.openBrowser(commanFunctions.groovy:48)
	at customKeywords.commanFunctions.uploadFileOfRegisterUser(commanFunctions.groovy:747)
	at customKeywords.commanFunctions.invokeMethod(commanFunctions.groovy)
	at com.kms.katalon.core.main.CustomKeywordDelegatingMetaClass.invokeStaticMethod(CustomKeywordDelegatingMetaClass.java:50)
	at TC_As a register user, Upload Multimedia File and verify Uploded file in Submission Page.run(TC_As a register user, Upload Multimedia File and verify Uploded file in Submission Page:16)
	at com.kms.katalon.core.main.ScriptEngine.run(ScriptEngine.java:194)
	at com.kms.katalon.core.main.ScriptEngine.runScriptAsRawText(ScriptEngine.java:119)
	at com.kms.katalon.core.main.TestCaseExecutor.runScript(TestCaseExecutor.java:394)
	at com.kms.katalon.core.main.TestCaseExecutor.doExecute(TestCaseExecutor.java:385)
	at com.kms.katalon.core.main.TestCaseExecutor.processExecutionPhase(TestCaseExecutor.java:364)
	at com.kms.katalon.core.main.TestCaseExecutor.accessMainPhase(TestCaseExecutor.java:356)
	at com.kms.katalon.core.main.TestCaseExecutor.execute(TestCaseExecutor.java:251)
	at com.kms.katalon.core.main.TestSuiteExecutor.accessTestCaseMainPhase(TestSuiteExecutor.java:203)
	at com.kms.katalon.core.main.TestSuiteExecutor.accessTestSuiteMainPhase(TestSuiteExecutor.java:152)
	at com.kms.katalon.core.main.TestSuiteExecutor.execute(TestSuiteExecutor.java:95)
	at com.kms.katalon.core.main.TestCaseMain.startTestSuite(TestCaseMain.java:157)
	at com.kms.katalon.core.main.TestCaseMain$startTestSuite$0.call(Unknown Source)
	at TempTestSuite1613733199540.run(TempTestSuite1613733199540.groovy:39)
Caused by: org.openqa.selenium.NoSuchWindowException: no such window: target window already closed
from unknown error: web view not found
  (Session info: chrome=86.0.4240.75)
Build info: version: '3.141.59', revision: 'e82be7d358', time: '2018-11-14T08:25:53'
System info: host: 'OMTPGCN1132568L', ip: '192.168.1.1', os.name: 'Windows 10', os.arch: 'amd64', os.version: '10.0', java.version: '1.8.0_181'
Driver info: com.kms.katalon.selenium.driver.CChromeDriver
Capabilities {acceptInsecureCerts: false, browserName: chrome, browserVersion: 86.0.4240.75, chrome: {chromedriverVersion: 86.0.4240.22 (398b0743353ff..., userDataDir: C:\Users\ashok\AppData\Loca...}, goog:chromeOptions: {debuggerAddress: localhost:50921}, javascriptEnabled: true, networkConnectionEnabled: false, pageLoadStrategy: normal, platform: WINDOWS, platformName: WINDOWS, proxy: Proxy(), setWindowRect: true, strictFileInteractability: false, timeouts: {implicit: 0, pageLoad: 300000, script: 30000}, unhandledPromptBehavior: dismiss and notify, webauthn:virtualAuthenticators: true}
Session ID: c4e80f37ed1341c858026bcbd653db6c
	at org.openqa.selenium.remote.http.W3CHttpResponseCodec.createException(W3CHttpResponseCodec.java:187)
	at org.openqa.selenium.remote.http.W3CHttpResponseCodec.decode(W3CHttpResponseCodec.java:122)
	at org.openqa.selenium.remote.http.W3CHttpResponseCodec.decode(W3CHttpResponseCodec.java:49)
	at org.openqa.selenium.remote.HttpCommandExecutor.execute(HttpCommandExecutor.java:158)
	at org.openqa.selenium.remote.service.DriverCommandExecutor.execute(DriverCommandExecutor.java:83)
	at org.openqa.selenium.remote.RemoteWebDriver.execute(RemoteWebDriver.java:552)
	at com.kms.katalon.selenium.driver.CChromeDriver.execute(CChromeDriver.java:19)
	at org.openqa.selenium.remote.RemoteWebDriver.execute(RemoteWebDriver.java:609)
	at org.openqa.selenium.remote.RemoteWebDriver$RemoteWebDriverOptions$RemoteWindow.maximize(RemoteWebDriver.java:837)
	at org.openqa.selenium.support.events.EventFiringWebDriver$EventFiringWindow.maximize(EventFiringWebDriver.java:769)
	at com.kms.katalon.core.webui.keyword.builtin.MaximizeWindowKeyword$_maximizeWindow_closure1.doCall(MaximizeWindowKeyword.groovy:85)
	at com.kms.katalon.core.webui.keyword.builtin.MaximizeWindowKeyword$_maximizeWindow_closure1.call(MaximizeWindowKeyword.groovy)
	at com.kms.katalon.core.webui.keyword.internal.WebUIKeywordMain.runKeyword(WebUIKeywordMain.groovy:20)
	at com.kms.katalon.core.webui.keyword.builtin.MaximizeWindowKeyword.maximizeWindow(MaximizeWindowKeyword.groovy:74)
	at com.kms.katalon.core.webui.keyword.builtin.MaximizeWindowKeyword.execute(MaximizeWindowKeyword.groovy:69)
	at com.kms.katalon.core.keyword.internal.KeywordExecutor.executeKeywordForPlatform(KeywordExecutor.groovy:73)
	at com.kms.katalon.core.webui.keyword.WebUiBuiltInKeywords.maximizeWindow(WebUiBuiltInKeywords.groovy:280)
	at com.kms.katalon.core.webui.keyword.WebUiBuiltInKeywords$maximizeWindow$0.call(Unknown Source)
	at customKeywords.commanFunctions.openBrowser(commanFunctions.groovy:48)
	at customKeywords.commanFunctions.uploadFileOfRegisterUser(commanFunctions.groovy:747)
	at customKeywords.commanFunctions.invokeMethod(commanFunctions.groovy)
	at com.kms.katalon.core.main.CustomKeywordDelegatingMetaClass.invokeStaticMethod(CustomKeywordDelegatingMetaClass.java:50)
	at Script1613387756286.run(Script1613387756286.groovy:16)
	... 13 more
)

2021-02-19 16:47:04 - [MESSAGE][FAILED] - Unable to maximize current window

2021-02-19 16:47:04 - [TEST_STEP][PASSED] - Start tear down : tearDownMethodIfFailed: Method 'tearDownMethodIfFailed' complete successfully

2021-02-19 16:47:04 - [TEST_STEP][PASSED] - customKeywords.commanFunctions.onlyCloseBrowser(): customKeywords.commanFunctions.onlyCloseBrowser is PASSED

2021-02-19 16:47:05 - [MESSAGE][PASSED] - Browser is closed

2021-02-19 16:47:05 - [MESSAGE][PASSED] - customKeywords.commanFunctions.onlyCloseBrowser is PASSED

2021-02-19 16:47:05 - [TEST_STEP][PASSED] - logInfo("[--------This is tearDownIfFailed method------]"): [--------This is tearDownIfFailed method------]

2021-02-19 16:47:05 - [MESSAGE][INFO] - [--------This is tearDownIfFailed method------]

2021-02-19 16:47:05 - [MESSAGE][PASSED] - Method 'tearDownMethodIfFailed' complete successfully]]></system-out>
         <system-err><![CDATA[2021-02-19 16:46:58 - [TEST_CASE][FAILED] - Test Cases/UploadDiffFiles_RegisterUser/TC_As a register user, Upload Multimedia File and verify Uploded file in Submission Page: Test Cases/UploadDiffFiles_RegisterUser/TC_As a register user, Upload Multimedia File and verify Uploded file in Submission Page FAILED.
Reason:
com.kms.katalon.core.exception.StepFailedException: Unable to maximize current window
	at com.kms.katalon.core.webui.keyword.internal.WebUIKeywordMain.stepFailed(WebUIKeywordMain.groovy:64)
	at com.kms.katalon.core.webui.keyword.internal.WebUIKeywordMain.runKeyword(WebUIKeywordMain.groovy:26)
	at com.kms.katalon.core.webui.keyword.builtin.MaximizeWindowKeyword.maximizeWindow(MaximizeWindowKeyword.groovy:74)
	at com.kms.katalon.core.webui.keyword.builtin.MaximizeWindowKeyword.execute(MaximizeWindowKeyword.groovy:69)
	at com.kms.katalon.core.keyword.internal.KeywordExecutor.executeKeywordForPlatform(KeywordExecutor.groovy:73)
	at com.kms.katalon.core.webui.keyword.WebUiBuiltInKeywords.maximizeWindow(WebUiBuiltInKeywords.groovy:280)
	at com.kms.katalon.core.webui.keyword.WebUiBuiltInKeywords$maximizeWindow$0.call(Unknown Source)
	at customKeywords.commanFunctions.openBrowser(commanFunctions.groovy:48)
	at customKeywords.commanFunctions.uploadFileOfRegisterUser(commanFunctions.groovy:747)
	at customKeywords.commanFunctions.invokeMethod(commanFunctions.groovy)
	at com.kms.katalon.core.main.CustomKeywordDelegatingMetaClass.invokeStaticMethod(CustomKeywordDelegatingMetaClass.java:50)
	at TC_As a register user, Upload Multimedia File and verify Uploded file in Submission Page.run(TC_As a register user, Upload Multimedia File and verify Uploded file in Submission Page:16)
	at com.kms.katalon.core.main.ScriptEngine.run(ScriptEngine.java:194)
	at com.kms.katalon.core.main.ScriptEngine.runScriptAsRawText(ScriptEngine.java:119)
	at com.kms.katalon.core.main.TestCaseExecutor.runScript(TestCaseExecutor.java:394)
	at com.kms.katalon.core.main.TestCaseExecutor.doExecute(TestCaseExecutor.java:385)
	at com.kms.katalon.core.main.TestCaseExecutor.processExecutionPhase(TestCaseExecutor.java:364)
	at com.kms.katalon.core.main.TestCaseExecutor.accessMainPhase(TestCaseExecutor.java:356)
	at com.kms.katalon.core.main.TestCaseExecutor.execute(TestCaseExecutor.java:251)
	at com.kms.katalon.core.main.TestSuiteExecutor.accessTestCaseMainPhase(TestSuiteExecutor.java:203)
	at com.kms.katalon.core.main.TestSuiteExecutor.accessTestSuiteMainPhase(TestSuiteExecutor.java:152)
	at com.kms.katalon.core.main.TestSuiteExecutor.execute(TestSuiteExecutor.java:95)
	at com.kms.katalon.core.main.TestCaseMain.startTestSuite(TestCaseMain.java:157)
	at com.kms.katalon.core.main.TestCaseMain$startTestSuite$0.call(Unknown Source)
	at TempTestSuite1613733199540.run(TempTestSuite1613733199540.groovy:39)
Caused by: org.openqa.selenium.NoSuchWindowException: no such window: target window already closed
from unknown error: web view not found
  (Session info: chrome=86.0.4240.75)
Build info: version: '3.141.59', revision: 'e82be7d358', time: '2018-11-14T08:25:53'
System info: host: 'OMTPGCN1132568L', ip: '192.168.1.1', os.name: 'Windows 10', os.arch: 'amd64', os.version: '10.0', java.version: '1.8.0_181'
Driver info: com.kms.katalon.selenium.driver.CChromeDriver
Capabilities {acceptInsecureCerts: false, browserName: chrome, browserVersion: 86.0.4240.75, chrome: {chromedriverVersion: 86.0.4240.22 (398b0743353ff..., userDataDir: C:\Users\ashok\AppData\Loca...}, goog:chromeOptions: {debuggerAddress: localhost:50921}, javascriptEnabled: true, networkConnectionEnabled: false, pageLoadStrategy: normal, platform: WINDOWS, platformName: WINDOWS, proxy: Proxy(), setWindowRect: true, strictFileInteractability: false, timeouts: {implicit: 0, pageLoad: 300000, script: 30000}, unhandledPromptBehavior: dismiss and notify, webauthn:virtualAuthenticators: true}
Session ID: c4e80f37ed1341c858026bcbd653db6c
	at org.openqa.selenium.remote.http.W3CHttpResponseCodec.createException(W3CHttpResponseCodec.java:187)
	at org.openqa.selenium.remote.http.W3CHttpResponseCodec.decode(W3CHttpResponseCodec.java:122)
	at org.openqa.selenium.remote.http.W3CHttpResponseCodec.decode(W3CHttpResponseCodec.java:49)
	at org.openqa.selenium.remote.HttpCommandExecutor.execute(HttpCommandExecutor.java:158)
	at org.openqa.selenium.remote.service.DriverCommandExecutor.execute(DriverCommandExecutor.java:83)
	at org.openqa.selenium.remote.RemoteWebDriver.execute(RemoteWebDriver.java:552)
	at com.kms.katalon.selenium.driver.CChromeDriver.execute(CChromeDriver.java:19)
	at org.openqa.selenium.remote.RemoteWebDriver.execute(RemoteWebDriver.java:609)
	at org.openqa.selenium.remote.RemoteWebDriver$RemoteWebDriverOptions$RemoteWindow.maximize(RemoteWebDriver.java:837)
	at org.openqa.selenium.support.events.EventFiringWebDriver$EventFiringWindow.maximize(EventFiringWebDriver.java:769)
	at com.kms.katalon.core.webui.keyword.builtin.MaximizeWindowKeyword$_maximizeWindow_closure1.doCall(MaximizeWindowKeyword.groovy:85)
	at com.kms.katalon.core.webui.keyword.builtin.MaximizeWindowKeyword$_maximizeWindow_closure1.call(MaximizeWindowKeyword.groovy)
	at com.kms.katalon.core.webui.keyword.internal.WebUIKeywordMain.runKeyword(WebUIKeywordMain.groovy:20)
	... 23 more]]></system-err>
      </testcase>
      <testcase name="Test Cases/UploadDiffFiles_RegisterUser/TC_As a register user, Upload PaintShop Pro File and verify Uploded file in Submission Page" time="13.65" classname="Test Cases/UploadDiffFiles_RegisterUser/TC_As a register user, Upload PaintShop Pro File and verify Uploded file in Submission Page" status="FAILED">
         <failure type="FAILED" message="Test Cases/UploadDiffFiles_RegisterUser/TC_As a register user, Upload PaintShop Pro File and verify Uploded file in Submission Page FAILED.
Reason:
com.kms.katalon.core.exception.StepFailedException: Unable to open browser with url: 'https://Inspect.Stage.site.sa'
	at com.kms.katalon.core.webui.keyword.internal.WebUIKeywordMain.stepFailed(WebUIKeywordMain.groovy:64)
	at com.kms.katalon.core.webui.keyword.internal.WebUIKeywordMain.runKeyword(WebUIKeywordMain.groovy:26)
	at com.kms.katalon.core.webui.keyword.builtin.OpenBrowserKeyword.openBrowser(OpenBrowserKeyword.groovy:81)
	at com.kms.katalon.core.webui.keyword.builtin.OpenBrowserKeyword.execute(OpenBrowserKeyword.groovy:67)
	at com.kms.katalon.core.keyword.internal.KeywordExecutor.executeKeywordForPlatform(KeywordExecutor.groovy:73)
	at com.kms.katalon.core.webui.keyword.WebUiBuiltInKeywords.openBrowser(WebUiBuiltInKeywords.groovy:61)
	at com.kms.katalon.core.webui.keyword.WebUiBuiltInKeywords$openBrowser.call(Unknown Source)
	at customKeywords.commanFunctions.openBrowser(commanFunctions.groovy:47)
	at customKeywords.commanFunctions.uploadFileOfRegisterUser(commanFunctions.groovy:747)
	at customKeywords.commanFunctions.invokeMethod(commanFunctions.groovy)
	at com.kms.katalon.core.main.CustomKeywordDelegatingMetaClass.invokeStaticMethod(CustomKeywordDelegatingMetaClass.java:50)
	at TC_As a register user, Upload PaintShop Pro File and verify Uploded file in Submission Page.run(TC_As a register user, Upload PaintShop Pro File and verify Uploded file in Submission Page:16)
	at com.kms.katalon.core.main.ScriptEngine.run(ScriptEngine.java:194)
	at com.kms.katalon.core.main.ScriptEngine.runScriptAsRawText(ScriptEngine.java:119)
	at com.kms.katalon.core.main.TestCaseExecutor.runScript(TestCaseExecutor.java:394)
	at com.kms.katalon.core.main.TestCaseExecutor.doExecute(TestCaseExecutor.java:385)
	at com.kms.katalon.core.main.TestCaseExecutor.processExecutionPhase(TestCaseExecutor.java:364)
	at com.kms.katalon.core.main.TestCaseExecutor.accessMainPhase(TestCaseExecutor.java:356)
	at com.kms.katalon.core.main.TestCaseExecutor.execute(TestCaseExecutor.java:251)
	at com.kms.katalon.core.main.TestSuiteExecutor.accessTestCaseMainPhase(TestSuiteExecutor.java:203)
	at com.kms.katalon.core.main.TestSuiteExecutor.accessTestSuiteMainPhase(TestSuiteExecutor.java:152)
	at com.kms.katalon.core.main.TestSuiteExecutor.execute(TestSuiteExecutor.java:95)
	at com.kms.katalon.core.main.TestCaseMain.startTestSuite(TestCaseMain.java:157)
	at com.kms.katalon.core.main.TestCaseMain$startTestSuite$0.call(Unknown Source)
	at TempTestSuite1613733199540.run(TempTestSuite1613733199540.groovy:39)
Caused by: org.openqa.selenium.SessionNotCreatedException: session not created
from chrome not reachable
  (Session info: chrome=86.0.4240.75)
Build info: version: '3.141.59', revision: 'e82be7d358', time: '2018-11-14T08:25:53'
System info: host: 'OMTPGCN1132568L', ip: '192.168.1.1', os.name: 'Windows 10', os.arch: 'amd64', os.version: '10.0', java.version: '1.8.0_181'
Driver info: driver.version: CChromeDriver
remote stacktrace: Backtrace:
	Ordinal0 [0x00A8C013+3194899]
	Ordinal0 [0x00976021+2056225]
	Ordinal0 [0x0080F4B0+586928]
	Ordinal0 [0x00805894+546964]
	Ordinal0 [0x00805F2C+548652]
	Ordinal0 [0x00807175+553333]
	Ordinal0 [0x0080241E+533534]
	Ordinal0 [0x00810620+591392]
	Ordinal0 [0x007B2A0C+207372]
	Ordinal0 [0x007B1D0D+204045]
	Ordinal0 [0x007AFC1B+195611]
	Ordinal0 [0x00793B7F+80767]
	Ordinal0 [0x00794B4E+84814]
	Ordinal0 [0x00794AD9+84697]
	Ordinal0 [0x0098CE64+2149988]
	GetHandleVerifier [0x00BFBE95+1400773]
	GetHandleVerifier [0x00BFBB61+1399953]
	GetHandleVerifier [0x00C031FA+1430314]
	GetHandleVerifier [0x00BFC69F+1402831]
	Ordinal0 [0x00983D61+2112865]
	Ordinal0 [0x0098E5CB+2155979]
	Ordinal0 [0x0098E6F5+2156277]
	Ordinal0 [0x0099F26E+2224750]
	BaseThreadInitThunk [0x77026359+25]
	RtlGetAppContainerNamedObjectPath [0x77BD8944+228]
	RtlGetAppContainerNamedObjectPath [0x77BD8914+180]

	at org.openqa.selenium.remote.W3CHandshakeResponse.lambda$errorHandler$0(W3CHandshakeResponse.java:62)
	at org.openqa.selenium.remote.HandshakeResponse.lambda$getResponseFunction$0(HandshakeResponse.java:30)
	at org.openqa.selenium.remote.ProtocolHandshake.lambda$createSession$0(ProtocolHandshake.java:126)
	at org.openqa.selenium.remote.ProtocolHandshake.createSession(ProtocolHandshake.java:128)
	at org.openqa.selenium.remote.ProtocolHandshake.createSession(ProtocolHandshake.java:74)
	at org.openqa.selenium.remote.HttpCommandExecutor.execute(HttpCommandExecutor.java:136)
	at org.openqa.selenium.remote.service.DriverCommandExecutor.execute(DriverCommandExecutor.java:83)
	at org.openqa.selenium.remote.RemoteWebDriver.execute(RemoteWebDriver.java:552)
	at com.kms.katalon.selenium.driver.CChromeDriver.execute(CChromeDriver.java:19)
	at org.openqa.selenium.remote.RemoteWebDriver.startSession(RemoteWebDriver.java:213)
	at org.openqa.selenium.remote.RemoteWebDriver.&lt;init>(RemoteWebDriver.java:131)
	at org.openqa.selenium.chrome.ChromeDriver.&lt;init>(ChromeDriver.java:181)
	at org.openqa.selenium.chrome.ChromeDriver.&lt;init>(ChromeDriver.java:147)
	at com.kms.katalon.selenium.driver.CChromeDriver.&lt;init>(CChromeDriver.java:13)
	at com.kms.katalon.core.webui.driver.DriverFactory.createNewChromeDriver(DriverFactory.java:400)
	at com.kms.katalon.core.webui.driver.DriverFactory.startNewBrowser(DriverFactory.java:358)
	at com.kms.katalon.core.webui.driver.DriverFactory.openWebDriver(DriverFactory.java:245)
	at com.kms.katalon.core.webui.keyword.builtin.OpenBrowserKeyword$_openBrowser_closure1.doCall(OpenBrowserKeyword.groovy:74)
	at com.kms.katalon.core.webui.keyword.builtin.OpenBrowserKeyword$_openBrowser_closure1.call(OpenBrowserKeyword.groovy)
	at com.kms.katalon.core.webui.keyword.internal.WebUIKeywordMain.runKeyword(WebUIKeywordMain.groovy:20)
	... 23 more
"/>
         <system-out><![CDATA[2021-02-19 16:47:05 - [TEST_CASE][FAILED] - Test Cases/UploadDiffFiles_RegisterUser/TC_As a register user, Upload PaintShop Pro File and verify Uploded file in Submission Page: Test Cases/UploadDiffFiles_RegisterUser/TC_As a register user, Upload PaintShop Pro File and verify Uploded file in Submission Page FAILED.
Reason:
com.kms.katalon.core.exception.StepFailedException: Unable to open browser with url: 'https://Inspect.Stage.site.sa'
	at com.kms.katalon.core.webui.keyword.internal.WebUIKeywordMain.stepFailed(WebUIKeywordMain.groovy:64)
	at com.kms.katalon.core.webui.keyword.internal.WebUIKeywordMain.runKeyword(WebUIKeywordMain.groovy:26)
	at com.kms.katalon.core.webui.keyword.builtin.OpenBrowserKeyword.openBrowser(OpenBrowserKeyword.groovy:81)
	at com.kms.katalon.core.webui.keyword.builtin.OpenBrowserKeyword.execute(OpenBrowserKeyword.groovy:67)
	at com.kms.katalon.core.keyword.internal.KeywordExecutor.executeKeywordForPlatform(KeywordExecutor.groovy:73)
	at com.kms.katalon.core.webui.keyword.WebUiBuiltInKeywords.openBrowser(WebUiBuiltInKeywords.groovy:61)
	at com.kms.katalon.core.webui.keyword.WebUiBuiltInKeywords$openBrowser.call(Unknown Source)
	at customKeywords.commanFunctions.openBrowser(commanFunctions.groovy:47)
	at customKeywords.commanFunctions.uploadFileOfRegisterUser(commanFunctions.groovy:747)
	at customKeywords.commanFunctions.invokeMethod(commanFunctions.groovy)
	at com.kms.katalon.core.main.CustomKeywordDelegatingMetaClass.invokeStaticMethod(CustomKeywordDelegatingMetaClass.java:50)
	at TC_As a register user, Upload PaintShop Pro File and verify Uploded file in Submission Page.run(TC_As a register user, Upload PaintShop Pro File and verify Uploded file in Submission Page:16)
	at com.kms.katalon.core.main.ScriptEngine.run(ScriptEngine.java:194)
	at com.kms.katalon.core.main.ScriptEngine.runScriptAsRawText(ScriptEngine.java:119)
	at com.kms.katalon.core.main.TestCaseExecutor.runScript(TestCaseExecutor.java:394)
	at com.kms.katalon.core.main.TestCaseExecutor.doExecute(TestCaseExecutor.java:385)
	at com.kms.katalon.core.main.TestCaseExecutor.processExecutionPhase(TestCaseExecutor.java:364)
	at com.kms.katalon.core.main.TestCaseExecutor.accessMainPhase(TestCaseExecutor.java:356)
	at com.kms.katalon.core.main.TestCaseExecutor.execute(TestCaseExecutor.java:251)
	at com.kms.katalon.core.main.TestSuiteExecutor.accessTestCaseMainPhase(TestSuiteExecutor.java:203)
	at com.kms.katalon.core.main.TestSuiteExecutor.accessTestSuiteMainPhase(TestSuiteExecutor.java:152)
	at com.kms.katalon.core.main.TestSuiteExecutor.execute(TestSuiteExecutor.java:95)
	at com.kms.katalon.core.main.TestCaseMain.startTestSuite(TestCaseMain.java:157)
	at com.kms.katalon.core.main.TestCaseMain$startTestSuite$0.call(Unknown Source)
	at TempTestSuite1613733199540.run(TempTestSuite1613733199540.groovy:39)
Caused by: org.openqa.selenium.SessionNotCreatedException: session not created
from chrome not reachable
  (Session info: chrome=86.0.4240.75)
Build info: version: '3.141.59', revision: 'e82be7d358', time: '2018-11-14T08:25:53'
System info: host: 'OMTPGCN1132568L', ip: '192.168.1.1', os.name: 'Windows 10', os.arch: 'amd64', os.version: '10.0', java.version: '1.8.0_181'
Driver info: driver.version: CChromeDriver
remote stacktrace: Backtrace:
	Ordinal0 [0x00A8C013+3194899]
	Ordinal0 [0x00976021+2056225]
	Ordinal0 [0x0080F4B0+586928]
	Ordinal0 [0x00805894+546964]
	Ordinal0 [0x00805F2C+548652]
	Ordinal0 [0x00807175+553333]
	Ordinal0 [0x0080241E+533534]
	Ordinal0 [0x00810620+591392]
	Ordinal0 [0x007B2A0C+207372]
	Ordinal0 [0x007B1D0D+204045]
	Ordinal0 [0x007AFC1B+195611]
	Ordinal0 [0x00793B7F+80767]
	Ordinal0 [0x00794B4E+84814]
	Ordinal0 [0x00794AD9+84697]
	Ordinal0 [0x0098CE64+2149988]
	GetHandleVerifier [0x00BFBE95+1400773]
	GetHandleVerifier [0x00BFBB61+1399953]
	GetHandleVerifier [0x00C031FA+1430314]
	GetHandleVerifier [0x00BFC69F+1402831]
	Ordinal0 [0x00983D61+2112865]
	Ordinal0 [0x0098E5CB+2155979]
	Ordinal0 [0x0098E6F5+2156277]
	Ordinal0 [0x0099F26E+2224750]
	BaseThreadInitThunk [0x77026359+25]
	RtlGetAppContainerNamedObjectPath [0x77BD8944+228]
	RtlGetAppContainerNamedObjectPath [0x77BD8914+180]

	at org.openqa.selenium.remote.W3CHandshakeResponse.lambda$errorHandler$0(W3CHandshakeResponse.java:62)
	at org.openqa.selenium.remote.HandshakeResponse.lambda$getResponseFunction$0(HandshakeResponse.java:30)
	at org.openqa.selenium.remote.ProtocolHandshake.lambda$createSession$0(ProtocolHandshake.java:126)
	at org.openqa.selenium.remote.ProtocolHandshake.createSession(ProtocolHandshake.java:128)
	at org.openqa.selenium.remote.ProtocolHandshake.createSession(ProtocolHandshake.java:74)
	at org.openqa.selenium.remote.HttpCommandExecutor.execute(HttpCommandExecutor.java:136)
	at org.openqa.selenium.remote.service.DriverCommandExecutor.execute(DriverCommandExecutor.java:83)
	at org.openqa.selenium.remote.RemoteWebDriver.execute(RemoteWebDriver.java:552)
	at com.kms.katalon.selenium.driver.CChromeDriver.execute(CChromeDriver.java:19)
	at org.openqa.selenium.remote.RemoteWebDriver.startSession(RemoteWebDriver.java:213)
	at org.openqa.selenium.remote.RemoteWebDriver.<init>(RemoteWebDriver.java:131)
	at org.openqa.selenium.chrome.ChromeDriver.<init>(ChromeDriver.java:181)
	at org.openqa.selenium.chrome.ChromeDriver.<init>(ChromeDriver.java:147)
	at com.kms.katalon.selenium.driver.CChromeDriver.<init>(CChromeDriver.java:13)
	at com.kms.katalon.core.webui.driver.DriverFactory.createNewChromeDriver(DriverFactory.java:400)
	at com.kms.katalon.core.webui.driver.DriverFactory.startNewBrowser(DriverFactory.java:358)
	at com.kms.katalon.core.webui.driver.DriverFactory.openWebDriver(DriverFactory.java:245)
	at com.kms.katalon.core.webui.keyword.builtin.OpenBrowserKeyword$_openBrowser_closure1.doCall(OpenBrowserKeyword.groovy:74)
	at com.kms.katalon.core.webui.keyword.builtin.OpenBrowserKeyword$_openBrowser_closure1.call(OpenBrowserKeyword.groovy)
	at com.kms.katalon.core.webui.keyword.internal.WebUIKeywordMain.runKeyword(WebUIKeywordMain.groovy:20)
	... 23 more


2021-02-19 16:47:05 - [TEST_STEP][PASSED] - excelTestData = findTestData("Data Files/TestData/InspectTestData"): null

2021-02-19 16:47:05 - [TEST_STEP][PASSED] - rigisterUN = excelTestData.getValue(6, 23): null

2021-02-19 16:47:05 - [TEST_STEP][PASSED] - rigisterPW = excelTestData.getValue(3, 23): null

2021-02-19 16:47:05 - [TEST_STEP][FAILED] - customKeywords.commanFunctions.uploadFileOfRegisterUser(313, rigisterUN, rigisterPW): Unable to open browser with url: 'https://Inspect.Stage.site.sa'

2021-02-19 16:47:05 - [MESSAGE][INFO] - Starting 'Chrome' driver

2021-02-19 16:47:05 - [MESSAGE][INFO] - Action delay is set to 0 milliseconds

2021-02-19 16:47:18 - [MESSAGE][FAILED] - Unable to open browser with url: 'https://Inspect.Stage.site.sa' (Root cause: com.kms.katalon.core.exception.StepFailedException: Unable to open browser with url: 'https://Inspect.Stage.site.sa'
	at com.kms.katalon.core.webui.keyword.internal.WebUIKeywordMain.stepFailed(WebUIKeywordMain.groovy:64)
	at com.kms.katalon.core.webui.keyword.internal.WebUIKeywordMain.runKeyword(WebUIKeywordMain.groovy:26)
	at com.kms.katalon.core.webui.keyword.builtin.OpenBrowserKeyword.openBrowser(OpenBrowserKeyword.groovy:81)
	at com.kms.katalon.core.webui.keyword.builtin.OpenBrowserKeyword.execute(OpenBrowserKeyword.groovy:67)
	at com.kms.katalon.core.keyword.internal.KeywordExecutor.executeKeywordForPlatform(KeywordExecutor.groovy:73)
	at com.kms.katalon.core.webui.keyword.WebUiBuiltInKeywords.openBrowser(WebUiBuiltInKeywords.groovy:61)
	at com.kms.katalon.core.webui.keyword.WebUiBuiltInKeywords$openBrowser.call(Unknown Source)
	at customKeywords.commanFunctions.openBrowser(commanFunctions.groovy:47)
	at customKeywords.commanFunctions.uploadFileOfRegisterUser(commanFunctions.groovy:747)
	at customKeywords.commanFunctions.invokeMethod(commanFunctions.groovy)
	at com.kms.katalon.core.main.CustomKeywordDelegatingMetaClass.invokeStaticMethod(CustomKeywordDelegatingMetaClass.java:50)
	at TC_As a register user, Upload PaintShop Pro File and verify Uploded file in Submission Page.run(TC_As a register user, Upload PaintShop Pro File and verify Uploded file in Submission Page:16)
	at com.kms.katalon.core.main.ScriptEngine.run(ScriptEngine.java:194)
	at com.kms.katalon.core.main.ScriptEngine.runScriptAsRawText(ScriptEngine.java:119)
	at com.kms.katalon.core.main.TestCaseExecutor.runScript(TestCaseExecutor.java:394)
	at com.kms.katalon.core.main.TestCaseExecutor.doExecute(TestCaseExecutor.java:385)
	at com.kms.katalon.core.main.TestCaseExecutor.processExecutionPhase(TestCaseExecutor.java:364)
	at com.kms.katalon.core.main.TestCaseExecutor.accessMainPhase(TestCaseExecutor.java:356)
	at com.kms.katalon.core.main.TestCaseExecutor.execute(TestCaseExecutor.java:251)
	at com.kms.katalon.core.main.TestSuiteExecutor.accessTestCaseMainPhase(TestSuiteExecutor.java:203)
	at com.kms.katalon.core.main.TestSuiteExecutor.accessTestSuiteMainPhase(TestSuiteExecutor.java:152)
	at com.kms.katalon.core.main.TestSuiteExecutor.execute(TestSuiteExecutor.java:95)
	at com.kms.katalon.core.main.TestCaseMain.startTestSuite(TestCaseMain.java:157)
	at com.kms.katalon.core.main.TestCaseMain$startTestSuite$0.call(Unknown Source)
	at TempTestSuite1613733199540.run(TempTestSuite1613733199540.groovy:39)
Caused by: org.openqa.selenium.SessionNotCreatedException: session not created
from chrome not reachable
  (Session info: chrome=86.0.4240.75)
Build info: version: '3.141.59', revision: 'e82be7d358', time: '2018-11-14T08:25:53'
System info: host: 'OMTPGCN1132568L', ip: '192.168.1.1', os.name: 'Windows 10', os.arch: 'amd64', os.version: '10.0', java.version: '1.8.0_181'
Driver info: driver.version: CChromeDriver
remote stacktrace: Backtrace:
	Ordinal0 [0x00A8C013+3194899]
	Ordinal0 [0x00976021+2056225]
	Ordinal0 [0x0080F4B0+586928]
	Ordinal0 [0x00805894+546964]
	Ordinal0 [0x00805F2C+548652]
	Ordinal0 [0x00807175+553333]
	Ordinal0 [0x0080241E+533534]
	Ordinal0 [0x00810620+591392]
	Ordinal0 [0x007B2A0C+207372]
	Ordinal0 [0x007B1D0D+204045]
	Ordinal0 [0x007AFC1B+195611]
	Ordinal0 [0x00793B7F+80767]
	Ordinal0 [0x00794B4E+84814]
	Ordinal0 [0x00794AD9+84697]
	Ordinal0 [0x0098CE64+2149988]
	GetHandleVerifier [0x00BFBE95+1400773]
	GetHandleVerifier [0x00BFBB61+1399953]
	GetHandleVerifier [0x00C031FA+1430314]
	GetHandleVerifier [0x00BFC69F+1402831]
	Ordinal0 [0x00983D61+2112865]
	Ordinal0 [0x0098E5CB+2155979]
	Ordinal0 [0x0098E6F5+2156277]
	Ordinal0 [0x0099F26E+2224750]
	BaseThreadInitThunk [0x77026359+25]
	RtlGetAppContainerNamedObjectPath [0x77BD8944+228]
	RtlGetAppContainerNamedObjectPath [0x77BD8914+180]

	at org.openqa.selenium.remote.W3CHandshakeResponse.lambda$errorHandler$0(W3CHandshakeResponse.java:62)
	at org.openqa.selenium.remote.HandshakeResponse.lambda$getResponseFunction$0(HandshakeResponse.java:30)
	at org.openqa.selenium.remote.ProtocolHandshake.lambda$createSession$0(ProtocolHandshake.java:126)
	at org.openqa.selenium.remote.ProtocolHandshake.createSession(ProtocolHandshake.java:128)
	at org.openqa.selenium.remote.ProtocolHandshake.createSession(ProtocolHandshake.java:74)
	at org.openqa.selenium.remote.HttpCommandExecutor.execute(HttpCommandExecutor.java:136)
	at org.openqa.selenium.remote.service.DriverCommandExecutor.execute(DriverCommandExecutor.java:83)
	at org.openqa.selenium.remote.RemoteWebDriver.execute(RemoteWebDriver.java:552)
	at com.kms.katalon.selenium.driver.CChromeDriver.execute(CChromeDriver.java:19)
	at org.openqa.selenium.remote.RemoteWebDriver.startSession(RemoteWebDriver.java:213)
	at org.openqa.selenium.remote.RemoteWebDriver.<init>(RemoteWebDriver.java:131)
	at org.openqa.selenium.chrome.ChromeDriver.<init>(ChromeDriver.java:181)
	at org.openqa.selenium.chrome.ChromeDriver.<init>(ChromeDriver.java:147)
	at com.kms.katalon.selenium.driver.CChromeDriver.<init>(CChromeDriver.java:13)
	at com.kms.katalon.core.webui.driver.DriverFactory.createNewChromeDriver(DriverFactory.java:400)
	at com.kms.katalon.core.webui.driver.DriverFactory.startNewBrowser(DriverFactory.java:358)
	at com.kms.katalon.core.webui.driver.DriverFactory.openWebDriver(DriverFactory.java:245)
	at com.kms.katalon.core.webui.keyword.builtin.OpenBrowserKeyword$_openBrowser_closure1.doCall(OpenBrowserKeyword.groovy:74)
	at com.kms.katalon.core.webui.keyword.builtin.OpenBrowserKeyword$_openBrowser_closure1.call(OpenBrowserKeyword.groovy)
	at com.kms.katalon.core.webui.keyword.internal.WebUIKeywordMain.runKeyword(WebUIKeywordMain.groovy:20)
	at com.kms.katalon.core.webui.keyword.builtin.OpenBrowserKeyword.openBrowser(OpenBrowserKeyword.groovy:81)
	at com.kms.katalon.core.webui.keyword.builtin.OpenBrowserKeyword.execute(OpenBrowserKeyword.groovy:67)
	at com.kms.katalon.core.keyword.internal.KeywordExecutor.executeKeywordForPlatform(KeywordExecutor.groovy:73)
	at com.kms.katalon.core.webui.keyword.WebUiBuiltInKeywords.openBrowser(WebUiBuiltInKeywords.groovy:61)
	at com.kms.katalon.core.webui.keyword.WebUiBuiltInKeywords$openBrowser.call(Unknown Source)
	at customKeywords.commanFunctions.openBrowser(commanFunctions.groovy:47)
	at customKeywords.commanFunctions.uploadFileOfRegisterUser(commanFunctions.groovy:747)
	at customKeywords.commanFunctions.invokeMethod(commanFunctions.groovy)
	at com.kms.katalon.core.main.CustomKeywordDelegatingMetaClass.invokeStaticMethod(CustomKeywordDelegatingMetaClass.java:50)
	at Script1613387155796.run(Script1613387155796.groovy:16)
	... 13 more
)

2021-02-19 16:47:18 - [MESSAGE][FAILED] - Unable to open browser with url: 'https://Inspect.Stage.site.sa'

2021-02-19 16:47:18 - [TEST_STEP][PASSED] - Start tear down : tearDownMethodIfFailed: Method 'tearDownMethodIfFailed' complete successfully

2021-02-19 16:47:18 - [TEST_STEP][PASSED] - customKeywords.commanFunctions.onlyCloseBrowser(): customKeywords.commanFunctions.onlyCloseBrowser is PASSED

2021-02-19 16:47:18 - [MESSAGE][PASSED] - Browser is closed

2021-02-19 16:47:18 - [MESSAGE][PASSED] - customKeywords.commanFunctions.onlyCloseBrowser is PASSED

2021-02-19 16:47:18 - [TEST_STEP][PASSED] - logInfo("[--------This is tearDownIfFailed method------]"): [--------This is tearDownIfFailed method------]

2021-02-19 16:47:18 - [MESSAGE][INFO] - [--------This is tearDownIfFailed method------]

2021-02-19 16:47:18 - [MESSAGE][PASSED] - Method 'tearDownMethodIfFailed' complete successfully]]></system-out>
         <system-err><![CDATA[2021-02-19 16:47:05 - [TEST_CASE][FAILED] - Test Cases/UploadDiffFiles_RegisterUser/TC_As a register user, Upload PaintShop Pro File and verify Uploded file in Submission Page: Test Cases/UploadDiffFiles_RegisterUser/TC_As a register user, Upload PaintShop Pro File and verify Uploded file in Submission Page FAILED.
Reason:
com.kms.katalon.core.exception.StepFailedException: Unable to open browser with url: 'https://Inspect.Stage.site.sa'
	at com.kms.katalon.core.webui.keyword.internal.WebUIKeywordMain.stepFailed(WebUIKeywordMain.groovy:64)
	at com.kms.katalon.core.webui.keyword.internal.WebUIKeywordMain.runKeyword(WebUIKeywordMain.groovy:26)
	at com.kms.katalon.core.webui.keyword.builtin.OpenBrowserKeyword.openBrowser(OpenBrowserKeyword.groovy:81)
	at com.kms.katalon.core.webui.keyword.builtin.OpenBrowserKeyword.execute(OpenBrowserKeyword.groovy:67)
	at com.kms.katalon.core.keyword.internal.KeywordExecutor.executeKeywordForPlatform(KeywordExecutor.groovy:73)
	at com.kms.katalon.core.webui.keyword.WebUiBuiltInKeywords.openBrowser(WebUiBuiltInKeywords.groovy:61)
	at com.kms.katalon.core.webui.keyword.WebUiBuiltInKeywords$openBrowser.call(Unknown Source)
	at customKeywords.commanFunctions.openBrowser(commanFunctions.groovy:47)
	at customKeywords.commanFunctions.uploadFileOfRegisterUser(commanFunctions.groovy:747)
	at customKeywords.commanFunctions.invokeMethod(commanFunctions.groovy)
	at com.kms.katalon.core.main.CustomKeywordDelegatingMetaClass.invokeStaticMethod(CustomKeywordDelegatingMetaClass.java:50)
	at TC_As a register user, Upload PaintShop Pro File and verify Uploded file in Submission Page.run(TC_As a register user, Upload PaintShop Pro File and verify Uploded file in Submission Page:16)
	at com.kms.katalon.core.main.ScriptEngine.run(ScriptEngine.java:194)
	at com.kms.katalon.core.main.ScriptEngine.runScriptAsRawText(ScriptEngine.java:119)
	at com.kms.katalon.core.main.TestCaseExecutor.runScript(TestCaseExecutor.java:394)
	at com.kms.katalon.core.main.TestCaseExecutor.doExecute(TestCaseExecutor.java:385)
	at com.kms.katalon.core.main.TestCaseExecutor.processExecutionPhase(TestCaseExecutor.java:364)
	at com.kms.katalon.core.main.TestCaseExecutor.accessMainPhase(TestCaseExecutor.java:356)
	at com.kms.katalon.core.main.TestCaseExecutor.execute(TestCaseExecutor.java:251)
	at com.kms.katalon.core.main.TestSuiteExecutor.accessTestCaseMainPhase(TestSuiteExecutor.java:203)
	at com.kms.katalon.core.main.TestSuiteExecutor.accessTestSuiteMainPhase(TestSuiteExecutor.java:152)
	at com.kms.katalon.core.main.TestSuiteExecutor.execute(TestSuiteExecutor.java:95)
	at com.kms.katalon.core.main.TestCaseMain.startTestSuite(TestCaseMain.java:157)
	at com.kms.katalon.core.main.TestCaseMain$startTestSuite$0.call(Unknown Source)
	at TempTestSuite1613733199540.run(TempTestSuite1613733199540.groovy:39)
Caused by: org.openqa.selenium.SessionNotCreatedException: session not created
from chrome not reachable
  (Session info: chrome=86.0.4240.75)
Build info: version: '3.141.59', revision: 'e82be7d358', time: '2018-11-14T08:25:53'
System info: host: 'OMTPGCN1132568L', ip: '192.168.1.1', os.name: 'Windows 10', os.arch: 'amd64', os.version: '10.0', java.version: '1.8.0_181'
Driver info: driver.version: CChromeDriver
remote stacktrace: Backtrace:
	Ordinal0 [0x00A8C013+3194899]
	Ordinal0 [0x00976021+2056225]
	Ordinal0 [0x0080F4B0+586928]
	Ordinal0 [0x00805894+546964]
	Ordinal0 [0x00805F2C+548652]
	Ordinal0 [0x00807175+553333]
	Ordinal0 [0x0080241E+533534]
	Ordinal0 [0x00810620+591392]
	Ordinal0 [0x007B2A0C+207372]
	Ordinal0 [0x007B1D0D+204045]
	Ordinal0 [0x007AFC1B+195611]
	Ordinal0 [0x00793B7F+80767]
	Ordinal0 [0x00794B4E+84814]
	Ordinal0 [0x00794AD9+84697]
	Ordinal0 [0x0098CE64+2149988]
	GetHandleVerifier [0x00BFBE95+1400773]
	GetHandleVerifier [0x00BFBB61+1399953]
	GetHandleVerifier [0x00C031FA+1430314]
	GetHandleVerifier [0x00BFC69F+1402831]
	Ordinal0 [0x00983D61+2112865]
	Ordinal0 [0x0098E5CB+2155979]
	Ordinal0 [0x0098E6F5+2156277]
	Ordinal0 [0x0099F26E+2224750]
	BaseThreadInitThunk [0x77026359+25]
	RtlGetAppContainerNamedObjectPath [0x77BD8944+228]
	RtlGetAppContainerNamedObjectPath [0x77BD8914+180]

	at org.openqa.selenium.remote.W3CHandshakeResponse.lambda$errorHandler$0(W3CHandshakeResponse.java:62)
	at org.openqa.selenium.remote.HandshakeResponse.lambda$getResponseFunction$0(HandshakeResponse.java:30)
	at org.openqa.selenium.remote.ProtocolHandshake.lambda$createSession$0(ProtocolHandshake.java:126)
	at org.openqa.selenium.remote.ProtocolHandshake.createSession(ProtocolHandshake.java:128)
	at org.openqa.selenium.remote.ProtocolHandshake.createSession(ProtocolHandshake.java:74)
	at org.openqa.selenium.remote.HttpCommandExecutor.execute(HttpCommandExecutor.java:136)
	at org.openqa.selenium.remote.service.DriverCommandExecutor.execute(DriverCommandExecutor.java:83)
	at org.openqa.selenium.remote.RemoteWebDriver.execute(RemoteWebDriver.java:552)
	at com.kms.katalon.selenium.driver.CChromeDriver.execute(CChromeDriver.java:19)
	at org.openqa.selenium.remote.RemoteWebDriver.startSession(RemoteWebDriver.java:213)
	at org.openqa.selenium.remote.RemoteWebDriver.<init>(RemoteWebDriver.java:131)
	at org.openqa.selenium.chrome.ChromeDriver.<init>(ChromeDriver.java:181)
	at org.openqa.selenium.chrome.ChromeDriver.<init>(ChromeDriver.java:147)
	at com.kms.katalon.selenium.driver.CChromeDriver.<init>(CChromeDriver.java:13)
	at com.kms.katalon.core.webui.driver.DriverFactory.createNewChromeDriver(DriverFactory.java:400)
	at com.kms.katalon.core.webui.driver.DriverFactory.startNewBrowser(DriverFactory.java:358)
	at com.kms.katalon.core.webui.driver.DriverFactory.openWebDriver(DriverFactory.java:245)
	at com.kms.katalon.core.webui.keyword.builtin.OpenBrowserKeyword$_openBrowser_closure1.doCall(OpenBrowserKeyword.groovy:74)
	at com.kms.katalon.core.webui.keyword.builtin.OpenBrowserKeyword$_openBrowser_closure1.call(OpenBrowserKeyword.groovy)
	at com.kms.katalon.core.webui.keyword.internal.WebUIKeywordMain.runKeyword(WebUIKeywordMain.groovy:20)
	... 23 more]]></system-err>
      </testcase>
      <testcase name="Test Cases/UploadDiffFiles_RegisterUser/TC_As a register user, Upload PC batch file File and verify Uploded file in Submission Page" time="7.321" classname="Test Cases/UploadDiffFiles_RegisterUser/TC_As a register user, Upload PC batch file File and verify Uploded file in Submission Page" status="FAILED">
         <failure type="FAILED" message="Test Cases/UploadDiffFiles_RegisterUser/TC_As a register user, Upload PC batch file File and verify Uploded file in Submission Page FAILED.
Reason:
com.kms.katalon.core.exception.StepFailedException: Unable to maximize current window
	at com.kms.katalon.core.webui.keyword.internal.WebUIKeywordMain.stepFailed(WebUIKeywordMain.groovy:64)
	at com.kms.katalon.core.webui.keyword.internal.WebUIKeywordMain.runKeyword(WebUIKeywordMain.groovy:26)
	at com.kms.katalon.core.webui.keyword.builtin.MaximizeWindowKeyword.maximizeWindow(MaximizeWindowKeyword.groovy:74)
	at com.kms.katalon.core.webui.keyword.builtin.MaximizeWindowKeyword.execute(MaximizeWindowKeyword.groovy:69)
	at com.kms.katalon.core.keyword.internal.KeywordExecutor.executeKeywordForPlatform(KeywordExecutor.groovy:73)
	at com.kms.katalon.core.webui.keyword.WebUiBuiltInKeywords.maximizeWindow(WebUiBuiltInKeywords.groovy:280)
	at com.kms.katalon.core.webui.keyword.WebUiBuiltInKeywords$maximizeWindow$0.call(Unknown Source)
	at customKeywords.commanFunctions.openBrowser(commanFunctions.groovy:48)
	at customKeywords.commanFunctions.uploadFileOfRegisterUser(commanFunctions.groovy:747)
	at customKeywords.commanFunctions.invokeMethod(commanFunctions.groovy)
	at com.kms.katalon.core.main.CustomKeywordDelegatingMetaClass.invokeStaticMethod(CustomKeywordDelegatingMetaClass.java:50)
	at TC_As a register user, Upload PC batch file File and verify Uploded file in Submission Page.run(TC_As a register user, Upload PC batch file File and verify Uploded file in Submission Page:16)
	at com.kms.katalon.core.main.ScriptEngine.run(ScriptEngine.java:194)
	at com.kms.katalon.core.main.ScriptEngine.runScriptAsRawText(ScriptEngine.java:119)
	at com.kms.katalon.core.main.TestCaseExecutor.runScript(TestCaseExecutor.java:394)
	at com.kms.katalon.core.main.TestCaseExecutor.doExecute(TestCaseExecutor.java:385)
	at com.kms.katalon.core.main.TestCaseExecutor.processExecutionPhase(TestCaseExecutor.java:364)
	at com.kms.katalon.core.main.TestCaseExecutor.accessMainPhase(TestCaseExecutor.java:356)
	at com.kms.katalon.core.main.TestCaseExecutor.execute(TestCaseExecutor.java:251)
	at com.kms.katalon.core.main.TestSuiteExecutor.accessTestCaseMainPhase(TestSuiteExecutor.java:203)
	at com.kms.katalon.core.main.TestSuiteExecutor.accessTestSuiteMainPhase(TestSuiteExecutor.java:152)
	at com.kms.katalon.core.main.TestSuiteExecutor.execute(TestSuiteExecutor.java:95)
	at com.kms.katalon.core.main.TestCaseMain.startTestSuite(TestCaseMain.java:157)
	at com.kms.katalon.core.main.TestCaseMain$startTestSuite$0.call(Unknown Source)
	at TempTestSuite1613733199540.run(TempTestSuite1613733199540.groovy:39)
Caused by: org.openqa.selenium.NoSuchWindowException: no such window: target window already closed
from unknown error: web view not found
  (Session info: chrome=86.0.4240.75)
Build info: version: '3.141.59', revision: 'e82be7d358', time: '2018-11-14T08:25:53'
System info: host: 'OMTPGCN1132568L', ip: '192.168.1.1', os.name: 'Windows 10', os.arch: 'amd64', os.version: '10.0', java.version: '1.8.0_181'
Driver info: com.kms.katalon.selenium.driver.CChromeDriver
Capabilities {acceptInsecureCerts: false, browserName: chrome, browserVersion: 86.0.4240.75, chrome: {chromedriverVersion: 86.0.4240.22 (398b0743353ff..., userDataDir: C:\Users\ashok\AppData\Loca...}, goog:chromeOptions: {debuggerAddress: localhost:50964}, javascriptEnabled: true, networkConnectionEnabled: false, pageLoadStrategy: normal, platform: WINDOWS, platformName: WINDOWS, proxy: Proxy(), setWindowRect: true, strictFileInteractability: false, timeouts: {implicit: 0, pageLoad: 300000, script: 30000}, unhandledPromptBehavior: dismiss and notify, webauthn:virtualAuthenticators: true}
Session ID: 6bc6dab92490663aa3d9a37bf2370904
	at org.openqa.selenium.remote.http.W3CHttpResponseCodec.createException(W3CHttpResponseCodec.java:187)
	at org.openqa.selenium.remote.http.W3CHttpResponseCodec.decode(W3CHttpResponseCodec.java:122)
	at org.openqa.selenium.remote.http.W3CHttpResponseCodec.decode(W3CHttpResponseCodec.java:49)
	at org.openqa.selenium.remote.HttpCommandExecutor.execute(HttpCommandExecutor.java:158)
	at org.openqa.selenium.remote.service.DriverCommandExecutor.execute(DriverCommandExecutor.java:83)
	at org.openqa.selenium.remote.RemoteWebDriver.execute(RemoteWebDriver.java:552)
	at com.kms.katalon.selenium.driver.CChromeDriver.execute(CChromeDriver.java:19)
	at org.openqa.selenium.remote.RemoteWebDriver.execute(RemoteWebDriver.java:609)
	at org.openqa.selenium.remote.RemoteWebDriver$RemoteWebDriverOptions$RemoteWindow.maximize(RemoteWebDriver.java:837)
	at org.openqa.selenium.support.events.EventFiringWebDriver$EventFiringWindow.maximize(EventFiringWebDriver.java:769)
	at com.kms.katalon.core.webui.keyword.builtin.MaximizeWindowKeyword$_maximizeWindow_closure1.doCall(MaximizeWindowKeyword.groovy:85)
	at com.kms.katalon.core.webui.keyword.builtin.MaximizeWindowKeyword$_maximizeWindow_closure1.call(MaximizeWindowKeyword.groovy)
	at com.kms.katalon.core.webui.keyword.internal.WebUIKeywordMain.runKeyword(WebUIKeywordMain.groovy:20)
	... 23 more
"/>
         <system-out><![CDATA[2021-02-19 16:47:18 - [TEST_CASE][FAILED] - Test Cases/UploadDiffFiles_RegisterUser/TC_As a register user, Upload PC batch file File and verify Uploded file in Submission Page: Test Cases/UploadDiffFiles_RegisterUser/TC_As a register user, Upload PC batch file File and verify Uploded file in Submission Page FAILED.
Reason:
com.kms.katalon.core.exception.StepFailedException: Unable to maximize current window
	at com.kms.katalon.core.webui.keyword.internal.WebUIKeywordMain.stepFailed(WebUIKeywordMain.groovy:64)
	at com.kms.katalon.core.webui.keyword.internal.WebUIKeywordMain.runKeyword(WebUIKeywordMain.groovy:26)
	at com.kms.katalon.core.webui.keyword.builtin.MaximizeWindowKeyword.maximizeWindow(MaximizeWindowKeyword.groovy:74)
	at com.kms.katalon.core.webui.keyword.builtin.MaximizeWindowKeyword.execute(MaximizeWindowKeyword.groovy:69)
	at com.kms.katalon.core.keyword.internal.KeywordExecutor.executeKeywordForPlatform(KeywordExecutor.groovy:73)
	at com.kms.katalon.core.webui.keyword.WebUiBuiltInKeywords.maximizeWindow(WebUiBuiltInKeywords.groovy:280)
	at com.kms.katalon.core.webui.keyword.WebUiBuiltInKeywords$maximizeWindow$0.call(Unknown Source)
	at customKeywords.commanFunctions.openBrowser(commanFunctions.groovy:48)
	at customKeywords.commanFunctions.uploadFileOfRegisterUser(commanFunctions.groovy:747)
	at customKeywords.commanFunctions.invokeMethod(commanFunctions.groovy)
	at com.kms.katalon.core.main.CustomKeywordDelegatingMetaClass.invokeStaticMethod(CustomKeywordDelegatingMetaClass.java:50)
	at TC_As a register user, Upload PC batch file File and verify Uploded file in Submission Page.run(TC_As a register user, Upload PC batch file File and verify Uploded file in Submission Page:16)
	at com.kms.katalon.core.main.ScriptEngine.run(ScriptEngine.java:194)
	at com.kms.katalon.core.main.ScriptEngine.runScriptAsRawText(ScriptEngine.java:119)
	at com.kms.katalon.core.main.TestCaseExecutor.runScript(TestCaseExecutor.java:394)
	at com.kms.katalon.core.main.TestCaseExecutor.doExecute(TestCaseExecutor.java:385)
	at com.kms.katalon.core.main.TestCaseExecutor.processExecutionPhase(TestCaseExecutor.java:364)
	at com.kms.katalon.core.main.TestCaseExecutor.accessMainPhase(TestCaseExecutor.java:356)
	at com.kms.katalon.core.main.TestCaseExecutor.execute(TestCaseExecutor.java:251)
	at com.kms.katalon.core.main.TestSuiteExecutor.accessTestCaseMainPhase(TestSuiteExecutor.java:203)
	at com.kms.katalon.core.main.TestSuiteExecutor.accessTestSuiteMainPhase(TestSuiteExecutor.java:152)
	at com.kms.katalon.core.main.TestSuiteExecutor.execute(TestSuiteExecutor.java:95)
	at com.kms.katalon.core.main.TestCaseMain.startTestSuite(TestCaseMain.java:157)
	at com.kms.katalon.core.main.TestCaseMain$startTestSuite$0.call(Unknown Source)
	at TempTestSuite1613733199540.run(TempTestSuite1613733199540.groovy:39)
Caused by: org.openqa.selenium.NoSuchWindowException: no such window: target window already closed
from unknown error: web view not found
  (Session info: chrome=86.0.4240.75)
Build info: version: '3.141.59', revision: 'e82be7d358', time: '2018-11-14T08:25:53'
System info: host: 'OMTPGCN1132568L', ip: '192.168.1.1', os.name: 'Windows 10', os.arch: 'amd64', os.version: '10.0', java.version: '1.8.0_181'
Driver info: com.kms.katalon.selenium.driver.CChromeDriver
Capabilities {acceptInsecureCerts: false, browserName: chrome, browserVersion: 86.0.4240.75, chrome: {chromedriverVersion: 86.0.4240.22 (398b0743353ff..., userDataDir: C:\Users\ashok\AppData\Loca...}, goog:chromeOptions: {debuggerAddress: localhost:50964}, javascriptEnabled: true, networkConnectionEnabled: false, pageLoadStrategy: normal, platform: WINDOWS, platformName: WINDOWS, proxy: Proxy(), setWindowRect: true, strictFileInteractability: false, timeouts: {implicit: 0, pageLoad: 300000, script: 30000}, unhandledPromptBehavior: dismiss and notify, webauthn:virtualAuthenticators: true}
Session ID: 6bc6dab92490663aa3d9a37bf2370904
	at org.openqa.selenium.remote.http.W3CHttpResponseCodec.createException(W3CHttpResponseCodec.java:187)
	at org.openqa.selenium.remote.http.W3CHttpResponseCodec.decode(W3CHttpResponseCodec.java:122)
	at org.openqa.selenium.remote.http.W3CHttpResponseCodec.decode(W3CHttpResponseCodec.java:49)
	at org.openqa.selenium.remote.HttpCommandExecutor.execute(HttpCommandExecutor.java:158)
	at org.openqa.selenium.remote.service.DriverCommandExecutor.execute(DriverCommandExecutor.java:83)
	at org.openqa.selenium.remote.RemoteWebDriver.execute(RemoteWebDriver.java:552)
	at com.kms.katalon.selenium.driver.CChromeDriver.execute(CChromeDriver.java:19)
	at org.openqa.selenium.remote.RemoteWebDriver.execute(RemoteWebDriver.java:609)
	at org.openqa.selenium.remote.RemoteWebDriver$RemoteWebDriverOptions$RemoteWindow.maximize(RemoteWebDriver.java:837)
	at org.openqa.selenium.support.events.EventFiringWebDriver$EventFiringWindow.maximize(EventFiringWebDriver.java:769)
	at com.kms.katalon.core.webui.keyword.builtin.MaximizeWindowKeyword$_maximizeWindow_closure1.doCall(MaximizeWindowKeyword.groovy:85)
	at com.kms.katalon.core.webui.keyword.builtin.MaximizeWindowKeyword$_maximizeWindow_closure1.call(MaximizeWindowKeyword.groovy)
	at com.kms.katalon.core.webui.keyword.internal.WebUIKeywordMain.runKeyword(WebUIKeywordMain.groovy:20)
	... 23 more


2021-02-19 16:47:18 - [TEST_STEP][PASSED] - excelTestData = findTestData("Data Files/TestData/InspectTestData"): null

2021-02-19 16:47:19 - [TEST_STEP][PASSED] - rigisterUN = excelTestData.getValue(2, 23): null

2021-02-19 16:47:19 - [TEST_STEP][PASSED] - rigisterPW = excelTestData.getValue(3, 23): null

2021-02-19 16:47:19 - [TEST_STEP][FAILED] - customKeywords.commanFunctions.uploadFileOfRegisterUser(268, rigisterUN, rigisterPW): Unable to maximize current window

2021-02-19 16:47:19 - [MESSAGE][INFO] - Starting 'Chrome' driver

2021-02-19 16:47:19 - [MESSAGE][INFO] - Action delay is set to 0 milliseconds

2021-02-19 16:47:25 - [MESSAGE][PASSED] - Browser is opened with url: 'https://Inspect.Stage.site.sa'

2021-02-19 16:47:25 - [MESSAGE][WARNING] - Cannot take screenshot

2021-02-19 16:47:25 - [MESSAGE][FAILED] - Unable to maximize current window (Root cause: com.kms.katalon.core.exception.StepFailedException: Unable to maximize current window
	at com.kms.katalon.core.webui.keyword.internal.WebUIKeywordMain.stepFailed(WebUIKeywordMain.groovy:64)
	at com.kms.katalon.core.webui.keyword.internal.WebUIKeywordMain.runKeyword(WebUIKeywordMain.groovy:26)
	at com.kms.katalon.core.webui.keyword.builtin.MaximizeWindowKeyword.maximizeWindow(MaximizeWindowKeyword.groovy:74)
	at com.kms.katalon.core.webui.keyword.builtin.MaximizeWindowKeyword.execute(MaximizeWindowKeyword.groovy:69)
	at com.kms.katalon.core.keyword.internal.KeywordExecutor.executeKeywordForPlatform(KeywordExecutor.groovy:73)
	at com.kms.katalon.core.webui.keyword.WebUiBuiltInKeywords.maximizeWindow(WebUiBuiltInKeywords.groovy:280)
	at com.kms.katalon.core.webui.keyword.WebUiBuiltInKeywords$maximizeWindow$0.call(Unknown Source)
	at customKeywords.commanFunctions.openBrowser(commanFunctions.groovy:48)
	at customKeywords.commanFunctions.uploadFileOfRegisterUser(commanFunctions.groovy:747)
	at customKeywords.commanFunctions.invokeMethod(commanFunctions.groovy)
	at com.kms.katalon.core.main.CustomKeywordDelegatingMetaClass.invokeStaticMethod(CustomKeywordDelegatingMetaClass.java:50)
	at TC_As a register user, Upload PC batch file File and verify Uploded file in Submission Page.run(TC_As a register user, Upload PC batch file File and verify Uploded file in Submission Page:16)
	at com.kms.katalon.core.main.ScriptEngine.run(ScriptEngine.java:194)
	at com.kms.katalon.core.main.ScriptEngine.runScriptAsRawText(ScriptEngine.java:119)
	at com.kms.katalon.core.main.TestCaseExecutor.runScript(TestCaseExecutor.java:394)
	at com.kms.katalon.core.main.TestCaseExecutor.doExecute(TestCaseExecutor.java:385)
	at com.kms.katalon.core.main.TestCaseExecutor.processExecutionPhase(TestCaseExecutor.java:364)
	at com.kms.katalon.core.main.TestCaseExecutor.accessMainPhase(TestCaseExecutor.java:356)
	at com.kms.katalon.core.main.TestCaseExecutor.execute(TestCaseExecutor.java:251)
	at com.kms.katalon.core.main.TestSuiteExecutor.accessTestCaseMainPhase(TestSuiteExecutor.java:203)
	at com.kms.katalon.core.main.TestSuiteExecutor.accessTestSuiteMainPhase(TestSuiteExecutor.java:152)
	at com.kms.katalon.core.main.TestSuiteExecutor.execute(TestSuiteExecutor.java:95)
	at com.kms.katalon.core.main.TestCaseMain.startTestSuite(TestCaseMain.java:157)
	at com.kms.katalon.core.main.TestCaseMain$startTestSuite$0.call(Unknown Source)
	at TempTestSuite1613733199540.run(TempTestSuite1613733199540.groovy:39)
Caused by: org.openqa.selenium.NoSuchWindowException: no such window: target window already closed
from unknown error: web view not found
  (Session info: chrome=86.0.4240.75)
Build info: version: '3.141.59', revision: 'e82be7d358', time: '2018-11-14T08:25:53'
System info: host: 'OMTPGCN1132568L', ip: '192.168.1.1', os.name: 'Windows 10', os.arch: 'amd64', os.version: '10.0', java.version: '1.8.0_181'
Driver info: com.kms.katalon.selenium.driver.CChromeDriver
Capabilities {acceptInsecureCerts: false, browserName: chrome, browserVersion: 86.0.4240.75, chrome: {chromedriverVersion: 86.0.4240.22 (398b0743353ff..., userDataDir: C:\Users\ashok\AppData\Loca...}, goog:chromeOptions: {debuggerAddress: localhost:50964}, javascriptEnabled: true, networkConnectionEnabled: false, pageLoadStrategy: normal, platform: WINDOWS, platformName: WINDOWS, proxy: Proxy(), setWindowRect: true, strictFileInteractability: false, timeouts: {implicit: 0, pageLoad: 300000, script: 30000}, unhandledPromptBehavior: dismiss and notify, webauthn:virtualAuthenticators: true}
Session ID: 6bc6dab92490663aa3d9a37bf2370904
	at org.openqa.selenium.remote.http.W3CHttpResponseCodec.createException(W3CHttpResponseCodec.java:187)
	at org.openqa.selenium.remote.http.W3CHttpResponseCodec.decode(W3CHttpResponseCodec.java:122)
	at org.openqa.selenium.remote.http.W3CHttpResponseCodec.decode(W3CHttpResponseCodec.java:49)
	at org.openqa.selenium.remote.HttpCommandExecutor.execute(HttpCommandExecutor.java:158)
	at org.openqa.selenium.remote.service.DriverCommandExecutor.execute(DriverCommandExecutor.java:83)
	at org.openqa.selenium.remote.RemoteWebDriver.execute(RemoteWebDriver.java:552)
	at com.kms.katalon.selenium.driver.CChromeDriver.execute(CChromeDriver.java:19)
	at org.openqa.selenium.remote.RemoteWebDriver.execute(RemoteWebDriver.java:609)
	at org.openqa.selenium.remote.RemoteWebDriver$RemoteWebDriverOptions$RemoteWindow.maximize(RemoteWebDriver.java:837)
	at org.openqa.selenium.support.events.EventFiringWebDriver$EventFiringWindow.maximize(EventFiringWebDriver.java:769)
	at com.kms.katalon.core.webui.keyword.builtin.MaximizeWindowKeyword$_maximizeWindow_closure1.doCall(MaximizeWindowKeyword.groovy:85)
	at com.kms.katalon.core.webui.keyword.builtin.MaximizeWindowKeyword$_maximizeWindow_closure1.call(MaximizeWindowKeyword.groovy)
	at com.kms.katalon.core.webui.keyword.internal.WebUIKeywordMain.runKeyword(WebUIKeywordMain.groovy:20)
	at com.kms.katalon.core.webui.keyword.builtin.MaximizeWindowKeyword.maximizeWindow(MaximizeWindowKeyword.groovy:74)
	at com.kms.katalon.core.webui.keyword.builtin.MaximizeWindowKeyword.execute(MaximizeWindowKeyword.groovy:69)
	at com.kms.katalon.core.keyword.internal.KeywordExecutor.executeKeywordForPlatform(KeywordExecutor.groovy:73)
	at com.kms.katalon.core.webui.keyword.WebUiBuiltInKeywords.maximizeWindow(WebUiBuiltInKeywords.groovy:280)
	at com.kms.katalon.core.webui.keyword.WebUiBuiltInKeywords$maximizeWindow$0.call(Unknown Source)
	at customKeywords.commanFunctions.openBrowser(commanFunctions.groovy:48)
	at customKeywords.commanFunctions.uploadFileOfRegisterUser(commanFunctions.groovy:747)
	at customKeywords.commanFunctions.invokeMethod(commanFunctions.groovy)
	at com.kms.katalon.core.main.CustomKeywordDelegatingMetaClass.invokeStaticMethod(CustomKeywordDelegatingMetaClass.java:50)
	at Script1613387769849.run(Script1613387769849.groovy:16)
	... 13 more
)

2021-02-19 16:47:25 - [MESSAGE][FAILED] - Unable to maximize current window

2021-02-19 16:47:25 - [TEST_STEP][PASSED] - Start tear down : tearDownMethodIfFailed: Method 'tearDownMethodIfFailed' complete successfully

2021-02-19 16:47:25 - [TEST_STEP][PASSED] - customKeywords.commanFunctions.onlyCloseBrowser(): customKeywords.commanFunctions.onlyCloseBrowser is PASSED

2021-02-19 16:47:26 - [MESSAGE][PASSED] - Browser is closed

2021-02-19 16:47:26 - [MESSAGE][PASSED] - customKeywords.commanFunctions.onlyCloseBrowser is PASSED

2021-02-19 16:47:26 - [TEST_STEP][PASSED] - logInfo("[--------This is tearDownIfFailed method------]"): [--------This is tearDownIfFailed method------]

2021-02-19 16:47:26 - [MESSAGE][INFO] - [--------This is tearDownIfFailed method------]

2021-02-19 16:47:26 - [MESSAGE][PASSED] - Method 'tearDownMethodIfFailed' complete successfully]]></system-out>
         <system-err><![CDATA[2021-02-19 16:47:18 - [TEST_CASE][FAILED] - Test Cases/UploadDiffFiles_RegisterUser/TC_As a register user, Upload PC batch file File and verify Uploded file in Submission Page: Test Cases/UploadDiffFiles_RegisterUser/TC_As a register user, Upload PC batch file File and verify Uploded file in Submission Page FAILED.
Reason:
com.kms.katalon.core.exception.StepFailedException: Unable to maximize current window
	at com.kms.katalon.core.webui.keyword.internal.WebUIKeywordMain.stepFailed(WebUIKeywordMain.groovy:64)
	at com.kms.katalon.core.webui.keyword.internal.WebUIKeywordMain.runKeyword(WebUIKeywordMain.groovy:26)
	at com.kms.katalon.core.webui.keyword.builtin.MaximizeWindowKeyword.maximizeWindow(MaximizeWindowKeyword.groovy:74)
	at com.kms.katalon.core.webui.keyword.builtin.MaximizeWindowKeyword.execute(MaximizeWindowKeyword.groovy:69)
	at com.kms.katalon.core.keyword.internal.KeywordExecutor.executeKeywordForPlatform(KeywordExecutor.groovy:73)
	at com.kms.katalon.core.webui.keyword.WebUiBuiltInKeywords.maximizeWindow(WebUiBuiltInKeywords.groovy:280)
	at com.kms.katalon.core.webui.keyword.WebUiBuiltInKeywords$maximizeWindow$0.call(Unknown Source)
	at customKeywords.commanFunctions.openBrowser(commanFunctions.groovy:48)
	at customKeywords.commanFunctions.uploadFileOfRegisterUser(commanFunctions.groovy:747)
	at customKeywords.commanFunctions.invokeMethod(commanFunctions.groovy)
	at com.kms.katalon.core.main.CustomKeywordDelegatingMetaClass.invokeStaticMethod(CustomKeywordDelegatingMetaClass.java:50)
	at TC_As a register user, Upload PC batch file File and verify Uploded file in Submission Page.run(TC_As a register user, Upload PC batch file File and verify Uploded file in Submission Page:16)
	at com.kms.katalon.core.main.ScriptEngine.run(ScriptEngine.java:194)
	at com.kms.katalon.core.main.ScriptEngine.runScriptAsRawText(ScriptEngine.java:119)
	at com.kms.katalon.core.main.TestCaseExecutor.runScript(TestCaseExecutor.java:394)
	at com.kms.katalon.core.main.TestCaseExecutor.doExecute(TestCaseExecutor.java:385)
	at com.kms.katalon.core.main.TestCaseExecutor.processExecutionPhase(TestCaseExecutor.java:364)
	at com.kms.katalon.core.main.TestCaseExecutor.accessMainPhase(TestCaseExecutor.java:356)
	at com.kms.katalon.core.main.TestCaseExecutor.execute(TestCaseExecutor.java:251)
	at com.kms.katalon.core.main.TestSuiteExecutor.accessTestCaseMainPhase(TestSuiteExecutor.java:203)
	at com.kms.katalon.core.main.TestSuiteExecutor.accessTestSuiteMainPhase(TestSuiteExecutor.java:152)
	at com.kms.katalon.core.main.TestSuiteExecutor.execute(TestSuiteExecutor.java:95)
	at com.kms.katalon.core.main.TestCaseMain.startTestSuite(TestCaseMain.java:157)
	at com.kms.katalon.core.main.TestCaseMain$startTestSuite$0.call(Unknown Source)
	at TempTestSuite1613733199540.run(TempTestSuite1613733199540.groovy:39)
Caused by: org.openqa.selenium.NoSuchWindowException: no such window: target window already closed
from unknown error: web view not found
  (Session info: chrome=86.0.4240.75)
Build info: version: '3.141.59', revision: 'e82be7d358', time: '2018-11-14T08:25:53'
System info: host: 'OMTPGCN1132568L', ip: '192.168.1.1', os.name: 'Windows 10', os.arch: 'amd64', os.version: '10.0', java.version: '1.8.0_181'
Driver info: com.kms.katalon.selenium.driver.CChromeDriver
Capabilities {acceptInsecureCerts: false, browserName: chrome, browserVersion: 86.0.4240.75, chrome: {chromedriverVersion: 86.0.4240.22 (398b0743353ff..., userDataDir: C:\Users\ashok\AppData\Loca...}, goog:chromeOptions: {debuggerAddress: localhost:50964}, javascriptEnabled: true, networkConnectionEnabled: false, pageLoadStrategy: normal, platform: WINDOWS, platformName: WINDOWS, proxy: Proxy(), setWindowRect: true, strictFileInteractability: false, timeouts: {implicit: 0, pageLoad: 300000, script: 30000}, unhandledPromptBehavior: dismiss and notify, webauthn:virtualAuthenticators: true}
Session ID: 6bc6dab92490663aa3d9a37bf2370904
	at org.openqa.selenium.remote.http.W3CHttpResponseCodec.createException(W3CHttpResponseCodec.java:187)
	at org.openqa.selenium.remote.http.W3CHttpResponseCodec.decode(W3CHttpResponseCodec.java:122)
	at org.openqa.selenium.remote.http.W3CHttpResponseCodec.decode(W3CHttpResponseCodec.java:49)
	at org.openqa.selenium.remote.HttpCommandExecutor.execute(HttpCommandExecutor.java:158)
	at org.openqa.selenium.remote.service.DriverCommandExecutor.execute(DriverCommandExecutor.java:83)
	at org.openqa.selenium.remote.RemoteWebDriver.execute(RemoteWebDriver.java:552)
	at com.kms.katalon.selenium.driver.CChromeDriver.execute(CChromeDriver.java:19)
	at org.openqa.selenium.remote.RemoteWebDriver.execute(RemoteWebDriver.java:609)
	at org.openqa.selenium.remote.RemoteWebDriver$RemoteWebDriverOptions$RemoteWindow.maximize(RemoteWebDriver.java:837)
	at org.openqa.selenium.support.events.EventFiringWebDriver$EventFiringWindow.maximize(EventFiringWebDriver.java:769)
	at com.kms.katalon.core.webui.keyword.builtin.MaximizeWindowKeyword$_maximizeWindow_closure1.doCall(MaximizeWindowKeyword.groovy:85)
	at com.kms.katalon.core.webui.keyword.builtin.MaximizeWindowKeyword$_maximizeWindow_closure1.call(MaximizeWindowKeyword.groovy)
	at com.kms.katalon.core.webui.keyword.internal.WebUIKeywordMain.runKeyword(WebUIKeywordMain.groovy:20)
	... 23 more]]></system-err>
      </testcase>
      <testcase name="Test Cases/UploadDiffFiles_RegisterUser/TC_As a register user, Upload PC Zip Compressed Archive File and verify Uploded file in Submission Page" time="13.658" classname="Test Cases/UploadDiffFiles_RegisterUser/TC_As a register user, Upload PC Zip Compressed Archive File and verify Uploded file in Submission Page" status="FAILED">
         <failure type="FAILED" message="Test Cases/UploadDiffFiles_RegisterUser/TC_As a register user, Upload PC Zip Compressed Archive File and verify Uploded file in Submission Page FAILED.
Reason:
com.kms.katalon.core.exception.StepFailedException: Unable to open browser with url: 'https://Inspect.Stage.site.sa'
	at com.kms.katalon.core.webui.keyword.internal.WebUIKeywordMain.stepFailed(WebUIKeywordMain.groovy:64)
	at com.kms.katalon.core.webui.keyword.internal.WebUIKeywordMain.runKeyword(WebUIKeywordMain.groovy:26)
	at com.kms.katalon.core.webui.keyword.builtin.OpenBrowserKeyword.openBrowser(OpenBrowserKeyword.groovy:81)
	at com.kms.katalon.core.webui.keyword.builtin.OpenBrowserKeyword.execute(OpenBrowserKeyword.groovy:67)
	at com.kms.katalon.core.keyword.internal.KeywordExecutor.executeKeywordForPlatform(KeywordExecutor.groovy:73)
	at com.kms.katalon.core.webui.keyword.WebUiBuiltInKeywords.openBrowser(WebUiBuiltInKeywords.groovy:61)
	at com.kms.katalon.core.webui.keyword.WebUiBuiltInKeywords$openBrowser.call(Unknown Source)
	at customKeywords.commanFunctions.openBrowser(commanFunctions.groovy:47)
	at customKeywords.commanFunctions.uploadFileOfRegisterUser(commanFunctions.groovy:747)
	at customKeywords.commanFunctions.invokeMethod(commanFunctions.groovy)
	at com.kms.katalon.core.main.CustomKeywordDelegatingMetaClass.invokeStaticMethod(CustomKeywordDelegatingMetaClass.java:50)
	at TC_As a register user, Upload PC Zip Compressed Archive File and verify Uploded file in Submission Page.run(TC_As a register user, Upload PC Zip Compressed Archive File and verify Uploded file in Submission Page:16)
	at com.kms.katalon.core.main.ScriptEngine.run(ScriptEngine.java:194)
	at com.kms.katalon.core.main.ScriptEngine.runScriptAsRawText(ScriptEngine.java:119)
	at com.kms.katalon.core.main.TestCaseExecutor.runScript(TestCaseExecutor.java:394)
	at com.kms.katalon.core.main.TestCaseExecutor.doExecute(TestCaseExecutor.java:385)
	at com.kms.katalon.core.main.TestCaseExecutor.processExecutionPhase(TestCaseExecutor.java:364)
	at com.kms.katalon.core.main.TestCaseExecutor.accessMainPhase(TestCaseExecutor.java:356)
	at com.kms.katalon.core.main.TestCaseExecutor.execute(TestCaseExecutor.java:251)
	at com.kms.katalon.core.main.TestSuiteExecutor.accessTestCaseMainPhase(TestSuiteExecutor.java:203)
	at com.kms.katalon.core.main.TestSuiteExecutor.accessTestSuiteMainPhase(TestSuiteExecutor.java:152)
	at com.kms.katalon.core.main.TestSuiteExecutor.execute(TestSuiteExecutor.java:95)
	at com.kms.katalon.core.main.TestCaseMain.startTestSuite(TestCaseMain.java:157)
	at com.kms.katalon.core.main.TestCaseMain$startTestSuite$0.call(Unknown Source)
	at TempTestSuite1613733199540.run(TempTestSuite1613733199540.groovy:39)
Caused by: org.openqa.selenium.SessionNotCreatedException: session not created
from chrome not reachable
  (Session info: chrome=86.0.4240.75)
Build info: version: '3.141.59', revision: 'e82be7d358', time: '2018-11-14T08:25:53'
System info: host: 'OMTPGCN1132568L', ip: '192.168.1.1', os.name: 'Windows 10', os.arch: 'amd64', os.version: '10.0', java.version: '1.8.0_181'
Driver info: driver.version: CChromeDriver
remote stacktrace: Backtrace:
	Ordinal0 [0x00A8C013+3194899]
	Ordinal0 [0x00976021+2056225]
	Ordinal0 [0x0080F4B0+586928]
	Ordinal0 [0x00805894+546964]
	Ordinal0 [0x00805F2C+548652]
	Ordinal0 [0x00807175+553333]
	Ordinal0 [0x0080241E+533534]
	Ordinal0 [0x00810620+591392]
	Ordinal0 [0x007B2A0C+207372]
	Ordinal0 [0x007B1D0D+204045]
	Ordinal0 [0x007AFC1B+195611]
	Ordinal0 [0x00793B7F+80767]
	Ordinal0 [0x00794B4E+84814]
	Ordinal0 [0x00794AD9+84697]
	Ordinal0 [0x0098CE64+2149988]
	GetHandleVerifier [0x00BFBE95+1400773]
	GetHandleVerifier [0x00BFBB61+1399953]
	GetHandleVerifier [0x00C031FA+1430314]
	GetHandleVerifier [0x00BFC69F+1402831]
	Ordinal0 [0x00983D61+2112865]
	Ordinal0 [0x0098E5CB+2155979]
	Ordinal0 [0x0098E6F5+2156277]
	Ordinal0 [0x0099F26E+2224750]
	BaseThreadInitThunk [0x77026359+25]
	RtlGetAppContainerNamedObjectPath [0x77BD8944+228]
	RtlGetAppContainerNamedObjectPath [0x77BD8914+180]

	at org.openqa.selenium.remote.W3CHandshakeResponse.lambda$errorHandler$0(W3CHandshakeResponse.java:62)
	at org.openqa.selenium.remote.HandshakeResponse.lambda$getResponseFunction$0(HandshakeResponse.java:30)
	at org.openqa.selenium.remote.ProtocolHandshake.lambda$createSession$0(ProtocolHandshake.java:126)
	at org.openqa.selenium.remote.ProtocolHandshake.createSession(ProtocolHandshake.java:128)
	at org.openqa.selenium.remote.ProtocolHandshake.createSession(ProtocolHandshake.java:74)
	at org.openqa.selenium.remote.HttpCommandExecutor.execute(HttpCommandExecutor.java:136)
	at org.openqa.selenium.remote.service.DriverCommandExecutor.execute(DriverCommandExecutor.java:83)
	at org.openqa.selenium.remote.RemoteWebDriver.execute(RemoteWebDriver.java:552)
	at com.kms.katalon.selenium.driver.CChromeDriver.execute(CChromeDriver.java:19)
	at org.openqa.selenium.remote.RemoteWebDriver.startSession(RemoteWebDriver.java:213)
	at org.openqa.selenium.remote.RemoteWebDriver.&lt;init>(RemoteWebDriver.java:131)
	at org.openqa.selenium.chrome.ChromeDriver.&lt;init>(ChromeDriver.java:181)
	at org.openqa.selenium.chrome.ChromeDriver.&lt;init>(ChromeDriver.java:147)
	at com.kms.katalon.selenium.driver.CChromeDriver.&lt;init>(CChromeDriver.java:13)
	at com.kms.katalon.core.webui.driver.DriverFactory.createNewChromeDriver(DriverFactory.java:400)
	at com.kms.katalon.core.webui.driver.DriverFactory.startNewBrowser(DriverFactory.java:358)
	at com.kms.katalon.core.webui.driver.DriverFactory.openWebDriver(DriverFactory.java:245)
	at com.kms.katalon.core.webui.keyword.builtin.OpenBrowserKeyword$_openBrowser_closure1.doCall(OpenBrowserKeyword.groovy:74)
	at com.kms.katalon.core.webui.keyword.builtin.OpenBrowserKeyword$_openBrowser_closure1.call(OpenBrowserKeyword.groovy)
	at com.kms.katalon.core.webui.keyword.internal.WebUIKeywordMain.runKeyword(WebUIKeywordMain.groovy:20)
	... 23 more
"/>
         <system-out><![CDATA[2021-02-19 16:47:26 - [TEST_CASE][FAILED] - Test Cases/UploadDiffFiles_RegisterUser/TC_As a register user, Upload PC Zip Compressed Archive File and verify Uploded file in Submission Page: Test Cases/UploadDiffFiles_RegisterUser/TC_As a register user, Upload PC Zip Compressed Archive File and verify Uploded file in Submission Page FAILED.
Reason:
com.kms.katalon.core.exception.StepFailedException: Unable to open browser with url: 'https://Inspect.Stage.site.sa'
	at com.kms.katalon.core.webui.keyword.internal.WebUIKeywordMain.stepFailed(WebUIKeywordMain.groovy:64)
	at com.kms.katalon.core.webui.keyword.internal.WebUIKeywordMain.runKeyword(WebUIKeywordMain.groovy:26)
	at com.kms.katalon.core.webui.keyword.builtin.OpenBrowserKeyword.openBrowser(OpenBrowserKeyword.groovy:81)
	at com.kms.katalon.core.webui.keyword.builtin.OpenBrowserKeyword.execute(OpenBrowserKeyword.groovy:67)
	at com.kms.katalon.core.keyword.internal.KeywordExecutor.executeKeywordForPlatform(KeywordExecutor.groovy:73)
	at com.kms.katalon.core.webui.keyword.WebUiBuiltInKeywords.openBrowser(WebUiBuiltInKeywords.groovy:61)
	at com.kms.katalon.core.webui.keyword.WebUiBuiltInKeywords$openBrowser.call(Unknown Source)
	at customKeywords.commanFunctions.openBrowser(commanFunctions.groovy:47)
	at customKeywords.commanFunctions.uploadFileOfRegisterUser(commanFunctions.groovy:747)
	at customKeywords.commanFunctions.invokeMethod(commanFunctions.groovy)
	at com.kms.katalon.core.main.CustomKeywordDelegatingMetaClass.invokeStaticMethod(CustomKeywordDelegatingMetaClass.java:50)
	at TC_As a register user, Upload PC Zip Compressed Archive File and verify Uploded file in Submission Page.run(TC_As a register user, Upload PC Zip Compressed Archive File and verify Uploded file in Submission Page:16)
	at com.kms.katalon.core.main.ScriptEngine.run(ScriptEngine.java:194)
	at com.kms.katalon.core.main.ScriptEngine.runScriptAsRawText(ScriptEngine.java:119)
	at com.kms.katalon.core.main.TestCaseExecutor.runScript(TestCaseExecutor.java:394)
	at com.kms.katalon.core.main.TestCaseExecutor.doExecute(TestCaseExecutor.java:385)
	at com.kms.katalon.core.main.TestCaseExecutor.processExecutionPhase(TestCaseExecutor.java:364)
	at com.kms.katalon.core.main.TestCaseExecutor.accessMainPhase(TestCaseExecutor.java:356)
	at com.kms.katalon.core.main.TestCaseExecutor.execute(TestCaseExecutor.java:251)
	at com.kms.katalon.core.main.TestSuiteExecutor.accessTestCaseMainPhase(TestSuiteExecutor.java:203)
	at com.kms.katalon.core.main.TestSuiteExecutor.accessTestSuiteMainPhase(TestSuiteExecutor.java:152)
	at com.kms.katalon.core.main.TestSuiteExecutor.execute(TestSuiteExecutor.java:95)
	at com.kms.katalon.core.main.TestCaseMain.startTestSuite(TestCaseMain.java:157)
	at com.kms.katalon.core.main.TestCaseMain$startTestSuite$0.call(Unknown Source)
	at TempTestSuite1613733199540.run(TempTestSuite1613733199540.groovy:39)
Caused by: org.openqa.selenium.SessionNotCreatedException: session not created
from chrome not reachable
  (Session info: chrome=86.0.4240.75)
Build info: version: '3.141.59', revision: 'e82be7d358', time: '2018-11-14T08:25:53'
System info: host: 'OMTPGCN1132568L', ip: '192.168.1.1', os.name: 'Windows 10', os.arch: 'amd64', os.version: '10.0', java.version: '1.8.0_181'
Driver info: driver.version: CChromeDriver
remote stacktrace: Backtrace:
	Ordinal0 [0x00A8C013+3194899]
	Ordinal0 [0x00976021+2056225]
	Ordinal0 [0x0080F4B0+586928]
	Ordinal0 [0x00805894+546964]
	Ordinal0 [0x00805F2C+548652]
	Ordinal0 [0x00807175+553333]
	Ordinal0 [0x0080241E+533534]
	Ordinal0 [0x00810620+591392]
	Ordinal0 [0x007B2A0C+207372]
	Ordinal0 [0x007B1D0D+204045]
	Ordinal0 [0x007AFC1B+195611]
	Ordinal0 [0x00793B7F+80767]
	Ordinal0 [0x00794B4E+84814]
	Ordinal0 [0x00794AD9+84697]
	Ordinal0 [0x0098CE64+2149988]
	GetHandleVerifier [0x00BFBE95+1400773]
	GetHandleVerifier [0x00BFBB61+1399953]
	GetHandleVerifier [0x00C031FA+1430314]
	GetHandleVerifier [0x00BFC69F+1402831]
	Ordinal0 [0x00983D61+2112865]
	Ordinal0 [0x0098E5CB+2155979]
	Ordinal0 [0x0098E6F5+2156277]
	Ordinal0 [0x0099F26E+2224750]
	BaseThreadInitThunk [0x77026359+25]
	RtlGetAppContainerNamedObjectPath [0x77BD8944+228]
	RtlGetAppContainerNamedObjectPath [0x77BD8914+180]

	at org.openqa.selenium.remote.W3CHandshakeResponse.lambda$errorHandler$0(W3CHandshakeResponse.java:62)
	at org.openqa.selenium.remote.HandshakeResponse.lambda$getResponseFunction$0(HandshakeResponse.java:30)
	at org.openqa.selenium.remote.ProtocolHandshake.lambda$createSession$0(ProtocolHandshake.java:126)
	at org.openqa.selenium.remote.ProtocolHandshake.createSession(ProtocolHandshake.java:128)
	at org.openqa.selenium.remote.ProtocolHandshake.createSession(ProtocolHandshake.java:74)
	at org.openqa.selenium.remote.HttpCommandExecutor.execute(HttpCommandExecutor.java:136)
	at org.openqa.selenium.remote.service.DriverCommandExecutor.execute(DriverCommandExecutor.java:83)
	at org.openqa.selenium.remote.RemoteWebDriver.execute(RemoteWebDriver.java:552)
	at com.kms.katalon.selenium.driver.CChromeDriver.execute(CChromeDriver.java:19)
	at org.openqa.selenium.remote.RemoteWebDriver.startSession(RemoteWebDriver.java:213)
	at org.openqa.selenium.remote.RemoteWebDriver.<init>(RemoteWebDriver.java:131)
	at org.openqa.selenium.chrome.ChromeDriver.<init>(ChromeDriver.java:181)
	at org.openqa.selenium.chrome.ChromeDriver.<init>(ChromeDriver.java:147)
	at com.kms.katalon.selenium.driver.CChromeDriver.<init>(CChromeDriver.java:13)
	at com.kms.katalon.core.webui.driver.DriverFactory.createNewChromeDriver(DriverFactory.java:400)
	at com.kms.katalon.core.webui.driver.DriverFactory.startNewBrowser(DriverFactory.java:358)
	at com.kms.katalon.core.webui.driver.DriverFactory.openWebDriver(DriverFactory.java:245)
	at com.kms.katalon.core.webui.keyword.builtin.OpenBrowserKeyword$_openBrowser_closure1.doCall(OpenBrowserKeyword.groovy:74)
	at com.kms.katalon.core.webui.keyword.builtin.OpenBrowserKeyword$_openBrowser_closure1.call(OpenBrowserKeyword.groovy)
	at com.kms.katalon.core.webui.keyword.internal.WebUIKeywordMain.runKeyword(WebUIKeywordMain.groovy:20)
	... 23 more


2021-02-19 16:47:26 - [TEST_STEP][PASSED] - excelTestData = findTestData("Data Files/TestData/InspectTestData"): null

2021-02-19 16:47:26 - [TEST_STEP][PASSED] - rigisterUN = excelTestData.getValue(6, 23): null

2021-02-19 16:47:26 - [TEST_STEP][PASSED] - rigisterPW = excelTestData.getValue(3, 23): null

2021-02-19 16:47:26 - [TEST_STEP][FAILED] - customKeywords.commanFunctions.uploadFileOfRegisterUser(329, rigisterUN, rigisterPW): Unable to open browser with url: 'https://Inspect.Stage.site.sa'

2021-02-19 16:47:26 - [MESSAGE][INFO] - Starting 'Chrome' driver

2021-02-19 16:47:26 - [MESSAGE][INFO] - Action delay is set to 0 milliseconds

2021-02-19 16:47:39 - [MESSAGE][FAILED] - Unable to open browser with url: 'https://Inspect.Stage.site.sa' (Root cause: com.kms.katalon.core.exception.StepFailedException: Unable to open browser with url: 'https://Inspect.Stage.site.sa'
	at com.kms.katalon.core.webui.keyword.internal.WebUIKeywordMain.stepFailed(WebUIKeywordMain.groovy:64)
	at com.kms.katalon.core.webui.keyword.internal.WebUIKeywordMain.runKeyword(WebUIKeywordMain.groovy:26)
	at com.kms.katalon.core.webui.keyword.builtin.OpenBrowserKeyword.openBrowser(OpenBrowserKeyword.groovy:81)
	at com.kms.katalon.core.webui.keyword.builtin.OpenBrowserKeyword.execute(OpenBrowserKeyword.groovy:67)
	at com.kms.katalon.core.keyword.internal.KeywordExecutor.executeKeywordForPlatform(KeywordExecutor.groovy:73)
	at com.kms.katalon.core.webui.keyword.WebUiBuiltInKeywords.openBrowser(WebUiBuiltInKeywords.groovy:61)
	at com.kms.katalon.core.webui.keyword.WebUiBuiltInKeywords$openBrowser.call(Unknown Source)
	at customKeywords.commanFunctions.openBrowser(commanFunctions.groovy:47)
	at customKeywords.commanFunctions.uploadFileOfRegisterUser(commanFunctions.groovy:747)
	at customKeywords.commanFunctions.invokeMethod(commanFunctions.groovy)
	at com.kms.katalon.core.main.CustomKeywordDelegatingMetaClass.invokeStaticMethod(CustomKeywordDelegatingMetaClass.java:50)
	at TC_As a register user, Upload PC Zip Compressed Archive File and verify Uploded file in Submission Page.run(TC_As a register user, Upload PC Zip Compressed Archive File and verify Uploded file in Submission Page:16)
	at com.kms.katalon.core.main.ScriptEngine.run(ScriptEngine.java:194)
	at com.kms.katalon.core.main.ScriptEngine.runScriptAsRawText(ScriptEngine.java:119)
	at com.kms.katalon.core.main.TestCaseExecutor.runScript(TestCaseExecutor.java:394)
	at com.kms.katalon.core.main.TestCaseExecutor.doExecute(TestCaseExecutor.java:385)
	at com.kms.katalon.core.main.TestCaseExecutor.processExecutionPhase(TestCaseExecutor.java:364)
	at com.kms.katalon.core.main.TestCaseExecutor.accessMainPhase(TestCaseExecutor.java:356)
	at com.kms.katalon.core.main.TestCaseExecutor.execute(TestCaseExecutor.java:251)
	at com.kms.katalon.core.main.TestSuiteExecutor.accessTestCaseMainPhase(TestSuiteExecutor.java:203)
	at com.kms.katalon.core.main.TestSuiteExecutor.accessTestSuiteMainPhase(TestSuiteExecutor.java:152)
	at com.kms.katalon.core.main.TestSuiteExecutor.execute(TestSuiteExecutor.java:95)
	at com.kms.katalon.core.main.TestCaseMain.startTestSuite(TestCaseMain.java:157)
	at com.kms.katalon.core.main.TestCaseMain$startTestSuite$0.call(Unknown Source)
	at TempTestSuite1613733199540.run(TempTestSuite1613733199540.groovy:39)
Caused by: org.openqa.selenium.SessionNotCreatedException: session not created
from chrome not reachable
  (Session info: chrome=86.0.4240.75)
Build info: version: '3.141.59', revision: 'e82be7d358', time: '2018-11-14T08:25:53'
System info: host: 'OMTPGCN1132568L', ip: '192.168.1.1', os.name: 'Windows 10', os.arch: 'amd64', os.version: '10.0', java.version: '1.8.0_181'
Driver info: driver.version: CChromeDriver
remote stacktrace: Backtrace:
	Ordinal0 [0x00A8C013+3194899]
	Ordinal0 [0x00976021+2056225]
	Ordinal0 [0x0080F4B0+586928]
	Ordinal0 [0x00805894+546964]
	Ordinal0 [0x00805F2C+548652]
	Ordinal0 [0x00807175+553333]
	Ordinal0 [0x0080241E+533534]
	Ordinal0 [0x00810620+591392]
	Ordinal0 [0x007B2A0C+207372]
	Ordinal0 [0x007B1D0D+204045]
	Ordinal0 [0x007AFC1B+195611]
	Ordinal0 [0x00793B7F+80767]
	Ordinal0 [0x00794B4E+84814]
	Ordinal0 [0x00794AD9+84697]
	Ordinal0 [0x0098CE64+2149988]
	GetHandleVerifier [0x00BFBE95+1400773]
	GetHandleVerifier [0x00BFBB61+1399953]
	GetHandleVerifier [0x00C031FA+1430314]
	GetHandleVerifier [0x00BFC69F+1402831]
	Ordinal0 [0x00983D61+2112865]
	Ordinal0 [0x0098E5CB+2155979]
	Ordinal0 [0x0098E6F5+2156277]
	Ordinal0 [0x0099F26E+2224750]
	BaseThreadInitThunk [0x77026359+25]
	RtlGetAppContainerNamedObjectPath [0x77BD8944+228]
	RtlGetAppContainerNamedObjectPath [0x77BD8914+180]

	at org.openqa.selenium.remote.W3CHandshakeResponse.lambda$errorHandler$0(W3CHandshakeResponse.java:62)
	at org.openqa.selenium.remote.HandshakeResponse.lambda$getResponseFunction$0(HandshakeResponse.java:30)
	at org.openqa.selenium.remote.ProtocolHandshake.lambda$createSession$0(ProtocolHandshake.java:126)
	at org.openqa.selenium.remote.ProtocolHandshake.createSession(ProtocolHandshake.java:128)
	at org.openqa.selenium.remote.ProtocolHandshake.createSession(ProtocolHandshake.java:74)
	at org.openqa.selenium.remote.HttpCommandExecutor.execute(HttpCommandExecutor.java:136)
	at org.openqa.selenium.remote.service.DriverCommandExecutor.execute(DriverCommandExecutor.java:83)
	at org.openqa.selenium.remote.RemoteWebDriver.execute(RemoteWebDriver.java:552)
	at com.kms.katalon.selenium.driver.CChromeDriver.execute(CChromeDriver.java:19)
	at org.openqa.selenium.remote.RemoteWebDriver.startSession(RemoteWebDriver.java:213)
	at org.openqa.selenium.remote.RemoteWebDriver.<init>(RemoteWebDriver.java:131)
	at org.openqa.selenium.chrome.ChromeDriver.<init>(ChromeDriver.java:181)
	at org.openqa.selenium.chrome.ChromeDriver.<init>(ChromeDriver.java:147)
	at com.kms.katalon.selenium.driver.CChromeDriver.<init>(CChromeDriver.java:13)
	at com.kms.katalon.core.webui.driver.DriverFactory.createNewChromeDriver(DriverFactory.java:400)
	at com.kms.katalon.core.webui.driver.DriverFactory.startNewBrowser(DriverFactory.java:358)
	at com.kms.katalon.core.webui.driver.DriverFactory.openWebDriver(DriverFactory.java:245)
	at com.kms.katalon.core.webui.keyword.builtin.OpenBrowserKeyword$_openBrowser_closure1.doCall(OpenBrowserKeyword.groovy:74)
	at com.kms.katalon.core.webui.keyword.builtin.OpenBrowserKeyword$_openBrowser_closure1.call(OpenBrowserKeyword.groovy)
	at com.kms.katalon.core.webui.keyword.internal.WebUIKeywordMain.runKeyword(WebUIKeywordMain.groovy:20)
	at com.kms.katalon.core.webui.keyword.builtin.OpenBrowserKeyword.openBrowser(OpenBrowserKeyword.groovy:81)
	at com.kms.katalon.core.webui.keyword.builtin.OpenBrowserKeyword.execute(OpenBrowserKeyword.groovy:67)
	at com.kms.katalon.core.keyword.internal.KeywordExecutor.executeKeywordForPlatform(KeywordExecutor.groovy:73)
	at com.kms.katalon.core.webui.keyword.WebUiBuiltInKeywords.openBrowser(WebUiBuiltInKeywords.groovy:61)
	at com.kms.katalon.core.webui.keyword.WebUiBuiltInKeywords$openBrowser.call(Unknown Source)
	at customKeywords.commanFunctions.openBrowser(commanFunctions.groovy:47)
	at customKeywords.commanFunctions.uploadFileOfRegisterUser(commanFunctions.groovy:747)
	at customKeywords.commanFunctions.invokeMethod(commanFunctions.groovy)
	at com.kms.katalon.core.main.CustomKeywordDelegatingMetaClass.invokeStaticMethod(CustomKeywordDelegatingMetaClass.java:50)
	at Script1613387403734.run(Script1613387403734.groovy:16)
	... 13 more
)

2021-02-19 16:47:39 - [MESSAGE][FAILED] - Unable to open browser with url: 'https://Inspect.Stage.site.sa'

2021-02-19 16:47:39 - [TEST_STEP][PASSED] - Start tear down : tearDownMethodIfFailed: Method 'tearDownMethodIfFailed' complete successfully

2021-02-19 16:47:39 - [TEST_STEP][PASSED] - customKeywords.commanFunctions.onlyCloseBrowser(): customKeywords.commanFunctions.onlyCloseBrowser is PASSED

2021-02-19 16:47:39 - [MESSAGE][PASSED] - Browser is closed

2021-02-19 16:47:39 - [MESSAGE][PASSED] - customKeywords.commanFunctions.onlyCloseBrowser is PASSED

2021-02-19 16:47:39 - [TEST_STEP][PASSED] - logInfo("[--------This is tearDownIfFailed method------]"): [--------This is tearDownIfFailed method------]

2021-02-19 16:47:39 - [MESSAGE][INFO] - [--------This is tearDownIfFailed method------]

2021-02-19 16:47:39 - [MESSAGE][PASSED] - Method 'tearDownMethodIfFailed' complete successfully]]></system-out>
         <system-err><![CDATA[2021-02-19 16:47:26 - [TEST_CASE][FAILED] - Test Cases/UploadDiffFiles_RegisterUser/TC_As a register user, Upload PC Zip Compressed Archive File and verify Uploded file in Submission Page: Test Cases/UploadDiffFiles_RegisterUser/TC_As a register user, Upload PC Zip Compressed Archive File and verify Uploded file in Submission Page FAILED.
Reason:
com.kms.katalon.core.exception.StepFailedException: Unable to open browser with url: 'https://Inspect.Stage.site.sa'
	at com.kms.katalon.core.webui.keyword.internal.WebUIKeywordMain.stepFailed(WebUIKeywordMain.groovy:64)
	at com.kms.katalon.core.webui.keyword.internal.WebUIKeywordMain.runKeyword(WebUIKeywordMain.groovy:26)
	at com.kms.katalon.core.webui.keyword.builtin.OpenBrowserKeyword.openBrowser(OpenBrowserKeyword.groovy:81)
	at com.kms.katalon.core.webui.keyword.builtin.OpenBrowserKeyword.execute(OpenBrowserKeyword.groovy:67)
	at com.kms.katalon.core.keyword.internal.KeywordExecutor.executeKeywordForPlatform(KeywordExecutor.groovy:73)
	at com.kms.katalon.core.webui.keyword.WebUiBuiltInKeywords.openBrowser(WebUiBuiltInKeywords.groovy:61)
	at com.kms.katalon.core.webui.keyword.WebUiBuiltInKeywords$openBrowser.call(Unknown Source)
	at customKeywords.commanFunctions.openBrowser(commanFunctions.groovy:47)
	at customKeywords.commanFunctions.uploadFileOfRegisterUser(commanFunctions.groovy:747)
	at customKeywords.commanFunctions.invokeMethod(commanFunctions.groovy)
	at com.kms.katalon.core.main.CustomKeywordDelegatingMetaClass.invokeStaticMethod(CustomKeywordDelegatingMetaClass.java:50)
	at TC_As a register user, Upload PC Zip Compressed Archive File and verify Uploded file in Submission Page.run(TC_As a register user, Upload PC Zip Compressed Archive File and verify Uploded file in Submission Page:16)
	at com.kms.katalon.core.main.ScriptEngine.run(ScriptEngine.java:194)
	at com.kms.katalon.core.main.ScriptEngine.runScriptAsRawText(ScriptEngine.java:119)
	at com.kms.katalon.core.main.TestCaseExecutor.runScript(TestCaseExecutor.java:394)
	at com.kms.katalon.core.main.TestCaseExecutor.doExecute(TestCaseExecutor.java:385)
	at com.kms.katalon.core.main.TestCaseExecutor.processExecutionPhase(TestCaseExecutor.java:364)
	at com.kms.katalon.core.main.TestCaseExecutor.accessMainPhase(TestCaseExecutor.java:356)
	at com.kms.katalon.core.main.TestCaseExecutor.execute(TestCaseExecutor.java:251)
	at com.kms.katalon.core.main.TestSuiteExecutor.accessTestCaseMainPhase(TestSuiteExecutor.java:203)
	at com.kms.katalon.core.main.TestSuiteExecutor.accessTestSuiteMainPhase(TestSuiteExecutor.java:152)
	at com.kms.katalon.core.main.TestSuiteExecutor.execute(TestSuiteExecutor.java:95)
	at com.kms.katalon.core.main.TestCaseMain.startTestSuite(TestCaseMain.java:157)
	at com.kms.katalon.core.main.TestCaseMain$startTestSuite$0.call(Unknown Source)
	at TempTestSuite1613733199540.run(TempTestSuite1613733199540.groovy:39)
Caused by: org.openqa.selenium.SessionNotCreatedException: session not created
from chrome not reachable
  (Session info: chrome=86.0.4240.75)
Build info: version: '3.141.59', revision: 'e82be7d358', time: '2018-11-14T08:25:53'
System info: host: 'OMTPGCN1132568L', ip: '192.168.1.1', os.name: 'Windows 10', os.arch: 'amd64', os.version: '10.0', java.version: '1.8.0_181'
Driver info: driver.version: CChromeDriver
remote stacktrace: Backtrace:
	Ordinal0 [0x00A8C013+3194899]
	Ordinal0 [0x00976021+2056225]
	Ordinal0 [0x0080F4B0+586928]
	Ordinal0 [0x00805894+546964]
	Ordinal0 [0x00805F2C+548652]
	Ordinal0 [0x00807175+553333]
	Ordinal0 [0x0080241E+533534]
	Ordinal0 [0x00810620+591392]
	Ordinal0 [0x007B2A0C+207372]
	Ordinal0 [0x007B1D0D+204045]
	Ordinal0 [0x007AFC1B+195611]
	Ordinal0 [0x00793B7F+80767]
	Ordinal0 [0x00794B4E+84814]
	Ordinal0 [0x00794AD9+84697]
	Ordinal0 [0x0098CE64+2149988]
	GetHandleVerifier [0x00BFBE95+1400773]
	GetHandleVerifier [0x00BFBB61+1399953]
	GetHandleVerifier [0x00C031FA+1430314]
	GetHandleVerifier [0x00BFC69F+1402831]
	Ordinal0 [0x00983D61+2112865]
	Ordinal0 [0x0098E5CB+2155979]
	Ordinal0 [0x0098E6F5+2156277]
	Ordinal0 [0x0099F26E+2224750]
	BaseThreadInitThunk [0x77026359+25]
	RtlGetAppContainerNamedObjectPath [0x77BD8944+228]
	RtlGetAppContainerNamedObjectPath [0x77BD8914+180]

	at org.openqa.selenium.remote.W3CHandshakeResponse.lambda$errorHandler$0(W3CHandshakeResponse.java:62)
	at org.openqa.selenium.remote.HandshakeResponse.lambda$getResponseFunction$0(HandshakeResponse.java:30)
	at org.openqa.selenium.remote.ProtocolHandshake.lambda$createSession$0(ProtocolHandshake.java:126)
	at org.openqa.selenium.remote.ProtocolHandshake.createSession(ProtocolHandshake.java:128)
	at org.openqa.selenium.remote.ProtocolHandshake.createSession(ProtocolHandshake.java:74)
	at org.openqa.selenium.remote.HttpCommandExecutor.execute(HttpCommandExecutor.java:136)
	at org.openqa.selenium.remote.service.DriverCommandExecutor.execute(DriverCommandExecutor.java:83)
	at org.openqa.selenium.remote.RemoteWebDriver.execute(RemoteWebDriver.java:552)
	at com.kms.katalon.selenium.driver.CChromeDriver.execute(CChromeDriver.java:19)
	at org.openqa.selenium.remote.RemoteWebDriver.startSession(RemoteWebDriver.java:213)
	at org.openqa.selenium.remote.RemoteWebDriver.<init>(RemoteWebDriver.java:131)
	at org.openqa.selenium.chrome.ChromeDriver.<init>(ChromeDriver.java:181)
	at org.openqa.selenium.chrome.ChromeDriver.<init>(ChromeDriver.java:147)
	at com.kms.katalon.selenium.driver.CChromeDriver.<init>(CChromeDriver.java:13)
	at com.kms.katalon.core.webui.driver.DriverFactory.createNewChromeDriver(DriverFactory.java:400)
	at com.kms.katalon.core.webui.driver.DriverFactory.startNewBrowser(DriverFactory.java:358)
	at com.kms.katalon.core.webui.driver.DriverFactory.openWebDriver(DriverFactory.java:245)
	at com.kms.katalon.core.webui.keyword.builtin.OpenBrowserKeyword$_openBrowser_closure1.doCall(OpenBrowserKeyword.groovy:74)
	at com.kms.katalon.core.webui.keyword.builtin.OpenBrowserKeyword$_openBrowser_closure1.call(OpenBrowserKeyword.groovy)
	at com.kms.katalon.core.webui.keyword.internal.WebUIKeywordMain.runKeyword(WebUIKeywordMain.groovy:20)
	... 23 more]]></system-err>
      </testcase>
      <testcase name="Test Cases/UploadDiffFiles_RegisterUser/TC_As a register user, Upload PDF File and verify Uploded file in Submission Page" time="9.009" classname="Test Cases/UploadDiffFiles_RegisterUser/TC_As a register user, Upload PDF File and verify Uploded file in Submission Page" status="FAILED">
         <failure type="FAILED" message="Test Cases/UploadDiffFiles_RegisterUser/TC_As a register user, Upload PDF File and verify Uploded file in Submission Page FAILED.
Reason:
com.kms.katalon.core.exception.StepFailedException: Unable to maximize current window
	at com.kms.katalon.core.webui.keyword.internal.WebUIKeywordMain.stepFailed(WebUIKeywordMain.groovy:64)
	at com.kms.katalon.core.webui.keyword.internal.WebUIKeywordMain.runKeyword(WebUIKeywordMain.groovy:26)
	at com.kms.katalon.core.webui.keyword.builtin.MaximizeWindowKeyword.maximizeWindow(MaximizeWindowKeyword.groovy:74)
	at com.kms.katalon.core.webui.keyword.builtin.MaximizeWindowKeyword.execute(MaximizeWindowKeyword.groovy:69)
	at com.kms.katalon.core.keyword.internal.KeywordExecutor.executeKeywordForPlatform(KeywordExecutor.groovy:73)
	at com.kms.katalon.core.webui.keyword.WebUiBuiltInKeywords.maximizeWindow(WebUiBuiltInKeywords.groovy:280)
	at com.kms.katalon.core.webui.keyword.WebUiBuiltInKeywords$maximizeWindow$0.call(Unknown Source)
	at customKeywords.commanFunctions.openBrowser(commanFunctions.groovy:48)
	at customKeywords.commanFunctions.uploadFileOfRegisterUser(commanFunctions.groovy:747)
	at customKeywords.commanFunctions.invokeMethod(commanFunctions.groovy)
	at com.kms.katalon.core.main.CustomKeywordDelegatingMetaClass.invokeStaticMethod(CustomKeywordDelegatingMetaClass.java:50)
	at TC_As a register user, Upload PDF File and verify Uploded file in Submission Page.run(TC_As a register user, Upload PDF File and verify Uploded file in Submission Page:16)
	at com.kms.katalon.core.main.ScriptEngine.run(ScriptEngine.java:194)
	at com.kms.katalon.core.main.ScriptEngine.runScriptAsRawText(ScriptEngine.java:119)
	at com.kms.katalon.core.main.TestCaseExecutor.runScript(TestCaseExecutor.java:394)
	at com.kms.katalon.core.main.TestCaseExecutor.doExecute(TestCaseExecutor.java:385)
	at com.kms.katalon.core.main.TestCaseExecutor.processExecutionPhase(TestCaseExecutor.java:364)
	at com.kms.katalon.core.main.TestCaseExecutor.accessMainPhase(TestCaseExecutor.java:356)
	at com.kms.katalon.core.main.TestCaseExecutor.execute(TestCaseExecutor.java:251)
	at com.kms.katalon.core.main.TestSuiteExecutor.accessTestCaseMainPhase(TestSuiteExecutor.java:203)
	at com.kms.katalon.core.main.TestSuiteExecutor.accessTestSuiteMainPhase(TestSuiteExecutor.java:152)
	at com.kms.katalon.core.main.TestSuiteExecutor.execute(TestSuiteExecutor.java:95)
	at com.kms.katalon.core.main.TestCaseMain.startTestSuite(TestCaseMain.java:157)
	at com.kms.katalon.core.main.TestCaseMain$startTestSuite$0.call(Unknown Source)
	at TempTestSuite1613733199540.run(TempTestSuite1613733199540.groovy:39)
Caused by: org.openqa.selenium.NoSuchWindowException: no such window: target window already closed
from unknown error: web view not found
  (Session info: chrome=86.0.4240.75)
Build info: version: '3.141.59', revision: 'e82be7d358', time: '2018-11-14T08:25:53'
System info: host: 'OMTPGCN1132568L', ip: '192.168.1.1', os.name: 'Windows 10', os.arch: 'amd64', os.version: '10.0', java.version: '1.8.0_181'
Driver info: com.kms.katalon.selenium.driver.CChromeDriver
Capabilities {acceptInsecureCerts: false, browserName: chrome, browserVersion: 86.0.4240.75, chrome: {chromedriverVersion: 86.0.4240.22 (398b0743353ff..., userDataDir: C:\Users\ashok\AppData\Loca...}, goog:chromeOptions: {debuggerAddress: localhost:51007}, javascriptEnabled: true, networkConnectionEnabled: false, pageLoadStrategy: normal, platform: WINDOWS, platformName: WINDOWS, proxy: Proxy(), setWindowRect: true, strictFileInteractability: false, timeouts: {implicit: 0, pageLoad: 300000, script: 30000}, unhandledPromptBehavior: dismiss and notify, webauthn:virtualAuthenticators: true}
Session ID: b8ea8727917a1a63d637ee049cbbd5bf
	at org.openqa.selenium.remote.http.W3CHttpResponseCodec.createException(W3CHttpResponseCodec.java:187)
	at org.openqa.selenium.remote.http.W3CHttpResponseCodec.decode(W3CHttpResponseCodec.java:122)
	at org.openqa.selenium.remote.http.W3CHttpResponseCodec.decode(W3CHttpResponseCodec.java:49)
	at org.openqa.selenium.remote.HttpCommandExecutor.execute(HttpCommandExecutor.java:158)
	at org.openqa.selenium.remote.service.DriverCommandExecutor.execute(DriverCommandExecutor.java:83)
	at org.openqa.selenium.remote.RemoteWebDriver.execute(RemoteWebDriver.java:552)
	at com.kms.katalon.selenium.driver.CChromeDriver.execute(CChromeDriver.java:19)
	at org.openqa.selenium.remote.RemoteWebDriver.execute(RemoteWebDriver.java:609)
	at org.openqa.selenium.remote.RemoteWebDriver$RemoteWebDriverOptions$RemoteWindow.maximize(RemoteWebDriver.java:837)
	at org.openqa.selenium.support.events.EventFiringWebDriver$EventFiringWindow.maximize(EventFiringWebDriver.java:769)
	at com.kms.katalon.core.webui.keyword.builtin.MaximizeWindowKeyword$_maximizeWindow_closure1.doCall(MaximizeWindowKeyword.groovy:85)
	at com.kms.katalon.core.webui.keyword.builtin.MaximizeWindowKeyword$_maximizeWindow_closure1.call(MaximizeWindowKeyword.groovy)
	at com.kms.katalon.core.webui.keyword.internal.WebUIKeywordMain.runKeyword(WebUIKeywordMain.groovy:20)
	... 23 more
"/>
         <system-out><![CDATA[2021-02-19 16:47:39 - [TEST_CASE][FAILED] - Test Cases/UploadDiffFiles_RegisterUser/TC_As a register user, Upload PDF File and verify Uploded file in Submission Page: Test Cases/UploadDiffFiles_RegisterUser/TC_As a register user, Upload PDF File and verify Uploded file in Submission Page FAILED.
Reason:
com.kms.katalon.core.exception.StepFailedException: Unable to maximize current window
	at com.kms.katalon.core.webui.keyword.internal.WebUIKeywordMain.stepFailed(WebUIKeywordMain.groovy:64)
	at com.kms.katalon.core.webui.keyword.internal.WebUIKeywordMain.runKeyword(WebUIKeywordMain.groovy:26)
	at com.kms.katalon.core.webui.keyword.builtin.MaximizeWindowKeyword.maximizeWindow(MaximizeWindowKeyword.groovy:74)
	at com.kms.katalon.core.webui.keyword.builtin.MaximizeWindowKeyword.execute(MaximizeWindowKeyword.groovy:69)
	at com.kms.katalon.core.keyword.internal.KeywordExecutor.executeKeywordForPlatform(KeywordExecutor.groovy:73)
	at com.kms.katalon.core.webui.keyword.WebUiBuiltInKeywords.maximizeWindow(WebUiBuiltInKeywords.groovy:280)
	at com.kms.katalon.core.webui.keyword.WebUiBuiltInKeywords$maximizeWindow$0.call(Unknown Source)
	at customKeywords.commanFunctions.openBrowser(commanFunctions.groovy:48)
	at customKeywords.commanFunctions.uploadFileOfRegisterUser(commanFunctions.groovy:747)
	at customKeywords.commanFunctions.invokeMethod(commanFunctions.groovy)
	at com.kms.katalon.core.main.CustomKeywordDelegatingMetaClass.invokeStaticMethod(CustomKeywordDelegatingMetaClass.java:50)
	at TC_As a register user, Upload PDF File and verify Uploded file in Submission Page.run(TC_As a register user, Upload PDF File and verify Uploded file in Submission Page:16)
	at com.kms.katalon.core.main.ScriptEngine.run(ScriptEngine.java:194)
	at com.kms.katalon.core.main.ScriptEngine.runScriptAsRawText(ScriptEngine.java:119)
	at com.kms.katalon.core.main.TestCaseExecutor.runScript(TestCaseExecutor.java:394)
	at com.kms.katalon.core.main.TestCaseExecutor.doExecute(TestCaseExecutor.java:385)
	at com.kms.katalon.core.main.TestCaseExecutor.processExecutionPhase(TestCaseExecutor.java:364)
	at com.kms.katalon.core.main.TestCaseExecutor.accessMainPhase(TestCaseExecutor.java:356)
	at com.kms.katalon.core.main.TestCaseExecutor.execute(TestCaseExecutor.java:251)
	at com.kms.katalon.core.main.TestSuiteExecutor.accessTestCaseMainPhase(TestSuiteExecutor.java:203)
	at com.kms.katalon.core.main.TestSuiteExecutor.accessTestSuiteMainPhase(TestSuiteExecutor.java:152)
	at com.kms.katalon.core.main.TestSuiteExecutor.execute(TestSuiteExecutor.java:95)
	at com.kms.katalon.core.main.TestCaseMain.startTestSuite(TestCaseMain.java:157)
	at com.kms.katalon.core.main.TestCaseMain$startTestSuite$0.call(Unknown Source)
	at TempTestSuite1613733199540.run(TempTestSuite1613733199540.groovy:39)
Caused by: org.openqa.selenium.NoSuchWindowException: no such window: target window already closed
from unknown error: web view not found
  (Session info: chrome=86.0.4240.75)
Build info: version: '3.141.59', revision: 'e82be7d358', time: '2018-11-14T08:25:53'
System info: host: 'OMTPGCN1132568L', ip: '192.168.1.1', os.name: 'Windows 10', os.arch: 'amd64', os.version: '10.0', java.version: '1.8.0_181'
Driver info: com.kms.katalon.selenium.driver.CChromeDriver
Capabilities {acceptInsecureCerts: false, browserName: chrome, browserVersion: 86.0.4240.75, chrome: {chromedriverVersion: 86.0.4240.22 (398b0743353ff..., userDataDir: C:\Users\ashok\AppData\Loca...}, goog:chromeOptions: {debuggerAddress: localhost:51007}, javascriptEnabled: true, networkConnectionEnabled: false, pageLoadStrategy: normal, platform: WINDOWS, platformName: WINDOWS, proxy: Proxy(), setWindowRect: true, strictFileInteractability: false, timeouts: {implicit: 0, pageLoad: 300000, script: 30000}, unhandledPromptBehavior: dismiss and notify, webauthn:virtualAuthenticators: true}
Session ID: b8ea8727917a1a63d637ee049cbbd5bf
	at org.openqa.selenium.remote.http.W3CHttpResponseCodec.createException(W3CHttpResponseCodec.java:187)
	at org.openqa.selenium.remote.http.W3CHttpResponseCodec.decode(W3CHttpResponseCodec.java:122)
	at org.openqa.selenium.remote.http.W3CHttpResponseCodec.decode(W3CHttpResponseCodec.java:49)
	at org.openqa.selenium.remote.HttpCommandExecutor.execute(HttpCommandExecutor.java:158)
	at org.openqa.selenium.remote.service.DriverCommandExecutor.execute(DriverCommandExecutor.java:83)
	at org.openqa.selenium.remote.RemoteWebDriver.execute(RemoteWebDriver.java:552)
	at com.kms.katalon.selenium.driver.CChromeDriver.execute(CChromeDriver.java:19)
	at org.openqa.selenium.remote.RemoteWebDriver.execute(RemoteWebDriver.java:609)
	at org.openqa.selenium.remote.RemoteWebDriver$RemoteWebDriverOptions$RemoteWindow.maximize(RemoteWebDriver.java:837)
	at org.openqa.selenium.support.events.EventFiringWebDriver$EventFiringWindow.maximize(EventFiringWebDriver.java:769)
	at com.kms.katalon.core.webui.keyword.builtin.MaximizeWindowKeyword$_maximizeWindow_closure1.doCall(MaximizeWindowKeyword.groovy:85)
	at com.kms.katalon.core.webui.keyword.builtin.MaximizeWindowKeyword$_maximizeWindow_closure1.call(MaximizeWindowKeyword.groovy)
	at com.kms.katalon.core.webui.keyword.internal.WebUIKeywordMain.runKeyword(WebUIKeywordMain.groovy:20)
	... 23 more


2021-02-19 16:47:39 - [TEST_STEP][PASSED] - excelTestData = findTestData("Data Files/TestData/InspectTestData"): null

2021-02-19 16:47:39 - [TEST_STEP][PASSED] - rigisterUN = excelTestData.getValue(6, 23): null

2021-02-19 16:47:39 - [TEST_STEP][PASSED] - rigisterPW = excelTestData.getValue(3, 23): null

2021-02-19 16:47:39 - [TEST_STEP][FAILED] - customKeywords.commanFunctions.uploadFileOfRegisterUser(220, rigisterUN, rigisterPW): Unable to maximize current window

2021-02-19 16:47:40 - [MESSAGE][INFO] - Starting 'Chrome' driver

2021-02-19 16:47:40 - [MESSAGE][INFO] - Action delay is set to 0 milliseconds

2021-02-19 16:47:48 - [MESSAGE][PASSED] - Browser is opened with url: 'https://Inspect.Stage.site.sa'

2021-02-19 16:47:48 - [MESSAGE][WARNING] - Cannot take screenshot

2021-02-19 16:47:48 - [MESSAGE][FAILED] - Unable to maximize current window (Root cause: com.kms.katalon.core.exception.StepFailedException: Unable to maximize current window
	at com.kms.katalon.core.webui.keyword.internal.WebUIKeywordMain.stepFailed(WebUIKeywordMain.groovy:64)
	at com.kms.katalon.core.webui.keyword.internal.WebUIKeywordMain.runKeyword(WebUIKeywordMain.groovy:26)
	at com.kms.katalon.core.webui.keyword.builtin.MaximizeWindowKeyword.maximizeWindow(MaximizeWindowKeyword.groovy:74)
	at com.kms.katalon.core.webui.keyword.builtin.MaximizeWindowKeyword.execute(MaximizeWindowKeyword.groovy:69)
	at com.kms.katalon.core.keyword.internal.KeywordExecutor.executeKeywordForPlatform(KeywordExecutor.groovy:73)
	at com.kms.katalon.core.webui.keyword.WebUiBuiltInKeywords.maximizeWindow(WebUiBuiltInKeywords.groovy:280)
	at com.kms.katalon.core.webui.keyword.WebUiBuiltInKeywords$maximizeWindow$0.call(Unknown Source)
	at customKeywords.commanFunctions.openBrowser(commanFunctions.groovy:48)
	at customKeywords.commanFunctions.uploadFileOfRegisterUser(commanFunctions.groovy:747)
	at customKeywords.commanFunctions.invokeMethod(commanFunctions.groovy)
	at com.kms.katalon.core.main.CustomKeywordDelegatingMetaClass.invokeStaticMethod(CustomKeywordDelegatingMetaClass.java:50)
	at TC_As a register user, Upload PDF File and verify Uploded file in Submission Page.run(TC_As a register user, Upload PDF File and verify Uploded file in Submission Page:16)
	at com.kms.katalon.core.main.ScriptEngine.run(ScriptEngine.java:194)
	at com.kms.katalon.core.main.ScriptEngine.runScriptAsRawText(ScriptEngine.java:119)
	at com.kms.katalon.core.main.TestCaseExecutor.runScript(TestCaseExecutor.java:394)
	at com.kms.katalon.core.main.TestCaseExecutor.doExecute(TestCaseExecutor.java:385)
	at com.kms.katalon.core.main.TestCaseExecutor.processExecutionPhase(TestCaseExecutor.java:364)
	at com.kms.katalon.core.main.TestCaseExecutor.accessMainPhase(TestCaseExecutor.java:356)
	at com.kms.katalon.core.main.TestCaseExecutor.execute(TestCaseExecutor.java:251)
	at com.kms.katalon.core.main.TestSuiteExecutor.accessTestCaseMainPhase(TestSuiteExecutor.java:203)
	at com.kms.katalon.core.main.TestSuiteExecutor.accessTestSuiteMainPhase(TestSuiteExecutor.java:152)
	at com.kms.katalon.core.main.TestSuiteExecutor.execute(TestSuiteExecutor.java:95)
	at com.kms.katalon.core.main.TestCaseMain.startTestSuite(TestCaseMain.java:157)
	at com.kms.katalon.core.main.TestCaseMain$startTestSuite$0.call(Unknown Source)
	at TempTestSuite1613733199540.run(TempTestSuite1613733199540.groovy:39)
Caused by: org.openqa.selenium.NoSuchWindowException: no such window: target window already closed
from unknown error: web view not found
  (Session info: chrome=86.0.4240.75)
Build info: version: '3.141.59', revision: 'e82be7d358', time: '2018-11-14T08:25:53'
System info: host: 'OMTPGCN1132568L', ip: '192.168.1.1', os.name: 'Windows 10', os.arch: 'amd64', os.version: '10.0', java.version: '1.8.0_181'
Driver info: com.kms.katalon.selenium.driver.CChromeDriver
Capabilities {acceptInsecureCerts: false, browserName: chrome, browserVersion: 86.0.4240.75, chrome: {chromedriverVersion: 86.0.4240.22 (398b0743353ff..., userDataDir: C:\Users\ashok\AppData\Loca...}, goog:chromeOptions: {debuggerAddress: localhost:51007}, javascriptEnabled: true, networkConnectionEnabled: false, pageLoadStrategy: normal, platform: WINDOWS, platformName: WINDOWS, proxy: Proxy(), setWindowRect: true, strictFileInteractability: false, timeouts: {implicit: 0, pageLoad: 300000, script: 30000}, unhandledPromptBehavior: dismiss and notify, webauthn:virtualAuthenticators: true}
Session ID: b8ea8727917a1a63d637ee049cbbd5bf
	at org.openqa.selenium.remote.http.W3CHttpResponseCodec.createException(W3CHttpResponseCodec.java:187)
	at org.openqa.selenium.remote.http.W3CHttpResponseCodec.decode(W3CHttpResponseCodec.java:122)
	at org.openqa.selenium.remote.http.W3CHttpResponseCodec.decode(W3CHttpResponseCodec.java:49)
	at org.openqa.selenium.remote.HttpCommandExecutor.execute(HttpCommandExecutor.java:158)
	at org.openqa.selenium.remote.service.DriverCommandExecutor.execute(DriverCommandExecutor.java:83)
	at org.openqa.selenium.remote.RemoteWebDriver.execute(RemoteWebDriver.java:552)
	at com.kms.katalon.selenium.driver.CChromeDriver.execute(CChromeDriver.java:19)
	at org.openqa.selenium.remote.RemoteWebDriver.execute(RemoteWebDriver.java:609)
	at org.openqa.selenium.remote.RemoteWebDriver$RemoteWebDriverOptions$RemoteWindow.maximize(RemoteWebDriver.java:837)
	at org.openqa.selenium.support.events.EventFiringWebDriver$EventFiringWindow.maximize(EventFiringWebDriver.java:769)
	at com.kms.katalon.core.webui.keyword.builtin.MaximizeWindowKeyword$_maximizeWindow_closure1.doCall(MaximizeWindowKeyword.groovy:85)
	at com.kms.katalon.core.webui.keyword.builtin.MaximizeWindowKeyword$_maximizeWindow_closure1.call(MaximizeWindowKeyword.groovy)
	at com.kms.katalon.core.webui.keyword.internal.WebUIKeywordMain.runKeyword(WebUIKeywordMain.groovy:20)
	at com.kms.katalon.core.webui.keyword.builtin.MaximizeWindowKeyword.maximizeWindow(MaximizeWindowKeyword.groovy:74)
	at com.kms.katalon.core.webui.keyword.builtin.MaximizeWindowKeyword.execute(MaximizeWindowKeyword.groovy:69)
	at com.kms.katalon.core.keyword.internal.KeywordExecutor.executeKeywordForPlatform(KeywordExecutor.groovy:73)
	at com.kms.katalon.core.webui.keyword.WebUiBuiltInKeywords.maximizeWindow(WebUiBuiltInKeywords.groovy:280)
	at com.kms.katalon.core.webui.keyword.WebUiBuiltInKeywords$maximizeWindow$0.call(Unknown Source)
	at customKeywords.commanFunctions.openBrowser(commanFunctions.groovy:48)
	at customKeywords.commanFunctions.uploadFileOfRegisterUser(commanFunctions.groovy:747)
	at customKeywords.commanFunctions.invokeMethod(commanFunctions.groovy)
	at com.kms.katalon.core.main.CustomKeywordDelegatingMetaClass.invokeStaticMethod(CustomKeywordDelegatingMetaClass.java:50)
	at Script1613223068786.run(Script1613223068786.groovy:16)
	... 13 more
)

2021-02-19 16:47:48 - [MESSAGE][FAILED] - Unable to maximize current window

2021-02-19 16:47:48 - [TEST_STEP][PASSED] - Start tear down : tearDownMethodIfFailed: Method 'tearDownMethodIfFailed' complete successfully

2021-02-19 16:47:48 - [TEST_STEP][PASSED] - customKeywords.commanFunctions.onlyCloseBrowser(): customKeywords.commanFunctions.onlyCloseBrowser is PASSED

2021-02-19 16:47:48 - [MESSAGE][PASSED] - Browser is closed

2021-02-19 16:47:48 - [MESSAGE][PASSED] - customKeywords.commanFunctions.onlyCloseBrowser is PASSED

2021-02-19 16:47:48 - [TEST_STEP][PASSED] - logInfo("[--------This is tearDownIfFailed method------]"): [--------This is tearDownIfFailed method------]

2021-02-19 16:47:48 - [MESSAGE][INFO] - [--------This is tearDownIfFailed method------]

2021-02-19 16:47:48 - [MESSAGE][PASSED] - Method 'tearDownMethodIfFailed' complete successfully]]></system-out>
         <system-err><![CDATA[2021-02-19 16:47:39 - [TEST_CASE][FAILED] - Test Cases/UploadDiffFiles_RegisterUser/TC_As a register user, Upload PDF File and verify Uploded file in Submission Page: Test Cases/UploadDiffFiles_RegisterUser/TC_As a register user, Upload PDF File and verify Uploded file in Submission Page FAILED.
Reason:
com.kms.katalon.core.exception.StepFailedException: Unable to maximize current window
	at com.kms.katalon.core.webui.keyword.internal.WebUIKeywordMain.stepFailed(WebUIKeywordMain.groovy:64)
	at com.kms.katalon.core.webui.keyword.internal.WebUIKeywordMain.runKeyword(WebUIKeywordMain.groovy:26)
	at com.kms.katalon.core.webui.keyword.builtin.MaximizeWindowKeyword.maximizeWindow(MaximizeWindowKeyword.groovy:74)
	at com.kms.katalon.core.webui.keyword.builtin.MaximizeWindowKeyword.execute(MaximizeWindowKeyword.groovy:69)
	at com.kms.katalon.core.keyword.internal.KeywordExecutor.executeKeywordForPlatform(KeywordExecutor.groovy:73)
	at com.kms.katalon.core.webui.keyword.WebUiBuiltInKeywords.maximizeWindow(WebUiBuiltInKeywords.groovy:280)
	at com.kms.katalon.core.webui.keyword.WebUiBuiltInKeywords$maximizeWindow$0.call(Unknown Source)
	at customKeywords.commanFunctions.openBrowser(commanFunctions.groovy:48)
	at customKeywords.commanFunctions.uploadFileOfRegisterUser(commanFunctions.groovy:747)
	at customKeywords.commanFunctions.invokeMethod(commanFunctions.groovy)
	at com.kms.katalon.core.main.CustomKeywordDelegatingMetaClass.invokeStaticMethod(CustomKeywordDelegatingMetaClass.java:50)
	at TC_As a register user, Upload PDF File and verify Uploded file in Submission Page.run(TC_As a register user, Upload PDF File and verify Uploded file in Submission Page:16)
	at com.kms.katalon.core.main.ScriptEngine.run(ScriptEngine.java:194)
	at com.kms.katalon.core.main.ScriptEngine.runScriptAsRawText(ScriptEngine.java:119)
	at com.kms.katalon.core.main.TestCaseExecutor.runScript(TestCaseExecutor.java:394)
	at com.kms.katalon.core.main.TestCaseExecutor.doExecute(TestCaseExecutor.java:385)
	at com.kms.katalon.core.main.TestCaseExecutor.processExecutionPhase(TestCaseExecutor.java:364)
	at com.kms.katalon.core.main.TestCaseExecutor.accessMainPhase(TestCaseExecutor.java:356)
	at com.kms.katalon.core.main.TestCaseExecutor.execute(TestCaseExecutor.java:251)
	at com.kms.katalon.core.main.TestSuiteExecutor.accessTestCaseMainPhase(TestSuiteExecutor.java:203)
	at com.kms.katalon.core.main.TestSuiteExecutor.accessTestSuiteMainPhase(TestSuiteExecutor.java:152)
	at com.kms.katalon.core.main.TestSuiteExecutor.execute(TestSuiteExecutor.java:95)
	at com.kms.katalon.core.main.TestCaseMain.startTestSuite(TestCaseMain.java:157)
	at com.kms.katalon.core.main.TestCaseMain$startTestSuite$0.call(Unknown Source)
	at TempTestSuite1613733199540.run(TempTestSuite1613733199540.groovy:39)
Caused by: org.openqa.selenium.NoSuchWindowException: no such window: target window already closed
from unknown error: web view not found
  (Session info: chrome=86.0.4240.75)
Build info: version: '3.141.59', revision: 'e82be7d358', time: '2018-11-14T08:25:53'
System info: host: 'OMTPGCN1132568L', ip: '192.168.1.1', os.name: 'Windows 10', os.arch: 'amd64', os.version: '10.0', java.version: '1.8.0_181'
Driver info: com.kms.katalon.selenium.driver.CChromeDriver
Capabilities {acceptInsecureCerts: false, browserName: chrome, browserVersion: 86.0.4240.75, chrome: {chromedriverVersion: 86.0.4240.22 (398b0743353ff..., userDataDir: C:\Users\ashok\AppData\Loca...}, goog:chromeOptions: {debuggerAddress: localhost:51007}, javascriptEnabled: true, networkConnectionEnabled: false, pageLoadStrategy: normal, platform: WINDOWS, platformName: WINDOWS, proxy: Proxy(), setWindowRect: true, strictFileInteractability: false, timeouts: {implicit: 0, pageLoad: 300000, script: 30000}, unhandledPromptBehavior: dismiss and notify, webauthn:virtualAuthenticators: true}
Session ID: b8ea8727917a1a63d637ee049cbbd5bf
	at org.openqa.selenium.remote.http.W3CHttpResponseCodec.createException(W3CHttpResponseCodec.java:187)
	at org.openqa.selenium.remote.http.W3CHttpResponseCodec.decode(W3CHttpResponseCodec.java:122)
	at org.openqa.selenium.remote.http.W3CHttpResponseCodec.decode(W3CHttpResponseCodec.java:49)
	at org.openqa.selenium.remote.HttpCommandExecutor.execute(HttpCommandExecutor.java:158)
	at org.openqa.selenium.remote.service.DriverCommandExecutor.execute(DriverCommandExecutor.java:83)
	at org.openqa.selenium.remote.RemoteWebDriver.execute(RemoteWebDriver.java:552)
	at com.kms.katalon.selenium.driver.CChromeDriver.execute(CChromeDriver.java:19)
	at org.openqa.selenium.remote.RemoteWebDriver.execute(RemoteWebDriver.java:609)
	at org.openqa.selenium.remote.RemoteWebDriver$RemoteWebDriverOptions$RemoteWindow.maximize(RemoteWebDriver.java:837)
	at org.openqa.selenium.support.events.EventFiringWebDriver$EventFiringWindow.maximize(EventFiringWebDriver.java:769)
	at com.kms.katalon.core.webui.keyword.builtin.MaximizeWindowKeyword$_maximizeWindow_closure1.doCall(MaximizeWindowKeyword.groovy:85)
	at com.kms.katalon.core.webui.keyword.builtin.MaximizeWindowKeyword$_maximizeWindow_closure1.call(MaximizeWindowKeyword.groovy)
	at com.kms.katalon.core.webui.keyword.internal.WebUIKeywordMain.runKeyword(WebUIKeywordMain.groovy:20)
	... 23 more]]></system-err>
      </testcase>
      <testcase name="Test Cases/UploadDiffFiles_RegisterUser/TC_As a register user, Upload PNG File and verify Uploded file in Submission Page" time="4.717" classname="Test Cases/UploadDiffFiles_RegisterUser/TC_As a register user, Upload PNG File and verify Uploded file in Submission Page" status="FAILED">
         <failure type="FAILED" message="Test Cases/UploadDiffFiles_RegisterUser/TC_As a register user, Upload PNG File and verify Uploded file in Submission Page FAILED.
Reason:
com.kms.katalon.core.exception.StepFailedException: Unable to open browser with url: 'https://Inspect.Stage.site.sa'
	at com.kms.katalon.core.webui.keyword.internal.WebUIKeywordMain.stepFailed(WebUIKeywordMain.groovy:64)
	at com.kms.katalon.core.webui.keyword.internal.WebUIKeywordMain.runKeyword(WebUIKeywordMain.groovy:26)
	at com.kms.katalon.core.webui.keyword.builtin.OpenBrowserKeyword.openBrowser(OpenBrowserKeyword.groovy:81)
	at com.kms.katalon.core.webui.keyword.builtin.OpenBrowserKeyword.execute(OpenBrowserKeyword.groovy:67)
	at com.kms.katalon.core.keyword.internal.KeywordExecutor.executeKeywordForPlatform(KeywordExecutor.groovy:73)
	at com.kms.katalon.core.webui.keyword.WebUiBuiltInKeywords.openBrowser(WebUiBuiltInKeywords.groovy:61)
	at com.kms.katalon.core.webui.keyword.WebUiBuiltInKeywords$openBrowser.call(Unknown Source)
	at customKeywords.commanFunctions.openBrowser(commanFunctions.groovy:47)
	at customKeywords.commanFunctions.uploadFileOfPublicUser(commanFunctions.groovy:650)
	at customKeywords.commanFunctions.invokeMethod(commanFunctions.groovy)
	at com.kms.katalon.core.main.CustomKeywordDelegatingMetaClass.invokeStaticMethod(CustomKeywordDelegatingMetaClass.java:50)
	at TC_As a register user, Upload PNG File and verify Uploded file in Submission Page.run(TC_As a register user, Upload PNG File and verify Uploded file in Submission Page:14)
	at com.kms.katalon.core.main.ScriptEngine.run(ScriptEngine.java:194)
	at com.kms.katalon.core.main.ScriptEngine.runScriptAsRawText(ScriptEngine.java:119)
	at com.kms.katalon.core.main.TestCaseExecutor.runScript(TestCaseExecutor.java:394)
	at com.kms.katalon.core.main.TestCaseExecutor.doExecute(TestCaseExecutor.java:385)
	at com.kms.katalon.core.main.TestCaseExecutor.processExecutionPhase(TestCaseExecutor.java:364)
	at com.kms.katalon.core.main.TestCaseExecutor.accessMainPhase(TestCaseExecutor.java:356)
	at com.kms.katalon.core.main.TestCaseExecutor.execute(TestCaseExecutor.java:251)
	at com.kms.katalon.core.main.TestSuiteExecutor.accessTestCaseMainPhase(TestSuiteExecutor.java:203)
	at com.kms.katalon.core.main.TestSuiteExecutor.accessTestSuiteMainPhase(TestSuiteExecutor.java:152)
	at com.kms.katalon.core.main.TestSuiteExecutor.execute(TestSuiteExecutor.java:95)
	at com.kms.katalon.core.main.TestCaseMain.startTestSuite(TestCaseMain.java:157)
	at com.kms.katalon.core.main.TestCaseMain$startTestSuite$0.call(Unknown Source)
	at TempTestSuite1613733199540.run(TempTestSuite1613733199540.groovy:39)
Caused by: org.openqa.selenium.WebDriverException: unknown error: cannot determine loading status
from disconnected: received Inspector.detached event
  (Session info: chrome=86.0.4240.75)
Build info: version: '3.141.59', revision: 'e82be7d358', time: '2018-11-14T08:25:53'
System info: host: 'OMTPGCN1132568L', ip: '192.168.1.1', os.name: 'Windows 10', os.arch: 'amd64', os.version: '10.0', java.version: '1.8.0_181'
Driver info: com.kms.katalon.selenium.driver.CChromeDriver
Capabilities {acceptInsecureCerts: false, browserName: chrome, browserVersion: 86.0.4240.75, chrome: {chromedriverVersion: 86.0.4240.22 (398b0743353ff..., userDataDir: C:\Users\ashok\AppData\Loca...}, goog:chromeOptions: {debuggerAddress: localhost:51027}, javascriptEnabled: true, networkConnectionEnabled: false, pageLoadStrategy: normal, platform: WINDOWS, platformName: WINDOWS, proxy: Proxy(), setWindowRect: true, strictFileInteractability: false, timeouts: {implicit: 0, pageLoad: 300000, script: 30000}, unhandledPromptBehavior: dismiss and notify, webauthn:virtualAuthenticators: true}
Session ID: 83ebc0d4e3da4ddbe4d6032bd79a5a16
	at org.openqa.selenium.remote.http.W3CHttpResponseCodec.createException(W3CHttpResponseCodec.java:187)
	at org.openqa.selenium.remote.http.W3CHttpResponseCodec.decode(W3CHttpResponseCodec.java:122)
	at org.openqa.selenium.remote.http.W3CHttpResponseCodec.decode(W3CHttpResponseCodec.java:49)
	at org.openqa.selenium.remote.HttpCommandExecutor.execute(HttpCommandExecutor.java:158)
	at org.openqa.selenium.remote.service.DriverCommandExecutor.execute(DriverCommandExecutor.java:83)
	at org.openqa.selenium.remote.RemoteWebDriver.execute(RemoteWebDriver.java:552)
	at com.kms.katalon.selenium.driver.CChromeDriver.execute(CChromeDriver.java:19)
	at org.openqa.selenium.remote.RemoteWebDriver.get(RemoteWebDriver.java:277)
	at org.openqa.selenium.support.events.EventFiringWebDriver.lambda$new$1(EventFiringWebDriver.java:105)
	at com.sun.proxy.$Proxy11.get(Unknown Source)
	at org.openqa.selenium.support.events.EventFiringWebDriver.get(EventFiringWebDriver.java:165)
	at com.kms.katalon.core.webui.keyword.builtin.OpenBrowserKeyword$_openBrowser_closure1.doCall(OpenBrowserKeyword.groovy:78)
	at com.kms.katalon.core.webui.keyword.builtin.OpenBrowserKeyword$_openBrowser_closure1.call(OpenBrowserKeyword.groovy)
	at com.kms.katalon.core.webui.keyword.internal.WebUIKeywordMain.runKeyword(WebUIKeywordMain.groovy:20)
	... 23 more
"/>
         <system-out><![CDATA[2021-02-19 16:47:48 - [TEST_CASE][FAILED] - Test Cases/UploadDiffFiles_RegisterUser/TC_As a register user, Upload PNG File and verify Uploded file in Submission Page: Test Cases/UploadDiffFiles_RegisterUser/TC_As a register user, Upload PNG File and verify Uploded file in Submission Page FAILED.
Reason:
com.kms.katalon.core.exception.StepFailedException: Unable to open browser with url: 'https://Inspect.Stage.site.sa'
	at com.kms.katalon.core.webui.keyword.internal.WebUIKeywordMain.stepFailed(WebUIKeywordMain.groovy:64)
	at com.kms.katalon.core.webui.keyword.internal.WebUIKeywordMain.runKeyword(WebUIKeywordMain.groovy:26)
	at com.kms.katalon.core.webui.keyword.builtin.OpenBrowserKeyword.openBrowser(OpenBrowserKeyword.groovy:81)
	at com.kms.katalon.core.webui.keyword.builtin.OpenBrowserKeyword.execute(OpenBrowserKeyword.groovy:67)
	at com.kms.katalon.core.keyword.internal.KeywordExecutor.executeKeywordForPlatform(KeywordExecutor.groovy:73)
	at com.kms.katalon.core.webui.keyword.WebUiBuiltInKeywords.openBrowser(WebUiBuiltInKeywords.groovy:61)
	at com.kms.katalon.core.webui.keyword.WebUiBuiltInKeywords$openBrowser.call(Unknown Source)
	at customKeywords.commanFunctions.openBrowser(commanFunctions.groovy:47)
	at customKeywords.commanFunctions.uploadFileOfPublicUser(commanFunctions.groovy:650)
	at customKeywords.commanFunctions.invokeMethod(commanFunctions.groovy)
	at com.kms.katalon.core.main.CustomKeywordDelegatingMetaClass.invokeStaticMethod(CustomKeywordDelegatingMetaClass.java:50)
	at TC_As a register user, Upload PNG File and verify Uploded file in Submission Page.run(TC_As a register user, Upload PNG File and verify Uploded file in Submission Page:14)
	at com.kms.katalon.core.main.ScriptEngine.run(ScriptEngine.java:194)
	at com.kms.katalon.core.main.ScriptEngine.runScriptAsRawText(ScriptEngine.java:119)
	at com.kms.katalon.core.main.TestCaseExecutor.runScript(TestCaseExecutor.java:394)
	at com.kms.katalon.core.main.TestCaseExecutor.doExecute(TestCaseExecutor.java:385)
	at com.kms.katalon.core.main.TestCaseExecutor.processExecutionPhase(TestCaseExecutor.java:364)
	at com.kms.katalon.core.main.TestCaseExecutor.accessMainPhase(TestCaseExecutor.java:356)
	at com.kms.katalon.core.main.TestCaseExecutor.execute(TestCaseExecutor.java:251)
	at com.kms.katalon.core.main.TestSuiteExecutor.accessTestCaseMainPhase(TestSuiteExecutor.java:203)
	at com.kms.katalon.core.main.TestSuiteExecutor.accessTestSuiteMainPhase(TestSuiteExecutor.java:152)
	at com.kms.katalon.core.main.TestSuiteExecutor.execute(TestSuiteExecutor.java:95)
	at com.kms.katalon.core.main.TestCaseMain.startTestSuite(TestCaseMain.java:157)
	at com.kms.katalon.core.main.TestCaseMain$startTestSuite$0.call(Unknown Source)
	at TempTestSuite1613733199540.run(TempTestSuite1613733199540.groovy:39)
Caused by: org.openqa.selenium.WebDriverException: unknown error: cannot determine loading status
from disconnected: received Inspector.detached event
  (Session info: chrome=86.0.4240.75)
Build info: version: '3.141.59', revision: 'e82be7d358', time: '2018-11-14T08:25:53'
System info: host: 'OMTPGCN1132568L', ip: '192.168.1.1', os.name: 'Windows 10', os.arch: 'amd64', os.version: '10.0', java.version: '1.8.0_181'
Driver info: com.kms.katalon.selenium.driver.CChromeDriver
Capabilities {acceptInsecureCerts: false, browserName: chrome, browserVersion: 86.0.4240.75, chrome: {chromedriverVersion: 86.0.4240.22 (398b0743353ff..., userDataDir: C:\Users\ashok\AppData\Loca...}, goog:chromeOptions: {debuggerAddress: localhost:51027}, javascriptEnabled: true, networkConnectionEnabled: false, pageLoadStrategy: normal, platform: WINDOWS, platformName: WINDOWS, proxy: Proxy(), setWindowRect: true, strictFileInteractability: false, timeouts: {implicit: 0, pageLoad: 300000, script: 30000}, unhandledPromptBehavior: dismiss and notify, webauthn:virtualAuthenticators: true}
Session ID: 83ebc0d4e3da4ddbe4d6032bd79a5a16
	at org.openqa.selenium.remote.http.W3CHttpResponseCodec.createException(W3CHttpResponseCodec.java:187)
	at org.openqa.selenium.remote.http.W3CHttpResponseCodec.decode(W3CHttpResponseCodec.java:122)
	at org.openqa.selenium.remote.http.W3CHttpResponseCodec.decode(W3CHttpResponseCodec.java:49)
	at org.openqa.selenium.remote.HttpCommandExecutor.execute(HttpCommandExecutor.java:158)
	at org.openqa.selenium.remote.service.DriverCommandExecutor.execute(DriverCommandExecutor.java:83)
	at org.openqa.selenium.remote.RemoteWebDriver.execute(RemoteWebDriver.java:552)
	at com.kms.katalon.selenium.driver.CChromeDriver.execute(CChromeDriver.java:19)
	at org.openqa.selenium.remote.RemoteWebDriver.get(RemoteWebDriver.java:277)
	at org.openqa.selenium.support.events.EventFiringWebDriver.lambda$new$1(EventFiringWebDriver.java:105)
	at com.sun.proxy.$Proxy11.get(Unknown Source)
	at org.openqa.selenium.support.events.EventFiringWebDriver.get(EventFiringWebDriver.java:165)
	at com.kms.katalon.core.webui.keyword.builtin.OpenBrowserKeyword$_openBrowser_closure1.doCall(OpenBrowserKeyword.groovy:78)
	at com.kms.katalon.core.webui.keyword.builtin.OpenBrowserKeyword$_openBrowser_closure1.call(OpenBrowserKeyword.groovy)
	at com.kms.katalon.core.webui.keyword.internal.WebUIKeywordMain.runKeyword(WebUIKeywordMain.groovy:20)
	... 23 more


2021-02-19 16:47:48 - [TEST_STEP][PASSED] - excelTestData = findTestData("Data Files/TestData/InspectTestData"): null

2021-02-19 16:47:49 - [TEST_STEP][PASSED] - userEmail = excelTestData.getValue(2, 23): null

2021-02-19 16:47:49 - [TEST_STEP][FAILED] - customKeywords.commanFunctions.uploadFileOfPublicUser(216, userEmail): Unable to open browser with url: 'https://Inspect.Stage.site.sa'

2021-02-19 16:47:49 - [MESSAGE][INFO] - Starting 'Chrome' driver

2021-02-19 16:47:49 - [MESSAGE][INFO] - Action delay is set to 0 milliseconds

2021-02-19 16:47:52 - [MESSAGE][FAILED] - Unable to open browser with url: 'https://Inspect.Stage.site.sa' (Root cause: com.kms.katalon.core.exception.StepFailedException: Unable to open browser with url: 'https://Inspect.Stage.site.sa'
	at com.kms.katalon.core.webui.keyword.internal.WebUIKeywordMain.stepFailed(WebUIKeywordMain.groovy:64)
	at com.kms.katalon.core.webui.keyword.internal.WebUIKeywordMain.runKeyword(WebUIKeywordMain.groovy:26)
	at com.kms.katalon.core.webui.keyword.builtin.OpenBrowserKeyword.openBrowser(OpenBrowserKeyword.groovy:81)
	at com.kms.katalon.core.webui.keyword.builtin.OpenBrowserKeyword.execute(OpenBrowserKeyword.groovy:67)
	at com.kms.katalon.core.keyword.internal.KeywordExecutor.executeKeywordForPlatform(KeywordExecutor.groovy:73)
	at com.kms.katalon.core.webui.keyword.WebUiBuiltInKeywords.openBrowser(WebUiBuiltInKeywords.groovy:61)
	at com.kms.katalon.core.webui.keyword.WebUiBuiltInKeywords$openBrowser.call(Unknown Source)
	at customKeywords.commanFunctions.openBrowser(commanFunctions.groovy:47)
	at customKeywords.commanFunctions.uploadFileOfPublicUser(commanFunctions.groovy:650)
	at customKeywords.commanFunctions.invokeMethod(commanFunctions.groovy)
	at com.kms.katalon.core.main.CustomKeywordDelegatingMetaClass.invokeStaticMethod(CustomKeywordDelegatingMetaClass.java:50)
	at TC_As a register user, Upload PNG File and verify Uploded file in Submission Page.run(TC_As a register user, Upload PNG File and verify Uploded file in Submission Page:14)
	at com.kms.katalon.core.main.ScriptEngine.run(ScriptEngine.java:194)
	at com.kms.katalon.core.main.ScriptEngine.runScriptAsRawText(ScriptEngine.java:119)
	at com.kms.katalon.core.main.TestCaseExecutor.runScript(TestCaseExecutor.java:394)
	at com.kms.katalon.core.main.TestCaseExecutor.doExecute(TestCaseExecutor.java:385)
	at com.kms.katalon.core.main.TestCaseExecutor.processExecutionPhase(TestCaseExecutor.java:364)
	at com.kms.katalon.core.main.TestCaseExecutor.accessMainPhase(TestCaseExecutor.java:356)
	at com.kms.katalon.core.main.TestCaseExecutor.execute(TestCaseExecutor.java:251)
	at com.kms.katalon.core.main.TestSuiteExecutor.accessTestCaseMainPhase(TestSuiteExecutor.java:203)
	at com.kms.katalon.core.main.TestSuiteExecutor.accessTestSuiteMainPhase(TestSuiteExecutor.java:152)
	at com.kms.katalon.core.main.TestSuiteExecutor.execute(TestSuiteExecutor.java:95)
	at com.kms.katalon.core.main.TestCaseMain.startTestSuite(TestCaseMain.java:157)
	at com.kms.katalon.core.main.TestCaseMain$startTestSuite$0.call(Unknown Source)
	at TempTestSuite1613733199540.run(TempTestSuite1613733199540.groovy:39)
Caused by: org.openqa.selenium.WebDriverException: unknown error: cannot determine loading status
from disconnected: received Inspector.detached event
  (Session info: chrome=86.0.4240.75)
Build info: version: '3.141.59', revision: 'e82be7d358', time: '2018-11-14T08:25:53'
System info: host: 'OMTPGCN1132568L', ip: '192.168.1.1', os.name: 'Windows 10', os.arch: 'amd64', os.version: '10.0', java.version: '1.8.0_181'
Driver info: com.kms.katalon.selenium.driver.CChromeDriver
Capabilities {acceptInsecureCerts: false, browserName: chrome, browserVersion: 86.0.4240.75, chrome: {chromedriverVersion: 86.0.4240.22 (398b0743353ff..., userDataDir: C:\Users\ashok\AppData\Loca...}, goog:chromeOptions: {debuggerAddress: localhost:51027}, javascriptEnabled: true, networkConnectionEnabled: false, pageLoadStrategy: normal, platform: WINDOWS, platformName: WINDOWS, proxy: Proxy(), setWindowRect: true, strictFileInteractability: false, timeouts: {implicit: 0, pageLoad: 300000, script: 30000}, unhandledPromptBehavior: dismiss and notify, webauthn:virtualAuthenticators: true}
Session ID: 83ebc0d4e3da4ddbe4d6032bd79a5a16
	at org.openqa.selenium.remote.http.W3CHttpResponseCodec.createException(W3CHttpResponseCodec.java:187)
	at org.openqa.selenium.remote.http.W3CHttpResponseCodec.decode(W3CHttpResponseCodec.java:122)
	at org.openqa.selenium.remote.http.W3CHttpResponseCodec.decode(W3CHttpResponseCodec.java:49)
	at org.openqa.selenium.remote.HttpCommandExecutor.execute(HttpCommandExecutor.java:158)
	at org.openqa.selenium.remote.service.DriverCommandExecutor.execute(DriverCommandExecutor.java:83)
	at org.openqa.selenium.remote.RemoteWebDriver.execute(RemoteWebDriver.java:552)
	at com.kms.katalon.selenium.driver.CChromeDriver.execute(CChromeDriver.java:19)
	at org.openqa.selenium.remote.RemoteWebDriver.get(RemoteWebDriver.java:277)
	at org.openqa.selenium.support.events.EventFiringWebDriver.lambda$new$1(EventFiringWebDriver.java:105)
	at com.sun.proxy.$Proxy11.get(Unknown Source)
	at org.openqa.selenium.support.events.EventFiringWebDriver.get(EventFiringWebDriver.java:165)
	at com.kms.katalon.core.webui.keyword.builtin.OpenBrowserKeyword$_openBrowser_closure1.doCall(OpenBrowserKeyword.groovy:78)
	at com.kms.katalon.core.webui.keyword.builtin.OpenBrowserKeyword$_openBrowser_closure1.call(OpenBrowserKeyword.groovy)
	at com.kms.katalon.core.webui.keyword.internal.WebUIKeywordMain.runKeyword(WebUIKeywordMain.groovy:20)
	at com.kms.katalon.core.webui.keyword.builtin.OpenBrowserKeyword.openBrowser(OpenBrowserKeyword.groovy:81)
	at com.kms.katalon.core.webui.keyword.builtin.OpenBrowserKeyword.execute(OpenBrowserKeyword.groovy:67)
	at com.kms.katalon.core.keyword.internal.KeywordExecutor.executeKeywordForPlatform(KeywordExecutor.groovy:73)
	at com.kms.katalon.core.webui.keyword.WebUiBuiltInKeywords.openBrowser(WebUiBuiltInKeywords.groovy:61)
	at com.kms.katalon.core.webui.keyword.WebUiBuiltInKeywords$openBrowser.call(Unknown Source)
	at customKeywords.commanFunctions.openBrowser(commanFunctions.groovy:47)
	at customKeywords.commanFunctions.uploadFileOfPublicUser(commanFunctions.groovy:650)
	at customKeywords.commanFunctions.invokeMethod(commanFunctions.groovy)
	at com.kms.katalon.core.main.CustomKeywordDelegatingMetaClass.invokeStaticMethod(CustomKeywordDelegatingMetaClass.java:50)
	at Script1613223077687.run(Script1613223077687.groovy:14)
	... 13 more
)

2021-02-19 16:47:52 - [MESSAGE][FAILED] - Unable to open browser with url: 'https://Inspect.Stage.site.sa'

2021-02-19 16:47:52 - [TEST_STEP][PASSED] - Start tear down : tearDownMethodIfFailed: Method 'tearDownMethodIfFailed' complete successfully

2021-02-19 16:47:52 - [TEST_STEP][PASSED] - customKeywords.commanFunctions.onlyCloseBrowser(): customKeywords.commanFunctions.onlyCloseBrowser is PASSED

2021-02-19 16:47:53 - [MESSAGE][PASSED] - Browser is closed

2021-02-19 16:47:53 - [MESSAGE][PASSED] - customKeywords.commanFunctions.onlyCloseBrowser is PASSED

2021-02-19 16:47:53 - [TEST_STEP][PASSED] - logInfo("[--------This is tearDownIfFailed method------]"): [--------This is tearDownIfFailed method------]

2021-02-19 16:47:53 - [MESSAGE][INFO] - [--------This is tearDownIfFailed method------]

2021-02-19 16:47:53 - [MESSAGE][PASSED] - Method 'tearDownMethodIfFailed' complete successfully]]></system-out>
         <system-err><![CDATA[2021-02-19 16:47:48 - [TEST_CASE][FAILED] - Test Cases/UploadDiffFiles_RegisterUser/TC_As a register user, Upload PNG File and verify Uploded file in Submission Page: Test Cases/UploadDiffFiles_RegisterUser/TC_As a register user, Upload PNG File and verify Uploded file in Submission Page FAILED.
Reason:
com.kms.katalon.core.exception.StepFailedException: Unable to open browser with url: 'https://Inspect.Stage.site.sa'
	at com.kms.katalon.core.webui.keyword.internal.WebUIKeywordMain.stepFailed(WebUIKeywordMain.groovy:64)
	at com.kms.katalon.core.webui.keyword.internal.WebUIKeywordMain.runKeyword(WebUIKeywordMain.groovy:26)
	at com.kms.katalon.core.webui.keyword.builtin.OpenBrowserKeyword.openBrowser(OpenBrowserKeyword.groovy:81)
	at com.kms.katalon.core.webui.keyword.builtin.OpenBrowserKeyword.execute(OpenBrowserKeyword.groovy:67)
	at com.kms.katalon.core.keyword.internal.KeywordExecutor.executeKeywordForPlatform(KeywordExecutor.groovy:73)
	at com.kms.katalon.core.webui.keyword.WebUiBuiltInKeywords.openBrowser(WebUiBuiltInKeywords.groovy:61)
	at com.kms.katalon.core.webui.keyword.WebUiBuiltInKeywords$openBrowser.call(Unknown Source)
	at customKeywords.commanFunctions.openBrowser(commanFunctions.groovy:47)
	at customKeywords.commanFunctions.uploadFileOfPublicUser(commanFunctions.groovy:650)
	at customKeywords.commanFunctions.invokeMethod(commanFunctions.groovy)
	at com.kms.katalon.core.main.CustomKeywordDelegatingMetaClass.invokeStaticMethod(CustomKeywordDelegatingMetaClass.java:50)
	at TC_As a register user, Upload PNG File and verify Uploded file in Submission Page.run(TC_As a register user, Upload PNG File and verify Uploded file in Submission Page:14)
	at com.kms.katalon.core.main.ScriptEngine.run(ScriptEngine.java:194)
	at com.kms.katalon.core.main.ScriptEngine.runScriptAsRawText(ScriptEngine.java:119)
	at com.kms.katalon.core.main.TestCaseExecutor.runScript(TestCaseExecutor.java:394)
	at com.kms.katalon.core.main.TestCaseExecutor.doExecute(TestCaseExecutor.java:385)
	at com.kms.katalon.core.main.TestCaseExecutor.processExecutionPhase(TestCaseExecutor.java:364)
	at com.kms.katalon.core.main.TestCaseExecutor.accessMainPhase(TestCaseExecutor.java:356)
	at com.kms.katalon.core.main.TestCaseExecutor.execute(TestCaseExecutor.java:251)
	at com.kms.katalon.core.main.TestSuiteExecutor.accessTestCaseMainPhase(TestSuiteExecutor.java:203)
	at com.kms.katalon.core.main.TestSuiteExecutor.accessTestSuiteMainPhase(TestSuiteExecutor.java:152)
	at com.kms.katalon.core.main.TestSuiteExecutor.execute(TestSuiteExecutor.java:95)
	at com.kms.katalon.core.main.TestCaseMain.startTestSuite(TestCaseMain.java:157)
	at com.kms.katalon.core.main.TestCaseMain$startTestSuite$0.call(Unknown Source)
	at TempTestSuite1613733199540.run(TempTestSuite1613733199540.groovy:39)
Caused by: org.openqa.selenium.WebDriverException: unknown error: cannot determine loading status
from disconnected: received Inspector.detached event
  (Session info: chrome=86.0.4240.75)
Build info: version: '3.141.59', revision: 'e82be7d358', time: '2018-11-14T08:25:53'
System info: host: 'OMTPGCN1132568L', ip: '192.168.1.1', os.name: 'Windows 10', os.arch: 'amd64', os.version: '10.0', java.version: '1.8.0_181'
Driver info: com.kms.katalon.selenium.driver.CChromeDriver
Capabilities {acceptInsecureCerts: false, browserName: chrome, browserVersion: 86.0.4240.75, chrome: {chromedriverVersion: 86.0.4240.22 (398b0743353ff..., userDataDir: C:\Users\ashok\AppData\Loca...}, goog:chromeOptions: {debuggerAddress: localhost:51027}, javascriptEnabled: true, networkConnectionEnabled: false, pageLoadStrategy: normal, platform: WINDOWS, platformName: WINDOWS, proxy: Proxy(), setWindowRect: true, strictFileInteractability: false, timeouts: {implicit: 0, pageLoad: 300000, script: 30000}, unhandledPromptBehavior: dismiss and notify, webauthn:virtualAuthenticators: true}
Session ID: 83ebc0d4e3da4ddbe4d6032bd79a5a16
	at org.openqa.selenium.remote.http.W3CHttpResponseCodec.createException(W3CHttpResponseCodec.java:187)
	at org.openqa.selenium.remote.http.W3CHttpResponseCodec.decode(W3CHttpResponseCodec.java:122)
	at org.openqa.selenium.remote.http.W3CHttpResponseCodec.decode(W3CHttpResponseCodec.java:49)
	at org.openqa.selenium.remote.HttpCommandExecutor.execute(HttpCommandExecutor.java:158)
	at org.openqa.selenium.remote.service.DriverCommandExecutor.execute(DriverCommandExecutor.java:83)
	at org.openqa.selenium.remote.RemoteWebDriver.execute(RemoteWebDriver.java:552)
	at com.kms.katalon.selenium.driver.CChromeDriver.execute(CChromeDriver.java:19)
	at org.openqa.selenium.remote.RemoteWebDriver.get(RemoteWebDriver.java:277)
	at org.openqa.selenium.support.events.EventFiringWebDriver.lambda$new$1(EventFiringWebDriver.java:105)
	at com.sun.proxy.$Proxy11.get(Unknown Source)
	at org.openqa.selenium.support.events.EventFiringWebDriver.get(EventFiringWebDriver.java:165)
	at com.kms.katalon.core.webui.keyword.builtin.OpenBrowserKeyword$_openBrowser_closure1.doCall(OpenBrowserKeyword.groovy:78)
	at com.kms.katalon.core.webui.keyword.builtin.OpenBrowserKeyword$_openBrowser_closure1.call(OpenBrowserKeyword.groovy)
	at com.kms.katalon.core.webui.keyword.internal.WebUIKeywordMain.runKeyword(WebUIKeywordMain.groovy:20)
	... 23 more]]></system-err>
      </testcase>
      <testcase name="Test Cases/UploadDiffFiles_RegisterUser/TC_As a register user, Upload PowerPoint File and verify Uploded file in Submission Page" time="8.262" classname="Test Cases/UploadDiffFiles_RegisterUser/TC_As a register user, Upload PowerPoint File and verify Uploded file in Submission Page" status="FAILED">
         <failure type="FAILED" message="Test Cases/UploadDiffFiles_RegisterUser/TC_As a register user, Upload PowerPoint File and verify Uploded file in Submission Page FAILED.
Reason:
com.kms.katalon.core.exception.StepFailedException: Unable to maximize current window
	at com.kms.katalon.core.webui.keyword.internal.WebUIKeywordMain.stepFailed(WebUIKeywordMain.groovy:64)
	at com.kms.katalon.core.webui.keyword.internal.WebUIKeywordMain.runKeyword(WebUIKeywordMain.groovy:26)
	at com.kms.katalon.core.webui.keyword.builtin.MaximizeWindowKeyword.maximizeWindow(MaximizeWindowKeyword.groovy:74)
	at com.kms.katalon.core.webui.keyword.builtin.MaximizeWindowKeyword.execute(MaximizeWindowKeyword.groovy:69)
	at com.kms.katalon.core.keyword.internal.KeywordExecutor.executeKeywordForPlatform(KeywordExecutor.groovy:73)
	at com.kms.katalon.core.webui.keyword.WebUiBuiltInKeywords.maximizeWindow(WebUiBuiltInKeywords.groovy:280)
	at com.kms.katalon.core.webui.keyword.WebUiBuiltInKeywords$maximizeWindow$0.call(Unknown Source)
	at customKeywords.commanFunctions.openBrowser(commanFunctions.groovy:48)
	at customKeywords.commanFunctions.uploadFileOfRegisterUser(commanFunctions.groovy:747)
	at customKeywords.commanFunctions.invokeMethod(commanFunctions.groovy)
	at com.kms.katalon.core.main.CustomKeywordDelegatingMetaClass.invokeStaticMethod(CustomKeywordDelegatingMetaClass.java:50)
	at TC_As a register user, Upload PowerPoint File and verify Uploded file in Submission Page.run(TC_As a register user, Upload PowerPoint File and verify Uploded file in Submission Page:16)
	at com.kms.katalon.core.main.ScriptEngine.run(ScriptEngine.java:194)
	at com.kms.katalon.core.main.ScriptEngine.runScriptAsRawText(ScriptEngine.java:119)
	at com.kms.katalon.core.main.TestCaseExecutor.runScript(TestCaseExecutor.java:394)
	at com.kms.katalon.core.main.TestCaseExecutor.doExecute(TestCaseExecutor.java:385)
	at com.kms.katalon.core.main.TestCaseExecutor.processExecutionPhase(TestCaseExecutor.java:364)
	at com.kms.katalon.core.main.TestCaseExecutor.accessMainPhase(TestCaseExecutor.java:356)
	at com.kms.katalon.core.main.TestCaseExecutor.execute(TestCaseExecutor.java:251)
	at com.kms.katalon.core.main.TestSuiteExecutor.accessTestCaseMainPhase(TestSuiteExecutor.java:203)
	at com.kms.katalon.core.main.TestSuiteExecutor.accessTestSuiteMainPhase(TestSuiteExecutor.java:152)
	at com.kms.katalon.core.main.TestSuiteExecutor.execute(TestSuiteExecutor.java:95)
	at com.kms.katalon.core.main.TestCaseMain.startTestSuite(TestCaseMain.java:157)
	at com.kms.katalon.core.main.TestCaseMain$startTestSuite$0.call(Unknown Source)
	at TempTestSuite1613733199540.run(TempTestSuite1613733199540.groovy:39)
Caused by: org.openqa.selenium.NoSuchWindowException: no such window: target window already closed
from unknown error: web view not found
  (Session info: chrome=86.0.4240.75)
Build info: version: '3.141.59', revision: 'e82be7d358', time: '2018-11-14T08:25:53'
System info: host: 'OMTPGCN1132568L', ip: '192.168.1.1', os.name: 'Windows 10', os.arch: 'amd64', os.version: '10.0', java.version: '1.8.0_181'
Driver info: com.kms.katalon.selenium.driver.CChromeDriver
Capabilities {acceptInsecureCerts: false, browserName: chrome, browserVersion: 86.0.4240.75, chrome: {chromedriverVersion: 86.0.4240.22 (398b0743353ff..., userDataDir: C:\Users\ashok\AppData\Loca...}, goog:chromeOptions: {debuggerAddress: localhost:51045}, javascriptEnabled: true, networkConnectionEnabled: false, pageLoadStrategy: normal, platform: WINDOWS, platformName: WINDOWS, proxy: Proxy(), setWindowRect: true, strictFileInteractability: false, timeouts: {implicit: 0, pageLoad: 300000, script: 30000}, unhandledPromptBehavior: dismiss and notify, webauthn:virtualAuthenticators: true}
Session ID: 61fc8c5b0e439cd48416891aac58113f
	at org.openqa.selenium.remote.http.W3CHttpResponseCodec.createException(W3CHttpResponseCodec.java:187)
	at org.openqa.selenium.remote.http.W3CHttpResponseCodec.decode(W3CHttpResponseCodec.java:122)
	at org.openqa.selenium.remote.http.W3CHttpResponseCodec.decode(W3CHttpResponseCodec.java:49)
	at org.openqa.selenium.remote.HttpCommandExecutor.execute(HttpCommandExecutor.java:158)
	at org.openqa.selenium.remote.service.DriverCommandExecutor.execute(DriverCommandExecutor.java:83)
	at org.openqa.selenium.remote.RemoteWebDriver.execute(RemoteWebDriver.java:552)
	at com.kms.katalon.selenium.driver.CChromeDriver.execute(CChromeDriver.java:19)
	at org.openqa.selenium.remote.RemoteWebDriver.execute(RemoteWebDriver.java:609)
	at org.openqa.selenium.remote.RemoteWebDriver$RemoteWebDriverOptions$RemoteWindow.maximize(RemoteWebDriver.java:837)
	at org.openqa.selenium.support.events.EventFiringWebDriver$EventFiringWindow.maximize(EventFiringWebDriver.java:769)
	at com.kms.katalon.core.webui.keyword.builtin.MaximizeWindowKeyword$_maximizeWindow_closure1.doCall(MaximizeWindowKeyword.groovy:85)
	at com.kms.katalon.core.webui.keyword.builtin.MaximizeWindowKeyword$_maximizeWindow_closure1.call(MaximizeWindowKeyword.groovy)
	at com.kms.katalon.core.webui.keyword.internal.WebUIKeywordMain.runKeyword(WebUIKeywordMain.groovy:20)
	... 23 more
"/>
         <system-out><![CDATA[2021-02-19 16:47:53 - [TEST_CASE][FAILED] - Test Cases/UploadDiffFiles_RegisterUser/TC_As a register user, Upload PowerPoint File and verify Uploded file in Submission Page: Test Cases/UploadDiffFiles_RegisterUser/TC_As a register user, Upload PowerPoint File and verify Uploded file in Submission Page FAILED.
Reason:
com.kms.katalon.core.exception.StepFailedException: Unable to maximize current window
	at com.kms.katalon.core.webui.keyword.internal.WebUIKeywordMain.stepFailed(WebUIKeywordMain.groovy:64)
	at com.kms.katalon.core.webui.keyword.internal.WebUIKeywordMain.runKeyword(WebUIKeywordMain.groovy:26)
	at com.kms.katalon.core.webui.keyword.builtin.MaximizeWindowKeyword.maximizeWindow(MaximizeWindowKeyword.groovy:74)
	at com.kms.katalon.core.webui.keyword.builtin.MaximizeWindowKeyword.execute(MaximizeWindowKeyword.groovy:69)
	at com.kms.katalon.core.keyword.internal.KeywordExecutor.executeKeywordForPlatform(KeywordExecutor.groovy:73)
	at com.kms.katalon.core.webui.keyword.WebUiBuiltInKeywords.maximizeWindow(WebUiBuiltInKeywords.groovy:280)
	at com.kms.katalon.core.webui.keyword.WebUiBuiltInKeywords$maximizeWindow$0.call(Unknown Source)
	at customKeywords.commanFunctions.openBrowser(commanFunctions.groovy:48)
	at customKeywords.commanFunctions.uploadFileOfRegisterUser(commanFunctions.groovy:747)
	at customKeywords.commanFunctions.invokeMethod(commanFunctions.groovy)
	at com.kms.katalon.core.main.CustomKeywordDelegatingMetaClass.invokeStaticMethod(CustomKeywordDelegatingMetaClass.java:50)
	at TC_As a register user, Upload PowerPoint File and verify Uploded file in Submission Page.run(TC_As a register user, Upload PowerPoint File and verify Uploded file in Submission Page:16)
	at com.kms.katalon.core.main.ScriptEngine.run(ScriptEngine.java:194)
	at com.kms.katalon.core.main.ScriptEngine.runScriptAsRawText(ScriptEngine.java:119)
	at com.kms.katalon.core.main.TestCaseExecutor.runScript(TestCaseExecutor.java:394)
	at com.kms.katalon.core.main.TestCaseExecutor.doExecute(TestCaseExecutor.java:385)
	at com.kms.katalon.core.main.TestCaseExecutor.processExecutionPhase(TestCaseExecutor.java:364)
	at com.kms.katalon.core.main.TestCaseExecutor.accessMainPhase(TestCaseExecutor.java:356)
	at com.kms.katalon.core.main.TestCaseExecutor.execute(TestCaseExecutor.java:251)
	at com.kms.katalon.core.main.TestSuiteExecutor.accessTestCaseMainPhase(TestSuiteExecutor.java:203)
	at com.kms.katalon.core.main.TestSuiteExecutor.accessTestSuiteMainPhase(TestSuiteExecutor.java:152)
	at com.kms.katalon.core.main.TestSuiteExecutor.execute(TestSuiteExecutor.java:95)
	at com.kms.katalon.core.main.TestCaseMain.startTestSuite(TestCaseMain.java:157)
	at com.kms.katalon.core.main.TestCaseMain$startTestSuite$0.call(Unknown Source)
	at TempTestSuite1613733199540.run(TempTestSuite1613733199540.groovy:39)
Caused by: org.openqa.selenium.NoSuchWindowException: no such window: target window already closed
from unknown error: web view not found
  (Session info: chrome=86.0.4240.75)
Build info: version: '3.141.59', revision: 'e82be7d358', time: '2018-11-14T08:25:53'
System info: host: 'OMTPGCN1132568L', ip: '192.168.1.1', os.name: 'Windows 10', os.arch: 'amd64', os.version: '10.0', java.version: '1.8.0_181'
Driver info: com.kms.katalon.selenium.driver.CChromeDriver
Capabilities {acceptInsecureCerts: false, browserName: chrome, browserVersion: 86.0.4240.75, chrome: {chromedriverVersion: 86.0.4240.22 (398b0743353ff..., userDataDir: C:\Users\ashok\AppData\Loca...}, goog:chromeOptions: {debuggerAddress: localhost:51045}, javascriptEnabled: true, networkConnectionEnabled: false, pageLoadStrategy: normal, platform: WINDOWS, platformName: WINDOWS, proxy: Proxy(), setWindowRect: true, strictFileInteractability: false, timeouts: {implicit: 0, pageLoad: 300000, script: 30000}, unhandledPromptBehavior: dismiss and notify, webauthn:virtualAuthenticators: true}
Session ID: 61fc8c5b0e439cd48416891aac58113f
	at org.openqa.selenium.remote.http.W3CHttpResponseCodec.createException(W3CHttpResponseCodec.java:187)
	at org.openqa.selenium.remote.http.W3CHttpResponseCodec.decode(W3CHttpResponseCodec.java:122)
	at org.openqa.selenium.remote.http.W3CHttpResponseCodec.decode(W3CHttpResponseCodec.java:49)
	at org.openqa.selenium.remote.HttpCommandExecutor.execute(HttpCommandExecutor.java:158)
	at org.openqa.selenium.remote.service.DriverCommandExecutor.execute(DriverCommandExecutor.java:83)
	at org.openqa.selenium.remote.RemoteWebDriver.execute(RemoteWebDriver.java:552)
	at com.kms.katalon.selenium.driver.CChromeDriver.execute(CChromeDriver.java:19)
	at org.openqa.selenium.remote.RemoteWebDriver.execute(RemoteWebDriver.java:609)
	at org.openqa.selenium.remote.RemoteWebDriver$RemoteWebDriverOptions$RemoteWindow.maximize(RemoteWebDriver.java:837)
	at org.openqa.selenium.support.events.EventFiringWebDriver$EventFiringWindow.maximize(EventFiringWebDriver.java:769)
	at com.kms.katalon.core.webui.keyword.builtin.MaximizeWindowKeyword$_maximizeWindow_closure1.doCall(MaximizeWindowKeyword.groovy:85)
	at com.kms.katalon.core.webui.keyword.builtin.MaximizeWindowKeyword$_maximizeWindow_closure1.call(MaximizeWindowKeyword.groovy)
	at com.kms.katalon.core.webui.keyword.internal.WebUIKeywordMain.runKeyword(WebUIKeywordMain.groovy:20)
	... 23 more


2021-02-19 16:47:53 - [TEST_STEP][PASSED] - excelTestData = findTestData("Data Files/TestData/InspectTestData"): null

2021-02-19 16:47:53 - [TEST_STEP][PASSED] - rigisterUN = excelTestData.getValue(6, 23): null

2021-02-19 16:47:53 - [TEST_STEP][PASSED] - rigisterPW = excelTestData.getValue(3, 23): null

2021-02-19 16:47:53 - [TEST_STEP][FAILED] - customKeywords.commanFunctions.uploadFileOfRegisterUser(200, rigisterUN, rigisterPW): Unable to maximize current window

2021-02-19 16:47:53 - [MESSAGE][INFO] - Starting 'Chrome' driver

2021-02-19 16:47:53 - [MESSAGE][INFO] - Action delay is set to 0 milliseconds

2021-02-19 16:48:01 - [MESSAGE][PASSED] - Browser is opened with url: 'https://Inspect.Stage.site.sa'

2021-02-19 16:48:01 - [MESSAGE][WARNING] - Cannot take screenshot

2021-02-19 16:48:01 - [MESSAGE][FAILED] - Unable to maximize current window (Root cause: com.kms.katalon.core.exception.StepFailedException: Unable to maximize current window
	at com.kms.katalon.core.webui.keyword.internal.WebUIKeywordMain.stepFailed(WebUIKeywordMain.groovy:64)
	at com.kms.katalon.core.webui.keyword.internal.WebUIKeywordMain.runKeyword(WebUIKeywordMain.groovy:26)
	at com.kms.katalon.core.webui.keyword.builtin.MaximizeWindowKeyword.maximizeWindow(MaximizeWindowKeyword.groovy:74)
	at com.kms.katalon.core.webui.keyword.builtin.MaximizeWindowKeyword.execute(MaximizeWindowKeyword.groovy:69)
	at com.kms.katalon.core.keyword.internal.KeywordExecutor.executeKeywordForPlatform(KeywordExecutor.groovy:73)
	at com.kms.katalon.core.webui.keyword.WebUiBuiltInKeywords.maximizeWindow(WebUiBuiltInKeywords.groovy:280)
	at com.kms.katalon.core.webui.keyword.WebUiBuiltInKeywords$maximizeWindow$0.call(Unknown Source)
	at customKeywords.commanFunctions.openBrowser(commanFunctions.groovy:48)
	at customKeywords.commanFunctions.uploadFileOfRegisterUser(commanFunctions.groovy:747)
	at customKeywords.commanFunctions.invokeMethod(commanFunctions.groovy)
	at com.kms.katalon.core.main.CustomKeywordDelegatingMetaClass.invokeStaticMethod(CustomKeywordDelegatingMetaClass.java:50)
	at TC_As a register user, Upload PowerPoint File and verify Uploded file in Submission Page.run(TC_As a register user, Upload PowerPoint File and verify Uploded file in Submission Page:16)
	at com.kms.katalon.core.main.ScriptEngine.run(ScriptEngine.java:194)
	at com.kms.katalon.core.main.ScriptEngine.runScriptAsRawText(ScriptEngine.java:119)
	at com.kms.katalon.core.main.TestCaseExecutor.runScript(TestCaseExecutor.java:394)
	at com.kms.katalon.core.main.TestCaseExecutor.doExecute(TestCaseExecutor.java:385)
	at com.kms.katalon.core.main.TestCaseExecutor.processExecutionPhase(TestCaseExecutor.java:364)
	at com.kms.katalon.core.main.TestCaseExecutor.accessMainPhase(TestCaseExecutor.java:356)
	at com.kms.katalon.core.main.TestCaseExecutor.execute(TestCaseExecutor.java:251)
	at com.kms.katalon.core.main.TestSuiteExecutor.accessTestCaseMainPhase(TestSuiteExecutor.java:203)
	at com.kms.katalon.core.main.TestSuiteExecutor.accessTestSuiteMainPhase(TestSuiteExecutor.java:152)
	at com.kms.katalon.core.main.TestSuiteExecutor.execute(TestSuiteExecutor.java:95)
	at com.kms.katalon.core.main.TestCaseMain.startTestSuite(TestCaseMain.java:157)
	at com.kms.katalon.core.main.TestCaseMain$startTestSuite$0.call(Unknown Source)
	at TempTestSuite1613733199540.run(TempTestSuite1613733199540.groovy:39)
Caused by: org.openqa.selenium.NoSuchWindowException: no such window: target window already closed
from unknown error: web view not found
  (Session info: chrome=86.0.4240.75)
Build info: version: '3.141.59', revision: 'e82be7d358', time: '2018-11-14T08:25:53'
System info: host: 'OMTPGCN1132568L', ip: '192.168.1.1', os.name: 'Windows 10', os.arch: 'amd64', os.version: '10.0', java.version: '1.8.0_181'
Driver info: com.kms.katalon.selenium.driver.CChromeDriver
Capabilities {acceptInsecureCerts: false, browserName: chrome, browserVersion: 86.0.4240.75, chrome: {chromedriverVersion: 86.0.4240.22 (398b0743353ff..., userDataDir: C:\Users\ashok\AppData\Loca...}, goog:chromeOptions: {debuggerAddress: localhost:51045}, javascriptEnabled: true, networkConnectionEnabled: false, pageLoadStrategy: normal, platform: WINDOWS, platformName: WINDOWS, proxy: Proxy(), setWindowRect: true, strictFileInteractability: false, timeouts: {implicit: 0, pageLoad: 300000, script: 30000}, unhandledPromptBehavior: dismiss and notify, webauthn:virtualAuthenticators: true}
Session ID: 61fc8c5b0e439cd48416891aac58113f
	at org.openqa.selenium.remote.http.W3CHttpResponseCodec.createException(W3CHttpResponseCodec.java:187)
	at org.openqa.selenium.remote.http.W3CHttpResponseCodec.decode(W3CHttpResponseCodec.java:122)
	at org.openqa.selenium.remote.http.W3CHttpResponseCodec.decode(W3CHttpResponseCodec.java:49)
	at org.openqa.selenium.remote.HttpCommandExecutor.execute(HttpCommandExecutor.java:158)
	at org.openqa.selenium.remote.service.DriverCommandExecutor.execute(DriverCommandExecutor.java:83)
	at org.openqa.selenium.remote.RemoteWebDriver.execute(RemoteWebDriver.java:552)
	at com.kms.katalon.selenium.driver.CChromeDriver.execute(CChromeDriver.java:19)
	at org.openqa.selenium.remote.RemoteWebDriver.execute(RemoteWebDriver.java:609)
	at org.openqa.selenium.remote.RemoteWebDriver$RemoteWebDriverOptions$RemoteWindow.maximize(RemoteWebDriver.java:837)
	at org.openqa.selenium.support.events.EventFiringWebDriver$EventFiringWindow.maximize(EventFiringWebDriver.java:769)
	at com.kms.katalon.core.webui.keyword.builtin.MaximizeWindowKeyword$_maximizeWindow_closure1.doCall(MaximizeWindowKeyword.groovy:85)
	at com.kms.katalon.core.webui.keyword.builtin.MaximizeWindowKeyword$_maximizeWindow_closure1.call(MaximizeWindowKeyword.groovy)
	at com.kms.katalon.core.webui.keyword.internal.WebUIKeywordMain.runKeyword(WebUIKeywordMain.groovy:20)
	at com.kms.katalon.core.webui.keyword.builtin.MaximizeWindowKeyword.maximizeWindow(MaximizeWindowKeyword.groovy:74)
	at com.kms.katalon.core.webui.keyword.builtin.MaximizeWindowKeyword.execute(MaximizeWindowKeyword.groovy:69)
	at com.kms.katalon.core.keyword.internal.KeywordExecutor.executeKeywordForPlatform(KeywordExecutor.groovy:73)
	at com.kms.katalon.core.webui.keyword.WebUiBuiltInKeywords.maximizeWindow(WebUiBuiltInKeywords.groovy:280)
	at com.kms.katalon.core.webui.keyword.WebUiBuiltInKeywords$maximizeWindow$0.call(Unknown Source)
	at customKeywords.commanFunctions.openBrowser(commanFunctions.groovy:48)
	at customKeywords.commanFunctions.uploadFileOfRegisterUser(commanFunctions.groovy:747)
	at customKeywords.commanFunctions.invokeMethod(commanFunctions.groovy)
	at com.kms.katalon.core.main.CustomKeywordDelegatingMetaClass.invokeStaticMethod(CustomKeywordDelegatingMetaClass.java:50)
	at Script1613223087696.run(Script1613223087696.groovy:16)
	... 13 more
)

2021-02-19 16:48:01 - [MESSAGE][FAILED] - Unable to maximize current window

2021-02-19 16:48:01 - [TEST_STEP][PASSED] - Start tear down : tearDownMethodIfFailed: Method 'tearDownMethodIfFailed' complete successfully

2021-02-19 16:48:01 - [TEST_STEP][PASSED] - customKeywords.commanFunctions.onlyCloseBrowser(): customKeywords.commanFunctions.onlyCloseBrowser is PASSED

2021-02-19 16:48:01 - [MESSAGE][PASSED] - Browser is closed

2021-02-19 16:48:01 - [MESSAGE][PASSED] - customKeywords.commanFunctions.onlyCloseBrowser is PASSED

2021-02-19 16:48:01 - [TEST_STEP][PASSED] - logInfo("[--------This is tearDownIfFailed method------]"): [--------This is tearDownIfFailed method------]

2021-02-19 16:48:01 - [MESSAGE][INFO] - [--------This is tearDownIfFailed method------]

2021-02-19 16:48:01 - [MESSAGE][PASSED] - Method 'tearDownMethodIfFailed' complete successfully]]></system-out>
         <system-err><![CDATA[2021-02-19 16:47:53 - [TEST_CASE][FAILED] - Test Cases/UploadDiffFiles_RegisterUser/TC_As a register user, Upload PowerPoint File and verify Uploded file in Submission Page: Test Cases/UploadDiffFiles_RegisterUser/TC_As a register user, Upload PowerPoint File and verify Uploded file in Submission Page FAILED.
Reason:
com.kms.katalon.core.exception.StepFailedException: Unable to maximize current window
	at com.kms.katalon.core.webui.keyword.internal.WebUIKeywordMain.stepFailed(WebUIKeywordMain.groovy:64)
	at com.kms.katalon.core.webui.keyword.internal.WebUIKeywordMain.runKeyword(WebUIKeywordMain.groovy:26)
	at com.kms.katalon.core.webui.keyword.builtin.MaximizeWindowKeyword.maximizeWindow(MaximizeWindowKeyword.groovy:74)
	at com.kms.katalon.core.webui.keyword.builtin.MaximizeWindowKeyword.execute(MaximizeWindowKeyword.groovy:69)
	at com.kms.katalon.core.keyword.internal.KeywordExecutor.executeKeywordForPlatform(KeywordExecutor.groovy:73)
	at com.kms.katalon.core.webui.keyword.WebUiBuiltInKeywords.maximizeWindow(WebUiBuiltInKeywords.groovy:280)
	at com.kms.katalon.core.webui.keyword.WebUiBuiltInKeywords$maximizeWindow$0.call(Unknown Source)
	at customKeywords.commanFunctions.openBrowser(commanFunctions.groovy:48)
	at customKeywords.commanFunctions.uploadFileOfRegisterUser(commanFunctions.groovy:747)
	at customKeywords.commanFunctions.invokeMethod(commanFunctions.groovy)
	at com.kms.katalon.core.main.CustomKeywordDelegatingMetaClass.invokeStaticMethod(CustomKeywordDelegatingMetaClass.java:50)
	at TC_As a register user, Upload PowerPoint File and verify Uploded file in Submission Page.run(TC_As a register user, Upload PowerPoint File and verify Uploded file in Submission Page:16)
	at com.kms.katalon.core.main.ScriptEngine.run(ScriptEngine.java:194)
	at com.kms.katalon.core.main.ScriptEngine.runScriptAsRawText(ScriptEngine.java:119)
	at com.kms.katalon.core.main.TestCaseExecutor.runScript(TestCaseExecutor.java:394)
	at com.kms.katalon.core.main.TestCaseExecutor.doExecute(TestCaseExecutor.java:385)
	at com.kms.katalon.core.main.TestCaseExecutor.processExecutionPhase(TestCaseExecutor.java:364)
	at com.kms.katalon.core.main.TestCaseExecutor.accessMainPhase(TestCaseExecutor.java:356)
	at com.kms.katalon.core.main.TestCaseExecutor.execute(TestCaseExecutor.java:251)
	at com.kms.katalon.core.main.TestSuiteExecutor.accessTestCaseMainPhase(TestSuiteExecutor.java:203)
	at com.kms.katalon.core.main.TestSuiteExecutor.accessTestSuiteMainPhase(TestSuiteExecutor.java:152)
	at com.kms.katalon.core.main.TestSuiteExecutor.execute(TestSuiteExecutor.java:95)
	at com.kms.katalon.core.main.TestCaseMain.startTestSuite(TestCaseMain.java:157)
	at com.kms.katalon.core.main.TestCaseMain$startTestSuite$0.call(Unknown Source)
	at TempTestSuite1613733199540.run(TempTestSuite1613733199540.groovy:39)
Caused by: org.openqa.selenium.NoSuchWindowException: no such window: target window already closed
from unknown error: web view not found
  (Session info: chrome=86.0.4240.75)
Build info: version: '3.141.59', revision: 'e82be7d358', time: '2018-11-14T08:25:53'
System info: host: 'OMTPGCN1132568L', ip: '192.168.1.1', os.name: 'Windows 10', os.arch: 'amd64', os.version: '10.0', java.version: '1.8.0_181'
Driver info: com.kms.katalon.selenium.driver.CChromeDriver
Capabilities {acceptInsecureCerts: false, browserName: chrome, browserVersion: 86.0.4240.75, chrome: {chromedriverVersion: 86.0.4240.22 (398b0743353ff..., userDataDir: C:\Users\ashok\AppData\Loca...}, goog:chromeOptions: {debuggerAddress: localhost:51045}, javascriptEnabled: true, networkConnectionEnabled: false, pageLoadStrategy: normal, platform: WINDOWS, platformName: WINDOWS, proxy: Proxy(), setWindowRect: true, strictFileInteractability: false, timeouts: {implicit: 0, pageLoad: 300000, script: 30000}, unhandledPromptBehavior: dismiss and notify, webauthn:virtualAuthenticators: true}
Session ID: 61fc8c5b0e439cd48416891aac58113f
	at org.openqa.selenium.remote.http.W3CHttpResponseCodec.createException(W3CHttpResponseCodec.java:187)
	at org.openqa.selenium.remote.http.W3CHttpResponseCodec.decode(W3CHttpResponseCodec.java:122)
	at org.openqa.selenium.remote.http.W3CHttpResponseCodec.decode(W3CHttpResponseCodec.java:49)
	at org.openqa.selenium.remote.HttpCommandExecutor.execute(HttpCommandExecutor.java:158)
	at org.openqa.selenium.remote.service.DriverCommandExecutor.execute(DriverCommandExecutor.java:83)
	at org.openqa.selenium.remote.RemoteWebDriver.execute(RemoteWebDriver.java:552)
	at com.kms.katalon.selenium.driver.CChromeDriver.execute(CChromeDriver.java:19)
	at org.openqa.selenium.remote.RemoteWebDriver.execute(RemoteWebDriver.java:609)
	at org.openqa.selenium.remote.RemoteWebDriver$RemoteWebDriverOptions$RemoteWindow.maximize(RemoteWebDriver.java:837)
	at org.openqa.selenium.support.events.EventFiringWebDriver$EventFiringWindow.maximize(EventFiringWebDriver.java:769)
	at com.kms.katalon.core.webui.keyword.builtin.MaximizeWindowKeyword$_maximizeWindow_closure1.doCall(MaximizeWindowKeyword.groovy:85)
	at com.kms.katalon.core.webui.keyword.builtin.MaximizeWindowKeyword$_maximizeWindow_closure1.call(MaximizeWindowKeyword.groovy)
	at com.kms.katalon.core.webui.keyword.internal.WebUIKeywordMain.runKeyword(WebUIKeywordMain.groovy:20)
	... 23 more]]></system-err>
      </testcase>
      <testcase name="Test Cases/UploadDiffFiles_RegisterUser/TC_As a register user, Upload RealAudio File and verify Uploded file in Submission Page" time="13.641" classname="Test Cases/UploadDiffFiles_RegisterUser/TC_As a register user, Upload RealAudio File and verify Uploded file in Submission Page" status="FAILED">
         <failure type="FAILED" message="Test Cases/UploadDiffFiles_RegisterUser/TC_As a register user, Upload RealAudio File and verify Uploded file in Submission Page FAILED.
Reason:
com.kms.katalon.core.exception.StepFailedException: Unable to open browser with url: 'https://Inspect.Stage.site.sa'
	at com.kms.katalon.core.webui.keyword.internal.WebUIKeywordMain.stepFailed(WebUIKeywordMain.groovy:64)
	at com.kms.katalon.core.webui.keyword.internal.WebUIKeywordMain.runKeyword(WebUIKeywordMain.groovy:26)
	at com.kms.katalon.core.webui.keyword.builtin.OpenBrowserKeyword.openBrowser(OpenBrowserKeyword.groovy:81)
	at com.kms.katalon.core.webui.keyword.builtin.OpenBrowserKeyword.execute(OpenBrowserKeyword.groovy:67)
	at com.kms.katalon.core.keyword.internal.KeywordExecutor.executeKeywordForPlatform(KeywordExecutor.groovy:73)
	at com.kms.katalon.core.webui.keyword.WebUiBuiltInKeywords.openBrowser(WebUiBuiltInKeywords.groovy:61)
	at com.kms.katalon.core.webui.keyword.WebUiBuiltInKeywords$openBrowser.call(Unknown Source)
	at customKeywords.commanFunctions.openBrowser(commanFunctions.groovy:47)
	at customKeywords.commanFunctions.uploadFileOfRegisterUser(commanFunctions.groovy:747)
	at customKeywords.commanFunctions.invokeMethod(commanFunctions.groovy)
	at com.kms.katalon.core.main.CustomKeywordDelegatingMetaClass.invokeStaticMethod(CustomKeywordDelegatingMetaClass.java:50)
	at TC_As a register user, Upload RealAudio File and verify Uploded file in Submission Page.run(TC_As a register user, Upload RealAudio File and verify Uploded file in Submission Page:16)
	at com.kms.katalon.core.main.ScriptEngine.run(ScriptEngine.java:194)
	at com.kms.katalon.core.main.ScriptEngine.runScriptAsRawText(ScriptEngine.java:119)
	at com.kms.katalon.core.main.TestCaseExecutor.runScript(TestCaseExecutor.java:394)
	at com.kms.katalon.core.main.TestCaseExecutor.doExecute(TestCaseExecutor.java:385)
	at com.kms.katalon.core.main.TestCaseExecutor.processExecutionPhase(TestCaseExecutor.java:364)
	at com.kms.katalon.core.main.TestCaseExecutor.accessMainPhase(TestCaseExecutor.java:356)
	at com.kms.katalon.core.main.TestCaseExecutor.execute(TestCaseExecutor.java:251)
	at com.kms.katalon.core.main.TestSuiteExecutor.accessTestCaseMainPhase(TestSuiteExecutor.java:203)
	at com.kms.katalon.core.main.TestSuiteExecutor.accessTestSuiteMainPhase(TestSuiteExecutor.java:152)
	at com.kms.katalon.core.main.TestSuiteExecutor.execute(TestSuiteExecutor.java:95)
	at com.kms.katalon.core.main.TestCaseMain.startTestSuite(TestCaseMain.java:157)
	at com.kms.katalon.core.main.TestCaseMain$startTestSuite$0.call(Unknown Source)
	at TempTestSuite1613733199540.run(TempTestSuite1613733199540.groovy:39)
Caused by: org.openqa.selenium.SessionNotCreatedException: session not created
from chrome not reachable
  (Session info: chrome=86.0.4240.75)
Build info: version: '3.141.59', revision: 'e82be7d358', time: '2018-11-14T08:25:53'
System info: host: 'OMTPGCN1132568L', ip: '192.168.1.1', os.name: 'Windows 10', os.arch: 'amd64', os.version: '10.0', java.version: '1.8.0_181'
Driver info: driver.version: CChromeDriver
remote stacktrace: Backtrace:
	Ordinal0 [0x00A8C013+3194899]
	Ordinal0 [0x00976021+2056225]
	Ordinal0 [0x0080F4B0+586928]
	Ordinal0 [0x00805894+546964]
	Ordinal0 [0x00805F2C+548652]
	Ordinal0 [0x00807175+553333]
	Ordinal0 [0x0080241E+533534]
	Ordinal0 [0x00810620+591392]
	Ordinal0 [0x007B2A0C+207372]
	Ordinal0 [0x007B1D0D+204045]
	Ordinal0 [0x007AFC1B+195611]
	Ordinal0 [0x00793B7F+80767]
	Ordinal0 [0x00794B4E+84814]
	Ordinal0 [0x00794AD9+84697]
	Ordinal0 [0x0098CE64+2149988]
	GetHandleVerifier [0x00BFBE95+1400773]
	GetHandleVerifier [0x00BFBB61+1399953]
	GetHandleVerifier [0x00C031FA+1430314]
	GetHandleVerifier [0x00BFC69F+1402831]
	Ordinal0 [0x00983D61+2112865]
	Ordinal0 [0x0098E5CB+2155979]
	Ordinal0 [0x0098E6F5+2156277]
	Ordinal0 [0x0099F26E+2224750]
	BaseThreadInitThunk [0x77026359+25]
	RtlGetAppContainerNamedObjectPath [0x77BD8944+228]
	RtlGetAppContainerNamedObjectPath [0x77BD8914+180]

	at org.openqa.selenium.remote.W3CHandshakeResponse.lambda$errorHandler$0(W3CHandshakeResponse.java:62)
	at org.openqa.selenium.remote.HandshakeResponse.lambda$getResponseFunction$0(HandshakeResponse.java:30)
	at org.openqa.selenium.remote.ProtocolHandshake.lambda$createSession$0(ProtocolHandshake.java:126)
	at org.openqa.selenium.remote.ProtocolHandshake.createSession(ProtocolHandshake.java:128)
	at org.openqa.selenium.remote.ProtocolHandshake.createSession(ProtocolHandshake.java:74)
	at org.openqa.selenium.remote.HttpCommandExecutor.execute(HttpCommandExecutor.java:136)
	at org.openqa.selenium.remote.service.DriverCommandExecutor.execute(DriverCommandExecutor.java:83)
	at org.openqa.selenium.remote.RemoteWebDriver.execute(RemoteWebDriver.java:552)
	at com.kms.katalon.selenium.driver.CChromeDriver.execute(CChromeDriver.java:19)
	at org.openqa.selenium.remote.RemoteWebDriver.startSession(RemoteWebDriver.java:213)
	at org.openqa.selenium.remote.RemoteWebDriver.&lt;init>(RemoteWebDriver.java:131)
	at org.openqa.selenium.chrome.ChromeDriver.&lt;init>(ChromeDriver.java:181)
	at org.openqa.selenium.chrome.ChromeDriver.&lt;init>(ChromeDriver.java:147)
	at com.kms.katalon.selenium.driver.CChromeDriver.&lt;init>(CChromeDriver.java:13)
	at com.kms.katalon.core.webui.driver.DriverFactory.createNewChromeDriver(DriverFactory.java:400)
	at com.kms.katalon.core.webui.driver.DriverFactory.startNewBrowser(DriverFactory.java:358)
	at com.kms.katalon.core.webui.driver.DriverFactory.openWebDriver(DriverFactory.java:245)
	at com.kms.katalon.core.webui.keyword.builtin.OpenBrowserKeyword$_openBrowser_closure1.doCall(OpenBrowserKeyword.groovy:74)
	at com.kms.katalon.core.webui.keyword.builtin.OpenBrowserKeyword$_openBrowser_closure1.call(OpenBrowserKeyword.groovy)
	at com.kms.katalon.core.webui.keyword.internal.WebUIKeywordMain.runKeyword(WebUIKeywordMain.groovy:20)
	... 23 more
"/>
         <system-out><![CDATA[2021-02-19 16:48:01 - [TEST_CASE][FAILED] - Test Cases/UploadDiffFiles_RegisterUser/TC_As a register user, Upload RealAudio File and verify Uploded file in Submission Page: Test Cases/UploadDiffFiles_RegisterUser/TC_As a register user, Upload RealAudio File and verify Uploded file in Submission Page FAILED.
Reason:
com.kms.katalon.core.exception.StepFailedException: Unable to open browser with url: 'https://Inspect.Stage.site.sa'
	at com.kms.katalon.core.webui.keyword.internal.WebUIKeywordMain.stepFailed(WebUIKeywordMain.groovy:64)
	at com.kms.katalon.core.webui.keyword.internal.WebUIKeywordMain.runKeyword(WebUIKeywordMain.groovy:26)
	at com.kms.katalon.core.webui.keyword.builtin.OpenBrowserKeyword.openBrowser(OpenBrowserKeyword.groovy:81)
	at com.kms.katalon.core.webui.keyword.builtin.OpenBrowserKeyword.execute(OpenBrowserKeyword.groovy:67)
	at com.kms.katalon.core.keyword.internal.KeywordExecutor.executeKeywordForPlatform(KeywordExecutor.groovy:73)
	at com.kms.katalon.core.webui.keyword.WebUiBuiltInKeywords.openBrowser(WebUiBuiltInKeywords.groovy:61)
	at com.kms.katalon.core.webui.keyword.WebUiBuiltInKeywords$openBrowser.call(Unknown Source)
	at customKeywords.commanFunctions.openBrowser(commanFunctions.groovy:47)
	at customKeywords.commanFunctions.uploadFileOfRegisterUser(commanFunctions.groovy:747)
	at customKeywords.commanFunctions.invokeMethod(commanFunctions.groovy)
	at com.kms.katalon.core.main.CustomKeywordDelegatingMetaClass.invokeStaticMethod(CustomKeywordDelegatingMetaClass.java:50)
	at TC_As a register user, Upload RealAudio File and verify Uploded file in Submission Page.run(TC_As a register user, Upload RealAudio File and verify Uploded file in Submission Page:16)
	at com.kms.katalon.core.main.ScriptEngine.run(ScriptEngine.java:194)
	at com.kms.katalon.core.main.ScriptEngine.runScriptAsRawText(ScriptEngine.java:119)
	at com.kms.katalon.core.main.TestCaseExecutor.runScript(TestCaseExecutor.java:394)
	at com.kms.katalon.core.main.TestCaseExecutor.doExecute(TestCaseExecutor.java:385)
	at com.kms.katalon.core.main.TestCaseExecutor.processExecutionPhase(TestCaseExecutor.java:364)
	at com.kms.katalon.core.main.TestCaseExecutor.accessMainPhase(TestCaseExecutor.java:356)
	at com.kms.katalon.core.main.TestCaseExecutor.execute(TestCaseExecutor.java:251)
	at com.kms.katalon.core.main.TestSuiteExecutor.accessTestCaseMainPhase(TestSuiteExecutor.java:203)
	at com.kms.katalon.core.main.TestSuiteExecutor.accessTestSuiteMainPhase(TestSuiteExecutor.java:152)
	at com.kms.katalon.core.main.TestSuiteExecutor.execute(TestSuiteExecutor.java:95)
	at com.kms.katalon.core.main.TestCaseMain.startTestSuite(TestCaseMain.java:157)
	at com.kms.katalon.core.main.TestCaseMain$startTestSuite$0.call(Unknown Source)
	at TempTestSuite1613733199540.run(TempTestSuite1613733199540.groovy:39)
Caused by: org.openqa.selenium.SessionNotCreatedException: session not created
from chrome not reachable
  (Session info: chrome=86.0.4240.75)
Build info: version: '3.141.59', revision: 'e82be7d358', time: '2018-11-14T08:25:53'
System info: host: 'OMTPGCN1132568L', ip: '192.168.1.1', os.name: 'Windows 10', os.arch: 'amd64', os.version: '10.0', java.version: '1.8.0_181'
Driver info: driver.version: CChromeDriver
remote stacktrace: Backtrace:
	Ordinal0 [0x00A8C013+3194899]
	Ordinal0 [0x00976021+2056225]
	Ordinal0 [0x0080F4B0+586928]
	Ordinal0 [0x00805894+546964]
	Ordinal0 [0x00805F2C+548652]
	Ordinal0 [0x00807175+553333]
	Ordinal0 [0x0080241E+533534]
	Ordinal0 [0x00810620+591392]
	Ordinal0 [0x007B2A0C+207372]
	Ordinal0 [0x007B1D0D+204045]
	Ordinal0 [0x007AFC1B+195611]
	Ordinal0 [0x00793B7F+80767]
	Ordinal0 [0x00794B4E+84814]
	Ordinal0 [0x00794AD9+84697]
	Ordinal0 [0x0098CE64+2149988]
	GetHandleVerifier [0x00BFBE95+1400773]
	GetHandleVerifier [0x00BFBB61+1399953]
	GetHandleVerifier [0x00C031FA+1430314]
	GetHandleVerifier [0x00BFC69F+1402831]
	Ordinal0 [0x00983D61+2112865]
	Ordinal0 [0x0098E5CB+2155979]
	Ordinal0 [0x0098E6F5+2156277]
	Ordinal0 [0x0099F26E+2224750]
	BaseThreadInitThunk [0x77026359+25]
	RtlGetAppContainerNamedObjectPath [0x77BD8944+228]
	RtlGetAppContainerNamedObjectPath [0x77BD8914+180]

	at org.openqa.selenium.remote.W3CHandshakeResponse.lambda$errorHandler$0(W3CHandshakeResponse.java:62)
	at org.openqa.selenium.remote.HandshakeResponse.lambda$getResponseFunction$0(HandshakeResponse.java:30)
	at org.openqa.selenium.remote.ProtocolHandshake.lambda$createSession$0(ProtocolHandshake.java:126)
	at org.openqa.selenium.remote.ProtocolHandshake.createSession(ProtocolHandshake.java:128)
	at org.openqa.selenium.remote.ProtocolHandshake.createSession(ProtocolHandshake.java:74)
	at org.openqa.selenium.remote.HttpCommandExecutor.execute(HttpCommandExecutor.java:136)
	at org.openqa.selenium.remote.service.DriverCommandExecutor.execute(DriverCommandExecutor.java:83)
	at org.openqa.selenium.remote.RemoteWebDriver.execute(RemoteWebDriver.java:552)
	at com.kms.katalon.selenium.driver.CChromeDriver.execute(CChromeDriver.java:19)
	at org.openqa.selenium.remote.RemoteWebDriver.startSession(RemoteWebDriver.java:213)
	at org.openqa.selenium.remote.RemoteWebDriver.<init>(RemoteWebDriver.java:131)
	at org.openqa.selenium.chrome.ChromeDriver.<init>(ChromeDriver.java:181)
	at org.openqa.selenium.chrome.ChromeDriver.<init>(ChromeDriver.java:147)
	at com.kms.katalon.selenium.driver.CChromeDriver.<init>(CChromeDriver.java:13)
	at com.kms.katalon.core.webui.driver.DriverFactory.createNewChromeDriver(DriverFactory.java:400)
	at com.kms.katalon.core.webui.driver.DriverFactory.startNewBrowser(DriverFactory.java:358)
	at com.kms.katalon.core.webui.driver.DriverFactory.openWebDriver(DriverFactory.java:245)
	at com.kms.katalon.core.webui.keyword.builtin.OpenBrowserKeyword$_openBrowser_closure1.doCall(OpenBrowserKeyword.groovy:74)
	at com.kms.katalon.core.webui.keyword.builtin.OpenBrowserKeyword$_openBrowser_closure1.call(OpenBrowserKeyword.groovy)
	at com.kms.katalon.core.webui.keyword.internal.WebUIKeywordMain.runKeyword(WebUIKeywordMain.groovy:20)
	... 23 more


2021-02-19 16:48:01 - [TEST_STEP][PASSED] - excelTestData = findTestData("Data Files/TestData/InspectTestData"): null

2021-02-19 16:48:01 - [TEST_STEP][PASSED] - rigisterUN = excelTestData.getValue(6, 23): null

2021-02-19 16:48:01 - [TEST_STEP][PASSED] - rigisterPW = excelTestData.getValue(3, 23): null

2021-02-19 16:48:01 - [TEST_STEP][FAILED] - customKeywords.commanFunctions.uploadFileOfRegisterUser(317, rigisterUN, rigisterPW): Unable to open browser with url: 'https://Inspect.Stage.site.sa'

2021-02-19 16:48:02 - [MESSAGE][INFO] - Starting 'Chrome' driver

2021-02-19 16:48:02 - [MESSAGE][INFO] - Action delay is set to 0 milliseconds

2021-02-19 16:48:15 - [MESSAGE][FAILED] - Unable to open browser with url: 'https://Inspect.Stage.site.sa' (Root cause: com.kms.katalon.core.exception.StepFailedException: Unable to open browser with url: 'https://Inspect.Stage.site.sa'
	at com.kms.katalon.core.webui.keyword.internal.WebUIKeywordMain.stepFailed(WebUIKeywordMain.groovy:64)
	at com.kms.katalon.core.webui.keyword.internal.WebUIKeywordMain.runKeyword(WebUIKeywordMain.groovy:26)
	at com.kms.katalon.core.webui.keyword.builtin.OpenBrowserKeyword.openBrowser(OpenBrowserKeyword.groovy:81)
	at com.kms.katalon.core.webui.keyword.builtin.OpenBrowserKeyword.execute(OpenBrowserKeyword.groovy:67)
	at com.kms.katalon.core.keyword.internal.KeywordExecutor.executeKeywordForPlatform(KeywordExecutor.groovy:73)
	at com.kms.katalon.core.webui.keyword.WebUiBuiltInKeywords.openBrowser(WebUiBuiltInKeywords.groovy:61)
	at com.kms.katalon.core.webui.keyword.WebUiBuiltInKeywords$openBrowser.call(Unknown Source)
	at customKeywords.commanFunctions.openBrowser(commanFunctions.groovy:47)
	at customKeywords.commanFunctions.uploadFileOfRegisterUser(commanFunctions.groovy:747)
	at customKeywords.commanFunctions.invokeMethod(commanFunctions.groovy)
	at com.kms.katalon.core.main.CustomKeywordDelegatingMetaClass.invokeStaticMethod(CustomKeywordDelegatingMetaClass.java:50)
	at TC_As a register user, Upload RealAudio File and verify Uploded file in Submission Page.run(TC_As a register user, Upload RealAudio File and verify Uploded file in Submission Page:16)
	at com.kms.katalon.core.main.ScriptEngine.run(ScriptEngine.java:194)
	at com.kms.katalon.core.main.ScriptEngine.runScriptAsRawText(ScriptEngine.java:119)
	at com.kms.katalon.core.main.TestCaseExecutor.runScript(TestCaseExecutor.java:394)
	at com.kms.katalon.core.main.TestCaseExecutor.doExecute(TestCaseExecutor.java:385)
	at com.kms.katalon.core.main.TestCaseExecutor.processExecutionPhase(TestCaseExecutor.java:364)
	at com.kms.katalon.core.main.TestCaseExecutor.accessMainPhase(TestCaseExecutor.java:356)
	at com.kms.katalon.core.main.TestCaseExecutor.execute(TestCaseExecutor.java:251)
	at com.kms.katalon.core.main.TestSuiteExecutor.accessTestCaseMainPhase(TestSuiteExecutor.java:203)
	at com.kms.katalon.core.main.TestSuiteExecutor.accessTestSuiteMainPhase(TestSuiteExecutor.java:152)
	at com.kms.katalon.core.main.TestSuiteExecutor.execute(TestSuiteExecutor.java:95)
	at com.kms.katalon.core.main.TestCaseMain.startTestSuite(TestCaseMain.java:157)
	at com.kms.katalon.core.main.TestCaseMain$startTestSuite$0.call(Unknown Source)
	at TempTestSuite1613733199540.run(TempTestSuite1613733199540.groovy:39)
Caused by: org.openqa.selenium.SessionNotCreatedException: session not created
from chrome not reachable
  (Session info: chrome=86.0.4240.75)
Build info: version: '3.141.59', revision: 'e82be7d358', time: '2018-11-14T08:25:53'
System info: host: 'OMTPGCN1132568L', ip: '192.168.1.1', os.name: 'Windows 10', os.arch: 'amd64', os.version: '10.0', java.version: '1.8.0_181'
Driver info: driver.version: CChromeDriver
remote stacktrace: Backtrace:
	Ordinal0 [0x00A8C013+3194899]
	Ordinal0 [0x00976021+2056225]
	Ordinal0 [0x0080F4B0+586928]
	Ordinal0 [0x00805894+546964]
	Ordinal0 [0x00805F2C+548652]
	Ordinal0 [0x00807175+553333]
	Ordinal0 [0x0080241E+533534]
	Ordinal0 [0x00810620+591392]
	Ordinal0 [0x007B2A0C+207372]
	Ordinal0 [0x007B1D0D+204045]
	Ordinal0 [0x007AFC1B+195611]
	Ordinal0 [0x00793B7F+80767]
	Ordinal0 [0x00794B4E+84814]
	Ordinal0 [0x00794AD9+84697]
	Ordinal0 [0x0098CE64+2149988]
	GetHandleVerifier [0x00BFBE95+1400773]
	GetHandleVerifier [0x00BFBB61+1399953]
	GetHandleVerifier [0x00C031FA+1430314]
	GetHandleVerifier [0x00BFC69F+1402831]
	Ordinal0 [0x00983D61+2112865]
	Ordinal0 [0x0098E5CB+2155979]
	Ordinal0 [0x0098E6F5+2156277]
	Ordinal0 [0x0099F26E+2224750]
	BaseThreadInitThunk [0x77026359+25]
	RtlGetAppContainerNamedObjectPath [0x77BD8944+228]
	RtlGetAppContainerNamedObjectPath [0x77BD8914+180]

	at org.openqa.selenium.remote.W3CHandshakeResponse.lambda$errorHandler$0(W3CHandshakeResponse.java:62)
	at org.openqa.selenium.remote.HandshakeResponse.lambda$getResponseFunction$0(HandshakeResponse.java:30)
	at org.openqa.selenium.remote.ProtocolHandshake.lambda$createSession$0(ProtocolHandshake.java:126)
	at org.openqa.selenium.remote.ProtocolHandshake.createSession(ProtocolHandshake.java:128)
	at org.openqa.selenium.remote.ProtocolHandshake.createSession(ProtocolHandshake.java:74)
	at org.openqa.selenium.remote.HttpCommandExecutor.execute(HttpCommandExecutor.java:136)
	at org.openqa.selenium.remote.service.DriverCommandExecutor.execute(DriverCommandExecutor.java:83)
	at org.openqa.selenium.remote.RemoteWebDriver.execute(RemoteWebDriver.java:552)
	at com.kms.katalon.selenium.driver.CChromeDriver.execute(CChromeDriver.java:19)
	at org.openqa.selenium.remote.RemoteWebDriver.startSession(RemoteWebDriver.java:213)
	at org.openqa.selenium.remote.RemoteWebDriver.<init>(RemoteWebDriver.java:131)
	at org.openqa.selenium.chrome.ChromeDriver.<init>(ChromeDriver.java:181)
	at org.openqa.selenium.chrome.ChromeDriver.<init>(ChromeDriver.java:147)
	at com.kms.katalon.selenium.driver.CChromeDriver.<init>(CChromeDriver.java:13)
	at com.kms.katalon.core.webui.driver.DriverFactory.createNewChromeDriver(DriverFactory.java:400)
	at com.kms.katalon.core.webui.driver.DriverFactory.startNewBrowser(DriverFactory.java:358)
	at com.kms.katalon.core.webui.driver.DriverFactory.openWebDriver(DriverFactory.java:245)
	at com.kms.katalon.core.webui.keyword.builtin.OpenBrowserKeyword$_openBrowser_closure1.doCall(OpenBrowserKeyword.groovy:74)
	at com.kms.katalon.core.webui.keyword.builtin.OpenBrowserKeyword$_openBrowser_closure1.call(OpenBrowserKeyword.groovy)
	at com.kms.katalon.core.webui.keyword.internal.WebUIKeywordMain.runKeyword(WebUIKeywordMain.groovy:20)
	at com.kms.katalon.core.webui.keyword.builtin.OpenBrowserKeyword.openBrowser(OpenBrowserKeyword.groovy:81)
	at com.kms.katalon.core.webui.keyword.builtin.OpenBrowserKeyword.execute(OpenBrowserKeyword.groovy:67)
	at com.kms.katalon.core.keyword.internal.KeywordExecutor.executeKeywordForPlatform(KeywordExecutor.groovy:73)
	at com.kms.katalon.core.webui.keyword.WebUiBuiltInKeywords.openBrowser(WebUiBuiltInKeywords.groovy:61)
	at com.kms.katalon.core.webui.keyword.WebUiBuiltInKeywords$openBrowser.call(Unknown Source)
	at customKeywords.commanFunctions.openBrowser(commanFunctions.groovy:47)
	at customKeywords.commanFunctions.uploadFileOfRegisterUser(commanFunctions.groovy:747)
	at customKeywords.commanFunctions.invokeMethod(commanFunctions.groovy)
	at com.kms.katalon.core.main.CustomKeywordDelegatingMetaClass.invokeStaticMethod(CustomKeywordDelegatingMetaClass.java:50)
	at Script1613387233524.run(Script1613387233524.groovy:16)
	... 13 more
)

2021-02-19 16:48:15 - [MESSAGE][FAILED] - Unable to open browser with url: 'https://Inspect.Stage.site.sa'

2021-02-19 16:48:15 - [TEST_STEP][PASSED] - Start tear down : tearDownMethodIfFailed: Method 'tearDownMethodIfFailed' complete successfully

2021-02-19 16:48:15 - [TEST_STEP][PASSED] - customKeywords.commanFunctions.onlyCloseBrowser(): customKeywords.commanFunctions.onlyCloseBrowser is PASSED

2021-02-19 16:48:15 - [MESSAGE][PASSED] - Browser is closed

2021-02-19 16:48:15 - [MESSAGE][PASSED] - customKeywords.commanFunctions.onlyCloseBrowser is PASSED

2021-02-19 16:48:15 - [TEST_STEP][PASSED] - logInfo("[--------This is tearDownIfFailed method------]"): [--------This is tearDownIfFailed method------]

2021-02-19 16:48:15 - [MESSAGE][INFO] - [--------This is tearDownIfFailed method------]

2021-02-19 16:48:15 - [MESSAGE][PASSED] - Method 'tearDownMethodIfFailed' complete successfully]]></system-out>
         <system-err><![CDATA[2021-02-19 16:48:01 - [TEST_CASE][FAILED] - Test Cases/UploadDiffFiles_RegisterUser/TC_As a register user, Upload RealAudio File and verify Uploded file in Submission Page: Test Cases/UploadDiffFiles_RegisterUser/TC_As a register user, Upload RealAudio File and verify Uploded file in Submission Page FAILED.
Reason:
com.kms.katalon.core.exception.StepFailedException: Unable to open browser with url: 'https://Inspect.Stage.site.sa'
	at com.kms.katalon.core.webui.keyword.internal.WebUIKeywordMain.stepFailed(WebUIKeywordMain.groovy:64)
	at com.kms.katalon.core.webui.keyword.internal.WebUIKeywordMain.runKeyword(WebUIKeywordMain.groovy:26)
	at com.kms.katalon.core.webui.keyword.builtin.OpenBrowserKeyword.openBrowser(OpenBrowserKeyword.groovy:81)
	at com.kms.katalon.core.webui.keyword.builtin.OpenBrowserKeyword.execute(OpenBrowserKeyword.groovy:67)
	at com.kms.katalon.core.keyword.internal.KeywordExecutor.executeKeywordForPlatform(KeywordExecutor.groovy:73)
	at com.kms.katalon.core.webui.keyword.WebUiBuiltInKeywords.openBrowser(WebUiBuiltInKeywords.groovy:61)
	at com.kms.katalon.core.webui.keyword.WebUiBuiltInKeywords$openBrowser.call(Unknown Source)
	at customKeywords.commanFunctions.openBrowser(commanFunctions.groovy:47)
	at customKeywords.commanFunctions.uploadFileOfRegisterUser(commanFunctions.groovy:747)
	at customKeywords.commanFunctions.invokeMethod(commanFunctions.groovy)
	at com.kms.katalon.core.main.CustomKeywordDelegatingMetaClass.invokeStaticMethod(CustomKeywordDelegatingMetaClass.java:50)
	at TC_As a register user, Upload RealAudio File and verify Uploded file in Submission Page.run(TC_As a register user, Upload RealAudio File and verify Uploded file in Submission Page:16)
	at com.kms.katalon.core.main.ScriptEngine.run(ScriptEngine.java:194)
	at com.kms.katalon.core.main.ScriptEngine.runScriptAsRawText(ScriptEngine.java:119)
	at com.kms.katalon.core.main.TestCaseExecutor.runScript(TestCaseExecutor.java:394)
	at com.kms.katalon.core.main.TestCaseExecutor.doExecute(TestCaseExecutor.java:385)
	at com.kms.katalon.core.main.TestCaseExecutor.processExecutionPhase(TestCaseExecutor.java:364)
	at com.kms.katalon.core.main.TestCaseExecutor.accessMainPhase(TestCaseExecutor.java:356)
	at com.kms.katalon.core.main.TestCaseExecutor.execute(TestCaseExecutor.java:251)
	at com.kms.katalon.core.main.TestSuiteExecutor.accessTestCaseMainPhase(TestSuiteExecutor.java:203)
	at com.kms.katalon.core.main.TestSuiteExecutor.accessTestSuiteMainPhase(TestSuiteExecutor.java:152)
	at com.kms.katalon.core.main.TestSuiteExecutor.execute(TestSuiteExecutor.java:95)
	at com.kms.katalon.core.main.TestCaseMain.startTestSuite(TestCaseMain.java:157)
	at com.kms.katalon.core.main.TestCaseMain$startTestSuite$0.call(Unknown Source)
	at TempTestSuite1613733199540.run(TempTestSuite1613733199540.groovy:39)
Caused by: org.openqa.selenium.SessionNotCreatedException: session not created
from chrome not reachable
  (Session info: chrome=86.0.4240.75)
Build info: version: '3.141.59', revision: 'e82be7d358', time: '2018-11-14T08:25:53'
System info: host: 'OMTPGCN1132568L', ip: '192.168.1.1', os.name: 'Windows 10', os.arch: 'amd64', os.version: '10.0', java.version: '1.8.0_181'
Driver info: driver.version: CChromeDriver
remote stacktrace: Backtrace:
	Ordinal0 [0x00A8C013+3194899]
	Ordinal0 [0x00976021+2056225]
	Ordinal0 [0x0080F4B0+586928]
	Ordinal0 [0x00805894+546964]
	Ordinal0 [0x00805F2C+548652]
	Ordinal0 [0x00807175+553333]
	Ordinal0 [0x0080241E+533534]
	Ordinal0 [0x00810620+591392]
	Ordinal0 [0x007B2A0C+207372]
	Ordinal0 [0x007B1D0D+204045]
	Ordinal0 [0x007AFC1B+195611]
	Ordinal0 [0x00793B7F+80767]
	Ordinal0 [0x00794B4E+84814]
	Ordinal0 [0x00794AD9+84697]
	Ordinal0 [0x0098CE64+2149988]
	GetHandleVerifier [0x00BFBE95+1400773]
	GetHandleVerifier [0x00BFBB61+1399953]
	GetHandleVerifier [0x00C031FA+1430314]
	GetHandleVerifier [0x00BFC69F+1402831]
	Ordinal0 [0x00983D61+2112865]
	Ordinal0 [0x0098E5CB+2155979]
	Ordinal0 [0x0098E6F5+2156277]
	Ordinal0 [0x0099F26E+2224750]
	BaseThreadInitThunk [0x77026359+25]
	RtlGetAppContainerNamedObjectPath [0x77BD8944+228]
	RtlGetAppContainerNamedObjectPath [0x77BD8914+180]

	at org.openqa.selenium.remote.W3CHandshakeResponse.lambda$errorHandler$0(W3CHandshakeResponse.java:62)
	at org.openqa.selenium.remote.HandshakeResponse.lambda$getResponseFunction$0(HandshakeResponse.java:30)
	at org.openqa.selenium.remote.ProtocolHandshake.lambda$createSession$0(ProtocolHandshake.java:126)
	at org.openqa.selenium.remote.ProtocolHandshake.createSession(ProtocolHandshake.java:128)
	at org.openqa.selenium.remote.ProtocolHandshake.createSession(ProtocolHandshake.java:74)
	at org.openqa.selenium.remote.HttpCommandExecutor.execute(HttpCommandExecutor.java:136)
	at org.openqa.selenium.remote.service.DriverCommandExecutor.execute(DriverCommandExecutor.java:83)
	at org.openqa.selenium.remote.RemoteWebDriver.execute(RemoteWebDriver.java:552)
	at com.kms.katalon.selenium.driver.CChromeDriver.execute(CChromeDriver.java:19)
	at org.openqa.selenium.remote.RemoteWebDriver.startSession(RemoteWebDriver.java:213)
	at org.openqa.selenium.remote.RemoteWebDriver.<init>(RemoteWebDriver.java:131)
	at org.openqa.selenium.chrome.ChromeDriver.<init>(ChromeDriver.java:181)
	at org.openqa.selenium.chrome.ChromeDriver.<init>(ChromeDriver.java:147)
	at com.kms.katalon.selenium.driver.CChromeDriver.<init>(CChromeDriver.java:13)
	at com.kms.katalon.core.webui.driver.DriverFactory.createNewChromeDriver(DriverFactory.java:400)
	at com.kms.katalon.core.webui.driver.DriverFactory.startNewBrowser(DriverFactory.java:358)
	at com.kms.katalon.core.webui.driver.DriverFactory.openWebDriver(DriverFactory.java:245)
	at com.kms.katalon.core.webui.keyword.builtin.OpenBrowserKeyword$_openBrowser_closure1.doCall(OpenBrowserKeyword.groovy:74)
	at com.kms.katalon.core.webui.keyword.builtin.OpenBrowserKeyword$_openBrowser_closure1.call(OpenBrowserKeyword.groovy)
	at com.kms.katalon.core.webui.keyword.internal.WebUIKeywordMain.runKeyword(WebUIKeywordMain.groovy:20)
	... 23 more]]></system-err>
      </testcase>
      <testcase name="Test Cases/UploadDiffFiles_RegisterUser/TC_As a register user, Upload Txt File and verify Uploded file in Submission Page" time="13.697" classname="Test Cases/UploadDiffFiles_RegisterUser/TC_As a register user, Upload Txt File and verify Uploded file in Submission Page" status="FAILED">
         <failure type="FAILED" message="Test Cases/UploadDiffFiles_RegisterUser/TC_As a register user, Upload Txt File and verify Uploded file in Submission Page FAILED.
Reason:
com.kms.katalon.core.exception.StepFailedException: Unable to open browser with url: 'https://Inspect.Stage.site.sa'
	at com.kms.katalon.core.webui.keyword.internal.WebUIKeywordMain.stepFailed(WebUIKeywordMain.groovy:64)
	at com.kms.katalon.core.webui.keyword.internal.WebUIKeywordMain.runKeyword(WebUIKeywordMain.groovy:26)
	at com.kms.katalon.core.webui.keyword.builtin.OpenBrowserKeyword.openBrowser(OpenBrowserKeyword.groovy:81)
	at com.kms.katalon.core.webui.keyword.builtin.OpenBrowserKeyword.execute(OpenBrowserKeyword.groovy:67)
	at com.kms.katalon.core.keyword.internal.KeywordExecutor.executeKeywordForPlatform(KeywordExecutor.groovy:73)
	at com.kms.katalon.core.webui.keyword.WebUiBuiltInKeywords.openBrowser(WebUiBuiltInKeywords.groovy:61)
	at com.kms.katalon.core.webui.keyword.WebUiBuiltInKeywords$openBrowser.call(Unknown Source)
	at customKeywords.commanFunctions.openBrowser(commanFunctions.groovy:47)
	at customKeywords.commanFunctions.uploadFileOfRegisterUser(commanFunctions.groovy:747)
	at customKeywords.commanFunctions.invokeMethod(commanFunctions.groovy)
	at com.kms.katalon.core.main.CustomKeywordDelegatingMetaClass.invokeStaticMethod(CustomKeywordDelegatingMetaClass.java:50)
	at TC_As a register user, Upload Txt File and verify Uploded file in Submission Page.run(TC_As a register user, Upload Txt File and verify Uploded file in Submission Page:16)
	at com.kms.katalon.core.main.ScriptEngine.run(ScriptEngine.java:194)
	at com.kms.katalon.core.main.ScriptEngine.runScriptAsRawText(ScriptEngine.java:119)
	at com.kms.katalon.core.main.TestCaseExecutor.runScript(TestCaseExecutor.java:394)
	at com.kms.katalon.core.main.TestCaseExecutor.doExecute(TestCaseExecutor.java:385)
	at com.kms.katalon.core.main.TestCaseExecutor.processExecutionPhase(TestCaseExecutor.java:364)
	at com.kms.katalon.core.main.TestCaseExecutor.accessMainPhase(TestCaseExecutor.java:356)
	at com.kms.katalon.core.main.TestCaseExecutor.execute(TestCaseExecutor.java:251)
	at com.kms.katalon.core.main.TestSuiteExecutor.accessTestCaseMainPhase(TestSuiteExecutor.java:203)
	at com.kms.katalon.core.main.TestSuiteExecutor.accessTestSuiteMainPhase(TestSuiteExecutor.java:152)
	at com.kms.katalon.core.main.TestSuiteExecutor.execute(TestSuiteExecutor.java:95)
	at com.kms.katalon.core.main.TestCaseMain.startTestSuite(TestCaseMain.java:157)
	at com.kms.katalon.core.main.TestCaseMain$startTestSuite$0.call(Unknown Source)
	at TempTestSuite1613733199540.run(TempTestSuite1613733199540.groovy:39)
Caused by: org.openqa.selenium.SessionNotCreatedException: session not created
from chrome not reachable
  (Session info: chrome=86.0.4240.75)
Build info: version: '3.141.59', revision: 'e82be7d358', time: '2018-11-14T08:25:53'
System info: host: 'OMTPGCN1132568L', ip: '192.168.1.1', os.name: 'Windows 10', os.arch: 'amd64', os.version: '10.0', java.version: '1.8.0_181'
Driver info: driver.version: CChromeDriver
remote stacktrace: Backtrace:
	Ordinal0 [0x00A8C013+3194899]
	Ordinal0 [0x00976021+2056225]
	Ordinal0 [0x0080F4B0+586928]
	Ordinal0 [0x00805894+546964]
	Ordinal0 [0x00805F2C+548652]
	Ordinal0 [0x00807175+553333]
	Ordinal0 [0x0080241E+533534]
	Ordinal0 [0x00810620+591392]
	Ordinal0 [0x007B2A0C+207372]
	Ordinal0 [0x007B1D0D+204045]
	Ordinal0 [0x007AFC1B+195611]
	Ordinal0 [0x00793B7F+80767]
	Ordinal0 [0x00794B4E+84814]
	Ordinal0 [0x00794AD9+84697]
	Ordinal0 [0x0098CE64+2149988]
	GetHandleVerifier [0x00BFBE95+1400773]
	GetHandleVerifier [0x00BFBB61+1399953]
	GetHandleVerifier [0x00C031FA+1430314]
	GetHandleVerifier [0x00BFC69F+1402831]
	Ordinal0 [0x00983D61+2112865]
	Ordinal0 [0x0098E5CB+2155979]
	Ordinal0 [0x0098E6F5+2156277]
	Ordinal0 [0x0099F26E+2224750]
	BaseThreadInitThunk [0x77026359+25]
	RtlGetAppContainerNamedObjectPath [0x77BD8944+228]
	RtlGetAppContainerNamedObjectPath [0x77BD8914+180]

	at org.openqa.selenium.remote.W3CHandshakeResponse.lambda$errorHandler$0(W3CHandshakeResponse.java:62)
	at org.openqa.selenium.remote.HandshakeResponse.lambda$getResponseFunction$0(HandshakeResponse.java:30)
	at org.openqa.selenium.remote.ProtocolHandshake.lambda$createSession$0(ProtocolHandshake.java:126)
	at org.openqa.selenium.remote.ProtocolHandshake.createSession(ProtocolHandshake.java:128)
	at org.openqa.selenium.remote.ProtocolHandshake.createSession(ProtocolHandshake.java:74)
	at org.openqa.selenium.remote.HttpCommandExecutor.execute(HttpCommandExecutor.java:136)
	at org.openqa.selenium.remote.service.DriverCommandExecutor.execute(DriverCommandExecutor.java:83)
	at org.openqa.selenium.remote.RemoteWebDriver.execute(RemoteWebDriver.java:552)
	at com.kms.katalon.selenium.driver.CChromeDriver.execute(CChromeDriver.java:19)
	at org.openqa.selenium.remote.RemoteWebDriver.startSession(RemoteWebDriver.java:213)
	at org.openqa.selenium.remote.RemoteWebDriver.&lt;init>(RemoteWebDriver.java:131)
	at org.openqa.selenium.chrome.ChromeDriver.&lt;init>(ChromeDriver.java:181)
	at org.openqa.selenium.chrome.ChromeDriver.&lt;init>(ChromeDriver.java:147)
	at com.kms.katalon.selenium.driver.CChromeDriver.&lt;init>(CChromeDriver.java:13)
	at com.kms.katalon.core.webui.driver.DriverFactory.createNewChromeDriver(DriverFactory.java:400)
	at com.kms.katalon.core.webui.driver.DriverFactory.startNewBrowser(DriverFactory.java:358)
	at com.kms.katalon.core.webui.driver.DriverFactory.openWebDriver(DriverFactory.java:245)
	at com.kms.katalon.core.webui.keyword.builtin.OpenBrowserKeyword$_openBrowser_closure1.doCall(OpenBrowserKeyword.groovy:74)
	at com.kms.katalon.core.webui.keyword.builtin.OpenBrowserKeyword$_openBrowser_closure1.call(OpenBrowserKeyword.groovy)
	at com.kms.katalon.core.webui.keyword.internal.WebUIKeywordMain.runKeyword(WebUIKeywordMain.groovy:20)
	... 23 more
"/>
         <system-out><![CDATA[2021-02-19 16:48:15 - [TEST_CASE][FAILED] - Test Cases/UploadDiffFiles_RegisterUser/TC_As a register user, Upload Txt File and verify Uploded file in Submission Page: Test Cases/UploadDiffFiles_RegisterUser/TC_As a register user, Upload Txt File and verify Uploded file in Submission Page FAILED.
Reason:
com.kms.katalon.core.exception.StepFailedException: Unable to open browser with url: 'https://Inspect.Stage.site.sa'
	at com.kms.katalon.core.webui.keyword.internal.WebUIKeywordMain.stepFailed(WebUIKeywordMain.groovy:64)
	at com.kms.katalon.core.webui.keyword.internal.WebUIKeywordMain.runKeyword(WebUIKeywordMain.groovy:26)
	at com.kms.katalon.core.webui.keyword.builtin.OpenBrowserKeyword.openBrowser(OpenBrowserKeyword.groovy:81)
	at com.kms.katalon.core.webui.keyword.builtin.OpenBrowserKeyword.execute(OpenBrowserKeyword.groovy:67)
	at com.kms.katalon.core.keyword.internal.KeywordExecutor.executeKeywordForPlatform(KeywordExecutor.groovy:73)
	at com.kms.katalon.core.webui.keyword.WebUiBuiltInKeywords.openBrowser(WebUiBuiltInKeywords.groovy:61)
	at com.kms.katalon.core.webui.keyword.WebUiBuiltInKeywords$openBrowser.call(Unknown Source)
	at customKeywords.commanFunctions.openBrowser(commanFunctions.groovy:47)
	at customKeywords.commanFunctions.uploadFileOfRegisterUser(commanFunctions.groovy:747)
	at customKeywords.commanFunctions.invokeMethod(commanFunctions.groovy)
	at com.kms.katalon.core.main.CustomKeywordDelegatingMetaClass.invokeStaticMethod(CustomKeywordDelegatingMetaClass.java:50)
	at TC_As a register user, Upload Txt File and verify Uploded file in Submission Page.run(TC_As a register user, Upload Txt File and verify Uploded file in Submission Page:16)
	at com.kms.katalon.core.main.ScriptEngine.run(ScriptEngine.java:194)
	at com.kms.katalon.core.main.ScriptEngine.runScriptAsRawText(ScriptEngine.java:119)
	at com.kms.katalon.core.main.TestCaseExecutor.runScript(TestCaseExecutor.java:394)
	at com.kms.katalon.core.main.TestCaseExecutor.doExecute(TestCaseExecutor.java:385)
	at com.kms.katalon.core.main.TestCaseExecutor.processExecutionPhase(TestCaseExecutor.java:364)
	at com.kms.katalon.core.main.TestCaseExecutor.accessMainPhase(TestCaseExecutor.java:356)
	at com.kms.katalon.core.main.TestCaseExecutor.execute(TestCaseExecutor.java:251)
	at com.kms.katalon.core.main.TestSuiteExecutor.accessTestCaseMainPhase(TestSuiteExecutor.java:203)
	at com.kms.katalon.core.main.TestSuiteExecutor.accessTestSuiteMainPhase(TestSuiteExecutor.java:152)
	at com.kms.katalon.core.main.TestSuiteExecutor.execute(TestSuiteExecutor.java:95)
	at com.kms.katalon.core.main.TestCaseMain.startTestSuite(TestCaseMain.java:157)
	at com.kms.katalon.core.main.TestCaseMain$startTestSuite$0.call(Unknown Source)
	at TempTestSuite1613733199540.run(TempTestSuite1613733199540.groovy:39)
Caused by: org.openqa.selenium.SessionNotCreatedException: session not created
from chrome not reachable
  (Session info: chrome=86.0.4240.75)
Build info: version: '3.141.59', revision: 'e82be7d358', time: '2018-11-14T08:25:53'
System info: host: 'OMTPGCN1132568L', ip: '192.168.1.1', os.name: 'Windows 10', os.arch: 'amd64', os.version: '10.0', java.version: '1.8.0_181'
Driver info: driver.version: CChromeDriver
remote stacktrace: Backtrace:
	Ordinal0 [0x00A8C013+3194899]
	Ordinal0 [0x00976021+2056225]
	Ordinal0 [0x0080F4B0+586928]
	Ordinal0 [0x00805894+546964]
	Ordinal0 [0x00805F2C+548652]
	Ordinal0 [0x00807175+553333]
	Ordinal0 [0x0080241E+533534]
	Ordinal0 [0x00810620+591392]
	Ordinal0 [0x007B2A0C+207372]
	Ordinal0 [0x007B1D0D+204045]
	Ordinal0 [0x007AFC1B+195611]
	Ordinal0 [0x00793B7F+80767]
	Ordinal0 [0x00794B4E+84814]
	Ordinal0 [0x00794AD9+84697]
	Ordinal0 [0x0098CE64+2149988]
	GetHandleVerifier [0x00BFBE95+1400773]
	GetHandleVerifier [0x00BFBB61+1399953]
	GetHandleVerifier [0x00C031FA+1430314]
	GetHandleVerifier [0x00BFC69F+1402831]
	Ordinal0 [0x00983D61+2112865]
	Ordinal0 [0x0098E5CB+2155979]
	Ordinal0 [0x0098E6F5+2156277]
	Ordinal0 [0x0099F26E+2224750]
	BaseThreadInitThunk [0x77026359+25]
	RtlGetAppContainerNamedObjectPath [0x77BD8944+228]
	RtlGetAppContainerNamedObjectPath [0x77BD8914+180]

	at org.openqa.selenium.remote.W3CHandshakeResponse.lambda$errorHandler$0(W3CHandshakeResponse.java:62)
	at org.openqa.selenium.remote.HandshakeResponse.lambda$getResponseFunction$0(HandshakeResponse.java:30)
	at org.openqa.selenium.remote.ProtocolHandshake.lambda$createSession$0(ProtocolHandshake.java:126)
	at org.openqa.selenium.remote.ProtocolHandshake.createSession(ProtocolHandshake.java:128)
	at org.openqa.selenium.remote.ProtocolHandshake.createSession(ProtocolHandshake.java:74)
	at org.openqa.selenium.remote.HttpCommandExecutor.execute(HttpCommandExecutor.java:136)
	at org.openqa.selenium.remote.service.DriverCommandExecutor.execute(DriverCommandExecutor.java:83)
	at org.openqa.selenium.remote.RemoteWebDriver.execute(RemoteWebDriver.java:552)
	at com.kms.katalon.selenium.driver.CChromeDriver.execute(CChromeDriver.java:19)
	at org.openqa.selenium.remote.RemoteWebDriver.startSession(RemoteWebDriver.java:213)
	at org.openqa.selenium.remote.RemoteWebDriver.<init>(RemoteWebDriver.java:131)
	at org.openqa.selenium.chrome.ChromeDriver.<init>(ChromeDriver.java:181)
	at org.openqa.selenium.chrome.ChromeDriver.<init>(ChromeDriver.java:147)
	at com.kms.katalon.selenium.driver.CChromeDriver.<init>(CChromeDriver.java:13)
	at com.kms.katalon.core.webui.driver.DriverFactory.createNewChromeDriver(DriverFactory.java:400)
	at com.kms.katalon.core.webui.driver.DriverFactory.startNewBrowser(DriverFactory.java:358)
	at com.kms.katalon.core.webui.driver.DriverFactory.openWebDriver(DriverFactory.java:245)
	at com.kms.katalon.core.webui.keyword.builtin.OpenBrowserKeyword$_openBrowser_closure1.doCall(OpenBrowserKeyword.groovy:74)
	at com.kms.katalon.core.webui.keyword.builtin.OpenBrowserKeyword$_openBrowser_closure1.call(OpenBrowserKeyword.groovy)
	at com.kms.katalon.core.webui.keyword.internal.WebUIKeywordMain.runKeyword(WebUIKeywordMain.groovy:20)
	... 23 more


2021-02-19 16:48:15 - [TEST_STEP][PASSED] - excelTestData = findTestData("Data Files/TestData/InspectTestData"): null

2021-02-19 16:48:15 - [TEST_STEP][PASSED] - rigisterUN = excelTestData.getValue(6, 23): null

2021-02-19 16:48:15 - [TEST_STEP][PASSED] - rigisterPW = excelTestData.getValue(3, 23): null

2021-02-19 16:48:15 - [TEST_STEP][FAILED] - customKeywords.commanFunctions.uploadFileOfRegisterUser(196, rigisterUN, rigisterPW): Unable to open browser with url: 'https://Inspect.Stage.site.sa'

2021-02-19 16:48:15 - [MESSAGE][INFO] - Starting 'Chrome' driver

2021-02-19 16:48:15 - [MESSAGE][INFO] - Action delay is set to 0 milliseconds

2021-02-19 16:48:28 - [MESSAGE][FAILED] - Unable to open browser with url: 'https://Inspect.Stage.site.sa' (Root cause: com.kms.katalon.core.exception.StepFailedException: Unable to open browser with url: 'https://Inspect.Stage.site.sa'
	at com.kms.katalon.core.webui.keyword.internal.WebUIKeywordMain.stepFailed(WebUIKeywordMain.groovy:64)
	at com.kms.katalon.core.webui.keyword.internal.WebUIKeywordMain.runKeyword(WebUIKeywordMain.groovy:26)
	at com.kms.katalon.core.webui.keyword.builtin.OpenBrowserKeyword.openBrowser(OpenBrowserKeyword.groovy:81)
	at com.kms.katalon.core.webui.keyword.builtin.OpenBrowserKeyword.execute(OpenBrowserKeyword.groovy:67)
	at com.kms.katalon.core.keyword.internal.KeywordExecutor.executeKeywordForPlatform(KeywordExecutor.groovy:73)
	at com.kms.katalon.core.webui.keyword.WebUiBuiltInKeywords.openBrowser(WebUiBuiltInKeywords.groovy:61)
	at com.kms.katalon.core.webui.keyword.WebUiBuiltInKeywords$openBrowser.call(Unknown Source)
	at customKeywords.commanFunctions.openBrowser(commanFunctions.groovy:47)
	at customKeywords.commanFunctions.uploadFileOfRegisterUser(commanFunctions.groovy:747)
	at customKeywords.commanFunctions.invokeMethod(commanFunctions.groovy)
	at com.kms.katalon.core.main.CustomKeywordDelegatingMetaClass.invokeStaticMethod(CustomKeywordDelegatingMetaClass.java:50)
	at TC_As a register user, Upload Txt File and verify Uploded file in Submission Page.run(TC_As a register user, Upload Txt File and verify Uploded file in Submission Page:16)
	at com.kms.katalon.core.main.ScriptEngine.run(ScriptEngine.java:194)
	at com.kms.katalon.core.main.ScriptEngine.runScriptAsRawText(ScriptEngine.java:119)
	at com.kms.katalon.core.main.TestCaseExecutor.runScript(TestCaseExecutor.java:394)
	at com.kms.katalon.core.main.TestCaseExecutor.doExecute(TestCaseExecutor.java:385)
	at com.kms.katalon.core.main.TestCaseExecutor.processExecutionPhase(TestCaseExecutor.java:364)
	at com.kms.katalon.core.main.TestCaseExecutor.accessMainPhase(TestCaseExecutor.java:356)
	at com.kms.katalon.core.main.TestCaseExecutor.execute(TestCaseExecutor.java:251)
	at com.kms.katalon.core.main.TestSuiteExecutor.accessTestCaseMainPhase(TestSuiteExecutor.java:203)
	at com.kms.katalon.core.main.TestSuiteExecutor.accessTestSuiteMainPhase(TestSuiteExecutor.java:152)
	at com.kms.katalon.core.main.TestSuiteExecutor.execute(TestSuiteExecutor.java:95)
	at com.kms.katalon.core.main.TestCaseMain.startTestSuite(TestCaseMain.java:157)
	at com.kms.katalon.core.main.TestCaseMain$startTestSuite$0.call(Unknown Source)
	at TempTestSuite1613733199540.run(TempTestSuite1613733199540.groovy:39)
Caused by: org.openqa.selenium.SessionNotCreatedException: session not created
from chrome not reachable
  (Session info: chrome=86.0.4240.75)
Build info: version: '3.141.59', revision: 'e82be7d358', time: '2018-11-14T08:25:53'
System info: host: 'OMTPGCN1132568L', ip: '192.168.1.1', os.name: 'Windows 10', os.arch: 'amd64', os.version: '10.0', java.version: '1.8.0_181'
Driver info: driver.version: CChromeDriver
remote stacktrace: Backtrace:
	Ordinal0 [0x00A8C013+3194899]
	Ordinal0 [0x00976021+2056225]
	Ordinal0 [0x0080F4B0+586928]
	Ordinal0 [0x00805894+546964]
	Ordinal0 [0x00805F2C+548652]
	Ordinal0 [0x00807175+553333]
	Ordinal0 [0x0080241E+533534]
	Ordinal0 [0x00810620+591392]
	Ordinal0 [0x007B2A0C+207372]
	Ordinal0 [0x007B1D0D+204045]
	Ordinal0 [0x007AFC1B+195611]
	Ordinal0 [0x00793B7F+80767]
	Ordinal0 [0x00794B4E+84814]
	Ordinal0 [0x00794AD9+84697]
	Ordinal0 [0x0098CE64+2149988]
	GetHandleVerifier [0x00BFBE95+1400773]
	GetHandleVerifier [0x00BFBB61+1399953]
	GetHandleVerifier [0x00C031FA+1430314]
	GetHandleVerifier [0x00BFC69F+1402831]
	Ordinal0 [0x00983D61+2112865]
	Ordinal0 [0x0098E5CB+2155979]
	Ordinal0 [0x0098E6F5+2156277]
	Ordinal0 [0x0099F26E+2224750]
	BaseThreadInitThunk [0x77026359+25]
	RtlGetAppContainerNamedObjectPath [0x77BD8944+228]
	RtlGetAppContainerNamedObjectPath [0x77BD8914+180]

	at org.openqa.selenium.remote.W3CHandshakeResponse.lambda$errorHandler$0(W3CHandshakeResponse.java:62)
	at org.openqa.selenium.remote.HandshakeResponse.lambda$getResponseFunction$0(HandshakeResponse.java:30)
	at org.openqa.selenium.remote.ProtocolHandshake.lambda$createSession$0(ProtocolHandshake.java:126)
	at org.openqa.selenium.remote.ProtocolHandshake.createSession(ProtocolHandshake.java:128)
	at org.openqa.selenium.remote.ProtocolHandshake.createSession(ProtocolHandshake.java:74)
	at org.openqa.selenium.remote.HttpCommandExecutor.execute(HttpCommandExecutor.java:136)
	at org.openqa.selenium.remote.service.DriverCommandExecutor.execute(DriverCommandExecutor.java:83)
	at org.openqa.selenium.remote.RemoteWebDriver.execute(RemoteWebDriver.java:552)
	at com.kms.katalon.selenium.driver.CChromeDriver.execute(CChromeDriver.java:19)
	at org.openqa.selenium.remote.RemoteWebDriver.startSession(RemoteWebDriver.java:213)
	at org.openqa.selenium.remote.RemoteWebDriver.<init>(RemoteWebDriver.java:131)
	at org.openqa.selenium.chrome.ChromeDriver.<init>(ChromeDriver.java:181)
	at org.openqa.selenium.chrome.ChromeDriver.<init>(ChromeDriver.java:147)
	at com.kms.katalon.selenium.driver.CChromeDriver.<init>(CChromeDriver.java:13)
	at com.kms.katalon.core.webui.driver.DriverFactory.createNewChromeDriver(DriverFactory.java:400)
	at com.kms.katalon.core.webui.driver.DriverFactory.startNewBrowser(DriverFactory.java:358)
	at com.kms.katalon.core.webui.driver.DriverFactory.openWebDriver(DriverFactory.java:245)
	at com.kms.katalon.core.webui.keyword.builtin.OpenBrowserKeyword$_openBrowser_closure1.doCall(OpenBrowserKeyword.groovy:74)
	at com.kms.katalon.core.webui.keyword.builtin.OpenBrowserKeyword$_openBrowser_closure1.call(OpenBrowserKeyword.groovy)
	at com.kms.katalon.core.webui.keyword.internal.WebUIKeywordMain.runKeyword(WebUIKeywordMain.groovy:20)
	at com.kms.katalon.core.webui.keyword.builtin.OpenBrowserKeyword.openBrowser(OpenBrowserKeyword.groovy:81)
	at com.kms.katalon.core.webui.keyword.builtin.OpenBrowserKeyword.execute(OpenBrowserKeyword.groovy:67)
	at com.kms.katalon.core.keyword.internal.KeywordExecutor.executeKeywordForPlatform(KeywordExecutor.groovy:73)
	at com.kms.katalon.core.webui.keyword.WebUiBuiltInKeywords.openBrowser(WebUiBuiltInKeywords.groovy:61)
	at com.kms.katalon.core.webui.keyword.WebUiBuiltInKeywords$openBrowser.call(Unknown Source)
	at customKeywords.commanFunctions.openBrowser(commanFunctions.groovy:47)
	at customKeywords.commanFunctions.uploadFileOfRegisterUser(commanFunctions.groovy:747)
	at customKeywords.commanFunctions.invokeMethod(commanFunctions.groovy)
	at com.kms.katalon.core.main.CustomKeywordDelegatingMetaClass.invokeStaticMethod(CustomKeywordDelegatingMetaClass.java:50)
	at Script1613223097091.run(Script1613223097091.groovy:16)
	... 13 more
)

2021-02-19 16:48:28 - [MESSAGE][FAILED] - Unable to open browser with url: 'https://Inspect.Stage.site.sa'

2021-02-19 16:48:28 - [TEST_STEP][PASSED] - Start tear down : tearDownMethodIfFailed: Method 'tearDownMethodIfFailed' complete successfully

2021-02-19 16:48:28 - [TEST_STEP][PASSED] - customKeywords.commanFunctions.onlyCloseBrowser(): customKeywords.commanFunctions.onlyCloseBrowser is PASSED

2021-02-19 16:48:29 - [MESSAGE][PASSED] - Browser is closed

2021-02-19 16:48:29 - [MESSAGE][PASSED] - customKeywords.commanFunctions.onlyCloseBrowser is PASSED

2021-02-19 16:48:29 - [TEST_STEP][PASSED] - logInfo("[--------This is tearDownIfFailed method------]"): [--------This is tearDownIfFailed method------]

2021-02-19 16:48:29 - [MESSAGE][INFO] - [--------This is tearDownIfFailed method------]

2021-02-19 16:48:29 - [MESSAGE][PASSED] - Method 'tearDownMethodIfFailed' complete successfully]]></system-out>
         <system-err><![CDATA[2021-02-19 16:48:15 - [TEST_CASE][FAILED] - Test Cases/UploadDiffFiles_RegisterUser/TC_As a register user, Upload Txt File and verify Uploded file in Submission Page: Test Cases/UploadDiffFiles_RegisterUser/TC_As a register user, Upload Txt File and verify Uploded file in Submission Page FAILED.
Reason:
com.kms.katalon.core.exception.StepFailedException: Unable to open browser with url: 'https://Inspect.Stage.site.sa'
	at com.kms.katalon.core.webui.keyword.internal.WebUIKeywordMain.stepFailed(WebUIKeywordMain.groovy:64)
	at com.kms.katalon.core.webui.keyword.internal.WebUIKeywordMain.runKeyword(WebUIKeywordMain.groovy:26)
	at com.kms.katalon.core.webui.keyword.builtin.OpenBrowserKeyword.openBrowser(OpenBrowserKeyword.groovy:81)
	at com.kms.katalon.core.webui.keyword.builtin.OpenBrowserKeyword.execute(OpenBrowserKeyword.groovy:67)
	at com.kms.katalon.core.keyword.internal.KeywordExecutor.executeKeywordForPlatform(KeywordExecutor.groovy:73)
	at com.kms.katalon.core.webui.keyword.WebUiBuiltInKeywords.openBrowser(WebUiBuiltInKeywords.groovy:61)
	at com.kms.katalon.core.webui.keyword.WebUiBuiltInKeywords$openBrowser.call(Unknown Source)
	at customKeywords.commanFunctions.openBrowser(commanFunctions.groovy:47)
	at customKeywords.commanFunctions.uploadFileOfRegisterUser(commanFunctions.groovy:747)
	at customKeywords.commanFunctions.invokeMethod(commanFunctions.groovy)
	at com.kms.katalon.core.main.CustomKeywordDelegatingMetaClass.invokeStaticMethod(CustomKeywordDelegatingMetaClass.java:50)
	at TC_As a register user, Upload Txt File and verify Uploded file in Submission Page.run(TC_As a register user, Upload Txt File and verify Uploded file in Submission Page:16)
	at com.kms.katalon.core.main.ScriptEngine.run(ScriptEngine.java:194)
	at com.kms.katalon.core.main.ScriptEngine.runScriptAsRawText(ScriptEngine.java:119)
	at com.kms.katalon.core.main.TestCaseExecutor.runScript(TestCaseExecutor.java:394)
	at com.kms.katalon.core.main.TestCaseExecutor.doExecute(TestCaseExecutor.java:385)
	at com.kms.katalon.core.main.TestCaseExecutor.processExecutionPhase(TestCaseExecutor.java:364)
	at com.kms.katalon.core.main.TestCaseExecutor.accessMainPhase(TestCaseExecutor.java:356)
	at com.kms.katalon.core.main.TestCaseExecutor.execute(TestCaseExecutor.java:251)
	at com.kms.katalon.core.main.TestSuiteExecutor.accessTestCaseMainPhase(TestSuiteExecutor.java:203)
	at com.kms.katalon.core.main.TestSuiteExecutor.accessTestSuiteMainPhase(TestSuiteExecutor.java:152)
	at com.kms.katalon.core.main.TestSuiteExecutor.execute(TestSuiteExecutor.java:95)
	at com.kms.katalon.core.main.TestCaseMain.startTestSuite(TestCaseMain.java:157)
	at com.kms.katalon.core.main.TestCaseMain$startTestSuite$0.call(Unknown Source)
	at TempTestSuite1613733199540.run(TempTestSuite1613733199540.groovy:39)
Caused by: org.openqa.selenium.SessionNotCreatedException: session not created
from chrome not reachable
  (Session info: chrome=86.0.4240.75)
Build info: version: '3.141.59', revision: 'e82be7d358', time: '2018-11-14T08:25:53'
System info: host: 'OMTPGCN1132568L', ip: '192.168.1.1', os.name: 'Windows 10', os.arch: 'amd64', os.version: '10.0', java.version: '1.8.0_181'
Driver info: driver.version: CChromeDriver
remote stacktrace: Backtrace:
	Ordinal0 [0x00A8C013+3194899]
	Ordinal0 [0x00976021+2056225]
	Ordinal0 [0x0080F4B0+586928]
	Ordinal0 [0x00805894+546964]
	Ordinal0 [0x00805F2C+548652]
	Ordinal0 [0x00807175+553333]
	Ordinal0 [0x0080241E+533534]
	Ordinal0 [0x00810620+591392]
	Ordinal0 [0x007B2A0C+207372]
	Ordinal0 [0x007B1D0D+204045]
	Ordinal0 [0x007AFC1B+195611]
	Ordinal0 [0x00793B7F+80767]
	Ordinal0 [0x00794B4E+84814]
	Ordinal0 [0x00794AD9+84697]
	Ordinal0 [0x0098CE64+2149988]
	GetHandleVerifier [0x00BFBE95+1400773]
	GetHandleVerifier [0x00BFBB61+1399953]
	GetHandleVerifier [0x00C031FA+1430314]
	GetHandleVerifier [0x00BFC69F+1402831]
	Ordinal0 [0x00983D61+2112865]
	Ordinal0 [0x0098E5CB+2155979]
	Ordinal0 [0x0098E6F5+2156277]
	Ordinal0 [0x0099F26E+2224750]
	BaseThreadInitThunk [0x77026359+25]
	RtlGetAppContainerNamedObjectPath [0x77BD8944+228]
	RtlGetAppContainerNamedObjectPath [0x77BD8914+180]

	at org.openqa.selenium.remote.W3CHandshakeResponse.lambda$errorHandler$0(W3CHandshakeResponse.java:62)
	at org.openqa.selenium.remote.HandshakeResponse.lambda$getResponseFunction$0(HandshakeResponse.java:30)
	at org.openqa.selenium.remote.ProtocolHandshake.lambda$createSession$0(ProtocolHandshake.java:126)
	at org.openqa.selenium.remote.ProtocolHandshake.createSession(ProtocolHandshake.java:128)
	at org.openqa.selenium.remote.ProtocolHandshake.createSession(ProtocolHandshake.java:74)
	at org.openqa.selenium.remote.HttpCommandExecutor.execute(HttpCommandExecutor.java:136)
	at org.openqa.selenium.remote.service.DriverCommandExecutor.execute(DriverCommandExecutor.java:83)
	at org.openqa.selenium.remote.RemoteWebDriver.execute(RemoteWebDriver.java:552)
	at com.kms.katalon.selenium.driver.CChromeDriver.execute(CChromeDriver.java:19)
	at org.openqa.selenium.remote.RemoteWebDriver.startSession(RemoteWebDriver.java:213)
	at org.openqa.selenium.remote.RemoteWebDriver.<init>(RemoteWebDriver.java:131)
	at org.openqa.selenium.chrome.ChromeDriver.<init>(ChromeDriver.java:181)
	at org.openqa.selenium.chrome.ChromeDriver.<init>(ChromeDriver.java:147)
	at com.kms.katalon.selenium.driver.CChromeDriver.<init>(CChromeDriver.java:13)
	at com.kms.katalon.core.webui.driver.DriverFactory.createNewChromeDriver(DriverFactory.java:400)
	at com.kms.katalon.core.webui.driver.DriverFactory.startNewBrowser(DriverFactory.java:358)
	at com.kms.katalon.core.webui.driver.DriverFactory.openWebDriver(DriverFactory.java:245)
	at com.kms.katalon.core.webui.keyword.builtin.OpenBrowserKeyword$_openBrowser_closure1.doCall(OpenBrowserKeyword.groovy:74)
	at com.kms.katalon.core.webui.keyword.builtin.OpenBrowserKeyword$_openBrowser_closure1.call(OpenBrowserKeyword.groovy)
	at com.kms.katalon.core.webui.keyword.internal.WebUIKeywordMain.runKeyword(WebUIKeywordMain.groovy:20)
	... 23 more]]></system-err>
      </testcase>
      <testcase name="Test Cases/UploadDiffFiles_RegisterUser/TC_As a register user, Upload Web page imagemap File and verify Uploded file in Submission Page" time="7.958" classname="Test Cases/UploadDiffFiles_RegisterUser/TC_As a register user, Upload Web page imagemap File and verify Uploded file in Submission Page" status="FAILED">
         <failure type="FAILED" message="Test Cases/UploadDiffFiles_RegisterUser/TC_As a register user, Upload Web page imagemap File and verify Uploded file in Submission Page FAILED.
Reason:
com.kms.katalon.core.exception.StepFailedException: Unable to maximize current window
	at com.kms.katalon.core.webui.keyword.internal.WebUIKeywordMain.stepFailed(WebUIKeywordMain.groovy:64)
	at com.kms.katalon.core.webui.keyword.internal.WebUIKeywordMain.runKeyword(WebUIKeywordMain.groovy:26)
	at com.kms.katalon.core.webui.keyword.builtin.MaximizeWindowKeyword.maximizeWindow(MaximizeWindowKeyword.groovy:74)
	at com.kms.katalon.core.webui.keyword.builtin.MaximizeWindowKeyword.execute(MaximizeWindowKeyword.groovy:69)
	at com.kms.katalon.core.keyword.internal.KeywordExecutor.executeKeywordForPlatform(KeywordExecutor.groovy:73)
	at com.kms.katalon.core.webui.keyword.WebUiBuiltInKeywords.maximizeWindow(WebUiBuiltInKeywords.groovy:280)
	at com.kms.katalon.core.webui.keyword.WebUiBuiltInKeywords$maximizeWindow$0.call(Unknown Source)
	at customKeywords.commanFunctions.openBrowser(commanFunctions.groovy:48)
	at customKeywords.commanFunctions.uploadFileOfRegisterUser(commanFunctions.groovy:747)
	at customKeywords.commanFunctions.invokeMethod(commanFunctions.groovy)
	at com.kms.katalon.core.main.CustomKeywordDelegatingMetaClass.invokeStaticMethod(CustomKeywordDelegatingMetaClass.java:50)
	at TC_As a register user, Upload Web page imagemap File and verify Uploded file in Submission Page.run(TC_As a register user, Upload Web page imagemap File and verify Uploded file in Submission Page:16)
	at com.kms.katalon.core.main.ScriptEngine.run(ScriptEngine.java:194)
	at com.kms.katalon.core.main.ScriptEngine.runScriptAsRawText(ScriptEngine.java:119)
	at com.kms.katalon.core.main.TestCaseExecutor.runScript(TestCaseExecutor.java:394)
	at com.kms.katalon.core.main.TestCaseExecutor.doExecute(TestCaseExecutor.java:385)
	at com.kms.katalon.core.main.TestCaseExecutor.processExecutionPhase(TestCaseExecutor.java:364)
	at com.kms.katalon.core.main.TestCaseExecutor.accessMainPhase(TestCaseExecutor.java:356)
	at com.kms.katalon.core.main.TestCaseExecutor.execute(TestCaseExecutor.java:251)
	at com.kms.katalon.core.main.TestSuiteExecutor.accessTestCaseMainPhase(TestSuiteExecutor.java:203)
	at com.kms.katalon.core.main.TestSuiteExecutor.accessTestSuiteMainPhase(TestSuiteExecutor.java:152)
	at com.kms.katalon.core.main.TestSuiteExecutor.execute(TestSuiteExecutor.java:95)
	at com.kms.katalon.core.main.TestCaseMain.startTestSuite(TestCaseMain.java:157)
	at com.kms.katalon.core.main.TestCaseMain$startTestSuite$0.call(Unknown Source)
	at TempTestSuite1613733199540.run(TempTestSuite1613733199540.groovy:39)
Caused by: org.openqa.selenium.NoSuchWindowException: no such window: target window already closed
from unknown error: web view not found
  (Session info: chrome=86.0.4240.75)
Build info: version: '3.141.59', revision: 'e82be7d358', time: '2018-11-14T08:25:53'
System info: host: 'OMTPGCN1132568L', ip: '192.168.1.1', os.name: 'Windows 10', os.arch: 'amd64', os.version: '10.0', java.version: '1.8.0_181'
Driver info: com.kms.katalon.selenium.driver.CChromeDriver
Capabilities {acceptInsecureCerts: false, browserName: chrome, browserVersion: 86.0.4240.75, chrome: {chromedriverVersion: 86.0.4240.22 (398b0743353ff..., userDataDir: C:\Users\ashok\AppData\Loca...}, goog:chromeOptions: {debuggerAddress: localhost:51122}, javascriptEnabled: true, networkConnectionEnabled: false, pageLoadStrategy: normal, platform: WINDOWS, platformName: WINDOWS, proxy: Proxy(), setWindowRect: true, strictFileInteractability: false, timeouts: {implicit: 0, pageLoad: 300000, script: 30000}, unhandledPromptBehavior: dismiss and notify, webauthn:virtualAuthenticators: true}
Session ID: c42d3b257b3076837bb8bdebed8ace0b
	at org.openqa.selenium.remote.http.W3CHttpResponseCodec.createException(W3CHttpResponseCodec.java:187)
	at org.openqa.selenium.remote.http.W3CHttpResponseCodec.decode(W3CHttpResponseCodec.java:122)
	at org.openqa.selenium.remote.http.W3CHttpResponseCodec.decode(W3CHttpResponseCodec.java:49)
	at org.openqa.selenium.remote.HttpCommandExecutor.execute(HttpCommandExecutor.java:158)
	at org.openqa.selenium.remote.service.DriverCommandExecutor.execute(DriverCommandExecutor.java:83)
	at org.openqa.selenium.remote.RemoteWebDriver.execute(RemoteWebDriver.java:552)
	at com.kms.katalon.selenium.driver.CChromeDriver.execute(CChromeDriver.java:19)
	at org.openqa.selenium.remote.RemoteWebDriver.execute(RemoteWebDriver.java:609)
	at org.openqa.selenium.remote.RemoteWebDriver$RemoteWebDriverOptions$RemoteWindow.maximize(RemoteWebDriver.java:837)
	at org.openqa.selenium.support.events.EventFiringWebDriver$EventFiringWindow.maximize(EventFiringWebDriver.java:769)
	at com.kms.katalon.core.webui.keyword.builtin.MaximizeWindowKeyword$_maximizeWindow_closure1.doCall(MaximizeWindowKeyword.groovy:85)
	at com.kms.katalon.core.webui.keyword.builtin.MaximizeWindowKeyword$_maximizeWindow_closure1.call(MaximizeWindowKeyword.groovy)
	at com.kms.katalon.core.webui.keyword.internal.WebUIKeywordMain.runKeyword(WebUIKeywordMain.groovy:20)
	... 23 more
"/>
         <system-out><![CDATA[2021-02-19 16:48:29 - [TEST_CASE][FAILED] - Test Cases/UploadDiffFiles_RegisterUser/TC_As a register user, Upload Web page imagemap File and verify Uploded file in Submission Page: Test Cases/UploadDiffFiles_RegisterUser/TC_As a register user, Upload Web page imagemap File and verify Uploded file in Submission Page FAILED.
Reason:
com.kms.katalon.core.exception.StepFailedException: Unable to maximize current window
	at com.kms.katalon.core.webui.keyword.internal.WebUIKeywordMain.stepFailed(WebUIKeywordMain.groovy:64)
	at com.kms.katalon.core.webui.keyword.internal.WebUIKeywordMain.runKeyword(WebUIKeywordMain.groovy:26)
	at com.kms.katalon.core.webui.keyword.builtin.MaximizeWindowKeyword.maximizeWindow(MaximizeWindowKeyword.groovy:74)
	at com.kms.katalon.core.webui.keyword.builtin.MaximizeWindowKeyword.execute(MaximizeWindowKeyword.groovy:69)
	at com.kms.katalon.core.keyword.internal.KeywordExecutor.executeKeywordForPlatform(KeywordExecutor.groovy:73)
	at com.kms.katalon.core.webui.keyword.WebUiBuiltInKeywords.maximizeWindow(WebUiBuiltInKeywords.groovy:280)
	at com.kms.katalon.core.webui.keyword.WebUiBuiltInKeywords$maximizeWindow$0.call(Unknown Source)
	at customKeywords.commanFunctions.openBrowser(commanFunctions.groovy:48)
	at customKeywords.commanFunctions.uploadFileOfRegisterUser(commanFunctions.groovy:747)
	at customKeywords.commanFunctions.invokeMethod(commanFunctions.groovy)
	at com.kms.katalon.core.main.CustomKeywordDelegatingMetaClass.invokeStaticMethod(CustomKeywordDelegatingMetaClass.java:50)
	at TC_As a register user, Upload Web page imagemap File and verify Uploded file in Submission Page.run(TC_As a register user, Upload Web page imagemap File and verify Uploded file in Submission Page:16)
	at com.kms.katalon.core.main.ScriptEngine.run(ScriptEngine.java:194)
	at com.kms.katalon.core.main.ScriptEngine.runScriptAsRawText(ScriptEngine.java:119)
	at com.kms.katalon.core.main.TestCaseExecutor.runScript(TestCaseExecutor.java:394)
	at com.kms.katalon.core.main.TestCaseExecutor.doExecute(TestCaseExecutor.java:385)
	at com.kms.katalon.core.main.TestCaseExecutor.processExecutionPhase(TestCaseExecutor.java:364)
	at com.kms.katalon.core.main.TestCaseExecutor.accessMainPhase(TestCaseExecutor.java:356)
	at com.kms.katalon.core.main.TestCaseExecutor.execute(TestCaseExecutor.java:251)
	at com.kms.katalon.core.main.TestSuiteExecutor.accessTestCaseMainPhase(TestSuiteExecutor.java:203)
	at com.kms.katalon.core.main.TestSuiteExecutor.accessTestSuiteMainPhase(TestSuiteExecutor.java:152)
	at com.kms.katalon.core.main.TestSuiteExecutor.execute(TestSuiteExecutor.java:95)
	at com.kms.katalon.core.main.TestCaseMain.startTestSuite(TestCaseMain.java:157)
	at com.kms.katalon.core.main.TestCaseMain$startTestSuite$0.call(Unknown Source)
	at TempTestSuite1613733199540.run(TempTestSuite1613733199540.groovy:39)
Caused by: org.openqa.selenium.NoSuchWindowException: no such window: target window already closed
from unknown error: web view not found
  (Session info: chrome=86.0.4240.75)
Build info: version: '3.141.59', revision: 'e82be7d358', time: '2018-11-14T08:25:53'
System info: host: 'OMTPGCN1132568L', ip: '192.168.1.1', os.name: 'Windows 10', os.arch: 'amd64', os.version: '10.0', java.version: '1.8.0_181'
Driver info: com.kms.katalon.selenium.driver.CChromeDriver
Capabilities {acceptInsecureCerts: false, browserName: chrome, browserVersion: 86.0.4240.75, chrome: {chromedriverVersion: 86.0.4240.22 (398b0743353ff..., userDataDir: C:\Users\ashok\AppData\Loca...}, goog:chromeOptions: {debuggerAddress: localhost:51122}, javascriptEnabled: true, networkConnectionEnabled: false, pageLoadStrategy: normal, platform: WINDOWS, platformName: WINDOWS, proxy: Proxy(), setWindowRect: true, strictFileInteractability: false, timeouts: {implicit: 0, pageLoad: 300000, script: 30000}, unhandledPromptBehavior: dismiss and notify, webauthn:virtualAuthenticators: true}
Session ID: c42d3b257b3076837bb8bdebed8ace0b
	at org.openqa.selenium.remote.http.W3CHttpResponseCodec.createException(W3CHttpResponseCodec.java:187)
	at org.openqa.selenium.remote.http.W3CHttpResponseCodec.decode(W3CHttpResponseCodec.java:122)
	at org.openqa.selenium.remote.http.W3CHttpResponseCodec.decode(W3CHttpResponseCodec.java:49)
	at org.openqa.selenium.remote.HttpCommandExecutor.execute(HttpCommandExecutor.java:158)
	at org.openqa.selenium.remote.service.DriverCommandExecutor.execute(DriverCommandExecutor.java:83)
	at org.openqa.selenium.remote.RemoteWebDriver.execute(RemoteWebDriver.java:552)
	at com.kms.katalon.selenium.driver.CChromeDriver.execute(CChromeDriver.java:19)
	at org.openqa.selenium.remote.RemoteWebDriver.execute(RemoteWebDriver.java:609)
	at org.openqa.selenium.remote.RemoteWebDriver$RemoteWebDriverOptions$RemoteWindow.maximize(RemoteWebDriver.java:837)
	at org.openqa.selenium.support.events.EventFiringWebDriver$EventFiringWindow.maximize(EventFiringWebDriver.java:769)
	at com.kms.katalon.core.webui.keyword.builtin.MaximizeWindowKeyword$_maximizeWindow_closure1.doCall(MaximizeWindowKeyword.groovy:85)
	at com.kms.katalon.core.webui.keyword.builtin.MaximizeWindowKeyword$_maximizeWindow_closure1.call(MaximizeWindowKeyword.groovy)
	at com.kms.katalon.core.webui.keyword.internal.WebUIKeywordMain.runKeyword(WebUIKeywordMain.groovy:20)
	... 23 more


2021-02-19 16:48:29 - [TEST_STEP][PASSED] - excelTestData = findTestData("Data Files/TestData/InspectTestData"): null

2021-02-19 16:48:29 - [TEST_STEP][PASSED] - rigisterUN = excelTestData.getValue(6, 23): null

2021-02-19 16:48:29 - [TEST_STEP][PASSED] - rigisterPW = excelTestData.getValue(3, 23): null

2021-02-19 16:48:29 - [TEST_STEP][FAILED] - customKeywords.commanFunctions.uploadFileOfRegisterUser(301, rigisterUN, rigisterPW): Unable to maximize current window

2021-02-19 16:48:29 - [MESSAGE][INFO] - Starting 'Chrome' driver

2021-02-19 16:48:29 - [MESSAGE][INFO] - Action delay is set to 0 milliseconds

2021-02-19 16:48:36 - [MESSAGE][PASSED] - Browser is opened with url: 'https://Inspect.Stage.site.sa'

2021-02-19 16:48:36 - [MESSAGE][WARNING] - Cannot take screenshot

2021-02-19 16:48:36 - [MESSAGE][FAILED] - Unable to maximize current window (Root cause: com.kms.katalon.core.exception.StepFailedException: Unable to maximize current window
	at com.kms.katalon.core.webui.keyword.internal.WebUIKeywordMain.stepFailed(WebUIKeywordMain.groovy:64)
	at com.kms.katalon.core.webui.keyword.internal.WebUIKeywordMain.runKeyword(WebUIKeywordMain.groovy:26)
	at com.kms.katalon.core.webui.keyword.builtin.MaximizeWindowKeyword.maximizeWindow(MaximizeWindowKeyword.groovy:74)
	at com.kms.katalon.core.webui.keyword.builtin.MaximizeWindowKeyword.execute(MaximizeWindowKeyword.groovy:69)
	at com.kms.katalon.core.keyword.internal.KeywordExecutor.executeKeywordForPlatform(KeywordExecutor.groovy:73)
	at com.kms.katalon.core.webui.keyword.WebUiBuiltInKeywords.maximizeWindow(WebUiBuiltInKeywords.groovy:280)
	at com.kms.katalon.core.webui.keyword.WebUiBuiltInKeywords$maximizeWindow$0.call(Unknown Source)
	at customKeywords.commanFunctions.openBrowser(commanFunctions.groovy:48)
	at customKeywords.commanFunctions.uploadFileOfRegisterUser(commanFunctions.groovy:747)
	at customKeywords.commanFunctions.invokeMethod(commanFunctions.groovy)
	at com.kms.katalon.core.main.CustomKeywordDelegatingMetaClass.invokeStaticMethod(CustomKeywordDelegatingMetaClass.java:50)
	at TC_As a register user, Upload Web page imagemap File and verify Uploded file in Submission Page.run(TC_As a register user, Upload Web page imagemap File and verify Uploded file in Submission Page:16)
	at com.kms.katalon.core.main.ScriptEngine.run(ScriptEngine.java:194)
	at com.kms.katalon.core.main.ScriptEngine.runScriptAsRawText(ScriptEngine.java:119)
	at com.kms.katalon.core.main.TestCaseExecutor.runScript(TestCaseExecutor.java:394)
	at com.kms.katalon.core.main.TestCaseExecutor.doExecute(TestCaseExecutor.java:385)
	at com.kms.katalon.core.main.TestCaseExecutor.processExecutionPhase(TestCaseExecutor.java:364)
	at com.kms.katalon.core.main.TestCaseExecutor.accessMainPhase(TestCaseExecutor.java:356)
	at com.kms.katalon.core.main.TestCaseExecutor.execute(TestCaseExecutor.java:251)
	at com.kms.katalon.core.main.TestSuiteExecutor.accessTestCaseMainPhase(TestSuiteExecutor.java:203)
	at com.kms.katalon.core.main.TestSuiteExecutor.accessTestSuiteMainPhase(TestSuiteExecutor.java:152)
	at com.kms.katalon.core.main.TestSuiteExecutor.execute(TestSuiteExecutor.java:95)
	at com.kms.katalon.core.main.TestCaseMain.startTestSuite(TestCaseMain.java:157)
	at com.kms.katalon.core.main.TestCaseMain$startTestSuite$0.call(Unknown Source)
	at TempTestSuite1613733199540.run(TempTestSuite1613733199540.groovy:39)
Caused by: org.openqa.selenium.NoSuchWindowException: no such window: target window already closed
from unknown error: web view not found
  (Session info: chrome=86.0.4240.75)
Build info: version: '3.141.59', revision: 'e82be7d358', time: '2018-11-14T08:25:53'
System info: host: 'OMTPGCN1132568L', ip: '192.168.1.1', os.name: 'Windows 10', os.arch: 'amd64', os.version: '10.0', java.version: '1.8.0_181'
Driver info: com.kms.katalon.selenium.driver.CChromeDriver
Capabilities {acceptInsecureCerts: false, browserName: chrome, browserVersion: 86.0.4240.75, chrome: {chromedriverVersion: 86.0.4240.22 (398b0743353ff..., userDataDir: C:\Users\ashok\AppData\Loca...}, goog:chromeOptions: {debuggerAddress: localhost:51122}, javascriptEnabled: true, networkConnectionEnabled: false, pageLoadStrategy: normal, platform: WINDOWS, platformName: WINDOWS, proxy: Proxy(), setWindowRect: true, strictFileInteractability: false, timeouts: {implicit: 0, pageLoad: 300000, script: 30000}, unhandledPromptBehavior: dismiss and notify, webauthn:virtualAuthenticators: true}
Session ID: c42d3b257b3076837bb8bdebed8ace0b
	at org.openqa.selenium.remote.http.W3CHttpResponseCodec.createException(W3CHttpResponseCodec.java:187)
	at org.openqa.selenium.remote.http.W3CHttpResponseCodec.decode(W3CHttpResponseCodec.java:122)
	at org.openqa.selenium.remote.http.W3CHttpResponseCodec.decode(W3CHttpResponseCodec.java:49)
	at org.openqa.selenium.remote.HttpCommandExecutor.execute(HttpCommandExecutor.java:158)
	at org.openqa.selenium.remote.service.DriverCommandExecutor.execute(DriverCommandExecutor.java:83)
	at org.openqa.selenium.remote.RemoteWebDriver.execute(RemoteWebDriver.java:552)
	at com.kms.katalon.selenium.driver.CChromeDriver.execute(CChromeDriver.java:19)
	at org.openqa.selenium.remote.RemoteWebDriver.execute(RemoteWebDriver.java:609)
	at org.openqa.selenium.remote.RemoteWebDriver$RemoteWebDriverOptions$RemoteWindow.maximize(RemoteWebDriver.java:837)
	at org.openqa.selenium.support.events.EventFiringWebDriver$EventFiringWindow.maximize(EventFiringWebDriver.java:769)
	at com.kms.katalon.core.webui.keyword.builtin.MaximizeWindowKeyword$_maximizeWindow_closure1.doCall(MaximizeWindowKeyword.groovy:85)
	at com.kms.katalon.core.webui.keyword.builtin.MaximizeWindowKeyword$_maximizeWindow_closure1.call(MaximizeWindowKeyword.groovy)
	at com.kms.katalon.core.webui.keyword.internal.WebUIKeywordMain.runKeyword(WebUIKeywordMain.groovy:20)
	at com.kms.katalon.core.webui.keyword.builtin.MaximizeWindowKeyword.maximizeWindow(MaximizeWindowKeyword.groovy:74)
	at com.kms.katalon.core.webui.keyword.builtin.MaximizeWindowKeyword.execute(MaximizeWindowKeyword.groovy:69)
	at com.kms.katalon.core.keyword.internal.KeywordExecutor.executeKeywordForPlatform(KeywordExecutor.groovy:73)
	at com.kms.katalon.core.webui.keyword.WebUiBuiltInKeywords.maximizeWindow(WebUiBuiltInKeywords.groovy:280)
	at com.kms.katalon.core.webui.keyword.WebUiBuiltInKeywords$maximizeWindow$0.call(Unknown Source)
	at customKeywords.commanFunctions.openBrowser(commanFunctions.groovy:48)
	at customKeywords.commanFunctions.uploadFileOfRegisterUser(commanFunctions.groovy:747)
	at customKeywords.commanFunctions.invokeMethod(commanFunctions.groovy)
	at com.kms.katalon.core.main.CustomKeywordDelegatingMetaClass.invokeStaticMethod(CustomKeywordDelegatingMetaClass.java:50)
	at Script1613375143804.run(Script1613375143804.groovy:16)
	... 13 more
)

2021-02-19 16:48:36 - [MESSAGE][FAILED] - Unable to maximize current window

2021-02-19 16:48:36 - [TEST_STEP][PASSED] - Start tear down : tearDownMethodIfFailed: Method 'tearDownMethodIfFailed' complete successfully

2021-02-19 16:48:36 - [TEST_STEP][PASSED] - customKeywords.commanFunctions.onlyCloseBrowser(): customKeywords.commanFunctions.onlyCloseBrowser is PASSED

2021-02-19 16:48:37 - [MESSAGE][PASSED] - Browser is closed

2021-02-19 16:48:37 - [MESSAGE][PASSED] - customKeywords.commanFunctions.onlyCloseBrowser is PASSED

2021-02-19 16:48:37 - [TEST_STEP][PASSED] - logInfo("[--------This is tearDownIfFailed method------]"): [--------This is tearDownIfFailed method------]

2021-02-19 16:48:37 - [MESSAGE][INFO] - [--------This is tearDownIfFailed method------]

2021-02-19 16:48:37 - [MESSAGE][PASSED] - Method 'tearDownMethodIfFailed' complete successfully]]></system-out>
         <system-err><![CDATA[2021-02-19 16:48:29 - [TEST_CASE][FAILED] - Test Cases/UploadDiffFiles_RegisterUser/TC_As a register user, Upload Web page imagemap File and verify Uploded file in Submission Page: Test Cases/UploadDiffFiles_RegisterUser/TC_As a register user, Upload Web page imagemap File and verify Uploded file in Submission Page FAILED.
Reason:
com.kms.katalon.core.exception.StepFailedException: Unable to maximize current window
	at com.kms.katalon.core.webui.keyword.internal.WebUIKeywordMain.stepFailed(WebUIKeywordMain.groovy:64)
	at com.kms.katalon.core.webui.keyword.internal.WebUIKeywordMain.runKeyword(WebUIKeywordMain.groovy:26)
	at com.kms.katalon.core.webui.keyword.builtin.MaximizeWindowKeyword.maximizeWindow(MaximizeWindowKeyword.groovy:74)
	at com.kms.katalon.core.webui.keyword.builtin.MaximizeWindowKeyword.execute(MaximizeWindowKeyword.groovy:69)
	at com.kms.katalon.core.keyword.internal.KeywordExecutor.executeKeywordForPlatform(KeywordExecutor.groovy:73)
	at com.kms.katalon.core.webui.keyword.WebUiBuiltInKeywords.maximizeWindow(WebUiBuiltInKeywords.groovy:280)
	at com.kms.katalon.core.webui.keyword.WebUiBuiltInKeywords$maximizeWindow$0.call(Unknown Source)
	at customKeywords.commanFunctions.openBrowser(commanFunctions.groovy:48)
	at customKeywords.commanFunctions.uploadFileOfRegisterUser(commanFunctions.groovy:747)
	at customKeywords.commanFunctions.invokeMethod(commanFunctions.groovy)
	at com.kms.katalon.core.main.CustomKeywordDelegatingMetaClass.invokeStaticMethod(CustomKeywordDelegatingMetaClass.java:50)
	at TC_As a register user, Upload Web page imagemap File and verify Uploded file in Submission Page.run(TC_As a register user, Upload Web page imagemap File and verify Uploded file in Submission Page:16)
	at com.kms.katalon.core.main.ScriptEngine.run(ScriptEngine.java:194)
	at com.kms.katalon.core.main.ScriptEngine.runScriptAsRawText(ScriptEngine.java:119)
	at com.kms.katalon.core.main.TestCaseExecutor.runScript(TestCaseExecutor.java:394)
	at com.kms.katalon.core.main.TestCaseExecutor.doExecute(TestCaseExecutor.java:385)
	at com.kms.katalon.core.main.TestCaseExecutor.processExecutionPhase(TestCaseExecutor.java:364)
	at com.kms.katalon.core.main.TestCaseExecutor.accessMainPhase(TestCaseExecutor.java:356)
	at com.kms.katalon.core.main.TestCaseExecutor.execute(TestCaseExecutor.java:251)
	at com.kms.katalon.core.main.TestSuiteExecutor.accessTestCaseMainPhase(TestSuiteExecutor.java:203)
	at com.kms.katalon.core.main.TestSuiteExecutor.accessTestSuiteMainPhase(TestSuiteExecutor.java:152)
	at com.kms.katalon.core.main.TestSuiteExecutor.execute(TestSuiteExecutor.java:95)
	at com.kms.katalon.core.main.TestCaseMain.startTestSuite(TestCaseMain.java:157)
	at com.kms.katalon.core.main.TestCaseMain$startTestSuite$0.call(Unknown Source)
	at TempTestSuite1613733199540.run(TempTestSuite1613733199540.groovy:39)
Caused by: org.openqa.selenium.NoSuchWindowException: no such window: target window already closed
from unknown error: web view not found
  (Session info: chrome=86.0.4240.75)
Build info: version: '3.141.59', revision: 'e82be7d358', time: '2018-11-14T08:25:53'
System info: host: 'OMTPGCN1132568L', ip: '192.168.1.1', os.name: 'Windows 10', os.arch: 'amd64', os.version: '10.0', java.version: '1.8.0_181'
Driver info: com.kms.katalon.selenium.driver.CChromeDriver
Capabilities {acceptInsecureCerts: false, browserName: chrome, browserVersion: 86.0.4240.75, chrome: {chromedriverVersion: 86.0.4240.22 (398b0743353ff..., userDataDir: C:\Users\ashok\AppData\Loca...}, goog:chromeOptions: {debuggerAddress: localhost:51122}, javascriptEnabled: true, networkConnectionEnabled: false, pageLoadStrategy: normal, platform: WINDOWS, platformName: WINDOWS, proxy: Proxy(), setWindowRect: true, strictFileInteractability: false, timeouts: {implicit: 0, pageLoad: 300000, script: 30000}, unhandledPromptBehavior: dismiss and notify, webauthn:virtualAuthenticators: true}
Session ID: c42d3b257b3076837bb8bdebed8ace0b
	at org.openqa.selenium.remote.http.W3CHttpResponseCodec.createException(W3CHttpResponseCodec.java:187)
	at org.openqa.selenium.remote.http.W3CHttpResponseCodec.decode(W3CHttpResponseCodec.java:122)
	at org.openqa.selenium.remote.http.W3CHttpResponseCodec.decode(W3CHttpResponseCodec.java:49)
	at org.openqa.selenium.remote.HttpCommandExecutor.execute(HttpCommandExecutor.java:158)
	at org.openqa.selenium.remote.service.DriverCommandExecutor.execute(DriverCommandExecutor.java:83)
	at org.openqa.selenium.remote.RemoteWebDriver.execute(RemoteWebDriver.java:552)
	at com.kms.katalon.selenium.driver.CChromeDriver.execute(CChromeDriver.java:19)
	at org.openqa.selenium.remote.RemoteWebDriver.execute(RemoteWebDriver.java:609)
	at org.openqa.selenium.remote.RemoteWebDriver$RemoteWebDriverOptions$RemoteWindow.maximize(RemoteWebDriver.java:837)
	at org.openqa.selenium.support.events.EventFiringWebDriver$EventFiringWindow.maximize(EventFiringWebDriver.java:769)
	at com.kms.katalon.core.webui.keyword.builtin.MaximizeWindowKeyword$_maximizeWindow_closure1.doCall(MaximizeWindowKeyword.groovy:85)
	at com.kms.katalon.core.webui.keyword.builtin.MaximizeWindowKeyword$_maximizeWindow_closure1.call(MaximizeWindowKeyword.groovy)
	at com.kms.katalon.core.webui.keyword.internal.WebUIKeywordMain.runKeyword(WebUIKeywordMain.groovy:20)
	... 23 more]]></system-err>
      </testcase>
      <testcase name="Test Cases/UploadDiffFiles_RegisterUser/TC_As a register user, Upload Windows BitMap File and verify Uploded file in Submission Page" time="54.936" classname="Test Cases/UploadDiffFiles_RegisterUser/TC_As a register user, Upload Windows BitMap File and verify Uploded file in Submission Page" status="FAILED">
         <failure type="FAILED" message="Test Cases/UploadDiffFiles_RegisterUser/TC_As a register user, Upload Windows BitMap File and verify Uploded file in Submission Page FAILED.
Reason:
com.kms.katalon.core.exception.StepFailedException: Unable to send keys 'Test@12345' to object 'Object Repository/LoginAndRigisterUser/Password_Input'
	at com.kms.katalon.core.webui.keyword.internal.WebUIKeywordMain.stepFailed(WebUIKeywordMain.groovy:64)
	at com.kms.katalon.core.webui.keyword.internal.WebUIKeywordMain.runKeyword(WebUIKeywordMain.groovy:26)
	at com.kms.katalon.core.webui.keyword.builtin.SendKeysKeyword.sendKeys(SendKeysKeyword.groovy:60)
	at com.kms.katalon.core.webui.keyword.builtin.SendKeysKeyword.execute(SendKeysKeyword.groovy:38)
	at com.kms.katalon.core.keyword.internal.KeywordExecutor.executeKeywordForPlatform(KeywordExecutor.groovy:73)
	at com.kms.katalon.core.webui.keyword.WebUiBuiltInKeywords.sendKeys(WebUiBuiltInKeywords.groovy:861)
	at com.kms.katalon.core.webui.keyword.WebUiBuiltInKeywords$sendKeys$4.call(Unknown Source)
	at customKeywords.commanFunctions.logIntoBrowserWithReqCredentials(commanFunctions.groovy:70)
	at customKeywords.commanFunctions.uploadFileOfRegisterUser(commanFunctions.groovy:753)
	at customKeywords.commanFunctions.invokeMethod(commanFunctions.groovy)
	at com.kms.katalon.core.main.CustomKeywordDelegatingMetaClass.invokeStaticMethod(CustomKeywordDelegatingMetaClass.java:50)
	at TC_As a register user, Upload Windows BitMap File and verify Uploded file in Submission Page.run(TC_As a register user, Upload Windows BitMap File and verify Uploded file in Submission Page:16)
	at com.kms.katalon.core.main.ScriptEngine.run(ScriptEngine.java:194)
	at com.kms.katalon.core.main.ScriptEngine.runScriptAsRawText(ScriptEngine.java:119)
	at com.kms.katalon.core.main.TestCaseExecutor.runScript(TestCaseExecutor.java:394)
	at com.kms.katalon.core.main.TestCaseExecutor.doExecute(TestCaseExecutor.java:385)
	at com.kms.katalon.core.main.TestCaseExecutor.processExecutionPhase(TestCaseExecutor.java:364)
	at com.kms.katalon.core.main.TestCaseExecutor.accessMainPhase(TestCaseExecutor.java:356)
	at com.kms.katalon.core.main.TestCaseExecutor.execute(TestCaseExecutor.java:251)
	at com.kms.katalon.core.main.TestSuiteExecutor.accessTestCaseMainPhase(TestSuiteExecutor.java:203)
	at com.kms.katalon.core.main.TestSuiteExecutor.accessTestSuiteMainPhase(TestSuiteExecutor.java:152)
	at com.kms.katalon.core.main.TestSuiteExecutor.execute(TestSuiteExecutor.java:95)
	at com.kms.katalon.core.main.TestCaseMain.startTestSuite(TestCaseMain.java:157)
	at com.kms.katalon.core.main.TestCaseMain$startTestSuite$0.call(Unknown Source)
	at TempTestSuite1613733199540.run(TempTestSuite1613733199540.groovy:39)
Caused by: org.openqa.selenium.WebDriverException: chrome not reachable
  (Session info: chrome=86.0.4240.75)
Build info: version: '3.141.59', revision: 'e82be7d358', time: '2018-11-14T08:25:53'
System info: host: 'OMTPGCN1132568L', ip: '192.168.1.1', os.name: 'Windows 10', os.arch: 'amd64', os.version: '10.0', java.version: '1.8.0_181'
Driver info: com.kms.katalon.selenium.driver.CChromeDriver
Capabilities {acceptInsecureCerts: false, browserName: chrome, browserVersion: 86.0.4240.75, chrome: {chromedriverVersion: 86.0.4240.22 (398b0743353ff..., userDataDir: C:\Users\ashok\AppData\Loca...}, goog:chromeOptions: {debuggerAddress: localhost:51140}, javascriptEnabled: true, networkConnectionEnabled: false, pageLoadStrategy: normal, platform: WINDOWS, platformName: WINDOWS, proxy: Proxy(), setWindowRect: true, strictFileInteractability: false, timeouts: {implicit: 0, pageLoad: 300000, script: 30000}, unhandledPromptBehavior: dismiss and notify, webauthn:virtualAuthenticators: true}
Session ID: 67513363e96869e340c462afad22cae5
*** Element info: {Using=xpath, value=//app-header/nz-layout[1]/nz-content[1]/app-login[1]/div[2]/div[1]/form[1]/nz-form-item[2]/nz-form-control[1]/div[1]/span[1]/nz-input-group[1]/input[1]}
	at org.openqa.selenium.remote.http.W3CHttpResponseCodec.createException(W3CHttpResponseCodec.java:187)
	at org.openqa.selenium.remote.http.W3CHttpResponseCodec.decode(W3CHttpResponseCodec.java:122)
	at org.openqa.selenium.remote.http.W3CHttpResponseCodec.decode(W3CHttpResponseCodec.java:49)
	at org.openqa.selenium.remote.HttpCommandExecutor.execute(HttpCommandExecutor.java:158)
	at org.openqa.selenium.remote.service.DriverCommandExecutor.execute(DriverCommandExecutor.java:83)
	at org.openqa.selenium.remote.RemoteWebDriver.execute(RemoteWebDriver.java:552)
	at com.kms.katalon.selenium.driver.CChromeDriver.execute(CChromeDriver.java:19)
	at org.openqa.selenium.remote.RemoteWebDriver.findElements(RemoteWebDriver.java:353)
	at org.openqa.selenium.remote.RemoteWebDriver.findElementsByXPath(RemoteWebDriver.java:432)
	at org.openqa.selenium.By$ByXPath.findElements(By.java:348)
	at org.openqa.selenium.remote.RemoteWebDriver.findElements(RemoteWebDriver.java:311)
	at org.openqa.selenium.support.events.EventFiringWebDriver.lambda$new$1(EventFiringWebDriver.java:105)
	at com.sun.proxy.$Proxy11.findElements(Unknown Source)
	at org.openqa.selenium.support.events.EventFiringWebDriver.findElements(EventFiringWebDriver.java:182)
	at com.kms.katalon.core.webui.common.WebUiCommonHelper.findElementByNormalMethods(WebUiCommonHelper.java:1014)
	at com.kms.katalon.core.webui.common.WebUiCommonHelper.findElementsBySelectedMethod(WebUiCommonHelper.java:903)
	at com.kms.katalon.core.webui.common.WebUiCommonHelper.findElementsBySelectedMethod(WebUiCommonHelper.java:892)
	at com.kms.katalon.core.webui.common.WebUiCommonHelper.findElementsBySelectedMethod(WebUiCommonHelper.java:887)
	at com.kms.katalon.core.webui.common.WebUiCommonHelper.findElementsByDefault(WebUiCommonHelper.java:883)
	at com.kms.katalon.core.webui.common.WebUiCommonHelper.findElementsWithSelfHealing(WebUiCommonHelper.java:733)
	at com.kms.katalon.core.webui.common.WebUiCommonHelper.findWebElements(WebUiCommonHelper.java:718)
	at com.kms.katalon.core.webui.common.WebUiCommonHelper.findWebElement(WebUiCommonHelper.java:1364)
	at com.kms.katalon.core.webui.keyword.internal.WebUIAbstractKeyword.findWebElement(WebUIAbstractKeyword.groovy:27)
	at com.kms.katalon.core.webui.keyword.internal.WebUIAbstractKeyword.findWebElement(WebUIAbstractKeyword.groovy:26)
	at com.kms.katalon.core.webui.keyword.builtin.SendKeysKeyword$_sendKeys_closure1.doCall(SendKeysKeyword.groovy:52)
	at com.kms.katalon.core.webui.keyword.builtin.SendKeysKeyword$_sendKeys_closure1.call(SendKeysKeyword.groovy)
	at com.kms.katalon.core.webui.keyword.internal.WebUIKeywordMain.runKeyword(WebUIKeywordMain.groovy:20)
	... 23 more
"/>
         <system-out><![CDATA[2021-02-19 16:48:37 - [TEST_CASE][FAILED] - Test Cases/UploadDiffFiles_RegisterUser/TC_As a register user, Upload Windows BitMap File and verify Uploded file in Submission Page: Test Cases/UploadDiffFiles_RegisterUser/TC_As a register user, Upload Windows BitMap File and verify Uploded file in Submission Page FAILED.
Reason:
com.kms.katalon.core.exception.StepFailedException: Unable to send keys 'Test@12345' to object 'Object Repository/LoginAndRigisterUser/Password_Input'
	at com.kms.katalon.core.webui.keyword.internal.WebUIKeywordMain.stepFailed(WebUIKeywordMain.groovy:64)
	at com.kms.katalon.core.webui.keyword.internal.WebUIKeywordMain.runKeyword(WebUIKeywordMain.groovy:26)
	at com.kms.katalon.core.webui.keyword.builtin.SendKeysKeyword.sendKeys(SendKeysKeyword.groovy:60)
	at com.kms.katalon.core.webui.keyword.builtin.SendKeysKeyword.execute(SendKeysKeyword.groovy:38)
	at com.kms.katalon.core.keyword.internal.KeywordExecutor.executeKeywordForPlatform(KeywordExecutor.groovy:73)
	at com.kms.katalon.core.webui.keyword.WebUiBuiltInKeywords.sendKeys(WebUiBuiltInKeywords.groovy:861)
	at com.kms.katalon.core.webui.keyword.WebUiBuiltInKeywords$sendKeys$4.call(Unknown Source)
	at customKeywords.commanFunctions.logIntoBrowserWithReqCredentials(commanFunctions.groovy:70)
	at customKeywords.commanFunctions.uploadFileOfRegisterUser(commanFunctions.groovy:753)
	at customKeywords.commanFunctions.invokeMethod(commanFunctions.groovy)
	at com.kms.katalon.core.main.CustomKeywordDelegatingMetaClass.invokeStaticMethod(CustomKeywordDelegatingMetaClass.java:50)
	at TC_As a register user, Upload Windows BitMap File and verify Uploded file in Submission Page.run(TC_As a register user, Upload Windows BitMap File and verify Uploded file in Submission Page:16)
	at com.kms.katalon.core.main.ScriptEngine.run(ScriptEngine.java:194)
	at com.kms.katalon.core.main.ScriptEngine.runScriptAsRawText(ScriptEngine.java:119)
	at com.kms.katalon.core.main.TestCaseExecutor.runScript(TestCaseExecutor.java:394)
	at com.kms.katalon.core.main.TestCaseExecutor.doExecute(TestCaseExecutor.java:385)
	at com.kms.katalon.core.main.TestCaseExecutor.processExecutionPhase(TestCaseExecutor.java:364)
	at com.kms.katalon.core.main.TestCaseExecutor.accessMainPhase(TestCaseExecutor.java:356)
	at com.kms.katalon.core.main.TestCaseExecutor.execute(TestCaseExecutor.java:251)
	at com.kms.katalon.core.main.TestSuiteExecutor.accessTestCaseMainPhase(TestSuiteExecutor.java:203)
	at com.kms.katalon.core.main.TestSuiteExecutor.accessTestSuiteMainPhase(TestSuiteExecutor.java:152)
	at com.kms.katalon.core.main.TestSuiteExecutor.execute(TestSuiteExecutor.java:95)
	at com.kms.katalon.core.main.TestCaseMain.startTestSuite(TestCaseMain.java:157)
	at com.kms.katalon.core.main.TestCaseMain$startTestSuite$0.call(Unknown Source)
	at TempTestSuite1613733199540.run(TempTestSuite1613733199540.groovy:39)
Caused by: org.openqa.selenium.WebDriverException: chrome not reachable
  (Session info: chrome=86.0.4240.75)
Build info: version: '3.141.59', revision: 'e82be7d358', time: '2018-11-14T08:25:53'
System info: host: 'OMTPGCN1132568L', ip: '192.168.1.1', os.name: 'Windows 10', os.arch: 'amd64', os.version: '10.0', java.version: '1.8.0_181'
Driver info: com.kms.katalon.selenium.driver.CChromeDriver
Capabilities {acceptInsecureCerts: false, browserName: chrome, browserVersion: 86.0.4240.75, chrome: {chromedriverVersion: 86.0.4240.22 (398b0743353ff..., userDataDir: C:\Users\ashok\AppData\Loca...}, goog:chromeOptions: {debuggerAddress: localhost:51140}, javascriptEnabled: true, networkConnectionEnabled: false, pageLoadStrategy: normal, platform: WINDOWS, platformName: WINDOWS, proxy: Proxy(), setWindowRect: true, strictFileInteractability: false, timeouts: {implicit: 0, pageLoad: 300000, script: 30000}, unhandledPromptBehavior: dismiss and notify, webauthn:virtualAuthenticators: true}
Session ID: 67513363e96869e340c462afad22cae5
*** Element info: {Using=xpath, value=//app-header/nz-layout[1]/nz-content[1]/app-login[1]/div[2]/div[1]/form[1]/nz-form-item[2]/nz-form-control[1]/div[1]/span[1]/nz-input-group[1]/input[1]}
	at org.openqa.selenium.remote.http.W3CHttpResponseCodec.createException(W3CHttpResponseCodec.java:187)
	at org.openqa.selenium.remote.http.W3CHttpResponseCodec.decode(W3CHttpResponseCodec.java:122)
	at org.openqa.selenium.remote.http.W3CHttpResponseCodec.decode(W3CHttpResponseCodec.java:49)
	at org.openqa.selenium.remote.HttpCommandExecutor.execute(HttpCommandExecutor.java:158)
	at org.openqa.selenium.remote.service.DriverCommandExecutor.execute(DriverCommandExecutor.java:83)
	at org.openqa.selenium.remote.RemoteWebDriver.execute(RemoteWebDriver.java:552)
	at com.kms.katalon.selenium.driver.CChromeDriver.execute(CChromeDriver.java:19)
	at org.openqa.selenium.remote.RemoteWebDriver.findElements(RemoteWebDriver.java:353)
	at org.openqa.selenium.remote.RemoteWebDriver.findElementsByXPath(RemoteWebDriver.java:432)
	at org.openqa.selenium.By$ByXPath.findElements(By.java:348)
	at org.openqa.selenium.remote.RemoteWebDriver.findElements(RemoteWebDriver.java:311)
	at org.openqa.selenium.support.events.EventFiringWebDriver.lambda$new$1(EventFiringWebDriver.java:105)
	at com.sun.proxy.$Proxy11.findElements(Unknown Source)
	at org.openqa.selenium.support.events.EventFiringWebDriver.findElements(EventFiringWebDriver.java:182)
	at com.kms.katalon.core.webui.common.WebUiCommonHelper.findElementByNormalMethods(WebUiCommonHelper.java:1014)
	at com.kms.katalon.core.webui.common.WebUiCommonHelper.findElementsBySelectedMethod(WebUiCommonHelper.java:903)
	at com.kms.katalon.core.webui.common.WebUiCommonHelper.findElementsBySelectedMethod(WebUiCommonHelper.java:892)
	at com.kms.katalon.core.webui.common.WebUiCommonHelper.findElementsBySelectedMethod(WebUiCommonHelper.java:887)
	at com.kms.katalon.core.webui.common.WebUiCommonHelper.findElementsByDefault(WebUiCommonHelper.java:883)
	at com.kms.katalon.core.webui.common.WebUiCommonHelper.findElementsWithSelfHealing(WebUiCommonHelper.java:733)
	at com.kms.katalon.core.webui.common.WebUiCommonHelper.findWebElements(WebUiCommonHelper.java:718)
	at com.kms.katalon.core.webui.common.WebUiCommonHelper.findWebElement(WebUiCommonHelper.java:1364)
	at com.kms.katalon.core.webui.keyword.internal.WebUIAbstractKeyword.findWebElement(WebUIAbstractKeyword.groovy:27)
	at com.kms.katalon.core.webui.keyword.internal.WebUIAbstractKeyword.findWebElement(WebUIAbstractKeyword.groovy:26)
	at com.kms.katalon.core.webui.keyword.builtin.SendKeysKeyword$_sendKeys_closure1.doCall(SendKeysKeyword.groovy:52)
	at com.kms.katalon.core.webui.keyword.builtin.SendKeysKeyword$_sendKeys_closure1.call(SendKeysKeyword.groovy)
	at com.kms.katalon.core.webui.keyword.internal.WebUIKeywordMain.runKeyword(WebUIKeywordMain.groovy:20)
	... 23 more


2021-02-19 16:48:37 - [TEST_STEP][PASSED] - excelTestData = findTestData("Data Files/TestData/InspectTestData"): null

2021-02-19 16:48:37 - [TEST_STEP][PASSED] - rigisterUN = excelTestData.getValue(2, 23): null

2021-02-19 16:48:37 - [TEST_STEP][PASSED] - rigisterPW = excelTestData.getValue(3, 23): null

2021-02-19 16:48:37 - [TEST_STEP][FAILED] - customKeywords.commanFunctions.uploadFileOfRegisterUser(272, rigisterUN, rigisterPW): Unable to send keys 'Test@12345' to object 'Object Repository/LoginAndRigisterUser/Password_Input'

2021-02-19 16:48:37 - [MESSAGE][INFO] - Starting 'Chrome' driver

2021-02-19 16:48:37 - [MESSAGE][INFO] - Action delay is set to 0 milliseconds

2021-02-19 16:48:47 - [MESSAGE][PASSED] - Browser is opened with url: 'https://Inspect.Stage.site.sa'

2021-02-19 16:48:49 - [MESSAGE][PASSED] - Current window maximized

2021-02-19 16:48:49 - [MESSAGE][PASSED] - Wait for page load successfully

2021-02-19 16:48:50 - [MESSAGE][PASSED] - Object 'Object Repository/LoginAndRigisterUser/LoginLink' is clickable

2021-02-19 16:48:50 - [MESSAGE][INFO] - Clicked on element with JS

2021-02-19 16:48:51 - [MESSAGE][PASSED] - Keys 'Os-ARahman@projects.site.sa' sent to object: 'Object Repository/LoginAndRigisterUser/UserName_Email_Input'

2021-02-19 16:49:19 - [MESSAGE][WARNING] - [SELF-HEALING] Failed to find element with id 'Object Repository/LoginAndRigisterUser/Password_Input'. Try using Self-healing.

2021-02-19 16:49:19 - [MESSAGE][ERROR] - [SELF-HEALING] java.lang.IllegalStateException: Expected BEGIN_OBJECT but was STRING at line 1 column 1 path $

2021-02-19 16:49:19 - [MESSAGE][WARNING] - [SELF-HEALING] Cannot find elements when the XPath is null.

2021-02-19 16:49:19 - [MESSAGE][WARNING] - [SELF-HEALING] Cannot find elements when the selector is null

2021-02-19 16:49:31 - [MESSAGE][WARNING] - Cannot take screenshot

2021-02-19 16:49:31 - [MESSAGE][FAILED] - Unable to send keys 'Test@12345' to object 'Object Repository/LoginAndRigisterUser/Password_Input' (Root cause: com.kms.katalon.core.exception.StepFailedException: Unable to send keys 'Test@12345' to object 'Object Repository/LoginAndRigisterUser/Password_Input'
	at com.kms.katalon.core.webui.keyword.internal.WebUIKeywordMain.stepFailed(WebUIKeywordMain.groovy:64)
	at com.kms.katalon.core.webui.keyword.internal.WebUIKeywordMain.runKeyword(WebUIKeywordMain.groovy:26)
	at com.kms.katalon.core.webui.keyword.builtin.SendKeysKeyword.sendKeys(SendKeysKeyword.groovy:60)
	at com.kms.katalon.core.webui.keyword.builtin.SendKeysKeyword.execute(SendKeysKeyword.groovy:38)
	at com.kms.katalon.core.keyword.internal.KeywordExecutor.executeKeywordForPlatform(KeywordExecutor.groovy:73)
	at com.kms.katalon.core.webui.keyword.WebUiBuiltInKeywords.sendKeys(WebUiBuiltInKeywords.groovy:861)
	at com.kms.katalon.core.webui.keyword.WebUiBuiltInKeywords$sendKeys$4.call(Unknown Source)
	at customKeywords.commanFunctions.logIntoBrowserWithReqCredentials(commanFunctions.groovy:70)
	at customKeywords.commanFunctions.uploadFileOfRegisterUser(commanFunctions.groovy:753)
	at customKeywords.commanFunctions.invokeMethod(commanFunctions.groovy)
	at com.kms.katalon.core.main.CustomKeywordDelegatingMetaClass.invokeStaticMethod(CustomKeywordDelegatingMetaClass.java:50)
	at TC_As a register user, Upload Windows BitMap File and verify Uploded file in Submission Page.run(TC_As a register user, Upload Windows BitMap File and verify Uploded file in Submission Page:16)
	at com.kms.katalon.core.main.ScriptEngine.run(ScriptEngine.java:194)
	at com.kms.katalon.core.main.ScriptEngine.runScriptAsRawText(ScriptEngine.java:119)
	at com.kms.katalon.core.main.TestCaseExecutor.runScript(TestCaseExecutor.java:394)
	at com.kms.katalon.core.main.TestCaseExecutor.doExecute(TestCaseExecutor.java:385)
	at com.kms.katalon.core.main.TestCaseExecutor.processExecutionPhase(TestCaseExecutor.java:364)
	at com.kms.katalon.core.main.TestCaseExecutor.accessMainPhase(TestCaseExecutor.java:356)
	at com.kms.katalon.core.main.TestCaseExecutor.execute(TestCaseExecutor.java:251)
	at com.kms.katalon.core.main.TestSuiteExecutor.accessTestCaseMainPhase(TestSuiteExecutor.java:203)
	at com.kms.katalon.core.main.TestSuiteExecutor.accessTestSuiteMainPhase(TestSuiteExecutor.java:152)
	at com.kms.katalon.core.main.TestSuiteExecutor.execute(TestSuiteExecutor.java:95)
	at com.kms.katalon.core.main.TestCaseMain.startTestSuite(TestCaseMain.java:157)
	at com.kms.katalon.core.main.TestCaseMain$startTestSuite$0.call(Unknown Source)
	at TempTestSuite1613733199540.run(TempTestSuite1613733199540.groovy:39)
Caused by: org.openqa.selenium.WebDriverException: chrome not reachable
  (Session info: chrome=86.0.4240.75)
Build info: version: '3.141.59', revision: 'e82be7d358', time: '2018-11-14T08:25:53'
System info: host: 'OMTPGCN1132568L', ip: '192.168.1.1', os.name: 'Windows 10', os.arch: 'amd64', os.version: '10.0', java.version: '1.8.0_181'
Driver info: com.kms.katalon.selenium.driver.CChromeDriver
Capabilities {acceptInsecureCerts: false, browserName: chrome, browserVersion: 86.0.4240.75, chrome: {chromedriverVersion: 86.0.4240.22 (398b0743353ff..., userDataDir: C:\Users\ashok\AppData\Loca...}, goog:chromeOptions: {debuggerAddress: localhost:51140}, javascriptEnabled: true, networkConnectionEnabled: false, pageLoadStrategy: normal, platform: WINDOWS, platformName: WINDOWS, proxy: Proxy(), setWindowRect: true, strictFileInteractability: false, timeouts: {implicit: 0, pageLoad: 300000, script: 30000}, unhandledPromptBehavior: dismiss and notify, webauthn:virtualAuthenticators: true}
Session ID: 67513363e96869e340c462afad22cae5
*** Element info: {Using=xpath, value=//app-header/nz-layout[1]/nz-content[1]/app-login[1]/div[2]/div[1]/form[1]/nz-form-item[2]/nz-form-control[1]/div[1]/span[1]/nz-input-group[1]/input[1]}
	at org.openqa.selenium.remote.http.W3CHttpResponseCodec.createException(W3CHttpResponseCodec.java:187)
	at org.openqa.selenium.remote.http.W3CHttpResponseCodec.decode(W3CHttpResponseCodec.java:122)
	at org.openqa.selenium.remote.http.W3CHttpResponseCodec.decode(W3CHttpResponseCodec.java:49)
	at org.openqa.selenium.remote.HttpCommandExecutor.execute(HttpCommandExecutor.java:158)
	at org.openqa.selenium.remote.service.DriverCommandExecutor.execute(DriverCommandExecutor.java:83)
	at org.openqa.selenium.remote.RemoteWebDriver.execute(RemoteWebDriver.java:552)
	at com.kms.katalon.selenium.driver.CChromeDriver.execute(CChromeDriver.java:19)
	at org.openqa.selenium.remote.RemoteWebDriver.findElements(RemoteWebDriver.java:353)
	at org.openqa.selenium.remote.RemoteWebDriver.findElementsByXPath(RemoteWebDriver.java:432)
	at org.openqa.selenium.By$ByXPath.findElements(By.java:348)
	at org.openqa.selenium.remote.RemoteWebDriver.findElements(RemoteWebDriver.java:311)
	at org.openqa.selenium.support.events.EventFiringWebDriver.lambda$new$1(EventFiringWebDriver.java:105)
	at com.sun.proxy.$Proxy11.findElements(Unknown Source)
	at org.openqa.selenium.support.events.EventFiringWebDriver.findElements(EventFiringWebDriver.java:182)
	at com.kms.katalon.core.webui.common.WebUiCommonHelper.findElementByNormalMethods(WebUiCommonHelper.java:1014)
	at com.kms.katalon.core.webui.common.WebUiCommonHelper.findElementsBySelectedMethod(WebUiCommonHelper.java:903)
	at com.kms.katalon.core.webui.common.WebUiCommonHelper.findElementsBySelectedMethod(WebUiCommonHelper.java:892)
	at com.kms.katalon.core.webui.common.WebUiCommonHelper.findElementsBySelectedMethod(WebUiCommonHelper.java:887)
	at com.kms.katalon.core.webui.common.WebUiCommonHelper.findElementsByDefault(WebUiCommonHelper.java:883)
	at com.kms.katalon.core.webui.common.WebUiCommonHelper.findElementsWithSelfHealing(WebUiCommonHelper.java:733)
	at com.kms.katalon.core.webui.common.WebUiCommonHelper.findWebElements(WebUiCommonHelper.java:718)
	at com.kms.katalon.core.webui.common.WebUiCommonHelper.findWebElement(WebUiCommonHelper.java:1364)
	at com.kms.katalon.core.webui.keyword.internal.WebUIAbstractKeyword.findWebElement(WebUIAbstractKeyword.groovy:27)
	at com.kms.katalon.core.webui.keyword.internal.WebUIAbstractKeyword.findWebElement(WebUIAbstractKeyword.groovy:26)
	at com.kms.katalon.core.webui.keyword.builtin.SendKeysKeyword$_sendKeys_closure1.doCall(SendKeysKeyword.groovy:52)
	at com.kms.katalon.core.webui.keyword.builtin.SendKeysKeyword$_sendKeys_closure1.call(SendKeysKeyword.groovy)
	at com.kms.katalon.core.webui.keyword.internal.WebUIKeywordMain.runKeyword(WebUIKeywordMain.groovy:20)
	at com.kms.katalon.core.webui.keyword.builtin.SendKeysKeyword.sendKeys(SendKeysKeyword.groovy:60)
	at com.kms.katalon.core.webui.keyword.builtin.SendKeysKeyword.execute(SendKeysKeyword.groovy:38)
	at com.kms.katalon.core.keyword.internal.KeywordExecutor.executeKeywordForPlatform(KeywordExecutor.groovy:73)
	at com.kms.katalon.core.webui.keyword.WebUiBuiltInKeywords.sendKeys(WebUiBuiltInKeywords.groovy:861)
	at com.kms.katalon.core.webui.keyword.WebUiBuiltInKeywords$sendKeys$4.call(Unknown Source)
	at customKeywords.commanFunctions.logIntoBrowserWithReqCredentials(commanFunctions.groovy:70)
	at customKeywords.commanFunctions.uploadFileOfRegisterUser(commanFunctions.groovy:753)
	at customKeywords.commanFunctions.invokeMethod(commanFunctions.groovy)
	at com.kms.katalon.core.main.CustomKeywordDelegatingMetaClass.invokeStaticMethod(CustomKeywordDelegatingMetaClass.java:50)
	at Script1613387781163.run(Script1613387781163.groovy:16)
	... 13 more
)

2021-02-19 16:49:31 - [MESSAGE][FAILED] - Unable to send keys 'Test@12345' to object 'Object Repository/LoginAndRigisterUser/Password_Input'

2021-02-19 16:49:31 - [TEST_STEP][PASSED] - Start tear down : tearDownMethodIfFailed: Method 'tearDownMethodIfFailed' complete successfully

2021-02-19 16:49:31 - [TEST_STEP][PASSED] - customKeywords.commanFunctions.onlyCloseBrowser(): customKeywords.commanFunctions.onlyCloseBrowser is PASSED

2021-02-19 16:49:32 - [MESSAGE][PASSED] - Browser is closed

2021-02-19 16:49:32 - [MESSAGE][PASSED] - customKeywords.commanFunctions.onlyCloseBrowser is PASSED

2021-02-19 16:49:32 - [TEST_STEP][PASSED] - logInfo("[--------This is tearDownIfFailed method------]"): [--------This is tearDownIfFailed method------]

2021-02-19 16:49:32 - [MESSAGE][INFO] - [--------This is tearDownIfFailed method------]

2021-02-19 16:49:32 - [MESSAGE][PASSED] - Method 'tearDownMethodIfFailed' complete successfully]]></system-out>
         <system-err><![CDATA[2021-02-19 16:48:37 - [TEST_CASE][FAILED] - Test Cases/UploadDiffFiles_RegisterUser/TC_As a register user, Upload Windows BitMap File and verify Uploded file in Submission Page: Test Cases/UploadDiffFiles_RegisterUser/TC_As a register user, Upload Windows BitMap File and verify Uploded file in Submission Page FAILED.
Reason:
com.kms.katalon.core.exception.StepFailedException: Unable to send keys 'Test@12345' to object 'Object Repository/LoginAndRigisterUser/Password_Input'
	at com.kms.katalon.core.webui.keyword.internal.WebUIKeywordMain.stepFailed(WebUIKeywordMain.groovy:64)
	at com.kms.katalon.core.webui.keyword.internal.WebUIKeywordMain.runKeyword(WebUIKeywordMain.groovy:26)
	at com.kms.katalon.core.webui.keyword.builtin.SendKeysKeyword.sendKeys(SendKeysKeyword.groovy:60)
	at com.kms.katalon.core.webui.keyword.builtin.SendKeysKeyword.execute(SendKeysKeyword.groovy:38)
	at com.kms.katalon.core.keyword.internal.KeywordExecutor.executeKeywordForPlatform(KeywordExecutor.groovy:73)
	at com.kms.katalon.core.webui.keyword.WebUiBuiltInKeywords.sendKeys(WebUiBuiltInKeywords.groovy:861)
	at com.kms.katalon.core.webui.keyword.WebUiBuiltInKeywords$sendKeys$4.call(Unknown Source)
	at customKeywords.commanFunctions.logIntoBrowserWithReqCredentials(commanFunctions.groovy:70)
	at customKeywords.commanFunctions.uploadFileOfRegisterUser(commanFunctions.groovy:753)
	at customKeywords.commanFunctions.invokeMethod(commanFunctions.groovy)
	at com.kms.katalon.core.main.CustomKeywordDelegatingMetaClass.invokeStaticMethod(CustomKeywordDelegatingMetaClass.java:50)
	at TC_As a register user, Upload Windows BitMap File and verify Uploded file in Submission Page.run(TC_As a register user, Upload Windows BitMap File and verify Uploded file in Submission Page:16)
	at com.kms.katalon.core.main.ScriptEngine.run(ScriptEngine.java:194)
	at com.kms.katalon.core.main.ScriptEngine.runScriptAsRawText(ScriptEngine.java:119)
	at com.kms.katalon.core.main.TestCaseExecutor.runScript(TestCaseExecutor.java:394)
	at com.kms.katalon.core.main.TestCaseExecutor.doExecute(TestCaseExecutor.java:385)
	at com.kms.katalon.core.main.TestCaseExecutor.processExecutionPhase(TestCaseExecutor.java:364)
	at com.kms.katalon.core.main.TestCaseExecutor.accessMainPhase(TestCaseExecutor.java:356)
	at com.kms.katalon.core.main.TestCaseExecutor.execute(TestCaseExecutor.java:251)
	at com.kms.katalon.core.main.TestSuiteExecutor.accessTestCaseMainPhase(TestSuiteExecutor.java:203)
	at com.kms.katalon.core.main.TestSuiteExecutor.accessTestSuiteMainPhase(TestSuiteExecutor.java:152)
	at com.kms.katalon.core.main.TestSuiteExecutor.execute(TestSuiteExecutor.java:95)
	at com.kms.katalon.core.main.TestCaseMain.startTestSuite(TestCaseMain.java:157)
	at com.kms.katalon.core.main.TestCaseMain$startTestSuite$0.call(Unknown Source)
	at TempTestSuite1613733199540.run(TempTestSuite1613733199540.groovy:39)
Caused by: org.openqa.selenium.WebDriverException: chrome not reachable
  (Session info: chrome=86.0.4240.75)
Build info: version: '3.141.59', revision: 'e82be7d358', time: '2018-11-14T08:25:53'
System info: host: 'OMTPGCN1132568L', ip: '192.168.1.1', os.name: 'Windows 10', os.arch: 'amd64', os.version: '10.0', java.version: '1.8.0_181'
Driver info: com.kms.katalon.selenium.driver.CChromeDriver
Capabilities {acceptInsecureCerts: false, browserName: chrome, browserVersion: 86.0.4240.75, chrome: {chromedriverVersion: 86.0.4240.22 (398b0743353ff..., userDataDir: C:\Users\ashok\AppData\Loca...}, goog:chromeOptions: {debuggerAddress: localhost:51140}, javascriptEnabled: true, networkConnectionEnabled: false, pageLoadStrategy: normal, platform: WINDOWS, platformName: WINDOWS, proxy: Proxy(), setWindowRect: true, strictFileInteractability: false, timeouts: {implicit: 0, pageLoad: 300000, script: 30000}, unhandledPromptBehavior: dismiss and notify, webauthn:virtualAuthenticators: true}
Session ID: 67513363e96869e340c462afad22cae5
*** Element info: {Using=xpath, value=//app-header/nz-layout[1]/nz-content[1]/app-login[1]/div[2]/div[1]/form[1]/nz-form-item[2]/nz-form-control[1]/div[1]/span[1]/nz-input-group[1]/input[1]}
	at org.openqa.selenium.remote.http.W3CHttpResponseCodec.createException(W3CHttpResponseCodec.java:187)
	at org.openqa.selenium.remote.http.W3CHttpResponseCodec.decode(W3CHttpResponseCodec.java:122)
	at org.openqa.selenium.remote.http.W3CHttpResponseCodec.decode(W3CHttpResponseCodec.java:49)
	at org.openqa.selenium.remote.HttpCommandExecutor.execute(HttpCommandExecutor.java:158)
	at org.openqa.selenium.remote.service.DriverCommandExecutor.execute(DriverCommandExecutor.java:83)
	at org.openqa.selenium.remote.RemoteWebDriver.execute(RemoteWebDriver.java:552)
	at com.kms.katalon.selenium.driver.CChromeDriver.execute(CChromeDriver.java:19)
	at org.openqa.selenium.remote.RemoteWebDriver.findElements(RemoteWebDriver.java:353)
	at org.openqa.selenium.remote.RemoteWebDriver.findElementsByXPath(RemoteWebDriver.java:432)
	at org.openqa.selenium.By$ByXPath.findElements(By.java:348)
	at org.openqa.selenium.remote.RemoteWebDriver.findElements(RemoteWebDriver.java:311)
	at org.openqa.selenium.support.events.EventFiringWebDriver.lambda$new$1(EventFiringWebDriver.java:105)
	at com.sun.proxy.$Proxy11.findElements(Unknown Source)
	at org.openqa.selenium.support.events.EventFiringWebDriver.findElements(EventFiringWebDriver.java:182)
	at com.kms.katalon.core.webui.common.WebUiCommonHelper.findElementByNormalMethods(WebUiCommonHelper.java:1014)
	at com.kms.katalon.core.webui.common.WebUiCommonHelper.findElementsBySelectedMethod(WebUiCommonHelper.java:903)
	at com.kms.katalon.core.webui.common.WebUiCommonHelper.findElementsBySelectedMethod(WebUiCommonHelper.java:892)
	at com.kms.katalon.core.webui.common.WebUiCommonHelper.findElementsBySelectedMethod(WebUiCommonHelper.java:887)
	at com.kms.katalon.core.webui.common.WebUiCommonHelper.findElementsByDefault(WebUiCommonHelper.java:883)
	at com.kms.katalon.core.webui.common.WebUiCommonHelper.findElementsWithSelfHealing(WebUiCommonHelper.java:733)
	at com.kms.katalon.core.webui.common.WebUiCommonHelper.findWebElements(WebUiCommonHelper.java:718)
	at com.kms.katalon.core.webui.common.WebUiCommonHelper.findWebElement(WebUiCommonHelper.java:1364)
	at com.kms.katalon.core.webui.keyword.internal.WebUIAbstractKeyword.findWebElement(WebUIAbstractKeyword.groovy:27)
	at com.kms.katalon.core.webui.keyword.internal.WebUIAbstractKeyword.findWebElement(WebUIAbstractKeyword.groovy:26)
	at com.kms.katalon.core.webui.keyword.builtin.SendKeysKeyword$_sendKeys_closure1.doCall(SendKeysKeyword.groovy:52)
	at com.kms.katalon.core.webui.keyword.builtin.SendKeysKeyword$_sendKeys_closure1.call(SendKeysKeyword.groovy)
	at com.kms.katalon.core.webui.keyword.internal.WebUIKeywordMain.runKeyword(WebUIKeywordMain.groovy:20)
	... 23 more]]></system-err>
      </testcase>
      <testcase name="Test Cases/UploadDiffFiles_RegisterUser/TC_As a register user, Upload Windows sound File and verify Uploded file in Submission Page" time="38.34" classname="Test Cases/UploadDiffFiles_RegisterUser/TC_As a register user, Upload Windows sound File and verify Uploded file in Submission Page" status="PASSED">
         <system-out><![CDATA[2021-02-19 16:49:32 - [TEST_CASE][PASSED] - Test Cases/UploadDiffFiles_RegisterUser/TC_As a register user, Upload Windows sound File and verify Uploded file in Submission Page: Test Cases/UploadDiffFiles_RegisterUser/TC_As a register user, Upload Windows sound File and verify Uploded file in Submission Page

2021-02-19 16:49:32 - [TEST_STEP][PASSED] - excelTestData = findTestData("Data Files/TestData/InspectTestData"): null

2021-02-19 16:49:32 - [TEST_STEP][PASSED] - rigisterUN = excelTestData.getValue(6, 23): null

2021-02-19 16:49:32 - [TEST_STEP][PASSED] - rigisterPW = excelTestData.getValue(3, 23): null

2021-02-19 16:49:32 - [TEST_STEP][PASSED] - customKeywords.commanFunctions.uploadFileOfRegisterUser(321, rigisterUN, rigisterPW): customKeywords.commanFunctions.uploadFileOfRegisterUser is PASSED

2021-02-19 16:49:32 - [MESSAGE][INFO] - Starting 'Chrome' driver

2021-02-19 16:49:32 - [MESSAGE][INFO] - Action delay is set to 0 milliseconds

2021-02-19 16:49:42 - [MESSAGE][PASSED] - Browser is opened with url: 'https://Inspect.Stage.site.sa'

2021-02-19 16:49:44 - [MESSAGE][PASSED] - Current window maximized

2021-02-19 16:49:44 - [MESSAGE][PASSED] - Wait for page load successfully

2021-02-19 16:49:44 - [MESSAGE][PASSED] - Object 'Object Repository/LoginAndRigisterUser/LoginLink' is clickable

2021-02-19 16:49:44 - [MESSAGE][INFO] - Clicked on element with JS

2021-02-19 16:49:45 - [MESSAGE][PASSED] - Keys 'Os-anelapatla@projects.site.sa' sent to object: 'Object Repository/LoginAndRigisterUser/UserName_Email_Input'

2021-02-19 16:49:46 - [MESSAGE][PASSED] - Keys 'Test@12345' sent to object: 'Object Repository/LoginAndRigisterUser/Password_Input'

2021-02-19 16:49:47 - [MESSAGE][PASSED] - Delayed 1 second(s)

2021-02-19 16:49:47 - [MESSAGE][PASSED] - Object 'Object Repository/LoginAndRigisterUser/LoginBtn' is clickable

2021-02-19 16:49:47 - [MESSAGE][INFO] - Clicked on element with JS

2021-02-19 16:49:49 - [MESSAGE][PASSED] - Keys '0' sent to object: 'Object Repository/LoginAndRigisterUser/otpOne'

2021-02-19 16:49:50 - [MESSAGE][PASSED] - Keys '0' sent to object: 'Object Repository/LoginAndRigisterUser/otpTwo'

2021-02-19 16:49:52 - [MESSAGE][PASSED] - Keys '0' sent to object: 'Object Repository/LoginAndRigisterUser/otpThree'

2021-02-19 16:49:52 - [MESSAGE][PASSED] - Keys '0' sent to object: 'Object Repository/LoginAndRigisterUser/otpFour'

2021-02-19 16:49:53 - [MESSAGE][PASSED] - Keys '0' sent to object: 'Object Repository/LoginAndRigisterUser/otpFive'

2021-02-19 16:49:54 - [MESSAGE][INFO] - Clicked on element with JS

2021-02-19 16:49:56 - [MESSAGE][PASSED] - Object: 'Object Repository/HomePage/ChooseAFile' is clicked on

2021-02-19 16:49:58 - [MESSAGE][PASSED] - Delayed 2 second(s)

2021-02-19 16:50:00 - [MESSAGE][INFO] - Image Uploaded Sucsessfully

2021-02-19 16:50:02 - [MESSAGE][PASSED] - Delayed 2 second(s)

2021-02-19 16:50:03 - [MESSAGE][PASSED] - Text 'Windows sound' is present on page 

2021-02-19 16:50:03 - [MESSAGE][PASSED] - Object: 'Object Repository/HomePage/Window7RadioBtn' is clicked on

2021-02-19 16:50:04 - [MESSAGE][PASSED] - Scroll to object 'Object Repository/HomePage/startAnalysis_EnableBtn' successfully

2021-02-19 16:50:05 - [MESSAGE][PASSED] - Object: 'Object Repository/HomePage/startAnalysis_EnableBtn' is clicked on

2021-02-19 16:50:06 - [MESSAGE][PASSED] - Object 'Object Repository/SubmissionPage/Submission_SearchIcon' is visible

2021-02-19 16:50:07 - [MESSAGE][PASSED] - Object 'Object Repository/SubmissionPage/Submission_SearchIcon' is visible

2021-02-19 16:50:07 - [MESSAGE][PASSED] - Actual object 'Windows sound.wav' and expected object 'Windows sound.wav' are equal

2021-02-19 16:50:07 - [MESSAGE][PASSED] - customKeywords.commanFunctions.uploadFileOfRegisterUser is PASSED

2021-02-19 16:50:07 - [TEST_STEP][PASSED] - customKeywords.commanFunctions.logOutAndcloseBrowser(): customKeywords.commanFunctions.logOutAndcloseBrowser is PASSED

2021-02-19 16:50:08 - [MESSAGE][PASSED] - Object 'Object Repository/LoginAndRigisterUser/AdminDD' is clickable

2021-02-19 16:50:08 - [MESSAGE][INFO] - Clicked on element with JS

2021-02-19 16:50:08 - [MESSAGE][INFO] - Clicked on element with JS

2021-02-19 16:50:09 - [MESSAGE][PASSED] - Delayed 1 second(s)

2021-02-19 16:50:10 - [MESSAGE][PASSED] - Browser is closed

2021-02-19 16:50:10 - [MESSAGE][PASSED] - customKeywords.commanFunctions.logOutAndcloseBrowser is PASSED]]></system-out>
         <system-err><![CDATA[]]></system-err>
      </testcase>
      <testcase name="Test Cases/UploadDiffFiles_RegisterUser/TC_As a register user, Upload WordPad File and verify Uploded file in Submission Page" time="40.698" classname="Test Cases/UploadDiffFiles_RegisterUser/TC_As a register user, Upload WordPad File and verify Uploded file in Submission Page" status="PASSED">
         <system-out><![CDATA[2021-02-19 16:50:10 - [TEST_CASE][PASSED] - Test Cases/UploadDiffFiles_RegisterUser/TC_As a register user, Upload WordPad File and verify Uploded file in Submission Page: Test Cases/UploadDiffFiles_RegisterUser/TC_As a register user, Upload WordPad File and verify Uploded file in Submission Page

2021-02-19 16:50:10 - [TEST_STEP][PASSED] - excelTestData = findTestData("Data Files/TestData/InspectTestData"): null

2021-02-19 16:50:10 - [TEST_STEP][PASSED] - rigisterUN = excelTestData.getValue(2, 23): null

2021-02-19 16:50:10 - [TEST_STEP][PASSED] - rigisterPW = excelTestData.getValue(3, 23): null

2021-02-19 16:50:10 - [TEST_STEP][PASSED] - customKeywords.commanFunctions.uploadFileOfRegisterUser(260, rigisterUN, rigisterPW): customKeywords.commanFunctions.uploadFileOfRegisterUser is PASSED

2021-02-19 16:50:10 - [MESSAGE][INFO] - Starting 'Chrome' driver

2021-02-19 16:50:10 - [MESSAGE][INFO] - Action delay is set to 0 milliseconds

2021-02-19 16:50:20 - [MESSAGE][PASSED] - Browser is opened with url: 'https://Inspect.Stage.site.sa'

2021-02-19 16:50:22 - [MESSAGE][PASSED] - Current window maximized

2021-02-19 16:50:22 - [MESSAGE][PASSED] - Wait for page load successfully

2021-02-19 16:50:23 - [MESSAGE][PASSED] - Object 'Object Repository/LoginAndRigisterUser/LoginLink' is clickable

2021-02-19 16:50:23 - [MESSAGE][INFO] - Clicked on element with JS

2021-02-19 16:50:24 - [MESSAGE][PASSED] - Keys 'Os-ARahman@projects.site.sa' sent to object: 'Object Repository/LoginAndRigisterUser/UserName_Email_Input'

2021-02-19 16:50:24 - [MESSAGE][PASSED] - Keys 'Test@12345' sent to object: 'Object Repository/LoginAndRigisterUser/Password_Input'

2021-02-19 16:50:25 - [MESSAGE][PASSED] - Delayed 1 second(s)

2021-02-19 16:50:25 - [MESSAGE][PASSED] - Object 'Object Repository/LoginAndRigisterUser/LoginBtn' is clickable

2021-02-19 16:50:26 - [MESSAGE][INFO] - Clicked on element with JS

2021-02-19 16:50:28 - [MESSAGE][PASSED] - Keys '0' sent to object: 'Object Repository/LoginAndRigisterUser/otpOne'

2021-02-19 16:50:29 - [MESSAGE][PASSED] - Keys '0' sent to object: 'Object Repository/LoginAndRigisterUser/otpTwo'

2021-02-19 16:50:30 - [MESSAGE][PASSED] - Keys '0' sent to object: 'Object Repository/LoginAndRigisterUser/otpThree'

2021-02-19 16:50:30 - [MESSAGE][PASSED] - Keys '0' sent to object: 'Object Repository/LoginAndRigisterUser/otpFour'

2021-02-19 16:50:31 - [MESSAGE][PASSED] - Keys '0' sent to object: 'Object Repository/LoginAndRigisterUser/otpFive'

2021-02-19 16:50:32 - [MESSAGE][INFO] - Clicked on element with JS

2021-02-19 16:50:34 - [MESSAGE][PASSED] - Object: 'Object Repository/HomePage/ChooseAFile' is clicked on

2021-02-19 16:50:36 - [MESSAGE][PASSED] - Delayed 2 second(s)

2021-02-19 16:50:38 - [MESSAGE][INFO] - Image Uploaded Sucsessfully

2021-02-19 16:50:40 - [MESSAGE][PASSED] - Delayed 2 second(s)

2021-02-19 16:50:41 - [MESSAGE][PASSED] - Text 'WordPad' is present on page 

2021-02-19 16:50:42 - [MESSAGE][PASSED] - Object: 'Object Repository/HomePage/Window7RadioBtn' is clicked on

2021-02-19 16:50:44 - [MESSAGE][PASSED] - Scroll to object 'Object Repository/HomePage/startAnalysis_EnableBtn' successfully

2021-02-19 16:50:45 - [MESSAGE][PASSED] - Object: 'Object Repository/HomePage/startAnalysis_EnableBtn' is clicked on

2021-02-19 16:50:47 - [MESSAGE][PASSED] - Object 'Object Repository/SubmissionPage/Submission_SearchIcon' is visible

2021-02-19 16:50:47 - [MESSAGE][PASSED] - Object 'Object Repository/SubmissionPage/Submission_SearchIcon' is visible

2021-02-19 16:50:48 - [MESSAGE][PASSED] - Actual object 'WordPad.rtf' and expected object 'WordPad.rtf' are equal

2021-02-19 16:50:48 - [MESSAGE][PASSED] - customKeywords.commanFunctions.uploadFileOfRegisterUser is PASSED

2021-02-19 16:50:48 - [TEST_STEP][PASSED] - customKeywords.commanFunctions.logOutAndcloseBrowser(): customKeywords.commanFunctions.logOutAndcloseBrowser is PASSED

2021-02-19 16:50:48 - [MESSAGE][PASSED] - Object 'Object Repository/LoginAndRigisterUser/AdminDD' is clickable

2021-02-19 16:50:48 - [MESSAGE][INFO] - Clicked on element with JS

2021-02-19 16:50:49 - [MESSAGE][INFO] - Clicked on element with JS

2021-02-19 16:50:50 - [MESSAGE][PASSED] - Delayed 1 second(s)

2021-02-19 16:50:51 - [MESSAGE][PASSED] - Browser is closed

2021-02-19 16:50:51 - [MESSAGE][PASSED] - customKeywords.commanFunctions.logOutAndcloseBrowser is PASSED]]></system-out>
         <system-err><![CDATA[]]></system-err>
      </testcase>
      <testcase name="Test Cases/UploadDiffFiles_RegisterUser/TC_As a register user, Upload Xlsx File and verify Uploded file in Submission Page" time="54.68" classname="Test Cases/UploadDiffFiles_RegisterUser/TC_As a register user, Upload Xlsx File and verify Uploded file in Submission Page" status="FAILED">
         <failure type="FAILED" message="Test Cases/UploadDiffFiles_RegisterUser/TC_As a register user, Upload Xlsx File and verify Uploded file in Submission Page FAILED.
Reason:
com.kms.katalon.core.exception.StepFailedException: Unable to wait for page load
	at com.kms.katalon.core.webui.keyword.internal.WebUIKeywordMain.stepFailed(WebUIKeywordMain.groovy:64)
	at com.kms.katalon.core.webui.keyword.internal.WebUIKeywordMain.runKeyword(WebUIKeywordMain.groovy:26)
	at com.kms.katalon.core.webui.keyword.internal.WebUIKeywordMain$runKeyword.call(Unknown Source)
	at com.kms.katalon.core.webui.keyword.builtin.WaitForPageLoadKeyword.waitForPageLoad(WaitForPageLoadKeyword.groovy:71)
	at com.kms.katalon.core.webui.keyword.builtin.WaitForPageLoadKeyword.execute(WaitForPageLoadKeyword.groovy:67)
	at com.kms.katalon.core.keyword.internal.KeywordExecutor.executeKeywordForPlatform(KeywordExecutor.groovy:73)
	at com.kms.katalon.core.webui.keyword.WebUiBuiltInKeywords.waitForPageLoad(WebUiBuiltInKeywords.groovy:2454)
	at com.kms.katalon.core.webui.keyword.WebUiBuiltInKeywords$waitForPageLoad$1.call(Unknown Source)
	at customKeywords.commanFunctions.openBrowser(commanFunctions.groovy:49)
	at customKeywords.commanFunctions.uploadFileOfRegisterUser(commanFunctions.groovy:747)
	at customKeywords.commanFunctions.invokeMethod(commanFunctions.groovy)
	at com.kms.katalon.core.main.CustomKeywordDelegatingMetaClass.invokeStaticMethod(CustomKeywordDelegatingMetaClass.java:50)
	at TC_As a register user, Upload Xlsx File and verify Uploded file in Submission Page.run(TC_As a register user, Upload Xlsx File and verify Uploded file in Submission Page:16)
	at com.kms.katalon.core.main.ScriptEngine.run(ScriptEngine.java:194)
	at com.kms.katalon.core.main.ScriptEngine.runScriptAsRawText(ScriptEngine.java:119)
	at com.kms.katalon.core.main.TestCaseExecutor.runScript(TestCaseExecutor.java:394)
	at com.kms.katalon.core.main.TestCaseExecutor.doExecute(TestCaseExecutor.java:385)
	at com.kms.katalon.core.main.TestCaseExecutor.processExecutionPhase(TestCaseExecutor.java:364)
	at com.kms.katalon.core.main.TestCaseExecutor.accessMainPhase(TestCaseExecutor.java:356)
	at com.kms.katalon.core.main.TestCaseExecutor.execute(TestCaseExecutor.java:251)
	at com.kms.katalon.core.main.TestSuiteExecutor.accessTestCaseMainPhase(TestSuiteExecutor.java:203)
	at com.kms.katalon.core.main.TestSuiteExecutor.accessTestSuiteMainPhase(TestSuiteExecutor.java:152)
	at com.kms.katalon.core.main.TestSuiteExecutor.execute(TestSuiteExecutor.java:95)
	at com.kms.katalon.core.main.TestCaseMain.startTestSuite(TestCaseMain.java:157)
	at com.kms.katalon.core.main.TestCaseMain$startTestSuite$0.call(Unknown Source)
	at TempTestSuite1613733199540.run(TempTestSuite1613733199540.groovy:39)
Caused by: org.openqa.selenium.WebDriverException: chrome not reachable
  (Session info: chrome=86.0.4240.75)
Build info: version: '3.141.59', revision: 'e82be7d358', time: '2018-11-14T08:25:53'
System info: host: 'OMTPGCN1132568L', ip: '192.168.1.1', os.name: 'Windows 10', os.arch: 'amd64', os.version: '10.0', java.version: '1.8.0_181'
Driver info: com.kms.katalon.selenium.driver.CChromeDriver
Capabilities {acceptInsecureCerts: false, browserName: chrome, browserVersion: 86.0.4240.75, chrome: {chromedriverVersion: 86.0.4240.22 (398b0743353ff..., userDataDir: C:\Users\ashok\AppData\Loca...}, goog:chromeOptions: {debuggerAddress: localhost:51265}, javascriptEnabled: true, networkConnectionEnabled: false, pageLoadStrategy: normal, platform: WINDOWS, platformName: WINDOWS, proxy: Proxy(), setWindowRect: true, strictFileInteractability: false, timeouts: {implicit: 0, pageLoad: 300000, script: 30000}, unhandledPromptBehavior: dismiss and notify, webauthn:virtualAuthenticators: true}
Session ID: 582b353bb4054312f40c1622397a3a21
	at org.openqa.selenium.remote.http.W3CHttpResponseCodec.createException(W3CHttpResponseCodec.java:187)
	at org.openqa.selenium.remote.http.W3CHttpResponseCodec.decode(W3CHttpResponseCodec.java:122)
	at org.openqa.selenium.remote.http.W3CHttpResponseCodec.decode(W3CHttpResponseCodec.java:49)
	at org.openqa.selenium.remote.HttpCommandExecutor.execute(HttpCommandExecutor.java:158)
	at org.openqa.selenium.remote.service.DriverCommandExecutor.execute(DriverCommandExecutor.java:83)
	at org.openqa.selenium.remote.RemoteWebDriver.execute(RemoteWebDriver.java:552)
	at com.kms.katalon.selenium.driver.CChromeDriver.execute(CChromeDriver.java:19)
	at org.openqa.selenium.remote.RemoteWebDriver.executeScript(RemoteWebDriver.java:489)
	at org.openqa.selenium.support.events.EventFiringWebDriver.lambda$new$1(EventFiringWebDriver.java:105)
	at com.sun.proxy.$Proxy11.executeScript(Unknown Source)
	at org.openqa.selenium.support.events.EventFiringWebDriver.executeScript(EventFiringWebDriver.java:229)
	at com.kms.katalon.core.webui.keyword.builtin.WaitForPageLoadKeyword$1.apply(WaitForPageLoadKeyword.groovy:80)
	at com.kms.katalon.core.webui.keyword.builtin.WaitForPageLoadKeyword$1.apply(WaitForPageLoadKeyword.groovy)
	at org.openqa.selenium.support.ui.FluentWait.until(FluentWait.java:249)
	at org.openqa.selenium.support.ui.Wait$until.call(Unknown Source)
	at com.kms.katalon.core.webui.keyword.builtin.WaitForPageLoadKeyword$_waitForPageLoad_closure1.doCall(WaitForPageLoadKeyword.groovy:76)
	at com.kms.katalon.core.webui.keyword.builtin.WaitForPageLoadKeyword$_waitForPageLoad_closure1.doCall(WaitForPageLoadKeyword.groovy)
	at com.kms.katalon.core.webui.keyword.internal.WebUIKeywordMain.runKeyword(WebUIKeywordMain.groovy:20)
	... 24 more
"/>
         <system-out><![CDATA[2021-02-19 16:50:51 - [TEST_CASE][FAILED] - Test Cases/UploadDiffFiles_RegisterUser/TC_As a register user, Upload Xlsx File and verify Uploded file in Submission Page: Test Cases/UploadDiffFiles_RegisterUser/TC_As a register user, Upload Xlsx File and verify Uploded file in Submission Page FAILED.
Reason:
com.kms.katalon.core.exception.StepFailedException: Unable to wait for page load
	at com.kms.katalon.core.webui.keyword.internal.WebUIKeywordMain.stepFailed(WebUIKeywordMain.groovy:64)
	at com.kms.katalon.core.webui.keyword.internal.WebUIKeywordMain.runKeyword(WebUIKeywordMain.groovy:26)
	at com.kms.katalon.core.webui.keyword.internal.WebUIKeywordMain$runKeyword.call(Unknown Source)
	at com.kms.katalon.core.webui.keyword.builtin.WaitForPageLoadKeyword.waitForPageLoad(WaitForPageLoadKeyword.groovy:71)
	at com.kms.katalon.core.webui.keyword.builtin.WaitForPageLoadKeyword.execute(WaitForPageLoadKeyword.groovy:67)
	at com.kms.katalon.core.keyword.internal.KeywordExecutor.executeKeywordForPlatform(KeywordExecutor.groovy:73)
	at com.kms.katalon.core.webui.keyword.WebUiBuiltInKeywords.waitForPageLoad(WebUiBuiltInKeywords.groovy:2454)
	at com.kms.katalon.core.webui.keyword.WebUiBuiltInKeywords$waitForPageLoad$1.call(Unknown Source)
	at customKeywords.commanFunctions.openBrowser(commanFunctions.groovy:49)
	at customKeywords.commanFunctions.uploadFileOfRegisterUser(commanFunctions.groovy:747)
	at customKeywords.commanFunctions.invokeMethod(commanFunctions.groovy)
	at com.kms.katalon.core.main.CustomKeywordDelegatingMetaClass.invokeStaticMethod(CustomKeywordDelegatingMetaClass.java:50)
	at TC_As a register user, Upload Xlsx File and verify Uploded file in Submission Page.run(TC_As a register user, Upload Xlsx File and verify Uploded file in Submission Page:16)
	at com.kms.katalon.core.main.ScriptEngine.run(ScriptEngine.java:194)
	at com.kms.katalon.core.main.ScriptEngine.runScriptAsRawText(ScriptEngine.java:119)
	at com.kms.katalon.core.main.TestCaseExecutor.runScript(TestCaseExecutor.java:394)
	at com.kms.katalon.core.main.TestCaseExecutor.doExecute(TestCaseExecutor.java:385)
	at com.kms.katalon.core.main.TestCaseExecutor.processExecutionPhase(TestCaseExecutor.java:364)
	at com.kms.katalon.core.main.TestCaseExecutor.accessMainPhase(TestCaseExecutor.java:356)
	at com.kms.katalon.core.main.TestCaseExecutor.execute(TestCaseExecutor.java:251)
	at com.kms.katalon.core.main.TestSuiteExecutor.accessTestCaseMainPhase(TestSuiteExecutor.java:203)
	at com.kms.katalon.core.main.TestSuiteExecutor.accessTestSuiteMainPhase(TestSuiteExecutor.java:152)
	at com.kms.katalon.core.main.TestSuiteExecutor.execute(TestSuiteExecutor.java:95)
	at com.kms.katalon.core.main.TestCaseMain.startTestSuite(TestCaseMain.java:157)
	at com.kms.katalon.core.main.TestCaseMain$startTestSuite$0.call(Unknown Source)
	at TempTestSuite1613733199540.run(TempTestSuite1613733199540.groovy:39)
Caused by: org.openqa.selenium.WebDriverException: chrome not reachable
  (Session info: chrome=86.0.4240.75)
Build info: version: '3.141.59', revision: 'e82be7d358', time: '2018-11-14T08:25:53'
System info: host: 'OMTPGCN1132568L', ip: '192.168.1.1', os.name: 'Windows 10', os.arch: 'amd64', os.version: '10.0', java.version: '1.8.0_181'
Driver info: com.kms.katalon.selenium.driver.CChromeDriver
Capabilities {acceptInsecureCerts: false, browserName: chrome, browserVersion: 86.0.4240.75, chrome: {chromedriverVersion: 86.0.4240.22 (398b0743353ff..., userDataDir: C:\Users\ashok\AppData\Loca...}, goog:chromeOptions: {debuggerAddress: localhost:51265}, javascriptEnabled: true, networkConnectionEnabled: false, pageLoadStrategy: normal, platform: WINDOWS, platformName: WINDOWS, proxy: Proxy(), setWindowRect: true, strictFileInteractability: false, timeouts: {implicit: 0, pageLoad: 300000, script: 30000}, unhandledPromptBehavior: dismiss and notify, webauthn:virtualAuthenticators: true}
Session ID: 582b353bb4054312f40c1622397a3a21
	at org.openqa.selenium.remote.http.W3CHttpResponseCodec.createException(W3CHttpResponseCodec.java:187)
	at org.openqa.selenium.remote.http.W3CHttpResponseCodec.decode(W3CHttpResponseCodec.java:122)
	at org.openqa.selenium.remote.http.W3CHttpResponseCodec.decode(W3CHttpResponseCodec.java:49)
	at org.openqa.selenium.remote.HttpCommandExecutor.execute(HttpCommandExecutor.java:158)
	at org.openqa.selenium.remote.service.DriverCommandExecutor.execute(DriverCommandExecutor.java:83)
	at org.openqa.selenium.remote.RemoteWebDriver.execute(RemoteWebDriver.java:552)
	at com.kms.katalon.selenium.driver.CChromeDriver.execute(CChromeDriver.java:19)
	at org.openqa.selenium.remote.RemoteWebDriver.executeScript(RemoteWebDriver.java:489)
	at org.openqa.selenium.support.events.EventFiringWebDriver.lambda$new$1(EventFiringWebDriver.java:105)
	at com.sun.proxy.$Proxy11.executeScript(Unknown Source)
	at org.openqa.selenium.support.events.EventFiringWebDriver.executeScript(EventFiringWebDriver.java:229)
	at com.kms.katalon.core.webui.keyword.builtin.WaitForPageLoadKeyword$1.apply(WaitForPageLoadKeyword.groovy:80)
	at com.kms.katalon.core.webui.keyword.builtin.WaitForPageLoadKeyword$1.apply(WaitForPageLoadKeyword.groovy)
	at org.openqa.selenium.support.ui.FluentWait.until(FluentWait.java:249)
	at org.openqa.selenium.support.ui.Wait$until.call(Unknown Source)
	at com.kms.katalon.core.webui.keyword.builtin.WaitForPageLoadKeyword$_waitForPageLoad_closure1.doCall(WaitForPageLoadKeyword.groovy:76)
	at com.kms.katalon.core.webui.keyword.builtin.WaitForPageLoadKeyword$_waitForPageLoad_closure1.doCall(WaitForPageLoadKeyword.groovy)
	at com.kms.katalon.core.webui.keyword.internal.WebUIKeywordMain.runKeyword(WebUIKeywordMain.groovy:20)
	... 24 more


2021-02-19 16:50:51 - [TEST_STEP][PASSED] - excelTestData = findTestData("Data Files/TestData/InspectTestData"): null

2021-02-19 16:50:51 - [TEST_STEP][PASSED] - rigisterUN = excelTestData.getValue(6, 23): null

2021-02-19 16:50:51 - [TEST_STEP][PASSED] - rigisterPW = excelTestData.getValue(3, 23): null

2021-02-19 16:50:51 - [TEST_STEP][FAILED] - customKeywords.commanFunctions.uploadFileOfRegisterUser(212, rigisterUN, rigisterPW): Unable to wait for page load

2021-02-19 16:50:51 - [MESSAGE][INFO] - Starting 'Chrome' driver

2021-02-19 16:50:51 - [MESSAGE][INFO] - Action delay is set to 0 milliseconds

2021-02-19 16:51:00 - [MESSAGE][PASSED] - Browser is opened with url: 'https://Inspect.Stage.site.sa'

2021-02-19 16:51:20 - [MESSAGE][PASSED] - Current window maximized

2021-02-19 16:51:45 - [MESSAGE][WARNING] - Cannot take screenshot

2021-02-19 16:51:45 - [MESSAGE][FAILED] - Unable to wait for page load (Root cause: com.kms.katalon.core.exception.StepFailedException: Unable to wait for page load
	at com.kms.katalon.core.webui.keyword.internal.WebUIKeywordMain.stepFailed(WebUIKeywordMain.groovy:64)
	at com.kms.katalon.core.webui.keyword.internal.WebUIKeywordMain.runKeyword(WebUIKeywordMain.groovy:26)
	at com.kms.katalon.core.webui.keyword.internal.WebUIKeywordMain$runKeyword.call(Unknown Source)
	at com.kms.katalon.core.webui.keyword.builtin.WaitForPageLoadKeyword.waitForPageLoad(WaitForPageLoadKeyword.groovy:71)
	at com.kms.katalon.core.webui.keyword.builtin.WaitForPageLoadKeyword.execute(WaitForPageLoadKeyword.groovy:67)
	at com.kms.katalon.core.keyword.internal.KeywordExecutor.executeKeywordForPlatform(KeywordExecutor.groovy:73)
	at com.kms.katalon.core.webui.keyword.WebUiBuiltInKeywords.waitForPageLoad(WebUiBuiltInKeywords.groovy:2454)
	at com.kms.katalon.core.webui.keyword.WebUiBuiltInKeywords$waitForPageLoad$1.call(Unknown Source)
	at customKeywords.commanFunctions.openBrowser(commanFunctions.groovy:49)
	at customKeywords.commanFunctions.uploadFileOfRegisterUser(commanFunctions.groovy:747)
	at customKeywords.commanFunctions.invokeMethod(commanFunctions.groovy)
	at com.kms.katalon.core.main.CustomKeywordDelegatingMetaClass.invokeStaticMethod(CustomKeywordDelegatingMetaClass.java:50)
	at TC_As a register user, Upload Xlsx File and verify Uploded file in Submission Page.run(TC_As a register user, Upload Xlsx File and verify Uploded file in Submission Page:16)
	at com.kms.katalon.core.main.ScriptEngine.run(ScriptEngine.java:194)
	at com.kms.katalon.core.main.ScriptEngine.runScriptAsRawText(ScriptEngine.java:119)
	at com.kms.katalon.core.main.TestCaseExecutor.runScript(TestCaseExecutor.java:394)
	at com.kms.katalon.core.main.TestCaseExecutor.doExecute(TestCaseExecutor.java:385)
	at com.kms.katalon.core.main.TestCaseExecutor.processExecutionPhase(TestCaseExecutor.java:364)
	at com.kms.katalon.core.main.TestCaseExecutor.accessMainPhase(TestCaseExecutor.java:356)
	at com.kms.katalon.core.main.TestCaseExecutor.execute(TestCaseExecutor.java:251)
	at com.kms.katalon.core.main.TestSuiteExecutor.accessTestCaseMainPhase(TestSuiteExecutor.java:203)
	at com.kms.katalon.core.main.TestSuiteExecutor.accessTestSuiteMainPhase(TestSuiteExecutor.java:152)
	at com.kms.katalon.core.main.TestSuiteExecutor.execute(TestSuiteExecutor.java:95)
	at com.kms.katalon.core.main.TestCaseMain.startTestSuite(TestCaseMain.java:157)
	at com.kms.katalon.core.main.TestCaseMain$startTestSuite$0.call(Unknown Source)
	at TempTestSuite1613733199540.run(TempTestSuite1613733199540.groovy:39)
Caused by: org.openqa.selenium.WebDriverException: chrome not reachable
  (Session info: chrome=86.0.4240.75)
Build info: version: '3.141.59', revision: 'e82be7d358', time: '2018-11-14T08:25:53'
System info: host: 'OMTPGCN1132568L', ip: '192.168.1.1', os.name: 'Windows 10', os.arch: 'amd64', os.version: '10.0', java.version: '1.8.0_181'
Driver info: com.kms.katalon.selenium.driver.CChromeDriver
Capabilities {acceptInsecureCerts: false, browserName: chrome, browserVersion: 86.0.4240.75, chrome: {chromedriverVersion: 86.0.4240.22 (398b0743353ff..., userDataDir: C:\Users\ashok\AppData\Loca...}, goog:chromeOptions: {debuggerAddress: localhost:51265}, javascriptEnabled: true, networkConnectionEnabled: false, pageLoadStrategy: normal, platform: WINDOWS, platformName: WINDOWS, proxy: Proxy(), setWindowRect: true, strictFileInteractability: false, timeouts: {implicit: 0, pageLoad: 300000, script: 30000}, unhandledPromptBehavior: dismiss and notify, webauthn:virtualAuthenticators: true}
Session ID: 582b353bb4054312f40c1622397a3a21
	at org.openqa.selenium.remote.http.W3CHttpResponseCodec.createException(W3CHttpResponseCodec.java:187)
	at org.openqa.selenium.remote.http.W3CHttpResponseCodec.decode(W3CHttpResponseCodec.java:122)
	at org.openqa.selenium.remote.http.W3CHttpResponseCodec.decode(W3CHttpResponseCodec.java:49)
	at org.openqa.selenium.remote.HttpCommandExecutor.execute(HttpCommandExecutor.java:158)
	at org.openqa.selenium.remote.service.DriverCommandExecutor.execute(DriverCommandExecutor.java:83)
	at org.openqa.selenium.remote.RemoteWebDriver.execute(RemoteWebDriver.java:552)
	at com.kms.katalon.selenium.driver.CChromeDriver.execute(CChromeDriver.java:19)
	at org.openqa.selenium.remote.RemoteWebDriver.executeScript(RemoteWebDriver.java:489)
	at org.openqa.selenium.support.events.EventFiringWebDriver.lambda$new$1(EventFiringWebDriver.java:105)
	at com.sun.proxy.$Proxy11.executeScript(Unknown Source)
	at org.openqa.selenium.support.events.EventFiringWebDriver.executeScript(EventFiringWebDriver.java:229)
	at com.kms.katalon.core.webui.keyword.builtin.WaitForPageLoadKeyword$1.apply(WaitForPageLoadKeyword.groovy:80)
	at com.kms.katalon.core.webui.keyword.builtin.WaitForPageLoadKeyword$1.apply(WaitForPageLoadKeyword.groovy)
	at org.openqa.selenium.support.ui.FluentWait.until(FluentWait.java:249)
	at org.openqa.selenium.support.ui.Wait$until.call(Unknown Source)
	at com.kms.katalon.core.webui.keyword.builtin.WaitForPageLoadKeyword$_waitForPageLoad_closure1.doCall(WaitForPageLoadKeyword.groovy:76)
	at com.kms.katalon.core.webui.keyword.builtin.WaitForPageLoadKeyword$_waitForPageLoad_closure1.doCall(WaitForPageLoadKeyword.groovy)
	at com.kms.katalon.core.webui.keyword.internal.WebUIKeywordMain.runKeyword(WebUIKeywordMain.groovy:20)
	at com.kms.katalon.core.webui.keyword.internal.WebUIKeywordMain$runKeyword.call(Unknown Source)
	at com.kms.katalon.core.webui.keyword.builtin.WaitForPageLoadKeyword.waitForPageLoad(WaitForPageLoadKeyword.groovy:71)
	at com.kms.katalon.core.webui.keyword.builtin.WaitForPageLoadKeyword.execute(WaitForPageLoadKeyword.groovy:67)
	at com.kms.katalon.core.keyword.internal.KeywordExecutor.executeKeywordForPlatform(KeywordExecutor.groovy:73)
	at com.kms.katalon.core.webui.keyword.WebUiBuiltInKeywords.waitForPageLoad(WebUiBuiltInKeywords.groovy:2454)
	at com.kms.katalon.core.webui.keyword.WebUiBuiltInKeywords$waitForPageLoad$1.call(Unknown Source)
	at customKeywords.commanFunctions.openBrowser(commanFunctions.groovy:49)
	at customKeywords.commanFunctions.uploadFileOfRegisterUser(commanFunctions.groovy:747)
	at customKeywords.commanFunctions.invokeMethod(commanFunctions.groovy)
	at com.kms.katalon.core.main.CustomKeywordDelegatingMetaClass.invokeStaticMethod(CustomKeywordDelegatingMetaClass.java:50)
	at Script1613223119482.run(Script1613223119482.groovy:16)
	... 13 more
)

2021-02-19 16:51:45 - [MESSAGE][FAILED] - Unable to wait for page load

2021-02-19 16:51:45 - [TEST_STEP][PASSED] - Start tear down : tearDownMethodIfFailed: Method 'tearDownMethodIfFailed' complete successfully

2021-02-19 16:51:45 - [TEST_STEP][PASSED] - customKeywords.commanFunctions.onlyCloseBrowser(): customKeywords.commanFunctions.onlyCloseBrowser is PASSED

2021-02-19 16:51:45 - [MESSAGE][PASSED] - Browser is closed

2021-02-19 16:51:45 - [MESSAGE][PASSED] - customKeywords.commanFunctions.onlyCloseBrowser is PASSED

2021-02-19 16:51:45 - [TEST_STEP][PASSED] - logInfo("[--------This is tearDownIfFailed method------]"): [--------This is tearDownIfFailed method------]

2021-02-19 16:51:45 - [MESSAGE][INFO] - [--------This is tearDownIfFailed method------]

2021-02-19 16:51:45 - [MESSAGE][PASSED] - Method 'tearDownMethodIfFailed' complete successfully]]></system-out>
         <system-err><![CDATA[2021-02-19 16:50:51 - [TEST_CASE][FAILED] - Test Cases/UploadDiffFiles_RegisterUser/TC_As a register user, Upload Xlsx File and verify Uploded file in Submission Page: Test Cases/UploadDiffFiles_RegisterUser/TC_As a register user, Upload Xlsx File and verify Uploded file in Submission Page FAILED.
Reason:
com.kms.katalon.core.exception.StepFailedException: Unable to wait for page load
	at com.kms.katalon.core.webui.keyword.internal.WebUIKeywordMain.stepFailed(WebUIKeywordMain.groovy:64)
	at com.kms.katalon.core.webui.keyword.internal.WebUIKeywordMain.runKeyword(WebUIKeywordMain.groovy:26)
	at com.kms.katalon.core.webui.keyword.internal.WebUIKeywordMain$runKeyword.call(Unknown Source)
	at com.kms.katalon.core.webui.keyword.builtin.WaitForPageLoadKeyword.waitForPageLoad(WaitForPageLoadKeyword.groovy:71)
	at com.kms.katalon.core.webui.keyword.builtin.WaitForPageLoadKeyword.execute(WaitForPageLoadKeyword.groovy:67)
	at com.kms.katalon.core.keyword.internal.KeywordExecutor.executeKeywordForPlatform(KeywordExecutor.groovy:73)
	at com.kms.katalon.core.webui.keyword.WebUiBuiltInKeywords.waitForPageLoad(WebUiBuiltInKeywords.groovy:2454)
	at com.kms.katalon.core.webui.keyword.WebUiBuiltInKeywords$waitForPageLoad$1.call(Unknown Source)
	at customKeywords.commanFunctions.openBrowser(commanFunctions.groovy:49)
	at customKeywords.commanFunctions.uploadFileOfRegisterUser(commanFunctions.groovy:747)
	at customKeywords.commanFunctions.invokeMethod(commanFunctions.groovy)
	at com.kms.katalon.core.main.CustomKeywordDelegatingMetaClass.invokeStaticMethod(CustomKeywordDelegatingMetaClass.java:50)
	at TC_As a register user, Upload Xlsx File and verify Uploded file in Submission Page.run(TC_As a register user, Upload Xlsx File and verify Uploded file in Submission Page:16)
	at com.kms.katalon.core.main.ScriptEngine.run(ScriptEngine.java:194)
	at com.kms.katalon.core.main.ScriptEngine.runScriptAsRawText(ScriptEngine.java:119)
	at com.kms.katalon.core.main.TestCaseExecutor.runScript(TestCaseExecutor.java:394)
	at com.kms.katalon.core.main.TestCaseExecutor.doExecute(TestCaseExecutor.java:385)
	at com.kms.katalon.core.main.TestCaseExecutor.processExecutionPhase(TestCaseExecutor.java:364)
	at com.kms.katalon.core.main.TestCaseExecutor.accessMainPhase(TestCaseExecutor.java:356)
	at com.kms.katalon.core.main.TestCaseExecutor.execute(TestCaseExecutor.java:251)
	at com.kms.katalon.core.main.TestSuiteExecutor.accessTestCaseMainPhase(TestSuiteExecutor.java:203)
	at com.kms.katalon.core.main.TestSuiteExecutor.accessTestSuiteMainPhase(TestSuiteExecutor.java:152)
	at com.kms.katalon.core.main.TestSuiteExecutor.execute(TestSuiteExecutor.java:95)
	at com.kms.katalon.core.main.TestCaseMain.startTestSuite(TestCaseMain.java:157)
	at com.kms.katalon.core.main.TestCaseMain$startTestSuite$0.call(Unknown Source)
	at TempTestSuite1613733199540.run(TempTestSuite1613733199540.groovy:39)
Caused by: org.openqa.selenium.WebDriverException: chrome not reachable
  (Session info: chrome=86.0.4240.75)
Build info: version: '3.141.59', revision: 'e82be7d358', time: '2018-11-14T08:25:53'
System info: host: 'OMTPGCN1132568L', ip: '192.168.1.1', os.name: 'Windows 10', os.arch: 'amd64', os.version: '10.0', java.version: '1.8.0_181'
Driver info: com.kms.katalon.selenium.driver.CChromeDriver
Capabilities {acceptInsecureCerts: false, browserName: chrome, browserVersion: 86.0.4240.75, chrome: {chromedriverVersion: 86.0.4240.22 (398b0743353ff..., userDataDir: C:\Users\ashok\AppData\Loca...}, goog:chromeOptions: {debuggerAddress: localhost:51265}, javascriptEnabled: true, networkConnectionEnabled: false, pageLoadStrategy: normal, platform: WINDOWS, platformName: WINDOWS, proxy: Proxy(), setWindowRect: true, strictFileInteractability: false, timeouts: {implicit: 0, pageLoad: 300000, script: 30000}, unhandledPromptBehavior: dismiss and notify, webauthn:virtualAuthenticators: true}
Session ID: 582b353bb4054312f40c1622397a3a21
	at org.openqa.selenium.remote.http.W3CHttpResponseCodec.createException(W3CHttpResponseCodec.java:187)
	at org.openqa.selenium.remote.http.W3CHttpResponseCodec.decode(W3CHttpResponseCodec.java:122)
	at org.openqa.selenium.remote.http.W3CHttpResponseCodec.decode(W3CHttpResponseCodec.java:49)
	at org.openqa.selenium.remote.HttpCommandExecutor.execute(HttpCommandExecutor.java:158)
	at org.openqa.selenium.remote.service.DriverCommandExecutor.execute(DriverCommandExecutor.java:83)
	at org.openqa.selenium.remote.RemoteWebDriver.execute(RemoteWebDriver.java:552)
	at com.kms.katalon.selenium.driver.CChromeDriver.execute(CChromeDriver.java:19)
	at org.openqa.selenium.remote.RemoteWebDriver.executeScript(RemoteWebDriver.java:489)
	at org.openqa.selenium.support.events.EventFiringWebDriver.lambda$new$1(EventFiringWebDriver.java:105)
	at com.sun.proxy.$Proxy11.executeScript(Unknown Source)
	at org.openqa.selenium.support.events.EventFiringWebDriver.executeScript(EventFiringWebDriver.java:229)
	at com.kms.katalon.core.webui.keyword.builtin.WaitForPageLoadKeyword$1.apply(WaitForPageLoadKeyword.groovy:80)
	at com.kms.katalon.core.webui.keyword.builtin.WaitForPageLoadKeyword$1.apply(WaitForPageLoadKeyword.groovy)
	at org.openqa.selenium.support.ui.FluentWait.until(FluentWait.java:249)
	at org.openqa.selenium.support.ui.Wait$until.call(Unknown Source)
	at com.kms.katalon.core.webui.keyword.builtin.WaitForPageLoadKeyword$_waitForPageLoad_closure1.doCall(WaitForPageLoadKeyword.groovy:76)
	at com.kms.katalon.core.webui.keyword.builtin.WaitForPageLoadKeyword$_waitForPageLoad_closure1.doCall(WaitForPageLoadKeyword.groovy)
	at com.kms.katalon.core.webui.keyword.internal.WebUIKeywordMain.runKeyword(WebUIKeywordMain.groovy:20)
	... 24 more]]></system-err>
      </testcase>
      <testcase name="Test Cases/UploadDiffURLs_RegisterUser/TC_As a register user, Successfully submit the URL" time="32.267" classname="Test Cases/UploadDiffURLs_RegisterUser/TC_As a register user, Successfully submit the URL" status="PASSED">
         <system-out><![CDATA[2021-02-19 16:51:45 - [TEST_CASE][PASSED] - Test Cases/UploadDiffURLs_RegisterUser/TC_As a register user, Successfully submit the URL: Test Cases/UploadDiffURLs_RegisterUser/TC_As a register user, Successfully submit the URL

2021-02-19 16:51:45 - [TEST_STEP][PASSED] - excelTestData = findTestData("Data Files/TestData/InspectTestData"): null

2021-02-19 16:51:45 - [TEST_STEP][PASSED] - sampleURL = excelTestData.getValue(2, 382): null

2021-02-19 16:51:45 - [TEST_STEP][PASSED] - rigisterUN = excelTestData.getValue(6, 23): null

2021-02-19 16:51:45 - [TEST_STEP][PASSED] - rigisterPW = excelTestData.getValue(3, 23): null

2021-02-19 16:51:45 - [TEST_STEP][PASSED] - customKeywords.commanFunctions.enterURLOfRegisterUser(sampleURL, rigisterUN, rigisterPW): customKeywords.commanFunctions.enterURLOfRegisterUser is PASSED

2021-02-19 16:51:46 - [MESSAGE][INFO] - Starting 'Chrome' driver

2021-02-19 16:51:46 - [MESSAGE][INFO] - Action delay is set to 0 milliseconds

2021-02-19 16:51:55 - [MESSAGE][PASSED] - Browser is opened with url: 'https://Inspect.Stage.site.sa'

2021-02-19 16:51:57 - [MESSAGE][PASSED] - Current window maximized

2021-02-19 16:51:57 - [MESSAGE][PASSED] - Wait for page load successfully

2021-02-19 16:51:58 - [MESSAGE][PASSED] - Object 'Object Repository/LoginAndRigisterUser/LoginLink' is clickable

2021-02-19 16:51:58 - [MESSAGE][INFO] - Clicked on element with JS

2021-02-19 16:51:59 - [MESSAGE][PASSED] - Keys 'Os-anelapatla@projects.site.sa' sent to object: 'Object Repository/LoginAndRigisterUser/UserName_Email_Input'

2021-02-19 16:51:59 - [MESSAGE][PASSED] - Keys 'Test@12345' sent to object: 'Object Repository/LoginAndRigisterUser/Password_Input'

2021-02-19 16:52:00 - [MESSAGE][PASSED] - Delayed 1 second(s)

2021-02-19 16:52:01 - [MESSAGE][PASSED] - Object 'Object Repository/LoginAndRigisterUser/LoginBtn' is clickable

2021-02-19 16:52:01 - [MESSAGE][INFO] - Clicked on element with JS

2021-02-19 16:52:03 - [MESSAGE][PASSED] - Keys '0' sent to object: 'Object Repository/LoginAndRigisterUser/otpOne'

2021-02-19 16:52:04 - [MESSAGE][PASSED] - Keys '0' sent to object: 'Object Repository/LoginAndRigisterUser/otpTwo'

2021-02-19 16:52:05 - [MESSAGE][PASSED] - Keys '0' sent to object: 'Object Repository/LoginAndRigisterUser/otpThree'

2021-02-19 16:52:06 - [MESSAGE][PASSED] - Keys '0' sent to object: 'Object Repository/LoginAndRigisterUser/otpFour'

2021-02-19 16:52:07 - [MESSAGE][PASSED] - Keys '0' sent to object: 'Object Repository/LoginAndRigisterUser/otpFive'

2021-02-19 16:52:07 - [MESSAGE][INFO] - Clicked on element with JS

2021-02-19 16:52:09 - [MESSAGE][PASSED] - Object: 'Object Repository/HomePage/URL_Tab' is clicked on

2021-02-19 16:52:10 - [MESSAGE][PASSED] - Keys 'http://www.company.com' sent to object: 'Object Repository/HomePage/PleaseEnterURL_Input'

2021-02-19 16:52:11 - [MESSAGE][PASSED] - Object: 'Object Repository/HomePage/Window10RadioBtn' is clicked on

2021-02-19 16:52:12 - [MESSAGE][PASSED] - Object: 'Object Repository/HomePage/startAnalysis_EnableBtn' is clicked on

2021-02-19 16:52:14 - [MESSAGE][PASSED] - Text 'Your submission was successful, the analysis results will be delivered to you via email' is present on page 

2021-02-19 16:52:14 - [MESSAGE][PASSED] - Object 'Object Repository/SubmissionPage/Submission_SearchIcon' is visible

2021-02-19 16:52:14 - [MESSAGE][PASSED] - Object 'Object Repository/SubmissionPage/Submission_SearchIcon' is visible

2021-02-19 16:52:15 - [MESSAGE][PASSED] - Actual object 'http://www.company.com' and expected object 'http://www.company.com' are equal

2021-02-19 16:52:15 - [MESSAGE][PASSED] - customKeywords.commanFunctions.enterURLOfRegisterUser is PASSED

2021-02-19 16:52:15 - [TEST_STEP][PASSED] - customKeywords.commanFunctions.logOutAndcloseBrowser(): customKeywords.commanFunctions.logOutAndcloseBrowser is PASSED

2021-02-19 16:52:15 - [MESSAGE][PASSED] - Object 'Object Repository/LoginAndRigisterUser/AdminDD' is clickable

2021-02-19 16:52:15 - [MESSAGE][INFO] - Clicked on element with JS

2021-02-19 16:52:16 - [MESSAGE][INFO] - Clicked on element with JS

2021-02-19 16:52:17 - [MESSAGE][PASSED] - Delayed 1 second(s)

2021-02-19 16:52:18 - [MESSAGE][PASSED] - Browser is closed

2021-02-19 16:52:18 - [MESSAGE][PASSED] - customKeywords.commanFunctions.logOutAndcloseBrowser is PASSED]]></system-out>
         <system-err><![CDATA[]]></system-err>
      </testcase>
      <testcase name="Test Cases/UploadDiffURLs_RegisterUser/TC_As a register user, Successfully submit the URLWithPathParameters" time="32.388" classname="Test Cases/UploadDiffURLs_RegisterUser/TC_As a register user, Successfully submit the URLWithPathParameters" status="PASSED">
         <system-out><![CDATA[2021-02-19 16:52:18 - [TEST_CASE][PASSED] - Test Cases/UploadDiffURLs_RegisterUser/TC_As a register user, Successfully submit the URLWithPathParameters: Test Cases/UploadDiffURLs_RegisterUser/TC_As a register user, Successfully submit the URLWithPathParameters

2021-02-19 16:52:18 - [TEST_STEP][PASSED] - excelTestData = findTestData("Data Files/TestData/InspectTestData"): null

2021-02-19 16:52:18 - [TEST_STEP][PASSED] - sampleURL = excelTestData.getValue(2, 386): null

2021-02-19 16:52:18 - [TEST_STEP][PASSED] - rigisterUN = excelTestData.getValue(6, 23): null

2021-02-19 16:52:18 - [TEST_STEP][PASSED] - rigisterPW = excelTestData.getValue(3, 23): null

2021-02-19 16:52:18 - [TEST_STEP][PASSED] - customKeywords.commanFunctions.enterURLOfRegisterUser(sampleURL, rigisterUN, rigisterPW): customKeywords.commanFunctions.enterURLOfRegisterUser is PASSED

2021-02-19 16:52:18 - [MESSAGE][INFO] - Starting 'Chrome' driver

2021-02-19 16:52:18 - [MESSAGE][INFO] - Action delay is set to 0 milliseconds

2021-02-19 16:52:27 - [MESSAGE][PASSED] - Browser is opened with url: 'https://Inspect.Stage.site.sa'

2021-02-19 16:52:30 - [MESSAGE][PASSED] - Current window maximized

2021-02-19 16:52:30 - [MESSAGE][PASSED] - Wait for page load successfully

2021-02-19 16:52:30 - [MESSAGE][PASSED] - Object 'Object Repository/LoginAndRigisterUser/LoginLink' is clickable

2021-02-19 16:52:30 - [MESSAGE][INFO] - Clicked on element with JS

2021-02-19 16:52:31 - [MESSAGE][PASSED] - Keys 'Os-anelapatla@projects.site.sa' sent to object: 'Object Repository/LoginAndRigisterUser/UserName_Email_Input'

2021-02-19 16:52:31 - [MESSAGE][PASSED] - Keys 'Test@12345' sent to object: 'Object Repository/LoginAndRigisterUser/Password_Input'

2021-02-19 16:52:32 - [MESSAGE][PASSED] - Delayed 1 second(s)

2021-02-19 16:52:33 - [MESSAGE][PASSED] - Object 'Object Repository/LoginAndRigisterUser/LoginBtn' is clickable

2021-02-19 16:52:33 - [MESSAGE][INFO] - Clicked on element with JS

2021-02-19 16:52:35 - [MESSAGE][PASSED] - Keys '0' sent to object: 'Object Repository/LoginAndRigisterUser/otpOne'

2021-02-19 16:52:35 - [MESSAGE][PASSED] - Keys '0' sent to object: 'Object Repository/LoginAndRigisterUser/otpTwo'

2021-02-19 16:52:36 - [MESSAGE][PASSED] - Keys '0' sent to object: 'Object Repository/LoginAndRigisterUser/otpThree'

2021-02-19 16:52:37 - [MESSAGE][PASSED] - Keys '0' sent to object: 'Object Repository/LoginAndRigisterUser/otpFour'

2021-02-19 16:52:37 - [MESSAGE][PASSED] - Keys '0' sent to object: 'Object Repository/LoginAndRigisterUser/otpFive'

2021-02-19 16:52:38 - [MESSAGE][INFO] - Clicked on element with JS

2021-02-19 16:52:40 - [MESSAGE][PASSED] - Object: 'Object Repository/HomePage/URL_Tab' is clicked on

2021-02-19 16:52:42 - [MESSAGE][PASSED] - Keys 'http://www.company.com/showOrder.php' sent to object: 'Object Repository/HomePage/PleaseEnterURL_Input'

2021-02-19 16:52:43 - [MESSAGE][PASSED] - Object: 'Object Repository/HomePage/Window10RadioBtn' is clicked on

2021-02-19 16:52:44 - [MESSAGE][PASSED] - Object: 'Object Repository/HomePage/startAnalysis_EnableBtn' is clicked on

2021-02-19 16:52:46 - [MESSAGE][PASSED] - Text 'Your submission was successful, the analysis results will be delivered to you via email' is present on page 

2021-02-19 16:52:46 - [MESSAGE][PASSED] - Object 'Object Repository/SubmissionPage/Submission_SearchIcon' is visible

2021-02-19 16:52:47 - [MESSAGE][PASSED] - Object 'Object Repository/SubmissionPage/Submission_SearchIcon' is visible

2021-02-19 16:52:47 - [MESSAGE][PASSED] - Actual object 'http://www.company.com/showOrder.php' and expected object 'http://www.company.com/showOrder.php' are equal

2021-02-19 16:52:47 - [MESSAGE][PASSED] - customKeywords.commanFunctions.enterURLOfRegisterUser is PASSED

2021-02-19 16:52:47 - [TEST_STEP][PASSED] - customKeywords.commanFunctions.logOutAndcloseBrowser(): customKeywords.commanFunctions.logOutAndcloseBrowser is PASSED

2021-02-19 16:52:47 - [MESSAGE][PASSED] - Object 'Object Repository/LoginAndRigisterUser/AdminDD' is clickable

2021-02-19 16:52:48 - [MESSAGE][INFO] - Clicked on element with JS

2021-02-19 16:52:48 - [MESSAGE][INFO] - Clicked on element with JS

2021-02-19 16:52:49 - [MESSAGE][PASSED] - Delayed 1 second(s)

2021-02-19 16:52:50 - [MESSAGE][PASSED] - Browser is closed

2021-02-19 16:52:50 - [MESSAGE][PASSED] - customKeywords.commanFunctions.logOutAndcloseBrowser is PASSED]]></system-out>
         <system-err><![CDATA[]]></system-err>
      </testcase>
      <testcase name="Test Cases/UploadDiffURLs_RegisterUser/TC_As a register user, Successfully submit the URLWithQueryParameters" time="8.323" classname="Test Cases/UploadDiffURLs_RegisterUser/TC_As a register user, Successfully submit the URLWithQueryParameters" status="FAILED">
         <failure type="FAILED" message="Test Cases/UploadDiffURLs_RegisterUser/TC_As a register user, Successfully submit the URLWithQueryParameters FAILED.
Reason:
com.kms.katalon.core.exception.StepFailedException: Unable to maximize current window
	at com.kms.katalon.core.webui.keyword.internal.WebUIKeywordMain.stepFailed(WebUIKeywordMain.groovy:64)
	at com.kms.katalon.core.webui.keyword.internal.WebUIKeywordMain.runKeyword(WebUIKeywordMain.groovy:26)
	at com.kms.katalon.core.webui.keyword.builtin.MaximizeWindowKeyword.maximizeWindow(MaximizeWindowKeyword.groovy:74)
	at com.kms.katalon.core.webui.keyword.builtin.MaximizeWindowKeyword.execute(MaximizeWindowKeyword.groovy:69)
	at com.kms.katalon.core.keyword.internal.KeywordExecutor.executeKeywordForPlatform(KeywordExecutor.groovy:73)
	at com.kms.katalon.core.webui.keyword.WebUiBuiltInKeywords.maximizeWindow(WebUiBuiltInKeywords.groovy:280)
	at com.kms.katalon.core.webui.keyword.WebUiBuiltInKeywords$maximizeWindow$0.call(Unknown Source)
	at customKeywords.commanFunctions.openBrowser(commanFunctions.groovy:48)
	at customKeywords.commanFunctions.enterURLOfRegisterUser(commanFunctions.groovy:709)
	at customKeywords.commanFunctions.invokeMethod(commanFunctions.groovy)
	at com.kms.katalon.core.main.CustomKeywordDelegatingMetaClass.invokeStaticMethod(CustomKeywordDelegatingMetaClass.java:50)
	at TC_As a register user, Successfully submit the URLWithQueryParameters.run(TC_As a register user, Successfully submit the URLWithQueryParameters:18)
	at com.kms.katalon.core.main.ScriptEngine.run(ScriptEngine.java:194)
	at com.kms.katalon.core.main.ScriptEngine.runScriptAsRawText(ScriptEngine.java:119)
	at com.kms.katalon.core.main.TestCaseExecutor.runScript(TestCaseExecutor.java:394)
	at com.kms.katalon.core.main.TestCaseExecutor.doExecute(TestCaseExecutor.java:385)
	at com.kms.katalon.core.main.TestCaseExecutor.processExecutionPhase(TestCaseExecutor.java:364)
	at com.kms.katalon.core.main.TestCaseExecutor.accessMainPhase(TestCaseExecutor.java:356)
	at com.kms.katalon.core.main.TestCaseExecutor.execute(TestCaseExecutor.java:251)
	at com.kms.katalon.core.main.TestSuiteExecutor.accessTestCaseMainPhase(TestSuiteExecutor.java:203)
	at com.kms.katalon.core.main.TestSuiteExecutor.accessTestSuiteMainPhase(TestSuiteExecutor.java:152)
	at com.kms.katalon.core.main.TestSuiteExecutor.execute(TestSuiteExecutor.java:95)
	at com.kms.katalon.core.main.TestCaseMain.startTestSuite(TestCaseMain.java:157)
	at com.kms.katalon.core.main.TestCaseMain$startTestSuite$0.call(Unknown Source)
	at TempTestSuite1613733199540.run(TempTestSuite1613733199540.groovy:39)
Caused by: org.openqa.selenium.NoSuchWindowException: no such window: target window already closed
from unknown error: web view not found
  (Session info: chrome=86.0.4240.75)
Build info: version: '3.141.59', revision: 'e82be7d358', time: '2018-11-14T08:25:53'
System info: host: 'OMTPGCN1132568L', ip: '192.168.1.1', os.name: 'Windows 10', os.arch: 'amd64', os.version: '10.0', java.version: '1.8.0_181'
Driver info: com.kms.katalon.selenium.driver.CChromeDriver
Capabilities {acceptInsecureCerts: false, browserName: chrome, browserVersion: 86.0.4240.75, chrome: {chromedriverVersion: 86.0.4240.22 (398b0743353ff..., userDataDir: C:\Users\ashok\AppData\Loca...}, goog:chromeOptions: {debuggerAddress: localhost:51400}, javascriptEnabled: true, networkConnectionEnabled: false, pageLoadStrategy: normal, platform: WINDOWS, platformName: WINDOWS, proxy: Proxy(), setWindowRect: true, strictFileInteractability: false, timeouts: {implicit: 0, pageLoad: 300000, script: 30000}, unhandledPromptBehavior: dismiss and notify, webauthn:virtualAuthenticators: true}
Session ID: 2a36b2d2b295570eca45fcb7d0f1e873
	at org.openqa.selenium.remote.http.W3CHttpResponseCodec.createException(W3CHttpResponseCodec.java:187)
	at org.openqa.selenium.remote.http.W3CHttpResponseCodec.decode(W3CHttpResponseCodec.java:122)
	at org.openqa.selenium.remote.http.W3CHttpResponseCodec.decode(W3CHttpResponseCodec.java:49)
	at org.openqa.selenium.remote.HttpCommandExecutor.execute(HttpCommandExecutor.java:158)
	at org.openqa.selenium.remote.service.DriverCommandExecutor.execute(DriverCommandExecutor.java:83)
	at org.openqa.selenium.remote.RemoteWebDriver.execute(RemoteWebDriver.java:552)
	at com.kms.katalon.selenium.driver.CChromeDriver.execute(CChromeDriver.java:19)
	at org.openqa.selenium.remote.RemoteWebDriver.execute(RemoteWebDriver.java:609)
	at org.openqa.selenium.remote.RemoteWebDriver$RemoteWebDriverOptions$RemoteWindow.maximize(RemoteWebDriver.java:837)
	at org.openqa.selenium.support.events.EventFiringWebDriver$EventFiringWindow.maximize(EventFiringWebDriver.java:769)
	at com.kms.katalon.core.webui.keyword.builtin.MaximizeWindowKeyword$_maximizeWindow_closure1.doCall(MaximizeWindowKeyword.groovy:85)
	at com.kms.katalon.core.webui.keyword.builtin.MaximizeWindowKeyword$_maximizeWindow_closure1.call(MaximizeWindowKeyword.groovy)
	at com.kms.katalon.core.webui.keyword.internal.WebUIKeywordMain.runKeyword(WebUIKeywordMain.groovy:20)
	... 23 more
"/>
         <system-out><![CDATA[2021-02-19 16:52:50 - [TEST_CASE][FAILED] - Test Cases/UploadDiffURLs_RegisterUser/TC_As a register user, Successfully submit the URLWithQueryParameters: Test Cases/UploadDiffURLs_RegisterUser/TC_As a register user, Successfully submit the URLWithQueryParameters FAILED.
Reason:
com.kms.katalon.core.exception.StepFailedException: Unable to maximize current window
	at com.kms.katalon.core.webui.keyword.internal.WebUIKeywordMain.stepFailed(WebUIKeywordMain.groovy:64)
	at com.kms.katalon.core.webui.keyword.internal.WebUIKeywordMain.runKeyword(WebUIKeywordMain.groovy:26)
	at com.kms.katalon.core.webui.keyword.builtin.MaximizeWindowKeyword.maximizeWindow(MaximizeWindowKeyword.groovy:74)
	at com.kms.katalon.core.webui.keyword.builtin.MaximizeWindowKeyword.execute(MaximizeWindowKeyword.groovy:69)
	at com.kms.katalon.core.keyword.internal.KeywordExecutor.executeKeywordForPlatform(KeywordExecutor.groovy:73)
	at com.kms.katalon.core.webui.keyword.WebUiBuiltInKeywords.maximizeWindow(WebUiBuiltInKeywords.groovy:280)
	at com.kms.katalon.core.webui.keyword.WebUiBuiltInKeywords$maximizeWindow$0.call(Unknown Source)
	at customKeywords.commanFunctions.openBrowser(commanFunctions.groovy:48)
	at customKeywords.commanFunctions.enterURLOfRegisterUser(commanFunctions.groovy:709)
	at customKeywords.commanFunctions.invokeMethod(commanFunctions.groovy)
	at com.kms.katalon.core.main.CustomKeywordDelegatingMetaClass.invokeStaticMethod(CustomKeywordDelegatingMetaClass.java:50)
	at TC_As a register user, Successfully submit the URLWithQueryParameters.run(TC_As a register user, Successfully submit the URLWithQueryParameters:18)
	at com.kms.katalon.core.main.ScriptEngine.run(ScriptEngine.java:194)
	at com.kms.katalon.core.main.ScriptEngine.runScriptAsRawText(ScriptEngine.java:119)
	at com.kms.katalon.core.main.TestCaseExecutor.runScript(TestCaseExecutor.java:394)
	at com.kms.katalon.core.main.TestCaseExecutor.doExecute(TestCaseExecutor.java:385)
	at com.kms.katalon.core.main.TestCaseExecutor.processExecutionPhase(TestCaseExecutor.java:364)
	at com.kms.katalon.core.main.TestCaseExecutor.accessMainPhase(TestCaseExecutor.java:356)
	at com.kms.katalon.core.main.TestCaseExecutor.execute(TestCaseExecutor.java:251)
	at com.kms.katalon.core.main.TestSuiteExecutor.accessTestCaseMainPhase(TestSuiteExecutor.java:203)
	at com.kms.katalon.core.main.TestSuiteExecutor.accessTestSuiteMainPhase(TestSuiteExecutor.java:152)
	at com.kms.katalon.core.main.TestSuiteExecutor.execute(TestSuiteExecutor.java:95)
	at com.kms.katalon.core.main.TestCaseMain.startTestSuite(TestCaseMain.java:157)
	at com.kms.katalon.core.main.TestCaseMain$startTestSuite$0.call(Unknown Source)
	at TempTestSuite1613733199540.run(TempTestSuite1613733199540.groovy:39)
Caused by: org.openqa.selenium.NoSuchWindowException: no such window: target window already closed
from unknown error: web view not found
  (Session info: chrome=86.0.4240.75)
Build info: version: '3.141.59', revision: 'e82be7d358', time: '2018-11-14T08:25:53'
System info: host: 'OMTPGCN1132568L', ip: '192.168.1.1', os.name: 'Windows 10', os.arch: 'amd64', os.version: '10.0', java.version: '1.8.0_181'
Driver info: com.kms.katalon.selenium.driver.CChromeDriver
Capabilities {acceptInsecureCerts: false, browserName: chrome, browserVersion: 86.0.4240.75, chrome: {chromedriverVersion: 86.0.4240.22 (398b0743353ff..., userDataDir: C:\Users\ashok\AppData\Loca...}, goog:chromeOptions: {debuggerAddress: localhost:51400}, javascriptEnabled: true, networkConnectionEnabled: false, pageLoadStrategy: normal, platform: WINDOWS, platformName: WINDOWS, proxy: Proxy(), setWindowRect: true, strictFileInteractability: false, timeouts: {implicit: 0, pageLoad: 300000, script: 30000}, unhandledPromptBehavior: dismiss and notify, webauthn:virtualAuthenticators: true}
Session ID: 2a36b2d2b295570eca45fcb7d0f1e873
	at org.openqa.selenium.remote.http.W3CHttpResponseCodec.createException(W3CHttpResponseCodec.java:187)
	at org.openqa.selenium.remote.http.W3CHttpResponseCodec.decode(W3CHttpResponseCodec.java:122)
	at org.openqa.selenium.remote.http.W3CHttpResponseCodec.decode(W3CHttpResponseCodec.java:49)
	at org.openqa.selenium.remote.HttpCommandExecutor.execute(HttpCommandExecutor.java:158)
	at org.openqa.selenium.remote.service.DriverCommandExecutor.execute(DriverCommandExecutor.java:83)
	at org.openqa.selenium.remote.RemoteWebDriver.execute(RemoteWebDriver.java:552)
	at com.kms.katalon.selenium.driver.CChromeDriver.execute(CChromeDriver.java:19)
	at org.openqa.selenium.remote.RemoteWebDriver.execute(RemoteWebDriver.java:609)
	at org.openqa.selenium.remote.RemoteWebDriver$RemoteWebDriverOptions$RemoteWindow.maximize(RemoteWebDriver.java:837)
	at org.openqa.selenium.support.events.EventFiringWebDriver$EventFiringWindow.maximize(EventFiringWebDriver.java:769)
	at com.kms.katalon.core.webui.keyword.builtin.MaximizeWindowKeyword$_maximizeWindow_closure1.doCall(MaximizeWindowKeyword.groovy:85)
	at com.kms.katalon.core.webui.keyword.builtin.MaximizeWindowKeyword$_maximizeWindow_closure1.call(MaximizeWindowKeyword.groovy)
	at com.kms.katalon.core.webui.keyword.internal.WebUIKeywordMain.runKeyword(WebUIKeywordMain.groovy:20)
	... 23 more


2021-02-19 16:52:50 - [TEST_STEP][PASSED] - excelTestData = findTestData("Data Files/TestData/InspectTestData"): null

2021-02-19 16:52:50 - [TEST_STEP][PASSED] - sampleURL = excelTestData.getValue(2, 390): null

2021-02-19 16:52:50 - [TEST_STEP][PASSED] - rigisterUN = excelTestData.getValue(6, 23): null

2021-02-19 16:52:50 - [TEST_STEP][PASSED] - rigisterPW = excelTestData.getValue(3, 23): null

2021-02-19 16:52:50 - [TEST_STEP][FAILED] - customKeywords.commanFunctions.enterURLOfRegisterUser(sampleURL, rigisterUN, rigisterPW): Unable to maximize current window

2021-02-19 16:52:50 - [MESSAGE][INFO] - Starting 'Chrome' driver

2021-02-19 16:52:50 - [MESSAGE][INFO] - Action delay is set to 0 milliseconds

2021-02-19 16:52:57 - [MESSAGE][PASSED] - Browser is opened with url: 'https://Inspect.Stage.site.sa'

2021-02-19 16:52:58 - [MESSAGE][WARNING] - Cannot take screenshot

2021-02-19 16:52:58 - [MESSAGE][FAILED] - Unable to maximize current window (Root cause: com.kms.katalon.core.exception.StepFailedException: Unable to maximize current window
	at com.kms.katalon.core.webui.keyword.internal.WebUIKeywordMain.stepFailed(WebUIKeywordMain.groovy:64)
	at com.kms.katalon.core.webui.keyword.internal.WebUIKeywordMain.runKeyword(WebUIKeywordMain.groovy:26)
	at com.kms.katalon.core.webui.keyword.builtin.MaximizeWindowKeyword.maximizeWindow(MaximizeWindowKeyword.groovy:74)
	at com.kms.katalon.core.webui.keyword.builtin.MaximizeWindowKeyword.execute(MaximizeWindowKeyword.groovy:69)
	at com.kms.katalon.core.keyword.internal.KeywordExecutor.executeKeywordForPlatform(KeywordExecutor.groovy:73)
	at com.kms.katalon.core.webui.keyword.WebUiBuiltInKeywords.maximizeWindow(WebUiBuiltInKeywords.groovy:280)
	at com.kms.katalon.core.webui.keyword.WebUiBuiltInKeywords$maximizeWindow$0.call(Unknown Source)
	at customKeywords.commanFunctions.openBrowser(commanFunctions.groovy:48)
	at customKeywords.commanFunctions.enterURLOfRegisterUser(commanFunctions.groovy:709)
	at customKeywords.commanFunctions.invokeMethod(commanFunctions.groovy)
	at com.kms.katalon.core.main.CustomKeywordDelegatingMetaClass.invokeStaticMethod(CustomKeywordDelegatingMetaClass.java:50)
	at TC_As a register user, Successfully submit the URLWithQueryParameters.run(TC_As a register user, Successfully submit the URLWithQueryParameters:18)
	at com.kms.katalon.core.main.ScriptEngine.run(ScriptEngine.java:194)
	at com.kms.katalon.core.main.ScriptEngine.runScriptAsRawText(ScriptEngine.java:119)
	at com.kms.katalon.core.main.TestCaseExecutor.runScript(TestCaseExecutor.java:394)
	at com.kms.katalon.core.main.TestCaseExecutor.doExecute(TestCaseExecutor.java:385)
	at com.kms.katalon.core.main.TestCaseExecutor.processExecutionPhase(TestCaseExecutor.java:364)
	at com.kms.katalon.core.main.TestCaseExecutor.accessMainPhase(TestCaseExecutor.java:356)
	at com.kms.katalon.core.main.TestCaseExecutor.execute(TestCaseExecutor.java:251)
	at com.kms.katalon.core.main.TestSuiteExecutor.accessTestCaseMainPhase(TestSuiteExecutor.java:203)
	at com.kms.katalon.core.main.TestSuiteExecutor.accessTestSuiteMainPhase(TestSuiteExecutor.java:152)
	at com.kms.katalon.core.main.TestSuiteExecutor.execute(TestSuiteExecutor.java:95)
	at com.kms.katalon.core.main.TestCaseMain.startTestSuite(TestCaseMain.java:157)
	at com.kms.katalon.core.main.TestCaseMain$startTestSuite$0.call(Unknown Source)
	at TempTestSuite1613733199540.run(TempTestSuite1613733199540.groovy:39)
Caused by: org.openqa.selenium.NoSuchWindowException: no such window: target window already closed
from unknown error: web view not found
  (Session info: chrome=86.0.4240.75)
Build info: version: '3.141.59', revision: 'e82be7d358', time: '2018-11-14T08:25:53'
System info: host: 'OMTPGCN1132568L', ip: '192.168.1.1', os.name: 'Windows 10', os.arch: 'amd64', os.version: '10.0', java.version: '1.8.0_181'
Driver info: com.kms.katalon.selenium.driver.CChromeDriver
Capabilities {acceptInsecureCerts: false, browserName: chrome, browserVersion: 86.0.4240.75, chrome: {chromedriverVersion: 86.0.4240.22 (398b0743353ff..., userDataDir: C:\Users\ashok\AppData\Loca...}, goog:chromeOptions: {debuggerAddress: localhost:51400}, javascriptEnabled: true, networkConnectionEnabled: false, pageLoadStrategy: normal, platform: WINDOWS, platformName: WINDOWS, proxy: Proxy(), setWindowRect: true, strictFileInteractability: false, timeouts: {implicit: 0, pageLoad: 300000, script: 30000}, unhandledPromptBehavior: dismiss and notify, webauthn:virtualAuthenticators: true}
Session ID: 2a36b2d2b295570eca45fcb7d0f1e873
	at org.openqa.selenium.remote.http.W3CHttpResponseCodec.createException(W3CHttpResponseCodec.java:187)
	at org.openqa.selenium.remote.http.W3CHttpResponseCodec.decode(W3CHttpResponseCodec.java:122)
	at org.openqa.selenium.remote.http.W3CHttpResponseCodec.decode(W3CHttpResponseCodec.java:49)
	at org.openqa.selenium.remote.HttpCommandExecutor.execute(HttpCommandExecutor.java:158)
	at org.openqa.selenium.remote.service.DriverCommandExecutor.execute(DriverCommandExecutor.java:83)
	at org.openqa.selenium.remote.RemoteWebDriver.execute(RemoteWebDriver.java:552)
	at com.kms.katalon.selenium.driver.CChromeDriver.execute(CChromeDriver.java:19)
	at org.openqa.selenium.remote.RemoteWebDriver.execute(RemoteWebDriver.java:609)
	at org.openqa.selenium.remote.RemoteWebDriver$RemoteWebDriverOptions$RemoteWindow.maximize(RemoteWebDriver.java:837)
	at org.openqa.selenium.support.events.EventFiringWebDriver$EventFiringWindow.maximize(EventFiringWebDriver.java:769)
	at com.kms.katalon.core.webui.keyword.builtin.MaximizeWindowKeyword$_maximizeWindow_closure1.doCall(MaximizeWindowKeyword.groovy:85)
	at com.kms.katalon.core.webui.keyword.builtin.MaximizeWindowKeyword$_maximizeWindow_closure1.call(MaximizeWindowKeyword.groovy)
	at com.kms.katalon.core.webui.keyword.internal.WebUIKeywordMain.runKeyword(WebUIKeywordMain.groovy:20)
	at com.kms.katalon.core.webui.keyword.builtin.MaximizeWindowKeyword.maximizeWindow(MaximizeWindowKeyword.groovy:74)
	at com.kms.katalon.core.webui.keyword.builtin.MaximizeWindowKeyword.execute(MaximizeWindowKeyword.groovy:69)
	at com.kms.katalon.core.keyword.internal.KeywordExecutor.executeKeywordForPlatform(KeywordExecutor.groovy:73)
	at com.kms.katalon.core.webui.keyword.WebUiBuiltInKeywords.maximizeWindow(WebUiBuiltInKeywords.groovy:280)
	at com.kms.katalon.core.webui.keyword.WebUiBuiltInKeywords$maximizeWindow$0.call(Unknown Source)
	at customKeywords.commanFunctions.openBrowser(commanFunctions.groovy:48)
	at customKeywords.commanFunctions.enterURLOfRegisterUser(commanFunctions.groovy:709)
	at customKeywords.commanFunctions.invokeMethod(commanFunctions.groovy)
	at com.kms.katalon.core.main.CustomKeywordDelegatingMetaClass.invokeStaticMethod(CustomKeywordDelegatingMetaClass.java:50)
	at Script1613398000262.run(Script1613398000262.groovy:18)
	... 13 more
)

2021-02-19 16:52:58 - [MESSAGE][FAILED] - Unable to maximize current window

2021-02-19 16:52:58 - [TEST_STEP][PASSED] - Start tear down : tearDownMethodIfFailed: Method 'tearDownMethodIfFailed' complete successfully

2021-02-19 16:52:58 - [TEST_STEP][PASSED] - customKeywords.commanFunctions.onlyCloseBrowser(): customKeywords.commanFunctions.onlyCloseBrowser is PASSED

2021-02-19 16:52:58 - [MESSAGE][PASSED] - Browser is closed

2021-02-19 16:52:58 - [MESSAGE][PASSED] - customKeywords.commanFunctions.onlyCloseBrowser is PASSED

2021-02-19 16:52:58 - [TEST_STEP][PASSED] - logInfo("[--------This is tearDownIfFailed method------]"): [--------This is tearDownIfFailed method------]

2021-02-19 16:52:58 - [MESSAGE][INFO] - [--------This is tearDownIfFailed method------]

2021-02-19 16:52:58 - [MESSAGE][PASSED] - Method 'tearDownMethodIfFailed' complete successfully]]></system-out>
         <system-err><![CDATA[2021-02-19 16:52:50 - [TEST_CASE][FAILED] - Test Cases/UploadDiffURLs_RegisterUser/TC_As a register user, Successfully submit the URLWithQueryParameters: Test Cases/UploadDiffURLs_RegisterUser/TC_As a register user, Successfully submit the URLWithQueryParameters FAILED.
Reason:
com.kms.katalon.core.exception.StepFailedException: Unable to maximize current window
	at com.kms.katalon.core.webui.keyword.internal.WebUIKeywordMain.stepFailed(WebUIKeywordMain.groovy:64)
	at com.kms.katalon.core.webui.keyword.internal.WebUIKeywordMain.runKeyword(WebUIKeywordMain.groovy:26)
	at com.kms.katalon.core.webui.keyword.builtin.MaximizeWindowKeyword.maximizeWindow(MaximizeWindowKeyword.groovy:74)
	at com.kms.katalon.core.webui.keyword.builtin.MaximizeWindowKeyword.execute(MaximizeWindowKeyword.groovy:69)
	at com.kms.katalon.core.keyword.internal.KeywordExecutor.executeKeywordForPlatform(KeywordExecutor.groovy:73)
	at com.kms.katalon.core.webui.keyword.WebUiBuiltInKeywords.maximizeWindow(WebUiBuiltInKeywords.groovy:280)
	at com.kms.katalon.core.webui.keyword.WebUiBuiltInKeywords$maximizeWindow$0.call(Unknown Source)
	at customKeywords.commanFunctions.openBrowser(commanFunctions.groovy:48)
	at customKeywords.commanFunctions.enterURLOfRegisterUser(commanFunctions.groovy:709)
	at customKeywords.commanFunctions.invokeMethod(commanFunctions.groovy)
	at com.kms.katalon.core.main.CustomKeywordDelegatingMetaClass.invokeStaticMethod(CustomKeywordDelegatingMetaClass.java:50)
	at TC_As a register user, Successfully submit the URLWithQueryParameters.run(TC_As a register user, Successfully submit the URLWithQueryParameters:18)
	at com.kms.katalon.core.main.ScriptEngine.run(ScriptEngine.java:194)
	at com.kms.katalon.core.main.ScriptEngine.runScriptAsRawText(ScriptEngine.java:119)
	at com.kms.katalon.core.main.TestCaseExecutor.runScript(TestCaseExecutor.java:394)
	at com.kms.katalon.core.main.TestCaseExecutor.doExecute(TestCaseExecutor.java:385)
	at com.kms.katalon.core.main.TestCaseExecutor.processExecutionPhase(TestCaseExecutor.java:364)
	at com.kms.katalon.core.main.TestCaseExecutor.accessMainPhase(TestCaseExecutor.java:356)
	at com.kms.katalon.core.main.TestCaseExecutor.execute(TestCaseExecutor.java:251)
	at com.kms.katalon.core.main.TestSuiteExecutor.accessTestCaseMainPhase(TestSuiteExecutor.java:203)
	at com.kms.katalon.core.main.TestSuiteExecutor.accessTestSuiteMainPhase(TestSuiteExecutor.java:152)
	at com.kms.katalon.core.main.TestSuiteExecutor.execute(TestSuiteExecutor.java:95)
	at com.kms.katalon.core.main.TestCaseMain.startTestSuite(TestCaseMain.java:157)
	at com.kms.katalon.core.main.TestCaseMain$startTestSuite$0.call(Unknown Source)
	at TempTestSuite1613733199540.run(TempTestSuite1613733199540.groovy:39)
Caused by: org.openqa.selenium.NoSuchWindowException: no such window: target window already closed
from unknown error: web view not found
  (Session info: chrome=86.0.4240.75)
Build info: version: '3.141.59', revision: 'e82be7d358', time: '2018-11-14T08:25:53'
System info: host: 'OMTPGCN1132568L', ip: '192.168.1.1', os.name: 'Windows 10', os.arch: 'amd64', os.version: '10.0', java.version: '1.8.0_181'
Driver info: com.kms.katalon.selenium.driver.CChromeDriver
Capabilities {acceptInsecureCerts: false, browserName: chrome, browserVersion: 86.0.4240.75, chrome: {chromedriverVersion: 86.0.4240.22 (398b0743353ff..., userDataDir: C:\Users\ashok\AppData\Loca...}, goog:chromeOptions: {debuggerAddress: localhost:51400}, javascriptEnabled: true, networkConnectionEnabled: false, pageLoadStrategy: normal, platform: WINDOWS, platformName: WINDOWS, proxy: Proxy(), setWindowRect: true, strictFileInteractability: false, timeouts: {implicit: 0, pageLoad: 300000, script: 30000}, unhandledPromptBehavior: dismiss and notify, webauthn:virtualAuthenticators: true}
Session ID: 2a36b2d2b295570eca45fcb7d0f1e873
	at org.openqa.selenium.remote.http.W3CHttpResponseCodec.createException(W3CHttpResponseCodec.java:187)
	at org.openqa.selenium.remote.http.W3CHttpResponseCodec.decode(W3CHttpResponseCodec.java:122)
	at org.openqa.selenium.remote.http.W3CHttpResponseCodec.decode(W3CHttpResponseCodec.java:49)
	at org.openqa.selenium.remote.HttpCommandExecutor.execute(HttpCommandExecutor.java:158)
	at org.openqa.selenium.remote.service.DriverCommandExecutor.execute(DriverCommandExecutor.java:83)
	at org.openqa.selenium.remote.RemoteWebDriver.execute(RemoteWebDriver.java:552)
	at com.kms.katalon.selenium.driver.CChromeDriver.execute(CChromeDriver.java:19)
	at org.openqa.selenium.remote.RemoteWebDriver.execute(RemoteWebDriver.java:609)
	at org.openqa.selenium.remote.RemoteWebDriver$RemoteWebDriverOptions$RemoteWindow.maximize(RemoteWebDriver.java:837)
	at org.openqa.selenium.support.events.EventFiringWebDriver$EventFiringWindow.maximize(EventFiringWebDriver.java:769)
	at com.kms.katalon.core.webui.keyword.builtin.MaximizeWindowKeyword$_maximizeWindow_closure1.doCall(MaximizeWindowKeyword.groovy:85)
	at com.kms.katalon.core.webui.keyword.builtin.MaximizeWindowKeyword$_maximizeWindow_closure1.call(MaximizeWindowKeyword.groovy)
	at com.kms.katalon.core.webui.keyword.internal.WebUIKeywordMain.runKeyword(WebUIKeywordMain.groovy:20)
	... 23 more]]></system-err>
      </testcase>
      <testcase name="Test Cases/UploadDiffURLs_RegisterUser/TC_As register user , Trigger URL validation with invalid formats" time="15.762" classname="Test Cases/UploadDiffURLs_RegisterUser/TC_As register user , Trigger URL validation with invalid formats" status="FAILED">
         <failure type="FAILED" message="Test Cases/UploadDiffURLs_RegisterUser/TC_As register user , Trigger URL validation with invalid formats FAILED.
Reason:
com.kms.katalon.core.exception.StepFailedException: Unable to wait for object 'Object Repository/LoginAndRigisterUser/LoginBtn' to be clickable
	at com.kms.katalon.core.webui.keyword.internal.WebUIKeywordMain.stepFailed(WebUIKeywordMain.groovy:64)
	at com.kms.katalon.core.webui.keyword.internal.WebUIKeywordMain.runKeyword(WebUIKeywordMain.groovy:26)
	at com.kms.katalon.core.webui.keyword.internal.WebUIKeywordMain$runKeyword.call(Unknown Source)
	at com.kms.katalon.core.webui.keyword.builtin.WaitForElementClickableKeyword.waitForElementClickable(WaitForElementClickableKeyword.groovy:107)
	at com.kms.katalon.core.webui.keyword.builtin.WaitForElementClickableKeyword.execute(WaitForElementClickableKeyword.groovy:68)
	at com.kms.katalon.core.keyword.internal.KeywordExecutor.executeKeywordForPlatform(KeywordExecutor.groovy:73)
	at com.kms.katalon.core.webui.keyword.WebUiBuiltInKeywords.waitForElementClickable(WebUiBuiltInKeywords.groovy:501)
	at com.kms.katalon.core.webui.keyword.WebUiBuiltInKeywords$waitForElementClickable$2.call(Unknown Source)
	at customKeywords.commanFunctions.logIntoBrowserWithReqCredentials(commanFunctions.groovy:72)
	at customKeywords.commanFunctions.invokeMethod(commanFunctions.groovy)
	at com.kms.katalon.core.main.CustomKeywordDelegatingMetaClass.invokeStaticMethod(CustomKeywordDelegatingMetaClass.java:50)
	at TC_As register user , Trigger URL validation with invalid formats.run(TC_As register user , Trigger URL validation with invalid formats:27)
	at com.kms.katalon.core.main.ScriptEngine.run(ScriptEngine.java:194)
	at com.kms.katalon.core.main.ScriptEngine.runScriptAsRawText(ScriptEngine.java:119)
	at com.kms.katalon.core.main.TestCaseExecutor.runScript(TestCaseExecutor.java:394)
	at com.kms.katalon.core.main.TestCaseExecutor.doExecute(TestCaseExecutor.java:385)
	at com.kms.katalon.core.main.TestCaseExecutor.processExecutionPhase(TestCaseExecutor.java:364)
	at com.kms.katalon.core.main.TestCaseExecutor.accessMainPhase(TestCaseExecutor.java:356)
	at com.kms.katalon.core.main.TestCaseExecutor.execute(TestCaseExecutor.java:251)
	at com.kms.katalon.core.main.TestSuiteExecutor.accessTestCaseMainPhase(TestSuiteExecutor.java:203)
	at com.kms.katalon.core.main.TestSuiteExecutor.accessTestSuiteMainPhase(TestSuiteExecutor.java:152)
	at com.kms.katalon.core.main.TestSuiteExecutor.execute(TestSuiteExecutor.java:95)
	at com.kms.katalon.core.main.TestCaseMain.startTestSuite(TestCaseMain.java:157)
	at com.kms.katalon.core.main.TestCaseMain$startTestSuite$0.call(Unknown Source)
	at TempTestSuite1613733199540.run(TempTestSuite1613733199540.groovy:39)
Caused by: org.openqa.selenium.NoSuchWindowException: no such window: target window already closed
from unknown error: web view not found
  (Session info: chrome=86.0.4240.75)
Build info: version: '3.141.59', revision: 'e82be7d358', time: '2018-11-14T08:25:53'
System info: host: 'OMTPGCN1132568L', ip: '192.168.1.1', os.name: 'Windows 10', os.arch: 'amd64', os.version: '10.0', java.version: '1.8.0_181'
Driver info: com.kms.katalon.selenium.driver.CChromeDriver
Capabilities {acceptInsecureCerts: false, browserName: chrome, browserVersion: 86.0.4240.75, chrome: {chromedriverVersion: 86.0.4240.22 (398b0743353ff..., userDataDir: C:\Users\ashok\AppData\Loca...}, goog:chromeOptions: {debuggerAddress: localhost:51418}, javascriptEnabled: true, networkConnectionEnabled: false, pageLoadStrategy: normal, platform: WINDOWS, platformName: WINDOWS, proxy: Proxy(), setWindowRect: true, strictFileInteractability: false, timeouts: {implicit: 0, pageLoad: 300000, script: 30000}, unhandledPromptBehavior: dismiss and notify, webauthn:virtualAuthenticators: true}
Session ID: 0b77bc9f3527144f25b85f1322b41151
*** Element info: {Using=xpath, value=//app-header/nz-layout[1]/nz-content[1]/app-login[1]/div[2]/div[1]/form[1]/button[1]}
	at org.openqa.selenium.remote.http.W3CHttpResponseCodec.createException(W3CHttpResponseCodec.java:187)
	at org.openqa.selenium.remote.http.W3CHttpResponseCodec.decode(W3CHttpResponseCodec.java:122)
	at org.openqa.selenium.remote.http.W3CHttpResponseCodec.decode(W3CHttpResponseCodec.java:49)
	at org.openqa.selenium.remote.HttpCommandExecutor.execute(HttpCommandExecutor.java:158)
	at org.openqa.selenium.remote.service.DriverCommandExecutor.execute(DriverCommandExecutor.java:83)
	at org.openqa.selenium.remote.RemoteWebDriver.execute(RemoteWebDriver.java:552)
	at com.kms.katalon.selenium.driver.CChromeDriver.execute(CChromeDriver.java:19)
	at org.openqa.selenium.remote.RemoteWebDriver.findElements(RemoteWebDriver.java:353)
	at org.openqa.selenium.remote.RemoteWebDriver.findElementsByXPath(RemoteWebDriver.java:432)
	at org.openqa.selenium.By$ByXPath.findElements(By.java:348)
	at org.openqa.selenium.remote.RemoteWebDriver.findElements(RemoteWebDriver.java:311)
	at org.openqa.selenium.support.events.EventFiringWebDriver.lambda$new$1(EventFiringWebDriver.java:105)
	at com.sun.proxy.$Proxy11.findElements(Unknown Source)
	at org.openqa.selenium.support.events.EventFiringWebDriver.findElements(EventFiringWebDriver.java:182)
	at com.kms.katalon.core.webui.common.WebUiCommonHelper.findElementByNormalMethods(WebUiCommonHelper.java:1014)
	at com.kms.katalon.core.webui.common.WebUiCommonHelper.findElementsBySelectedMethod(WebUiCommonHelper.java:903)
	at com.kms.katalon.core.webui.common.WebUiCommonHelper.findElementsBySelectedMethod(WebUiCommonHelper.java:892)
	at com.kms.katalon.core.webui.common.WebUiCommonHelper.findElementsBySelectedMethod(WebUiCommonHelper.java:887)
	at com.kms.katalon.core.webui.common.WebUiCommonHelper.findElementsByDefault(WebUiCommonHelper.java:883)
	at com.kms.katalon.core.webui.common.WebUiCommonHelper.findElementsWithSelfHealing(WebUiCommonHelper.java:733)
	at com.kms.katalon.core.webui.common.WebUiCommonHelper.findWebElements(WebUiCommonHelper.java:718)
	at com.kms.katalon.core.webui.common.WebUiCommonHelper.findWebElement(WebUiCommonHelper.java:1364)
	at com.kms.katalon.core.webui.keyword.internal.WebUIAbstractKeyword.findWebElement(WebUIAbstractKeyword.groovy:27)
	at com.kms.katalon.core.webui.keyword.internal.WebUIAbstractKeyword$findWebElement.call(Unknown Source)
	at com.kms.katalon.core.webui.keyword.builtin.WaitForElementClickableKeyword$_waitForElementClickable_closure1.doCall(WaitForElementClickableKeyword.groovy:79)
	at com.kms.katalon.core.webui.keyword.builtin.WaitForElementClickableKeyword$_waitForElementClickable_closure1.doCall(WaitForElementClickableKeyword.groovy)
	at com.kms.katalon.core.webui.keyword.internal.WebUIKeywordMain.runKeyword(WebUIKeywordMain.groovy:20)
	... 23 more
"/>
         <system-out><![CDATA[2021-02-19 16:52:58 - [TEST_CASE][FAILED] - Test Cases/UploadDiffURLs_RegisterUser/TC_As register user , Trigger URL validation with invalid formats: Test Cases/UploadDiffURLs_RegisterUser/TC_As register user , Trigger URL validation with invalid formats FAILED.
Reason:
com.kms.katalon.core.exception.StepFailedException: Unable to wait for object 'Object Repository/LoginAndRigisterUser/LoginBtn' to be clickable
	at com.kms.katalon.core.webui.keyword.internal.WebUIKeywordMain.stepFailed(WebUIKeywordMain.groovy:64)
	at com.kms.katalon.core.webui.keyword.internal.WebUIKeywordMain.runKeyword(WebUIKeywordMain.groovy:26)
	at com.kms.katalon.core.webui.keyword.internal.WebUIKeywordMain$runKeyword.call(Unknown Source)
	at com.kms.katalon.core.webui.keyword.builtin.WaitForElementClickableKeyword.waitForElementClickable(WaitForElementClickableKeyword.groovy:107)
	at com.kms.katalon.core.webui.keyword.builtin.WaitForElementClickableKeyword.execute(WaitForElementClickableKeyword.groovy:68)
	at com.kms.katalon.core.keyword.internal.KeywordExecutor.executeKeywordForPlatform(KeywordExecutor.groovy:73)
	at com.kms.katalon.core.webui.keyword.WebUiBuiltInKeywords.waitForElementClickable(WebUiBuiltInKeywords.groovy:501)
	at com.kms.katalon.core.webui.keyword.WebUiBuiltInKeywords$waitForElementClickable$2.call(Unknown Source)
	at customKeywords.commanFunctions.logIntoBrowserWithReqCredentials(commanFunctions.groovy:72)
	at customKeywords.commanFunctions.invokeMethod(commanFunctions.groovy)
	at com.kms.katalon.core.main.CustomKeywordDelegatingMetaClass.invokeStaticMethod(CustomKeywordDelegatingMetaClass.java:50)
	at TC_As register user , Trigger URL validation with invalid formats.run(TC_As register user , Trigger URL validation with invalid formats:27)
	at com.kms.katalon.core.main.ScriptEngine.run(ScriptEngine.java:194)
	at com.kms.katalon.core.main.ScriptEngine.runScriptAsRawText(ScriptEngine.java:119)
	at com.kms.katalon.core.main.TestCaseExecutor.runScript(TestCaseExecutor.java:394)
	at com.kms.katalon.core.main.TestCaseExecutor.doExecute(TestCaseExecutor.java:385)
	at com.kms.katalon.core.main.TestCaseExecutor.processExecutionPhase(TestCaseExecutor.java:364)
	at com.kms.katalon.core.main.TestCaseExecutor.accessMainPhase(TestCaseExecutor.java:356)
	at com.kms.katalon.core.main.TestCaseExecutor.execute(TestCaseExecutor.java:251)
	at com.kms.katalon.core.main.TestSuiteExecutor.accessTestCaseMainPhase(TestSuiteExecutor.java:203)
	at com.kms.katalon.core.main.TestSuiteExecutor.accessTestSuiteMainPhase(TestSuiteExecutor.java:152)
	at com.kms.katalon.core.main.TestSuiteExecutor.execute(TestSuiteExecutor.java:95)
	at com.kms.katalon.core.main.TestCaseMain.startTestSuite(TestCaseMain.java:157)
	at com.kms.katalon.core.main.TestCaseMain$startTestSuite$0.call(Unknown Source)
	at TempTestSuite1613733199540.run(TempTestSuite1613733199540.groovy:39)
Caused by: org.openqa.selenium.NoSuchWindowException: no such window: target window already closed
from unknown error: web view not found
  (Session info: chrome=86.0.4240.75)
Build info: version: '3.141.59', revision: 'e82be7d358', time: '2018-11-14T08:25:53'
System info: host: 'OMTPGCN1132568L', ip: '192.168.1.1', os.name: 'Windows 10', os.arch: 'amd64', os.version: '10.0', java.version: '1.8.0_181'
Driver info: com.kms.katalon.selenium.driver.CChromeDriver
Capabilities {acceptInsecureCerts: false, browserName: chrome, browserVersion: 86.0.4240.75, chrome: {chromedriverVersion: 86.0.4240.22 (398b0743353ff..., userDataDir: C:\Users\ashok\AppData\Loca...}, goog:chromeOptions: {debuggerAddress: localhost:51418}, javascriptEnabled: true, networkConnectionEnabled: false, pageLoadStrategy: normal, platform: WINDOWS, platformName: WINDOWS, proxy: Proxy(), setWindowRect: true, strictFileInteractability: false, timeouts: {implicit: 0, pageLoad: 300000, script: 30000}, unhandledPromptBehavior: dismiss and notify, webauthn:virtualAuthenticators: true}
Session ID: 0b77bc9f3527144f25b85f1322b41151
*** Element info: {Using=xpath, value=//app-header/nz-layout[1]/nz-content[1]/app-login[1]/div[2]/div[1]/form[1]/button[1]}
	at org.openqa.selenium.remote.http.W3CHttpResponseCodec.createException(W3CHttpResponseCodec.java:187)
	at org.openqa.selenium.remote.http.W3CHttpResponseCodec.decode(W3CHttpResponseCodec.java:122)
	at org.openqa.selenium.remote.http.W3CHttpResponseCodec.decode(W3CHttpResponseCodec.java:49)
	at org.openqa.selenium.remote.HttpCommandExecutor.execute(HttpCommandExecutor.java:158)
	at org.openqa.selenium.remote.service.DriverCommandExecutor.execute(DriverCommandExecutor.java:83)
	at org.openqa.selenium.remote.RemoteWebDriver.execute(RemoteWebDriver.java:552)
	at com.kms.katalon.selenium.driver.CChromeDriver.execute(CChromeDriver.java:19)
	at org.openqa.selenium.remote.RemoteWebDriver.findElements(RemoteWebDriver.java:353)
	at org.openqa.selenium.remote.RemoteWebDriver.findElementsByXPath(RemoteWebDriver.java:432)
	at org.openqa.selenium.By$ByXPath.findElements(By.java:348)
	at org.openqa.selenium.remote.RemoteWebDriver.findElements(RemoteWebDriver.java:311)
	at org.openqa.selenium.support.events.EventFiringWebDriver.lambda$new$1(EventFiringWebDriver.java:105)
	at com.sun.proxy.$Proxy11.findElements(Unknown Source)
	at org.openqa.selenium.support.events.EventFiringWebDriver.findElements(EventFiringWebDriver.java:182)
	at com.kms.katalon.core.webui.common.WebUiCommonHelper.findElementByNormalMethods(WebUiCommonHelper.java:1014)
	at com.kms.katalon.core.webui.common.WebUiCommonHelper.findElementsBySelectedMethod(WebUiCommonHelper.java:903)
	at com.kms.katalon.core.webui.common.WebUiCommonHelper.findElementsBySelectedMethod(WebUiCommonHelper.java:892)
	at com.kms.katalon.core.webui.common.WebUiCommonHelper.findElementsBySelectedMethod(WebUiCommonHelper.java:887)
	at com.kms.katalon.core.webui.common.WebUiCommonHelper.findElementsByDefault(WebUiCommonHelper.java:883)
	at com.kms.katalon.core.webui.common.WebUiCommonHelper.findElementsWithSelfHealing(WebUiCommonHelper.java:733)
	at com.kms.katalon.core.webui.common.WebUiCommonHelper.findWebElements(WebUiCommonHelper.java:718)
	at com.kms.katalon.core.webui.common.WebUiCommonHelper.findWebElement(WebUiCommonHelper.java:1364)
	at com.kms.katalon.core.webui.keyword.internal.WebUIAbstractKeyword.findWebElement(WebUIAbstractKeyword.groovy:27)
	at com.kms.katalon.core.webui.keyword.internal.WebUIAbstractKeyword$findWebElement.call(Unknown Source)
	at com.kms.katalon.core.webui.keyword.builtin.WaitForElementClickableKeyword$_waitForElementClickable_closure1.doCall(WaitForElementClickableKeyword.groovy:79)
	at com.kms.katalon.core.webui.keyword.builtin.WaitForElementClickableKeyword$_waitForElementClickable_closure1.doCall(WaitForElementClickableKeyword.groovy)
	at com.kms.katalon.core.webui.keyword.internal.WebUIKeywordMain.runKeyword(WebUIKeywordMain.groovy:20)
	... 23 more


2021-02-19 16:52:58 - [TEST_STEP][PASSED] - excelTestData = findTestData("Data Files/TestData/InspectTestData"): null

2021-02-19 16:52:58 - [TEST_STEP][PASSED] - obj = findTestObject("LoginAndRigisterUser/LoginLink"): null

2021-02-19 16:52:59 - [TEST_STEP][PASSED] - customKeywords.commanFunctions.openBrowser(): customKeywords.commanFunctions.openBrowser is PASSED

2021-02-19 16:52:59 - [MESSAGE][INFO] - Starting 'Chrome' driver

2021-02-19 16:52:59 - [MESSAGE][INFO] - Action delay is set to 0 milliseconds

2021-02-19 16:53:08 - [MESSAGE][PASSED] - Browser is opened with url: 'https://Inspect.Stage.site.sa'

2021-02-19 16:53:10 - [MESSAGE][PASSED] - Current window maximized

2021-02-19 16:53:10 - [MESSAGE][PASSED] - Wait for page load successfully

2021-02-19 16:53:10 - [MESSAGE][PASSED] - customKeywords.commanFunctions.openBrowser is PASSED

2021-02-19 16:53:10 - [TEST_STEP][PASSED] - waitForElementClickable(findTestObject("LoginAndRigisterUser/LoginLink"), TimeOut): Object 'Object Repository/LoginAndRigisterUser/LoginLink' is clickable

2021-02-19 16:53:11 - [MESSAGE][PASSED] - Object 'Object Repository/LoginAndRigisterUser/LoginLink' is clickable

2021-02-19 16:53:11 - [TEST_STEP][PASSED] - customKeywords.commanFunctions.clickElementWithJS(obj): customKeywords.commanFunctions.clickElementWithJS is PASSED

2021-02-19 16:53:11 - [MESSAGE][INFO] - Clicked on element with JS

2021-02-19 16:53:11 - [MESSAGE][PASSED] - customKeywords.commanFunctions.clickElementWithJS is PASSED

2021-02-19 16:53:11 - [TEST_STEP][PASSED] - rigisterUN = excelTestData.getValue(2, 23): null

2021-02-19 16:53:11 - [TEST_STEP][PASSED] - rigisterPW = excelTestData.getValue(3, 23): null

2021-02-19 16:53:11 - [TEST_STEP][FAILED] - customKeywords.commanFunctions.logIntoBrowserWithReqCredentials(rigisterUN, rigisterPW): Unable to wait for object 'Object Repository/LoginAndRigisterUser/LoginBtn' to be clickable

2021-02-19 16:53:12 - [MESSAGE][PASSED] - Keys 'Os-ARahman@projects.site.sa' sent to object: 'Object Repository/LoginAndRigisterUser/UserName_Email_Input'

2021-02-19 16:53:12 - [MESSAGE][PASSED] - Keys 'Test@12345' sent to object: 'Object Repository/LoginAndRigisterUser/Password_Input'

2021-02-19 16:53:13 - [MESSAGE][PASSED] - Delayed 1 second(s)

2021-02-19 16:53:13 - [MESSAGE][WARNING] - [SELF-HEALING] Failed to find element with id 'Object Repository/LoginAndRigisterUser/LoginBtn'. Try using Self-healing.

2021-02-19 16:53:13 - [MESSAGE][ERROR] - [SELF-HEALING] java.lang.IllegalStateException: Expected BEGIN_OBJECT but was STRING at line 1 column 1 path $

2021-02-19 16:53:13 - [MESSAGE][WARNING] - [SELF-HEALING] Cannot find elements when the XPath is null.

2021-02-19 16:53:13 - [MESSAGE][WARNING] - [SELF-HEALING] Cannot find elements when the selector is null

2021-02-19 16:53:13 - [MESSAGE][WARNING] - Cannot take screenshot

2021-02-19 16:53:13 - [MESSAGE][FAILED] - Unable to wait for object 'Object Repository/LoginAndRigisterUser/LoginBtn' to be clickable (Root cause: com.kms.katalon.core.exception.StepFailedException: Unable to wait for object 'Object Repository/LoginAndRigisterUser/LoginBtn' to be clickable
	at com.kms.katalon.core.webui.keyword.internal.WebUIKeywordMain.stepFailed(WebUIKeywordMain.groovy:64)
	at com.kms.katalon.core.webui.keyword.internal.WebUIKeywordMain.runKeyword(WebUIKeywordMain.groovy:26)
	at com.kms.katalon.core.webui.keyword.internal.WebUIKeywordMain$runKeyword.call(Unknown Source)
	at com.kms.katalon.core.webui.keyword.builtin.WaitForElementClickableKeyword.waitForElementClickable(WaitForElementClickableKeyword.groovy:107)
	at com.kms.katalon.core.webui.keyword.builtin.WaitForElementClickableKeyword.execute(WaitForElementClickableKeyword.groovy:68)
	at com.kms.katalon.core.keyword.internal.KeywordExecutor.executeKeywordForPlatform(KeywordExecutor.groovy:73)
	at com.kms.katalon.core.webui.keyword.WebUiBuiltInKeywords.waitForElementClickable(WebUiBuiltInKeywords.groovy:501)
	at com.kms.katalon.core.webui.keyword.WebUiBuiltInKeywords$waitForElementClickable$2.call(Unknown Source)
	at customKeywords.commanFunctions.logIntoBrowserWithReqCredentials(commanFunctions.groovy:72)
	at customKeywords.commanFunctions.invokeMethod(commanFunctions.groovy)
	at com.kms.katalon.core.main.CustomKeywordDelegatingMetaClass.invokeStaticMethod(CustomKeywordDelegatingMetaClass.java:50)
	at TC_As register user , Trigger URL validation with invalid formats.run(TC_As register user , Trigger URL validation with invalid formats:27)
	at com.kms.katalon.core.main.ScriptEngine.run(ScriptEngine.java:194)
	at com.kms.katalon.core.main.ScriptEngine.runScriptAsRawText(ScriptEngine.java:119)
	at com.kms.katalon.core.main.TestCaseExecutor.runScript(TestCaseExecutor.java:394)
	at com.kms.katalon.core.main.TestCaseExecutor.doExecute(TestCaseExecutor.java:385)
	at com.kms.katalon.core.main.TestCaseExecutor.processExecutionPhase(TestCaseExecutor.java:364)
	at com.kms.katalon.core.main.TestCaseExecutor.accessMainPhase(TestCaseExecutor.java:356)
	at com.kms.katalon.core.main.TestCaseExecutor.execute(TestCaseExecutor.java:251)
	at com.kms.katalon.core.main.TestSuiteExecutor.accessTestCaseMainPhase(TestSuiteExecutor.java:203)
	at com.kms.katalon.core.main.TestSuiteExecutor.accessTestSuiteMainPhase(TestSuiteExecutor.java:152)
	at com.kms.katalon.core.main.TestSuiteExecutor.execute(TestSuiteExecutor.java:95)
	at com.kms.katalon.core.main.TestCaseMain.startTestSuite(TestCaseMain.java:157)
	at com.kms.katalon.core.main.TestCaseMain$startTestSuite$0.call(Unknown Source)
	at TempTestSuite1613733199540.run(TempTestSuite1613733199540.groovy:39)
Caused by: org.openqa.selenium.NoSuchWindowException: no such window: target window already closed
from unknown error: web view not found
  (Session info: chrome=86.0.4240.75)
Build info: version: '3.141.59', revision: 'e82be7d358', time: '2018-11-14T08:25:53'
System info: host: 'OMTPGCN1132568L', ip: '192.168.1.1', os.name: 'Windows 10', os.arch: 'amd64', os.version: '10.0', java.version: '1.8.0_181'
Driver info: com.kms.katalon.selenium.driver.CChromeDriver
Capabilities {acceptInsecureCerts: false, browserName: chrome, browserVersion: 86.0.4240.75, chrome: {chromedriverVersion: 86.0.4240.22 (398b0743353ff..., userDataDir: C:\Users\ashok\AppData\Loca...}, goog:chromeOptions: {debuggerAddress: localhost:51418}, javascriptEnabled: true, networkConnectionEnabled: false, pageLoadStrategy: normal, platform: WINDOWS, platformName: WINDOWS, proxy: Proxy(), setWindowRect: true, strictFileInteractability: false, timeouts: {implicit: 0, pageLoad: 300000, script: 30000}, unhandledPromptBehavior: dismiss and notify, webauthn:virtualAuthenticators: true}
Session ID: 0b77bc9f3527144f25b85f1322b41151
*** Element info: {Using=xpath, value=//app-header/nz-layout[1]/nz-content[1]/app-login[1]/div[2]/div[1]/form[1]/button[1]}
	at org.openqa.selenium.remote.http.W3CHttpResponseCodec.createException(W3CHttpResponseCodec.java:187)
	at org.openqa.selenium.remote.http.W3CHttpResponseCodec.decode(W3CHttpResponseCodec.java:122)
	at org.openqa.selenium.remote.http.W3CHttpResponseCodec.decode(W3CHttpResponseCodec.java:49)
	at org.openqa.selenium.remote.HttpCommandExecutor.execute(HttpCommandExecutor.java:158)
	at org.openqa.selenium.remote.service.DriverCommandExecutor.execute(DriverCommandExecutor.java:83)
	at org.openqa.selenium.remote.RemoteWebDriver.execute(RemoteWebDriver.java:552)
	at com.kms.katalon.selenium.driver.CChromeDriver.execute(CChromeDriver.java:19)
	at org.openqa.selenium.remote.RemoteWebDriver.findElements(RemoteWebDriver.java:353)
	at org.openqa.selenium.remote.RemoteWebDriver.findElementsByXPath(RemoteWebDriver.java:432)
	at org.openqa.selenium.By$ByXPath.findElements(By.java:348)
	at org.openqa.selenium.remote.RemoteWebDriver.findElements(RemoteWebDriver.java:311)
	at org.openqa.selenium.support.events.EventFiringWebDriver.lambda$new$1(EventFiringWebDriver.java:105)
	at com.sun.proxy.$Proxy11.findElements(Unknown Source)
	at org.openqa.selenium.support.events.EventFiringWebDriver.findElements(EventFiringWebDriver.java:182)
	at com.kms.katalon.core.webui.common.WebUiCommonHelper.findElementByNormalMethods(WebUiCommonHelper.java:1014)
	at com.kms.katalon.core.webui.common.WebUiCommonHelper.findElementsBySelectedMethod(WebUiCommonHelper.java:903)
	at com.kms.katalon.core.webui.common.WebUiCommonHelper.findElementsBySelectedMethod(WebUiCommonHelper.java:892)
	at com.kms.katalon.core.webui.common.WebUiCommonHelper.findElementsBySelectedMethod(WebUiCommonHelper.java:887)
	at com.kms.katalon.core.webui.common.WebUiCommonHelper.findElementsByDefault(WebUiCommonHelper.java:883)
	at com.kms.katalon.core.webui.common.WebUiCommonHelper.findElementsWithSelfHealing(WebUiCommonHelper.java:733)
	at com.kms.katalon.core.webui.common.WebUiCommonHelper.findWebElements(WebUiCommonHelper.java:718)
	at com.kms.katalon.core.webui.common.WebUiCommonHelper.findWebElement(WebUiCommonHelper.java:1364)
	at com.kms.katalon.core.webui.keyword.internal.WebUIAbstractKeyword.findWebElement(WebUIAbstractKeyword.groovy:27)
	at com.kms.katalon.core.webui.keyword.internal.WebUIAbstractKeyword$findWebElement.call(Unknown Source)
	at com.kms.katalon.core.webui.keyword.builtin.WaitForElementClickableKeyword$_waitForElementClickable_closure1.doCall(WaitForElementClickableKeyword.groovy:79)
	at com.kms.katalon.core.webui.keyword.builtin.WaitForElementClickableKeyword$_waitForElementClickable_closure1.doCall(WaitForElementClickableKeyword.groovy)
	at com.kms.katalon.core.webui.keyword.internal.WebUIKeywordMain.runKeyword(WebUIKeywordMain.groovy:20)
	at com.kms.katalon.core.webui.keyword.internal.WebUIKeywordMain$runKeyword.call(Unknown Source)
	at com.kms.katalon.core.webui.keyword.builtin.WaitForElementClickableKeyword.waitForElementClickable(WaitForElementClickableKeyword.groovy:107)
	at com.kms.katalon.core.webui.keyword.builtin.WaitForElementClickableKeyword.execute(WaitForElementClickableKeyword.groovy:68)
	at com.kms.katalon.core.keyword.internal.KeywordExecutor.executeKeywordForPlatform(KeywordExecutor.groovy:73)
	at com.kms.katalon.core.webui.keyword.WebUiBuiltInKeywords.waitForElementClickable(WebUiBuiltInKeywords.groovy:501)
	at com.kms.katalon.core.webui.keyword.WebUiBuiltInKeywords$waitForElementClickable$2.call(Unknown Source)
	at customKeywords.commanFunctions.logIntoBrowserWithReqCredentials(commanFunctions.groovy:72)
	at customKeywords.commanFunctions.invokeMethod(commanFunctions.groovy)
	at com.kms.katalon.core.main.CustomKeywordDelegatingMetaClass.invokeStaticMethod(CustomKeywordDelegatingMetaClass.java:50)
	at Script1613400109308.run(Script1613400109308.groovy:27)
	... 13 more
)

2021-02-19 16:53:13 - [MESSAGE][FAILED] - Unable to wait for object 'Object Repository/LoginAndRigisterUser/LoginBtn' to be clickable

2021-02-19 16:53:13 - [TEST_STEP][PASSED] - Start tear down : tearDownMethodIfFailed: Method 'tearDownMethodIfFailed' complete successfully

2021-02-19 16:53:13 - [TEST_STEP][PASSED] - customKeywords.commanFunctions.onlyCloseBrowser(): customKeywords.commanFunctions.onlyCloseBrowser is PASSED

2021-02-19 16:53:14 - [MESSAGE][PASSED] - Browser is closed

2021-02-19 16:53:14 - [MESSAGE][PASSED] - customKeywords.commanFunctions.onlyCloseBrowser is PASSED

2021-02-19 16:53:14 - [TEST_STEP][PASSED] - logInfo("[--------This is tearDownIfFailed method------]"): [--------This is tearDownIfFailed method------]

2021-02-19 16:53:14 - [MESSAGE][INFO] - [--------This is tearDownIfFailed method------]

2021-02-19 16:53:14 - [MESSAGE][PASSED] - Method 'tearDownMethodIfFailed' complete successfully]]></system-out>
         <system-err><![CDATA[2021-02-19 16:52:58 - [TEST_CASE][FAILED] - Test Cases/UploadDiffURLs_RegisterUser/TC_As register user , Trigger URL validation with invalid formats: Test Cases/UploadDiffURLs_RegisterUser/TC_As register user , Trigger URL validation with invalid formats FAILED.
Reason:
com.kms.katalon.core.exception.StepFailedException: Unable to wait for object 'Object Repository/LoginAndRigisterUser/LoginBtn' to be clickable
	at com.kms.katalon.core.webui.keyword.internal.WebUIKeywordMain.stepFailed(WebUIKeywordMain.groovy:64)
	at com.kms.katalon.core.webui.keyword.internal.WebUIKeywordMain.runKeyword(WebUIKeywordMain.groovy:26)
	at com.kms.katalon.core.webui.keyword.internal.WebUIKeywordMain$runKeyword.call(Unknown Source)
	at com.kms.katalon.core.webui.keyword.builtin.WaitForElementClickableKeyword.waitForElementClickable(WaitForElementClickableKeyword.groovy:107)
	at com.kms.katalon.core.webui.keyword.builtin.WaitForElementClickableKeyword.execute(WaitForElementClickableKeyword.groovy:68)
	at com.kms.katalon.core.keyword.internal.KeywordExecutor.executeKeywordForPlatform(KeywordExecutor.groovy:73)
	at com.kms.katalon.core.webui.keyword.WebUiBuiltInKeywords.waitForElementClickable(WebUiBuiltInKeywords.groovy:501)
	at com.kms.katalon.core.webui.keyword.WebUiBuiltInKeywords$waitForElementClickable$2.call(Unknown Source)
	at customKeywords.commanFunctions.logIntoBrowserWithReqCredentials(commanFunctions.groovy:72)
	at customKeywords.commanFunctions.invokeMethod(commanFunctions.groovy)
	at com.kms.katalon.core.main.CustomKeywordDelegatingMetaClass.invokeStaticMethod(CustomKeywordDelegatingMetaClass.java:50)
	at TC_As register user , Trigger URL validation with invalid formats.run(TC_As register user , Trigger URL validation with invalid formats:27)
	at com.kms.katalon.core.main.ScriptEngine.run(ScriptEngine.java:194)
	at com.kms.katalon.core.main.ScriptEngine.runScriptAsRawText(ScriptEngine.java:119)
	at com.kms.katalon.core.main.TestCaseExecutor.runScript(TestCaseExecutor.java:394)
	at com.kms.katalon.core.main.TestCaseExecutor.doExecute(TestCaseExecutor.java:385)
	at com.kms.katalon.core.main.TestCaseExecutor.processExecutionPhase(TestCaseExecutor.java:364)
	at com.kms.katalon.core.main.TestCaseExecutor.accessMainPhase(TestCaseExecutor.java:356)
	at com.kms.katalon.core.main.TestCaseExecutor.execute(TestCaseExecutor.java:251)
	at com.kms.katalon.core.main.TestSuiteExecutor.accessTestCaseMainPhase(TestSuiteExecutor.java:203)
	at com.kms.katalon.core.main.TestSuiteExecutor.accessTestSuiteMainPhase(TestSuiteExecutor.java:152)
	at com.kms.katalon.core.main.TestSuiteExecutor.execute(TestSuiteExecutor.java:95)
	at com.kms.katalon.core.main.TestCaseMain.startTestSuite(TestCaseMain.java:157)
	at com.kms.katalon.core.main.TestCaseMain$startTestSuite$0.call(Unknown Source)
	at TempTestSuite1613733199540.run(TempTestSuite1613733199540.groovy:39)
Caused by: org.openqa.selenium.NoSuchWindowException: no such window: target window already closed
from unknown error: web view not found
  (Session info: chrome=86.0.4240.75)
Build info: version: '3.141.59', revision: 'e82be7d358', time: '2018-11-14T08:25:53'
System info: host: 'OMTPGCN1132568L', ip: '192.168.1.1', os.name: 'Windows 10', os.arch: 'amd64', os.version: '10.0', java.version: '1.8.0_181'
Driver info: com.kms.katalon.selenium.driver.CChromeDriver
Capabilities {acceptInsecureCerts: false, browserName: chrome, browserVersion: 86.0.4240.75, chrome: {chromedriverVersion: 86.0.4240.22 (398b0743353ff..., userDataDir: C:\Users\ashok\AppData\Loca...}, goog:chromeOptions: {debuggerAddress: localhost:51418}, javascriptEnabled: true, networkConnectionEnabled: false, pageLoadStrategy: normal, platform: WINDOWS, platformName: WINDOWS, proxy: Proxy(), setWindowRect: true, strictFileInteractability: false, timeouts: {implicit: 0, pageLoad: 300000, script: 30000}, unhandledPromptBehavior: dismiss and notify, webauthn:virtualAuthenticators: true}
Session ID: 0b77bc9f3527144f25b85f1322b41151
*** Element info: {Using=xpath, value=//app-header/nz-layout[1]/nz-content[1]/app-login[1]/div[2]/div[1]/form[1]/button[1]}
	at org.openqa.selenium.remote.http.W3CHttpResponseCodec.createException(W3CHttpResponseCodec.java:187)
	at org.openqa.selenium.remote.http.W3CHttpResponseCodec.decode(W3CHttpResponseCodec.java:122)
	at org.openqa.selenium.remote.http.W3CHttpResponseCodec.decode(W3CHttpResponseCodec.java:49)
	at org.openqa.selenium.remote.HttpCommandExecutor.execute(HttpCommandExecutor.java:158)
	at org.openqa.selenium.remote.service.DriverCommandExecutor.execute(DriverCommandExecutor.java:83)
	at org.openqa.selenium.remote.RemoteWebDriver.execute(RemoteWebDriver.java:552)
	at com.kms.katalon.selenium.driver.CChromeDriver.execute(CChromeDriver.java:19)
	at org.openqa.selenium.remote.RemoteWebDriver.findElements(RemoteWebDriver.java:353)
	at org.openqa.selenium.remote.RemoteWebDriver.findElementsByXPath(RemoteWebDriver.java:432)
	at org.openqa.selenium.By$ByXPath.findElements(By.java:348)
	at org.openqa.selenium.remote.RemoteWebDriver.findElements(RemoteWebDriver.java:311)
	at org.openqa.selenium.support.events.EventFiringWebDriver.lambda$new$1(EventFiringWebDriver.java:105)
	at com.sun.proxy.$Proxy11.findElements(Unknown Source)
	at org.openqa.selenium.support.events.EventFiringWebDriver.findElements(EventFiringWebDriver.java:182)
	at com.kms.katalon.core.webui.common.WebUiCommonHelper.findElementByNormalMethods(WebUiCommonHelper.java:1014)
	at com.kms.katalon.core.webui.common.WebUiCommonHelper.findElementsBySelectedMethod(WebUiCommonHelper.java:903)
	at com.kms.katalon.core.webui.common.WebUiCommonHelper.findElementsBySelectedMethod(WebUiCommonHelper.java:892)
	at com.kms.katalon.core.webui.common.WebUiCommonHelper.findElementsBySelectedMethod(WebUiCommonHelper.java:887)
	at com.kms.katalon.core.webui.common.WebUiCommonHelper.findElementsByDefault(WebUiCommonHelper.java:883)
	at com.kms.katalon.core.webui.common.WebUiCommonHelper.findElementsWithSelfHealing(WebUiCommonHelper.java:733)
	at com.kms.katalon.core.webui.common.WebUiCommonHelper.findWebElements(WebUiCommonHelper.java:718)
	at com.kms.katalon.core.webui.common.WebUiCommonHelper.findWebElement(WebUiCommonHelper.java:1364)
	at com.kms.katalon.core.webui.keyword.internal.WebUIAbstractKeyword.findWebElement(WebUIAbstractKeyword.groovy:27)
	at com.kms.katalon.core.webui.keyword.internal.WebUIAbstractKeyword$findWebElement.call(Unknown Source)
	at com.kms.katalon.core.webui.keyword.builtin.WaitForElementClickableKeyword$_waitForElementClickable_closure1.doCall(WaitForElementClickableKeyword.groovy:79)
	at com.kms.katalon.core.webui.keyword.builtin.WaitForElementClickableKeyword$_waitForElementClickable_closure1.doCall(WaitForElementClickableKeyword.groovy)
	at com.kms.katalon.core.webui.keyword.internal.WebUIKeywordMain.runKeyword(WebUIKeywordMain.groovy:20)
	... 23 more]]></system-err>
      </testcase>
      <system-out><![CDATA[2021-02-19 16:43:32 - [TEST_SUITE][FAILED] - RegisterUser_Regression: Test Cases/UploadDiffFiles_RegisterUser/TC_As a register user, Upload Adobe PhotoShop File and verify Uploded file in Submission Page FAILED.
Reason:
com.kms.katalon.core.exception.StepFailedException: Unable to send keys '0' to object 'Object Repository/LoginAndRigisterUser/otpTwo'
	at com.kms.katalon.core.webui.keyword.internal.WebUIKeywordMain.stepFailed(WebUIKeywordMain.groovy:64)
	at com.kms.katalon.core.webui.keyword.internal.WebUIKeywordMain.runKeyword(WebUIKeywordMain.groovy:26)
	at com.kms.katalon.core.webui.keyword.builtin.SendKeysKeyword.sendKeys(SendKeysKeyword.groovy:60)
	at com.kms.katalon.core.webui.keyword.builtin.SendKeysKeyword.execute(SendKeysKeyword.groovy:38)
	at com.kms.katalon.core.keyword.internal.KeywordExecutor.executeKeywordForPlatform(KeywordExecutor.groovy:73)
	at com.kms.katalon.core.webui.keyword.WebUiBuiltInKeywords.sendKeys(WebUiBuiltInKeywords.groovy:861)
	at com.kms.katalon.core.webui.keyword.WebUiBuiltInKeywords$sendKeys$4.call(Unknown Source)
	at customKeywords.commanFunctions.otpLogin(commanFunctions.groovy:83)
	at customKeywords.commanFunctions.uploadFileOfRegisterUser(commanFunctions.groovy:755)
	at customKeywords.commanFunctions.invokeMethod(commanFunctions.groovy)
	at com.kms.katalon.core.main.CustomKeywordDelegatingMetaClass.invokeStaticMethod(CustomKeywordDelegatingMetaClass.java:50)
	at TC_As a register user, Upload Adobe PhotoShop File and verify Uploded file in Submission Page.run(TC_As a register user, Upload Adobe PhotoShop File and verify Uploded file in Submission Page:16)
	at com.kms.katalon.core.main.ScriptEngine.run(ScriptEngine.java:194)
	at com.kms.katalon.core.main.ScriptEngine.runScriptAsRawText(ScriptEngine.java:119)
	at com.kms.katalon.core.main.TestCaseExecutor.runScript(TestCaseExecutor.java:394)
	at com.kms.katalon.core.main.TestCaseExecutor.doExecute(TestCaseExecutor.java:385)
	at com.kms.katalon.core.main.TestCaseExecutor.processExecutionPhase(TestCaseExecutor.java:364)
	at com.kms.katalon.core.main.TestCaseExecutor.accessMainPhase(TestCaseExecutor.java:356)
	at com.kms.katalon.core.main.TestCaseExecutor.execute(TestCaseExecutor.java:251)
	at com.kms.katalon.core.main.TestSuiteExecutor.accessTestCaseMainPhase(TestSuiteExecutor.java:203)
	at com.kms.katalon.core.main.TestSuiteExecutor.accessTestSuiteMainPhase(TestSuiteExecutor.java:152)
	at com.kms.katalon.core.main.TestSuiteExecutor.execute(TestSuiteExecutor.java:95)
	at com.kms.katalon.core.main.TestCaseMain.startTestSuite(TestCaseMain.java:157)
	at com.kms.katalon.core.main.TestCaseMain$startTestSuite$0.call(Unknown Source)
	at TempTestSuite1613733199540.run(TempTestSuite1613733199540.groovy:39)
Caused by: org.openqa.selenium.WebDriverException: chrome not reachable
  (Session info: chrome=86.0.4240.75)
Build info: version: '3.141.59', revision: 'e82be7d358', time: '2018-11-14T08:25:53'
System info: host: 'OMTPGCN1132568L', ip: '192.168.1.1', os.name: 'Windows 10', os.arch: 'amd64', os.version: '10.0', java.version: '1.8.0_181'
Driver info: com.kms.katalon.selenium.driver.CChromeDriver
Capabilities {acceptInsecureCerts: false, browserName: chrome, browserVersion: 86.0.4240.75, chrome: {chromedriverVersion: 86.0.4240.22 (398b0743353ff..., userDataDir: C:\Users\ashok\AppData\Loca...}, goog:chromeOptions: {debuggerAddress: localhost:50604}, javascriptEnabled: true, networkConnectionEnabled: false, pageLoadStrategy: normal, platform: WINDOWS, platformName: WINDOWS, proxy: Proxy(), setWindowRect: true, strictFileInteractability: false, timeouts: {implicit: 0, pageLoad: 300000, script: 30000}, unhandledPromptBehavior: dismiss and notify, webauthn:virtualAuthenticators: true}
Session ID: c9b590d537a02cd133b1ae1555c423ff
*** Element info: {Using=xpath, value=//*[@id='otp_2']}
	at org.openqa.selenium.remote.http.W3CHttpResponseCodec.createException(W3CHttpResponseCodec.java:187)
	at org.openqa.selenium.remote.http.W3CHttpResponseCodec.decode(W3CHttpResponseCodec.java:122)
	at org.openqa.selenium.remote.http.W3CHttpResponseCodec.decode(W3CHttpResponseCodec.java:49)
	at org.openqa.selenium.remote.HttpCommandExecutor.execute(HttpCommandExecutor.java:158)
	at org.openqa.selenium.remote.service.DriverCommandExecutor.execute(DriverCommandExecutor.java:83)
	at org.openqa.selenium.remote.RemoteWebDriver.execute(RemoteWebDriver.java:552)
	at com.kms.katalon.selenium.driver.CChromeDriver.execute(CChromeDriver.java:19)
	at org.openqa.selenium.remote.RemoteWebDriver.findElements(RemoteWebDriver.java:353)
	at org.openqa.selenium.remote.RemoteWebDriver.findElementsByXPath(RemoteWebDriver.java:432)
	at org.openqa.selenium.By$ByXPath.findElements(By.java:348)
	at org.openqa.selenium.remote.RemoteWebDriver.findElements(RemoteWebDriver.java:311)
	at org.openqa.selenium.support.events.EventFiringWebDriver.lambda$new$1(EventFiringWebDriver.java:105)
	at com.sun.proxy.$Proxy11.findElements(Unknown Source)
	at org.openqa.selenium.support.events.EventFiringWebDriver.findElements(EventFiringWebDriver.java:182)
	at com.kms.katalon.core.webui.common.WebUiCommonHelper.findElementByNormalMethods(WebUiCommonHelper.java:1014)
	at com.kms.katalon.core.webui.common.WebUiCommonHelper.findElementsBySelectedMethod(WebUiCommonHelper.java:903)
	at com.kms.katalon.core.webui.common.WebUiCommonHelper.findElementsBySelectedMethod(WebUiCommonHelper.java:892)
	at com.kms.katalon.core.webui.common.WebUiCommonHelper.findElementsBySelectedMethod(WebUiCommonHelper.java:887)
	at com.kms.katalon.core.webui.common.WebUiCommonHelper.findElementsByDefault(WebUiCommonHelper.java:883)
	at com.kms.katalon.core.webui.common.WebUiCommonHelper.findElementsWithSelfHealing(WebUiCommonHelper.java:733)
	at com.kms.katalon.core.webui.common.WebUiCommonHelper.findWebElements(WebUiCommonHelper.java:718)
	at com.kms.katalon.core.webui.common.WebUiCommonHelper.findWebElement(WebUiCommonHelper.java:1364)
	at com.kms.katalon.core.webui.keyword.internal.WebUIAbstractKeyword.findWebElement(WebUIAbstractKeyword.groovy:27)
	at com.kms.katalon.core.webui.keyword.internal.WebUIAbstractKeyword.findWebElement(WebUIAbstractKeyword.groovy:26)
	at com.kms.katalon.core.webui.keyword.builtin.SendKeysKeyword$_sendKeys_closure1.doCall(SendKeysKeyword.groovy:52)
	at com.kms.katalon.core.webui.keyword.builtin.SendKeysKeyword$_sendKeys_closure1.call(SendKeysKeyword.groovy)
	at com.kms.katalon.core.webui.keyword.internal.WebUIKeywordMain.runKeyword(WebUIKeywordMain.groovy:20)
	... 23 more]]></system-out>
      <system-err><![CDATA[2021-02-19 16:43:32 - [TEST_SUITE][FAILED] - RegisterUser_Regression: Test Cases/UploadDiffFiles_RegisterUser/TC_As a register user, Upload Adobe PhotoShop File and verify Uploded file in Submission Page FAILED.
Reason:
com.kms.katalon.core.exception.StepFailedException: Unable to send keys '0' to object 'Object Repository/LoginAndRigisterUser/otpTwo'
	at com.kms.katalon.core.webui.keyword.internal.WebUIKeywordMain.stepFailed(WebUIKeywordMain.groovy:64)
	at com.kms.katalon.core.webui.keyword.internal.WebUIKeywordMain.runKeyword(WebUIKeywordMain.groovy:26)
	at com.kms.katalon.core.webui.keyword.builtin.SendKeysKeyword.sendKeys(SendKeysKeyword.groovy:60)
	at com.kms.katalon.core.webui.keyword.builtin.SendKeysKeyword.execute(SendKeysKeyword.groovy:38)
	at com.kms.katalon.core.keyword.internal.KeywordExecutor.executeKeywordForPlatform(KeywordExecutor.groovy:73)
	at com.kms.katalon.core.webui.keyword.WebUiBuiltInKeywords.sendKeys(WebUiBuiltInKeywords.groovy:861)
	at com.kms.katalon.core.webui.keyword.WebUiBuiltInKeywords$sendKeys$4.call(Unknown Source)
	at customKeywords.commanFunctions.otpLogin(commanFunctions.groovy:83)
	at customKeywords.commanFunctions.uploadFileOfRegisterUser(commanFunctions.groovy:755)
	at customKeywords.commanFunctions.invokeMethod(commanFunctions.groovy)
	at com.kms.katalon.core.main.CustomKeywordDelegatingMetaClass.invokeStaticMethod(CustomKeywordDelegatingMetaClass.java:50)
	at TC_As a register user, Upload Adobe PhotoShop File and verify Uploded file in Submission Page.run(TC_As a register user, Upload Adobe PhotoShop File and verify Uploded file in Submission Page:16)
	at com.kms.katalon.core.main.ScriptEngine.run(ScriptEngine.java:194)
	at com.kms.katalon.core.main.ScriptEngine.runScriptAsRawText(ScriptEngine.java:119)
	at com.kms.katalon.core.main.TestCaseExecutor.runScript(TestCaseExecutor.java:394)
	at com.kms.katalon.core.main.TestCaseExecutor.doExecute(TestCaseExecutor.java:385)
	at com.kms.katalon.core.main.TestCaseExecutor.processExecutionPhase(TestCaseExecutor.java:364)
	at com.kms.katalon.core.main.TestCaseExecutor.accessMainPhase(TestCaseExecutor.java:356)
	at com.kms.katalon.core.main.TestCaseExecutor.execute(TestCaseExecutor.java:251)
	at com.kms.katalon.core.main.TestSuiteExecutor.accessTestCaseMainPhase(TestSuiteExecutor.java:203)
	at com.kms.katalon.core.main.TestSuiteExecutor.accessTestSuiteMainPhase(TestSuiteExecutor.java:152)
	at com.kms.katalon.core.main.TestSuiteExecutor.execute(TestSuiteExecutor.java:95)
	at com.kms.katalon.core.main.TestCaseMain.startTestSuite(TestCaseMain.java:157)
	at com.kms.katalon.core.main.TestCaseMain$startTestSuite$0.call(Unknown Source)
	at TempTestSuite1613733199540.run(TempTestSuite1613733199540.groovy:39)
Caused by: org.openqa.selenium.WebDriverException: chrome not reachable
  (Session info: chrome=86.0.4240.75)
Build info: version: '3.141.59', revision: 'e82be7d358', time: '2018-11-14T08:25:53'
System info: host: 'OMTPGCN1132568L', ip: '192.168.1.1', os.name: 'Windows 10', os.arch: 'amd64', os.version: '10.0', java.version: '1.8.0_181'
Driver info: com.kms.katalon.selenium.driver.CChromeDriver
Capabilities {acceptInsecureCerts: false, browserName: chrome, browserVersion: 86.0.4240.75, chrome: {chromedriverVersion: 86.0.4240.22 (398b0743353ff..., userDataDir: C:\Users\ashok\AppData\Loca...}, goog:chromeOptions: {debuggerAddress: localhost:50604}, javascriptEnabled: true, networkConnectionEnabled: false, pageLoadStrategy: normal, platform: WINDOWS, platformName: WINDOWS, proxy: Proxy(), setWindowRect: true, strictFileInteractability: false, timeouts: {implicit: 0, pageLoad: 300000, script: 30000}, unhandledPromptBehavior: dismiss and notify, webauthn:virtualAuthenticators: true}
Session ID: c9b590d537a02cd133b1ae1555c423ff
*** Element info: {Using=xpath, value=//*[@id='otp_2']}
	at org.openqa.selenium.remote.http.W3CHttpResponseCodec.createException(W3CHttpResponseCodec.java:187)
	at org.openqa.selenium.remote.http.W3CHttpResponseCodec.decode(W3CHttpResponseCodec.java:122)
	at org.openqa.selenium.remote.http.W3CHttpResponseCodec.decode(W3CHttpResponseCodec.java:49)
	at org.openqa.selenium.remote.HttpCommandExecutor.execute(HttpCommandExecutor.java:158)
	at org.openqa.selenium.remote.service.DriverCommandExecutor.execute(DriverCommandExecutor.java:83)
	at org.openqa.selenium.remote.RemoteWebDriver.execute(RemoteWebDriver.java:552)
	at com.kms.katalon.selenium.driver.CChromeDriver.execute(CChromeDriver.java:19)
	at org.openqa.selenium.remote.RemoteWebDriver.findElements(RemoteWebDriver.java:353)
	at org.openqa.selenium.remote.RemoteWebDriver.findElementsByXPath(RemoteWebDriver.java:432)
	at org.openqa.selenium.By$ByXPath.findElements(By.java:348)
	at org.openqa.selenium.remote.RemoteWebDriver.findElements(RemoteWebDriver.java:311)
	at org.openqa.selenium.support.events.EventFiringWebDriver.lambda$new$1(EventFiringWebDriver.java:105)
	at com.sun.proxy.$Proxy11.findElements(Unknown Source)
	at org.openqa.selenium.support.events.EventFiringWebDriver.findElements(EventFiringWebDriver.java:182)
	at com.kms.katalon.core.webui.common.WebUiCommonHelper.findElementByNormalMethods(WebUiCommonHelper.java:1014)
	at com.kms.katalon.core.webui.common.WebUiCommonHelper.findElementsBySelectedMethod(WebUiCommonHelper.java:903)
	at com.kms.katalon.core.webui.common.WebUiCommonHelper.findElementsBySelectedMethod(WebUiCommonHelper.java:892)
	at com.kms.katalon.core.webui.common.WebUiCommonHelper.findElementsBySelectedMethod(WebUiCommonHelper.java:887)
	at com.kms.katalon.core.webui.common.WebUiCommonHelper.findElementsByDefault(WebUiCommonHelper.java:883)
	at com.kms.katalon.core.webui.common.WebUiCommonHelper.findElementsWithSelfHealing(WebUiCommonHelper.java:733)
	at com.kms.katalon.core.webui.common.WebUiCommonHelper.findWebElements(WebUiCommonHelper.java:718)
	at com.kms.katalon.core.webui.common.WebUiCommonHelper.findWebElement(WebUiCommonHelper.java:1364)
	at com.kms.katalon.core.webui.keyword.internal.WebUIAbstractKeyword.findWebElement(WebUIAbstractKeyword.groovy:27)
	at com.kms.katalon.core.webui.keyword.internal.WebUIAbstractKeyword.findWebElement(WebUIAbstractKeyword.groovy:26)
	at com.kms.katalon.core.webui.keyword.builtin.SendKeysKeyword$_sendKeys_closure1.doCall(SendKeysKeyword.groovy:52)
	at com.kms.katalon.core.webui.keyword.builtin.SendKeysKeyword$_sendKeys_closure1.call(SendKeysKeyword.groovy)
	at com.kms.katalon.core.webui.keyword.internal.WebUIKeywordMain.runKeyword(WebUIKeywordMain.groovy:20)
	... 23 more]]></system-err>
   </testsuite>
</testsuites>
